<?xml version="1.0" encoding="UTF-8"?>
<testsuite xmlns:xsi="http://www.w3.org/2001/XMLSchema-instance" xsi:noNamespaceSchemaLocation="https://maven.apache.org/surefire/maven-failsafe-plugin/xsd/failsafe-test-report-3.0.xsd" version="3.0" name="CucumberTestSuite" time="143.38" tests="11" errors="0" skipped="0" failures="0">
  <properties>
    <property name="sun.desktop" value="windows"/>
    <property name="awt.toolkit" value="sun.awt.windows.WToolkit"/>
    <property name="java.specification.version" value="11"/>
    <property name="webdriver.chrome.driver" value="D:\Mini Project-QE Alta\Web Automation\FrontEnd-AltaShop\src\test\resources\webdriver\chromedriver"/>
    <property name="sun.cpu.isalist" value="amd64"/>
    <property name="sun.jnu.encoding" value="Cp1252"/>
    <property name="java.class.path" value="D:\Mini Project-QE Alta\Web Automation\FrontEnd-AltaShop\target\test-classes;C:\Users\Siti Nurlatipah\.m2\repository\net\serenity-bdd\serenity-core\3.2.1\serenity-core-3.2.1.jar;C:\Users\Siti Nurlatipah\.m2\repository\net\serenity-bdd\serenity-model\3.2.1\serenity-model-3.2.1.jar;C:\Users\Siti Nurlatipah\.m2\repository\org\apache\commons\commons-text\1.9\commons-text-1.9.jar;C:\Users\Siti Nurlatipah\.m2\repository\commons-net\commons-net\3.8.0\commons-net-3.8.0.jar;C:\Users\Siti Nurlatipah\.m2\repository\com\google\guava\guava\31.1-jre\guava-31.1-jre.jar;C:\Users\Siti Nurlatipah\.m2\repository\com\google\guava\failureaccess\1.0.1\failureaccess-1.0.1.jar;C:\Users\Siti Nurlatipah\.m2\repository\com\google\guava\listenablefuture\9999.0-empty-to-avoid-conflict-with-guava\listenablefuture-9999.0-empty-to-avoid-conflict-with-guava.jar;C:\Users\Siti Nurlatipah\.m2\repository\com\google\code\findbugs\jsr305\3.0.2\jsr305-3.0.2.jar;C:\Users\Siti Nurlatipah\.m2\repository\org\checkerframework\checker-qual\3.12.0\checker-qual-3.12.0.jar;C:\Users\Siti Nurlatipah\.m2\repository\com\google\errorprone\error_prone_annotations\2.11.0\error_prone_annotations-2.11.0.jar;C:\Users\Siti Nurlatipah\.m2\repository\com\google\j2objc\j2objc-annotations\1.3\j2objc-annotations-1.3.jar;C:\Users\Siti Nurlatipah\.m2\repository\com\google\inject\guice\5.1.0\guice-5.1.0.jar;C:\Users\Siti Nurlatipah\.m2\repository\javax\inject\javax.inject\1\javax.inject-1.jar;C:\Users\Siti Nurlatipah\.m2\repository\aopalliance\aopalliance\1.0\aopalliance-1.0.jar;C:\Users\Siti Nurlatipah\.m2\repository\org\jsoup\jsoup\1.14.3\jsoup-1.14.3.jar;C:\Users\Siti Nurlatipah\.m2\repository\com\thoughtworks\xstream\xstream\1.4.19\xstream-1.4.19.jar;C:\Users\Siti Nurlatipah\.m2\repository\io\github\x-stream\mxparser\1.2.2\mxparser-1.2.2.jar;C:\Users\Siti Nurlatipah\.m2\repository\xmlpull\xmlpull\1.1.3.1\xmlpull-1.1.3.1.jar;C:\Users\Siti Nurlatipah\.m2\repository\io\cucumber\cucumber-java\7.2.3\cucumber-java-7.2.3.jar;C:\Users\Siti Nurlatipah\.m2\repository\com\typesafe\config\1.4.2\config-1.4.2.jar;C:\Users\Siti Nurlatipah\.m2\repository\org\imgscalr\imgscalr-lib\4.2\imgscalr-lib-4.2.jar;C:\Users\Siti Nurlatipah\.m2\repository\org\awaitility\awaitility\4.2.0\awaitility-4.2.0.jar;C:\Users\Siti Nurlatipah\.m2\repository\org\freemarker\freemarker\2.3.31\freemarker-2.3.31.jar;C:\Users\Siti Nurlatipah\.m2\repository\io\github\classgraph\classgraph\4.8.138\classgraph-4.8.138.jar;C:\Users\Siti Nurlatipah\.m2\repository\net\sourceforge\jexcelapi\jxl\2.6.12\jxl-2.6.12.jar;C:\Users\Siti Nurlatipah\.m2\repository\net\bytebuddy\byte-buddy\1.12.8\byte-buddy-1.12.8.jar;C:\Users\Siti Nurlatipah\.m2\repository\net\bytebuddy\byte-buddy-agent\1.12.8\byte-buddy-agent-1.12.8.jar;C:\Users\Siti Nurlatipah\.m2\repository\org\objenesis\objenesis\3.1\objenesis-3.1.jar;C:\Users\Siti Nurlatipah\.m2\repository\net\serenity-bdd\serenity-reports\3.2.1\serenity-reports-3.2.1.jar;C:\Users\Siti Nurlatipah\.m2\repository\net\serenity-bdd\serenity-stats\3.2.1\serenity-stats-3.2.1.jar;C:\Users\Siti Nurlatipah\.m2\repository\net\serenity-bdd\serenity-reports-configuration\3.2.1\serenity-reports-configuration-3.2.1.jar;C:\Users\Siti Nurlatipah\.m2\repository\com\vladsch\flexmark\flexmark-all\0.34.30\flexmark-all-0.34.30.jar;C:\Users\Siti Nurlatipah\.m2\repository\com\vladsch\flexmark\flexmark\0.34.30\flexmark-0.34.30.jar;C:\Users\Siti Nurlatipah\.m2\repository\com\vladsch\flexmark\flexmark-ext-abbreviation\0.34.30\flexmark-ext-abbreviation-0.34.30.jar;C:\Users\Siti Nurlatipah\.m2\repository\com\vladsch\flexmark\flexmark-ext-admonition\0.34.30\flexmark-ext-admonition-0.34.30.jar;C:\Users\Siti Nurlatipah\.m2\repository\com\vladsch\flexmark\flexmark-ext-anchorlink\0.34.30\flexmark-ext-anchorlink-0.34.30.jar;C:\Users\Siti Nurlatipah\.m2\repository\com\vladsch\flexmark\flexmark-ext-aside\0.34.30\flexmark-ext-aside-0.34.30.jar;C:\Users\Siti Nurlatipah\.m2\repository\com\vladsch\flexmark\flexmark-ext-attributes\0.34.30\flexmark-ext-attributes-0.34.30.jar;C:\Users\Siti Nurlatipah\.m2\repository\com\vladsch\flexmark\flexmark-ext-autolink\0.34.30\flexmark-ext-autolink-0.34.30.jar;C:\Users\Siti Nurlatipah\.m2\repository\org\nibor\autolink\autolink\0.6.0\autolink-0.6.0.jar;C:\Users\Siti Nurlatipah\.m2\repository\com\vladsch\flexmark\flexmark-ext-definition\0.34.30\flexmark-ext-definition-0.34.30.jar;C:\Users\Siti Nurlatipah\.m2\repository\com\vladsch\flexmark\flexmark-ext-emoji\0.34.30\flexmark-ext-emoji-0.34.30.jar;C:\Users\Siti Nurlatipah\.m2\repository\com\vladsch\flexmark\flexmark-ext-enumerated-reference\0.34.30\flexmark-ext-enumerated-reference-0.34.30.jar;C:\Users\Siti Nurlatipah\.m2\repository\com\vladsch\flexmark\flexmark-ext-escaped-character\0.34.30\flexmark-ext-escaped-character-0.34.30.jar;C:\Users\Siti Nurlatipah\.m2\repository\com\vladsch\flexmark\flexmark-ext-footnotes\0.34.30\flexmark-ext-footnotes-0.34.30.jar;C:\Users\Siti Nurlatipah\.m2\repository\com\vladsch\flexmark\flexmark-ext-gfm-issues\0.34.30\flexmark-ext-gfm-issues-0.34.30.jar;C:\Users\Siti Nurlatipah\.m2\repository\com\vladsch\flexmark\flexmark-ext-gfm-strikethrough\0.34.30\flexmark-ext-gfm-strikethrough-0.34.30.jar;C:\Users\Siti Nurlatipah\.m2\repository\com\vladsch\flexmark\flexmark-ext-gfm-tables\0.34.30\flexmark-ext-gfm-tables-0.34.30.jar;C:\Users\Siti Nurlatipah\.m2\repository\com\vladsch\flexmark\flexmark-ext-gfm-tasklist\0.34.30\flexmark-ext-gfm-tasklist-0.34.30.jar;C:\Users\Siti Nurlatipah\.m2\repository\com\vladsch\flexmark\flexmark-ext-gfm-users\0.34.30\flexmark-ext-gfm-users-0.34.30.jar;C:\Users\Siti Nurlatipah\.m2\repository\com\vladsch\flexmark\flexmark-ext-gitlab\0.34.30\flexmark-ext-gitlab-0.34.30.jar;C:\Users\Siti Nurlatipah\.m2\repository\com\vladsch\flexmark\flexmark-ext-jekyll-front-matter\0.34.30\flexmark-ext-jekyll-front-matter-0.34.30.jar;C:\Users\Siti Nurlatipah\.m2\repository\com\vladsch\flexmark\flexmark-ext-jekyll-tag\0.34.30\flexmark-ext-jekyll-tag-0.34.30.jar;C:\Users\Siti Nurlatipah\.m2\repository\com\vladsch\flexmark\flexmark-ext-media-tags\0.34.30\flexmark-ext-media-tags-0.34.30.jar;C:\Users\Siti Nurlatipah\.m2\repository\com\vladsch\flexmark\flexmark-test-util\0.34.30\flexmark-test-util-0.34.30.jar;C:\Users\Siti Nurlatipah\.m2\repository\com\vladsch\flexmark\flexmark-ext-ins\0.34.30\flexmark-ext-ins-0.34.30.jar;C:\Users\Siti Nurlatipah\.m2\repository\com\vladsch\flexmark\flexmark-ext-xwiki-macros\0.34.30\flexmark-ext-xwiki-macros-0.34.30.jar;C:\Users\Siti Nurlatipah\.m2\repository\com\vladsch\flexmark\flexmark-ext-superscript\0.34.30\flexmark-ext-superscript-0.34.30.jar;C:\Users\Siti Nurlatipah\.m2\repository\com\vladsch\flexmark\flexmark-ext-tables\0.34.30\flexmark-ext-tables-0.34.30.jar;C:\Users\Siti Nurlatipah\.m2\repository\com\vladsch\flexmark\flexmark-ext-toc\0.34.30\flexmark-ext-toc-0.34.30.jar;C:\Users\Siti Nurlatipah\.m2\repository\com\vladsch\flexmark\flexmark-ext-typographic\0.34.30\flexmark-ext-typographic-0.34.30.jar;C:\Users\Siti Nurlatipah\.m2\repository\com\vladsch\flexmark\flexmark-ext-wikilink\0.34.30\flexmark-ext-wikilink-0.34.30.jar;C:\Users\Siti Nurlatipah\.m2\repository\com\vladsch\flexmark\flexmark-ext-yaml-front-matter\0.34.30\flexmark-ext-yaml-front-matter-0.34.30.jar;C:\Users\Siti Nurlatipah\.m2\repository\com\vladsch\flexmark\flexmark-ext-youtube-embedded\0.34.30\flexmark-ext-youtube-embedded-0.34.30.jar;C:\Users\Siti Nurlatipah\.m2\repository\com\vladsch\flexmark\flexmark-formatter\0.34.30\flexmark-formatter-0.34.30.jar;C:\Users\Siti Nurlatipah\.m2\repository\com\vladsch\flexmark\flexmark-html-parser\0.34.30\flexmark-html-parser-0.34.30.jar;C:\Users\Siti Nurlatipah\.m2\repository\com\vladsch\flexmark\flexmark-jira-converter\0.34.30\flexmark-jira-converter-0.34.30.jar;C:\Users\Siti Nurlatipah\.m2\repository\com\vladsch\flexmark\flexmark-pdf-converter\0.34.30\flexmark-pdf-converter-0.34.30.jar;C:\Users\Siti Nurlatipah\.m2\repository\com\openhtmltopdf\openhtmltopdf-core\0.0.1-RC13\openhtmltopdf-core-0.0.1-RC13.jar;C:\Users\Siti Nurlatipah\.m2\repository\com\openhtmltopdf\openhtmltopdf-pdfbox\0.0.1-RC13\openhtmltopdf-pdfbox-0.0.1-RC13.jar;C:\Users\Siti Nurlatipah\.m2\repository\org\apache\pdfbox\pdfbox\2.0.8\pdfbox-2.0.8.jar;C:\Users\Siti Nurlatipah\.m2\repository\org\apache\pdfbox\fontbox\2.0.8\fontbox-2.0.8.jar;C:\Users\Siti Nurlatipah\.m2\repository\commons-logging\commons-logging\1.2\commons-logging-1.2.jar;C:\Users\Siti Nurlatipah\.m2\repository\org\apache\pdfbox\xmpbox\2.0.8\xmpbox-2.0.8.jar;C:\Users\Siti Nurlatipah\.m2\repository\de\rototor\pdfbox\graphics2d\0.12\graphics2d-0.12.jar;C:\Users\Siti Nurlatipah\.m2\repository\com\openhtmltopdf\openhtmltopdf-rtl-support\0.0.1-RC13\openhtmltopdf-rtl-support-0.0.1-RC13.jar;C:\Users\Siti Nurlatipah\.m2\repository\com\ibm\icu\icu4j\59.1\icu4j-59.1.jar;C:\Users\Siti Nurlatipah\.m2\repository\com\openhtmltopdf\openhtmltopdf-jsoup-dom-converter\0.0.1-RC13\openhtmltopdf-jsoup-dom-converter-0.0.1-RC13.jar;C:\Users\Siti Nurlatipah\.m2\repository\com\vladsch\flexmark\flexmark-profile-pegdown\0.34.30\flexmark-profile-pegdown-0.34.30.jar;C:\Users\Siti Nurlatipah\.m2\repository\com\vladsch\flexmark\flexmark-util\0.34.30\flexmark-util-0.34.30.jar;C:\Users\Siti Nurlatipah\.m2\repository\com\vladsch\flexmark\flexmark-youtrack-converter\0.34.30\flexmark-youtrack-converter-0.34.30.jar;C:\Users\Siti Nurlatipah\.m2\repository\es\nitaur\markdown\txtmark\0.16\txtmark-0.16.jar;C:\Users\Siti Nurlatipah\.m2\repository\net\serenity-bdd\serenity-report-resources\3.2.1\serenity-report-resources-3.2.1.jar;C:\Users\Siti Nurlatipah\.m2\repository\com\google\code\gson\gson\2.9.0\gson-2.9.0.jar;C:\Users\Siti Nurlatipah\.m2\repository\com\fasterxml\jackson\core\jackson-core\2.13.2\jackson-core-2.13.2.jar;C:\Users\Siti Nurlatipah\.m2\repository\com\fasterxml\jackson\core\jackson-databind\2.13.2\jackson-databind-2.13.2.jar;C:\Users\Siti Nurlatipah\.m2\repository\com\fasterxml\jackson\core\jackson-annotations\2.13.2\jackson-annotations-2.13.2.jar;C:\Users\Siti Nurlatipah\.m2\repository\commons-codec\commons-codec\1.15\commons-codec-1.15.jar;C:\Users\Siti Nurlatipah\.m2\repository\commons-io\commons-io\2.11.0\commons-io-2.11.0.jar;C:\Users\Siti Nurlatipah\.m2\repository\org\seleniumhq\selenium\selenium-java\4.1.2\selenium-java-4.1.2.jar;C:\Users\Siti Nurlatipah\.m2\repository\org\seleniumhq\selenium\selenium-devtools-v85\4.1.2\selenium-devtools-v85-4.1.2.jar;C:\Users\Siti Nurlatipah\.m2\repository\org\seleniumhq\selenium\selenium-devtools-v95\4.1.2\selenium-devtools-v95-4.1.2.jar;C:\Users\Siti Nurlatipah\.m2\repository\org\seleniumhq\selenium\selenium-devtools-v96\4.1.2\selenium-devtools-v96-4.1.2.jar;C:\Users\Siti Nurlatipah\.m2\repository\org\seleniumhq\selenium\selenium-devtools-v97\4.1.2\selenium-devtools-v97-4.1.2.jar;C:\Users\Siti Nurlatipah\.m2\repository\org\seleniumhq\selenium\selenium-firefox-xpi-driver\4.1.2\selenium-firefox-xpi-driver-4.1.2.jar;C:\Users\Siti Nurlatipah\.m2\repository\org\seleniumhq\selenium\selenium-opera-driver\4.1.2\selenium-opera-driver-4.1.2.jar;C:\Users\Siti Nurlatipah\.m2\repository\org\seleniumhq\selenium\selenium-remote-driver\4.1.2\selenium-remote-driver-4.1.2.jar;C:\Users\Siti Nurlatipah\.m2\repository\com\beust\jcommander\1.82\jcommander-1.82.jar;C:\Users\Siti Nurlatipah\.m2\repository\io\netty\netty-buffer\4.1.73.Final\netty-buffer-4.1.73.Final.jar;C:\Users\Siti Nurlatipah\.m2\repository\io\netty\netty-codec-http\4.1.73.Final\netty-codec-http-4.1.73.Final.jar;C:\Users\Siti Nurlatipah\.m2\repository\io\netty\netty-codec\4.1.73.Final\netty-codec-4.1.73.Final.jar;C:\Users\Siti Nurlatipah\.m2\repository\io\netty\netty-handler\4.1.73.Final\netty-handler-4.1.73.Final.jar;C:\Users\Siti Nurlatipah\.m2\repository\io\netty\netty-tcnative-classes\2.0.46.Final\netty-tcnative-classes-2.0.46.Final.jar;C:\Users\Siti Nurlatipah\.m2\repository\io\netty\netty-common\4.1.73.Final\netty-common-4.1.73.Final.jar;C:\Users\Siti Nurlatipah\.m2\repository\io\netty\netty-transport-classes-epoll\4.1.73.Final\netty-transport-classes-epoll-4.1.73.Final.jar;C:\Users\Siti Nurlatipah\.m2\repository\io\netty\netty-transport-classes-kqueue\4.1.73.Final\netty-transport-classes-kqueue-4.1.73.Final.jar;C:\Users\Siti Nurlatipah\.m2\repository\io\netty\netty-transport-native-epoll\4.1.73.Final\netty-transport-native-epoll-4.1.73.Final.jar;C:\Users\Siti Nurlatipah\.m2\repository\io\netty\netty-transport-native-kqueue\4.1.73.Final\netty-transport-native-kqueue-4.1.73.Final.jar;C:\Users\Siti Nurlatipah\.m2\repository\io\netty\netty-transport-native-unix-common\4.1.73.Final\netty-transport-native-unix-common-4.1.73.Final.jar;C:\Users\Siti Nurlatipah\.m2\repository\io\netty\netty-transport\4.1.73.Final\netty-transport-4.1.73.Final.jar;C:\Users\Siti Nurlatipah\.m2\repository\io\netty\netty-resolver\4.1.73.Final\netty-resolver-4.1.73.Final.jar;C:\Users\Siti Nurlatipah\.m2\repository\io\opentelemetry\opentelemetry-api\1.10.1\opentelemetry-api-1.10.1.jar;C:\Users\Siti Nurlatipah\.m2\repository\io\opentelemetry\opentelemetry-context\1.10.1\opentelemetry-context-1.10.1.jar;C:\Users\Siti Nurlatipah\.m2\repository\io\opentelemetry\opentelemetry-exporter-logging\1.10.1\opentelemetry-exporter-logging-1.10.1.jar;C:\Users\Siti Nurlatipah\.m2\repository\io\opentelemetry\opentelemetry-sdk-metrics\1.10.1-alpha\opentelemetry-sdk-metrics-1.10.1-alpha.jar;C:\Users\Siti Nurlatipah\.m2\repository\io\opentelemetry\opentelemetry-sdk-logs\1.10.1-alpha\opentelemetry-sdk-logs-1.10.1-alpha.jar;C:\Users\Siti Nurlatipah\.m2\repository\io\opentelemetry\opentelemetry-sdk-common\1.10.1\opentelemetry-sdk-common-1.10.1.jar;C:\Users\Siti Nurlatipah\.m2\repository\io\opentelemetry\opentelemetry-sdk-extension-autoconfigure-spi\1.10.1\opentelemetry-sdk-extension-autoconfigure-spi-1.10.1.jar;C:\Users\Siti Nurlatipah\.m2\repository\io\opentelemetry\opentelemetry-sdk-extension-autoconfigure\1.10.1-alpha\opentelemetry-sdk-extension-autoconfigure-1.10.1-alpha.jar;C:\Users\Siti Nurlatipah\.m2\repository\io\opentelemetry\opentelemetry-sdk-trace\1.10.1\opentelemetry-sdk-trace-1.10.1.jar;C:\Users\Siti Nurlatipah\.m2\repository\io\opentelemetry\opentelemetry-sdk\1.10.1\opentelemetry-sdk-1.10.1.jar;C:\Users\Siti Nurlatipah\.m2\repository\io\opentelemetry\opentelemetry-semconv\1.10.1-alpha\opentelemetry-semconv-1.10.1-alpha.jar;C:\Users\Siti Nurlatipah\.m2\repository\io\ous\jtoml\2.0.0\jtoml-2.0.0.jar;C:\Users\Siti Nurlatipah\.m2\repository\org\apache\commons\commons-exec\1.3\commons-exec-1.3.jar;C:\Users\Siti Nurlatipah\.m2\repository\org\asynchttpclient\async-http-client\2.12.3\async-http-client-2.12.3.jar;C:\Users\Siti Nurlatipah\.m2\repository\org\asynchttpclient\async-http-client-netty-utils\2.12.3\async-http-client-netty-utils-2.12.3.jar;C:\Users\Siti Nurlatipah\.m2\repository\io\netty\netty-codec-socks\4.1.60.Final\netty-codec-socks-4.1.60.Final.jar;C:\Users\Siti Nurlatipah\.m2\repository\io\netty\netty-handler-proxy\4.1.60.Final\netty-handler-proxy-4.1.60.Final.jar;C:\Users\Siti Nurlatipah\.m2\repository\io\netty\netty-transport-native-epoll\4.1.60.Final\netty-transport-native-epoll-4.1.60.Final-linux-x86_64.jar;C:\Users\Siti Nurlatipah\.m2\repository\io\netty\netty-transport-native-kqueue\4.1.60.Final\netty-transport-native-kqueue-4.1.60.Final-osx-x86_64.jar;C:\Users\Siti Nurlatipah\.m2\repository\org\reactivestreams\reactive-streams\1.0.3\reactive-streams-1.0.3.jar;C:\Users\Siti Nurlatipah\.m2\repository\com\typesafe\netty\netty-reactive-streams\2.0.4\netty-reactive-streams-2.0.4.jar;C:\Users\Siti Nurlatipah\.m2\repository\org\seleniumhq\selenium\selenium-http\4.1.2\selenium-http-4.1.2.jar;C:\Users\Siti Nurlatipah\.m2\repository\net\jodah\failsafe\2.4.4\failsafe-2.4.4.jar;C:\Users\Siti Nurlatipah\.m2\repository\org\seleniumhq\selenium\selenium-safari-driver\4.1.2\selenium-safari-driver-4.1.2.jar;C:\Users\Siti Nurlatipah\.m2\repository\org\seleniumhq\selenium\selenium-api\4.1.2\selenium-api-4.1.2.jar;C:\Users\Siti Nurlatipah\.m2\repository\org\seleniumhq\selenium\selenium-support\4.1.2\selenium-support-4.1.2.jar;C:\Users\Siti Nurlatipah\.m2\repository\com\google\auto\service\auto-service-annotations\1.0.1\auto-service-annotations-1.0.1.jar;C:\Users\Siti Nurlatipah\.m2\repository\com\google\auto\service\auto-service\1.0.1\auto-service-1.0.1.jar;C:\Users\Siti Nurlatipah\.m2\repository\com\google\auto\auto-common\1.2\auto-common-1.2.jar;C:\Users\Siti Nurlatipah\.m2\repository\org\seleniumhq\selenium\selenium-json\4.1.2\selenium-json-4.1.2.jar;C:\Users\Siti Nurlatipah\.m2\repository\org\seleniumhq\selenium\selenium-chrome-driver\4.1.2\selenium-chrome-driver-4.1.2.jar;C:\Users\Siti Nurlatipah\.m2\repository\org\seleniumhq\selenium\selenium-chromium-driver\4.1.2\selenium-chromium-driver-4.1.2.jar;C:\Users\Siti Nurlatipah\.m2\repository\org\seleniumhq\selenium\selenium-firefox-driver\4.1.2\selenium-firefox-driver-4.1.2.jar;C:\Users\Siti Nurlatipah\.m2\repository\org\seleniumhq\selenium\selenium-edge-driver\4.1.2\selenium-edge-driver-4.1.2.jar;C:\Users\Siti Nurlatipah\.m2\repository\org\seleniumhq\selenium\selenium-ie-driver\4.1.2\selenium-ie-driver-4.1.2.jar;C:\Users\Siti Nurlatipah\.m2\repository\org\projectlombok\lombok\1.18.20\lombok-1.18.20.jar;C:\Users\Siti Nurlatipah\.m2\repository\io\appium\java-client\8.0.0\java-client-8.0.0.jar;C:\Users\Siti Nurlatipah\.m2\repository\commons-validator\commons-validator\1.7\commons-validator-1.7.jar;C:\Users\Siti Nurlatipah\.m2\repository\commons-digester\commons-digester\2.1\commons-digester-2.1.jar;C:\Users\Siti Nurlatipah\.m2\repository\org\aspectj\aspectjweaver\1.9.8\aspectjweaver-1.9.8.jar;C:\Users\Siti Nurlatipah\.m2\repository\org\codehaus\groovy\groovy\3.0.10\groovy-3.0.10.jar;C:\Users\Siti Nurlatipah\.m2\repository\net\sf\opencsv\opencsv\2.0\opencsv-2.0.jar;C:\Users\Siti Nurlatipah\.m2\repository\commons-beanutils\commons-beanutils\1.9.4\commons-beanutils-1.9.4.jar;C:\Users\Siti Nurlatipah\.m2\repository\org\apache\commons\commons-lang3\3.12.0\commons-lang3-3.12.0.jar;C:\Users\Siti Nurlatipah\.m2\repository\commons-collections\commons-collections\3.2.2\commons-collections-3.2.2.jar;C:\Users\Siti Nurlatipah\.m2\repository\org\fluentlenium\fluentlenium-core\0.10.2\fluentlenium-core-0.10.2.jar;C:\Users\Siti Nurlatipah\.m2\repository\io\github\bonigarcia\webdrivermanager\5.1.0\webdrivermanager-5.1.0.jar;C:\Users\Siti Nurlatipah\.m2\repository\com\github\docker-java\docker-java\3.2.13\docker-java-3.2.13.jar;C:\Users\Siti Nurlatipah\.m2\repository\com\github\docker-java\docker-java-core\3.2.13\docker-java-core-3.2.13.jar;C:\Users\Siti Nurlatipah\.m2\repository\com\github\docker-java\docker-java-api\3.2.13\docker-java-api-3.2.13.jar;C:\Users\Siti Nurlatipah\.m2\repository\org\apache\commons\commons-compress\1.21\commons-compress-1.21.jar;C:\Users\Siti Nurlatipah\.m2\repository\org\bouncycastle\bcpkix-jdk15on\1.64\bcpkix-jdk15on-1.64.jar;C:\Users\Siti Nurlatipah\.m2\repository\org\bouncycastle\bcprov-jdk15on\1.64\bcprov-jdk15on-1.64.jar;C:\Users\Siti Nurlatipah\.m2\repository\org\slf4j\jcl-over-slf4j\1.7.30\jcl-over-slf4j-1.7.30.jar;C:\Users\Siti Nurlatipah\.m2\repository\com\github\docker-java\docker-java-transport-httpclient5\3.2.13\docker-java-transport-httpclient5-3.2.13.jar;C:\Users\Siti Nurlatipah\.m2\repository\com\github\docker-java\docker-java-transport\3.2.13\docker-java-transport-3.2.13.jar;C:\Users\Siti Nurlatipah\.m2\repository\org\apache\httpcomponents\client5\httpclient5\5.0.3\httpclient5-5.0.3.jar;C:\Users\Siti Nurlatipah\.m2\repository\org\apache\httpcomponents\core5\httpcore5\5.0.2\httpcore5-5.0.2.jar;C:\Users\Siti Nurlatipah\.m2\repository\net\java\dev\jna\jna\5.8.0\jna-5.8.0.jar;C:\Users\Siti Nurlatipah\.m2\repository\org\brotli\dec\0.1.2\dec-0.1.2.jar;C:\Users\Siti Nurlatipah\.m2\repository\com\jhlabs\filters\2.0.235\filters-2.0.235.jar;C:\Users\Siti Nurlatipah\.m2\repository\com\paulhammant\ngwebdriver\1.1.6\ngwebdriver-1.1.6.jar;C:\Users\Siti Nurlatipah\.m2\repository\joda-time\joda-time\2.8.2\joda-time-2.8.2.jar;C:\Users\Siti Nurlatipah\.m2\repository\org\hamcrest\hamcrest\2.2\hamcrest-2.2.jar;C:\Users\Siti Nurlatipah\.m2\repository\com\google\jimfs\jimfs\1.2\jimfs-1.2.jar;C:\Users\Siti Nurlatipah\.m2\repository\org\mockito\mockito-core\3.3.3\mockito-core-3.3.3.jar;C:\Users\Siti Nurlatipah\.m2\repository\javax\xml\bind\jaxb-api\2.3.1\jaxb-api-2.3.1.jar;C:\Users\Siti Nurlatipah\.m2\repository\javax\activation\javax.activation-api\1.2.0\javax.activation-api-1.2.0.jar;C:\Users\Siti Nurlatipah\.m2\repository\com\sun\xml\bind\jaxb-core\2.3.0.1\jaxb-core-2.3.0.1.jar;C:\Users\Siti Nurlatipah\.m2\repository\com\sun\xml\bind\jaxb-impl\2.3.3\jaxb-impl-2.3.3.jar;C:\Users\Siti Nurlatipah\.m2\repository\jakarta\xml\bind\jakarta.xml.bind-api\2.3.3\jakarta.xml.bind-api-2.3.3.jar;C:\Users\Siti Nurlatipah\.m2\repository\com\sun\activation\jakarta.activation\1.2.2\jakarta.activation-1.2.2.jar;C:\Users\Siti Nurlatipah\.m2\repository\javax\activation\activation\1.1.1\activation-1.1.1.jar;C:\Users\Siti Nurlatipah\.m2\repository\net\serenity-bdd\serenity-cucumber\3.2.1\serenity-cucumber-3.2.1.jar;C:\Users\Siti Nurlatipah\.m2\repository\io\cucumber\cucumber-core\7.2.3\cucumber-core-7.2.3.jar;C:\Users\Siti Nurlatipah\.m2\repository\io\cucumber\cucumber-gherkin\7.2.3\cucumber-gherkin-7.2.3.jar;C:\Users\Siti Nurlatipah\.m2\repository\io\cucumber\cucumber-gherkin-messages\7.2.3\cucumber-gherkin-messages-7.2.3.jar;C:\Users\Siti Nurlatipah\.m2\repository\io\cucumber\messages\17.1.1\messages-17.1.1.jar;C:\Users\Siti Nurlatipah\.m2\repository\io\cucumber\tag-expressions\4.1.0\tag-expressions-4.1.0.jar;C:\Users\Siti Nurlatipah\.m2\repository\io\cucumber\cucumber-expressions\15.0.1\cucumber-expressions-15.0.1.jar;C:\Users\Siti Nurlatipah\.m2\repository\io\cucumber\datatable\7.2.3\datatable-7.2.3.jar;C:\Users\Siti Nurlatipah\.m2\repository\io\cucumber\cucumber-plugin\7.2.3\cucumber-plugin-7.2.3.jar;C:\Users\Siti Nurlatipah\.m2\repository\io\cucumber\docstring\7.2.3\docstring-7.2.3.jar;C:\Users\Siti Nurlatipah\.m2\repository\io\cucumber\html-formatter\17.0.0\html-formatter-17.0.0.jar;C:\Users\Siti Nurlatipah\.m2\repository\io\cucumber\ci-environment\8.1.0\ci-environment-8.1.0.jar;C:\Users\Siti Nurlatipah\.m2\repository\io\cucumber\cucumber-junit\7.2.3\cucumber-junit-7.2.3.jar;C:\Users\Siti Nurlatipah\.m2\repository\org\apache\commons\commons-csv\1.5\commons-csv-1.5.jar;C:\Users\Siti Nurlatipah\.m2\repository\net\serenity-bdd\serenity-screenplay\3.2.1\serenity-screenplay-3.2.1.jar;C:\Users\Siti Nurlatipah\.m2\repository\net\serenity-bdd\serenity-screenplay-webdriver\3.2.1\serenity-screenplay-webdriver-3.2.1.jar;C:\Users\Siti Nurlatipah\.m2\repository\net\serenity-bdd\serenity-ensure\3.2.1\serenity-ensure-3.2.1.jar;C:\Users\Siti Nurlatipah\.m2\repository\net\serenity-bdd\serenity-junit\3.2.1\serenity-junit-3.2.1.jar;C:\Users\Siti Nurlatipah\.m2\repository\org\jetbrains\kotlin\kotlin-stdlib\1.6.0\kotlin-stdlib-1.6.0.jar;C:\Users\Siti Nurlatipah\.m2\repository\org\jetbrains\annotations\13.0\annotations-13.0.jar;C:\Users\Siti Nurlatipah\.m2\repository\org\jetbrains\kotlin\kotlin-stdlib-common\1.6.0\kotlin-stdlib-common-1.6.0.jar;C:\Users\Siti Nurlatipah\.m2\repository\org\junit\platform\junit-platform-launcher\1.8.1\junit-platform-launcher-1.8.1.jar;C:\Users\Siti Nurlatipah\.m2\repository\org\junit\platform\junit-platform-engine\1.8.1\junit-platform-engine-1.8.1.jar;C:\Users\Siti Nurlatipah\.m2\repository\org\opentest4j\opentest4j\1.2.0\opentest4j-1.2.0.jar;C:\Users\Siti Nurlatipah\.m2\repository\org\junit\platform\junit-platform-commons\1.8.1\junit-platform-commons-1.8.1.jar;C:\Users\Siti Nurlatipah\.m2\repository\org\apiguardian\apiguardian-api\1.1.2\apiguardian-api-1.1.2.jar;C:\Users\Siti Nurlatipah\.m2\repository\org\junit\jupiter\junit-jupiter-engine\5.8.2\junit-jupiter-engine-5.8.2.jar;C:\Users\Siti Nurlatipah\.m2\repository\org\junit\jupiter\junit-jupiter-api\5.8.2\junit-jupiter-api-5.8.2.jar;C:\Users\Siti Nurlatipah\.m2\repository\com\github\javafaker\javafaker\1.0.2\javafaker-1.0.2.jar;C:\Users\Siti Nurlatipah\.m2\repository\org\yaml\snakeyaml\1.23\snakeyaml-1.23-android.jar;C:\Users\Siti Nurlatipah\.m2\repository\com\github\mifmif\generex\1.0.2\generex-1.0.2.jar;C:\Users\Siti Nurlatipah\.m2\repository\dk\brics\automaton\automaton\1.11-8\automaton-1.11-8.jar;C:\Users\Siti Nurlatipah\.m2\repository\org\junit\vintage\junit-vintage-engine\5.8.2\junit-vintage-engine-5.8.2.jar;C:\Users\Siti Nurlatipah\.m2\repository\junit\junit\4.13.2\junit-4.13.2.jar;C:\Users\Siti Nurlatipah\.m2\repository\org\hamcrest\hamcrest-core\1.3\hamcrest-core-1.3.jar;C:\Users\Siti Nurlatipah\.m2\repository\ch\qos\logback\logback-classic\1.2.10\logback-classic-1.2.10.jar;C:\Users\Siti Nurlatipah\.m2\repository\ch\qos\logback\logback-core\1.2.10\logback-core-1.2.10.jar;C:\Users\Siti Nurlatipah\.m2\repository\org\slf4j\slf4j-api\1.7.32\slf4j-api-1.7.32.jar;C:\Users\Siti Nurlatipah\.m2\repository\org\assertj\assertj-core\3.6.2\assertj-core-3.6.2.jar;"/>
    <property name="java.vm.vendor" value="Oracle Corporation"/>
    <property name="sun.arch.data.model" value="64"/>
    <property name="user.variant" value=""/>
    <property name="java.vendor.url" value="https://openjdk.java.net/"/>
    <property name="user.timezone" value="Asia/Bangkok"/>
    <property name="log4j2.formatMsgNoLookups" value="true"/>
    <property name="java.vm.specification.version" value="11"/>
    <property name="os.name" value="Windows 10"/>
    <property name="sun.java.launcher" value="SUN_STANDARD"/>
    <property name="user.country" value="ID"/>
    <property name="sun.boot.library.path" value="C:\Program Files\Java\jdk-11.0.14\bin"/>
    <property name="sun.java.command" value="org.apache.maven.surefire.booter.ForkedBooter C:\Users\Siti Nurlatipah\AppData\Local\Temp\surefire1749767949788654698 2022-05-15T23-22-56_578-jvmRun1 surefire88136239506548703tmp surefire_011299681927548920042tmp"/>
    <property name="jdk.debug" value="release"/>
    <property name="surefire.test.class.path" value="D:\Mini Project-QE Alta\Web Automation\FrontEnd-AltaShop\target\test-classes;C:\Users\Siti Nurlatipah\.m2\repository\net\serenity-bdd\serenity-core\3.2.1\serenity-core-3.2.1.jar;C:\Users\Siti Nurlatipah\.m2\repository\net\serenity-bdd\serenity-model\3.2.1\serenity-model-3.2.1.jar;C:\Users\Siti Nurlatipah\.m2\repository\org\apache\commons\commons-text\1.9\commons-text-1.9.jar;C:\Users\Siti Nurlatipah\.m2\repository\commons-net\commons-net\3.8.0\commons-net-3.8.0.jar;C:\Users\Siti Nurlatipah\.m2\repository\com\google\guava\guava\31.1-jre\guava-31.1-jre.jar;C:\Users\Siti Nurlatipah\.m2\repository\com\google\guava\failureaccess\1.0.1\failureaccess-1.0.1.jar;C:\Users\Siti Nurlatipah\.m2\repository\com\google\guava\listenablefuture\9999.0-empty-to-avoid-conflict-with-guava\listenablefuture-9999.0-empty-to-avoid-conflict-with-guava.jar;C:\Users\Siti Nurlatipah\.m2\repository\com\google\code\findbugs\jsr305\3.0.2\jsr305-3.0.2.jar;C:\Users\Siti Nurlatipah\.m2\repository\org\checkerframework\checker-qual\3.12.0\checker-qual-3.12.0.jar;C:\Users\Siti Nurlatipah\.m2\repository\com\google\errorprone\error_prone_annotations\2.11.0\error_prone_annotations-2.11.0.jar;C:\Users\Siti Nurlatipah\.m2\repository\com\google\j2objc\j2objc-annotations\1.3\j2objc-annotations-1.3.jar;C:\Users\Siti Nurlatipah\.m2\repository\com\google\inject\guice\5.1.0\guice-5.1.0.jar;C:\Users\Siti Nurlatipah\.m2\repository\javax\inject\javax.inject\1\javax.inject-1.jar;C:\Users\Siti Nurlatipah\.m2\repository\aopalliance\aopalliance\1.0\aopalliance-1.0.jar;C:\Users\Siti Nurlatipah\.m2\repository\org\jsoup\jsoup\1.14.3\jsoup-1.14.3.jar;C:\Users\Siti Nurlatipah\.m2\repository\com\thoughtworks\xstream\xstream\1.4.19\xstream-1.4.19.jar;C:\Users\Siti Nurlatipah\.m2\repository\io\github\x-stream\mxparser\1.2.2\mxparser-1.2.2.jar;C:\Users\Siti Nurlatipah\.m2\repository\xmlpull\xmlpull\1.1.3.1\xmlpull-1.1.3.1.jar;C:\Users\Siti Nurlatipah\.m2\repository\io\cucumber\cucumber-java\7.2.3\cucumber-java-7.2.3.jar;C:\Users\Siti Nurlatipah\.m2\repository\com\typesafe\config\1.4.2\config-1.4.2.jar;C:\Users\Siti Nurlatipah\.m2\repository\org\imgscalr\imgscalr-lib\4.2\imgscalr-lib-4.2.jar;C:\Users\Siti Nurlatipah\.m2\repository\org\awaitility\awaitility\4.2.0\awaitility-4.2.0.jar;C:\Users\Siti Nurlatipah\.m2\repository\org\freemarker\freemarker\2.3.31\freemarker-2.3.31.jar;C:\Users\Siti Nurlatipah\.m2\repository\io\github\classgraph\classgraph\4.8.138\classgraph-4.8.138.jar;C:\Users\Siti Nurlatipah\.m2\repository\net\sourceforge\jexcelapi\jxl\2.6.12\jxl-2.6.12.jar;C:\Users\Siti Nurlatipah\.m2\repository\net\bytebuddy\byte-buddy\1.12.8\byte-buddy-1.12.8.jar;C:\Users\Siti Nurlatipah\.m2\repository\net\bytebuddy\byte-buddy-agent\1.12.8\byte-buddy-agent-1.12.8.jar;C:\Users\Siti Nurlatipah\.m2\repository\org\objenesis\objenesis\3.1\objenesis-3.1.jar;C:\Users\Siti Nurlatipah\.m2\repository\net\serenity-bdd\serenity-reports\3.2.1\serenity-reports-3.2.1.jar;C:\Users\Siti Nurlatipah\.m2\repository\net\serenity-bdd\serenity-stats\3.2.1\serenity-stats-3.2.1.jar;C:\Users\Siti Nurlatipah\.m2\repository\net\serenity-bdd\serenity-reports-configuration\3.2.1\serenity-reports-configuration-3.2.1.jar;C:\Users\Siti Nurlatipah\.m2\repository\com\vladsch\flexmark\flexmark-all\0.34.30\flexmark-all-0.34.30.jar;C:\Users\Siti Nurlatipah\.m2\repository\com\vladsch\flexmark\flexmark\0.34.30\flexmark-0.34.30.jar;C:\Users\Siti Nurlatipah\.m2\repository\com\vladsch\flexmark\flexmark-ext-abbreviation\0.34.30\flexmark-ext-abbreviation-0.34.30.jar;C:\Users\Siti Nurlatipah\.m2\repository\com\vladsch\flexmark\flexmark-ext-admonition\0.34.30\flexmark-ext-admonition-0.34.30.jar;C:\Users\Siti Nurlatipah\.m2\repository\com\vladsch\flexmark\flexmark-ext-anchorlink\0.34.30\flexmark-ext-anchorlink-0.34.30.jar;C:\Users\Siti Nurlatipah\.m2\repository\com\vladsch\flexmark\flexmark-ext-aside\0.34.30\flexmark-ext-aside-0.34.30.jar;C:\Users\Siti Nurlatipah\.m2\repository\com\vladsch\flexmark\flexmark-ext-attributes\0.34.30\flexmark-ext-attributes-0.34.30.jar;C:\Users\Siti Nurlatipah\.m2\repository\com\vladsch\flexmark\flexmark-ext-autolink\0.34.30\flexmark-ext-autolink-0.34.30.jar;C:\Users\Siti Nurlatipah\.m2\repository\org\nibor\autolink\autolink\0.6.0\autolink-0.6.0.jar;C:\Users\Siti Nurlatipah\.m2\repository\com\vladsch\flexmark\flexmark-ext-definition\0.34.30\flexmark-ext-definition-0.34.30.jar;C:\Users\Siti Nurlatipah\.m2\repository\com\vladsch\flexmark\flexmark-ext-emoji\0.34.30\flexmark-ext-emoji-0.34.30.jar;C:\Users\Siti Nurlatipah\.m2\repository\com\vladsch\flexmark\flexmark-ext-enumerated-reference\0.34.30\flexmark-ext-enumerated-reference-0.34.30.jar;C:\Users\Siti Nurlatipah\.m2\repository\com\vladsch\flexmark\flexmark-ext-escaped-character\0.34.30\flexmark-ext-escaped-character-0.34.30.jar;C:\Users\Siti Nurlatipah\.m2\repository\com\vladsch\flexmark\flexmark-ext-footnotes\0.34.30\flexmark-ext-footnotes-0.34.30.jar;C:\Users\Siti Nurlatipah\.m2\repository\com\vladsch\flexmark\flexmark-ext-gfm-issues\0.34.30\flexmark-ext-gfm-issues-0.34.30.jar;C:\Users\Siti Nurlatipah\.m2\repository\com\vladsch\flexmark\flexmark-ext-gfm-strikethrough\0.34.30\flexmark-ext-gfm-strikethrough-0.34.30.jar;C:\Users\Siti Nurlatipah\.m2\repository\com\vladsch\flexmark\flexmark-ext-gfm-tables\0.34.30\flexmark-ext-gfm-tables-0.34.30.jar;C:\Users\Siti Nurlatipah\.m2\repository\com\vladsch\flexmark\flexmark-ext-gfm-tasklist\0.34.30\flexmark-ext-gfm-tasklist-0.34.30.jar;C:\Users\Siti Nurlatipah\.m2\repository\com\vladsch\flexmark\flexmark-ext-gfm-users\0.34.30\flexmark-ext-gfm-users-0.34.30.jar;C:\Users\Siti Nurlatipah\.m2\repository\com\vladsch\flexmark\flexmark-ext-gitlab\0.34.30\flexmark-ext-gitlab-0.34.30.jar;C:\Users\Siti Nurlatipah\.m2\repository\com\vladsch\flexmark\flexmark-ext-jekyll-front-matter\0.34.30\flexmark-ext-jekyll-front-matter-0.34.30.jar;C:\Users\Siti Nurlatipah\.m2\repository\com\vladsch\flexmark\flexmark-ext-jekyll-tag\0.34.30\flexmark-ext-jekyll-tag-0.34.30.jar;C:\Users\Siti Nurlatipah\.m2\repository\com\vladsch\flexmark\flexmark-ext-media-tags\0.34.30\flexmark-ext-media-tags-0.34.30.jar;C:\Users\Siti Nurlatipah\.m2\repository\com\vladsch\flexmark\flexmark-test-util\0.34.30\flexmark-test-util-0.34.30.jar;C:\Users\Siti Nurlatipah\.m2\repository\com\vladsch\flexmark\flexmark-ext-ins\0.34.30\flexmark-ext-ins-0.34.30.jar;C:\Users\Siti Nurlatipah\.m2\repository\com\vladsch\flexmark\flexmark-ext-xwiki-macros\0.34.30\flexmark-ext-xwiki-macros-0.34.30.jar;C:\Users\Siti Nurlatipah\.m2\repository\com\vladsch\flexmark\flexmark-ext-superscript\0.34.30\flexmark-ext-superscript-0.34.30.jar;C:\Users\Siti Nurlatipah\.m2\repository\com\vladsch\flexmark\flexmark-ext-tables\0.34.30\flexmark-ext-tables-0.34.30.jar;C:\Users\Siti Nurlatipah\.m2\repository\com\vladsch\flexmark\flexmark-ext-toc\0.34.30\flexmark-ext-toc-0.34.30.jar;C:\Users\Siti Nurlatipah\.m2\repository\com\vladsch\flexmark\flexmark-ext-typographic\0.34.30\flexmark-ext-typographic-0.34.30.jar;C:\Users\Siti Nurlatipah\.m2\repository\com\vladsch\flexmark\flexmark-ext-wikilink\0.34.30\flexmark-ext-wikilink-0.34.30.jar;C:\Users\Siti Nurlatipah\.m2\repository\com\vladsch\flexmark\flexmark-ext-yaml-front-matter\0.34.30\flexmark-ext-yaml-front-matter-0.34.30.jar;C:\Users\Siti Nurlatipah\.m2\repository\com\vladsch\flexmark\flexmark-ext-youtube-embedded\0.34.30\flexmark-ext-youtube-embedded-0.34.30.jar;C:\Users\Siti Nurlatipah\.m2\repository\com\vladsch\flexmark\flexmark-formatter\0.34.30\flexmark-formatter-0.34.30.jar;C:\Users\Siti Nurlatipah\.m2\repository\com\vladsch\flexmark\flexmark-html-parser\0.34.30\flexmark-html-parser-0.34.30.jar;C:\Users\Siti Nurlatipah\.m2\repository\com\vladsch\flexmark\flexmark-jira-converter\0.34.30\flexmark-jira-converter-0.34.30.jar;C:\Users\Siti Nurlatipah\.m2\repository\com\vladsch\flexmark\flexmark-pdf-converter\0.34.30\flexmark-pdf-converter-0.34.30.jar;C:\Users\Siti Nurlatipah\.m2\repository\com\openhtmltopdf\openhtmltopdf-core\0.0.1-RC13\openhtmltopdf-core-0.0.1-RC13.jar;C:\Users\Siti Nurlatipah\.m2\repository\com\openhtmltopdf\openhtmltopdf-pdfbox\0.0.1-RC13\openhtmltopdf-pdfbox-0.0.1-RC13.jar;C:\Users\Siti Nurlatipah\.m2\repository\org\apache\pdfbox\pdfbox\2.0.8\pdfbox-2.0.8.jar;C:\Users\Siti Nurlatipah\.m2\repository\org\apache\pdfbox\fontbox\2.0.8\fontbox-2.0.8.jar;C:\Users\Siti Nurlatipah\.m2\repository\commons-logging\commons-logging\1.2\commons-logging-1.2.jar;C:\Users\Siti Nurlatipah\.m2\repository\org\apache\pdfbox\xmpbox\2.0.8\xmpbox-2.0.8.jar;C:\Users\Siti Nurlatipah\.m2\repository\de\rototor\pdfbox\graphics2d\0.12\graphics2d-0.12.jar;C:\Users\Siti Nurlatipah\.m2\repository\com\openhtmltopdf\openhtmltopdf-rtl-support\0.0.1-RC13\openhtmltopdf-rtl-support-0.0.1-RC13.jar;C:\Users\Siti Nurlatipah\.m2\repository\com\ibm\icu\icu4j\59.1\icu4j-59.1.jar;C:\Users\Siti Nurlatipah\.m2\repository\com\openhtmltopdf\openhtmltopdf-jsoup-dom-converter\0.0.1-RC13\openhtmltopdf-jsoup-dom-converter-0.0.1-RC13.jar;C:\Users\Siti Nurlatipah\.m2\repository\com\vladsch\flexmark\flexmark-profile-pegdown\0.34.30\flexmark-profile-pegdown-0.34.30.jar;C:\Users\Siti Nurlatipah\.m2\repository\com\vladsch\flexmark\flexmark-util\0.34.30\flexmark-util-0.34.30.jar;C:\Users\Siti Nurlatipah\.m2\repository\com\vladsch\flexmark\flexmark-youtrack-converter\0.34.30\flexmark-youtrack-converter-0.34.30.jar;C:\Users\Siti Nurlatipah\.m2\repository\es\nitaur\markdown\txtmark\0.16\txtmark-0.16.jar;C:\Users\Siti Nurlatipah\.m2\repository\net\serenity-bdd\serenity-report-resources\3.2.1\serenity-report-resources-3.2.1.jar;C:\Users\Siti Nurlatipah\.m2\repository\com\google\code\gson\gson\2.9.0\gson-2.9.0.jar;C:\Users\Siti Nurlatipah\.m2\repository\com\fasterxml\jackson\core\jackson-core\2.13.2\jackson-core-2.13.2.jar;C:\Users\Siti Nurlatipah\.m2\repository\com\fasterxml\jackson\core\jackson-databind\2.13.2\jackson-databind-2.13.2.jar;C:\Users\Siti Nurlatipah\.m2\repository\com\fasterxml\jackson\core\jackson-annotations\2.13.2\jackson-annotations-2.13.2.jar;C:\Users\Siti Nurlatipah\.m2\repository\commons-codec\commons-codec\1.15\commons-codec-1.15.jar;C:\Users\Siti Nurlatipah\.m2\repository\commons-io\commons-io\2.11.0\commons-io-2.11.0.jar;C:\Users\Siti Nurlatipah\.m2\repository\org\seleniumhq\selenium\selenium-java\4.1.2\selenium-java-4.1.2.jar;C:\Users\Siti Nurlatipah\.m2\repository\org\seleniumhq\selenium\selenium-devtools-v85\4.1.2\selenium-devtools-v85-4.1.2.jar;C:\Users\Siti Nurlatipah\.m2\repository\org\seleniumhq\selenium\selenium-devtools-v95\4.1.2\selenium-devtools-v95-4.1.2.jar;C:\Users\Siti Nurlatipah\.m2\repository\org\seleniumhq\selenium\selenium-devtools-v96\4.1.2\selenium-devtools-v96-4.1.2.jar;C:\Users\Siti Nurlatipah\.m2\repository\org\seleniumhq\selenium\selenium-devtools-v97\4.1.2\selenium-devtools-v97-4.1.2.jar;C:\Users\Siti Nurlatipah\.m2\repository\org\seleniumhq\selenium\selenium-firefox-xpi-driver\4.1.2\selenium-firefox-xpi-driver-4.1.2.jar;C:\Users\Siti Nurlatipah\.m2\repository\org\seleniumhq\selenium\selenium-opera-driver\4.1.2\selenium-opera-driver-4.1.2.jar;C:\Users\Siti Nurlatipah\.m2\repository\org\seleniumhq\selenium\selenium-remote-driver\4.1.2\selenium-remote-driver-4.1.2.jar;C:\Users\Siti Nurlatipah\.m2\repository\com\beust\jcommander\1.82\jcommander-1.82.jar;C:\Users\Siti Nurlatipah\.m2\repository\io\netty\netty-buffer\4.1.73.Final\netty-buffer-4.1.73.Final.jar;C:\Users\Siti Nurlatipah\.m2\repository\io\netty\netty-codec-http\4.1.73.Final\netty-codec-http-4.1.73.Final.jar;C:\Users\Siti Nurlatipah\.m2\repository\io\netty\netty-codec\4.1.73.Final\netty-codec-4.1.73.Final.jar;C:\Users\Siti Nurlatipah\.m2\repository\io\netty\netty-handler\4.1.73.Final\netty-handler-4.1.73.Final.jar;C:\Users\Siti Nurlatipah\.m2\repository\io\netty\netty-tcnative-classes\2.0.46.Final\netty-tcnative-classes-2.0.46.Final.jar;C:\Users\Siti Nurlatipah\.m2\repository\io\netty\netty-common\4.1.73.Final\netty-common-4.1.73.Final.jar;C:\Users\Siti Nurlatipah\.m2\repository\io\netty\netty-transport-classes-epoll\4.1.73.Final\netty-transport-classes-epoll-4.1.73.Final.jar;C:\Users\Siti Nurlatipah\.m2\repository\io\netty\netty-transport-classes-kqueue\4.1.73.Final\netty-transport-classes-kqueue-4.1.73.Final.jar;C:\Users\Siti Nurlatipah\.m2\repository\io\netty\netty-transport-native-epoll\4.1.73.Final\netty-transport-native-epoll-4.1.73.Final.jar;C:\Users\Siti Nurlatipah\.m2\repository\io\netty\netty-transport-native-kqueue\4.1.73.Final\netty-transport-native-kqueue-4.1.73.Final.jar;C:\Users\Siti Nurlatipah\.m2\repository\io\netty\netty-transport-native-unix-common\4.1.73.Final\netty-transport-native-unix-common-4.1.73.Final.jar;C:\Users\Siti Nurlatipah\.m2\repository\io\netty\netty-transport\4.1.73.Final\netty-transport-4.1.73.Final.jar;C:\Users\Siti Nurlatipah\.m2\repository\io\netty\netty-resolver\4.1.73.Final\netty-resolver-4.1.73.Final.jar;C:\Users\Siti Nurlatipah\.m2\repository\io\opentelemetry\opentelemetry-api\1.10.1\opentelemetry-api-1.10.1.jar;C:\Users\Siti Nurlatipah\.m2\repository\io\opentelemetry\opentelemetry-context\1.10.1\opentelemetry-context-1.10.1.jar;C:\Users\Siti Nurlatipah\.m2\repository\io\opentelemetry\opentelemetry-exporter-logging\1.10.1\opentelemetry-exporter-logging-1.10.1.jar;C:\Users\Siti Nurlatipah\.m2\repository\io\opentelemetry\opentelemetry-sdk-metrics\1.10.1-alpha\opentelemetry-sdk-metrics-1.10.1-alpha.jar;C:\Users\Siti Nurlatipah\.m2\repository\io\opentelemetry\opentelemetry-sdk-logs\1.10.1-alpha\opentelemetry-sdk-logs-1.10.1-alpha.jar;C:\Users\Siti Nurlatipah\.m2\repository\io\opentelemetry\opentelemetry-sdk-common\1.10.1\opentelemetry-sdk-common-1.10.1.jar;C:\Users\Siti Nurlatipah\.m2\repository\io\opentelemetry\opentelemetry-sdk-extension-autoconfigure-spi\1.10.1\opentelemetry-sdk-extension-autoconfigure-spi-1.10.1.jar;C:\Users\Siti Nurlatipah\.m2\repository\io\opentelemetry\opentelemetry-sdk-extension-autoconfigure\1.10.1-alpha\opentelemetry-sdk-extension-autoconfigure-1.10.1-alpha.jar;C:\Users\Siti Nurlatipah\.m2\repository\io\opentelemetry\opentelemetry-sdk-trace\1.10.1\opentelemetry-sdk-trace-1.10.1.jar;C:\Users\Siti Nurlatipah\.m2\repository\io\opentelemetry\opentelemetry-sdk\1.10.1\opentelemetry-sdk-1.10.1.jar;C:\Users\Siti Nurlatipah\.m2\repository\io\opentelemetry\opentelemetry-semconv\1.10.1-alpha\opentelemetry-semconv-1.10.1-alpha.jar;C:\Users\Siti Nurlatipah\.m2\repository\io\ous\jtoml\2.0.0\jtoml-2.0.0.jar;C:\Users\Siti Nurlatipah\.m2\repository\org\apache\commons\commons-exec\1.3\commons-exec-1.3.jar;C:\Users\Siti Nurlatipah\.m2\repository\org\asynchttpclient\async-http-client\2.12.3\async-http-client-2.12.3.jar;C:\Users\Siti Nurlatipah\.m2\repository\org\asynchttpclient\async-http-client-netty-utils\2.12.3\async-http-client-netty-utils-2.12.3.jar;C:\Users\Siti Nurlatipah\.m2\repository\io\netty\netty-codec-socks\4.1.60.Final\netty-codec-socks-4.1.60.Final.jar;C:\Users\Siti Nurlatipah\.m2\repository\io\netty\netty-handler-proxy\4.1.60.Final\netty-handler-proxy-4.1.60.Final.jar;C:\Users\Siti Nurlatipah\.m2\repository\io\netty\netty-transport-native-epoll\4.1.60.Final\netty-transport-native-epoll-4.1.60.Final-linux-x86_64.jar;C:\Users\Siti Nurlatipah\.m2\repository\io\netty\netty-transport-native-kqueue\4.1.60.Final\netty-transport-native-kqueue-4.1.60.Final-osx-x86_64.jar;C:\Users\Siti Nurlatipah\.m2\repository\org\reactivestreams\reactive-streams\1.0.3\reactive-streams-1.0.3.jar;C:\Users\Siti Nurlatipah\.m2\repository\com\typesafe\netty\netty-reactive-streams\2.0.4\netty-reactive-streams-2.0.4.jar;C:\Users\Siti Nurlatipah\.m2\repository\org\seleniumhq\selenium\selenium-http\4.1.2\selenium-http-4.1.2.jar;C:\Users\Siti Nurlatipah\.m2\repository\net\jodah\failsafe\2.4.4\failsafe-2.4.4.jar;C:\Users\Siti Nurlatipah\.m2\repository\org\seleniumhq\selenium\selenium-safari-driver\4.1.2\selenium-safari-driver-4.1.2.jar;C:\Users\Siti Nurlatipah\.m2\repository\org\seleniumhq\selenium\selenium-api\4.1.2\selenium-api-4.1.2.jar;C:\Users\Siti Nurlatipah\.m2\repository\org\seleniumhq\selenium\selenium-support\4.1.2\selenium-support-4.1.2.jar;C:\Users\Siti Nurlatipah\.m2\repository\com\google\auto\service\auto-service-annotations\1.0.1\auto-service-annotations-1.0.1.jar;C:\Users\Siti Nurlatipah\.m2\repository\com\google\auto\service\auto-service\1.0.1\auto-service-1.0.1.jar;C:\Users\Siti Nurlatipah\.m2\repository\com\google\auto\auto-common\1.2\auto-common-1.2.jar;C:\Users\Siti Nurlatipah\.m2\repository\org\seleniumhq\selenium\selenium-json\4.1.2\selenium-json-4.1.2.jar;C:\Users\Siti Nurlatipah\.m2\repository\org\seleniumhq\selenium\selenium-chrome-driver\4.1.2\selenium-chrome-driver-4.1.2.jar;C:\Users\Siti Nurlatipah\.m2\repository\org\seleniumhq\selenium\selenium-chromium-driver\4.1.2\selenium-chromium-driver-4.1.2.jar;C:\Users\Siti Nurlatipah\.m2\repository\org\seleniumhq\selenium\selenium-firefox-driver\4.1.2\selenium-firefox-driver-4.1.2.jar;C:\Users\Siti Nurlatipah\.m2\repository\org\seleniumhq\selenium\selenium-edge-driver\4.1.2\selenium-edge-driver-4.1.2.jar;C:\Users\Siti Nurlatipah\.m2\repository\org\seleniumhq\selenium\selenium-ie-driver\4.1.2\selenium-ie-driver-4.1.2.jar;C:\Users\Siti Nurlatipah\.m2\repository\org\projectlombok\lombok\1.18.20\lombok-1.18.20.jar;C:\Users\Siti Nurlatipah\.m2\repository\io\appium\java-client\8.0.0\java-client-8.0.0.jar;C:\Users\Siti Nurlatipah\.m2\repository\commons-validator\commons-validator\1.7\commons-validator-1.7.jar;C:\Users\Siti Nurlatipah\.m2\repository\commons-digester\commons-digester\2.1\commons-digester-2.1.jar;C:\Users\Siti Nurlatipah\.m2\repository\org\aspectj\aspectjweaver\1.9.8\aspectjweaver-1.9.8.jar;C:\Users\Siti Nurlatipah\.m2\repository\org\codehaus\groovy\groovy\3.0.10\groovy-3.0.10.jar;C:\Users\Siti Nurlatipah\.m2\repository\net\sf\opencsv\opencsv\2.0\opencsv-2.0.jar;C:\Users\Siti Nurlatipah\.m2\repository\commons-beanutils\commons-beanutils\1.9.4\commons-beanutils-1.9.4.jar;C:\Users\Siti Nurlatipah\.m2\repository\org\apache\commons\commons-lang3\3.12.0\commons-lang3-3.12.0.jar;C:\Users\Siti Nurlatipah\.m2\repository\commons-collections\commons-collections\3.2.2\commons-collections-3.2.2.jar;C:\Users\Siti Nurlatipah\.m2\repository\org\fluentlenium\fluentlenium-core\0.10.2\fluentlenium-core-0.10.2.jar;C:\Users\Siti Nurlatipah\.m2\repository\io\github\bonigarcia\webdrivermanager\5.1.0\webdrivermanager-5.1.0.jar;C:\Users\Siti Nurlatipah\.m2\repository\com\github\docker-java\docker-java\3.2.13\docker-java-3.2.13.jar;C:\Users\Siti Nurlatipah\.m2\repository\com\github\docker-java\docker-java-core\3.2.13\docker-java-core-3.2.13.jar;C:\Users\Siti Nurlatipah\.m2\repository\com\github\docker-java\docker-java-api\3.2.13\docker-java-api-3.2.13.jar;C:\Users\Siti Nurlatipah\.m2\repository\org\apache\commons\commons-compress\1.21\commons-compress-1.21.jar;C:\Users\Siti Nurlatipah\.m2\repository\org\bouncycastle\bcpkix-jdk15on\1.64\bcpkix-jdk15on-1.64.jar;C:\Users\Siti Nurlatipah\.m2\repository\org\bouncycastle\bcprov-jdk15on\1.64\bcprov-jdk15on-1.64.jar;C:\Users\Siti Nurlatipah\.m2\repository\org\slf4j\jcl-over-slf4j\1.7.30\jcl-over-slf4j-1.7.30.jar;C:\Users\Siti Nurlatipah\.m2\repository\com\github\docker-java\docker-java-transport-httpclient5\3.2.13\docker-java-transport-httpclient5-3.2.13.jar;C:\Users\Siti Nurlatipah\.m2\repository\com\github\docker-java\docker-java-transport\3.2.13\docker-java-transport-3.2.13.jar;C:\Users\Siti Nurlatipah\.m2\repository\org\apache\httpcomponents\client5\httpclient5\5.0.3\httpclient5-5.0.3.jar;C:\Users\Siti Nurlatipah\.m2\repository\org\apache\httpcomponents\core5\httpcore5\5.0.2\httpcore5-5.0.2.jar;C:\Users\Siti Nurlatipah\.m2\repository\net\java\dev\jna\jna\5.8.0\jna-5.8.0.jar;C:\Users\Siti Nurlatipah\.m2\repository\org\brotli\dec\0.1.2\dec-0.1.2.jar;C:\Users\Siti Nurlatipah\.m2\repository\com\jhlabs\filters\2.0.235\filters-2.0.235.jar;C:\Users\Siti Nurlatipah\.m2\repository\com\paulhammant\ngwebdriver\1.1.6\ngwebdriver-1.1.6.jar;C:\Users\Siti Nurlatipah\.m2\repository\joda-time\joda-time\2.8.2\joda-time-2.8.2.jar;C:\Users\Siti Nurlatipah\.m2\repository\org\hamcrest\hamcrest\2.2\hamcrest-2.2.jar;C:\Users\Siti Nurlatipah\.m2\repository\com\google\jimfs\jimfs\1.2\jimfs-1.2.jar;C:\Users\Siti Nurlatipah\.m2\repository\org\mockito\mockito-core\3.3.3\mockito-core-3.3.3.jar;C:\Users\Siti Nurlatipah\.m2\repository\javax\xml\bind\jaxb-api\2.3.1\jaxb-api-2.3.1.jar;C:\Users\Siti Nurlatipah\.m2\repository\javax\activation\javax.activation-api\1.2.0\javax.activation-api-1.2.0.jar;C:\Users\Siti Nurlatipah\.m2\repository\com\sun\xml\bind\jaxb-core\2.3.0.1\jaxb-core-2.3.0.1.jar;C:\Users\Siti Nurlatipah\.m2\repository\com\sun\xml\bind\jaxb-impl\2.3.3\jaxb-impl-2.3.3.jar;C:\Users\Siti Nurlatipah\.m2\repository\jakarta\xml\bind\jakarta.xml.bind-api\2.3.3\jakarta.xml.bind-api-2.3.3.jar;C:\Users\Siti Nurlatipah\.m2\repository\com\sun\activation\jakarta.activation\1.2.2\jakarta.activation-1.2.2.jar;C:\Users\Siti Nurlatipah\.m2\repository\javax\activation\activation\1.1.1\activation-1.1.1.jar;C:\Users\Siti Nurlatipah\.m2\repository\net\serenity-bdd\serenity-cucumber\3.2.1\serenity-cucumber-3.2.1.jar;C:\Users\Siti Nurlatipah\.m2\repository\io\cucumber\cucumber-core\7.2.3\cucumber-core-7.2.3.jar;C:\Users\Siti Nurlatipah\.m2\repository\io\cucumber\cucumber-gherkin\7.2.3\cucumber-gherkin-7.2.3.jar;C:\Users\Siti Nurlatipah\.m2\repository\io\cucumber\cucumber-gherkin-messages\7.2.3\cucumber-gherkin-messages-7.2.3.jar;C:\Users\Siti Nurlatipah\.m2\repository\io\cucumber\messages\17.1.1\messages-17.1.1.jar;C:\Users\Siti Nurlatipah\.m2\repository\io\cucumber\tag-expressions\4.1.0\tag-expressions-4.1.0.jar;C:\Users\Siti Nurlatipah\.m2\repository\io\cucumber\cucumber-expressions\15.0.1\cucumber-expressions-15.0.1.jar;C:\Users\Siti Nurlatipah\.m2\repository\io\cucumber\datatable\7.2.3\datatable-7.2.3.jar;C:\Users\Siti Nurlatipah\.m2\repository\io\cucumber\cucumber-plugin\7.2.3\cucumber-plugin-7.2.3.jar;C:\Users\Siti Nurlatipah\.m2\repository\io\cucumber\docstring\7.2.3\docstring-7.2.3.jar;C:\Users\Siti Nurlatipah\.m2\repository\io\cucumber\html-formatter\17.0.0\html-formatter-17.0.0.jar;C:\Users\Siti Nurlatipah\.m2\repository\io\cucumber\ci-environment\8.1.0\ci-environment-8.1.0.jar;C:\Users\Siti Nurlatipah\.m2\repository\io\cucumber\cucumber-junit\7.2.3\cucumber-junit-7.2.3.jar;C:\Users\Siti Nurlatipah\.m2\repository\org\apache\commons\commons-csv\1.5\commons-csv-1.5.jar;C:\Users\Siti Nurlatipah\.m2\repository\net\serenity-bdd\serenity-screenplay\3.2.1\serenity-screenplay-3.2.1.jar;C:\Users\Siti Nurlatipah\.m2\repository\net\serenity-bdd\serenity-screenplay-webdriver\3.2.1\serenity-screenplay-webdriver-3.2.1.jar;C:\Users\Siti Nurlatipah\.m2\repository\net\serenity-bdd\serenity-ensure\3.2.1\serenity-ensure-3.2.1.jar;C:\Users\Siti Nurlatipah\.m2\repository\net\serenity-bdd\serenity-junit\3.2.1\serenity-junit-3.2.1.jar;C:\Users\Siti Nurlatipah\.m2\repository\org\jetbrains\kotlin\kotlin-stdlib\1.6.0\kotlin-stdlib-1.6.0.jar;C:\Users\Siti Nurlatipah\.m2\repository\org\jetbrains\annotations\13.0\annotations-13.0.jar;C:\Users\Siti Nurlatipah\.m2\repository\org\jetbrains\kotlin\kotlin-stdlib-common\1.6.0\kotlin-stdlib-common-1.6.0.jar;C:\Users\Siti Nurlatipah\.m2\repository\org\junit\platform\junit-platform-launcher\1.8.1\junit-platform-launcher-1.8.1.jar;C:\Users\Siti Nurlatipah\.m2\repository\org\junit\platform\junit-platform-engine\1.8.1\junit-platform-engine-1.8.1.jar;C:\Users\Siti Nurlatipah\.m2\repository\org\opentest4j\opentest4j\1.2.0\opentest4j-1.2.0.jar;C:\Users\Siti Nurlatipah\.m2\repository\org\junit\platform\junit-platform-commons\1.8.1\junit-platform-commons-1.8.1.jar;C:\Users\Siti Nurlatipah\.m2\repository\org\apiguardian\apiguardian-api\1.1.2\apiguardian-api-1.1.2.jar;C:\Users\Siti Nurlatipah\.m2\repository\org\junit\jupiter\junit-jupiter-engine\5.8.2\junit-jupiter-engine-5.8.2.jar;C:\Users\Siti Nurlatipah\.m2\repository\org\junit\jupiter\junit-jupiter-api\5.8.2\junit-jupiter-api-5.8.2.jar;C:\Users\Siti Nurlatipah\.m2\repository\com\github\javafaker\javafaker\1.0.2\javafaker-1.0.2.jar;C:\Users\Siti Nurlatipah\.m2\repository\org\yaml\snakeyaml\1.23\snakeyaml-1.23-android.jar;C:\Users\Siti Nurlatipah\.m2\repository\com\github\mifmif\generex\1.0.2\generex-1.0.2.jar;C:\Users\Siti Nurlatipah\.m2\repository\dk\brics\automaton\automaton\1.11-8\automaton-1.11-8.jar;C:\Users\Siti Nurlatipah\.m2\repository\org\junit\vintage\junit-vintage-engine\5.8.2\junit-vintage-engine-5.8.2.jar;C:\Users\Siti Nurlatipah\.m2\repository\junit\junit\4.13.2\junit-4.13.2.jar;C:\Users\Siti Nurlatipah\.m2\repository\org\hamcrest\hamcrest-core\1.3\hamcrest-core-1.3.jar;C:\Users\Siti Nurlatipah\.m2\repository\ch\qos\logback\logback-classic\1.2.10\logback-classic-1.2.10.jar;C:\Users\Siti Nurlatipah\.m2\repository\ch\qos\logback\logback-core\1.2.10\logback-core-1.2.10.jar;C:\Users\Siti Nurlatipah\.m2\repository\org\slf4j\slf4j-api\1.7.32\slf4j-api-1.7.32.jar;C:\Users\Siti Nurlatipah\.m2\repository\org\assertj\assertj-core\3.6.2\assertj-core-3.6.2.jar;"/>
    <property name="sun.cpu.endian" value="little"/>
    <property name="user.home" value="C:\Users\Siti Nurlatipah"/>
    <property name="user.language" value="en"/>
    <property name="java.specification.vendor" value="Oracle Corporation"/>
    <property name="jdk.module.path" value="D:\Mini Project-QE Alta\Web Automation\FrontEnd-AltaShop\target\FrontEnd-AltaShop-1.0-SNAPSHOT.jar"/>
    <property name="java.version.date" value="2022-01-18"/>
    <property name="java.home" value="C:\Program Files\Java\jdk-11.0.14"/>
    <property name="file.separator" value="\"/>
    <property name="basedir" value="D:\Mini Project-QE Alta\Web Automation\FrontEnd-AltaShop"/>
    <property name="java.vm.compressedOopsMode" value="32-bit"/>
    <property name="line.separator" value="&#10;"/>
    <property name="java.specification.name" value="Java Platform API Specification"/>
    <property name="java.vm.specification.vendor" value="Oracle Corporation"/>
    <property name="java.awt.graphicsenv" value="sun.awt.Win32GraphicsEnvironment"/>
    <property name="surefire.real.class.path" value="C:\Users\Siti Nurlatipah\.m2\repository\org\apache\maven\surefire\surefire-booter\3.0.0-M5\surefire-booter-3.0.0-M5.jar;C:\Users\Siti Nurlatipah\.m2\repository\org\apache\maven\surefire\surefire-api\3.0.0-M5\surefire-api-3.0.0-M5.jar;C:\Users\Siti Nurlatipah\.m2\repository\org\apache\maven\surefire\surefire-logger-api\3.0.0-M5\surefire-logger-api-3.0.0-M5.jar;C:\Users\Siti Nurlatipah\.m2\repository\org\apache\maven\surefire\surefire-shared-utils\3.0.0-M4\surefire-shared-utils-3.0.0-M4.jar;C:\Users\Siti Nurlatipah\.m2\repository\org\apache\maven\surefire\surefire-extensions-spi\3.0.0-M5\surefire-extensions-spi-3.0.0-M5.jar;D:\Mini Project-QE Alta\Web Automation\FrontEnd-AltaShop\target\test-classes;C:\Users\Siti Nurlatipah\.m2\repository\net\serenity-bdd\serenity-core\3.2.1\serenity-core-3.2.1.jar;C:\Users\Siti Nurlatipah\.m2\repository\net\serenity-bdd\serenity-model\3.2.1\serenity-model-3.2.1.jar;C:\Users\Siti Nurlatipah\.m2\repository\org\apache\commons\commons-text\1.9\commons-text-1.9.jar;C:\Users\Siti Nurlatipah\.m2\repository\commons-net\commons-net\3.8.0\commons-net-3.8.0.jar;C:\Users\Siti Nurlatipah\.m2\repository\com\google\guava\guava\31.1-jre\guava-31.1-jre.jar;C:\Users\Siti Nurlatipah\.m2\repository\com\google\guava\failureaccess\1.0.1\failureaccess-1.0.1.jar;C:\Users\Siti Nurlatipah\.m2\repository\com\google\guava\listenablefuture\9999.0-empty-to-avoid-conflict-with-guava\listenablefuture-9999.0-empty-to-avoid-conflict-with-guava.jar;C:\Users\Siti Nurlatipah\.m2\repository\com\google\code\findbugs\jsr305\3.0.2\jsr305-3.0.2.jar;C:\Users\Siti Nurlatipah\.m2\repository\org\checkerframework\checker-qual\3.12.0\checker-qual-3.12.0.jar;C:\Users\Siti Nurlatipah\.m2\repository\com\google\errorprone\error_prone_annotations\2.11.0\error_prone_annotations-2.11.0.jar;C:\Users\Siti Nurlatipah\.m2\repository\com\google\j2objc\j2objc-annotations\1.3\j2objc-annotations-1.3.jar;C:\Users\Siti Nurlatipah\.m2\repository\com\google\inject\guice\5.1.0\guice-5.1.0.jar;C:\Users\Siti Nurlatipah\.m2\repository\javax\inject\javax.inject\1\javax.inject-1.jar;C:\Users\Siti Nurlatipah\.m2\repository\aopalliance\aopalliance\1.0\aopalliance-1.0.jar;C:\Users\Siti Nurlatipah\.m2\repository\org\jsoup\jsoup\1.14.3\jsoup-1.14.3.jar;C:\Users\Siti Nurlatipah\.m2\repository\com\thoughtworks\xstream\xstream\1.4.19\xstream-1.4.19.jar;C:\Users\Siti Nurlatipah\.m2\repository\io\github\x-stream\mxparser\1.2.2\mxparser-1.2.2.jar;C:\Users\Siti Nurlatipah\.m2\repository\xmlpull\xmlpull\1.1.3.1\xmlpull-1.1.3.1.jar;C:\Users\Siti Nurlatipah\.m2\repository\io\cucumber\cucumber-java\7.2.3\cucumber-java-7.2.3.jar;C:\Users\Siti Nurlatipah\.m2\repository\com\typesafe\config\1.4.2\config-1.4.2.jar;C:\Users\Siti Nurlatipah\.m2\repository\org\imgscalr\imgscalr-lib\4.2\imgscalr-lib-4.2.jar;C:\Users\Siti Nurlatipah\.m2\repository\org\awaitility\awaitility\4.2.0\awaitility-4.2.0.jar;C:\Users\Siti Nurlatipah\.m2\repository\org\freemarker\freemarker\2.3.31\freemarker-2.3.31.jar;C:\Users\Siti Nurlatipah\.m2\repository\io\github\classgraph\classgraph\4.8.138\classgraph-4.8.138.jar;C:\Users\Siti Nurlatipah\.m2\repository\net\sourceforge\jexcelapi\jxl\2.6.12\jxl-2.6.12.jar;C:\Users\Siti Nurlatipah\.m2\repository\net\bytebuddy\byte-buddy\1.12.8\byte-buddy-1.12.8.jar;C:\Users\Siti Nurlatipah\.m2\repository\net\bytebuddy\byte-buddy-agent\1.12.8\byte-buddy-agent-1.12.8.jar;C:\Users\Siti Nurlatipah\.m2\repository\org\objenesis\objenesis\3.1\objenesis-3.1.jar;C:\Users\Siti Nurlatipah\.m2\repository\net\serenity-bdd\serenity-reports\3.2.1\serenity-reports-3.2.1.jar;C:\Users\Siti Nurlatipah\.m2\repository\net\serenity-bdd\serenity-stats\3.2.1\serenity-stats-3.2.1.jar;C:\Users\Siti Nurlatipah\.m2\repository\net\serenity-bdd\serenity-reports-configuration\3.2.1\serenity-reports-configuration-3.2.1.jar;C:\Users\Siti Nurlatipah\.m2\repository\com\vladsch\flexmark\flexmark-all\0.34.30\flexmark-all-0.34.30.jar;C:\Users\Siti Nurlatipah\.m2\repository\com\vladsch\flexmark\flexmark\0.34.30\flexmark-0.34.30.jar;C:\Users\Siti Nurlatipah\.m2\repository\com\vladsch\flexmark\flexmark-ext-abbreviation\0.34.30\flexmark-ext-abbreviation-0.34.30.jar;C:\Users\Siti Nurlatipah\.m2\repository\com\vladsch\flexmark\flexmark-ext-admonition\0.34.30\flexmark-ext-admonition-0.34.30.jar;C:\Users\Siti Nurlatipah\.m2\repository\com\vladsch\flexmark\flexmark-ext-anchorlink\0.34.30\flexmark-ext-anchorlink-0.34.30.jar;C:\Users\Siti Nurlatipah\.m2\repository\com\vladsch\flexmark\flexmark-ext-aside\0.34.30\flexmark-ext-aside-0.34.30.jar;C:\Users\Siti Nurlatipah\.m2\repository\com\vladsch\flexmark\flexmark-ext-attributes\0.34.30\flexmark-ext-attributes-0.34.30.jar;C:\Users\Siti Nurlatipah\.m2\repository\com\vladsch\flexmark\flexmark-ext-autolink\0.34.30\flexmark-ext-autolink-0.34.30.jar;C:\Users\Siti Nurlatipah\.m2\repository\org\nibor\autolink\autolink\0.6.0\autolink-0.6.0.jar;C:\Users\Siti Nurlatipah\.m2\repository\com\vladsch\flexmark\flexmark-ext-definition\0.34.30\flexmark-ext-definition-0.34.30.jar;C:\Users\Siti Nurlatipah\.m2\repository\com\vladsch\flexmark\flexmark-ext-emoji\0.34.30\flexmark-ext-emoji-0.34.30.jar;C:\Users\Siti Nurlatipah\.m2\repository\com\vladsch\flexmark\flexmark-ext-enumerated-reference\0.34.30\flexmark-ext-enumerated-reference-0.34.30.jar;C:\Users\Siti Nurlatipah\.m2\repository\com\vladsch\flexmark\flexmark-ext-escaped-character\0.34.30\flexmark-ext-escaped-character-0.34.30.jar;C:\Users\Siti Nurlatipah\.m2\repository\com\vladsch\flexmark\flexmark-ext-footnotes\0.34.30\flexmark-ext-footnotes-0.34.30.jar;C:\Users\Siti Nurlatipah\.m2\repository\com\vladsch\flexmark\flexmark-ext-gfm-issues\0.34.30\flexmark-ext-gfm-issues-0.34.30.jar;C:\Users\Siti Nurlatipah\.m2\repository\com\vladsch\flexmark\flexmark-ext-gfm-strikethrough\0.34.30\flexmark-ext-gfm-strikethrough-0.34.30.jar;C:\Users\Siti Nurlatipah\.m2\repository\com\vladsch\flexmark\flexmark-ext-gfm-tables\0.34.30\flexmark-ext-gfm-tables-0.34.30.jar;C:\Users\Siti Nurlatipah\.m2\repository\com\vladsch\flexmark\flexmark-ext-gfm-tasklist\0.34.30\flexmark-ext-gfm-tasklist-0.34.30.jar;C:\Users\Siti Nurlatipah\.m2\repository\com\vladsch\flexmark\flexmark-ext-gfm-users\0.34.30\flexmark-ext-gfm-users-0.34.30.jar;C:\Users\Siti Nurlatipah\.m2\repository\com\vladsch\flexmark\flexmark-ext-gitlab\0.34.30\flexmark-ext-gitlab-0.34.30.jar;C:\Users\Siti Nurlatipah\.m2\repository\com\vladsch\flexmark\flexmark-ext-jekyll-front-matter\0.34.30\flexmark-ext-jekyll-front-matter-0.34.30.jar;C:\Users\Siti Nurlatipah\.m2\repository\com\vladsch\flexmark\flexmark-ext-jekyll-tag\0.34.30\flexmark-ext-jekyll-tag-0.34.30.jar;C:\Users\Siti Nurlatipah\.m2\repository\com\vladsch\flexmark\flexmark-ext-media-tags\0.34.30\flexmark-ext-media-tags-0.34.30.jar;C:\Users\Siti Nurlatipah\.m2\repository\com\vladsch\flexmark\flexmark-test-util\0.34.30\flexmark-test-util-0.34.30.jar;C:\Users\Siti Nurlatipah\.m2\repository\com\vladsch\flexmark\flexmark-ext-ins\0.34.30\flexmark-ext-ins-0.34.30.jar;C:\Users\Siti Nurlatipah\.m2\repository\com\vladsch\flexmark\flexmark-ext-xwiki-macros\0.34.30\flexmark-ext-xwiki-macros-0.34.30.jar;C:\Users\Siti Nurlatipah\.m2\repository\com\vladsch\flexmark\flexmark-ext-superscript\0.34.30\flexmark-ext-superscript-0.34.30.jar;C:\Users\Siti Nurlatipah\.m2\repository\com\vladsch\flexmark\flexmark-ext-tables\0.34.30\flexmark-ext-tables-0.34.30.jar;C:\Users\Siti Nurlatipah\.m2\repository\com\vladsch\flexmark\flexmark-ext-toc\0.34.30\flexmark-ext-toc-0.34.30.jar;C:\Users\Siti Nurlatipah\.m2\repository\com\vladsch\flexmark\flexmark-ext-typographic\0.34.30\flexmark-ext-typographic-0.34.30.jar;C:\Users\Siti Nurlatipah\.m2\repository\com\vladsch\flexmark\flexmark-ext-wikilink\0.34.30\flexmark-ext-wikilink-0.34.30.jar;C:\Users\Siti Nurlatipah\.m2\repository\com\vladsch\flexmark\flexmark-ext-yaml-front-matter\0.34.30\flexmark-ext-yaml-front-matter-0.34.30.jar;C:\Users\Siti Nurlatipah\.m2\repository\com\vladsch\flexmark\flexmark-ext-youtube-embedded\0.34.30\flexmark-ext-youtube-embedded-0.34.30.jar;C:\Users\Siti Nurlatipah\.m2\repository\com\vladsch\flexmark\flexmark-formatter\0.34.30\flexmark-formatter-0.34.30.jar;C:\Users\Siti Nurlatipah\.m2\repository\com\vladsch\flexmark\flexmark-html-parser\0.34.30\flexmark-html-parser-0.34.30.jar;C:\Users\Siti Nurlatipah\.m2\repository\com\vladsch\flexmark\flexmark-jira-converter\0.34.30\flexmark-jira-converter-0.34.30.jar;C:\Users\Siti Nurlatipah\.m2\repository\com\vladsch\flexmark\flexmark-pdf-converter\0.34.30\flexmark-pdf-converter-0.34.30.jar;C:\Users\Siti Nurlatipah\.m2\repository\com\openhtmltopdf\openhtmltopdf-core\0.0.1-RC13\openhtmltopdf-core-0.0.1-RC13.jar;C:\Users\Siti Nurlatipah\.m2\repository\com\openhtmltopdf\openhtmltopdf-pdfbox\0.0.1-RC13\openhtmltopdf-pdfbox-0.0.1-RC13.jar;C:\Users\Siti Nurlatipah\.m2\repository\org\apache\pdfbox\pdfbox\2.0.8\pdfbox-2.0.8.jar;C:\Users\Siti Nurlatipah\.m2\repository\org\apache\pdfbox\fontbox\2.0.8\fontbox-2.0.8.jar;C:\Users\Siti Nurlatipah\.m2\repository\commons-logging\commons-logging\1.2\commons-logging-1.2.jar;C:\Users\Siti Nurlatipah\.m2\repository\org\apache\pdfbox\xmpbox\2.0.8\xmpbox-2.0.8.jar;C:\Users\Siti Nurlatipah\.m2\repository\de\rototor\pdfbox\graphics2d\0.12\graphics2d-0.12.jar;C:\Users\Siti Nurlatipah\.m2\repository\com\openhtmltopdf\openhtmltopdf-rtl-support\0.0.1-RC13\openhtmltopdf-rtl-support-0.0.1-RC13.jar;C:\Users\Siti Nurlatipah\.m2\repository\com\ibm\icu\icu4j\59.1\icu4j-59.1.jar;C:\Users\Siti Nurlatipah\.m2\repository\com\openhtmltopdf\openhtmltopdf-jsoup-dom-converter\0.0.1-RC13\openhtmltopdf-jsoup-dom-converter-0.0.1-RC13.jar;C:\Users\Siti Nurlatipah\.m2\repository\com\vladsch\flexmark\flexmark-profile-pegdown\0.34.30\flexmark-profile-pegdown-0.34.30.jar;C:\Users\Siti Nurlatipah\.m2\repository\com\vladsch\flexmark\flexmark-util\0.34.30\flexmark-util-0.34.30.jar;C:\Users\Siti Nurlatipah\.m2\repository\com\vladsch\flexmark\flexmark-youtrack-converter\0.34.30\flexmark-youtrack-converter-0.34.30.jar;C:\Users\Siti Nurlatipah\.m2\repository\es\nitaur\markdown\txtmark\0.16\txtmark-0.16.jar;C:\Users\Siti Nurlatipah\.m2\repository\net\serenity-bdd\serenity-report-resources\3.2.1\serenity-report-resources-3.2.1.jar;C:\Users\Siti Nurlatipah\.m2\repository\com\google\code\gson\gson\2.9.0\gson-2.9.0.jar;C:\Users\Siti Nurlatipah\.m2\repository\com\fasterxml\jackson\core\jackson-core\2.13.2\jackson-core-2.13.2.jar;C:\Users\Siti Nurlatipah\.m2\repository\com\fasterxml\jackson\core\jackson-databind\2.13.2\jackson-databind-2.13.2.jar;C:\Users\Siti Nurlatipah\.m2\repository\com\fasterxml\jackson\core\jackson-annotations\2.13.2\jackson-annotations-2.13.2.jar;C:\Users\Siti Nurlatipah\.m2\repository\commons-codec\commons-codec\1.15\commons-codec-1.15.jar;C:\Users\Siti Nurlatipah\.m2\repository\commons-io\commons-io\2.11.0\commons-io-2.11.0.jar;C:\Users\Siti Nurlatipah\.m2\repository\org\seleniumhq\selenium\selenium-java\4.1.2\selenium-java-4.1.2.jar;C:\Users\Siti Nurlatipah\.m2\repository\org\seleniumhq\selenium\selenium-devtools-v85\4.1.2\selenium-devtools-v85-4.1.2.jar;C:\Users\Siti Nurlatipah\.m2\repository\org\seleniumhq\selenium\selenium-devtools-v95\4.1.2\selenium-devtools-v95-4.1.2.jar;C:\Users\Siti Nurlatipah\.m2\repository\org\seleniumhq\selenium\selenium-devtools-v96\4.1.2\selenium-devtools-v96-4.1.2.jar;C:\Users\Siti Nurlatipah\.m2\repository\org\seleniumhq\selenium\selenium-devtools-v97\4.1.2\selenium-devtools-v97-4.1.2.jar;C:\Users\Siti Nurlatipah\.m2\repository\org\seleniumhq\selenium\selenium-firefox-xpi-driver\4.1.2\selenium-firefox-xpi-driver-4.1.2.jar;C:\Users\Siti Nurlatipah\.m2\repository\org\seleniumhq\selenium\selenium-opera-driver\4.1.2\selenium-opera-driver-4.1.2.jar;C:\Users\Siti Nurlatipah\.m2\repository\org\seleniumhq\selenium\selenium-remote-driver\4.1.2\selenium-remote-driver-4.1.2.jar;C:\Users\Siti Nurlatipah\.m2\repository\com\beust\jcommander\1.82\jcommander-1.82.jar;C:\Users\Siti Nurlatipah\.m2\repository\io\netty\netty-buffer\4.1.73.Final\netty-buffer-4.1.73.Final.jar;C:\Users\Siti Nurlatipah\.m2\repository\io\netty\netty-codec-http\4.1.73.Final\netty-codec-http-4.1.73.Final.jar;C:\Users\Siti Nurlatipah\.m2\repository\io\netty\netty-codec\4.1.73.Final\netty-codec-4.1.73.Final.jar;C:\Users\Siti Nurlatipah\.m2\repository\io\netty\netty-handler\4.1.73.Final\netty-handler-4.1.73.Final.jar;C:\Users\Siti Nurlatipah\.m2\repository\io\netty\netty-tcnative-classes\2.0.46.Final\netty-tcnative-classes-2.0.46.Final.jar;C:\Users\Siti Nurlatipah\.m2\repository\io\netty\netty-common\4.1.73.Final\netty-common-4.1.73.Final.jar;C:\Users\Siti Nurlatipah\.m2\repository\io\netty\netty-transport-classes-epoll\4.1.73.Final\netty-transport-classes-epoll-4.1.73.Final.jar;C:\Users\Siti Nurlatipah\.m2\repository\io\netty\netty-transport-classes-kqueue\4.1.73.Final\netty-transport-classes-kqueue-4.1.73.Final.jar;C:\Users\Siti Nurlatipah\.m2\repository\io\netty\netty-transport-native-epoll\4.1.73.Final\netty-transport-native-epoll-4.1.73.Final.jar;C:\Users\Siti Nurlatipah\.m2\repository\io\netty\netty-transport-native-kqueue\4.1.73.Final\netty-transport-native-kqueue-4.1.73.Final.jar;C:\Users\Siti Nurlatipah\.m2\repository\io\netty\netty-transport-native-unix-common\4.1.73.Final\netty-transport-native-unix-common-4.1.73.Final.jar;C:\Users\Siti Nurlatipah\.m2\repository\io\netty\netty-transport\4.1.73.Final\netty-transport-4.1.73.Final.jar;C:\Users\Siti Nurlatipah\.m2\repository\io\netty\netty-resolver\4.1.73.Final\netty-resolver-4.1.73.Final.jar;C:\Users\Siti Nurlatipah\.m2\repository\io\opentelemetry\opentelemetry-api\1.10.1\opentelemetry-api-1.10.1.jar;C:\Users\Siti Nurlatipah\.m2\repository\io\opentelemetry\opentelemetry-context\1.10.1\opentelemetry-context-1.10.1.jar;C:\Users\Siti Nurlatipah\.m2\repository\io\opentelemetry\opentelemetry-exporter-logging\1.10.1\opentelemetry-exporter-logging-1.10.1.jar;C:\Users\Siti Nurlatipah\.m2\repository\io\opentelemetry\opentelemetry-sdk-metrics\1.10.1-alpha\opentelemetry-sdk-metrics-1.10.1-alpha.jar;C:\Users\Siti Nurlatipah\.m2\repository\io\opentelemetry\opentelemetry-sdk-logs\1.10.1-alpha\opentelemetry-sdk-logs-1.10.1-alpha.jar;C:\Users\Siti Nurlatipah\.m2\repository\io\opentelemetry\opentelemetry-sdk-common\1.10.1\opentelemetry-sdk-common-1.10.1.jar;C:\Users\Siti Nurlatipah\.m2\repository\io\opentelemetry\opentelemetry-sdk-extension-autoconfigure-spi\1.10.1\opentelemetry-sdk-extension-autoconfigure-spi-1.10.1.jar;C:\Users\Siti Nurlatipah\.m2\repository\io\opentelemetry\opentelemetry-sdk-extension-autoconfigure\1.10.1-alpha\opentelemetry-sdk-extension-autoconfigure-1.10.1-alpha.jar;C:\Users\Siti Nurlatipah\.m2\repository\io\opentelemetry\opentelemetry-sdk-trace\1.10.1\opentelemetry-sdk-trace-1.10.1.jar;C:\Users\Siti Nurlatipah\.m2\repository\io\opentelemetry\opentelemetry-sdk\1.10.1\opentelemetry-sdk-1.10.1.jar;C:\Users\Siti Nurlatipah\.m2\repository\io\opentelemetry\opentelemetry-semconv\1.10.1-alpha\opentelemetry-semconv-1.10.1-alpha.jar;C:\Users\Siti Nurlatipah\.m2\repository\io\ous\jtoml\2.0.0\jtoml-2.0.0.jar;C:\Users\Siti Nurlatipah\.m2\repository\org\apache\commons\commons-exec\1.3\commons-exec-1.3.jar;C:\Users\Siti Nurlatipah\.m2\repository\org\asynchttpclient\async-http-client\2.12.3\async-http-client-2.12.3.jar;C:\Users\Siti Nurlatipah\.m2\repository\org\asynchttpclient\async-http-client-netty-utils\2.12.3\async-http-client-netty-utils-2.12.3.jar;C:\Users\Siti Nurlatipah\.m2\repository\io\netty\netty-codec-socks\4.1.60.Final\netty-codec-socks-4.1.60.Final.jar;C:\Users\Siti Nurlatipah\.m2\repository\io\netty\netty-handler-proxy\4.1.60.Final\netty-handler-proxy-4.1.60.Final.jar;C:\Users\Siti Nurlatipah\.m2\repository\io\netty\netty-transport-native-epoll\4.1.60.Final\netty-transport-native-epoll-4.1.60.Final-linux-x86_64.jar;C:\Users\Siti Nurlatipah\.m2\repository\io\netty\netty-transport-native-kqueue\4.1.60.Final\netty-transport-native-kqueue-4.1.60.Final-osx-x86_64.jar;C:\Users\Siti Nurlatipah\.m2\repository\org\reactivestreams\reactive-streams\1.0.3\reactive-streams-1.0.3.jar;C:\Users\Siti Nurlatipah\.m2\repository\com\typesafe\netty\netty-reactive-streams\2.0.4\netty-reactive-streams-2.0.4.jar;C:\Users\Siti Nurlatipah\.m2\repository\org\seleniumhq\selenium\selenium-http\4.1.2\selenium-http-4.1.2.jar;C:\Users\Siti Nurlatipah\.m2\repository\net\jodah\failsafe\2.4.4\failsafe-2.4.4.jar;C:\Users\Siti Nurlatipah\.m2\repository\org\seleniumhq\selenium\selenium-safari-driver\4.1.2\selenium-safari-driver-4.1.2.jar;C:\Users\Siti Nurlatipah\.m2\repository\org\seleniumhq\selenium\selenium-api\4.1.2\selenium-api-4.1.2.jar;C:\Users\Siti Nurlatipah\.m2\repository\org\seleniumhq\selenium\selenium-support\4.1.2\selenium-support-4.1.2.jar;C:\Users\Siti Nurlatipah\.m2\repository\com\google\auto\service\auto-service-annotations\1.0.1\auto-service-annotations-1.0.1.jar;C:\Users\Siti Nurlatipah\.m2\repository\com\google\auto\service\auto-service\1.0.1\auto-service-1.0.1.jar;C:\Users\Siti Nurlatipah\.m2\repository\com\google\auto\auto-common\1.2\auto-common-1.2.jar;C:\Users\Siti Nurlatipah\.m2\repository\org\seleniumhq\selenium\selenium-json\4.1.2\selenium-json-4.1.2.jar;C:\Users\Siti Nurlatipah\.m2\repository\org\seleniumhq\selenium\selenium-chrome-driver\4.1.2\selenium-chrome-driver-4.1.2.jar;C:\Users\Siti Nurlatipah\.m2\repository\org\seleniumhq\selenium\selenium-chromium-driver\4.1.2\selenium-chromium-driver-4.1.2.jar;C:\Users\Siti Nurlatipah\.m2\repository\org\seleniumhq\selenium\selenium-firefox-driver\4.1.2\selenium-firefox-driver-4.1.2.jar;C:\Users\Siti Nurlatipah\.m2\repository\org\seleniumhq\selenium\selenium-edge-driver\4.1.2\selenium-edge-driver-4.1.2.jar;C:\Users\Siti Nurlatipah\.m2\repository\org\seleniumhq\selenium\selenium-ie-driver\4.1.2\selenium-ie-driver-4.1.2.jar;C:\Users\Siti Nurlatipah\.m2\repository\org\projectlombok\lombok\1.18.20\lombok-1.18.20.jar;C:\Users\Siti Nurlatipah\.m2\repository\io\appium\java-client\8.0.0\java-client-8.0.0.jar;C:\Users\Siti Nurlatipah\.m2\repository\commons-validator\commons-validator\1.7\commons-validator-1.7.jar;C:\Users\Siti Nurlatipah\.m2\repository\commons-digester\commons-digester\2.1\commons-digester-2.1.jar;C:\Users\Siti Nurlatipah\.m2\repository\org\aspectj\aspectjweaver\1.9.8\aspectjweaver-1.9.8.jar;C:\Users\Siti Nurlatipah\.m2\repository\org\codehaus\groovy\groovy\3.0.10\groovy-3.0.10.jar;C:\Users\Siti Nurlatipah\.m2\repository\net\sf\opencsv\opencsv\2.0\opencsv-2.0.jar;C:\Users\Siti Nurlatipah\.m2\repository\commons-beanutils\commons-beanutils\1.9.4\commons-beanutils-1.9.4.jar;C:\Users\Siti Nurlatipah\.m2\repository\org\apache\commons\commons-lang3\3.12.0\commons-lang3-3.12.0.jar;C:\Users\Siti Nurlatipah\.m2\repository\commons-collections\commons-collections\3.2.2\commons-collections-3.2.2.jar;C:\Users\Siti Nurlatipah\.m2\repository\org\fluentlenium\fluentlenium-core\0.10.2\fluentlenium-core-0.10.2.jar;C:\Users\Siti Nurlatipah\.m2\repository\io\github\bonigarcia\webdrivermanager\5.1.0\webdrivermanager-5.1.0.jar;C:\Users\Siti Nurlatipah\.m2\repository\com\github\docker-java\docker-java\3.2.13\docker-java-3.2.13.jar;C:\Users\Siti Nurlatipah\.m2\repository\com\github\docker-java\docker-java-core\3.2.13\docker-java-core-3.2.13.jar;C:\Users\Siti Nurlatipah\.m2\repository\com\github\docker-java\docker-java-api\3.2.13\docker-java-api-3.2.13.jar;C:\Users\Siti Nurlatipah\.m2\repository\org\apache\commons\commons-compress\1.21\commons-compress-1.21.jar;C:\Users\Siti Nurlatipah\.m2\repository\org\bouncycastle\bcpkix-jdk15on\1.64\bcpkix-jdk15on-1.64.jar;C:\Users\Siti Nurlatipah\.m2\repository\org\bouncycastle\bcprov-jdk15on\1.64\bcprov-jdk15on-1.64.jar;C:\Users\Siti Nurlatipah\.m2\repository\org\slf4j\jcl-over-slf4j\1.7.30\jcl-over-slf4j-1.7.30.jar;C:\Users\Siti Nurlatipah\.m2\repository\com\github\docker-java\docker-java-transport-httpclient5\3.2.13\docker-java-transport-httpclient5-3.2.13.jar;C:\Users\Siti Nurlatipah\.m2\repository\com\github\docker-java\docker-java-transport\3.2.13\docker-java-transport-3.2.13.jar;C:\Users\Siti Nurlatipah\.m2\repository\org\apache\httpcomponents\client5\httpclient5\5.0.3\httpclient5-5.0.3.jar;C:\Users\Siti Nurlatipah\.m2\repository\org\apache\httpcomponents\core5\httpcore5\5.0.2\httpcore5-5.0.2.jar;C:\Users\Siti Nurlatipah\.m2\repository\net\java\dev\jna\jna\5.8.0\jna-5.8.0.jar;C:\Users\Siti Nurlatipah\.m2\repository\org\brotli\dec\0.1.2\dec-0.1.2.jar;C:\Users\Siti Nurlatipah\.m2\repository\com\jhlabs\filters\2.0.235\filters-2.0.235.jar;C:\Users\Siti Nurlatipah\.m2\repository\com\paulhammant\ngwebdriver\1.1.6\ngwebdriver-1.1.6.jar;C:\Users\Siti Nurlatipah\.m2\repository\joda-time\joda-time\2.8.2\joda-time-2.8.2.jar;C:\Users\Siti Nurlatipah\.m2\repository\org\hamcrest\hamcrest\2.2\hamcrest-2.2.jar;C:\Users\Siti Nurlatipah\.m2\repository\com\google\jimfs\jimfs\1.2\jimfs-1.2.jar;C:\Users\Siti Nurlatipah\.m2\repository\org\mockito\mockito-core\3.3.3\mockito-core-3.3.3.jar;C:\Users\Siti Nurlatipah\.m2\repository\javax\xml\bind\jaxb-api\2.3.1\jaxb-api-2.3.1.jar;C:\Users\Siti Nurlatipah\.m2\repository\javax\activation\javax.activation-api\1.2.0\javax.activation-api-1.2.0.jar;C:\Users\Siti Nurlatipah\.m2\repository\com\sun\xml\bind\jaxb-core\2.3.0.1\jaxb-core-2.3.0.1.jar;C:\Users\Siti Nurlatipah\.m2\repository\com\sun\xml\bind\jaxb-impl\2.3.3\jaxb-impl-2.3.3.jar;C:\Users\Siti Nurlatipah\.m2\repository\jakarta\xml\bind\jakarta.xml.bind-api\2.3.3\jakarta.xml.bind-api-2.3.3.jar;C:\Users\Siti Nurlatipah\.m2\repository\com\sun\activation\jakarta.activation\1.2.2\jakarta.activation-1.2.2.jar;C:\Users\Siti Nurlatipah\.m2\repository\javax\activation\activation\1.1.1\activation-1.1.1.jar;C:\Users\Siti Nurlatipah\.m2\repository\net\serenity-bdd\serenity-cucumber\3.2.1\serenity-cucumber-3.2.1.jar;C:\Users\Siti Nurlatipah\.m2\repository\io\cucumber\cucumber-core\7.2.3\cucumber-core-7.2.3.jar;C:\Users\Siti Nurlatipah\.m2\repository\io\cucumber\cucumber-gherkin\7.2.3\cucumber-gherkin-7.2.3.jar;C:\Users\Siti Nurlatipah\.m2\repository\io\cucumber\cucumber-gherkin-messages\7.2.3\cucumber-gherkin-messages-7.2.3.jar;C:\Users\Siti Nurlatipah\.m2\repository\io\cucumber\messages\17.1.1\messages-17.1.1.jar;C:\Users\Siti Nurlatipah\.m2\repository\io\cucumber\tag-expressions\4.1.0\tag-expressions-4.1.0.jar;C:\Users\Siti Nurlatipah\.m2\repository\io\cucumber\cucumber-expressions\15.0.1\cucumber-expressions-15.0.1.jar;C:\Users\Siti Nurlatipah\.m2\repository\io\cucumber\datatable\7.2.3\datatable-7.2.3.jar;C:\Users\Siti Nurlatipah\.m2\repository\io\cucumber\cucumber-plugin\7.2.3\cucumber-plugin-7.2.3.jar;C:\Users\Siti Nurlatipah\.m2\repository\io\cucumber\docstring\7.2.3\docstring-7.2.3.jar;C:\Users\Siti Nurlatipah\.m2\repository\io\cucumber\html-formatter\17.0.0\html-formatter-17.0.0.jar;C:\Users\Siti Nurlatipah\.m2\repository\io\cucumber\ci-environment\8.1.0\ci-environment-8.1.0.jar;C:\Users\Siti Nurlatipah\.m2\repository\io\cucumber\cucumber-junit\7.2.3\cucumber-junit-7.2.3.jar;C:\Users\Siti Nurlatipah\.m2\repository\org\apache\commons\commons-csv\1.5\commons-csv-1.5.jar;C:\Users\Siti Nurlatipah\.m2\repository\net\serenity-bdd\serenity-screenplay\3.2.1\serenity-screenplay-3.2.1.jar;C:\Users\Siti Nurlatipah\.m2\repository\net\serenity-bdd\serenity-screenplay-webdriver\3.2.1\serenity-screenplay-webdriver-3.2.1.jar;C:\Users\Siti Nurlatipah\.m2\repository\net\serenity-bdd\serenity-ensure\3.2.1\serenity-ensure-3.2.1.jar;C:\Users\Siti Nurlatipah\.m2\repository\net\serenity-bdd\serenity-junit\3.2.1\serenity-junit-3.2.1.jar;C:\Users\Siti Nurlatipah\.m2\repository\org\jetbrains\kotlin\kotlin-stdlib\1.6.0\kotlin-stdlib-1.6.0.jar;C:\Users\Siti Nurlatipah\.m2\repository\org\jetbrains\annotations\13.0\annotations-13.0.jar;C:\Users\Siti Nurlatipah\.m2\repository\org\jetbrains\kotlin\kotlin-stdlib-common\1.6.0\kotlin-stdlib-common-1.6.0.jar;C:\Users\Siti Nurlatipah\.m2\repository\org\junit\platform\junit-platform-launcher\1.8.1\junit-platform-launcher-1.8.1.jar;C:\Users\Siti Nurlatipah\.m2\repository\org\junit\platform\junit-platform-engine\1.8.1\junit-platform-engine-1.8.1.jar;C:\Users\Siti Nurlatipah\.m2\repository\org\opentest4j\opentest4j\1.2.0\opentest4j-1.2.0.jar;C:\Users\Siti Nurlatipah\.m2\repository\org\junit\platform\junit-platform-commons\1.8.1\junit-platform-commons-1.8.1.jar;C:\Users\Siti Nurlatipah\.m2\repository\org\apiguardian\apiguardian-api\1.1.2\apiguardian-api-1.1.2.jar;C:\Users\Siti Nurlatipah\.m2\repository\org\junit\jupiter\junit-jupiter-engine\5.8.2\junit-jupiter-engine-5.8.2.jar;C:\Users\Siti Nurlatipah\.m2\repository\org\junit\jupiter\junit-jupiter-api\5.8.2\junit-jupiter-api-5.8.2.jar;C:\Users\Siti Nurlatipah\.m2\repository\com\github\javafaker\javafaker\1.0.2\javafaker-1.0.2.jar;C:\Users\Siti Nurlatipah\.m2\repository\org\yaml\snakeyaml\1.23\snakeyaml-1.23-android.jar;C:\Users\Siti Nurlatipah\.m2\repository\com\github\mifmif\generex\1.0.2\generex-1.0.2.jar;C:\Users\Siti Nurlatipah\.m2\repository\dk\brics\automaton\automaton\1.11-8\automaton-1.11-8.jar;C:\Users\Siti Nurlatipah\.m2\repository\org\junit\vintage\junit-vintage-engine\5.8.2\junit-vintage-engine-5.8.2.jar;C:\Users\Siti Nurlatipah\.m2\repository\junit\junit\4.13.2\junit-4.13.2.jar;C:\Users\Siti Nurlatipah\.m2\repository\org\hamcrest\hamcrest-core\1.3\hamcrest-core-1.3.jar;C:\Users\Siti Nurlatipah\.m2\repository\ch\qos\logback\logback-classic\1.2.10\logback-classic-1.2.10.jar;C:\Users\Siti Nurlatipah\.m2\repository\ch\qos\logback\logback-core\1.2.10\logback-core-1.2.10.jar;C:\Users\Siti Nurlatipah\.m2\repository\org\slf4j\slf4j-api\1.7.32\slf4j-api-1.7.32.jar;C:\Users\Siti Nurlatipah\.m2\repository\org\assertj\assertj-core\3.6.2\assertj-core-3.6.2.jar;C:\Users\Siti Nurlatipah\.m2\repository\org\apache\maven\surefire\surefire-junit-platform\3.0.0-M5\surefire-junit-platform-3.0.0-M5.jar;C:\Users\Siti Nurlatipah\.m2\repository\org\apache\maven\surefire\common-java5\3.0.0-M5\common-java5-3.0.0-M5.jar"/>
    <property name="user.script" value=""/>
    <property name="java.protocol.handler.pkgs" value="com.google.common"/>
    <property name="sun.management.compiler" value="HotSpot 64-Bit Tiered Compilers"/>
    <property name="java.runtime.version" value="11.0.14+8-LTS-263"/>
    <property name="user.name" value="Siti Nurlatipah"/>
    <property name="path.separator" value=";"/>
    <property name="os.version" value="10.0"/>
    <property name="java.runtime.name" value="Java(TM) SE Runtime Environment"/>
    <property name="file.encoding" value="Cp1252"/>
    <property name="java.vm.name" value="Java HotSpot(TM) 64-Bit Server VM"/>
    <property name="java.vendor.version" value="18.9"/>
    <property name="localRepository" value="C:\Users\Siti Nurlatipah\.m2\repository"/>
    <property name="java.vendor.url.bug" value="https://bugreport.java.com/bugreport/"/>
    <property name="java.io.tmpdir" value="C:\Users\SITINU~1\AppData\Local\Temp\"/>
    <property name="java.version" value="11.0.14"/>
    <property name="user.dir" value="D:\Mini Project-QE Alta\Web Automation\FrontEnd-AltaShop"/>
    <property name="os.arch" value="amd64"/>
    <property name="java.vm.specification.name" value="Java Virtual Machine Specification"/>
    <property name="java.awt.printerjob" value="sun.awt.windows.WPrinterJob"/>
    <property name="sun.os.patch.level" value=""/>
    <property name="java.library.path" value="C:\Program Files\Java\jdk-11.0.14\bin;C:\windows\Sun\Java\bin;C:\windows\system32;C:\windows;C:\Program Files\Common Files\Oracle\Java\javapath;C:\windows\system32;C:\windows;C:\windows\System32\Wbem;C:\windows\System32\WindowsPowerShell\v1.0\;C:\windows\System32\OpenSSH\;C:\Program Files\Git\cmd;C:\Program Files\apache-maven-3.8.5\bin;C:\Program Files\Java\jdk1.8.0_221\bin;C:\Users\Siti Nurlatipah\webdriver;C:\Program Files\nodejs\;C:\Users\Siti Nurlatipah\AppData\Local\Android\Sdk\platform-tools;C:\Users\Siti Nurlatipah\AppData\Local\Android\Sdk\emulator;C:\Users\Siti Nurlatipah\AppData\Local\Microsoft\WindowsApps;C:\Users\Siti Nurlatipah\AppData\Local\Programs\Microsoft VS Code\bin;C:\Program Files\Java\jdk-11.0.14;C:\Users\Siti Nurlatipah\AppData\Roaming\npm;C:\Users\Siti Nurlatipah\AppData\Local\Android\Sdk\emulator;C:\Users\Siti Nurlatipah\AppData\Local\Android\Sdk\platform-tools;C:\Program Files\Java\jdk-11.0.14\bin;C:\Program Files\apache-maven-3.8.5\bin;;."/>
    <property name="java.vendor" value="Oracle Corporation"/>
    <property name="java.vm.info" value="mixed mode"/>
    <property name="java.vm.version" value="11.0.14+8-LTS-263"/>
    <property name="sun.io.unicode.encoding" value="UnicodeLittle"/>
    <property name="java.class.version" value="55.0"/>
  </properties>
  <testcase name="As a user, i have able to buy a product and add to chart" classname="Buy Product" time="32.109">
    <system-out><![CDATA[23:23:05.423 [main] INFO io.cucumber.core.plugin.SerenityReporter - Running feature from file:///D:/Mini%20Project-QE%20Alta/Web%20Automation/FrontEnd-AltaShop/src/test/resources/features/BuyProducts.feature
23:23:05.773 [main] INFO  - 

-------------------------------------------------------------------------------------
     _______. _______ .______       _______ .__   __.  __  .___________.____    ____ 
    /       ||   ____||   _  \     |   ____||  \ |  | |  | |           |\   \  /   / 
   |   (----`|  |__   |  |_)  |    |  |__   |   \|  | |  | `---|  |----` \   \/   /  
    \   \    |   __|  |      /     |   __|  |  . `  | |  |     |  |       \_    _/   
.----)   |   |  |____ |  |\  \----.|  |____ |  |\   | |  |     |  |         |  |     
|_______/    |_______|| _| `._____||_______||__| \__| |__|     |__|         |__|    
                                                                                     
 News and tutorials at http://www.serenity-bdd.info                                  
 Documentation at https://wakaleo.gitbooks.io/the-serenity-book/content/             
 Join the Serenity Community on Gitter: https://gitter.im/serenity-bdd/serenity-core 
 Serenity BDD Support and Training at http://serenity-bdd.info/#/trainingandsupport  
-------------------------------------------------------------------------------------

23:23:05.780 [main] DEBUG net.thucydides.core.steps.StepEventBus - Test suite started for story net.thucydides.core.model.Story@b6b7434a
23:23:05.786 [main] INFO  - Test Suite Started: Buy Product
23:23:05.818 [main] INFO io.cucumber.core.plugin.SerenityReporter - Running feature from file:///D:/Mini%20Project-QE%20Alta/Web%20Automation/FrontEnd-AltaShop/src/test/resources/features/Homepage.feature
23:23:05.829 [main] DEBUG net.thucydides.core.steps.StepEventBus - Test suite started for story net.thucydides.core.model.Story@2c76fee8
23:23:05.834 [main] INFO  - Test Suite Started: Homepage
23:23:05.835 [main] INFO io.cucumber.core.plugin.SerenityReporter - Running feature from file:///D:/Mini%20Project-QE%20Alta/Web%20Automation/FrontEnd-AltaShop/src/test/resources/features/Login.feature
23:23:05.851 [main] DEBUG net.thucydides.core.steps.StepEventBus - Test suite started for story net.thucydides.core.model.Story@23282f08
23:23:05.853 [main] INFO  - Test Suite Started: Login
23:23:05.853 [main] INFO io.cucumber.core.plugin.SerenityReporter - Running feature from file:///D:/Mini%20Project-QE%20Alta/Web%20Automation/FrontEnd-AltaShop/src/test/resources/features/Logout.feature
23:23:05.866 [main] DEBUG net.thucydides.core.steps.StepEventBus - Test suite started for story net.thucydides.core.model.Story@7960de68
23:23:05.868 [main] INFO  - Test Suite Started: Logout
23:23:05.868 [main] INFO io.cucumber.core.plugin.SerenityReporter - Running feature from file:///D:/Mini%20Project-QE%20Alta/Web%20Automation/FrontEnd-AltaShop/src/test/resources/features/Order.feature
23:23:05.879 [main] DEBUG net.thucydides.core.steps.StepEventBus - Test suite started for story net.thucydides.core.model.Story@cc4b76a8
23:23:05.880 [main] INFO  - Test Suite Started: Order
23:23:05.881 [main] INFO io.cucumber.core.plugin.SerenityReporter - Running feature from file:///D:/Mini%20Project-QE%20Alta/Web%20Automation/FrontEnd-AltaShop/src/test/resources/features/Register.feature
23:23:05.892 [main] DEBUG net.thucydides.core.steps.StepEventBus - Test suite started for story net.thucydides.core.model.Story@30e75088
23:23:05.893 [main] INFO  - Test Suite Started: Register
23:23:05.893 [main] INFO io.cucumber.core.plugin.SerenityReporter - Running feature from file:///D:/Mini%20Project-QE%20Alta/Web%20Automation/FrontEnd-AltaShop/src/test/resources/features/Transaction.feature
23:23:05.905 [main] DEBUG net.thucydides.core.steps.StepEventBus - Test suite started for story net.thucydides.core.model.Story@557d0d83
23:23:05.906 [main] INFO  - Test Suite Started: Register
23:23:05.908 [main] INFO io.cucumber.core.plugin.SerenityReporter - Running feature from file:///D:/Mini%20Project-QE%20Alta/Web%20Automation/FrontEnd-AltaShop/src/test/resources/features/BuyProducts.feature
23:23:05.917 [main] DEBUG net.thucydides.core.steps.StepEventBus - Test suite started for story net.thucydides.core.model.Story@b6b7434a
23:23:05.919 [main] INFO  - Test Suite Started: Buy Product

Scenario: As a user, i have able to buy a product and add to chart &amp#27;[90m# src/test/resources/features/BuyProducts.feature:3&amp#27;[0m
23:23:06.151 [main] INFO io.cucumber.core.plugin.SerenityReporter - Running feature from file:///D:/Mini%20Project-QE%20Alta/Web%20Automation/FrontEnd-AltaShop/src/test/resources/features/BuyProducts.feature
23:23:06.375 [main] INFO  - 
  _____   ___   ___   _____     ___   _____     _     ___   _____   ___   ___  
 |_   _| | __| / __| |_   _|   / __| |_   _|   /_\   | _ \ |_   _| | __| |   \ 
   | |   | _|  \__ \   | |     \__ \   | |    / _ \  |   /   | |   | _|  | |) |
   |_|   |___| |___/   |_|     |___/   |_|   /_/ \_\ |_|_\   |_|   |___| |___/ 

As a user, i have able to buy a product and add to chart(buy-product;as-a-user--i-have-able-to-buy-a-product-and-add-to-chart)
--------------------------------------------------------------------------------
23:23:08.211 [main] DEBUG net.thucydides.core.steps.StepInterceptor - STARTING STEP: BuyProductsStep.iAtLoginPage - onLoginPage
23:23:08.295 [main] INFO net.serenitybdd.core.webdriver.driverproviders.ChromeDriverProvider - Using automatically driver download
23:23:09.842 [main] DEBUG io.github.bonigarcia.wdm.cache.ResolutionCache - Resolution chrome=101 in cache (valid until 00:21:44 16/05/2022 ICT)
23:23:09.864 [main] DEBUG io.github.bonigarcia.wdm.cache.ResolutionCache - Resolution chrome101=101.0.4951.41 in cache (valid until 22:21:42 16/05/2022 ICT)
23:23:09.875 [main] INFO io.github.bonigarcia.wdm.WebDriverManager - Using chromedriver 101.0.4951.41 (resolved driver for Chrome 101)
23:23:09.927 [main] DEBUG io.github.bonigarcia.wdm.WebDriverManager - Driver chromedriver 101.0.4951.41 found in cache
23:23:09.931 [main] INFO io.github.bonigarcia.wdm.WebDriverManager - Exporting webdriver.chrome.driver as C:\Users\Siti Nurlatipah\.cache\selenium\chromedriver\win32\101.0.4951.41\chromedriver.exe
23:23:11.029 [main] DEBUG net.thucydides.core.reflection.ClassFinder - Could not load class .CucumberTestSuite
23:23:11.030 [main] DEBUG net.thucydides.core.reflection.ClassFinder - Could not load class .starter.BuyProducts
23:23:11.030 [main] DEBUG net.thucydides.core.reflection.ClassFinder - Could not load class .starter.Homepage
23:23:11.030 [main] DEBUG net.thucydides.core.reflection.ClassFinder - Could not load class .starter.Login
23:23:11.031 [main] DEBUG net.thucydides.core.reflection.ClassFinder - Could not load class .starter.Logout
23:23:11.031 [main] DEBUG net.thucydides.core.reflection.ClassFinder - Could not load class .starter.Order
23:23:11.031 [main] DEBUG net.thucydides.core.reflection.ClassFinder - Could not load class .starter.Register
23:23:11.031 [main] DEBUG net.thucydides.core.reflection.ClassFinder - Could not load class .starter.Transaction
23:23:11.031 [main] DEBUG net.thucydides.core.reflection.ClassFinder - Could not load class .stepdefinitions.BuyProductsStep
23:23:11.031 [main] DEBUG net.thucydides.core.reflection.ClassFinder - Could not load class .stepdefinitions.GiveRatingStep
23:23:11.031 [main] DEBUG net.thucydides.core.reflection.ClassFinder - Could not load class .stepdefinitions.LoginStep
23:23:11.032 [main] DEBUG net.thucydides.core.reflection.ClassFinder - Could not load class .stepdefinitions.LogoutStep
23:23:11.032 [main] DEBUG net.thucydides.core.reflection.ClassFinder - Could not load class .stepdefinitions.OrderStep
23:23:11.032 [main] DEBUG net.thucydides.core.reflection.ClassFinder - Could not load class .stepdefinitions.RegisterStep
23:23:11.032 [main] DEBUG net.thucydides.core.reflection.ClassFinder - Could not load class .stepdefinitions.TransactionStep
23:23:11.033 [main] DEBUG net.thucydides.core.reflection.ClassFinder - Could not load class META-INF.versions.9.com.sun.istack.logging.StackHelper
23:23:11.034 [main] DEBUG net.thucydides.core.reflection.ClassFinder - Could not load class META-INF.versions.9.com.sun.xml.bind.v2.runtime.reflect.opt.AccessorInjector
23:23:11.035 [main] DEBUG net.thucydides.core.reflection.ClassFinder - Could not load class META-INF.versions.9.com.sun.xml.bind.v2.runtime.reflect.opt.Injector
23:23:11.035 [main] DEBUG net.thucydides.core.reflection.ClassFinder - Could not load class META-INF.versions.9.com.sun.xml.bind.v2.runtime.reflect.opt.OptimizedAccessorFactory
23:23:11.036 [main] DEBUG net.thucydides.core.reflection.ClassFinder - Could not load class META-INF.versions.9.com.sun.xml.bind.v2.runtime.reflect.opt.OptimizedTransducedAccessorFactory
23:23:11.036 [main] DEBUG net.thucydides.core.reflection.ClassFinder - Could not load class META-INF.versions.9.io.opentelemetry.sdk.internal.CurrentJavaVersionSpecific
23:23:11.037 [main] DEBUG net.thucydides.core.reflection.ClassFinder - Could not load class META-INF.versions.9.io.opentelemetry.sdk.internal.Java9VersionSpecific
23:23:11.038 [main] DEBUG net.thucydides.core.reflection.ClassFinder - Could not load class META-INF.versions.9.javax.xml.bind.ModuleUtil
23:23:11.038 [main] DEBUG net.thucydides.core.reflection.ClassFinder - Could not load class META-INF.versions.9.module-info
23:23:11.040 [main] DEBUG net.thucydides.core.reflection.ClassFinder - Could not load class META-INF.versions.9.org.junit.platform.commons.util.ModuleUtils
23:23:11.704 [main] DEBUG net.thucydides.core.reflection.ClassFinder - Could not load class com.google.gson.internal.
23:23:12.109 [main] DEBUG net.thucydides.core.reflection.ClassFinder - Could not load class com.sun.xml.bind.v2.runtime.output.FastInfosetStreamWriterOutput
23:23:13.075 [main] DEBUG net.thucydides.core.reflection.ClassFinder - Could not load class module-info
23:23:18.571 [main] DEBUG io.netty.util.internal.logging.InternalLoggerFactory - Using SLF4J as the default logging framework
23:23:18.575 [main] DEBUG io.netty.util.ResourceLeakDetector - -Dio.netty.leakDetection.level: simple
23:23:18.576 [main] DEBUG io.netty.util.ResourceLeakDetector - -Dio.netty.leakDetection.targetRecords: 4
23:23:18.582 [main] DEBUG io.netty.util.ResourceLeakDetectorFactory - Loaded default ResourceLeakDetector: io.netty.util.ResourceLeakDetector@5de25642
23:23:18.612 [main] DEBUG io.netty.util.internal.PlatformDependent0 - -Dio.netty.noUnsafe: false
23:23:18.612 [main] DEBUG io.netty.util.internal.PlatformDependent0 - Java version: 11
23:23:18.613 [main] DEBUG io.netty.util.internal.PlatformDependent0 - sun.misc.Unsafe.theUnsafe: available
23:23:18.614 [main] DEBUG io.netty.util.internal.PlatformDependent0 - sun.misc.Unsafe.copyMemory: available
23:23:18.615 [main] DEBUG io.netty.util.internal.PlatformDependent0 - java.nio.Buffer.address: available
23:23:18.616 [main] DEBUG io.netty.util.internal.PlatformDependent0 - direct buffer constructor: unavailable: Reflective setAccessible(true) disabled
23:23:18.617 [main] DEBUG io.netty.util.internal.PlatformDependent0 - java.nio.Bits.unaligned: available, true
23:23:18.619 [main] DEBUG io.netty.util.internal.PlatformDependent0 - jdk.internal.misc.Unsafe.allocateUninitializedArray(int): unavailable: class io.netty.util.internal.PlatformDependent0$6 cannot access class jdk.internal.misc.Unsafe (in module java.base) because module java.base does not export jdk.internal.misc to unnamed module @2970a5bc
23:23:18.624 [main] DEBUG io.netty.util.internal.PlatformDependent0 - java.nio.DirectByteBuffer.<init>(long, int): unavailable
23:23:18.625 [main] DEBUG io.netty.util.internal.PlatformDependent - sun.misc.Unsafe: available
23:23:18.628 [main] DEBUG io.netty.util.internal.PlatformDependent - maxDirectMemory: 1579155456 bytes (maybe)
23:23:18.629 [main] DEBUG io.netty.util.internal.PlatformDependent - -Dio.netty.tmpdir: C:\Users\SITINU~1\AppData\Local\Temp (java.io.tmpdir)
23:23:18.630 [main] DEBUG io.netty.util.internal.PlatformDependent - -Dio.netty.bitMode: 64 (sun.arch.data.model)
23:23:18.630 [main] DEBUG io.netty.util.internal.PlatformDependent - Platform: Windows
23:23:18.632 [main] DEBUG io.netty.util.internal.PlatformDependent - -Dio.netty.maxDirectMemory: -1 bytes
23:23:18.632 [main] DEBUG io.netty.util.internal.PlatformDependent - -Dio.netty.uninitializedArrayAllocationThreshold: -1
23:23:18.634 [main] DEBUG io.netty.util.internal.CleanerJava9 - java.nio.ByteBuffer.cleaner(): available
23:23:18.634 [main] DEBUG io.netty.util.internal.PlatformDependent - -Dio.netty.noPreferDirect: false
23:23:18.648 [main] DEBUG io.netty.util.internal.PlatformDependent - org.jctools-core.MpscChunkedArrayQueue: available
23:23:18.682 [main] DEBUG io.netty.util.internal.InternalThreadLocalMap - -Dio.netty.threadLocalMap.stringBuilder.initialSize: 1024
23:23:18.682 [main] DEBUG io.netty.util.internal.InternalThreadLocalMap - -Dio.netty.threadLocalMap.stringBuilder.maxSize: 4096
23:23:18.741 [main] DEBUG io.netty.handler.ssl.JdkSslContext - Default protocols (JDK): [TLSv1.3, TLSv1.2] 
23:23:18.742 [main] DEBUG io.netty.handler.ssl.JdkSslContext - Default cipher suites (JDK): [TLS_ECDHE_ECDSA_WITH_AES_256_GCM_SHA384, TLS_ECDHE_ECDSA_WITH_AES_128_GCM_SHA256, TLS_ECDHE_RSA_WITH_AES_128_GCM_SHA256, TLS_ECDHE_RSA_WITH_AES_256_GCM_SHA384, TLS_ECDHE_RSA_WITH_AES_128_CBC_SHA, TLS_ECDHE_RSA_WITH_AES_256_CBC_SHA, TLS_RSA_WITH_AES_128_GCM_SHA256, TLS_RSA_WITH_AES_128_CBC_SHA, TLS_RSA_WITH_AES_256_CBC_SHA, TLS_AES_128_GCM_SHA256, TLS_AES_256_GCM_SHA384]
23:23:18.784 [main] DEBUG io.netty.channel.MultithreadEventLoopGroup - -Dio.netty.eventLoopThreads: 8
23:23:18.800 [main] DEBUG io.netty.channel.nio.NioEventLoop - -Dio.netty.noKeySetOptimization: false
23:23:18.800 [main] DEBUG io.netty.channel.nio.NioEventLoop - -Dio.netty.selectorAutoRebuildThreshold: 512
23:23:18.876 [main] DEBUG io.netty.buffer.PooledByteBufAllocator - -Dio.netty.allocator.numHeapArenas: 8
23:23:18.877 [main] DEBUG io.netty.buffer.PooledByteBufAllocator - -Dio.netty.allocator.numDirectArenas: 8
23:23:18.877 [main] DEBUG io.netty.buffer.PooledByteBufAllocator - -Dio.netty.allocator.pageSize: 8192
23:23:18.877 [main] DEBUG io.netty.buffer.PooledByteBufAllocator - -Dio.netty.allocator.maxOrder: 11
23:23:18.877 [main] DEBUG io.netty.buffer.PooledByteBufAllocator - -Dio.netty.allocator.chunkSize: 16777216
23:23:18.877 [main] DEBUG io.netty.buffer.PooledByteBufAllocator - -Dio.netty.allocator.smallCacheSize: 256
23:23:18.877 [main] DEBUG io.netty.buffer.PooledByteBufAllocator - -Dio.netty.allocator.normalCacheSize: 64
23:23:18.877 [main] DEBUG io.netty.buffer.PooledByteBufAllocator - -Dio.netty.allocator.maxCachedBufferCapacity: 32768
23:23:18.877 [main] DEBUG io.netty.buffer.PooledByteBufAllocator - -Dio.netty.allocator.cacheTrimInterval: 8192
23:23:18.877 [main] DEBUG io.netty.buffer.PooledByteBufAllocator - -Dio.netty.allocator.cacheTrimIntervalMillis: 0
23:23:18.877 [main] DEBUG io.netty.buffer.PooledByteBufAllocator - -Dio.netty.allocator.useCacheForAllThreads: true
23:23:18.877 [main] DEBUG io.netty.buffer.PooledByteBufAllocator - -Dio.netty.allocator.maxCachedByteBuffersPerChunk: 1023
23:23:18.900 [main] DEBUG io.netty.buffer.ByteBufUtil - -Dio.netty.allocator.type: pooled
23:23:18.900 [main] DEBUG io.netty.buffer.ByteBufUtil - -Dio.netty.threadLocalDirectBufferSize: 0
23:23:18.900 [main] DEBUG io.netty.buffer.ByteBufUtil - -Dio.netty.maxThreadLocalCharBufferSize: 16384
23:23:19.304 [main] DEBUG net.serenitybdd.core.webdriver.driverproviders.ProvideNewDriver - Instantiating driver
23:23:19.304 [main] DEBUG net.serenitybdd.core.webdriver.driverproviders.ProvideNewDriver - Driver capabilities: Capabilities {acceptInsecureCerts: false, base.url: https://qa.alta.id, browserName: chrome, chrome.driver: src/test/resources/webdrive..., driver: chrome, goog:chromeOptions: {args: [], extensions: []}}
23:23:21.946 [Forwarding newSession on session null to remote] DEBUG io.netty.channel.DefaultChannelId - -Dio.netty.processId: 6788 (auto-detected)
23:23:21.951 [Forwarding newSession on session null to remote] DEBUG io.netty.util.NetUtil - -Djava.net.preferIPv4Stack: false
23:23:21.951 [Forwarding newSession on session null to remote] DEBUG io.netty.util.NetUtil - -Djava.net.preferIPv6Addresses: false
23:23:22.204 [Forwarding newSession on session null to remote] DEBUG io.netty.util.NetUtilInitializations - Loopback interface: lo (Software Loopback Interface 1, 127.0.0.1)
23:23:22.206 [Forwarding newSession on session null to remote] DEBUG io.netty.util.NetUtil - Failed to get SOMAXCONN from sysctl and file \proc\sys\net\core\somaxconn. Default: 200
23:23:22.451 [Forwarding newSession on session null to remote] DEBUG io.netty.channel.DefaultChannelId - -Dio.netty.machineId: a4:97:b1:ff:fe:c8:9c:0f (auto-detected)
23:23:22.536 [AsyncHttpClient-1-2] DEBUG io.netty.buffer.AbstractByteBuf - -Dio.netty.buffer.checkAccessible: true
23:23:22.536 [AsyncHttpClient-1-2] DEBUG io.netty.buffer.AbstractByteBuf - -Dio.netty.buffer.checkBounds: true
23:23:22.537 [AsyncHttpClient-1-2] DEBUG io.netty.util.ResourceLeakDetectorFactory - Loaded default ResourceLeakDetector: io.netty.util.ResourceLeakDetector@f82dad9
23:23:22.566 [AsyncHttpClient-1-2] DEBUG org.asynchttpclient.netty.channel.NettyConnectListener - Using new Channel '[id: 0x95f93ee1, L:/127.0.0.1:52114 - R:localhost/127.0.0.1:60956]' for 'POST' to '/session'
23:23:22.599 [AsyncHttpClient-1-2] DEBUG io.netty.util.Recycler - -Dio.netty.recycler.maxCapacityPerThread: 4096
23:23:22.599 [AsyncHttpClient-1-2] DEBUG io.netty.util.Recycler - -Dio.netty.recycler.ratio: 8
23:23:22.599 [AsyncHttpClient-1-2] DEBUG io.netty.util.Recycler - -Dio.netty.recycler.chunkSize: 32
23:23:22.599 [AsyncHttpClient-1-2] DEBUG io.netty.util.Recycler - -Dio.netty.recycler.blocking: false
23:23:24.130 [AsyncHttpClient-1-2] DEBUG io.netty.handler.codec.compression.Brotli - brotli4j not in the classpath; Brotli support will be unavailable.
23:23:24.130 [AsyncHttpClient-1-2] DEBUG org.asynchttpclient.netty.handler.HttpHandler - 

Request DefaultHttpRequest(decodeResult: success, version: HTTP/1.1)
POST /session HTTP/1.1
User-Agent: selenium/4.1.2 (java windows)
Content-Length: 595
Content-Type: application/json; charset=utf-8
host: localhost:60956
accept: */*

Response DefaultHttpResponse(decodeResult: success, version: HTTP/1.1)
HTTP/1.1 200 OK
Content-Type: application/json; charset=utf-8
cache-control: no-cache
content-length: 793

23:23:24.162 [AsyncHttpClient-1-2] DEBUG org.asynchttpclient.netty.channel.ChannelManager - Adding key: http://localhost:60956 for channel [id: 0x95f93ee1, L:/127.0.0.1:52114 - R:localhost/127.0.0.1:60956]
23:23:24.193 [AsyncHttpClient-1-1] DEBUG org.asynchttpclient.netty.channel.DefaultChannelPool - Entry count for : http://localhost:60956 : 1
23:23:24.354 [AsyncHttpClient-1-3] DEBUG org.asynchttpclient.netty.channel.NettyConnectListener - Using new Channel '[id: 0x2e31a178, L:/127.0.0.1:52123 - R:localhost/127.0.0.1:52116]' for 'GET' to '/json/version'
23:23:24.371 [AsyncHttpClient-1-3] DEBUG org.asynchttpclient.netty.handler.HttpHandler - 

Request DefaultFullHttpRequest(decodeResult: success, version: HTTP/1.1, content: EmptyByteBufBE)
GET /json/version HTTP/1.1
User-Agent: selenium/4.1.2 (java windows)
host: localhost:52116
accept: */*

Response DefaultHttpResponse(decodeResult: success, version: HTTP/1.1)
HTTP/1.1 200 OK
Content-Type: application/json; charset=UTF-8
content-length: 427

23:23:24.372 [AsyncHttpClient-1-3] DEBUG org.asynchttpclient.netty.channel.ChannelManager - Adding key: http://localhost:52116 for channel [id: 0x2e31a178, L:/127.0.0.1:52123 - R:localhost/127.0.0.1:52116]
23:23:24.387 [main] DEBUG io.netty.util.internal.ThreadLocalRandom - -Dio.netty.initialSeedUniquifier: 0xba5649bee47a0079
23:23:24.398 [AsyncHttpClient-1-4] DEBUG org.asynchttpclient.netty.channel.NettyConnectListener - Using new Channel '[id: 0x9ddf9ae3, L:/127.0.0.1:52124 - R:localhost/127.0.0.1:52116]' for 'GET' to '/devtools/browser/4dba0ff9-38b4-4eb9-a8d9-f74eae4fb858'
23:23:24.415 [AsyncHttpClient-1-4] DEBUG org.asynchttpclient.netty.handler.WebSocketHandler - 

Request DefaultFullHttpRequest(decodeResult: success, version: HTTP/1.1, content: EmptyByteBufBE)
GET /devtools/browser/4dba0ff9-38b4-4eb9-a8d9-f74eae4fb858 HTTP/1.1
upgrade: websocket
connection: upgrade
sec-websocket-key: 7UcEszb3dT4rFjg0p4pU8w==
sec-websocket-version: 13
origin: http://localhost:52116
host: localhost:52116
accept: */*
user-agent: AHC/2.1

Response DefaultHttpResponse(decodeResult: success, version: HTTP/1.1)
HTTP/1.1 101 WebSocket Protocol Handshake
Upgrade: WebSocket
Connection: Upgrade
Sec-WebSocket-Accept: v3eEmzqzLJNT0Fs4PB1lrAjFycI=

23:23:25.257 [AsyncHttpClient-1-1] DEBUG org.asynchttpclient.netty.channel.DefaultChannelPool - Entry count for : http://localhost:52116 : 1
23:23:25.257 [AsyncHttpClient-1-1] DEBUG org.asynchttpclient.netty.channel.DefaultChannelPool - Entry count for : http://localhost:60956 : 1
23:23:25.673 [main] DEBUG net.thucydides.core.reflection.ClassFinder - Could not load class .CucumberTestSuite
23:23:25.674 [main] DEBUG net.thucydides.core.reflection.ClassFinder - Could not load class .starter.BuyProducts
23:23:25.674 [main] DEBUG net.thucydides.core.reflection.ClassFinder - Could not load class .starter.Homepage
23:23:25.674 [main] DEBUG net.thucydides.core.reflection.ClassFinder - Could not load class .starter.Login
23:23:25.674 [main] DEBUG net.thucydides.core.reflection.ClassFinder - Could not load class .starter.Logout
23:23:25.674 [main] DEBUG net.thucydides.core.reflection.ClassFinder - Could not load class .starter.Order
23:23:25.674 [main] DEBUG net.thucydides.core.reflection.ClassFinder - Could not load class .starter.Register
23:23:25.674 [main] DEBUG net.thucydides.core.reflection.ClassFinder - Could not load class .starter.Transaction
23:23:25.674 [main] DEBUG net.thucydides.core.reflection.ClassFinder - Could not load class .stepdefinitions.BuyProductsStep
23:23:25.674 [main] DEBUG net.thucydides.core.reflection.ClassFinder - Could not load class .stepdefinitions.GiveRatingStep
23:23:25.674 [main] DEBUG net.thucydides.core.reflection.ClassFinder - Could not load class .stepdefinitions.LoginStep
23:23:25.674 [main] DEBUG net.thucydides.core.reflection.ClassFinder - Could not load class .stepdefinitions.LogoutStep
23:23:25.674 [main] DEBUG net.thucydides.core.reflection.ClassFinder - Could not load class .stepdefinitions.OrderStep
23:23:25.674 [main] DEBUG net.thucydides.core.reflection.ClassFinder - Could not load class .stepdefinitions.RegisterStep
23:23:25.674 [main] DEBUG net.thucydides.core.reflection.ClassFinder - Could not load class .stepdefinitions.TransactionStep
23:23:25.676 [main] DEBUG net.thucydides.core.reflection.ClassFinder - Could not load class META-INF.versions.9.com.sun.istack.logging.StackHelper
23:23:25.677 [main] DEBUG net.thucydides.core.reflection.ClassFinder - Could not load class META-INF.versions.9.com.sun.xml.bind.v2.runtime.reflect.opt.AccessorInjector
23:23:25.677 [main] DEBUG net.thucydides.core.reflection.ClassFinder - Could not load class META-INF.versions.9.com.sun.xml.bind.v2.runtime.reflect.opt.Injector
23:23:25.678 [main] DEBUG net.thucydides.core.reflection.ClassFinder - Could not load class META-INF.versions.9.com.sun.xml.bind.v2.runtime.reflect.opt.OptimizedAccessorFactory
23:23:25.678 [main] DEBUG net.thucydides.core.reflection.ClassFinder - Could not load class META-INF.versions.9.com.sun.xml.bind.v2.runtime.reflect.opt.OptimizedTransducedAccessorFactory
23:23:25.679 [main] DEBUG net.thucydides.core.reflection.ClassFinder - Could not load class META-INF.versions.9.io.opentelemetry.sdk.internal.CurrentJavaVersionSpecific
23:23:25.680 [main] DEBUG net.thucydides.core.reflection.ClassFinder - Could not load class META-INF.versions.9.io.opentelemetry.sdk.internal.Java9VersionSpecific
23:23:25.681 [main] DEBUG net.thucydides.core.reflection.ClassFinder - Could not load class META-INF.versions.9.javax.xml.bind.ModuleUtil
23:23:25.681 [main] DEBUG net.thucydides.core.reflection.ClassFinder - Could not load class META-INF.versions.9.module-info
23:23:25.683 [main] DEBUG net.thucydides.core.reflection.ClassFinder - Could not load class META-INF.versions.9.org.junit.platform.commons.util.ModuleUtils
23:23:25.687 [main] DEBUG net.thucydides.core.reflection.ClassFinder - Could not load class com.google.gson.internal.
23:23:25.690 [main] DEBUG net.thucydides.core.reflection.ClassFinder - Could not load class com.sun.xml.bind.v2.runtime.output.FastInfosetStreamWriterOutput
23:23:25.695 [main] DEBUG net.thucydides.core.reflection.ClassFinder - Could not load class module-info
23:23:25.737 [Forwarding get on session adc32fe726ffef49d7c8c2742e9dcc38 to remote] DEBUG org.asynchttpclient.netty.request.NettyRequestSender - Using pooled Channel '[id: 0x95f93ee1, L:/127.0.0.1:52114 - R:localhost/127.0.0.1:60956]' for 'POST' to 'http://localhost:60956/session/adc32fe726ffef49d7c8c2742e9dcc38/url'
23:23:25.737 [Forwarding get on session adc32fe726ffef49d7c8c2742e9dcc38 to remote] DEBUG org.asynchttpclient.netty.request.NettyRequestSender - Using open Channel [id: 0x95f93ee1, L:/127.0.0.1:52114 - R:localhost/127.0.0.1:60956] for POST '/session/adc32fe726ffef49d7c8c2742e9dcc38/url'
23:23:26.359 [AsyncHttpClient-1-1] DEBUG org.asynchttpclient.netty.channel.DefaultChannelPool - Entry count for : http://localhost:52116 : 1
23:23:27.465 [AsyncHttpClient-1-1] DEBUG org.asynchttpclient.netty.channel.DefaultChannelPool - Entry count for : http://localhost:52116 : 1
23:23:27.731 [AsyncHttpClient-1-2] DEBUG org.asynchttpclient.netty.handler.HttpHandler - 

Request DefaultHttpRequest(decodeResult: success, version: HTTP/1.1)
POST /session/adc32fe726ffef49d7c8c2742e9dcc38/url HTTP/1.1
User-Agent: selenium/4.1.2 (java windows)
Content-Length: 64
Content-Type: application/json; charset=utf-8
host: localhost:60956
accept: */*

Response DefaultHttpResponse(decodeResult: success, version: HTTP/1.1)
HTTP/1.1 200 OK
Content-Type: application/json; charset=utf-8
cache-control: no-cache
content-length: 14

23:23:27.732 [AsyncHttpClient-1-2] DEBUG org.asynchttpclient.netty.channel.ChannelManager - Adding key: http://localhost:60956 for channel [id: 0x95f93ee1, L:/127.0.0.1:52114 - R:localhost/127.0.0.1:60956]
23:23:27.741 [Forwarding setTimeout on session adc32fe726ffef49d7c8c2742e9dcc38 to remote] DEBUG org.asynchttpclient.netty.request.NettyRequestSender - Using pooled Channel '[id: 0x95f93ee1, L:/127.0.0.1:52114 - R:localhost/127.0.0.1:60956]' for 'POST' to 'http://localhost:60956/session/adc32fe726ffef49d7c8c2742e9dcc38/timeouts'
23:23:27.741 [Forwarding setTimeout on session adc32fe726ffef49d7c8c2742e9dcc38 to remote] DEBUG org.asynchttpclient.netty.request.NettyRequestSender - Using open Channel [id: 0x95f93ee1, L:/127.0.0.1:52114 - R:localhost/127.0.0.1:60956] for POST '/session/adc32fe726ffef49d7c8c2742e9dcc38/timeouts'
23:23:27.745 [AsyncHttpClient-1-2] DEBUG org.asynchttpclient.netty.handler.HttpHandler - 

Request DefaultHttpRequest(decodeResult: success, version: HTTP/1.1)
POST /session/adc32fe726ffef49d7c8c2742e9dcc38/timeouts HTTP/1.1
User-Agent: selenium/4.1.2 (java windows)
Content-Length: 22
Content-Type: application/json; charset=utf-8
host: localhost:60956
accept: */*

Response DefaultHttpResponse(decodeResult: success, version: HTTP/1.1)
HTTP/1.1 200 OK
Content-Type: application/json; charset=utf-8
cache-control: no-cache
content-length: 14

23:23:27.745 [AsyncHttpClient-1-2] DEBUG org.asynchttpclient.netty.channel.ChannelManager - Adding key: http://localhost:60956 for channel [id: 0x95f93ee1, L:/127.0.0.1:52114 - R:localhost/127.0.0.1:60956]
23:23:27.767 [Forwarding getCurrentUrl on session adc32fe726ffef49d7c8c2742e9dcc38 to remote] DEBUG org.asynchttpclient.netty.request.NettyRequestSender - Using pooled Channel '[id: 0x95f93ee1, L:/127.0.0.1:52114 - R:localhost/127.0.0.1:60956]' for 'GET' to 'http://localhost:60956/session/adc32fe726ffef49d7c8c2742e9dcc38/url'
23:23:27.767 [Forwarding getCurrentUrl on session adc32fe726ffef49d7c8c2742e9dcc38 to remote] DEBUG org.asynchttpclient.netty.request.NettyRequestSender - Using open Channel [id: 0x95f93ee1, L:/127.0.0.1:52114 - R:localhost/127.0.0.1:60956] for GET '/session/adc32fe726ffef49d7c8c2742e9dcc38/url'
23:23:27.777 [AsyncHttpClient-1-2] DEBUG org.asynchttpclient.netty.handler.HttpHandler - 

Request DefaultFullHttpRequest(decodeResult: success, version: HTTP/1.1, content: EmptyByteBufBE)
GET /session/adc32fe726ffef49d7c8c2742e9dcc38/url HTTP/1.1
User-Agent: selenium/4.1.2 (java windows)
Cache-Control: no-cache
Content-Type: application/json; charset=utf-8
host: localhost:60956
accept: */*

Response DefaultHttpResponse(decodeResult: success, version: HTTP/1.1)
HTTP/1.1 200 OK
Content-Type: application/json; charset=utf-8
cache-control: no-cache
content-length: 41

23:23:27.778 [AsyncHttpClient-1-2] DEBUG org.asynchttpclient.netty.channel.ChannelManager - Adding key: http://localhost:60956 for channel [id: 0x95f93ee1, L:/127.0.0.1:52114 - R:localhost/127.0.0.1:60956]
23:23:27.860 [main] DEBUG net.serenitybdd.core.photography.Darkroom - Opening darkroom
23:23:27.874 [Forwarding screenshot on session adc32fe726ffef49d7c8c2742e9dcc38 to remote] DEBUG org.asynchttpclient.netty.request.NettyRequestSender - Using pooled Channel '[id: 0x95f93ee1, L:/127.0.0.1:52114 - R:localhost/127.0.0.1:60956]' for 'GET' to 'http://localhost:60956/session/adc32fe726ffef49d7c8c2742e9dcc38/screenshot'
23:23:27.876 [Forwarding screenshot on session adc32fe726ffef49d7c8c2742e9dcc38 to remote] DEBUG org.asynchttpclient.netty.request.NettyRequestSender - Using open Channel [id: 0x95f93ee1, L:/127.0.0.1:52114 - R:localhost/127.0.0.1:60956] for GET '/session/adc32fe726ffef49d7c8c2742e9dcc38/screenshot'
23:23:27.881 [Darkroom Processing Line] DEBUG net.serenitybdd.core.photography.DarkroomProcessingLine - Darkroom processing line starting up
23:23:28.225 [AsyncHttpClient-1-2] DEBUG org.asynchttpclient.netty.handler.HttpHandler - 

Request DefaultFullHttpRequest(decodeResult: success, version: HTTP/1.1, content: EmptyByteBufBE)
GET /session/adc32fe726ffef49d7c8c2742e9dcc38/screenshot HTTP/1.1
User-Agent: selenium/4.1.2 (java windows)
Cache-Control: no-cache
Content-Type: application/json; charset=utf-8
host: localhost:60956
accept: */*

Response DefaultHttpResponse(decodeResult: success, version: HTTP/1.1)
HTTP/1.1 200 OK
Content-Type: application/json; charset=utf-8
cache-control: no-cache
content-length: 37804

23:23:28.227 [AsyncHttpClient-1-2] DEBUG org.asynchttpclient.netty.channel.ChannelManager - Adding key: http://localhost:60956 for channel [id: 0x95f93ee1, L:/127.0.0.1:52114 - R:localhost/127.0.0.1:60956]
23:23:28.342 [main] DEBUG net.serenitybdd.core.photography.Darkroom - Send negative for processing for target\site\serenity\aef0e5914dc3e205d587e4dd044394fa48b3466ef033e71e0aa4e3ca907ede95.png
23:23:28.343 [Darkroom Processing Line] DEBUG net.serenitybdd.core.photography.DarkroomProcessingLine - Processing screenshot image in /var/screenshots/screenshot-8268374438295615306
23:23:28.344 [Darkroom Processing Line] DEBUG net.serenitybdd.core.photography.DarkroomProcessingLine - Saving screenshot to target\site\serenity\aef0e5914dc3e205d587e4dd044394fa48b3466ef033e71e0aa4e3ca907ede95.png
23:23:28.348 [main] DEBUG net.thucydides.core.steps.StepInterceptor - STEP DONE: onLoginPage
  &amp#27;[32mGiven &amp#27;[0m&amp#27;[32m&amp#27;[0m&amp#27;[32m&amp#27;[1mI&amp#27;[0m&amp#27;[32m at login page&amp#27;[0m                                            &amp#27;[90m# stepdefinitions.BuyProductsStep.iAtLoginPage(java.lang.String)&amp#27;[0m
23:23:28.421 [Forwarding screenshot on session adc32fe726ffef49d7c8c2742e9dcc38 to remote] DEBUG org.asynchttpclient.netty.request.NettyRequestSender - Using pooled Channel '[id: 0x95f93ee1, L:/127.0.0.1:52114 - R:localhost/127.0.0.1:60956]' for 'GET' to 'http://localhost:60956/session/adc32fe726ffef49d7c8c2742e9dcc38/screenshot'
23:23:28.422 [Forwarding screenshot on session adc32fe726ffef49d7c8c2742e9dcc38 to remote] DEBUG org.asynchttpclient.netty.request.NettyRequestSender - Using open Channel [id: 0x95f93ee1, L:/127.0.0.1:52114 - R:localhost/127.0.0.1:60956] for GET '/session/adc32fe726ffef49d7c8c2742e9dcc38/screenshot'
23:23:28.559 [AsyncHttpClient-1-1] DEBUG org.asynchttpclient.netty.channel.DefaultChannelPool - Entry count for : http://localhost:52116 : 1
23:23:28.604 [AsyncHttpClient-1-2] DEBUG org.asynchttpclient.netty.handler.HttpHandler - 

Request DefaultFullHttpRequest(decodeResult: success, version: HTTP/1.1, content: EmptyByteBufBE)
GET /session/adc32fe726ffef49d7c8c2742e9dcc38/screenshot HTTP/1.1
User-Agent: selenium/4.1.2 (java windows)
Cache-Control: no-cache
Content-Type: application/json; charset=utf-8
host: localhost:60956
accept: */*

Response DefaultHttpResponse(decodeResult: success, version: HTTP/1.1)
HTTP/1.1 200 OK
Content-Type: application/json; charset=utf-8
cache-control: no-cache
content-length: 37804

23:23:28.606 [AsyncHttpClient-1-2] DEBUG org.asynchttpclient.netty.channel.ChannelManager - Adding key: http://localhost:60956 for channel [id: 0x95f93ee1, L:/127.0.0.1:52114 - R:localhost/127.0.0.1:60956]
23:23:28.612 [main] DEBUG net.serenitybdd.core.photography.Darkroom - Send negative for processing for target\site\serenity\aef0e5914dc3e205d587e4dd044394fa48b3466ef033e71e0aa4e3ca907ede95.png
23:23:28.628 [main] DEBUG net.thucydides.core.steps.StepInterceptor - STARTING STEP: BuyProductsStep.iEnterEmail - typeMyEmail
23:23:28.635 [Forwarding findElement on session adc32fe726ffef49d7c8c2742e9dcc38 to remote] DEBUG org.asynchttpclient.netty.request.NettyRequestSender - Using pooled Channel '[id: 0x95f93ee1, L:/127.0.0.1:52114 - R:localhost/127.0.0.1:60956]' for 'POST' to 'http://localhost:60956/session/adc32fe726ffef49d7c8c2742e9dcc38/element'
23:23:28.635 [Forwarding findElement on session adc32fe726ffef49d7c8c2742e9dcc38 to remote] DEBUG org.asynchttpclient.netty.request.NettyRequestSender - Using open Channel [id: 0x95f93ee1, L:/127.0.0.1:52114 - R:localhost/127.0.0.1:60956] for POST '/session/adc32fe726ffef49d7c8c2742e9dcc38/element'
23:23:28.657 [AsyncHttpClient-1-2] DEBUG org.asynchttpclient.netty.handler.HttpHandler - 

Request DefaultHttpRequest(decodeResult: success, version: HTTP/1.1)
POST /session/adc32fe726ffef49d7c8c2742e9dcc38/element HTTP/1.1
User-Agent: selenium/4.1.2 (java windows)
Content-Length: 84
Content-Type: application/json; charset=utf-8
host: localhost:60956
accept: */*

Response DefaultHttpResponse(decodeResult: success, version: HTTP/1.1)
HTTP/1.1 200 OK
Content-Type: application/json; charset=utf-8
cache-control: no-cache
content-length: 88

23:23:28.658 [AsyncHttpClient-1-2] DEBUG org.asynchttpclient.netty.channel.ChannelManager - Adding key: http://localhost:60956 for channel [id: 0x95f93ee1, L:/127.0.0.1:52114 - R:localhost/127.0.0.1:60956]
23:23:28.666 [Forwarding sendKeysToElement on session adc32fe726ffef49d7c8c2742e9dcc38 to remote] DEBUG org.asynchttpclient.netty.request.NettyRequestSender - Using pooled Channel '[id: 0x95f93ee1, L:/127.0.0.1:52114 - R:localhost/127.0.0.1:60956]' for 'POST' to 'http://localhost:60956/session/adc32fe726ffef49d7c8c2742e9dcc38/element/949d6eff-15e2-4ba4-a035-1f3db0337b74/value'
23:23:28.666 [Forwarding sendKeysToElement on session adc32fe726ffef49d7c8c2742e9dcc38 to remote] DEBUG org.asynchttpclient.netty.request.NettyRequestSender - Using open Channel [id: 0x95f93ee1, L:/127.0.0.1:52114 - R:localhost/127.0.0.1:60956] for POST '/session/adc32fe726ffef49d7c8c2742e9dcc38/element/949d6eff-15e2-4ba4-a035-1f3db0337b74/value'
23:23:29.030 [AsyncHttpClient-1-2] DEBUG org.asynchttpclient.netty.handler.HttpHandler - 

Request DefaultHttpRequest(decodeResult: success, version: HTTP/1.1)
POST /session/adc32fe726ffef49d7c8c2742e9dcc38/element/949d6eff-15e2-4ba4-a035-1f3db0337b74/value HTTP/1.1
User-Agent: selenium/4.1.2 (java windows)
Content-Length: 361
Content-Type: application/json; charset=utf-8
host: localhost:60956
accept: */*

Response DefaultHttpResponse(decodeResult: success, version: HTTP/1.1)
HTTP/1.1 200 OK
Content-Type: application/json; charset=utf-8
cache-control: no-cache
content-length: 14

23:23:29.031 [AsyncHttpClient-1-2] DEBUG org.asynchttpclient.netty.channel.ChannelManager - Adding key: http://localhost:60956 for channel [id: 0x95f93ee1, L:/127.0.0.1:52114 - R:localhost/127.0.0.1:60956]
23:23:29.042 [Forwarding screenshot on session adc32fe726ffef49d7c8c2742e9dcc38 to remote] DEBUG org.asynchttpclient.netty.request.NettyRequestSender - Using pooled Channel '[id: 0x95f93ee1, L:/127.0.0.1:52114 - R:localhost/127.0.0.1:60956]' for 'GET' to 'http://localhost:60956/session/adc32fe726ffef49d7c8c2742e9dcc38/screenshot'
23:23:29.043 [Forwarding screenshot on session adc32fe726ffef49d7c8c2742e9dcc38 to remote] DEBUG org.asynchttpclient.netty.request.NettyRequestSender - Using open Channel [id: 0x95f93ee1, L:/127.0.0.1:52114 - R:localhost/127.0.0.1:60956] for GET '/session/adc32fe726ffef49d7c8c2742e9dcc38/screenshot'
23:23:29.340 [AsyncHttpClient-1-2] DEBUG org.asynchttpclient.netty.handler.HttpHandler - 

Request DefaultFullHttpRequest(decodeResult: success, version: HTTP/1.1, content: EmptyByteBufBE)
GET /session/adc32fe726ffef49d7c8c2742e9dcc38/screenshot HTTP/1.1
User-Agent: selenium/4.1.2 (java windows)
Cache-Control: no-cache
Content-Type: application/json; charset=utf-8
host: localhost:60956
accept: */*

Response DefaultHttpResponse(decodeResult: success, version: HTTP/1.1)
HTTP/1.1 200 OK
Content-Type: application/json; charset=utf-8
cache-control: no-cache
content-length: 47204

23:23:29.341 [AsyncHttpClient-1-2] DEBUG org.asynchttpclient.netty.channel.ChannelManager - Adding key: http://localhost:60956 for channel [id: 0x95f93ee1, L:/127.0.0.1:52114 - R:localhost/127.0.0.1:60956]
23:23:29.372 [main] DEBUG net.serenitybdd.core.photography.Darkroom - Send negative for processing for target\site\serenity\1c191dbe45f4fc4ee4e0cf94146d4ffeded7ed32a534fda4f0d3562e2f8938b1.png
23:23:29.372 [main] DEBUG net.thucydides.core.steps.StepInterceptor - STEP DONE: typeMyEmail
  &amp#27;[32mWhen &amp#27;[0m&amp#27;[32mI enter email &amp#27;[0m&amp#27;[32m&amp#27;[1mlandon.mcdermott@hotmail.com&amp#27;[0m                  &amp#27;[90m# stepdefinitions.BuyProductsStep.iEnterEmail(java.lang.String)&amp#27;[0m
23:23:29.373 [Darkroom Processing Line] DEBUG net.serenitybdd.core.photography.DarkroomProcessingLine - Processing screenshot image in /var/screenshots/screenshot-18377798169982073208
23:23:29.373 [Darkroom Processing Line] DEBUG net.serenitybdd.core.photography.DarkroomProcessingLine - Saving screenshot to target\site\serenity\1c191dbe45f4fc4ee4e0cf94146d4ffeded7ed32a534fda4f0d3562e2f8938b1.png
23:23:29.407 [main] DEBUG net.thucydides.core.steps.StepInterceptor - STARTING STEP: BuyProductsStep.iEnterPassword - typeMyPassword
23:23:29.412 [Forwarding findElement on session adc32fe726ffef49d7c8c2742e9dcc38 to remote] DEBUG org.asynchttpclient.netty.request.NettyRequestSender - Using pooled Channel '[id: 0x95f93ee1, L:/127.0.0.1:52114 - R:localhost/127.0.0.1:60956]' for 'POST' to 'http://localhost:60956/session/adc32fe726ffef49d7c8c2742e9dcc38/element'
23:23:29.412 [Forwarding findElement on session adc32fe726ffef49d7c8c2742e9dcc38 to remote] DEBUG org.asynchttpclient.netty.request.NettyRequestSender - Using open Channel [id: 0x95f93ee1, L:/127.0.0.1:52114 - R:localhost/127.0.0.1:60956] for POST '/session/adc32fe726ffef49d7c8c2742e9dcc38/element'
23:23:29.429 [AsyncHttpClient-1-2] DEBUG org.asynchttpclient.netty.handler.HttpHandler - 

Request DefaultHttpRequest(decodeResult: success, version: HTTP/1.1)
POST /session/adc32fe726ffef49d7c8c2742e9dcc38/element HTTP/1.1
User-Agent: selenium/4.1.2 (java windows)
Content-Length: 87
Content-Type: application/json; charset=utf-8
host: localhost:60956
accept: */*

Response DefaultHttpResponse(decodeResult: success, version: HTTP/1.1)
HTTP/1.1 200 OK
Content-Type: application/json; charset=utf-8
cache-control: no-cache
content-length: 88

23:23:29.429 [AsyncHttpClient-1-2] DEBUG org.asynchttpclient.netty.channel.ChannelManager - Adding key: http://localhost:60956 for channel [id: 0x95f93ee1, L:/127.0.0.1:52114 - R:localhost/127.0.0.1:60956]
23:23:29.433 [Forwarding sendKeysToElement on session adc32fe726ffef49d7c8c2742e9dcc38 to remote] DEBUG org.asynchttpclient.netty.request.NettyRequestSender - Using pooled Channel '[id: 0x95f93ee1, L:/127.0.0.1:52114 - R:localhost/127.0.0.1:60956]' for 'POST' to 'http://localhost:60956/session/adc32fe726ffef49d7c8c2742e9dcc38/element/f8cae382-cf9e-4676-85fd-6d217630f505/value'
23:23:29.433 [Forwarding sendKeysToElement on session adc32fe726ffef49d7c8c2742e9dcc38 to remote] DEBUG org.asynchttpclient.netty.request.NettyRequestSender - Using open Channel [id: 0x95f93ee1, L:/127.0.0.1:52114 - R:localhost/127.0.0.1:60956] for POST '/session/adc32fe726ffef49d7c8c2742e9dcc38/element/f8cae382-cf9e-4676-85fd-6d217630f505/value'
23:23:29.542 [AsyncHttpClient-1-2] DEBUG org.asynchttpclient.netty.handler.HttpHandler - 

Request DefaultHttpRequest(decodeResult: success, version: HTTP/1.1)
POST /session/adc32fe726ffef49d7c8c2742e9dcc38/element/f8cae382-cf9e-4676-85fd-6d217630f505/value HTTP/1.1
User-Agent: selenium/4.1.2 (java windows)
Content-Length: 131
Content-Type: application/json; charset=utf-8
host: localhost:60956
accept: */*

Response DefaultHttpResponse(decodeResult: success, version: HTTP/1.1)
HTTP/1.1 200 OK
Content-Type: application/json; charset=utf-8
cache-control: no-cache
content-length: 14

23:23:29.542 [AsyncHttpClient-1-2] DEBUG org.asynchttpclient.netty.channel.ChannelManager - Adding key: http://localhost:60956 for channel [id: 0x95f93ee1, L:/127.0.0.1:52114 - R:localhost/127.0.0.1:60956]
23:23:29.555 [Forwarding screenshot on session adc32fe726ffef49d7c8c2742e9dcc38 to remote] DEBUG org.asynchttpclient.netty.request.NettyRequestSender - Using pooled Channel '[id: 0x95f93ee1, L:/127.0.0.1:52114 - R:localhost/127.0.0.1:60956]' for 'GET' to 'http://localhost:60956/session/adc32fe726ffef49d7c8c2742e9dcc38/screenshot'
23:23:29.556 [Forwarding screenshot on session adc32fe726ffef49d7c8c2742e9dcc38 to remote] DEBUG org.asynchttpclient.netty.request.NettyRequestSender - Using open Channel [id: 0x95f93ee1, L:/127.0.0.1:52114 - R:localhost/127.0.0.1:60956] for GET '/session/adc32fe726ffef49d7c8c2742e9dcc38/screenshot'
23:23:29.657 [AsyncHttpClient-1-1] DEBUG org.asynchttpclient.netty.channel.DefaultChannelPool - Entry count for : http://localhost:52116 : 1
23:23:29.737 [AsyncHttpClient-1-2] DEBUG org.asynchttpclient.netty.handler.HttpHandler - 

Request DefaultFullHttpRequest(decodeResult: success, version: HTTP/1.1, content: EmptyByteBufBE)
GET /session/adc32fe726ffef49d7c8c2742e9dcc38/screenshot HTTP/1.1
User-Agent: selenium/4.1.2 (java windows)
Cache-Control: no-cache
Content-Type: application/json; charset=utf-8
host: localhost:60956
accept: */*

Response DefaultHttpResponse(decodeResult: success, version: HTTP/1.1)
HTTP/1.1 200 OK
Content-Type: application/json; charset=utf-8
cache-control: no-cache
content-length: 49284

23:23:29.738 [AsyncHttpClient-1-2] DEBUG org.asynchttpclient.netty.channel.ChannelManager - Adding key: http://localhost:60956 for channel [id: 0x95f93ee1, L:/127.0.0.1:52114 - R:localhost/127.0.0.1:60956]
23:23:29.743 [main] DEBUG net.serenitybdd.core.photography.Darkroom - Send negative for processing for target\site\serenity\fb804eed024858596bad6d6d5b4ce2140c9641fe891874bf1902c7a4d17011a2.png
23:23:29.744 [main] DEBUG net.thucydides.core.steps.StepInterceptor - STEP DONE: typeMyPassword
23:23:29.744 [Darkroom Processing Line] DEBUG net.serenitybdd.core.photography.DarkroomProcessingLine - Processing screenshot image in /var/screenshots/screenshot-3115838941754694829
23:23:29.744 [Darkroom Processing Line] DEBUG net.serenitybdd.core.photography.DarkroomProcessingLine - Saving screenshot to target\site\serenity\fb804eed024858596bad6d6d5b4ce2140c9641fe891874bf1902c7a4d17011a2.png
23:23:29.758 [main] DEBUG net.thucydides.core.steps.StepInterceptor - STARTING STEP: BuyProductsStep.iEnterPassword - clickLoginButton
23:23:29.770 [Forwarding findElement on session adc32fe726ffef49d7c8c2742e9dcc38 to remote] DEBUG org.asynchttpclient.netty.request.NettyRequestSender - Using pooled Channel '[id: 0x95f93ee1, L:/127.0.0.1:52114 - R:localhost/127.0.0.1:60956]' for 'POST' to 'http://localhost:60956/session/adc32fe726ffef49d7c8c2742e9dcc38/element'
23:23:29.770 [Forwarding findElement on session adc32fe726ffef49d7c8c2742e9dcc38 to remote] DEBUG org.asynchttpclient.netty.request.NettyRequestSender - Using open Channel [id: 0x95f93ee1, L:/127.0.0.1:52114 - R:localhost/127.0.0.1:60956] for POST '/session/adc32fe726ffef49d7c8c2742e9dcc38/element'
23:23:29.790 [AsyncHttpClient-1-2] DEBUG org.asynchttpclient.netty.handler.HttpHandler - 

Request DefaultHttpRequest(decodeResult: success, version: HTTP/1.1)
POST /session/adc32fe726ffef49d7c8c2742e9dcc38/element HTTP/1.1
User-Agent: selenium/4.1.2 (java windows)
Content-Length: 155
Content-Type: application/json; charset=utf-8
host: localhost:60956
accept: */*

Response DefaultHttpResponse(decodeResult: success, version: HTTP/1.1)
HTTP/1.1 200 OK
Content-Type: application/json; charset=utf-8
cache-control: no-cache
content-length: 88

23:23:29.790 [AsyncHttpClient-1-2] DEBUG org.asynchttpclient.netty.channel.ChannelManager - Adding key: http://localhost:60956 for channel [id: 0x95f93ee1, L:/127.0.0.1:52114 - R:localhost/127.0.0.1:60956]
23:23:29.795 [Forwarding getElementTagName on session adc32fe726ffef49d7c8c2742e9dcc38 to remote] DEBUG org.asynchttpclient.netty.request.NettyRequestSender - Using pooled Channel '[id: 0x95f93ee1, L:/127.0.0.1:52114 - R:localhost/127.0.0.1:60956]' for 'GET' to 'http://localhost:60956/session/adc32fe726ffef49d7c8c2742e9dcc38/element/199430ed-c8e4-4a4f-bd49-769367b4ab0f/name'
23:23:29.795 [Forwarding getElementTagName on session adc32fe726ffef49d7c8c2742e9dcc38 to remote] DEBUG org.asynchttpclient.netty.request.NettyRequestSender - Using open Channel [id: 0x95f93ee1, L:/127.0.0.1:52114 - R:localhost/127.0.0.1:60956] for GET '/session/adc32fe726ffef49d7c8c2742e9dcc38/element/199430ed-c8e4-4a4f-bd49-769367b4ab0f/name'
23:23:29.804 [AsyncHttpClient-1-2] DEBUG org.asynchttpclient.netty.handler.HttpHandler - 

Request DefaultFullHttpRequest(decodeResult: success, version: HTTP/1.1, content: EmptyByteBufBE)
GET /session/adc32fe726ffef49d7c8c2742e9dcc38/element/199430ed-c8e4-4a4f-bd49-769367b4ab0f/name HTTP/1.1
User-Agent: selenium/4.1.2 (java windows)
Cache-Control: no-cache
Content-Type: application/json; charset=utf-8
host: localhost:60956
accept: */*

Response DefaultHttpResponse(decodeResult: success, version: HTTP/1.1)
HTTP/1.1 200 OK
Content-Type: application/json; charset=utf-8
cache-control: no-cache
content-length: 18

23:23:29.805 [AsyncHttpClient-1-2] DEBUG org.asynchttpclient.netty.channel.ChannelManager - Adding key: http://localhost:60956 for channel [id: 0x95f93ee1, L:/127.0.0.1:52114 - R:localhost/127.0.0.1:60956]
23:23:29.808 [Forwarding getElementTagName on session adc32fe726ffef49d7c8c2742e9dcc38 to remote] DEBUG org.asynchttpclient.netty.request.NettyRequestSender - Using pooled Channel '[id: 0x95f93ee1, L:/127.0.0.1:52114 - R:localhost/127.0.0.1:60956]' for 'GET' to 'http://localhost:60956/session/adc32fe726ffef49d7c8c2742e9dcc38/element/199430ed-c8e4-4a4f-bd49-769367b4ab0f/name'
23:23:29.808 [Forwarding getElementTagName on session adc32fe726ffef49d7c8c2742e9dcc38 to remote] DEBUG org.asynchttpclient.netty.request.NettyRequestSender - Using open Channel [id: 0x95f93ee1, L:/127.0.0.1:52114 - R:localhost/127.0.0.1:60956] for GET '/session/adc32fe726ffef49d7c8c2742e9dcc38/element/199430ed-c8e4-4a4f-bd49-769367b4ab0f/name'
23:23:29.816 [AsyncHttpClient-1-2] DEBUG org.asynchttpclient.netty.handler.HttpHandler - 

Request DefaultFullHttpRequest(decodeResult: success, version: HTTP/1.1, content: EmptyByteBufBE)
GET /session/adc32fe726ffef49d7c8c2742e9dcc38/element/199430ed-c8e4-4a4f-bd49-769367b4ab0f/name HTTP/1.1
User-Agent: selenium/4.1.2 (java windows)
Cache-Control: no-cache
Content-Type: application/json; charset=utf-8
host: localhost:60956
accept: */*

Response DefaultHttpResponse(decodeResult: success, version: HTTP/1.1)
HTTP/1.1 200 OK
Content-Type: application/json; charset=utf-8
cache-control: no-cache
content-length: 18

23:23:29.816 [AsyncHttpClient-1-2] DEBUG org.asynchttpclient.netty.channel.ChannelManager - Adding key: http://localhost:60956 for channel [id: 0x95f93ee1, L:/127.0.0.1:52114 - R:localhost/127.0.0.1:60956]
23:23:29.824 [Forwarding isElementEnabled on session adc32fe726ffef49d7c8c2742e9dcc38 to remote] DEBUG org.asynchttpclient.netty.request.NettyRequestSender - Using pooled Channel '[id: 0x95f93ee1, L:/127.0.0.1:52114 - R:localhost/127.0.0.1:60956]' for 'GET' to 'http://localhost:60956/session/adc32fe726ffef49d7c8c2742e9dcc38/element/199430ed-c8e4-4a4f-bd49-769367b4ab0f/enabled'
23:23:29.824 [Forwarding isElementEnabled on session adc32fe726ffef49d7c8c2742e9dcc38 to remote] DEBUG org.asynchttpclient.netty.request.NettyRequestSender - Using open Channel [id: 0x95f93ee1, L:/127.0.0.1:52114 - R:localhost/127.0.0.1:60956] for GET '/session/adc32fe726ffef49d7c8c2742e9dcc38/element/199430ed-c8e4-4a4f-bd49-769367b4ab0f/enabled'
23:23:29.840 [AsyncHttpClient-1-2] DEBUG org.asynchttpclient.netty.handler.HttpHandler - 

Request DefaultFullHttpRequest(decodeResult: success, version: HTTP/1.1, content: EmptyByteBufBE)
GET /session/adc32fe726ffef49d7c8c2742e9dcc38/element/199430ed-c8e4-4a4f-bd49-769367b4ab0f/enabled HTTP/1.1
User-Agent: selenium/4.1.2 (java windows)
Cache-Control: no-cache
Content-Type: application/json; charset=utf-8
host: localhost:60956
accept: */*

Response DefaultHttpResponse(decodeResult: success, version: HTTP/1.1)
HTTP/1.1 200 OK
Content-Type: application/json; charset=utf-8
cache-control: no-cache
content-length: 14

23:23:29.840 [AsyncHttpClient-1-2] DEBUG org.asynchttpclient.netty.channel.ChannelManager - Adding key: http://localhost:60956 for channel [id: 0x95f93ee1, L:/127.0.0.1:52114 - R:localhost/127.0.0.1:60956]
23:23:29.844 [Forwarding isElementEnabled on session adc32fe726ffef49d7c8c2742e9dcc38 to remote] DEBUG org.asynchttpclient.netty.request.NettyRequestSender - Using pooled Channel '[id: 0x95f93ee1, L:/127.0.0.1:52114 - R:localhost/127.0.0.1:60956]' for 'GET' to 'http://localhost:60956/session/adc32fe726ffef49d7c8c2742e9dcc38/element/199430ed-c8e4-4a4f-bd49-769367b4ab0f/enabled'
23:23:29.844 [Forwarding isElementEnabled on session adc32fe726ffef49d7c8c2742e9dcc38 to remote] DEBUG org.asynchttpclient.netty.request.NettyRequestSender - Using open Channel [id: 0x95f93ee1, L:/127.0.0.1:52114 - R:localhost/127.0.0.1:60956] for GET '/session/adc32fe726ffef49d7c8c2742e9dcc38/element/199430ed-c8e4-4a4f-bd49-769367b4ab0f/enabled'
23:23:29.857 [AsyncHttpClient-1-2] DEBUG org.asynchttpclient.netty.handler.HttpHandler - 

Request DefaultFullHttpRequest(decodeResult: success, version: HTTP/1.1, content: EmptyByteBufBE)
GET /session/adc32fe726ffef49d7c8c2742e9dcc38/element/199430ed-c8e4-4a4f-bd49-769367b4ab0f/enabled HTTP/1.1
User-Agent: selenium/4.1.2 (java windows)
Cache-Control: no-cache
Content-Type: application/json; charset=utf-8
host: localhost:60956
accept: */*

Response DefaultHttpResponse(decodeResult: success, version: HTTP/1.1)
HTTP/1.1 200 OK
Content-Type: application/json; charset=utf-8
cache-control: no-cache
content-length: 14

23:23:29.858 [AsyncHttpClient-1-2] DEBUG org.asynchttpclient.netty.channel.ChannelManager - Adding key: http://localhost:60956 for channel [id: 0x95f93ee1, L:/127.0.0.1:52114 - R:localhost/127.0.0.1:60956]
23:23:29.864 [Forwarding findElement on session adc32fe726ffef49d7c8c2742e9dcc38 to remote] DEBUG org.asynchttpclient.netty.request.NettyRequestSender - Using pooled Channel '[id: 0x95f93ee1, L:/127.0.0.1:52114 - R:localhost/127.0.0.1:60956]' for 'POST' to 'http://localhost:60956/session/adc32fe726ffef49d7c8c2742e9dcc38/element'
23:23:29.865 [Forwarding findElement on session adc32fe726ffef49d7c8c2742e9dcc38 to remote] DEBUG org.asynchttpclient.netty.request.NettyRequestSender - Using open Channel [id: 0x95f93ee1, L:/127.0.0.1:52114 - R:localhost/127.0.0.1:60956] for POST '/session/adc32fe726ffef49d7c8c2742e9dcc38/element'
23:23:29.875 [AsyncHttpClient-1-2] DEBUG org.asynchttpclient.netty.handler.HttpHandler - 

Request DefaultHttpRequest(decodeResult: success, version: HTTP/1.1)
POST /session/adc32fe726ffef49d7c8c2742e9dcc38/element HTTP/1.1
User-Agent: selenium/4.1.2 (java windows)
Content-Length: 155
Content-Type: application/json; charset=utf-8
host: localhost:60956
accept: */*

Response DefaultHttpResponse(decodeResult: success, version: HTTP/1.1)
HTTP/1.1 200 OK
Content-Type: application/json; charset=utf-8
cache-control: no-cache
content-length: 88

23:23:29.876 [AsyncHttpClient-1-2] DEBUG org.asynchttpclient.netty.channel.ChannelManager - Adding key: http://localhost:60956 for channel [id: 0x95f93ee1, L:/127.0.0.1:52114 - R:localhost/127.0.0.1:60956]
23:23:29.881 [Forwarding clickElement on session adc32fe726ffef49d7c8c2742e9dcc38 to remote] DEBUG org.asynchttpclient.netty.request.NettyRequestSender - Using pooled Channel '[id: 0x95f93ee1, L:/127.0.0.1:52114 - R:localhost/127.0.0.1:60956]' for 'POST' to 'http://localhost:60956/session/adc32fe726ffef49d7c8c2742e9dcc38/element/199430ed-c8e4-4a4f-bd49-769367b4ab0f/click'
23:23:29.881 [Forwarding clickElement on session adc32fe726ffef49d7c8c2742e9dcc38 to remote] DEBUG org.asynchttpclient.netty.request.NettyRequestSender - Using open Channel [id: 0x95f93ee1, L:/127.0.0.1:52114 - R:localhost/127.0.0.1:60956] for POST '/session/adc32fe726ffef49d7c8c2742e9dcc38/element/199430ed-c8e4-4a4f-bd49-769367b4ab0f/click'
23:23:29.951 [AsyncHttpClient-1-2] DEBUG org.asynchttpclient.netty.handler.HttpHandler - 

Request DefaultHttpRequest(decodeResult: success, version: HTTP/1.1)
POST /session/adc32fe726ffef49d7c8c2742e9dcc38/element/199430ed-c8e4-4a4f-bd49-769367b4ab0f/click HTTP/1.1
User-Agent: selenium/4.1.2 (java windows)
Content-Length: 50
Content-Type: application/json; charset=utf-8
host: localhost:60956
accept: */*

Response DefaultHttpResponse(decodeResult: success, version: HTTP/1.1)
HTTP/1.1 200 OK
Content-Type: application/json; charset=utf-8
cache-control: no-cache
content-length: 14

23:23:29.952 [AsyncHttpClient-1-2] DEBUG org.asynchttpclient.netty.channel.ChannelManager - Adding key: http://localhost:60956 for channel [id: 0x95f93ee1, L:/127.0.0.1:52114 - R:localhost/127.0.0.1:60956]
23:23:29.964 [Forwarding screenshot on session adc32fe726ffef49d7c8c2742e9dcc38 to remote] DEBUG org.asynchttpclient.netty.request.NettyRequestSender - Using pooled Channel '[id: 0x95f93ee1, L:/127.0.0.1:52114 - R:localhost/127.0.0.1:60956]' for 'GET' to 'http://localhost:60956/session/adc32fe726ffef49d7c8c2742e9dcc38/screenshot'
23:23:29.965 [Forwarding screenshot on session adc32fe726ffef49d7c8c2742e9dcc38 to remote] DEBUG org.asynchttpclient.netty.request.NettyRequestSender - Using open Channel [id: 0x95f93ee1, L:/127.0.0.1:52114 - R:localhost/127.0.0.1:60956] for GET '/session/adc32fe726ffef49d7c8c2742e9dcc38/screenshot'
23:23:30.422 [AsyncHttpClient-1-2] DEBUG org.asynchttpclient.netty.handler.HttpHandler - 

Request DefaultFullHttpRequest(decodeResult: success, version: HTTP/1.1, content: EmptyByteBufBE)
GET /session/adc32fe726ffef49d7c8c2742e9dcc38/screenshot HTTP/1.1
User-Agent: selenium/4.1.2 (java windows)
Cache-Control: no-cache
Content-Type: application/json; charset=utf-8
host: localhost:60956
accept: */*

Response DefaultHttpResponse(decodeResult: success, version: HTTP/1.1)
HTTP/1.1 200 OK
Content-Type: application/json; charset=utf-8
cache-control: no-cache
content-length: 48264

23:23:30.424 [AsyncHttpClient-1-2] DEBUG org.asynchttpclient.netty.channel.ChannelManager - Adding key: http://localhost:60956 for channel [id: 0x95f93ee1, L:/127.0.0.1:52114 - R:localhost/127.0.0.1:60956]
23:23:30.430 [main] DEBUG net.serenitybdd.core.photography.Darkroom - Send negative for processing for target\site\serenity\ad614cf3bf6b605c42ba5256eddb88d21f1f2762875359e21cfb21cffa58017b.png
23:23:30.430 [main] DEBUG net.thucydides.core.steps.StepInterceptor - STEP DONE: clickLoginButton
  &amp#27;[32mAnd &amp#27;[0m&amp#27;[32mI enter password &amp#27;[0m&amp#27;[32m&amp#27;[1maiueo&amp#27;[0m                                       &amp#27;[90m# stepdefinitions.BuyProductsStep.iEnterPassword(java.lang.String)&amp#27;[0m
23:23:30.431 [Darkroom Processing Line] DEBUG net.serenitybdd.core.photography.DarkroomProcessingLine - Processing screenshot image in /var/screenshots/screenshot-164494228067992978
23:23:30.431 [Darkroom Processing Line] DEBUG net.serenitybdd.core.photography.DarkroomProcessingLine - Saving screenshot to target\site\serenity\ad614cf3bf6b605c42ba5256eddb88d21f1f2762875359e21cfb21cffa58017b.png
23:23:30.491 [Forwarding screenshot on session adc32fe726ffef49d7c8c2742e9dcc38 to remote] DEBUG org.asynchttpclient.netty.request.NettyRequestSender - Using pooled Channel '[id: 0x95f93ee1, L:/127.0.0.1:52114 - R:localhost/127.0.0.1:60956]' for 'GET' to 'http://localhost:60956/session/adc32fe726ffef49d7c8c2742e9dcc38/screenshot'
23:23:30.491 [Forwarding screenshot on session adc32fe726ffef49d7c8c2742e9dcc38 to remote] DEBUG org.asynchttpclient.netty.request.NettyRequestSender - Using open Channel [id: 0x95f93ee1, L:/127.0.0.1:52114 - R:localhost/127.0.0.1:60956] for GET '/session/adc32fe726ffef49d7c8c2742e9dcc38/screenshot'
23:23:30.767 [AsyncHttpClient-1-1] DEBUG org.asynchttpclient.netty.channel.DefaultChannelPool - Entry count for : http://localhost:52116 : 1
23:23:30.834 [AsyncHttpClient-1-2] DEBUG org.asynchttpclient.netty.handler.HttpHandler - 

Request DefaultFullHttpRequest(decodeResult: success, version: HTTP/1.1, content: EmptyByteBufBE)
GET /session/adc32fe726ffef49d7c8c2742e9dcc38/screenshot HTTP/1.1
User-Agent: selenium/4.1.2 (java windows)
Cache-Control: no-cache
Content-Type: application/json; charset=utf-8
host: localhost:60956
accept: */*

Response DefaultHttpResponse(decodeResult: success, version: HTTP/1.1)
HTTP/1.1 200 OK
Content-Type: application/json; charset=utf-8
cache-control: no-cache
content-length: 33032

23:23:30.835 [AsyncHttpClient-1-2] DEBUG org.asynchttpclient.netty.channel.ChannelManager - Adding key: http://localhost:60956 for channel [id: 0x95f93ee1, L:/127.0.0.1:52114 - R:localhost/127.0.0.1:60956]
23:23:30.838 [main] DEBUG net.serenitybdd.core.photography.Darkroom - Send negative for processing for target\site\serenity\53803b2de0079505de5348d9f402907ad8110475d858f23d8e55abf96bcfee4f.png
23:23:30.839 [main] DEBUG net.thucydides.core.steps.StepInterceptor - STARTING STEP: BuyProductsStep.iBuyTensiElektrik - buyTensiDarah
23:23:30.839 [Darkroom Processing Line] DEBUG net.serenitybdd.core.photography.DarkroomProcessingLine - Processing screenshot image in /var/screenshots/screenshot-10838263884408596961
23:23:30.839 [Darkroom Processing Line] DEBUG net.serenitybdd.core.photography.DarkroomProcessingLine - Saving screenshot to target\site\serenity\53803b2de0079505de5348d9f402907ad8110475d858f23d8e55abf96bcfee4f.png
23:23:30.856 [Forwarding findElement on session adc32fe726ffef49d7c8c2742e9dcc38 to remote] DEBUG org.asynchttpclient.netty.request.NettyRequestSender - Using pooled Channel '[id: 0x95f93ee1, L:/127.0.0.1:52114 - R:localhost/127.0.0.1:60956]' for 'POST' to 'http://localhost:60956/session/adc32fe726ffef49d7c8c2742e9dcc38/element'
23:23:30.857 [Forwarding findElement on session adc32fe726ffef49d7c8c2742e9dcc38 to remote] DEBUG org.asynchttpclient.netty.request.NettyRequestSender - Using open Channel [id: 0x95f93ee1, L:/127.0.0.1:52114 - R:localhost/127.0.0.1:60956] for POST '/session/adc32fe726ffef49d7c8c2742e9dcc38/element'
23:23:31.857 [AsyncHttpClient-1-1] DEBUG org.asynchttpclient.netty.channel.DefaultChannelPool - Entry count for : http://localhost:52116 : 1
23:23:32.966 [AsyncHttpClient-1-1] DEBUG org.asynchttpclient.netty.channel.DefaultChannelPool - Entry count for : http://localhost:52116 : 1
23:23:33.461 [AsyncHttpClient-1-2] DEBUG org.asynchttpclient.netty.handler.HttpHandler - 

Request DefaultHttpRequest(decodeResult: success, version: HTTP/1.1)
POST /session/adc32fe726ffef49d7c8c2742e9dcc38/element HTTP/1.1
User-Agent: selenium/4.1.2 (java windows)
Content-Length: 102
Content-Type: application/json; charset=utf-8
host: localhost:60956
accept: */*

Response DefaultHttpResponse(decodeResult: success, version: HTTP/1.1)
HTTP/1.1 200 OK
Content-Type: application/json; charset=utf-8
cache-control: no-cache
content-length: 88

23:23:33.461 [AsyncHttpClient-1-2] DEBUG org.asynchttpclient.netty.channel.ChannelManager - Adding key: http://localhost:60956 for channel [id: 0x95f93ee1, L:/127.0.0.1:52114 - R:localhost/127.0.0.1:60956]
23:23:33.471 [Forwarding getElementTagName on session adc32fe726ffef49d7c8c2742e9dcc38 to remote] DEBUG org.asynchttpclient.netty.request.NettyRequestSender - Using pooled Channel '[id: 0x95f93ee1, L:/127.0.0.1:52114 - R:localhost/127.0.0.1:60956]' for 'GET' to 'http://localhost:60956/session/adc32fe726ffef49d7c8c2742e9dcc38/element/fd76a851-fd17-47a2-abb5-6ecc937c890c/name'
23:23:33.473 [Forwarding getElementTagName on session adc32fe726ffef49d7c8c2742e9dcc38 to remote] DEBUG org.asynchttpclient.netty.request.NettyRequestSender - Using open Channel [id: 0x95f93ee1, L:/127.0.0.1:52114 - R:localhost/127.0.0.1:60956] for GET '/session/adc32fe726ffef49d7c8c2742e9dcc38/element/fd76a851-fd17-47a2-abb5-6ecc937c890c/name'
23:23:33.490 [AsyncHttpClient-1-2] DEBUG org.asynchttpclient.netty.handler.HttpHandler - 

Request DefaultFullHttpRequest(decodeResult: success, version: HTTP/1.1, content: EmptyByteBufBE)
GET /session/adc32fe726ffef49d7c8c2742e9dcc38/element/fd76a851-fd17-47a2-abb5-6ecc937c890c/name HTTP/1.1
User-Agent: selenium/4.1.2 (java windows)
Cache-Control: no-cache
Content-Type: application/json; charset=utf-8
host: localhost:60956
accept: */*

Response DefaultHttpResponse(decodeResult: success, version: HTTP/1.1)
HTTP/1.1 200 OK
Content-Type: application/json; charset=utf-8
cache-control: no-cache
content-length: 18

23:23:33.490 [AsyncHttpClient-1-2] DEBUG org.asynchttpclient.netty.channel.ChannelManager - Adding key: http://localhost:60956 for channel [id: 0x95f93ee1, L:/127.0.0.1:52114 - R:localhost/127.0.0.1:60956]
23:23:33.496 [Forwarding getElementTagName on session adc32fe726ffef49d7c8c2742e9dcc38 to remote] DEBUG org.asynchttpclient.netty.request.NettyRequestSender - Using pooled Channel '[id: 0x95f93ee1, L:/127.0.0.1:52114 - R:localhost/127.0.0.1:60956]' for 'GET' to 'http://localhost:60956/session/adc32fe726ffef49d7c8c2742e9dcc38/element/fd76a851-fd17-47a2-abb5-6ecc937c890c/name'
23:23:33.496 [Forwarding getElementTagName on session adc32fe726ffef49d7c8c2742e9dcc38 to remote] DEBUG org.asynchttpclient.netty.request.NettyRequestSender - Using open Channel [id: 0x95f93ee1, L:/127.0.0.1:52114 - R:localhost/127.0.0.1:60956] for GET '/session/adc32fe726ffef49d7c8c2742e9dcc38/element/fd76a851-fd17-47a2-abb5-6ecc937c890c/name'
23:23:33.502 [AsyncHttpClient-1-2] DEBUG org.asynchttpclient.netty.handler.HttpHandler - 

Request DefaultFullHttpRequest(decodeResult: success, version: HTTP/1.1, content: EmptyByteBufBE)
GET /session/adc32fe726ffef49d7c8c2742e9dcc38/element/fd76a851-fd17-47a2-abb5-6ecc937c890c/name HTTP/1.1
User-Agent: selenium/4.1.2 (java windows)
Cache-Control: no-cache
Content-Type: application/json; charset=utf-8
host: localhost:60956
accept: */*

Response DefaultHttpResponse(decodeResult: success, version: HTTP/1.1)
HTTP/1.1 200 OK
Content-Type: application/json; charset=utf-8
cache-control: no-cache
content-length: 18

23:23:33.503 [AsyncHttpClient-1-2] DEBUG org.asynchttpclient.netty.channel.ChannelManager - Adding key: http://localhost:60956 for channel [id: 0x95f93ee1, L:/127.0.0.1:52114 - R:localhost/127.0.0.1:60956]
23:23:33.507 [Forwarding isElementEnabled on session adc32fe726ffef49d7c8c2742e9dcc38 to remote] DEBUG org.asynchttpclient.netty.request.NettyRequestSender - Using pooled Channel '[id: 0x95f93ee1, L:/127.0.0.1:52114 - R:localhost/127.0.0.1:60956]' for 'GET' to 'http://localhost:60956/session/adc32fe726ffef49d7c8c2742e9dcc38/element/fd76a851-fd17-47a2-abb5-6ecc937c890c/enabled'
23:23:33.508 [Forwarding isElementEnabled on session adc32fe726ffef49d7c8c2742e9dcc38 to remote] DEBUG org.asynchttpclient.netty.request.NettyRequestSender - Using open Channel [id: 0x95f93ee1, L:/127.0.0.1:52114 - R:localhost/127.0.0.1:60956] for GET '/session/adc32fe726ffef49d7c8c2742e9dcc38/element/fd76a851-fd17-47a2-abb5-6ecc937c890c/enabled'
23:23:33.526 [AsyncHttpClient-1-2] DEBUG org.asynchttpclient.netty.handler.HttpHandler - 

Request DefaultFullHttpRequest(decodeResult: success, version: HTTP/1.1, content: EmptyByteBufBE)
GET /session/adc32fe726ffef49d7c8c2742e9dcc38/element/fd76a851-fd17-47a2-abb5-6ecc937c890c/enabled HTTP/1.1
User-Agent: selenium/4.1.2 (java windows)
Cache-Control: no-cache
Content-Type: application/json; charset=utf-8
host: localhost:60956
accept: */*

Response DefaultHttpResponse(decodeResult: success, version: HTTP/1.1)
HTTP/1.1 200 OK
Content-Type: application/json; charset=utf-8
cache-control: no-cache
content-length: 14

23:23:33.528 [AsyncHttpClient-1-2] DEBUG org.asynchttpclient.netty.channel.ChannelManager - Adding key: http://localhost:60956 for channel [id: 0x95f93ee1, L:/127.0.0.1:52114 - R:localhost/127.0.0.1:60956]
23:23:33.532 [Forwarding isElementEnabled on session adc32fe726ffef49d7c8c2742e9dcc38 to remote] DEBUG org.asynchttpclient.netty.request.NettyRequestSender - Using pooled Channel '[id: 0x95f93ee1, L:/127.0.0.1:52114 - R:localhost/127.0.0.1:60956]' for 'GET' to 'http://localhost:60956/session/adc32fe726ffef49d7c8c2742e9dcc38/element/fd76a851-fd17-47a2-abb5-6ecc937c890c/enabled'
23:23:33.532 [Forwarding isElementEnabled on session adc32fe726ffef49d7c8c2742e9dcc38 to remote] DEBUG org.asynchttpclient.netty.request.NettyRequestSender - Using open Channel [id: 0x95f93ee1, L:/127.0.0.1:52114 - R:localhost/127.0.0.1:60956] for GET '/session/adc32fe726ffef49d7c8c2742e9dcc38/element/fd76a851-fd17-47a2-abb5-6ecc937c890c/enabled'
23:23:33.540 [AsyncHttpClient-1-2] DEBUG org.asynchttpclient.netty.handler.HttpHandler - 

Request DefaultFullHttpRequest(decodeResult: success, version: HTTP/1.1, content: EmptyByteBufBE)
GET /session/adc32fe726ffef49d7c8c2742e9dcc38/element/fd76a851-fd17-47a2-abb5-6ecc937c890c/enabled HTTP/1.1
User-Agent: selenium/4.1.2 (java windows)
Cache-Control: no-cache
Content-Type: application/json; charset=utf-8
host: localhost:60956
accept: */*

Response DefaultHttpResponse(decodeResult: success, version: HTTP/1.1)
HTTP/1.1 200 OK
Content-Type: application/json; charset=utf-8
cache-control: no-cache
content-length: 14

23:23:33.541 [AsyncHttpClient-1-2] DEBUG org.asynchttpclient.netty.channel.ChannelManager - Adding key: http://localhost:60956 for channel [id: 0x95f93ee1, L:/127.0.0.1:52114 - R:localhost/127.0.0.1:60956]
23:23:33.547 [Forwarding findElement on session adc32fe726ffef49d7c8c2742e9dcc38 to remote] DEBUG org.asynchttpclient.netty.request.NettyRequestSender - Using pooled Channel '[id: 0x95f93ee1, L:/127.0.0.1:52114 - R:localhost/127.0.0.1:60956]' for 'POST' to 'http://localhost:60956/session/adc32fe726ffef49d7c8c2742e9dcc38/element'
23:23:33.548 [Forwarding findElement on session adc32fe726ffef49d7c8c2742e9dcc38 to remote] DEBUG org.asynchttpclient.netty.request.NettyRequestSender - Using open Channel [id: 0x95f93ee1, L:/127.0.0.1:52114 - R:localhost/127.0.0.1:60956] for POST '/session/adc32fe726ffef49d7c8c2742e9dcc38/element'
23:23:33.573 [AsyncHttpClient-1-2] DEBUG org.asynchttpclient.netty.handler.HttpHandler - 

Request DefaultHttpRequest(decodeResult: success, version: HTTP/1.1)
POST /session/adc32fe726ffef49d7c8c2742e9dcc38/element HTTP/1.1
User-Agent: selenium/4.1.2 (java windows)
Content-Length: 102
Content-Type: application/json; charset=utf-8
host: localhost:60956
accept: */*

Response DefaultHttpResponse(decodeResult: success, version: HTTP/1.1)
HTTP/1.1 200 OK
Content-Type: application/json; charset=utf-8
cache-control: no-cache
content-length: 88

23:23:33.573 [AsyncHttpClient-1-2] DEBUG org.asynchttpclient.netty.channel.ChannelManager - Adding key: http://localhost:60956 for channel [id: 0x95f93ee1, L:/127.0.0.1:52114 - R:localhost/127.0.0.1:60956]
23:23:33.576 [Forwarding clickElement on session adc32fe726ffef49d7c8c2742e9dcc38 to remote] DEBUG org.asynchttpclient.netty.request.NettyRequestSender - Using pooled Channel '[id: 0x95f93ee1, L:/127.0.0.1:52114 - R:localhost/127.0.0.1:60956]' for 'POST' to 'http://localhost:60956/session/adc32fe726ffef49d7c8c2742e9dcc38/element/fd76a851-fd17-47a2-abb5-6ecc937c890c/click'
23:23:33.576 [Forwarding clickElement on session adc32fe726ffef49d7c8c2742e9dcc38 to remote] DEBUG org.asynchttpclient.netty.request.NettyRequestSender - Using open Channel [id: 0x95f93ee1, L:/127.0.0.1:52114 - R:localhost/127.0.0.1:60956] for POST '/session/adc32fe726ffef49d7c8c2742e9dcc38/element/fd76a851-fd17-47a2-abb5-6ecc937c890c/click'
23:23:33.741 [AsyncHttpClient-1-2] DEBUG org.asynchttpclient.netty.handler.HttpHandler - 

Request DefaultHttpRequest(decodeResult: success, version: HTTP/1.1)
POST /session/adc32fe726ffef49d7c8c2742e9dcc38/element/fd76a851-fd17-47a2-abb5-6ecc937c890c/click HTTP/1.1
User-Agent: selenium/4.1.2 (java windows)
Content-Length: 50
Content-Type: application/json; charset=utf-8
host: localhost:60956
accept: */*

Response DefaultHttpResponse(decodeResult: success, version: HTTP/1.1)
HTTP/1.1 200 OK
Content-Type: application/json; charset=utf-8
cache-control: no-cache
content-length: 14

23:23:33.742 [AsyncHttpClient-1-2] DEBUG org.asynchttpclient.netty.channel.ChannelManager - Adding key: http://localhost:60956 for channel [id: 0x95f93ee1, L:/127.0.0.1:52114 - R:localhost/127.0.0.1:60956]
23:23:33.756 [Forwarding screenshot on session adc32fe726ffef49d7c8c2742e9dcc38 to remote] DEBUG org.asynchttpclient.netty.request.NettyRequestSender - Using pooled Channel '[id: 0x95f93ee1, L:/127.0.0.1:52114 - R:localhost/127.0.0.1:60956]' for 'GET' to 'http://localhost:60956/session/adc32fe726ffef49d7c8c2742e9dcc38/screenshot'
23:23:33.756 [Forwarding screenshot on session adc32fe726ffef49d7c8c2742e9dcc38 to remote] DEBUG org.asynchttpclient.netty.request.NettyRequestSender - Using open Channel [id: 0x95f93ee1, L:/127.0.0.1:52114 - R:localhost/127.0.0.1:60956] for GET '/session/adc32fe726ffef49d7c8c2742e9dcc38/screenshot'
23:23:34.005 [AsyncHttpClient-1-2] DEBUG org.asynchttpclient.netty.handler.HttpHandler - 

Request DefaultFullHttpRequest(decodeResult: success, version: HTTP/1.1, content: EmptyByteBufBE)
GET /session/adc32fe726ffef49d7c8c2742e9dcc38/screenshot HTTP/1.1
User-Agent: selenium/4.1.2 (java windows)
Cache-Control: no-cache
Content-Type: application/json; charset=utf-8
host: localhost:60956
accept: */*

Response DefaultHttpResponse(decodeResult: success, version: HTTP/1.1)
HTTP/1.1 200 OK
Content-Type: application/json; charset=utf-8
cache-control: no-cache
content-length: 77572

23:23:34.007 [AsyncHttpClient-1-2] DEBUG org.asynchttpclient.netty.channel.ChannelManager - Adding key: http://localhost:60956 for channel [id: 0x95f93ee1, L:/127.0.0.1:52114 - R:localhost/127.0.0.1:60956]
23:23:34.012 [main] DEBUG net.serenitybdd.core.photography.Darkroom - Send negative for processing for target\site\serenity\10e92250c43027f88b9bd23fcb0c48cfbf644c559d01e95d201a291352b1beab.png
23:23:34.013 [main] DEBUG net.thucydides.core.steps.StepInterceptor - STEP DONE: buyTensiDarah
  &amp#27;[32mAnd &amp#27;[0m&amp#27;[32mFirst I buy &amp#27;[0m&amp#27;[32m&amp#27;[1mTensi Darah Eelktrik&amp#27;[0m                             &amp#27;[90m# stepdefinitions.BuyProductsStep.iBuyTensiElektrik(java.lang.String)&amp#27;[0m
23:23:34.013 [Darkroom Processing Line] DEBUG net.serenitybdd.core.photography.DarkroomProcessingLine - Processing screenshot image in /var/screenshots/screenshot-12252660530389363335
23:23:34.013 [Darkroom Processing Line] DEBUG net.serenitybdd.core.photography.DarkroomProcessingLine - Saving screenshot to target\site\serenity\10e92250c43027f88b9bd23fcb0c48cfbf644c559d01e95d201a291352b1beab.png
23:23:34.059 [main] DEBUG net.thucydides.core.steps.StepInterceptor - STARTING STEP: BuyProductsStep.iBuyCamera - buyCamera
23:23:34.063 [AsyncHttpClient-1-1] DEBUG org.asynchttpclient.netty.channel.DefaultChannelPool - Entry count for : http://localhost:52116 : 1
23:23:34.063 [AsyncHttpClient-1-1] DEBUG org.asynchttpclient.netty.channel.DefaultChannelPool - Entry count for : http://localhost:60956 : 1
23:23:34.067 [Forwarding findElement on session adc32fe726ffef49d7c8c2742e9dcc38 to remote] DEBUG org.asynchttpclient.netty.request.NettyRequestSender - Using pooled Channel '[id: 0x95f93ee1, L:/127.0.0.1:52114 - R:localhost/127.0.0.1:60956]' for 'POST' to 'http://localhost:60956/session/adc32fe726ffef49d7c8c2742e9dcc38/element'
23:23:34.067 [Forwarding findElement on session adc32fe726ffef49d7c8c2742e9dcc38 to remote] DEBUG org.asynchttpclient.netty.request.NettyRequestSender - Using open Channel [id: 0x95f93ee1, L:/127.0.0.1:52114 - R:localhost/127.0.0.1:60956] for POST '/session/adc32fe726ffef49d7c8c2742e9dcc38/element'
23:23:34.098 [AsyncHttpClient-1-2] DEBUG org.asynchttpclient.netty.handler.HttpHandler - 

Request DefaultHttpRequest(decodeResult: success, version: HTTP/1.1)
POST /session/adc32fe726ffef49d7c8c2742e9dcc38/element HTTP/1.1
User-Agent: selenium/4.1.2 (java windows)
Content-Length: 102
Content-Type: application/json; charset=utf-8
host: localhost:60956
accept: */*

Response DefaultHttpResponse(decodeResult: success, version: HTTP/1.1)
HTTP/1.1 200 OK
Content-Type: application/json; charset=utf-8
cache-control: no-cache
content-length: 88

23:23:34.099 [AsyncHttpClient-1-2] DEBUG org.asynchttpclient.netty.channel.ChannelManager - Adding key: http://localhost:60956 for channel [id: 0x95f93ee1, L:/127.0.0.1:52114 - R:localhost/127.0.0.1:60956]
23:23:34.102 [Forwarding getElementTagName on session adc32fe726ffef49d7c8c2742e9dcc38 to remote] DEBUG org.asynchttpclient.netty.request.NettyRequestSender - Using pooled Channel '[id: 0x95f93ee1, L:/127.0.0.1:52114 - R:localhost/127.0.0.1:60956]' for 'GET' to 'http://localhost:60956/session/adc32fe726ffef49d7c8c2742e9dcc38/element/960701ce-da2b-4414-8f94-5bf08beae447/name'
23:23:34.103 [Forwarding getElementTagName on session adc32fe726ffef49d7c8c2742e9dcc38 to remote] DEBUG org.asynchttpclient.netty.request.NettyRequestSender - Using open Channel [id: 0x95f93ee1, L:/127.0.0.1:52114 - R:localhost/127.0.0.1:60956] for GET '/session/adc32fe726ffef49d7c8c2742e9dcc38/element/960701ce-da2b-4414-8f94-5bf08beae447/name'
23:23:34.128 [AsyncHttpClient-1-2] DEBUG org.asynchttpclient.netty.handler.HttpHandler - 

Request DefaultFullHttpRequest(decodeResult: success, version: HTTP/1.1, content: EmptyByteBufBE)
GET /session/adc32fe726ffef49d7c8c2742e9dcc38/element/960701ce-da2b-4414-8f94-5bf08beae447/name HTTP/1.1
User-Agent: selenium/4.1.2 (java windows)
Cache-Control: no-cache
Content-Type: application/json; charset=utf-8
host: localhost:60956
accept: */*

Response DefaultHttpResponse(decodeResult: success, version: HTTP/1.1)
HTTP/1.1 200 OK
Content-Type: application/json; charset=utf-8
cache-control: no-cache
content-length: 18

23:23:34.129 [AsyncHttpClient-1-2] DEBUG org.asynchttpclient.netty.channel.ChannelManager - Adding key: http://localhost:60956 for channel [id: 0x95f93ee1, L:/127.0.0.1:52114 - R:localhost/127.0.0.1:60956]
23:23:34.134 [Forwarding getElementTagName on session adc32fe726ffef49d7c8c2742e9dcc38 to remote] DEBUG org.asynchttpclient.netty.request.NettyRequestSender - Using pooled Channel '[id: 0x95f93ee1, L:/127.0.0.1:52114 - R:localhost/127.0.0.1:60956]' for 'GET' to 'http://localhost:60956/session/adc32fe726ffef49d7c8c2742e9dcc38/element/960701ce-da2b-4414-8f94-5bf08beae447/name'
23:23:34.134 [Forwarding getElementTagName on session adc32fe726ffef49d7c8c2742e9dcc38 to remote] DEBUG org.asynchttpclient.netty.request.NettyRequestSender - Using open Channel [id: 0x95f93ee1, L:/127.0.0.1:52114 - R:localhost/127.0.0.1:60956] for GET '/session/adc32fe726ffef49d7c8c2742e9dcc38/element/960701ce-da2b-4414-8f94-5bf08beae447/name'
23:23:34.144 [AsyncHttpClient-1-2] DEBUG org.asynchttpclient.netty.handler.HttpHandler - 

Request DefaultFullHttpRequest(decodeResult: success, version: HTTP/1.1, content: EmptyByteBufBE)
GET /session/adc32fe726ffef49d7c8c2742e9dcc38/element/960701ce-da2b-4414-8f94-5bf08beae447/name HTTP/1.1
User-Agent: selenium/4.1.2 (java windows)
Cache-Control: no-cache
Content-Type: application/json; charset=utf-8
host: localhost:60956
accept: */*

Response DefaultHttpResponse(decodeResult: success, version: HTTP/1.1)
HTTP/1.1 200 OK
Content-Type: application/json; charset=utf-8
cache-control: no-cache
content-length: 18

23:23:34.145 [AsyncHttpClient-1-2] DEBUG org.asynchttpclient.netty.channel.ChannelManager - Adding key: http://localhost:60956 for channel [id: 0x95f93ee1, L:/127.0.0.1:52114 - R:localhost/127.0.0.1:60956]
23:23:34.155 [Forwarding isElementEnabled on session adc32fe726ffef49d7c8c2742e9dcc38 to remote] DEBUG org.asynchttpclient.netty.request.NettyRequestSender - Using pooled Channel '[id: 0x95f93ee1, L:/127.0.0.1:52114 - R:localhost/127.0.0.1:60956]' for 'GET' to 'http://localhost:60956/session/adc32fe726ffef49d7c8c2742e9dcc38/element/960701ce-da2b-4414-8f94-5bf08beae447/enabled'
23:23:34.155 [Forwarding isElementEnabled on session adc32fe726ffef49d7c8c2742e9dcc38 to remote] DEBUG org.asynchttpclient.netty.request.NettyRequestSender - Using open Channel [id: 0x95f93ee1, L:/127.0.0.1:52114 - R:localhost/127.0.0.1:60956] for GET '/session/adc32fe726ffef49d7c8c2742e9dcc38/element/960701ce-da2b-4414-8f94-5bf08beae447/enabled'
23:23:34.180 [AsyncHttpClient-1-2] DEBUG org.asynchttpclient.netty.handler.HttpHandler - 

Request DefaultFullHttpRequest(decodeResult: success, version: HTTP/1.1, content: EmptyByteBufBE)
GET /session/adc32fe726ffef49d7c8c2742e9dcc38/element/960701ce-da2b-4414-8f94-5bf08beae447/enabled HTTP/1.1
User-Agent: selenium/4.1.2 (java windows)
Cache-Control: no-cache
Content-Type: application/json; charset=utf-8
host: localhost:60956
accept: */*

Response DefaultHttpResponse(decodeResult: success, version: HTTP/1.1)
HTTP/1.1 200 OK
Content-Type: application/json; charset=utf-8
cache-control: no-cache
content-length: 14

23:23:34.181 [AsyncHttpClient-1-2] DEBUG org.asynchttpclient.netty.channel.ChannelManager - Adding key: http://localhost:60956 for channel [id: 0x95f93ee1, L:/127.0.0.1:52114 - R:localhost/127.0.0.1:60956]
23:23:34.191 [Forwarding isElementEnabled on session adc32fe726ffef49d7c8c2742e9dcc38 to remote] DEBUG org.asynchttpclient.netty.request.NettyRequestSender - Using pooled Channel '[id: 0x95f93ee1, L:/127.0.0.1:52114 - R:localhost/127.0.0.1:60956]' for 'GET' to 'http://localhost:60956/session/adc32fe726ffef49d7c8c2742e9dcc38/element/960701ce-da2b-4414-8f94-5bf08beae447/enabled'
23:23:34.191 [Forwarding isElementEnabled on session adc32fe726ffef49d7c8c2742e9dcc38 to remote] DEBUG org.asynchttpclient.netty.request.NettyRequestSender - Using open Channel [id: 0x95f93ee1, L:/127.0.0.1:52114 - R:localhost/127.0.0.1:60956] for GET '/session/adc32fe726ffef49d7c8c2742e9dcc38/element/960701ce-da2b-4414-8f94-5bf08beae447/enabled'
23:23:34.216 [AsyncHttpClient-1-2] DEBUG org.asynchttpclient.netty.handler.HttpHandler - 

Request DefaultFullHttpRequest(decodeResult: success, version: HTTP/1.1, content: EmptyByteBufBE)
GET /session/adc32fe726ffef49d7c8c2742e9dcc38/element/960701ce-da2b-4414-8f94-5bf08beae447/enabled HTTP/1.1
User-Agent: selenium/4.1.2 (java windows)
Cache-Control: no-cache
Content-Type: application/json; charset=utf-8
host: localhost:60956
accept: */*

Response DefaultHttpResponse(decodeResult: success, version: HTTP/1.1)
HTTP/1.1 200 OK
Content-Type: application/json; charset=utf-8
cache-control: no-cache
content-length: 14

23:23:34.216 [AsyncHttpClient-1-2] DEBUG org.asynchttpclient.netty.channel.ChannelManager - Adding key: http://localhost:60956 for channel [id: 0x95f93ee1, L:/127.0.0.1:52114 - R:localhost/127.0.0.1:60956]
23:23:34.235 [Forwarding findElement on session adc32fe726ffef49d7c8c2742e9dcc38 to remote] DEBUG org.asynchttpclient.netty.request.NettyRequestSender - Using pooled Channel '[id: 0x95f93ee1, L:/127.0.0.1:52114 - R:localhost/127.0.0.1:60956]' for 'POST' to 'http://localhost:60956/session/adc32fe726ffef49d7c8c2742e9dcc38/element'
23:23:34.235 [Forwarding findElement on session adc32fe726ffef49d7c8c2742e9dcc38 to remote] DEBUG org.asynchttpclient.netty.request.NettyRequestSender - Using open Channel [id: 0x95f93ee1, L:/127.0.0.1:52114 - R:localhost/127.0.0.1:60956] for POST '/session/adc32fe726ffef49d7c8c2742e9dcc38/element'
23:23:34.398 [AsyncHttpClient-1-2] DEBUG org.asynchttpclient.netty.handler.HttpHandler - 

Request DefaultHttpRequest(decodeResult: success, version: HTTP/1.1)
POST /session/adc32fe726ffef49d7c8c2742e9dcc38/element HTTP/1.1
User-Agent: selenium/4.1.2 (java windows)
Content-Length: 102
Content-Type: application/json; charset=utf-8
host: localhost:60956
accept: */*

Response DefaultHttpResponse(decodeResult: success, version: HTTP/1.1)
HTTP/1.1 200 OK
Content-Type: application/json; charset=utf-8
cache-control: no-cache
content-length: 88

23:23:34.399 [AsyncHttpClient-1-2] DEBUG org.asynchttpclient.netty.channel.ChannelManager - Adding key: http://localhost:60956 for channel [id: 0x95f93ee1, L:/127.0.0.1:52114 - R:localhost/127.0.0.1:60956]
23:23:34.406 [Forwarding clickElement on session adc32fe726ffef49d7c8c2742e9dcc38 to remote] DEBUG org.asynchttpclient.netty.request.NettyRequestSender - Using pooled Channel '[id: 0x95f93ee1, L:/127.0.0.1:52114 - R:localhost/127.0.0.1:60956]' for 'POST' to 'http://localhost:60956/session/adc32fe726ffef49d7c8c2742e9dcc38/element/960701ce-da2b-4414-8f94-5bf08beae447/click'
23:23:34.407 [Forwarding clickElement on session adc32fe726ffef49d7c8c2742e9dcc38 to remote] DEBUG org.asynchttpclient.netty.request.NettyRequestSender - Using open Channel [id: 0x95f93ee1, L:/127.0.0.1:52114 - R:localhost/127.0.0.1:60956] for POST '/session/adc32fe726ffef49d7c8c2742e9dcc38/element/960701ce-da2b-4414-8f94-5bf08beae447/click'
23:23:34.699 [AsyncHttpClient-1-2] DEBUG org.asynchttpclient.netty.handler.HttpHandler - 

Request DefaultHttpRequest(decodeResult: success, version: HTTP/1.1)
POST /session/adc32fe726ffef49d7c8c2742e9dcc38/element/960701ce-da2b-4414-8f94-5bf08beae447/click HTTP/1.1
User-Agent: selenium/4.1.2 (java windows)
Content-Length: 50
Content-Type: application/json; charset=utf-8
host: localhost:60956
accept: */*

Response DefaultHttpResponse(decodeResult: success, version: HTTP/1.1)
HTTP/1.1 200 OK
Content-Type: application/json; charset=utf-8
cache-control: no-cache
content-length: 14

23:23:34.700 [AsyncHttpClient-1-2] DEBUG org.asynchttpclient.netty.channel.ChannelManager - Adding key: http://localhost:60956 for channel [id: 0x95f93ee1, L:/127.0.0.1:52114 - R:localhost/127.0.0.1:60956]
23:23:34.722 [Forwarding screenshot on session adc32fe726ffef49d7c8c2742e9dcc38 to remote] DEBUG org.asynchttpclient.netty.request.NettyRequestSender - Using pooled Channel '[id: 0x95f93ee1, L:/127.0.0.1:52114 - R:localhost/127.0.0.1:60956]' for 'GET' to 'http://localhost:60956/session/adc32fe726ffef49d7c8c2742e9dcc38/screenshot'
23:23:34.722 [Forwarding screenshot on session adc32fe726ffef49d7c8c2742e9dcc38 to remote] DEBUG org.asynchttpclient.netty.request.NettyRequestSender - Using open Channel [id: 0x95f93ee1, L:/127.0.0.1:52114 - R:localhost/127.0.0.1:60956] for GET '/session/adc32fe726ffef49d7c8c2742e9dcc38/screenshot'
23:23:35.043 [AsyncHttpClient-1-2] DEBUG org.asynchttpclient.netty.handler.HttpHandler - 

Request DefaultFullHttpRequest(decodeResult: success, version: HTTP/1.1, content: EmptyByteBufBE)
GET /session/adc32fe726ffef49d7c8c2742e9dcc38/screenshot HTTP/1.1
User-Agent: selenium/4.1.2 (java windows)
Cache-Control: no-cache
Content-Type: application/json; charset=utf-8
host: localhost:60956
accept: */*

Response DefaultHttpResponse(decodeResult: success, version: HTTP/1.1)
HTTP/1.1 200 OK
Content-Type: application/json; charset=utf-8
cache-control: no-cache
content-length: 76096

23:23:35.045 [AsyncHttpClient-1-2] DEBUG org.asynchttpclient.netty.channel.ChannelManager - Adding key: http://localhost:60956 for channel [id: 0x95f93ee1, L:/127.0.0.1:52114 - R:localhost/127.0.0.1:60956]
23:23:35.053 [main] DEBUG net.serenitybdd.core.photography.Darkroom - Send negative for processing for target\site\serenity\2d3d729a6a3f59e36ac9242d1aa816e215f3a8d25fbf471d6b5b642c5826f313.png
23:23:35.054 [main] DEBUG net.thucydides.core.steps.StepInterceptor - STEP DONE: buyCamera
  &amp#27;[32mAnd &amp#27;[0m&amp#27;[32mSecond I buy &amp#27;[0m&amp#27;[32m&amp#27;[1mCamera&amp#27;[0m                                          &amp#27;[90m# stepdefinitions.BuyProductsStep.iBuyCamera(java.lang.String)&amp#27;[0m
23:23:35.064 [Darkroom Processing Line] DEBUG net.serenitybdd.core.photography.DarkroomProcessingLine - Processing screenshot image in /var/screenshots/screenshot-14598435316154372869
23:23:35.065 [Darkroom Processing Line] DEBUG net.serenitybdd.core.photography.DarkroomProcessingLine - Saving screenshot to target\site\serenity\2d3d729a6a3f59e36ac9242d1aa816e215f3a8d25fbf471d6b5b642c5826f313.png
23:23:35.096 [main] DEBUG net.thucydides.core.steps.StepInterceptor - STARTING STEP: BuyProductsStep.iBuyCincinEmas - buyCincinEmas
23:23:35.103 [Forwarding findElement on session adc32fe726ffef49d7c8c2742e9dcc38 to remote] DEBUG org.asynchttpclient.netty.request.NettyRequestSender - Using pooled Channel '[id: 0x95f93ee1, L:/127.0.0.1:52114 - R:localhost/127.0.0.1:60956]' for 'POST' to 'http://localhost:60956/session/adc32fe726ffef49d7c8c2742e9dcc38/element'
23:23:35.103 [Forwarding findElement on session adc32fe726ffef49d7c8c2742e9dcc38 to remote] DEBUG org.asynchttpclient.netty.request.NettyRequestSender - Using open Channel [id: 0x95f93ee1, L:/127.0.0.1:52114 - R:localhost/127.0.0.1:60956] for POST '/session/adc32fe726ffef49d7c8c2742e9dcc38/element'
23:23:35.138 [AsyncHttpClient-1-2] DEBUG org.asynchttpclient.netty.handler.HttpHandler - 

Request DefaultHttpRequest(decodeResult: success, version: HTTP/1.1)
POST /session/adc32fe726ffef49d7c8c2742e9dcc38/element HTTP/1.1
User-Agent: selenium/4.1.2 (java windows)
Content-Length: 102
Content-Type: application/json; charset=utf-8
host: localhost:60956
accept: */*

Response DefaultHttpResponse(decodeResult: success, version: HTTP/1.1)
HTTP/1.1 200 OK
Content-Type: application/json; charset=utf-8
cache-control: no-cache
content-length: 88

23:23:35.139 [AsyncHttpClient-1-2] DEBUG org.asynchttpclient.netty.channel.ChannelManager - Adding key: http://localhost:60956 for channel [id: 0x95f93ee1, L:/127.0.0.1:52114 - R:localhost/127.0.0.1:60956]
23:23:35.144 [Forwarding getElementTagName on session adc32fe726ffef49d7c8c2742e9dcc38 to remote] DEBUG org.asynchttpclient.netty.request.NettyRequestSender - Using pooled Channel '[id: 0x95f93ee1, L:/127.0.0.1:52114 - R:localhost/127.0.0.1:60956]' for 'GET' to 'http://localhost:60956/session/adc32fe726ffef49d7c8c2742e9dcc38/element/70c18fbf-1129-4b87-97ce-b00ed61bd6b2/name'
23:23:35.145 [Forwarding getElementTagName on session adc32fe726ffef49d7c8c2742e9dcc38 to remote] DEBUG org.asynchttpclient.netty.request.NettyRequestSender - Using open Channel [id: 0x95f93ee1, L:/127.0.0.1:52114 - R:localhost/127.0.0.1:60956] for GET '/session/adc32fe726ffef49d7c8c2742e9dcc38/element/70c18fbf-1129-4b87-97ce-b00ed61bd6b2/name'
23:23:35.161 [AsyncHttpClient-1-1] DEBUG org.asynchttpclient.netty.channel.DefaultChannelPool - Entry count for : http://localhost:52116 : 1
23:23:35.193 [AsyncHttpClient-1-2] DEBUG org.asynchttpclient.netty.handler.HttpHandler - 

Request DefaultFullHttpRequest(decodeResult: success, version: HTTP/1.1, content: EmptyByteBufBE)
GET /session/adc32fe726ffef49d7c8c2742e9dcc38/element/70c18fbf-1129-4b87-97ce-b00ed61bd6b2/name HTTP/1.1
User-Agent: selenium/4.1.2 (java windows)
Cache-Control: no-cache
Content-Type: application/json; charset=utf-8
host: localhost:60956
accept: */*

Response DefaultHttpResponse(decodeResult: success, version: HTTP/1.1)
HTTP/1.1 200 OK
Content-Type: application/json; charset=utf-8
cache-control: no-cache
content-length: 18

23:23:35.195 [AsyncHttpClient-1-2] DEBUG org.asynchttpclient.netty.channel.ChannelManager - Adding key: http://localhost:60956 for channel [id: 0x95f93ee1, L:/127.0.0.1:52114 - R:localhost/127.0.0.1:60956]
23:23:35.199 [Forwarding getElementTagName on session adc32fe726ffef49d7c8c2742e9dcc38 to remote] DEBUG org.asynchttpclient.netty.request.NettyRequestSender - Using pooled Channel '[id: 0x95f93ee1, L:/127.0.0.1:52114 - R:localhost/127.0.0.1:60956]' for 'GET' to 'http://localhost:60956/session/adc32fe726ffef49d7c8c2742e9dcc38/element/70c18fbf-1129-4b87-97ce-b00ed61bd6b2/name'
23:23:35.199 [Forwarding getElementTagName on session adc32fe726ffef49d7c8c2742e9dcc38 to remote] DEBUG org.asynchttpclient.netty.request.NettyRequestSender - Using open Channel [id: 0x95f93ee1, L:/127.0.0.1:52114 - R:localhost/127.0.0.1:60956] for GET '/session/adc32fe726ffef49d7c8c2742e9dcc38/element/70c18fbf-1129-4b87-97ce-b00ed61bd6b2/name'
23:23:35.211 [AsyncHttpClient-1-2] DEBUG org.asynchttpclient.netty.handler.HttpHandler - 

Request DefaultFullHttpRequest(decodeResult: success, version: HTTP/1.1, content: EmptyByteBufBE)
GET /session/adc32fe726ffef49d7c8c2742e9dcc38/element/70c18fbf-1129-4b87-97ce-b00ed61bd6b2/name HTTP/1.1
User-Agent: selenium/4.1.2 (java windows)
Cache-Control: no-cache
Content-Type: application/json; charset=utf-8
host: localhost:60956
accept: */*

Response DefaultHttpResponse(decodeResult: success, version: HTTP/1.1)
HTTP/1.1 200 OK
Content-Type: application/json; charset=utf-8
cache-control: no-cache
content-length: 18

23:23:35.211 [AsyncHttpClient-1-2] DEBUG org.asynchttpclient.netty.channel.ChannelManager - Adding key: http://localhost:60956 for channel [id: 0x95f93ee1, L:/127.0.0.1:52114 - R:localhost/127.0.0.1:60956]
23:23:35.219 [Forwarding isElementEnabled on session adc32fe726ffef49d7c8c2742e9dcc38 to remote] DEBUG org.asynchttpclient.netty.request.NettyRequestSender - Using pooled Channel '[id: 0x95f93ee1, L:/127.0.0.1:52114 - R:localhost/127.0.0.1:60956]' for 'GET' to 'http://localhost:60956/session/adc32fe726ffef49d7c8c2742e9dcc38/element/70c18fbf-1129-4b87-97ce-b00ed61bd6b2/enabled'
23:23:35.219 [Forwarding isElementEnabled on session adc32fe726ffef49d7c8c2742e9dcc38 to remote] DEBUG org.asynchttpclient.netty.request.NettyRequestSender - Using open Channel [id: 0x95f93ee1, L:/127.0.0.1:52114 - R:localhost/127.0.0.1:60956] for GET '/session/adc32fe726ffef49d7c8c2742e9dcc38/element/70c18fbf-1129-4b87-97ce-b00ed61bd6b2/enabled'
23:23:35.235 [AsyncHttpClient-1-2] DEBUG org.asynchttpclient.netty.handler.HttpHandler - 

Request DefaultFullHttpRequest(decodeResult: success, version: HTTP/1.1, content: EmptyByteBufBE)
GET /session/adc32fe726ffef49d7c8c2742e9dcc38/element/70c18fbf-1129-4b87-97ce-b00ed61bd6b2/enabled HTTP/1.1
User-Agent: selenium/4.1.2 (java windows)
Cache-Control: no-cache
Content-Type: application/json; charset=utf-8
host: localhost:60956
accept: */*

Response DefaultHttpResponse(decodeResult: success, version: HTTP/1.1)
HTTP/1.1 200 OK
Content-Type: application/json; charset=utf-8
cache-control: no-cache
content-length: 14

23:23:35.236 [AsyncHttpClient-1-2] DEBUG org.asynchttpclient.netty.channel.ChannelManager - Adding key: http://localhost:60956 for channel [id: 0x95f93ee1, L:/127.0.0.1:52114 - R:localhost/127.0.0.1:60956]
23:23:35.239 [Forwarding isElementEnabled on session adc32fe726ffef49d7c8c2742e9dcc38 to remote] DEBUG org.asynchttpclient.netty.request.NettyRequestSender - Using pooled Channel '[id: 0x95f93ee1, L:/127.0.0.1:52114 - R:localhost/127.0.0.1:60956]' for 'GET' to 'http://localhost:60956/session/adc32fe726ffef49d7c8c2742e9dcc38/element/70c18fbf-1129-4b87-97ce-b00ed61bd6b2/enabled'
23:23:35.240 [Forwarding isElementEnabled on session adc32fe726ffef49d7c8c2742e9dcc38 to remote] DEBUG org.asynchttpclient.netty.request.NettyRequestSender - Using open Channel [id: 0x95f93ee1, L:/127.0.0.1:52114 - R:localhost/127.0.0.1:60956] for GET '/session/adc32fe726ffef49d7c8c2742e9dcc38/element/70c18fbf-1129-4b87-97ce-b00ed61bd6b2/enabled'
23:23:35.252 [AsyncHttpClient-1-2] DEBUG org.asynchttpclient.netty.handler.HttpHandler - 

Request DefaultFullHttpRequest(decodeResult: success, version: HTTP/1.1, content: EmptyByteBufBE)
GET /session/adc32fe726ffef49d7c8c2742e9dcc38/element/70c18fbf-1129-4b87-97ce-b00ed61bd6b2/enabled HTTP/1.1
User-Agent: selenium/4.1.2 (java windows)
Cache-Control: no-cache
Content-Type: application/json; charset=utf-8
host: localhost:60956
accept: */*

Response DefaultHttpResponse(decodeResult: success, version: HTTP/1.1)
HTTP/1.1 200 OK
Content-Type: application/json; charset=utf-8
cache-control: no-cache
content-length: 14

23:23:35.253 [AsyncHttpClient-1-2] DEBUG org.asynchttpclient.netty.channel.ChannelManager - Adding key: http://localhost:60956 for channel [id: 0x95f93ee1, L:/127.0.0.1:52114 - R:localhost/127.0.0.1:60956]
23:23:35.258 [Forwarding findElement on session adc32fe726ffef49d7c8c2742e9dcc38 to remote] DEBUG org.asynchttpclient.netty.request.NettyRequestSender - Using pooled Channel '[id: 0x95f93ee1, L:/127.0.0.1:52114 - R:localhost/127.0.0.1:60956]' for 'POST' to 'http://localhost:60956/session/adc32fe726ffef49d7c8c2742e9dcc38/element'
23:23:35.259 [Forwarding findElement on session adc32fe726ffef49d7c8c2742e9dcc38 to remote] DEBUG org.asynchttpclient.netty.request.NettyRequestSender - Using open Channel [id: 0x95f93ee1, L:/127.0.0.1:52114 - R:localhost/127.0.0.1:60956] for POST '/session/adc32fe726ffef49d7c8c2742e9dcc38/element'
23:23:35.286 [AsyncHttpClient-1-2] DEBUG org.asynchttpclient.netty.handler.HttpHandler - 

Request DefaultHttpRequest(decodeResult: success, version: HTTP/1.1)
POST /session/adc32fe726ffef49d7c8c2742e9dcc38/element HTTP/1.1
User-Agent: selenium/4.1.2 (java windows)
Content-Length: 102
Content-Type: application/json; charset=utf-8
host: localhost:60956
accept: */*

Response DefaultHttpResponse(decodeResult: success, version: HTTP/1.1)
HTTP/1.1 200 OK
Content-Type: application/json; charset=utf-8
cache-control: no-cache
content-length: 88

23:23:35.286 [AsyncHttpClient-1-2] DEBUG org.asynchttpclient.netty.channel.ChannelManager - Adding key: http://localhost:60956 for channel [id: 0x95f93ee1, L:/127.0.0.1:52114 - R:localhost/127.0.0.1:60956]
23:23:35.290 [Forwarding clickElement on session adc32fe726ffef49d7c8c2742e9dcc38 to remote] DEBUG org.asynchttpclient.netty.request.NettyRequestSender - Using pooled Channel '[id: 0x95f93ee1, L:/127.0.0.1:52114 - R:localhost/127.0.0.1:60956]' for 'POST' to 'http://localhost:60956/session/adc32fe726ffef49d7c8c2742e9dcc38/element/70c18fbf-1129-4b87-97ce-b00ed61bd6b2/click'
23:23:35.290 [Forwarding clickElement on session adc32fe726ffef49d7c8c2742e9dcc38 to remote] DEBUG org.asynchttpclient.netty.request.NettyRequestSender - Using open Channel [id: 0x95f93ee1, L:/127.0.0.1:52114 - R:localhost/127.0.0.1:60956] for POST '/session/adc32fe726ffef49d7c8c2742e9dcc38/element/70c18fbf-1129-4b87-97ce-b00ed61bd6b2/click'
23:23:35.422 [AsyncHttpClient-1-2] DEBUG org.asynchttpclient.netty.handler.HttpHandler - 

Request DefaultHttpRequest(decodeResult: success, version: HTTP/1.1)
POST /session/adc32fe726ffef49d7c8c2742e9dcc38/element/70c18fbf-1129-4b87-97ce-b00ed61bd6b2/click HTTP/1.1
User-Agent: selenium/4.1.2 (java windows)
Content-Length: 50
Content-Type: application/json; charset=utf-8
host: localhost:60956
accept: */*

Response DefaultHttpResponse(decodeResult: success, version: HTTP/1.1)
HTTP/1.1 200 OK
Content-Type: application/json; charset=utf-8
cache-control: no-cache
content-length: 14

23:23:35.423 [AsyncHttpClient-1-2] DEBUG org.asynchttpclient.netty.channel.ChannelManager - Adding key: http://localhost:60956 for channel [id: 0x95f93ee1, L:/127.0.0.1:52114 - R:localhost/127.0.0.1:60956]
23:23:35.441 [Forwarding screenshot on session adc32fe726ffef49d7c8c2742e9dcc38 to remote] DEBUG org.asynchttpclient.netty.request.NettyRequestSender - Using pooled Channel '[id: 0x95f93ee1, L:/127.0.0.1:52114 - R:localhost/127.0.0.1:60956]' for 'GET' to 'http://localhost:60956/session/adc32fe726ffef49d7c8c2742e9dcc38/screenshot'
23:23:35.441 [Forwarding screenshot on session adc32fe726ffef49d7c8c2742e9dcc38 to remote] DEBUG org.asynchttpclient.netty.request.NettyRequestSender - Using open Channel [id: 0x95f93ee1, L:/127.0.0.1:52114 - R:localhost/127.0.0.1:60956] for GET '/session/adc32fe726ffef49d7c8c2742e9dcc38/screenshot'
23:23:35.646 [AsyncHttpClient-1-2] DEBUG org.asynchttpclient.netty.handler.HttpHandler - 

Request DefaultFullHttpRequest(decodeResult: success, version: HTTP/1.1, content: EmptyByteBufBE)
GET /session/adc32fe726ffef49d7c8c2742e9dcc38/screenshot HTTP/1.1
User-Agent: selenium/4.1.2 (java windows)
Cache-Control: no-cache
Content-Type: application/json; charset=utf-8
host: localhost:60956
accept: */*

Response DefaultHttpResponse(decodeResult: success, version: HTTP/1.1)
HTTP/1.1 200 OK
Content-Type: application/json; charset=utf-8
cache-control: no-cache
content-length: 77580

23:23:35.648 [AsyncHttpClient-1-2] DEBUG org.asynchttpclient.netty.channel.ChannelManager - Adding key: http://localhost:60956 for channel [id: 0x95f93ee1, L:/127.0.0.1:52114 - R:localhost/127.0.0.1:60956]
23:23:35.651 [main] DEBUG net.serenitybdd.core.photography.Darkroom - Send negative for processing for target\site\serenity\82659a1ef189766ff193d6a6453759bfca6a9da9ab2ce9aa104e734bfd2e3af4.png
23:23:35.652 [main] DEBUG net.thucydides.core.steps.StepInterceptor - STEP DONE: buyCincinEmas
23:23:35.652 [Darkroom Processing Line] DEBUG net.serenitybdd.core.photography.DarkroomProcessingLine - Processing screenshot image in /var/screenshots/screenshot-8590967996509866341
23:23:35.653 [Darkroom Processing Line] DEBUG net.serenitybdd.core.photography.DarkroomProcessingLine - Saving screenshot to target\site\serenity\82659a1ef189766ff193d6a6453759bfca6a9da9ab2ce9aa104e734bfd2e3af4.png
  &amp#27;[32mAnd &amp#27;[0m&amp#27;[32mThird I buy &amp#27;[0m&amp#27;[32m&amp#27;[1mCincin Emas&amp#27;[0m                                      &amp#27;[90m# stepdefinitions.BuyProductsStep.iBuyCincinEmas(java.lang.String)&amp#27;[0m
23:23:35.686 [main] DEBUG net.thucydides.core.steps.StepInterceptor - STARTING STEP: BuyProductsStep.iclickChartButton - shopChartButton
23:23:35.691 [Forwarding findElement on session adc32fe726ffef49d7c8c2742e9dcc38 to remote] DEBUG org.asynchttpclient.netty.request.NettyRequestSender - Using pooled Channel '[id: 0x95f93ee1, L:/127.0.0.1:52114 - R:localhost/127.0.0.1:60956]' for 'POST' to 'http://localhost:60956/session/adc32fe726ffef49d7c8c2742e9dcc38/element'
23:23:35.692 [Forwarding findElement on session adc32fe726ffef49d7c8c2742e9dcc38 to remote] DEBUG org.asynchttpclient.netty.request.NettyRequestSender - Using open Channel [id: 0x95f93ee1, L:/127.0.0.1:52114 - R:localhost/127.0.0.1:60956] for POST '/session/adc32fe726ffef49d7c8c2742e9dcc38/element'
23:23:35.722 [AsyncHttpClient-1-2] DEBUG org.asynchttpclient.netty.handler.HttpHandler - 

Request DefaultHttpRequest(decodeResult: success, version: HTTP/1.1)
POST /session/adc32fe726ffef49d7c8c2742e9dcc38/element HTTP/1.1
User-Agent: selenium/4.1.2 (java windows)
Content-Length: 108
Content-Type: application/json; charset=utf-8
host: localhost:60956
accept: */*

Response DefaultHttpResponse(decodeResult: success, version: HTTP/1.1)
HTTP/1.1 200 OK
Content-Type: application/json; charset=utf-8
cache-control: no-cache
content-length: 88

23:23:35.722 [AsyncHttpClient-1-2] DEBUG org.asynchttpclient.netty.channel.ChannelManager - Adding key: http://localhost:60956 for channel [id: 0x95f93ee1, L:/127.0.0.1:52114 - R:localhost/127.0.0.1:60956]
23:23:35.728 [Forwarding getElementTagName on session adc32fe726ffef49d7c8c2742e9dcc38 to remote] DEBUG org.asynchttpclient.netty.request.NettyRequestSender - Using pooled Channel '[id: 0x95f93ee1, L:/127.0.0.1:52114 - R:localhost/127.0.0.1:60956]' for 'GET' to 'http://localhost:60956/session/adc32fe726ffef49d7c8c2742e9dcc38/element/d74b760c-8fc1-4801-976a-1f101db48cc0/name'
23:23:35.728 [Forwarding getElementTagName on session adc32fe726ffef49d7c8c2742e9dcc38 to remote] DEBUG org.asynchttpclient.netty.request.NettyRequestSender - Using open Channel [id: 0x95f93ee1, L:/127.0.0.1:52114 - R:localhost/127.0.0.1:60956] for GET '/session/adc32fe726ffef49d7c8c2742e9dcc38/element/d74b760c-8fc1-4801-976a-1f101db48cc0/name'
23:23:35.736 [AsyncHttpClient-1-2] DEBUG org.asynchttpclient.netty.handler.HttpHandler - 

Request DefaultFullHttpRequest(decodeResult: success, version: HTTP/1.1, content: EmptyByteBufBE)
GET /session/adc32fe726ffef49d7c8c2742e9dcc38/element/d74b760c-8fc1-4801-976a-1f101db48cc0/name HTTP/1.1
User-Agent: selenium/4.1.2 (java windows)
Cache-Control: no-cache
Content-Type: application/json; charset=utf-8
host: localhost:60956
accept: */*

Response DefaultHttpResponse(decodeResult: success, version: HTTP/1.1)
HTTP/1.1 200 OK
Content-Type: application/json; charset=utf-8
cache-control: no-cache
content-length: 18

23:23:35.737 [AsyncHttpClient-1-2] DEBUG org.asynchttpclient.netty.channel.ChannelManager - Adding key: http://localhost:60956 for channel [id: 0x95f93ee1, L:/127.0.0.1:52114 - R:localhost/127.0.0.1:60956]
23:23:35.740 [Forwarding getElementTagName on session adc32fe726ffef49d7c8c2742e9dcc38 to remote] DEBUG org.asynchttpclient.netty.request.NettyRequestSender - Using pooled Channel '[id: 0x95f93ee1, L:/127.0.0.1:52114 - R:localhost/127.0.0.1:60956]' for 'GET' to 'http://localhost:60956/session/adc32fe726ffef49d7c8c2742e9dcc38/element/d74b760c-8fc1-4801-976a-1f101db48cc0/name'
23:23:35.740 [Forwarding getElementTagName on session adc32fe726ffef49d7c8c2742e9dcc38 to remote] DEBUG org.asynchttpclient.netty.request.NettyRequestSender - Using open Channel [id: 0x95f93ee1, L:/127.0.0.1:52114 - R:localhost/127.0.0.1:60956] for GET '/session/adc32fe726ffef49d7c8c2742e9dcc38/element/d74b760c-8fc1-4801-976a-1f101db48cc0/name'
23:23:35.748 [AsyncHttpClient-1-2] DEBUG org.asynchttpclient.netty.handler.HttpHandler - 

Request DefaultFullHttpRequest(decodeResult: success, version: HTTP/1.1, content: EmptyByteBufBE)
GET /session/adc32fe726ffef49d7c8c2742e9dcc38/element/d74b760c-8fc1-4801-976a-1f101db48cc0/name HTTP/1.1
User-Agent: selenium/4.1.2 (java windows)
Cache-Control: no-cache
Content-Type: application/json; charset=utf-8
host: localhost:60956
accept: */*

Response DefaultHttpResponse(decodeResult: success, version: HTTP/1.1)
HTTP/1.1 200 OK
Content-Type: application/json; charset=utf-8
cache-control: no-cache
content-length: 18

23:23:35.748 [AsyncHttpClient-1-2] DEBUG org.asynchttpclient.netty.channel.ChannelManager - Adding key: http://localhost:60956 for channel [id: 0x95f93ee1, L:/127.0.0.1:52114 - R:localhost/127.0.0.1:60956]
23:23:35.754 [Forwarding isElementEnabled on session adc32fe726ffef49d7c8c2742e9dcc38 to remote] DEBUG org.asynchttpclient.netty.request.NettyRequestSender - Using pooled Channel '[id: 0x95f93ee1, L:/127.0.0.1:52114 - R:localhost/127.0.0.1:60956]' for 'GET' to 'http://localhost:60956/session/adc32fe726ffef49d7c8c2742e9dcc38/element/d74b760c-8fc1-4801-976a-1f101db48cc0/enabled'
23:23:35.754 [Forwarding isElementEnabled on session adc32fe726ffef49d7c8c2742e9dcc38 to remote] DEBUG org.asynchttpclient.netty.request.NettyRequestSender - Using open Channel [id: 0x95f93ee1, L:/127.0.0.1:52114 - R:localhost/127.0.0.1:60956] for GET '/session/adc32fe726ffef49d7c8c2742e9dcc38/element/d74b760c-8fc1-4801-976a-1f101db48cc0/enabled'
23:23:35.769 [AsyncHttpClient-1-2] DEBUG org.asynchttpclient.netty.handler.HttpHandler - 

Request DefaultFullHttpRequest(decodeResult: success, version: HTTP/1.1, content: EmptyByteBufBE)
GET /session/adc32fe726ffef49d7c8c2742e9dcc38/element/d74b760c-8fc1-4801-976a-1f101db48cc0/enabled HTTP/1.1
User-Agent: selenium/4.1.2 (java windows)
Cache-Control: no-cache
Content-Type: application/json; charset=utf-8
host: localhost:60956
accept: */*

Response DefaultHttpResponse(decodeResult: success, version: HTTP/1.1)
HTTP/1.1 200 OK
Content-Type: application/json; charset=utf-8
cache-control: no-cache
content-length: 14

23:23:35.769 [AsyncHttpClient-1-2] DEBUG org.asynchttpclient.netty.channel.ChannelManager - Adding key: http://localhost:60956 for channel [id: 0x95f93ee1, L:/127.0.0.1:52114 - R:localhost/127.0.0.1:60956]
23:23:35.772 [Forwarding isElementEnabled on session adc32fe726ffef49d7c8c2742e9dcc38 to remote] DEBUG org.asynchttpclient.netty.request.NettyRequestSender - Using pooled Channel '[id: 0x95f93ee1, L:/127.0.0.1:52114 - R:localhost/127.0.0.1:60956]' for 'GET' to 'http://localhost:60956/session/adc32fe726ffef49d7c8c2742e9dcc38/element/d74b760c-8fc1-4801-976a-1f101db48cc0/enabled'
23:23:35.773 [Forwarding isElementEnabled on session adc32fe726ffef49d7c8c2742e9dcc38 to remote] DEBUG org.asynchttpclient.netty.request.NettyRequestSender - Using open Channel [id: 0x95f93ee1, L:/127.0.0.1:52114 - R:localhost/127.0.0.1:60956] for GET '/session/adc32fe726ffef49d7c8c2742e9dcc38/element/d74b760c-8fc1-4801-976a-1f101db48cc0/enabled'
23:23:35.783 [AsyncHttpClient-1-2] DEBUG org.asynchttpclient.netty.handler.HttpHandler - 

Request DefaultFullHttpRequest(decodeResult: success, version: HTTP/1.1, content: EmptyByteBufBE)
GET /session/adc32fe726ffef49d7c8c2742e9dcc38/element/d74b760c-8fc1-4801-976a-1f101db48cc0/enabled HTTP/1.1
User-Agent: selenium/4.1.2 (java windows)
Cache-Control: no-cache
Content-Type: application/json; charset=utf-8
host: localhost:60956
accept: */*

Response DefaultHttpResponse(decodeResult: success, version: HTTP/1.1)
HTTP/1.1 200 OK
Content-Type: application/json; charset=utf-8
cache-control: no-cache
content-length: 14

23:23:35.784 [AsyncHttpClient-1-2] DEBUG org.asynchttpclient.netty.channel.ChannelManager - Adding key: http://localhost:60956 for channel [id: 0x95f93ee1, L:/127.0.0.1:52114 - R:localhost/127.0.0.1:60956]
23:23:35.788 [Forwarding findElement on session adc32fe726ffef49d7c8c2742e9dcc38 to remote] DEBUG org.asynchttpclient.netty.request.NettyRequestSender - Using pooled Channel '[id: 0x95f93ee1, L:/127.0.0.1:52114 - R:localhost/127.0.0.1:60956]' for 'POST' to 'http://localhost:60956/session/adc32fe726ffef49d7c8c2742e9dcc38/element'
23:23:35.788 [Forwarding findElement on session adc32fe726ffef49d7c8c2742e9dcc38 to remote] DEBUG org.asynchttpclient.netty.request.NettyRequestSender - Using open Channel [id: 0x95f93ee1, L:/127.0.0.1:52114 - R:localhost/127.0.0.1:60956] for POST '/session/adc32fe726ffef49d7c8c2742e9dcc38/element'
23:23:35.810 [AsyncHttpClient-1-2] DEBUG org.asynchttpclient.netty.handler.HttpHandler - 

Request DefaultHttpRequest(decodeResult: success, version: HTTP/1.1)
POST /session/adc32fe726ffef49d7c8c2742e9dcc38/element HTTP/1.1
User-Agent: selenium/4.1.2 (java windows)
Content-Length: 108
Content-Type: application/json; charset=utf-8
host: localhost:60956
accept: */*

Response DefaultHttpResponse(decodeResult: success, version: HTTP/1.1)
HTTP/1.1 200 OK
Content-Type: application/json; charset=utf-8
cache-control: no-cache
content-length: 88

23:23:35.810 [AsyncHttpClient-1-2] DEBUG org.asynchttpclient.netty.channel.ChannelManager - Adding key: http://localhost:60956 for channel [id: 0x95f93ee1, L:/127.0.0.1:52114 - R:localhost/127.0.0.1:60956]
23:23:35.815 [Forwarding clickElement on session adc32fe726ffef49d7c8c2742e9dcc38 to remote] DEBUG org.asynchttpclient.netty.request.NettyRequestSender - Using pooled Channel '[id: 0x95f93ee1, L:/127.0.0.1:52114 - R:localhost/127.0.0.1:60956]' for 'POST' to 'http://localhost:60956/session/adc32fe726ffef49d7c8c2742e9dcc38/element/d74b760c-8fc1-4801-976a-1f101db48cc0/click'
23:23:35.815 [Forwarding clickElement on session adc32fe726ffef49d7c8c2742e9dcc38 to remote] DEBUG org.asynchttpclient.netty.request.NettyRequestSender - Using open Channel [id: 0x95f93ee1, L:/127.0.0.1:52114 - R:localhost/127.0.0.1:60956] for POST '/session/adc32fe726ffef49d7c8c2742e9dcc38/element/d74b760c-8fc1-4801-976a-1f101db48cc0/click'
23:23:35.921 [AsyncHttpClient-1-2] DEBUG org.asynchttpclient.netty.handler.HttpHandler - 

Request DefaultHttpRequest(decodeResult: success, version: HTTP/1.1)
POST /session/adc32fe726ffef49d7c8c2742e9dcc38/element/d74b760c-8fc1-4801-976a-1f101db48cc0/click HTTP/1.1
User-Agent: selenium/4.1.2 (java windows)
Content-Length: 50
Content-Type: application/json; charset=utf-8
host: localhost:60956
accept: */*

Response DefaultHttpResponse(decodeResult: success, version: HTTP/1.1)
HTTP/1.1 200 OK
Content-Type: application/json; charset=utf-8
cache-control: no-cache
content-length: 14

23:23:35.922 [AsyncHttpClient-1-2] DEBUG org.asynchttpclient.netty.channel.ChannelManager - Adding key: http://localhost:60956 for channel [id: 0x95f93ee1, L:/127.0.0.1:52114 - R:localhost/127.0.0.1:60956]
23:23:35.946 [Forwarding screenshot on session adc32fe726ffef49d7c8c2742e9dcc38 to remote] DEBUG org.asynchttpclient.netty.request.NettyRequestSender - Using pooled Channel '[id: 0x95f93ee1, L:/127.0.0.1:52114 - R:localhost/127.0.0.1:60956]' for 'GET' to 'http://localhost:60956/session/adc32fe726ffef49d7c8c2742e9dcc38/screenshot'
23:23:35.946 [Forwarding screenshot on session adc32fe726ffef49d7c8c2742e9dcc38 to remote] DEBUG org.asynchttpclient.netty.request.NettyRequestSender - Using open Channel [id: 0x95f93ee1, L:/127.0.0.1:52114 - R:localhost/127.0.0.1:60956] for GET '/session/adc32fe726ffef49d7c8c2742e9dcc38/screenshot'
23:23:36.258 [AsyncHttpClient-1-1] DEBUG org.asynchttpclient.netty.channel.DefaultChannelPool - Entry count for : http://localhost:52116 : 1
23:23:36.480 [AsyncHttpClient-1-2] DEBUG org.asynchttpclient.netty.handler.HttpHandler - 

Request DefaultFullHttpRequest(decodeResult: success, version: HTTP/1.1, content: EmptyByteBufBE)
GET /session/adc32fe726ffef49d7c8c2742e9dcc38/screenshot HTTP/1.1
User-Agent: selenium/4.1.2 (java windows)
Cache-Control: no-cache
Content-Type: application/json; charset=utf-8
host: localhost:60956
accept: */*

Response DefaultHttpResponse(decodeResult: success, version: HTTP/1.1)
HTTP/1.1 200 OK
Content-Type: application/json; charset=utf-8
cache-control: no-cache
content-length: 71988

23:23:36.482 [AsyncHttpClient-1-2] DEBUG org.asynchttpclient.netty.channel.ChannelManager - Adding key: http://localhost:60956 for channel [id: 0x95f93ee1, L:/127.0.0.1:52114 - R:localhost/127.0.0.1:60956]
23:23:36.486 [main] DEBUG net.serenitybdd.core.photography.Darkroom - Send negative for processing for target\site\serenity\c42aeac58a222a8667ce9008dd9c0bec57ed7e649b773f8788f317b3528068db.png
23:23:36.486 [main] DEBUG net.thucydides.core.steps.StepInterceptor - STEP DONE: shopChartButton
  &amp#27;[32mAnd &amp#27;[0m&amp#27;[32mI click chart button&amp#27;[0m                                         &amp#27;[90m# stepdefinitions.BuyProductsStep.iclickChartButton()&amp#27;[0m
23:23:36.487 [Darkroom Processing Line] DEBUG net.serenitybdd.core.photography.DarkroomProcessingLine - Processing screenshot image in /var/screenshots/screenshot-17547008226768093499
23:23:36.487 [Darkroom Processing Line] DEBUG net.serenitybdd.core.photography.DarkroomProcessingLine - Saving screenshot to target\site\serenity\c42aeac58a222a8667ce9008dd9c0bec57ed7e649b773f8788f317b3528068db.png
23:23:36.522 [main] DEBUG net.thucydides.core.steps.StepInterceptor - STARTING STEP: BuyProductsStep.onOrderPageAndTheProductIsHere - chartIncreased
23:23:36.527 [Forwarding findElement on session adc32fe726ffef49d7c8c2742e9dcc38 to remote] DEBUG org.asynchttpclient.netty.request.NettyRequestSender - Using pooled Channel '[id: 0x95f93ee1, L:/127.0.0.1:52114 - R:localhost/127.0.0.1:60956]' for 'POST' to 'http://localhost:60956/session/adc32fe726ffef49d7c8c2742e9dcc38/element'
23:23:36.527 [Forwarding findElement on session adc32fe726ffef49d7c8c2742e9dcc38 to remote] DEBUG org.asynchttpclient.netty.request.NettyRequestSender - Using open Channel [id: 0x95f93ee1, L:/127.0.0.1:52114 - R:localhost/127.0.0.1:60956] for POST '/session/adc32fe726ffef49d7c8c2742e9dcc38/element'
23:23:36.551 [AsyncHttpClient-1-2] DEBUG org.asynchttpclient.netty.handler.HttpHandler - 

Request DefaultHttpRequest(decodeResult: success, version: HTTP/1.1)
POST /session/adc32fe726ffef49d7c8c2742e9dcc38/element HTTP/1.1
User-Agent: selenium/4.1.2 (java windows)
Content-Length: 148
Content-Type: application/json; charset=utf-8
host: localhost:60956
accept: */*

Response DefaultHttpResponse(decodeResult: success, version: HTTP/1.1)
HTTP/1.1 200 OK
Content-Type: application/json; charset=utf-8
cache-control: no-cache
content-length: 88

23:23:36.552 [AsyncHttpClient-1-2] DEBUG org.asynchttpclient.netty.channel.ChannelManager - Adding key: http://localhost:60956 for channel [id: 0x95f93ee1, L:/127.0.0.1:52114 - R:localhost/127.0.0.1:60956]
23:23:36.571 [Forwarding isElementDisplayed on session adc32fe726ffef49d7c8c2742e9dcc38 to remote] DEBUG org.asynchttpclient.netty.request.NettyRequestSender - Using pooled Channel '[id: 0x95f93ee1, L:/127.0.0.1:52114 - R:localhost/127.0.0.1:60956]' for 'POST' to 'http://localhost:60956/session/adc32fe726ffef49d7c8c2742e9dcc38/execute/sync'
23:23:36.571 [Forwarding isElementDisplayed on session adc32fe726ffef49d7c8c2742e9dcc38 to remote] DEBUG org.asynchttpclient.netty.request.NettyRequestSender - Using open Channel [id: 0x95f93ee1, L:/127.0.0.1:52114 - R:localhost/127.0.0.1:60956] for POST '/session/adc32fe726ffef49d7c8c2742e9dcc38/execute/sync'
23:23:36.595 [AsyncHttpClient-1-2] DEBUG org.asynchttpclient.netty.handler.HttpHandler - 

Request DefaultHttpRequest(decodeResult: success, version: HTTP/1.1)
POST /session/adc32fe726ffef49d7c8c2742e9dcc38/execute/sync HTTP/1.1
User-Agent: selenium/4.1.2 (java windows)
Content-Length: 48780
Content-Type: application/json; charset=utf-8
host: localhost:60956
accept: */*

Response DefaultHttpResponse(decodeResult: success, version: HTTP/1.1)
HTTP/1.1 200 OK
Content-Type: application/json; charset=utf-8
cache-control: no-cache
content-length: 14

23:23:36.595 [AsyncHttpClient-1-2] DEBUG org.asynchttpclient.netty.channel.ChannelManager - Adding key: http://localhost:60956 for channel [id: 0x95f93ee1, L:/127.0.0.1:52114 - R:localhost/127.0.0.1:60956]
23:23:36.604 [Forwarding screenshot on session adc32fe726ffef49d7c8c2742e9dcc38 to remote] DEBUG org.asynchttpclient.netty.request.NettyRequestSender - Using pooled Channel '[id: 0x95f93ee1, L:/127.0.0.1:52114 - R:localhost/127.0.0.1:60956]' for 'GET' to 'http://localhost:60956/session/adc32fe726ffef49d7c8c2742e9dcc38/screenshot'
23:23:36.604 [Forwarding screenshot on session adc32fe726ffef49d7c8c2742e9dcc38 to remote] DEBUG org.asynchttpclient.netty.request.NettyRequestSender - Using open Channel [id: 0x95f93ee1, L:/127.0.0.1:52114 - R:localhost/127.0.0.1:60956] for GET '/session/adc32fe726ffef49d7c8c2742e9dcc38/screenshot'
23:23:36.784 [AsyncHttpClient-1-2] DEBUG org.asynchttpclient.netty.handler.HttpHandler - 

Request DefaultFullHttpRequest(decodeResult: success, version: HTTP/1.1, content: EmptyByteBufBE)
GET /session/adc32fe726ffef49d7c8c2742e9dcc38/screenshot HTTP/1.1
User-Agent: selenium/4.1.2 (java windows)
Cache-Control: no-cache
Content-Type: application/json; charset=utf-8
host: localhost:60956
accept: */*

Response DefaultHttpResponse(decodeResult: success, version: HTTP/1.1)
HTTP/1.1 200 OK
Content-Type: application/json; charset=utf-8
cache-control: no-cache
content-length: 71472

23:23:36.785 [AsyncHttpClient-1-2] DEBUG org.asynchttpclient.netty.channel.ChannelManager - Adding key: http://localhost:60956 for channel [id: 0x95f93ee1, L:/127.0.0.1:52114 - R:localhost/127.0.0.1:60956]
23:23:36.789 [main] DEBUG net.serenitybdd.core.photography.Darkroom - Send negative for processing for target\site\serenity\1e4a448cfc624a8091ebc7462e36ebafc1aea0776defca6e287baf6de79b1303.png
23:23:36.789 [main] DEBUG net.thucydides.core.steps.StepInterceptor - STEP DONE: chartIncreased
  &amp#27;[32mThen &amp#27;[0m&amp#27;[32mI on order page and The product I bought it is here&amp#27;[0m         &amp#27;[90m# stepdefinitions.BuyProductsStep.onOrderPageAndTheProductIsHere()&amp#27;[0m
23:23:36.790 [Darkroom Processing Line] DEBUG net.serenitybdd.core.photography.DarkroomProcessingLine - Processing screenshot image in /var/screenshots/screenshot-3095752074355341537
23:23:36.790 [Darkroom Processing Line] DEBUG net.serenitybdd.core.photography.DarkroomProcessingLine - Saving screenshot to target\site\serenity\1e4a448cfc624a8091ebc7462e36ebafc1aea0776defca6e287baf6de79b1303.png
23:23:36.808 [main] INFO  - 
  _____   ___   ___   _____     ___     _     ___   ___   ___   ___  
 |_   _| | __| / __| |_   _|   | _ \   /_\   / __| / __| | __| |   \ 
   | |   | _|  \__ \   | |     |  _/  / _ \  \__ \ \__ \ | _|  | |) |
   |_|   |___| |___/   |_|     |_|   /_/ \_\ |___/ |___/ |___| |___/ 

As a user, i have able to buy a product and add to chart
----------------------------------------------------------------------
23:23:37.004 [Driver Command Executor] DEBUG org.asynchttpclient.netty.request.NettyRequestSender - Using pooled Channel '[id: 0x95f93ee1, L:/127.0.0.1:52114 - R:localhost/127.0.0.1:60956]' for 'DELETE' to 'http://localhost:60956/session/adc32fe726ffef49d7c8c2742e9dcc38'
23:23:37.005 [Driver Command Executor] DEBUG org.asynchttpclient.netty.request.NettyRequestSender - Using open Channel [id: 0x95f93ee1, L:/127.0.0.1:52114 - R:localhost/127.0.0.1:60956] for DELETE '/session/adc32fe726ffef49d7c8c2742e9dcc38'
23:23:37.007 [AsyncHttpClient-1-4] DEBUG org.asynchttpclient.netty.handler.WebSocketHandler - Channel Closed: [id: 0x9ddf9ae3, L:/127.0.0.1:52124 ! R:localhost/127.0.0.1:52116] with attribute NettyResponseFuture{currentRetry=5,
	isDone=1,
	isCancelled=0,
	asyncHandler=org.asynchttpclient.ws.WebSocketUpgradeHandler@7c450fb9,
	nettyRequest=org.asynchttpclient.netty.request.NettyRequest@5af7132,
	future=java.util.concurrent.CompletableFuture@2da55e12[Completed normally],
	uri=ws://localhost:52116/devtools/browser/4dba0ff9-38b4-4eb9-a8d9-f74eae4fb858,
	keepAlive=true,
	redirectCount=0,
	timeoutsHolder=null,
	inAuth=0,
	touch=1652631804446}
23:23:37.009 [AsyncHttpClient-1-4] DEBUG org.asynchttpclient.netty.channel.ChannelManager - Closing Channel [id: 0x9ddf9ae3, L:/127.0.0.1:52124 ! R:localhost/127.0.0.1:52116] 
23:23:37.182 [AsyncHttpClient-1-3] DEBUG org.asynchttpclient.netty.handler.HttpHandler - Unexpected I/O exception on channel [id: 0x2e31a178, L:/127.0.0.1:52123 - R:localhost/127.0.0.1:52116]
java.io.IOException: An existing connection was forcibly closed by the remote host
	at java.base/sun.nio.ch.SocketDispatcher.read0(Native Method)
	at java.base/sun.nio.ch.SocketDispatcher.read(SocketDispatcher.java:43)
	at java.base/sun.nio.ch.IOUtil.readIntoNativeBuffer(IOUtil.java:276)
	at java.base/sun.nio.ch.IOUtil.read(IOUtil.java:233)
	at java.base/sun.nio.ch.IOUtil.read(IOUtil.java:223)
	at java.base/sun.nio.ch.SocketChannelImpl.read(SocketChannelImpl.java:358)
	at io.netty.buffer.PooledByteBuf.setBytes(PooledByteBuf.java:258)
	at io.netty.buffer.AbstractByteBuf.writeBytes(AbstractByteBuf.java:1132)
	at io.netty.channel.socket.nio.NioSocketChannel.doReadBytes(NioSocketChannel.java:350)
	at io.netty.channel.nio.AbstractNioByteChannel$NioByteUnsafe.read(AbstractNioByteChannel.java:151)
	at io.netty.channel.nio.NioEventLoop.processSelectedKey(NioEventLoop.java:722)
	at io.netty.channel.nio.NioEventLoop.processSelectedKeysOptimized(NioEventLoop.java:658)
	at io.netty.channel.nio.NioEventLoop.processSelectedKeys(NioEventLoop.java:584)
	at io.netty.channel.nio.NioEventLoop.run(NioEventLoop.java:496)
	at io.netty.util.concurrent.SingleThreadEventExecutor$4.run(SingleThreadEventExecutor.java:986)
	at io.netty.util.internal.ThreadExecutorMap$2.run(ThreadExecutorMap.java:74)
	at io.netty.util.concurrent.FastThreadLocalRunnable.run(FastThreadLocalRunnable.java:30)
	at java.base/java.lang.Thread.run(Thread.java:834)
23:23:37.182 [AsyncHttpClient-1-3] DEBUG org.asynchttpclient.netty.channel.ChannelManager - Closing Channel [id: 0x2e31a178, L:/127.0.0.1:52123 - R:localhost/127.0.0.1:52116] 
23:23:37.186 [AsyncHttpClient-1-3] DEBUG org.asynchttpclient.netty.handler.HttpHandler - Channel Closed: [id: 0x2e31a178, L:/127.0.0.1:52123 ! R:localhost/127.0.0.1:52116] with attribute DISCARD
23:23:37.219 [AsyncHttpClient-1-2] DEBUG org.asynchttpclient.netty.handler.HttpHandler - 

Request DefaultFullHttpRequest(decodeResult: success, version: HTTP/1.1, content: EmptyByteBufBE)
DELETE /session/adc32fe726ffef49d7c8c2742e9dcc38 HTTP/1.1
User-Agent: selenium/4.1.2 (java windows)
Content-Type: application/json; charset=utf-8
host: localhost:60956
accept: */*

Response DefaultHttpResponse(decodeResult: success, version: HTTP/1.1)
HTTP/1.1 200 OK
Content-Type: application/json; charset=utf-8
cache-control: no-cache
content-length: 14

23:23:37.220 [AsyncHttpClient-1-2] DEBUG org.asynchttpclient.netty.channel.ChannelManager - Adding key: http://localhost:60956 for channel [id: 0x95f93ee1, L:/127.0.0.1:52114 - R:localhost/127.0.0.1:60956]
23:23:37.362 [AsyncHttpClient-1-1] DEBUG org.asynchttpclient.netty.channel.DefaultChannelPool - Entry count for : http://localhost:52116 : 1
23:23:37.362 [AsyncHttpClient-1-1] DEBUG org.asynchttpclient.netty.channel.DefaultChannelPool - Entry count for : http://localhost:60956 : 1
23:23:37.362 [AsyncHttpClient-1-1] DEBUG org.asynchttpclient.netty.channel.DefaultChannelPool - Adding Candidate expired Channel [id: 0x2e31a178, L:/127.0.0.1:52123 ! R:localhost/127.0.0.1:52116] isIdleTimeoutExpired=false isRemotelyClosed=true isTtlExpired=false
23:23:37.362 [AsyncHttpClient-1-1] DEBUG org.asynchttpclient.netty.channel.DefaultChannelPool - Closing Idle Channel [id: 0x2e31a178, L:/127.0.0.1:52123 ! R:localhost/127.0.0.1:52116]
23:23:37.363 [AsyncHttpClient-1-1] DEBUG org.asynchttpclient.netty.channel.DefaultChannelPool - Closed 1 connections out of 2 in 1 ms
23:23:37.509 [AsyncHttpClient-1-2] DEBUG org.asynchttpclient.netty.handler.HttpHandler - Channel Closed: [id: 0x95f93ee1, L:/127.0.0.1:52114 ! R:localhost/127.0.0.1:60956] with attribute DISCARD
]]></system-out>
    <system-err><![CDATA[Starting ChromeDriver 101.0.4951.41 (93c720db8323b3ec10d056025ab95c23a31997c9-refs/branch-heads/4951@{#904}) on port 60956
Only local connections are allowed.
Please see https://chromedriver.chromium.org/security-considerations for suggestions on keeping ChromeDriver safe.
ChromeDriver was started successfully.
May 15, 2022 11:23:24 PM org.openqa.selenium.remote.ProtocolHandshake createSession
INFO: Detected dialect: W3C
May 15, 2022 11:23:24 PM org.openqa.selenium.devtools.CdpVersionFinder findNearestMatch
WARNING: Unable to find an exact match for CDP version 101, so returning the closest version found: 97
May 15, 2022 11:23:24 PM org.openqa.selenium.devtools.CdpVersionFinder findNearestMatch
INFO: Found CDP implementation for version 101 of 97
]]></system-err>
  </testcase>
  <testcase name="As a user, i have not able to buy a product and add to chart" classname="Buy Product" time="0.294">
    <system-out><![CDATA[
Scenario: As a user, i have not able to buy a product and add to chart &amp#27;[90m# src/test/resources/features/BuyProducts.feature:14&amp#27;[0m
23:23:38.118 [main] INFO io.cucumber.core.plugin.SerenityReporter - Running feature from file:///D:/Mini%20Project-QE%20Alta/Web%20Automation/FrontEnd-AltaShop/src/test/resources/features/BuyProducts.feature
23:23:38.133 [main] INFO  - 
  _____   ___   ___   _____     ___   _____     _     ___   _____   ___   ___  
 |_   _| | __| / __| |_   _|   / __| |_   _|   /_\   | _ \ |_   _| | __| |   \ 
   | |   | _|  \__ \   | |     \__ \   | |    / _ \  |   /   | |   | _|  | |) |
   |_|   |___| |___/   |_|     |___/   |_|   /_/ \_\ |_|_\   |_|   |___| |___/ 

As a user, i have not able to buy a product and add to chart(buy-product;as-a-user--i-have-not-able-to-buy-a-product-and-add-to-chart)
--------------------------------------------------------------------------------
23:23:38.231 [main] DEBUG net.thucydides.core.steps.StepInterceptor - STARTING STEP: BuyProductsStep.iAmAtHomePage - validateOnHomePage
23:23:38.237 [main] DEBUG net.thucydides.core.steps.StepInterceptor - STEP DONE: validateOnHomePage
  &amp#27;[32mGiven &amp#27;[0m&amp#27;[32m&amp#27;[0m&amp#27;[32m&amp#27;[1mI&amp#27;[0m&amp#27;[32m am at home page&amp#27;[0m                                              &amp#27;[90m# stepdefinitions.BuyProductsStep.iAmAtHomePage(java.lang.String)&amp#27;[0m
23:23:38.259 [main] DEBUG net.thucydides.core.steps.StepInterceptor - STARTING STEP: BuyProductsStep.iBeliTensiDarah - buyTensiDarah
23:23:38.266 [main] DEBUG net.thucydides.core.steps.StepInterceptor - STEP DONE: buyTensiDarah
  &amp#27;[32mWhen &amp#27;[0m&amp#27;[32mFirst I click beli button on &amp#27;[0m&amp#27;[32m&amp#27;[1mTensi Darah Eelktrik&amp#27;[0m               &amp#27;[90m# stepdefinitions.BuyProductsStep.iBeliTensiDarah(java.lang.String)&amp#27;[0m
23:23:38.278 [main] DEBUG net.thucydides.core.steps.StepInterceptor - STARTING STEP: BuyProductsStep.iBeliCamera - buyCamera
23:23:38.284 [main] DEBUG net.thucydides.core.steps.StepInterceptor - STEP DONE: buyCamera
  &amp#27;[32mAnd &amp#27;[0m&amp#27;[32mSecond I click beli button on &amp#27;[0m&amp#27;[32m&amp#27;[1mCamera&amp#27;[0m                             &amp#27;[90m# stepdefinitions.BuyProductsStep.iBeliCamera(java.lang.String)&amp#27;[0m
23:23:38.297 [main] DEBUG net.thucydides.core.steps.StepInterceptor - STARTING STEP: BuyProductsStep.iBeliCincinEmas - buyCincinEmas
23:23:38.305 [main] DEBUG net.thucydides.core.steps.StepInterceptor - STEP DONE: buyCincinEmas
  &amp#27;[32mAnd &amp#27;[0m&amp#27;[32mThird I click beli button on &amp#27;[0m&amp#27;[32m&amp#27;[1mCincin Emas&amp#27;[0m                         &amp#27;[90m# stepdefinitions.BuyProductsStep.iBeliCincinEmas(java.lang.String)&amp#27;[0m
23:23:38.318 [main] DEBUG net.thucydides.core.steps.StepInterceptor - STARTING STEP: BuyProductsStep.numberOfChartincreased - chartIncreased
23:23:38.321 [main] DEBUG net.thucydides.core.steps.StepInterceptor - STEP DONE: chartIncreased
  &amp#27;[32mThen &amp#27;[0m&amp#27;[32mThe number of chart increased&amp#27;[0m                                   &amp#27;[90m# stepdefinitions.BuyProductsStep.numberOfChartincreased()&amp#27;[0m
23:23:38.327 [main] INFO  - 
  _____   ___   ___   _____     ___     _     ___   ___   ___   ___  
 |_   _| | __| / __| |_   _|   | _ \   /_\   / __| / __| | __| |   \ 
   | |   | _|  \__ \   | |     |  _/  / _ \  \__ \ \__ \ | _|  | |) |
   |_|   |___| |___/   |_|     |_|   /_/ \_\ |___/ |___/ |___| |___/ 

As a user, i have not able to buy a product and add to chart
----------------------------------------------------------------------
]]></system-out>
  </testcase>
  <testcase name="As a user, i can see details product and give rating" classname="Homepage" time="10.982">
    <system-out><![CDATA[23:23:38.336 [main] INFO io.cucumber.core.plugin.SerenityReporter - Running feature from file:///D:/Mini%20Project-QE%20Alta/Web%20Automation/FrontEnd-AltaShop/src/test/resources/features/Homepage.feature
23:23:38.368 [main] DEBUG net.thucydides.core.steps.StepEventBus - Test suite started for story net.thucydides.core.model.Story@2c76fee8
23:23:38.371 [main] INFO  - Test Suite Started: Homepage

Scenario: As a user, i can see details product and give rating &amp#27;[90m# src/test/resources/features/Homepage.feature:3&amp#27;[0m
23:23:38.415 [main] INFO io.cucumber.core.plugin.SerenityReporter - Running feature from file:///D:/Mini%20Project-QE%20Alta/Web%20Automation/FrontEnd-AltaShop/src/test/resources/features/Homepage.feature
23:23:38.422 [main] INFO  - 
  _____   ___   ___   _____     ___   _____     _     ___   _____   ___   ___  
 |_   _| | __| / __| |_   _|   / __| |_   _|   /_\   | _ \ |_   _| | __| |   \ 
   | |   | _|  \__ \   | |     \__ \   | |    / _ \  |   /   | |   | _|  | |) |
   |_|   |___| |___/   |_|     |___/   |_|   /_/ \_\ |_|_\   |_|   |___| |___/ 

As a user, i can see details product and give rating(homepage;as-a-user--i-can-see-details-product-and-give-rating)
--------------------------------------------------------------------------------
23:23:38.446 [main] INFO net.serenitybdd.core.webdriver.driverproviders.ChromeDriverProvider - Using automatically driver download
23:23:38.458 [AsyncHttpClient-1-1] DEBUG org.asynchttpclient.netty.channel.DefaultChannelPool - Entry count for : http://localhost:60956 : 1
23:23:38.458 [AsyncHttpClient-1-1] DEBUG org.asynchttpclient.netty.channel.DefaultChannelPool - Adding Candidate expired Channel [id: 0x95f93ee1, L:/127.0.0.1:52114 ! R:localhost/127.0.0.1:60956] isIdleTimeoutExpired=false isRemotelyClosed=true isTtlExpired=false
23:23:38.458 [AsyncHttpClient-1-1] DEBUG org.asynchttpclient.netty.channel.DefaultChannelPool - Closing Idle Channel [id: 0x95f93ee1, L:/127.0.0.1:52114 ! R:localhost/127.0.0.1:60956]
23:23:38.458 [AsyncHttpClient-1-1] DEBUG org.asynchttpclient.netty.channel.DefaultChannelPool - Closed 1 connections out of 1 in 0 ms
23:23:38.662 [main] DEBUG io.github.bonigarcia.wdm.cache.ResolutionCache - Resolution chrome=101 in cache (valid until 00:21:44 16/05/2022 ICT)
23:23:38.678 [main] DEBUG io.github.bonigarcia.wdm.cache.ResolutionCache - Resolution chrome101=101.0.4951.41 in cache (valid until 22:21:42 16/05/2022 ICT)
23:23:38.682 [main] INFO io.github.bonigarcia.wdm.WebDriverManager - Using chromedriver 101.0.4951.41 (resolved driver for Chrome 101)
23:23:38.708 [main] DEBUG io.github.bonigarcia.wdm.WebDriverManager - Driver chromedriver 101.0.4951.41 found in cache
23:23:38.710 [main] INFO io.github.bonigarcia.wdm.WebDriverManager - Exporting webdriver.chrome.driver as C:\Users\Siti Nurlatipah\.cache\selenium\chromedriver\win32\101.0.4951.41\chromedriver.exe
23:23:38.869 [main] DEBUG net.serenitybdd.core.webdriver.driverproviders.ProvideNewDriver - Instantiating driver
23:23:38.869 [main] DEBUG net.serenitybdd.core.webdriver.driverproviders.ProvideNewDriver - Driver capabilities: Capabilities {acceptInsecureCerts: false, base.url: https://qa.alta.id, browserName: chrome, chrome.driver: src/test/resources/webdrive..., driver: chrome, goog:chromeOptions: {args: [], extensions: []}}
23:23:39.424 [AsyncHttpClient-1-5] DEBUG org.asynchttpclient.netty.channel.NettyConnectListener - Using new Channel '[id: 0xa38598dd, L:/127.0.0.1:52148 - R:localhost/127.0.0.1:63542]' for 'POST' to '/session'
23:23:40.921 [AsyncHttpClient-1-5] DEBUG org.asynchttpclient.netty.handler.HttpHandler - 

Request DefaultHttpRequest(decodeResult: success, version: HTTP/1.1)
POST /session HTTP/1.1
User-Agent: selenium/4.1.2 (java windows)
Content-Length: 595
Content-Type: application/json; charset=utf-8
host: localhost:63542
accept: */*

Response DefaultHttpResponse(decodeResult: success, version: HTTP/1.1)
HTTP/1.1 200 OK
Content-Type: application/json; charset=utf-8
cache-control: no-cache
content-length: 793

23:23:40.922 [AsyncHttpClient-1-5] DEBUG org.asynchttpclient.netty.channel.ChannelManager - Adding key: http://localhost:63542 for channel [id: 0xa38598dd, L:/127.0.0.1:52148 - R:localhost/127.0.0.1:63542]
23:23:40.956 [AsyncHttpClient-1-6] DEBUG org.asynchttpclient.netty.channel.NettyConnectListener - Using new Channel '[id: 0x623285f1, L:/127.0.0.1:52155 - R:localhost/127.0.0.1:52149]' for 'GET' to '/json/version'
23:23:40.970 [AsyncHttpClient-1-6] DEBUG org.asynchttpclient.netty.handler.HttpHandler - 

Request DefaultFullHttpRequest(decodeResult: success, version: HTTP/1.1, content: EmptyByteBufBE)
GET /json/version HTTP/1.1
User-Agent: selenium/4.1.2 (java windows)
host: localhost:52149
accept: */*

Response DefaultHttpResponse(decodeResult: success, version: HTTP/1.1)
HTTP/1.1 200 OK
Content-Type: application/json; charset=UTF-8
content-length: 427

23:23:40.971 [AsyncHttpClient-1-6] DEBUG org.asynchttpclient.netty.channel.ChannelManager - Adding key: http://localhost:52149 for channel [id: 0x623285f1, L:/127.0.0.1:52155 - R:localhost/127.0.0.1:52149]
23:23:40.981 [AsyncHttpClient-1-7] DEBUG org.asynchttpclient.netty.channel.NettyConnectListener - Using new Channel '[id: 0x44c6e1a7, L:/127.0.0.1:52158 - R:localhost/127.0.0.1:52149]' for 'GET' to '/devtools/browser/2f9729c2-7b60-4295-97cf-508571677534'
23:23:40.996 [AsyncHttpClient-1-7] DEBUG org.asynchttpclient.netty.handler.WebSocketHandler - 

Request DefaultFullHttpRequest(decodeResult: success, version: HTTP/1.1, content: EmptyByteBufBE)
GET /devtools/browser/2f9729c2-7b60-4295-97cf-508571677534 HTTP/1.1
upgrade: websocket
connection: upgrade
sec-websocket-key: Qj6SW1Eiga+EUKDET2x6lA==
sec-websocket-version: 13
origin: http://localhost:52149
host: localhost:52149
accept: */*
user-agent: AHC/2.1

Response DefaultHttpResponse(decodeResult: success, version: HTTP/1.1)
HTTP/1.1 101 WebSocket Protocol Handshake
Upgrade: WebSocket
Connection: Upgrade
Sec-WebSocket-Accept: FmFr6lwDMHK2W8n9hq7qW/Tf8mY=

23:23:41.016 [Forwarding get on session 4a2c7575a15c52f22156195d33aff355 to remote] DEBUG org.asynchttpclient.netty.request.NettyRequestSender - Using pooled Channel '[id: 0xa38598dd, L:/127.0.0.1:52148 - R:localhost/127.0.0.1:63542]' for 'POST' to 'http://localhost:63542/session/4a2c7575a15c52f22156195d33aff355/url'
23:23:41.016 [Forwarding get on session 4a2c7575a15c52f22156195d33aff355 to remote] DEBUG org.asynchttpclient.netty.request.NettyRequestSender - Using open Channel [id: 0xa38598dd, L:/127.0.0.1:52148 - R:localhost/127.0.0.1:63542] for POST '/session/4a2c7575a15c52f22156195d33aff355/url'
23:23:41.758 [AsyncHttpClient-1-1] DEBUG org.asynchttpclient.netty.channel.DefaultChannelPool - Entry count for : http://localhost:52149 : 1
23:23:42.858 [AsyncHttpClient-1-1] DEBUG org.asynchttpclient.netty.channel.DefaultChannelPool - Entry count for : http://localhost:52149 : 1
23:23:42.870 [AsyncHttpClient-1-5] DEBUG org.asynchttpclient.netty.handler.HttpHandler - 

Request DefaultHttpRequest(decodeResult: success, version: HTTP/1.1)
POST /session/4a2c7575a15c52f22156195d33aff355/url HTTP/1.1
User-Agent: selenium/4.1.2 (java windows)
Content-Length: 43
Content-Type: application/json; charset=utf-8
host: localhost:63542
accept: */*

Response DefaultHttpResponse(decodeResult: success, version: HTTP/1.1)
HTTP/1.1 200 OK
Content-Type: application/json; charset=utf-8
cache-control: no-cache
content-length: 14

23:23:42.871 [AsyncHttpClient-1-5] DEBUG org.asynchttpclient.netty.channel.ChannelManager - Adding key: http://localhost:63542 for channel [id: 0xa38598dd, L:/127.0.0.1:52148 - R:localhost/127.0.0.1:63542]
23:23:42.881 [Forwarding setTimeout on session 4a2c7575a15c52f22156195d33aff355 to remote] DEBUG org.asynchttpclient.netty.request.NettyRequestSender - Using pooled Channel '[id: 0xa38598dd, L:/127.0.0.1:52148 - R:localhost/127.0.0.1:63542]' for 'POST' to 'http://localhost:63542/session/4a2c7575a15c52f22156195d33aff355/timeouts'
23:23:42.882 [Forwarding setTimeout on session 4a2c7575a15c52f22156195d33aff355 to remote] DEBUG org.asynchttpclient.netty.request.NettyRequestSender - Using open Channel [id: 0xa38598dd, L:/127.0.0.1:52148 - R:localhost/127.0.0.1:63542] for POST '/session/4a2c7575a15c52f22156195d33aff355/timeouts'
23:23:42.884 [AsyncHttpClient-1-5] DEBUG org.asynchttpclient.netty.handler.HttpHandler - 

Request DefaultHttpRequest(decodeResult: success, version: HTTP/1.1)
POST /session/4a2c7575a15c52f22156195d33aff355/timeouts HTTP/1.1
User-Agent: selenium/4.1.2 (java windows)
Content-Length: 22
Content-Type: application/json; charset=utf-8
host: localhost:63542
accept: */*

Response DefaultHttpResponse(decodeResult: success, version: HTTP/1.1)
HTTP/1.1 200 OK
Content-Type: application/json; charset=utf-8
cache-control: no-cache
content-length: 14

23:23:42.885 [AsyncHttpClient-1-5] DEBUG org.asynchttpclient.netty.channel.ChannelManager - Adding key: http://localhost:63542 for channel [id: 0xa38598dd, L:/127.0.0.1:52148 - R:localhost/127.0.0.1:63542]
23:23:42.891 [Forwarding getCurrentUrl on session 4a2c7575a15c52f22156195d33aff355 to remote] DEBUG org.asynchttpclient.netty.request.NettyRequestSender - Using pooled Channel '[id: 0xa38598dd, L:/127.0.0.1:52148 - R:localhost/127.0.0.1:63542]' for 'GET' to 'http://localhost:63542/session/4a2c7575a15c52f22156195d33aff355/url'
23:23:42.892 [Forwarding getCurrentUrl on session 4a2c7575a15c52f22156195d33aff355 to remote] DEBUG org.asynchttpclient.netty.request.NettyRequestSender - Using open Channel [id: 0xa38598dd, L:/127.0.0.1:52148 - R:localhost/127.0.0.1:63542] for GET '/session/4a2c7575a15c52f22156195d33aff355/url'
23:23:42.902 [AsyncHttpClient-1-5] DEBUG org.asynchttpclient.netty.handler.HttpHandler - 

Request DefaultFullHttpRequest(decodeResult: success, version: HTTP/1.1, content: EmptyByteBufBE)
GET /session/4a2c7575a15c52f22156195d33aff355/url HTTP/1.1
User-Agent: selenium/4.1.2 (java windows)
Cache-Control: no-cache
Content-Type: application/json; charset=utf-8
host: localhost:63542
accept: */*

Response DefaultHttpResponse(decodeResult: success, version: HTTP/1.1)
HTTP/1.1 200 OK
Content-Type: application/json; charset=utf-8
cache-control: no-cache
content-length: 31

23:23:42.903 [AsyncHttpClient-1-5] DEBUG org.asynchttpclient.netty.channel.ChannelManager - Adding key: http://localhost:63542 for channel [id: 0xa38598dd, L:/127.0.0.1:52148 - R:localhost/127.0.0.1:63542]
23:23:42.911 [Forwarding getCurrentUrl on session 4a2c7575a15c52f22156195d33aff355 to remote] DEBUG org.asynchttpclient.netty.request.NettyRequestSender - Using pooled Channel '[id: 0xa38598dd, L:/127.0.0.1:52148 - R:localhost/127.0.0.1:63542]' for 'GET' to 'http://localhost:63542/session/4a2c7575a15c52f22156195d33aff355/url'
23:23:42.912 [Forwarding getCurrentUrl on session 4a2c7575a15c52f22156195d33aff355 to remote] DEBUG org.asynchttpclient.netty.request.NettyRequestSender - Using open Channel [id: 0xa38598dd, L:/127.0.0.1:52148 - R:localhost/127.0.0.1:63542] for GET '/session/4a2c7575a15c52f22156195d33aff355/url'
23:23:42.929 [AsyncHttpClient-1-5] DEBUG org.asynchttpclient.netty.handler.HttpHandler - 

Request DefaultFullHttpRequest(decodeResult: success, version: HTTP/1.1, content: EmptyByteBufBE)
GET /session/4a2c7575a15c52f22156195d33aff355/url HTTP/1.1
User-Agent: selenium/4.1.2 (java windows)
Cache-Control: no-cache
Content-Type: application/json; charset=utf-8
host: localhost:63542
accept: */*

Response DefaultHttpResponse(decodeResult: success, version: HTTP/1.1)
HTTP/1.1 200 OK
Content-Type: application/json; charset=utf-8
cache-control: no-cache
content-length: 31

23:23:42.929 [AsyncHttpClient-1-5] DEBUG org.asynchttpclient.netty.channel.ChannelManager - Adding key: http://localhost:63542 for channel [id: 0xa38598dd, L:/127.0.0.1:52148 - R:localhost/127.0.0.1:63542]
  &amp#27;[32mGiven &amp#27;[0m&amp#27;[32mI at homepage&amp#27;[0m                                          &amp#27;[90m# stepdefinitions.GiveRatingStep.iAtHomepage()&amp#27;[0m
23:23:42.945 [main] DEBUG net.serenitybdd.core.photography.Darkroom - Opening darkroom
23:23:42.946 [Darkroom Processing Line] DEBUG net.serenitybdd.core.photography.DarkroomProcessingLine - Darkroom processing line starting up
23:23:42.947 [Forwarding screenshot on session 4a2c7575a15c52f22156195d33aff355 to remote] DEBUG org.asynchttpclient.netty.request.NettyRequestSender - Using pooled Channel '[id: 0xa38598dd, L:/127.0.0.1:52148 - R:localhost/127.0.0.1:63542]' for 'GET' to 'http://localhost:63542/session/4a2c7575a15c52f22156195d33aff355/screenshot'
23:23:42.947 [Forwarding screenshot on session 4a2c7575a15c52f22156195d33aff355 to remote] DEBUG org.asynchttpclient.netty.request.NettyRequestSender - Using open Channel [id: 0xa38598dd, L:/127.0.0.1:52148 - R:localhost/127.0.0.1:63542] for GET '/session/4a2c7575a15c52f22156195d33aff355/screenshot'
23:23:43.305 [AsyncHttpClient-1-5] DEBUG org.asynchttpclient.netty.handler.HttpHandler - 

Request DefaultFullHttpRequest(decodeResult: success, version: HTTP/1.1, content: EmptyByteBufBE)
GET /session/4a2c7575a15c52f22156195d33aff355/screenshot HTTP/1.1
User-Agent: selenium/4.1.2 (java windows)
Cache-Control: no-cache
Content-Type: application/json; charset=utf-8
host: localhost:63542
accept: */*

Response DefaultHttpResponse(decodeResult: success, version: HTTP/1.1)
HTTP/1.1 200 OK
Content-Type: application/json; charset=utf-8
cache-control: no-cache
content-length: 38040

23:23:43.306 [AsyncHttpClient-1-5] DEBUG org.asynchttpclient.netty.channel.ChannelManager - Adding key: http://localhost:63542 for channel [id: 0xa38598dd, L:/127.0.0.1:52148 - R:localhost/127.0.0.1:63542]
23:23:43.312 [main] DEBUG net.serenitybdd.core.photography.Darkroom - Send negative for processing for target\site\serenity\abbd5c9863aaa4afcfd312944f571ba99dbfeeab8c4530d1a7ba657d974c16fb.png
23:23:43.313 [Darkroom Processing Line] DEBUG net.serenitybdd.core.photography.DarkroomProcessingLine - Processing screenshot image in /var/screenshots/screenshot-3341517891677582171
23:23:43.313 [Darkroom Processing Line] DEBUG net.serenitybdd.core.photography.DarkroomProcessingLine - Saving screenshot to target\site\serenity\abbd5c9863aaa4afcfd312944f571ba99dbfeeab8c4530d1a7ba657d974c16fb.png
23:23:43.330 [Forwarding findElement on session 4a2c7575a15c52f22156195d33aff355 to remote] DEBUG org.asynchttpclient.netty.request.NettyRequestSender - Using pooled Channel '[id: 0xa38598dd, L:/127.0.0.1:52148 - R:localhost/127.0.0.1:63542]' for 'POST' to 'http://localhost:63542/session/4a2c7575a15c52f22156195d33aff355/element'
23:23:43.331 [Forwarding findElement on session 4a2c7575a15c52f22156195d33aff355 to remote] DEBUG org.asynchttpclient.netty.request.NettyRequestSender - Using open Channel [id: 0xa38598dd, L:/127.0.0.1:52148 - R:localhost/127.0.0.1:63542] for POST '/session/4a2c7575a15c52f22156195d33aff355/element'
23:23:43.958 [AsyncHttpClient-1-1] DEBUG org.asynchttpclient.netty.channel.DefaultChannelPool - Entry count for : http://localhost:52149 : 1
23:23:45.068 [AsyncHttpClient-1-1] DEBUG org.asynchttpclient.netty.channel.DefaultChannelPool - Entry count for : http://localhost:52149 : 1
23:23:46.053 [AsyncHttpClient-1-5] DEBUG org.asynchttpclient.netty.handler.HttpHandler - 

Request DefaultHttpRequest(decodeResult: success, version: HTTP/1.1)
POST /session/4a2c7575a15c52f22156195d33aff355/element HTTP/1.1
User-Agent: selenium/4.1.2 (java windows)
Content-Length: 102
Content-Type: application/json; charset=utf-8
host: localhost:63542
accept: */*

Response DefaultHttpResponse(decodeResult: success, version: HTTP/1.1)
HTTP/1.1 200 OK
Content-Type: application/json; charset=utf-8
cache-control: no-cache
content-length: 88

23:23:46.053 [AsyncHttpClient-1-5] DEBUG org.asynchttpclient.netty.channel.ChannelManager - Adding key: http://localhost:63542 for channel [id: 0xa38598dd, L:/127.0.0.1:52148 - R:localhost/127.0.0.1:63542]
23:23:46.056 [Forwarding getElementTagName on session 4a2c7575a15c52f22156195d33aff355 to remote] DEBUG org.asynchttpclient.netty.request.NettyRequestSender - Using pooled Channel '[id: 0xa38598dd, L:/127.0.0.1:52148 - R:localhost/127.0.0.1:63542]' for 'GET' to 'http://localhost:63542/session/4a2c7575a15c52f22156195d33aff355/element/4949a715-85cb-4ab4-97b2-15de3f2c9312/name'
23:23:46.056 [Forwarding getElementTagName on session 4a2c7575a15c52f22156195d33aff355 to remote] DEBUG org.asynchttpclient.netty.request.NettyRequestSender - Using open Channel [id: 0xa38598dd, L:/127.0.0.1:52148 - R:localhost/127.0.0.1:63542] for GET '/session/4a2c7575a15c52f22156195d33aff355/element/4949a715-85cb-4ab4-97b2-15de3f2c9312/name'
23:23:46.084 [AsyncHttpClient-1-5] DEBUG org.asynchttpclient.netty.handler.HttpHandler - 

Request DefaultFullHttpRequest(decodeResult: success, version: HTTP/1.1, content: EmptyByteBufBE)
GET /session/4a2c7575a15c52f22156195d33aff355/element/4949a715-85cb-4ab4-97b2-15de3f2c9312/name HTTP/1.1
User-Agent: selenium/4.1.2 (java windows)
Cache-Control: no-cache
Content-Type: application/json; charset=utf-8
host: localhost:63542
accept: */*

Response DefaultHttpResponse(decodeResult: success, version: HTTP/1.1)
HTTP/1.1 200 OK
Content-Type: application/json; charset=utf-8
cache-control: no-cache
content-length: 18

23:23:46.084 [AsyncHttpClient-1-5] DEBUG org.asynchttpclient.netty.channel.ChannelManager - Adding key: http://localhost:63542 for channel [id: 0xa38598dd, L:/127.0.0.1:52148 - R:localhost/127.0.0.1:63542]
23:23:46.087 [Forwarding getElementTagName on session 4a2c7575a15c52f22156195d33aff355 to remote] DEBUG org.asynchttpclient.netty.request.NettyRequestSender - Using pooled Channel '[id: 0xa38598dd, L:/127.0.0.1:52148 - R:localhost/127.0.0.1:63542]' for 'GET' to 'http://localhost:63542/session/4a2c7575a15c52f22156195d33aff355/element/4949a715-85cb-4ab4-97b2-15de3f2c9312/name'
23:23:46.087 [Forwarding getElementTagName on session 4a2c7575a15c52f22156195d33aff355 to remote] DEBUG org.asynchttpclient.netty.request.NettyRequestSender - Using open Channel [id: 0xa38598dd, L:/127.0.0.1:52148 - R:localhost/127.0.0.1:63542] for GET '/session/4a2c7575a15c52f22156195d33aff355/element/4949a715-85cb-4ab4-97b2-15de3f2c9312/name'
23:23:46.100 [AsyncHttpClient-1-5] DEBUG org.asynchttpclient.netty.handler.HttpHandler - 

Request DefaultFullHttpRequest(decodeResult: success, version: HTTP/1.1, content: EmptyByteBufBE)
GET /session/4a2c7575a15c52f22156195d33aff355/element/4949a715-85cb-4ab4-97b2-15de3f2c9312/name HTTP/1.1
User-Agent: selenium/4.1.2 (java windows)
Cache-Control: no-cache
Content-Type: application/json; charset=utf-8
host: localhost:63542
accept: */*

Response DefaultHttpResponse(decodeResult: success, version: HTTP/1.1)
HTTP/1.1 200 OK
Content-Type: application/json; charset=utf-8
cache-control: no-cache
content-length: 18

23:23:46.100 [AsyncHttpClient-1-5] DEBUG org.asynchttpclient.netty.channel.ChannelManager - Adding key: http://localhost:63542 for channel [id: 0xa38598dd, L:/127.0.0.1:52148 - R:localhost/127.0.0.1:63542]
23:23:46.106 [Forwarding isElementEnabled on session 4a2c7575a15c52f22156195d33aff355 to remote] DEBUG org.asynchttpclient.netty.request.NettyRequestSender - Using pooled Channel '[id: 0xa38598dd, L:/127.0.0.1:52148 - R:localhost/127.0.0.1:63542]' for 'GET' to 'http://localhost:63542/session/4a2c7575a15c52f22156195d33aff355/element/4949a715-85cb-4ab4-97b2-15de3f2c9312/enabled'
23:23:46.106 [Forwarding isElementEnabled on session 4a2c7575a15c52f22156195d33aff355 to remote] DEBUG org.asynchttpclient.netty.request.NettyRequestSender - Using open Channel [id: 0xa38598dd, L:/127.0.0.1:52148 - R:localhost/127.0.0.1:63542] for GET '/session/4a2c7575a15c52f22156195d33aff355/element/4949a715-85cb-4ab4-97b2-15de3f2c9312/enabled'
23:23:46.122 [AsyncHttpClient-1-5] DEBUG org.asynchttpclient.netty.handler.HttpHandler - 

Request DefaultFullHttpRequest(decodeResult: success, version: HTTP/1.1, content: EmptyByteBufBE)
GET /session/4a2c7575a15c52f22156195d33aff355/element/4949a715-85cb-4ab4-97b2-15de3f2c9312/enabled HTTP/1.1
User-Agent: selenium/4.1.2 (java windows)
Cache-Control: no-cache
Content-Type: application/json; charset=utf-8
host: localhost:63542
accept: */*

Response DefaultHttpResponse(decodeResult: success, version: HTTP/1.1)
HTTP/1.1 200 OK
Content-Type: application/json; charset=utf-8
cache-control: no-cache
content-length: 14

23:23:46.122 [AsyncHttpClient-1-5] DEBUG org.asynchttpclient.netty.channel.ChannelManager - Adding key: http://localhost:63542 for channel [id: 0xa38598dd, L:/127.0.0.1:52148 - R:localhost/127.0.0.1:63542]
23:23:46.126 [Forwarding isElementEnabled on session 4a2c7575a15c52f22156195d33aff355 to remote] DEBUG org.asynchttpclient.netty.request.NettyRequestSender - Using pooled Channel '[id: 0xa38598dd, L:/127.0.0.1:52148 - R:localhost/127.0.0.1:63542]' for 'GET' to 'http://localhost:63542/session/4a2c7575a15c52f22156195d33aff355/element/4949a715-85cb-4ab4-97b2-15de3f2c9312/enabled'
23:23:46.126 [Forwarding isElementEnabled on session 4a2c7575a15c52f22156195d33aff355 to remote] DEBUG org.asynchttpclient.netty.request.NettyRequestSender - Using open Channel [id: 0xa38598dd, L:/127.0.0.1:52148 - R:localhost/127.0.0.1:63542] for GET '/session/4a2c7575a15c52f22156195d33aff355/element/4949a715-85cb-4ab4-97b2-15de3f2c9312/enabled'
23:23:46.134 [AsyncHttpClient-1-5] DEBUG org.asynchttpclient.netty.handler.HttpHandler - 

Request DefaultFullHttpRequest(decodeResult: success, version: HTTP/1.1, content: EmptyByteBufBE)
GET /session/4a2c7575a15c52f22156195d33aff355/element/4949a715-85cb-4ab4-97b2-15de3f2c9312/enabled HTTP/1.1
User-Agent: selenium/4.1.2 (java windows)
Cache-Control: no-cache
Content-Type: application/json; charset=utf-8
host: localhost:63542
accept: */*

Response DefaultHttpResponse(decodeResult: success, version: HTTP/1.1)
HTTP/1.1 200 OK
Content-Type: application/json; charset=utf-8
cache-control: no-cache
content-length: 14

23:23:46.135 [AsyncHttpClient-1-5] DEBUG org.asynchttpclient.netty.channel.ChannelManager - Adding key: http://localhost:63542 for channel [id: 0xa38598dd, L:/127.0.0.1:52148 - R:localhost/127.0.0.1:63542]
23:23:46.138 [Forwarding findElement on session 4a2c7575a15c52f22156195d33aff355 to remote] DEBUG org.asynchttpclient.netty.request.NettyRequestSender - Using pooled Channel '[id: 0xa38598dd, L:/127.0.0.1:52148 - R:localhost/127.0.0.1:63542]' for 'POST' to 'http://localhost:63542/session/4a2c7575a15c52f22156195d33aff355/element'
23:23:46.138 [Forwarding findElement on session 4a2c7575a15c52f22156195d33aff355 to remote] DEBUG org.asynchttpclient.netty.request.NettyRequestSender - Using open Channel [id: 0xa38598dd, L:/127.0.0.1:52148 - R:localhost/127.0.0.1:63542] for POST '/session/4a2c7575a15c52f22156195d33aff355/element'
23:23:46.160 [AsyncHttpClient-1-1] DEBUG org.asynchttpclient.netty.channel.DefaultChannelPool - Entry count for : http://localhost:52149 : 1
23:23:46.166 [AsyncHttpClient-1-5] DEBUG org.asynchttpclient.netty.handler.HttpHandler - 

Request DefaultHttpRequest(decodeResult: success, version: HTTP/1.1)
POST /session/4a2c7575a15c52f22156195d33aff355/element HTTP/1.1
User-Agent: selenium/4.1.2 (java windows)
Content-Length: 102
Content-Type: application/json; charset=utf-8
host: localhost:63542
accept: */*

Response DefaultHttpResponse(decodeResult: success, version: HTTP/1.1)
HTTP/1.1 200 OK
Content-Type: application/json; charset=utf-8
cache-control: no-cache
content-length: 88

23:23:46.166 [AsyncHttpClient-1-5] DEBUG org.asynchttpclient.netty.channel.ChannelManager - Adding key: http://localhost:63542 for channel [id: 0xa38598dd, L:/127.0.0.1:52148 - R:localhost/127.0.0.1:63542]
23:23:46.169 [Forwarding clickElement on session 4a2c7575a15c52f22156195d33aff355 to remote] DEBUG org.asynchttpclient.netty.request.NettyRequestSender - Using pooled Channel '[id: 0xa38598dd, L:/127.0.0.1:52148 - R:localhost/127.0.0.1:63542]' for 'POST' to 'http://localhost:63542/session/4a2c7575a15c52f22156195d33aff355/element/4949a715-85cb-4ab4-97b2-15de3f2c9312/click'
23:23:46.169 [Forwarding clickElement on session 4a2c7575a15c52f22156195d33aff355 to remote] DEBUG org.asynchttpclient.netty.request.NettyRequestSender - Using open Channel [id: 0xa38598dd, L:/127.0.0.1:52148 - R:localhost/127.0.0.1:63542] for POST '/session/4a2c7575a15c52f22156195d33aff355/element/4949a715-85cb-4ab4-97b2-15de3f2c9312/click'
23:23:46.307 [AsyncHttpClient-1-5] DEBUG org.asynchttpclient.netty.handler.HttpHandler - 

Request DefaultHttpRequest(decodeResult: success, version: HTTP/1.1)
POST /session/4a2c7575a15c52f22156195d33aff355/element/4949a715-85cb-4ab4-97b2-15de3f2c9312/click HTTP/1.1
User-Agent: selenium/4.1.2 (java windows)
Content-Length: 50
Content-Type: application/json; charset=utf-8
host: localhost:63542
accept: */*

Response DefaultHttpResponse(decodeResult: success, version: HTTP/1.1)
HTTP/1.1 200 OK
Content-Type: application/json; charset=utf-8
cache-control: no-cache
content-length: 14

23:23:46.308 [AsyncHttpClient-1-5] DEBUG org.asynchttpclient.netty.channel.ChannelManager - Adding key: http://localhost:63542 for channel [id: 0xa38598dd, L:/127.0.0.1:52148 - R:localhost/127.0.0.1:63542]
  &amp#27;[32mWhen &amp#27;[0m&amp#27;[32mI click detail product&amp#27;[0m                                  &amp#27;[90m# stepdefinitions.GiveRatingStep.iClickDetail()&amp#27;[0m
23:23:46.324 [Forwarding screenshot on session 4a2c7575a15c52f22156195d33aff355 to remote] DEBUG org.asynchttpclient.netty.request.NettyRequestSender - Using pooled Channel '[id: 0xa38598dd, L:/127.0.0.1:52148 - R:localhost/127.0.0.1:63542]' for 'GET' to 'http://localhost:63542/session/4a2c7575a15c52f22156195d33aff355/screenshot'
23:23:46.324 [Forwarding screenshot on session 4a2c7575a15c52f22156195d33aff355 to remote] DEBUG org.asynchttpclient.netty.request.NettyRequestSender - Using open Channel [id: 0xa38598dd, L:/127.0.0.1:52148 - R:localhost/127.0.0.1:63542] for GET '/session/4a2c7575a15c52f22156195d33aff355/screenshot'
23:23:46.934 [AsyncHttpClient-1-5] DEBUG org.asynchttpclient.netty.handler.HttpHandler - 

Request DefaultFullHttpRequest(decodeResult: success, version: HTTP/1.1, content: EmptyByteBufBE)
GET /session/4a2c7575a15c52f22156195d33aff355/screenshot HTTP/1.1
User-Agent: selenium/4.1.2 (java windows)
Cache-Control: no-cache
Content-Type: application/json; charset=utf-8
host: localhost:63542
accept: */*

Response DefaultHttpResponse(decodeResult: success, version: HTTP/1.1)
HTTP/1.1 200 OK
Content-Type: application/json; charset=utf-8
cache-control: no-cache
content-length: 22876

23:23:46.935 [AsyncHttpClient-1-5] DEBUG org.asynchttpclient.netty.channel.ChannelManager - Adding key: http://localhost:63542 for channel [id: 0xa38598dd, L:/127.0.0.1:52148 - R:localhost/127.0.0.1:63542]
23:23:46.938 [main] DEBUG net.serenitybdd.core.photography.Darkroom - Send negative for processing for target\site\serenity\d5a2691e7df67dfddc39bd80f7f40b09d2c0cc3da9d4a6d354124cd9caa27c6a.png
23:23:46.938 [Darkroom Processing Line] DEBUG net.serenitybdd.core.photography.DarkroomProcessingLine - Processing screenshot image in /var/screenshots/screenshot-6598719892506810985
23:23:46.938 [Darkroom Processing Line] DEBUG net.serenitybdd.core.photography.DarkroomProcessingLine - Saving screenshot to target\site\serenity\d5a2691e7df67dfddc39bd80f7f40b09d2c0cc3da9d4a6d354124cd9caa27c6a.png
23:23:46.968 [Forwarding findElement on session 4a2c7575a15c52f22156195d33aff355 to remote] DEBUG org.asynchttpclient.netty.request.NettyRequestSender - Using pooled Channel '[id: 0xa38598dd, L:/127.0.0.1:52148 - R:localhost/127.0.0.1:63542]' for 'POST' to 'http://localhost:63542/session/4a2c7575a15c52f22156195d33aff355/element'
23:23:46.968 [Forwarding findElement on session 4a2c7575a15c52f22156195d33aff355 to remote] DEBUG org.asynchttpclient.netty.request.NettyRequestSender - Using open Channel [id: 0xa38598dd, L:/127.0.0.1:52148 - R:localhost/127.0.0.1:63542] for POST '/session/4a2c7575a15c52f22156195d33aff355/element'
23:23:47.258 [AsyncHttpClient-1-1] DEBUG org.asynchttpclient.netty.channel.DefaultChannelPool - Entry count for : http://localhost:52149 : 1
23:23:47.499 [AsyncHttpClient-1-5] DEBUG org.asynchttpclient.netty.handler.HttpHandler - 

Request DefaultHttpRequest(decodeResult: success, version: HTTP/1.1)
POST /session/4a2c7575a15c52f22156195d33aff355/element HTTP/1.1
User-Agent: selenium/4.1.2 (java windows)
Content-Length: 111
Content-Type: application/json; charset=utf-8
host: localhost:63542
accept: */*

Response DefaultHttpResponse(decodeResult: success, version: HTTP/1.1)
HTTP/1.1 200 OK
Content-Type: application/json; charset=utf-8
cache-control: no-cache
content-length: 88

23:23:47.499 [AsyncHttpClient-1-5] DEBUG org.asynchttpclient.netty.channel.ChannelManager - Adding key: http://localhost:63542 for channel [id: 0xa38598dd, L:/127.0.0.1:52148 - R:localhost/127.0.0.1:63542]
23:23:47.502 [Forwarding getElementTagName on session 4a2c7575a15c52f22156195d33aff355 to remote] DEBUG org.asynchttpclient.netty.request.NettyRequestSender - Using pooled Channel '[id: 0xa38598dd, L:/127.0.0.1:52148 - R:localhost/127.0.0.1:63542]' for 'GET' to 'http://localhost:63542/session/4a2c7575a15c52f22156195d33aff355/element/fa48ec09-185b-4969-87c6-95403636c079/name'
23:23:47.502 [Forwarding getElementTagName on session 4a2c7575a15c52f22156195d33aff355 to remote] DEBUG org.asynchttpclient.netty.request.NettyRequestSender - Using open Channel [id: 0xa38598dd, L:/127.0.0.1:52148 - R:localhost/127.0.0.1:63542] for GET '/session/4a2c7575a15c52f22156195d33aff355/element/fa48ec09-185b-4969-87c6-95403636c079/name'
23:23:47.511 [AsyncHttpClient-1-5] DEBUG org.asynchttpclient.netty.handler.HttpHandler - 

Request DefaultFullHttpRequest(decodeResult: success, version: HTTP/1.1, content: EmptyByteBufBE)
GET /session/4a2c7575a15c52f22156195d33aff355/element/fa48ec09-185b-4969-87c6-95403636c079/name HTTP/1.1
User-Agent: selenium/4.1.2 (java windows)
Cache-Control: no-cache
Content-Type: application/json; charset=utf-8
host: localhost:63542
accept: */*

Response DefaultHttpResponse(decodeResult: success, version: HTTP/1.1)
HTTP/1.1 200 OK
Content-Type: application/json; charset=utf-8
cache-control: no-cache
content-length: 18

23:23:47.512 [AsyncHttpClient-1-5] DEBUG org.asynchttpclient.netty.channel.ChannelManager - Adding key: http://localhost:63542 for channel [id: 0xa38598dd, L:/127.0.0.1:52148 - R:localhost/127.0.0.1:63542]
23:23:47.516 [Forwarding getElementTagName on session 4a2c7575a15c52f22156195d33aff355 to remote] DEBUG org.asynchttpclient.netty.request.NettyRequestSender - Using pooled Channel '[id: 0xa38598dd, L:/127.0.0.1:52148 - R:localhost/127.0.0.1:63542]' for 'GET' to 'http://localhost:63542/session/4a2c7575a15c52f22156195d33aff355/element/fa48ec09-185b-4969-87c6-95403636c079/name'
23:23:47.516 [Forwarding getElementTagName on session 4a2c7575a15c52f22156195d33aff355 to remote] DEBUG org.asynchttpclient.netty.request.NettyRequestSender - Using open Channel [id: 0xa38598dd, L:/127.0.0.1:52148 - R:localhost/127.0.0.1:63542] for GET '/session/4a2c7575a15c52f22156195d33aff355/element/fa48ec09-185b-4969-87c6-95403636c079/name'
23:23:47.529 [AsyncHttpClient-1-5] DEBUG org.asynchttpclient.netty.handler.HttpHandler - 

Request DefaultFullHttpRequest(decodeResult: success, version: HTTP/1.1, content: EmptyByteBufBE)
GET /session/4a2c7575a15c52f22156195d33aff355/element/fa48ec09-185b-4969-87c6-95403636c079/name HTTP/1.1
User-Agent: selenium/4.1.2 (java windows)
Cache-Control: no-cache
Content-Type: application/json; charset=utf-8
host: localhost:63542
accept: */*

Response DefaultHttpResponse(decodeResult: success, version: HTTP/1.1)
HTTP/1.1 200 OK
Content-Type: application/json; charset=utf-8
cache-control: no-cache
content-length: 18

23:23:47.530 [AsyncHttpClient-1-5] DEBUG org.asynchttpclient.netty.channel.ChannelManager - Adding key: http://localhost:63542 for channel [id: 0xa38598dd, L:/127.0.0.1:52148 - R:localhost/127.0.0.1:63542]
23:23:47.538 [Forwarding isElementEnabled on session 4a2c7575a15c52f22156195d33aff355 to remote] DEBUG org.asynchttpclient.netty.request.NettyRequestSender - Using pooled Channel '[id: 0xa38598dd, L:/127.0.0.1:52148 - R:localhost/127.0.0.1:63542]' for 'GET' to 'http://localhost:63542/session/4a2c7575a15c52f22156195d33aff355/element/fa48ec09-185b-4969-87c6-95403636c079/enabled'
23:23:47.538 [Forwarding isElementEnabled on session 4a2c7575a15c52f22156195d33aff355 to remote] DEBUG org.asynchttpclient.netty.request.NettyRequestSender - Using open Channel [id: 0xa38598dd, L:/127.0.0.1:52148 - R:localhost/127.0.0.1:63542] for GET '/session/4a2c7575a15c52f22156195d33aff355/element/fa48ec09-185b-4969-87c6-95403636c079/enabled'
23:23:47.577 [AsyncHttpClient-1-5] DEBUG org.asynchttpclient.netty.handler.HttpHandler - 

Request DefaultFullHttpRequest(decodeResult: success, version: HTTP/1.1, content: EmptyByteBufBE)
GET /session/4a2c7575a15c52f22156195d33aff355/element/fa48ec09-185b-4969-87c6-95403636c079/enabled HTTP/1.1
User-Agent: selenium/4.1.2 (java windows)
Cache-Control: no-cache
Content-Type: application/json; charset=utf-8
host: localhost:63542
accept: */*

Response DefaultHttpResponse(decodeResult: success, version: HTTP/1.1)
HTTP/1.1 200 OK
Content-Type: application/json; charset=utf-8
cache-control: no-cache
content-length: 14

23:23:47.578 [AsyncHttpClient-1-5] DEBUG org.asynchttpclient.netty.channel.ChannelManager - Adding key: http://localhost:63542 for channel [id: 0xa38598dd, L:/127.0.0.1:52148 - R:localhost/127.0.0.1:63542]
23:23:47.581 [Forwarding isElementEnabled on session 4a2c7575a15c52f22156195d33aff355 to remote] DEBUG org.asynchttpclient.netty.request.NettyRequestSender - Using pooled Channel '[id: 0xa38598dd, L:/127.0.0.1:52148 - R:localhost/127.0.0.1:63542]' for 'GET' to 'http://localhost:63542/session/4a2c7575a15c52f22156195d33aff355/element/fa48ec09-185b-4969-87c6-95403636c079/enabled'
23:23:47.583 [Forwarding isElementEnabled on session 4a2c7575a15c52f22156195d33aff355 to remote] DEBUG org.asynchttpclient.netty.request.NettyRequestSender - Using open Channel [id: 0xa38598dd, L:/127.0.0.1:52148 - R:localhost/127.0.0.1:63542] for GET '/session/4a2c7575a15c52f22156195d33aff355/element/fa48ec09-185b-4969-87c6-95403636c079/enabled'
23:23:47.611 [AsyncHttpClient-1-5] DEBUG org.asynchttpclient.netty.handler.HttpHandler - 

Request DefaultFullHttpRequest(decodeResult: success, version: HTTP/1.1, content: EmptyByteBufBE)
GET /session/4a2c7575a15c52f22156195d33aff355/element/fa48ec09-185b-4969-87c6-95403636c079/enabled HTTP/1.1
User-Agent: selenium/4.1.2 (java windows)
Cache-Control: no-cache
Content-Type: application/json; charset=utf-8
host: localhost:63542
accept: */*

Response DefaultHttpResponse(decodeResult: success, version: HTTP/1.1)
HTTP/1.1 200 OK
Content-Type: application/json; charset=utf-8
cache-control: no-cache
content-length: 14

23:23:47.611 [AsyncHttpClient-1-5] DEBUG org.asynchttpclient.netty.channel.ChannelManager - Adding key: http://localhost:63542 for channel [id: 0xa38598dd, L:/127.0.0.1:52148 - R:localhost/127.0.0.1:63542]
23:23:47.617 [Forwarding findElement on session 4a2c7575a15c52f22156195d33aff355 to remote] DEBUG org.asynchttpclient.netty.request.NettyRequestSender - Using pooled Channel '[id: 0xa38598dd, L:/127.0.0.1:52148 - R:localhost/127.0.0.1:63542]' for 'POST' to 'http://localhost:63542/session/4a2c7575a15c52f22156195d33aff355/element'
23:23:47.617 [Forwarding findElement on session 4a2c7575a15c52f22156195d33aff355 to remote] DEBUG org.asynchttpclient.netty.request.NettyRequestSender - Using open Channel [id: 0xa38598dd, L:/127.0.0.1:52148 - R:localhost/127.0.0.1:63542] for POST '/session/4a2c7575a15c52f22156195d33aff355/element'
23:23:47.645 [AsyncHttpClient-1-5] DEBUG org.asynchttpclient.netty.handler.HttpHandler - 

Request DefaultHttpRequest(decodeResult: success, version: HTTP/1.1)
POST /session/4a2c7575a15c52f22156195d33aff355/element HTTP/1.1
User-Agent: selenium/4.1.2 (java windows)
Content-Length: 111
Content-Type: application/json; charset=utf-8
host: localhost:63542
accept: */*

Response DefaultHttpResponse(decodeResult: success, version: HTTP/1.1)
HTTP/1.1 200 OK
Content-Type: application/json; charset=utf-8
cache-control: no-cache
content-length: 88

23:23:47.645 [AsyncHttpClient-1-5] DEBUG org.asynchttpclient.netty.channel.ChannelManager - Adding key: http://localhost:63542 for channel [id: 0xa38598dd, L:/127.0.0.1:52148 - R:localhost/127.0.0.1:63542]
23:23:47.649 [Forwarding clickElement on session 4a2c7575a15c52f22156195d33aff355 to remote] DEBUG org.asynchttpclient.netty.request.NettyRequestSender - Using pooled Channel '[id: 0xa38598dd, L:/127.0.0.1:52148 - R:localhost/127.0.0.1:63542]' for 'POST' to 'http://localhost:63542/session/4a2c7575a15c52f22156195d33aff355/element/fa48ec09-185b-4969-87c6-95403636c079/click'
23:23:47.649 [Forwarding clickElement on session 4a2c7575a15c52f22156195d33aff355 to remote] DEBUG org.asynchttpclient.netty.request.NettyRequestSender - Using open Channel [id: 0xa38598dd, L:/127.0.0.1:52148 - R:localhost/127.0.0.1:63542] for POST '/session/4a2c7575a15c52f22156195d33aff355/element/fa48ec09-185b-4969-87c6-95403636c079/click'
23:23:47.737 [AsyncHttpClient-1-5] DEBUG org.asynchttpclient.netty.handler.HttpHandler - 

Request DefaultHttpRequest(decodeResult: success, version: HTTP/1.1)
POST /session/4a2c7575a15c52f22156195d33aff355/element/fa48ec09-185b-4969-87c6-95403636c079/click HTTP/1.1
User-Agent: selenium/4.1.2 (java windows)
Content-Length: 50
Content-Type: application/json; charset=utf-8
host: localhost:63542
accept: */*

Response DefaultHttpResponse(decodeResult: success, version: HTTP/1.1)
HTTP/1.1 200 OK
Content-Type: application/json; charset=utf-8
cache-control: no-cache
content-length: 14

23:23:47.738 [AsyncHttpClient-1-5] DEBUG org.asynchttpclient.netty.channel.ChannelManager - Adding key: http://localhost:63542 for channel [id: 0xa38598dd, L:/127.0.0.1:52148 - R:localhost/127.0.0.1:63542]
  &amp#27;[32mAnd &amp#27;[0m&amp#27;[32mI give rating for product&amp#27;[0m                                &amp#27;[90m# stepdefinitions.GiveRatingStep.iGiveRating()&amp#27;[0m
23:23:47.763 [Forwarding screenshot on session 4a2c7575a15c52f22156195d33aff355 to remote] DEBUG org.asynchttpclient.netty.request.NettyRequestSender - Using pooled Channel '[id: 0xa38598dd, L:/127.0.0.1:52148 - R:localhost/127.0.0.1:63542]' for 'GET' to 'http://localhost:63542/session/4a2c7575a15c52f22156195d33aff355/screenshot'
23:23:47.763 [Forwarding screenshot on session 4a2c7575a15c52f22156195d33aff355 to remote] DEBUG org.asynchttpclient.netty.request.NettyRequestSender - Using open Channel [id: 0xa38598dd, L:/127.0.0.1:52148 - R:localhost/127.0.0.1:63542] for GET '/session/4a2c7575a15c52f22156195d33aff355/screenshot'
23:23:48.035 [AsyncHttpClient-1-5] DEBUG org.asynchttpclient.netty.handler.HttpHandler - 

Request DefaultFullHttpRequest(decodeResult: success, version: HTTP/1.1, content: EmptyByteBufBE)
GET /session/4a2c7575a15c52f22156195d33aff355/screenshot HTTP/1.1
User-Agent: selenium/4.1.2 (java windows)
Cache-Control: no-cache
Content-Type: application/json; charset=utf-8
host: localhost:63542
accept: */*

Response DefaultHttpResponse(decodeResult: success, version: HTTP/1.1)
HTTP/1.1 200 OK
Content-Type: application/json; charset=utf-8
cache-control: no-cache
content-length: 39368

23:23:48.035 [AsyncHttpClient-1-5] DEBUG org.asynchttpclient.netty.channel.ChannelManager - Adding key: http://localhost:63542 for channel [id: 0xa38598dd, L:/127.0.0.1:52148 - R:localhost/127.0.0.1:63542]
23:23:48.039 [main] DEBUG net.serenitybdd.core.photography.Darkroom - Send negative for processing for target\site\serenity\503c88e8d3d5fe2bc2127312ec87dab2a8b0c86d1a75f344d0f2c806d767c347.png
23:23:48.040 [Darkroom Processing Line] DEBUG net.serenitybdd.core.photography.DarkroomProcessingLine - Processing screenshot image in /var/screenshots/screenshot-5248889171033481392
23:23:48.040 [Darkroom Processing Line] DEBUG net.serenitybdd.core.photography.DarkroomProcessingLine - Saving screenshot to target\site\serenity\503c88e8d3d5fe2bc2127312ec87dab2a8b0c86d1a75f344d0f2c806d767c347.png
23:23:48.054 [Forwarding findElement on session 4a2c7575a15c52f22156195d33aff355 to remote] DEBUG org.asynchttpclient.netty.request.NettyRequestSender - Using pooled Channel '[id: 0xa38598dd, L:/127.0.0.1:52148 - R:localhost/127.0.0.1:63542]' for 'POST' to 'http://localhost:63542/session/4a2c7575a15c52f22156195d33aff355/element'
23:23:48.054 [Forwarding findElement on session 4a2c7575a15c52f22156195d33aff355 to remote] DEBUG org.asynchttpclient.netty.request.NettyRequestSender - Using open Channel [id: 0xa38598dd, L:/127.0.0.1:52148 - R:localhost/127.0.0.1:63542] for POST '/session/4a2c7575a15c52f22156195d33aff355/element'
23:23:48.082 [AsyncHttpClient-1-5] DEBUG org.asynchttpclient.netty.handler.HttpHandler - 

Request DefaultHttpRequest(decodeResult: success, version: HTTP/1.1)
POST /session/4a2c7575a15c52f22156195d33aff355/element HTTP/1.1
User-Agent: selenium/4.1.2 (java windows)
Content-Length: 96
Content-Type: application/json; charset=utf-8
host: localhost:63542
accept: */*

Response DefaultHttpResponse(decodeResult: success, version: HTTP/1.1)
HTTP/1.1 200 OK
Content-Type: application/json; charset=utf-8
cache-control: no-cache
content-length: 88

23:23:48.082 [AsyncHttpClient-1-5] DEBUG org.asynchttpclient.netty.channel.ChannelManager - Adding key: http://localhost:63542 for channel [id: 0xa38598dd, L:/127.0.0.1:52148 - R:localhost/127.0.0.1:63542]
  &amp#27;[32mThen &amp#27;[0m&amp#27;[32mRating count added&amp#27;[0m                                      &amp#27;[90m# stepdefinitions.GiveRatingStep.ratingCountAdded()&amp#27;[0m
23:23:48.097 [Forwarding screenshot on session 4a2c7575a15c52f22156195d33aff355 to remote] DEBUG org.asynchttpclient.netty.request.NettyRequestSender - Using pooled Channel '[id: 0xa38598dd, L:/127.0.0.1:52148 - R:localhost/127.0.0.1:63542]' for 'GET' to 'http://localhost:63542/session/4a2c7575a15c52f22156195d33aff355/screenshot'
23:23:48.097 [Forwarding screenshot on session 4a2c7575a15c52f22156195d33aff355 to remote] DEBUG org.asynchttpclient.netty.request.NettyRequestSender - Using open Channel [id: 0xa38598dd, L:/127.0.0.1:52148 - R:localhost/127.0.0.1:63542] for GET '/session/4a2c7575a15c52f22156195d33aff355/screenshot'
23:23:48.319 [AsyncHttpClient-1-5] DEBUG org.asynchttpclient.netty.handler.HttpHandler - 

Request DefaultFullHttpRequest(decodeResult: success, version: HTTP/1.1, content: EmptyByteBufBE)
GET /session/4a2c7575a15c52f22156195d33aff355/screenshot HTTP/1.1
User-Agent: selenium/4.1.2 (java windows)
Cache-Control: no-cache
Content-Type: application/json; charset=utf-8
host: localhost:63542
accept: */*

Response DefaultHttpResponse(decodeResult: success, version: HTTP/1.1)
HTTP/1.1 200 OK
Content-Type: application/json; charset=utf-8
cache-control: no-cache
content-length: 39956

23:23:48.320 [AsyncHttpClient-1-5] DEBUG org.asynchttpclient.netty.channel.ChannelManager - Adding key: http://localhost:63542 for channel [id: 0xa38598dd, L:/127.0.0.1:52148 - R:localhost/127.0.0.1:63542]
23:23:48.323 [main] DEBUG net.serenitybdd.core.photography.Darkroom - Send negative for processing for target\site\serenity\25965b0805eac9af3f0dceeb5a12b7e3aadbd4afa59e94af6bf9ed55c4347479.png
23:23:48.326 [Darkroom Processing Line] DEBUG net.serenitybdd.core.photography.DarkroomProcessingLine - Processing screenshot image in /var/screenshots/screenshot-7785838273348770993
23:23:48.326 [Darkroom Processing Line] DEBUG net.serenitybdd.core.photography.DarkroomProcessingLine - Saving screenshot to target\site\serenity\25965b0805eac9af3f0dceeb5a12b7e3aadbd4afa59e94af6bf9ed55c4347479.png
23:23:48.328 [main] INFO  - 
  _____   ___   ___   _____     ___     _     ___   ___   ___   ___  
 |_   _| | __| / __| |_   _|   | _ \   /_\   / __| / __| | __| |   \ 
   | |   | _|  \__ \   | |     |  _/  / _ \  \__ \ \__ \ | _|  | |) |
   |_|   |___| |___/   |_|     |_|   /_/ \_\ |___/ |___/ |___| |___/ 

As a user, i can see details product and give rating
----------------------------------------------------------------------
23:23:48.330 [AsyncHttpClient-1-7] DEBUG org.asynchttpclient.netty.handler.WebSocketHandler - Channel Closed: [id: 0x44c6e1a7, L:/127.0.0.1:52158 ! R:localhost/127.0.0.1:52149] with attribute NettyResponseFuture{currentRetry=5,
	isDone=1,
	isCancelled=0,
	asyncHandler=org.asynchttpclient.ws.WebSocketUpgradeHandler@143e3dcd,
	nettyRequest=org.asynchttpclient.netty.request.NettyRequest@513cb12e,
	future=java.util.concurrent.CompletableFuture@7de3760a[Completed normally],
	uri=ws://localhost:52149/devtools/browser/2f9729c2-7b60-4295-97cf-508571677534,
	keepAlive=true,
	redirectCount=0,
	timeoutsHolder=null,
	inAuth=0,
	touch=1652631820997}
23:23:48.330 [AsyncHttpClient-1-7] DEBUG org.asynchttpclient.netty.channel.ChannelManager - Closing Channel [id: 0x44c6e1a7, L:/127.0.0.1:52158 ! R:localhost/127.0.0.1:52149] 
23:23:48.331 [Driver Command Executor] DEBUG org.asynchttpclient.netty.request.NettyRequestSender - Using pooled Channel '[id: 0xa38598dd, L:/127.0.0.1:52148 - R:localhost/127.0.0.1:63542]' for 'DELETE' to 'http://localhost:63542/session/4a2c7575a15c52f22156195d33aff355'
23:23:48.331 [Driver Command Executor] DEBUG org.asynchttpclient.netty.request.NettyRequestSender - Using open Channel [id: 0xa38598dd, L:/127.0.0.1:52148 - R:localhost/127.0.0.1:63542] for DELETE '/session/4a2c7575a15c52f22156195d33aff355'
23:23:48.371 [AsyncHttpClient-1-1] DEBUG org.asynchttpclient.netty.channel.DefaultChannelPool - Entry count for : http://localhost:52149 : 1
23:23:48.535 [AsyncHttpClient-1-6] DEBUG org.asynchttpclient.netty.handler.HttpHandler - Unexpected I/O exception on channel [id: 0x623285f1, L:/127.0.0.1:52155 - R:localhost/127.0.0.1:52149]
java.io.IOException: An existing connection was forcibly closed by the remote host
	at java.base/sun.nio.ch.SocketDispatcher.read0(Native Method)
	at java.base/sun.nio.ch.SocketDispatcher.read(SocketDispatcher.java:43)
	at java.base/sun.nio.ch.IOUtil.readIntoNativeBuffer(IOUtil.java:276)
	at java.base/sun.nio.ch.IOUtil.read(IOUtil.java:233)
	at java.base/sun.nio.ch.IOUtil.read(IOUtil.java:223)
	at java.base/sun.nio.ch.SocketChannelImpl.read(SocketChannelImpl.java:358)
	at io.netty.buffer.PooledByteBuf.setBytes(PooledByteBuf.java:258)
	at io.netty.buffer.AbstractByteBuf.writeBytes(AbstractByteBuf.java:1132)
	at io.netty.channel.socket.nio.NioSocketChannel.doReadBytes(NioSocketChannel.java:350)
	at io.netty.channel.nio.AbstractNioByteChannel$NioByteUnsafe.read(AbstractNioByteChannel.java:151)
	at io.netty.channel.nio.NioEventLoop.processSelectedKey(NioEventLoop.java:722)
	at io.netty.channel.nio.NioEventLoop.processSelectedKeysOptimized(NioEventLoop.java:658)
	at io.netty.channel.nio.NioEventLoop.processSelectedKeys(NioEventLoop.java:584)
	at io.netty.channel.nio.NioEventLoop.run(NioEventLoop.java:496)
	at io.netty.util.concurrent.SingleThreadEventExecutor$4.run(SingleThreadEventExecutor.java:986)
	at io.netty.util.internal.ThreadExecutorMap$2.run(ThreadExecutorMap.java:74)
	at io.netty.util.concurrent.FastThreadLocalRunnable.run(FastThreadLocalRunnable.java:30)
	at java.base/java.lang.Thread.run(Thread.java:834)
23:23:48.535 [AsyncHttpClient-1-6] DEBUG org.asynchttpclient.netty.channel.ChannelManager - Closing Channel [id: 0x623285f1, L:/127.0.0.1:52155 - R:localhost/127.0.0.1:52149] 
23:23:48.535 [AsyncHttpClient-1-6] DEBUG org.asynchttpclient.netty.handler.HttpHandler - Channel Closed: [id: 0x623285f1, L:/127.0.0.1:52155 ! R:localhost/127.0.0.1:52149] with attribute DISCARD
23:23:48.606 [AsyncHttpClient-1-5] DEBUG org.asynchttpclient.netty.handler.HttpHandler - 

Request DefaultFullHttpRequest(decodeResult: success, version: HTTP/1.1, content: EmptyByteBufBE)
DELETE /session/4a2c7575a15c52f22156195d33aff355 HTTP/1.1
User-Agent: selenium/4.1.2 (java windows)
Content-Type: application/json; charset=utf-8
host: localhost:63542
accept: */*

Response DefaultHttpResponse(decodeResult: success, version: HTTP/1.1)
HTTP/1.1 200 OK
Content-Type: application/json; charset=utf-8
cache-control: no-cache
content-length: 14

23:23:48.607 [AsyncHttpClient-1-5] DEBUG org.asynchttpclient.netty.channel.ChannelManager - Adding key: http://localhost:63542 for channel [id: 0xa38598dd, L:/127.0.0.1:52148 - R:localhost/127.0.0.1:63542]
23:23:48.825 [AsyncHttpClient-1-5] DEBUG org.asynchttpclient.netty.handler.HttpHandler - Channel Closed: [id: 0xa38598dd, L:/127.0.0.1:52148 ! R:localhost/127.0.0.1:63542] with attribute DISCARD
]]></system-out>
    <system-err><![CDATA[Starting ChromeDriver 101.0.4951.41 (93c720db8323b3ec10d056025ab95c23a31997c9-refs/branch-heads/4951@{#904}) on port 63542
Only local connections are allowed.
Please see https://chromedriver.chromium.org/security-considerations for suggestions on keeping ChromeDriver safe.
ChromeDriver was started successfully.
May 15, 2022 11:23:40 PM org.openqa.selenium.remote.ProtocolHandshake createSession
INFO: Detected dialect: W3C
May 15, 2022 11:23:41 PM org.openqa.selenium.devtools.CdpVersionFinder findNearestMatch
WARNING: Unable to find an exact match for CDP version 101, so returning the closest version found: 97
May 15, 2022 11:23:41 PM org.openqa.selenium.devtools.CdpVersionFinder findNearestMatch
INFO: Found CDP implementation for version 101 of 97
]]></system-err>
  </testcase>
  <testcase name="As a user, i have able to login" classname="Login" time="8.178">
    <system-out><![CDATA[23:23:49.357 [main] INFO io.cucumber.core.plugin.SerenityReporter - Running feature from file:///D:/Mini%20Project-QE%20Alta/Web%20Automation/FrontEnd-AltaShop/src/test/resources/features/Login.feature
23:23:49.364 [main] DEBUG net.thucydides.core.steps.StepEventBus - Test suite started for story net.thucydides.core.model.Story@23282f08
23:23:49.365 [main] INFO  - Test Suite Started: Login

Scenario: As a user, i have able to login           &amp#27;[90m# src/test/resources/features/Login.feature:3&amp#27;[0m
23:23:49.391 [main] INFO io.cucumber.core.plugin.SerenityReporter - Running feature from file:///D:/Mini%20Project-QE%20Alta/Web%20Automation/FrontEnd-AltaShop/src/test/resources/features/Login.feature
23:23:49.413 [main] INFO  - 
  _____   ___   ___   _____     ___   _____     _     ___   _____   ___   ___  
 |_   _| | __| / __| |_   _|   / __| |_   _|   /_\   | _ \ |_   _| | __| |   \ 
   | |   | _|  \__ \   | |     \__ \   | |    / _ \  |   /   | |   | _|  | |) |
   |_|   |___| |___/   |_|     |___/   |_|   /_/ \_\ |_|_\   |_|   |___| |___/ 

As a user, i have able to login(login;as-a-user--i-have-able-to-login)
--------------------------------------------------------------------------------
23:23:49.451 [main] DEBUG net.thucydides.core.steps.StepInterceptor - STARTING STEP: LoginStep.iAmAtLoginPage - onLoginPage
23:23:49.453 [main] INFO net.serenitybdd.core.webdriver.driverproviders.ChromeDriverProvider - Using automatically driver download
23:23:49.462 [AsyncHttpClient-1-1] DEBUG org.asynchttpclient.netty.channel.DefaultChannelPool - Entry count for : http://localhost:52149 : 1
23:23:49.462 [AsyncHttpClient-1-1] DEBUG org.asynchttpclient.netty.channel.DefaultChannelPool - Entry count for : http://localhost:63542 : 1
23:23:49.462 [AsyncHttpClient-1-1] DEBUG org.asynchttpclient.netty.channel.DefaultChannelPool - Adding Candidate expired Channel [id: 0x623285f1, L:/127.0.0.1:52155 ! R:localhost/127.0.0.1:52149] isIdleTimeoutExpired=false isRemotelyClosed=true isTtlExpired=false
23:23:49.462 [AsyncHttpClient-1-1] DEBUG org.asynchttpclient.netty.channel.DefaultChannelPool - Closing Idle Channel [id: 0x623285f1, L:/127.0.0.1:52155 ! R:localhost/127.0.0.1:52149]
23:23:49.462 [AsyncHttpClient-1-1] DEBUG org.asynchttpclient.netty.channel.DefaultChannelPool - Adding Candidate expired Channel [id: 0xa38598dd, L:/127.0.0.1:52148 ! R:localhost/127.0.0.1:63542] isIdleTimeoutExpired=false isRemotelyClosed=true isTtlExpired=false
23:23:49.462 [AsyncHttpClient-1-1] DEBUG org.asynchttpclient.netty.channel.DefaultChannelPool - Closing Idle Channel [id: 0xa38598dd, L:/127.0.0.1:52148 ! R:localhost/127.0.0.1:63542]
23:23:49.462 [AsyncHttpClient-1-1] DEBUG org.asynchttpclient.netty.channel.DefaultChannelPool - Closed 2 connections out of 2 in 0 ms
23:23:49.640 [main] DEBUG io.github.bonigarcia.wdm.cache.ResolutionCache - Resolution chrome=101 in cache (valid until 00:21:44 16/05/2022 ICT)
23:23:49.649 [main] DEBUG io.github.bonigarcia.wdm.cache.ResolutionCache - Resolution chrome101=101.0.4951.41 in cache (valid until 22:21:42 16/05/2022 ICT)
23:23:49.653 [main] INFO io.github.bonigarcia.wdm.WebDriverManager - Using chromedriver 101.0.4951.41 (resolved driver for Chrome 101)
23:23:49.681 [main] DEBUG io.github.bonigarcia.wdm.WebDriverManager - Driver chromedriver 101.0.4951.41 found in cache
23:23:49.682 [main] INFO io.github.bonigarcia.wdm.WebDriverManager - Exporting webdriver.chrome.driver as C:\Users\Siti Nurlatipah\.cache\selenium\chromedriver\win32\101.0.4951.41\chromedriver.exe
23:23:49.854 [main] DEBUG net.serenitybdd.core.webdriver.driverproviders.ProvideNewDriver - Instantiating driver
23:23:49.854 [main] DEBUG net.serenitybdd.core.webdriver.driverproviders.ProvideNewDriver - Driver capabilities: Capabilities {acceptInsecureCerts: false, base.url: https://qa.alta.id, browserName: chrome, chrome.driver: src/test/resources/webdrive..., driver: chrome, goog:chromeOptions: {args: [], extensions: []}}
23:23:50.413 [AsyncHttpClient-1-8] DEBUG org.asynchttpclient.netty.channel.NettyConnectListener - Using new Channel '[id: 0x1614c826, L:/127.0.0.1:52179 - R:localhost/127.0.0.1:63306]' for 'POST' to '/session'
23:23:52.164 [AsyncHttpClient-1-8] DEBUG org.asynchttpclient.netty.handler.HttpHandler - 

Request DefaultHttpRequest(decodeResult: success, version: HTTP/1.1)
POST /session HTTP/1.1
User-Agent: selenium/4.1.2 (java windows)
Content-Length: 595
Content-Type: application/json; charset=utf-8
host: localhost:63306
accept: */*

Response DefaultHttpResponse(decodeResult: success, version: HTTP/1.1)
HTTP/1.1 200 OK
Content-Type: application/json; charset=utf-8
cache-control: no-cache
content-length: 793

23:23:52.165 [AsyncHttpClient-1-8] DEBUG org.asynchttpclient.netty.channel.ChannelManager - Adding key: http://localhost:63306 for channel [id: 0x1614c826, L:/127.0.0.1:52179 - R:localhost/127.0.0.1:63306]
23:23:52.205 [AsyncHttpClient-1-9] DEBUG org.asynchttpclient.netty.channel.NettyConnectListener - Using new Channel '[id: 0x4ebfccc6, L:/127.0.0.1:52188 - R:localhost/127.0.0.1:52180]' for 'GET' to '/json/version'
23:23:52.220 [AsyncHttpClient-1-9] DEBUG org.asynchttpclient.netty.handler.HttpHandler - 

Request DefaultFullHttpRequest(decodeResult: success, version: HTTP/1.1, content: EmptyByteBufBE)
GET /json/version HTTP/1.1
User-Agent: selenium/4.1.2 (java windows)
host: localhost:52180
accept: */*

Response DefaultHttpResponse(decodeResult: success, version: HTTP/1.1)
HTTP/1.1 200 OK
Content-Type: application/json; charset=UTF-8
content-length: 427

23:23:52.220 [AsyncHttpClient-1-9] DEBUG org.asynchttpclient.netty.channel.ChannelManager - Adding key: http://localhost:52180 for channel [id: 0x4ebfccc6, L:/127.0.0.1:52188 - R:localhost/127.0.0.1:52180]
23:23:52.230 [AsyncHttpClient-1-2] DEBUG org.asynchttpclient.netty.channel.NettyConnectListener - Using new Channel '[id: 0xb6d253e2, L:/127.0.0.1:52189 - R:localhost/127.0.0.1:52180]' for 'GET' to '/devtools/browser/15453d93-ac37-4f37-a435-1f1ae2fbee67'
23:23:52.232 [AsyncHttpClient-1-2] DEBUG org.asynchttpclient.netty.handler.WebSocketHandler - 

Request DefaultFullHttpRequest(decodeResult: success, version: HTTP/1.1, content: EmptyByteBufBE)
GET /devtools/browser/15453d93-ac37-4f37-a435-1f1ae2fbee67 HTTP/1.1
upgrade: websocket
connection: upgrade
sec-websocket-key: mXlaS1KNhBhgx1Um7eKlFw==
sec-websocket-version: 13
origin: http://localhost:52180
host: localhost:52180
accept: */*
user-agent: AHC/2.1

Response DefaultHttpResponse(decodeResult: success, version: HTTP/1.1)
HTTP/1.1 101 WebSocket Protocol Handshake
Upgrade: WebSocket
Connection: Upgrade
Sec-WebSocket-Accept: PLi4gD6e/SkMrPKP8XoPxOn7HxE=

23:23:52.248 [Forwarding get on session 1140460767a3b8227fa992ef41f4d079 to remote] DEBUG org.asynchttpclient.netty.request.NettyRequestSender - Using pooled Channel '[id: 0x1614c826, L:/127.0.0.1:52179 - R:localhost/127.0.0.1:63306]' for 'POST' to 'http://localhost:63306/session/1140460767a3b8227fa992ef41f4d079/url'
23:23:52.248 [Forwarding get on session 1140460767a3b8227fa992ef41f4d079 to remote] DEBUG org.asynchttpclient.netty.request.NettyRequestSender - Using open Channel [id: 0x1614c826, L:/127.0.0.1:52179 - R:localhost/127.0.0.1:63306] for POST '/session/1140460767a3b8227fa992ef41f4d079/url'
23:23:52.761 [AsyncHttpClient-1-1] DEBUG org.asynchttpclient.netty.channel.DefaultChannelPool - Entry count for : http://localhost:52180 : 1
23:23:53.861 [AsyncHttpClient-1-8] DEBUG org.asynchttpclient.netty.handler.HttpHandler - 

Request DefaultHttpRequest(decodeResult: success, version: HTTP/1.1)
POST /session/1140460767a3b8227fa992ef41f4d079/url HTTP/1.1
User-Agent: selenium/4.1.2 (java windows)
Content-Length: 64
Content-Type: application/json; charset=utf-8
host: localhost:63306
accept: */*

Response DefaultHttpResponse(decodeResult: success, version: HTTP/1.1)
HTTP/1.1 200 OK
Content-Type: application/json; charset=utf-8
cache-control: no-cache
content-length: 14

23:23:53.861 [AsyncHttpClient-1-8] DEBUG org.asynchttpclient.netty.channel.ChannelManager - Adding key: http://localhost:63306 for channel [id: 0x1614c826, L:/127.0.0.1:52179 - R:localhost/127.0.0.1:63306]
23:23:53.865 [AsyncHttpClient-1-1] DEBUG org.asynchttpclient.netty.channel.DefaultChannelPool - Entry count for : http://localhost:52180 : 1
23:23:53.865 [AsyncHttpClient-1-1] DEBUG org.asynchttpclient.netty.channel.DefaultChannelPool - Entry count for : http://localhost:63306 : 1
23:23:53.869 [Forwarding setTimeout on session 1140460767a3b8227fa992ef41f4d079 to remote] DEBUG org.asynchttpclient.netty.request.NettyRequestSender - Using pooled Channel '[id: 0x1614c826, L:/127.0.0.1:52179 - R:localhost/127.0.0.1:63306]' for 'POST' to 'http://localhost:63306/session/1140460767a3b8227fa992ef41f4d079/timeouts'
23:23:53.869 [Forwarding setTimeout on session 1140460767a3b8227fa992ef41f4d079 to remote] DEBUG org.asynchttpclient.netty.request.NettyRequestSender - Using open Channel [id: 0x1614c826, L:/127.0.0.1:52179 - R:localhost/127.0.0.1:63306] for POST '/session/1140460767a3b8227fa992ef41f4d079/timeouts'
23:23:53.879 [AsyncHttpClient-1-8] DEBUG org.asynchttpclient.netty.handler.HttpHandler - 

Request DefaultHttpRequest(decodeResult: success, version: HTTP/1.1)
POST /session/1140460767a3b8227fa992ef41f4d079/timeouts HTTP/1.1
User-Agent: selenium/4.1.2 (java windows)
Content-Length: 22
Content-Type: application/json; charset=utf-8
host: localhost:63306
accept: */*

Response DefaultHttpResponse(decodeResult: success, version: HTTP/1.1)
HTTP/1.1 200 OK
Content-Type: application/json; charset=utf-8
cache-control: no-cache
content-length: 14

23:23:53.879 [AsyncHttpClient-1-8] DEBUG org.asynchttpclient.netty.channel.ChannelManager - Adding key: http://localhost:63306 for channel [id: 0x1614c826, L:/127.0.0.1:52179 - R:localhost/127.0.0.1:63306]
23:23:53.885 [Forwarding getCurrentUrl on session 1140460767a3b8227fa992ef41f4d079 to remote] DEBUG org.asynchttpclient.netty.request.NettyRequestSender - Using pooled Channel '[id: 0x1614c826, L:/127.0.0.1:52179 - R:localhost/127.0.0.1:63306]' for 'GET' to 'http://localhost:63306/session/1140460767a3b8227fa992ef41f4d079/url'
23:23:53.885 [Forwarding getCurrentUrl on session 1140460767a3b8227fa992ef41f4d079 to remote] DEBUG org.asynchttpclient.netty.request.NettyRequestSender - Using open Channel [id: 0x1614c826, L:/127.0.0.1:52179 - R:localhost/127.0.0.1:63306] for GET '/session/1140460767a3b8227fa992ef41f4d079/url'
23:23:53.929 [AsyncHttpClient-1-8] DEBUG org.asynchttpclient.netty.handler.HttpHandler - 

Request DefaultFullHttpRequest(decodeResult: success, version: HTTP/1.1, content: EmptyByteBufBE)
GET /session/1140460767a3b8227fa992ef41f4d079/url HTTP/1.1
User-Agent: selenium/4.1.2 (java windows)
Cache-Control: no-cache
Content-Type: application/json; charset=utf-8
host: localhost:63306
accept: */*

Response DefaultHttpResponse(decodeResult: success, version: HTTP/1.1)
HTTP/1.1 200 OK
Content-Type: application/json; charset=utf-8
cache-control: no-cache
content-length: 41

23:23:53.929 [AsyncHttpClient-1-8] DEBUG org.asynchttpclient.netty.channel.ChannelManager - Adding key: http://localhost:63306 for channel [id: 0x1614c826, L:/127.0.0.1:52179 - R:localhost/127.0.0.1:63306]
23:23:53.946 [main] DEBUG net.serenitybdd.core.photography.Darkroom - Opening darkroom
23:23:53.950 [Forwarding screenshot on session 1140460767a3b8227fa992ef41f4d079 to remote] DEBUG org.asynchttpclient.netty.request.NettyRequestSender - Using pooled Channel '[id: 0x1614c826, L:/127.0.0.1:52179 - R:localhost/127.0.0.1:63306]' for 'GET' to 'http://localhost:63306/session/1140460767a3b8227fa992ef41f4d079/screenshot'
23:23:53.950 [Forwarding screenshot on session 1140460767a3b8227fa992ef41f4d079 to remote] DEBUG org.asynchttpclient.netty.request.NettyRequestSender - Using open Channel [id: 0x1614c826, L:/127.0.0.1:52179 - R:localhost/127.0.0.1:63306] for GET '/session/1140460767a3b8227fa992ef41f4d079/screenshot'
23:23:54.011 [Darkroom Processing Line] DEBUG net.serenitybdd.core.photography.DarkroomProcessingLine - Darkroom processing line starting up
23:23:54.372 [AsyncHttpClient-1-8] DEBUG org.asynchttpclient.netty.handler.HttpHandler - 

Request DefaultFullHttpRequest(decodeResult: success, version: HTTP/1.1, content: EmptyByteBufBE)
GET /session/1140460767a3b8227fa992ef41f4d079/screenshot HTTP/1.1
User-Agent: selenium/4.1.2 (java windows)
Cache-Control: no-cache
Content-Type: application/json; charset=utf-8
host: localhost:63306
accept: */*

Response DefaultHttpResponse(decodeResult: success, version: HTTP/1.1)
HTTP/1.1 200 OK
Content-Type: application/json; charset=utf-8
cache-control: no-cache
content-length: 37804

23:23:54.375 [AsyncHttpClient-1-8] DEBUG org.asynchttpclient.netty.channel.ChannelManager - Adding key: http://localhost:63306 for channel [id: 0x1614c826, L:/127.0.0.1:52179 - R:localhost/127.0.0.1:63306]
23:23:54.378 [main] DEBUG net.serenitybdd.core.photography.Darkroom - Send negative for processing for target\site\serenity\aef0e5914dc3e205d587e4dd044394fa48b3466ef033e71e0aa4e3ca907ede95.png
23:23:54.379 [main] DEBUG net.thucydides.core.steps.StepInterceptor - STEP DONE: onLoginPage
  &amp#27;[32mGiven &amp#27;[0m&amp#27;[32m&amp#27;[0m&amp#27;[32m&amp#27;[1mI&amp#27;[0m&amp#27;[32m am at login-page&amp#27;[0m                          &amp#27;[90m# stepdefinitions.LoginStep.iAmAtLoginPage(java.lang.String)&amp#27;[0m
23:23:54.414 [main] DEBUG net.thucydides.core.steps.StepInterceptor - STARTING STEP: LoginStep.iTypeMyEmail - typeMyEmail
23:23:54.420 [Forwarding findElement on session 1140460767a3b8227fa992ef41f4d079 to remote] DEBUG org.asynchttpclient.netty.request.NettyRequestSender - Using pooled Channel '[id: 0x1614c826, L:/127.0.0.1:52179 - R:localhost/127.0.0.1:63306]' for 'POST' to 'http://localhost:63306/session/1140460767a3b8227fa992ef41f4d079/element'
23:23:54.420 [Forwarding findElement on session 1140460767a3b8227fa992ef41f4d079 to remote] DEBUG org.asynchttpclient.netty.request.NettyRequestSender - Using open Channel [id: 0x1614c826, L:/127.0.0.1:52179 - R:localhost/127.0.0.1:63306] for POST '/session/1140460767a3b8227fa992ef41f4d079/element'
23:23:54.439 [AsyncHttpClient-1-8] DEBUG org.asynchttpclient.netty.handler.HttpHandler - 

Request DefaultHttpRequest(decodeResult: success, version: HTTP/1.1)
POST /session/1140460767a3b8227fa992ef41f4d079/element HTTP/1.1
User-Agent: selenium/4.1.2 (java windows)
Content-Length: 84
Content-Type: application/json; charset=utf-8
host: localhost:63306
accept: */*

Response DefaultHttpResponse(decodeResult: success, version: HTTP/1.1)
HTTP/1.1 200 OK
Content-Type: application/json; charset=utf-8
cache-control: no-cache
content-length: 88

23:23:54.439 [AsyncHttpClient-1-8] DEBUG org.asynchttpclient.netty.channel.ChannelManager - Adding key: http://localhost:63306 for channel [id: 0x1614c826, L:/127.0.0.1:52179 - R:localhost/127.0.0.1:63306]
23:23:54.443 [Forwarding sendKeysToElement on session 1140460767a3b8227fa992ef41f4d079 to remote] DEBUG org.asynchttpclient.netty.request.NettyRequestSender - Using pooled Channel '[id: 0x1614c826, L:/127.0.0.1:52179 - R:localhost/127.0.0.1:63306]' for 'POST' to 'http://localhost:63306/session/1140460767a3b8227fa992ef41f4d079/element/d9c85529-012c-479e-a102-41adbcaf23c5/value'
23:23:54.443 [Forwarding sendKeysToElement on session 1140460767a3b8227fa992ef41f4d079 to remote] DEBUG org.asynchttpclient.netty.request.NettyRequestSender - Using open Channel [id: 0x1614c826, L:/127.0.0.1:52179 - R:localhost/127.0.0.1:63306] for POST '/session/1140460767a3b8227fa992ef41f4d079/element/d9c85529-012c-479e-a102-41adbcaf23c5/value'
23:23:54.759 [AsyncHttpClient-1-8] DEBUG org.asynchttpclient.netty.handler.HttpHandler - 

Request DefaultHttpRequest(decodeResult: success, version: HTTP/1.1)
POST /session/1140460767a3b8227fa992ef41f4d079/element/d9c85529-012c-479e-a102-41adbcaf23c5/value HTTP/1.1
User-Agent: selenium/4.1.2 (java windows)
Content-Length: 361
Content-Type: application/json; charset=utf-8
host: localhost:63306
accept: */*

Response DefaultHttpResponse(decodeResult: success, version: HTTP/1.1)
HTTP/1.1 200 OK
Content-Type: application/json; charset=utf-8
cache-control: no-cache
content-length: 14

23:23:54.759 [AsyncHttpClient-1-8] DEBUG org.asynchttpclient.netty.channel.ChannelManager - Adding key: http://localhost:63306 for channel [id: 0x1614c826, L:/127.0.0.1:52179 - R:localhost/127.0.0.1:63306]
23:23:54.766 [Forwarding screenshot on session 1140460767a3b8227fa992ef41f4d079 to remote] DEBUG org.asynchttpclient.netty.request.NettyRequestSender - Using pooled Channel '[id: 0x1614c826, L:/127.0.0.1:52179 - R:localhost/127.0.0.1:63306]' for 'GET' to 'http://localhost:63306/session/1140460767a3b8227fa992ef41f4d079/screenshot'
23:23:54.767 [Forwarding screenshot on session 1140460767a3b8227fa992ef41f4d079 to remote] DEBUG org.asynchttpclient.netty.request.NettyRequestSender - Using open Channel [id: 0x1614c826, L:/127.0.0.1:52179 - R:localhost/127.0.0.1:63306] for GET '/session/1140460767a3b8227fa992ef41f4d079/screenshot'
23:23:54.961 [AsyncHttpClient-1-1] DEBUG org.asynchttpclient.netty.channel.DefaultChannelPool - Entry count for : http://localhost:52180 : 1
23:23:55.047 [AsyncHttpClient-1-8] DEBUG org.asynchttpclient.netty.handler.HttpHandler - 

Request DefaultFullHttpRequest(decodeResult: success, version: HTTP/1.1, content: EmptyByteBufBE)
GET /session/1140460767a3b8227fa992ef41f4d079/screenshot HTTP/1.1
User-Agent: selenium/4.1.2 (java windows)
Cache-Control: no-cache
Content-Type: application/json; charset=utf-8
host: localhost:63306
accept: */*

Response DefaultHttpResponse(decodeResult: success, version: HTTP/1.1)
HTTP/1.1 200 OK
Content-Type: application/json; charset=utf-8
cache-control: no-cache
content-length: 47204

23:23:55.048 [AsyncHttpClient-1-8] DEBUG org.asynchttpclient.netty.channel.ChannelManager - Adding key: http://localhost:63306 for channel [id: 0x1614c826, L:/127.0.0.1:52179 - R:localhost/127.0.0.1:63306]
23:23:55.051 [main] DEBUG net.serenitybdd.core.photography.Darkroom - Send negative for processing for target\site\serenity\e685213486f8e55567ad882c50f637d42aa3cf34151f5f5cfb9cedb3fb7a03d8.png
23:23:55.051 [main] DEBUG net.thucydides.core.steps.StepInterceptor - STEP DONE: typeMyEmail
  &amp#27;[32mWhen &amp#27;[0m&amp#27;[32mI type my email &amp#27;[0m&amp#27;[32m&amp#27;[1mlandon.mcdermott@hotmail.com&amp#27;[0m &amp#27;[90m# stepdefinitions.LoginStep.iTypeMyEmail(java.lang.String)&amp#27;[0m
23:23:55.051 [Darkroom Processing Line] DEBUG net.serenitybdd.core.photography.DarkroomProcessingLine - Processing screenshot image in /var/screenshots/screenshot-10811015318910882797
23:23:55.051 [Darkroom Processing Line] DEBUG net.serenitybdd.core.photography.DarkroomProcessingLine - Saving screenshot to target\site\serenity\e685213486f8e55567ad882c50f637d42aa3cf34151f5f5cfb9cedb3fb7a03d8.png
23:23:55.079 [main] DEBUG net.thucydides.core.steps.StepInterceptor - STARTING STEP: LoginStep.iTypeMyPassword - typeMyPassword
23:23:55.082 [Forwarding findElement on session 1140460767a3b8227fa992ef41f4d079 to remote] DEBUG org.asynchttpclient.netty.request.NettyRequestSender - Using pooled Channel '[id: 0x1614c826, L:/127.0.0.1:52179 - R:localhost/127.0.0.1:63306]' for 'POST' to 'http://localhost:63306/session/1140460767a3b8227fa992ef41f4d079/element'
23:23:55.083 [Forwarding findElement on session 1140460767a3b8227fa992ef41f4d079 to remote] DEBUG org.asynchttpclient.netty.request.NettyRequestSender - Using open Channel [id: 0x1614c826, L:/127.0.0.1:52179 - R:localhost/127.0.0.1:63306] for POST '/session/1140460767a3b8227fa992ef41f4d079/element'
23:23:55.101 [AsyncHttpClient-1-8] DEBUG org.asynchttpclient.netty.handler.HttpHandler - 

Request DefaultHttpRequest(decodeResult: success, version: HTTP/1.1)
POST /session/1140460767a3b8227fa992ef41f4d079/element HTTP/1.1
User-Agent: selenium/4.1.2 (java windows)
Content-Length: 87
Content-Type: application/json; charset=utf-8
host: localhost:63306
accept: */*

Response DefaultHttpResponse(decodeResult: success, version: HTTP/1.1)
HTTP/1.1 200 OK
Content-Type: application/json; charset=utf-8
cache-control: no-cache
content-length: 88

23:23:55.101 [AsyncHttpClient-1-8] DEBUG org.asynchttpclient.netty.channel.ChannelManager - Adding key: http://localhost:63306 for channel [id: 0x1614c826, L:/127.0.0.1:52179 - R:localhost/127.0.0.1:63306]
23:23:55.104 [Forwarding sendKeysToElement on session 1140460767a3b8227fa992ef41f4d079 to remote] DEBUG org.asynchttpclient.netty.request.NettyRequestSender - Using pooled Channel '[id: 0x1614c826, L:/127.0.0.1:52179 - R:localhost/127.0.0.1:63306]' for 'POST' to 'http://localhost:63306/session/1140460767a3b8227fa992ef41f4d079/element/35a76267-696b-4720-b78f-c571119cc013/value'
23:23:55.104 [Forwarding sendKeysToElement on session 1140460767a3b8227fa992ef41f4d079 to remote] DEBUG org.asynchttpclient.netty.request.NettyRequestSender - Using open Channel [id: 0x1614c826, L:/127.0.0.1:52179 - R:localhost/127.0.0.1:63306] for POST '/session/1140460767a3b8227fa992ef41f4d079/element/35a76267-696b-4720-b78f-c571119cc013/value'
23:23:55.219 [AsyncHttpClient-1-8] DEBUG org.asynchttpclient.netty.handler.HttpHandler - 

Request DefaultHttpRequest(decodeResult: success, version: HTTP/1.1)
POST /session/1140460767a3b8227fa992ef41f4d079/element/35a76267-696b-4720-b78f-c571119cc013/value HTTP/1.1
User-Agent: selenium/4.1.2 (java windows)
Content-Length: 131
Content-Type: application/json; charset=utf-8
host: localhost:63306
accept: */*

Response DefaultHttpResponse(decodeResult: success, version: HTTP/1.1)
HTTP/1.1 200 OK
Content-Type: application/json; charset=utf-8
cache-control: no-cache
content-length: 14

23:23:55.220 [AsyncHttpClient-1-8] DEBUG org.asynchttpclient.netty.channel.ChannelManager - Adding key: http://localhost:63306 for channel [id: 0x1614c826, L:/127.0.0.1:52179 - R:localhost/127.0.0.1:63306]
23:23:55.229 [Forwarding screenshot on session 1140460767a3b8227fa992ef41f4d079 to remote] DEBUG org.asynchttpclient.netty.request.NettyRequestSender - Using pooled Channel '[id: 0x1614c826, L:/127.0.0.1:52179 - R:localhost/127.0.0.1:63306]' for 'GET' to 'http://localhost:63306/session/1140460767a3b8227fa992ef41f4d079/screenshot'
23:23:55.229 [Forwarding screenshot on session 1140460767a3b8227fa992ef41f4d079 to remote] DEBUG org.asynchttpclient.netty.request.NettyRequestSender - Using open Channel [id: 0x1614c826, L:/127.0.0.1:52179 - R:localhost/127.0.0.1:63306] for GET '/session/1140460767a3b8227fa992ef41f4d079/screenshot'
23:23:55.390 [AsyncHttpClient-1-8] DEBUG org.asynchttpclient.netty.handler.HttpHandler - 

Request DefaultFullHttpRequest(decodeResult: success, version: HTTP/1.1, content: EmptyByteBufBE)
GET /session/1140460767a3b8227fa992ef41f4d079/screenshot HTTP/1.1
User-Agent: selenium/4.1.2 (java windows)
Cache-Control: no-cache
Content-Type: application/json; charset=utf-8
host: localhost:63306
accept: */*

Response DefaultHttpResponse(decodeResult: success, version: HTTP/1.1)
HTTP/1.1 200 OK
Content-Type: application/json; charset=utf-8
cache-control: no-cache
content-length: 49620

23:23:55.391 [AsyncHttpClient-1-8] DEBUG org.asynchttpclient.netty.channel.ChannelManager - Adding key: http://localhost:63306 for channel [id: 0x1614c826, L:/127.0.0.1:52179 - R:localhost/127.0.0.1:63306]
23:23:55.394 [main] DEBUG net.serenitybdd.core.photography.Darkroom - Send negative for processing for target\site\serenity\65edaa15665cc07ad52973dcc7681967b3bc6b3b6e87ed46965c91eecd68f795.png
23:23:55.395 [main] DEBUG net.thucydides.core.steps.StepInterceptor - STEP DONE: typeMyPassword
  &amp#27;[32mAnd &amp#27;[0m&amp#27;[32mI type my password &amp#27;[0m&amp#27;[32m&amp#27;[1maiueo&amp#27;[0m                      &amp#27;[90m# stepdefinitions.LoginStep.iTypeMyPassword(java.lang.String)&amp#27;[0m
23:23:55.396 [Darkroom Processing Line] DEBUG net.serenitybdd.core.photography.DarkroomProcessingLine - Processing screenshot image in /var/screenshots/screenshot-1047701872084096080
23:23:55.397 [Darkroom Processing Line] DEBUG net.serenitybdd.core.photography.DarkroomProcessingLine - Saving screenshot to target\site\serenity\65edaa15665cc07ad52973dcc7681967b3bc6b3b6e87ed46965c91eecd68f795.png
23:23:55.422 [main] DEBUG net.thucydides.core.steps.StepInterceptor - STARTING STEP: LoginStep.iClickLoginButton - clickLoginButton
23:23:55.426 [Forwarding findElement on session 1140460767a3b8227fa992ef41f4d079 to remote] DEBUG org.asynchttpclient.netty.request.NettyRequestSender - Using pooled Channel '[id: 0x1614c826, L:/127.0.0.1:52179 - R:localhost/127.0.0.1:63306]' for 'POST' to 'http://localhost:63306/session/1140460767a3b8227fa992ef41f4d079/element'
23:23:55.427 [Forwarding findElement on session 1140460767a3b8227fa992ef41f4d079 to remote] DEBUG org.asynchttpclient.netty.request.NettyRequestSender - Using open Channel [id: 0x1614c826, L:/127.0.0.1:52179 - R:localhost/127.0.0.1:63306] for POST '/session/1140460767a3b8227fa992ef41f4d079/element'
23:23:55.446 [AsyncHttpClient-1-8] DEBUG org.asynchttpclient.netty.handler.HttpHandler - 

Request DefaultHttpRequest(decodeResult: success, version: HTTP/1.1)
POST /session/1140460767a3b8227fa992ef41f4d079/element HTTP/1.1
User-Agent: selenium/4.1.2 (java windows)
Content-Length: 155
Content-Type: application/json; charset=utf-8
host: localhost:63306
accept: */*

Response DefaultHttpResponse(decodeResult: success, version: HTTP/1.1)
HTTP/1.1 200 OK
Content-Type: application/json; charset=utf-8
cache-control: no-cache
content-length: 88

23:23:55.446 [AsyncHttpClient-1-8] DEBUG org.asynchttpclient.netty.channel.ChannelManager - Adding key: http://localhost:63306 for channel [id: 0x1614c826, L:/127.0.0.1:52179 - R:localhost/127.0.0.1:63306]
23:23:55.449 [Forwarding getElementTagName on session 1140460767a3b8227fa992ef41f4d079 to remote] DEBUG org.asynchttpclient.netty.request.NettyRequestSender - Using pooled Channel '[id: 0x1614c826, L:/127.0.0.1:52179 - R:localhost/127.0.0.1:63306]' for 'GET' to 'http://localhost:63306/session/1140460767a3b8227fa992ef41f4d079/element/10160a38-1948-4923-8d6e-1519300aa6c0/name'
23:23:55.449 [Forwarding getElementTagName on session 1140460767a3b8227fa992ef41f4d079 to remote] DEBUG org.asynchttpclient.netty.request.NettyRequestSender - Using open Channel [id: 0x1614c826, L:/127.0.0.1:52179 - R:localhost/127.0.0.1:63306] for GET '/session/1140460767a3b8227fa992ef41f4d079/element/10160a38-1948-4923-8d6e-1519300aa6c0/name'
23:23:55.456 [AsyncHttpClient-1-8] DEBUG org.asynchttpclient.netty.handler.HttpHandler - 

Request DefaultFullHttpRequest(decodeResult: success, version: HTTP/1.1, content: EmptyByteBufBE)
GET /session/1140460767a3b8227fa992ef41f4d079/element/10160a38-1948-4923-8d6e-1519300aa6c0/name HTTP/1.1
User-Agent: selenium/4.1.2 (java windows)
Cache-Control: no-cache
Content-Type: application/json; charset=utf-8
host: localhost:63306
accept: */*

Response DefaultHttpResponse(decodeResult: success, version: HTTP/1.1)
HTTP/1.1 200 OK
Content-Type: application/json; charset=utf-8
cache-control: no-cache
content-length: 18

23:23:55.457 [AsyncHttpClient-1-8] DEBUG org.asynchttpclient.netty.channel.ChannelManager - Adding key: http://localhost:63306 for channel [id: 0x1614c826, L:/127.0.0.1:52179 - R:localhost/127.0.0.1:63306]
23:23:55.460 [Forwarding getElementTagName on session 1140460767a3b8227fa992ef41f4d079 to remote] DEBUG org.asynchttpclient.netty.request.NettyRequestSender - Using pooled Channel '[id: 0x1614c826, L:/127.0.0.1:52179 - R:localhost/127.0.0.1:63306]' for 'GET' to 'http://localhost:63306/session/1140460767a3b8227fa992ef41f4d079/element/10160a38-1948-4923-8d6e-1519300aa6c0/name'
23:23:55.461 [Forwarding getElementTagName on session 1140460767a3b8227fa992ef41f4d079 to remote] DEBUG org.asynchttpclient.netty.request.NettyRequestSender - Using open Channel [id: 0x1614c826, L:/127.0.0.1:52179 - R:localhost/127.0.0.1:63306] for GET '/session/1140460767a3b8227fa992ef41f4d079/element/10160a38-1948-4923-8d6e-1519300aa6c0/name'
23:23:55.467 [AsyncHttpClient-1-8] DEBUG org.asynchttpclient.netty.handler.HttpHandler - 

Request DefaultFullHttpRequest(decodeResult: success, version: HTTP/1.1, content: EmptyByteBufBE)
GET /session/1140460767a3b8227fa992ef41f4d079/element/10160a38-1948-4923-8d6e-1519300aa6c0/name HTTP/1.1
User-Agent: selenium/4.1.2 (java windows)
Cache-Control: no-cache
Content-Type: application/json; charset=utf-8
host: localhost:63306
accept: */*

Response DefaultHttpResponse(decodeResult: success, version: HTTP/1.1)
HTTP/1.1 200 OK
Content-Type: application/json; charset=utf-8
cache-control: no-cache
content-length: 18

23:23:55.468 [AsyncHttpClient-1-8] DEBUG org.asynchttpclient.netty.channel.ChannelManager - Adding key: http://localhost:63306 for channel [id: 0x1614c826, L:/127.0.0.1:52179 - R:localhost/127.0.0.1:63306]
23:23:55.472 [Forwarding isElementEnabled on session 1140460767a3b8227fa992ef41f4d079 to remote] DEBUG org.asynchttpclient.netty.request.NettyRequestSender - Using pooled Channel '[id: 0x1614c826, L:/127.0.0.1:52179 - R:localhost/127.0.0.1:63306]' for 'GET' to 'http://localhost:63306/session/1140460767a3b8227fa992ef41f4d079/element/10160a38-1948-4923-8d6e-1519300aa6c0/enabled'
23:23:55.472 [Forwarding isElementEnabled on session 1140460767a3b8227fa992ef41f4d079 to remote] DEBUG org.asynchttpclient.netty.request.NettyRequestSender - Using open Channel [id: 0x1614c826, L:/127.0.0.1:52179 - R:localhost/127.0.0.1:63306] for GET '/session/1140460767a3b8227fa992ef41f4d079/element/10160a38-1948-4923-8d6e-1519300aa6c0/enabled'
23:23:55.488 [AsyncHttpClient-1-8] DEBUG org.asynchttpclient.netty.handler.HttpHandler - 

Request DefaultFullHttpRequest(decodeResult: success, version: HTTP/1.1, content: EmptyByteBufBE)
GET /session/1140460767a3b8227fa992ef41f4d079/element/10160a38-1948-4923-8d6e-1519300aa6c0/enabled HTTP/1.1
User-Agent: selenium/4.1.2 (java windows)
Cache-Control: no-cache
Content-Type: application/json; charset=utf-8
host: localhost:63306
accept: */*

Response DefaultHttpResponse(decodeResult: success, version: HTTP/1.1)
HTTP/1.1 200 OK
Content-Type: application/json; charset=utf-8
cache-control: no-cache
content-length: 14

23:23:55.488 [AsyncHttpClient-1-8] DEBUG org.asynchttpclient.netty.channel.ChannelManager - Adding key: http://localhost:63306 for channel [id: 0x1614c826, L:/127.0.0.1:52179 - R:localhost/127.0.0.1:63306]
23:23:55.492 [Forwarding isElementEnabled on session 1140460767a3b8227fa992ef41f4d079 to remote] DEBUG org.asynchttpclient.netty.request.NettyRequestSender - Using pooled Channel '[id: 0x1614c826, L:/127.0.0.1:52179 - R:localhost/127.0.0.1:63306]' for 'GET' to 'http://localhost:63306/session/1140460767a3b8227fa992ef41f4d079/element/10160a38-1948-4923-8d6e-1519300aa6c0/enabled'
23:23:55.493 [Forwarding isElementEnabled on session 1140460767a3b8227fa992ef41f4d079 to remote] DEBUG org.asynchttpclient.netty.request.NettyRequestSender - Using open Channel [id: 0x1614c826, L:/127.0.0.1:52179 - R:localhost/127.0.0.1:63306] for GET '/session/1140460767a3b8227fa992ef41f4d079/element/10160a38-1948-4923-8d6e-1519300aa6c0/enabled'
23:23:55.512 [AsyncHttpClient-1-8] DEBUG org.asynchttpclient.netty.handler.HttpHandler - 

Request DefaultFullHttpRequest(decodeResult: success, version: HTTP/1.1, content: EmptyByteBufBE)
GET /session/1140460767a3b8227fa992ef41f4d079/element/10160a38-1948-4923-8d6e-1519300aa6c0/enabled HTTP/1.1
User-Agent: selenium/4.1.2 (java windows)
Cache-Control: no-cache
Content-Type: application/json; charset=utf-8
host: localhost:63306
accept: */*

Response DefaultHttpResponse(decodeResult: success, version: HTTP/1.1)
HTTP/1.1 200 OK
Content-Type: application/json; charset=utf-8
cache-control: no-cache
content-length: 14

23:23:55.512 [AsyncHttpClient-1-8] DEBUG org.asynchttpclient.netty.channel.ChannelManager - Adding key: http://localhost:63306 for channel [id: 0x1614c826, L:/127.0.0.1:52179 - R:localhost/127.0.0.1:63306]
23:23:55.516 [Forwarding findElement on session 1140460767a3b8227fa992ef41f4d079 to remote] DEBUG org.asynchttpclient.netty.request.NettyRequestSender - Using pooled Channel '[id: 0x1614c826, L:/127.0.0.1:52179 - R:localhost/127.0.0.1:63306]' for 'POST' to 'http://localhost:63306/session/1140460767a3b8227fa992ef41f4d079/element'
23:23:55.517 [Forwarding findElement on session 1140460767a3b8227fa992ef41f4d079 to remote] DEBUG org.asynchttpclient.netty.request.NettyRequestSender - Using open Channel [id: 0x1614c826, L:/127.0.0.1:52179 - R:localhost/127.0.0.1:63306] for POST '/session/1140460767a3b8227fa992ef41f4d079/element'
23:23:55.530 [AsyncHttpClient-1-8] DEBUG org.asynchttpclient.netty.handler.HttpHandler - 

Request DefaultHttpRequest(decodeResult: success, version: HTTP/1.1)
POST /session/1140460767a3b8227fa992ef41f4d079/element HTTP/1.1
User-Agent: selenium/4.1.2 (java windows)
Content-Length: 155
Content-Type: application/json; charset=utf-8
host: localhost:63306
accept: */*

Response DefaultHttpResponse(decodeResult: success, version: HTTP/1.1)
HTTP/1.1 200 OK
Content-Type: application/json; charset=utf-8
cache-control: no-cache
content-length: 88

23:23:55.530 [AsyncHttpClient-1-8] DEBUG org.asynchttpclient.netty.channel.ChannelManager - Adding key: http://localhost:63306 for channel [id: 0x1614c826, L:/127.0.0.1:52179 - R:localhost/127.0.0.1:63306]
23:23:55.533 [Forwarding clickElement on session 1140460767a3b8227fa992ef41f4d079 to remote] DEBUG org.asynchttpclient.netty.request.NettyRequestSender - Using pooled Channel '[id: 0x1614c826, L:/127.0.0.1:52179 - R:localhost/127.0.0.1:63306]' for 'POST' to 'http://localhost:63306/session/1140460767a3b8227fa992ef41f4d079/element/10160a38-1948-4923-8d6e-1519300aa6c0/click'
23:23:55.533 [Forwarding clickElement on session 1140460767a3b8227fa992ef41f4d079 to remote] DEBUG org.asynchttpclient.netty.request.NettyRequestSender - Using open Channel [id: 0x1614c826, L:/127.0.0.1:52179 - R:localhost/127.0.0.1:63306] for POST '/session/1140460767a3b8227fa992ef41f4d079/element/10160a38-1948-4923-8d6e-1519300aa6c0/click'
23:23:55.631 [AsyncHttpClient-1-8] DEBUG org.asynchttpclient.netty.handler.HttpHandler - 

Request DefaultHttpRequest(decodeResult: success, version: HTTP/1.1)
POST /session/1140460767a3b8227fa992ef41f4d079/element/10160a38-1948-4923-8d6e-1519300aa6c0/click HTTP/1.1
User-Agent: selenium/4.1.2 (java windows)
Content-Length: 50
Content-Type: application/json; charset=utf-8
host: localhost:63306
accept: */*

Response DefaultHttpResponse(decodeResult: success, version: HTTP/1.1)
HTTP/1.1 200 OK
Content-Type: application/json; charset=utf-8
cache-control: no-cache
content-length: 14

23:23:55.631 [AsyncHttpClient-1-8] DEBUG org.asynchttpclient.netty.channel.ChannelManager - Adding key: http://localhost:63306 for channel [id: 0x1614c826, L:/127.0.0.1:52179 - R:localhost/127.0.0.1:63306]
23:23:55.645 [Forwarding screenshot on session 1140460767a3b8227fa992ef41f4d079 to remote] DEBUG org.asynchttpclient.netty.request.NettyRequestSender - Using pooled Channel '[id: 0x1614c826, L:/127.0.0.1:52179 - R:localhost/127.0.0.1:63306]' for 'GET' to 'http://localhost:63306/session/1140460767a3b8227fa992ef41f4d079/screenshot'
23:23:55.645 [Forwarding screenshot on session 1140460767a3b8227fa992ef41f4d079 to remote] DEBUG org.asynchttpclient.netty.request.NettyRequestSender - Using open Channel [id: 0x1614c826, L:/127.0.0.1:52179 - R:localhost/127.0.0.1:63306] for GET '/session/1140460767a3b8227fa992ef41f4d079/screenshot'
23:23:56.037 [AsyncHttpClient-1-8] DEBUG org.asynchttpclient.netty.handler.HttpHandler - 

Request DefaultFullHttpRequest(decodeResult: success, version: HTTP/1.1, content: EmptyByteBufBE)
GET /session/1140460767a3b8227fa992ef41f4d079/screenshot HTTP/1.1
User-Agent: selenium/4.1.2 (java windows)
Cache-Control: no-cache
Content-Type: application/json; charset=utf-8
host: localhost:63306
accept: */*

Response DefaultHttpResponse(decodeResult: success, version: HTTP/1.1)
HTTP/1.1 200 OK
Content-Type: application/json; charset=utf-8
cache-control: no-cache
content-length: 48272

23:23:56.038 [AsyncHttpClient-1-8] DEBUG org.asynchttpclient.netty.channel.ChannelManager - Adding key: http://localhost:63306 for channel [id: 0x1614c826, L:/127.0.0.1:52179 - R:localhost/127.0.0.1:63306]
23:23:56.042 [main] DEBUG net.serenitybdd.core.photography.Darkroom - Send negative for processing for target\site\serenity\106e384b7ff9ca09eee849e5555a5cede18c513457163b4db1b75c1ea7b8cabe.png
23:23:56.043 [main] DEBUG net.thucydides.core.steps.StepInterceptor - STEP DONE: clickLoginButton
  &amp#27;[32mAnd &amp#27;[0m&amp#27;[32mI click Login button&amp#27;[0m                          &amp#27;[90m# stepdefinitions.LoginStep.iClickLoginButton()&amp#27;[0m
23:23:56.043 [Darkroom Processing Line] DEBUG net.serenitybdd.core.photography.DarkroomProcessingLine - Processing screenshot image in /var/screenshots/screenshot-10652667608259705222
23:23:56.043 [Darkroom Processing Line] DEBUG net.serenitybdd.core.photography.DarkroomProcessingLine - Saving screenshot to target\site\serenity\106e384b7ff9ca09eee849e5555a5cede18c513457163b4db1b75c1ea7b8cabe.png
23:23:56.071 [main] DEBUG net.thucydides.core.steps.StepInterceptor - STARTING STEP: LoginStep.iOnHomePage - validateOnHomePage
23:23:56.075 [AsyncHttpClient-1-1] DEBUG org.asynchttpclient.netty.channel.DefaultChannelPool - Entry count for : http://localhost:52180 : 1
23:23:56.076 [AsyncHttpClient-1-1] DEBUG org.asynchttpclient.netty.channel.DefaultChannelPool - Entry count for : http://localhost:63306 : 1
23:23:56.087 [Forwarding findElement on session 1140460767a3b8227fa992ef41f4d079 to remote] DEBUG org.asynchttpclient.netty.request.NettyRequestSender - Using pooled Channel '[id: 0x1614c826, L:/127.0.0.1:52179 - R:localhost/127.0.0.1:63306]' for 'POST' to 'http://localhost:63306/session/1140460767a3b8227fa992ef41f4d079/element'
23:23:56.087 [Forwarding findElement on session 1140460767a3b8227fa992ef41f4d079 to remote] DEBUG org.asynchttpclient.netty.request.NettyRequestSender - Using open Channel [id: 0x1614c826, L:/127.0.0.1:52179 - R:localhost/127.0.0.1:63306] for POST '/session/1140460767a3b8227fa992ef41f4d079/element'
23:23:56.203 [AsyncHttpClient-1-8] DEBUG org.asynchttpclient.netty.handler.HttpHandler - 

Request DefaultHttpRequest(decodeResult: success, version: HTTP/1.1)
POST /session/1140460767a3b8227fa992ef41f4d079/element HTTP/1.1
User-Agent: selenium/4.1.2 (java windows)
Content-Length: 82
Content-Type: application/json; charset=utf-8
host: localhost:63306
accept: */*

Response DefaultHttpResponse(decodeResult: success, version: HTTP/1.1)
HTTP/1.1 200 OK
Content-Type: application/json; charset=utf-8
cache-control: no-cache
content-length: 88

23:23:56.203 [AsyncHttpClient-1-8] DEBUG org.asynchttpclient.netty.channel.ChannelManager - Adding key: http://localhost:63306 for channel [id: 0x1614c826, L:/127.0.0.1:52179 - R:localhost/127.0.0.1:63306]
23:23:56.219 [Forwarding isElementDisplayed on session 1140460767a3b8227fa992ef41f4d079 to remote] DEBUG org.asynchttpclient.netty.request.NettyRequestSender - Using pooled Channel '[id: 0x1614c826, L:/127.0.0.1:52179 - R:localhost/127.0.0.1:63306]' for 'POST' to 'http://localhost:63306/session/1140460767a3b8227fa992ef41f4d079/execute/sync'
23:23:56.219 [Forwarding isElementDisplayed on session 1140460767a3b8227fa992ef41f4d079 to remote] DEBUG org.asynchttpclient.netty.request.NettyRequestSender - Using open Channel [id: 0x1614c826, L:/127.0.0.1:52179 - R:localhost/127.0.0.1:63306] for POST '/session/1140460767a3b8227fa992ef41f4d079/execute/sync'
23:23:56.273 [AsyncHttpClient-1-8] DEBUG org.asynchttpclient.netty.handler.HttpHandler - 

Request DefaultHttpRequest(decodeResult: success, version: HTTP/1.1)
POST /session/1140460767a3b8227fa992ef41f4d079/execute/sync HTTP/1.1
User-Agent: selenium/4.1.2 (java windows)
Content-Length: 48780
Content-Type: application/json; charset=utf-8
host: localhost:63306
accept: */*

Response DefaultHttpResponse(decodeResult: success, version: HTTP/1.1)
HTTP/1.1 200 OK
Content-Type: application/json; charset=utf-8
cache-control: no-cache
content-length: 14

23:23:56.273 [AsyncHttpClient-1-8] DEBUG org.asynchttpclient.netty.channel.ChannelManager - Adding key: http://localhost:63306 for channel [id: 0x1614c826, L:/127.0.0.1:52179 - R:localhost/127.0.0.1:63306]
23:23:56.282 [Forwarding screenshot on session 1140460767a3b8227fa992ef41f4d079 to remote] DEBUG org.asynchttpclient.netty.request.NettyRequestSender - Using pooled Channel '[id: 0x1614c826, L:/127.0.0.1:52179 - R:localhost/127.0.0.1:63306]' for 'GET' to 'http://localhost:63306/session/1140460767a3b8227fa992ef41f4d079/screenshot'
23:23:56.282 [Forwarding screenshot on session 1140460767a3b8227fa992ef41f4d079 to remote] DEBUG org.asynchttpclient.netty.request.NettyRequestSender - Using open Channel [id: 0x1614c826, L:/127.0.0.1:52179 - R:localhost/127.0.0.1:63306] for GET '/session/1140460767a3b8227fa992ef41f4d079/screenshot'
23:23:56.551 [AsyncHttpClient-1-8] DEBUG org.asynchttpclient.netty.handler.HttpHandler - 

Request DefaultFullHttpRequest(decodeResult: success, version: HTTP/1.1, content: EmptyByteBufBE)
GET /session/1140460767a3b8227fa992ef41f4d079/screenshot HTTP/1.1
User-Agent: selenium/4.1.2 (java windows)
Cache-Control: no-cache
Content-Type: application/json; charset=utf-8
host: localhost:63306
accept: */*

Response DefaultHttpResponse(decodeResult: success, version: HTTP/1.1)
HTTP/1.1 200 OK
Content-Type: application/json; charset=utf-8
cache-control: no-cache
content-length: 32968

23:23:56.553 [AsyncHttpClient-1-8] DEBUG org.asynchttpclient.netty.channel.ChannelManager - Adding key: http://localhost:63306 for channel [id: 0x1614c826, L:/127.0.0.1:52179 - R:localhost/127.0.0.1:63306]
23:23:56.568 [main] DEBUG net.serenitybdd.core.photography.Darkroom - Send negative for processing for target\site\serenity\5137077474902039e5f191bfdf2904406b3038d831417ae28e274220e07a4ca5.png
23:23:56.569 [main] DEBUG net.thucydides.core.steps.StepInterceptor - STEP DONE: validateOnHomePage
  &amp#27;[32mThen &amp#27;[0m&amp#27;[32mI on home page&amp#27;[0m                               &amp#27;[90m# stepdefinitions.LoginStep.iOnHomePage()&amp#27;[0m
23:23:56.569 [Darkroom Processing Line] DEBUG net.serenitybdd.core.photography.DarkroomProcessingLine - Processing screenshot image in /var/screenshots/screenshot-2979800552381215226
23:23:56.570 [Darkroom Processing Line] DEBUG net.serenitybdd.core.photography.DarkroomProcessingLine - Saving screenshot to target\site\serenity\5137077474902039e5f191bfdf2904406b3038d831417ae28e274220e07a4ca5.png
23:23:56.585 [main] INFO  - 
  _____   ___   ___   _____     ___     _     ___   ___   ___   ___  
 |_   _| | __| / __| |_   _|   | _ \   /_\   / __| / __| | __| |   \ 
   | |   | _|  \__ \   | |     |  _/  / _ \  \__ \ \__ \ | _|  | |) |
   |_|   |___| |___/   |_|     |_|   /_/ \_\ |___/ |___/ |___| |___/ 

As a user, i have able to login
----------------------------------------------------------------------
23:23:56.587 [AsyncHttpClient-1-2] DEBUG org.asynchttpclient.netty.handler.WebSocketHandler - Channel Closed: [id: 0xb6d253e2, L:/127.0.0.1:52189 ! R:localhost/127.0.0.1:52180] with attribute NettyResponseFuture{currentRetry=5,
	isDone=1,
	isCancelled=0,
	asyncHandler=org.asynchttpclient.ws.WebSocketUpgradeHandler@4a601444,
	nettyRequest=org.asynchttpclient.netty.request.NettyRequest@5440d6c4,
	future=java.util.concurrent.CompletableFuture@712320d1[Completed normally],
	uri=ws://localhost:52180/devtools/browser/15453d93-ac37-4f37-a435-1f1ae2fbee67,
	keepAlive=true,
	redirectCount=0,
	timeoutsHolder=null,
	inAuth=0,
	touch=1652631832234}
23:23:56.588 [AsyncHttpClient-1-2] DEBUG org.asynchttpclient.netty.channel.ChannelManager - Closing Channel [id: 0xb6d253e2, L:/127.0.0.1:52189 ! R:localhost/127.0.0.1:52180] 
23:23:56.589 [Driver Command Executor] DEBUG org.asynchttpclient.netty.request.NettyRequestSender - Using pooled Channel '[id: 0x1614c826, L:/127.0.0.1:52179 - R:localhost/127.0.0.1:63306]' for 'DELETE' to 'http://localhost:63306/session/1140460767a3b8227fa992ef41f4d079'
23:23:56.589 [Driver Command Executor] DEBUG org.asynchttpclient.netty.request.NettyRequestSender - Using open Channel [id: 0x1614c826, L:/127.0.0.1:52179 - R:localhost/127.0.0.1:63306] for DELETE '/session/1140460767a3b8227fa992ef41f4d079'
23:23:56.747 [AsyncHttpClient-1-9] DEBUG org.asynchttpclient.netty.handler.HttpHandler - Unexpected I/O exception on channel [id: 0x4ebfccc6, L:/127.0.0.1:52188 - R:localhost/127.0.0.1:52180]
java.io.IOException: An existing connection was forcibly closed by the remote host
	at java.base/sun.nio.ch.SocketDispatcher.read0(Native Method)
	at java.base/sun.nio.ch.SocketDispatcher.read(SocketDispatcher.java:43)
	at java.base/sun.nio.ch.IOUtil.readIntoNativeBuffer(IOUtil.java:276)
	at java.base/sun.nio.ch.IOUtil.read(IOUtil.java:233)
	at java.base/sun.nio.ch.IOUtil.read(IOUtil.java:223)
	at java.base/sun.nio.ch.SocketChannelImpl.read(SocketChannelImpl.java:358)
	at io.netty.buffer.PooledByteBuf.setBytes(PooledByteBuf.java:258)
	at io.netty.buffer.AbstractByteBuf.writeBytes(AbstractByteBuf.java:1132)
	at io.netty.channel.socket.nio.NioSocketChannel.doReadBytes(NioSocketChannel.java:350)
	at io.netty.channel.nio.AbstractNioByteChannel$NioByteUnsafe.read(AbstractNioByteChannel.java:151)
	at io.netty.channel.nio.NioEventLoop.processSelectedKey(NioEventLoop.java:722)
	at io.netty.channel.nio.NioEventLoop.processSelectedKeysOptimized(NioEventLoop.java:658)
	at io.netty.channel.nio.NioEventLoop.processSelectedKeys(NioEventLoop.java:584)
	at io.netty.channel.nio.NioEventLoop.run(NioEventLoop.java:496)
	at io.netty.util.concurrent.SingleThreadEventExecutor$4.run(SingleThreadEventExecutor.java:986)
	at io.netty.util.internal.ThreadExecutorMap$2.run(ThreadExecutorMap.java:74)
	at io.netty.util.concurrent.FastThreadLocalRunnable.run(FastThreadLocalRunnable.java:30)
	at java.base/java.lang.Thread.run(Thread.java:834)
23:23:56.748 [AsyncHttpClient-1-9] DEBUG org.asynchttpclient.netty.channel.ChannelManager - Closing Channel [id: 0x4ebfccc6, L:/127.0.0.1:52188 - R:localhost/127.0.0.1:52180] 
23:23:56.748 [AsyncHttpClient-1-9] DEBUG org.asynchttpclient.netty.handler.HttpHandler - Channel Closed: [id: 0x4ebfccc6, L:/127.0.0.1:52188 ! R:localhost/127.0.0.1:52180] with attribute DISCARD
23:23:56.772 [AsyncHttpClient-1-8] DEBUG org.asynchttpclient.netty.handler.HttpHandler - 

Request DefaultFullHttpRequest(decodeResult: success, version: HTTP/1.1, content: EmptyByteBufBE)
DELETE /session/1140460767a3b8227fa992ef41f4d079 HTTP/1.1
User-Agent: selenium/4.1.2 (java windows)
Content-Type: application/json; charset=utf-8
host: localhost:63306
accept: */*

Response DefaultHttpResponse(decodeResult: success, version: HTTP/1.1)
HTTP/1.1 200 OK
Content-Type: application/json; charset=utf-8
cache-control: no-cache
content-length: 14

23:23:56.772 [AsyncHttpClient-1-8] DEBUG org.asynchttpclient.netty.channel.ChannelManager - Adding key: http://localhost:63306 for channel [id: 0x1614c826, L:/127.0.0.1:52179 - R:localhost/127.0.0.1:63306]
23:23:57.021 [AsyncHttpClient-1-8] DEBUG org.asynchttpclient.netty.handler.HttpHandler - Channel Closed: [id: 0x1614c826, L:/127.0.0.1:52179 ! R:localhost/127.0.0.1:63306] with attribute DISCARD
23:23:57.158 [AsyncHttpClient-1-1] DEBUG org.asynchttpclient.netty.channel.DefaultChannelPool - Entry count for : http://localhost:52180 : 1
23:23:57.158 [AsyncHttpClient-1-1] DEBUG org.asynchttpclient.netty.channel.DefaultChannelPool - Entry count for : http://localhost:63306 : 1
23:23:57.158 [AsyncHttpClient-1-1] DEBUG org.asynchttpclient.netty.channel.DefaultChannelPool - Adding Candidate expired Channel [id: 0x4ebfccc6, L:/127.0.0.1:52188 ! R:localhost/127.0.0.1:52180] isIdleTimeoutExpired=false isRemotelyClosed=true isTtlExpired=false
23:23:57.158 [AsyncHttpClient-1-1] DEBUG org.asynchttpclient.netty.channel.DefaultChannelPool - Closing Idle Channel [id: 0x4ebfccc6, L:/127.0.0.1:52188 ! R:localhost/127.0.0.1:52180]
23:23:57.158 [AsyncHttpClient-1-1] DEBUG org.asynchttpclient.netty.channel.DefaultChannelPool - Adding Candidate expired Channel [id: 0x1614c826, L:/127.0.0.1:52179 ! R:localhost/127.0.0.1:63306] isIdleTimeoutExpired=false isRemotelyClosed=true isTtlExpired=false
23:23:57.158 [AsyncHttpClient-1-1] DEBUG org.asynchttpclient.netty.channel.DefaultChannelPool - Closing Idle Channel [id: 0x1614c826, L:/127.0.0.1:52179 ! R:localhost/127.0.0.1:63306]
23:23:57.158 [AsyncHttpClient-1-1] DEBUG org.asynchttpclient.netty.channel.DefaultChannelPool - Closed 2 connections out of 2 in 0 ms
]]></system-out>
    <system-err><![CDATA[Starting ChromeDriver 101.0.4951.41 (93c720db8323b3ec10d056025ab95c23a31997c9-refs/branch-heads/4951@{#904}) on port 63306
Only local connections are allowed.
Please see https://chromedriver.chromium.org/security-considerations for suggestions on keeping ChromeDriver safe.
ChromeDriver was started successfully.
May 15, 2022 11:23:52 PM org.openqa.selenium.remote.ProtocolHandshake createSession
INFO: Detected dialect: W3C
May 15, 2022 11:23:52 PM org.openqa.selenium.devtools.CdpVersionFinder findNearestMatch
WARNING: Unable to find an exact match for CDP version 101, so returning the closest version found: 97
May 15, 2022 11:23:52 PM org.openqa.selenium.devtools.CdpVersionFinder findNearestMatch
INFO: Found CDP implementation for version 101 of 97
]]></system-err>
  </testcase>
  <testcase name="As a user, i have not able to login because password is wrong" classname="Login" time="7.999">
    <system-out><![CDATA[
Scenario: As a user, i have not able to login because password is wrong &amp#27;[90m# src/test/resources/features/Login.feature:10&amp#27;[0m
23:23:57.568 [main] INFO io.cucumber.core.plugin.SerenityReporter - Running feature from file:///D:/Mini%20Project-QE%20Alta/Web%20Automation/FrontEnd-AltaShop/src/test/resources/features/Login.feature
23:23:57.575 [main] INFO  - 
  _____   ___   ___   _____     ___   _____     _     ___   _____   ___   ___  
 |_   _| | __| / __| |_   _|   / __| |_   _|   /_\   | _ \ |_   _| | __| |   \ 
   | |   | _|  \__ \   | |     \__ \   | |    / _ \  |   /   | |   | _|  | |) |
   |_|   |___| |___/   |_|     |___/   |_|   /_/ \_\ |_|_\   |_|   |___| |___/ 

As a user, i have not able to login because password is wrong(login;as-a-user--i-have-not-able-to-login-because-password-is-wrong)
--------------------------------------------------------------------------------
23:23:57.617 [main] DEBUG net.thucydides.core.steps.StepInterceptor - STARTING STEP: LoginStep.iAmOnLoginPage - onLoginPage
23:23:57.618 [main] INFO net.serenitybdd.core.webdriver.driverproviders.ChromeDriverProvider - Using automatically driver download
23:23:57.800 [main] DEBUG io.github.bonigarcia.wdm.cache.ResolutionCache - Resolution chrome=101 in cache (valid until 00:21:44 16/05/2022 ICT)
23:23:57.808 [main] DEBUG io.github.bonigarcia.wdm.cache.ResolutionCache - Resolution chrome101=101.0.4951.41 in cache (valid until 22:21:42 16/05/2022 ICT)
23:23:57.812 [main] INFO io.github.bonigarcia.wdm.WebDriverManager - Using chromedriver 101.0.4951.41 (resolved driver for Chrome 101)
23:23:57.840 [main] DEBUG io.github.bonigarcia.wdm.WebDriverManager - Driver chromedriver 101.0.4951.41 found in cache
23:23:57.841 [main] INFO io.github.bonigarcia.wdm.WebDriverManager - Exporting webdriver.chrome.driver as C:\Users\Siti Nurlatipah\.cache\selenium\chromedriver\win32\101.0.4951.41\chromedriver.exe
23:23:58.047 [main] DEBUG net.serenitybdd.core.webdriver.driverproviders.ProvideNewDriver - Instantiating driver
23:23:58.047 [main] DEBUG net.serenitybdd.core.webdriver.driverproviders.ProvideNewDriver - Driver capabilities: Capabilities {acceptInsecureCerts: false, base.url: https://qa.alta.id, browserName: chrome, chrome.driver: src/test/resources/webdrive..., driver: chrome, goog:chromeOptions: {args: [], extensions: []}}
23:23:58.598 [AsyncHttpClient-1-3] DEBUG org.asynchttpclient.netty.channel.NettyConnectListener - Using new Channel '[id: 0x9fd8fb9e, L:/127.0.0.1:52217 - R:localhost/127.0.0.1:52054]' for 'POST' to '/session'
23:24:00.086 [AsyncHttpClient-1-3] DEBUG org.asynchttpclient.netty.handler.HttpHandler - 

Request DefaultHttpRequest(decodeResult: success, version: HTTP/1.1)
POST /session HTTP/1.1
User-Agent: selenium/4.1.2 (java windows)
Content-Length: 595
Content-Type: application/json; charset=utf-8
host: localhost:52054
accept: */*

Response DefaultHttpResponse(decodeResult: success, version: HTTP/1.1)
HTTP/1.1 200 OK
Content-Type: application/json; charset=utf-8
cache-control: no-cache
content-length: 792

23:24:00.087 [AsyncHttpClient-1-3] DEBUG org.asynchttpclient.netty.channel.ChannelManager - Adding key: http://localhost:52054 for channel [id: 0x9fd8fb9e, L:/127.0.0.1:52217 - R:localhost/127.0.0.1:52054]
23:24:00.111 [AsyncHttpClient-1-4] DEBUG org.asynchttpclient.netty.channel.NettyConnectListener - Using new Channel '[id: 0x504fbf51, L:/127.0.0.1:52225 - R:localhost/127.0.0.1:52218]' for 'GET' to '/json/version'
23:24:00.116 [AsyncHttpClient-1-4] DEBUG org.asynchttpclient.netty.handler.HttpHandler - 

Request DefaultFullHttpRequest(decodeResult: success, version: HTTP/1.1, content: EmptyByteBufBE)
GET /json/version HTTP/1.1
User-Agent: selenium/4.1.2 (java windows)
host: localhost:52218
accept: */*

Response DefaultHttpResponse(decodeResult: success, version: HTTP/1.1)
HTTP/1.1 200 OK
Content-Type: application/json; charset=UTF-8
content-length: 427

23:24:00.116 [AsyncHttpClient-1-4] DEBUG org.asynchttpclient.netty.channel.ChannelManager - Adding key: http://localhost:52218 for channel [id: 0x504fbf51, L:/127.0.0.1:52225 - R:localhost/127.0.0.1:52218]
23:24:00.124 [AsyncHttpClient-1-5] DEBUG org.asynchttpclient.netty.channel.NettyConnectListener - Using new Channel '[id: 0xff227bef, L:/127.0.0.1:52226 - R:localhost/127.0.0.1:52218]' for 'GET' to '/devtools/browser/c7adde7d-28a3-4421-9bf3-db119b7a270a'
23:24:00.128 [AsyncHttpClient-1-5] DEBUG org.asynchttpclient.netty.handler.WebSocketHandler - 

Request DefaultFullHttpRequest(decodeResult: success, version: HTTP/1.1, content: EmptyByteBufBE)
GET /devtools/browser/c7adde7d-28a3-4421-9bf3-db119b7a270a HTTP/1.1
upgrade: websocket
connection: upgrade
sec-websocket-key: W3FvIQnNvK9Z4AcFB4TF2w==
sec-websocket-version: 13
origin: http://localhost:52218
host: localhost:52218
accept: */*
user-agent: AHC/2.1

Response DefaultHttpResponse(decodeResult: success, version: HTTP/1.1)
HTTP/1.1 101 WebSocket Protocol Handshake
Upgrade: WebSocket
Connection: Upgrade
Sec-WebSocket-Accept: u6Xy17w0F1BbM9W9+CHXO6hrYMY=

23:24:00.143 [Forwarding get on session dbf90649eefd1558b9ca6f0ee89602fd to remote] DEBUG org.asynchttpclient.netty.request.NettyRequestSender - Using pooled Channel '[id: 0x9fd8fb9e, L:/127.0.0.1:52217 - R:localhost/127.0.0.1:52054]' for 'POST' to 'http://localhost:52054/session/dbf90649eefd1558b9ca6f0ee89602fd/url'
23:24:00.143 [Forwarding get on session dbf90649eefd1558b9ca6f0ee89602fd to remote] DEBUG org.asynchttpclient.netty.request.NettyRequestSender - Using open Channel [id: 0x9fd8fb9e, L:/127.0.0.1:52217 - R:localhost/127.0.0.1:52054] for POST '/session/dbf90649eefd1558b9ca6f0ee89602fd/url'
23:24:00.457 [AsyncHttpClient-1-1] DEBUG org.asynchttpclient.netty.channel.DefaultChannelPool - Entry count for : http://localhost:52218 : 1
23:24:01.557 [AsyncHttpClient-1-1] DEBUG org.asynchttpclient.netty.channel.DefaultChannelPool - Entry count for : http://localhost:52218 : 1
23:24:01.885 [AsyncHttpClient-1-3] DEBUG org.asynchttpclient.netty.handler.HttpHandler - 

Request DefaultHttpRequest(decodeResult: success, version: HTTP/1.1)
POST /session/dbf90649eefd1558b9ca6f0ee89602fd/url HTTP/1.1
User-Agent: selenium/4.1.2 (java windows)
Content-Length: 64
Content-Type: application/json; charset=utf-8
host: localhost:52054
accept: */*

Response DefaultHttpResponse(decodeResult: success, version: HTTP/1.1)
HTTP/1.1 200 OK
Content-Type: application/json; charset=utf-8
cache-control: no-cache
content-length: 14

23:24:01.885 [AsyncHttpClient-1-3] DEBUG org.asynchttpclient.netty.channel.ChannelManager - Adding key: http://localhost:52054 for channel [id: 0x9fd8fb9e, L:/127.0.0.1:52217 - R:localhost/127.0.0.1:52054]
23:24:01.888 [Forwarding setTimeout on session dbf90649eefd1558b9ca6f0ee89602fd to remote] DEBUG org.asynchttpclient.netty.request.NettyRequestSender - Using pooled Channel '[id: 0x9fd8fb9e, L:/127.0.0.1:52217 - R:localhost/127.0.0.1:52054]' for 'POST' to 'http://localhost:52054/session/dbf90649eefd1558b9ca6f0ee89602fd/timeouts'
23:24:01.888 [Forwarding setTimeout on session dbf90649eefd1558b9ca6f0ee89602fd to remote] DEBUG org.asynchttpclient.netty.request.NettyRequestSender - Using open Channel [id: 0x9fd8fb9e, L:/127.0.0.1:52217 - R:localhost/127.0.0.1:52054] for POST '/session/dbf90649eefd1558b9ca6f0ee89602fd/timeouts'
23:24:01.892 [AsyncHttpClient-1-3] DEBUG org.asynchttpclient.netty.handler.HttpHandler - 

Request DefaultHttpRequest(decodeResult: success, version: HTTP/1.1)
POST /session/dbf90649eefd1558b9ca6f0ee89602fd/timeouts HTTP/1.1
User-Agent: selenium/4.1.2 (java windows)
Content-Length: 22
Content-Type: application/json; charset=utf-8
host: localhost:52054
accept: */*

Response DefaultHttpResponse(decodeResult: success, version: HTTP/1.1)
HTTP/1.1 200 OK
Content-Type: application/json; charset=utf-8
cache-control: no-cache
content-length: 14

23:24:01.892 [AsyncHttpClient-1-3] DEBUG org.asynchttpclient.netty.channel.ChannelManager - Adding key: http://localhost:52054 for channel [id: 0x9fd8fb9e, L:/127.0.0.1:52217 - R:localhost/127.0.0.1:52054]
23:24:01.899 [Forwarding getCurrentUrl on session dbf90649eefd1558b9ca6f0ee89602fd to remote] DEBUG org.asynchttpclient.netty.request.NettyRequestSender - Using pooled Channel '[id: 0x9fd8fb9e, L:/127.0.0.1:52217 - R:localhost/127.0.0.1:52054]' for 'GET' to 'http://localhost:52054/session/dbf90649eefd1558b9ca6f0ee89602fd/url'
23:24:01.899 [Forwarding getCurrentUrl on session dbf90649eefd1558b9ca6f0ee89602fd to remote] DEBUG org.asynchttpclient.netty.request.NettyRequestSender - Using open Channel [id: 0x9fd8fb9e, L:/127.0.0.1:52217 - R:localhost/127.0.0.1:52054] for GET '/session/dbf90649eefd1558b9ca6f0ee89602fd/url'
23:24:01.906 [AsyncHttpClient-1-3] DEBUG org.asynchttpclient.netty.handler.HttpHandler - 

Request DefaultFullHttpRequest(decodeResult: success, version: HTTP/1.1, content: EmptyByteBufBE)
GET /session/dbf90649eefd1558b9ca6f0ee89602fd/url HTTP/1.1
User-Agent: selenium/4.1.2 (java windows)
Cache-Control: no-cache
Content-Type: application/json; charset=utf-8
host: localhost:52054
accept: */*

Response DefaultHttpResponse(decodeResult: success, version: HTTP/1.1)
HTTP/1.1 200 OK
Content-Type: application/json; charset=utf-8
cache-control: no-cache
content-length: 41

23:24:01.906 [AsyncHttpClient-1-3] DEBUG org.asynchttpclient.netty.channel.ChannelManager - Adding key: http://localhost:52054 for channel [id: 0x9fd8fb9e, L:/127.0.0.1:52217 - R:localhost/127.0.0.1:52054]
23:24:01.915 [Forwarding screenshot on session dbf90649eefd1558b9ca6f0ee89602fd to remote] DEBUG org.asynchttpclient.netty.request.NettyRequestSender - Using pooled Channel '[id: 0x9fd8fb9e, L:/127.0.0.1:52217 - R:localhost/127.0.0.1:52054]' for 'GET' to 'http://localhost:52054/session/dbf90649eefd1558b9ca6f0ee89602fd/screenshot'
23:24:01.916 [Forwarding screenshot on session dbf90649eefd1558b9ca6f0ee89602fd to remote] DEBUG org.asynchttpclient.netty.request.NettyRequestSender - Using open Channel [id: 0x9fd8fb9e, L:/127.0.0.1:52217 - R:localhost/127.0.0.1:52054] for GET '/session/dbf90649eefd1558b9ca6f0ee89602fd/screenshot'
23:24:02.321 [AsyncHttpClient-1-3] DEBUG org.asynchttpclient.netty.handler.HttpHandler - 

Request DefaultFullHttpRequest(decodeResult: success, version: HTTP/1.1, content: EmptyByteBufBE)
GET /session/dbf90649eefd1558b9ca6f0ee89602fd/screenshot HTTP/1.1
User-Agent: selenium/4.1.2 (java windows)
Cache-Control: no-cache
Content-Type: application/json; charset=utf-8
host: localhost:52054
accept: */*

Response DefaultHttpResponse(decodeResult: success, version: HTTP/1.1)
HTTP/1.1 200 OK
Content-Type: application/json; charset=utf-8
cache-control: no-cache
content-length: 37804

23:24:02.322 [AsyncHttpClient-1-3] DEBUG org.asynchttpclient.netty.channel.ChannelManager - Adding key: http://localhost:52054 for channel [id: 0x9fd8fb9e, L:/127.0.0.1:52217 - R:localhost/127.0.0.1:52054]
23:24:02.324 [main] DEBUG net.serenitybdd.core.photography.Darkroom - Send negative for processing for target\site\serenity\aef0e5914dc3e205d587e4dd044394fa48b3466ef033e71e0aa4e3ca907ede95.png
23:24:02.325 [main] DEBUG net.thucydides.core.steps.StepInterceptor - STEP DONE: onLoginPage
  &amp#27;[32mGiven &amp#27;[0m&amp#27;[32m&amp#27;[0m&amp#27;[32m&amp#27;[1mI&amp#27;[0m&amp#27;[32m am on loginpage&amp#27;[0m                                               &amp#27;[90m# stepdefinitions.LoginStep.iAmOnLoginPage(java.lang.String)&amp#27;[0m
23:24:02.350 [main] DEBUG net.thucydides.core.steps.StepInterceptor - STARTING STEP: LoginStep.iTypeValidEmail - typeMyEmail
23:24:02.353 [Forwarding findElement on session dbf90649eefd1558b9ca6f0ee89602fd to remote] DEBUG org.asynchttpclient.netty.request.NettyRequestSender - Using pooled Channel '[id: 0x9fd8fb9e, L:/127.0.0.1:52217 - R:localhost/127.0.0.1:52054]' for 'POST' to 'http://localhost:52054/session/dbf90649eefd1558b9ca6f0ee89602fd/element'
23:24:02.353 [Forwarding findElement on session dbf90649eefd1558b9ca6f0ee89602fd to remote] DEBUG org.asynchttpclient.netty.request.NettyRequestSender - Using open Channel [id: 0x9fd8fb9e, L:/127.0.0.1:52217 - R:localhost/127.0.0.1:52054] for POST '/session/dbf90649eefd1558b9ca6f0ee89602fd/element'
23:24:02.372 [AsyncHttpClient-1-3] DEBUG org.asynchttpclient.netty.handler.HttpHandler - 

Request DefaultHttpRequest(decodeResult: success, version: HTTP/1.1)
POST /session/dbf90649eefd1558b9ca6f0ee89602fd/element HTTP/1.1
User-Agent: selenium/4.1.2 (java windows)
Content-Length: 84
Content-Type: application/json; charset=utf-8
host: localhost:52054
accept: */*

Response DefaultHttpResponse(decodeResult: success, version: HTTP/1.1)
HTTP/1.1 200 OK
Content-Type: application/json; charset=utf-8
cache-control: no-cache
content-length: 88

23:24:02.372 [AsyncHttpClient-1-3] DEBUG org.asynchttpclient.netty.channel.ChannelManager - Adding key: http://localhost:52054 for channel [id: 0x9fd8fb9e, L:/127.0.0.1:52217 - R:localhost/127.0.0.1:52054]
23:24:02.375 [Forwarding sendKeysToElement on session dbf90649eefd1558b9ca6f0ee89602fd to remote] DEBUG org.asynchttpclient.netty.request.NettyRequestSender - Using pooled Channel '[id: 0x9fd8fb9e, L:/127.0.0.1:52217 - R:localhost/127.0.0.1:52054]' for 'POST' to 'http://localhost:52054/session/dbf90649eefd1558b9ca6f0ee89602fd/element/d8d7c844-f5e0-4502-8ea6-f90605ce14fd/value'
23:24:02.375 [Forwarding sendKeysToElement on session dbf90649eefd1558b9ca6f0ee89602fd to remote] DEBUG org.asynchttpclient.netty.request.NettyRequestSender - Using open Channel [id: 0x9fd8fb9e, L:/127.0.0.1:52217 - R:localhost/127.0.0.1:52054] for POST '/session/dbf90649eefd1558b9ca6f0ee89602fd/element/d8d7c844-f5e0-4502-8ea6-f90605ce14fd/value'
23:24:02.657 [AsyncHttpClient-1-1] DEBUG org.asynchttpclient.netty.channel.DefaultChannelPool - Entry count for : http://localhost:52218 : 1
23:24:02.689 [AsyncHttpClient-1-3] DEBUG org.asynchttpclient.netty.handler.HttpHandler - 

Request DefaultHttpRequest(decodeResult: success, version: HTTP/1.1)
POST /session/dbf90649eefd1558b9ca6f0ee89602fd/element/d8d7c844-f5e0-4502-8ea6-f90605ce14fd/value HTTP/1.1
User-Agent: selenium/4.1.2 (java windows)
Content-Length: 361
Content-Type: application/json; charset=utf-8
host: localhost:52054
accept: */*

Response DefaultHttpResponse(decodeResult: success, version: HTTP/1.1)
HTTP/1.1 200 OK
Content-Type: application/json; charset=utf-8
cache-control: no-cache
content-length: 14

23:24:02.690 [AsyncHttpClient-1-3] DEBUG org.asynchttpclient.netty.channel.ChannelManager - Adding key: http://localhost:52054 for channel [id: 0x9fd8fb9e, L:/127.0.0.1:52217 - R:localhost/127.0.0.1:52054]
23:24:02.698 [Forwarding screenshot on session dbf90649eefd1558b9ca6f0ee89602fd to remote] DEBUG org.asynchttpclient.netty.request.NettyRequestSender - Using pooled Channel '[id: 0x9fd8fb9e, L:/127.0.0.1:52217 - R:localhost/127.0.0.1:52054]' for 'GET' to 'http://localhost:52054/session/dbf90649eefd1558b9ca6f0ee89602fd/screenshot'
23:24:02.698 [Forwarding screenshot on session dbf90649eefd1558b9ca6f0ee89602fd to remote] DEBUG org.asynchttpclient.netty.request.NettyRequestSender - Using open Channel [id: 0x9fd8fb9e, L:/127.0.0.1:52217 - R:localhost/127.0.0.1:52054] for GET '/session/dbf90649eefd1558b9ca6f0ee89602fd/screenshot'
23:24:02.946 [AsyncHttpClient-1-3] DEBUG org.asynchttpclient.netty.handler.HttpHandler - 

Request DefaultFullHttpRequest(decodeResult: success, version: HTTP/1.1, content: EmptyByteBufBE)
GET /session/dbf90649eefd1558b9ca6f0ee89602fd/screenshot HTTP/1.1
User-Agent: selenium/4.1.2 (java windows)
Cache-Control: no-cache
Content-Type: application/json; charset=utf-8
host: localhost:52054
accept: */*

Response DefaultHttpResponse(decodeResult: success, version: HTTP/1.1)
HTTP/1.1 200 OK
Content-Type: application/json; charset=utf-8
cache-control: no-cache
content-length: 47204

23:24:02.947 [AsyncHttpClient-1-3] DEBUG org.asynchttpclient.netty.channel.ChannelManager - Adding key: http://localhost:52054 for channel [id: 0x9fd8fb9e, L:/127.0.0.1:52217 - R:localhost/127.0.0.1:52054]
23:24:02.950 [main] DEBUG net.serenitybdd.core.photography.Darkroom - Send negative for processing for target\site\serenity\c95a61db552fc0d0749b4eceb5019b06a43d289b043906bd8b3b282dba124cc3.png
23:24:02.950 [main] DEBUG net.thucydides.core.steps.StepInterceptor - STEP DONE: typeMyEmail
  &amp#27;[32mWhen &amp#27;[0m&amp#27;[32mI type valid email &amp#27;[0m&amp#27;[32m&amp#27;[1mlandon.mcdermott@hotmail.com&amp#27;[0m                  &amp#27;[90m# stepdefinitions.LoginStep.iTypeValidEmail(java.lang.String)&amp#27;[0m
23:24:02.951 [Darkroom Processing Line] DEBUG net.serenitybdd.core.photography.DarkroomProcessingLine - Processing screenshot image in /var/screenshots/screenshot-14763554700504323807
23:24:02.951 [Darkroom Processing Line] DEBUG net.serenitybdd.core.photography.DarkroomProcessingLine - Saving screenshot to target\site\serenity\c95a61db552fc0d0749b4eceb5019b06a43d289b043906bd8b3b282dba124cc3.png
23:24:02.983 [main] DEBUG net.thucydides.core.steps.StepInterceptor - STARTING STEP: LoginStep.iTypeUnvalidPassword - typeMyPassword
23:24:02.986 [Forwarding findElement on session dbf90649eefd1558b9ca6f0ee89602fd to remote] DEBUG org.asynchttpclient.netty.request.NettyRequestSender - Using pooled Channel '[id: 0x9fd8fb9e, L:/127.0.0.1:52217 - R:localhost/127.0.0.1:52054]' for 'POST' to 'http://localhost:52054/session/dbf90649eefd1558b9ca6f0ee89602fd/element'
23:24:02.986 [Forwarding findElement on session dbf90649eefd1558b9ca6f0ee89602fd to remote] DEBUG org.asynchttpclient.netty.request.NettyRequestSender - Using open Channel [id: 0x9fd8fb9e, L:/127.0.0.1:52217 - R:localhost/127.0.0.1:52054] for POST '/session/dbf90649eefd1558b9ca6f0ee89602fd/element'
23:24:03.004 [AsyncHttpClient-1-3] DEBUG org.asynchttpclient.netty.handler.HttpHandler - 

Request DefaultHttpRequest(decodeResult: success, version: HTTP/1.1)
POST /session/dbf90649eefd1558b9ca6f0ee89602fd/element HTTP/1.1
User-Agent: selenium/4.1.2 (java windows)
Content-Length: 87
Content-Type: application/json; charset=utf-8
host: localhost:52054
accept: */*

Response DefaultHttpResponse(decodeResult: success, version: HTTP/1.1)
HTTP/1.1 200 OK
Content-Type: application/json; charset=utf-8
cache-control: no-cache
content-length: 88

23:24:03.005 [AsyncHttpClient-1-3] DEBUG org.asynchttpclient.netty.channel.ChannelManager - Adding key: http://localhost:52054 for channel [id: 0x9fd8fb9e, L:/127.0.0.1:52217 - R:localhost/127.0.0.1:52054]
23:24:03.009 [Forwarding sendKeysToElement on session dbf90649eefd1558b9ca6f0ee89602fd to remote] DEBUG org.asynchttpclient.netty.request.NettyRequestSender - Using pooled Channel '[id: 0x9fd8fb9e, L:/127.0.0.1:52217 - R:localhost/127.0.0.1:52054]' for 'POST' to 'http://localhost:52054/session/dbf90649eefd1558b9ca6f0ee89602fd/element/a6715da1-3cca-44ef-b81f-24112ffc81ac/value'
23:24:03.009 [Forwarding sendKeysToElement on session dbf90649eefd1558b9ca6f0ee89602fd to remote] DEBUG org.asynchttpclient.netty.request.NettyRequestSender - Using open Channel [id: 0x9fd8fb9e, L:/127.0.0.1:52217 - R:localhost/127.0.0.1:52054] for POST '/session/dbf90649eefd1558b9ca6f0ee89602fd/element/a6715da1-3cca-44ef-b81f-24112ffc81ac/value'
23:24:03.169 [AsyncHttpClient-1-3] DEBUG org.asynchttpclient.netty.handler.HttpHandler - 

Request DefaultHttpRequest(decodeResult: success, version: HTTP/1.1)
POST /session/dbf90649eefd1558b9ca6f0ee89602fd/element/a6715da1-3cca-44ef-b81f-24112ffc81ac/value HTTP/1.1
User-Agent: selenium/4.1.2 (java windows)
Content-Length: 151
Content-Type: application/json; charset=utf-8
host: localhost:52054
accept: */*

Response DefaultHttpResponse(decodeResult: success, version: HTTP/1.1)
HTTP/1.1 200 OK
Content-Type: application/json; charset=utf-8
cache-control: no-cache
content-length: 14

23:24:03.169 [AsyncHttpClient-1-3] DEBUG org.asynchttpclient.netty.channel.ChannelManager - Adding key: http://localhost:52054 for channel [id: 0x9fd8fb9e, L:/127.0.0.1:52217 - R:localhost/127.0.0.1:52054]
23:24:03.178 [Forwarding screenshot on session dbf90649eefd1558b9ca6f0ee89602fd to remote] DEBUG org.asynchttpclient.netty.request.NettyRequestSender - Using pooled Channel '[id: 0x9fd8fb9e, L:/127.0.0.1:52217 - R:localhost/127.0.0.1:52054]' for 'GET' to 'http://localhost:52054/session/dbf90649eefd1558b9ca6f0ee89602fd/screenshot'
23:24:03.178 [Forwarding screenshot on session dbf90649eefd1558b9ca6f0ee89602fd to remote] DEBUG org.asynchttpclient.netty.request.NettyRequestSender - Using open Channel [id: 0x9fd8fb9e, L:/127.0.0.1:52217 - R:localhost/127.0.0.1:52054] for GET '/session/dbf90649eefd1558b9ca6f0ee89602fd/screenshot'
23:24:03.352 [AsyncHttpClient-1-3] DEBUG org.asynchttpclient.netty.handler.HttpHandler - 

Request DefaultFullHttpRequest(decodeResult: success, version: HTTP/1.1, content: EmptyByteBufBE)
GET /session/dbf90649eefd1558b9ca6f0ee89602fd/screenshot HTTP/1.1
User-Agent: selenium/4.1.2 (java windows)
Cache-Control: no-cache
Content-Type: application/json; charset=utf-8
host: localhost:52054
accept: */*

Response DefaultHttpResponse(decodeResult: success, version: HTTP/1.1)
HTTP/1.1 200 OK
Content-Type: application/json; charset=utf-8
cache-control: no-cache
content-length: 50448

23:24:03.353 [AsyncHttpClient-1-3] DEBUG org.asynchttpclient.netty.channel.ChannelManager - Adding key: http://localhost:52054 for channel [id: 0x9fd8fb9e, L:/127.0.0.1:52217 - R:localhost/127.0.0.1:52054]
23:24:03.356 [main] DEBUG net.serenitybdd.core.photography.Darkroom - Send negative for processing for target\site\serenity\2be0b09d6a46e1f7a6d28db8588c751d919b56addd710bff0c80561cbacf21cd.png
23:24:03.357 [main] DEBUG net.thucydides.core.steps.StepInterceptor - STEP DONE: typeMyPassword
  &amp#27;[32mAnd &amp#27;[0m&amp#27;[32mI type unvalid password &amp#27;[0m&amp#27;[32m&amp#27;[1mabcdefg&amp#27;[0m                                   &amp#27;[90m# stepdefinitions.LoginStep.iTypeUnvalidPassword(java.lang.String)&amp#27;[0m
23:24:03.358 [Darkroom Processing Line] DEBUG net.serenitybdd.core.photography.DarkroomProcessingLine - Processing screenshot image in /var/screenshots/screenshot-2335821160948144685
23:24:03.358 [Darkroom Processing Line] DEBUG net.serenitybdd.core.photography.DarkroomProcessingLine - Saving screenshot to target\site\serenity\2be0b09d6a46e1f7a6d28db8588c751d919b56addd710bff0c80561cbacf21cd.png
23:24:03.383 [main] DEBUG net.thucydides.core.steps.StepInterceptor - STARTING STEP: LoginStep.iClickALoginButton - clickLoginButton
23:24:03.387 [Forwarding findElement on session dbf90649eefd1558b9ca6f0ee89602fd to remote] DEBUG org.asynchttpclient.netty.request.NettyRequestSender - Using pooled Channel '[id: 0x9fd8fb9e, L:/127.0.0.1:52217 - R:localhost/127.0.0.1:52054]' for 'POST' to 'http://localhost:52054/session/dbf90649eefd1558b9ca6f0ee89602fd/element'
23:24:03.387 [Forwarding findElement on session dbf90649eefd1558b9ca6f0ee89602fd to remote] DEBUG org.asynchttpclient.netty.request.NettyRequestSender - Using open Channel [id: 0x9fd8fb9e, L:/127.0.0.1:52217 - R:localhost/127.0.0.1:52054] for POST '/session/dbf90649eefd1558b9ca6f0ee89602fd/element'
23:24:03.411 [AsyncHttpClient-1-3] DEBUG org.asynchttpclient.netty.handler.HttpHandler - 

Request DefaultHttpRequest(decodeResult: success, version: HTTP/1.1)
POST /session/dbf90649eefd1558b9ca6f0ee89602fd/element HTTP/1.1
User-Agent: selenium/4.1.2 (java windows)
Content-Length: 155
Content-Type: application/json; charset=utf-8
host: localhost:52054
accept: */*

Response DefaultHttpResponse(decodeResult: success, version: HTTP/1.1)
HTTP/1.1 200 OK
Content-Type: application/json; charset=utf-8
cache-control: no-cache
content-length: 88

23:24:03.412 [AsyncHttpClient-1-3] DEBUG org.asynchttpclient.netty.channel.ChannelManager - Adding key: http://localhost:52054 for channel [id: 0x9fd8fb9e, L:/127.0.0.1:52217 - R:localhost/127.0.0.1:52054]
23:24:03.415 [Forwarding getElementTagName on session dbf90649eefd1558b9ca6f0ee89602fd to remote] DEBUG org.asynchttpclient.netty.request.NettyRequestSender - Using pooled Channel '[id: 0x9fd8fb9e, L:/127.0.0.1:52217 - R:localhost/127.0.0.1:52054]' for 'GET' to 'http://localhost:52054/session/dbf90649eefd1558b9ca6f0ee89602fd/element/d4e43cd3-5534-4bc1-8285-131702af4121/name'
23:24:03.415 [Forwarding getElementTagName on session dbf90649eefd1558b9ca6f0ee89602fd to remote] DEBUG org.asynchttpclient.netty.request.NettyRequestSender - Using open Channel [id: 0x9fd8fb9e, L:/127.0.0.1:52217 - R:localhost/127.0.0.1:52054] for GET '/session/dbf90649eefd1558b9ca6f0ee89602fd/element/d4e43cd3-5534-4bc1-8285-131702af4121/name'
23:24:03.421 [AsyncHttpClient-1-3] DEBUG org.asynchttpclient.netty.handler.HttpHandler - 

Request DefaultFullHttpRequest(decodeResult: success, version: HTTP/1.1, content: EmptyByteBufBE)
GET /session/dbf90649eefd1558b9ca6f0ee89602fd/element/d4e43cd3-5534-4bc1-8285-131702af4121/name HTTP/1.1
User-Agent: selenium/4.1.2 (java windows)
Cache-Control: no-cache
Content-Type: application/json; charset=utf-8
host: localhost:52054
accept: */*

Response DefaultHttpResponse(decodeResult: success, version: HTTP/1.1)
HTTP/1.1 200 OK
Content-Type: application/json; charset=utf-8
cache-control: no-cache
content-length: 18

23:24:03.422 [AsyncHttpClient-1-3] DEBUG org.asynchttpclient.netty.channel.ChannelManager - Adding key: http://localhost:52054 for channel [id: 0x9fd8fb9e, L:/127.0.0.1:52217 - R:localhost/127.0.0.1:52054]
23:24:03.426 [Forwarding getElementTagName on session dbf90649eefd1558b9ca6f0ee89602fd to remote] DEBUG org.asynchttpclient.netty.request.NettyRequestSender - Using pooled Channel '[id: 0x9fd8fb9e, L:/127.0.0.1:52217 - R:localhost/127.0.0.1:52054]' for 'GET' to 'http://localhost:52054/session/dbf90649eefd1558b9ca6f0ee89602fd/element/d4e43cd3-5534-4bc1-8285-131702af4121/name'
23:24:03.426 [Forwarding getElementTagName on session dbf90649eefd1558b9ca6f0ee89602fd to remote] DEBUG org.asynchttpclient.netty.request.NettyRequestSender - Using open Channel [id: 0x9fd8fb9e, L:/127.0.0.1:52217 - R:localhost/127.0.0.1:52054] for GET '/session/dbf90649eefd1558b9ca6f0ee89602fd/element/d4e43cd3-5534-4bc1-8285-131702af4121/name'
23:24:03.431 [AsyncHttpClient-1-3] DEBUG org.asynchttpclient.netty.handler.HttpHandler - 

Request DefaultFullHttpRequest(decodeResult: success, version: HTTP/1.1, content: EmptyByteBufBE)
GET /session/dbf90649eefd1558b9ca6f0ee89602fd/element/d4e43cd3-5534-4bc1-8285-131702af4121/name HTTP/1.1
User-Agent: selenium/4.1.2 (java windows)
Cache-Control: no-cache
Content-Type: application/json; charset=utf-8
host: localhost:52054
accept: */*

Response DefaultHttpResponse(decodeResult: success, version: HTTP/1.1)
HTTP/1.1 200 OK
Content-Type: application/json; charset=utf-8
cache-control: no-cache
content-length: 18

23:24:03.432 [AsyncHttpClient-1-3] DEBUG org.asynchttpclient.netty.channel.ChannelManager - Adding key: http://localhost:52054 for channel [id: 0x9fd8fb9e, L:/127.0.0.1:52217 - R:localhost/127.0.0.1:52054]
23:24:03.435 [Forwarding isElementEnabled on session dbf90649eefd1558b9ca6f0ee89602fd to remote] DEBUG org.asynchttpclient.netty.request.NettyRequestSender - Using pooled Channel '[id: 0x9fd8fb9e, L:/127.0.0.1:52217 - R:localhost/127.0.0.1:52054]' for 'GET' to 'http://localhost:52054/session/dbf90649eefd1558b9ca6f0ee89602fd/element/d4e43cd3-5534-4bc1-8285-131702af4121/enabled'
23:24:03.435 [Forwarding isElementEnabled on session dbf90649eefd1558b9ca6f0ee89602fd to remote] DEBUG org.asynchttpclient.netty.request.NettyRequestSender - Using open Channel [id: 0x9fd8fb9e, L:/127.0.0.1:52217 - R:localhost/127.0.0.1:52054] for GET '/session/dbf90649eefd1558b9ca6f0ee89602fd/element/d4e43cd3-5534-4bc1-8285-131702af4121/enabled'
23:24:03.448 [AsyncHttpClient-1-3] DEBUG org.asynchttpclient.netty.handler.HttpHandler - 

Request DefaultFullHttpRequest(decodeResult: success, version: HTTP/1.1, content: EmptyByteBufBE)
GET /session/dbf90649eefd1558b9ca6f0ee89602fd/element/d4e43cd3-5534-4bc1-8285-131702af4121/enabled HTTP/1.1
User-Agent: selenium/4.1.2 (java windows)
Cache-Control: no-cache
Content-Type: application/json; charset=utf-8
host: localhost:52054
accept: */*

Response DefaultHttpResponse(decodeResult: success, version: HTTP/1.1)
HTTP/1.1 200 OK
Content-Type: application/json; charset=utf-8
cache-control: no-cache
content-length: 14

23:24:03.448 [AsyncHttpClient-1-3] DEBUG org.asynchttpclient.netty.channel.ChannelManager - Adding key: http://localhost:52054 for channel [id: 0x9fd8fb9e, L:/127.0.0.1:52217 - R:localhost/127.0.0.1:52054]
23:24:03.451 [Forwarding isElementEnabled on session dbf90649eefd1558b9ca6f0ee89602fd to remote] DEBUG org.asynchttpclient.netty.request.NettyRequestSender - Using pooled Channel '[id: 0x9fd8fb9e, L:/127.0.0.1:52217 - R:localhost/127.0.0.1:52054]' for 'GET' to 'http://localhost:52054/session/dbf90649eefd1558b9ca6f0ee89602fd/element/d4e43cd3-5534-4bc1-8285-131702af4121/enabled'
23:24:03.451 [Forwarding isElementEnabled on session dbf90649eefd1558b9ca6f0ee89602fd to remote] DEBUG org.asynchttpclient.netty.request.NettyRequestSender - Using open Channel [id: 0x9fd8fb9e, L:/127.0.0.1:52217 - R:localhost/127.0.0.1:52054] for GET '/session/dbf90649eefd1558b9ca6f0ee89602fd/element/d4e43cd3-5534-4bc1-8285-131702af4121/enabled'
23:24:03.462 [AsyncHttpClient-1-3] DEBUG org.asynchttpclient.netty.handler.HttpHandler - 

Request DefaultFullHttpRequest(decodeResult: success, version: HTTP/1.1, content: EmptyByteBufBE)
GET /session/dbf90649eefd1558b9ca6f0ee89602fd/element/d4e43cd3-5534-4bc1-8285-131702af4121/enabled HTTP/1.1
User-Agent: selenium/4.1.2 (java windows)
Cache-Control: no-cache
Content-Type: application/json; charset=utf-8
host: localhost:52054
accept: */*

Response DefaultHttpResponse(decodeResult: success, version: HTTP/1.1)
HTTP/1.1 200 OK
Content-Type: application/json; charset=utf-8
cache-control: no-cache
content-length: 14

23:24:03.462 [AsyncHttpClient-1-3] DEBUG org.asynchttpclient.netty.channel.ChannelManager - Adding key: http://localhost:52054 for channel [id: 0x9fd8fb9e, L:/127.0.0.1:52217 - R:localhost/127.0.0.1:52054]
23:24:03.467 [Forwarding findElement on session dbf90649eefd1558b9ca6f0ee89602fd to remote] DEBUG org.asynchttpclient.netty.request.NettyRequestSender - Using pooled Channel '[id: 0x9fd8fb9e, L:/127.0.0.1:52217 - R:localhost/127.0.0.1:52054]' for 'POST' to 'http://localhost:52054/session/dbf90649eefd1558b9ca6f0ee89602fd/element'
23:24:03.467 [Forwarding findElement on session dbf90649eefd1558b9ca6f0ee89602fd to remote] DEBUG org.asynchttpclient.netty.request.NettyRequestSender - Using open Channel [id: 0x9fd8fb9e, L:/127.0.0.1:52217 - R:localhost/127.0.0.1:52054] for POST '/session/dbf90649eefd1558b9ca6f0ee89602fd/element'
23:24:03.479 [AsyncHttpClient-1-3] DEBUG org.asynchttpclient.netty.handler.HttpHandler - 

Request DefaultHttpRequest(decodeResult: success, version: HTTP/1.1)
POST /session/dbf90649eefd1558b9ca6f0ee89602fd/element HTTP/1.1
User-Agent: selenium/4.1.2 (java windows)
Content-Length: 155
Content-Type: application/json; charset=utf-8
host: localhost:52054
accept: */*

Response DefaultHttpResponse(decodeResult: success, version: HTTP/1.1)
HTTP/1.1 200 OK
Content-Type: application/json; charset=utf-8
cache-control: no-cache
content-length: 88

23:24:03.480 [AsyncHttpClient-1-3] DEBUG org.asynchttpclient.netty.channel.ChannelManager - Adding key: http://localhost:52054 for channel [id: 0x9fd8fb9e, L:/127.0.0.1:52217 - R:localhost/127.0.0.1:52054]
23:24:03.482 [Forwarding clickElement on session dbf90649eefd1558b9ca6f0ee89602fd to remote] DEBUG org.asynchttpclient.netty.request.NettyRequestSender - Using pooled Channel '[id: 0x9fd8fb9e, L:/127.0.0.1:52217 - R:localhost/127.0.0.1:52054]' for 'POST' to 'http://localhost:52054/session/dbf90649eefd1558b9ca6f0ee89602fd/element/d4e43cd3-5534-4bc1-8285-131702af4121/click'
23:24:03.483 [Forwarding clickElement on session dbf90649eefd1558b9ca6f0ee89602fd to remote] DEBUG org.asynchttpclient.netty.request.NettyRequestSender - Using open Channel [id: 0x9fd8fb9e, L:/127.0.0.1:52217 - R:localhost/127.0.0.1:52054] for POST '/session/dbf90649eefd1558b9ca6f0ee89602fd/element/d4e43cd3-5534-4bc1-8285-131702af4121/click'
23:24:03.573 [AsyncHttpClient-1-3] DEBUG org.asynchttpclient.netty.handler.HttpHandler - 

Request DefaultHttpRequest(decodeResult: success, version: HTTP/1.1)
POST /session/dbf90649eefd1558b9ca6f0ee89602fd/element/d4e43cd3-5534-4bc1-8285-131702af4121/click HTTP/1.1
User-Agent: selenium/4.1.2 (java windows)
Content-Length: 50
Content-Type: application/json; charset=utf-8
host: localhost:52054
accept: */*

Response DefaultHttpResponse(decodeResult: success, version: HTTP/1.1)
HTTP/1.1 200 OK
Content-Type: application/json; charset=utf-8
cache-control: no-cache
content-length: 14

23:24:03.574 [AsyncHttpClient-1-3] DEBUG org.asynchttpclient.netty.channel.ChannelManager - Adding key: http://localhost:52054 for channel [id: 0x9fd8fb9e, L:/127.0.0.1:52217 - R:localhost/127.0.0.1:52054]
23:24:03.592 [Forwarding screenshot on session dbf90649eefd1558b9ca6f0ee89602fd to remote] DEBUG org.asynchttpclient.netty.request.NettyRequestSender - Using pooled Channel '[id: 0x9fd8fb9e, L:/127.0.0.1:52217 - R:localhost/127.0.0.1:52054]' for 'GET' to 'http://localhost:52054/session/dbf90649eefd1558b9ca6f0ee89602fd/screenshot'
23:24:03.592 [Forwarding screenshot on session dbf90649eefd1558b9ca6f0ee89602fd to remote] DEBUG org.asynchttpclient.netty.request.NettyRequestSender - Using open Channel [id: 0x9fd8fb9e, L:/127.0.0.1:52217 - R:localhost/127.0.0.1:52054] for GET '/session/dbf90649eefd1558b9ca6f0ee89602fd/screenshot'
23:24:03.757 [AsyncHttpClient-1-1] DEBUG org.asynchttpclient.netty.channel.DefaultChannelPool - Entry count for : http://localhost:52218 : 1
23:24:03.941 [AsyncHttpClient-1-3] DEBUG org.asynchttpclient.netty.handler.HttpHandler - 

Request DefaultFullHttpRequest(decodeResult: success, version: HTTP/1.1, content: EmptyByteBufBE)
GET /session/dbf90649eefd1558b9ca6f0ee89602fd/screenshot HTTP/1.1
User-Agent: selenium/4.1.2 (java windows)
Cache-Control: no-cache
Content-Type: application/json; charset=utf-8
host: localhost:52054
accept: */*

Response DefaultHttpResponse(decodeResult: success, version: HTTP/1.1)
HTTP/1.1 200 OK
Content-Type: application/json; charset=utf-8
cache-control: no-cache
content-length: 49620

23:24:03.942 [AsyncHttpClient-1-3] DEBUG org.asynchttpclient.netty.channel.ChannelManager - Adding key: http://localhost:52054 for channel [id: 0x9fd8fb9e, L:/127.0.0.1:52217 - R:localhost/127.0.0.1:52054]
23:24:03.944 [main] DEBUG net.serenitybdd.core.photography.Darkroom - Send negative for processing for target\site\serenity\7d14223938254ec9aa1a307bcb79ec770ece8e2fab423ec604245db2f1dd54b6.png
23:24:03.945 [main] DEBUG net.thucydides.core.steps.StepInterceptor - STEP DONE: clickLoginButton
  &amp#27;[32mAnd &amp#27;[0m&amp#27;[32mI click a Login button&amp#27;[0m                                            &amp#27;[90m# stepdefinitions.LoginStep.iClickALoginButton()&amp#27;[0m
23:24:03.945 [Darkroom Processing Line] DEBUG net.serenitybdd.core.photography.DarkroomProcessingLine - Processing screenshot image in /var/screenshots/screenshot-9461352489618534533
23:24:03.945 [Darkroom Processing Line] DEBUG net.serenitybdd.core.photography.DarkroomProcessingLine - Saving screenshot to target\site\serenity\7d14223938254ec9aa1a307bcb79ec770ece8e2fab423ec604245db2f1dd54b6.png
23:24:03.970 [main] DEBUG net.thucydides.core.steps.StepInterceptor - STARTING STEP: LoginStep.iGotErrorMassage - gotErrorMassage
23:24:03.978 [Forwarding findElement on session dbf90649eefd1558b9ca6f0ee89602fd to remote] DEBUG org.asynchttpclient.netty.request.NettyRequestSender - Using pooled Channel '[id: 0x9fd8fb9e, L:/127.0.0.1:52217 - R:localhost/127.0.0.1:52054]' for 'POST' to 'http://localhost:52054/session/dbf90649eefd1558b9ca6f0ee89602fd/element'
23:24:03.978 [Forwarding findElement on session dbf90649eefd1558b9ca6f0ee89602fd to remote] DEBUG org.asynchttpclient.netty.request.NettyRequestSender - Using open Channel [id: 0x9fd8fb9e, L:/127.0.0.1:52217 - R:localhost/127.0.0.1:52054] for POST '/session/dbf90649eefd1558b9ca6f0ee89602fd/element'
23:24:03.983 [AsyncHttpClient-1-3] DEBUG org.asynchttpclient.netty.handler.HttpHandler - 

Request DefaultHttpRequest(decodeResult: success, version: HTTP/1.1)
POST /session/dbf90649eefd1558b9ca6f0ee89602fd/element HTTP/1.1
User-Agent: selenium/4.1.2 (java windows)
Content-Length: 53
Content-Type: application/json; charset=utf-8
host: localhost:52054
accept: */*

Response DefaultHttpResponse(decodeResult: success, version: HTTP/1.1)
HTTP/1.1 400 Bad Request
Content-Type: application/json; charset=utf-8
cache-control: no-cache
content-length: 957

23:24:03.984 [AsyncHttpClient-1-3] DEBUG org.asynchttpclient.netty.channel.ChannelManager - Adding key: http://localhost:52054 for channel [id: 0x9fd8fb9e, L:/127.0.0.1:52217 - R:localhost/127.0.0.1:52054]
23:24:03.997 [Forwarding findElement on session dbf90649eefd1558b9ca6f0ee89602fd to remote] DEBUG org.asynchttpclient.netty.request.NettyRequestSender - Using pooled Channel '[id: 0x9fd8fb9e, L:/127.0.0.1:52217 - R:localhost/127.0.0.1:52054]' for 'POST' to 'http://localhost:52054/session/dbf90649eefd1558b9ca6f0ee89602fd/element'
23:24:03.997 [Forwarding findElement on session dbf90649eefd1558b9ca6f0ee89602fd to remote] DEBUG org.asynchttpclient.netty.request.NettyRequestSender - Using open Channel [id: 0x9fd8fb9e, L:/127.0.0.1:52217 - R:localhost/127.0.0.1:52054] for POST '/session/dbf90649eefd1558b9ca6f0ee89602fd/element'
23:24:04.268 [AsyncHttpClient-1-3] DEBUG org.asynchttpclient.netty.handler.HttpHandler - 

Request DefaultHttpRequest(decodeResult: success, version: HTTP/1.1)
POST /session/dbf90649eefd1558b9ca6f0ee89602fd/element HTTP/1.1
User-Agent: selenium/4.1.2 (java windows)
Content-Length: 63
Content-Type: application/json; charset=utf-8
host: localhost:52054
accept: */*

Response DefaultHttpResponse(decodeResult: success, version: HTTP/1.1)
HTTP/1.1 200 OK
Content-Type: application/json; charset=utf-8
cache-control: no-cache
content-length: 88

23:24:04.269 [AsyncHttpClient-1-3] DEBUG org.asynchttpclient.netty.channel.ChannelManager - Adding key: http://localhost:52054 for channel [id: 0x9fd8fb9e, L:/127.0.0.1:52217 - R:localhost/127.0.0.1:52054]
23:24:04.281 [Forwarding isElementDisplayed on session dbf90649eefd1558b9ca6f0ee89602fd to remote] DEBUG org.asynchttpclient.netty.request.NettyRequestSender - Using pooled Channel '[id: 0x9fd8fb9e, L:/127.0.0.1:52217 - R:localhost/127.0.0.1:52054]' for 'POST' to 'http://localhost:52054/session/dbf90649eefd1558b9ca6f0ee89602fd/execute/sync'
23:24:04.281 [Forwarding isElementDisplayed on session dbf90649eefd1558b9ca6f0ee89602fd to remote] DEBUG org.asynchttpclient.netty.request.NettyRequestSender - Using open Channel [id: 0x9fd8fb9e, L:/127.0.0.1:52217 - R:localhost/127.0.0.1:52054] for POST '/session/dbf90649eefd1558b9ca6f0ee89602fd/execute/sync'
23:24:04.320 [AsyncHttpClient-1-3] DEBUG org.asynchttpclient.netty.handler.HttpHandler - 

Request DefaultHttpRequest(decodeResult: success, version: HTTP/1.1)
POST /session/dbf90649eefd1558b9ca6f0ee89602fd/execute/sync HTTP/1.1
User-Agent: selenium/4.1.2 (java windows)
Content-Length: 48780
Content-Type: application/json; charset=utf-8
host: localhost:52054
accept: */*

Response DefaultHttpResponse(decodeResult: success, version: HTTP/1.1)
HTTP/1.1 200 OK
Content-Type: application/json; charset=utf-8
cache-control: no-cache
content-length: 14

23:24:04.320 [AsyncHttpClient-1-3] DEBUG org.asynchttpclient.netty.channel.ChannelManager - Adding key: http://localhost:52054 for channel [id: 0x9fd8fb9e, L:/127.0.0.1:52217 - R:localhost/127.0.0.1:52054]
23:24:04.328 [Forwarding screenshot on session dbf90649eefd1558b9ca6f0ee89602fd to remote] DEBUG org.asynchttpclient.netty.request.NettyRequestSender - Using pooled Channel '[id: 0x9fd8fb9e, L:/127.0.0.1:52217 - R:localhost/127.0.0.1:52054]' for 'GET' to 'http://localhost:52054/session/dbf90649eefd1558b9ca6f0ee89602fd/screenshot'
23:24:04.328 [Forwarding screenshot on session dbf90649eefd1558b9ca6f0ee89602fd to remote] DEBUG org.asynchttpclient.netty.request.NettyRequestSender - Using open Channel [id: 0x9fd8fb9e, L:/127.0.0.1:52217 - R:localhost/127.0.0.1:52054] for GET '/session/dbf90649eefd1558b9ca6f0ee89602fd/screenshot'
23:24:04.627 [AsyncHttpClient-1-3] DEBUG org.asynchttpclient.netty.handler.HttpHandler - 

Request DefaultFullHttpRequest(decodeResult: success, version: HTTP/1.1, content: EmptyByteBufBE)
GET /session/dbf90649eefd1558b9ca6f0ee89602fd/screenshot HTTP/1.1
User-Agent: selenium/4.1.2 (java windows)
Cache-Control: no-cache
Content-Type: application/json; charset=utf-8
host: localhost:52054
accept: */*

Response DefaultHttpResponse(decodeResult: success, version: HTTP/1.1)
HTTP/1.1 200 OK
Content-Type: application/json; charset=utf-8
cache-control: no-cache
content-length: 59836

23:24:04.628 [AsyncHttpClient-1-3] DEBUG org.asynchttpclient.netty.channel.ChannelManager - Adding key: http://localhost:52054 for channel [id: 0x9fd8fb9e, L:/127.0.0.1:52217 - R:localhost/127.0.0.1:52054]
23:24:04.631 [main] DEBUG net.serenitybdd.core.photography.Darkroom - Send negative for processing for target\site\serenity\2d9da8dfc79299efaa42b948d34b6a2a58407726f79af228dc996bdf54ed4f85.png
23:24:04.631 [main] DEBUG net.thucydides.core.steps.StepInterceptor - STEP DONE: gotErrorMassage
  &amp#27;[32mThen &amp#27;[0m&amp#27;[32mI got error massage &amp#27;[0m&amp#27;[32m&amp#27;[1m"record not found"&amp#27;[0m                           &amp#27;[90m# stepdefinitions.LoginStep.iGotErrorMassage(java.lang.String)&amp#27;[0m
23:24:04.632 [Darkroom Processing Line] DEBUG net.serenitybdd.core.photography.DarkroomProcessingLine - Processing screenshot image in /var/screenshots/screenshot-13865529327877122686
23:24:04.632 [Darkroom Processing Line] DEBUG net.serenitybdd.core.photography.DarkroomProcessingLine - Saving screenshot to target\site\serenity\2d9da8dfc79299efaa42b948d34b6a2a58407726f79af228dc996bdf54ed4f85.png
23:24:04.642 [main] INFO  - 
  _____   ___   ___   _____     ___     _     ___   ___   ___   ___  
 |_   _| | __| / __| |_   _|   | _ \   /_\   / __| / __| | __| |   \ 
   | |   | _|  \__ \   | |     |  _/  / _ \  \__ \ \__ \ | _|  | |) |
   |_|   |___| |___/   |_|     |_|   /_/ \_\ |___/ |___/ |___| |___/ 

As a user, i have not able to login because password is wrong
----------------------------------------------------------------------
23:24:04.644 [AsyncHttpClient-1-5] DEBUG org.asynchttpclient.netty.handler.WebSocketHandler - Channel Closed: [id: 0xff227bef, L:/127.0.0.1:52226 ! R:localhost/127.0.0.1:52218] with attribute NettyResponseFuture{currentRetry=5,
	isDone=1,
	isCancelled=0,
	asyncHandler=org.asynchttpclient.ws.WebSocketUpgradeHandler@1d3a9b8b,
	nettyRequest=org.asynchttpclient.netty.request.NettyRequest@ec3f718,
	future=java.util.concurrent.CompletableFuture@6616ee07[Completed normally],
	uri=ws://localhost:52218/devtools/browser/c7adde7d-28a3-4421-9bf3-db119b7a270a,
	keepAlive=true,
	redirectCount=0,
	timeoutsHolder=null,
	inAuth=0,
	touch=1652631840130}
23:24:04.644 [AsyncHttpClient-1-5] DEBUG org.asynchttpclient.netty.channel.ChannelManager - Closing Channel [id: 0xff227bef, L:/127.0.0.1:52226 ! R:localhost/127.0.0.1:52218] 
23:24:04.644 [Driver Command Executor] DEBUG org.asynchttpclient.netty.request.NettyRequestSender - Using pooled Channel '[id: 0x9fd8fb9e, L:/127.0.0.1:52217 - R:localhost/127.0.0.1:52054]' for 'DELETE' to 'http://localhost:52054/session/dbf90649eefd1558b9ca6f0ee89602fd'
23:24:04.645 [Driver Command Executor] DEBUG org.asynchttpclient.netty.request.NettyRequestSender - Using open Channel [id: 0x9fd8fb9e, L:/127.0.0.1:52217 - R:localhost/127.0.0.1:52054] for DELETE '/session/dbf90649eefd1558b9ca6f0ee89602fd'
23:24:04.767 [AsyncHttpClient-1-4] DEBUG org.asynchttpclient.netty.handler.HttpHandler - Unexpected I/O exception on channel [id: 0x504fbf51, L:/127.0.0.1:52225 - R:localhost/127.0.0.1:52218]
java.io.IOException: An existing connection was forcibly closed by the remote host
	at java.base/sun.nio.ch.SocketDispatcher.read0(Native Method)
	at java.base/sun.nio.ch.SocketDispatcher.read(SocketDispatcher.java:43)
	at java.base/sun.nio.ch.IOUtil.readIntoNativeBuffer(IOUtil.java:276)
	at java.base/sun.nio.ch.IOUtil.read(IOUtil.java:233)
	at java.base/sun.nio.ch.IOUtil.read(IOUtil.java:223)
	at java.base/sun.nio.ch.SocketChannelImpl.read(SocketChannelImpl.java:358)
	at io.netty.buffer.PooledByteBuf.setBytes(PooledByteBuf.java:258)
	at io.netty.buffer.AbstractByteBuf.writeBytes(AbstractByteBuf.java:1132)
	at io.netty.channel.socket.nio.NioSocketChannel.doReadBytes(NioSocketChannel.java:350)
	at io.netty.channel.nio.AbstractNioByteChannel$NioByteUnsafe.read(AbstractNioByteChannel.java:151)
	at io.netty.channel.nio.NioEventLoop.processSelectedKey(NioEventLoop.java:722)
	at io.netty.channel.nio.NioEventLoop.processSelectedKeysOptimized(NioEventLoop.java:658)
	at io.netty.channel.nio.NioEventLoop.processSelectedKeys(NioEventLoop.java:584)
	at io.netty.channel.nio.NioEventLoop.run(NioEventLoop.java:496)
	at io.netty.util.concurrent.SingleThreadEventExecutor$4.run(SingleThreadEventExecutor.java:986)
	at io.netty.util.internal.ThreadExecutorMap$2.run(ThreadExecutorMap.java:74)
	at io.netty.util.concurrent.FastThreadLocalRunnable.run(FastThreadLocalRunnable.java:30)
	at java.base/java.lang.Thread.run(Thread.java:834)
23:24:04.767 [AsyncHttpClient-1-4] DEBUG org.asynchttpclient.netty.channel.ChannelManager - Closing Channel [id: 0x504fbf51, L:/127.0.0.1:52225 - R:localhost/127.0.0.1:52218] 
23:24:04.768 [AsyncHttpClient-1-4] DEBUG org.asynchttpclient.netty.handler.HttpHandler - Channel Closed: [id: 0x504fbf51, L:/127.0.0.1:52225 ! R:localhost/127.0.0.1:52218] with attribute DISCARD
23:24:04.791 [AsyncHttpClient-1-3] DEBUG org.asynchttpclient.netty.handler.HttpHandler - 

Request DefaultFullHttpRequest(decodeResult: success, version: HTTP/1.1, content: EmptyByteBufBE)
DELETE /session/dbf90649eefd1558b9ca6f0ee89602fd HTTP/1.1
User-Agent: selenium/4.1.2 (java windows)
Content-Type: application/json; charset=utf-8
host: localhost:52054
accept: */*

Response DefaultHttpResponse(decodeResult: success, version: HTTP/1.1)
HTTP/1.1 200 OK
Content-Type: application/json; charset=utf-8
cache-control: no-cache
content-length: 14

23:24:04.791 [AsyncHttpClient-1-3] DEBUG org.asynchttpclient.netty.channel.ChannelManager - Adding key: http://localhost:52054 for channel [id: 0x9fd8fb9e, L:/127.0.0.1:52217 - R:localhost/127.0.0.1:52054]
23:24:04.861 [AsyncHttpClient-1-1] DEBUG org.asynchttpclient.netty.channel.DefaultChannelPool - Entry count for : http://localhost:52218 : 1
23:24:04.861 [AsyncHttpClient-1-1] DEBUG org.asynchttpclient.netty.channel.DefaultChannelPool - Entry count for : http://localhost:52054 : 1
23:24:04.861 [AsyncHttpClient-1-1] DEBUG org.asynchttpclient.netty.channel.DefaultChannelPool - Adding Candidate expired Channel [id: 0x504fbf51, L:/127.0.0.1:52225 ! R:localhost/127.0.0.1:52218] isIdleTimeoutExpired=false isRemotelyClosed=true isTtlExpired=false
23:24:04.861 [AsyncHttpClient-1-1] DEBUG org.asynchttpclient.netty.channel.DefaultChannelPool - Closing Idle Channel [id: 0x504fbf51, L:/127.0.0.1:52225 ! R:localhost/127.0.0.1:52218]
23:24:04.861 [AsyncHttpClient-1-1] DEBUG org.asynchttpclient.netty.channel.DefaultChannelPool - Closed 1 connections out of 2 in 0 ms
23:24:05.025 [AsyncHttpClient-1-3] DEBUG org.asynchttpclient.netty.handler.HttpHandler - Channel Closed: [id: 0x9fd8fb9e, L:/127.0.0.1:52217 ! R:localhost/127.0.0.1:52054] with attribute DISCARD
]]></system-out>
    <system-err><![CDATA[Starting ChromeDriver 101.0.4951.41 (93c720db8323b3ec10d056025ab95c23a31997c9-refs/branch-heads/4951@{#904}) on port 52054
Only local connections are allowed.
Please see https://chromedriver.chromium.org/security-considerations for suggestions on keeping ChromeDriver safe.
ChromeDriver was started successfully.
May 15, 2022 11:24:00 PM org.openqa.selenium.remote.ProtocolHandshake createSession
INFO: Detected dialect: W3C
May 15, 2022 11:24:00 PM org.openqa.selenium.devtools.CdpVersionFinder findNearestMatch
WARNING: Unable to find an exact match for CDP version 101, so returning the closest version found: 97
May 15, 2022 11:24:00 PM org.openqa.selenium.devtools.CdpVersionFinder findNearestMatch
INFO: Found CDP implementation for version 101 of 97
]]></system-err>
  </testcase>
  <testcase name="As a user, i have not able to login because email is wrong" classname="Login" time="7.23">
    <system-out><![CDATA[
Scenario: As a user, i have not able to login because email is wrong &amp#27;[90m# src/test/resources/features/Login.feature:17&amp#27;[0m
23:24:05.566 [main] INFO io.cucumber.core.plugin.SerenityReporter - Running feature from file:///D:/Mini%20Project-QE%20Alta/Web%20Automation/FrontEnd-AltaShop/src/test/resources/features/Login.feature
23:24:05.572 [main] INFO  - 
  _____   ___   ___   _____     ___   _____     _     ___   _____   ___   ___  
 |_   _| | __| / __| |_   _|   / __| |_   _|   /_\   | _ \ |_   _| | __| |   \ 
   | |   | _|  \__ \   | |     \__ \   | |    / _ \  |   /   | |   | _|  | |) |
   |_|   |___| |___/   |_|     |___/   |_|   /_/ \_\ |_|_\   |_|   |___| |___/ 

As a user, i have not able to login because email is wrong(login;as-a-user--i-have-not-able-to-login-because-email-is-wrong)
--------------------------------------------------------------------------------
23:24:05.609 [main] DEBUG net.thucydides.core.steps.StepInterceptor - STARTING STEP: LoginStep.iOnLoginPage - onLoginPage
23:24:05.611 [main] INFO net.serenitybdd.core.webdriver.driverproviders.ChromeDriverProvider - Using automatically driver download
23:24:05.788 [main] DEBUG io.github.bonigarcia.wdm.cache.ResolutionCache - Resolution chrome=101 in cache (valid until 00:21:44 16/05/2022 ICT)
23:24:05.795 [main] DEBUG io.github.bonigarcia.wdm.cache.ResolutionCache - Resolution chrome101=101.0.4951.41 in cache (valid until 22:21:42 16/05/2022 ICT)
23:24:05.798 [main] INFO io.github.bonigarcia.wdm.WebDriverManager - Using chromedriver 101.0.4951.41 (resolved driver for Chrome 101)
23:24:05.825 [main] DEBUG io.github.bonigarcia.wdm.WebDriverManager - Driver chromedriver 101.0.4951.41 found in cache
23:24:05.826 [main] INFO io.github.bonigarcia.wdm.WebDriverManager - Exporting webdriver.chrome.driver as C:\Users\Siti Nurlatipah\.cache\selenium\chromedriver\win32\101.0.4951.41\chromedriver.exe
23:24:05.958 [AsyncHttpClient-1-1] DEBUG org.asynchttpclient.netty.channel.DefaultChannelPool - Entry count for : http://localhost:52054 : 1
23:24:05.958 [AsyncHttpClient-1-1] DEBUG org.asynchttpclient.netty.channel.DefaultChannelPool - Adding Candidate expired Channel [id: 0x9fd8fb9e, L:/127.0.0.1:52217 ! R:localhost/127.0.0.1:52054] isIdleTimeoutExpired=false isRemotelyClosed=true isTtlExpired=false
23:24:05.958 [AsyncHttpClient-1-1] DEBUG org.asynchttpclient.netty.channel.DefaultChannelPool - Closing Idle Channel [id: 0x9fd8fb9e, L:/127.0.0.1:52217 ! R:localhost/127.0.0.1:52054]
23:24:05.958 [AsyncHttpClient-1-1] DEBUG org.asynchttpclient.netty.channel.DefaultChannelPool - Closed 1 connections out of 1 in 0 ms
23:24:05.979 [main] DEBUG net.serenitybdd.core.webdriver.driverproviders.ProvideNewDriver - Instantiating driver
23:24:05.979 [main] DEBUG net.serenitybdd.core.webdriver.driverproviders.ProvideNewDriver - Driver capabilities: Capabilities {acceptInsecureCerts: false, base.url: https://qa.alta.id, browserName: chrome, chrome.driver: src/test/resources/webdrive..., driver: chrome, goog:chromeOptions: {args: [], extensions: []}}
23:24:06.536 [AsyncHttpClient-1-6] DEBUG org.asynchttpclient.netty.channel.NettyConnectListener - Using new Channel '[id: 0x2bee30c0, L:/127.0.0.1:52246 - R:localhost/127.0.0.1:54751]' for 'POST' to '/session'
23:24:08.051 [AsyncHttpClient-1-6] DEBUG org.asynchttpclient.netty.handler.HttpHandler - 

Request DefaultHttpRequest(decodeResult: success, version: HTTP/1.1)
POST /session HTTP/1.1
User-Agent: selenium/4.1.2 (java windows)
Content-Length: 595
Content-Type: application/json; charset=utf-8
host: localhost:54751
accept: */*

Response DefaultHttpResponse(decodeResult: success, version: HTTP/1.1)
HTTP/1.1 200 OK
Content-Type: application/json; charset=utf-8
cache-control: no-cache
content-length: 792

23:24:08.051 [AsyncHttpClient-1-6] DEBUG org.asynchttpclient.netty.channel.ChannelManager - Adding key: http://localhost:54751 for channel [id: 0x2bee30c0, L:/127.0.0.1:52246 - R:localhost/127.0.0.1:54751]
23:24:08.071 [AsyncHttpClient-1-7] DEBUG org.asynchttpclient.netty.channel.NettyConnectListener - Using new Channel '[id: 0x6a0d96f2, L:/127.0.0.1:52254 - R:localhost/127.0.0.1:52247]' for 'GET' to '/json/version'
23:24:08.077 [AsyncHttpClient-1-7] DEBUG org.asynchttpclient.netty.handler.HttpHandler - 

Request DefaultFullHttpRequest(decodeResult: success, version: HTTP/1.1, content: EmptyByteBufBE)
GET /json/version HTTP/1.1
User-Agent: selenium/4.1.2 (java windows)
host: localhost:52247
accept: */*

Response DefaultHttpResponse(decodeResult: success, version: HTTP/1.1)
HTTP/1.1 200 OK
Content-Type: application/json; charset=UTF-8
content-length: 427

23:24:08.077 [AsyncHttpClient-1-7] DEBUG org.asynchttpclient.netty.channel.ChannelManager - Adding key: http://localhost:52247 for channel [id: 0x6a0d96f2, L:/127.0.0.1:52254 - R:localhost/127.0.0.1:52247]
23:24:08.084 [AsyncHttpClient-1-8] DEBUG org.asynchttpclient.netty.channel.NettyConnectListener - Using new Channel '[id: 0xf22e8ef4, L:/127.0.0.1:52255 - R:localhost/127.0.0.1:52247]' for 'GET' to '/devtools/browser/a73d70ef-7b8a-4060-93ee-478a49694809'
23:24:08.086 [AsyncHttpClient-1-8] DEBUG org.asynchttpclient.netty.handler.WebSocketHandler - 

Request DefaultFullHttpRequest(decodeResult: success, version: HTTP/1.1, content: EmptyByteBufBE)
GET /devtools/browser/a73d70ef-7b8a-4060-93ee-478a49694809 HTTP/1.1
upgrade: websocket
connection: upgrade
sec-websocket-key: ZdHEb3oPYQCvd+BpeNFeMw==
sec-websocket-version: 13
origin: http://localhost:52247
host: localhost:52247
accept: */*
user-agent: AHC/2.1

Response DefaultHttpResponse(decodeResult: success, version: HTTP/1.1)
HTTP/1.1 101 WebSocket Protocol Handshake
Upgrade: WebSocket
Connection: Upgrade
Sec-WebSocket-Accept: lFkRR2SXVaAJdlg/GBY/eOAo1b0=

23:24:08.101 [Forwarding get on session 420486361448f5d4d7ab0b8b6ed5f67a to remote] DEBUG org.asynchttpclient.netty.request.NettyRequestSender - Using pooled Channel '[id: 0x2bee30c0, L:/127.0.0.1:52246 - R:localhost/127.0.0.1:54751]' for 'POST' to 'http://localhost:54751/session/420486361448f5d4d7ab0b8b6ed5f67a/url'
23:24:08.101 [Forwarding get on session 420486361448f5d4d7ab0b8b6ed5f67a to remote] DEBUG org.asynchttpclient.netty.request.NettyRequestSender - Using open Channel [id: 0x2bee30c0, L:/127.0.0.1:52246 - R:localhost/127.0.0.1:54751] for POST '/session/420486361448f5d4d7ab0b8b6ed5f67a/url'
23:24:08.157 [AsyncHttpClient-1-1] DEBUG org.asynchttpclient.netty.channel.DefaultChannelPool - Entry count for : http://localhost:52247 : 1
23:24:09.258 [AsyncHttpClient-1-1] DEBUG org.asynchttpclient.netty.channel.DefaultChannelPool - Entry count for : http://localhost:52247 : 1
23:24:09.666 [AsyncHttpClient-1-6] DEBUG org.asynchttpclient.netty.handler.HttpHandler - 

Request DefaultHttpRequest(decodeResult: success, version: HTTP/1.1)
POST /session/420486361448f5d4d7ab0b8b6ed5f67a/url HTTP/1.1
User-Agent: selenium/4.1.2 (java windows)
Content-Length: 64
Content-Type: application/json; charset=utf-8
host: localhost:54751
accept: */*

Response DefaultHttpResponse(decodeResult: success, version: HTTP/1.1)
HTTP/1.1 200 OK
Content-Type: application/json; charset=utf-8
cache-control: no-cache
content-length: 14

23:24:09.666 [AsyncHttpClient-1-6] DEBUG org.asynchttpclient.netty.channel.ChannelManager - Adding key: http://localhost:54751 for channel [id: 0x2bee30c0, L:/127.0.0.1:52246 - R:localhost/127.0.0.1:54751]
23:24:09.668 [Forwarding setTimeout on session 420486361448f5d4d7ab0b8b6ed5f67a to remote] DEBUG org.asynchttpclient.netty.request.NettyRequestSender - Using pooled Channel '[id: 0x2bee30c0, L:/127.0.0.1:52246 - R:localhost/127.0.0.1:54751]' for 'POST' to 'http://localhost:54751/session/420486361448f5d4d7ab0b8b6ed5f67a/timeouts'
23:24:09.668 [Forwarding setTimeout on session 420486361448f5d4d7ab0b8b6ed5f67a to remote] DEBUG org.asynchttpclient.netty.request.NettyRequestSender - Using open Channel [id: 0x2bee30c0, L:/127.0.0.1:52246 - R:localhost/127.0.0.1:54751] for POST '/session/420486361448f5d4d7ab0b8b6ed5f67a/timeouts'
23:24:09.670 [AsyncHttpClient-1-6] DEBUG org.asynchttpclient.netty.handler.HttpHandler - 

Request DefaultHttpRequest(decodeResult: success, version: HTTP/1.1)
POST /session/420486361448f5d4d7ab0b8b6ed5f67a/timeouts HTTP/1.1
User-Agent: selenium/4.1.2 (java windows)
Content-Length: 22
Content-Type: application/json; charset=utf-8
host: localhost:54751
accept: */*

Response DefaultHttpResponse(decodeResult: success, version: HTTP/1.1)
HTTP/1.1 200 OK
Content-Type: application/json; charset=utf-8
cache-control: no-cache
content-length: 14

23:24:09.671 [AsyncHttpClient-1-6] DEBUG org.asynchttpclient.netty.channel.ChannelManager - Adding key: http://localhost:54751 for channel [id: 0x2bee30c0, L:/127.0.0.1:52246 - R:localhost/127.0.0.1:54751]
23:24:09.680 [Forwarding getCurrentUrl on session 420486361448f5d4d7ab0b8b6ed5f67a to remote] DEBUG org.asynchttpclient.netty.request.NettyRequestSender - Using pooled Channel '[id: 0x2bee30c0, L:/127.0.0.1:52246 - R:localhost/127.0.0.1:54751]' for 'GET' to 'http://localhost:54751/session/420486361448f5d4d7ab0b8b6ed5f67a/url'
23:24:09.681 [Forwarding getCurrentUrl on session 420486361448f5d4d7ab0b8b6ed5f67a to remote] DEBUG org.asynchttpclient.netty.request.NettyRequestSender - Using open Channel [id: 0x2bee30c0, L:/127.0.0.1:52246 - R:localhost/127.0.0.1:54751] for GET '/session/420486361448f5d4d7ab0b8b6ed5f67a/url'
23:24:09.692 [AsyncHttpClient-1-6] DEBUG org.asynchttpclient.netty.handler.HttpHandler - 

Request DefaultFullHttpRequest(decodeResult: success, version: HTTP/1.1, content: EmptyByteBufBE)
GET /session/420486361448f5d4d7ab0b8b6ed5f67a/url HTTP/1.1
User-Agent: selenium/4.1.2 (java windows)
Cache-Control: no-cache
Content-Type: application/json; charset=utf-8
host: localhost:54751
accept: */*

Response DefaultHttpResponse(decodeResult: success, version: HTTP/1.1)
HTTP/1.1 200 OK
Content-Type: application/json; charset=utf-8
cache-control: no-cache
content-length: 41

23:24:09.692 [AsyncHttpClient-1-6] DEBUG org.asynchttpclient.netty.channel.ChannelManager - Adding key: http://localhost:54751 for channel [id: 0x2bee30c0, L:/127.0.0.1:52246 - R:localhost/127.0.0.1:54751]
23:24:09.701 [Forwarding screenshot on session 420486361448f5d4d7ab0b8b6ed5f67a to remote] DEBUG org.asynchttpclient.netty.request.NettyRequestSender - Using pooled Channel '[id: 0x2bee30c0, L:/127.0.0.1:52246 - R:localhost/127.0.0.1:54751]' for 'GET' to 'http://localhost:54751/session/420486361448f5d4d7ab0b8b6ed5f67a/screenshot'
23:24:09.701 [Forwarding screenshot on session 420486361448f5d4d7ab0b8b6ed5f67a to remote] DEBUG org.asynchttpclient.netty.request.NettyRequestSender - Using open Channel [id: 0x2bee30c0, L:/127.0.0.1:52246 - R:localhost/127.0.0.1:54751] for GET '/session/420486361448f5d4d7ab0b8b6ed5f67a/screenshot'
23:24:09.915 [AsyncHttpClient-1-6] DEBUG org.asynchttpclient.netty.handler.HttpHandler - 

Request DefaultFullHttpRequest(decodeResult: success, version: HTTP/1.1, content: EmptyByteBufBE)
GET /session/420486361448f5d4d7ab0b8b6ed5f67a/screenshot HTTP/1.1
User-Agent: selenium/4.1.2 (java windows)
Cache-Control: no-cache
Content-Type: application/json; charset=utf-8
host: localhost:54751
accept: */*

Response DefaultHttpResponse(decodeResult: success, version: HTTP/1.1)
HTTP/1.1 200 OK
Content-Type: application/json; charset=utf-8
cache-control: no-cache
content-length: 37804

23:24:09.916 [AsyncHttpClient-1-6] DEBUG org.asynchttpclient.netty.channel.ChannelManager - Adding key: http://localhost:54751 for channel [id: 0x2bee30c0, L:/127.0.0.1:52246 - R:localhost/127.0.0.1:54751]
23:24:09.919 [main] DEBUG net.serenitybdd.core.photography.Darkroom - Send negative for processing for target\site\serenity\aef0e5914dc3e205d587e4dd044394fa48b3466ef033e71e0aa4e3ca907ede95.png
23:24:09.920 [main] DEBUG net.thucydides.core.steps.StepInterceptor - STEP DONE: onLoginPage
  &amp#27;[32mGiven &amp#27;[0m&amp#27;[32m&amp#27;[0m&amp#27;[32m&amp#27;[1mI&amp#27;[0m&amp#27;[32m on login page&amp#27;[0m                                              &amp#27;[90m# stepdefinitions.LoginStep.iOnLoginPage(java.lang.String)&amp#27;[0m
23:24:09.939 [main] DEBUG net.thucydides.core.steps.StepInterceptor - STARTING STEP: LoginStep.iTypeUnvalidEmail - typeMyEmail
23:24:09.941 [Forwarding findElement on session 420486361448f5d4d7ab0b8b6ed5f67a to remote] DEBUG org.asynchttpclient.netty.request.NettyRequestSender - Using pooled Channel '[id: 0x2bee30c0, L:/127.0.0.1:52246 - R:localhost/127.0.0.1:54751]' for 'POST' to 'http://localhost:54751/session/420486361448f5d4d7ab0b8b6ed5f67a/element'
23:24:09.942 [Forwarding findElement on session 420486361448f5d4d7ab0b8b6ed5f67a to remote] DEBUG org.asynchttpclient.netty.request.NettyRequestSender - Using open Channel [id: 0x2bee30c0, L:/127.0.0.1:52246 - R:localhost/127.0.0.1:54751] for POST '/session/420486361448f5d4d7ab0b8b6ed5f67a/element'
23:24:09.957 [AsyncHttpClient-1-6] DEBUG org.asynchttpclient.netty.handler.HttpHandler - 

Request DefaultHttpRequest(decodeResult: success, version: HTTP/1.1)
POST /session/420486361448f5d4d7ab0b8b6ed5f67a/element HTTP/1.1
User-Agent: selenium/4.1.2 (java windows)
Content-Length: 84
Content-Type: application/json; charset=utf-8
host: localhost:54751
accept: */*

Response DefaultHttpResponse(decodeResult: success, version: HTTP/1.1)
HTTP/1.1 200 OK
Content-Type: application/json; charset=utf-8
cache-control: no-cache
content-length: 88

23:24:09.958 [AsyncHttpClient-1-6] DEBUG org.asynchttpclient.netty.channel.ChannelManager - Adding key: http://localhost:54751 for channel [id: 0x2bee30c0, L:/127.0.0.1:52246 - R:localhost/127.0.0.1:54751]
23:24:09.960 [Forwarding sendKeysToElement on session 420486361448f5d4d7ab0b8b6ed5f67a to remote] DEBUG org.asynchttpclient.netty.request.NettyRequestSender - Using pooled Channel '[id: 0x2bee30c0, L:/127.0.0.1:52246 - R:localhost/127.0.0.1:54751]' for 'POST' to 'http://localhost:54751/session/420486361448f5d4d7ab0b8b6ed5f67a/element/88f662f0-7eba-48a4-9913-8491458a5c31/value'
23:24:09.960 [Forwarding sendKeysToElement on session 420486361448f5d4d7ab0b8b6ed5f67a to remote] DEBUG org.asynchttpclient.netty.request.NettyRequestSender - Using open Channel [id: 0x2bee30c0, L:/127.0.0.1:52246 - R:localhost/127.0.0.1:54751] for POST '/session/420486361448f5d4d7ab0b8b6ed5f67a/element/88f662f0-7eba-48a4-9913-8491458a5c31/value'
23:24:10.186 [AsyncHttpClient-1-6] DEBUG org.asynchttpclient.netty.handler.HttpHandler - 

Request DefaultHttpRequest(decodeResult: success, version: HTTP/1.1)
POST /session/420486361448f5d4d7ab0b8b6ed5f67a/element/88f662f0-7eba-48a4-9913-8491458a5c31/value HTTP/1.1
User-Agent: selenium/4.1.2 (java windows)
Content-Length: 241
Content-Type: application/json; charset=utf-8
host: localhost:54751
accept: */*

Response DefaultHttpResponse(decodeResult: success, version: HTTP/1.1)
HTTP/1.1 200 OK
Content-Type: application/json; charset=utf-8
cache-control: no-cache
content-length: 14

23:24:10.186 [AsyncHttpClient-1-6] DEBUG org.asynchttpclient.netty.channel.ChannelManager - Adding key: http://localhost:54751 for channel [id: 0x2bee30c0, L:/127.0.0.1:52246 - R:localhost/127.0.0.1:54751]
23:24:10.197 [Forwarding screenshot on session 420486361448f5d4d7ab0b8b6ed5f67a to remote] DEBUG org.asynchttpclient.netty.request.NettyRequestSender - Using pooled Channel '[id: 0x2bee30c0, L:/127.0.0.1:52246 - R:localhost/127.0.0.1:54751]' for 'GET' to 'http://localhost:54751/session/420486361448f5d4d7ab0b8b6ed5f67a/screenshot'
23:24:10.197 [Forwarding screenshot on session 420486361448f5d4d7ab0b8b6ed5f67a to remote] DEBUG org.asynchttpclient.netty.request.NettyRequestSender - Using open Channel [id: 0x2bee30c0, L:/127.0.0.1:52246 - R:localhost/127.0.0.1:54751] for GET '/session/420486361448f5d4d7ab0b8b6ed5f67a/screenshot'
23:24:10.360 [AsyncHttpClient-1-1] DEBUG org.asynchttpclient.netty.channel.DefaultChannelPool - Entry count for : http://localhost:52247 : 1
23:24:10.454 [AsyncHttpClient-1-6] DEBUG org.asynchttpclient.netty.handler.HttpHandler - 

Request DefaultFullHttpRequest(decodeResult: success, version: HTTP/1.1, content: EmptyByteBufBE)
GET /session/420486361448f5d4d7ab0b8b6ed5f67a/screenshot HTTP/1.1
User-Agent: selenium/4.1.2 (java windows)
Cache-Control: no-cache
Content-Type: application/json; charset=utf-8
host: localhost:54751
accept: */*

Response DefaultHttpResponse(decodeResult: success, version: HTTP/1.1)
HTTP/1.1 200 OK
Content-Type: application/json; charset=utf-8
cache-control: no-cache
content-length: 45792

23:24:10.455 [AsyncHttpClient-1-6] DEBUG org.asynchttpclient.netty.channel.ChannelManager - Adding key: http://localhost:54751 for channel [id: 0x2bee30c0, L:/127.0.0.1:52246 - R:localhost/127.0.0.1:54751]
23:24:10.459 [main] DEBUG net.serenitybdd.core.photography.Darkroom - Send negative for processing for target\site\serenity\9be5acd2aacf59182c7f2e62adeb2c2679498cae7633f8cc9dde9e158534daa3.png
23:24:10.460 [main] DEBUG net.thucydides.core.steps.StepInterceptor - STEP DONE: typeMyEmail
  &amp#27;[32mWhen &amp#27;[0m&amp#27;[32mI type unvalid email &amp#27;[0m&amp#27;[32m&amp#27;[1maisyah@gmail.com&amp#27;[0m                         &amp#27;[90m# stepdefinitions.LoginStep.iTypeUnvalidEmail(java.lang.String)&amp#27;[0m
23:24:10.460 [Darkroom Processing Line] DEBUG net.serenitybdd.core.photography.DarkroomProcessingLine - Processing screenshot image in /var/screenshots/screenshot-14542078453402821143
23:24:10.460 [Darkroom Processing Line] DEBUG net.serenitybdd.core.photography.DarkroomProcessingLine - Saving screenshot to target\site\serenity\9be5acd2aacf59182c7f2e62adeb2c2679498cae7633f8cc9dde9e158534daa3.png
23:24:10.481 [main] DEBUG net.thucydides.core.steps.StepInterceptor - STARTING STEP: LoginStep.iTypeValidPassword - typeMyPassword
23:24:10.484 [Forwarding findElement on session 420486361448f5d4d7ab0b8b6ed5f67a to remote] DEBUG org.asynchttpclient.netty.request.NettyRequestSender - Using pooled Channel '[id: 0x2bee30c0, L:/127.0.0.1:52246 - R:localhost/127.0.0.1:54751]' for 'POST' to 'http://localhost:54751/session/420486361448f5d4d7ab0b8b6ed5f67a/element'
23:24:10.484 [Forwarding findElement on session 420486361448f5d4d7ab0b8b6ed5f67a to remote] DEBUG org.asynchttpclient.netty.request.NettyRequestSender - Using open Channel [id: 0x2bee30c0, L:/127.0.0.1:52246 - R:localhost/127.0.0.1:54751] for POST '/session/420486361448f5d4d7ab0b8b6ed5f67a/element'
23:24:10.502 [AsyncHttpClient-1-6] DEBUG org.asynchttpclient.netty.handler.HttpHandler - 

Request DefaultHttpRequest(decodeResult: success, version: HTTP/1.1)
POST /session/420486361448f5d4d7ab0b8b6ed5f67a/element HTTP/1.1
User-Agent: selenium/4.1.2 (java windows)
Content-Length: 87
Content-Type: application/json; charset=utf-8
host: localhost:54751
accept: */*

Response DefaultHttpResponse(decodeResult: success, version: HTTP/1.1)
HTTP/1.1 200 OK
Content-Type: application/json; charset=utf-8
cache-control: no-cache
content-length: 88

23:24:10.502 [AsyncHttpClient-1-6] DEBUG org.asynchttpclient.netty.channel.ChannelManager - Adding key: http://localhost:54751 for channel [id: 0x2bee30c0, L:/127.0.0.1:52246 - R:localhost/127.0.0.1:54751]
23:24:10.508 [Forwarding sendKeysToElement on session 420486361448f5d4d7ab0b8b6ed5f67a to remote] DEBUG org.asynchttpclient.netty.request.NettyRequestSender - Using pooled Channel '[id: 0x2bee30c0, L:/127.0.0.1:52246 - R:localhost/127.0.0.1:54751]' for 'POST' to 'http://localhost:54751/session/420486361448f5d4d7ab0b8b6ed5f67a/element/2b81fe22-febb-4612-a952-046d2c1fa346/value'
23:24:10.509 [Forwarding sendKeysToElement on session 420486361448f5d4d7ab0b8b6ed5f67a to remote] DEBUG org.asynchttpclient.netty.request.NettyRequestSender - Using open Channel [id: 0x2bee30c0, L:/127.0.0.1:52246 - R:localhost/127.0.0.1:54751] for POST '/session/420486361448f5d4d7ab0b8b6ed5f67a/element/2b81fe22-febb-4612-a952-046d2c1fa346/value'
23:24:10.635 [AsyncHttpClient-1-6] DEBUG org.asynchttpclient.netty.handler.HttpHandler - 

Request DefaultHttpRequest(decodeResult: success, version: HTTP/1.1)
POST /session/420486361448f5d4d7ab0b8b6ed5f67a/element/2b81fe22-febb-4612-a952-046d2c1fa346/value HTTP/1.1
User-Agent: selenium/4.1.2 (java windows)
Content-Length: 131
Content-Type: application/json; charset=utf-8
host: localhost:54751
accept: */*

Response DefaultHttpResponse(decodeResult: success, version: HTTP/1.1)
HTTP/1.1 200 OK
Content-Type: application/json; charset=utf-8
cache-control: no-cache
content-length: 14

23:24:10.635 [AsyncHttpClient-1-6] DEBUG org.asynchttpclient.netty.channel.ChannelManager - Adding key: http://localhost:54751 for channel [id: 0x2bee30c0, L:/127.0.0.1:52246 - R:localhost/127.0.0.1:54751]
23:24:10.646 [Forwarding screenshot on session 420486361448f5d4d7ab0b8b6ed5f67a to remote] DEBUG org.asynchttpclient.netty.request.NettyRequestSender - Using pooled Channel '[id: 0x2bee30c0, L:/127.0.0.1:52246 - R:localhost/127.0.0.1:54751]' for 'GET' to 'http://localhost:54751/session/420486361448f5d4d7ab0b8b6ed5f67a/screenshot'
23:24:10.646 [Forwarding screenshot on session 420486361448f5d4d7ab0b8b6ed5f67a to remote] DEBUG org.asynchttpclient.netty.request.NettyRequestSender - Using open Channel [id: 0x2bee30c0, L:/127.0.0.1:52246 - R:localhost/127.0.0.1:54751] for GET '/session/420486361448f5d4d7ab0b8b6ed5f67a/screenshot'
23:24:10.865 [AsyncHttpClient-1-6] DEBUG org.asynchttpclient.netty.handler.HttpHandler - 

Request DefaultFullHttpRequest(decodeResult: success, version: HTTP/1.1, content: EmptyByteBufBE)
GET /session/420486361448f5d4d7ab0b8b6ed5f67a/screenshot HTTP/1.1
User-Agent: selenium/4.1.2 (java windows)
Cache-Control: no-cache
Content-Type: application/json; charset=utf-8
host: localhost:54751
accept: */*

Response DefaultHttpResponse(decodeResult: success, version: HTTP/1.1)
HTTP/1.1 200 OK
Content-Type: application/json; charset=utf-8
cache-control: no-cache
content-length: 47608

23:24:10.866 [AsyncHttpClient-1-6] DEBUG org.asynchttpclient.netty.channel.ChannelManager - Adding key: http://localhost:54751 for channel [id: 0x2bee30c0, L:/127.0.0.1:52246 - R:localhost/127.0.0.1:54751]
23:24:10.869 [main] DEBUG net.serenitybdd.core.photography.Darkroom - Send negative for processing for target\site\serenity\0b1d17c61e221b059d62bfde8030dcc197f7a5623a628178475192573b03f125.png
23:24:10.869 [main] DEBUG net.thucydides.core.steps.StepInterceptor - STEP DONE: typeMyPassword
  &amp#27;[32mAnd &amp#27;[0m&amp#27;[32mI type valid password &amp#27;[0m&amp#27;[32m&amp#27;[1maiueo&amp#27;[0m                                    &amp#27;[90m# stepdefinitions.LoginStep.iTypeValidPassword(java.lang.String)&amp#27;[0m
23:24:10.870 [Darkroom Processing Line] DEBUG net.serenitybdd.core.photography.DarkroomProcessingLine - Processing screenshot image in /var/screenshots/screenshot-4463050141842404984
23:24:10.870 [Darkroom Processing Line] DEBUG net.serenitybdd.core.photography.DarkroomProcessingLine - Saving screenshot to target\site\serenity\0b1d17c61e221b059d62bfde8030dcc197f7a5623a628178475192573b03f125.png
23:24:10.897 [main] DEBUG net.thucydides.core.steps.StepInterceptor - STARTING STEP: LoginStep.iClickLoginBttn - clickLoginButton
23:24:10.901 [Forwarding findElement on session 420486361448f5d4d7ab0b8b6ed5f67a to remote] DEBUG org.asynchttpclient.netty.request.NettyRequestSender - Using pooled Channel '[id: 0x2bee30c0, L:/127.0.0.1:52246 - R:localhost/127.0.0.1:54751]' for 'POST' to 'http://localhost:54751/session/420486361448f5d4d7ab0b8b6ed5f67a/element'
23:24:10.901 [Forwarding findElement on session 420486361448f5d4d7ab0b8b6ed5f67a to remote] DEBUG org.asynchttpclient.netty.request.NettyRequestSender - Using open Channel [id: 0x2bee30c0, L:/127.0.0.1:52246 - R:localhost/127.0.0.1:54751] for POST '/session/420486361448f5d4d7ab0b8b6ed5f67a/element'
23:24:10.918 [AsyncHttpClient-1-6] DEBUG org.asynchttpclient.netty.handler.HttpHandler - 

Request DefaultHttpRequest(decodeResult: success, version: HTTP/1.1)
POST /session/420486361448f5d4d7ab0b8b6ed5f67a/element HTTP/1.1
User-Agent: selenium/4.1.2 (java windows)
Content-Length: 155
Content-Type: application/json; charset=utf-8
host: localhost:54751
accept: */*

Response DefaultHttpResponse(decodeResult: success, version: HTTP/1.1)
HTTP/1.1 200 OK
Content-Type: application/json; charset=utf-8
cache-control: no-cache
content-length: 88

23:24:10.918 [AsyncHttpClient-1-6] DEBUG org.asynchttpclient.netty.channel.ChannelManager - Adding key: http://localhost:54751 for channel [id: 0x2bee30c0, L:/127.0.0.1:52246 - R:localhost/127.0.0.1:54751]
23:24:10.921 [Forwarding getElementTagName on session 420486361448f5d4d7ab0b8b6ed5f67a to remote] DEBUG org.asynchttpclient.netty.request.NettyRequestSender - Using pooled Channel '[id: 0x2bee30c0, L:/127.0.0.1:52246 - R:localhost/127.0.0.1:54751]' for 'GET' to 'http://localhost:54751/session/420486361448f5d4d7ab0b8b6ed5f67a/element/4a07c094-17d8-4a58-967c-2bf17d84bca8/name'
23:24:10.921 [Forwarding getElementTagName on session 420486361448f5d4d7ab0b8b6ed5f67a to remote] DEBUG org.asynchttpclient.netty.request.NettyRequestSender - Using open Channel [id: 0x2bee30c0, L:/127.0.0.1:52246 - R:localhost/127.0.0.1:54751] for GET '/session/420486361448f5d4d7ab0b8b6ed5f67a/element/4a07c094-17d8-4a58-967c-2bf17d84bca8/name'
23:24:10.931 [AsyncHttpClient-1-6] DEBUG org.asynchttpclient.netty.handler.HttpHandler - 

Request DefaultFullHttpRequest(decodeResult: success, version: HTTP/1.1, content: EmptyByteBufBE)
GET /session/420486361448f5d4d7ab0b8b6ed5f67a/element/4a07c094-17d8-4a58-967c-2bf17d84bca8/name HTTP/1.1
User-Agent: selenium/4.1.2 (java windows)
Cache-Control: no-cache
Content-Type: application/json; charset=utf-8
host: localhost:54751
accept: */*

Response DefaultHttpResponse(decodeResult: success, version: HTTP/1.1)
HTTP/1.1 200 OK
Content-Type: application/json; charset=utf-8
cache-control: no-cache
content-length: 18

23:24:10.931 [AsyncHttpClient-1-6] DEBUG org.asynchttpclient.netty.channel.ChannelManager - Adding key: http://localhost:54751 for channel [id: 0x2bee30c0, L:/127.0.0.1:52246 - R:localhost/127.0.0.1:54751]
23:24:10.933 [Forwarding getElementTagName on session 420486361448f5d4d7ab0b8b6ed5f67a to remote] DEBUG org.asynchttpclient.netty.request.NettyRequestSender - Using pooled Channel '[id: 0x2bee30c0, L:/127.0.0.1:52246 - R:localhost/127.0.0.1:54751]' for 'GET' to 'http://localhost:54751/session/420486361448f5d4d7ab0b8b6ed5f67a/element/4a07c094-17d8-4a58-967c-2bf17d84bca8/name'
23:24:10.933 [Forwarding getElementTagName on session 420486361448f5d4d7ab0b8b6ed5f67a to remote] DEBUG org.asynchttpclient.netty.request.NettyRequestSender - Using open Channel [id: 0x2bee30c0, L:/127.0.0.1:52246 - R:localhost/127.0.0.1:54751] for GET '/session/420486361448f5d4d7ab0b8b6ed5f67a/element/4a07c094-17d8-4a58-967c-2bf17d84bca8/name'
23:24:10.938 [AsyncHttpClient-1-6] DEBUG org.asynchttpclient.netty.handler.HttpHandler - 

Request DefaultFullHttpRequest(decodeResult: success, version: HTTP/1.1, content: EmptyByteBufBE)
GET /session/420486361448f5d4d7ab0b8b6ed5f67a/element/4a07c094-17d8-4a58-967c-2bf17d84bca8/name HTTP/1.1
User-Agent: selenium/4.1.2 (java windows)
Cache-Control: no-cache
Content-Type: application/json; charset=utf-8
host: localhost:54751
accept: */*

Response DefaultHttpResponse(decodeResult: success, version: HTTP/1.1)
HTTP/1.1 200 OK
Content-Type: application/json; charset=utf-8
cache-control: no-cache
content-length: 18

23:24:10.938 [AsyncHttpClient-1-6] DEBUG org.asynchttpclient.netty.channel.ChannelManager - Adding key: http://localhost:54751 for channel [id: 0x2bee30c0, L:/127.0.0.1:52246 - R:localhost/127.0.0.1:54751]
23:24:10.944 [Forwarding isElementEnabled on session 420486361448f5d4d7ab0b8b6ed5f67a to remote] DEBUG org.asynchttpclient.netty.request.NettyRequestSender - Using pooled Channel '[id: 0x2bee30c0, L:/127.0.0.1:52246 - R:localhost/127.0.0.1:54751]' for 'GET' to 'http://localhost:54751/session/420486361448f5d4d7ab0b8b6ed5f67a/element/4a07c094-17d8-4a58-967c-2bf17d84bca8/enabled'
23:24:10.945 [Forwarding isElementEnabled on session 420486361448f5d4d7ab0b8b6ed5f67a to remote] DEBUG org.asynchttpclient.netty.request.NettyRequestSender - Using open Channel [id: 0x2bee30c0, L:/127.0.0.1:52246 - R:localhost/127.0.0.1:54751] for GET '/session/420486361448f5d4d7ab0b8b6ed5f67a/element/4a07c094-17d8-4a58-967c-2bf17d84bca8/enabled'
23:24:10.958 [AsyncHttpClient-1-6] DEBUG org.asynchttpclient.netty.handler.HttpHandler - 

Request DefaultFullHttpRequest(decodeResult: success, version: HTTP/1.1, content: EmptyByteBufBE)
GET /session/420486361448f5d4d7ab0b8b6ed5f67a/element/4a07c094-17d8-4a58-967c-2bf17d84bca8/enabled HTTP/1.1
User-Agent: selenium/4.1.2 (java windows)
Cache-Control: no-cache
Content-Type: application/json; charset=utf-8
host: localhost:54751
accept: */*

Response DefaultHttpResponse(decodeResult: success, version: HTTP/1.1)
HTTP/1.1 200 OK
Content-Type: application/json; charset=utf-8
cache-control: no-cache
content-length: 14

23:24:10.959 [AsyncHttpClient-1-6] DEBUG org.asynchttpclient.netty.channel.ChannelManager - Adding key: http://localhost:54751 for channel [id: 0x2bee30c0, L:/127.0.0.1:52246 - R:localhost/127.0.0.1:54751]
23:24:10.961 [Forwarding isElementEnabled on session 420486361448f5d4d7ab0b8b6ed5f67a to remote] DEBUG org.asynchttpclient.netty.request.NettyRequestSender - Using pooled Channel '[id: 0x2bee30c0, L:/127.0.0.1:52246 - R:localhost/127.0.0.1:54751]' for 'GET' to 'http://localhost:54751/session/420486361448f5d4d7ab0b8b6ed5f67a/element/4a07c094-17d8-4a58-967c-2bf17d84bca8/enabled'
23:24:10.961 [Forwarding isElementEnabled on session 420486361448f5d4d7ab0b8b6ed5f67a to remote] DEBUG org.asynchttpclient.netty.request.NettyRequestSender - Using open Channel [id: 0x2bee30c0, L:/127.0.0.1:52246 - R:localhost/127.0.0.1:54751] for GET '/session/420486361448f5d4d7ab0b8b6ed5f67a/element/4a07c094-17d8-4a58-967c-2bf17d84bca8/enabled'
23:24:10.977 [AsyncHttpClient-1-6] DEBUG org.asynchttpclient.netty.handler.HttpHandler - 

Request DefaultFullHttpRequest(decodeResult: success, version: HTTP/1.1, content: EmptyByteBufBE)
GET /session/420486361448f5d4d7ab0b8b6ed5f67a/element/4a07c094-17d8-4a58-967c-2bf17d84bca8/enabled HTTP/1.1
User-Agent: selenium/4.1.2 (java windows)
Cache-Control: no-cache
Content-Type: application/json; charset=utf-8
host: localhost:54751
accept: */*

Response DefaultHttpResponse(decodeResult: success, version: HTTP/1.1)
HTTP/1.1 200 OK
Content-Type: application/json; charset=utf-8
cache-control: no-cache
content-length: 14

23:24:10.977 [AsyncHttpClient-1-6] DEBUG org.asynchttpclient.netty.channel.ChannelManager - Adding key: http://localhost:54751 for channel [id: 0x2bee30c0, L:/127.0.0.1:52246 - R:localhost/127.0.0.1:54751]
23:24:10.981 [Forwarding findElement on session 420486361448f5d4d7ab0b8b6ed5f67a to remote] DEBUG org.asynchttpclient.netty.request.NettyRequestSender - Using pooled Channel '[id: 0x2bee30c0, L:/127.0.0.1:52246 - R:localhost/127.0.0.1:54751]' for 'POST' to 'http://localhost:54751/session/420486361448f5d4d7ab0b8b6ed5f67a/element'
23:24:10.981 [Forwarding findElement on session 420486361448f5d4d7ab0b8b6ed5f67a to remote] DEBUG org.asynchttpclient.netty.request.NettyRequestSender - Using open Channel [id: 0x2bee30c0, L:/127.0.0.1:52246 - R:localhost/127.0.0.1:54751] for POST '/session/420486361448f5d4d7ab0b8b6ed5f67a/element'
23:24:10.997 [AsyncHttpClient-1-6] DEBUG org.asynchttpclient.netty.handler.HttpHandler - 

Request DefaultHttpRequest(decodeResult: success, version: HTTP/1.1)
POST /session/420486361448f5d4d7ab0b8b6ed5f67a/element HTTP/1.1
User-Agent: selenium/4.1.2 (java windows)
Content-Length: 155
Content-Type: application/json; charset=utf-8
host: localhost:54751
accept: */*

Response DefaultHttpResponse(decodeResult: success, version: HTTP/1.1)
HTTP/1.1 200 OK
Content-Type: application/json; charset=utf-8
cache-control: no-cache
content-length: 88

23:24:10.998 [AsyncHttpClient-1-6] DEBUG org.asynchttpclient.netty.channel.ChannelManager - Adding key: http://localhost:54751 for channel [id: 0x2bee30c0, L:/127.0.0.1:52246 - R:localhost/127.0.0.1:54751]
23:24:11.001 [Forwarding clickElement on session 420486361448f5d4d7ab0b8b6ed5f67a to remote] DEBUG org.asynchttpclient.netty.request.NettyRequestSender - Using pooled Channel '[id: 0x2bee30c0, L:/127.0.0.1:52246 - R:localhost/127.0.0.1:54751]' for 'POST' to 'http://localhost:54751/session/420486361448f5d4d7ab0b8b6ed5f67a/element/4a07c094-17d8-4a58-967c-2bf17d84bca8/click'
23:24:11.001 [Forwarding clickElement on session 420486361448f5d4d7ab0b8b6ed5f67a to remote] DEBUG org.asynchttpclient.netty.request.NettyRequestSender - Using open Channel [id: 0x2bee30c0, L:/127.0.0.1:52246 - R:localhost/127.0.0.1:54751] for POST '/session/420486361448f5d4d7ab0b8b6ed5f67a/element/4a07c094-17d8-4a58-967c-2bf17d84bca8/click'
23:24:11.099 [AsyncHttpClient-1-6] DEBUG org.asynchttpclient.netty.handler.HttpHandler - 

Request DefaultHttpRequest(decodeResult: success, version: HTTP/1.1)
POST /session/420486361448f5d4d7ab0b8b6ed5f67a/element/4a07c094-17d8-4a58-967c-2bf17d84bca8/click HTTP/1.1
User-Agent: selenium/4.1.2 (java windows)
Content-Length: 50
Content-Type: application/json; charset=utf-8
host: localhost:54751
accept: */*

Response DefaultHttpResponse(decodeResult: success, version: HTTP/1.1)
HTTP/1.1 200 OK
Content-Type: application/json; charset=utf-8
cache-control: no-cache
content-length: 14

23:24:11.099 [AsyncHttpClient-1-6] DEBUG org.asynchttpclient.netty.channel.ChannelManager - Adding key: http://localhost:54751 for channel [id: 0x2bee30c0, L:/127.0.0.1:52246 - R:localhost/127.0.0.1:54751]
23:24:11.110 [Forwarding screenshot on session 420486361448f5d4d7ab0b8b6ed5f67a to remote] DEBUG org.asynchttpclient.netty.request.NettyRequestSender - Using pooled Channel '[id: 0x2bee30c0, L:/127.0.0.1:52246 - R:localhost/127.0.0.1:54751]' for 'GET' to 'http://localhost:54751/session/420486361448f5d4d7ab0b8b6ed5f67a/screenshot'
23:24:11.110 [Forwarding screenshot on session 420486361448f5d4d7ab0b8b6ed5f67a to remote] DEBUG org.asynchttpclient.netty.request.NettyRequestSender - Using open Channel [id: 0x2bee30c0, L:/127.0.0.1:52246 - R:localhost/127.0.0.1:54751] for GET '/session/420486361448f5d4d7ab0b8b6ed5f67a/screenshot'
23:24:11.465 [AsyncHttpClient-1-1] DEBUG org.asynchttpclient.netty.channel.DefaultChannelPool - Entry count for : http://localhost:52247 : 1
23:24:11.496 [AsyncHttpClient-1-6] DEBUG org.asynchttpclient.netty.handler.HttpHandler - 

Request DefaultFullHttpRequest(decodeResult: success, version: HTTP/1.1, content: EmptyByteBufBE)
GET /session/420486361448f5d4d7ab0b8b6ed5f67a/screenshot HTTP/1.1
User-Agent: selenium/4.1.2 (java windows)
Cache-Control: no-cache
Content-Type: application/json; charset=utf-8
host: localhost:54751
accept: */*

Response DefaultHttpResponse(decodeResult: success, version: HTTP/1.1)
HTTP/1.1 200 OK
Content-Type: application/json; charset=utf-8
cache-control: no-cache
content-length: 46424

23:24:11.497 [AsyncHttpClient-1-6] DEBUG org.asynchttpclient.netty.channel.ChannelManager - Adding key: http://localhost:54751 for channel [id: 0x2bee30c0, L:/127.0.0.1:52246 - R:localhost/127.0.0.1:54751]
23:24:11.501 [main] DEBUG net.serenitybdd.core.photography.Darkroom - Send negative for processing for target\site\serenity\2fe18de8506edfff1d158a4c717d9e4fdaeef0ddc7b6de43f6df612bc21dcd7e.png
23:24:11.502 [main] DEBUG net.thucydides.core.steps.StepInterceptor - STEP DONE: clickLoginButton
  &amp#27;[32mAnd &amp#27;[0m&amp#27;[32mI click login button&amp#27;[0m                                           &amp#27;[90m# stepdefinitions.LoginStep.iClickLoginBttn()&amp#27;[0m
23:24:11.502 [Darkroom Processing Line] DEBUG net.serenitybdd.core.photography.DarkroomProcessingLine - Processing screenshot image in /var/screenshots/screenshot-10759044066745071352
23:24:11.502 [Darkroom Processing Line] DEBUG net.serenitybdd.core.photography.DarkroomProcessingLine - Saving screenshot to target\site\serenity\2fe18de8506edfff1d158a4c717d9e4fdaeef0ddc7b6de43f6df612bc21dcd7e.png
23:24:11.532 [main] DEBUG net.thucydides.core.steps.StepInterceptor - STARTING STEP: LoginStep.iGotErrorMssage - gotErrorMassage
23:24:11.536 [Forwarding findElement on session 420486361448f5d4d7ab0b8b6ed5f67a to remote] DEBUG org.asynchttpclient.netty.request.NettyRequestSender - Using pooled Channel '[id: 0x2bee30c0, L:/127.0.0.1:52246 - R:localhost/127.0.0.1:54751]' for 'POST' to 'http://localhost:54751/session/420486361448f5d4d7ab0b8b6ed5f67a/element'
23:24:11.536 [Forwarding findElement on session 420486361448f5d4d7ab0b8b6ed5f67a to remote] DEBUG org.asynchttpclient.netty.request.NettyRequestSender - Using open Channel [id: 0x2bee30c0, L:/127.0.0.1:52246 - R:localhost/127.0.0.1:54751] for POST '/session/420486361448f5d4d7ab0b8b6ed5f67a/element'
23:24:11.543 [AsyncHttpClient-1-6] DEBUG org.asynchttpclient.netty.handler.HttpHandler - 

Request DefaultHttpRequest(decodeResult: success, version: HTTP/1.1)
POST /session/420486361448f5d4d7ab0b8b6ed5f67a/element HTTP/1.1
User-Agent: selenium/4.1.2 (java windows)
Content-Length: 53
Content-Type: application/json; charset=utf-8
host: localhost:54751
accept: */*

Response DefaultHttpResponse(decodeResult: success, version: HTTP/1.1)
HTTP/1.1 400 Bad Request
Content-Type: application/json; charset=utf-8
cache-control: no-cache
content-length: 957

23:24:11.543 [AsyncHttpClient-1-6] DEBUG org.asynchttpclient.netty.channel.ChannelManager - Adding key: http://localhost:54751 for channel [id: 0x2bee30c0, L:/127.0.0.1:52246 - R:localhost/127.0.0.1:54751]
23:24:11.546 [Forwarding findElement on session 420486361448f5d4d7ab0b8b6ed5f67a to remote] DEBUG org.asynchttpclient.netty.request.NettyRequestSender - Using pooled Channel '[id: 0x2bee30c0, L:/127.0.0.1:52246 - R:localhost/127.0.0.1:54751]' for 'POST' to 'http://localhost:54751/session/420486361448f5d4d7ab0b8b6ed5f67a/element'
23:24:11.546 [Forwarding findElement on session 420486361448f5d4d7ab0b8b6ed5f67a to remote] DEBUG org.asynchttpclient.netty.request.NettyRequestSender - Using open Channel [id: 0x2bee30c0, L:/127.0.0.1:52246 - R:localhost/127.0.0.1:54751] for POST '/session/420486361448f5d4d7ab0b8b6ed5f67a/element'
23:24:11.564 [AsyncHttpClient-1-6] DEBUG org.asynchttpclient.netty.handler.HttpHandler - 

Request DefaultHttpRequest(decodeResult: success, version: HTTP/1.1)
POST /session/420486361448f5d4d7ab0b8b6ed5f67a/element HTTP/1.1
User-Agent: selenium/4.1.2 (java windows)
Content-Length: 63
Content-Type: application/json; charset=utf-8
host: localhost:54751
accept: */*

Response DefaultHttpResponse(decodeResult: success, version: HTTP/1.1)
HTTP/1.1 200 OK
Content-Type: application/json; charset=utf-8
cache-control: no-cache
content-length: 88

23:24:11.564 [AsyncHttpClient-1-6] DEBUG org.asynchttpclient.netty.channel.ChannelManager - Adding key: http://localhost:54751 for channel [id: 0x2bee30c0, L:/127.0.0.1:52246 - R:localhost/127.0.0.1:54751]
23:24:11.570 [Forwarding isElementDisplayed on session 420486361448f5d4d7ab0b8b6ed5f67a to remote] DEBUG org.asynchttpclient.netty.request.NettyRequestSender - Using pooled Channel '[id: 0x2bee30c0, L:/127.0.0.1:52246 - R:localhost/127.0.0.1:54751]' for 'POST' to 'http://localhost:54751/session/420486361448f5d4d7ab0b8b6ed5f67a/execute/sync'
23:24:11.570 [Forwarding isElementDisplayed on session 420486361448f5d4d7ab0b8b6ed5f67a to remote] DEBUG org.asynchttpclient.netty.request.NettyRequestSender - Using open Channel [id: 0x2bee30c0, L:/127.0.0.1:52246 - R:localhost/127.0.0.1:54751] for POST '/session/420486361448f5d4d7ab0b8b6ed5f67a/execute/sync'
23:24:11.594 [AsyncHttpClient-1-6] DEBUG org.asynchttpclient.netty.handler.HttpHandler - 

Request DefaultHttpRequest(decodeResult: success, version: HTTP/1.1)
POST /session/420486361448f5d4d7ab0b8b6ed5f67a/execute/sync HTTP/1.1
User-Agent: selenium/4.1.2 (java windows)
Content-Length: 48780
Content-Type: application/json; charset=utf-8
host: localhost:54751
accept: */*

Response DefaultHttpResponse(decodeResult: success, version: HTTP/1.1)
HTTP/1.1 200 OK
Content-Type: application/json; charset=utf-8
cache-control: no-cache
content-length: 14

23:24:11.595 [AsyncHttpClient-1-6] DEBUG org.asynchttpclient.netty.channel.ChannelManager - Adding key: http://localhost:54751 for channel [id: 0x2bee30c0, L:/127.0.0.1:52246 - R:localhost/127.0.0.1:54751]
23:24:11.601 [Forwarding screenshot on session 420486361448f5d4d7ab0b8b6ed5f67a to remote] DEBUG org.asynchttpclient.netty.request.NettyRequestSender - Using pooled Channel '[id: 0x2bee30c0, L:/127.0.0.1:52246 - R:localhost/127.0.0.1:54751]' for 'GET' to 'http://localhost:54751/session/420486361448f5d4d7ab0b8b6ed5f67a/screenshot'
23:24:11.601 [Forwarding screenshot on session 420486361448f5d4d7ab0b8b6ed5f67a to remote] DEBUG org.asynchttpclient.netty.request.NettyRequestSender - Using open Channel [id: 0x2bee30c0, L:/127.0.0.1:52246 - R:localhost/127.0.0.1:54751] for GET '/session/420486361448f5d4d7ab0b8b6ed5f67a/screenshot'
23:24:11.825 [AsyncHttpClient-1-6] DEBUG org.asynchttpclient.netty.handler.HttpHandler - 

Request DefaultFullHttpRequest(decodeResult: success, version: HTTP/1.1, content: EmptyByteBufBE)
GET /session/420486361448f5d4d7ab0b8b6ed5f67a/screenshot HTTP/1.1
User-Agent: selenium/4.1.2 (java windows)
Cache-Control: no-cache
Content-Type: application/json; charset=utf-8
host: localhost:54751
accept: */*

Response DefaultHttpResponse(decodeResult: success, version: HTTP/1.1)
HTTP/1.1 200 OK
Content-Type: application/json; charset=utf-8
cache-control: no-cache
content-length: 56776

23:24:11.826 [AsyncHttpClient-1-6] DEBUG org.asynchttpclient.netty.channel.ChannelManager - Adding key: http://localhost:54751 for channel [id: 0x2bee30c0, L:/127.0.0.1:52246 - R:localhost/127.0.0.1:54751]
23:24:11.828 [main] DEBUG net.serenitybdd.core.photography.Darkroom - Send negative for processing for target\site\serenity\1a1998c1ec463693c4d48f7deb096795f6393ceed43511479f93728974c1c452.png
23:24:11.829 [main] DEBUG net.thucydides.core.steps.StepInterceptor - STEP DONE: gotErrorMassage
  &amp#27;[32mThen &amp#27;[0m&amp#27;[32mI got Error Massage &amp#27;[0m&amp#27;[32m&amp#27;[1m"record not found"&amp#27;[0m                        &amp#27;[90m# stepdefinitions.LoginStep.iGotErrorMssage(java.lang.String)&amp#27;[0m
23:24:11.829 [Darkroom Processing Line] DEBUG net.serenitybdd.core.photography.DarkroomProcessingLine - Processing screenshot image in /var/screenshots/screenshot-6612885783074492297
23:24:11.829 [Darkroom Processing Line] DEBUG net.serenitybdd.core.photography.DarkroomProcessingLine - Saving screenshot to target\site\serenity\1a1998c1ec463693c4d48f7deb096795f6393ceed43511479f93728974c1c452.png
23:24:11.838 [main] INFO  - 
  _____   ___   ___   _____     ___     _     ___   ___   ___   ___  
 |_   _| | __| / __| |_   _|   | _ \   /_\   / __| / __| | __| |   \ 
   | |   | _|  \__ \   | |     |  _/  / _ \  \__ \ \__ \ | _|  | |) |
   |_|   |___| |___/   |_|     |_|   /_/ \_\ |___/ |___/ |___| |___/ 

As a user, i have not able to login because email is wrong
----------------------------------------------------------------------
23:24:11.840 [AsyncHttpClient-1-8] DEBUG org.asynchttpclient.netty.handler.WebSocketHandler - Channel Closed: [id: 0xf22e8ef4, L:/127.0.0.1:52255 ! R:localhost/127.0.0.1:52247] with attribute NettyResponseFuture{currentRetry=5,
	isDone=1,
	isCancelled=0,
	asyncHandler=org.asynchttpclient.ws.WebSocketUpgradeHandler@359bfa9,
	nettyRequest=org.asynchttpclient.netty.request.NettyRequest@196382d1,
	future=java.util.concurrent.CompletableFuture@63c07bfd[Completed normally],
	uri=ws://localhost:52247/devtools/browser/a73d70ef-7b8a-4060-93ee-478a49694809,
	keepAlive=true,
	redirectCount=0,
	timeoutsHolder=null,
	inAuth=0,
	touch=1652631848086}
23:24:11.841 [AsyncHttpClient-1-8] DEBUG org.asynchttpclient.netty.channel.ChannelManager - Closing Channel [id: 0xf22e8ef4, L:/127.0.0.1:52255 ! R:localhost/127.0.0.1:52247] 
23:24:11.841 [Driver Command Executor] DEBUG org.asynchttpclient.netty.request.NettyRequestSender - Using pooled Channel '[id: 0x2bee30c0, L:/127.0.0.1:52246 - R:localhost/127.0.0.1:54751]' for 'DELETE' to 'http://localhost:54751/session/420486361448f5d4d7ab0b8b6ed5f67a'
23:24:11.841 [Driver Command Executor] DEBUG org.asynchttpclient.netty.request.NettyRequestSender - Using open Channel [id: 0x2bee30c0, L:/127.0.0.1:52246 - R:localhost/127.0.0.1:54751] for DELETE '/session/420486361448f5d4d7ab0b8b6ed5f67a'
23:24:11.967 [AsyncHttpClient-1-7] DEBUG org.asynchttpclient.netty.handler.HttpHandler - Unexpected I/O exception on channel [id: 0x6a0d96f2, L:/127.0.0.1:52254 - R:localhost/127.0.0.1:52247]
java.io.IOException: An existing connection was forcibly closed by the remote host
	at java.base/sun.nio.ch.SocketDispatcher.read0(Native Method)
	at java.base/sun.nio.ch.SocketDispatcher.read(SocketDispatcher.java:43)
	at java.base/sun.nio.ch.IOUtil.readIntoNativeBuffer(IOUtil.java:276)
	at java.base/sun.nio.ch.IOUtil.read(IOUtil.java:233)
	at java.base/sun.nio.ch.IOUtil.read(IOUtil.java:223)
	at java.base/sun.nio.ch.SocketChannelImpl.read(SocketChannelImpl.java:358)
	at io.netty.buffer.PooledByteBuf.setBytes(PooledByteBuf.java:258)
	at io.netty.buffer.AbstractByteBuf.writeBytes(AbstractByteBuf.java:1132)
	at io.netty.channel.socket.nio.NioSocketChannel.doReadBytes(NioSocketChannel.java:350)
	at io.netty.channel.nio.AbstractNioByteChannel$NioByteUnsafe.read(AbstractNioByteChannel.java:151)
	at io.netty.channel.nio.NioEventLoop.processSelectedKey(NioEventLoop.java:722)
	at io.netty.channel.nio.NioEventLoop.processSelectedKeysOptimized(NioEventLoop.java:658)
	at io.netty.channel.nio.NioEventLoop.processSelectedKeys(NioEventLoop.java:584)
	at io.netty.channel.nio.NioEventLoop.run(NioEventLoop.java:496)
	at io.netty.util.concurrent.SingleThreadEventExecutor$4.run(SingleThreadEventExecutor.java:986)
	at io.netty.util.internal.ThreadExecutorMap$2.run(ThreadExecutorMap.java:74)
	at io.netty.util.concurrent.FastThreadLocalRunnable.run(FastThreadLocalRunnable.java:30)
	at java.base/java.lang.Thread.run(Thread.java:834)
23:24:11.967 [AsyncHttpClient-1-7] DEBUG org.asynchttpclient.netty.channel.ChannelManager - Closing Channel [id: 0x6a0d96f2, L:/127.0.0.1:52254 - R:localhost/127.0.0.1:52247] 
23:24:11.968 [AsyncHttpClient-1-7] DEBUG org.asynchttpclient.netty.handler.HttpHandler - Channel Closed: [id: 0x6a0d96f2, L:/127.0.0.1:52254 ! R:localhost/127.0.0.1:52247] with attribute DISCARD
23:24:12.004 [AsyncHttpClient-1-6] DEBUG org.asynchttpclient.netty.handler.HttpHandler - 

Request DefaultFullHttpRequest(decodeResult: success, version: HTTP/1.1, content: EmptyByteBufBE)
DELETE /session/420486361448f5d4d7ab0b8b6ed5f67a HTTP/1.1
User-Agent: selenium/4.1.2 (java windows)
Content-Type: application/json; charset=utf-8
host: localhost:54751
accept: */*

Response DefaultHttpResponse(decodeResult: success, version: HTTP/1.1)
HTTP/1.1 200 OK
Content-Type: application/json; charset=utf-8
cache-control: no-cache
content-length: 14

23:24:12.004 [AsyncHttpClient-1-6] DEBUG org.asynchttpclient.netty.channel.ChannelManager - Adding key: http://localhost:54751 for channel [id: 0x2bee30c0, L:/127.0.0.1:52246 - R:localhost/127.0.0.1:54751]
23:24:12.243 [AsyncHttpClient-1-6] DEBUG org.asynchttpclient.netty.handler.HttpHandler - Channel Closed: [id: 0x2bee30c0, L:/127.0.0.1:52246 ! R:localhost/127.0.0.1:54751] with attribute DISCARD
23:24:12.557 [AsyncHttpClient-1-1] DEBUG org.asynchttpclient.netty.channel.DefaultChannelPool - Entry count for : http://localhost:54751 : 1
23:24:12.557 [AsyncHttpClient-1-1] DEBUG org.asynchttpclient.netty.channel.DefaultChannelPool - Entry count for : http://localhost:52247 : 1
23:24:12.557 [AsyncHttpClient-1-1] DEBUG org.asynchttpclient.netty.channel.DefaultChannelPool - Adding Candidate expired Channel [id: 0x2bee30c0, L:/127.0.0.1:52246 ! R:localhost/127.0.0.1:54751] isIdleTimeoutExpired=false isRemotelyClosed=true isTtlExpired=false
23:24:12.557 [AsyncHttpClient-1-1] DEBUG org.asynchttpclient.netty.channel.DefaultChannelPool - Closing Idle Channel [id: 0x2bee30c0, L:/127.0.0.1:52246 ! R:localhost/127.0.0.1:54751]
23:24:12.557 [AsyncHttpClient-1-1] DEBUG org.asynchttpclient.netty.channel.DefaultChannelPool - Adding Candidate expired Channel [id: 0x6a0d96f2, L:/127.0.0.1:52254 ! R:localhost/127.0.0.1:52247] isIdleTimeoutExpired=false isRemotelyClosed=true isTtlExpired=false
23:24:12.557 [AsyncHttpClient-1-1] DEBUG org.asynchttpclient.netty.channel.DefaultChannelPool - Closing Idle Channel [id: 0x6a0d96f2, L:/127.0.0.1:52254 ! R:localhost/127.0.0.1:52247]
23:24:12.557 [AsyncHttpClient-1-1] DEBUG org.asynchttpclient.netty.channel.DefaultChannelPool - Closed 2 connections out of 2 in 0 ms
]]></system-out>
    <system-err><![CDATA[Starting ChromeDriver 101.0.4951.41 (93c720db8323b3ec10d056025ab95c23a31997c9-refs/branch-heads/4951@{#904}) on port 54751
Only local connections are allowed.
Please see https://chromedriver.chromium.org/security-considerations for suggestions on keeping ChromeDriver safe.
ChromeDriver was started successfully.
May 15, 2022 11:24:08 PM org.openqa.selenium.remote.ProtocolHandshake createSession
INFO: Detected dialect: W3C
May 15, 2022 11:24:08 PM org.openqa.selenium.devtools.CdpVersionFinder findNearestMatch
WARNING: Unable to find an exact match for CDP version 101, so returning the closest version found: 97
May 15, 2022 11:24:08 PM org.openqa.selenium.devtools.CdpVersionFinder findNearestMatch
INFO: Found CDP implementation for version 101 of 97
]]></system-err>
  </testcase>
  <testcase name="As a user, i can logout of account" classname="Logout" time="15.448">
    <system-out><![CDATA[23:24:12.776 [main] INFO io.cucumber.core.plugin.SerenityReporter - Running feature from file:///D:/Mini%20Project-QE%20Alta/Web%20Automation/FrontEnd-AltaShop/src/test/resources/features/Logout.feature
23:24:12.783 [main] DEBUG net.thucydides.core.steps.StepEventBus - Test suite started for story net.thucydides.core.model.Story@7960de68
23:24:12.784 [main] INFO  - Test Suite Started: Logout

Scenario: As a user, i can logout of account         &amp#27;[90m# src/test/resources/features/Logout.feature:3&amp#27;[0m
23:24:12.809 [main] INFO io.cucumber.core.plugin.SerenityReporter - Running feature from file:///D:/Mini%20Project-QE%20Alta/Web%20Automation/FrontEnd-AltaShop/src/test/resources/features/Logout.feature
23:24:12.814 [main] INFO  - 
  _____   ___   ___   _____     ___   _____     _     ___   _____   ___   ___  
 |_   _| | __| / __| |_   _|   / __| |_   _|   /_\   | _ \ |_   _| | __| |   \ 
   | |   | _|  \__ \   | |     \__ \   | |    / _ \  |   /   | |   | _|  | |) |
   |_|   |___| |___/   |_|     |___/   |_|   /_/ \_\ |_|_\   |_|   |___| |___/ 

As a user, i can logout of account(logout;as-a-user--i-can-logout-of-account)
--------------------------------------------------------------------------------
23:24:13.043 [main] DEBUG net.thucydides.core.steps.StepInterceptor - STARTING STEP: LogoutStep.onLoginPage - onLoginPage
23:24:13.045 [main] INFO net.serenitybdd.core.webdriver.driverproviders.ChromeDriverProvider - Using automatically driver download
23:24:13.221 [main] DEBUG io.github.bonigarcia.wdm.cache.ResolutionCache - Resolution chrome=101 in cache (valid until 00:21:44 16/05/2022 ICT)
23:24:13.228 [main] DEBUG io.github.bonigarcia.wdm.cache.ResolutionCache - Resolution chrome101=101.0.4951.41 in cache (valid until 22:21:42 16/05/2022 ICT)
23:24:13.232 [main] INFO io.github.bonigarcia.wdm.WebDriverManager - Using chromedriver 101.0.4951.41 (resolved driver for Chrome 101)
23:24:13.254 [main] DEBUG io.github.bonigarcia.wdm.WebDriverManager - Driver chromedriver 101.0.4951.41 found in cache
23:24:13.255 [main] INFO io.github.bonigarcia.wdm.WebDriverManager - Exporting webdriver.chrome.driver as C:\Users\Siti Nurlatipah\.cache\selenium\chromedriver\win32\101.0.4951.41\chromedriver.exe
23:24:13.420 [main] DEBUG net.serenitybdd.core.webdriver.driverproviders.ProvideNewDriver - Instantiating driver
23:24:13.420 [main] DEBUG net.serenitybdd.core.webdriver.driverproviders.ProvideNewDriver - Driver capabilities: Capabilities {acceptInsecureCerts: false, base.url: https://qa.alta.id, browserName: chrome, chrome.driver: src/test/resources/webdrive..., driver: chrome, goog:chromeOptions: {args: [], extensions: []}}
23:24:13.978 [AsyncHttpClient-1-9] DEBUG org.asynchttpclient.netty.channel.NettyConnectListener - Using new Channel '[id: 0xfa9d71f2, L:/127.0.0.1:52274 - R:localhost/127.0.0.1:60453]' for 'POST' to '/session'
23:24:15.504 [AsyncHttpClient-1-9] DEBUG org.asynchttpclient.netty.handler.HttpHandler - 

Request DefaultHttpRequest(decodeResult: success, version: HTTP/1.1)
POST /session HTTP/1.1
User-Agent: selenium/4.1.2 (java windows)
Content-Length: 595
Content-Type: application/json; charset=utf-8
host: localhost:60453
accept: */*

Response DefaultHttpResponse(decodeResult: success, version: HTTP/1.1)
HTTP/1.1 200 OK
Content-Type: application/json; charset=utf-8
cache-control: no-cache
content-length: 793

23:24:15.505 [AsyncHttpClient-1-9] DEBUG org.asynchttpclient.netty.channel.ChannelManager - Adding key: http://localhost:60453 for channel [id: 0xfa9d71f2, L:/127.0.0.1:52274 - R:localhost/127.0.0.1:60453]
23:24:15.520 [AsyncHttpClient-1-2] DEBUG org.asynchttpclient.netty.channel.NettyConnectListener - Using new Channel '[id: 0x1ce3c2db, L:/127.0.0.1:52282 - R:localhost/127.0.0.1:52275]' for 'GET' to '/json/version'
23:24:15.524 [AsyncHttpClient-1-2] DEBUG org.asynchttpclient.netty.handler.HttpHandler - 

Request DefaultFullHttpRequest(decodeResult: success, version: HTTP/1.1, content: EmptyByteBufBE)
GET /json/version HTTP/1.1
User-Agent: selenium/4.1.2 (java windows)
host: localhost:52275
accept: */*

Response DefaultHttpResponse(decodeResult: success, version: HTTP/1.1)
HTTP/1.1 200 OK
Content-Type: application/json; charset=UTF-8
content-length: 427

23:24:15.525 [AsyncHttpClient-1-2] DEBUG org.asynchttpclient.netty.channel.ChannelManager - Adding key: http://localhost:52275 for channel [id: 0x1ce3c2db, L:/127.0.0.1:52282 - R:localhost/127.0.0.1:52275]
23:24:15.531 [AsyncHttpClient-1-3] DEBUG org.asynchttpclient.netty.channel.NettyConnectListener - Using new Channel '[id: 0x6c4d66dd, L:/127.0.0.1:52283 - R:localhost/127.0.0.1:52275]' for 'GET' to '/devtools/browser/416a5b16-5f15-4b20-b925-eac93b4a11ee'
23:24:15.532 [AsyncHttpClient-1-3] DEBUG org.asynchttpclient.netty.handler.WebSocketHandler - 

Request DefaultFullHttpRequest(decodeResult: success, version: HTTP/1.1, content: EmptyByteBufBE)
GET /devtools/browser/416a5b16-5f15-4b20-b925-eac93b4a11ee HTTP/1.1
upgrade: websocket
connection: upgrade
sec-websocket-key: 4SvD5zJ1p6lA5IC86A+qEQ==
sec-websocket-version: 13
origin: http://localhost:52275
host: localhost:52275
accept: */*
user-agent: AHC/2.1

Response DefaultHttpResponse(decodeResult: success, version: HTTP/1.1)
HTTP/1.1 101 WebSocket Protocol Handshake
Upgrade: WebSocket
Connection: Upgrade
Sec-WebSocket-Accept: TOPonVbVfBspkPxRKITxEc2sd4c=

23:24:15.541 [Forwarding get on session 52ba7d5f1306920231494a95b4bf6d97 to remote] DEBUG org.asynchttpclient.netty.request.NettyRequestSender - Using pooled Channel '[id: 0xfa9d71f2, L:/127.0.0.1:52274 - R:localhost/127.0.0.1:60453]' for 'POST' to 'http://localhost:60453/session/52ba7d5f1306920231494a95b4bf6d97/url'
23:24:15.542 [Forwarding get on session 52ba7d5f1306920231494a95b4bf6d97 to remote] DEBUG org.asynchttpclient.netty.request.NettyRequestSender - Using open Channel [id: 0xfa9d71f2, L:/127.0.0.1:52274 - R:localhost/127.0.0.1:60453] for POST '/session/52ba7d5f1306920231494a95b4bf6d97/url'
23:24:15.959 [AsyncHttpClient-1-1] DEBUG org.asynchttpclient.netty.channel.DefaultChannelPool - Entry count for : http://localhost:52275 : 1
23:24:17.067 [AsyncHttpClient-1-1] DEBUG org.asynchttpclient.netty.channel.DefaultChannelPool - Entry count for : http://localhost:52275 : 1
23:24:17.773 [AsyncHttpClient-1-9] DEBUG org.asynchttpclient.netty.handler.HttpHandler - 

Request DefaultHttpRequest(decodeResult: success, version: HTTP/1.1)
POST /session/52ba7d5f1306920231494a95b4bf6d97/url HTTP/1.1
User-Agent: selenium/4.1.2 (java windows)
Content-Length: 64
Content-Type: application/json; charset=utf-8
host: localhost:60453
accept: */*

Response DefaultHttpResponse(decodeResult: success, version: HTTP/1.1)
HTTP/1.1 200 OK
Content-Type: application/json; charset=utf-8
cache-control: no-cache
content-length: 14

23:24:17.773 [AsyncHttpClient-1-9] DEBUG org.asynchttpclient.netty.channel.ChannelManager - Adding key: http://localhost:60453 for channel [id: 0xfa9d71f2, L:/127.0.0.1:52274 - R:localhost/127.0.0.1:60453]
23:24:17.775 [Forwarding setTimeout on session 52ba7d5f1306920231494a95b4bf6d97 to remote] DEBUG org.asynchttpclient.netty.request.NettyRequestSender - Using pooled Channel '[id: 0xfa9d71f2, L:/127.0.0.1:52274 - R:localhost/127.0.0.1:60453]' for 'POST' to 'http://localhost:60453/session/52ba7d5f1306920231494a95b4bf6d97/timeouts'
23:24:17.776 [Forwarding setTimeout on session 52ba7d5f1306920231494a95b4bf6d97 to remote] DEBUG org.asynchttpclient.netty.request.NettyRequestSender - Using open Channel [id: 0xfa9d71f2, L:/127.0.0.1:52274 - R:localhost/127.0.0.1:60453] for POST '/session/52ba7d5f1306920231494a95b4bf6d97/timeouts'
23:24:17.777 [AsyncHttpClient-1-9] DEBUG org.asynchttpclient.netty.handler.HttpHandler - 

Request DefaultHttpRequest(decodeResult: success, version: HTTP/1.1)
POST /session/52ba7d5f1306920231494a95b4bf6d97/timeouts HTTP/1.1
User-Agent: selenium/4.1.2 (java windows)
Content-Length: 22
Content-Type: application/json; charset=utf-8
host: localhost:60453
accept: */*

Response DefaultHttpResponse(decodeResult: success, version: HTTP/1.1)
HTTP/1.1 200 OK
Content-Type: application/json; charset=utf-8
cache-control: no-cache
content-length: 14

23:24:17.777 [AsyncHttpClient-1-9] DEBUG org.asynchttpclient.netty.channel.ChannelManager - Adding key: http://localhost:60453 for channel [id: 0xfa9d71f2, L:/127.0.0.1:52274 - R:localhost/127.0.0.1:60453]
23:24:17.781 [Forwarding getCurrentUrl on session 52ba7d5f1306920231494a95b4bf6d97 to remote] DEBUG org.asynchttpclient.netty.request.NettyRequestSender - Using pooled Channel '[id: 0xfa9d71f2, L:/127.0.0.1:52274 - R:localhost/127.0.0.1:60453]' for 'GET' to 'http://localhost:60453/session/52ba7d5f1306920231494a95b4bf6d97/url'
23:24:17.782 [Forwarding getCurrentUrl on session 52ba7d5f1306920231494a95b4bf6d97 to remote] DEBUG org.asynchttpclient.netty.request.NettyRequestSender - Using open Channel [id: 0xfa9d71f2, L:/127.0.0.1:52274 - R:localhost/127.0.0.1:60453] for GET '/session/52ba7d5f1306920231494a95b4bf6d97/url'
23:24:17.790 [AsyncHttpClient-1-9] DEBUG org.asynchttpclient.netty.handler.HttpHandler - 

Request DefaultFullHttpRequest(decodeResult: success, version: HTTP/1.1, content: EmptyByteBufBE)
GET /session/52ba7d5f1306920231494a95b4bf6d97/url HTTP/1.1
User-Agent: selenium/4.1.2 (java windows)
Cache-Control: no-cache
Content-Type: application/json; charset=utf-8
host: localhost:60453
accept: */*

Response DefaultHttpResponse(decodeResult: success, version: HTTP/1.1)
HTTP/1.1 200 OK
Content-Type: application/json; charset=utf-8
cache-control: no-cache
content-length: 41

23:24:17.791 [AsyncHttpClient-1-9] DEBUG org.asynchttpclient.netty.channel.ChannelManager - Adding key: http://localhost:60453 for channel [id: 0xfa9d71f2, L:/127.0.0.1:52274 - R:localhost/127.0.0.1:60453]
23:24:17.807 [main] DEBUG net.serenitybdd.core.photography.Darkroom - Opening darkroom
23:24:17.809 [Forwarding screenshot on session 52ba7d5f1306920231494a95b4bf6d97 to remote] DEBUG org.asynchttpclient.netty.request.NettyRequestSender - Using pooled Channel '[id: 0xfa9d71f2, L:/127.0.0.1:52274 - R:localhost/127.0.0.1:60453]' for 'GET' to 'http://localhost:60453/session/52ba7d5f1306920231494a95b4bf6d97/screenshot'
23:24:17.809 [Forwarding screenshot on session 52ba7d5f1306920231494a95b4bf6d97 to remote] DEBUG org.asynchttpclient.netty.request.NettyRequestSender - Using open Channel [id: 0xfa9d71f2, L:/127.0.0.1:52274 - R:localhost/127.0.0.1:60453] for GET '/session/52ba7d5f1306920231494a95b4bf6d97/screenshot'
23:24:17.816 [Darkroom Processing Line] DEBUG net.serenitybdd.core.photography.DarkroomProcessingLine - Darkroom processing line starting up
23:24:18.164 [AsyncHttpClient-1-1] DEBUG org.asynchttpclient.netty.channel.DefaultChannelPool - Entry count for : http://localhost:52275 : 1
23:24:18.319 [AsyncHttpClient-1-9] DEBUG org.asynchttpclient.netty.handler.HttpHandler - 

Request DefaultFullHttpRequest(decodeResult: success, version: HTTP/1.1, content: EmptyByteBufBE)
GET /session/52ba7d5f1306920231494a95b4bf6d97/screenshot HTTP/1.1
User-Agent: selenium/4.1.2 (java windows)
Cache-Control: no-cache
Content-Type: application/json; charset=utf-8
host: localhost:60453
accept: */*

Response DefaultHttpResponse(decodeResult: success, version: HTTP/1.1)
HTTP/1.1 200 OK
Content-Type: application/json; charset=utf-8
cache-control: no-cache
content-length: 37804

23:24:18.320 [AsyncHttpClient-1-9] DEBUG org.asynchttpclient.netty.channel.ChannelManager - Adding key: http://localhost:60453 for channel [id: 0xfa9d71f2, L:/127.0.0.1:52274 - R:localhost/127.0.0.1:60453]
23:24:18.324 [main] DEBUG net.serenitybdd.core.photography.Darkroom - Send negative for processing for target\site\serenity\aef0e5914dc3e205d587e4dd044394fa48b3466ef033e71e0aa4e3ca907ede95.png
23:24:18.324 [main] DEBUG net.thucydides.core.steps.StepInterceptor - STEP DONE: onLoginPage
  &amp#27;[32mGiven &amp#27;[0m&amp#27;[32m&amp#27;[0m&amp#27;[32m&amp#27;[1mI&amp#27;[0m&amp#27;[32m on login-page&amp#27;[0m                              &amp#27;[90m# stepdefinitions.LogoutStep.onLoginPage(java.lang.String)&amp#27;[0m
23:24:18.343 [main] DEBUG net.thucydides.core.steps.StepInterceptor - STARTING STEP: LogoutStep.inputMyEmail - typeMyEmail
23:24:18.348 [Forwarding findElement on session 52ba7d5f1306920231494a95b4bf6d97 to remote] DEBUG org.asynchttpclient.netty.request.NettyRequestSender - Using pooled Channel '[id: 0xfa9d71f2, L:/127.0.0.1:52274 - R:localhost/127.0.0.1:60453]' for 'POST' to 'http://localhost:60453/session/52ba7d5f1306920231494a95b4bf6d97/element'
23:24:18.348 [Forwarding findElement on session 52ba7d5f1306920231494a95b4bf6d97 to remote] DEBUG org.asynchttpclient.netty.request.NettyRequestSender - Using open Channel [id: 0xfa9d71f2, L:/127.0.0.1:52274 - R:localhost/127.0.0.1:60453] for POST '/session/52ba7d5f1306920231494a95b4bf6d97/element'
23:24:18.369 [AsyncHttpClient-1-9] DEBUG org.asynchttpclient.netty.handler.HttpHandler - 

Request DefaultHttpRequest(decodeResult: success, version: HTTP/1.1)
POST /session/52ba7d5f1306920231494a95b4bf6d97/element HTTP/1.1
User-Agent: selenium/4.1.2 (java windows)
Content-Length: 84
Content-Type: application/json; charset=utf-8
host: localhost:60453
accept: */*

Response DefaultHttpResponse(decodeResult: success, version: HTTP/1.1)
HTTP/1.1 200 OK
Content-Type: application/json; charset=utf-8
cache-control: no-cache
content-length: 88

23:24:18.370 [AsyncHttpClient-1-9] DEBUG org.asynchttpclient.netty.channel.ChannelManager - Adding key: http://localhost:60453 for channel [id: 0xfa9d71f2, L:/127.0.0.1:52274 - R:localhost/127.0.0.1:60453]
23:24:18.373 [Forwarding sendKeysToElement on session 52ba7d5f1306920231494a95b4bf6d97 to remote] DEBUG org.asynchttpclient.netty.request.NettyRequestSender - Using pooled Channel '[id: 0xfa9d71f2, L:/127.0.0.1:52274 - R:localhost/127.0.0.1:60453]' for 'POST' to 'http://localhost:60453/session/52ba7d5f1306920231494a95b4bf6d97/element/0d290e5a-5eaf-44a1-85c0-e97bb627077b/value'
23:24:18.373 [Forwarding sendKeysToElement on session 52ba7d5f1306920231494a95b4bf6d97 to remote] DEBUG org.asynchttpclient.netty.request.NettyRequestSender - Using open Channel [id: 0xfa9d71f2, L:/127.0.0.1:52274 - R:localhost/127.0.0.1:60453] for POST '/session/52ba7d5f1306920231494a95b4bf6d97/element/0d290e5a-5eaf-44a1-85c0-e97bb627077b/value'
23:24:18.683 [AsyncHttpClient-1-9] DEBUG org.asynchttpclient.netty.handler.HttpHandler - 

Request DefaultHttpRequest(decodeResult: success, version: HTTP/1.1)
POST /session/52ba7d5f1306920231494a95b4bf6d97/element/0d290e5a-5eaf-44a1-85c0-e97bb627077b/value HTTP/1.1
User-Agent: selenium/4.1.2 (java windows)
Content-Length: 361
Content-Type: application/json; charset=utf-8
host: localhost:60453
accept: */*

Response DefaultHttpResponse(decodeResult: success, version: HTTP/1.1)
HTTP/1.1 200 OK
Content-Type: application/json; charset=utf-8
cache-control: no-cache
content-length: 14

23:24:18.683 [AsyncHttpClient-1-9] DEBUG org.asynchttpclient.netty.channel.ChannelManager - Adding key: http://localhost:60453 for channel [id: 0xfa9d71f2, L:/127.0.0.1:52274 - R:localhost/127.0.0.1:60453]
23:24:18.693 [Forwarding screenshot on session 52ba7d5f1306920231494a95b4bf6d97 to remote] DEBUG org.asynchttpclient.netty.request.NettyRequestSender - Using pooled Channel '[id: 0xfa9d71f2, L:/127.0.0.1:52274 - R:localhost/127.0.0.1:60453]' for 'GET' to 'http://localhost:60453/session/52ba7d5f1306920231494a95b4bf6d97/screenshot'
23:24:18.693 [Forwarding screenshot on session 52ba7d5f1306920231494a95b4bf6d97 to remote] DEBUG org.asynchttpclient.netty.request.NettyRequestSender - Using open Channel [id: 0xfa9d71f2, L:/127.0.0.1:52274 - R:localhost/127.0.0.1:60453] for GET '/session/52ba7d5f1306920231494a95b4bf6d97/screenshot'
23:24:18.952 [AsyncHttpClient-1-9] DEBUG org.asynchttpclient.netty.handler.HttpHandler - 

Request DefaultFullHttpRequest(decodeResult: success, version: HTTP/1.1, content: EmptyByteBufBE)
GET /session/52ba7d5f1306920231494a95b4bf6d97/screenshot HTTP/1.1
User-Agent: selenium/4.1.2 (java windows)
Cache-Control: no-cache
Content-Type: application/json; charset=utf-8
host: localhost:60453
accept: */*

Response DefaultHttpResponse(decodeResult: success, version: HTTP/1.1)
HTTP/1.1 200 OK
Content-Type: application/json; charset=utf-8
cache-control: no-cache
content-length: 47204

23:24:18.952 [AsyncHttpClient-1-9] DEBUG org.asynchttpclient.netty.channel.ChannelManager - Adding key: http://localhost:60453 for channel [id: 0xfa9d71f2, L:/127.0.0.1:52274 - R:localhost/127.0.0.1:60453]
23:24:18.958 [main] DEBUG net.serenitybdd.core.photography.Darkroom - Send negative for processing for target\site\serenity\3ba096031670eea7068f790e5ac79207cad49d430b745c78aa00202007f920ff.png
23:24:18.959 [main] DEBUG net.thucydides.core.steps.StepInterceptor - STEP DONE: typeMyEmail
  &amp#27;[32mWhen &amp#27;[0m&amp#27;[32mI input my email &amp#27;[0m&amp#27;[32m&amp#27;[1mlandon.mcdermott@hotmail.com&amp#27;[0m &amp#27;[90m# stepdefinitions.LogoutStep.inputMyEmail(java.lang.String)&amp#27;[0m
23:24:18.959 [Darkroom Processing Line] DEBUG net.serenitybdd.core.photography.DarkroomProcessingLine - Processing screenshot image in /var/screenshots/screenshot-12911902254101718491
23:24:18.959 [Darkroom Processing Line] DEBUG net.serenitybdd.core.photography.DarkroomProcessingLine - Saving screenshot to target\site\serenity\3ba096031670eea7068f790e5ac79207cad49d430b745c78aa00202007f920ff.png
23:24:18.989 [main] DEBUG net.thucydides.core.steps.StepInterceptor - STARTING STEP: LogoutStep.inputMyPassword - typeMyPassword
23:24:18.993 [Forwarding findElement on session 52ba7d5f1306920231494a95b4bf6d97 to remote] DEBUG org.asynchttpclient.netty.request.NettyRequestSender - Using pooled Channel '[id: 0xfa9d71f2, L:/127.0.0.1:52274 - R:localhost/127.0.0.1:60453]' for 'POST' to 'http://localhost:60453/session/52ba7d5f1306920231494a95b4bf6d97/element'
23:24:18.993 [Forwarding findElement on session 52ba7d5f1306920231494a95b4bf6d97 to remote] DEBUG org.asynchttpclient.netty.request.NettyRequestSender - Using open Channel [id: 0xfa9d71f2, L:/127.0.0.1:52274 - R:localhost/127.0.0.1:60453] for POST '/session/52ba7d5f1306920231494a95b4bf6d97/element'
23:24:19.014 [AsyncHttpClient-1-9] DEBUG org.asynchttpclient.netty.handler.HttpHandler - 

Request DefaultHttpRequest(decodeResult: success, version: HTTP/1.1)
POST /session/52ba7d5f1306920231494a95b4bf6d97/element HTTP/1.1
User-Agent: selenium/4.1.2 (java windows)
Content-Length: 87
Content-Type: application/json; charset=utf-8
host: localhost:60453
accept: */*

Response DefaultHttpResponse(decodeResult: success, version: HTTP/1.1)
HTTP/1.1 200 OK
Content-Type: application/json; charset=utf-8
cache-control: no-cache
content-length: 88

23:24:19.014 [AsyncHttpClient-1-9] DEBUG org.asynchttpclient.netty.channel.ChannelManager - Adding key: http://localhost:60453 for channel [id: 0xfa9d71f2, L:/127.0.0.1:52274 - R:localhost/127.0.0.1:60453]
23:24:19.017 [Forwarding sendKeysToElement on session 52ba7d5f1306920231494a95b4bf6d97 to remote] DEBUG org.asynchttpclient.netty.request.NettyRequestSender - Using pooled Channel '[id: 0xfa9d71f2, L:/127.0.0.1:52274 - R:localhost/127.0.0.1:60453]' for 'POST' to 'http://localhost:60453/session/52ba7d5f1306920231494a95b4bf6d97/element/9ad64b53-c5e6-4dcd-95ca-87c89bfaf0ed/value'
23:24:19.017 [Forwarding sendKeysToElement on session 52ba7d5f1306920231494a95b4bf6d97 to remote] DEBUG org.asynchttpclient.netty.request.NettyRequestSender - Using open Channel [id: 0xfa9d71f2, L:/127.0.0.1:52274 - R:localhost/127.0.0.1:60453] for POST '/session/52ba7d5f1306920231494a95b4bf6d97/element/9ad64b53-c5e6-4dcd-95ca-87c89bfaf0ed/value'
23:24:19.143 [AsyncHttpClient-1-9] DEBUG org.asynchttpclient.netty.handler.HttpHandler - 

Request DefaultHttpRequest(decodeResult: success, version: HTTP/1.1)
POST /session/52ba7d5f1306920231494a95b4bf6d97/element/9ad64b53-c5e6-4dcd-95ca-87c89bfaf0ed/value HTTP/1.1
User-Agent: selenium/4.1.2 (java windows)
Content-Length: 131
Content-Type: application/json; charset=utf-8
host: localhost:60453
accept: */*

Response DefaultHttpResponse(decodeResult: success, version: HTTP/1.1)
HTTP/1.1 200 OK
Content-Type: application/json; charset=utf-8
cache-control: no-cache
content-length: 14

23:24:19.144 [AsyncHttpClient-1-9] DEBUG org.asynchttpclient.netty.channel.ChannelManager - Adding key: http://localhost:60453 for channel [id: 0xfa9d71f2, L:/127.0.0.1:52274 - R:localhost/127.0.0.1:60453]
23:24:19.150 [Forwarding screenshot on session 52ba7d5f1306920231494a95b4bf6d97 to remote] DEBUG org.asynchttpclient.netty.request.NettyRequestSender - Using pooled Channel '[id: 0xfa9d71f2, L:/127.0.0.1:52274 - R:localhost/127.0.0.1:60453]' for 'GET' to 'http://localhost:60453/session/52ba7d5f1306920231494a95b4bf6d97/screenshot'
23:24:19.150 [Forwarding screenshot on session 52ba7d5f1306920231494a95b4bf6d97 to remote] DEBUG org.asynchttpclient.netty.request.NettyRequestSender - Using open Channel [id: 0xfa9d71f2, L:/127.0.0.1:52274 - R:localhost/127.0.0.1:60453] for GET '/session/52ba7d5f1306920231494a95b4bf6d97/screenshot'
23:24:19.261 [AsyncHttpClient-1-1] DEBUG org.asynchttpclient.netty.channel.DefaultChannelPool - Entry count for : http://localhost:52275 : 1
23:24:19.390 [AsyncHttpClient-1-9] DEBUG org.asynchttpclient.netty.handler.HttpHandler - 

Request DefaultFullHttpRequest(decodeResult: success, version: HTTP/1.1, content: EmptyByteBufBE)
GET /session/52ba7d5f1306920231494a95b4bf6d97/screenshot HTTP/1.1
User-Agent: selenium/4.1.2 (java windows)
Cache-Control: no-cache
Content-Type: application/json; charset=utf-8
host: localhost:60453
accept: */*

Response DefaultHttpResponse(decodeResult: success, version: HTTP/1.1)
HTTP/1.1 200 OK
Content-Type: application/json; charset=utf-8
cache-control: no-cache
content-length: 49084

23:24:19.391 [AsyncHttpClient-1-9] DEBUG org.asynchttpclient.netty.channel.ChannelManager - Adding key: http://localhost:60453 for channel [id: 0xfa9d71f2, L:/127.0.0.1:52274 - R:localhost/127.0.0.1:60453]
23:24:19.397 [main] DEBUG net.serenitybdd.core.photography.Darkroom - Send negative for processing for target\site\serenity\9be643899fc3d3ee2b5e34378e530d11f9049d37f41d2f57f0c33879d0de56a8.png
23:24:19.397 [main] DEBUG net.thucydides.core.steps.StepInterceptor - STEP DONE: typeMyPassword
23:24:19.398 [Darkroom Processing Line] DEBUG net.serenitybdd.core.photography.DarkroomProcessingLine - Processing screenshot image in /var/screenshots/screenshot-7304280378921223802
23:24:19.398 [Darkroom Processing Line] DEBUG net.serenitybdd.core.photography.DarkroomProcessingLine - Saving screenshot to target\site\serenity\9be643899fc3d3ee2b5e34378e530d11f9049d37f41d2f57f0c33879d0de56a8.png
23:24:19.407 [main] DEBUG net.thucydides.core.steps.StepInterceptor - STARTING STEP: LogoutStep.inputMyPassword - clickLoginButton
23:24:19.412 [Forwarding findElement on session 52ba7d5f1306920231494a95b4bf6d97 to remote] DEBUG org.asynchttpclient.netty.request.NettyRequestSender - Using pooled Channel '[id: 0xfa9d71f2, L:/127.0.0.1:52274 - R:localhost/127.0.0.1:60453]' for 'POST' to 'http://localhost:60453/session/52ba7d5f1306920231494a95b4bf6d97/element'
23:24:19.412 [Forwarding findElement on session 52ba7d5f1306920231494a95b4bf6d97 to remote] DEBUG org.asynchttpclient.netty.request.NettyRequestSender - Using open Channel [id: 0xfa9d71f2, L:/127.0.0.1:52274 - R:localhost/127.0.0.1:60453] for POST '/session/52ba7d5f1306920231494a95b4bf6d97/element'
23:24:19.431 [AsyncHttpClient-1-9] DEBUG org.asynchttpclient.netty.handler.HttpHandler - 

Request DefaultHttpRequest(decodeResult: success, version: HTTP/1.1)
POST /session/52ba7d5f1306920231494a95b4bf6d97/element HTTP/1.1
User-Agent: selenium/4.1.2 (java windows)
Content-Length: 155
Content-Type: application/json; charset=utf-8
host: localhost:60453
accept: */*

Response DefaultHttpResponse(decodeResult: success, version: HTTP/1.1)
HTTP/1.1 200 OK
Content-Type: application/json; charset=utf-8
cache-control: no-cache
content-length: 88

23:24:19.432 [AsyncHttpClient-1-9] DEBUG org.asynchttpclient.netty.channel.ChannelManager - Adding key: http://localhost:60453 for channel [id: 0xfa9d71f2, L:/127.0.0.1:52274 - R:localhost/127.0.0.1:60453]
23:24:19.435 [Forwarding getElementTagName on session 52ba7d5f1306920231494a95b4bf6d97 to remote] DEBUG org.asynchttpclient.netty.request.NettyRequestSender - Using pooled Channel '[id: 0xfa9d71f2, L:/127.0.0.1:52274 - R:localhost/127.0.0.1:60453]' for 'GET' to 'http://localhost:60453/session/52ba7d5f1306920231494a95b4bf6d97/element/1c00aa1c-f8b1-4e99-bf6a-ee98418b3c38/name'
23:24:19.435 [Forwarding getElementTagName on session 52ba7d5f1306920231494a95b4bf6d97 to remote] DEBUG org.asynchttpclient.netty.request.NettyRequestSender - Using open Channel [id: 0xfa9d71f2, L:/127.0.0.1:52274 - R:localhost/127.0.0.1:60453] for GET '/session/52ba7d5f1306920231494a95b4bf6d97/element/1c00aa1c-f8b1-4e99-bf6a-ee98418b3c38/name'
23:24:19.443 [AsyncHttpClient-1-9] DEBUG org.asynchttpclient.netty.handler.HttpHandler - 

Request DefaultFullHttpRequest(decodeResult: success, version: HTTP/1.1, content: EmptyByteBufBE)
GET /session/52ba7d5f1306920231494a95b4bf6d97/element/1c00aa1c-f8b1-4e99-bf6a-ee98418b3c38/name HTTP/1.1
User-Agent: selenium/4.1.2 (java windows)
Cache-Control: no-cache
Content-Type: application/json; charset=utf-8
host: localhost:60453
accept: */*

Response DefaultHttpResponse(decodeResult: success, version: HTTP/1.1)
HTTP/1.1 200 OK
Content-Type: application/json; charset=utf-8
cache-control: no-cache
content-length: 18

23:24:19.443 [AsyncHttpClient-1-9] DEBUG org.asynchttpclient.netty.channel.ChannelManager - Adding key: http://localhost:60453 for channel [id: 0xfa9d71f2, L:/127.0.0.1:52274 - R:localhost/127.0.0.1:60453]
23:24:19.445 [Forwarding getElementTagName on session 52ba7d5f1306920231494a95b4bf6d97 to remote] DEBUG org.asynchttpclient.netty.request.NettyRequestSender - Using pooled Channel '[id: 0xfa9d71f2, L:/127.0.0.1:52274 - R:localhost/127.0.0.1:60453]' for 'GET' to 'http://localhost:60453/session/52ba7d5f1306920231494a95b4bf6d97/element/1c00aa1c-f8b1-4e99-bf6a-ee98418b3c38/name'
23:24:19.446 [Forwarding getElementTagName on session 52ba7d5f1306920231494a95b4bf6d97 to remote] DEBUG org.asynchttpclient.netty.request.NettyRequestSender - Using open Channel [id: 0xfa9d71f2, L:/127.0.0.1:52274 - R:localhost/127.0.0.1:60453] for GET '/session/52ba7d5f1306920231494a95b4bf6d97/element/1c00aa1c-f8b1-4e99-bf6a-ee98418b3c38/name'
23:24:19.451 [AsyncHttpClient-1-9] DEBUG org.asynchttpclient.netty.handler.HttpHandler - 

Request DefaultFullHttpRequest(decodeResult: success, version: HTTP/1.1, content: EmptyByteBufBE)
GET /session/52ba7d5f1306920231494a95b4bf6d97/element/1c00aa1c-f8b1-4e99-bf6a-ee98418b3c38/name HTTP/1.1
User-Agent: selenium/4.1.2 (java windows)
Cache-Control: no-cache
Content-Type: application/json; charset=utf-8
host: localhost:60453
accept: */*

Response DefaultHttpResponse(decodeResult: success, version: HTTP/1.1)
HTTP/1.1 200 OK
Content-Type: application/json; charset=utf-8
cache-control: no-cache
content-length: 18

23:24:19.451 [AsyncHttpClient-1-9] DEBUG org.asynchttpclient.netty.channel.ChannelManager - Adding key: http://localhost:60453 for channel [id: 0xfa9d71f2, L:/127.0.0.1:52274 - R:localhost/127.0.0.1:60453]
23:24:19.458 [Forwarding isElementEnabled on session 52ba7d5f1306920231494a95b4bf6d97 to remote] DEBUG org.asynchttpclient.netty.request.NettyRequestSender - Using pooled Channel '[id: 0xfa9d71f2, L:/127.0.0.1:52274 - R:localhost/127.0.0.1:60453]' for 'GET' to 'http://localhost:60453/session/52ba7d5f1306920231494a95b4bf6d97/element/1c00aa1c-f8b1-4e99-bf6a-ee98418b3c38/enabled'
23:24:19.458 [Forwarding isElementEnabled on session 52ba7d5f1306920231494a95b4bf6d97 to remote] DEBUG org.asynchttpclient.netty.request.NettyRequestSender - Using open Channel [id: 0xfa9d71f2, L:/127.0.0.1:52274 - R:localhost/127.0.0.1:60453] for GET '/session/52ba7d5f1306920231494a95b4bf6d97/element/1c00aa1c-f8b1-4e99-bf6a-ee98418b3c38/enabled'
23:24:19.471 [AsyncHttpClient-1-9] DEBUG org.asynchttpclient.netty.handler.HttpHandler - 

Request DefaultFullHttpRequest(decodeResult: success, version: HTTP/1.1, content: EmptyByteBufBE)
GET /session/52ba7d5f1306920231494a95b4bf6d97/element/1c00aa1c-f8b1-4e99-bf6a-ee98418b3c38/enabled HTTP/1.1
User-Agent: selenium/4.1.2 (java windows)
Cache-Control: no-cache
Content-Type: application/json; charset=utf-8
host: localhost:60453
accept: */*

Response DefaultHttpResponse(decodeResult: success, version: HTTP/1.1)
HTTP/1.1 200 OK
Content-Type: application/json; charset=utf-8
cache-control: no-cache
content-length: 14

23:24:19.472 [AsyncHttpClient-1-9] DEBUG org.asynchttpclient.netty.channel.ChannelManager - Adding key: http://localhost:60453 for channel [id: 0xfa9d71f2, L:/127.0.0.1:52274 - R:localhost/127.0.0.1:60453]
23:24:19.475 [Forwarding isElementEnabled on session 52ba7d5f1306920231494a95b4bf6d97 to remote] DEBUG org.asynchttpclient.netty.request.NettyRequestSender - Using pooled Channel '[id: 0xfa9d71f2, L:/127.0.0.1:52274 - R:localhost/127.0.0.1:60453]' for 'GET' to 'http://localhost:60453/session/52ba7d5f1306920231494a95b4bf6d97/element/1c00aa1c-f8b1-4e99-bf6a-ee98418b3c38/enabled'
23:24:19.475 [Forwarding isElementEnabled on session 52ba7d5f1306920231494a95b4bf6d97 to remote] DEBUG org.asynchttpclient.netty.request.NettyRequestSender - Using open Channel [id: 0xfa9d71f2, L:/127.0.0.1:52274 - R:localhost/127.0.0.1:60453] for GET '/session/52ba7d5f1306920231494a95b4bf6d97/element/1c00aa1c-f8b1-4e99-bf6a-ee98418b3c38/enabled'
23:24:19.483 [AsyncHttpClient-1-9] DEBUG org.asynchttpclient.netty.handler.HttpHandler - 

Request DefaultFullHttpRequest(decodeResult: success, version: HTTP/1.1, content: EmptyByteBufBE)
GET /session/52ba7d5f1306920231494a95b4bf6d97/element/1c00aa1c-f8b1-4e99-bf6a-ee98418b3c38/enabled HTTP/1.1
User-Agent: selenium/4.1.2 (java windows)
Cache-Control: no-cache
Content-Type: application/json; charset=utf-8
host: localhost:60453
accept: */*

Response DefaultHttpResponse(decodeResult: success, version: HTTP/1.1)
HTTP/1.1 200 OK
Content-Type: application/json; charset=utf-8
cache-control: no-cache
content-length: 14

23:24:19.484 [AsyncHttpClient-1-9] DEBUG org.asynchttpclient.netty.channel.ChannelManager - Adding key: http://localhost:60453 for channel [id: 0xfa9d71f2, L:/127.0.0.1:52274 - R:localhost/127.0.0.1:60453]
23:24:19.492 [Forwarding findElement on session 52ba7d5f1306920231494a95b4bf6d97 to remote] DEBUG org.asynchttpclient.netty.request.NettyRequestSender - Using pooled Channel '[id: 0xfa9d71f2, L:/127.0.0.1:52274 - R:localhost/127.0.0.1:60453]' for 'POST' to 'http://localhost:60453/session/52ba7d5f1306920231494a95b4bf6d97/element'
23:24:19.492 [Forwarding findElement on session 52ba7d5f1306920231494a95b4bf6d97 to remote] DEBUG org.asynchttpclient.netty.request.NettyRequestSender - Using open Channel [id: 0xfa9d71f2, L:/127.0.0.1:52274 - R:localhost/127.0.0.1:60453] for POST '/session/52ba7d5f1306920231494a95b4bf6d97/element'
23:24:19.507 [AsyncHttpClient-1-9] DEBUG org.asynchttpclient.netty.handler.HttpHandler - 

Request DefaultHttpRequest(decodeResult: success, version: HTTP/1.1)
POST /session/52ba7d5f1306920231494a95b4bf6d97/element HTTP/1.1
User-Agent: selenium/4.1.2 (java windows)
Content-Length: 155
Content-Type: application/json; charset=utf-8
host: localhost:60453
accept: */*

Response DefaultHttpResponse(decodeResult: success, version: HTTP/1.1)
HTTP/1.1 200 OK
Content-Type: application/json; charset=utf-8
cache-control: no-cache
content-length: 88

23:24:19.508 [AsyncHttpClient-1-9] DEBUG org.asynchttpclient.netty.channel.ChannelManager - Adding key: http://localhost:60453 for channel [id: 0xfa9d71f2, L:/127.0.0.1:52274 - R:localhost/127.0.0.1:60453]
23:24:19.510 [Forwarding clickElement on session 52ba7d5f1306920231494a95b4bf6d97 to remote] DEBUG org.asynchttpclient.netty.request.NettyRequestSender - Using pooled Channel '[id: 0xfa9d71f2, L:/127.0.0.1:52274 - R:localhost/127.0.0.1:60453]' for 'POST' to 'http://localhost:60453/session/52ba7d5f1306920231494a95b4bf6d97/element/1c00aa1c-f8b1-4e99-bf6a-ee98418b3c38/click'
23:24:19.511 [Forwarding clickElement on session 52ba7d5f1306920231494a95b4bf6d97 to remote] DEBUG org.asynchttpclient.netty.request.NettyRequestSender - Using open Channel [id: 0xfa9d71f2, L:/127.0.0.1:52274 - R:localhost/127.0.0.1:60453] for POST '/session/52ba7d5f1306920231494a95b4bf6d97/element/1c00aa1c-f8b1-4e99-bf6a-ee98418b3c38/click'
23:24:19.608 [AsyncHttpClient-1-9] DEBUG org.asynchttpclient.netty.handler.HttpHandler - 

Request DefaultHttpRequest(decodeResult: success, version: HTTP/1.1)
POST /session/52ba7d5f1306920231494a95b4bf6d97/element/1c00aa1c-f8b1-4e99-bf6a-ee98418b3c38/click HTTP/1.1
User-Agent: selenium/4.1.2 (java windows)
Content-Length: 50
Content-Type: application/json; charset=utf-8
host: localhost:60453
accept: */*

Response DefaultHttpResponse(decodeResult: success, version: HTTP/1.1)
HTTP/1.1 200 OK
Content-Type: application/json; charset=utf-8
cache-control: no-cache
content-length: 14

23:24:19.608 [AsyncHttpClient-1-9] DEBUG org.asynchttpclient.netty.channel.ChannelManager - Adding key: http://localhost:60453 for channel [id: 0xfa9d71f2, L:/127.0.0.1:52274 - R:localhost/127.0.0.1:60453]
23:24:19.616 [Forwarding screenshot on session 52ba7d5f1306920231494a95b4bf6d97 to remote] DEBUG org.asynchttpclient.netty.request.NettyRequestSender - Using pooled Channel '[id: 0xfa9d71f2, L:/127.0.0.1:52274 - R:localhost/127.0.0.1:60453]' for 'GET' to 'http://localhost:60453/session/52ba7d5f1306920231494a95b4bf6d97/screenshot'
23:24:19.616 [Forwarding screenshot on session 52ba7d5f1306920231494a95b4bf6d97 to remote] DEBUG org.asynchttpclient.netty.request.NettyRequestSender - Using open Channel [id: 0xfa9d71f2, L:/127.0.0.1:52274 - R:localhost/127.0.0.1:60453] for GET '/session/52ba7d5f1306920231494a95b4bf6d97/screenshot'
23:24:20.050 [AsyncHttpClient-1-9] DEBUG org.asynchttpclient.netty.handler.HttpHandler - 

Request DefaultFullHttpRequest(decodeResult: success, version: HTTP/1.1, content: EmptyByteBufBE)
GET /session/52ba7d5f1306920231494a95b4bf6d97/screenshot HTTP/1.1
User-Agent: selenium/4.1.2 (java windows)
Cache-Control: no-cache
Content-Type: application/json; charset=utf-8
host: localhost:60453
accept: */*

Response DefaultHttpResponse(decodeResult: success, version: HTTP/1.1)
HTTP/1.1 200 OK
Content-Type: application/json; charset=utf-8
cache-control: no-cache
content-length: 48228

23:24:20.051 [AsyncHttpClient-1-9] DEBUG org.asynchttpclient.netty.channel.ChannelManager - Adding key: http://localhost:60453 for channel [id: 0xfa9d71f2, L:/127.0.0.1:52274 - R:localhost/127.0.0.1:60453]
23:24:20.056 [main] DEBUG net.serenitybdd.core.photography.Darkroom - Send negative for processing for target\site\serenity\d17607d6168d5720f59f6dade34c706f9cde7201bf80df406f4d5543736b0a9e.png
23:24:20.056 [main] DEBUG net.thucydides.core.steps.StepInterceptor - STEP DONE: clickLoginButton
  &amp#27;[32mAnd &amp#27;[0m&amp#27;[32mI input my password &amp#27;[0m&amp#27;[32m&amp#27;[1maiueo&amp#27;[0m                      &amp#27;[90m# stepdefinitions.LogoutStep.inputMyPassword(java.lang.String)&amp#27;[0m
23:24:20.060 [Darkroom Processing Line] DEBUG net.serenitybdd.core.photography.DarkroomProcessingLine - Processing screenshot image in /var/screenshots/screenshot-3560562927597804141
23:24:20.060 [Darkroom Processing Line] DEBUG net.serenitybdd.core.photography.DarkroomProcessingLine - Saving screenshot to target\site\serenity\d17607d6168d5720f59f6dade34c706f9cde7201bf80df406f4d5543736b0a9e.png
23:24:20.082 [main] DEBUG net.thucydides.core.steps.StepInterceptor - STARTING STEP: LogoutStep.iOnLandingPage - validateOnHomePage
23:24:20.085 [Forwarding findElement on session 52ba7d5f1306920231494a95b4bf6d97 to remote] DEBUG org.asynchttpclient.netty.request.NettyRequestSender - Using pooled Channel '[id: 0xfa9d71f2, L:/127.0.0.1:52274 - R:localhost/127.0.0.1:60453]' for 'POST' to 'http://localhost:60453/session/52ba7d5f1306920231494a95b4bf6d97/element'
23:24:20.085 [Forwarding findElement on session 52ba7d5f1306920231494a95b4bf6d97 to remote] DEBUG org.asynchttpclient.netty.request.NettyRequestSender - Using open Channel [id: 0xfa9d71f2, L:/127.0.0.1:52274 - R:localhost/127.0.0.1:60453] for POST '/session/52ba7d5f1306920231494a95b4bf6d97/element'
23:24:20.364 [AsyncHttpClient-1-1] DEBUG org.asynchttpclient.netty.channel.DefaultChannelPool - Entry count for : http://localhost:52275 : 1
23:24:20.433 [AsyncHttpClient-1-9] DEBUG org.asynchttpclient.netty.handler.HttpHandler - 

Request DefaultHttpRequest(decodeResult: success, version: HTTP/1.1)
POST /session/52ba7d5f1306920231494a95b4bf6d97/element HTTP/1.1
User-Agent: selenium/4.1.2 (java windows)
Content-Length: 82
Content-Type: application/json; charset=utf-8
host: localhost:60453
accept: */*

Response DefaultHttpResponse(decodeResult: success, version: HTTP/1.1)
HTTP/1.1 200 OK
Content-Type: application/json; charset=utf-8
cache-control: no-cache
content-length: 88

23:24:20.434 [AsyncHttpClient-1-9] DEBUG org.asynchttpclient.netty.channel.ChannelManager - Adding key: http://localhost:60453 for channel [id: 0xfa9d71f2, L:/127.0.0.1:52274 - R:localhost/127.0.0.1:60453]
23:24:20.441 [Forwarding isElementDisplayed on session 52ba7d5f1306920231494a95b4bf6d97 to remote] DEBUG org.asynchttpclient.netty.request.NettyRequestSender - Using pooled Channel '[id: 0xfa9d71f2, L:/127.0.0.1:52274 - R:localhost/127.0.0.1:60453]' for 'POST' to 'http://localhost:60453/session/52ba7d5f1306920231494a95b4bf6d97/execute/sync'
23:24:20.441 [Forwarding isElementDisplayed on session 52ba7d5f1306920231494a95b4bf6d97 to remote] DEBUG org.asynchttpclient.netty.request.NettyRequestSender - Using open Channel [id: 0xfa9d71f2, L:/127.0.0.1:52274 - R:localhost/127.0.0.1:60453] for POST '/session/52ba7d5f1306920231494a95b4bf6d97/execute/sync'
23:24:20.479 [AsyncHttpClient-1-9] DEBUG org.asynchttpclient.netty.handler.HttpHandler - 

Request DefaultHttpRequest(decodeResult: success, version: HTTP/1.1)
POST /session/52ba7d5f1306920231494a95b4bf6d97/execute/sync HTTP/1.1
User-Agent: selenium/4.1.2 (java windows)
Content-Length: 48780
Content-Type: application/json; charset=utf-8
host: localhost:60453
accept: */*

Response DefaultHttpResponse(decodeResult: success, version: HTTP/1.1)
HTTP/1.1 200 OK
Content-Type: application/json; charset=utf-8
cache-control: no-cache
content-length: 14

23:24:20.480 [AsyncHttpClient-1-9] DEBUG org.asynchttpclient.netty.channel.ChannelManager - Adding key: http://localhost:60453 for channel [id: 0xfa9d71f2, L:/127.0.0.1:52274 - R:localhost/127.0.0.1:60453]
23:24:20.494 [Forwarding screenshot on session 52ba7d5f1306920231494a95b4bf6d97 to remote] DEBUG org.asynchttpclient.netty.request.NettyRequestSender - Using pooled Channel '[id: 0xfa9d71f2, L:/127.0.0.1:52274 - R:localhost/127.0.0.1:60453]' for 'GET' to 'http://localhost:60453/session/52ba7d5f1306920231494a95b4bf6d97/screenshot'
23:24:20.495 [Forwarding screenshot on session 52ba7d5f1306920231494a95b4bf6d97 to remote] DEBUG org.asynchttpclient.netty.request.NettyRequestSender - Using open Channel [id: 0xfa9d71f2, L:/127.0.0.1:52274 - R:localhost/127.0.0.1:60453] for GET '/session/52ba7d5f1306920231494a95b4bf6d97/screenshot'
23:24:20.808 [AsyncHttpClient-1-9] DEBUG org.asynchttpclient.netty.handler.HttpHandler - 

Request DefaultFullHttpRequest(decodeResult: success, version: HTTP/1.1, content: EmptyByteBufBE)
GET /session/52ba7d5f1306920231494a95b4bf6d97/screenshot HTTP/1.1
User-Agent: selenium/4.1.2 (java windows)
Cache-Control: no-cache
Content-Type: application/json; charset=utf-8
host: localhost:60453
accept: */*

Response DefaultHttpResponse(decodeResult: success, version: HTTP/1.1)
HTTP/1.1 200 OK
Content-Type: application/json; charset=utf-8
cache-control: no-cache
content-length: 31948

23:24:20.809 [AsyncHttpClient-1-9] DEBUG org.asynchttpclient.netty.channel.ChannelManager - Adding key: http://localhost:60453 for channel [id: 0xfa9d71f2, L:/127.0.0.1:52274 - R:localhost/127.0.0.1:60453]
23:24:20.811 [main] DEBUG net.serenitybdd.core.photography.Darkroom - Send negative for processing for target\site\serenity\ef57d92d21bbdeb58d613dd03153a540ef481dfe6135037f447e7fd443a01058.png
23:24:20.812 [main] DEBUG net.thucydides.core.steps.StepInterceptor - STEP DONE: validateOnHomePage
  &amp#27;[32mAnd &amp#27;[0m&amp#27;[32mI on landing page&amp#27;[0m                              &amp#27;[90m# stepdefinitions.LogoutStep.iOnLandingPage()&amp#27;[0m
23:24:20.812 [Darkroom Processing Line] DEBUG net.serenitybdd.core.photography.DarkroomProcessingLine - Processing screenshot image in /var/screenshots/screenshot-3078684017288672529
23:24:20.812 [Darkroom Processing Line] DEBUG net.serenitybdd.core.photography.DarkroomProcessingLine - Saving screenshot to target\site\serenity\ef57d92d21bbdeb58d613dd03153a540ef481dfe6135037f447e7fd443a01058.png
23:24:20.848 [main] DEBUG net.thucydides.core.steps.StepInterceptor - STARTING STEP: LogoutStep.iClickPepopleIcon - clickPeopleButton
23:24:20.859 [Forwarding findElement on session 52ba7d5f1306920231494a95b4bf6d97 to remote] DEBUG org.asynchttpclient.netty.request.NettyRequestSender - Using pooled Channel '[id: 0xfa9d71f2, L:/127.0.0.1:52274 - R:localhost/127.0.0.1:60453]' for 'POST' to 'http://localhost:60453/session/52ba7d5f1306920231494a95b4bf6d97/element'
23:24:20.859 [Forwarding findElement on session 52ba7d5f1306920231494a95b4bf6d97 to remote] DEBUG org.asynchttpclient.netty.request.NettyRequestSender - Using open Channel [id: 0xfa9d71f2, L:/127.0.0.1:52274 - R:localhost/127.0.0.1:60453] for POST '/session/52ba7d5f1306920231494a95b4bf6d97/element'
23:24:20.881 [AsyncHttpClient-1-9] DEBUG org.asynchttpclient.netty.handler.HttpHandler - 

Request DefaultHttpRequest(decodeResult: success, version: HTTP/1.1)
POST /session/52ba7d5f1306920231494a95b4bf6d97/element HTTP/1.1
User-Agent: selenium/4.1.2 (java windows)
Content-Length: 111
Content-Type: application/json; charset=utf-8
host: localhost:60453
accept: */*

Response DefaultHttpResponse(decodeResult: success, version: HTTP/1.1)
HTTP/1.1 200 OK
Content-Type: application/json; charset=utf-8
cache-control: no-cache
content-length: 88

23:24:20.881 [AsyncHttpClient-1-9] DEBUG org.asynchttpclient.netty.channel.ChannelManager - Adding key: http://localhost:60453 for channel [id: 0xfa9d71f2, L:/127.0.0.1:52274 - R:localhost/127.0.0.1:60453]
23:24:20.884 [Forwarding getElementTagName on session 52ba7d5f1306920231494a95b4bf6d97 to remote] DEBUG org.asynchttpclient.netty.request.NettyRequestSender - Using pooled Channel '[id: 0xfa9d71f2, L:/127.0.0.1:52274 - R:localhost/127.0.0.1:60453]' for 'GET' to 'http://localhost:60453/session/52ba7d5f1306920231494a95b4bf6d97/element/3e7a2ae6-1681-4154-93db-bf3ea7f8991d/name'
23:24:20.884 [Forwarding getElementTagName on session 52ba7d5f1306920231494a95b4bf6d97 to remote] DEBUG org.asynchttpclient.netty.request.NettyRequestSender - Using open Channel [id: 0xfa9d71f2, L:/127.0.0.1:52274 - R:localhost/127.0.0.1:60453] for GET '/session/52ba7d5f1306920231494a95b4bf6d97/element/3e7a2ae6-1681-4154-93db-bf3ea7f8991d/name'
23:24:20.895 [AsyncHttpClient-1-9] DEBUG org.asynchttpclient.netty.handler.HttpHandler - 

Request DefaultFullHttpRequest(decodeResult: success, version: HTTP/1.1, content: EmptyByteBufBE)
GET /session/52ba7d5f1306920231494a95b4bf6d97/element/3e7a2ae6-1681-4154-93db-bf3ea7f8991d/name HTTP/1.1
User-Agent: selenium/4.1.2 (java windows)
Cache-Control: no-cache
Content-Type: application/json; charset=utf-8
host: localhost:60453
accept: */*

Response DefaultHttpResponse(decodeResult: success, version: HTTP/1.1)
HTTP/1.1 200 OK
Content-Type: application/json; charset=utf-8
cache-control: no-cache
content-length: 18

23:24:20.895 [AsyncHttpClient-1-9] DEBUG org.asynchttpclient.netty.channel.ChannelManager - Adding key: http://localhost:60453 for channel [id: 0xfa9d71f2, L:/127.0.0.1:52274 - R:localhost/127.0.0.1:60453]
23:24:20.898 [Forwarding getElementTagName on session 52ba7d5f1306920231494a95b4bf6d97 to remote] DEBUG org.asynchttpclient.netty.request.NettyRequestSender - Using pooled Channel '[id: 0xfa9d71f2, L:/127.0.0.1:52274 - R:localhost/127.0.0.1:60453]' for 'GET' to 'http://localhost:60453/session/52ba7d5f1306920231494a95b4bf6d97/element/3e7a2ae6-1681-4154-93db-bf3ea7f8991d/name'
23:24:20.898 [Forwarding getElementTagName on session 52ba7d5f1306920231494a95b4bf6d97 to remote] DEBUG org.asynchttpclient.netty.request.NettyRequestSender - Using open Channel [id: 0xfa9d71f2, L:/127.0.0.1:52274 - R:localhost/127.0.0.1:60453] for GET '/session/52ba7d5f1306920231494a95b4bf6d97/element/3e7a2ae6-1681-4154-93db-bf3ea7f8991d/name'
23:24:20.903 [AsyncHttpClient-1-9] DEBUG org.asynchttpclient.netty.handler.HttpHandler - 

Request DefaultFullHttpRequest(decodeResult: success, version: HTTP/1.1, content: EmptyByteBufBE)
GET /session/52ba7d5f1306920231494a95b4bf6d97/element/3e7a2ae6-1681-4154-93db-bf3ea7f8991d/name HTTP/1.1
User-Agent: selenium/4.1.2 (java windows)
Cache-Control: no-cache
Content-Type: application/json; charset=utf-8
host: localhost:60453
accept: */*

Response DefaultHttpResponse(decodeResult: success, version: HTTP/1.1)
HTTP/1.1 200 OK
Content-Type: application/json; charset=utf-8
cache-control: no-cache
content-length: 18

23:24:20.905 [AsyncHttpClient-1-9] DEBUG org.asynchttpclient.netty.channel.ChannelManager - Adding key: http://localhost:60453 for channel [id: 0xfa9d71f2, L:/127.0.0.1:52274 - R:localhost/127.0.0.1:60453]
23:24:20.911 [Forwarding isElementEnabled on session 52ba7d5f1306920231494a95b4bf6d97 to remote] DEBUG org.asynchttpclient.netty.request.NettyRequestSender - Using pooled Channel '[id: 0xfa9d71f2, L:/127.0.0.1:52274 - R:localhost/127.0.0.1:60453]' for 'GET' to 'http://localhost:60453/session/52ba7d5f1306920231494a95b4bf6d97/element/3e7a2ae6-1681-4154-93db-bf3ea7f8991d/enabled'
23:24:20.911 [Forwarding isElementEnabled on session 52ba7d5f1306920231494a95b4bf6d97 to remote] DEBUG org.asynchttpclient.netty.request.NettyRequestSender - Using open Channel [id: 0xfa9d71f2, L:/127.0.0.1:52274 - R:localhost/127.0.0.1:60453] for GET '/session/52ba7d5f1306920231494a95b4bf6d97/element/3e7a2ae6-1681-4154-93db-bf3ea7f8991d/enabled'
23:24:20.925 [AsyncHttpClient-1-9] DEBUG org.asynchttpclient.netty.handler.HttpHandler - 

Request DefaultFullHttpRequest(decodeResult: success, version: HTTP/1.1, content: EmptyByteBufBE)
GET /session/52ba7d5f1306920231494a95b4bf6d97/element/3e7a2ae6-1681-4154-93db-bf3ea7f8991d/enabled HTTP/1.1
User-Agent: selenium/4.1.2 (java windows)
Cache-Control: no-cache
Content-Type: application/json; charset=utf-8
host: localhost:60453
accept: */*

Response DefaultHttpResponse(decodeResult: success, version: HTTP/1.1)
HTTP/1.1 200 OK
Content-Type: application/json; charset=utf-8
cache-control: no-cache
content-length: 14

23:24:20.926 [AsyncHttpClient-1-9] DEBUG org.asynchttpclient.netty.channel.ChannelManager - Adding key: http://localhost:60453 for channel [id: 0xfa9d71f2, L:/127.0.0.1:52274 - R:localhost/127.0.0.1:60453]
23:24:20.928 [Forwarding isElementEnabled on session 52ba7d5f1306920231494a95b4bf6d97 to remote] DEBUG org.asynchttpclient.netty.request.NettyRequestSender - Using pooled Channel '[id: 0xfa9d71f2, L:/127.0.0.1:52274 - R:localhost/127.0.0.1:60453]' for 'GET' to 'http://localhost:60453/session/52ba7d5f1306920231494a95b4bf6d97/element/3e7a2ae6-1681-4154-93db-bf3ea7f8991d/enabled'
23:24:20.928 [Forwarding isElementEnabled on session 52ba7d5f1306920231494a95b4bf6d97 to remote] DEBUG org.asynchttpclient.netty.request.NettyRequestSender - Using open Channel [id: 0xfa9d71f2, L:/127.0.0.1:52274 - R:localhost/127.0.0.1:60453] for GET '/session/52ba7d5f1306920231494a95b4bf6d97/element/3e7a2ae6-1681-4154-93db-bf3ea7f8991d/enabled'
23:24:20.941 [AsyncHttpClient-1-9] DEBUG org.asynchttpclient.netty.handler.HttpHandler - 

Request DefaultFullHttpRequest(decodeResult: success, version: HTTP/1.1, content: EmptyByteBufBE)
GET /session/52ba7d5f1306920231494a95b4bf6d97/element/3e7a2ae6-1681-4154-93db-bf3ea7f8991d/enabled HTTP/1.1
User-Agent: selenium/4.1.2 (java windows)
Cache-Control: no-cache
Content-Type: application/json; charset=utf-8
host: localhost:60453
accept: */*

Response DefaultHttpResponse(decodeResult: success, version: HTTP/1.1)
HTTP/1.1 200 OK
Content-Type: application/json; charset=utf-8
cache-control: no-cache
content-length: 14

23:24:20.942 [AsyncHttpClient-1-9] DEBUG org.asynchttpclient.netty.channel.ChannelManager - Adding key: http://localhost:60453 for channel [id: 0xfa9d71f2, L:/127.0.0.1:52274 - R:localhost/127.0.0.1:60453]
23:24:20.950 [Forwarding findElement on session 52ba7d5f1306920231494a95b4bf6d97 to remote] DEBUG org.asynchttpclient.netty.request.NettyRequestSender - Using pooled Channel '[id: 0xfa9d71f2, L:/127.0.0.1:52274 - R:localhost/127.0.0.1:60453]' for 'POST' to 'http://localhost:60453/session/52ba7d5f1306920231494a95b4bf6d97/element'
23:24:20.950 [Forwarding findElement on session 52ba7d5f1306920231494a95b4bf6d97 to remote] DEBUG org.asynchttpclient.netty.request.NettyRequestSender - Using open Channel [id: 0xfa9d71f2, L:/127.0.0.1:52274 - R:localhost/127.0.0.1:60453] for POST '/session/52ba7d5f1306920231494a95b4bf6d97/element'
23:24:20.965 [AsyncHttpClient-1-9] DEBUG org.asynchttpclient.netty.handler.HttpHandler - 

Request DefaultHttpRequest(decodeResult: success, version: HTTP/1.1)
POST /session/52ba7d5f1306920231494a95b4bf6d97/element HTTP/1.1
User-Agent: selenium/4.1.2 (java windows)
Content-Length: 111
Content-Type: application/json; charset=utf-8
host: localhost:60453
accept: */*

Response DefaultHttpResponse(decodeResult: success, version: HTTP/1.1)
HTTP/1.1 200 OK
Content-Type: application/json; charset=utf-8
cache-control: no-cache
content-length: 88

23:24:20.965 [AsyncHttpClient-1-9] DEBUG org.asynchttpclient.netty.channel.ChannelManager - Adding key: http://localhost:60453 for channel [id: 0xfa9d71f2, L:/127.0.0.1:52274 - R:localhost/127.0.0.1:60453]
23:24:20.968 [Forwarding clickElement on session 52ba7d5f1306920231494a95b4bf6d97 to remote] DEBUG org.asynchttpclient.netty.request.NettyRequestSender - Using pooled Channel '[id: 0xfa9d71f2, L:/127.0.0.1:52274 - R:localhost/127.0.0.1:60453]' for 'POST' to 'http://localhost:60453/session/52ba7d5f1306920231494a95b4bf6d97/element/3e7a2ae6-1681-4154-93db-bf3ea7f8991d/click'
23:24:20.968 [Forwarding clickElement on session 52ba7d5f1306920231494a95b4bf6d97 to remote] DEBUG org.asynchttpclient.netty.request.NettyRequestSender - Using open Channel [id: 0xfa9d71f2, L:/127.0.0.1:52274 - R:localhost/127.0.0.1:60453] for POST '/session/52ba7d5f1306920231494a95b4bf6d97/element/3e7a2ae6-1681-4154-93db-bf3ea7f8991d/click'
23:24:21.160 [AsyncHttpClient-1-9] DEBUG org.asynchttpclient.netty.handler.HttpHandler - 

Request DefaultHttpRequest(decodeResult: success, version: HTTP/1.1)
POST /session/52ba7d5f1306920231494a95b4bf6d97/element/3e7a2ae6-1681-4154-93db-bf3ea7f8991d/click HTTP/1.1
User-Agent: selenium/4.1.2 (java windows)
Content-Length: 50
Content-Type: application/json; charset=utf-8
host: localhost:60453
accept: */*

Response DefaultHttpResponse(decodeResult: success, version: HTTP/1.1)
HTTP/1.1 200 OK
Content-Type: application/json; charset=utf-8
cache-control: no-cache
content-length: 14

23:24:21.160 [AsyncHttpClient-1-9] DEBUG org.asynchttpclient.netty.channel.ChannelManager - Adding key: http://localhost:60453 for channel [id: 0xfa9d71f2, L:/127.0.0.1:52274 - R:localhost/127.0.0.1:60453]
23:24:21.182 [Forwarding screenshot on session 52ba7d5f1306920231494a95b4bf6d97 to remote] DEBUG org.asynchttpclient.netty.request.NettyRequestSender - Using pooled Channel '[id: 0xfa9d71f2, L:/127.0.0.1:52274 - R:localhost/127.0.0.1:60453]' for 'GET' to 'http://localhost:60453/session/52ba7d5f1306920231494a95b4bf6d97/screenshot'
23:24:21.182 [Forwarding screenshot on session 52ba7d5f1306920231494a95b4bf6d97 to remote] DEBUG org.asynchttpclient.netty.request.NettyRequestSender - Using open Channel [id: 0xfa9d71f2, L:/127.0.0.1:52274 - R:localhost/127.0.0.1:60453] for GET '/session/52ba7d5f1306920231494a95b4bf6d97/screenshot'
23:24:21.465 [AsyncHttpClient-1-1] DEBUG org.asynchttpclient.netty.channel.DefaultChannelPool - Entry count for : http://localhost:52275 : 1
23:24:22.558 [AsyncHttpClient-1-1] DEBUG org.asynchttpclient.netty.channel.DefaultChannelPool - Entry count for : http://localhost:52275 : 1
23:24:23.674 [AsyncHttpClient-1-1] DEBUG org.asynchttpclient.netty.channel.DefaultChannelPool - Entry count for : http://localhost:52275 : 1
23:24:24.592 [AsyncHttpClient-1-9] DEBUG org.asynchttpclient.netty.handler.HttpHandler - 

Request DefaultFullHttpRequest(decodeResult: success, version: HTTP/1.1, content: EmptyByteBufBE)
GET /session/52ba7d5f1306920231494a95b4bf6d97/screenshot HTTP/1.1
User-Agent: selenium/4.1.2 (java windows)
Cache-Control: no-cache
Content-Type: application/json; charset=utf-8
host: localhost:60453
accept: */*

Response DefaultHttpResponse(decodeResult: success, version: HTTP/1.1)
HTTP/1.1 200 OK
Content-Type: application/json; charset=utf-8
cache-control: no-cache
content-length: 44292

23:24:24.593 [AsyncHttpClient-1-9] DEBUG org.asynchttpclient.netty.channel.ChannelManager - Adding key: http://localhost:60453 for channel [id: 0xfa9d71f2, L:/127.0.0.1:52274 - R:localhost/127.0.0.1:60453]
23:24:24.596 [main] DEBUG net.serenitybdd.core.photography.Darkroom - Send negative for processing for target\site\serenity\cb9689deb24dfcadf4f6da071184a5e799a5067b199edd30930bf003eb425149.png
23:24:24.597 [main] DEBUG net.thucydides.core.steps.StepInterceptor - STEP DONE: clickPeopleButton
  &amp#27;[32mAnd &amp#27;[0m&amp#27;[32mI click people-icon&amp#27;[0m                            &amp#27;[90m# stepdefinitions.LogoutStep.iClickPepopleIcon()&amp#27;[0m
23:24:24.599 [Darkroom Processing Line] DEBUG net.serenitybdd.core.photography.DarkroomProcessingLine - Processing screenshot image in /var/screenshots/screenshot-8691620323073939753
23:24:24.599 [Darkroom Processing Line] DEBUG net.serenitybdd.core.photography.DarkroomProcessingLine - Saving screenshot to target\site\serenity\cb9689deb24dfcadf4f6da071184a5e799a5067b199edd30930bf003eb425149.png
23:24:24.641 [main] DEBUG net.thucydides.core.steps.StepInterceptor - STARTING STEP: LogoutStep.iClickLogoutButton - klikLogoutButton
23:24:24.647 [Forwarding findElement on session 52ba7d5f1306920231494a95b4bf6d97 to remote] DEBUG org.asynchttpclient.netty.request.NettyRequestSender - Using pooled Channel '[id: 0xfa9d71f2, L:/127.0.0.1:52274 - R:localhost/127.0.0.1:60453]' for 'POST' to 'http://localhost:60453/session/52ba7d5f1306920231494a95b4bf6d97/element'
23:24:24.647 [Forwarding findElement on session 52ba7d5f1306920231494a95b4bf6d97 to remote] DEBUG org.asynchttpclient.netty.request.NettyRequestSender - Using open Channel [id: 0xfa9d71f2, L:/127.0.0.1:52274 - R:localhost/127.0.0.1:60453] for POST '/session/52ba7d5f1306920231494a95b4bf6d97/element'
23:24:24.679 [AsyncHttpClient-1-9] DEBUG org.asynchttpclient.netty.handler.HttpHandler - 

Request DefaultHttpRequest(decodeResult: success, version: HTTP/1.1)
POST /session/52ba7d5f1306920231494a95b4bf6d97/element HTTP/1.1
User-Agent: selenium/4.1.2 (java windows)
Content-Length: 79
Content-Type: application/json; charset=utf-8
host: localhost:60453
accept: */*

Response DefaultHttpResponse(decodeResult: success, version: HTTP/1.1)
HTTP/1.1 200 OK
Content-Type: application/json; charset=utf-8
cache-control: no-cache
content-length: 88

23:24:24.679 [AsyncHttpClient-1-9] DEBUG org.asynchttpclient.netty.channel.ChannelManager - Adding key: http://localhost:60453 for channel [id: 0xfa9d71f2, L:/127.0.0.1:52274 - R:localhost/127.0.0.1:60453]
23:24:24.682 [Forwarding getElementTagName on session 52ba7d5f1306920231494a95b4bf6d97 to remote] DEBUG org.asynchttpclient.netty.request.NettyRequestSender - Using pooled Channel '[id: 0xfa9d71f2, L:/127.0.0.1:52274 - R:localhost/127.0.0.1:60453]' for 'GET' to 'http://localhost:60453/session/52ba7d5f1306920231494a95b4bf6d97/element/83d5899b-abdc-4b6e-92f1-0441bf396d62/name'
23:24:24.682 [Forwarding getElementTagName on session 52ba7d5f1306920231494a95b4bf6d97 to remote] DEBUG org.asynchttpclient.netty.request.NettyRequestSender - Using open Channel [id: 0xfa9d71f2, L:/127.0.0.1:52274 - R:localhost/127.0.0.1:60453] for GET '/session/52ba7d5f1306920231494a95b4bf6d97/element/83d5899b-abdc-4b6e-92f1-0441bf396d62/name'
23:24:24.689 [AsyncHttpClient-1-9] DEBUG org.asynchttpclient.netty.handler.HttpHandler - 

Request DefaultFullHttpRequest(decodeResult: success, version: HTTP/1.1, content: EmptyByteBufBE)
GET /session/52ba7d5f1306920231494a95b4bf6d97/element/83d5899b-abdc-4b6e-92f1-0441bf396d62/name HTTP/1.1
User-Agent: selenium/4.1.2 (java windows)
Cache-Control: no-cache
Content-Type: application/json; charset=utf-8
host: localhost:60453
accept: */*

Response DefaultHttpResponse(decodeResult: success, version: HTTP/1.1)
HTTP/1.1 200 OK
Content-Type: application/json; charset=utf-8
cache-control: no-cache
content-length: 15

23:24:24.690 [AsyncHttpClient-1-9] DEBUG org.asynchttpclient.netty.channel.ChannelManager - Adding key: http://localhost:60453 for channel [id: 0xfa9d71f2, L:/127.0.0.1:52274 - R:localhost/127.0.0.1:60453]
23:24:24.692 [Forwarding getElementTagName on session 52ba7d5f1306920231494a95b4bf6d97 to remote] DEBUG org.asynchttpclient.netty.request.NettyRequestSender - Using pooled Channel '[id: 0xfa9d71f2, L:/127.0.0.1:52274 - R:localhost/127.0.0.1:60453]' for 'GET' to 'http://localhost:60453/session/52ba7d5f1306920231494a95b4bf6d97/element/83d5899b-abdc-4b6e-92f1-0441bf396d62/name'
23:24:24.692 [Forwarding getElementTagName on session 52ba7d5f1306920231494a95b4bf6d97 to remote] DEBUG org.asynchttpclient.netty.request.NettyRequestSender - Using open Channel [id: 0xfa9d71f2, L:/127.0.0.1:52274 - R:localhost/127.0.0.1:60453] for GET '/session/52ba7d5f1306920231494a95b4bf6d97/element/83d5899b-abdc-4b6e-92f1-0441bf396d62/name'
23:24:24.697 [AsyncHttpClient-1-9] DEBUG org.asynchttpclient.netty.handler.HttpHandler - 

Request DefaultFullHttpRequest(decodeResult: success, version: HTTP/1.1, content: EmptyByteBufBE)
GET /session/52ba7d5f1306920231494a95b4bf6d97/element/83d5899b-abdc-4b6e-92f1-0441bf396d62/name HTTP/1.1
User-Agent: selenium/4.1.2 (java windows)
Cache-Control: no-cache
Content-Type: application/json; charset=utf-8
host: localhost:60453
accept: */*

Response DefaultHttpResponse(decodeResult: success, version: HTTP/1.1)
HTTP/1.1 200 OK
Content-Type: application/json; charset=utf-8
cache-control: no-cache
content-length: 15

23:24:24.698 [AsyncHttpClient-1-9] DEBUG org.asynchttpclient.netty.channel.ChannelManager - Adding key: http://localhost:60453 for channel [id: 0xfa9d71f2, L:/127.0.0.1:52274 - R:localhost/127.0.0.1:60453]
23:24:24.701 [Forwarding findElement on session 52ba7d5f1306920231494a95b4bf6d97 to remote] DEBUG org.asynchttpclient.netty.request.NettyRequestSender - Using pooled Channel '[id: 0xfa9d71f2, L:/127.0.0.1:52274 - R:localhost/127.0.0.1:60453]' for 'POST' to 'http://localhost:60453/session/52ba7d5f1306920231494a95b4bf6d97/element'
23:24:24.701 [Forwarding findElement on session 52ba7d5f1306920231494a95b4bf6d97 to remote] DEBUG org.asynchttpclient.netty.request.NettyRequestSender - Using open Channel [id: 0xfa9d71f2, L:/127.0.0.1:52274 - R:localhost/127.0.0.1:60453] for POST '/session/52ba7d5f1306920231494a95b4bf6d97/element'
23:24:24.720 [AsyncHttpClient-1-9] DEBUG org.asynchttpclient.netty.handler.HttpHandler - 

Request DefaultHttpRequest(decodeResult: success, version: HTTP/1.1)
POST /session/52ba7d5f1306920231494a95b4bf6d97/element HTTP/1.1
User-Agent: selenium/4.1.2 (java windows)
Content-Length: 79
Content-Type: application/json; charset=utf-8
host: localhost:60453
accept: */*

Response DefaultHttpResponse(decodeResult: success, version: HTTP/1.1)
HTTP/1.1 200 OK
Content-Type: application/json; charset=utf-8
cache-control: no-cache
content-length: 88

23:24:24.720 [AsyncHttpClient-1-9] DEBUG org.asynchttpclient.netty.channel.ChannelManager - Adding key: http://localhost:60453 for channel [id: 0xfa9d71f2, L:/127.0.0.1:52274 - R:localhost/127.0.0.1:60453]
23:24:24.722 [Forwarding clickElement on session 52ba7d5f1306920231494a95b4bf6d97 to remote] DEBUG org.asynchttpclient.netty.request.NettyRequestSender - Using pooled Channel '[id: 0xfa9d71f2, L:/127.0.0.1:52274 - R:localhost/127.0.0.1:60453]' for 'POST' to 'http://localhost:60453/session/52ba7d5f1306920231494a95b4bf6d97/element/83d5899b-abdc-4b6e-92f1-0441bf396d62/click'
23:24:24.722 [Forwarding clickElement on session 52ba7d5f1306920231494a95b4bf6d97 to remote] DEBUG org.asynchttpclient.netty.request.NettyRequestSender - Using open Channel [id: 0xfa9d71f2, L:/127.0.0.1:52274 - R:localhost/127.0.0.1:60453] for POST '/session/52ba7d5f1306920231494a95b4bf6d97/element/83d5899b-abdc-4b6e-92f1-0441bf396d62/click'
23:24:24.758 [AsyncHttpClient-1-1] DEBUG org.asynchttpclient.netty.channel.DefaultChannelPool - Entry count for : http://localhost:52275 : 1
23:24:24.968 [AsyncHttpClient-1-9] DEBUG org.asynchttpclient.netty.handler.HttpHandler - 

Request DefaultHttpRequest(decodeResult: success, version: HTTP/1.1)
POST /session/52ba7d5f1306920231494a95b4bf6d97/element/83d5899b-abdc-4b6e-92f1-0441bf396d62/click HTTP/1.1
User-Agent: selenium/4.1.2 (java windows)
Content-Length: 50
Content-Type: application/json; charset=utf-8
host: localhost:60453
accept: */*

Response DefaultHttpResponse(decodeResult: success, version: HTTP/1.1)
HTTP/1.1 200 OK
Content-Type: application/json; charset=utf-8
cache-control: no-cache
content-length: 14

23:24:24.968 [AsyncHttpClient-1-9] DEBUG org.asynchttpclient.netty.channel.ChannelManager - Adding key: http://localhost:60453 for channel [id: 0xfa9d71f2, L:/127.0.0.1:52274 - R:localhost/127.0.0.1:60453]
23:24:24.980 [Forwarding screenshot on session 52ba7d5f1306920231494a95b4bf6d97 to remote] DEBUG org.asynchttpclient.netty.request.NettyRequestSender - Using pooled Channel '[id: 0xfa9d71f2, L:/127.0.0.1:52274 - R:localhost/127.0.0.1:60453]' for 'GET' to 'http://localhost:60453/session/52ba7d5f1306920231494a95b4bf6d97/screenshot'
23:24:24.981 [Forwarding screenshot on session 52ba7d5f1306920231494a95b4bf6d97 to remote] DEBUG org.asynchttpclient.netty.request.NettyRequestSender - Using open Channel [id: 0xfa9d71f2, L:/127.0.0.1:52274 - R:localhost/127.0.0.1:60453] for GET '/session/52ba7d5f1306920231494a95b4bf6d97/screenshot'
23:24:25.486 [AsyncHttpClient-1-9] DEBUG org.asynchttpclient.netty.handler.HttpHandler - 

Request DefaultFullHttpRequest(decodeResult: success, version: HTTP/1.1, content: EmptyByteBufBE)
GET /session/52ba7d5f1306920231494a95b4bf6d97/screenshot HTTP/1.1
User-Agent: selenium/4.1.2 (java windows)
Cache-Control: no-cache
Content-Type: application/json; charset=utf-8
host: localhost:60453
accept: */*

Response DefaultHttpResponse(decodeResult: success, version: HTTP/1.1)
HTTP/1.1 200 OK
Content-Type: application/json; charset=utf-8
cache-control: no-cache
content-length: 46292

23:24:25.487 [AsyncHttpClient-1-9] DEBUG org.asynchttpclient.netty.channel.ChannelManager - Adding key: http://localhost:60453 for channel [id: 0xfa9d71f2, L:/127.0.0.1:52274 - R:localhost/127.0.0.1:60453]
23:24:25.489 [main] DEBUG net.serenitybdd.core.photography.Darkroom - Send negative for processing for target\site\serenity\9b38ba45d56cb5be6733beb4dc08e8a6ea8d613b8620e331de728e8bf2f86498.png
23:24:25.490 [main] DEBUG net.thucydides.core.steps.StepInterceptor - STEP DONE: klikLogoutButton
  &amp#27;[32mAnd &amp#27;[0m&amp#27;[32mI click logout button&amp#27;[0m                          &amp#27;[90m# stepdefinitions.LogoutStep.iClickLogoutButton()&amp#27;[0m
23:24:25.490 [Darkroom Processing Line] DEBUG net.serenitybdd.core.photography.DarkroomProcessingLine - Processing screenshot image in /var/screenshots/screenshot-16144990314263708566
23:24:25.490 [Darkroom Processing Line] DEBUG net.serenitybdd.core.photography.DarkroomProcessingLine - Saving screenshot to target\site\serenity\9b38ba45d56cb5be6733beb4dc08e8a6ea8d613b8620e331de728e8bf2f86498.png
23:24:25.518 [main] DEBUG net.thucydides.core.steps.StepInterceptor - STARTING STEP: LogoutStep.onLoginPage - onLoginPage
23:24:25.520 [Forwarding get on session 52ba7d5f1306920231494a95b4bf6d97 to remote] DEBUG org.asynchttpclient.netty.request.NettyRequestSender - Using pooled Channel '[id: 0xfa9d71f2, L:/127.0.0.1:52274 - R:localhost/127.0.0.1:60453]' for 'POST' to 'http://localhost:60453/session/52ba7d5f1306920231494a95b4bf6d97/url'
23:24:25.520 [Forwarding get on session 52ba7d5f1306920231494a95b4bf6d97 to remote] DEBUG org.asynchttpclient.netty.request.NettyRequestSender - Using open Channel [id: 0xfa9d71f2, L:/127.0.0.1:52274 - R:localhost/127.0.0.1:60453] for POST '/session/52ba7d5f1306920231494a95b4bf6d97/url'
23:24:25.857 [AsyncHttpClient-1-1] DEBUG org.asynchttpclient.netty.channel.DefaultChannelPool - Entry count for : http://localhost:52275 : 1
23:24:26.151 [AsyncHttpClient-1-9] DEBUG org.asynchttpclient.netty.handler.HttpHandler - 

Request DefaultHttpRequest(decodeResult: success, version: HTTP/1.1)
POST /session/52ba7d5f1306920231494a95b4bf6d97/url HTTP/1.1
User-Agent: selenium/4.1.2 (java windows)
Content-Length: 64
Content-Type: application/json; charset=utf-8
host: localhost:60453
accept: */*

Response DefaultHttpResponse(decodeResult: success, version: HTTP/1.1)
HTTP/1.1 200 OK
Content-Type: application/json; charset=utf-8
cache-control: no-cache
content-length: 14

23:24:26.152 [AsyncHttpClient-1-9] DEBUG org.asynchttpclient.netty.channel.ChannelManager - Adding key: http://localhost:60453 for channel [id: 0xfa9d71f2, L:/127.0.0.1:52274 - R:localhost/127.0.0.1:60453]
23:24:26.161 [Forwarding getCurrentUrl on session 52ba7d5f1306920231494a95b4bf6d97 to remote] DEBUG org.asynchttpclient.netty.request.NettyRequestSender - Using pooled Channel '[id: 0xfa9d71f2, L:/127.0.0.1:52274 - R:localhost/127.0.0.1:60453]' for 'GET' to 'http://localhost:60453/session/52ba7d5f1306920231494a95b4bf6d97/url'
23:24:26.161 [Forwarding getCurrentUrl on session 52ba7d5f1306920231494a95b4bf6d97 to remote] DEBUG org.asynchttpclient.netty.request.NettyRequestSender - Using open Channel [id: 0xfa9d71f2, L:/127.0.0.1:52274 - R:localhost/127.0.0.1:60453] for GET '/session/52ba7d5f1306920231494a95b4bf6d97/url'
23:24:26.167 [AsyncHttpClient-1-9] DEBUG org.asynchttpclient.netty.handler.HttpHandler - 

Request DefaultFullHttpRequest(decodeResult: success, version: HTTP/1.1, content: EmptyByteBufBE)
GET /session/52ba7d5f1306920231494a95b4bf6d97/url HTTP/1.1
User-Agent: selenium/4.1.2 (java windows)
Cache-Control: no-cache
Content-Type: application/json; charset=utf-8
host: localhost:60453
accept: */*

Response DefaultHttpResponse(decodeResult: success, version: HTTP/1.1)
HTTP/1.1 200 OK
Content-Type: application/json; charset=utf-8
cache-control: no-cache
content-length: 41

23:24:26.167 [AsyncHttpClient-1-9] DEBUG org.asynchttpclient.netty.channel.ChannelManager - Adding key: http://localhost:60453 for channel [id: 0xfa9d71f2, L:/127.0.0.1:52274 - R:localhost/127.0.0.1:60453]
23:24:26.178 [Forwarding screenshot on session 52ba7d5f1306920231494a95b4bf6d97 to remote] DEBUG org.asynchttpclient.netty.request.NettyRequestSender - Using pooled Channel '[id: 0xfa9d71f2, L:/127.0.0.1:52274 - R:localhost/127.0.0.1:60453]' for 'GET' to 'http://localhost:60453/session/52ba7d5f1306920231494a95b4bf6d97/screenshot'
23:24:26.178 [Forwarding screenshot on session 52ba7d5f1306920231494a95b4bf6d97 to remote] DEBUG org.asynchttpclient.netty.request.NettyRequestSender - Using open Channel [id: 0xfa9d71f2, L:/127.0.0.1:52274 - R:localhost/127.0.0.1:60453] for GET '/session/52ba7d5f1306920231494a95b4bf6d97/screenshot'
23:24:26.411 [AsyncHttpClient-1-9] DEBUG org.asynchttpclient.netty.handler.HttpHandler - 

Request DefaultFullHttpRequest(decodeResult: success, version: HTTP/1.1, content: EmptyByteBufBE)
GET /session/52ba7d5f1306920231494a95b4bf6d97/screenshot HTTP/1.1
User-Agent: selenium/4.1.2 (java windows)
Cache-Control: no-cache
Content-Type: application/json; charset=utf-8
host: localhost:60453
accept: */*

Response DefaultHttpResponse(decodeResult: success, version: HTTP/1.1)
HTTP/1.1 200 OK
Content-Type: application/json; charset=utf-8
cache-control: no-cache
content-length: 37896

23:24:26.412 [AsyncHttpClient-1-9] DEBUG org.asynchttpclient.netty.channel.ChannelManager - Adding key: http://localhost:60453 for channel [id: 0xfa9d71f2, L:/127.0.0.1:52274 - R:localhost/127.0.0.1:60453]
23:24:26.415 [main] DEBUG net.serenitybdd.core.photography.Darkroom - Send negative for processing for target\site\serenity\2779d3e34edce85cbc656ff9895956b1ad02f6e0c6b53675abb2d92b00086655.png
23:24:26.416 [main] DEBUG net.thucydides.core.steps.StepInterceptor - STEP DONE: onLoginPage
  &amp#27;[32mThen &amp#27;[0m&amp#27;[32mI on LoginPage&amp#27;[0m                                &amp#27;[90m# stepdefinitions.LogoutStep.onLoginPage()&amp#27;[0m
23:24:26.416 [Darkroom Processing Line] DEBUG net.serenitybdd.core.photography.DarkroomProcessingLine - Processing screenshot image in /var/screenshots/screenshot-7574954189608413754
23:24:26.416 [Darkroom Processing Line] DEBUG net.serenitybdd.core.photography.DarkroomProcessingLine - Saving screenshot to target\site\serenity\2779d3e34edce85cbc656ff9895956b1ad02f6e0c6b53675abb2d92b00086655.png
23:24:26.430 [main] INFO  - 
  _____   ___   ___   _____     ___     _     ___   ___   ___   ___  
 |_   _| | __| / __| |_   _|   | _ \   /_\   / __| / __| | __| |   \ 
   | |   | _|  \__ \   | |     |  _/  / _ \  \__ \ \__ \ | _|  | |) |
   |_|   |___| |___/   |_|     |_|   /_/ \_\ |___/ |___/ |___| |___/ 

As a user, i can logout of account
----------------------------------------------------------------------
23:24:26.433 [AsyncHttpClient-1-3] DEBUG org.asynchttpclient.netty.handler.WebSocketHandler - Channel Closed: [id: 0x6c4d66dd, L:/127.0.0.1:52283 ! R:localhost/127.0.0.1:52275] with attribute NettyResponseFuture{currentRetry=5,
	isDone=1,
	isCancelled=0,
	asyncHandler=org.asynchttpclient.ws.WebSocketUpgradeHandler@78f4586b,
	nettyRequest=org.asynchttpclient.netty.request.NettyRequest@1d85ea9b,
	future=java.util.concurrent.CompletableFuture@17ccde6e[Completed normally],
	uri=ws://localhost:52275/devtools/browser/416a5b16-5f15-4b20-b925-eac93b4a11ee,
	keepAlive=true,
	redirectCount=0,
	timeoutsHolder=null,
	inAuth=0,
	touch=1652631855533}
23:24:26.433 [AsyncHttpClient-1-3] DEBUG org.asynchttpclient.netty.channel.ChannelManager - Closing Channel [id: 0x6c4d66dd, L:/127.0.0.1:52283 ! R:localhost/127.0.0.1:52275] 
23:24:26.439 [Driver Command Executor] DEBUG org.asynchttpclient.netty.request.NettyRequestSender - Using pooled Channel '[id: 0xfa9d71f2, L:/127.0.0.1:52274 - R:localhost/127.0.0.1:60453]' for 'DELETE' to 'http://localhost:60453/session/52ba7d5f1306920231494a95b4bf6d97'
23:24:26.439 [Driver Command Executor] DEBUG org.asynchttpclient.netty.request.NettyRequestSender - Using open Channel [id: 0xfa9d71f2, L:/127.0.0.1:52274 - R:localhost/127.0.0.1:60453] for DELETE '/session/52ba7d5f1306920231494a95b4bf6d97'
23:24:26.789 [AsyncHttpClient-1-2] DEBUG org.asynchttpclient.netty.handler.HttpHandler - Unexpected I/O exception on channel [id: 0x1ce3c2db, L:/127.0.0.1:52282 - R:localhost/127.0.0.1:52275]
java.io.IOException: An existing connection was forcibly closed by the remote host
	at java.base/sun.nio.ch.SocketDispatcher.read0(Native Method)
	at java.base/sun.nio.ch.SocketDispatcher.read(SocketDispatcher.java:43)
	at java.base/sun.nio.ch.IOUtil.readIntoNativeBuffer(IOUtil.java:276)
	at java.base/sun.nio.ch.IOUtil.read(IOUtil.java:233)
	at java.base/sun.nio.ch.IOUtil.read(IOUtil.java:223)
	at java.base/sun.nio.ch.SocketChannelImpl.read(SocketChannelImpl.java:358)
	at io.netty.buffer.PooledByteBuf.setBytes(PooledByteBuf.java:258)
	at io.netty.buffer.AbstractByteBuf.writeBytes(AbstractByteBuf.java:1132)
	at io.netty.channel.socket.nio.NioSocketChannel.doReadBytes(NioSocketChannel.java:350)
	at io.netty.channel.nio.AbstractNioByteChannel$NioByteUnsafe.read(AbstractNioByteChannel.java:151)
	at io.netty.channel.nio.NioEventLoop.processSelectedKey(NioEventLoop.java:722)
	at io.netty.channel.nio.NioEventLoop.processSelectedKeysOptimized(NioEventLoop.java:658)
	at io.netty.channel.nio.NioEventLoop.processSelectedKeys(NioEventLoop.java:584)
	at io.netty.channel.nio.NioEventLoop.run(NioEventLoop.java:496)
	at io.netty.util.concurrent.SingleThreadEventExecutor$4.run(SingleThreadEventExecutor.java:986)
	at io.netty.util.internal.ThreadExecutorMap$2.run(ThreadExecutorMap.java:74)
	at io.netty.util.concurrent.FastThreadLocalRunnable.run(FastThreadLocalRunnable.java:30)
	at java.base/java.lang.Thread.run(Thread.java:834)
23:24:26.789 [AsyncHttpClient-1-2] DEBUG org.asynchttpclient.netty.channel.ChannelManager - Closing Channel [id: 0x1ce3c2db, L:/127.0.0.1:52282 - R:localhost/127.0.0.1:52275] 
23:24:26.790 [AsyncHttpClient-1-2] DEBUG org.asynchttpclient.netty.handler.HttpHandler - Channel Closed: [id: 0x1ce3c2db, L:/127.0.0.1:52282 ! R:localhost/127.0.0.1:52275] with attribute DISCARD
23:24:26.826 [AsyncHttpClient-1-9] DEBUG org.asynchttpclient.netty.handler.HttpHandler - 

Request DefaultFullHttpRequest(decodeResult: success, version: HTTP/1.1, content: EmptyByteBufBE)
DELETE /session/52ba7d5f1306920231494a95b4bf6d97 HTTP/1.1
User-Agent: selenium/4.1.2 (java windows)
Content-Type: application/json; charset=utf-8
host: localhost:60453
accept: */*

Response DefaultHttpResponse(decodeResult: success, version: HTTP/1.1)
HTTP/1.1 200 OK
Content-Type: application/json; charset=utf-8
cache-control: no-cache
content-length: 14

23:24:26.826 [AsyncHttpClient-1-9] DEBUG org.asynchttpclient.netty.channel.ChannelManager - Adding key: http://localhost:60453 for channel [id: 0xfa9d71f2, L:/127.0.0.1:52274 - R:localhost/127.0.0.1:60453]
23:24:26.966 [AsyncHttpClient-1-1] DEBUG org.asynchttpclient.netty.channel.DefaultChannelPool - Entry count for : http://localhost:60453 : 1
23:24:26.966 [AsyncHttpClient-1-1] DEBUG org.asynchttpclient.netty.channel.DefaultChannelPool - Entry count for : http://localhost:52275 : 1
23:24:26.967 [AsyncHttpClient-1-1] DEBUG org.asynchttpclient.netty.channel.DefaultChannelPool - Adding Candidate expired Channel [id: 0x1ce3c2db, L:/127.0.0.1:52282 ! R:localhost/127.0.0.1:52275] isIdleTimeoutExpired=false isRemotelyClosed=true isTtlExpired=false
23:24:26.967 [AsyncHttpClient-1-1] DEBUG org.asynchttpclient.netty.channel.DefaultChannelPool - Closing Idle Channel [id: 0x1ce3c2db, L:/127.0.0.1:52282 ! R:localhost/127.0.0.1:52275]
23:24:26.967 [AsyncHttpClient-1-1] DEBUG org.asynchttpclient.netty.channel.DefaultChannelPool - Closed 1 connections out of 2 in 0 ms
23:24:27.702 [AsyncHttpClient-1-9] DEBUG org.asynchttpclient.netty.handler.HttpHandler - Channel Closed: [id: 0xfa9d71f2, L:/127.0.0.1:52274 ! R:localhost/127.0.0.1:60453] with attribute DISCARD
23:24:28.058 [AsyncHttpClient-1-1] DEBUG org.asynchttpclient.netty.channel.DefaultChannelPool - Entry count for : http://localhost:60453 : 1
23:24:28.058 [AsyncHttpClient-1-1] DEBUG org.asynchttpclient.netty.channel.DefaultChannelPool - Adding Candidate expired Channel [id: 0xfa9d71f2, L:/127.0.0.1:52274 ! R:localhost/127.0.0.1:60453] isIdleTimeoutExpired=false isRemotelyClosed=true isTtlExpired=false
23:24:28.058 [AsyncHttpClient-1-1] DEBUG org.asynchttpclient.netty.channel.DefaultChannelPool - Closing Idle Channel [id: 0xfa9d71f2, L:/127.0.0.1:52274 ! R:localhost/127.0.0.1:60453]
23:24:28.058 [AsyncHttpClient-1-1] DEBUG org.asynchttpclient.netty.channel.DefaultChannelPool - Closed 1 connections out of 1 in 0 ms
]]></system-out>
    <system-err><![CDATA[Starting ChromeDriver 101.0.4951.41 (93c720db8323b3ec10d056025ab95c23a31997c9-refs/branch-heads/4951@{#904}) on port 60453
Only local connections are allowed.
Please see https://chromedriver.chromium.org/security-considerations for suggestions on keeping ChromeDriver safe.
ChromeDriver was started successfully.
May 15, 2022 11:24:15 PM org.openqa.selenium.remote.ProtocolHandshake createSession
INFO: Detected dialect: W3C
May 15, 2022 11:24:15 PM org.openqa.selenium.devtools.CdpVersionFinder findNearestMatch
WARNING: Unable to find an exact match for CDP version 101, so returning the closest version found: 97
May 15, 2022 11:24:15 PM org.openqa.selenium.devtools.CdpVersionFinder findNearestMatch
INFO: Found CDP implementation for version 101 of 97
]]></system-err>
  </testcase>
  <testcase name="As a user, i have able to order and pay product" classname="Order" time="17.058">
    <system-out><![CDATA[23:24:28.235 [main] INFO io.cucumber.core.plugin.SerenityReporter - Running feature from file:///D:/Mini%20Project-QE%20Alta/Web%20Automation/FrontEnd-AltaShop/src/test/resources/features/Order.feature
23:24:28.241 [main] DEBUG net.thucydides.core.steps.StepEventBus - Test suite started for story net.thucydides.core.model.Story@cc4b76a8
23:24:28.242 [main] INFO  - Test Suite Started: Order

Scenario: As a user, i have able to order and pay product &amp#27;[90m# src/test/resources/features/Order.feature:3&amp#27;[0m
23:24:28.265 [main] INFO io.cucumber.core.plugin.SerenityReporter - Running feature from file:///D:/Mini%20Project-QE%20Alta/Web%20Automation/FrontEnd-AltaShop/src/test/resources/features/Order.feature
23:24:28.271 [main] INFO  - 
  _____   ___   ___   _____     ___   _____     _     ___   _____   ___   ___  
 |_   _| | __| / __| |_   _|   / __| |_   _|   /_\   | _ \ |_   _| | __| |   \ 
   | |   | _|  \__ \   | |     \__ \   | |    / _ \  |   /   | |   | _|  | |) |
   |_|   |___| |___/   |_|     |___/   |_|   /_/ \_\ |_|_\   |_|   |___| |___/ 

As a user, i have able to order and pay product(order;as-a-user--i-have-able-to-order-and-pay-product)
--------------------------------------------------------------------------------
23:24:28.652 [main] DEBUG net.thucydides.core.steps.StepInterceptor - STARTING STEP: OrderStep.iAmAtOrderPage - onOrderPage
23:24:28.684 [main] INFO net.serenitybdd.core.webdriver.driverproviders.ChromeDriverProvider - Using automatically driver download
23:24:28.883 [main] DEBUG io.github.bonigarcia.wdm.cache.ResolutionCache - Resolution chrome=101 in cache (valid until 00:21:44 16/05/2022 ICT)
23:24:28.899 [main] DEBUG io.github.bonigarcia.wdm.cache.ResolutionCache - Resolution chrome101=101.0.4951.41 in cache (valid until 22:21:42 16/05/2022 ICT)
23:24:28.904 [main] INFO io.github.bonigarcia.wdm.WebDriverManager - Using chromedriver 101.0.4951.41 (resolved driver for Chrome 101)
23:24:28.931 [main] DEBUG io.github.bonigarcia.wdm.WebDriverManager - Driver chromedriver 101.0.4951.41 found in cache
23:24:28.932 [main] INFO io.github.bonigarcia.wdm.WebDriverManager - Exporting webdriver.chrome.driver as C:\Users\Siti Nurlatipah\.cache\selenium\chromedriver\win32\101.0.4951.41\chromedriver.exe
23:24:29.095 [main] DEBUG net.serenitybdd.core.webdriver.driverproviders.ProvideNewDriver - Instantiating driver
23:24:29.096 [main] DEBUG net.serenitybdd.core.webdriver.driverproviders.ProvideNewDriver - Driver capabilities: Capabilities {acceptInsecureCerts: false, base.url: https://qa.alta.id, browserName: chrome, chrome.driver: src/test/resources/webdrive..., driver: chrome, goog:chromeOptions: {args: [], extensions: []}}
23:24:29.641 [AsyncHttpClient-1-4] DEBUG org.asynchttpclient.netty.channel.NettyConnectListener - Using new Channel '[id: 0xd6945cda, L:/127.0.0.1:52312 - R:localhost/127.0.0.1:59567]' for 'POST' to '/session'
23:24:31.307 [AsyncHttpClient-1-4] DEBUG org.asynchttpclient.netty.handler.HttpHandler - 

Request DefaultHttpRequest(decodeResult: success, version: HTTP/1.1)
POST /session HTTP/1.1
User-Agent: selenium/4.1.2 (java windows)
Content-Length: 595
Content-Type: application/json; charset=utf-8
host: localhost:59567
accept: */*

Response DefaultHttpResponse(decodeResult: success, version: HTTP/1.1)
HTTP/1.1 200 OK
Content-Type: application/json; charset=utf-8
cache-control: no-cache
content-length: 792

23:24:31.307 [AsyncHttpClient-1-4] DEBUG org.asynchttpclient.netty.channel.ChannelManager - Adding key: http://localhost:59567 for channel [id: 0xd6945cda, L:/127.0.0.1:52312 - R:localhost/127.0.0.1:59567]
23:24:31.327 [AsyncHttpClient-1-5] DEBUG org.asynchttpclient.netty.channel.NettyConnectListener - Using new Channel '[id: 0xc797c2f9, L:/127.0.0.1:52319 - R:localhost/127.0.0.1:52313]' for 'GET' to '/json/version'
23:24:31.328 [AsyncHttpClient-1-5] DEBUG org.asynchttpclient.netty.handler.HttpHandler - 

Request DefaultFullHttpRequest(decodeResult: success, version: HTTP/1.1, content: EmptyByteBufBE)
GET /json/version HTTP/1.1
User-Agent: selenium/4.1.2 (java windows)
host: localhost:52313
accept: */*

Response DefaultHttpResponse(decodeResult: success, version: HTTP/1.1)
HTTP/1.1 200 OK
Content-Type: application/json; charset=UTF-8
content-length: 427

23:24:31.329 [AsyncHttpClient-1-5] DEBUG org.asynchttpclient.netty.channel.ChannelManager - Adding key: http://localhost:52313 for channel [id: 0xc797c2f9, L:/127.0.0.1:52319 - R:localhost/127.0.0.1:52313]
23:24:31.336 [AsyncHttpClient-1-6] DEBUG org.asynchttpclient.netty.channel.NettyConnectListener - Using new Channel '[id: 0x254223ea, L:/127.0.0.1:52320 - R:localhost/127.0.0.1:52313]' for 'GET' to '/devtools/browser/0c359018-37ed-4d87-8f1c-fe09af50ec4e'
23:24:31.340 [AsyncHttpClient-1-6] DEBUG org.asynchttpclient.netty.handler.WebSocketHandler - 

Request DefaultFullHttpRequest(decodeResult: success, version: HTTP/1.1, content: EmptyByteBufBE)
GET /devtools/browser/0c359018-37ed-4d87-8f1c-fe09af50ec4e HTTP/1.1
upgrade: websocket
connection: upgrade
sec-websocket-key: BGNNPFb2nMuYudKKVuV3rg==
sec-websocket-version: 13
origin: http://localhost:52313
host: localhost:52313
accept: */*
user-agent: AHC/2.1

Response DefaultHttpResponse(decodeResult: success, version: HTTP/1.1)
HTTP/1.1 101 WebSocket Protocol Handshake
Upgrade: WebSocket
Connection: Upgrade
Sec-WebSocket-Accept: XwZ3WzN1si5JwrYfrZBOWya+pik=

23:24:31.350 [Forwarding get on session 2d2e9eab629655d2ee72517061be1ced to remote] DEBUG org.asynchttpclient.netty.request.NettyRequestSender - Using pooled Channel '[id: 0xd6945cda, L:/127.0.0.1:52312 - R:localhost/127.0.0.1:59567]' for 'POST' to 'http://localhost:59567/session/2d2e9eab629655d2ee72517061be1ced/url'
23:24:31.350 [Forwarding get on session 2d2e9eab629655d2ee72517061be1ced to remote] DEBUG org.asynchttpclient.netty.request.NettyRequestSender - Using open Channel [id: 0xd6945cda, L:/127.0.0.1:52312 - R:localhost/127.0.0.1:59567] for POST '/session/2d2e9eab629655d2ee72517061be1ced/url'
23:24:31.361 [AsyncHttpClient-1-1] DEBUG org.asynchttpclient.netty.channel.DefaultChannelPool - Entry count for : http://localhost:52313 : 1
23:24:32.464 [AsyncHttpClient-1-1] DEBUG org.asynchttpclient.netty.channel.DefaultChannelPool - Entry count for : http://localhost:52313 : 1
23:24:33.561 [AsyncHttpClient-1-1] DEBUG org.asynchttpclient.netty.channel.DefaultChannelPool - Entry count for : http://localhost:52313 : 1
23:24:33.691 [AsyncHttpClient-1-4] DEBUG org.asynchttpclient.netty.handler.HttpHandler - 

Request DefaultHttpRequest(decodeResult: success, version: HTTP/1.1)
POST /session/2d2e9eab629655d2ee72517061be1ced/url HTTP/1.1
User-Agent: selenium/4.1.2 (java windows)
Content-Length: 54
Content-Type: application/json; charset=utf-8
host: localhost:59567
accept: */*

Response DefaultHttpResponse(decodeResult: success, version: HTTP/1.1)
HTTP/1.1 200 OK
Content-Type: application/json; charset=utf-8
cache-control: no-cache
content-length: 14

23:24:33.691 [AsyncHttpClient-1-4] DEBUG org.asynchttpclient.netty.channel.ChannelManager - Adding key: http://localhost:59567 for channel [id: 0xd6945cda, L:/127.0.0.1:52312 - R:localhost/127.0.0.1:59567]
23:24:33.696 [Forwarding setTimeout on session 2d2e9eab629655d2ee72517061be1ced to remote] DEBUG org.asynchttpclient.netty.request.NettyRequestSender - Using pooled Channel '[id: 0xd6945cda, L:/127.0.0.1:52312 - R:localhost/127.0.0.1:59567]' for 'POST' to 'http://localhost:59567/session/2d2e9eab629655d2ee72517061be1ced/timeouts'
23:24:33.696 [Forwarding setTimeout on session 2d2e9eab629655d2ee72517061be1ced to remote] DEBUG org.asynchttpclient.netty.request.NettyRequestSender - Using open Channel [id: 0xd6945cda, L:/127.0.0.1:52312 - R:localhost/127.0.0.1:59567] for POST '/session/2d2e9eab629655d2ee72517061be1ced/timeouts'
23:24:33.700 [AsyncHttpClient-1-4] DEBUG org.asynchttpclient.netty.handler.HttpHandler - 

Request DefaultHttpRequest(decodeResult: success, version: HTTP/1.1)
POST /session/2d2e9eab629655d2ee72517061be1ced/timeouts HTTP/1.1
User-Agent: selenium/4.1.2 (java windows)
Content-Length: 22
Content-Type: application/json; charset=utf-8
host: localhost:59567
accept: */*

Response DefaultHttpResponse(decodeResult: success, version: HTTP/1.1)
HTTP/1.1 200 OK
Content-Type: application/json; charset=utf-8
cache-control: no-cache
content-length: 14

23:24:33.700 [AsyncHttpClient-1-4] DEBUG org.asynchttpclient.netty.channel.ChannelManager - Adding key: http://localhost:59567 for channel [id: 0xd6945cda, L:/127.0.0.1:52312 - R:localhost/127.0.0.1:59567]
23:24:33.705 [Forwarding getCurrentUrl on session 2d2e9eab629655d2ee72517061be1ced to remote] DEBUG org.asynchttpclient.netty.request.NettyRequestSender - Using pooled Channel '[id: 0xd6945cda, L:/127.0.0.1:52312 - R:localhost/127.0.0.1:59567]' for 'GET' to 'http://localhost:59567/session/2d2e9eab629655d2ee72517061be1ced/url'
23:24:33.705 [Forwarding getCurrentUrl on session 2d2e9eab629655d2ee72517061be1ced to remote] DEBUG org.asynchttpclient.netty.request.NettyRequestSender - Using open Channel [id: 0xd6945cda, L:/127.0.0.1:52312 - R:localhost/127.0.0.1:59567] for GET '/session/2d2e9eab629655d2ee72517061be1ced/url'
23:24:33.714 [AsyncHttpClient-1-4] DEBUG org.asynchttpclient.netty.handler.HttpHandler - 

Request DefaultFullHttpRequest(decodeResult: success, version: HTTP/1.1, content: EmptyByteBufBE)
GET /session/2d2e9eab629655d2ee72517061be1ced/url HTTP/1.1
User-Agent: selenium/4.1.2 (java windows)
Cache-Control: no-cache
Content-Type: application/json; charset=utf-8
host: localhost:59567
accept: */*

Response DefaultHttpResponse(decodeResult: success, version: HTTP/1.1)
HTTP/1.1 200 OK
Content-Type: application/json; charset=utf-8
cache-control: no-cache
content-length: 36

23:24:33.714 [AsyncHttpClient-1-4] DEBUG org.asynchttpclient.netty.channel.ChannelManager - Adding key: http://localhost:59567 for channel [id: 0xd6945cda, L:/127.0.0.1:52312 - R:localhost/127.0.0.1:59567]
23:24:33.728 [main] DEBUG net.serenitybdd.core.photography.Darkroom - Opening darkroom
23:24:33.730 [Forwarding screenshot on session 2d2e9eab629655d2ee72517061be1ced to remote] DEBUG org.asynchttpclient.netty.request.NettyRequestSender - Using pooled Channel '[id: 0xd6945cda, L:/127.0.0.1:52312 - R:localhost/127.0.0.1:59567]' for 'GET' to 'http://localhost:59567/session/2d2e9eab629655d2ee72517061be1ced/screenshot'
23:24:33.731 [Forwarding screenshot on session 2d2e9eab629655d2ee72517061be1ced to remote] DEBUG org.asynchttpclient.netty.request.NettyRequestSender - Using open Channel [id: 0xd6945cda, L:/127.0.0.1:52312 - R:localhost/127.0.0.1:59567] for GET '/session/2d2e9eab629655d2ee72517061be1ced/screenshot'
23:24:33.739 [Darkroom Processing Line] DEBUG net.serenitybdd.core.photography.DarkroomProcessingLine - Darkroom processing line starting up
23:24:34.117 [AsyncHttpClient-1-4] DEBUG org.asynchttpclient.netty.handler.HttpHandler - 

Request DefaultFullHttpRequest(decodeResult: success, version: HTTP/1.1, content: EmptyByteBufBE)
GET /session/2d2e9eab629655d2ee72517061be1ced/screenshot HTTP/1.1
User-Agent: selenium/4.1.2 (java windows)
Cache-Control: no-cache
Content-Type: application/json; charset=utf-8
host: localhost:59567
accept: */*

Response DefaultHttpResponse(decodeResult: success, version: HTTP/1.1)
HTTP/1.1 200 OK
Content-Type: application/json; charset=utf-8
cache-control: no-cache
content-length: 25748

23:24:34.117 [AsyncHttpClient-1-4] DEBUG org.asynchttpclient.netty.channel.ChannelManager - Adding key: http://localhost:59567 for channel [id: 0xd6945cda, L:/127.0.0.1:52312 - R:localhost/127.0.0.1:59567]
23:24:34.119 [main] DEBUG net.serenitybdd.core.photography.Darkroom - Send negative for processing for target\site\serenity\a5ed35558b9c8876cb917d3517cdaac46cf9e88aae94b994d1332402afe9e096.png
23:24:34.120 [main] DEBUG net.thucydides.core.steps.StepInterceptor - STEP DONE: onOrderPage
  &amp#27;[32mGiven &amp#27;[0m&amp#27;[32m&amp#27;[0m&amp#27;[32m&amp#27;[1mI&amp#27;[0m&amp#27;[32m am at order page&amp#27;[0m                                &amp#27;[90m# stepdefinitions.OrderStep.iAmAtOrderPage(java.lang.String)&amp#27;[0m
23:24:34.120 [Darkroom Processing Line] DEBUG net.serenitybdd.core.photography.DarkroomProcessingLine - Processing screenshot image in /var/screenshots/screenshot-12490240516101505796
23:24:34.120 [Darkroom Processing Line] DEBUG net.serenitybdd.core.photography.DarkroomProcessingLine - Saving screenshot to target\site\serenity\a5ed35558b9c8876cb917d3517cdaac46cf9e88aae94b994d1332402afe9e096.png
23:24:34.140 [main] DEBUG net.thucydides.core.steps.StepInterceptor - STARTING STEP: OrderStep.iClickBayarButton - toLoginPage
23:24:34.143 [Forwarding findElement on session 2d2e9eab629655d2ee72517061be1ced to remote] DEBUG org.asynchttpclient.netty.request.NettyRequestSender - Using pooled Channel '[id: 0xd6945cda, L:/127.0.0.1:52312 - R:localhost/127.0.0.1:59567]' for 'POST' to 'http://localhost:59567/session/2d2e9eab629655d2ee72517061be1ced/element'
23:24:34.143 [Forwarding findElement on session 2d2e9eab629655d2ee72517061be1ced to remote] DEBUG org.asynchttpclient.netty.request.NettyRequestSender - Using open Channel [id: 0xd6945cda, L:/127.0.0.1:52312 - R:localhost/127.0.0.1:59567] for POST '/session/2d2e9eab629655d2ee72517061be1ced/element'
23:24:34.160 [AsyncHttpClient-1-4] DEBUG org.asynchttpclient.netty.handler.HttpHandler - 

Request DefaultHttpRequest(decodeResult: success, version: HTTP/1.1)
POST /session/2d2e9eab629655d2ee72517061be1ced/element HTTP/1.1
User-Agent: selenium/4.1.2 (java windows)
Content-Length: 125
Content-Type: application/json; charset=utf-8
host: localhost:59567
accept: */*

Response DefaultHttpResponse(decodeResult: success, version: HTTP/1.1)
HTTP/1.1 200 OK
Content-Type: application/json; charset=utf-8
cache-control: no-cache
content-length: 88

23:24:34.160 [AsyncHttpClient-1-4] DEBUG org.asynchttpclient.netty.channel.ChannelManager - Adding key: http://localhost:59567 for channel [id: 0xd6945cda, L:/127.0.0.1:52312 - R:localhost/127.0.0.1:59567]
23:24:34.163 [Forwarding getElementTagName on session 2d2e9eab629655d2ee72517061be1ced to remote] DEBUG org.asynchttpclient.netty.request.NettyRequestSender - Using pooled Channel '[id: 0xd6945cda, L:/127.0.0.1:52312 - R:localhost/127.0.0.1:59567]' for 'GET' to 'http://localhost:59567/session/2d2e9eab629655d2ee72517061be1ced/element/ebd854d6-cdfc-4e2b-80c0-7a929ed3ef2c/name'
23:24:34.163 [Forwarding getElementTagName on session 2d2e9eab629655d2ee72517061be1ced to remote] DEBUG org.asynchttpclient.netty.request.NettyRequestSender - Using open Channel [id: 0xd6945cda, L:/127.0.0.1:52312 - R:localhost/127.0.0.1:59567] for GET '/session/2d2e9eab629655d2ee72517061be1ced/element/ebd854d6-cdfc-4e2b-80c0-7a929ed3ef2c/name'
23:24:34.169 [AsyncHttpClient-1-4] DEBUG org.asynchttpclient.netty.handler.HttpHandler - 

Request DefaultFullHttpRequest(decodeResult: success, version: HTTP/1.1, content: EmptyByteBufBE)
GET /session/2d2e9eab629655d2ee72517061be1ced/element/ebd854d6-cdfc-4e2b-80c0-7a929ed3ef2c/name HTTP/1.1
User-Agent: selenium/4.1.2 (java windows)
Cache-Control: no-cache
Content-Type: application/json; charset=utf-8
host: localhost:59567
accept: */*

Response DefaultHttpResponse(decodeResult: success, version: HTTP/1.1)
HTTP/1.1 200 OK
Content-Type: application/json; charset=utf-8
cache-control: no-cache
content-length: 13

23:24:34.170 [AsyncHttpClient-1-4] DEBUG org.asynchttpclient.netty.channel.ChannelManager - Adding key: http://localhost:59567 for channel [id: 0xd6945cda, L:/127.0.0.1:52312 - R:localhost/127.0.0.1:59567]
23:24:34.172 [Forwarding getElementTagName on session 2d2e9eab629655d2ee72517061be1ced to remote] DEBUG org.asynchttpclient.netty.request.NettyRequestSender - Using pooled Channel '[id: 0xd6945cda, L:/127.0.0.1:52312 - R:localhost/127.0.0.1:59567]' for 'GET' to 'http://localhost:59567/session/2d2e9eab629655d2ee72517061be1ced/element/ebd854d6-cdfc-4e2b-80c0-7a929ed3ef2c/name'
23:24:34.172 [Forwarding getElementTagName on session 2d2e9eab629655d2ee72517061be1ced to remote] DEBUG org.asynchttpclient.netty.request.NettyRequestSender - Using open Channel [id: 0xd6945cda, L:/127.0.0.1:52312 - R:localhost/127.0.0.1:59567] for GET '/session/2d2e9eab629655d2ee72517061be1ced/element/ebd854d6-cdfc-4e2b-80c0-7a929ed3ef2c/name'
23:24:34.181 [AsyncHttpClient-1-4] DEBUG org.asynchttpclient.netty.handler.HttpHandler - 

Request DefaultFullHttpRequest(decodeResult: success, version: HTTP/1.1, content: EmptyByteBufBE)
GET /session/2d2e9eab629655d2ee72517061be1ced/element/ebd854d6-cdfc-4e2b-80c0-7a929ed3ef2c/name HTTP/1.1
User-Agent: selenium/4.1.2 (java windows)
Cache-Control: no-cache
Content-Type: application/json; charset=utf-8
host: localhost:59567
accept: */*

Response DefaultHttpResponse(decodeResult: success, version: HTTP/1.1)
HTTP/1.1 200 OK
Content-Type: application/json; charset=utf-8
cache-control: no-cache
content-length: 13

23:24:34.181 [AsyncHttpClient-1-4] DEBUG org.asynchttpclient.netty.channel.ChannelManager - Adding key: http://localhost:59567 for channel [id: 0xd6945cda, L:/127.0.0.1:52312 - R:localhost/127.0.0.1:59567]
23:24:34.184 [Forwarding findElement on session 2d2e9eab629655d2ee72517061be1ced to remote] DEBUG org.asynchttpclient.netty.request.NettyRequestSender - Using pooled Channel '[id: 0xd6945cda, L:/127.0.0.1:52312 - R:localhost/127.0.0.1:59567]' for 'POST' to 'http://localhost:59567/session/2d2e9eab629655d2ee72517061be1ced/element'
23:24:34.184 [Forwarding findElement on session 2d2e9eab629655d2ee72517061be1ced to remote] DEBUG org.asynchttpclient.netty.request.NettyRequestSender - Using open Channel [id: 0xd6945cda, L:/127.0.0.1:52312 - R:localhost/127.0.0.1:59567] for POST '/session/2d2e9eab629655d2ee72517061be1ced/element'
23:24:34.195 [AsyncHttpClient-1-4] DEBUG org.asynchttpclient.netty.handler.HttpHandler - 

Request DefaultHttpRequest(decodeResult: success, version: HTTP/1.1)
POST /session/2d2e9eab629655d2ee72517061be1ced/element HTTP/1.1
User-Agent: selenium/4.1.2 (java windows)
Content-Length: 125
Content-Type: application/json; charset=utf-8
host: localhost:59567
accept: */*

Response DefaultHttpResponse(decodeResult: success, version: HTTP/1.1)
HTTP/1.1 200 OK
Content-Type: application/json; charset=utf-8
cache-control: no-cache
content-length: 88

23:24:34.195 [AsyncHttpClient-1-4] DEBUG org.asynchttpclient.netty.channel.ChannelManager - Adding key: http://localhost:59567 for channel [id: 0xd6945cda, L:/127.0.0.1:52312 - R:localhost/127.0.0.1:59567]
23:24:34.197 [Forwarding clickElement on session 2d2e9eab629655d2ee72517061be1ced to remote] DEBUG org.asynchttpclient.netty.request.NettyRequestSender - Using pooled Channel '[id: 0xd6945cda, L:/127.0.0.1:52312 - R:localhost/127.0.0.1:59567]' for 'POST' to 'http://localhost:59567/session/2d2e9eab629655d2ee72517061be1ced/element/ebd854d6-cdfc-4e2b-80c0-7a929ed3ef2c/click'
23:24:34.197 [Forwarding clickElement on session 2d2e9eab629655d2ee72517061be1ced to remote] DEBUG org.asynchttpclient.netty.request.NettyRequestSender - Using open Channel [id: 0xd6945cda, L:/127.0.0.1:52312 - R:localhost/127.0.0.1:59567] for POST '/session/2d2e9eab629655d2ee72517061be1ced/element/ebd854d6-cdfc-4e2b-80c0-7a929ed3ef2c/click'
23:24:34.256 [AsyncHttpClient-1-4] DEBUG org.asynchttpclient.netty.handler.HttpHandler - 

Request DefaultHttpRequest(decodeResult: success, version: HTTP/1.1)
POST /session/2d2e9eab629655d2ee72517061be1ced/element/ebd854d6-cdfc-4e2b-80c0-7a929ed3ef2c/click HTTP/1.1
User-Agent: selenium/4.1.2 (java windows)
Content-Length: 50
Content-Type: application/json; charset=utf-8
host: localhost:59567
accept: */*

Response DefaultHttpResponse(decodeResult: success, version: HTTP/1.1)
HTTP/1.1 200 OK
Content-Type: application/json; charset=utf-8
cache-control: no-cache
content-length: 14

23:24:34.257 [AsyncHttpClient-1-4] DEBUG org.asynchttpclient.netty.channel.ChannelManager - Adding key: http://localhost:59567 for channel [id: 0xd6945cda, L:/127.0.0.1:52312 - R:localhost/127.0.0.1:59567]
23:24:34.280 [Forwarding screenshot on session 2d2e9eab629655d2ee72517061be1ced to remote] DEBUG org.asynchttpclient.netty.request.NettyRequestSender - Using pooled Channel '[id: 0xd6945cda, L:/127.0.0.1:52312 - R:localhost/127.0.0.1:59567]' for 'GET' to 'http://localhost:59567/session/2d2e9eab629655d2ee72517061be1ced/screenshot'
23:24:34.280 [Forwarding screenshot on session 2d2e9eab629655d2ee72517061be1ced to remote] DEBUG org.asynchttpclient.netty.request.NettyRequestSender - Using open Channel [id: 0xd6945cda, L:/127.0.0.1:52312 - R:localhost/127.0.0.1:59567] for GET '/session/2d2e9eab629655d2ee72517061be1ced/screenshot'
23:24:34.590 [AsyncHttpClient-1-4] DEBUG org.asynchttpclient.netty.handler.HttpHandler - 

Request DefaultFullHttpRequest(decodeResult: success, version: HTTP/1.1, content: EmptyByteBufBE)
GET /session/2d2e9eab629655d2ee72517061be1ced/screenshot HTTP/1.1
User-Agent: selenium/4.1.2 (java windows)
Cache-Control: no-cache
Content-Type: application/json; charset=utf-8
host: localhost:59567
accept: */*

Response DefaultHttpResponse(decodeResult: success, version: HTTP/1.1)
HTTP/1.1 200 OK
Content-Type: application/json; charset=utf-8
cache-control: no-cache
content-length: 41512

23:24:34.591 [AsyncHttpClient-1-4] DEBUG org.asynchttpclient.netty.channel.ChannelManager - Adding key: http://localhost:59567 for channel [id: 0xd6945cda, L:/127.0.0.1:52312 - R:localhost/127.0.0.1:59567]
23:24:34.593 [main] DEBUG net.serenitybdd.core.photography.Darkroom - Send negative for processing for target\site\serenity\170bb43a003ac2afe952e09cf6881491254c97a1ea9a82259cd4037686521fa9.png
23:24:34.594 [main] DEBUG net.thucydides.core.steps.StepInterceptor - STEP DONE: toLoginPage
  &amp#27;[32mWhen &amp#27;[0m&amp#27;[32mI click login icon&amp#27;[0m                                 &amp#27;[90m# stepdefinitions.OrderStep.iClickBayarButton()&amp#27;[0m
23:24:34.594 [Darkroom Processing Line] DEBUG net.serenitybdd.core.photography.DarkroomProcessingLine - Processing screenshot image in /var/screenshots/screenshot-1814820667383785621
23:24:34.594 [Darkroom Processing Line] DEBUG net.serenitybdd.core.photography.DarkroomProcessingLine - Saving screenshot to target\site\serenity\170bb43a003ac2afe952e09cf6881491254c97a1ea9a82259cd4037686521fa9.png
23:24:34.622 [main] DEBUG net.thucydides.core.steps.StepInterceptor - STARTING STEP: OrderStep.inputEmail - typeMyEmail
23:24:34.625 [Forwarding findElement on session 2d2e9eab629655d2ee72517061be1ced to remote] DEBUG org.asynchttpclient.netty.request.NettyRequestSender - Using pooled Channel '[id: 0xd6945cda, L:/127.0.0.1:52312 - R:localhost/127.0.0.1:59567]' for 'POST' to 'http://localhost:59567/session/2d2e9eab629655d2ee72517061be1ced/element'
23:24:34.625 [Forwarding findElement on session 2d2e9eab629655d2ee72517061be1ced to remote] DEBUG org.asynchttpclient.netty.request.NettyRequestSender - Using open Channel [id: 0xd6945cda, L:/127.0.0.1:52312 - R:localhost/127.0.0.1:59567] for POST '/session/2d2e9eab629655d2ee72517061be1ced/element'
23:24:34.650 [AsyncHttpClient-1-4] DEBUG org.asynchttpclient.netty.handler.HttpHandler - 

Request DefaultHttpRequest(decodeResult: success, version: HTTP/1.1)
POST /session/2d2e9eab629655d2ee72517061be1ced/element HTTP/1.1
User-Agent: selenium/4.1.2 (java windows)
Content-Length: 84
Content-Type: application/json; charset=utf-8
host: localhost:59567
accept: */*

Response DefaultHttpResponse(decodeResult: success, version: HTTP/1.1)
HTTP/1.1 200 OK
Content-Type: application/json; charset=utf-8
cache-control: no-cache
content-length: 88

23:24:34.651 [AsyncHttpClient-1-4] DEBUG org.asynchttpclient.netty.channel.ChannelManager - Adding key: http://localhost:59567 for channel [id: 0xd6945cda, L:/127.0.0.1:52312 - R:localhost/127.0.0.1:59567]
23:24:34.654 [Forwarding sendKeysToElement on session 2d2e9eab629655d2ee72517061be1ced to remote] DEBUG org.asynchttpclient.netty.request.NettyRequestSender - Using pooled Channel '[id: 0xd6945cda, L:/127.0.0.1:52312 - R:localhost/127.0.0.1:59567]' for 'POST' to 'http://localhost:59567/session/2d2e9eab629655d2ee72517061be1ced/element/ffe7621c-d226-415e-84ed-5320f9bca531/value'
23:24:34.654 [Forwarding sendKeysToElement on session 2d2e9eab629655d2ee72517061be1ced to remote] DEBUG org.asynchttpclient.netty.request.NettyRequestSender - Using open Channel [id: 0xd6945cda, L:/127.0.0.1:52312 - R:localhost/127.0.0.1:59567] for POST '/session/2d2e9eab629655d2ee72517061be1ced/element/ffe7621c-d226-415e-84ed-5320f9bca531/value'
23:24:34.659 [AsyncHttpClient-1-1] DEBUG org.asynchttpclient.netty.channel.DefaultChannelPool - Entry count for : http://localhost:52313 : 1
23:24:35.002 [AsyncHttpClient-1-4] DEBUG org.asynchttpclient.netty.handler.HttpHandler - 

Request DefaultHttpRequest(decodeResult: success, version: HTTP/1.1)
POST /session/2d2e9eab629655d2ee72517061be1ced/element/ffe7621c-d226-415e-84ed-5320f9bca531/value HTTP/1.1
User-Agent: selenium/4.1.2 (java windows)
Content-Length: 361
Content-Type: application/json; charset=utf-8
host: localhost:59567
accept: */*

Response DefaultHttpResponse(decodeResult: success, version: HTTP/1.1)
HTTP/1.1 200 OK
Content-Type: application/json; charset=utf-8
cache-control: no-cache
content-length: 14

23:24:35.003 [AsyncHttpClient-1-4] DEBUG org.asynchttpclient.netty.channel.ChannelManager - Adding key: http://localhost:59567 for channel [id: 0xd6945cda, L:/127.0.0.1:52312 - R:localhost/127.0.0.1:59567]
23:24:35.011 [Forwarding screenshot on session 2d2e9eab629655d2ee72517061be1ced to remote] DEBUG org.asynchttpclient.netty.request.NettyRequestSender - Using pooled Channel '[id: 0xd6945cda, L:/127.0.0.1:52312 - R:localhost/127.0.0.1:59567]' for 'GET' to 'http://localhost:59567/session/2d2e9eab629655d2ee72517061be1ced/screenshot'
23:24:35.011 [Forwarding screenshot on session 2d2e9eab629655d2ee72517061be1ced to remote] DEBUG org.asynchttpclient.netty.request.NettyRequestSender - Using open Channel [id: 0xd6945cda, L:/127.0.0.1:52312 - R:localhost/127.0.0.1:59567] for GET '/session/2d2e9eab629655d2ee72517061be1ced/screenshot'
23:24:35.314 [AsyncHttpClient-1-4] DEBUG org.asynchttpclient.netty.handler.HttpHandler - 

Request DefaultFullHttpRequest(decodeResult: success, version: HTTP/1.1, content: EmptyByteBufBE)
GET /session/2d2e9eab629655d2ee72517061be1ced/screenshot HTTP/1.1
User-Agent: selenium/4.1.2 (java windows)
Cache-Control: no-cache
Content-Type: application/json; charset=utf-8
host: localhost:59567
accept: */*

Response DefaultHttpResponse(decodeResult: success, version: HTTP/1.1)
HTTP/1.1 200 OK
Content-Type: application/json; charset=utf-8
cache-control: no-cache
content-length: 48972

23:24:35.314 [AsyncHttpClient-1-4] DEBUG org.asynchttpclient.netty.channel.ChannelManager - Adding key: http://localhost:59567 for channel [id: 0xd6945cda, L:/127.0.0.1:52312 - R:localhost/127.0.0.1:59567]
23:24:35.324 [main] DEBUG net.serenitybdd.core.photography.Darkroom - Send negative for processing for target\site\serenity\b9c550c5af79bff2637137825657dd2651ec07fb945a2b1a34de161a6817e6be.png
23:24:35.324 [main] DEBUG net.thucydides.core.steps.StepInterceptor - STEP DONE: typeMyEmail
  &amp#27;[32mAnd &amp#27;[0m&amp#27;[32mI input email &amp#27;[0m&amp#27;[32m&amp#27;[1mlandon.mcdermott@hotmail.com&amp#27;[0m          &amp#27;[90m# stepdefinitions.OrderStep.inputEmail(java.lang.String)&amp#27;[0m
23:24:35.325 [Darkroom Processing Line] DEBUG net.serenitybdd.core.photography.DarkroomProcessingLine - Processing screenshot image in /var/screenshots/screenshot-7213720097648131802
23:24:35.325 [Darkroom Processing Line] DEBUG net.serenitybdd.core.photography.DarkroomProcessingLine - Saving screenshot to target\site\serenity\b9c550c5af79bff2637137825657dd2651ec07fb945a2b1a34de161a6817e6be.png
23:24:35.360 [main] DEBUG net.thucydides.core.steps.StepInterceptor - STARTING STEP: OrderStep.inputPassword - typeMyPassword
23:24:35.363 [Forwarding findElement on session 2d2e9eab629655d2ee72517061be1ced to remote] DEBUG org.asynchttpclient.netty.request.NettyRequestSender - Using pooled Channel '[id: 0xd6945cda, L:/127.0.0.1:52312 - R:localhost/127.0.0.1:59567]' for 'POST' to 'http://localhost:59567/session/2d2e9eab629655d2ee72517061be1ced/element'
23:24:35.363 [Forwarding findElement on session 2d2e9eab629655d2ee72517061be1ced to remote] DEBUG org.asynchttpclient.netty.request.NettyRequestSender - Using open Channel [id: 0xd6945cda, L:/127.0.0.1:52312 - R:localhost/127.0.0.1:59567] for POST '/session/2d2e9eab629655d2ee72517061be1ced/element'
23:24:35.381 [AsyncHttpClient-1-4] DEBUG org.asynchttpclient.netty.handler.HttpHandler - 

Request DefaultHttpRequest(decodeResult: success, version: HTTP/1.1)
POST /session/2d2e9eab629655d2ee72517061be1ced/element HTTP/1.1
User-Agent: selenium/4.1.2 (java windows)
Content-Length: 87
Content-Type: application/json; charset=utf-8
host: localhost:59567
accept: */*

Response DefaultHttpResponse(decodeResult: success, version: HTTP/1.1)
HTTP/1.1 200 OK
Content-Type: application/json; charset=utf-8
cache-control: no-cache
content-length: 88

23:24:35.382 [AsyncHttpClient-1-4] DEBUG org.asynchttpclient.netty.channel.ChannelManager - Adding key: http://localhost:59567 for channel [id: 0xd6945cda, L:/127.0.0.1:52312 - R:localhost/127.0.0.1:59567]
23:24:35.385 [Forwarding sendKeysToElement on session 2d2e9eab629655d2ee72517061be1ced to remote] DEBUG org.asynchttpclient.netty.request.NettyRequestSender - Using pooled Channel '[id: 0xd6945cda, L:/127.0.0.1:52312 - R:localhost/127.0.0.1:59567]' for 'POST' to 'http://localhost:59567/session/2d2e9eab629655d2ee72517061be1ced/element/420c9b00-8a2b-4558-985e-98e112bb0af8/value'
23:24:35.385 [Forwarding sendKeysToElement on session 2d2e9eab629655d2ee72517061be1ced to remote] DEBUG org.asynchttpclient.netty.request.NettyRequestSender - Using open Channel [id: 0xd6945cda, L:/127.0.0.1:52312 - R:localhost/127.0.0.1:59567] for POST '/session/2d2e9eab629655d2ee72517061be1ced/element/420c9b00-8a2b-4558-985e-98e112bb0af8/value'
23:24:35.532 [AsyncHttpClient-1-4] DEBUG org.asynchttpclient.netty.handler.HttpHandler - 

Request DefaultHttpRequest(decodeResult: success, version: HTTP/1.1)
POST /session/2d2e9eab629655d2ee72517061be1ced/element/420c9b00-8a2b-4558-985e-98e112bb0af8/value HTTP/1.1
User-Agent: selenium/4.1.2 (java windows)
Content-Length: 131
Content-Type: application/json; charset=utf-8
host: localhost:59567
accept: */*

Response DefaultHttpResponse(decodeResult: success, version: HTTP/1.1)
HTTP/1.1 200 OK
Content-Type: application/json; charset=utf-8
cache-control: no-cache
content-length: 14

23:24:35.533 [AsyncHttpClient-1-4] DEBUG org.asynchttpclient.netty.channel.ChannelManager - Adding key: http://localhost:59567 for channel [id: 0xd6945cda, L:/127.0.0.1:52312 - R:localhost/127.0.0.1:59567]
23:24:35.553 [Forwarding screenshot on session 2d2e9eab629655d2ee72517061be1ced to remote] DEBUG org.asynchttpclient.netty.request.NettyRequestSender - Using pooled Channel '[id: 0xd6945cda, L:/127.0.0.1:52312 - R:localhost/127.0.0.1:59567]' for 'GET' to 'http://localhost:59567/session/2d2e9eab629655d2ee72517061be1ced/screenshot'
23:24:35.553 [Forwarding screenshot on session 2d2e9eab629655d2ee72517061be1ced to remote] DEBUG org.asynchttpclient.netty.request.NettyRequestSender - Using open Channel [id: 0xd6945cda, L:/127.0.0.1:52312 - R:localhost/127.0.0.1:59567] for GET '/session/2d2e9eab629655d2ee72517061be1ced/screenshot'
23:24:35.765 [AsyncHttpClient-1-1] DEBUG org.asynchttpclient.netty.channel.DefaultChannelPool - Entry count for : http://localhost:52313 : 1
23:24:35.776 [AsyncHttpClient-1-4] DEBUG org.asynchttpclient.netty.handler.HttpHandler - 

Request DefaultFullHttpRequest(decodeResult: success, version: HTTP/1.1, content: EmptyByteBufBE)
GET /session/2d2e9eab629655d2ee72517061be1ced/screenshot HTTP/1.1
User-Agent: selenium/4.1.2 (java windows)
Cache-Control: no-cache
Content-Type: application/json; charset=utf-8
host: localhost:59567
accept: */*

Response DefaultHttpResponse(decodeResult: success, version: HTTP/1.1)
HTTP/1.1 200 OK
Content-Type: application/json; charset=utf-8
cache-control: no-cache
content-length: 50452

23:24:35.776 [AsyncHttpClient-1-4] DEBUG org.asynchttpclient.netty.channel.ChannelManager - Adding key: http://localhost:59567 for channel [id: 0xd6945cda, L:/127.0.0.1:52312 - R:localhost/127.0.0.1:59567]
23:24:35.779 [main] DEBUG net.serenitybdd.core.photography.Darkroom - Send negative for processing for target\site\serenity\8c3f92554ed3cda5980f970f3775cd8154b628070493bff42664a56400deccb6.png
23:24:35.779 [main] DEBUG net.thucydides.core.steps.StepInterceptor - STEP DONE: typeMyPassword
23:24:35.779 [Darkroom Processing Line] DEBUG net.serenitybdd.core.photography.DarkroomProcessingLine - Processing screenshot image in /var/screenshots/screenshot-12754407989444659294
23:24:35.779 [Darkroom Processing Line] DEBUG net.serenitybdd.core.photography.DarkroomProcessingLine - Saving screenshot to target\site\serenity\8c3f92554ed3cda5980f970f3775cd8154b628070493bff42664a56400deccb6.png
23:24:35.791 [main] DEBUG net.thucydides.core.steps.StepInterceptor - STARTING STEP: OrderStep.inputPassword - clickLoginButton
23:24:35.794 [Forwarding findElement on session 2d2e9eab629655d2ee72517061be1ced to remote] DEBUG org.asynchttpclient.netty.request.NettyRequestSender - Using pooled Channel '[id: 0xd6945cda, L:/127.0.0.1:52312 - R:localhost/127.0.0.1:59567]' for 'POST' to 'http://localhost:59567/session/2d2e9eab629655d2ee72517061be1ced/element'
23:24:35.794 [Forwarding findElement on session 2d2e9eab629655d2ee72517061be1ced to remote] DEBUG org.asynchttpclient.netty.request.NettyRequestSender - Using open Channel [id: 0xd6945cda, L:/127.0.0.1:52312 - R:localhost/127.0.0.1:59567] for POST '/session/2d2e9eab629655d2ee72517061be1ced/element'
23:24:35.813 [AsyncHttpClient-1-4] DEBUG org.asynchttpclient.netty.handler.HttpHandler - 

Request DefaultHttpRequest(decodeResult: success, version: HTTP/1.1)
POST /session/2d2e9eab629655d2ee72517061be1ced/element HTTP/1.1
User-Agent: selenium/4.1.2 (java windows)
Content-Length: 155
Content-Type: application/json; charset=utf-8
host: localhost:59567
accept: */*

Response DefaultHttpResponse(decodeResult: success, version: HTTP/1.1)
HTTP/1.1 200 OK
Content-Type: application/json; charset=utf-8
cache-control: no-cache
content-length: 88

23:24:35.813 [AsyncHttpClient-1-4] DEBUG org.asynchttpclient.netty.channel.ChannelManager - Adding key: http://localhost:59567 for channel [id: 0xd6945cda, L:/127.0.0.1:52312 - R:localhost/127.0.0.1:59567]
23:24:35.816 [Forwarding getElementTagName on session 2d2e9eab629655d2ee72517061be1ced to remote] DEBUG org.asynchttpclient.netty.request.NettyRequestSender - Using pooled Channel '[id: 0xd6945cda, L:/127.0.0.1:52312 - R:localhost/127.0.0.1:59567]' for 'GET' to 'http://localhost:59567/session/2d2e9eab629655d2ee72517061be1ced/element/a5ad481d-6c3a-4155-ac9a-5fdac4ac43df/name'
23:24:35.816 [Forwarding getElementTagName on session 2d2e9eab629655d2ee72517061be1ced to remote] DEBUG org.asynchttpclient.netty.request.NettyRequestSender - Using open Channel [id: 0xd6945cda, L:/127.0.0.1:52312 - R:localhost/127.0.0.1:59567] for GET '/session/2d2e9eab629655d2ee72517061be1ced/element/a5ad481d-6c3a-4155-ac9a-5fdac4ac43df/name'
23:24:35.824 [AsyncHttpClient-1-4] DEBUG org.asynchttpclient.netty.handler.HttpHandler - 

Request DefaultFullHttpRequest(decodeResult: success, version: HTTP/1.1, content: EmptyByteBufBE)
GET /session/2d2e9eab629655d2ee72517061be1ced/element/a5ad481d-6c3a-4155-ac9a-5fdac4ac43df/name HTTP/1.1
User-Agent: selenium/4.1.2 (java windows)
Cache-Control: no-cache
Content-Type: application/json; charset=utf-8
host: localhost:59567
accept: */*

Response DefaultHttpResponse(decodeResult: success, version: HTTP/1.1)
HTTP/1.1 200 OK
Content-Type: application/json; charset=utf-8
cache-control: no-cache
content-length: 18

23:24:35.824 [AsyncHttpClient-1-4] DEBUG org.asynchttpclient.netty.channel.ChannelManager - Adding key: http://localhost:59567 for channel [id: 0xd6945cda, L:/127.0.0.1:52312 - R:localhost/127.0.0.1:59567]
23:24:35.827 [Forwarding getElementTagName on session 2d2e9eab629655d2ee72517061be1ced to remote] DEBUG org.asynchttpclient.netty.request.NettyRequestSender - Using pooled Channel '[id: 0xd6945cda, L:/127.0.0.1:52312 - R:localhost/127.0.0.1:59567]' for 'GET' to 'http://localhost:59567/session/2d2e9eab629655d2ee72517061be1ced/element/a5ad481d-6c3a-4155-ac9a-5fdac4ac43df/name'
23:24:35.827 [Forwarding getElementTagName on session 2d2e9eab629655d2ee72517061be1ced to remote] DEBUG org.asynchttpclient.netty.request.NettyRequestSender - Using open Channel [id: 0xd6945cda, L:/127.0.0.1:52312 - R:localhost/127.0.0.1:59567] for GET '/session/2d2e9eab629655d2ee72517061be1ced/element/a5ad481d-6c3a-4155-ac9a-5fdac4ac43df/name'
23:24:35.833 [AsyncHttpClient-1-4] DEBUG org.asynchttpclient.netty.handler.HttpHandler - 

Request DefaultFullHttpRequest(decodeResult: success, version: HTTP/1.1, content: EmptyByteBufBE)
GET /session/2d2e9eab629655d2ee72517061be1ced/element/a5ad481d-6c3a-4155-ac9a-5fdac4ac43df/name HTTP/1.1
User-Agent: selenium/4.1.2 (java windows)
Cache-Control: no-cache
Content-Type: application/json; charset=utf-8
host: localhost:59567
accept: */*

Response DefaultHttpResponse(decodeResult: success, version: HTTP/1.1)
HTTP/1.1 200 OK
Content-Type: application/json; charset=utf-8
cache-control: no-cache
content-length: 18

23:24:35.833 [AsyncHttpClient-1-4] DEBUG org.asynchttpclient.netty.channel.ChannelManager - Adding key: http://localhost:59567 for channel [id: 0xd6945cda, L:/127.0.0.1:52312 - R:localhost/127.0.0.1:59567]
23:24:35.838 [Forwarding isElementEnabled on session 2d2e9eab629655d2ee72517061be1ced to remote] DEBUG org.asynchttpclient.netty.request.NettyRequestSender - Using pooled Channel '[id: 0xd6945cda, L:/127.0.0.1:52312 - R:localhost/127.0.0.1:59567]' for 'GET' to 'http://localhost:59567/session/2d2e9eab629655d2ee72517061be1ced/element/a5ad481d-6c3a-4155-ac9a-5fdac4ac43df/enabled'
23:24:35.838 [Forwarding isElementEnabled on session 2d2e9eab629655d2ee72517061be1ced to remote] DEBUG org.asynchttpclient.netty.request.NettyRequestSender - Using open Channel [id: 0xd6945cda, L:/127.0.0.1:52312 - R:localhost/127.0.0.1:59567] for GET '/session/2d2e9eab629655d2ee72517061be1ced/element/a5ad481d-6c3a-4155-ac9a-5fdac4ac43df/enabled'
23:24:35.850 [AsyncHttpClient-1-4] DEBUG org.asynchttpclient.netty.handler.HttpHandler - 

Request DefaultFullHttpRequest(decodeResult: success, version: HTTP/1.1, content: EmptyByteBufBE)
GET /session/2d2e9eab629655d2ee72517061be1ced/element/a5ad481d-6c3a-4155-ac9a-5fdac4ac43df/enabled HTTP/1.1
User-Agent: selenium/4.1.2 (java windows)
Cache-Control: no-cache
Content-Type: application/json; charset=utf-8
host: localhost:59567
accept: */*

Response DefaultHttpResponse(decodeResult: success, version: HTTP/1.1)
HTTP/1.1 200 OK
Content-Type: application/json; charset=utf-8
cache-control: no-cache
content-length: 14

23:24:35.850 [AsyncHttpClient-1-4] DEBUG org.asynchttpclient.netty.channel.ChannelManager - Adding key: http://localhost:59567 for channel [id: 0xd6945cda, L:/127.0.0.1:52312 - R:localhost/127.0.0.1:59567]
23:24:35.854 [Forwarding isElementEnabled on session 2d2e9eab629655d2ee72517061be1ced to remote] DEBUG org.asynchttpclient.netty.request.NettyRequestSender - Using pooled Channel '[id: 0xd6945cda, L:/127.0.0.1:52312 - R:localhost/127.0.0.1:59567]' for 'GET' to 'http://localhost:59567/session/2d2e9eab629655d2ee72517061be1ced/element/a5ad481d-6c3a-4155-ac9a-5fdac4ac43df/enabled'
23:24:35.854 [Forwarding isElementEnabled on session 2d2e9eab629655d2ee72517061be1ced to remote] DEBUG org.asynchttpclient.netty.request.NettyRequestSender - Using open Channel [id: 0xd6945cda, L:/127.0.0.1:52312 - R:localhost/127.0.0.1:59567] for GET '/session/2d2e9eab629655d2ee72517061be1ced/element/a5ad481d-6c3a-4155-ac9a-5fdac4ac43df/enabled'
23:24:35.862 [AsyncHttpClient-1-4] DEBUG org.asynchttpclient.netty.handler.HttpHandler - 

Request DefaultFullHttpRequest(decodeResult: success, version: HTTP/1.1, content: EmptyByteBufBE)
GET /session/2d2e9eab629655d2ee72517061be1ced/element/a5ad481d-6c3a-4155-ac9a-5fdac4ac43df/enabled HTTP/1.1
User-Agent: selenium/4.1.2 (java windows)
Cache-Control: no-cache
Content-Type: application/json; charset=utf-8
host: localhost:59567
accept: */*

Response DefaultHttpResponse(decodeResult: success, version: HTTP/1.1)
HTTP/1.1 200 OK
Content-Type: application/json; charset=utf-8
cache-control: no-cache
content-length: 14

23:24:35.862 [AsyncHttpClient-1-4] DEBUG org.asynchttpclient.netty.channel.ChannelManager - Adding key: http://localhost:59567 for channel [id: 0xd6945cda, L:/127.0.0.1:52312 - R:localhost/127.0.0.1:59567]
23:24:35.865 [Forwarding findElement on session 2d2e9eab629655d2ee72517061be1ced to remote] DEBUG org.asynchttpclient.netty.request.NettyRequestSender - Using pooled Channel '[id: 0xd6945cda, L:/127.0.0.1:52312 - R:localhost/127.0.0.1:59567]' for 'POST' to 'http://localhost:59567/session/2d2e9eab629655d2ee72517061be1ced/element'
23:24:35.865 [Forwarding findElement on session 2d2e9eab629655d2ee72517061be1ced to remote] DEBUG org.asynchttpclient.netty.request.NettyRequestSender - Using open Channel [id: 0xd6945cda, L:/127.0.0.1:52312 - R:localhost/127.0.0.1:59567] for POST '/session/2d2e9eab629655d2ee72517061be1ced/element'
23:24:35.877 [AsyncHttpClient-1-4] DEBUG org.asynchttpclient.netty.handler.HttpHandler - 

Request DefaultHttpRequest(decodeResult: success, version: HTTP/1.1)
POST /session/2d2e9eab629655d2ee72517061be1ced/element HTTP/1.1
User-Agent: selenium/4.1.2 (java windows)
Content-Length: 155
Content-Type: application/json; charset=utf-8
host: localhost:59567
accept: */*

Response DefaultHttpResponse(decodeResult: success, version: HTTP/1.1)
HTTP/1.1 200 OK
Content-Type: application/json; charset=utf-8
cache-control: no-cache
content-length: 88

23:24:35.878 [AsyncHttpClient-1-4] DEBUG org.asynchttpclient.netty.channel.ChannelManager - Adding key: http://localhost:59567 for channel [id: 0xd6945cda, L:/127.0.0.1:52312 - R:localhost/127.0.0.1:59567]
23:24:35.879 [Forwarding clickElement on session 2d2e9eab629655d2ee72517061be1ced to remote] DEBUG org.asynchttpclient.netty.request.NettyRequestSender - Using pooled Channel '[id: 0xd6945cda, L:/127.0.0.1:52312 - R:localhost/127.0.0.1:59567]' for 'POST' to 'http://localhost:59567/session/2d2e9eab629655d2ee72517061be1ced/element/a5ad481d-6c3a-4155-ac9a-5fdac4ac43df/click'
23:24:35.880 [Forwarding clickElement on session 2d2e9eab629655d2ee72517061be1ced to remote] DEBUG org.asynchttpclient.netty.request.NettyRequestSender - Using open Channel [id: 0xd6945cda, L:/127.0.0.1:52312 - R:localhost/127.0.0.1:59567] for POST '/session/2d2e9eab629655d2ee72517061be1ced/element/a5ad481d-6c3a-4155-ac9a-5fdac4ac43df/click'
23:24:35.948 [AsyncHttpClient-1-4] DEBUG org.asynchttpclient.netty.handler.HttpHandler - 

Request DefaultHttpRequest(decodeResult: success, version: HTTP/1.1)
POST /session/2d2e9eab629655d2ee72517061be1ced/element/a5ad481d-6c3a-4155-ac9a-5fdac4ac43df/click HTTP/1.1
User-Agent: selenium/4.1.2 (java windows)
Content-Length: 50
Content-Type: application/json; charset=utf-8
host: localhost:59567
accept: */*

Response DefaultHttpResponse(decodeResult: success, version: HTTP/1.1)
HTTP/1.1 200 OK
Content-Type: application/json; charset=utf-8
cache-control: no-cache
content-length: 14

23:24:35.948 [AsyncHttpClient-1-4] DEBUG org.asynchttpclient.netty.channel.ChannelManager - Adding key: http://localhost:59567 for channel [id: 0xd6945cda, L:/127.0.0.1:52312 - R:localhost/127.0.0.1:59567]
23:24:35.959 [Forwarding screenshot on session 2d2e9eab629655d2ee72517061be1ced to remote] DEBUG org.asynchttpclient.netty.request.NettyRequestSender - Using pooled Channel '[id: 0xd6945cda, L:/127.0.0.1:52312 - R:localhost/127.0.0.1:59567]' for 'GET' to 'http://localhost:59567/session/2d2e9eab629655d2ee72517061be1ced/screenshot'
23:24:35.959 [Forwarding screenshot on session 2d2e9eab629655d2ee72517061be1ced to remote] DEBUG org.asynchttpclient.netty.request.NettyRequestSender - Using open Channel [id: 0xd6945cda, L:/127.0.0.1:52312 - R:localhost/127.0.0.1:59567] for GET '/session/2d2e9eab629655d2ee72517061be1ced/screenshot'
23:24:36.358 [AsyncHttpClient-1-4] DEBUG org.asynchttpclient.netty.handler.HttpHandler - 

Request DefaultFullHttpRequest(decodeResult: success, version: HTTP/1.1, content: EmptyByteBufBE)
GET /session/2d2e9eab629655d2ee72517061be1ced/screenshot HTTP/1.1
User-Agent: selenium/4.1.2 (java windows)
Cache-Control: no-cache
Content-Type: application/json; charset=utf-8
host: localhost:59567
accept: */*

Response DefaultHttpResponse(decodeResult: success, version: HTTP/1.1)
HTTP/1.1 200 OK
Content-Type: application/json; charset=utf-8
cache-control: no-cache
content-length: 50108

23:24:36.358 [AsyncHttpClient-1-4] DEBUG org.asynchttpclient.netty.channel.ChannelManager - Adding key: http://localhost:59567 for channel [id: 0xd6945cda, L:/127.0.0.1:52312 - R:localhost/127.0.0.1:59567]
23:24:36.361 [main] DEBUG net.serenitybdd.core.photography.Darkroom - Send negative for processing for target\site\serenity\3b31d74203c2ffdd141e7bddd42ca0a4ddca91632e41da90e3024fceb2f5669e.png
23:24:36.362 [main] DEBUG net.thucydides.core.steps.StepInterceptor - STEP DONE: clickLoginButton
  &amp#27;[32mAnd &amp#27;[0m&amp#27;[32mI input password &amp#27;[0m&amp#27;[32m&amp#27;[1maiueo&amp#27;[0m                              &amp#27;[90m# stepdefinitions.OrderStep.inputPassword(java.lang.String)&amp#27;[0m
23:24:36.363 [Darkroom Processing Line] DEBUG net.serenitybdd.core.photography.DarkroomProcessingLine - Processing screenshot image in /var/screenshots/screenshot-4475219571304409145
23:24:36.363 [Darkroom Processing Line] DEBUG net.serenitybdd.core.photography.DarkroomProcessingLine - Saving screenshot to target\site\serenity\3b31d74203c2ffdd141e7bddd42ca0a4ddca91632e41da90e3024fceb2f5669e.png
23:24:36.395 [main] DEBUG net.thucydides.core.steps.StepInterceptor - STARTING STEP: OrderStep.iBuyMousepad - buyMousePad
23:24:36.404 [Forwarding findElement on session 2d2e9eab629655d2ee72517061be1ced to remote] DEBUG org.asynchttpclient.netty.request.NettyRequestSender - Using pooled Channel '[id: 0xd6945cda, L:/127.0.0.1:52312 - R:localhost/127.0.0.1:59567]' for 'POST' to 'http://localhost:59567/session/2d2e9eab629655d2ee72517061be1ced/element'
23:24:36.404 [Forwarding findElement on session 2d2e9eab629655d2ee72517061be1ced to remote] DEBUG org.asynchttpclient.netty.request.NettyRequestSender - Using open Channel [id: 0xd6945cda, L:/127.0.0.1:52312 - R:localhost/127.0.0.1:59567] for POST '/session/2d2e9eab629655d2ee72517061be1ced/element'
23:24:36.861 [AsyncHttpClient-1-1] DEBUG org.asynchttpclient.netty.channel.DefaultChannelPool - Entry count for : http://localhost:52313 : 1
23:24:37.971 [AsyncHttpClient-1-1] DEBUG org.asynchttpclient.netty.channel.DefaultChannelPool - Entry count for : http://localhost:52313 : 1
23:24:39.057 [AsyncHttpClient-1-1] DEBUG org.asynchttpclient.netty.channel.DefaultChannelPool - Entry count for : http://localhost:52313 : 1
23:24:40.165 [AsyncHttpClient-1-1] DEBUG org.asynchttpclient.netty.channel.DefaultChannelPool - Entry count for : http://localhost:52313 : 1
23:24:41.259 [AsyncHttpClient-1-4] DEBUG org.asynchttpclient.netty.handler.HttpHandler - 

Request DefaultHttpRequest(decodeResult: success, version: HTTP/1.1)
POST /session/2d2e9eab629655d2ee72517061be1ced/element HTTP/1.1
User-Agent: selenium/4.1.2 (java windows)
Content-Length: 103
Content-Type: application/json; charset=utf-8
host: localhost:59567
accept: */*

Response DefaultHttpResponse(decodeResult: success, version: HTTP/1.1)
HTTP/1.1 200 OK
Content-Type: application/json; charset=utf-8
cache-control: no-cache
content-length: 88

23:24:41.260 [AsyncHttpClient-1-4] DEBUG org.asynchttpclient.netty.channel.ChannelManager - Adding key: http://localhost:59567 for channel [id: 0xd6945cda, L:/127.0.0.1:52312 - R:localhost/127.0.0.1:59567]
23:24:41.262 [Forwarding getElementTagName on session 2d2e9eab629655d2ee72517061be1ced to remote] DEBUG org.asynchttpclient.netty.request.NettyRequestSender - Using pooled Channel '[id: 0xd6945cda, L:/127.0.0.1:52312 - R:localhost/127.0.0.1:59567]' for 'GET' to 'http://localhost:59567/session/2d2e9eab629655d2ee72517061be1ced/element/71a2a1b3-c13c-49df-86e5-89ba398dfc68/name'
23:24:41.262 [Forwarding getElementTagName on session 2d2e9eab629655d2ee72517061be1ced to remote] DEBUG org.asynchttpclient.netty.request.NettyRequestSender - Using open Channel [id: 0xd6945cda, L:/127.0.0.1:52312 - R:localhost/127.0.0.1:59567] for GET '/session/2d2e9eab629655d2ee72517061be1ced/element/71a2a1b3-c13c-49df-86e5-89ba398dfc68/name'
23:24:41.269 [AsyncHttpClient-1-1] DEBUG org.asynchttpclient.netty.channel.DefaultChannelPool - Entry count for : http://localhost:52313 : 1
23:24:41.272 [AsyncHttpClient-1-4] DEBUG org.asynchttpclient.netty.handler.HttpHandler - 

Request DefaultFullHttpRequest(decodeResult: success, version: HTTP/1.1, content: EmptyByteBufBE)
GET /session/2d2e9eab629655d2ee72517061be1ced/element/71a2a1b3-c13c-49df-86e5-89ba398dfc68/name HTTP/1.1
User-Agent: selenium/4.1.2 (java windows)
Cache-Control: no-cache
Content-Type: application/json; charset=utf-8
host: localhost:59567
accept: */*

Response DefaultHttpResponse(decodeResult: success, version: HTTP/1.1)
HTTP/1.1 200 OK
Content-Type: application/json; charset=utf-8
cache-control: no-cache
content-length: 18

23:24:41.273 [AsyncHttpClient-1-4] DEBUG org.asynchttpclient.netty.channel.ChannelManager - Adding key: http://localhost:59567 for channel [id: 0xd6945cda, L:/127.0.0.1:52312 - R:localhost/127.0.0.1:59567]
23:24:41.275 [Forwarding getElementTagName on session 2d2e9eab629655d2ee72517061be1ced to remote] DEBUG org.asynchttpclient.netty.request.NettyRequestSender - Using pooled Channel '[id: 0xd6945cda, L:/127.0.0.1:52312 - R:localhost/127.0.0.1:59567]' for 'GET' to 'http://localhost:59567/session/2d2e9eab629655d2ee72517061be1ced/element/71a2a1b3-c13c-49df-86e5-89ba398dfc68/name'
23:24:41.275 [Forwarding getElementTagName on session 2d2e9eab629655d2ee72517061be1ced to remote] DEBUG org.asynchttpclient.netty.request.NettyRequestSender - Using open Channel [id: 0xd6945cda, L:/127.0.0.1:52312 - R:localhost/127.0.0.1:59567] for GET '/session/2d2e9eab629655d2ee72517061be1ced/element/71a2a1b3-c13c-49df-86e5-89ba398dfc68/name'
23:24:41.280 [AsyncHttpClient-1-4] DEBUG org.asynchttpclient.netty.handler.HttpHandler - 

Request DefaultFullHttpRequest(decodeResult: success, version: HTTP/1.1, content: EmptyByteBufBE)
GET /session/2d2e9eab629655d2ee72517061be1ced/element/71a2a1b3-c13c-49df-86e5-89ba398dfc68/name HTTP/1.1
User-Agent: selenium/4.1.2 (java windows)
Cache-Control: no-cache
Content-Type: application/json; charset=utf-8
host: localhost:59567
accept: */*

Response DefaultHttpResponse(decodeResult: success, version: HTTP/1.1)
HTTP/1.1 200 OK
Content-Type: application/json; charset=utf-8
cache-control: no-cache
content-length: 18

23:24:41.280 [AsyncHttpClient-1-4] DEBUG org.asynchttpclient.netty.channel.ChannelManager - Adding key: http://localhost:59567 for channel [id: 0xd6945cda, L:/127.0.0.1:52312 - R:localhost/127.0.0.1:59567]
23:24:41.283 [Forwarding isElementEnabled on session 2d2e9eab629655d2ee72517061be1ced to remote] DEBUG org.asynchttpclient.netty.request.NettyRequestSender - Using pooled Channel '[id: 0xd6945cda, L:/127.0.0.1:52312 - R:localhost/127.0.0.1:59567]' for 'GET' to 'http://localhost:59567/session/2d2e9eab629655d2ee72517061be1ced/element/71a2a1b3-c13c-49df-86e5-89ba398dfc68/enabled'
23:24:41.283 [Forwarding isElementEnabled on session 2d2e9eab629655d2ee72517061be1ced to remote] DEBUG org.asynchttpclient.netty.request.NettyRequestSender - Using open Channel [id: 0xd6945cda, L:/127.0.0.1:52312 - R:localhost/127.0.0.1:59567] for GET '/session/2d2e9eab629655d2ee72517061be1ced/element/71a2a1b3-c13c-49df-86e5-89ba398dfc68/enabled'
23:24:41.299 [AsyncHttpClient-1-4] DEBUG org.asynchttpclient.netty.handler.HttpHandler - 

Request DefaultFullHttpRequest(decodeResult: success, version: HTTP/1.1, content: EmptyByteBufBE)
GET /session/2d2e9eab629655d2ee72517061be1ced/element/71a2a1b3-c13c-49df-86e5-89ba398dfc68/enabled HTTP/1.1
User-Agent: selenium/4.1.2 (java windows)
Cache-Control: no-cache
Content-Type: application/json; charset=utf-8
host: localhost:59567
accept: */*

Response DefaultHttpResponse(decodeResult: success, version: HTTP/1.1)
HTTP/1.1 200 OK
Content-Type: application/json; charset=utf-8
cache-control: no-cache
content-length: 14

23:24:41.299 [AsyncHttpClient-1-4] DEBUG org.asynchttpclient.netty.channel.ChannelManager - Adding key: http://localhost:59567 for channel [id: 0xd6945cda, L:/127.0.0.1:52312 - R:localhost/127.0.0.1:59567]
23:24:41.303 [Forwarding isElementEnabled on session 2d2e9eab629655d2ee72517061be1ced to remote] DEBUG org.asynchttpclient.netty.request.NettyRequestSender - Using pooled Channel '[id: 0xd6945cda, L:/127.0.0.1:52312 - R:localhost/127.0.0.1:59567]' for 'GET' to 'http://localhost:59567/session/2d2e9eab629655d2ee72517061be1ced/element/71a2a1b3-c13c-49df-86e5-89ba398dfc68/enabled'
23:24:41.303 [Forwarding isElementEnabled on session 2d2e9eab629655d2ee72517061be1ced to remote] DEBUG org.asynchttpclient.netty.request.NettyRequestSender - Using open Channel [id: 0xd6945cda, L:/127.0.0.1:52312 - R:localhost/127.0.0.1:59567] for GET '/session/2d2e9eab629655d2ee72517061be1ced/element/71a2a1b3-c13c-49df-86e5-89ba398dfc68/enabled'
23:24:41.312 [AsyncHttpClient-1-4] DEBUG org.asynchttpclient.netty.handler.HttpHandler - 

Request DefaultFullHttpRequest(decodeResult: success, version: HTTP/1.1, content: EmptyByteBufBE)
GET /session/2d2e9eab629655d2ee72517061be1ced/element/71a2a1b3-c13c-49df-86e5-89ba398dfc68/enabled HTTP/1.1
User-Agent: selenium/4.1.2 (java windows)
Cache-Control: no-cache
Content-Type: application/json; charset=utf-8
host: localhost:59567
accept: */*

Response DefaultHttpResponse(decodeResult: success, version: HTTP/1.1)
HTTP/1.1 200 OK
Content-Type: application/json; charset=utf-8
cache-control: no-cache
content-length: 14

23:24:41.312 [AsyncHttpClient-1-4] DEBUG org.asynchttpclient.netty.channel.ChannelManager - Adding key: http://localhost:59567 for channel [id: 0xd6945cda, L:/127.0.0.1:52312 - R:localhost/127.0.0.1:59567]
23:24:41.315 [Forwarding findElement on session 2d2e9eab629655d2ee72517061be1ced to remote] DEBUG org.asynchttpclient.netty.request.NettyRequestSender - Using pooled Channel '[id: 0xd6945cda, L:/127.0.0.1:52312 - R:localhost/127.0.0.1:59567]' for 'POST' to 'http://localhost:59567/session/2d2e9eab629655d2ee72517061be1ced/element'
23:24:41.315 [Forwarding findElement on session 2d2e9eab629655d2ee72517061be1ced to remote] DEBUG org.asynchttpclient.netty.request.NettyRequestSender - Using open Channel [id: 0xd6945cda, L:/127.0.0.1:52312 - R:localhost/127.0.0.1:59567] for POST '/session/2d2e9eab629655d2ee72517061be1ced/element'
23:24:41.341 [AsyncHttpClient-1-4] DEBUG org.asynchttpclient.netty.handler.HttpHandler - 

Request DefaultHttpRequest(decodeResult: success, version: HTTP/1.1)
POST /session/2d2e9eab629655d2ee72517061be1ced/element HTTP/1.1
User-Agent: selenium/4.1.2 (java windows)
Content-Length: 103
Content-Type: application/json; charset=utf-8
host: localhost:59567
accept: */*

Response DefaultHttpResponse(decodeResult: success, version: HTTP/1.1)
HTTP/1.1 200 OK
Content-Type: application/json; charset=utf-8
cache-control: no-cache
content-length: 88

23:24:41.342 [AsyncHttpClient-1-4] DEBUG org.asynchttpclient.netty.channel.ChannelManager - Adding key: http://localhost:59567 for channel [id: 0xd6945cda, L:/127.0.0.1:52312 - R:localhost/127.0.0.1:59567]
23:24:41.344 [Forwarding clickElement on session 2d2e9eab629655d2ee72517061be1ced to remote] DEBUG org.asynchttpclient.netty.request.NettyRequestSender - Using pooled Channel '[id: 0xd6945cda, L:/127.0.0.1:52312 - R:localhost/127.0.0.1:59567]' for 'POST' to 'http://localhost:59567/session/2d2e9eab629655d2ee72517061be1ced/element/71a2a1b3-c13c-49df-86e5-89ba398dfc68/click'
23:24:41.344 [Forwarding clickElement on session 2d2e9eab629655d2ee72517061be1ced to remote] DEBUG org.asynchttpclient.netty.request.NettyRequestSender - Using open Channel [id: 0xd6945cda, L:/127.0.0.1:52312 - R:localhost/127.0.0.1:59567] for POST '/session/2d2e9eab629655d2ee72517061be1ced/element/71a2a1b3-c13c-49df-86e5-89ba398dfc68/click'
23:24:41.551 [AsyncHttpClient-1-4] DEBUG org.asynchttpclient.netty.handler.HttpHandler - 

Request DefaultHttpRequest(decodeResult: success, version: HTTP/1.1)
POST /session/2d2e9eab629655d2ee72517061be1ced/element/71a2a1b3-c13c-49df-86e5-89ba398dfc68/click HTTP/1.1
User-Agent: selenium/4.1.2 (java windows)
Content-Length: 50
Content-Type: application/json; charset=utf-8
host: localhost:59567
accept: */*

Response DefaultHttpResponse(decodeResult: success, version: HTTP/1.1)
HTTP/1.1 200 OK
Content-Type: application/json; charset=utf-8
cache-control: no-cache
content-length: 14

23:24:41.551 [AsyncHttpClient-1-4] DEBUG org.asynchttpclient.netty.channel.ChannelManager - Adding key: http://localhost:59567 for channel [id: 0xd6945cda, L:/127.0.0.1:52312 - R:localhost/127.0.0.1:59567]
23:24:41.562 [Forwarding screenshot on session 2d2e9eab629655d2ee72517061be1ced to remote] DEBUG org.asynchttpclient.netty.request.NettyRequestSender - Using pooled Channel '[id: 0xd6945cda, L:/127.0.0.1:52312 - R:localhost/127.0.0.1:59567]' for 'GET' to 'http://localhost:59567/session/2d2e9eab629655d2ee72517061be1ced/screenshot'
23:24:41.562 [Forwarding screenshot on session 2d2e9eab629655d2ee72517061be1ced to remote] DEBUG org.asynchttpclient.netty.request.NettyRequestSender - Using open Channel [id: 0xd6945cda, L:/127.0.0.1:52312 - R:localhost/127.0.0.1:59567] for GET '/session/2d2e9eab629655d2ee72517061be1ced/screenshot'
23:24:41.816 [AsyncHttpClient-1-4] DEBUG org.asynchttpclient.netty.handler.HttpHandler - 

Request DefaultFullHttpRequest(decodeResult: success, version: HTTP/1.1, content: EmptyByteBufBE)
GET /session/2d2e9eab629655d2ee72517061be1ced/screenshot HTTP/1.1
User-Agent: selenium/4.1.2 (java windows)
Cache-Control: no-cache
Content-Type: application/json; charset=utf-8
host: localhost:59567
accept: */*

Response DefaultHttpResponse(decodeResult: success, version: HTTP/1.1)
HTTP/1.1 200 OK
Content-Type: application/json; charset=utf-8
cache-control: no-cache
content-length: 79996

23:24:41.817 [AsyncHttpClient-1-4] DEBUG org.asynchttpclient.netty.channel.ChannelManager - Adding key: http://localhost:59567 for channel [id: 0xd6945cda, L:/127.0.0.1:52312 - R:localhost/127.0.0.1:59567]
23:24:41.824 [main] DEBUG net.serenitybdd.core.photography.Darkroom - Send negative for processing for target\site\serenity\ec7e1ad3f2061fe1a91d6e594d1734addfcbebf066030f7ac492a95ccc3d9bfe.png
23:24:41.824 [main] DEBUG net.thucydides.core.steps.StepInterceptor - STEP DONE: buyMousePad
23:24:41.824 [Darkroom Processing Line] DEBUG net.serenitybdd.core.photography.DarkroomProcessingLine - Processing screenshot image in /var/screenshots/screenshot-15039294039743087752
23:24:41.824 [Darkroom Processing Line] DEBUG net.serenitybdd.core.photography.DarkroomProcessingLine - Saving screenshot to target\site\serenity\ec7e1ad3f2061fe1a91d6e594d1734addfcbebf066030f7ac492a95ccc3d9bfe.png
23:24:41.840 [main] DEBUG net.thucydides.core.steps.StepInterceptor - STARTING STEP: OrderStep.iBuyMousepad - shopChartButton
23:24:41.846 [Forwarding findElement on session 2d2e9eab629655d2ee72517061be1ced to remote] DEBUG org.asynchttpclient.netty.request.NettyRequestSender - Using pooled Channel '[id: 0xd6945cda, L:/127.0.0.1:52312 - R:localhost/127.0.0.1:59567]' for 'POST' to 'http://localhost:59567/session/2d2e9eab629655d2ee72517061be1ced/element'
23:24:41.846 [Forwarding findElement on session 2d2e9eab629655d2ee72517061be1ced to remote] DEBUG org.asynchttpclient.netty.request.NettyRequestSender - Using open Channel [id: 0xd6945cda, L:/127.0.0.1:52312 - R:localhost/127.0.0.1:59567] for POST '/session/2d2e9eab629655d2ee72517061be1ced/element'
23:24:41.890 [AsyncHttpClient-1-4] DEBUG org.asynchttpclient.netty.handler.HttpHandler - 

Request DefaultHttpRequest(decodeResult: success, version: HTTP/1.1)
POST /session/2d2e9eab629655d2ee72517061be1ced/element HTTP/1.1
User-Agent: selenium/4.1.2 (java windows)
Content-Length: 108
Content-Type: application/json; charset=utf-8
host: localhost:59567
accept: */*

Response DefaultHttpResponse(decodeResult: success, version: HTTP/1.1)
HTTP/1.1 200 OK
Content-Type: application/json; charset=utf-8
cache-control: no-cache
content-length: 88

23:24:41.890 [AsyncHttpClient-1-4] DEBUG org.asynchttpclient.netty.channel.ChannelManager - Adding key: http://localhost:59567 for channel [id: 0xd6945cda, L:/127.0.0.1:52312 - R:localhost/127.0.0.1:59567]
23:24:41.892 [Forwarding getElementTagName on session 2d2e9eab629655d2ee72517061be1ced to remote] DEBUG org.asynchttpclient.netty.request.NettyRequestSender - Using pooled Channel '[id: 0xd6945cda, L:/127.0.0.1:52312 - R:localhost/127.0.0.1:59567]' for 'GET' to 'http://localhost:59567/session/2d2e9eab629655d2ee72517061be1ced/element/1b9cd9ca-8f24-4fab-83a6-9222acf46859/name'
23:24:41.892 [Forwarding getElementTagName on session 2d2e9eab629655d2ee72517061be1ced to remote] DEBUG org.asynchttpclient.netty.request.NettyRequestSender - Using open Channel [id: 0xd6945cda, L:/127.0.0.1:52312 - R:localhost/127.0.0.1:59567] for GET '/session/2d2e9eab629655d2ee72517061be1ced/element/1b9cd9ca-8f24-4fab-83a6-9222acf46859/name'
23:24:41.899 [AsyncHttpClient-1-4] DEBUG org.asynchttpclient.netty.handler.HttpHandler - 

Request DefaultFullHttpRequest(decodeResult: success, version: HTTP/1.1, content: EmptyByteBufBE)
GET /session/2d2e9eab629655d2ee72517061be1ced/element/1b9cd9ca-8f24-4fab-83a6-9222acf46859/name HTTP/1.1
User-Agent: selenium/4.1.2 (java windows)
Cache-Control: no-cache
Content-Type: application/json; charset=utf-8
host: localhost:59567
accept: */*

Response DefaultHttpResponse(decodeResult: success, version: HTTP/1.1)
HTTP/1.1 200 OK
Content-Type: application/json; charset=utf-8
cache-control: no-cache
content-length: 18

23:24:41.899 [AsyncHttpClient-1-4] DEBUG org.asynchttpclient.netty.channel.ChannelManager - Adding key: http://localhost:59567 for channel [id: 0xd6945cda, L:/127.0.0.1:52312 - R:localhost/127.0.0.1:59567]
23:24:41.903 [Forwarding getElementTagName on session 2d2e9eab629655d2ee72517061be1ced to remote] DEBUG org.asynchttpclient.netty.request.NettyRequestSender - Using pooled Channel '[id: 0xd6945cda, L:/127.0.0.1:52312 - R:localhost/127.0.0.1:59567]' for 'GET' to 'http://localhost:59567/session/2d2e9eab629655d2ee72517061be1ced/element/1b9cd9ca-8f24-4fab-83a6-9222acf46859/name'
23:24:41.903 [Forwarding getElementTagName on session 2d2e9eab629655d2ee72517061be1ced to remote] DEBUG org.asynchttpclient.netty.request.NettyRequestSender - Using open Channel [id: 0xd6945cda, L:/127.0.0.1:52312 - R:localhost/127.0.0.1:59567] for GET '/session/2d2e9eab629655d2ee72517061be1ced/element/1b9cd9ca-8f24-4fab-83a6-9222acf46859/name'
23:24:41.909 [AsyncHttpClient-1-4] DEBUG org.asynchttpclient.netty.handler.HttpHandler - 

Request DefaultFullHttpRequest(decodeResult: success, version: HTTP/1.1, content: EmptyByteBufBE)
GET /session/2d2e9eab629655d2ee72517061be1ced/element/1b9cd9ca-8f24-4fab-83a6-9222acf46859/name HTTP/1.1
User-Agent: selenium/4.1.2 (java windows)
Cache-Control: no-cache
Content-Type: application/json; charset=utf-8
host: localhost:59567
accept: */*

Response DefaultHttpResponse(decodeResult: success, version: HTTP/1.1)
HTTP/1.1 200 OK
Content-Type: application/json; charset=utf-8
cache-control: no-cache
content-length: 18

23:24:41.909 [AsyncHttpClient-1-4] DEBUG org.asynchttpclient.netty.channel.ChannelManager - Adding key: http://localhost:59567 for channel [id: 0xd6945cda, L:/127.0.0.1:52312 - R:localhost/127.0.0.1:59567]
23:24:41.913 [Forwarding isElementEnabled on session 2d2e9eab629655d2ee72517061be1ced to remote] DEBUG org.asynchttpclient.netty.request.NettyRequestSender - Using pooled Channel '[id: 0xd6945cda, L:/127.0.0.1:52312 - R:localhost/127.0.0.1:59567]' for 'GET' to 'http://localhost:59567/session/2d2e9eab629655d2ee72517061be1ced/element/1b9cd9ca-8f24-4fab-83a6-9222acf46859/enabled'
23:24:41.913 [Forwarding isElementEnabled on session 2d2e9eab629655d2ee72517061be1ced to remote] DEBUG org.asynchttpclient.netty.request.NettyRequestSender - Using open Channel [id: 0xd6945cda, L:/127.0.0.1:52312 - R:localhost/127.0.0.1:59567] for GET '/session/2d2e9eab629655d2ee72517061be1ced/element/1b9cd9ca-8f24-4fab-83a6-9222acf46859/enabled'
23:24:41.930 [AsyncHttpClient-1-4] DEBUG org.asynchttpclient.netty.handler.HttpHandler - 

Request DefaultFullHttpRequest(decodeResult: success, version: HTTP/1.1, content: EmptyByteBufBE)
GET /session/2d2e9eab629655d2ee72517061be1ced/element/1b9cd9ca-8f24-4fab-83a6-9222acf46859/enabled HTTP/1.1
User-Agent: selenium/4.1.2 (java windows)
Cache-Control: no-cache
Content-Type: application/json; charset=utf-8
host: localhost:59567
accept: */*

Response DefaultHttpResponse(decodeResult: success, version: HTTP/1.1)
HTTP/1.1 200 OK
Content-Type: application/json; charset=utf-8
cache-control: no-cache
content-length: 14

23:24:41.930 [AsyncHttpClient-1-4] DEBUG org.asynchttpclient.netty.channel.ChannelManager - Adding key: http://localhost:59567 for channel [id: 0xd6945cda, L:/127.0.0.1:52312 - R:localhost/127.0.0.1:59567]
23:24:41.936 [Forwarding isElementEnabled on session 2d2e9eab629655d2ee72517061be1ced to remote] DEBUG org.asynchttpclient.netty.request.NettyRequestSender - Using pooled Channel '[id: 0xd6945cda, L:/127.0.0.1:52312 - R:localhost/127.0.0.1:59567]' for 'GET' to 'http://localhost:59567/session/2d2e9eab629655d2ee72517061be1ced/element/1b9cd9ca-8f24-4fab-83a6-9222acf46859/enabled'
23:24:41.937 [Forwarding isElementEnabled on session 2d2e9eab629655d2ee72517061be1ced to remote] DEBUG org.asynchttpclient.netty.request.NettyRequestSender - Using open Channel [id: 0xd6945cda, L:/127.0.0.1:52312 - R:localhost/127.0.0.1:59567] for GET '/session/2d2e9eab629655d2ee72517061be1ced/element/1b9cd9ca-8f24-4fab-83a6-9222acf46859/enabled'
23:24:41.950 [AsyncHttpClient-1-4] DEBUG org.asynchttpclient.netty.handler.HttpHandler - 

Request DefaultFullHttpRequest(decodeResult: success, version: HTTP/1.1, content: EmptyByteBufBE)
GET /session/2d2e9eab629655d2ee72517061be1ced/element/1b9cd9ca-8f24-4fab-83a6-9222acf46859/enabled HTTP/1.1
User-Agent: selenium/4.1.2 (java windows)
Cache-Control: no-cache
Content-Type: application/json; charset=utf-8
host: localhost:59567
accept: */*

Response DefaultHttpResponse(decodeResult: success, version: HTTP/1.1)
HTTP/1.1 200 OK
Content-Type: application/json; charset=utf-8
cache-control: no-cache
content-length: 14

23:24:41.951 [AsyncHttpClient-1-4] DEBUG org.asynchttpclient.netty.channel.ChannelManager - Adding key: http://localhost:59567 for channel [id: 0xd6945cda, L:/127.0.0.1:52312 - R:localhost/127.0.0.1:59567]
23:24:41.955 [Forwarding findElement on session 2d2e9eab629655d2ee72517061be1ced to remote] DEBUG org.asynchttpclient.netty.request.NettyRequestSender - Using pooled Channel '[id: 0xd6945cda, L:/127.0.0.1:52312 - R:localhost/127.0.0.1:59567]' for 'POST' to 'http://localhost:59567/session/2d2e9eab629655d2ee72517061be1ced/element'
23:24:41.956 [Forwarding findElement on session 2d2e9eab629655d2ee72517061be1ced to remote] DEBUG org.asynchttpclient.netty.request.NettyRequestSender - Using open Channel [id: 0xd6945cda, L:/127.0.0.1:52312 - R:localhost/127.0.0.1:59567] for POST '/session/2d2e9eab629655d2ee72517061be1ced/element'
23:24:41.973 [AsyncHttpClient-1-4] DEBUG org.asynchttpclient.netty.handler.HttpHandler - 

Request DefaultHttpRequest(decodeResult: success, version: HTTP/1.1)
POST /session/2d2e9eab629655d2ee72517061be1ced/element HTTP/1.1
User-Agent: selenium/4.1.2 (java windows)
Content-Length: 108
Content-Type: application/json; charset=utf-8
host: localhost:59567
accept: */*

Response DefaultHttpResponse(decodeResult: success, version: HTTP/1.1)
HTTP/1.1 200 OK
Content-Type: application/json; charset=utf-8
cache-control: no-cache
content-length: 88

23:24:41.974 [AsyncHttpClient-1-4] DEBUG org.asynchttpclient.netty.channel.ChannelManager - Adding key: http://localhost:59567 for channel [id: 0xd6945cda, L:/127.0.0.1:52312 - R:localhost/127.0.0.1:59567]
23:24:41.976 [Forwarding clickElement on session 2d2e9eab629655d2ee72517061be1ced to remote] DEBUG org.asynchttpclient.netty.request.NettyRequestSender - Using pooled Channel '[id: 0xd6945cda, L:/127.0.0.1:52312 - R:localhost/127.0.0.1:59567]' for 'POST' to 'http://localhost:59567/session/2d2e9eab629655d2ee72517061be1ced/element/1b9cd9ca-8f24-4fab-83a6-9222acf46859/click'
23:24:41.976 [Forwarding clickElement on session 2d2e9eab629655d2ee72517061be1ced to remote] DEBUG org.asynchttpclient.netty.request.NettyRequestSender - Using open Channel [id: 0xd6945cda, L:/127.0.0.1:52312 - R:localhost/127.0.0.1:59567] for POST '/session/2d2e9eab629655d2ee72517061be1ced/element/1b9cd9ca-8f24-4fab-83a6-9222acf46859/click'
23:24:42.300 [AsyncHttpClient-1-4] DEBUG org.asynchttpclient.netty.handler.HttpHandler - 

Request DefaultHttpRequest(decodeResult: success, version: HTTP/1.1)
POST /session/2d2e9eab629655d2ee72517061be1ced/element/1b9cd9ca-8f24-4fab-83a6-9222acf46859/click HTTP/1.1
User-Agent: selenium/4.1.2 (java windows)
Content-Length: 50
Content-Type: application/json; charset=utf-8
host: localhost:59567
accept: */*

Response DefaultHttpResponse(decodeResult: success, version: HTTP/1.1)
HTTP/1.1 200 OK
Content-Type: application/json; charset=utf-8
cache-control: no-cache
content-length: 14

23:24:42.301 [AsyncHttpClient-1-4] DEBUG org.asynchttpclient.netty.channel.ChannelManager - Adding key: http://localhost:59567 for channel [id: 0xd6945cda, L:/127.0.0.1:52312 - R:localhost/127.0.0.1:59567]
23:24:42.315 [Forwarding screenshot on session 2d2e9eab629655d2ee72517061be1ced to remote] DEBUG org.asynchttpclient.netty.request.NettyRequestSender - Using pooled Channel '[id: 0xd6945cda, L:/127.0.0.1:52312 - R:localhost/127.0.0.1:59567]' for 'GET' to 'http://localhost:59567/session/2d2e9eab629655d2ee72517061be1ced/screenshot'
23:24:42.315 [Forwarding screenshot on session 2d2e9eab629655d2ee72517061be1ced to remote] DEBUG org.asynchttpclient.netty.request.NettyRequestSender - Using open Channel [id: 0xd6945cda, L:/127.0.0.1:52312 - R:localhost/127.0.0.1:59567] for GET '/session/2d2e9eab629655d2ee72517061be1ced/screenshot'
23:24:42.357 [AsyncHttpClient-1-1] DEBUG org.asynchttpclient.netty.channel.DefaultChannelPool - Entry count for : http://localhost:52313 : 1
23:24:42.576 [AsyncHttpClient-1-4] DEBUG org.asynchttpclient.netty.handler.HttpHandler - 

Request DefaultFullHttpRequest(decodeResult: success, version: HTTP/1.1, content: EmptyByteBufBE)
GET /session/2d2e9eab629655d2ee72517061be1ced/screenshot HTTP/1.1
User-Agent: selenium/4.1.2 (java windows)
Cache-Control: no-cache
Content-Type: application/json; charset=utf-8
host: localhost:59567
accept: */*

Response DefaultHttpResponse(decodeResult: success, version: HTTP/1.1)
HTTP/1.1 200 OK
Content-Type: application/json; charset=utf-8
cache-control: no-cache
content-length: 47340

23:24:42.577 [AsyncHttpClient-1-4] DEBUG org.asynchttpclient.netty.channel.ChannelManager - Adding key: http://localhost:59567 for channel [id: 0xd6945cda, L:/127.0.0.1:52312 - R:localhost/127.0.0.1:59567]
23:24:42.580 [main] DEBUG net.serenitybdd.core.photography.Darkroom - Send negative for processing for target\site\serenity\9568d5d8842a875beab4965e05bb3242633c01f33d728ae60e7ffbd5c07b333f.png
23:24:42.580 [main] DEBUG net.thucydides.core.steps.StepInterceptor - STEP DONE: shopChartButton
  &amp#27;[32mAnd &amp#27;[0m&amp#27;[32mI buy &amp#27;[0m&amp#27;[32m&amp#27;[1mMousepad&amp#27;[0m                                      &amp#27;[90m# stepdefinitions.OrderStep.iBuyMousepad(java.lang.String)&amp#27;[0m
23:24:42.580 [Darkroom Processing Line] DEBUG net.serenitybdd.core.photography.DarkroomProcessingLine - Processing screenshot image in /var/screenshots/screenshot-7486062367890355691
23:24:42.580 [Darkroom Processing Line] DEBUG net.serenitybdd.core.photography.DarkroomProcessingLine - Saving screenshot to target\site\serenity\9568d5d8842a875beab4965e05bb3242633c01f33d728ae60e7ffbd5c07b333f.png
23:24:42.608 [main] DEBUG net.thucydides.core.steps.StepInterceptor - STARTING STEP: OrderStep.iClickBayar - bayar
23:24:42.613 [Forwarding findElement on session 2d2e9eab629655d2ee72517061be1ced to remote] DEBUG org.asynchttpclient.netty.request.NettyRequestSender - Using pooled Channel '[id: 0xd6945cda, L:/127.0.0.1:52312 - R:localhost/127.0.0.1:59567]' for 'POST' to 'http://localhost:59567/session/2d2e9eab629655d2ee72517061be1ced/element'
23:24:42.613 [Forwarding findElement on session 2d2e9eab629655d2ee72517061be1ced to remote] DEBUG org.asynchttpclient.netty.request.NettyRequestSender - Using open Channel [id: 0xd6945cda, L:/127.0.0.1:52312 - R:localhost/127.0.0.1:59567] for POST '/session/2d2e9eab629655d2ee72517061be1ced/element'
23:24:42.720 [AsyncHttpClient-1-4] DEBUG org.asynchttpclient.netty.handler.HttpHandler - 

Request DefaultHttpRequest(decodeResult: success, version: HTTP/1.1)
POST /session/2d2e9eab629655d2ee72517061be1ced/element HTTP/1.1
User-Agent: selenium/4.1.2 (java windows)
Content-Length: 59
Content-Type: application/json; charset=utf-8
host: localhost:59567
accept: */*

Response DefaultHttpResponse(decodeResult: success, version: HTTP/1.1)
HTTP/1.1 200 OK
Content-Type: application/json; charset=utf-8
cache-control: no-cache
content-length: 88

23:24:42.720 [AsyncHttpClient-1-4] DEBUG org.asynchttpclient.netty.channel.ChannelManager - Adding key: http://localhost:59567 for channel [id: 0xd6945cda, L:/127.0.0.1:52312 - R:localhost/127.0.0.1:59567]
23:24:42.724 [Forwarding getElementTagName on session 2d2e9eab629655d2ee72517061be1ced to remote] DEBUG org.asynchttpclient.netty.request.NettyRequestSender - Using pooled Channel '[id: 0xd6945cda, L:/127.0.0.1:52312 - R:localhost/127.0.0.1:59567]' for 'GET' to 'http://localhost:59567/session/2d2e9eab629655d2ee72517061be1ced/element/ecbb8a35-8f7b-4d9e-9c42-b50d6ba669c8/name'
23:24:42.724 [Forwarding getElementTagName on session 2d2e9eab629655d2ee72517061be1ced to remote] DEBUG org.asynchttpclient.netty.request.NettyRequestSender - Using open Channel [id: 0xd6945cda, L:/127.0.0.1:52312 - R:localhost/127.0.0.1:59567] for GET '/session/2d2e9eab629655d2ee72517061be1ced/element/ecbb8a35-8f7b-4d9e-9c42-b50d6ba669c8/name'
23:24:42.745 [AsyncHttpClient-1-4] DEBUG org.asynchttpclient.netty.handler.HttpHandler - 

Request DefaultFullHttpRequest(decodeResult: success, version: HTTP/1.1, content: EmptyByteBufBE)
GET /session/2d2e9eab629655d2ee72517061be1ced/element/ecbb8a35-8f7b-4d9e-9c42-b50d6ba669c8/name HTTP/1.1
User-Agent: selenium/4.1.2 (java windows)
Cache-Control: no-cache
Content-Type: application/json; charset=utf-8
host: localhost:59567
accept: */*

Response DefaultHttpResponse(decodeResult: success, version: HTTP/1.1)
HTTP/1.1 200 OK
Content-Type: application/json; charset=utf-8
cache-control: no-cache
content-length: 18

23:24:42.746 [AsyncHttpClient-1-4] DEBUG org.asynchttpclient.netty.channel.ChannelManager - Adding key: http://localhost:59567 for channel [id: 0xd6945cda, L:/127.0.0.1:52312 - R:localhost/127.0.0.1:59567]
23:24:42.749 [Forwarding getElementTagName on session 2d2e9eab629655d2ee72517061be1ced to remote] DEBUG org.asynchttpclient.netty.request.NettyRequestSender - Using pooled Channel '[id: 0xd6945cda, L:/127.0.0.1:52312 - R:localhost/127.0.0.1:59567]' for 'GET' to 'http://localhost:59567/session/2d2e9eab629655d2ee72517061be1ced/element/ecbb8a35-8f7b-4d9e-9c42-b50d6ba669c8/name'
23:24:42.749 [Forwarding getElementTagName on session 2d2e9eab629655d2ee72517061be1ced to remote] DEBUG org.asynchttpclient.netty.request.NettyRequestSender - Using open Channel [id: 0xd6945cda, L:/127.0.0.1:52312 - R:localhost/127.0.0.1:59567] for GET '/session/2d2e9eab629655d2ee72517061be1ced/element/ecbb8a35-8f7b-4d9e-9c42-b50d6ba669c8/name'
23:24:42.768 [AsyncHttpClient-1-4] DEBUG org.asynchttpclient.netty.handler.HttpHandler - 

Request DefaultFullHttpRequest(decodeResult: success, version: HTTP/1.1, content: EmptyByteBufBE)
GET /session/2d2e9eab629655d2ee72517061be1ced/element/ecbb8a35-8f7b-4d9e-9c42-b50d6ba669c8/name HTTP/1.1
User-Agent: selenium/4.1.2 (java windows)
Cache-Control: no-cache
Content-Type: application/json; charset=utf-8
host: localhost:59567
accept: */*

Response DefaultHttpResponse(decodeResult: success, version: HTTP/1.1)
HTTP/1.1 200 OK
Content-Type: application/json; charset=utf-8
cache-control: no-cache
content-length: 18

23:24:42.768 [AsyncHttpClient-1-4] DEBUG org.asynchttpclient.netty.channel.ChannelManager - Adding key: http://localhost:59567 for channel [id: 0xd6945cda, L:/127.0.0.1:52312 - R:localhost/127.0.0.1:59567]
23:24:42.773 [Forwarding isElementEnabled on session 2d2e9eab629655d2ee72517061be1ced to remote] DEBUG org.asynchttpclient.netty.request.NettyRequestSender - Using pooled Channel '[id: 0xd6945cda, L:/127.0.0.1:52312 - R:localhost/127.0.0.1:59567]' for 'GET' to 'http://localhost:59567/session/2d2e9eab629655d2ee72517061be1ced/element/ecbb8a35-8f7b-4d9e-9c42-b50d6ba669c8/enabled'
23:24:42.773 [Forwarding isElementEnabled on session 2d2e9eab629655d2ee72517061be1ced to remote] DEBUG org.asynchttpclient.netty.request.NettyRequestSender - Using open Channel [id: 0xd6945cda, L:/127.0.0.1:52312 - R:localhost/127.0.0.1:59567] for GET '/session/2d2e9eab629655d2ee72517061be1ced/element/ecbb8a35-8f7b-4d9e-9c42-b50d6ba669c8/enabled'
23:24:42.796 [AsyncHttpClient-1-4] DEBUG org.asynchttpclient.netty.handler.HttpHandler - 

Request DefaultFullHttpRequest(decodeResult: success, version: HTTP/1.1, content: EmptyByteBufBE)
GET /session/2d2e9eab629655d2ee72517061be1ced/element/ecbb8a35-8f7b-4d9e-9c42-b50d6ba669c8/enabled HTTP/1.1
User-Agent: selenium/4.1.2 (java windows)
Cache-Control: no-cache
Content-Type: application/json; charset=utf-8
host: localhost:59567
accept: */*

Response DefaultHttpResponse(decodeResult: success, version: HTTP/1.1)
HTTP/1.1 200 OK
Content-Type: application/json; charset=utf-8
cache-control: no-cache
content-length: 14

23:24:42.797 [AsyncHttpClient-1-4] DEBUG org.asynchttpclient.netty.channel.ChannelManager - Adding key: http://localhost:59567 for channel [id: 0xd6945cda, L:/127.0.0.1:52312 - R:localhost/127.0.0.1:59567]
23:24:42.801 [Forwarding isElementEnabled on session 2d2e9eab629655d2ee72517061be1ced to remote] DEBUG org.asynchttpclient.netty.request.NettyRequestSender - Using pooled Channel '[id: 0xd6945cda, L:/127.0.0.1:52312 - R:localhost/127.0.0.1:59567]' for 'GET' to 'http://localhost:59567/session/2d2e9eab629655d2ee72517061be1ced/element/ecbb8a35-8f7b-4d9e-9c42-b50d6ba669c8/enabled'
23:24:42.801 [Forwarding isElementEnabled on session 2d2e9eab629655d2ee72517061be1ced to remote] DEBUG org.asynchttpclient.netty.request.NettyRequestSender - Using open Channel [id: 0xd6945cda, L:/127.0.0.1:52312 - R:localhost/127.0.0.1:59567] for GET '/session/2d2e9eab629655d2ee72517061be1ced/element/ecbb8a35-8f7b-4d9e-9c42-b50d6ba669c8/enabled'
23:24:42.816 [AsyncHttpClient-1-4] DEBUG org.asynchttpclient.netty.handler.HttpHandler - 

Request DefaultFullHttpRequest(decodeResult: success, version: HTTP/1.1, content: EmptyByteBufBE)
GET /session/2d2e9eab629655d2ee72517061be1ced/element/ecbb8a35-8f7b-4d9e-9c42-b50d6ba669c8/enabled HTTP/1.1
User-Agent: selenium/4.1.2 (java windows)
Cache-Control: no-cache
Content-Type: application/json; charset=utf-8
host: localhost:59567
accept: */*

Response DefaultHttpResponse(decodeResult: success, version: HTTP/1.1)
HTTP/1.1 200 OK
Content-Type: application/json; charset=utf-8
cache-control: no-cache
content-length: 14

23:24:42.816 [AsyncHttpClient-1-4] DEBUG org.asynchttpclient.netty.channel.ChannelManager - Adding key: http://localhost:59567 for channel [id: 0xd6945cda, L:/127.0.0.1:52312 - R:localhost/127.0.0.1:59567]
23:24:42.821 [Forwarding findElement on session 2d2e9eab629655d2ee72517061be1ced to remote] DEBUG org.asynchttpclient.netty.request.NettyRequestSender - Using pooled Channel '[id: 0xd6945cda, L:/127.0.0.1:52312 - R:localhost/127.0.0.1:59567]' for 'POST' to 'http://localhost:59567/session/2d2e9eab629655d2ee72517061be1ced/element'
23:24:42.821 [Forwarding findElement on session 2d2e9eab629655d2ee72517061be1ced to remote] DEBUG org.asynchttpclient.netty.request.NettyRequestSender - Using open Channel [id: 0xd6945cda, L:/127.0.0.1:52312 - R:localhost/127.0.0.1:59567] for POST '/session/2d2e9eab629655d2ee72517061be1ced/element'
23:24:42.839 [AsyncHttpClient-1-4] DEBUG org.asynchttpclient.netty.handler.HttpHandler - 

Request DefaultHttpRequest(decodeResult: success, version: HTTP/1.1)
POST /session/2d2e9eab629655d2ee72517061be1ced/element HTTP/1.1
User-Agent: selenium/4.1.2 (java windows)
Content-Length: 59
Content-Type: application/json; charset=utf-8
host: localhost:59567
accept: */*

Response DefaultHttpResponse(decodeResult: success, version: HTTP/1.1)
HTTP/1.1 200 OK
Content-Type: application/json; charset=utf-8
cache-control: no-cache
content-length: 88

23:24:42.839 [AsyncHttpClient-1-4] DEBUG org.asynchttpclient.netty.channel.ChannelManager - Adding key: http://localhost:59567 for channel [id: 0xd6945cda, L:/127.0.0.1:52312 - R:localhost/127.0.0.1:59567]
23:24:42.841 [Forwarding clickElement on session 2d2e9eab629655d2ee72517061be1ced to remote] DEBUG org.asynchttpclient.netty.request.NettyRequestSender - Using pooled Channel '[id: 0xd6945cda, L:/127.0.0.1:52312 - R:localhost/127.0.0.1:59567]' for 'POST' to 'http://localhost:59567/session/2d2e9eab629655d2ee72517061be1ced/element/ecbb8a35-8f7b-4d9e-9c42-b50d6ba669c8/click'
23:24:42.841 [Forwarding clickElement on session 2d2e9eab629655d2ee72517061be1ced to remote] DEBUG org.asynchttpclient.netty.request.NettyRequestSender - Using open Channel [id: 0xd6945cda, L:/127.0.0.1:52312 - R:localhost/127.0.0.1:59567] for POST '/session/2d2e9eab629655d2ee72517061be1ced/element/ecbb8a35-8f7b-4d9e-9c42-b50d6ba669c8/click'
23:24:42.911 [AsyncHttpClient-1-4] DEBUG org.asynchttpclient.netty.handler.HttpHandler - 

Request DefaultHttpRequest(decodeResult: success, version: HTTP/1.1)
POST /session/2d2e9eab629655d2ee72517061be1ced/element/ecbb8a35-8f7b-4d9e-9c42-b50d6ba669c8/click HTTP/1.1
User-Agent: selenium/4.1.2 (java windows)
Content-Length: 50
Content-Type: application/json; charset=utf-8
host: localhost:59567
accept: */*

Response DefaultHttpResponse(decodeResult: success, version: HTTP/1.1)
HTTP/1.1 200 OK
Content-Type: application/json; charset=utf-8
cache-control: no-cache
content-length: 14

23:24:42.911 [AsyncHttpClient-1-4] DEBUG org.asynchttpclient.netty.channel.ChannelManager - Adding key: http://localhost:59567 for channel [id: 0xd6945cda, L:/127.0.0.1:52312 - R:localhost/127.0.0.1:59567]
23:24:42.925 [Forwarding screenshot on session 2d2e9eab629655d2ee72517061be1ced to remote] DEBUG org.asynchttpclient.netty.request.NettyRequestSender - Using pooled Channel '[id: 0xd6945cda, L:/127.0.0.1:52312 - R:localhost/127.0.0.1:59567]' for 'GET' to 'http://localhost:59567/session/2d2e9eab629655d2ee72517061be1ced/screenshot'
23:24:42.925 [Forwarding screenshot on session 2d2e9eab629655d2ee72517061be1ced to remote] DEBUG org.asynchttpclient.netty.request.NettyRequestSender - Using open Channel [id: 0xd6945cda, L:/127.0.0.1:52312 - R:localhost/127.0.0.1:59567] for GET '/session/2d2e9eab629655d2ee72517061be1ced/screenshot'
23:24:43.171 [AsyncHttpClient-1-4] DEBUG org.asynchttpclient.netty.handler.HttpHandler - 

Request DefaultFullHttpRequest(decodeResult: success, version: HTTP/1.1, content: EmptyByteBufBE)
GET /session/2d2e9eab629655d2ee72517061be1ced/screenshot HTTP/1.1
User-Agent: selenium/4.1.2 (java windows)
Cache-Control: no-cache
Content-Type: application/json; charset=utf-8
host: localhost:59567
accept: */*

Response DefaultHttpResponse(decodeResult: success, version: HTTP/1.1)
HTTP/1.1 200 OK
Content-Type: application/json; charset=utf-8
cache-control: no-cache
content-length: 48620

23:24:43.172 [AsyncHttpClient-1-4] DEBUG org.asynchttpclient.netty.channel.ChannelManager - Adding key: http://localhost:59567 for channel [id: 0xd6945cda, L:/127.0.0.1:52312 - R:localhost/127.0.0.1:59567]
23:24:43.175 [main] DEBUG net.serenitybdd.core.photography.Darkroom - Send negative for processing for target\site\serenity\857e808fbffdd4bd26589225fb2009974191557065051cef1832a8b6f9614416.png
23:24:43.175 [main] DEBUG net.thucydides.core.steps.StepInterceptor - STEP DONE: bayar
  &amp#27;[32mAnd &amp#27;[0m&amp#27;[32mI click bayar&amp#27;[0m                                       &amp#27;[90m# stepdefinitions.OrderStep.iClickBayar()&amp#27;[0m
23:24:43.179 [Darkroom Processing Line] DEBUG net.serenitybdd.core.photography.DarkroomProcessingLine - Processing screenshot image in /var/screenshots/screenshot-18175173294360686847
23:24:43.179 [Darkroom Processing Line] DEBUG net.serenitybdd.core.photography.DarkroomProcessingLine - Saving screenshot to target\site\serenity\857e808fbffdd4bd26589225fb2009974191557065051cef1832a8b6f9614416.png
23:24:43.206 [main] DEBUG net.thucydides.core.steps.StepInterceptor - STARTING STEP: OrderStep.iOnTransactionPage - validateOnTransactionPage
23:24:43.213 [Forwarding findElement on session 2d2e9eab629655d2ee72517061be1ced to remote] DEBUG org.asynchttpclient.netty.request.NettyRequestSender - Using pooled Channel '[id: 0xd6945cda, L:/127.0.0.1:52312 - R:localhost/127.0.0.1:59567]' for 'POST' to 'http://localhost:59567/session/2d2e9eab629655d2ee72517061be1ced/element'
23:24:43.213 [Forwarding findElement on session 2d2e9eab629655d2ee72517061be1ced to remote] DEBUG org.asynchttpclient.netty.request.NettyRequestSender - Using open Channel [id: 0xd6945cda, L:/127.0.0.1:52312 - R:localhost/127.0.0.1:59567] for POST '/session/2d2e9eab629655d2ee72517061be1ced/element'
23:24:43.234 [AsyncHttpClient-1-4] DEBUG org.asynchttpclient.netty.handler.HttpHandler - 

Request DefaultHttpRequest(decodeResult: success, version: HTTP/1.1)
POST /session/2d2e9eab629655d2ee72517061be1ced/element HTTP/1.1
User-Agent: selenium/4.1.2 (java windows)
Content-Length: 171
Content-Type: application/json; charset=utf-8
host: localhost:59567
accept: */*

Response DefaultHttpResponse(decodeResult: success, version: HTTP/1.1)
HTTP/1.1 200 OK
Content-Type: application/json; charset=utf-8
cache-control: no-cache
content-length: 88

23:24:43.235 [AsyncHttpClient-1-4] DEBUG org.asynchttpclient.netty.channel.ChannelManager - Adding key: http://localhost:59567 for channel [id: 0xd6945cda, L:/127.0.0.1:52312 - R:localhost/127.0.0.1:59567]
23:24:43.241 [Forwarding isElementDisplayed on session 2d2e9eab629655d2ee72517061be1ced to remote] DEBUG org.asynchttpclient.netty.request.NettyRequestSender - Using pooled Channel '[id: 0xd6945cda, L:/127.0.0.1:52312 - R:localhost/127.0.0.1:59567]' for 'POST' to 'http://localhost:59567/session/2d2e9eab629655d2ee72517061be1ced/execute/sync'
23:24:43.241 [Forwarding isElementDisplayed on session 2d2e9eab629655d2ee72517061be1ced to remote] DEBUG org.asynchttpclient.netty.request.NettyRequestSender - Using open Channel [id: 0xd6945cda, L:/127.0.0.1:52312 - R:localhost/127.0.0.1:59567] for POST '/session/2d2e9eab629655d2ee72517061be1ced/execute/sync'
23:24:43.275 [AsyncHttpClient-1-4] DEBUG org.asynchttpclient.netty.handler.HttpHandler - 

Request DefaultHttpRequest(decodeResult: success, version: HTTP/1.1)
POST /session/2d2e9eab629655d2ee72517061be1ced/execute/sync HTTP/1.1
User-Agent: selenium/4.1.2 (java windows)
Content-Length: 48780
Content-Type: application/json; charset=utf-8
host: localhost:59567
accept: */*

Response DefaultHttpResponse(decodeResult: success, version: HTTP/1.1)
HTTP/1.1 200 OK
Content-Type: application/json; charset=utf-8
cache-control: no-cache
content-length: 14

23:24:43.275 [AsyncHttpClient-1-4] DEBUG org.asynchttpclient.netty.channel.ChannelManager - Adding key: http://localhost:59567 for channel [id: 0xd6945cda, L:/127.0.0.1:52312 - R:localhost/127.0.0.1:59567]
23:24:43.285 [Forwarding screenshot on session 2d2e9eab629655d2ee72517061be1ced to remote] DEBUG org.asynchttpclient.netty.request.NettyRequestSender - Using pooled Channel '[id: 0xd6945cda, L:/127.0.0.1:52312 - R:localhost/127.0.0.1:59567]' for 'GET' to 'http://localhost:59567/session/2d2e9eab629655d2ee72517061be1ced/screenshot'
23:24:43.285 [Forwarding screenshot on session 2d2e9eab629655d2ee72517061be1ced to remote] DEBUG org.asynchttpclient.netty.request.NettyRequestSender - Using open Channel [id: 0xd6945cda, L:/127.0.0.1:52312 - R:localhost/127.0.0.1:59567] for GET '/session/2d2e9eab629655d2ee72517061be1ced/screenshot'
23:24:43.465 [AsyncHttpClient-1-1] DEBUG org.asynchttpclient.netty.channel.DefaultChannelPool - Entry count for : http://localhost:52313 : 1
23:24:44.076 [AsyncHttpClient-1-4] DEBUG org.asynchttpclient.netty.handler.HttpHandler - 

Request DefaultFullHttpRequest(decodeResult: success, version: HTTP/1.1, content: EmptyByteBufBE)
GET /session/2d2e9eab629655d2ee72517061be1ced/screenshot HTTP/1.1
User-Agent: selenium/4.1.2 (java windows)
Cache-Control: no-cache
Content-Type: application/json; charset=utf-8
host: localhost:59567
accept: */*

Response DefaultHttpResponse(decodeResult: success, version: HTTP/1.1)
HTTP/1.1 200 OK
Content-Type: application/json; charset=utf-8
cache-control: no-cache
content-length: 45256

23:24:44.077 [AsyncHttpClient-1-4] DEBUG org.asynchttpclient.netty.channel.ChannelManager - Adding key: http://localhost:59567 for channel [id: 0xd6945cda, L:/127.0.0.1:52312 - R:localhost/127.0.0.1:59567]
23:24:44.080 [main] DEBUG net.serenitybdd.core.photography.Darkroom - Send negative for processing for target\site\serenity\fd86722d5f3ff17223786754073b3c6004fa79b27ed711dc4b49b1af48ecf35e.png
23:24:44.080 [main] DEBUG net.thucydides.core.steps.StepInterceptor - STEP DONE: validateOnTransactionPage
  &amp#27;[32mThen &amp#27;[0m&amp#27;[32mI on transaction page&amp#27;[0m                              &amp#27;[90m# stepdefinitions.OrderStep.iOnTransactionPage()&amp#27;[0m
23:24:44.081 [Darkroom Processing Line] DEBUG net.serenitybdd.core.photography.DarkroomProcessingLine - Processing screenshot image in /var/screenshots/screenshot-11029823871901819514
23:24:44.081 [Darkroom Processing Line] DEBUG net.serenitybdd.core.photography.DarkroomProcessingLine - Saving screenshot to target\site\serenity\fd86722d5f3ff17223786754073b3c6004fa79b27ed711dc4b49b1af48ecf35e.png
23:24:44.095 [main] INFO  - 
  _____   ___   ___   _____     ___     _     ___   ___   ___   ___  
 |_   _| | __| / __| |_   _|   | _ \   /_\   / __| / __| | __| |   \ 
   | |   | _|  \__ \   | |     |  _/  / _ \  \__ \ \__ \ | _|  | |) |
   |_|   |___| |___/   |_|     |_|   /_/ \_\ |___/ |___/ |___| |___/ 

As a user, i have able to order and pay product
----------------------------------------------------------------------
23:24:44.097 [AsyncHttpClient-1-6] DEBUG org.asynchttpclient.netty.handler.WebSocketHandler - Channel Closed: [id: 0x254223ea, L:/127.0.0.1:52320 ! R:localhost/127.0.0.1:52313] with attribute NettyResponseFuture{currentRetry=5,
	isDone=1,
	isCancelled=0,
	asyncHandler=org.asynchttpclient.ws.WebSocketUpgradeHandler@4da25f2c,
	nettyRequest=org.asynchttpclient.netty.request.NettyRequest@7c5a48c3,
	future=java.util.concurrent.CompletableFuture@3d7fd4f2[Completed normally],
	uri=ws://localhost:52313/devtools/browser/0c359018-37ed-4d87-8f1c-fe09af50ec4e,
	keepAlive=true,
	redirectCount=0,
	timeoutsHolder=null,
	inAuth=0,
	touch=1652631871341}
23:24:44.098 [AsyncHttpClient-1-6] DEBUG org.asynchttpclient.netty.channel.ChannelManager - Closing Channel [id: 0x254223ea, L:/127.0.0.1:52320 ! R:localhost/127.0.0.1:52313] 
23:24:44.113 [Driver Command Executor] DEBUG org.asynchttpclient.netty.request.NettyRequestSender - Using pooled Channel '[id: 0xd6945cda, L:/127.0.0.1:52312 - R:localhost/127.0.0.1:59567]' for 'DELETE' to 'http://localhost:59567/session/2d2e9eab629655d2ee72517061be1ced'
23:24:44.113 [Driver Command Executor] DEBUG org.asynchttpclient.netty.request.NettyRequestSender - Using open Channel [id: 0xd6945cda, L:/127.0.0.1:52312 - R:localhost/127.0.0.1:59567] for DELETE '/session/2d2e9eab629655d2ee72517061be1ced'
23:24:44.374 [AsyncHttpClient-1-5] DEBUG org.asynchttpclient.netty.handler.HttpHandler - Unexpected I/O exception on channel [id: 0xc797c2f9, L:/127.0.0.1:52319 - R:localhost/127.0.0.1:52313]
java.io.IOException: An existing connection was forcibly closed by the remote host
	at java.base/sun.nio.ch.SocketDispatcher.read0(Native Method)
	at java.base/sun.nio.ch.SocketDispatcher.read(SocketDispatcher.java:43)
	at java.base/sun.nio.ch.IOUtil.readIntoNativeBuffer(IOUtil.java:276)
	at java.base/sun.nio.ch.IOUtil.read(IOUtil.java:233)
	at java.base/sun.nio.ch.IOUtil.read(IOUtil.java:223)
	at java.base/sun.nio.ch.SocketChannelImpl.read(SocketChannelImpl.java:358)
	at io.netty.buffer.PooledByteBuf.setBytes(PooledByteBuf.java:258)
	at io.netty.buffer.AbstractByteBuf.writeBytes(AbstractByteBuf.java:1132)
	at io.netty.channel.socket.nio.NioSocketChannel.doReadBytes(NioSocketChannel.java:350)
	at io.netty.channel.nio.AbstractNioByteChannel$NioByteUnsafe.read(AbstractNioByteChannel.java:151)
	at io.netty.channel.nio.NioEventLoop.processSelectedKey(NioEventLoop.java:722)
	at io.netty.channel.nio.NioEventLoop.processSelectedKeysOptimized(NioEventLoop.java:658)
	at io.netty.channel.nio.NioEventLoop.processSelectedKeys(NioEventLoop.java:584)
	at io.netty.channel.nio.NioEventLoop.run(NioEventLoop.java:496)
	at io.netty.util.concurrent.SingleThreadEventExecutor$4.run(SingleThreadEventExecutor.java:986)
	at io.netty.util.internal.ThreadExecutorMap$2.run(ThreadExecutorMap.java:74)
	at io.netty.util.concurrent.FastThreadLocalRunnable.run(FastThreadLocalRunnable.java:30)
	at java.base/java.lang.Thread.run(Thread.java:834)
23:24:44.374 [AsyncHttpClient-1-5] DEBUG org.asynchttpclient.netty.channel.ChannelManager - Closing Channel [id: 0xc797c2f9, L:/127.0.0.1:52319 - R:localhost/127.0.0.1:52313] 
23:24:44.375 [AsyncHttpClient-1-5] DEBUG org.asynchttpclient.netty.handler.HttpHandler - Channel Closed: [id: 0xc797c2f9, L:/127.0.0.1:52319 ! R:localhost/127.0.0.1:52313] with attribute DISCARD
23:24:44.442 [AsyncHttpClient-1-4] DEBUG org.asynchttpclient.netty.handler.HttpHandler - 

Request DefaultFullHttpRequest(decodeResult: success, version: HTTP/1.1, content: EmptyByteBufBE)
DELETE /session/2d2e9eab629655d2ee72517061be1ced HTTP/1.1
User-Agent: selenium/4.1.2 (java windows)
Content-Type: application/json; charset=utf-8
host: localhost:59567
accept: */*

Response DefaultHttpResponse(decodeResult: success, version: HTTP/1.1)
HTTP/1.1 200 OK
Content-Type: application/json; charset=utf-8
cache-control: no-cache
content-length: 14

23:24:44.443 [AsyncHttpClient-1-4] DEBUG org.asynchttpclient.netty.channel.ChannelManager - Adding key: http://localhost:59567 for channel [id: 0xd6945cda, L:/127.0.0.1:52312 - R:localhost/127.0.0.1:59567]
23:24:44.559 [AsyncHttpClient-1-1] DEBUG org.asynchttpclient.netty.channel.DefaultChannelPool - Entry count for : http://localhost:59567 : 1
23:24:44.559 [AsyncHttpClient-1-1] DEBUG org.asynchttpclient.netty.channel.DefaultChannelPool - Entry count for : http://localhost:52313 : 1
23:24:44.559 [AsyncHttpClient-1-1] DEBUG org.asynchttpclient.netty.channel.DefaultChannelPool - Adding Candidate expired Channel [id: 0xc797c2f9, L:/127.0.0.1:52319 ! R:localhost/127.0.0.1:52313] isIdleTimeoutExpired=false isRemotelyClosed=true isTtlExpired=false
23:24:44.559 [AsyncHttpClient-1-1] DEBUG org.asynchttpclient.netty.channel.DefaultChannelPool - Closing Idle Channel [id: 0xc797c2f9, L:/127.0.0.1:52319 ! R:localhost/127.0.0.1:52313]
23:24:44.560 [AsyncHttpClient-1-1] DEBUG org.asynchttpclient.netty.channel.DefaultChannelPool - Closed 1 connections out of 2 in 1 ms
23:24:44.769 [AsyncHttpClient-1-4] DEBUG org.asynchttpclient.netty.handler.HttpHandler - Channel Closed: [id: 0xd6945cda, L:/127.0.0.1:52312 ! R:localhost/127.0.0.1:59567] with attribute DISCARD
]]></system-out>
    <system-err><![CDATA[Starting ChromeDriver 101.0.4951.41 (93c720db8323b3ec10d056025ab95c23a31997c9-refs/branch-heads/4951@{#904}) on port 59567
Only local connections are allowed.
Please see https://chromedriver.chromium.org/security-considerations for suggestions on keeping ChromeDriver safe.
ChromeDriver was started successfully.
May 15, 2022 11:24:31 PM org.openqa.selenium.remote.ProtocolHandshake createSession
INFO: Detected dialect: W3C
May 15, 2022 11:24:31 PM org.openqa.selenium.devtools.CdpVersionFinder findNearestMatch
WARNING: Unable to find an exact match for CDP version 101, so returning the closest version found: 97
May 15, 2022 11:24:31 PM org.openqa.selenium.devtools.CdpVersionFinder findNearestMatch
INFO: Found CDP implementation for version 101 of 97
]]></system-err>
  </testcase>
  <testcase name="As a user, i have able to create account" classname="Register #1" time="9.97">
    <system-out><![CDATA[23:24:45.302 [main] INFO io.cucumber.core.plugin.SerenityReporter - Running feature from file:///D:/Mini%20Project-QE%20Alta/Web%20Automation/FrontEnd-AltaShop/src/test/resources/features/Register.feature
23:24:45.308 [main] DEBUG net.thucydides.core.steps.StepEventBus - Test suite started for story net.thucydides.core.model.Story@30e75088
23:24:45.309 [main] INFO  - Test Suite Started: Register

Scenario: As a user, i have able to create account &amp#27;[90m# src/test/resources/features/Register.feature:3&amp#27;[0m
23:24:45.330 [main] INFO io.cucumber.core.plugin.SerenityReporter - Running feature from file:///D:/Mini%20Project-QE%20Alta/Web%20Automation/FrontEnd-AltaShop/src/test/resources/features/Register.feature
23:24:45.337 [main] INFO  - 
  _____   ___   ___   _____     ___   _____     _     ___   _____   ___   ___  
 |_   _| | __| / __| |_   _|   / __| |_   _|   /_\   | _ \ |_   _| | __| |   \ 
   | |   | _|  \__ \   | |     \__ \   | |    / _ \  |   /   | |   | _|  | |) |
   |_|   |___| |___/   |_|     |___/   |_|   /_/ \_\ |_|_\   |_|   |___| |___/ 

As a user, i have able to create account(register;as-a-user--i-have-able-to-create-account)
--------------------------------------------------------------------------------
23:24:45.516 [main] DEBUG net.thucydides.core.steps.StepInterceptor - STARTING STEP: RegisterStep.iAmAtRegisterPage - onRegisterPage
23:24:45.518 [main] INFO net.serenitybdd.core.webdriver.driverproviders.ChromeDriverProvider - Using automatically driver download
23:24:45.661 [AsyncHttpClient-1-1] DEBUG org.asynchttpclient.netty.channel.DefaultChannelPool - Entry count for : http://localhost:59567 : 1
23:24:45.661 [AsyncHttpClient-1-1] DEBUG org.asynchttpclient.netty.channel.DefaultChannelPool - Adding Candidate expired Channel [id: 0xd6945cda, L:/127.0.0.1:52312 ! R:localhost/127.0.0.1:59567] isIdleTimeoutExpired=false isRemotelyClosed=true isTtlExpired=false
23:24:45.661 [AsyncHttpClient-1-1] DEBUG org.asynchttpclient.netty.channel.DefaultChannelPool - Closing Idle Channel [id: 0xd6945cda, L:/127.0.0.1:52312 ! R:localhost/127.0.0.1:59567]
23:24:45.661 [AsyncHttpClient-1-1] DEBUG org.asynchttpclient.netty.channel.DefaultChannelPool - Closed 1 connections out of 1 in 0 ms
23:24:45.734 [main] DEBUG io.github.bonigarcia.wdm.cache.ResolutionCache - Resolution chrome=101 in cache (valid until 00:21:44 16/05/2022 ICT)
23:24:45.742 [main] DEBUG io.github.bonigarcia.wdm.cache.ResolutionCache - Resolution chrome101=101.0.4951.41 in cache (valid until 22:21:42 16/05/2022 ICT)
23:24:45.746 [main] INFO io.github.bonigarcia.wdm.WebDriverManager - Using chromedriver 101.0.4951.41 (resolved driver for Chrome 101)
23:24:45.768 [main] DEBUG io.github.bonigarcia.wdm.WebDriverManager - Driver chromedriver 101.0.4951.41 found in cache
23:24:45.791 [main] INFO io.github.bonigarcia.wdm.WebDriverManager - Exporting webdriver.chrome.driver as C:\Users\Siti Nurlatipah\.cache\selenium\chromedriver\win32\101.0.4951.41\chromedriver.exe
23:24:45.989 [main] DEBUG net.serenitybdd.core.webdriver.driverproviders.ProvideNewDriver - Instantiating driver
23:24:45.989 [main] DEBUG net.serenitybdd.core.webdriver.driverproviders.ProvideNewDriver - Driver capabilities: Capabilities {acceptInsecureCerts: false, base.url: https://qa.alta.id, browserName: chrome, chrome.driver: src/test/resources/webdrive..., driver: chrome, goog:chromeOptions: {args: [], extensions: []}}
23:24:46.540 [AsyncHttpClient-1-7] DEBUG org.asynchttpclient.netty.channel.NettyConnectListener - Using new Channel '[id: 0xbe751f61, L:/127.0.0.1:52349 - R:localhost/127.0.0.1:49939]' for 'POST' to '/session'
23:24:48.130 [AsyncHttpClient-1-7] DEBUG org.asynchttpclient.netty.handler.HttpHandler - 

Request DefaultHttpRequest(decodeResult: success, version: HTTP/1.1)
POST /session HTTP/1.1
User-Agent: selenium/4.1.2 (java windows)
Content-Length: 595
Content-Type: application/json; charset=utf-8
host: localhost:49939
accept: */*

Response DefaultHttpResponse(decodeResult: success, version: HTTP/1.1)
HTTP/1.1 200 OK
Content-Type: application/json; charset=utf-8
cache-control: no-cache
content-length: 792

23:24:48.130 [AsyncHttpClient-1-7] DEBUG org.asynchttpclient.netty.channel.ChannelManager - Adding key: http://localhost:49939 for channel [id: 0xbe751f61, L:/127.0.0.1:52349 - R:localhost/127.0.0.1:49939]
23:24:48.159 [AsyncHttpClient-1-8] DEBUG org.asynchttpclient.netty.channel.NettyConnectListener - Using new Channel '[id: 0x7033d834, L:/127.0.0.1:52358 - R:localhost/127.0.0.1:52351]' for 'GET' to '/json/version'
23:24:48.160 [AsyncHttpClient-1-8] DEBUG org.asynchttpclient.netty.handler.HttpHandler - 

Request DefaultFullHttpRequest(decodeResult: success, version: HTTP/1.1, content: EmptyByteBufBE)
GET /json/version HTTP/1.1
User-Agent: selenium/4.1.2 (java windows)
host: localhost:52351
accept: */*

Response DefaultHttpResponse(decodeResult: success, version: HTTP/1.1)
HTTP/1.1 200 OK
Content-Type: application/json; charset=UTF-8
content-length: 427

23:24:48.161 [AsyncHttpClient-1-8] DEBUG org.asynchttpclient.netty.channel.ChannelManager - Adding key: http://localhost:52351 for channel [id: 0x7033d834, L:/127.0.0.1:52358 - R:localhost/127.0.0.1:52351]
23:24:48.167 [AsyncHttpClient-1-9] DEBUG org.asynchttpclient.netty.channel.NettyConnectListener - Using new Channel '[id: 0xee8e039d, L:/127.0.0.1:52359 - R:localhost/127.0.0.1:52351]' for 'GET' to '/devtools/browser/6238b7c0-0d86-44e9-b310-07319c08d7a6'
23:24:48.170 [AsyncHttpClient-1-9] DEBUG org.asynchttpclient.netty.handler.WebSocketHandler - 

Request DefaultFullHttpRequest(decodeResult: success, version: HTTP/1.1, content: EmptyByteBufBE)
GET /devtools/browser/6238b7c0-0d86-44e9-b310-07319c08d7a6 HTTP/1.1
upgrade: websocket
connection: upgrade
sec-websocket-key: 1YhZ2Ouj5PLIPJRJxpFLIg==
sec-websocket-version: 13
origin: http://localhost:52351
host: localhost:52351
accept: */*
user-agent: AHC/2.1

Response DefaultHttpResponse(decodeResult: success, version: HTTP/1.1)
HTTP/1.1 101 WebSocket Protocol Handshake
Upgrade: WebSocket
Connection: Upgrade
Sec-WebSocket-Accept: uY4agdcZrCrJSLX1PA0MYfE7Vhk=

23:24:48.186 [Forwarding get on session 56a17da33287e1bb8144789dc1995981 to remote] DEBUG org.asynchttpclient.netty.request.NettyRequestSender - Using pooled Channel '[id: 0xbe751f61, L:/127.0.0.1:52349 - R:localhost/127.0.0.1:49939]' for 'POST' to 'http://localhost:49939/session/56a17da33287e1bb8144789dc1995981/url'
23:24:48.186 [Forwarding get on session 56a17da33287e1bb8144789dc1995981 to remote] DEBUG org.asynchttpclient.netty.request.NettyRequestSender - Using open Channel [id: 0xbe751f61, L:/127.0.0.1:52349 - R:localhost/127.0.0.1:49939] for POST '/session/56a17da33287e1bb8144789dc1995981/url'
23:24:48.966 [AsyncHttpClient-1-1] DEBUG org.asynchttpclient.netty.channel.DefaultChannelPool - Entry count for : http://localhost:52351 : 1
23:24:50.061 [AsyncHttpClient-1-1] DEBUG org.asynchttpclient.netty.channel.DefaultChannelPool - Entry count for : http://localhost:52351 : 1
23:24:50.258 [AsyncHttpClient-1-7] DEBUG org.asynchttpclient.netty.handler.HttpHandler - 

Request DefaultHttpRequest(decodeResult: success, version: HTTP/1.1)
POST /session/56a17da33287e1bb8144789dc1995981/url HTTP/1.1
User-Agent: selenium/4.1.2 (java windows)
Content-Length: 67
Content-Type: application/json; charset=utf-8
host: localhost:49939
accept: */*

Response DefaultHttpResponse(decodeResult: success, version: HTTP/1.1)
HTTP/1.1 200 OK
Content-Type: application/json; charset=utf-8
cache-control: no-cache
content-length: 14

23:24:50.259 [AsyncHttpClient-1-7] DEBUG org.asynchttpclient.netty.channel.ChannelManager - Adding key: http://localhost:49939 for channel [id: 0xbe751f61, L:/127.0.0.1:52349 - R:localhost/127.0.0.1:49939]
23:24:50.262 [Forwarding setTimeout on session 56a17da33287e1bb8144789dc1995981 to remote] DEBUG org.asynchttpclient.netty.request.NettyRequestSender - Using pooled Channel '[id: 0xbe751f61, L:/127.0.0.1:52349 - R:localhost/127.0.0.1:49939]' for 'POST' to 'http://localhost:49939/session/56a17da33287e1bb8144789dc1995981/timeouts'
23:24:50.262 [Forwarding setTimeout on session 56a17da33287e1bb8144789dc1995981 to remote] DEBUG org.asynchttpclient.netty.request.NettyRequestSender - Using open Channel [id: 0xbe751f61, L:/127.0.0.1:52349 - R:localhost/127.0.0.1:49939] for POST '/session/56a17da33287e1bb8144789dc1995981/timeouts'
23:24:50.266 [AsyncHttpClient-1-7] DEBUG org.asynchttpclient.netty.handler.HttpHandler - 

Request DefaultHttpRequest(decodeResult: success, version: HTTP/1.1)
POST /session/56a17da33287e1bb8144789dc1995981/timeouts HTTP/1.1
User-Agent: selenium/4.1.2 (java windows)
Content-Length: 22
Content-Type: application/json; charset=utf-8
host: localhost:49939
accept: */*

Response DefaultHttpResponse(decodeResult: success, version: HTTP/1.1)
HTTP/1.1 200 OK
Content-Type: application/json; charset=utf-8
cache-control: no-cache
content-length: 14

23:24:50.266 [AsyncHttpClient-1-7] DEBUG org.asynchttpclient.netty.channel.ChannelManager - Adding key: http://localhost:49939 for channel [id: 0xbe751f61, L:/127.0.0.1:52349 - R:localhost/127.0.0.1:49939]
23:24:50.273 [Forwarding getCurrentUrl on session 56a17da33287e1bb8144789dc1995981 to remote] DEBUG org.asynchttpclient.netty.request.NettyRequestSender - Using pooled Channel '[id: 0xbe751f61, L:/127.0.0.1:52349 - R:localhost/127.0.0.1:49939]' for 'GET' to 'http://localhost:49939/session/56a17da33287e1bb8144789dc1995981/url'
23:24:50.273 [Forwarding getCurrentUrl on session 56a17da33287e1bb8144789dc1995981 to remote] DEBUG org.asynchttpclient.netty.request.NettyRequestSender - Using open Channel [id: 0xbe751f61, L:/127.0.0.1:52349 - R:localhost/127.0.0.1:49939] for GET '/session/56a17da33287e1bb8144789dc1995981/url'
23:24:50.283 [AsyncHttpClient-1-7] DEBUG org.asynchttpclient.netty.handler.HttpHandler - 

Request DefaultFullHttpRequest(decodeResult: success, version: HTTP/1.1, content: EmptyByteBufBE)
GET /session/56a17da33287e1bb8144789dc1995981/url HTTP/1.1
User-Agent: selenium/4.1.2 (java windows)
Cache-Control: no-cache
Content-Type: application/json; charset=utf-8
host: localhost:49939
accept: */*

Response DefaultHttpResponse(decodeResult: success, version: HTTP/1.1)
HTTP/1.1 200 OK
Content-Type: application/json; charset=utf-8
cache-control: no-cache
content-length: 44

23:24:50.283 [AsyncHttpClient-1-7] DEBUG org.asynchttpclient.netty.channel.ChannelManager - Adding key: http://localhost:49939 for channel [id: 0xbe751f61, L:/127.0.0.1:52349 - R:localhost/127.0.0.1:49939]
23:24:50.290 [main] DEBUG net.serenitybdd.core.photography.Darkroom - Opening darkroom
23:24:50.291 [Darkroom Processing Line] DEBUG net.serenitybdd.core.photography.DarkroomProcessingLine - Darkroom processing line starting up
23:24:50.291 [Forwarding screenshot on session 56a17da33287e1bb8144789dc1995981 to remote] DEBUG org.asynchttpclient.netty.request.NettyRequestSender - Using pooled Channel '[id: 0xbe751f61, L:/127.0.0.1:52349 - R:localhost/127.0.0.1:49939]' for 'GET' to 'http://localhost:49939/session/56a17da33287e1bb8144789dc1995981/screenshot'
23:24:50.292 [Forwarding screenshot on session 56a17da33287e1bb8144789dc1995981 to remote] DEBUG org.asynchttpclient.netty.request.NettyRequestSender - Using open Channel [id: 0xbe751f61, L:/127.0.0.1:52349 - R:localhost/127.0.0.1:49939] for GET '/session/56a17da33287e1bb8144789dc1995981/screenshot'
23:24:50.736 [AsyncHttpClient-1-7] DEBUG org.asynchttpclient.netty.handler.HttpHandler - 

Request DefaultFullHttpRequest(decodeResult: success, version: HTTP/1.1, content: EmptyByteBufBE)
GET /session/56a17da33287e1bb8144789dc1995981/screenshot HTTP/1.1
User-Agent: selenium/4.1.2 (java windows)
Cache-Control: no-cache
Content-Type: application/json; charset=utf-8
host: localhost:49939
accept: */*

Response DefaultHttpResponse(decodeResult: success, version: HTTP/1.1)
HTTP/1.1 200 OK
Content-Type: application/json; charset=utf-8
cache-control: no-cache
content-length: 44712

23:24:50.737 [AsyncHttpClient-1-7] DEBUG org.asynchttpclient.netty.channel.ChannelManager - Adding key: http://localhost:49939 for channel [id: 0xbe751f61, L:/127.0.0.1:52349 - R:localhost/127.0.0.1:49939]
23:24:50.739 [main] DEBUG net.serenitybdd.core.photography.Darkroom - Send negative for processing for target\site\serenity\b18e5dcf050d11939d512b8933f6a7168379a6ec4814ca22a3d682d25cb26be5.png
23:24:50.740 [main] DEBUG net.thucydides.core.steps.StepInterceptor - STEP DONE: onRegisterPage
  &amp#27;[32mGiven &amp#27;[0m&amp#27;[32m&amp#27;[0m&amp#27;[32m&amp#27;[1mI&amp#27;[0m&amp#27;[32m am at register page&amp#27;[0m                      &amp#27;[90m# stepdefinitions.RegisterStep.iAmAtRegisterPage(java.lang.String)&amp#27;[0m
23:24:50.740 [Darkroom Processing Line] DEBUG net.serenitybdd.core.photography.DarkroomProcessingLine - Processing screenshot image in /var/screenshots/screenshot-2816961979304289357
23:24:50.740 [Darkroom Processing Line] DEBUG net.serenitybdd.core.photography.DarkroomProcessingLine - Saving screenshot to target\site\serenity\b18e5dcf050d11939d512b8933f6a7168379a6ec4814ca22a3d682d25cb26be5.png
23:24:50.760 [main] DEBUG net.thucydides.core.steps.StepInterceptor - STARTING STEP: RegisterStep.iTypeFullname - typeFullname
23:24:50.765 [Forwarding findElement on session 56a17da33287e1bb8144789dc1995981 to remote] DEBUG org.asynchttpclient.netty.request.NettyRequestSender - Using pooled Channel '[id: 0xbe751f61, L:/127.0.0.1:52349 - R:localhost/127.0.0.1:49939]' for 'POST' to 'http://localhost:49939/session/56a17da33287e1bb8144789dc1995981/element'
23:24:50.765 [Forwarding findElement on session 56a17da33287e1bb8144789dc1995981 to remote] DEBUG org.asynchttpclient.netty.request.NettyRequestSender - Using open Channel [id: 0xbe751f61, L:/127.0.0.1:52349 - R:localhost/127.0.0.1:49939] for POST '/session/56a17da33287e1bb8144789dc1995981/element'
23:24:50.781 [AsyncHttpClient-1-7] DEBUG org.asynchttpclient.netty.handler.HttpHandler - 

Request DefaultHttpRequest(decodeResult: success, version: HTTP/1.1)
POST /session/56a17da33287e1bb8144789dc1995981/element HTTP/1.1
User-Agent: selenium/4.1.2 (java windows)
Content-Length: 91
Content-Type: application/json; charset=utf-8
host: localhost:49939
accept: */*

Response DefaultHttpResponse(decodeResult: success, version: HTTP/1.1)
HTTP/1.1 200 OK
Content-Type: application/json; charset=utf-8
cache-control: no-cache
content-length: 88

23:24:50.781 [AsyncHttpClient-1-7] DEBUG org.asynchttpclient.netty.channel.ChannelManager - Adding key: http://localhost:49939 for channel [id: 0xbe751f61, L:/127.0.0.1:52349 - R:localhost/127.0.0.1:49939]
23:24:50.784 [Forwarding sendKeysToElement on session 56a17da33287e1bb8144789dc1995981 to remote] DEBUG org.asynchttpclient.netty.request.NettyRequestSender - Using pooled Channel '[id: 0xbe751f61, L:/127.0.0.1:52349 - R:localhost/127.0.0.1:49939]' for 'POST' to 'http://localhost:49939/session/56a17da33287e1bb8144789dc1995981/element/fc92511f-6b45-4011-8164-0a401033f3bb/value'
23:24:50.784 [Forwarding sendKeysToElement on session 56a17da33287e1bb8144789dc1995981 to remote] DEBUG org.asynchttpclient.netty.request.NettyRequestSender - Using open Channel [id: 0xbe751f61, L:/127.0.0.1:52349 - R:localhost/127.0.0.1:49939] for POST '/session/56a17da33287e1bb8144789dc1995981/element/fc92511f-6b45-4011-8164-0a401033f3bb/value'
23:24:51.001 [AsyncHttpClient-1-7] DEBUG org.asynchttpclient.netty.handler.HttpHandler - 

Request DefaultHttpRequest(decodeResult: success, version: HTTP/1.1)
POST /session/56a17da33287e1bb8144789dc1995981/element/fc92511f-6b45-4011-8164-0a401033f3bb/value HTTP/1.1
User-Agent: selenium/4.1.2 (java windows)
Content-Length: 211
Content-Type: application/json; charset=utf-8
host: localhost:49939
accept: */*

Response DefaultHttpResponse(decodeResult: success, version: HTTP/1.1)
HTTP/1.1 200 OK
Content-Type: application/json; charset=utf-8
cache-control: no-cache
content-length: 14

23:24:51.001 [AsyncHttpClient-1-7] DEBUG org.asynchttpclient.netty.channel.ChannelManager - Adding key: http://localhost:49939 for channel [id: 0xbe751f61, L:/127.0.0.1:52349 - R:localhost/127.0.0.1:49939]
23:24:51.008 [Forwarding screenshot on session 56a17da33287e1bb8144789dc1995981 to remote] DEBUG org.asynchttpclient.netty.request.NettyRequestSender - Using pooled Channel '[id: 0xbe751f61, L:/127.0.0.1:52349 - R:localhost/127.0.0.1:49939]' for 'GET' to 'http://localhost:49939/session/56a17da33287e1bb8144789dc1995981/screenshot'
23:24:51.008 [Forwarding screenshot on session 56a17da33287e1bb8144789dc1995981 to remote] DEBUG org.asynchttpclient.netty.request.NettyRequestSender - Using open Channel [id: 0xbe751f61, L:/127.0.0.1:52349 - R:localhost/127.0.0.1:49939] for GET '/session/56a17da33287e1bb8144789dc1995981/screenshot'
23:24:51.162 [AsyncHttpClient-1-1] DEBUG org.asynchttpclient.netty.channel.DefaultChannelPool - Entry count for : http://localhost:52351 : 1
23:24:51.271 [AsyncHttpClient-1-7] DEBUG org.asynchttpclient.netty.handler.HttpHandler - 

Request DefaultFullHttpRequest(decodeResult: success, version: HTTP/1.1, content: EmptyByteBufBE)
GET /session/56a17da33287e1bb8144789dc1995981/screenshot HTTP/1.1
User-Agent: selenium/4.1.2 (java windows)
Cache-Control: no-cache
Content-Type: application/json; charset=utf-8
host: localhost:49939
accept: */*

Response DefaultHttpResponse(decodeResult: success, version: HTTP/1.1)
HTTP/1.1 200 OK
Content-Type: application/json; charset=utf-8
cache-control: no-cache
content-length: 47996

23:24:51.272 [AsyncHttpClient-1-7] DEBUG org.asynchttpclient.netty.channel.ChannelManager - Adding key: http://localhost:49939 for channel [id: 0xbe751f61, L:/127.0.0.1:52349 - R:localhost/127.0.0.1:49939]
23:24:51.275 [main] DEBUG net.serenitybdd.core.photography.Darkroom - Send negative for processing for target\site\serenity\623f8f004bf70f49420ddfae6f8392f84c6774c212df19d30e33e00b65eea4f2.png
23:24:51.276 [main] DEBUG net.thucydides.core.steps.StepInterceptor - STEP DONE: typeFullname
23:24:51.276 [Darkroom Processing Line] DEBUG net.serenitybdd.core.photography.DarkroomProcessingLine - Processing screenshot image in /var/screenshots/screenshot-7645634039231444650
23:24:51.276 [Darkroom Processing Line] DEBUG net.serenitybdd.core.photography.DarkroomProcessingLine - Saving screenshot to target\site\serenity\623f8f004bf70f49420ddfae6f8392f84c6774c212df19d30e33e00b65eea4f2.png
  &amp#27;[32mWhen &amp#27;[0m&amp#27;[32mI type fullname &amp#27;[0m&amp#27;[32m&amp#27;[1mMei Apriliani&amp#27;[0m               &amp#27;[90m# stepdefinitions.RegisterStep.iTypeFullname(java.lang.String)&amp#27;[0m
23:24:51.887 [Forwarding screenshot on session 56a17da33287e1bb8144789dc1995981 to remote] DEBUG org.asynchttpclient.netty.request.NettyRequestSender - Using pooled Channel '[id: 0xbe751f61, L:/127.0.0.1:52349 - R:localhost/127.0.0.1:49939]' for 'GET' to 'http://localhost:49939/session/56a17da33287e1bb8144789dc1995981/screenshot'
23:24:51.887 [Forwarding screenshot on session 56a17da33287e1bb8144789dc1995981 to remote] DEBUG org.asynchttpclient.netty.request.NettyRequestSender - Using open Channel [id: 0xbe751f61, L:/127.0.0.1:52349 - R:localhost/127.0.0.1:49939] for GET '/session/56a17da33287e1bb8144789dc1995981/screenshot'
23:24:52.064 [AsyncHttpClient-1-7] DEBUG org.asynchttpclient.netty.handler.HttpHandler - 

Request DefaultFullHttpRequest(decodeResult: success, version: HTTP/1.1, content: EmptyByteBufBE)
GET /session/56a17da33287e1bb8144789dc1995981/screenshot HTTP/1.1
User-Agent: selenium/4.1.2 (java windows)
Cache-Control: no-cache
Content-Type: application/json; charset=utf-8
host: localhost:49939
accept: */*

Response DefaultHttpResponse(decodeResult: success, version: HTTP/1.1)
HTTP/1.1 200 OK
Content-Type: application/json; charset=utf-8
cache-control: no-cache
content-length: 46944

23:24:52.067 [AsyncHttpClient-1-7] DEBUG org.asynchttpclient.netty.channel.ChannelManager - Adding key: http://localhost:49939 for channel [id: 0xbe751f61, L:/127.0.0.1:52349 - R:localhost/127.0.0.1:49939]
23:24:52.070 [main] DEBUG net.serenitybdd.core.photography.Darkroom - Send negative for processing for target\site\serenity\9d16cef775a5d405bd340ed54cd53d574a457f3588adb572d1f87ddf75665dab.png
23:24:52.070 [main] DEBUG net.thucydides.core.steps.StepInterceptor - STARTING STEP: RegisterStep.iTypeEmail - typeEmail
23:24:52.070 [Darkroom Processing Line] DEBUG net.serenitybdd.core.photography.DarkroomProcessingLine - Processing screenshot image in /var/screenshots/screenshot-5993866802889015
23:24:52.070 [Darkroom Processing Line] DEBUG net.serenitybdd.core.photography.DarkroomProcessingLine - Saving screenshot to target\site\serenity\9d16cef775a5d405bd340ed54cd53d574a457f3588adb572d1f87ddf75665dab.png
23:24:52.074 [Forwarding findElement on session 56a17da33287e1bb8144789dc1995981 to remote] DEBUG org.asynchttpclient.netty.request.NettyRequestSender - Using pooled Channel '[id: 0xbe751f61, L:/127.0.0.1:52349 - R:localhost/127.0.0.1:49939]' for 'POST' to 'http://localhost:49939/session/56a17da33287e1bb8144789dc1995981/element'
23:24:52.074 [Forwarding findElement on session 56a17da33287e1bb8144789dc1995981 to remote] DEBUG org.asynchttpclient.netty.request.NettyRequestSender - Using open Channel [id: 0xbe751f61, L:/127.0.0.1:52349 - R:localhost/127.0.0.1:49939] for POST '/session/56a17da33287e1bb8144789dc1995981/element'
23:24:52.093 [AsyncHttpClient-1-7] DEBUG org.asynchttpclient.netty.handler.HttpHandler - 

Request DefaultHttpRequest(decodeResult: success, version: HTTP/1.1)
POST /session/56a17da33287e1bb8144789dc1995981/element HTTP/1.1
User-Agent: selenium/4.1.2 (java windows)
Content-Length: 84
Content-Type: application/json; charset=utf-8
host: localhost:49939
accept: */*

Response DefaultHttpResponse(decodeResult: success, version: HTTP/1.1)
HTTP/1.1 200 OK
Content-Type: application/json; charset=utf-8
cache-control: no-cache
content-length: 88

23:24:52.094 [AsyncHttpClient-1-7] DEBUG org.asynchttpclient.netty.channel.ChannelManager - Adding key: http://localhost:49939 for channel [id: 0xbe751f61, L:/127.0.0.1:52349 - R:localhost/127.0.0.1:49939]
23:24:52.096 [Forwarding sendKeysToElement on session 56a17da33287e1bb8144789dc1995981 to remote] DEBUG org.asynchttpclient.netty.request.NettyRequestSender - Using pooled Channel '[id: 0xbe751f61, L:/127.0.0.1:52349 - R:localhost/127.0.0.1:49939]' for 'POST' to 'http://localhost:49939/session/56a17da33287e1bb8144789dc1995981/element/cad32e83-c37f-44d7-96b7-8009f2c0efbf/value'
23:24:52.097 [Forwarding sendKeysToElement on session 56a17da33287e1bb8144789dc1995981 to remote] DEBUG org.asynchttpclient.netty.request.NettyRequestSender - Using open Channel [id: 0xbe751f61, L:/127.0.0.1:52349 - R:localhost/127.0.0.1:49939] for POST '/session/56a17da33287e1bb8144789dc1995981/element/cad32e83-c37f-44d7-96b7-8009f2c0efbf/value'
23:24:52.258 [AsyncHttpClient-1-1] DEBUG org.asynchttpclient.netty.channel.DefaultChannelPool - Entry count for : http://localhost:52351 : 1
23:24:52.347 [AsyncHttpClient-1-7] DEBUG org.asynchttpclient.netty.handler.HttpHandler - 

Request DefaultHttpRequest(decodeResult: success, version: HTTP/1.1)
POST /session/56a17da33287e1bb8144789dc1995981/element/cad32e83-c37f-44d7-96b7-8009f2c0efbf/value HTTP/1.1
User-Agent: selenium/4.1.2 (java windows)
Content-Length: 271
Content-Type: application/json; charset=utf-8
host: localhost:49939
accept: */*

Response DefaultHttpResponse(decodeResult: success, version: HTTP/1.1)
HTTP/1.1 200 OK
Content-Type: application/json; charset=utf-8
cache-control: no-cache
content-length: 14

23:24:52.347 [AsyncHttpClient-1-7] DEBUG org.asynchttpclient.netty.channel.ChannelManager - Adding key: http://localhost:49939 for channel [id: 0xbe751f61, L:/127.0.0.1:52349 - R:localhost/127.0.0.1:49939]
23:24:52.358 [Forwarding screenshot on session 56a17da33287e1bb8144789dc1995981 to remote] DEBUG org.asynchttpclient.netty.request.NettyRequestSender - Using pooled Channel '[id: 0xbe751f61, L:/127.0.0.1:52349 - R:localhost/127.0.0.1:49939]' for 'GET' to 'http://localhost:49939/session/56a17da33287e1bb8144789dc1995981/screenshot'
23:24:52.358 [Forwarding screenshot on session 56a17da33287e1bb8144789dc1995981 to remote] DEBUG org.asynchttpclient.netty.request.NettyRequestSender - Using open Channel [id: 0xbe751f61, L:/127.0.0.1:52349 - R:localhost/127.0.0.1:49939] for GET '/session/56a17da33287e1bb8144789dc1995981/screenshot'
23:24:52.571 [AsyncHttpClient-1-7] DEBUG org.asynchttpclient.netty.handler.HttpHandler - 

Request DefaultFullHttpRequest(decodeResult: success, version: HTTP/1.1, content: EmptyByteBufBE)
GET /session/56a17da33287e1bb8144789dc1995981/screenshot HTTP/1.1
User-Agent: selenium/4.1.2 (java windows)
Cache-Control: no-cache
Content-Type: application/json; charset=utf-8
host: localhost:49939
accept: */*

Response DefaultHttpResponse(decodeResult: success, version: HTTP/1.1)
HTTP/1.1 200 OK
Content-Type: application/json; charset=utf-8
cache-control: no-cache
content-length: 55440

23:24:52.572 [AsyncHttpClient-1-7] DEBUG org.asynchttpclient.netty.channel.ChannelManager - Adding key: http://localhost:49939 for channel [id: 0xbe751f61, L:/127.0.0.1:52349 - R:localhost/127.0.0.1:49939]
23:24:52.576 [main] DEBUG net.serenitybdd.core.photography.Darkroom - Send negative for processing for target\site\serenity\accd482d3f6c32b67c80bc7fb63b58c8b35fcd3ebf794801e017397649e4ed0a.png
23:24:52.577 [main] DEBUG net.thucydides.core.steps.StepInterceptor - STEP DONE: typeEmail
  &amp#27;[32mAnd &amp#27;[0m&amp#27;[32mI type email&amp#27;[0m                                 &amp#27;[90m# stepdefinitions.RegisterStep.iTypeEmail()&amp#27;[0m
23:24:52.578 [Darkroom Processing Line] DEBUG net.serenitybdd.core.photography.DarkroomProcessingLine - Processing screenshot image in /var/screenshots/screenshot-14854795522780441176
23:24:52.578 [Darkroom Processing Line] DEBUG net.serenitybdd.core.photography.DarkroomProcessingLine - Saving screenshot to target\site\serenity\accd482d3f6c32b67c80bc7fb63b58c8b35fcd3ebf794801e017397649e4ed0a.png
23:24:52.626 [main] DEBUG net.thucydides.core.steps.StepInterceptor - STARTING STEP: RegisterStep.iTypePassword - typePassword
23:24:52.630 [Forwarding findElement on session 56a17da33287e1bb8144789dc1995981 to remote] DEBUG org.asynchttpclient.netty.request.NettyRequestSender - Using pooled Channel '[id: 0xbe751f61, L:/127.0.0.1:52349 - R:localhost/127.0.0.1:49939]' for 'POST' to 'http://localhost:49939/session/56a17da33287e1bb8144789dc1995981/element'
23:24:52.630 [Forwarding findElement on session 56a17da33287e1bb8144789dc1995981 to remote] DEBUG org.asynchttpclient.netty.request.NettyRequestSender - Using open Channel [id: 0xbe751f61, L:/127.0.0.1:52349 - R:localhost/127.0.0.1:49939] for POST '/session/56a17da33287e1bb8144789dc1995981/element'
23:24:52.663 [AsyncHttpClient-1-7] DEBUG org.asynchttpclient.netty.handler.HttpHandler - 

Request DefaultHttpRequest(decodeResult: success, version: HTTP/1.1)
POST /session/56a17da33287e1bb8144789dc1995981/element HTTP/1.1
User-Agent: selenium/4.1.2 (java windows)
Content-Length: 87
Content-Type: application/json; charset=utf-8
host: localhost:49939
accept: */*

Response DefaultHttpResponse(decodeResult: success, version: HTTP/1.1)
HTTP/1.1 200 OK
Content-Type: application/json; charset=utf-8
cache-control: no-cache
content-length: 88

23:24:52.663 [AsyncHttpClient-1-7] DEBUG org.asynchttpclient.netty.channel.ChannelManager - Adding key: http://localhost:49939 for channel [id: 0xbe751f61, L:/127.0.0.1:52349 - R:localhost/127.0.0.1:49939]
23:24:52.667 [Forwarding sendKeysToElement on session 56a17da33287e1bb8144789dc1995981 to remote] DEBUG org.asynchttpclient.netty.request.NettyRequestSender - Using pooled Channel '[id: 0xbe751f61, L:/127.0.0.1:52349 - R:localhost/127.0.0.1:49939]' for 'POST' to 'http://localhost:49939/session/56a17da33287e1bb8144789dc1995981/element/abebbe15-1c85-4e42-ad45-f54200a12590/value'
23:24:52.667 [Forwarding sendKeysToElement on session 56a17da33287e1bb8144789dc1995981 to remote] DEBUG org.asynchttpclient.netty.request.NettyRequestSender - Using open Channel [id: 0xbe751f61, L:/127.0.0.1:52349 - R:localhost/127.0.0.1:49939] for POST '/session/56a17da33287e1bb8144789dc1995981/element/abebbe15-1c85-4e42-ad45-f54200a12590/value'
23:24:52.855 [AsyncHttpClient-1-7] DEBUG org.asynchttpclient.netty.handler.HttpHandler - 

Request DefaultHttpRequest(decodeResult: success, version: HTTP/1.1)
POST /session/56a17da33287e1bb8144789dc1995981/element/abebbe15-1c85-4e42-ad45-f54200a12590/value HTTP/1.1
User-Agent: selenium/4.1.2 (java windows)
Content-Length: 131
Content-Type: application/json; charset=utf-8
host: localhost:49939
accept: */*

Response DefaultHttpResponse(decodeResult: success, version: HTTP/1.1)
HTTP/1.1 200 OK
Content-Type: application/json; charset=utf-8
cache-control: no-cache
content-length: 14

23:24:52.855 [AsyncHttpClient-1-7] DEBUG org.asynchttpclient.netty.channel.ChannelManager - Adding key: http://localhost:49939 for channel [id: 0xbe751f61, L:/127.0.0.1:52349 - R:localhost/127.0.0.1:49939]
23:24:52.871 [Forwarding screenshot on session 56a17da33287e1bb8144789dc1995981 to remote] DEBUG org.asynchttpclient.netty.request.NettyRequestSender - Using pooled Channel '[id: 0xbe751f61, L:/127.0.0.1:52349 - R:localhost/127.0.0.1:49939]' for 'GET' to 'http://localhost:49939/session/56a17da33287e1bb8144789dc1995981/screenshot'
23:24:52.872 [Forwarding screenshot on session 56a17da33287e1bb8144789dc1995981 to remote] DEBUG org.asynchttpclient.netty.request.NettyRequestSender - Using open Channel [id: 0xbe751f61, L:/127.0.0.1:52349 - R:localhost/127.0.0.1:49939] for GET '/session/56a17da33287e1bb8144789dc1995981/screenshot'
23:24:53.098 [AsyncHttpClient-1-7] DEBUG org.asynchttpclient.netty.handler.HttpHandler - 

Request DefaultFullHttpRequest(decodeResult: success, version: HTTP/1.1, content: EmptyByteBufBE)
GET /session/56a17da33287e1bb8144789dc1995981/screenshot HTTP/1.1
User-Agent: selenium/4.1.2 (java windows)
Cache-Control: no-cache
Content-Type: application/json; charset=utf-8
host: localhost:49939
accept: */*

Response DefaultHttpResponse(decodeResult: success, version: HTTP/1.1)
HTTP/1.1 200 OK
Content-Type: application/json; charset=utf-8
cache-control: no-cache
content-length: 56484

23:24:53.101 [AsyncHttpClient-1-7] DEBUG org.asynchttpclient.netty.channel.ChannelManager - Adding key: http://localhost:49939 for channel [id: 0xbe751f61, L:/127.0.0.1:52349 - R:localhost/127.0.0.1:49939]
23:24:53.106 [main] DEBUG net.serenitybdd.core.photography.Darkroom - Send negative for processing for target\site\serenity\835fb7547752f9da0a0df45d281eeab11da939cd58b5e0925fb994938975dd69.png
23:24:53.107 [main] DEBUG net.thucydides.core.steps.StepInterceptor - STEP DONE: typePassword
  &amp#27;[32mAnd &amp#27;[0m&amp#27;[32mI type password &amp#27;[0m&amp#27;[32m&amp#27;[1maiueo&amp#27;[0m                        &amp#27;[90m# stepdefinitions.RegisterStep.iTypePassword(java.lang.String)&amp#27;[0m
23:24:53.107 [Darkroom Processing Line] DEBUG net.serenitybdd.core.photography.DarkroomProcessingLine - Processing screenshot image in /var/screenshots/screenshot-1849546973932047717
23:24:53.108 [Darkroom Processing Line] DEBUG net.serenitybdd.core.photography.DarkroomProcessingLine - Saving screenshot to target\site\serenity\835fb7547752f9da0a0df45d281eeab11da939cd58b5e0925fb994938975dd69.png
23:24:53.152 [main] DEBUG net.thucydides.core.steps.StepInterceptor - STARTING STEP: RegisterStep.iClickLoginButton - clickRegisterButton
23:24:53.164 [Forwarding findElement on session 56a17da33287e1bb8144789dc1995981 to remote] DEBUG org.asynchttpclient.netty.request.NettyRequestSender - Using pooled Channel '[id: 0xbe751f61, L:/127.0.0.1:52349 - R:localhost/127.0.0.1:49939]' for 'POST' to 'http://localhost:49939/session/56a17da33287e1bb8144789dc1995981/element'
23:24:53.164 [Forwarding findElement on session 56a17da33287e1bb8144789dc1995981 to remote] DEBUG org.asynchttpclient.netty.request.NettyRequestSender - Using open Channel [id: 0xbe751f61, L:/127.0.0.1:52349 - R:localhost/127.0.0.1:49939] for POST '/session/56a17da33287e1bb8144789dc1995981/element'
23:24:53.213 [AsyncHttpClient-1-7] DEBUG org.asynchttpclient.netty.handler.HttpHandler - 

Request DefaultHttpRequest(decodeResult: success, version: HTTP/1.1)
POST /session/56a17da33287e1bb8144789dc1995981/element HTTP/1.1
User-Agent: selenium/4.1.2 (java windows)
Content-Length: 155
Content-Type: application/json; charset=utf-8
host: localhost:49939
accept: */*

Response DefaultHttpResponse(decodeResult: success, version: HTTP/1.1)
HTTP/1.1 200 OK
Content-Type: application/json; charset=utf-8
cache-control: no-cache
content-length: 88

23:24:53.213 [AsyncHttpClient-1-7] DEBUG org.asynchttpclient.netty.channel.ChannelManager - Adding key: http://localhost:49939 for channel [id: 0xbe751f61, L:/127.0.0.1:52349 - R:localhost/127.0.0.1:49939]
23:24:53.218 [Forwarding getElementTagName on session 56a17da33287e1bb8144789dc1995981 to remote] DEBUG org.asynchttpclient.netty.request.NettyRequestSender - Using pooled Channel '[id: 0xbe751f61, L:/127.0.0.1:52349 - R:localhost/127.0.0.1:49939]' for 'GET' to 'http://localhost:49939/session/56a17da33287e1bb8144789dc1995981/element/b475c944-6c6b-4a5b-b602-7d6dedf0b2ad/name'
23:24:53.219 [Forwarding getElementTagName on session 56a17da33287e1bb8144789dc1995981 to remote] DEBUG org.asynchttpclient.netty.request.NettyRequestSender - Using open Channel [id: 0xbe751f61, L:/127.0.0.1:52349 - R:localhost/127.0.0.1:49939] for GET '/session/56a17da33287e1bb8144789dc1995981/element/b475c944-6c6b-4a5b-b602-7d6dedf0b2ad/name'
23:24:53.229 [AsyncHttpClient-1-7] DEBUG org.asynchttpclient.netty.handler.HttpHandler - 

Request DefaultFullHttpRequest(decodeResult: success, version: HTTP/1.1, content: EmptyByteBufBE)
GET /session/56a17da33287e1bb8144789dc1995981/element/b475c944-6c6b-4a5b-b602-7d6dedf0b2ad/name HTTP/1.1
User-Agent: selenium/4.1.2 (java windows)
Cache-Control: no-cache
Content-Type: application/json; charset=utf-8
host: localhost:49939
accept: */*

Response DefaultHttpResponse(decodeResult: success, version: HTTP/1.1)
HTTP/1.1 200 OK
Content-Type: application/json; charset=utf-8
cache-control: no-cache
content-length: 18

23:24:53.230 [AsyncHttpClient-1-7] DEBUG org.asynchttpclient.netty.channel.ChannelManager - Adding key: http://localhost:49939 for channel [id: 0xbe751f61, L:/127.0.0.1:52349 - R:localhost/127.0.0.1:49939]
23:24:53.234 [Forwarding getElementTagName on session 56a17da33287e1bb8144789dc1995981 to remote] DEBUG org.asynchttpclient.netty.request.NettyRequestSender - Using pooled Channel '[id: 0xbe751f61, L:/127.0.0.1:52349 - R:localhost/127.0.0.1:49939]' for 'GET' to 'http://localhost:49939/session/56a17da33287e1bb8144789dc1995981/element/b475c944-6c6b-4a5b-b602-7d6dedf0b2ad/name'
23:24:53.235 [Forwarding getElementTagName on session 56a17da33287e1bb8144789dc1995981 to remote] DEBUG org.asynchttpclient.netty.request.NettyRequestSender - Using open Channel [id: 0xbe751f61, L:/127.0.0.1:52349 - R:localhost/127.0.0.1:49939] for GET '/session/56a17da33287e1bb8144789dc1995981/element/b475c944-6c6b-4a5b-b602-7d6dedf0b2ad/name'
23:24:53.287 [AsyncHttpClient-1-7] DEBUG org.asynchttpclient.netty.handler.HttpHandler - 

Request DefaultFullHttpRequest(decodeResult: success, version: HTTP/1.1, content: EmptyByteBufBE)
GET /session/56a17da33287e1bb8144789dc1995981/element/b475c944-6c6b-4a5b-b602-7d6dedf0b2ad/name HTTP/1.1
User-Agent: selenium/4.1.2 (java windows)
Cache-Control: no-cache
Content-Type: application/json; charset=utf-8
host: localhost:49939
accept: */*

Response DefaultHttpResponse(decodeResult: success, version: HTTP/1.1)
HTTP/1.1 200 OK
Content-Type: application/json; charset=utf-8
cache-control: no-cache
content-length: 18

23:24:53.287 [AsyncHttpClient-1-7] DEBUG org.asynchttpclient.netty.channel.ChannelManager - Adding key: http://localhost:49939 for channel [id: 0xbe751f61, L:/127.0.0.1:52349 - R:localhost/127.0.0.1:49939]
23:24:53.293 [Forwarding isElementEnabled on session 56a17da33287e1bb8144789dc1995981 to remote] DEBUG org.asynchttpclient.netty.request.NettyRequestSender - Using pooled Channel '[id: 0xbe751f61, L:/127.0.0.1:52349 - R:localhost/127.0.0.1:49939]' for 'GET' to 'http://localhost:49939/session/56a17da33287e1bb8144789dc1995981/element/b475c944-6c6b-4a5b-b602-7d6dedf0b2ad/enabled'
23:24:53.293 [Forwarding isElementEnabled on session 56a17da33287e1bb8144789dc1995981 to remote] DEBUG org.asynchttpclient.netty.request.NettyRequestSender - Using open Channel [id: 0xbe751f61, L:/127.0.0.1:52349 - R:localhost/127.0.0.1:49939] for GET '/session/56a17da33287e1bb8144789dc1995981/element/b475c944-6c6b-4a5b-b602-7d6dedf0b2ad/enabled'
23:24:53.347 [AsyncHttpClient-1-7] DEBUG org.asynchttpclient.netty.handler.HttpHandler - 

Request DefaultFullHttpRequest(decodeResult: success, version: HTTP/1.1, content: EmptyByteBufBE)
GET /session/56a17da33287e1bb8144789dc1995981/element/b475c944-6c6b-4a5b-b602-7d6dedf0b2ad/enabled HTTP/1.1
User-Agent: selenium/4.1.2 (java windows)
Cache-Control: no-cache
Content-Type: application/json; charset=utf-8
host: localhost:49939
accept: */*

Response DefaultHttpResponse(decodeResult: success, version: HTTP/1.1)
HTTP/1.1 200 OK
Content-Type: application/json; charset=utf-8
cache-control: no-cache
content-length: 14

23:24:53.348 [AsyncHttpClient-1-7] DEBUG org.asynchttpclient.netty.channel.ChannelManager - Adding key: http://localhost:49939 for channel [id: 0xbe751f61, L:/127.0.0.1:52349 - R:localhost/127.0.0.1:49939]
23:24:53.353 [Forwarding isElementEnabled on session 56a17da33287e1bb8144789dc1995981 to remote] DEBUG org.asynchttpclient.netty.request.NettyRequestSender - Using pooled Channel '[id: 0xbe751f61, L:/127.0.0.1:52349 - R:localhost/127.0.0.1:49939]' for 'GET' to 'http://localhost:49939/session/56a17da33287e1bb8144789dc1995981/element/b475c944-6c6b-4a5b-b602-7d6dedf0b2ad/enabled'
23:24:53.353 [Forwarding isElementEnabled on session 56a17da33287e1bb8144789dc1995981 to remote] DEBUG org.asynchttpclient.netty.request.NettyRequestSender - Using open Channel [id: 0xbe751f61, L:/127.0.0.1:52349 - R:localhost/127.0.0.1:49939] for GET '/session/56a17da33287e1bb8144789dc1995981/element/b475c944-6c6b-4a5b-b602-7d6dedf0b2ad/enabled'
23:24:53.361 [AsyncHttpClient-1-1] DEBUG org.asynchttpclient.netty.channel.DefaultChannelPool - Entry count for : http://localhost:52351 : 1
23:24:53.373 [AsyncHttpClient-1-7] DEBUG org.asynchttpclient.netty.handler.HttpHandler - 

Request DefaultFullHttpRequest(decodeResult: success, version: HTTP/1.1, content: EmptyByteBufBE)
GET /session/56a17da33287e1bb8144789dc1995981/element/b475c944-6c6b-4a5b-b602-7d6dedf0b2ad/enabled HTTP/1.1
User-Agent: selenium/4.1.2 (java windows)
Cache-Control: no-cache
Content-Type: application/json; charset=utf-8
host: localhost:49939
accept: */*

Response DefaultHttpResponse(decodeResult: success, version: HTTP/1.1)
HTTP/1.1 200 OK
Content-Type: application/json; charset=utf-8
cache-control: no-cache
content-length: 14

23:24:53.374 [AsyncHttpClient-1-7] DEBUG org.asynchttpclient.netty.channel.ChannelManager - Adding key: http://localhost:49939 for channel [id: 0xbe751f61, L:/127.0.0.1:52349 - R:localhost/127.0.0.1:49939]
23:24:53.379 [Forwarding findElement on session 56a17da33287e1bb8144789dc1995981 to remote] DEBUG org.asynchttpclient.netty.request.NettyRequestSender - Using pooled Channel '[id: 0xbe751f61, L:/127.0.0.1:52349 - R:localhost/127.0.0.1:49939]' for 'POST' to 'http://localhost:49939/session/56a17da33287e1bb8144789dc1995981/element'
23:24:53.379 [Forwarding findElement on session 56a17da33287e1bb8144789dc1995981 to remote] DEBUG org.asynchttpclient.netty.request.NettyRequestSender - Using open Channel [id: 0xbe751f61, L:/127.0.0.1:52349 - R:localhost/127.0.0.1:49939] for POST '/session/56a17da33287e1bb8144789dc1995981/element'
23:24:53.398 [AsyncHttpClient-1-7] DEBUG org.asynchttpclient.netty.handler.HttpHandler - 

Request DefaultHttpRequest(decodeResult: success, version: HTTP/1.1)
POST /session/56a17da33287e1bb8144789dc1995981/element HTTP/1.1
User-Agent: selenium/4.1.2 (java windows)
Content-Length: 155
Content-Type: application/json; charset=utf-8
host: localhost:49939
accept: */*

Response DefaultHttpResponse(decodeResult: success, version: HTTP/1.1)
HTTP/1.1 200 OK
Content-Type: application/json; charset=utf-8
cache-control: no-cache
content-length: 88

23:24:53.400 [AsyncHttpClient-1-7] DEBUG org.asynchttpclient.netty.channel.ChannelManager - Adding key: http://localhost:49939 for channel [id: 0xbe751f61, L:/127.0.0.1:52349 - R:localhost/127.0.0.1:49939]
23:24:53.403 [Forwarding clickElement on session 56a17da33287e1bb8144789dc1995981 to remote] DEBUG org.asynchttpclient.netty.request.NettyRequestSender - Using pooled Channel '[id: 0xbe751f61, L:/127.0.0.1:52349 - R:localhost/127.0.0.1:49939]' for 'POST' to 'http://localhost:49939/session/56a17da33287e1bb8144789dc1995981/element/b475c944-6c6b-4a5b-b602-7d6dedf0b2ad/click'
23:24:53.403 [Forwarding clickElement on session 56a17da33287e1bb8144789dc1995981 to remote] DEBUG org.asynchttpclient.netty.request.NettyRequestSender - Using open Channel [id: 0xbe751f61, L:/127.0.0.1:52349 - R:localhost/127.0.0.1:49939] for POST '/session/56a17da33287e1bb8144789dc1995981/element/b475c944-6c6b-4a5b-b602-7d6dedf0b2ad/click'
23:24:53.496 [AsyncHttpClient-1-7] DEBUG org.asynchttpclient.netty.handler.HttpHandler - 

Request DefaultHttpRequest(decodeResult: success, version: HTTP/1.1)
POST /session/56a17da33287e1bb8144789dc1995981/element/b475c944-6c6b-4a5b-b602-7d6dedf0b2ad/click HTTP/1.1
User-Agent: selenium/4.1.2 (java windows)
Content-Length: 50
Content-Type: application/json; charset=utf-8
host: localhost:49939
accept: */*

Response DefaultHttpResponse(decodeResult: success, version: HTTP/1.1)
HTTP/1.1 200 OK
Content-Type: application/json; charset=utf-8
cache-control: no-cache
content-length: 14

23:24:53.497 [AsyncHttpClient-1-7] DEBUG org.asynchttpclient.netty.channel.ChannelManager - Adding key: http://localhost:49939 for channel [id: 0xbe751f61, L:/127.0.0.1:52349 - R:localhost/127.0.0.1:49939]
23:24:53.508 [Forwarding screenshot on session 56a17da33287e1bb8144789dc1995981 to remote] DEBUG org.asynchttpclient.netty.request.NettyRequestSender - Using pooled Channel '[id: 0xbe751f61, L:/127.0.0.1:52349 - R:localhost/127.0.0.1:49939]' for 'GET' to 'http://localhost:49939/session/56a17da33287e1bb8144789dc1995981/screenshot'
23:24:53.508 [Forwarding screenshot on session 56a17da33287e1bb8144789dc1995981 to remote] DEBUG org.asynchttpclient.netty.request.NettyRequestSender - Using open Channel [id: 0xbe751f61, L:/127.0.0.1:52349 - R:localhost/127.0.0.1:49939] for GET '/session/56a17da33287e1bb8144789dc1995981/screenshot'
23:24:53.922 [AsyncHttpClient-1-7] DEBUG org.asynchttpclient.netty.handler.HttpHandler - 

Request DefaultFullHttpRequest(decodeResult: success, version: HTTP/1.1, content: EmptyByteBufBE)
GET /session/56a17da33287e1bb8144789dc1995981/screenshot HTTP/1.1
User-Agent: selenium/4.1.2 (java windows)
Cache-Control: no-cache
Content-Type: application/json; charset=utf-8
host: localhost:49939
accept: */*

Response DefaultHttpResponse(decodeResult: success, version: HTTP/1.1)
HTTP/1.1 200 OK
Content-Type: application/json; charset=utf-8
cache-control: no-cache
content-length: 55476

23:24:53.923 [AsyncHttpClient-1-7] DEBUG org.asynchttpclient.netty.channel.ChannelManager - Adding key: http://localhost:49939 for channel [id: 0xbe751f61, L:/127.0.0.1:52349 - R:localhost/127.0.0.1:49939]
23:24:53.926 [main] DEBUG net.serenitybdd.core.photography.Darkroom - Send negative for processing for target\site\serenity\97bd3ae9ed06f0e3197c71a16ba75a52610a512f22a6fed7a9aea896740608fd.png
23:24:53.926 [main] DEBUG net.thucydides.core.steps.StepInterceptor - STEP DONE: clickRegisterButton
  &amp#27;[32mAnd &amp#27;[0m&amp#27;[32mI click Register button&amp#27;[0m                      &amp#27;[90m# stepdefinitions.RegisterStep.iClickLoginButton()&amp#27;[0m
23:24:53.926 [Darkroom Processing Line] DEBUG net.serenitybdd.core.photography.DarkroomProcessingLine - Processing screenshot image in /var/screenshots/screenshot-4101453943834339879
23:24:53.927 [Darkroom Processing Line] DEBUG net.serenitybdd.core.photography.DarkroomProcessingLine - Saving screenshot to target\site\serenity\97bd3ae9ed06f0e3197c71a16ba75a52610a512f22a6fed7a9aea896740608fd.png
23:24:53.952 [main] DEBUG net.thucydides.core.steps.StepInterceptor - STARTING STEP: RegisterStep.iOnLoginPage - validateOnLoginPage
23:24:53.955 [Forwarding findElement on session 56a17da33287e1bb8144789dc1995981 to remote] DEBUG org.asynchttpclient.netty.request.NettyRequestSender - Using pooled Channel '[id: 0xbe751f61, L:/127.0.0.1:52349 - R:localhost/127.0.0.1:49939]' for 'POST' to 'http://localhost:49939/session/56a17da33287e1bb8144789dc1995981/element'
23:24:53.955 [Forwarding findElement on session 56a17da33287e1bb8144789dc1995981 to remote] DEBUG org.asynchttpclient.netty.request.NettyRequestSender - Using open Channel [id: 0xbe751f61, L:/127.0.0.1:52349 - R:localhost/127.0.0.1:49939] for POST '/session/56a17da33287e1bb8144789dc1995981/element'
23:24:53.973 [AsyncHttpClient-1-7] DEBUG org.asynchttpclient.netty.handler.HttpHandler - 

Request DefaultHttpRequest(decodeResult: success, version: HTTP/1.1)
POST /session/56a17da33287e1bb8144789dc1995981/element HTTP/1.1
User-Agent: selenium/4.1.2 (java windows)
Content-Length: 76
Content-Type: application/json; charset=utf-8
host: localhost:49939
accept: */*

Response DefaultHttpResponse(decodeResult: success, version: HTTP/1.1)
HTTP/1.1 200 OK
Content-Type: application/json; charset=utf-8
cache-control: no-cache
content-length: 88

23:24:53.973 [AsyncHttpClient-1-7] DEBUG org.asynchttpclient.netty.channel.ChannelManager - Adding key: http://localhost:49939 for channel [id: 0xbe751f61, L:/127.0.0.1:52349 - R:localhost/127.0.0.1:49939]
23:24:53.981 [Forwarding isElementDisplayed on session 56a17da33287e1bb8144789dc1995981 to remote] DEBUG org.asynchttpclient.netty.request.NettyRequestSender - Using pooled Channel '[id: 0xbe751f61, L:/127.0.0.1:52349 - R:localhost/127.0.0.1:49939]' for 'POST' to 'http://localhost:49939/session/56a17da33287e1bb8144789dc1995981/execute/sync'
23:24:53.983 [Forwarding isElementDisplayed on session 56a17da33287e1bb8144789dc1995981 to remote] DEBUG org.asynchttpclient.netty.request.NettyRequestSender - Using open Channel [id: 0xbe751f61, L:/127.0.0.1:52349 - R:localhost/127.0.0.1:49939] for POST '/session/56a17da33287e1bb8144789dc1995981/execute/sync'
23:24:54.005 [AsyncHttpClient-1-7] DEBUG org.asynchttpclient.netty.handler.HttpHandler - 

Request DefaultHttpRequest(decodeResult: success, version: HTTP/1.1)
POST /session/56a17da33287e1bb8144789dc1995981/execute/sync HTTP/1.1
User-Agent: selenium/4.1.2 (java windows)
Content-Length: 48780
Content-Type: application/json; charset=utf-8
host: localhost:49939
accept: */*

Response DefaultHttpResponse(decodeResult: success, version: HTTP/1.1)
HTTP/1.1 200 OK
Content-Type: application/json; charset=utf-8
cache-control: no-cache
content-length: 14

23:24:54.006 [AsyncHttpClient-1-7] DEBUG org.asynchttpclient.netty.channel.ChannelManager - Adding key: http://localhost:49939 for channel [id: 0xbe751f61, L:/127.0.0.1:52349 - R:localhost/127.0.0.1:49939]
23:24:54.012 [Forwarding screenshot on session 56a17da33287e1bb8144789dc1995981 to remote] DEBUG org.asynchttpclient.netty.request.NettyRequestSender - Using pooled Channel '[id: 0xbe751f61, L:/127.0.0.1:52349 - R:localhost/127.0.0.1:49939]' for 'GET' to 'http://localhost:49939/session/56a17da33287e1bb8144789dc1995981/screenshot'
23:24:54.012 [Forwarding screenshot on session 56a17da33287e1bb8144789dc1995981 to remote] DEBUG org.asynchttpclient.netty.request.NettyRequestSender - Using open Channel [id: 0xbe751f61, L:/127.0.0.1:52349 - R:localhost/127.0.0.1:49939] for GET '/session/56a17da33287e1bb8144789dc1995981/screenshot'
23:24:54.243 [AsyncHttpClient-1-7] DEBUG org.asynchttpclient.netty.handler.HttpHandler - 

Request DefaultFullHttpRequest(decodeResult: success, version: HTTP/1.1, content: EmptyByteBufBE)
GET /session/56a17da33287e1bb8144789dc1995981/screenshot HTTP/1.1
User-Agent: selenium/4.1.2 (java windows)
Cache-Control: no-cache
Content-Type: application/json; charset=utf-8
host: localhost:49939
accept: */*

Response DefaultHttpResponse(decodeResult: success, version: HTTP/1.1)
HTTP/1.1 200 OK
Content-Type: application/json; charset=utf-8
cache-control: no-cache
content-length: 54492

23:24:54.245 [AsyncHttpClient-1-7] DEBUG org.asynchttpclient.netty.channel.ChannelManager - Adding key: http://localhost:49939 for channel [id: 0xbe751f61, L:/127.0.0.1:52349 - R:localhost/127.0.0.1:49939]
23:24:54.254 [main] DEBUG net.serenitybdd.core.photography.Darkroom - Send negative for processing for target\site\serenity\40e40544a1fbf0d00372bfaa4cee684c8b6da9ce4891ada455ffa3713ea8b06f.png
23:24:54.255 [main] DEBUG net.thucydides.core.steps.StepInterceptor - STEP DONE: validateOnLoginPage
  &amp#27;[32mThen &amp#27;[0m&amp#27;[32mI on Login Page&amp#27;[0m                             &amp#27;[90m# stepdefinitions.RegisterStep.iOnLoginPage()&amp#27;[0m
23:24:54.255 [Darkroom Processing Line] DEBUG net.serenitybdd.core.photography.DarkroomProcessingLine - Processing screenshot image in /var/screenshots/screenshot-10369270454907727636
23:24:54.256 [Darkroom Processing Line] DEBUG net.serenitybdd.core.photography.DarkroomProcessingLine - Saving screenshot to target\site\serenity\40e40544a1fbf0d00372bfaa4cee684c8b6da9ce4891ada455ffa3713ea8b06f.png
23:24:54.266 [main] INFO  - 
  _____   ___   ___   _____     ___     _     ___   ___   ___   ___  
 |_   _| | __| / __| |_   _|   | _ \   /_\   / __| / __| | __| |   \ 
   | |   | _|  \__ \   | |     |  _/  / _ \  \__ \ \__ \ | _|  | |) |
   |_|   |___| |___/   |_|     |_|   /_/ \_\ |___/ |___/ |___| |___/ 

As a user, i have able to create account
----------------------------------------------------------------------
23:24:54.268 [AsyncHttpClient-1-9] DEBUG org.asynchttpclient.netty.handler.WebSocketHandler - Channel Closed: [id: 0xee8e039d, L:/127.0.0.1:52359 ! R:localhost/127.0.0.1:52351] with attribute NettyResponseFuture{currentRetry=5,
	isDone=1,
	isCancelled=0,
	asyncHandler=org.asynchttpclient.ws.WebSocketUpgradeHandler@2c50e281,
	nettyRequest=org.asynchttpclient.netty.request.NettyRequest@72c67b77,
	future=java.util.concurrent.CompletableFuture@372355e8[Completed normally],
	uri=ws://localhost:52351/devtools/browser/6238b7c0-0d86-44e9-b310-07319c08d7a6,
	keepAlive=true,
	redirectCount=0,
	timeoutsHolder=null,
	inAuth=0,
	touch=1652631888172}
23:24:54.269 [AsyncHttpClient-1-9] DEBUG org.asynchttpclient.netty.channel.ChannelManager - Closing Channel [id: 0xee8e039d, L:/127.0.0.1:52359 ! R:localhost/127.0.0.1:52351] 
23:24:54.271 [Driver Command Executor] DEBUG org.asynchttpclient.netty.request.NettyRequestSender - Using pooled Channel '[id: 0xbe751f61, L:/127.0.0.1:52349 - R:localhost/127.0.0.1:49939]' for 'DELETE' to 'http://localhost:49939/session/56a17da33287e1bb8144789dc1995981'
23:24:54.271 [Driver Command Executor] DEBUG org.asynchttpclient.netty.request.NettyRequestSender - Using open Channel [id: 0xbe751f61, L:/127.0.0.1:52349 - R:localhost/127.0.0.1:49939] for DELETE '/session/56a17da33287e1bb8144789dc1995981'
23:24:54.436 [AsyncHttpClient-1-8] DEBUG org.asynchttpclient.netty.handler.HttpHandler - Unexpected I/O exception on channel [id: 0x7033d834, L:/127.0.0.1:52358 - R:localhost/127.0.0.1:52351]
java.io.IOException: An existing connection was forcibly closed by the remote host
	at java.base/sun.nio.ch.SocketDispatcher.read0(Native Method)
	at java.base/sun.nio.ch.SocketDispatcher.read(SocketDispatcher.java:43)
	at java.base/sun.nio.ch.IOUtil.readIntoNativeBuffer(IOUtil.java:276)
	at java.base/sun.nio.ch.IOUtil.read(IOUtil.java:233)
	at java.base/sun.nio.ch.IOUtil.read(IOUtil.java:223)
	at java.base/sun.nio.ch.SocketChannelImpl.read(SocketChannelImpl.java:358)
	at io.netty.buffer.PooledByteBuf.setBytes(PooledByteBuf.java:258)
	at io.netty.buffer.AbstractByteBuf.writeBytes(AbstractByteBuf.java:1132)
	at io.netty.channel.socket.nio.NioSocketChannel.doReadBytes(NioSocketChannel.java:350)
	at io.netty.channel.nio.AbstractNioByteChannel$NioByteUnsafe.read(AbstractNioByteChannel.java:151)
	at io.netty.channel.nio.NioEventLoop.processSelectedKey(NioEventLoop.java:722)
	at io.netty.channel.nio.NioEventLoop.processSelectedKeysOptimized(NioEventLoop.java:658)
	at io.netty.channel.nio.NioEventLoop.processSelectedKeys(NioEventLoop.java:584)
	at io.netty.channel.nio.NioEventLoop.run(NioEventLoop.java:496)
	at io.netty.util.concurrent.SingleThreadEventExecutor$4.run(SingleThreadEventExecutor.java:986)
	at io.netty.util.internal.ThreadExecutorMap$2.run(ThreadExecutorMap.java:74)
	at io.netty.util.concurrent.FastThreadLocalRunnable.run(FastThreadLocalRunnable.java:30)
	at java.base/java.lang.Thread.run(Thread.java:834)
23:24:54.436 [AsyncHttpClient-1-8] DEBUG org.asynchttpclient.netty.channel.ChannelManager - Closing Channel [id: 0x7033d834, L:/127.0.0.1:52358 - R:localhost/127.0.0.1:52351] 
23:24:54.437 [AsyncHttpClient-1-8] DEBUG org.asynchttpclient.netty.handler.HttpHandler - Channel Closed: [id: 0x7033d834, L:/127.0.0.1:52358 ! R:localhost/127.0.0.1:52351] with attribute DISCARD
23:24:54.461 [AsyncHttpClient-1-1] DEBUG org.asynchttpclient.netty.channel.DefaultChannelPool - Entry count for : http://localhost:52351 : 1
23:24:54.461 [AsyncHttpClient-1-1] DEBUG org.asynchttpclient.netty.channel.DefaultChannelPool - Adding Candidate expired Channel [id: 0x7033d834, L:/127.0.0.1:52358 ! R:localhost/127.0.0.1:52351] isIdleTimeoutExpired=false isRemotelyClosed=true isTtlExpired=false
23:24:54.461 [AsyncHttpClient-1-1] DEBUG org.asynchttpclient.netty.channel.DefaultChannelPool - Closing Idle Channel [id: 0x7033d834, L:/127.0.0.1:52358 ! R:localhost/127.0.0.1:52351]
23:24:54.462 [AsyncHttpClient-1-1] DEBUG org.asynchttpclient.netty.channel.DefaultChannelPool - Closed 1 connections out of 1 in 1 ms
23:24:54.479 [AsyncHttpClient-1-7] DEBUG org.asynchttpclient.netty.handler.HttpHandler - 

Request DefaultFullHttpRequest(decodeResult: success, version: HTTP/1.1, content: EmptyByteBufBE)
DELETE /session/56a17da33287e1bb8144789dc1995981 HTTP/1.1
User-Agent: selenium/4.1.2 (java windows)
Content-Type: application/json; charset=utf-8
host: localhost:49939
accept: */*

Response DefaultHttpResponse(decodeResult: success, version: HTTP/1.1)
HTTP/1.1 200 OK
Content-Type: application/json; charset=utf-8
cache-control: no-cache
content-length: 14

23:24:54.479 [AsyncHttpClient-1-7] DEBUG org.asynchttpclient.netty.channel.ChannelManager - Adding key: http://localhost:49939 for channel [id: 0xbe751f61, L:/127.0.0.1:52349 - R:localhost/127.0.0.1:49939]
23:24:54.754 [AsyncHttpClient-1-7] DEBUG org.asynchttpclient.netty.handler.HttpHandler - Channel Closed: [id: 0xbe751f61, L:/127.0.0.1:52349 ! R:localhost/127.0.0.1:49939] with attribute DISCARD
]]></system-out>
    <system-err><![CDATA[Starting ChromeDriver 101.0.4951.41 (93c720db8323b3ec10d056025ab95c23a31997c9-refs/branch-heads/4951@{#904}) on port 49939
Only local connections are allowed.
Please see https://chromedriver.chromium.org/security-considerations for suggestions on keeping ChromeDriver safe.
ChromeDriver was started successfully.
May 15, 2022 11:24:48 PM org.openqa.selenium.remote.ProtocolHandshake createSession
INFO: Detected dialect: W3C
May 15, 2022 11:24:48 PM org.openqa.selenium.devtools.CdpVersionFinder findNearestMatch
WARNING: Unable to find an exact match for CDP version 101, so returning the closest version found: 97
May 15, 2022 11:24:48 PM org.openqa.selenium.devtools.CdpVersionFinder findNearestMatch
INFO: Found CDP implementation for version 101 of 97
]]></system-err>
  </testcase>
  <testcase name="As a user, i have not able to create account" classname="Register #1" time="8.292">
    <system-out><![CDATA[
Scenario: As a user, i have not able to create account &amp#27;[90m# src/test/resources/features/Register.feature:11&amp#27;[0m
23:24:55.315 [main] INFO io.cucumber.core.plugin.SerenityReporter - Running feature from file:///D:/Mini%20Project-QE%20Alta/Web%20Automation/FrontEnd-AltaShop/src/test/resources/features/Register.feature
23:24:55.322 [main] INFO  - 
  _____   ___   ___   _____     ___   _____     _     ___   _____   ___   ___  
 |_   _| | __| / __| |_   _|   / __| |_   _|   /_\   | _ \ |_   _| | __| |   \ 
   | |   | _|  \__ \   | |     \__ \   | |    / _ \  |   /   | |   | _|  | |) |
   |_|   |___| |___/   |_|     |___/   |_|   /_/ \_\ |_|_\   |_|   |___| |___/ 

As a user, i have not able to create account(register;as-a-user--i-have-not-able-to-create-account)
--------------------------------------------------------------------------------
23:24:55.376 [main] DEBUG net.thucydides.core.steps.StepInterceptor - STARTING STEP: RegisterStep.iAmOnRegisterPage - onRegisterPage
23:24:55.378 [main] INFO net.serenitybdd.core.webdriver.driverproviders.ChromeDriverProvider - Using automatically driver download
23:24:55.561 [AsyncHttpClient-1-1] DEBUG org.asynchttpclient.netty.channel.DefaultChannelPool - Entry count for : http://localhost:49939 : 1
23:24:55.561 [AsyncHttpClient-1-1] DEBUG org.asynchttpclient.netty.channel.DefaultChannelPool - Adding Candidate expired Channel [id: 0xbe751f61, L:/127.0.0.1:52349 ! R:localhost/127.0.0.1:49939] isIdleTimeoutExpired=false isRemotelyClosed=true isTtlExpired=false
23:24:55.561 [AsyncHttpClient-1-1] DEBUG org.asynchttpclient.netty.channel.DefaultChannelPool - Closing Idle Channel [id: 0xbe751f61, L:/127.0.0.1:52349 ! R:localhost/127.0.0.1:49939]
23:24:55.561 [AsyncHttpClient-1-1] DEBUG org.asynchttpclient.netty.channel.DefaultChannelPool - Closed 1 connections out of 1 in 0 ms
23:24:55.641 [main] DEBUG io.github.bonigarcia.wdm.cache.ResolutionCache - Resolution chrome=101 in cache (valid until 00:21:44 16/05/2022 ICT)
23:24:55.648 [main] DEBUG io.github.bonigarcia.wdm.cache.ResolutionCache - Resolution chrome101=101.0.4951.41 in cache (valid until 22:21:42 16/05/2022 ICT)
23:24:55.651 [main] INFO io.github.bonigarcia.wdm.WebDriverManager - Using chromedriver 101.0.4951.41 (resolved driver for Chrome 101)
23:24:55.671 [main] DEBUG io.github.bonigarcia.wdm.WebDriverManager - Driver chromedriver 101.0.4951.41 found in cache
23:24:55.672 [main] INFO io.github.bonigarcia.wdm.WebDriverManager - Exporting webdriver.chrome.driver as C:\Users\Siti Nurlatipah\.cache\selenium\chromedriver\win32\101.0.4951.41\chromedriver.exe
23:24:55.849 [main] DEBUG net.serenitybdd.core.webdriver.driverproviders.ProvideNewDriver - Instantiating driver
23:24:55.849 [main] DEBUG net.serenitybdd.core.webdriver.driverproviders.ProvideNewDriver - Driver capabilities: Capabilities {acceptInsecureCerts: false, base.url: https://qa.alta.id, browserName: chrome, chrome.driver: src/test/resources/webdrive..., driver: chrome, goog:chromeOptions: {args: [], extensions: []}}
23:24:56.408 [AsyncHttpClient-1-2] DEBUG org.asynchttpclient.netty.channel.NettyConnectListener - Using new Channel '[id: 0x48238371, L:/127.0.0.1:52378 - R:localhost/127.0.0.1:51772]' for 'POST' to '/session'
23:24:57.805 [AsyncHttpClient-1-2] DEBUG org.asynchttpclient.netty.handler.HttpHandler - 

Request DefaultHttpRequest(decodeResult: success, version: HTTP/1.1)
POST /session HTTP/1.1
User-Agent: selenium/4.1.2 (java windows)
Content-Length: 595
Content-Type: application/json; charset=utf-8
host: localhost:51772
accept: */*

Response DefaultHttpResponse(decodeResult: success, version: HTTP/1.1)
HTTP/1.1 200 OK
Content-Type: application/json; charset=utf-8
cache-control: no-cache
content-length: 792

23:24:57.806 [AsyncHttpClient-1-2] DEBUG org.asynchttpclient.netty.channel.ChannelManager - Adding key: http://localhost:51772 for channel [id: 0x48238371, L:/127.0.0.1:52378 - R:localhost/127.0.0.1:51772]
23:24:57.827 [AsyncHttpClient-1-3] DEBUG org.asynchttpclient.netty.channel.NettyConnectListener - Using new Channel '[id: 0x671a78d1, L:/127.0.0.1:52386 - R:localhost/127.0.0.1:52379]' for 'GET' to '/json/version'
23:24:57.828 [AsyncHttpClient-1-3] DEBUG org.asynchttpclient.netty.handler.HttpHandler - 

Request DefaultFullHttpRequest(decodeResult: success, version: HTTP/1.1, content: EmptyByteBufBE)
GET /json/version HTTP/1.1
User-Agent: selenium/4.1.2 (java windows)
host: localhost:52379
accept: */*

Response DefaultHttpResponse(decodeResult: success, version: HTTP/1.1)
HTTP/1.1 200 OK
Content-Type: application/json; charset=UTF-8
content-length: 427

23:24:57.829 [AsyncHttpClient-1-3] DEBUG org.asynchttpclient.netty.channel.ChannelManager - Adding key: http://localhost:52379 for channel [id: 0x671a78d1, L:/127.0.0.1:52386 - R:localhost/127.0.0.1:52379]
23:24:57.836 [AsyncHttpClient-1-4] DEBUG org.asynchttpclient.netty.channel.NettyConnectListener - Using new Channel '[id: 0x369ddefa, L:/127.0.0.1:52387 - R:localhost/127.0.0.1:52379]' for 'GET' to '/devtools/browser/e95e25ac-33ea-4f79-9819-9afcbc02375f'
23:24:57.838 [AsyncHttpClient-1-4] DEBUG org.asynchttpclient.netty.handler.WebSocketHandler - 

Request DefaultFullHttpRequest(decodeResult: success, version: HTTP/1.1, content: EmptyByteBufBE)
GET /devtools/browser/e95e25ac-33ea-4f79-9819-9afcbc02375f HTTP/1.1
upgrade: websocket
connection: upgrade
sec-websocket-key: YS6l1AlXi1YhqpKvcurA7A==
sec-websocket-version: 13
origin: http://localhost:52379
host: localhost:52379
accept: */*
user-agent: AHC/2.1

Response DefaultHttpResponse(decodeResult: success, version: HTTP/1.1)
HTTP/1.1 101 WebSocket Protocol Handshake
Upgrade: WebSocket
Connection: Upgrade
Sec-WebSocket-Accept: UI9ykY8cKVtptdK/YA1qFysqYBo=

23:24:57.846 [Forwarding get on session 9dbb9c8e3905ff2d47d09bd8fab5d55f to remote] DEBUG org.asynchttpclient.netty.request.NettyRequestSender - Using pooled Channel '[id: 0x48238371, L:/127.0.0.1:52378 - R:localhost/127.0.0.1:51772]' for 'POST' to 'http://localhost:51772/session/9dbb9c8e3905ff2d47d09bd8fab5d55f/url'
23:24:57.847 [Forwarding get on session 9dbb9c8e3905ff2d47d09bd8fab5d55f to remote] DEBUG org.asynchttpclient.netty.request.NettyRequestSender - Using open Channel [id: 0x48238371, L:/127.0.0.1:52378 - R:localhost/127.0.0.1:51772] for POST '/session/9dbb9c8e3905ff2d47d09bd8fab5d55f/url'
23:24:58.857 [AsyncHttpClient-1-1] DEBUG org.asynchttpclient.netty.channel.DefaultChannelPool - Entry count for : http://localhost:52379 : 1
23:24:59.879 [AsyncHttpClient-1-2] DEBUG org.asynchttpclient.netty.handler.HttpHandler - 

Request DefaultHttpRequest(decodeResult: success, version: HTTP/1.1)
POST /session/9dbb9c8e3905ff2d47d09bd8fab5d55f/url HTTP/1.1
User-Agent: selenium/4.1.2 (java windows)
Content-Length: 67
Content-Type: application/json; charset=utf-8
host: localhost:51772
accept: */*

Response DefaultHttpResponse(decodeResult: success, version: HTTP/1.1)
HTTP/1.1 200 OK
Content-Type: application/json; charset=utf-8
cache-control: no-cache
content-length: 14

23:24:59.879 [AsyncHttpClient-1-2] DEBUG org.asynchttpclient.netty.channel.ChannelManager - Adding key: http://localhost:51772 for channel [id: 0x48238371, L:/127.0.0.1:52378 - R:localhost/127.0.0.1:51772]
23:24:59.882 [Forwarding setTimeout on session 9dbb9c8e3905ff2d47d09bd8fab5d55f to remote] DEBUG org.asynchttpclient.netty.request.NettyRequestSender - Using pooled Channel '[id: 0x48238371, L:/127.0.0.1:52378 - R:localhost/127.0.0.1:51772]' for 'POST' to 'http://localhost:51772/session/9dbb9c8e3905ff2d47d09bd8fab5d55f/timeouts'
23:24:59.882 [Forwarding setTimeout on session 9dbb9c8e3905ff2d47d09bd8fab5d55f to remote] DEBUG org.asynchttpclient.netty.request.NettyRequestSender - Using open Channel [id: 0x48238371, L:/127.0.0.1:52378 - R:localhost/127.0.0.1:51772] for POST '/session/9dbb9c8e3905ff2d47d09bd8fab5d55f/timeouts'
23:24:59.884 [AsyncHttpClient-1-2] DEBUG org.asynchttpclient.netty.handler.HttpHandler - 

Request DefaultHttpRequest(decodeResult: success, version: HTTP/1.1)
POST /session/9dbb9c8e3905ff2d47d09bd8fab5d55f/timeouts HTTP/1.1
User-Agent: selenium/4.1.2 (java windows)
Content-Length: 22
Content-Type: application/json; charset=utf-8
host: localhost:51772
accept: */*

Response DefaultHttpResponse(decodeResult: success, version: HTTP/1.1)
HTTP/1.1 200 OK
Content-Type: application/json; charset=utf-8
cache-control: no-cache
content-length: 14

23:24:59.884 [AsyncHttpClient-1-2] DEBUG org.asynchttpclient.netty.channel.ChannelManager - Adding key: http://localhost:51772 for channel [id: 0x48238371, L:/127.0.0.1:52378 - R:localhost/127.0.0.1:51772]
23:24:59.894 [Forwarding getCurrentUrl on session 9dbb9c8e3905ff2d47d09bd8fab5d55f to remote] DEBUG org.asynchttpclient.netty.request.NettyRequestSender - Using pooled Channel '[id: 0x48238371, L:/127.0.0.1:52378 - R:localhost/127.0.0.1:51772]' for 'GET' to 'http://localhost:51772/session/9dbb9c8e3905ff2d47d09bd8fab5d55f/url'
23:24:59.894 [Forwarding getCurrentUrl on session 9dbb9c8e3905ff2d47d09bd8fab5d55f to remote] DEBUG org.asynchttpclient.netty.request.NettyRequestSender - Using open Channel [id: 0x48238371, L:/127.0.0.1:52378 - R:localhost/127.0.0.1:51772] for GET '/session/9dbb9c8e3905ff2d47d09bd8fab5d55f/url'
23:24:59.901 [AsyncHttpClient-1-2] DEBUG org.asynchttpclient.netty.handler.HttpHandler - 

Request DefaultFullHttpRequest(decodeResult: success, version: HTTP/1.1, content: EmptyByteBufBE)
GET /session/9dbb9c8e3905ff2d47d09bd8fab5d55f/url HTTP/1.1
User-Agent: selenium/4.1.2 (java windows)
Cache-Control: no-cache
Content-Type: application/json; charset=utf-8
host: localhost:51772
accept: */*

Response DefaultHttpResponse(decodeResult: success, version: HTTP/1.1)
HTTP/1.1 200 OK
Content-Type: application/json; charset=utf-8
cache-control: no-cache
content-length: 44

23:24:59.901 [AsyncHttpClient-1-2] DEBUG org.asynchttpclient.netty.channel.ChannelManager - Adding key: http://localhost:51772 for channel [id: 0x48238371, L:/127.0.0.1:52378 - R:localhost/127.0.0.1:51772]
23:24:59.909 [Forwarding screenshot on session 9dbb9c8e3905ff2d47d09bd8fab5d55f to remote] DEBUG org.asynchttpclient.netty.request.NettyRequestSender - Using pooled Channel '[id: 0x48238371, L:/127.0.0.1:52378 - R:localhost/127.0.0.1:51772]' for 'GET' to 'http://localhost:51772/session/9dbb9c8e3905ff2d47d09bd8fab5d55f/screenshot'
23:24:59.909 [Forwarding screenshot on session 9dbb9c8e3905ff2d47d09bd8fab5d55f to remote] DEBUG org.asynchttpclient.netty.request.NettyRequestSender - Using open Channel [id: 0x48238371, L:/127.0.0.1:52378 - R:localhost/127.0.0.1:51772] for GET '/session/9dbb9c8e3905ff2d47d09bd8fab5d55f/screenshot'
23:24:59.957 [AsyncHttpClient-1-1] DEBUG org.asynchttpclient.netty.channel.DefaultChannelPool - Entry count for : http://localhost:52379 : 1
23:25:00.263 [AsyncHttpClient-1-2] DEBUG org.asynchttpclient.netty.handler.HttpHandler - 

Request DefaultFullHttpRequest(decodeResult: success, version: HTTP/1.1, content: EmptyByteBufBE)
GET /session/9dbb9c8e3905ff2d47d09bd8fab5d55f/screenshot HTTP/1.1
User-Agent: selenium/4.1.2 (java windows)
Cache-Control: no-cache
Content-Type: application/json; charset=utf-8
host: localhost:51772
accept: */*

Response DefaultHttpResponse(decodeResult: success, version: HTTP/1.1)
HTTP/1.1 200 OK
Content-Type: application/json; charset=utf-8
cache-control: no-cache
content-length: 44712

23:25:00.264 [AsyncHttpClient-1-2] DEBUG org.asynchttpclient.netty.channel.ChannelManager - Adding key: http://localhost:51772 for channel [id: 0x48238371, L:/127.0.0.1:52378 - R:localhost/127.0.0.1:51772]
23:25:00.266 [main] DEBUG net.serenitybdd.core.photography.Darkroom - Send negative for processing for target\site\serenity\b18e5dcf050d11939d512b8933f6a7168379a6ec4814ca22a3d682d25cb26be5.png
23:25:00.266 [main] DEBUG net.thucydides.core.steps.StepInterceptor - STEP DONE: onRegisterPage
  &amp#27;[32mGiven &amp#27;[0m&amp#27;[32m&amp#27;[0m&amp#27;[32m&amp#27;[1mI&amp#27;[0m&amp#27;[32m am on register page&amp#27;[0m                          &amp#27;[90m# stepdefinitions.RegisterStep.iAmOnRegisterPage(java.lang.String)&amp#27;[0m
23:25:00.288 [main] DEBUG net.thucydides.core.steps.StepInterceptor - STARTING STEP: RegisterStep.iTypeMyFullname - typeFullname
23:25:00.297 [Forwarding findElement on session 9dbb9c8e3905ff2d47d09bd8fab5d55f to remote] DEBUG org.asynchttpclient.netty.request.NettyRequestSender - Using pooled Channel '[id: 0x48238371, L:/127.0.0.1:52378 - R:localhost/127.0.0.1:51772]' for 'POST' to 'http://localhost:51772/session/9dbb9c8e3905ff2d47d09bd8fab5d55f/element'
23:25:00.297 [Forwarding findElement on session 9dbb9c8e3905ff2d47d09bd8fab5d55f to remote] DEBUG org.asynchttpclient.netty.request.NettyRequestSender - Using open Channel [id: 0x48238371, L:/127.0.0.1:52378 - R:localhost/127.0.0.1:51772] for POST '/session/9dbb9c8e3905ff2d47d09bd8fab5d55f/element'
23:25:00.325 [AsyncHttpClient-1-2] DEBUG org.asynchttpclient.netty.handler.HttpHandler - 

Request DefaultHttpRequest(decodeResult: success, version: HTTP/1.1)
POST /session/9dbb9c8e3905ff2d47d09bd8fab5d55f/element HTTP/1.1
User-Agent: selenium/4.1.2 (java windows)
Content-Length: 91
Content-Type: application/json; charset=utf-8
host: localhost:51772
accept: */*

Response DefaultHttpResponse(decodeResult: success, version: HTTP/1.1)
HTTP/1.1 200 OK
Content-Type: application/json; charset=utf-8
cache-control: no-cache
content-length: 88

23:25:00.325 [AsyncHttpClient-1-2] DEBUG org.asynchttpclient.netty.channel.ChannelManager - Adding key: http://localhost:51772 for channel [id: 0x48238371, L:/127.0.0.1:52378 - R:localhost/127.0.0.1:51772]
23:25:00.329 [Forwarding sendKeysToElement on session 9dbb9c8e3905ff2d47d09bd8fab5d55f to remote] DEBUG org.asynchttpclient.netty.request.NettyRequestSender - Using pooled Channel '[id: 0x48238371, L:/127.0.0.1:52378 - R:localhost/127.0.0.1:51772]' for 'POST' to 'http://localhost:51772/session/9dbb9c8e3905ff2d47d09bd8fab5d55f/element/078c9a13-26c8-4df4-9ce1-ecefb9cefd80/value'
23:25:00.329 [Forwarding sendKeysToElement on session 9dbb9c8e3905ff2d47d09bd8fab5d55f to remote] DEBUG org.asynchttpclient.netty.request.NettyRequestSender - Using open Channel [id: 0x48238371, L:/127.0.0.1:52378 - R:localhost/127.0.0.1:51772] for POST '/session/9dbb9c8e3905ff2d47d09bd8fab5d55f/element/078c9a13-26c8-4df4-9ce1-ecefb9cefd80/value'
23:25:00.523 [AsyncHttpClient-1-2] DEBUG org.asynchttpclient.netty.handler.HttpHandler - 

Request DefaultHttpRequest(decodeResult: success, version: HTTP/1.1)
POST /session/9dbb9c8e3905ff2d47d09bd8fab5d55f/element/078c9a13-26c8-4df4-9ce1-ecefb9cefd80/value HTTP/1.1
User-Agent: selenium/4.1.2 (java windows)
Content-Length: 141
Content-Type: application/json; charset=utf-8
host: localhost:51772
accept: */*

Response DefaultHttpResponse(decodeResult: success, version: HTTP/1.1)
HTTP/1.1 200 OK
Content-Type: application/json; charset=utf-8
cache-control: no-cache
content-length: 14

23:25:00.523 [AsyncHttpClient-1-2] DEBUG org.asynchttpclient.netty.channel.ChannelManager - Adding key: http://localhost:51772 for channel [id: 0x48238371, L:/127.0.0.1:52378 - R:localhost/127.0.0.1:51772]
23:25:00.529 [Forwarding screenshot on session 9dbb9c8e3905ff2d47d09bd8fab5d55f to remote] DEBUG org.asynchttpclient.netty.request.NettyRequestSender - Using pooled Channel '[id: 0x48238371, L:/127.0.0.1:52378 - R:localhost/127.0.0.1:51772]' for 'GET' to 'http://localhost:51772/session/9dbb9c8e3905ff2d47d09bd8fab5d55f/screenshot'
23:25:00.529 [Forwarding screenshot on session 9dbb9c8e3905ff2d47d09bd8fab5d55f to remote] DEBUG org.asynchttpclient.netty.request.NettyRequestSender - Using open Channel [id: 0x48238371, L:/127.0.0.1:52378 - R:localhost/127.0.0.1:51772] for GET '/session/9dbb9c8e3905ff2d47d09bd8fab5d55f/screenshot'
23:25:00.827 [AsyncHttpClient-1-2] DEBUG org.asynchttpclient.netty.handler.HttpHandler - 

Request DefaultFullHttpRequest(decodeResult: success, version: HTTP/1.1, content: EmptyByteBufBE)
GET /session/9dbb9c8e3905ff2d47d09bd8fab5d55f/screenshot HTTP/1.1
User-Agent: selenium/4.1.2 (java windows)
Cache-Control: no-cache
Content-Type: application/json; charset=utf-8
host: localhost:51772
accept: */*

Response DefaultHttpResponse(decodeResult: success, version: HTTP/1.1)
HTTP/1.1 200 OK
Content-Type: application/json; charset=utf-8
cache-control: no-cache
content-length: 47508

23:25:00.828 [AsyncHttpClient-1-2] DEBUG org.asynchttpclient.netty.channel.ChannelManager - Adding key: http://localhost:51772 for channel [id: 0x48238371, L:/127.0.0.1:52378 - R:localhost/127.0.0.1:51772]
23:25:00.830 [main] DEBUG net.serenitybdd.core.photography.Darkroom - Send negative for processing for target\site\serenity\6283abea165ff46137b7f3402f7876c7d806615876bd4b9138e5f49029ddcda6.png
23:25:00.830 [main] DEBUG net.thucydides.core.steps.StepInterceptor - STEP DONE: typeFullname
  &amp#27;[32mWhen &amp#27;[0m&amp#27;[32mI type My fullname &amp#27;[0m&amp#27;[32m&amp#27;[1mAisyah&amp#27;[0m                       &amp#27;[90m# stepdefinitions.RegisterStep.iTypeMyFullname(java.lang.String)&amp#27;[0m
23:25:00.833 [Darkroom Processing Line] DEBUG net.serenitybdd.core.photography.DarkroomProcessingLine - Processing screenshot image in /var/screenshots/screenshot-4927122885194855522
23:25:00.833 [Darkroom Processing Line] DEBUG net.serenitybdd.core.photography.DarkroomProcessingLine - Saving screenshot to target\site\serenity\6283abea165ff46137b7f3402f7876c7d806615876bd4b9138e5f49029ddcda6.png
23:25:00.855 [main] DEBUG net.thucydides.core.steps.StepInterceptor - STARTING STEP: RegisterStep.iTypeMyPassword - typePassword
23:25:00.857 [Forwarding findElement on session 9dbb9c8e3905ff2d47d09bd8fab5d55f to remote] DEBUG org.asynchttpclient.netty.request.NettyRequestSender - Using pooled Channel '[id: 0x48238371, L:/127.0.0.1:52378 - R:localhost/127.0.0.1:51772]' for 'POST' to 'http://localhost:51772/session/9dbb9c8e3905ff2d47d09bd8fab5d55f/element'
23:25:00.857 [Forwarding findElement on session 9dbb9c8e3905ff2d47d09bd8fab5d55f to remote] DEBUG org.asynchttpclient.netty.request.NettyRequestSender - Using open Channel [id: 0x48238371, L:/127.0.0.1:52378 - R:localhost/127.0.0.1:51772] for POST '/session/9dbb9c8e3905ff2d47d09bd8fab5d55f/element'
23:25:00.875 [AsyncHttpClient-1-2] DEBUG org.asynchttpclient.netty.handler.HttpHandler - 

Request DefaultHttpRequest(decodeResult: success, version: HTTP/1.1)
POST /session/9dbb9c8e3905ff2d47d09bd8fab5d55f/element HTTP/1.1
User-Agent: selenium/4.1.2 (java windows)
Content-Length: 87
Content-Type: application/json; charset=utf-8
host: localhost:51772
accept: */*

Response DefaultHttpResponse(decodeResult: success, version: HTTP/1.1)
HTTP/1.1 200 OK
Content-Type: application/json; charset=utf-8
cache-control: no-cache
content-length: 88

23:25:00.875 [AsyncHttpClient-1-2] DEBUG org.asynchttpclient.netty.channel.ChannelManager - Adding key: http://localhost:51772 for channel [id: 0x48238371, L:/127.0.0.1:52378 - R:localhost/127.0.0.1:51772]
23:25:00.877 [Forwarding sendKeysToElement on session 9dbb9c8e3905ff2d47d09bd8fab5d55f to remote] DEBUG org.asynchttpclient.netty.request.NettyRequestSender - Using pooled Channel '[id: 0x48238371, L:/127.0.0.1:52378 - R:localhost/127.0.0.1:51772]' for 'POST' to 'http://localhost:51772/session/9dbb9c8e3905ff2d47d09bd8fab5d55f/element/d1ec68c4-818f-49ac-8efd-716f6d5fb691/value'
23:25:00.878 [Forwarding sendKeysToElement on session 9dbb9c8e3905ff2d47d09bd8fab5d55f to remote] DEBUG org.asynchttpclient.netty.request.NettyRequestSender - Using open Channel [id: 0x48238371, L:/127.0.0.1:52378 - R:localhost/127.0.0.1:51772] for POST '/session/9dbb9c8e3905ff2d47d09bd8fab5d55f/element/d1ec68c4-818f-49ac-8efd-716f6d5fb691/value'
23:25:01.022 [AsyncHttpClient-1-2] DEBUG org.asynchttpclient.netty.handler.HttpHandler - 

Request DefaultHttpRequest(decodeResult: success, version: HTTP/1.1)
POST /session/9dbb9c8e3905ff2d47d09bd8fab5d55f/element/d1ec68c4-818f-49ac-8efd-716f6d5fb691/value HTTP/1.1
User-Agent: selenium/4.1.2 (java windows)
Content-Length: 151
Content-Type: application/json; charset=utf-8
host: localhost:51772
accept: */*

Response DefaultHttpResponse(decodeResult: success, version: HTTP/1.1)
HTTP/1.1 200 OK
Content-Type: application/json; charset=utf-8
cache-control: no-cache
content-length: 14

23:25:01.022 [AsyncHttpClient-1-2] DEBUG org.asynchttpclient.netty.channel.ChannelManager - Adding key: http://localhost:51772 for channel [id: 0x48238371, L:/127.0.0.1:52378 - R:localhost/127.0.0.1:51772]
23:25:01.030 [Forwarding screenshot on session 9dbb9c8e3905ff2d47d09bd8fab5d55f to remote] DEBUG org.asynchttpclient.netty.request.NettyRequestSender - Using pooled Channel '[id: 0x48238371, L:/127.0.0.1:52378 - R:localhost/127.0.0.1:51772]' for 'GET' to 'http://localhost:51772/session/9dbb9c8e3905ff2d47d09bd8fab5d55f/screenshot'
23:25:01.030 [Forwarding screenshot on session 9dbb9c8e3905ff2d47d09bd8fab5d55f to remote] DEBUG org.asynchttpclient.netty.request.NettyRequestSender - Using open Channel [id: 0x48238371, L:/127.0.0.1:52378 - R:localhost/127.0.0.1:51772] for GET '/session/9dbb9c8e3905ff2d47d09bd8fab5d55f/screenshot'
23:25:01.058 [AsyncHttpClient-1-1] DEBUG org.asynchttpclient.netty.channel.DefaultChannelPool - Entry count for : http://localhost:52379 : 1
23:25:01.290 [AsyncHttpClient-1-2] DEBUG org.asynchttpclient.netty.handler.HttpHandler - 

Request DefaultFullHttpRequest(decodeResult: success, version: HTTP/1.1, content: EmptyByteBufBE)
GET /session/9dbb9c8e3905ff2d47d09bd8fab5d55f/screenshot HTTP/1.1
User-Agent: selenium/4.1.2 (java windows)
Cache-Control: no-cache
Content-Type: application/json; charset=utf-8
host: localhost:51772
accept: */*

Response DefaultHttpResponse(decodeResult: success, version: HTTP/1.1)
HTTP/1.1 200 OK
Content-Type: application/json; charset=utf-8
cache-control: no-cache
content-length: 50408

23:25:01.291 [AsyncHttpClient-1-2] DEBUG org.asynchttpclient.netty.channel.ChannelManager - Adding key: http://localhost:51772 for channel [id: 0x48238371, L:/127.0.0.1:52378 - R:localhost/127.0.0.1:51772]
23:25:01.294 [main] DEBUG net.serenitybdd.core.photography.Darkroom - Send negative for processing for target\site\serenity\4242e1fd90b53604f66f5db293ee4c1d2858c6de1c25876021dfe1cca337f5ae.png
23:25:01.294 [main] DEBUG net.thucydides.core.steps.StepInterceptor - STEP DONE: typePassword
  &amp#27;[32mAnd &amp#27;[0m&amp#27;[32mI type My password &amp#27;[0m&amp#27;[32m&amp#27;[1m123qwer&amp#27;[0m                       &amp#27;[90m# stepdefinitions.RegisterStep.iTypeMyPassword(java.lang.String)&amp#27;[0m
23:25:01.295 [Darkroom Processing Line] DEBUG net.serenitybdd.core.photography.DarkroomProcessingLine - Processing screenshot image in /var/screenshots/screenshot-12201972007446920591
23:25:01.295 [Darkroom Processing Line] DEBUG net.serenitybdd.core.photography.DarkroomProcessingLine - Saving screenshot to target\site\serenity\4242e1fd90b53604f66f5db293ee4c1d2858c6de1c25876021dfe1cca337f5ae.png
23:25:01.339 [main] DEBUG net.thucydides.core.steps.StepInterceptor - STARTING STEP: RegisterStep.iClickRegisterButton - clickRegisterButton
23:25:01.343 [Forwarding findElement on session 9dbb9c8e3905ff2d47d09bd8fab5d55f to remote] DEBUG org.asynchttpclient.netty.request.NettyRequestSender - Using pooled Channel '[id: 0x48238371, L:/127.0.0.1:52378 - R:localhost/127.0.0.1:51772]' for 'POST' to 'http://localhost:51772/session/9dbb9c8e3905ff2d47d09bd8fab5d55f/element'
23:25:01.343 [Forwarding findElement on session 9dbb9c8e3905ff2d47d09bd8fab5d55f to remote] DEBUG org.asynchttpclient.netty.request.NettyRequestSender - Using open Channel [id: 0x48238371, L:/127.0.0.1:52378 - R:localhost/127.0.0.1:51772] for POST '/session/9dbb9c8e3905ff2d47d09bd8fab5d55f/element'
23:25:01.363 [AsyncHttpClient-1-2] DEBUG org.asynchttpclient.netty.handler.HttpHandler - 

Request DefaultHttpRequest(decodeResult: success, version: HTTP/1.1)
POST /session/9dbb9c8e3905ff2d47d09bd8fab5d55f/element HTTP/1.1
User-Agent: selenium/4.1.2 (java windows)
Content-Length: 155
Content-Type: application/json; charset=utf-8
host: localhost:51772
accept: */*

Response DefaultHttpResponse(decodeResult: success, version: HTTP/1.1)
HTTP/1.1 200 OK
Content-Type: application/json; charset=utf-8
cache-control: no-cache
content-length: 88

23:25:01.363 [AsyncHttpClient-1-2] DEBUG org.asynchttpclient.netty.channel.ChannelManager - Adding key: http://localhost:51772 for channel [id: 0x48238371, L:/127.0.0.1:52378 - R:localhost/127.0.0.1:51772]
23:25:01.368 [Forwarding getElementTagName on session 9dbb9c8e3905ff2d47d09bd8fab5d55f to remote] DEBUG org.asynchttpclient.netty.request.NettyRequestSender - Using pooled Channel '[id: 0x48238371, L:/127.0.0.1:52378 - R:localhost/127.0.0.1:51772]' for 'GET' to 'http://localhost:51772/session/9dbb9c8e3905ff2d47d09bd8fab5d55f/element/bb7ff447-c376-4d31-88ad-497c6a9853d9/name'
23:25:01.368 [Forwarding getElementTagName on session 9dbb9c8e3905ff2d47d09bd8fab5d55f to remote] DEBUG org.asynchttpclient.netty.request.NettyRequestSender - Using open Channel [id: 0x48238371, L:/127.0.0.1:52378 - R:localhost/127.0.0.1:51772] for GET '/session/9dbb9c8e3905ff2d47d09bd8fab5d55f/element/bb7ff447-c376-4d31-88ad-497c6a9853d9/name'
23:25:01.375 [AsyncHttpClient-1-2] DEBUG org.asynchttpclient.netty.handler.HttpHandler - 

Request DefaultFullHttpRequest(decodeResult: success, version: HTTP/1.1, content: EmptyByteBufBE)
GET /session/9dbb9c8e3905ff2d47d09bd8fab5d55f/element/bb7ff447-c376-4d31-88ad-497c6a9853d9/name HTTP/1.1
User-Agent: selenium/4.1.2 (java windows)
Cache-Control: no-cache
Content-Type: application/json; charset=utf-8
host: localhost:51772
accept: */*

Response DefaultHttpResponse(decodeResult: success, version: HTTP/1.1)
HTTP/1.1 200 OK
Content-Type: application/json; charset=utf-8
cache-control: no-cache
content-length: 18

23:25:01.375 [AsyncHttpClient-1-2] DEBUG org.asynchttpclient.netty.channel.ChannelManager - Adding key: http://localhost:51772 for channel [id: 0x48238371, L:/127.0.0.1:52378 - R:localhost/127.0.0.1:51772]
23:25:01.377 [Forwarding getElementTagName on session 9dbb9c8e3905ff2d47d09bd8fab5d55f to remote] DEBUG org.asynchttpclient.netty.request.NettyRequestSender - Using pooled Channel '[id: 0x48238371, L:/127.0.0.1:52378 - R:localhost/127.0.0.1:51772]' for 'GET' to 'http://localhost:51772/session/9dbb9c8e3905ff2d47d09bd8fab5d55f/element/bb7ff447-c376-4d31-88ad-497c6a9853d9/name'
23:25:01.377 [Forwarding getElementTagName on session 9dbb9c8e3905ff2d47d09bd8fab5d55f to remote] DEBUG org.asynchttpclient.netty.request.NettyRequestSender - Using open Channel [id: 0x48238371, L:/127.0.0.1:52378 - R:localhost/127.0.0.1:51772] for GET '/session/9dbb9c8e3905ff2d47d09bd8fab5d55f/element/bb7ff447-c376-4d31-88ad-497c6a9853d9/name'
23:25:01.385 [AsyncHttpClient-1-2] DEBUG org.asynchttpclient.netty.handler.HttpHandler - 

Request DefaultFullHttpRequest(decodeResult: success, version: HTTP/1.1, content: EmptyByteBufBE)
GET /session/9dbb9c8e3905ff2d47d09bd8fab5d55f/element/bb7ff447-c376-4d31-88ad-497c6a9853d9/name HTTP/1.1
User-Agent: selenium/4.1.2 (java windows)
Cache-Control: no-cache
Content-Type: application/json; charset=utf-8
host: localhost:51772
accept: */*

Response DefaultHttpResponse(decodeResult: success, version: HTTP/1.1)
HTTP/1.1 200 OK
Content-Type: application/json; charset=utf-8
cache-control: no-cache
content-length: 18

23:25:01.386 [AsyncHttpClient-1-2] DEBUG org.asynchttpclient.netty.channel.ChannelManager - Adding key: http://localhost:51772 for channel [id: 0x48238371, L:/127.0.0.1:52378 - R:localhost/127.0.0.1:51772]
23:25:01.389 [Forwarding isElementEnabled on session 9dbb9c8e3905ff2d47d09bd8fab5d55f to remote] DEBUG org.asynchttpclient.netty.request.NettyRequestSender - Using pooled Channel '[id: 0x48238371, L:/127.0.0.1:52378 - R:localhost/127.0.0.1:51772]' for 'GET' to 'http://localhost:51772/session/9dbb9c8e3905ff2d47d09bd8fab5d55f/element/bb7ff447-c376-4d31-88ad-497c6a9853d9/enabled'
23:25:01.390 [Forwarding isElementEnabled on session 9dbb9c8e3905ff2d47d09bd8fab5d55f to remote] DEBUG org.asynchttpclient.netty.request.NettyRequestSender - Using open Channel [id: 0x48238371, L:/127.0.0.1:52378 - R:localhost/127.0.0.1:51772] for GET '/session/9dbb9c8e3905ff2d47d09bd8fab5d55f/element/bb7ff447-c376-4d31-88ad-497c6a9853d9/enabled'
23:25:01.405 [AsyncHttpClient-1-2] DEBUG org.asynchttpclient.netty.handler.HttpHandler - 

Request DefaultFullHttpRequest(decodeResult: success, version: HTTP/1.1, content: EmptyByteBufBE)
GET /session/9dbb9c8e3905ff2d47d09bd8fab5d55f/element/bb7ff447-c376-4d31-88ad-497c6a9853d9/enabled HTTP/1.1
User-Agent: selenium/4.1.2 (java windows)
Cache-Control: no-cache
Content-Type: application/json; charset=utf-8
host: localhost:51772
accept: */*

Response DefaultHttpResponse(decodeResult: success, version: HTTP/1.1)
HTTP/1.1 200 OK
Content-Type: application/json; charset=utf-8
cache-control: no-cache
content-length: 14

23:25:01.406 [AsyncHttpClient-1-2] DEBUG org.asynchttpclient.netty.channel.ChannelManager - Adding key: http://localhost:51772 for channel [id: 0x48238371, L:/127.0.0.1:52378 - R:localhost/127.0.0.1:51772]
23:25:01.408 [Forwarding isElementEnabled on session 9dbb9c8e3905ff2d47d09bd8fab5d55f to remote] DEBUG org.asynchttpclient.netty.request.NettyRequestSender - Using pooled Channel '[id: 0x48238371, L:/127.0.0.1:52378 - R:localhost/127.0.0.1:51772]' for 'GET' to 'http://localhost:51772/session/9dbb9c8e3905ff2d47d09bd8fab5d55f/element/bb7ff447-c376-4d31-88ad-497c6a9853d9/enabled'
23:25:01.408 [Forwarding isElementEnabled on session 9dbb9c8e3905ff2d47d09bd8fab5d55f to remote] DEBUG org.asynchttpclient.netty.request.NettyRequestSender - Using open Channel [id: 0x48238371, L:/127.0.0.1:52378 - R:localhost/127.0.0.1:51772] for GET '/session/9dbb9c8e3905ff2d47d09bd8fab5d55f/element/bb7ff447-c376-4d31-88ad-497c6a9853d9/enabled'
23:25:01.419 [AsyncHttpClient-1-2] DEBUG org.asynchttpclient.netty.handler.HttpHandler - 

Request DefaultFullHttpRequest(decodeResult: success, version: HTTP/1.1, content: EmptyByteBufBE)
GET /session/9dbb9c8e3905ff2d47d09bd8fab5d55f/element/bb7ff447-c376-4d31-88ad-497c6a9853d9/enabled HTTP/1.1
User-Agent: selenium/4.1.2 (java windows)
Cache-Control: no-cache
Content-Type: application/json; charset=utf-8
host: localhost:51772
accept: */*

Response DefaultHttpResponse(decodeResult: success, version: HTTP/1.1)
HTTP/1.1 200 OK
Content-Type: application/json; charset=utf-8
cache-control: no-cache
content-length: 14

23:25:01.420 [AsyncHttpClient-1-2] DEBUG org.asynchttpclient.netty.channel.ChannelManager - Adding key: http://localhost:51772 for channel [id: 0x48238371, L:/127.0.0.1:52378 - R:localhost/127.0.0.1:51772]
23:25:01.424 [Forwarding findElement on session 9dbb9c8e3905ff2d47d09bd8fab5d55f to remote] DEBUG org.asynchttpclient.netty.request.NettyRequestSender - Using pooled Channel '[id: 0x48238371, L:/127.0.0.1:52378 - R:localhost/127.0.0.1:51772]' for 'POST' to 'http://localhost:51772/session/9dbb9c8e3905ff2d47d09bd8fab5d55f/element'
23:25:01.425 [Forwarding findElement on session 9dbb9c8e3905ff2d47d09bd8fab5d55f to remote] DEBUG org.asynchttpclient.netty.request.NettyRequestSender - Using open Channel [id: 0x48238371, L:/127.0.0.1:52378 - R:localhost/127.0.0.1:51772] for POST '/session/9dbb9c8e3905ff2d47d09bd8fab5d55f/element'
23:25:01.448 [AsyncHttpClient-1-2] DEBUG org.asynchttpclient.netty.handler.HttpHandler - 

Request DefaultHttpRequest(decodeResult: success, version: HTTP/1.1)
POST /session/9dbb9c8e3905ff2d47d09bd8fab5d55f/element HTTP/1.1
User-Agent: selenium/4.1.2 (java windows)
Content-Length: 155
Content-Type: application/json; charset=utf-8
host: localhost:51772
accept: */*

Response DefaultHttpResponse(decodeResult: success, version: HTTP/1.1)
HTTP/1.1 200 OK
Content-Type: application/json; charset=utf-8
cache-control: no-cache
content-length: 88

23:25:01.448 [AsyncHttpClient-1-2] DEBUG org.asynchttpclient.netty.channel.ChannelManager - Adding key: http://localhost:51772 for channel [id: 0x48238371, L:/127.0.0.1:52378 - R:localhost/127.0.0.1:51772]
23:25:01.454 [Forwarding clickElement on session 9dbb9c8e3905ff2d47d09bd8fab5d55f to remote] DEBUG org.asynchttpclient.netty.request.NettyRequestSender - Using pooled Channel '[id: 0x48238371, L:/127.0.0.1:52378 - R:localhost/127.0.0.1:51772]' for 'POST' to 'http://localhost:51772/session/9dbb9c8e3905ff2d47d09bd8fab5d55f/element/bb7ff447-c376-4d31-88ad-497c6a9853d9/click'
23:25:01.454 [Forwarding clickElement on session 9dbb9c8e3905ff2d47d09bd8fab5d55f to remote] DEBUG org.asynchttpclient.netty.request.NettyRequestSender - Using open Channel [id: 0x48238371, L:/127.0.0.1:52378 - R:localhost/127.0.0.1:51772] for POST '/session/9dbb9c8e3905ff2d47d09bd8fab5d55f/element/bb7ff447-c376-4d31-88ad-497c6a9853d9/click'
23:25:01.591 [AsyncHttpClient-1-2] DEBUG org.asynchttpclient.netty.handler.HttpHandler - 

Request DefaultHttpRequest(decodeResult: success, version: HTTP/1.1)
POST /session/9dbb9c8e3905ff2d47d09bd8fab5d55f/element/bb7ff447-c376-4d31-88ad-497c6a9853d9/click HTTP/1.1
User-Agent: selenium/4.1.2 (java windows)
Content-Length: 50
Content-Type: application/json; charset=utf-8
host: localhost:51772
accept: */*

Response DefaultHttpResponse(decodeResult: success, version: HTTP/1.1)
HTTP/1.1 200 OK
Content-Type: application/json; charset=utf-8
cache-control: no-cache
content-length: 14

23:25:01.591 [AsyncHttpClient-1-2] DEBUG org.asynchttpclient.netty.channel.ChannelManager - Adding key: http://localhost:51772 for channel [id: 0x48238371, L:/127.0.0.1:52378 - R:localhost/127.0.0.1:51772]
23:25:01.608 [Forwarding screenshot on session 9dbb9c8e3905ff2d47d09bd8fab5d55f to remote] DEBUG org.asynchttpclient.netty.request.NettyRequestSender - Using pooled Channel '[id: 0x48238371, L:/127.0.0.1:52378 - R:localhost/127.0.0.1:51772]' for 'GET' to 'http://localhost:51772/session/9dbb9c8e3905ff2d47d09bd8fab5d55f/screenshot'
23:25:01.608 [Forwarding screenshot on session 9dbb9c8e3905ff2d47d09bd8fab5d55f to remote] DEBUG org.asynchttpclient.netty.request.NettyRequestSender - Using open Channel [id: 0x48238371, L:/127.0.0.1:52378 - R:localhost/127.0.0.1:51772] for GET '/session/9dbb9c8e3905ff2d47d09bd8fab5d55f/screenshot'
23:25:02.095 [AsyncHttpClient-1-2] DEBUG org.asynchttpclient.netty.handler.HttpHandler - 

Request DefaultFullHttpRequest(decodeResult: success, version: HTTP/1.1, content: EmptyByteBufBE)
GET /session/9dbb9c8e3905ff2d47d09bd8fab5d55f/screenshot HTTP/1.1
User-Agent: selenium/4.1.2 (java windows)
Cache-Control: no-cache
Content-Type: application/json; charset=utf-8
host: localhost:51772
accept: */*

Response DefaultHttpResponse(decodeResult: success, version: HTTP/1.1)
HTTP/1.1 200 OK
Content-Type: application/json; charset=utf-8
cache-control: no-cache
content-length: 48220

23:25:02.095 [AsyncHttpClient-1-2] DEBUG org.asynchttpclient.netty.channel.ChannelManager - Adding key: http://localhost:51772 for channel [id: 0x48238371, L:/127.0.0.1:52378 - R:localhost/127.0.0.1:51772]
23:25:02.100 [main] DEBUG net.serenitybdd.core.photography.Darkroom - Send negative for processing for target\site\serenity\440954b4421bbcdfb3307f8a23a7fefea8a819b31ca7a5d18897cf5444849102.png
23:25:02.100 [main] DEBUG net.thucydides.core.steps.StepInterceptor - STEP DONE: clickRegisterButton
  &amp#27;[32mAnd &amp#27;[0m&amp#27;[32mI click a Register button&amp#27;[0m                        &amp#27;[90m# stepdefinitions.RegisterStep.iClickRegisterButton()&amp#27;[0m
23:25:02.101 [Darkroom Processing Line] DEBUG net.serenitybdd.core.photography.DarkroomProcessingLine - Processing screenshot image in /var/screenshots/screenshot-7675771649965549132
23:25:02.101 [Darkroom Processing Line] DEBUG net.serenitybdd.core.photography.DarkroomProcessingLine - Saving screenshot to target\site\serenity\440954b4421bbcdfb3307f8a23a7fefea8a819b31ca7a5d18897cf5444849102.png
23:25:02.134 [main] DEBUG net.thucydides.core.steps.StepInterceptor - STARTING STEP: RegisterStep.iGotErrorMassage - iGotErrorMassage
23:25:02.145 [Forwarding findElement on session 9dbb9c8e3905ff2d47d09bd8fab5d55f to remote] DEBUG org.asynchttpclient.netty.request.NettyRequestSender - Using pooled Channel '[id: 0x48238371, L:/127.0.0.1:52378 - R:localhost/127.0.0.1:51772]' for 'POST' to 'http://localhost:51772/session/9dbb9c8e3905ff2d47d09bd8fab5d55f/element'
23:25:02.145 [Forwarding findElement on session 9dbb9c8e3905ff2d47d09bd8fab5d55f to remote] DEBUG org.asynchttpclient.netty.request.NettyRequestSender - Using open Channel [id: 0x48238371, L:/127.0.0.1:52378 - R:localhost/127.0.0.1:51772] for POST '/session/9dbb9c8e3905ff2d47d09bd8fab5d55f/element'
23:25:02.152 [AsyncHttpClient-1-2] DEBUG org.asynchttpclient.netty.handler.HttpHandler - 

Request DefaultHttpRequest(decodeResult: success, version: HTTP/1.1)
POST /session/9dbb9c8e3905ff2d47d09bd8fab5d55f/element HTTP/1.1
User-Agent: selenium/4.1.2 (java windows)
Content-Length: 53
Content-Type: application/json; charset=utf-8
host: localhost:51772
accept: */*

Response DefaultHttpResponse(decodeResult: success, version: HTTP/1.1)
HTTP/1.1 400 Bad Request
Content-Type: application/json; charset=utf-8
cache-control: no-cache
content-length: 957

23:25:02.152 [AsyncHttpClient-1-2] DEBUG org.asynchttpclient.netty.channel.ChannelManager - Adding key: http://localhost:51772 for channel [id: 0x48238371, L:/127.0.0.1:52378 - R:localhost/127.0.0.1:51772]
23:25:02.156 [Forwarding findElement on session 9dbb9c8e3905ff2d47d09bd8fab5d55f to remote] DEBUG org.asynchttpclient.netty.request.NettyRequestSender - Using pooled Channel '[id: 0x48238371, L:/127.0.0.1:52378 - R:localhost/127.0.0.1:51772]' for 'POST' to 'http://localhost:51772/session/9dbb9c8e3905ff2d47d09bd8fab5d55f/element'
23:25:02.156 [Forwarding findElement on session 9dbb9c8e3905ff2d47d09bd8fab5d55f to remote] DEBUG org.asynchttpclient.netty.request.NettyRequestSender - Using open Channel [id: 0x48238371, L:/127.0.0.1:52378 - R:localhost/127.0.0.1:51772] for POST '/session/9dbb9c8e3905ff2d47d09bd8fab5d55f/element'
23:25:02.157 [AsyncHttpClient-1-1] DEBUG org.asynchttpclient.netty.channel.DefaultChannelPool - Entry count for : http://localhost:52379 : 1
23:25:02.175 [AsyncHttpClient-1-2] DEBUG org.asynchttpclient.netty.handler.HttpHandler - 

Request DefaultHttpRequest(decodeResult: success, version: HTTP/1.1)
POST /session/9dbb9c8e3905ff2d47d09bd8fab5d55f/element HTTP/1.1
User-Agent: selenium/4.1.2 (java windows)
Content-Length: 63
Content-Type: application/json; charset=utf-8
host: localhost:51772
accept: */*

Response DefaultHttpResponse(decodeResult: success, version: HTTP/1.1)
HTTP/1.1 200 OK
Content-Type: application/json; charset=utf-8
cache-control: no-cache
content-length: 88

23:25:02.175 [AsyncHttpClient-1-2] DEBUG org.asynchttpclient.netty.channel.ChannelManager - Adding key: http://localhost:51772 for channel [id: 0x48238371, L:/127.0.0.1:52378 - R:localhost/127.0.0.1:51772]
23:25:02.180 [Forwarding isElementDisplayed on session 9dbb9c8e3905ff2d47d09bd8fab5d55f to remote] DEBUG org.asynchttpclient.netty.request.NettyRequestSender - Using pooled Channel '[id: 0x48238371, L:/127.0.0.1:52378 - R:localhost/127.0.0.1:51772]' for 'POST' to 'http://localhost:51772/session/9dbb9c8e3905ff2d47d09bd8fab5d55f/execute/sync'
23:25:02.181 [Forwarding isElementDisplayed on session 9dbb9c8e3905ff2d47d09bd8fab5d55f to remote] DEBUG org.asynchttpclient.netty.request.NettyRequestSender - Using open Channel [id: 0x48238371, L:/127.0.0.1:52378 - R:localhost/127.0.0.1:51772] for POST '/session/9dbb9c8e3905ff2d47d09bd8fab5d55f/execute/sync'
23:25:02.244 [AsyncHttpClient-1-2] DEBUG org.asynchttpclient.netty.handler.HttpHandler - 

Request DefaultHttpRequest(decodeResult: success, version: HTTP/1.1)
POST /session/9dbb9c8e3905ff2d47d09bd8fab5d55f/execute/sync HTTP/1.1
User-Agent: selenium/4.1.2 (java windows)
Content-Length: 48780
Content-Type: application/json; charset=utf-8
host: localhost:51772
accept: */*

Response DefaultHttpResponse(decodeResult: success, version: HTTP/1.1)
HTTP/1.1 200 OK
Content-Type: application/json; charset=utf-8
cache-control: no-cache
content-length: 14

23:25:02.245 [AsyncHttpClient-1-2] DEBUG org.asynchttpclient.netty.channel.ChannelManager - Adding key: http://localhost:51772 for channel [id: 0x48238371, L:/127.0.0.1:52378 - R:localhost/127.0.0.1:51772]
23:25:02.253 [Forwarding screenshot on session 9dbb9c8e3905ff2d47d09bd8fab5d55f to remote] DEBUG org.asynchttpclient.netty.request.NettyRequestSender - Using pooled Channel '[id: 0x48238371, L:/127.0.0.1:52378 - R:localhost/127.0.0.1:51772]' for 'GET' to 'http://localhost:51772/session/9dbb9c8e3905ff2d47d09bd8fab5d55f/screenshot'
23:25:02.253 [Forwarding screenshot on session 9dbb9c8e3905ff2d47d09bd8fab5d55f to remote] DEBUG org.asynchttpclient.netty.request.NettyRequestSender - Using open Channel [id: 0x48238371, L:/127.0.0.1:52378 - R:localhost/127.0.0.1:51772] for GET '/session/9dbb9c8e3905ff2d47d09bd8fab5d55f/screenshot'
23:25:02.517 [AsyncHttpClient-1-2] DEBUG org.asynchttpclient.netty.handler.HttpHandler - 

Request DefaultFullHttpRequest(decodeResult: success, version: HTTP/1.1, content: EmptyByteBufBE)
GET /session/9dbb9c8e3905ff2d47d09bd8fab5d55f/screenshot HTTP/1.1
User-Agent: selenium/4.1.2 (java windows)
Cache-Control: no-cache
Content-Type: application/json; charset=utf-8
host: localhost:51772
accept: */*

Response DefaultHttpResponse(decodeResult: success, version: HTTP/1.1)
HTTP/1.1 200 OK
Content-Type: application/json; charset=utf-8
cache-control: no-cache
content-length: 51432

23:25:02.518 [AsyncHttpClient-1-2] DEBUG org.asynchttpclient.netty.channel.ChannelManager - Adding key: http://localhost:51772 for channel [id: 0x48238371, L:/127.0.0.1:52378 - R:localhost/127.0.0.1:51772]
23:25:02.520 [main] DEBUG net.serenitybdd.core.photography.Darkroom - Send negative for processing for target\site\serenity\2b6725b6ad9eab08e1c97fb8e7b038612fc2c9fcf7e50421b32f035671db1efd.png
23:25:02.520 [main] DEBUG net.thucydides.core.steps.StepInterceptor - STEP DONE: iGotErrorMassage
  &amp#27;[32mThen &amp#27;[0m&amp#27;[32mI got error massage&amp#27;[0m                             &amp#27;[90m# stepdefinitions.RegisterStep.iGotErrorMassage()&amp#27;[0m
23:25:02.521 [Darkroom Processing Line] DEBUG net.serenitybdd.core.photography.DarkroomProcessingLine - Processing screenshot image in /var/screenshots/screenshot-4066131524715025735
23:25:02.521 [Darkroom Processing Line] DEBUG net.serenitybdd.core.photography.DarkroomProcessingLine - Saving screenshot to target\site\serenity\2b6725b6ad9eab08e1c97fb8e7b038612fc2c9fcf7e50421b32f035671db1efd.png
23:25:02.532 [main] INFO  - 
  _____   ___   ___   _____     ___     _     ___   ___   ___   ___  
 |_   _| | __| / __| |_   _|   | _ \   /_\   / __| / __| | __| |   \ 
   | |   | _|  \__ \   | |     |  _/  / _ \  \__ \ \__ \ | _|  | |) |
   |_|   |___| |___/   |_|     |_|   /_/ \_\ |___/ |___/ |___| |___/ 

As a user, i have not able to create account
----------------------------------------------------------------------
23:25:02.534 [AsyncHttpClient-1-4] DEBUG org.asynchttpclient.netty.handler.WebSocketHandler - Channel Closed: [id: 0x369ddefa, L:/127.0.0.1:52387 ! R:localhost/127.0.0.1:52379] with attribute NettyResponseFuture{currentRetry=5,
	isDone=1,
	isCancelled=0,
	asyncHandler=org.asynchttpclient.ws.WebSocketUpgradeHandler@3129189d,
	nettyRequest=org.asynchttpclient.netty.request.NettyRequest@16942028,
	future=java.util.concurrent.CompletableFuture@344b1499[Completed normally],
	uri=ws://localhost:52379/devtools/browser/e95e25ac-33ea-4f79-9819-9afcbc02375f,
	keepAlive=true,
	redirectCount=0,
	timeoutsHolder=null,
	inAuth=0,
	touch=1652631897839}
23:25:02.534 [AsyncHttpClient-1-4] DEBUG org.asynchttpclient.netty.channel.ChannelManager - Closing Channel [id: 0x369ddefa, L:/127.0.0.1:52387 ! R:localhost/127.0.0.1:52379] 
23:25:02.535 [Driver Command Executor] DEBUG org.asynchttpclient.netty.request.NettyRequestSender - Using pooled Channel '[id: 0x48238371, L:/127.0.0.1:52378 - R:localhost/127.0.0.1:51772]' for 'DELETE' to 'http://localhost:51772/session/9dbb9c8e3905ff2d47d09bd8fab5d55f'
23:25:02.536 [Driver Command Executor] DEBUG org.asynchttpclient.netty.request.NettyRequestSender - Using open Channel [id: 0x48238371, L:/127.0.0.1:52378 - R:localhost/127.0.0.1:51772] for DELETE '/session/9dbb9c8e3905ff2d47d09bd8fab5d55f'
23:25:02.674 [AsyncHttpClient-1-3] DEBUG org.asynchttpclient.netty.handler.HttpHandler - Unexpected I/O exception on channel [id: 0x671a78d1, L:/127.0.0.1:52386 - R:localhost/127.0.0.1:52379]
java.io.IOException: An existing connection was forcibly closed by the remote host
	at java.base/sun.nio.ch.SocketDispatcher.read0(Native Method)
	at java.base/sun.nio.ch.SocketDispatcher.read(SocketDispatcher.java:43)
	at java.base/sun.nio.ch.IOUtil.readIntoNativeBuffer(IOUtil.java:276)
	at java.base/sun.nio.ch.IOUtil.read(IOUtil.java:233)
	at java.base/sun.nio.ch.IOUtil.read(IOUtil.java:223)
	at java.base/sun.nio.ch.SocketChannelImpl.read(SocketChannelImpl.java:358)
	at io.netty.buffer.PooledByteBuf.setBytes(PooledByteBuf.java:258)
	at io.netty.buffer.AbstractByteBuf.writeBytes(AbstractByteBuf.java:1132)
	at io.netty.channel.socket.nio.NioSocketChannel.doReadBytes(NioSocketChannel.java:350)
	at io.netty.channel.nio.AbstractNioByteChannel$NioByteUnsafe.read(AbstractNioByteChannel.java:151)
	at io.netty.channel.nio.NioEventLoop.processSelectedKey(NioEventLoop.java:722)
	at io.netty.channel.nio.NioEventLoop.processSelectedKeysOptimized(NioEventLoop.java:658)
	at io.netty.channel.nio.NioEventLoop.processSelectedKeys(NioEventLoop.java:584)
	at io.netty.channel.nio.NioEventLoop.run(NioEventLoop.java:496)
	at io.netty.util.concurrent.SingleThreadEventExecutor$4.run(SingleThreadEventExecutor.java:986)
	at io.netty.util.internal.ThreadExecutorMap$2.run(ThreadExecutorMap.java:74)
	at io.netty.util.concurrent.FastThreadLocalRunnable.run(FastThreadLocalRunnable.java:30)
	at java.base/java.lang.Thread.run(Thread.java:834)
23:25:02.674 [AsyncHttpClient-1-3] DEBUG org.asynchttpclient.netty.channel.ChannelManager - Closing Channel [id: 0x671a78d1, L:/127.0.0.1:52386 - R:localhost/127.0.0.1:52379] 
23:25:02.675 [AsyncHttpClient-1-3] DEBUG org.asynchttpclient.netty.handler.HttpHandler - Channel Closed: [id: 0x671a78d1, L:/127.0.0.1:52386 ! R:localhost/127.0.0.1:52379] with attribute DISCARD
23:25:02.701 [AsyncHttpClient-1-2] DEBUG org.asynchttpclient.netty.handler.HttpHandler - 

Request DefaultFullHttpRequest(decodeResult: success, version: HTTP/1.1, content: EmptyByteBufBE)
DELETE /session/9dbb9c8e3905ff2d47d09bd8fab5d55f HTTP/1.1
User-Agent: selenium/4.1.2 (java windows)
Content-Type: application/json; charset=utf-8
host: localhost:51772
accept: */*

Response DefaultHttpResponse(decodeResult: success, version: HTTP/1.1)
HTTP/1.1 200 OK
Content-Type: application/json; charset=utf-8
cache-control: no-cache
content-length: 14

23:25:02.702 [AsyncHttpClient-1-2] DEBUG org.asynchttpclient.netty.channel.ChannelManager - Adding key: http://localhost:51772 for channel [id: 0x48238371, L:/127.0.0.1:52378 - R:localhost/127.0.0.1:51772]
23:25:03.054 [AsyncHttpClient-1-2] DEBUG org.asynchttpclient.netty.handler.HttpHandler - Channel Closed: [id: 0x48238371, L:/127.0.0.1:52378 ! R:localhost/127.0.0.1:51772] with attribute DISCARD
23:25:03.258 [AsyncHttpClient-1-1] DEBUG org.asynchttpclient.netty.channel.DefaultChannelPool - Entry count for : http://localhost:51772 : 1
23:25:03.258 [AsyncHttpClient-1-1] DEBUG org.asynchttpclient.netty.channel.DefaultChannelPool - Entry count for : http://localhost:52379 : 1
23:25:03.258 [AsyncHttpClient-1-1] DEBUG org.asynchttpclient.netty.channel.DefaultChannelPool - Adding Candidate expired Channel [id: 0x48238371, L:/127.0.0.1:52378 ! R:localhost/127.0.0.1:51772] isIdleTimeoutExpired=false isRemotelyClosed=true isTtlExpired=false
23:25:03.258 [AsyncHttpClient-1-1] DEBUG org.asynchttpclient.netty.channel.DefaultChannelPool - Closing Idle Channel [id: 0x48238371, L:/127.0.0.1:52378 ! R:localhost/127.0.0.1:51772]
23:25:03.258 [AsyncHttpClient-1-1] DEBUG org.asynchttpclient.netty.channel.DefaultChannelPool - Adding Candidate expired Channel [id: 0x671a78d1, L:/127.0.0.1:52386 ! R:localhost/127.0.0.1:52379] isIdleTimeoutExpired=false isRemotelyClosed=true isTtlExpired=false
23:25:03.258 [AsyncHttpClient-1-1] DEBUG org.asynchttpclient.netty.channel.DefaultChannelPool - Closing Idle Channel [id: 0x671a78d1, L:/127.0.0.1:52386 ! R:localhost/127.0.0.1:52379]
23:25:03.258 [AsyncHttpClient-1-1] DEBUG org.asynchttpclient.netty.channel.DefaultChannelPool - Closed 2 connections out of 2 in 0 ms
]]></system-out>
    <system-err><![CDATA[Starting ChromeDriver 101.0.4951.41 (93c720db8323b3ec10d056025ab95c23a31997c9-refs/branch-heads/4951@{#904}) on port 51772
Only local connections are allowed.
Please see https://chromedriver.chromium.org/security-considerations for suggestions on keeping ChromeDriver safe.
ChromeDriver was started successfully.
May 15, 2022 11:24:57 PM org.openqa.selenium.remote.ProtocolHandshake createSession
INFO: Detected dialect: W3C
May 15, 2022 11:24:57 PM org.openqa.selenium.devtools.CdpVersionFinder findNearestMatch
WARNING: Unable to find an exact match for CDP version 101, so returning the closest version found: 97
May 15, 2022 11:24:57 PM org.openqa.selenium.devtools.CdpVersionFinder findNearestMatch
INFO: Found CDP implementation for version 101 of 97
]]></system-err>
  </testcase>
  <testcase name="As a user, i can short the price of product" classname="Register #2" time="13.053">
    <system-out><![CDATA[23:25:03.576 [main] INFO io.cucumber.core.plugin.SerenityReporter - Running feature from file:///D:/Mini%20Project-QE%20Alta/Web%20Automation/FrontEnd-AltaShop/src/test/resources/features/Transaction.feature
23:25:03.583 [main] DEBUG net.thucydides.core.steps.StepEventBus - Test suite started for story net.thucydides.core.model.Story@557d0d83
23:25:03.584 [main] INFO  - Test Suite Started: Register

Scenario: As a user, i can short the price of product &amp#27;[90m# src/test/resources/features/Transaction.feature:3&amp#27;[0m
23:25:03.610 [main] INFO io.cucumber.core.plugin.SerenityReporter - Running feature from file:///D:/Mini%20Project-QE%20Alta/Web%20Automation/FrontEnd-AltaShop/src/test/resources/features/Transaction.feature
23:25:03.618 [main] INFO  - 
  _____   ___   ___   _____     ___   _____     _     ___   _____   ___   ___  
 |_   _| | __| / __| |_   _|   / __| |_   _|   /_\   | _ \ |_   _| | __| |   \ 
   | |   | _|  \__ \   | |     \__ \   | |    / _ \  |   /   | |   | _|  | |) |
   |_|   |___| |___/   |_|     |___/   |_|   /_/ \_\ |_|_\   |_|   |___| |___/ 

As a user, i can short the price of product(register;as-a-user--i-can-short-the-price-of-product)
--------------------------------------------------------------------------------
23:25:03.689 [main] DEBUG net.thucydides.core.steps.StepInterceptor - STARTING STEP: TransactionStep.iAmAtOrderPage - onTransactionPage
23:25:03.693 [main] INFO net.serenitybdd.core.webdriver.driverproviders.ChromeDriverProvider - Using automatically driver download
23:25:03.883 [main] DEBUG io.github.bonigarcia.wdm.cache.ResolutionCache - Resolution chrome=101 in cache (valid until 00:21:44 16/05/2022 ICT)
23:25:03.890 [main] DEBUG io.github.bonigarcia.wdm.cache.ResolutionCache - Resolution chrome101=101.0.4951.41 in cache (valid until 22:21:42 16/05/2022 ICT)
23:25:03.893 [main] INFO io.github.bonigarcia.wdm.WebDriverManager - Using chromedriver 101.0.4951.41 (resolved driver for Chrome 101)
23:25:03.916 [main] DEBUG io.github.bonigarcia.wdm.WebDriverManager - Driver chromedriver 101.0.4951.41 found in cache
23:25:03.918 [main] INFO io.github.bonigarcia.wdm.WebDriverManager - Exporting webdriver.chrome.driver as C:\Users\Siti Nurlatipah\.cache\selenium\chromedriver\win32\101.0.4951.41\chromedriver.exe
23:25:04.095 [main] DEBUG net.serenitybdd.core.webdriver.driverproviders.ProvideNewDriver - Instantiating driver
23:25:04.095 [main] DEBUG net.serenitybdd.core.webdriver.driverproviders.ProvideNewDriver - Driver capabilities: Capabilities {acceptInsecureCerts: false, base.url: https://qa.alta.id, browserName: chrome, chrome.driver: src/test/resources/webdrive..., driver: chrome, goog:chromeOptions: {args: [], extensions: []}}
23:25:04.655 [AsyncHttpClient-1-5] DEBUG org.asynchttpclient.netty.channel.NettyConnectListener - Using new Channel '[id: 0xc1a0c0f2, L:/127.0.0.1:52405 - R:localhost/127.0.0.1:60087]' for 'POST' to '/session'
23:25:05.950 [AsyncHttpClient-1-5] DEBUG org.asynchttpclient.netty.handler.HttpHandler - 

Request DefaultHttpRequest(decodeResult: success, version: HTTP/1.1)
POST /session HTTP/1.1
User-Agent: selenium/4.1.2 (java windows)
Content-Length: 595
Content-Type: application/json; charset=utf-8
host: localhost:60087
accept: */*

Response DefaultHttpResponse(decodeResult: success, version: HTTP/1.1)
HTTP/1.1 200 OK
Content-Type: application/json; charset=utf-8
cache-control: no-cache
content-length: 792

23:25:05.950 [AsyncHttpClient-1-5] DEBUG org.asynchttpclient.netty.channel.ChannelManager - Adding key: http://localhost:60087 for channel [id: 0xc1a0c0f2, L:/127.0.0.1:52405 - R:localhost/127.0.0.1:60087]
23:25:05.965 [AsyncHttpClient-1-6] DEBUG org.asynchttpclient.netty.channel.NettyConnectListener - Using new Channel '[id: 0xc543800b, L:/127.0.0.1:52413 - R:localhost/127.0.0.1:52406]' for 'GET' to '/json/version'
23:25:05.967 [AsyncHttpClient-1-6] DEBUG org.asynchttpclient.netty.handler.HttpHandler - 

Request DefaultFullHttpRequest(decodeResult: success, version: HTTP/1.1, content: EmptyByteBufBE)
GET /json/version HTTP/1.1
User-Agent: selenium/4.1.2 (java windows)
host: localhost:52406
accept: */*

Response DefaultHttpResponse(decodeResult: success, version: HTTP/1.1)
HTTP/1.1 200 OK
Content-Type: application/json; charset=UTF-8
content-length: 427

23:25:05.968 [AsyncHttpClient-1-6] DEBUG org.asynchttpclient.netty.channel.ChannelManager - Adding key: http://localhost:52406 for channel [id: 0xc543800b, L:/127.0.0.1:52413 - R:localhost/127.0.0.1:52406]
23:25:05.973 [AsyncHttpClient-1-7] DEBUG org.asynchttpclient.netty.channel.NettyConnectListener - Using new Channel '[id: 0x66964579, L:/127.0.0.1:52414 - R:localhost/127.0.0.1:52406]' for 'GET' to '/devtools/browser/457ebfbf-4fc2-4b52-bd62-b4c70f30740f'
23:25:05.976 [AsyncHttpClient-1-7] DEBUG org.asynchttpclient.netty.handler.WebSocketHandler - 

Request DefaultFullHttpRequest(decodeResult: success, version: HTTP/1.1, content: EmptyByteBufBE)
GET /devtools/browser/457ebfbf-4fc2-4b52-bd62-b4c70f30740f HTTP/1.1
upgrade: websocket
connection: upgrade
sec-websocket-key: CHUQ3+YwasgJpuRgDKYn1g==
sec-websocket-version: 13
origin: http://localhost:52406
host: localhost:52406
accept: */*
user-agent: AHC/2.1

Response DefaultHttpResponse(decodeResult: success, version: HTTP/1.1)
HTTP/1.1 101 WebSocket Protocol Handshake
Upgrade: WebSocket
Connection: Upgrade
Sec-WebSocket-Accept: LdbiW21C405NwdHMVqmaGCAHr6Y=

23:25:05.985 [Forwarding get on session a1101e3f30afce3b5c3350a1367bd607 to remote] DEBUG org.asynchttpclient.netty.request.NettyRequestSender - Using pooled Channel '[id: 0xc1a0c0f2, L:/127.0.0.1:52405 - R:localhost/127.0.0.1:60087]' for 'POST' to 'http://localhost:60087/session/a1101e3f30afce3b5c3350a1367bd607/url'
23:25:05.985 [Forwarding get on session a1101e3f30afce3b5c3350a1367bd607 to remote] DEBUG org.asynchttpclient.netty.request.NettyRequestSender - Using open Channel [id: 0xc1a0c0f2, L:/127.0.0.1:52405 - R:localhost/127.0.0.1:60087] for POST '/session/a1101e3f30afce3b5c3350a1367bd607/url'
23:25:06.657 [AsyncHttpClient-1-1] DEBUG org.asynchttpclient.netty.channel.DefaultChannelPool - Entry count for : http://localhost:52406 : 1
23:25:07.761 [AsyncHttpClient-1-1] DEBUG org.asynchttpclient.netty.channel.DefaultChannelPool - Entry count for : http://localhost:52406 : 1
23:25:08.431 [AsyncHttpClient-1-5] DEBUG org.asynchttpclient.netty.handler.HttpHandler - 

Request DefaultHttpRequest(decodeResult: success, version: HTTP/1.1)
POST /session/a1101e3f30afce3b5c3350a1367bd607/url HTTP/1.1
User-Agent: selenium/4.1.2 (java windows)
Content-Length: 60
Content-Type: application/json; charset=utf-8
host: localhost:60087
accept: */*

Response DefaultHttpResponse(decodeResult: success, version: HTTP/1.1)
HTTP/1.1 200 OK
Content-Type: application/json; charset=utf-8
cache-control: no-cache
content-length: 14

23:25:08.431 [AsyncHttpClient-1-5] DEBUG org.asynchttpclient.netty.channel.ChannelManager - Adding key: http://localhost:60087 for channel [id: 0xc1a0c0f2, L:/127.0.0.1:52405 - R:localhost/127.0.0.1:60087]
23:25:08.436 [Forwarding setTimeout on session a1101e3f30afce3b5c3350a1367bd607 to remote] DEBUG org.asynchttpclient.netty.request.NettyRequestSender - Using pooled Channel '[id: 0xc1a0c0f2, L:/127.0.0.1:52405 - R:localhost/127.0.0.1:60087]' for 'POST' to 'http://localhost:60087/session/a1101e3f30afce3b5c3350a1367bd607/timeouts'
23:25:08.436 [Forwarding setTimeout on session a1101e3f30afce3b5c3350a1367bd607 to remote] DEBUG org.asynchttpclient.netty.request.NettyRequestSender - Using open Channel [id: 0xc1a0c0f2, L:/127.0.0.1:52405 - R:localhost/127.0.0.1:60087] for POST '/session/a1101e3f30afce3b5c3350a1367bd607/timeouts'
23:25:08.440 [AsyncHttpClient-1-5] DEBUG org.asynchttpclient.netty.handler.HttpHandler - 

Request DefaultHttpRequest(decodeResult: success, version: HTTP/1.1)
POST /session/a1101e3f30afce3b5c3350a1367bd607/timeouts HTTP/1.1
User-Agent: selenium/4.1.2 (java windows)
Content-Length: 22
Content-Type: application/json; charset=utf-8
host: localhost:60087
accept: */*

Response DefaultHttpResponse(decodeResult: success, version: HTTP/1.1)
HTTP/1.1 200 OK
Content-Type: application/json; charset=utf-8
cache-control: no-cache
content-length: 14

23:25:08.441 [AsyncHttpClient-1-5] DEBUG org.asynchttpclient.netty.channel.ChannelManager - Adding key: http://localhost:60087 for channel [id: 0xc1a0c0f2, L:/127.0.0.1:52405 - R:localhost/127.0.0.1:60087]
23:25:08.450 [Forwarding getCurrentUrl on session a1101e3f30afce3b5c3350a1367bd607 to remote] DEBUG org.asynchttpclient.netty.request.NettyRequestSender - Using pooled Channel '[id: 0xc1a0c0f2, L:/127.0.0.1:52405 - R:localhost/127.0.0.1:60087]' for 'GET' to 'http://localhost:60087/session/a1101e3f30afce3b5c3350a1367bd607/url'
23:25:08.450 [Forwarding getCurrentUrl on session a1101e3f30afce3b5c3350a1367bd607 to remote] DEBUG org.asynchttpclient.netty.request.NettyRequestSender - Using open Channel [id: 0xc1a0c0f2, L:/127.0.0.1:52405 - R:localhost/127.0.0.1:60087] for GET '/session/a1101e3f30afce3b5c3350a1367bd607/url'
23:25:08.466 [AsyncHttpClient-1-5] DEBUG org.asynchttpclient.netty.handler.HttpHandler - 

Request DefaultFullHttpRequest(decodeResult: success, version: HTTP/1.1, content: EmptyByteBufBE)
GET /session/a1101e3f30afce3b5c3350a1367bd607/url HTTP/1.1
User-Agent: selenium/4.1.2 (java windows)
Cache-Control: no-cache
Content-Type: application/json; charset=utf-8
host: localhost:60087
accept: */*

Response DefaultHttpResponse(decodeResult: success, version: HTTP/1.1)
HTTP/1.1 200 OK
Content-Type: application/json; charset=utf-8
cache-control: no-cache
content-length: 42

23:25:08.470 [AsyncHttpClient-1-5] DEBUG org.asynchttpclient.netty.channel.ChannelManager - Adding key: http://localhost:60087 for channel [id: 0xc1a0c0f2, L:/127.0.0.1:52405 - R:localhost/127.0.0.1:60087]
23:25:08.478 [main] DEBUG net.serenitybdd.core.photography.Darkroom - Opening darkroom
23:25:08.479 [Darkroom Processing Line] DEBUG net.serenitybdd.core.photography.DarkroomProcessingLine - Darkroom processing line starting up
23:25:08.479 [Forwarding screenshot on session a1101e3f30afce3b5c3350a1367bd607 to remote] DEBUG org.asynchttpclient.netty.request.NettyRequestSender - Using pooled Channel '[id: 0xc1a0c0f2, L:/127.0.0.1:52405 - R:localhost/127.0.0.1:60087]' for 'GET' to 'http://localhost:60087/session/a1101e3f30afce3b5c3350a1367bd607/screenshot'
23:25:08.479 [Forwarding screenshot on session a1101e3f30afce3b5c3350a1367bd607 to remote] DEBUG org.asynchttpclient.netty.request.NettyRequestSender - Using open Channel [id: 0xc1a0c0f2, L:/127.0.0.1:52405 - R:localhost/127.0.0.1:60087] for GET '/session/a1101e3f30afce3b5c3350a1367bd607/screenshot'
23:25:08.857 [AsyncHttpClient-1-1] DEBUG org.asynchttpclient.netty.channel.DefaultChannelPool - Entry count for : http://localhost:52406 : 1
23:25:08.906 [AsyncHttpClient-1-5] DEBUG org.asynchttpclient.netty.handler.HttpHandler - 

Request DefaultFullHttpRequest(decodeResult: success, version: HTTP/1.1, content: EmptyByteBufBE)
GET /session/a1101e3f30afce3b5c3350a1367bd607/screenshot HTTP/1.1
User-Agent: selenium/4.1.2 (java windows)
Cache-Control: no-cache
Content-Type: application/json; charset=utf-8
host: localhost:60087
accept: */*

Response DefaultHttpResponse(decodeResult: success, version: HTTP/1.1)
HTTP/1.1 200 OK
Content-Type: application/json; charset=utf-8
cache-control: no-cache
content-length: 44696

23:25:08.907 [AsyncHttpClient-1-5] DEBUG org.asynchttpclient.netty.channel.ChannelManager - Adding key: http://localhost:60087 for channel [id: 0xc1a0c0f2, L:/127.0.0.1:52405 - R:localhost/127.0.0.1:60087]
23:25:08.909 [main] DEBUG net.serenitybdd.core.photography.Darkroom - Send negative for processing for target\site\serenity\b94df4f61f8de06725b5a25075a27f3d1cabfef1a1d6f1abc925838a9152be0a.png
23:25:08.910 [main] DEBUG net.thucydides.core.steps.StepInterceptor - STEP DONE: onTransactionPage
  &amp#27;[32mGiven &amp#27;[0m&amp#27;[32m&amp#27;[0m&amp#27;[32m&amp#27;[1mI&amp#27;[0m&amp#27;[32m am at transaction page&amp#27;[0m                      &amp#27;[90m# stepdefinitions.TransactionStep.iAmAtOrderPage(java.lang.String)&amp#27;[0m
23:25:08.910 [Darkroom Processing Line] DEBUG net.serenitybdd.core.photography.DarkroomProcessingLine - Processing screenshot image in /var/screenshots/screenshot-1324712410261392224
23:25:08.910 [Darkroom Processing Line] DEBUG net.serenitybdd.core.photography.DarkroomProcessingLine - Saving screenshot to target\site\serenity\b94df4f61f8de06725b5a25075a27f3d1cabfef1a1d6f1abc925838a9152be0a.png
23:25:08.930 [main] DEBUG net.thucydides.core.steps.StepInterceptor - STARTING STEP: TransactionStep.iClickBayarButton - toLoginPage
23:25:08.933 [Forwarding findElement on session a1101e3f30afce3b5c3350a1367bd607 to remote] DEBUG org.asynchttpclient.netty.request.NettyRequestSender - Using pooled Channel '[id: 0xc1a0c0f2, L:/127.0.0.1:52405 - R:localhost/127.0.0.1:60087]' for 'POST' to 'http://localhost:60087/session/a1101e3f30afce3b5c3350a1367bd607/element'
23:25:08.934 [Forwarding findElement on session a1101e3f30afce3b5c3350a1367bd607 to remote] DEBUG org.asynchttpclient.netty.request.NettyRequestSender - Using open Channel [id: 0xc1a0c0f2, L:/127.0.0.1:52405 - R:localhost/127.0.0.1:60087] for POST '/session/a1101e3f30afce3b5c3350a1367bd607/element'
23:25:08.950 [AsyncHttpClient-1-5] DEBUG org.asynchttpclient.netty.handler.HttpHandler - 

Request DefaultHttpRequest(decodeResult: success, version: HTTP/1.1)
POST /session/a1101e3f30afce3b5c3350a1367bd607/element HTTP/1.1
User-Agent: selenium/4.1.2 (java windows)
Content-Length: 125
Content-Type: application/json; charset=utf-8
host: localhost:60087
accept: */*

Response DefaultHttpResponse(decodeResult: success, version: HTTP/1.1)
HTTP/1.1 200 OK
Content-Type: application/json; charset=utf-8
cache-control: no-cache
content-length: 88

23:25:08.951 [AsyncHttpClient-1-5] DEBUG org.asynchttpclient.netty.channel.ChannelManager - Adding key: http://localhost:60087 for channel [id: 0xc1a0c0f2, L:/127.0.0.1:52405 - R:localhost/127.0.0.1:60087]
23:25:08.953 [Forwarding getElementTagName on session a1101e3f30afce3b5c3350a1367bd607 to remote] DEBUG org.asynchttpclient.netty.request.NettyRequestSender - Using pooled Channel '[id: 0xc1a0c0f2, L:/127.0.0.1:52405 - R:localhost/127.0.0.1:60087]' for 'GET' to 'http://localhost:60087/session/a1101e3f30afce3b5c3350a1367bd607/element/07deb1c3-96c3-406a-a4d7-37bc5db27eab/name'
23:25:08.953 [Forwarding getElementTagName on session a1101e3f30afce3b5c3350a1367bd607 to remote] DEBUG org.asynchttpclient.netty.request.NettyRequestSender - Using open Channel [id: 0xc1a0c0f2, L:/127.0.0.1:52405 - R:localhost/127.0.0.1:60087] for GET '/session/a1101e3f30afce3b5c3350a1367bd607/element/07deb1c3-96c3-406a-a4d7-37bc5db27eab/name'
23:25:08.960 [AsyncHttpClient-1-5] DEBUG org.asynchttpclient.netty.handler.HttpHandler - 

Request DefaultFullHttpRequest(decodeResult: success, version: HTTP/1.1, content: EmptyByteBufBE)
GET /session/a1101e3f30afce3b5c3350a1367bd607/element/07deb1c3-96c3-406a-a4d7-37bc5db27eab/name HTTP/1.1
User-Agent: selenium/4.1.2 (java windows)
Cache-Control: no-cache
Content-Type: application/json; charset=utf-8
host: localhost:60087
accept: */*

Response DefaultHttpResponse(decodeResult: success, version: HTTP/1.1)
HTTP/1.1 200 OK
Content-Type: application/json; charset=utf-8
cache-control: no-cache
content-length: 13

23:25:08.960 [AsyncHttpClient-1-5] DEBUG org.asynchttpclient.netty.channel.ChannelManager - Adding key: http://localhost:60087 for channel [id: 0xc1a0c0f2, L:/127.0.0.1:52405 - R:localhost/127.0.0.1:60087]
23:25:08.962 [Forwarding getElementTagName on session a1101e3f30afce3b5c3350a1367bd607 to remote] DEBUG org.asynchttpclient.netty.request.NettyRequestSender - Using pooled Channel '[id: 0xc1a0c0f2, L:/127.0.0.1:52405 - R:localhost/127.0.0.1:60087]' for 'GET' to 'http://localhost:60087/session/a1101e3f30afce3b5c3350a1367bd607/element/07deb1c3-96c3-406a-a4d7-37bc5db27eab/name'
23:25:08.962 [Forwarding getElementTagName on session a1101e3f30afce3b5c3350a1367bd607 to remote] DEBUG org.asynchttpclient.netty.request.NettyRequestSender - Using open Channel [id: 0xc1a0c0f2, L:/127.0.0.1:52405 - R:localhost/127.0.0.1:60087] for GET '/session/a1101e3f30afce3b5c3350a1367bd607/element/07deb1c3-96c3-406a-a4d7-37bc5db27eab/name'
23:25:08.969 [AsyncHttpClient-1-5] DEBUG org.asynchttpclient.netty.handler.HttpHandler - 

Request DefaultFullHttpRequest(decodeResult: success, version: HTTP/1.1, content: EmptyByteBufBE)
GET /session/a1101e3f30afce3b5c3350a1367bd607/element/07deb1c3-96c3-406a-a4d7-37bc5db27eab/name HTTP/1.1
User-Agent: selenium/4.1.2 (java windows)
Cache-Control: no-cache
Content-Type: application/json; charset=utf-8
host: localhost:60087
accept: */*

Response DefaultHttpResponse(decodeResult: success, version: HTTP/1.1)
HTTP/1.1 200 OK
Content-Type: application/json; charset=utf-8
cache-control: no-cache
content-length: 13

23:25:08.970 [AsyncHttpClient-1-5] DEBUG org.asynchttpclient.netty.channel.ChannelManager - Adding key: http://localhost:60087 for channel [id: 0xc1a0c0f2, L:/127.0.0.1:52405 - R:localhost/127.0.0.1:60087]
23:25:08.972 [Forwarding findElement on session a1101e3f30afce3b5c3350a1367bd607 to remote] DEBUG org.asynchttpclient.netty.request.NettyRequestSender - Using pooled Channel '[id: 0xc1a0c0f2, L:/127.0.0.1:52405 - R:localhost/127.0.0.1:60087]' for 'POST' to 'http://localhost:60087/session/a1101e3f30afce3b5c3350a1367bd607/element'
23:25:08.972 [Forwarding findElement on session a1101e3f30afce3b5c3350a1367bd607 to remote] DEBUG org.asynchttpclient.netty.request.NettyRequestSender - Using open Channel [id: 0xc1a0c0f2, L:/127.0.0.1:52405 - R:localhost/127.0.0.1:60087] for POST '/session/a1101e3f30afce3b5c3350a1367bd607/element'
23:25:08.983 [AsyncHttpClient-1-5] DEBUG org.asynchttpclient.netty.handler.HttpHandler - 

Request DefaultHttpRequest(decodeResult: success, version: HTTP/1.1)
POST /session/a1101e3f30afce3b5c3350a1367bd607/element HTTP/1.1
User-Agent: selenium/4.1.2 (java windows)
Content-Length: 125
Content-Type: application/json; charset=utf-8
host: localhost:60087
accept: */*

Response DefaultHttpResponse(decodeResult: success, version: HTTP/1.1)
HTTP/1.1 200 OK
Content-Type: application/json; charset=utf-8
cache-control: no-cache
content-length: 88

23:25:08.983 [AsyncHttpClient-1-5] DEBUG org.asynchttpclient.netty.channel.ChannelManager - Adding key: http://localhost:60087 for channel [id: 0xc1a0c0f2, L:/127.0.0.1:52405 - R:localhost/127.0.0.1:60087]
23:25:08.985 [Forwarding clickElement on session a1101e3f30afce3b5c3350a1367bd607 to remote] DEBUG org.asynchttpclient.netty.request.NettyRequestSender - Using pooled Channel '[id: 0xc1a0c0f2, L:/127.0.0.1:52405 - R:localhost/127.0.0.1:60087]' for 'POST' to 'http://localhost:60087/session/a1101e3f30afce3b5c3350a1367bd607/element/07deb1c3-96c3-406a-a4d7-37bc5db27eab/click'
23:25:08.985 [Forwarding clickElement on session a1101e3f30afce3b5c3350a1367bd607 to remote] DEBUG org.asynchttpclient.netty.request.NettyRequestSender - Using open Channel [id: 0xc1a0c0f2, L:/127.0.0.1:52405 - R:localhost/127.0.0.1:60087] for POST '/session/a1101e3f30afce3b5c3350a1367bd607/element/07deb1c3-96c3-406a-a4d7-37bc5db27eab/click'
23:25:09.038 [AsyncHttpClient-1-5] DEBUG org.asynchttpclient.netty.handler.HttpHandler - 

Request DefaultHttpRequest(decodeResult: success, version: HTTP/1.1)
POST /session/a1101e3f30afce3b5c3350a1367bd607/element/07deb1c3-96c3-406a-a4d7-37bc5db27eab/click HTTP/1.1
User-Agent: selenium/4.1.2 (java windows)
Content-Length: 50
Content-Type: application/json; charset=utf-8
host: localhost:60087
accept: */*

Response DefaultHttpResponse(decodeResult: success, version: HTTP/1.1)
HTTP/1.1 200 OK
Content-Type: application/json; charset=utf-8
cache-control: no-cache
content-length: 14

23:25:09.038 [AsyncHttpClient-1-5] DEBUG org.asynchttpclient.netty.channel.ChannelManager - Adding key: http://localhost:60087 for channel [id: 0xc1a0c0f2, L:/127.0.0.1:52405 - R:localhost/127.0.0.1:60087]
23:25:09.059 [Forwarding screenshot on session a1101e3f30afce3b5c3350a1367bd607 to remote] DEBUG org.asynchttpclient.netty.request.NettyRequestSender - Using pooled Channel '[id: 0xc1a0c0f2, L:/127.0.0.1:52405 - R:localhost/127.0.0.1:60087]' for 'GET' to 'http://localhost:60087/session/a1101e3f30afce3b5c3350a1367bd607/screenshot'
23:25:09.059 [Forwarding screenshot on session a1101e3f30afce3b5c3350a1367bd607 to remote] DEBUG org.asynchttpclient.netty.request.NettyRequestSender - Using open Channel [id: 0xc1a0c0f2, L:/127.0.0.1:52405 - R:localhost/127.0.0.1:60087] for GET '/session/a1101e3f30afce3b5c3350a1367bd607/screenshot'
23:25:09.421 [AsyncHttpClient-1-5] DEBUG org.asynchttpclient.netty.handler.HttpHandler - 

Request DefaultFullHttpRequest(decodeResult: success, version: HTTP/1.1, content: EmptyByteBufBE)
GET /session/a1101e3f30afce3b5c3350a1367bd607/screenshot HTTP/1.1
User-Agent: selenium/4.1.2 (java windows)
Cache-Control: no-cache
Content-Type: application/json; charset=utf-8
host: localhost:60087
accept: */*

Response DefaultHttpResponse(decodeResult: success, version: HTTP/1.1)
HTTP/1.1 200 OK
Content-Type: application/json; charset=utf-8
cache-control: no-cache
content-length: 40940

23:25:09.422 [AsyncHttpClient-1-5] DEBUG org.asynchttpclient.netty.channel.ChannelManager - Adding key: http://localhost:60087 for channel [id: 0xc1a0c0f2, L:/127.0.0.1:52405 - R:localhost/127.0.0.1:60087]
23:25:09.428 [main] DEBUG net.serenitybdd.core.photography.Darkroom - Send negative for processing for target\site\serenity\c7a2836e49fa91f72189d694c2c81086e706d9f1f60ed54dc344c3fe3b1603dd.png
23:25:09.428 [main] DEBUG net.thucydides.core.steps.StepInterceptor - STEP DONE: toLoginPage
  &amp#27;[32mWhen &amp#27;[0m&amp#27;[32mI click login-button&amp#27;[0m                           &amp#27;[90m# stepdefinitions.TransactionStep.iClickBayarButton()&amp#27;[0m
23:25:09.429 [Darkroom Processing Line] DEBUG net.serenitybdd.core.photography.DarkroomProcessingLine - Processing screenshot image in /var/screenshots/screenshot-12757402920345798691
23:25:09.429 [Darkroom Processing Line] DEBUG net.serenitybdd.core.photography.DarkroomProcessingLine - Saving screenshot to target\site\serenity\c7a2836e49fa91f72189d694c2c81086e706d9f1f60ed54dc344c3fe3b1603dd.png
23:25:09.452 [main] DEBUG net.thucydides.core.steps.StepInterceptor - STARTING STEP: TransactionStep.inputEmail - typeMyEmail
23:25:09.455 [Forwarding findElement on session a1101e3f30afce3b5c3350a1367bd607 to remote] DEBUG org.asynchttpclient.netty.request.NettyRequestSender - Using pooled Channel '[id: 0xc1a0c0f2, L:/127.0.0.1:52405 - R:localhost/127.0.0.1:60087]' for 'POST' to 'http://localhost:60087/session/a1101e3f30afce3b5c3350a1367bd607/element'
23:25:09.455 [Forwarding findElement on session a1101e3f30afce3b5c3350a1367bd607 to remote] DEBUG org.asynchttpclient.netty.request.NettyRequestSender - Using open Channel [id: 0xc1a0c0f2, L:/127.0.0.1:52405 - R:localhost/127.0.0.1:60087] for POST '/session/a1101e3f30afce3b5c3350a1367bd607/element'
23:25:09.476 [AsyncHttpClient-1-5] DEBUG org.asynchttpclient.netty.handler.HttpHandler - 

Request DefaultHttpRequest(decodeResult: success, version: HTTP/1.1)
POST /session/a1101e3f30afce3b5c3350a1367bd607/element HTTP/1.1
User-Agent: selenium/4.1.2 (java windows)
Content-Length: 84
Content-Type: application/json; charset=utf-8
host: localhost:60087
accept: */*

Response DefaultHttpResponse(decodeResult: success, version: HTTP/1.1)
HTTP/1.1 200 OK
Content-Type: application/json; charset=utf-8
cache-control: no-cache
content-length: 88

23:25:09.477 [AsyncHttpClient-1-5] DEBUG org.asynchttpclient.netty.channel.ChannelManager - Adding key: http://localhost:60087 for channel [id: 0xc1a0c0f2, L:/127.0.0.1:52405 - R:localhost/127.0.0.1:60087]
23:25:09.482 [Forwarding sendKeysToElement on session a1101e3f30afce3b5c3350a1367bd607 to remote] DEBUG org.asynchttpclient.netty.request.NettyRequestSender - Using pooled Channel '[id: 0xc1a0c0f2, L:/127.0.0.1:52405 - R:localhost/127.0.0.1:60087]' for 'POST' to 'http://localhost:60087/session/a1101e3f30afce3b5c3350a1367bd607/element/f1e454e2-6da8-40fb-ba06-ce6c28c49b5b/value'
23:25:09.483 [Forwarding sendKeysToElement on session a1101e3f30afce3b5c3350a1367bd607 to remote] DEBUG org.asynchttpclient.netty.request.NettyRequestSender - Using open Channel [id: 0xc1a0c0f2, L:/127.0.0.1:52405 - R:localhost/127.0.0.1:60087] for POST '/session/a1101e3f30afce3b5c3350a1367bd607/element/f1e454e2-6da8-40fb-ba06-ce6c28c49b5b/value'
23:25:09.839 [AsyncHttpClient-1-5] DEBUG org.asynchttpclient.netty.handler.HttpHandler - 

Request DefaultHttpRequest(decodeResult: success, version: HTTP/1.1)
POST /session/a1101e3f30afce3b5c3350a1367bd607/element/f1e454e2-6da8-40fb-ba06-ce6c28c49b5b/value HTTP/1.1
User-Agent: selenium/4.1.2 (java windows)
Content-Length: 361
Content-Type: application/json; charset=utf-8
host: localhost:60087
accept: */*

Response DefaultHttpResponse(decodeResult: success, version: HTTP/1.1)
HTTP/1.1 200 OK
Content-Type: application/json; charset=utf-8
cache-control: no-cache
content-length: 14

23:25:09.840 [AsyncHttpClient-1-5] DEBUG org.asynchttpclient.netty.channel.ChannelManager - Adding key: http://localhost:60087 for channel [id: 0xc1a0c0f2, L:/127.0.0.1:52405 - R:localhost/127.0.0.1:60087]
23:25:09.845 [Forwarding screenshot on session a1101e3f30afce3b5c3350a1367bd607 to remote] DEBUG org.asynchttpclient.netty.request.NettyRequestSender - Using pooled Channel '[id: 0xc1a0c0f2, L:/127.0.0.1:52405 - R:localhost/127.0.0.1:60087]' for 'GET' to 'http://localhost:60087/session/a1101e3f30afce3b5c3350a1367bd607/screenshot'
23:25:09.845 [Forwarding screenshot on session a1101e3f30afce3b5c3350a1367bd607 to remote] DEBUG org.asynchttpclient.netty.request.NettyRequestSender - Using open Channel [id: 0xc1a0c0f2, L:/127.0.0.1:52405 - R:localhost/127.0.0.1:60087] for GET '/session/a1101e3f30afce3b5c3350a1367bd607/screenshot'
23:25:09.958 [AsyncHttpClient-1-1] DEBUG org.asynchttpclient.netty.channel.DefaultChannelPool - Entry count for : http://localhost:52406 : 1
23:25:10.138 [AsyncHttpClient-1-5] DEBUG org.asynchttpclient.netty.handler.HttpHandler - 

Request DefaultFullHttpRequest(decodeResult: success, version: HTTP/1.1, content: EmptyByteBufBE)
GET /session/a1101e3f30afce3b5c3350a1367bd607/screenshot HTTP/1.1
User-Agent: selenium/4.1.2 (java windows)
Cache-Control: no-cache
Content-Type: application/json; charset=utf-8
host: localhost:60087
accept: */*

Response DefaultHttpResponse(decodeResult: success, version: HTTP/1.1)
HTTP/1.1 200 OK
Content-Type: application/json; charset=utf-8
cache-control: no-cache
content-length: 48972

23:25:10.138 [AsyncHttpClient-1-5] DEBUG org.asynchttpclient.netty.channel.ChannelManager - Adding key: http://localhost:60087 for channel [id: 0xc1a0c0f2, L:/127.0.0.1:52405 - R:localhost/127.0.0.1:60087]
23:25:10.141 [main] DEBUG net.serenitybdd.core.photography.Darkroom - Send negative for processing for target\site\serenity\b9c550c5af79bff2637137825657dd2651ec07fb945a2b1a34de161a6817e6be.png
23:25:10.141 [main] DEBUG net.thucydides.core.steps.StepInterceptor - STEP DONE: typeMyEmail
  &amp#27;[32mAnd &amp#27;[0m&amp#27;[32mI type the email &amp#27;[0m&amp#27;[32m&amp#27;[1mlandon.mcdermott@hotmail.com&amp#27;[0m   &amp#27;[90m# stepdefinitions.TransactionStep.inputEmail(java.lang.String)&amp#27;[0m
23:25:10.177 [main] DEBUG net.thucydides.core.steps.StepInterceptor - STARTING STEP: TransactionStep.inputPassword - typeMyPassword
23:25:10.181 [Forwarding findElement on session a1101e3f30afce3b5c3350a1367bd607 to remote] DEBUG org.asynchttpclient.netty.request.NettyRequestSender - Using pooled Channel '[id: 0xc1a0c0f2, L:/127.0.0.1:52405 - R:localhost/127.0.0.1:60087]' for 'POST' to 'http://localhost:60087/session/a1101e3f30afce3b5c3350a1367bd607/element'
23:25:10.181 [Forwarding findElement on session a1101e3f30afce3b5c3350a1367bd607 to remote] DEBUG org.asynchttpclient.netty.request.NettyRequestSender - Using open Channel [id: 0xc1a0c0f2, L:/127.0.0.1:52405 - R:localhost/127.0.0.1:60087] for POST '/session/a1101e3f30afce3b5c3350a1367bd607/element'
23:25:10.204 [AsyncHttpClient-1-5] DEBUG org.asynchttpclient.netty.handler.HttpHandler - 

Request DefaultHttpRequest(decodeResult: success, version: HTTP/1.1)
POST /session/a1101e3f30afce3b5c3350a1367bd607/element HTTP/1.1
User-Agent: selenium/4.1.2 (java windows)
Content-Length: 87
Content-Type: application/json; charset=utf-8
host: localhost:60087
accept: */*

Response DefaultHttpResponse(decodeResult: success, version: HTTP/1.1)
HTTP/1.1 200 OK
Content-Type: application/json; charset=utf-8
cache-control: no-cache
content-length: 88

23:25:10.204 [AsyncHttpClient-1-5] DEBUG org.asynchttpclient.netty.channel.ChannelManager - Adding key: http://localhost:60087 for channel [id: 0xc1a0c0f2, L:/127.0.0.1:52405 - R:localhost/127.0.0.1:60087]
23:25:10.206 [Forwarding sendKeysToElement on session a1101e3f30afce3b5c3350a1367bd607 to remote] DEBUG org.asynchttpclient.netty.request.NettyRequestSender - Using pooled Channel '[id: 0xc1a0c0f2, L:/127.0.0.1:52405 - R:localhost/127.0.0.1:60087]' for 'POST' to 'http://localhost:60087/session/a1101e3f30afce3b5c3350a1367bd607/element/65450fc4-a565-4d53-bf00-22c794e4efe9/value'
23:25:10.207 [Forwarding sendKeysToElement on session a1101e3f30afce3b5c3350a1367bd607 to remote] DEBUG org.asynchttpclient.netty.request.NettyRequestSender - Using open Channel [id: 0xc1a0c0f2, L:/127.0.0.1:52405 - R:localhost/127.0.0.1:60087] for POST '/session/a1101e3f30afce3b5c3350a1367bd607/element/65450fc4-a565-4d53-bf00-22c794e4efe9/value'
23:25:10.370 [AsyncHttpClient-1-5] DEBUG org.asynchttpclient.netty.handler.HttpHandler - 

Request DefaultHttpRequest(decodeResult: success, version: HTTP/1.1)
POST /session/a1101e3f30afce3b5c3350a1367bd607/element/65450fc4-a565-4d53-bf00-22c794e4efe9/value HTTP/1.1
User-Agent: selenium/4.1.2 (java windows)
Content-Length: 131
Content-Type: application/json; charset=utf-8
host: localhost:60087
accept: */*

Response DefaultHttpResponse(decodeResult: success, version: HTTP/1.1)
HTTP/1.1 200 OK
Content-Type: application/json; charset=utf-8
cache-control: no-cache
content-length: 14

23:25:10.371 [AsyncHttpClient-1-5] DEBUG org.asynchttpclient.netty.channel.ChannelManager - Adding key: http://localhost:60087 for channel [id: 0xc1a0c0f2, L:/127.0.0.1:52405 - R:localhost/127.0.0.1:60087]
23:25:10.383 [Forwarding screenshot on session a1101e3f30afce3b5c3350a1367bd607 to remote] DEBUG org.asynchttpclient.netty.request.NettyRequestSender - Using pooled Channel '[id: 0xc1a0c0f2, L:/127.0.0.1:52405 - R:localhost/127.0.0.1:60087]' for 'GET' to 'http://localhost:60087/session/a1101e3f30afce3b5c3350a1367bd607/screenshot'
23:25:10.383 [Forwarding screenshot on session a1101e3f30afce3b5c3350a1367bd607 to remote] DEBUG org.asynchttpclient.netty.request.NettyRequestSender - Using open Channel [id: 0xc1a0c0f2, L:/127.0.0.1:52405 - R:localhost/127.0.0.1:60087] for GET '/session/a1101e3f30afce3b5c3350a1367bd607/screenshot'
23:25:10.595 [AsyncHttpClient-1-5] DEBUG org.asynchttpclient.netty.handler.HttpHandler - 

Request DefaultFullHttpRequest(decodeResult: success, version: HTTP/1.1, content: EmptyByteBufBE)
GET /session/a1101e3f30afce3b5c3350a1367bd607/screenshot HTTP/1.1
User-Agent: selenium/4.1.2 (java windows)
Cache-Control: no-cache
Content-Type: application/json; charset=utf-8
host: localhost:60087
accept: */*

Response DefaultHttpResponse(decodeResult: success, version: HTTP/1.1)
HTTP/1.1 200 OK
Content-Type: application/json; charset=utf-8
cache-control: no-cache
content-length: 50784

23:25:10.596 [AsyncHttpClient-1-5] DEBUG org.asynchttpclient.netty.channel.ChannelManager - Adding key: http://localhost:60087 for channel [id: 0xc1a0c0f2, L:/127.0.0.1:52405 - R:localhost/127.0.0.1:60087]
23:25:10.600 [main] DEBUG net.serenitybdd.core.photography.Darkroom - Send negative for processing for target\site\serenity\69de6e2935c42ce96fc3a95c60021d9f9565056c6b4e664b54c19d62be7a5ce9.png
23:25:10.600 [main] DEBUG net.thucydides.core.steps.StepInterceptor - STEP DONE: typeMyPassword
23:25:10.601 [Darkroom Processing Line] DEBUG net.serenitybdd.core.photography.DarkroomProcessingLine - Processing screenshot image in /var/screenshots/screenshot-14812480404014528665
23:25:10.601 [Darkroom Processing Line] DEBUG net.serenitybdd.core.photography.DarkroomProcessingLine - Saving screenshot to target\site\serenity\69de6e2935c42ce96fc3a95c60021d9f9565056c6b4e664b54c19d62be7a5ce9.png
23:25:10.610 [main] DEBUG net.thucydides.core.steps.StepInterceptor - STARTING STEP: TransactionStep.inputPassword - clickLoginButton
23:25:10.615 [Forwarding findElement on session a1101e3f30afce3b5c3350a1367bd607 to remote] DEBUG org.asynchttpclient.netty.request.NettyRequestSender - Using pooled Channel '[id: 0xc1a0c0f2, L:/127.0.0.1:52405 - R:localhost/127.0.0.1:60087]' for 'POST' to 'http://localhost:60087/session/a1101e3f30afce3b5c3350a1367bd607/element'
23:25:10.615 [Forwarding findElement on session a1101e3f30afce3b5c3350a1367bd607 to remote] DEBUG org.asynchttpclient.netty.request.NettyRequestSender - Using open Channel [id: 0xc1a0c0f2, L:/127.0.0.1:52405 - R:localhost/127.0.0.1:60087] for POST '/session/a1101e3f30afce3b5c3350a1367bd607/element'
23:25:10.634 [AsyncHttpClient-1-5] DEBUG org.asynchttpclient.netty.handler.HttpHandler - 

Request DefaultHttpRequest(decodeResult: success, version: HTTP/1.1)
POST /session/a1101e3f30afce3b5c3350a1367bd607/element HTTP/1.1
User-Agent: selenium/4.1.2 (java windows)
Content-Length: 155
Content-Type: application/json; charset=utf-8
host: localhost:60087
accept: */*

Response DefaultHttpResponse(decodeResult: success, version: HTTP/1.1)
HTTP/1.1 200 OK
Content-Type: application/json; charset=utf-8
cache-control: no-cache
content-length: 88

23:25:10.634 [AsyncHttpClient-1-5] DEBUG org.asynchttpclient.netty.channel.ChannelManager - Adding key: http://localhost:60087 for channel [id: 0xc1a0c0f2, L:/127.0.0.1:52405 - R:localhost/127.0.0.1:60087]
23:25:10.637 [Forwarding getElementTagName on session a1101e3f30afce3b5c3350a1367bd607 to remote] DEBUG org.asynchttpclient.netty.request.NettyRequestSender - Using pooled Channel '[id: 0xc1a0c0f2, L:/127.0.0.1:52405 - R:localhost/127.0.0.1:60087]' for 'GET' to 'http://localhost:60087/session/a1101e3f30afce3b5c3350a1367bd607/element/15ee9049-4a47-49b6-a9fc-d7d204cf8da7/name'
23:25:10.637 [Forwarding getElementTagName on session a1101e3f30afce3b5c3350a1367bd607 to remote] DEBUG org.asynchttpclient.netty.request.NettyRequestSender - Using open Channel [id: 0xc1a0c0f2, L:/127.0.0.1:52405 - R:localhost/127.0.0.1:60087] for GET '/session/a1101e3f30afce3b5c3350a1367bd607/element/15ee9049-4a47-49b6-a9fc-d7d204cf8da7/name'
23:25:10.646 [AsyncHttpClient-1-5] DEBUG org.asynchttpclient.netty.handler.HttpHandler - 

Request DefaultFullHttpRequest(decodeResult: success, version: HTTP/1.1, content: EmptyByteBufBE)
GET /session/a1101e3f30afce3b5c3350a1367bd607/element/15ee9049-4a47-49b6-a9fc-d7d204cf8da7/name HTTP/1.1
User-Agent: selenium/4.1.2 (java windows)
Cache-Control: no-cache
Content-Type: application/json; charset=utf-8
host: localhost:60087
accept: */*

Response DefaultHttpResponse(decodeResult: success, version: HTTP/1.1)
HTTP/1.1 200 OK
Content-Type: application/json; charset=utf-8
cache-control: no-cache
content-length: 18

23:25:10.646 [AsyncHttpClient-1-5] DEBUG org.asynchttpclient.netty.channel.ChannelManager - Adding key: http://localhost:60087 for channel [id: 0xc1a0c0f2, L:/127.0.0.1:52405 - R:localhost/127.0.0.1:60087]
23:25:10.650 [Forwarding getElementTagName on session a1101e3f30afce3b5c3350a1367bd607 to remote] DEBUG org.asynchttpclient.netty.request.NettyRequestSender - Using pooled Channel '[id: 0xc1a0c0f2, L:/127.0.0.1:52405 - R:localhost/127.0.0.1:60087]' for 'GET' to 'http://localhost:60087/session/a1101e3f30afce3b5c3350a1367bd607/element/15ee9049-4a47-49b6-a9fc-d7d204cf8da7/name'
23:25:10.650 [Forwarding getElementTagName on session a1101e3f30afce3b5c3350a1367bd607 to remote] DEBUG org.asynchttpclient.netty.request.NettyRequestSender - Using open Channel [id: 0xc1a0c0f2, L:/127.0.0.1:52405 - R:localhost/127.0.0.1:60087] for GET '/session/a1101e3f30afce3b5c3350a1367bd607/element/15ee9049-4a47-49b6-a9fc-d7d204cf8da7/name'
23:25:10.656 [AsyncHttpClient-1-5] DEBUG org.asynchttpclient.netty.handler.HttpHandler - 

Request DefaultFullHttpRequest(decodeResult: success, version: HTTP/1.1, content: EmptyByteBufBE)
GET /session/a1101e3f30afce3b5c3350a1367bd607/element/15ee9049-4a47-49b6-a9fc-d7d204cf8da7/name HTTP/1.1
User-Agent: selenium/4.1.2 (java windows)
Cache-Control: no-cache
Content-Type: application/json; charset=utf-8
host: localhost:60087
accept: */*

Response DefaultHttpResponse(decodeResult: success, version: HTTP/1.1)
HTTP/1.1 200 OK
Content-Type: application/json; charset=utf-8
cache-control: no-cache
content-length: 18

23:25:10.656 [AsyncHttpClient-1-5] DEBUG org.asynchttpclient.netty.channel.ChannelManager - Adding key: http://localhost:60087 for channel [id: 0xc1a0c0f2, L:/127.0.0.1:52405 - R:localhost/127.0.0.1:60087]
23:25:10.659 [Forwarding isElementEnabled on session a1101e3f30afce3b5c3350a1367bd607 to remote] DEBUG org.asynchttpclient.netty.request.NettyRequestSender - Using pooled Channel '[id: 0xc1a0c0f2, L:/127.0.0.1:52405 - R:localhost/127.0.0.1:60087]' for 'GET' to 'http://localhost:60087/session/a1101e3f30afce3b5c3350a1367bd607/element/15ee9049-4a47-49b6-a9fc-d7d204cf8da7/enabled'
23:25:10.659 [Forwarding isElementEnabled on session a1101e3f30afce3b5c3350a1367bd607 to remote] DEBUG org.asynchttpclient.netty.request.NettyRequestSender - Using open Channel [id: 0xc1a0c0f2, L:/127.0.0.1:52405 - R:localhost/127.0.0.1:60087] for GET '/session/a1101e3f30afce3b5c3350a1367bd607/element/15ee9049-4a47-49b6-a9fc-d7d204cf8da7/enabled'
23:25:10.672 [AsyncHttpClient-1-5] DEBUG org.asynchttpclient.netty.handler.HttpHandler - 

Request DefaultFullHttpRequest(decodeResult: success, version: HTTP/1.1, content: EmptyByteBufBE)
GET /session/a1101e3f30afce3b5c3350a1367bd607/element/15ee9049-4a47-49b6-a9fc-d7d204cf8da7/enabled HTTP/1.1
User-Agent: selenium/4.1.2 (java windows)
Cache-Control: no-cache
Content-Type: application/json; charset=utf-8
host: localhost:60087
accept: */*

Response DefaultHttpResponse(decodeResult: success, version: HTTP/1.1)
HTTP/1.1 200 OK
Content-Type: application/json; charset=utf-8
cache-control: no-cache
content-length: 14

23:25:10.672 [AsyncHttpClient-1-5] DEBUG org.asynchttpclient.netty.channel.ChannelManager - Adding key: http://localhost:60087 for channel [id: 0xc1a0c0f2, L:/127.0.0.1:52405 - R:localhost/127.0.0.1:60087]
23:25:10.674 [Forwarding isElementEnabled on session a1101e3f30afce3b5c3350a1367bd607 to remote] DEBUG org.asynchttpclient.netty.request.NettyRequestSender - Using pooled Channel '[id: 0xc1a0c0f2, L:/127.0.0.1:52405 - R:localhost/127.0.0.1:60087]' for 'GET' to 'http://localhost:60087/session/a1101e3f30afce3b5c3350a1367bd607/element/15ee9049-4a47-49b6-a9fc-d7d204cf8da7/enabled'
23:25:10.674 [Forwarding isElementEnabled on session a1101e3f30afce3b5c3350a1367bd607 to remote] DEBUG org.asynchttpclient.netty.request.NettyRequestSender - Using open Channel [id: 0xc1a0c0f2, L:/127.0.0.1:52405 - R:localhost/127.0.0.1:60087] for GET '/session/a1101e3f30afce3b5c3350a1367bd607/element/15ee9049-4a47-49b6-a9fc-d7d204cf8da7/enabled'
23:25:10.683 [AsyncHttpClient-1-5] DEBUG org.asynchttpclient.netty.handler.HttpHandler - 

Request DefaultFullHttpRequest(decodeResult: success, version: HTTP/1.1, content: EmptyByteBufBE)
GET /session/a1101e3f30afce3b5c3350a1367bd607/element/15ee9049-4a47-49b6-a9fc-d7d204cf8da7/enabled HTTP/1.1
User-Agent: selenium/4.1.2 (java windows)
Cache-Control: no-cache
Content-Type: application/json; charset=utf-8
host: localhost:60087
accept: */*

Response DefaultHttpResponse(decodeResult: success, version: HTTP/1.1)
HTTP/1.1 200 OK
Content-Type: application/json; charset=utf-8
cache-control: no-cache
content-length: 14

23:25:10.684 [AsyncHttpClient-1-5] DEBUG org.asynchttpclient.netty.channel.ChannelManager - Adding key: http://localhost:60087 for channel [id: 0xc1a0c0f2, L:/127.0.0.1:52405 - R:localhost/127.0.0.1:60087]
23:25:10.686 [Forwarding findElement on session a1101e3f30afce3b5c3350a1367bd607 to remote] DEBUG org.asynchttpclient.netty.request.NettyRequestSender - Using pooled Channel '[id: 0xc1a0c0f2, L:/127.0.0.1:52405 - R:localhost/127.0.0.1:60087]' for 'POST' to 'http://localhost:60087/session/a1101e3f30afce3b5c3350a1367bd607/element'
23:25:10.686 [Forwarding findElement on session a1101e3f30afce3b5c3350a1367bd607 to remote] DEBUG org.asynchttpclient.netty.request.NettyRequestSender - Using open Channel [id: 0xc1a0c0f2, L:/127.0.0.1:52405 - R:localhost/127.0.0.1:60087] for POST '/session/a1101e3f30afce3b5c3350a1367bd607/element'
23:25:10.696 [AsyncHttpClient-1-5] DEBUG org.asynchttpclient.netty.handler.HttpHandler - 

Request DefaultHttpRequest(decodeResult: success, version: HTTP/1.1)
POST /session/a1101e3f30afce3b5c3350a1367bd607/element HTTP/1.1
User-Agent: selenium/4.1.2 (java windows)
Content-Length: 155
Content-Type: application/json; charset=utf-8
host: localhost:60087
accept: */*

Response DefaultHttpResponse(decodeResult: success, version: HTTP/1.1)
HTTP/1.1 200 OK
Content-Type: application/json; charset=utf-8
cache-control: no-cache
content-length: 88

23:25:10.697 [AsyncHttpClient-1-5] DEBUG org.asynchttpclient.netty.channel.ChannelManager - Adding key: http://localhost:60087 for channel [id: 0xc1a0c0f2, L:/127.0.0.1:52405 - R:localhost/127.0.0.1:60087]
23:25:10.699 [Forwarding clickElement on session a1101e3f30afce3b5c3350a1367bd607 to remote] DEBUG org.asynchttpclient.netty.request.NettyRequestSender - Using pooled Channel '[id: 0xc1a0c0f2, L:/127.0.0.1:52405 - R:localhost/127.0.0.1:60087]' for 'POST' to 'http://localhost:60087/session/a1101e3f30afce3b5c3350a1367bd607/element/15ee9049-4a47-49b6-a9fc-d7d204cf8da7/click'
23:25:10.700 [Forwarding clickElement on session a1101e3f30afce3b5c3350a1367bd607 to remote] DEBUG org.asynchttpclient.netty.request.NettyRequestSender - Using open Channel [id: 0xc1a0c0f2, L:/127.0.0.1:52405 - R:localhost/127.0.0.1:60087] for POST '/session/a1101e3f30afce3b5c3350a1367bd607/element/15ee9049-4a47-49b6-a9fc-d7d204cf8da7/click'
23:25:10.769 [AsyncHttpClient-1-5] DEBUG org.asynchttpclient.netty.handler.HttpHandler - 

Request DefaultHttpRequest(decodeResult: success, version: HTTP/1.1)
POST /session/a1101e3f30afce3b5c3350a1367bd607/element/15ee9049-4a47-49b6-a9fc-d7d204cf8da7/click HTTP/1.1
User-Agent: selenium/4.1.2 (java windows)
Content-Length: 50
Content-Type: application/json; charset=utf-8
host: localhost:60087
accept: */*

Response DefaultHttpResponse(decodeResult: success, version: HTTP/1.1)
HTTP/1.1 200 OK
Content-Type: application/json; charset=utf-8
cache-control: no-cache
content-length: 14

23:25:10.769 [AsyncHttpClient-1-5] DEBUG org.asynchttpclient.netty.channel.ChannelManager - Adding key: http://localhost:60087 for channel [id: 0xc1a0c0f2, L:/127.0.0.1:52405 - R:localhost/127.0.0.1:60087]
23:25:10.780 [Forwarding screenshot on session a1101e3f30afce3b5c3350a1367bd607 to remote] DEBUG org.asynchttpclient.netty.request.NettyRequestSender - Using pooled Channel '[id: 0xc1a0c0f2, L:/127.0.0.1:52405 - R:localhost/127.0.0.1:60087]' for 'GET' to 'http://localhost:60087/session/a1101e3f30afce3b5c3350a1367bd607/screenshot'
23:25:10.781 [Forwarding screenshot on session a1101e3f30afce3b5c3350a1367bd607 to remote] DEBUG org.asynchttpclient.netty.request.NettyRequestSender - Using open Channel [id: 0xc1a0c0f2, L:/127.0.0.1:52405 - R:localhost/127.0.0.1:60087] for GET '/session/a1101e3f30afce3b5c3350a1367bd607/screenshot'
23:25:11.061 [AsyncHttpClient-1-1] DEBUG org.asynchttpclient.netty.channel.DefaultChannelPool - Entry count for : http://localhost:52406 : 1
23:25:11.250 [AsyncHttpClient-1-5] DEBUG org.asynchttpclient.netty.handler.HttpHandler - 

Request DefaultFullHttpRequest(decodeResult: success, version: HTTP/1.1, content: EmptyByteBufBE)
GET /session/a1101e3f30afce3b5c3350a1367bd607/screenshot HTTP/1.1
User-Agent: selenium/4.1.2 (java windows)
Cache-Control: no-cache
Content-Type: application/json; charset=utf-8
host: localhost:60087
accept: */*

Response DefaultHttpResponse(decodeResult: success, version: HTTP/1.1)
HTTP/1.1 200 OK
Content-Type: application/json; charset=utf-8
cache-control: no-cache
content-length: 50208

23:25:11.251 [AsyncHttpClient-1-5] DEBUG org.asynchttpclient.netty.channel.ChannelManager - Adding key: http://localhost:60087 for channel [id: 0xc1a0c0f2, L:/127.0.0.1:52405 - R:localhost/127.0.0.1:60087]
23:25:11.254 [main] DEBUG net.serenitybdd.core.photography.Darkroom - Send negative for processing for target\site\serenity\6d48d040c030bf971ee758f3261b080d00664d13030d9107b3d87b4e149d9192.png
23:25:11.255 [main] DEBUG net.thucydides.core.steps.StepInterceptor - STEP DONE: clickLoginButton
23:25:11.256 [Darkroom Processing Line] DEBUG net.serenitybdd.core.photography.DarkroomProcessingLine - Processing screenshot image in /var/screenshots/screenshot-17657935611314381313
23:25:11.256 [Darkroom Processing Line] DEBUG net.serenitybdd.core.photography.DarkroomProcessingLine - Saving screenshot to target\site\serenity\6d48d040c030bf971ee758f3261b080d00664d13030d9107b3d87b4e149d9192.png
  &amp#27;[32mAnd &amp#27;[0m&amp#27;[32mI type the password &amp#27;[0m&amp#27;[32m&amp#27;[1maiueo&amp#27;[0m                       &amp#27;[90m# stepdefinitions.TransactionStep.inputPassword(java.lang.String)&amp#27;[0m
23:25:11.306 [Forwarding screenshot on session a1101e3f30afce3b5c3350a1367bd607 to remote] DEBUG org.asynchttpclient.netty.request.NettyRequestSender - Using pooled Channel '[id: 0xc1a0c0f2, L:/127.0.0.1:52405 - R:localhost/127.0.0.1:60087]' for 'GET' to 'http://localhost:60087/session/a1101e3f30afce3b5c3350a1367bd607/screenshot'
23:25:11.306 [Forwarding screenshot on session a1101e3f30afce3b5c3350a1367bd607 to remote] DEBUG org.asynchttpclient.netty.request.NettyRequestSender - Using open Channel [id: 0xc1a0c0f2, L:/127.0.0.1:52405 - R:localhost/127.0.0.1:60087] for GET '/session/a1101e3f30afce3b5c3350a1367bd607/screenshot'
23:25:12.166 [AsyncHttpClient-1-1] DEBUG org.asynchttpclient.netty.channel.DefaultChannelPool - Entry count for : http://localhost:52406 : 1
23:25:13.269 [AsyncHttpClient-1-1] DEBUG org.asynchttpclient.netty.channel.DefaultChannelPool - Entry count for : http://localhost:52406 : 1
23:25:14.014 [AsyncHttpClient-1-5] DEBUG org.asynchttpclient.netty.handler.HttpHandler - 

Request DefaultFullHttpRequest(decodeResult: success, version: HTTP/1.1, content: EmptyByteBufBE)
GET /session/a1101e3f30afce3b5c3350a1367bd607/screenshot HTTP/1.1
User-Agent: selenium/4.1.2 (java windows)
Cache-Control: no-cache
Content-Type: application/json; charset=utf-8
host: localhost:60087
accept: */*

Response DefaultHttpResponse(decodeResult: success, version: HTTP/1.1)
HTTP/1.1 200 OK
Content-Type: application/json; charset=utf-8
cache-control: no-cache
content-length: 42656

23:25:14.015 [AsyncHttpClient-1-5] DEBUG org.asynchttpclient.netty.channel.ChannelManager - Adding key: http://localhost:60087 for channel [id: 0xc1a0c0f2, L:/127.0.0.1:52405 - R:localhost/127.0.0.1:60087]
23:25:14.017 [main] DEBUG net.serenitybdd.core.photography.Darkroom - Send negative for processing for target\site\serenity\7a0c03de46e58f1ee08cf07782f152b86485554a7795d23a9e6c9c6b58fec1b4.png
23:25:14.018 [main] DEBUG net.thucydides.core.steps.StepInterceptor - STARTING STEP: TransactionStep.goToTransactionPage - onTransactionPage
23:25:14.018 [Darkroom Processing Line] DEBUG net.serenitybdd.core.photography.DarkroomProcessingLine - Processing screenshot image in /var/screenshots/screenshot-8822056128832935286
23:25:14.018 [Darkroom Processing Line] DEBUG net.serenitybdd.core.photography.DarkroomProcessingLine - Saving screenshot to target\site\serenity\7a0c03de46e58f1ee08cf07782f152b86485554a7795d23a9e6c9c6b58fec1b4.png
23:25:14.021 [Forwarding get on session a1101e3f30afce3b5c3350a1367bd607 to remote] DEBUG org.asynchttpclient.netty.request.NettyRequestSender - Using pooled Channel '[id: 0xc1a0c0f2, L:/127.0.0.1:52405 - R:localhost/127.0.0.1:60087]' for 'POST' to 'http://localhost:60087/session/a1101e3f30afce3b5c3350a1367bd607/url'
23:25:14.021 [Forwarding get on session a1101e3f30afce3b5c3350a1367bd607 to remote] DEBUG org.asynchttpclient.netty.request.NettyRequestSender - Using open Channel [id: 0xc1a0c0f2, L:/127.0.0.1:52405 - R:localhost/127.0.0.1:60087] for POST '/session/a1101e3f30afce3b5c3350a1367bd607/url'
23:25:14.361 [AsyncHttpClient-1-1] DEBUG org.asynchttpclient.netty.channel.DefaultChannelPool - Entry count for : http://localhost:52406 : 1
23:25:14.590 [AsyncHttpClient-1-5] DEBUG org.asynchttpclient.netty.handler.HttpHandler - 

Request DefaultHttpRequest(decodeResult: success, version: HTTP/1.1)
POST /session/a1101e3f30afce3b5c3350a1367bd607/url HTTP/1.1
User-Agent: selenium/4.1.2 (java windows)
Content-Length: 60
Content-Type: application/json; charset=utf-8
host: localhost:60087
accept: */*

Response DefaultHttpResponse(decodeResult: success, version: HTTP/1.1)
HTTP/1.1 200 OK
Content-Type: application/json; charset=utf-8
cache-control: no-cache
content-length: 14

23:25:14.591 [AsyncHttpClient-1-5] DEBUG org.asynchttpclient.netty.channel.ChannelManager - Adding key: http://localhost:60087 for channel [id: 0xc1a0c0f2, L:/127.0.0.1:52405 - R:localhost/127.0.0.1:60087]
23:25:14.594 [Forwarding getCurrentUrl on session a1101e3f30afce3b5c3350a1367bd607 to remote] DEBUG org.asynchttpclient.netty.request.NettyRequestSender - Using pooled Channel '[id: 0xc1a0c0f2, L:/127.0.0.1:52405 - R:localhost/127.0.0.1:60087]' for 'GET' to 'http://localhost:60087/session/a1101e3f30afce3b5c3350a1367bd607/url'
23:25:14.594 [Forwarding getCurrentUrl on session a1101e3f30afce3b5c3350a1367bd607 to remote] DEBUG org.asynchttpclient.netty.request.NettyRequestSender - Using open Channel [id: 0xc1a0c0f2, L:/127.0.0.1:52405 - R:localhost/127.0.0.1:60087] for GET '/session/a1101e3f30afce3b5c3350a1367bd607/url'
23:25:14.602 [AsyncHttpClient-1-5] DEBUG org.asynchttpclient.netty.handler.HttpHandler - 

Request DefaultFullHttpRequest(decodeResult: success, version: HTTP/1.1, content: EmptyByteBufBE)
GET /session/a1101e3f30afce3b5c3350a1367bd607/url HTTP/1.1
User-Agent: selenium/4.1.2 (java windows)
Cache-Control: no-cache
Content-Type: application/json; charset=utf-8
host: localhost:60087
accept: */*

Response DefaultHttpResponse(decodeResult: success, version: HTTP/1.1)
HTTP/1.1 200 OK
Content-Type: application/json; charset=utf-8
cache-control: no-cache
content-length: 42

23:25:14.602 [AsyncHttpClient-1-5] DEBUG org.asynchttpclient.netty.channel.ChannelManager - Adding key: http://localhost:60087 for channel [id: 0xc1a0c0f2, L:/127.0.0.1:52405 - R:localhost/127.0.0.1:60087]
23:25:14.608 [Forwarding screenshot on session a1101e3f30afce3b5c3350a1367bd607 to remote] DEBUG org.asynchttpclient.netty.request.NettyRequestSender - Using pooled Channel '[id: 0xc1a0c0f2, L:/127.0.0.1:52405 - R:localhost/127.0.0.1:60087]' for 'GET' to 'http://localhost:60087/session/a1101e3f30afce3b5c3350a1367bd607/screenshot'
23:25:14.608 [Forwarding screenshot on session a1101e3f30afce3b5c3350a1367bd607 to remote] DEBUG org.asynchttpclient.netty.request.NettyRequestSender - Using open Channel [id: 0xc1a0c0f2, L:/127.0.0.1:52405 - R:localhost/127.0.0.1:60087] for GET '/session/a1101e3f30afce3b5c3350a1367bd607/screenshot'
23:25:14.814 [AsyncHttpClient-1-5] DEBUG org.asynchttpclient.netty.handler.HttpHandler - 

Request DefaultFullHttpRequest(decodeResult: success, version: HTTP/1.1, content: EmptyByteBufBE)
GET /session/a1101e3f30afce3b5c3350a1367bd607/screenshot HTTP/1.1
User-Agent: selenium/4.1.2 (java windows)
Cache-Control: no-cache
Content-Type: application/json; charset=utf-8
host: localhost:60087
accept: */*

Response DefaultHttpResponse(decodeResult: success, version: HTTP/1.1)
HTTP/1.1 200 OK
Content-Type: application/json; charset=utf-8
cache-control: no-cache
content-length: 44764

23:25:14.815 [AsyncHttpClient-1-5] DEBUG org.asynchttpclient.netty.channel.ChannelManager - Adding key: http://localhost:60087 for channel [id: 0xc1a0c0f2, L:/127.0.0.1:52405 - R:localhost/127.0.0.1:60087]
23:25:14.822 [main] DEBUG net.serenitybdd.core.photography.Darkroom - Send negative for processing for target\site\serenity\5cf66c54f3e9a5a44b08952e5604f89f944accd4f53904671ebc7ee5cf222aa9.png
23:25:14.822 [main] DEBUG net.thucydides.core.steps.StepInterceptor - STEP DONE: onTransactionPage
  &amp#27;[32mAnd &amp#27;[0m&amp#27;[32mI go to transaction page&amp#27;[0m                        &amp#27;[90m# stepdefinitions.TransactionStep.goToTransactionPage()&amp#27;[0m
23:25:14.824 [Darkroom Processing Line] DEBUG net.serenitybdd.core.photography.DarkroomProcessingLine - Processing screenshot image in /var/screenshots/screenshot-15967057782905862609
23:25:14.824 [Darkroom Processing Line] DEBUG net.serenitybdd.core.photography.DarkroomProcessingLine - Saving screenshot to target\site\serenity\5cf66c54f3e9a5a44b08952e5604f89f944accd4f53904671ebc7ee5cf222aa9.png
23:25:14.856 [main] DEBUG net.thucydides.core.steps.StepInterceptor - STARTING STEP: TransactionStep.clickPriceField - shortPrice
23:25:14.859 [Forwarding findElement on session a1101e3f30afce3b5c3350a1367bd607 to remote] DEBUG org.asynchttpclient.netty.request.NettyRequestSender - Using pooled Channel '[id: 0xc1a0c0f2, L:/127.0.0.1:52405 - R:localhost/127.0.0.1:60087]' for 'POST' to 'http://localhost:60087/session/a1101e3f30afce3b5c3350a1367bd607/element'
23:25:14.859 [Forwarding findElement on session a1101e3f30afce3b5c3350a1367bd607 to remote] DEBUG org.asynchttpclient.netty.request.NettyRequestSender - Using open Channel [id: 0xc1a0c0f2, L:/127.0.0.1:52405 - R:localhost/127.0.0.1:60087] for POST '/session/a1101e3f30afce3b5c3350a1367bd607/element'
23:25:14.864 [AsyncHttpClient-1-5] DEBUG org.asynchttpclient.netty.handler.HttpHandler - 

Request DefaultHttpRequest(decodeResult: success, version: HTTP/1.1)
POST /session/a1101e3f30afce3b5c3350a1367bd607/element HTTP/1.1
User-Agent: selenium/4.1.2 (java windows)
Content-Length: 56
Content-Type: application/json; charset=utf-8
host: localhost:60087
accept: */*

Response DefaultHttpResponse(decodeResult: success, version: HTTP/1.1)
HTTP/1.1 400 Bad Request
Content-Type: application/json; charset=utf-8
cache-control: no-cache
content-length: 957

23:25:14.865 [AsyncHttpClient-1-5] DEBUG org.asynchttpclient.netty.channel.ChannelManager - Adding key: http://localhost:60087 for channel [id: 0xc1a0c0f2, L:/127.0.0.1:52405 - R:localhost/127.0.0.1:60087]
23:25:14.867 [Forwarding findElement on session a1101e3f30afce3b5c3350a1367bd607 to remote] DEBUG org.asynchttpclient.netty.request.NettyRequestSender - Using pooled Channel '[id: 0xc1a0c0f2, L:/127.0.0.1:52405 - R:localhost/127.0.0.1:60087]' for 'POST' to 'http://localhost:60087/session/a1101e3f30afce3b5c3350a1367bd607/element'
23:25:14.868 [Forwarding findElement on session a1101e3f30afce3b5c3350a1367bd607 to remote] DEBUG org.asynchttpclient.netty.request.NettyRequestSender - Using open Channel [id: 0xc1a0c0f2, L:/127.0.0.1:52405 - R:localhost/127.0.0.1:60087] for POST '/session/a1101e3f30afce3b5c3350a1367bd607/element'
23:25:14.885 [AsyncHttpClient-1-5] DEBUG org.asynchttpclient.netty.handler.HttpHandler - 

Request DefaultHttpRequest(decodeResult: success, version: HTTP/1.1)
POST /session/a1101e3f30afce3b5c3350a1367bd607/element HTTP/1.1
User-Agent: selenium/4.1.2 (java windows)
Content-Length: 70
Content-Type: application/json; charset=utf-8
host: localhost:60087
accept: */*

Response DefaultHttpResponse(decodeResult: success, version: HTTP/1.1)
HTTP/1.1 200 OK
Content-Type: application/json; charset=utf-8
cache-control: no-cache
content-length: 88

23:25:14.885 [AsyncHttpClient-1-5] DEBUG org.asynchttpclient.netty.channel.ChannelManager - Adding key: http://localhost:60087 for channel [id: 0xc1a0c0f2, L:/127.0.0.1:52405 - R:localhost/127.0.0.1:60087]
23:25:14.887 [Forwarding getElementTagName on session a1101e3f30afce3b5c3350a1367bd607 to remote] DEBUG org.asynchttpclient.netty.request.NettyRequestSender - Using pooled Channel '[id: 0xc1a0c0f2, L:/127.0.0.1:52405 - R:localhost/127.0.0.1:60087]' for 'GET' to 'http://localhost:60087/session/a1101e3f30afce3b5c3350a1367bd607/element/f9ff8f72-5833-48b1-aed9-b7a3df179c0b/name'
23:25:14.888 [Forwarding getElementTagName on session a1101e3f30afce3b5c3350a1367bd607 to remote] DEBUG org.asynchttpclient.netty.request.NettyRequestSender - Using open Channel [id: 0xc1a0c0f2, L:/127.0.0.1:52405 - R:localhost/127.0.0.1:60087] for GET '/session/a1101e3f30afce3b5c3350a1367bd607/element/f9ff8f72-5833-48b1-aed9-b7a3df179c0b/name'
23:25:14.894 [AsyncHttpClient-1-5] DEBUG org.asynchttpclient.netty.handler.HttpHandler - 

Request DefaultFullHttpRequest(decodeResult: success, version: HTTP/1.1, content: EmptyByteBufBE)
GET /session/a1101e3f30afce3b5c3350a1367bd607/element/f9ff8f72-5833-48b1-aed9-b7a3df179c0b/name HTTP/1.1
User-Agent: selenium/4.1.2 (java windows)
Cache-Control: no-cache
Content-Type: application/json; charset=utf-8
host: localhost:60087
accept: */*

Response DefaultHttpResponse(decodeResult: success, version: HTTP/1.1)
HTTP/1.1 200 OK
Content-Type: application/json; charset=utf-8
cache-control: no-cache
content-length: 17

23:25:14.894 [AsyncHttpClient-1-5] DEBUG org.asynchttpclient.netty.channel.ChannelManager - Adding key: http://localhost:60087 for channel [id: 0xc1a0c0f2, L:/127.0.0.1:52405 - R:localhost/127.0.0.1:60087]
23:25:14.896 [Forwarding getElementTagName on session a1101e3f30afce3b5c3350a1367bd607 to remote] DEBUG org.asynchttpclient.netty.request.NettyRequestSender - Using pooled Channel '[id: 0xc1a0c0f2, L:/127.0.0.1:52405 - R:localhost/127.0.0.1:60087]' for 'GET' to 'http://localhost:60087/session/a1101e3f30afce3b5c3350a1367bd607/element/f9ff8f72-5833-48b1-aed9-b7a3df179c0b/name'
23:25:14.896 [Forwarding getElementTagName on session a1101e3f30afce3b5c3350a1367bd607 to remote] DEBUG org.asynchttpclient.netty.request.NettyRequestSender - Using open Channel [id: 0xc1a0c0f2, L:/127.0.0.1:52405 - R:localhost/127.0.0.1:60087] for GET '/session/a1101e3f30afce3b5c3350a1367bd607/element/f9ff8f72-5833-48b1-aed9-b7a3df179c0b/name'
23:25:14.903 [AsyncHttpClient-1-5] DEBUG org.asynchttpclient.netty.handler.HttpHandler - 

Request DefaultFullHttpRequest(decodeResult: success, version: HTTP/1.1, content: EmptyByteBufBE)
GET /session/a1101e3f30afce3b5c3350a1367bd607/element/f9ff8f72-5833-48b1-aed9-b7a3df179c0b/name HTTP/1.1
User-Agent: selenium/4.1.2 (java windows)
Cache-Control: no-cache
Content-Type: application/json; charset=utf-8
host: localhost:60087
accept: */*

Response DefaultHttpResponse(decodeResult: success, version: HTTP/1.1)
HTTP/1.1 200 OK
Content-Type: application/json; charset=utf-8
cache-control: no-cache
content-length: 17

23:25:14.904 [AsyncHttpClient-1-5] DEBUG org.asynchttpclient.netty.channel.ChannelManager - Adding key: http://localhost:60087 for channel [id: 0xc1a0c0f2, L:/127.0.0.1:52405 - R:localhost/127.0.0.1:60087]
23:25:14.906 [Forwarding findElement on session a1101e3f30afce3b5c3350a1367bd607 to remote] DEBUG org.asynchttpclient.netty.request.NettyRequestSender - Using pooled Channel '[id: 0xc1a0c0f2, L:/127.0.0.1:52405 - R:localhost/127.0.0.1:60087]' for 'POST' to 'http://localhost:60087/session/a1101e3f30afce3b5c3350a1367bd607/element'
23:25:14.906 [Forwarding findElement on session a1101e3f30afce3b5c3350a1367bd607 to remote] DEBUG org.asynchttpclient.netty.request.NettyRequestSender - Using open Channel [id: 0xc1a0c0f2, L:/127.0.0.1:52405 - R:localhost/127.0.0.1:60087] for POST '/session/a1101e3f30afce3b5c3350a1367bd607/element'
23:25:14.916 [AsyncHttpClient-1-5] DEBUG org.asynchttpclient.netty.handler.HttpHandler - 

Request DefaultHttpRequest(decodeResult: success, version: HTTP/1.1)
POST /session/a1101e3f30afce3b5c3350a1367bd607/element HTTP/1.1
User-Agent: selenium/4.1.2 (java windows)
Content-Length: 70
Content-Type: application/json; charset=utf-8
host: localhost:60087
accept: */*

Response DefaultHttpResponse(decodeResult: success, version: HTTP/1.1)
HTTP/1.1 200 OK
Content-Type: application/json; charset=utf-8
cache-control: no-cache
content-length: 88

23:25:14.917 [AsyncHttpClient-1-5] DEBUG org.asynchttpclient.netty.channel.ChannelManager - Adding key: http://localhost:60087 for channel [id: 0xc1a0c0f2, L:/127.0.0.1:52405 - R:localhost/127.0.0.1:60087]
23:25:14.941 [Forwarding clickElement on session a1101e3f30afce3b5c3350a1367bd607 to remote] DEBUG org.asynchttpclient.netty.request.NettyRequestSender - Using pooled Channel '[id: 0xc1a0c0f2, L:/127.0.0.1:52405 - R:localhost/127.0.0.1:60087]' for 'POST' to 'http://localhost:60087/session/a1101e3f30afce3b5c3350a1367bd607/element/f9ff8f72-5833-48b1-aed9-b7a3df179c0b/click'
23:25:14.941 [Forwarding clickElement on session a1101e3f30afce3b5c3350a1367bd607 to remote] DEBUG org.asynchttpclient.netty.request.NettyRequestSender - Using open Channel [id: 0xc1a0c0f2, L:/127.0.0.1:52405 - R:localhost/127.0.0.1:60087] for POST '/session/a1101e3f30afce3b5c3350a1367bd607/element/f9ff8f72-5833-48b1-aed9-b7a3df179c0b/click'
23:25:15.021 [AsyncHttpClient-1-5] DEBUG org.asynchttpclient.netty.handler.HttpHandler - 

Request DefaultHttpRequest(decodeResult: success, version: HTTP/1.1)
POST /session/a1101e3f30afce3b5c3350a1367bd607/element/f9ff8f72-5833-48b1-aed9-b7a3df179c0b/click HTTP/1.1
User-Agent: selenium/4.1.2 (java windows)
Content-Length: 50
Content-Type: application/json; charset=utf-8
host: localhost:60087
accept: */*

Response DefaultHttpResponse(decodeResult: success, version: HTTP/1.1)
HTTP/1.1 200 OK
Content-Type: application/json; charset=utf-8
cache-control: no-cache
content-length: 14

23:25:15.022 [AsyncHttpClient-1-5] DEBUG org.asynchttpclient.netty.channel.ChannelManager - Adding key: http://localhost:60087 for channel [id: 0xc1a0c0f2, L:/127.0.0.1:52405 - R:localhost/127.0.0.1:60087]
23:25:15.029 [Forwarding screenshot on session a1101e3f30afce3b5c3350a1367bd607 to remote] DEBUG org.asynchttpclient.netty.request.NettyRequestSender - Using pooled Channel '[id: 0xc1a0c0f2, L:/127.0.0.1:52405 - R:localhost/127.0.0.1:60087]' for 'GET' to 'http://localhost:60087/session/a1101e3f30afce3b5c3350a1367bd607/screenshot'
23:25:15.029 [Forwarding screenshot on session a1101e3f30afce3b5c3350a1367bd607 to remote] DEBUG org.asynchttpclient.netty.request.NettyRequestSender - Using open Channel [id: 0xc1a0c0f2, L:/127.0.0.1:52405 - R:localhost/127.0.0.1:60087] for GET '/session/a1101e3f30afce3b5c3350a1367bd607/screenshot'
23:25:15.291 [AsyncHttpClient-1-5] DEBUG org.asynchttpclient.netty.handler.HttpHandler - 

Request DefaultFullHttpRequest(decodeResult: success, version: HTTP/1.1, content: EmptyByteBufBE)
GET /session/a1101e3f30afce3b5c3350a1367bd607/screenshot HTTP/1.1
User-Agent: selenium/4.1.2 (java windows)
Cache-Control: no-cache
Content-Type: application/json; charset=utf-8
host: localhost:60087
accept: */*

Response DefaultHttpResponse(decodeResult: success, version: HTTP/1.1)
HTTP/1.1 200 OK
Content-Type: application/json; charset=utf-8
cache-control: no-cache
content-length: 45816

23:25:15.291 [AsyncHttpClient-1-5] DEBUG org.asynchttpclient.netty.channel.ChannelManager - Adding key: http://localhost:60087 for channel [id: 0xc1a0c0f2, L:/127.0.0.1:52405 - R:localhost/127.0.0.1:60087]
23:25:15.294 [main] DEBUG net.serenitybdd.core.photography.Darkroom - Send negative for processing for target\site\serenity\0cb8126bc4c4639ec927820f0b960d4cf67fa727614abaf0971a5fdba8d9fbb9.png
23:25:15.294 [main] DEBUG net.thucydides.core.steps.StepInterceptor - STEP DONE: shortPrice
  &amp#27;[32mAnd &amp#27;[0m&amp#27;[32mI click price field&amp#27;[0m                             &amp#27;[90m# stepdefinitions.TransactionStep.clickPriceField()&amp#27;[0m
23:25:15.295 [Darkroom Processing Line] DEBUG net.serenitybdd.core.photography.DarkroomProcessingLine - Processing screenshot image in /var/screenshots/screenshot-1249672473320247547
23:25:15.295 [Darkroom Processing Line] DEBUG net.serenitybdd.core.photography.DarkroomProcessingLine - Saving screenshot to target\site\serenity\0cb8126bc4c4639ec927820f0b960d4cf67fa727614abaf0971a5fdba8d9fbb9.png
23:25:15.328 [main] DEBUG net.thucydides.core.steps.StepInterceptor - STARTING STEP: TransactionStep.iOnTransactionPage - tableListShort
23:25:15.331 [Forwarding findElement on session a1101e3f30afce3b5c3350a1367bd607 to remote] DEBUG org.asynchttpclient.netty.request.NettyRequestSender - Using pooled Channel '[id: 0xc1a0c0f2, L:/127.0.0.1:52405 - R:localhost/127.0.0.1:60087]' for 'POST' to 'http://localhost:60087/session/a1101e3f30afce3b5c3350a1367bd607/element'
23:25:15.331 [Forwarding findElement on session a1101e3f30afce3b5c3350a1367bd607 to remote] DEBUG org.asynchttpclient.netty.request.NettyRequestSender - Using open Channel [id: 0xc1a0c0f2, L:/127.0.0.1:52405 - R:localhost/127.0.0.1:60087] for POST '/session/a1101e3f30afce3b5c3350a1367bd607/element'
23:25:15.355 [AsyncHttpClient-1-5] DEBUG org.asynchttpclient.netty.handler.HttpHandler - 

Request DefaultHttpRequest(decodeResult: success, version: HTTP/1.1)
POST /session/a1101e3f30afce3b5c3350a1367bd607/element HTTP/1.1
User-Agent: selenium/4.1.2 (java windows)
Content-Length: 152
Content-Type: application/json; charset=utf-8
host: localhost:60087
accept: */*

Response DefaultHttpResponse(decodeResult: success, version: HTTP/1.1)
HTTP/1.1 200 OK
Content-Type: application/json; charset=utf-8
cache-control: no-cache
content-length: 88

23:25:15.355 [AsyncHttpClient-1-5] DEBUG org.asynchttpclient.netty.channel.ChannelManager - Adding key: http://localhost:60087 for channel [id: 0xc1a0c0f2, L:/127.0.0.1:52405 - R:localhost/127.0.0.1:60087]
23:25:15.362 [Forwarding screenshot on session a1101e3f30afce3b5c3350a1367bd607 to remote] DEBUG org.asynchttpclient.netty.request.NettyRequestSender - Using pooled Channel '[id: 0xc1a0c0f2, L:/127.0.0.1:52405 - R:localhost/127.0.0.1:60087]' for 'GET' to 'http://localhost:60087/session/a1101e3f30afce3b5c3350a1367bd607/screenshot'
23:25:15.362 [Forwarding screenshot on session a1101e3f30afce3b5c3350a1367bd607 to remote] DEBUG org.asynchttpclient.netty.request.NettyRequestSender - Using open Channel [id: 0xc1a0c0f2, L:/127.0.0.1:52405 - R:localhost/127.0.0.1:60087] for GET '/session/a1101e3f30afce3b5c3350a1367bd607/screenshot'
23:25:15.459 [AsyncHttpClient-1-1] DEBUG org.asynchttpclient.netty.channel.DefaultChannelPool - Entry count for : http://localhost:52406 : 1
23:25:15.516 [AsyncHttpClient-1-5] DEBUG org.asynchttpclient.netty.handler.HttpHandler - 

Request DefaultFullHttpRequest(decodeResult: success, version: HTTP/1.1, content: EmptyByteBufBE)
GET /session/a1101e3f30afce3b5c3350a1367bd607/screenshot HTTP/1.1
User-Agent: selenium/4.1.2 (java windows)
Cache-Control: no-cache
Content-Type: application/json; charset=utf-8
host: localhost:60087
accept: */*

Response DefaultHttpResponse(decodeResult: success, version: HTTP/1.1)
HTTP/1.1 200 OK
Content-Type: application/json; charset=utf-8
cache-control: no-cache
content-length: 45812

23:25:15.517 [AsyncHttpClient-1-5] DEBUG org.asynchttpclient.netty.channel.ChannelManager - Adding key: http://localhost:60087 for channel [id: 0xc1a0c0f2, L:/127.0.0.1:52405 - R:localhost/127.0.0.1:60087]
23:25:15.519 [main] DEBUG net.serenitybdd.core.photography.Darkroom - Send negative for processing for target\site\serenity\22316fb3864d909993e9f6f0bfc60e21df263e02b171b0207ab8e6e128cd8d01.png
23:25:15.520 [main] DEBUG net.thucydides.core.steps.StepInterceptor - STEP DONE: tableListShort
  &amp#27;[32mThen &amp#27;[0m&amp#27;[32mThe table start from lowlest price&amp#27;[0m             &amp#27;[90m# stepdefinitions.TransactionStep.iOnTransactionPage()&amp#27;[0m
23:25:15.520 [Darkroom Processing Line] DEBUG net.serenitybdd.core.photography.DarkroomProcessingLine - Processing screenshot image in /var/screenshots/screenshot-13346880830250952520
23:25:15.520 [Darkroom Processing Line] DEBUG net.serenitybdd.core.photography.DarkroomProcessingLine - Saving screenshot to target\site\serenity\22316fb3864d909993e9f6f0bfc60e21df263e02b171b0207ab8e6e128cd8d01.png
23:25:15.530 [main] INFO  - 
  _____   ___   ___   _____     ___     _     ___   ___   ___   ___  
 |_   _| | __| / __| |_   _|   | _ \   /_\   / __| / __| | __| |   \ 
   | |   | _|  \__ \   | |     |  _/  / _ \  \__ \ \__ \ | _|  | |) |
   |_|   |___| |___/   |_|     |_|   /_/ \_\ |___/ |___/ |___| |___/ 

As a user, i can short the price of product
----------------------------------------------------------------------
23:25:15.532 [AsyncHttpClient-1-7] DEBUG org.asynchttpclient.netty.handler.WebSocketHandler - Channel Closed: [id: 0x66964579, L:/127.0.0.1:52414 ! R:localhost/127.0.0.1:52406] with attribute NettyResponseFuture{currentRetry=5,
	isDone=1,
	isCancelled=0,
	asyncHandler=org.asynchttpclient.ws.WebSocketUpgradeHandler@355d93d3,
	nettyRequest=org.asynchttpclient.netty.request.NettyRequest@53f60d42,
	future=java.util.concurrent.CompletableFuture@50c4c84a[Completed normally],
	uri=ws://localhost:52406/devtools/browser/457ebfbf-4fc2-4b52-bd62-b4c70f30740f,
	keepAlive=true,
	redirectCount=0,
	timeoutsHolder=null,
	inAuth=0,
	touch=1652631905976}
23:25:15.533 [AsyncHttpClient-1-7] DEBUG org.asynchttpclient.netty.channel.ChannelManager - Closing Channel [id: 0x66964579, L:/127.0.0.1:52414 ! R:localhost/127.0.0.1:52406] 
23:25:15.533 [Driver Command Executor] DEBUG org.asynchttpclient.netty.request.NettyRequestSender - Using pooled Channel '[id: 0xc1a0c0f2, L:/127.0.0.1:52405 - R:localhost/127.0.0.1:60087]' for 'DELETE' to 'http://localhost:60087/session/a1101e3f30afce3b5c3350a1367bd607'
23:25:15.533 [Driver Command Executor] DEBUG org.asynchttpclient.netty.request.NettyRequestSender - Using open Channel [id: 0xc1a0c0f2, L:/127.0.0.1:52405 - R:localhost/127.0.0.1:60087] for DELETE '/session/a1101e3f30afce3b5c3350a1367bd607'
23:25:15.663 [AsyncHttpClient-1-6] DEBUG org.asynchttpclient.netty.handler.HttpHandler - Unexpected I/O exception on channel [id: 0xc543800b, L:/127.0.0.1:52413 - R:localhost/127.0.0.1:52406]
java.io.IOException: An existing connection was forcibly closed by the remote host
	at java.base/sun.nio.ch.SocketDispatcher.read0(Native Method)
	at java.base/sun.nio.ch.SocketDispatcher.read(SocketDispatcher.java:43)
	at java.base/sun.nio.ch.IOUtil.readIntoNativeBuffer(IOUtil.java:276)
	at java.base/sun.nio.ch.IOUtil.read(IOUtil.java:233)
	at java.base/sun.nio.ch.IOUtil.read(IOUtil.java:223)
	at java.base/sun.nio.ch.SocketChannelImpl.read(SocketChannelImpl.java:358)
	at io.netty.buffer.PooledByteBuf.setBytes(PooledByteBuf.java:258)
	at io.netty.buffer.AbstractByteBuf.writeBytes(AbstractByteBuf.java:1132)
	at io.netty.channel.socket.nio.NioSocketChannel.doReadBytes(NioSocketChannel.java:350)
	at io.netty.channel.nio.AbstractNioByteChannel$NioByteUnsafe.read(AbstractNioByteChannel.java:151)
	at io.netty.channel.nio.NioEventLoop.processSelectedKey(NioEventLoop.java:722)
	at io.netty.channel.nio.NioEventLoop.processSelectedKeysOptimized(NioEventLoop.java:658)
	at io.netty.channel.nio.NioEventLoop.processSelectedKeys(NioEventLoop.java:584)
	at io.netty.channel.nio.NioEventLoop.run(NioEventLoop.java:496)
	at io.netty.util.concurrent.SingleThreadEventExecutor$4.run(SingleThreadEventExecutor.java:986)
	at io.netty.util.internal.ThreadExecutorMap$2.run(ThreadExecutorMap.java:74)
	at io.netty.util.concurrent.FastThreadLocalRunnable.run(FastThreadLocalRunnable.java:30)
	at java.base/java.lang.Thread.run(Thread.java:834)
23:25:15.663 [AsyncHttpClient-1-6] DEBUG org.asynchttpclient.netty.channel.ChannelManager - Closing Channel [id: 0xc543800b, L:/127.0.0.1:52413 - R:localhost/127.0.0.1:52406] 
23:25:15.664 [AsyncHttpClient-1-6] DEBUG org.asynchttpclient.netty.handler.HttpHandler - Channel Closed: [id: 0xc543800b, L:/127.0.0.1:52413 ! R:localhost/127.0.0.1:52406] with attribute DISCARD
23:25:15.695 [AsyncHttpClient-1-5] DEBUG org.asynchttpclient.netty.handler.HttpHandler - 

Request DefaultFullHttpRequest(decodeResult: success, version: HTTP/1.1, content: EmptyByteBufBE)
DELETE /session/a1101e3f30afce3b5c3350a1367bd607 HTTP/1.1
User-Agent: selenium/4.1.2 (java windows)
Content-Type: application/json; charset=utf-8
host: localhost:60087
accept: */*

Response DefaultHttpResponse(decodeResult: success, version: HTTP/1.1)
HTTP/1.1 200 OK
Content-Type: application/json; charset=utf-8
cache-control: no-cache
content-length: 14

23:25:15.695 [AsyncHttpClient-1-5] DEBUG org.asynchttpclient.netty.channel.ChannelManager - Adding key: http://localhost:60087 for channel [id: 0xc1a0c0f2, L:/127.0.0.1:52405 - R:localhost/127.0.0.1:60087]
23:25:16.120 [AsyncHttpClient-1-5] DEBUG org.asynchttpclient.netty.handler.HttpHandler - Channel Closed: [id: 0xc1a0c0f2, L:/127.0.0.1:52405 ! R:localhost/127.0.0.1:60087] with attribute DISCARD
23:25:16.558 [AsyncHttpClient-1-1] DEBUG org.asynchttpclient.netty.channel.DefaultChannelPool - Entry count for : http://localhost:60087 : 1
23:25:16.558 [AsyncHttpClient-1-1] DEBUG org.asynchttpclient.netty.channel.DefaultChannelPool - Entry count for : http://localhost:52406 : 1
23:25:16.558 [AsyncHttpClient-1-1] DEBUG org.asynchttpclient.netty.channel.DefaultChannelPool - Adding Candidate expired Channel [id: 0xc1a0c0f2, L:/127.0.0.1:52405 ! R:localhost/127.0.0.1:60087] isIdleTimeoutExpired=false isRemotelyClosed=true isTtlExpired=false
23:25:16.558 [AsyncHttpClient-1-1] DEBUG org.asynchttpclient.netty.channel.DefaultChannelPool - Closing Idle Channel [id: 0xc1a0c0f2, L:/127.0.0.1:52405 ! R:localhost/127.0.0.1:60087]
23:25:16.558 [AsyncHttpClient-1-1] DEBUG org.asynchttpclient.netty.channel.DefaultChannelPool - Adding Candidate expired Channel [id: 0xc543800b, L:/127.0.0.1:52413 ! R:localhost/127.0.0.1:52406] isIdleTimeoutExpired=false isRemotelyClosed=true isTtlExpired=false
23:25:16.558 [AsyncHttpClient-1-1] DEBUG org.asynchttpclient.netty.channel.DefaultChannelPool - Closing Idle Channel [id: 0xc543800b, L:/127.0.0.1:52413 ! R:localhost/127.0.0.1:52406]
23:25:16.558 [AsyncHttpClient-1-1] DEBUG org.asynchttpclient.netty.channel.DefaultChannelPool - Closed 2 connections out of 2 in 0 ms
]]></system-out>
    <system-err><![CDATA[Starting ChromeDriver 101.0.4951.41 (93c720db8323b3ec10d056025ab95c23a31997c9-refs/branch-heads/4951@{#904}) on port 60087
Only local connections are allowed.
Please see https://chromedriver.chromium.org/security-considerations for suggestions on keeping ChromeDriver safe.
ChromeDriver was started successfully.
May 15, 2022 11:25:05 PM org.openqa.selenium.remote.ProtocolHandshake createSession
INFO: Detected dialect: W3C
May 15, 2022 11:25:05 PM org.openqa.selenium.devtools.CdpVersionFinder findNearestMatch
WARNING: Unable to find an exact match for CDP version 101, so returning the closest version found: 97
May 15, 2022 11:25:05 PM org.openqa.selenium.devtools.CdpVersionFinder findNearestMatch
INFO: Found CDP implementation for version 101 of 97
]]></system-err>
  </testcase>
</testsuite>