<?xml version="1.0" encoding="UTF-8"?>
<testsuite xmlns:xsi="http://www.w3.org/2001/XMLSchema-instance" xsi:noNamespaceSchemaLocation="https://maven.apache.org/surefire/maven-failsafe-plugin/xsd/failsafe-test-report-3.0.xsd" version="3.0" name="CucumberTestSuite" time="51.382" tests="2" errors="0" skipped="0" failures="0">
  <properties>
    <property name="sun.desktop" value="windows"/>
    <property name="awt.toolkit" value="sun.awt.windows.WToolkit"/>
    <property name="java.specification.version" value="11"/>
    <property name="webdriver.chrome.driver" value="D:\Mini Project-QE Alta\Web Automation\FrontEnd-AltaShop\src\test\resources\webdriver\chromedriver"/>
    <property name="sun.cpu.isalist" value="amd64"/>
    <property name="sun.jnu.encoding" value="Cp1252"/>
    <property name="java.class.path" value="D:\Mini Project-QE Alta\Web Automation\FrontEnd-AltaShop\target\test-classes;C:\Users\Siti Nurlatipah\.m2\repository\net\serenity-bdd\serenity-core\3.2.1\serenity-core-3.2.1.jar;C:\Users\Siti Nurlatipah\.m2\repository\net\serenity-bdd\serenity-model\3.2.1\serenity-model-3.2.1.jar;C:\Users\Siti Nurlatipah\.m2\repository\org\apache\commons\commons-text\1.9\commons-text-1.9.jar;C:\Users\Siti Nurlatipah\.m2\repository\commons-net\commons-net\3.8.0\commons-net-3.8.0.jar;C:\Users\Siti Nurlatipah\.m2\repository\com\google\guava\guava\31.1-jre\guava-31.1-jre.jar;C:\Users\Siti Nurlatipah\.m2\repository\com\google\guava\failureaccess\1.0.1\failureaccess-1.0.1.jar;C:\Users\Siti Nurlatipah\.m2\repository\com\google\guava\listenablefuture\9999.0-empty-to-avoid-conflict-with-guava\listenablefuture-9999.0-empty-to-avoid-conflict-with-guava.jar;C:\Users\Siti Nurlatipah\.m2\repository\com\google\code\findbugs\jsr305\3.0.2\jsr305-3.0.2.jar;C:\Users\Siti Nurlatipah\.m2\repository\org\checkerframework\checker-qual\3.12.0\checker-qual-3.12.0.jar;C:\Users\Siti Nurlatipah\.m2\repository\com\google\errorprone\error_prone_annotations\2.11.0\error_prone_annotations-2.11.0.jar;C:\Users\Siti Nurlatipah\.m2\repository\com\google\j2objc\j2objc-annotations\1.3\j2objc-annotations-1.3.jar;C:\Users\Siti Nurlatipah\.m2\repository\com\google\inject\guice\5.1.0\guice-5.1.0.jar;C:\Users\Siti Nurlatipah\.m2\repository\javax\inject\javax.inject\1\javax.inject-1.jar;C:\Users\Siti Nurlatipah\.m2\repository\aopalliance\aopalliance\1.0\aopalliance-1.0.jar;C:\Users\Siti Nurlatipah\.m2\repository\org\jsoup\jsoup\1.14.3\jsoup-1.14.3.jar;C:\Users\Siti Nurlatipah\.m2\repository\com\thoughtworks\xstream\xstream\1.4.19\xstream-1.4.19.jar;C:\Users\Siti Nurlatipah\.m2\repository\io\github\x-stream\mxparser\1.2.2\mxparser-1.2.2.jar;C:\Users\Siti Nurlatipah\.m2\repository\xmlpull\xmlpull\1.1.3.1\xmlpull-1.1.3.1.jar;C:\Users\Siti Nurlatipah\.m2\repository\io\cucumber\cucumber-java\7.2.3\cucumber-java-7.2.3.jar;C:\Users\Siti Nurlatipah\.m2\repository\com\typesafe\config\1.4.2\config-1.4.2.jar;C:\Users\Siti Nurlatipah\.m2\repository\org\imgscalr\imgscalr-lib\4.2\imgscalr-lib-4.2.jar;C:\Users\Siti Nurlatipah\.m2\repository\org\awaitility\awaitility\4.2.0\awaitility-4.2.0.jar;C:\Users\Siti Nurlatipah\.m2\repository\org\freemarker\freemarker\2.3.31\freemarker-2.3.31.jar;C:\Users\Siti Nurlatipah\.m2\repository\io\github\classgraph\classgraph\4.8.138\classgraph-4.8.138.jar;C:\Users\Siti Nurlatipah\.m2\repository\net\sourceforge\jexcelapi\jxl\2.6.12\jxl-2.6.12.jar;C:\Users\Siti Nurlatipah\.m2\repository\net\bytebuddy\byte-buddy\1.12.8\byte-buddy-1.12.8.jar;C:\Users\Siti Nurlatipah\.m2\repository\net\bytebuddy\byte-buddy-agent\1.12.8\byte-buddy-agent-1.12.8.jar;C:\Users\Siti Nurlatipah\.m2\repository\org\objenesis\objenesis\3.1\objenesis-3.1.jar;C:\Users\Siti Nurlatipah\.m2\repository\net\serenity-bdd\serenity-reports\3.2.1\serenity-reports-3.2.1.jar;C:\Users\Siti Nurlatipah\.m2\repository\net\serenity-bdd\serenity-stats\3.2.1\serenity-stats-3.2.1.jar;C:\Users\Siti Nurlatipah\.m2\repository\net\serenity-bdd\serenity-reports-configuration\3.2.1\serenity-reports-configuration-3.2.1.jar;C:\Users\Siti Nurlatipah\.m2\repository\com\vladsch\flexmark\flexmark-all\0.34.30\flexmark-all-0.34.30.jar;C:\Users\Siti Nurlatipah\.m2\repository\com\vladsch\flexmark\flexmark\0.34.30\flexmark-0.34.30.jar;C:\Users\Siti Nurlatipah\.m2\repository\com\vladsch\flexmark\flexmark-ext-abbreviation\0.34.30\flexmark-ext-abbreviation-0.34.30.jar;C:\Users\Siti Nurlatipah\.m2\repository\com\vladsch\flexmark\flexmark-ext-admonition\0.34.30\flexmark-ext-admonition-0.34.30.jar;C:\Users\Siti Nurlatipah\.m2\repository\com\vladsch\flexmark\flexmark-ext-anchorlink\0.34.30\flexmark-ext-anchorlink-0.34.30.jar;C:\Users\Siti Nurlatipah\.m2\repository\com\vladsch\flexmark\flexmark-ext-aside\0.34.30\flexmark-ext-aside-0.34.30.jar;C:\Users\Siti Nurlatipah\.m2\repository\com\vladsch\flexmark\flexmark-ext-attributes\0.34.30\flexmark-ext-attributes-0.34.30.jar;C:\Users\Siti Nurlatipah\.m2\repository\com\vladsch\flexmark\flexmark-ext-autolink\0.34.30\flexmark-ext-autolink-0.34.30.jar;C:\Users\Siti Nurlatipah\.m2\repository\org\nibor\autolink\autolink\0.6.0\autolink-0.6.0.jar;C:\Users\Siti Nurlatipah\.m2\repository\com\vladsch\flexmark\flexmark-ext-definition\0.34.30\flexmark-ext-definition-0.34.30.jar;C:\Users\Siti Nurlatipah\.m2\repository\com\vladsch\flexmark\flexmark-ext-emoji\0.34.30\flexmark-ext-emoji-0.34.30.jar;C:\Users\Siti Nurlatipah\.m2\repository\com\vladsch\flexmark\flexmark-ext-enumerated-reference\0.34.30\flexmark-ext-enumerated-reference-0.34.30.jar;C:\Users\Siti Nurlatipah\.m2\repository\com\vladsch\flexmark\flexmark-ext-escaped-character\0.34.30\flexmark-ext-escaped-character-0.34.30.jar;C:\Users\Siti Nurlatipah\.m2\repository\com\vladsch\flexmark\flexmark-ext-footnotes\0.34.30\flexmark-ext-footnotes-0.34.30.jar;C:\Users\Siti Nurlatipah\.m2\repository\com\vladsch\flexmark\flexmark-ext-gfm-issues\0.34.30\flexmark-ext-gfm-issues-0.34.30.jar;C:\Users\Siti Nurlatipah\.m2\repository\com\vladsch\flexmark\flexmark-ext-gfm-strikethrough\0.34.30\flexmark-ext-gfm-strikethrough-0.34.30.jar;C:\Users\Siti Nurlatipah\.m2\repository\com\vladsch\flexmark\flexmark-ext-gfm-tables\0.34.30\flexmark-ext-gfm-tables-0.34.30.jar;C:\Users\Siti Nurlatipah\.m2\repository\com\vladsch\flexmark\flexmark-ext-gfm-tasklist\0.34.30\flexmark-ext-gfm-tasklist-0.34.30.jar;C:\Users\Siti Nurlatipah\.m2\repository\com\vladsch\flexmark\flexmark-ext-gfm-users\0.34.30\flexmark-ext-gfm-users-0.34.30.jar;C:\Users\Siti Nurlatipah\.m2\repository\com\vladsch\flexmark\flexmark-ext-gitlab\0.34.30\flexmark-ext-gitlab-0.34.30.jar;C:\Users\Siti Nurlatipah\.m2\repository\com\vladsch\flexmark\flexmark-ext-jekyll-front-matter\0.34.30\flexmark-ext-jekyll-front-matter-0.34.30.jar;C:\Users\Siti Nurlatipah\.m2\repository\com\vladsch\flexmark\flexmark-ext-jekyll-tag\0.34.30\flexmark-ext-jekyll-tag-0.34.30.jar;C:\Users\Siti Nurlatipah\.m2\repository\com\vladsch\flexmark\flexmark-ext-media-tags\0.34.30\flexmark-ext-media-tags-0.34.30.jar;C:\Users\Siti Nurlatipah\.m2\repository\com\vladsch\flexmark\flexmark-test-util\0.34.30\flexmark-test-util-0.34.30.jar;C:\Users\Siti Nurlatipah\.m2\repository\com\vladsch\flexmark\flexmark-ext-ins\0.34.30\flexmark-ext-ins-0.34.30.jar;C:\Users\Siti Nurlatipah\.m2\repository\com\vladsch\flexmark\flexmark-ext-xwiki-macros\0.34.30\flexmark-ext-xwiki-macros-0.34.30.jar;C:\Users\Siti Nurlatipah\.m2\repository\com\vladsch\flexmark\flexmark-ext-superscript\0.34.30\flexmark-ext-superscript-0.34.30.jar;C:\Users\Siti Nurlatipah\.m2\repository\com\vladsch\flexmark\flexmark-ext-tables\0.34.30\flexmark-ext-tables-0.34.30.jar;C:\Users\Siti Nurlatipah\.m2\repository\com\vladsch\flexmark\flexmark-ext-toc\0.34.30\flexmark-ext-toc-0.34.30.jar;C:\Users\Siti Nurlatipah\.m2\repository\com\vladsch\flexmark\flexmark-ext-typographic\0.34.30\flexmark-ext-typographic-0.34.30.jar;C:\Users\Siti Nurlatipah\.m2\repository\com\vladsch\flexmark\flexmark-ext-wikilink\0.34.30\flexmark-ext-wikilink-0.34.30.jar;C:\Users\Siti Nurlatipah\.m2\repository\com\vladsch\flexmark\flexmark-ext-yaml-front-matter\0.34.30\flexmark-ext-yaml-front-matter-0.34.30.jar;C:\Users\Siti Nurlatipah\.m2\repository\com\vladsch\flexmark\flexmark-ext-youtube-embedded\0.34.30\flexmark-ext-youtube-embedded-0.34.30.jar;C:\Users\Siti Nurlatipah\.m2\repository\com\vladsch\flexmark\flexmark-formatter\0.34.30\flexmark-formatter-0.34.30.jar;C:\Users\Siti Nurlatipah\.m2\repository\com\vladsch\flexmark\flexmark-html-parser\0.34.30\flexmark-html-parser-0.34.30.jar;C:\Users\Siti Nurlatipah\.m2\repository\com\vladsch\flexmark\flexmark-jira-converter\0.34.30\flexmark-jira-converter-0.34.30.jar;C:\Users\Siti Nurlatipah\.m2\repository\com\vladsch\flexmark\flexmark-pdf-converter\0.34.30\flexmark-pdf-converter-0.34.30.jar;C:\Users\Siti Nurlatipah\.m2\repository\com\openhtmltopdf\openhtmltopdf-core\0.0.1-RC13\openhtmltopdf-core-0.0.1-RC13.jar;C:\Users\Siti Nurlatipah\.m2\repository\com\openhtmltopdf\openhtmltopdf-pdfbox\0.0.1-RC13\openhtmltopdf-pdfbox-0.0.1-RC13.jar;C:\Users\Siti Nurlatipah\.m2\repository\org\apache\pdfbox\pdfbox\2.0.8\pdfbox-2.0.8.jar;C:\Users\Siti Nurlatipah\.m2\repository\org\apache\pdfbox\fontbox\2.0.8\fontbox-2.0.8.jar;C:\Users\Siti Nurlatipah\.m2\repository\commons-logging\commons-logging\1.2\commons-logging-1.2.jar;C:\Users\Siti Nurlatipah\.m2\repository\org\apache\pdfbox\xmpbox\2.0.8\xmpbox-2.0.8.jar;C:\Users\Siti Nurlatipah\.m2\repository\de\rototor\pdfbox\graphics2d\0.12\graphics2d-0.12.jar;C:\Users\Siti Nurlatipah\.m2\repository\com\openhtmltopdf\openhtmltopdf-rtl-support\0.0.1-RC13\openhtmltopdf-rtl-support-0.0.1-RC13.jar;C:\Users\Siti Nurlatipah\.m2\repository\com\ibm\icu\icu4j\59.1\icu4j-59.1.jar;C:\Users\Siti Nurlatipah\.m2\repository\com\openhtmltopdf\openhtmltopdf-jsoup-dom-converter\0.0.1-RC13\openhtmltopdf-jsoup-dom-converter-0.0.1-RC13.jar;C:\Users\Siti Nurlatipah\.m2\repository\com\vladsch\flexmark\flexmark-profile-pegdown\0.34.30\flexmark-profile-pegdown-0.34.30.jar;C:\Users\Siti Nurlatipah\.m2\repository\com\vladsch\flexmark\flexmark-util\0.34.30\flexmark-util-0.34.30.jar;C:\Users\Siti Nurlatipah\.m2\repository\com\vladsch\flexmark\flexmark-youtrack-converter\0.34.30\flexmark-youtrack-converter-0.34.30.jar;C:\Users\Siti Nurlatipah\.m2\repository\es\nitaur\markdown\txtmark\0.16\txtmark-0.16.jar;C:\Users\Siti Nurlatipah\.m2\repository\net\serenity-bdd\serenity-report-resources\3.2.1\serenity-report-resources-3.2.1.jar;C:\Users\Siti Nurlatipah\.m2\repository\com\google\code\gson\gson\2.9.0\gson-2.9.0.jar;C:\Users\Siti Nurlatipah\.m2\repository\com\fasterxml\jackson\core\jackson-core\2.13.2\jackson-core-2.13.2.jar;C:\Users\Siti Nurlatipah\.m2\repository\com\fasterxml\jackson\core\jackson-databind\2.13.2\jackson-databind-2.13.2.jar;C:\Users\Siti Nurlatipah\.m2\repository\com\fasterxml\jackson\core\jackson-annotations\2.13.2\jackson-annotations-2.13.2.jar;C:\Users\Siti Nurlatipah\.m2\repository\commons-codec\commons-codec\1.15\commons-codec-1.15.jar;C:\Users\Siti Nurlatipah\.m2\repository\commons-io\commons-io\2.11.0\commons-io-2.11.0.jar;C:\Users\Siti Nurlatipah\.m2\repository\org\seleniumhq\selenium\selenium-java\4.1.2\selenium-java-4.1.2.jar;C:\Users\Siti Nurlatipah\.m2\repository\org\seleniumhq\selenium\selenium-devtools-v85\4.1.2\selenium-devtools-v85-4.1.2.jar;C:\Users\Siti Nurlatipah\.m2\repository\org\seleniumhq\selenium\selenium-devtools-v95\4.1.2\selenium-devtools-v95-4.1.2.jar;C:\Users\Siti Nurlatipah\.m2\repository\org\seleniumhq\selenium\selenium-devtools-v96\4.1.2\selenium-devtools-v96-4.1.2.jar;C:\Users\Siti Nurlatipah\.m2\repository\org\seleniumhq\selenium\selenium-devtools-v97\4.1.2\selenium-devtools-v97-4.1.2.jar;C:\Users\Siti Nurlatipah\.m2\repository\org\seleniumhq\selenium\selenium-firefox-xpi-driver\4.1.2\selenium-firefox-xpi-driver-4.1.2.jar;C:\Users\Siti Nurlatipah\.m2\repository\org\seleniumhq\selenium\selenium-opera-driver\4.1.2\selenium-opera-driver-4.1.2.jar;C:\Users\Siti Nurlatipah\.m2\repository\org\seleniumhq\selenium\selenium-remote-driver\4.1.2\selenium-remote-driver-4.1.2.jar;C:\Users\Siti Nurlatipah\.m2\repository\com\beust\jcommander\1.82\jcommander-1.82.jar;C:\Users\Siti Nurlatipah\.m2\repository\io\netty\netty-buffer\4.1.73.Final\netty-buffer-4.1.73.Final.jar;C:\Users\Siti Nurlatipah\.m2\repository\io\netty\netty-codec-http\4.1.73.Final\netty-codec-http-4.1.73.Final.jar;C:\Users\Siti Nurlatipah\.m2\repository\io\netty\netty-codec\4.1.73.Final\netty-codec-4.1.73.Final.jar;C:\Users\Siti Nurlatipah\.m2\repository\io\netty\netty-handler\4.1.73.Final\netty-handler-4.1.73.Final.jar;C:\Users\Siti Nurlatipah\.m2\repository\io\netty\netty-tcnative-classes\2.0.46.Final\netty-tcnative-classes-2.0.46.Final.jar;C:\Users\Siti Nurlatipah\.m2\repository\io\netty\netty-common\4.1.73.Final\netty-common-4.1.73.Final.jar;C:\Users\Siti Nurlatipah\.m2\repository\io\netty\netty-transport-classes-epoll\4.1.73.Final\netty-transport-classes-epoll-4.1.73.Final.jar;C:\Users\Siti Nurlatipah\.m2\repository\io\netty\netty-transport-classes-kqueue\4.1.73.Final\netty-transport-classes-kqueue-4.1.73.Final.jar;C:\Users\Siti Nurlatipah\.m2\repository\io\netty\netty-transport-native-epoll\4.1.73.Final\netty-transport-native-epoll-4.1.73.Final.jar;C:\Users\Siti Nurlatipah\.m2\repository\io\netty\netty-transport-native-kqueue\4.1.73.Final\netty-transport-native-kqueue-4.1.73.Final.jar;C:\Users\Siti Nurlatipah\.m2\repository\io\netty\netty-transport-native-unix-common\4.1.73.Final\netty-transport-native-unix-common-4.1.73.Final.jar;C:\Users\Siti Nurlatipah\.m2\repository\io\netty\netty-transport\4.1.73.Final\netty-transport-4.1.73.Final.jar;C:\Users\Siti Nurlatipah\.m2\repository\io\netty\netty-resolver\4.1.73.Final\netty-resolver-4.1.73.Final.jar;C:\Users\Siti Nurlatipah\.m2\repository\io\opentelemetry\opentelemetry-api\1.10.1\opentelemetry-api-1.10.1.jar;C:\Users\Siti Nurlatipah\.m2\repository\io\opentelemetry\opentelemetry-context\1.10.1\opentelemetry-context-1.10.1.jar;C:\Users\Siti Nurlatipah\.m2\repository\io\opentelemetry\opentelemetry-exporter-logging\1.10.1\opentelemetry-exporter-logging-1.10.1.jar;C:\Users\Siti Nurlatipah\.m2\repository\io\opentelemetry\opentelemetry-sdk-metrics\1.10.1-alpha\opentelemetry-sdk-metrics-1.10.1-alpha.jar;C:\Users\Siti Nurlatipah\.m2\repository\io\opentelemetry\opentelemetry-sdk-logs\1.10.1-alpha\opentelemetry-sdk-logs-1.10.1-alpha.jar;C:\Users\Siti Nurlatipah\.m2\repository\io\opentelemetry\opentelemetry-sdk-common\1.10.1\opentelemetry-sdk-common-1.10.1.jar;C:\Users\Siti Nurlatipah\.m2\repository\io\opentelemetry\opentelemetry-sdk-extension-autoconfigure-spi\1.10.1\opentelemetry-sdk-extension-autoconfigure-spi-1.10.1.jar;C:\Users\Siti Nurlatipah\.m2\repository\io\opentelemetry\opentelemetry-sdk-extension-autoconfigure\1.10.1-alpha\opentelemetry-sdk-extension-autoconfigure-1.10.1-alpha.jar;C:\Users\Siti Nurlatipah\.m2\repository\io\opentelemetry\opentelemetry-sdk-trace\1.10.1\opentelemetry-sdk-trace-1.10.1.jar;C:\Users\Siti Nurlatipah\.m2\repository\io\opentelemetry\opentelemetry-sdk\1.10.1\opentelemetry-sdk-1.10.1.jar;C:\Users\Siti Nurlatipah\.m2\repository\io\opentelemetry\opentelemetry-semconv\1.10.1-alpha\opentelemetry-semconv-1.10.1-alpha.jar;C:\Users\Siti Nurlatipah\.m2\repository\io\ous\jtoml\2.0.0\jtoml-2.0.0.jar;C:\Users\Siti Nurlatipah\.m2\repository\org\apache\commons\commons-exec\1.3\commons-exec-1.3.jar;C:\Users\Siti Nurlatipah\.m2\repository\org\asynchttpclient\async-http-client\2.12.3\async-http-client-2.12.3.jar;C:\Users\Siti Nurlatipah\.m2\repository\org\asynchttpclient\async-http-client-netty-utils\2.12.3\async-http-client-netty-utils-2.12.3.jar;C:\Users\Siti Nurlatipah\.m2\repository\io\netty\netty-codec-socks\4.1.60.Final\netty-codec-socks-4.1.60.Final.jar;C:\Users\Siti Nurlatipah\.m2\repository\io\netty\netty-handler-proxy\4.1.60.Final\netty-handler-proxy-4.1.60.Final.jar;C:\Users\Siti Nurlatipah\.m2\repository\io\netty\netty-transport-native-epoll\4.1.60.Final\netty-transport-native-epoll-4.1.60.Final-linux-x86_64.jar;C:\Users\Siti Nurlatipah\.m2\repository\io\netty\netty-transport-native-kqueue\4.1.60.Final\netty-transport-native-kqueue-4.1.60.Final-osx-x86_64.jar;C:\Users\Siti Nurlatipah\.m2\repository\org\reactivestreams\reactive-streams\1.0.3\reactive-streams-1.0.3.jar;C:\Users\Siti Nurlatipah\.m2\repository\com\typesafe\netty\netty-reactive-streams\2.0.4\netty-reactive-streams-2.0.4.jar;C:\Users\Siti Nurlatipah\.m2\repository\org\seleniumhq\selenium\selenium-http\4.1.2\selenium-http-4.1.2.jar;C:\Users\Siti Nurlatipah\.m2\repository\net\jodah\failsafe\2.4.4\failsafe-2.4.4.jar;C:\Users\Siti Nurlatipah\.m2\repository\org\seleniumhq\selenium\selenium-safari-driver\4.1.2\selenium-safari-driver-4.1.2.jar;C:\Users\Siti Nurlatipah\.m2\repository\org\seleniumhq\selenium\selenium-api\4.1.2\selenium-api-4.1.2.jar;C:\Users\Siti Nurlatipah\.m2\repository\org\seleniumhq\selenium\selenium-support\4.1.2\selenium-support-4.1.2.jar;C:\Users\Siti Nurlatipah\.m2\repository\com\google\auto\service\auto-service-annotations\1.0.1\auto-service-annotations-1.0.1.jar;C:\Users\Siti Nurlatipah\.m2\repository\com\google\auto\service\auto-service\1.0.1\auto-service-1.0.1.jar;C:\Users\Siti Nurlatipah\.m2\repository\com\google\auto\auto-common\1.2\auto-common-1.2.jar;C:\Users\Siti Nurlatipah\.m2\repository\org\seleniumhq\selenium\selenium-json\4.1.2\selenium-json-4.1.2.jar;C:\Users\Siti Nurlatipah\.m2\repository\org\seleniumhq\selenium\selenium-chrome-driver\4.1.2\selenium-chrome-driver-4.1.2.jar;C:\Users\Siti Nurlatipah\.m2\repository\org\seleniumhq\selenium\selenium-chromium-driver\4.1.2\selenium-chromium-driver-4.1.2.jar;C:\Users\Siti Nurlatipah\.m2\repository\org\seleniumhq\selenium\selenium-firefox-driver\4.1.2\selenium-firefox-driver-4.1.2.jar;C:\Users\Siti Nurlatipah\.m2\repository\org\seleniumhq\selenium\selenium-edge-driver\4.1.2\selenium-edge-driver-4.1.2.jar;C:\Users\Siti Nurlatipah\.m2\repository\org\seleniumhq\selenium\selenium-ie-driver\4.1.2\selenium-ie-driver-4.1.2.jar;C:\Users\Siti Nurlatipah\.m2\repository\org\projectlombok\lombok\1.18.20\lombok-1.18.20.jar;C:\Users\Siti Nurlatipah\.m2\repository\io\appium\java-client\8.0.0\java-client-8.0.0.jar;C:\Users\Siti Nurlatipah\.m2\repository\commons-validator\commons-validator\1.7\commons-validator-1.7.jar;C:\Users\Siti Nurlatipah\.m2\repository\commons-digester\commons-digester\2.1\commons-digester-2.1.jar;C:\Users\Siti Nurlatipah\.m2\repository\org\aspectj\aspectjweaver\1.9.8\aspectjweaver-1.9.8.jar;C:\Users\Siti Nurlatipah\.m2\repository\org\codehaus\groovy\groovy\3.0.10\groovy-3.0.10.jar;C:\Users\Siti Nurlatipah\.m2\repository\net\sf\opencsv\opencsv\2.0\opencsv-2.0.jar;C:\Users\Siti Nurlatipah\.m2\repository\commons-beanutils\commons-beanutils\1.9.4\commons-beanutils-1.9.4.jar;C:\Users\Siti Nurlatipah\.m2\repository\org\apache\commons\commons-lang3\3.12.0\commons-lang3-3.12.0.jar;C:\Users\Siti Nurlatipah\.m2\repository\commons-collections\commons-collections\3.2.2\commons-collections-3.2.2.jar;C:\Users\Siti Nurlatipah\.m2\repository\org\fluentlenium\fluentlenium-core\0.10.2\fluentlenium-core-0.10.2.jar;C:\Users\Siti Nurlatipah\.m2\repository\io\github\bonigarcia\webdrivermanager\5.1.0\webdrivermanager-5.1.0.jar;C:\Users\Siti Nurlatipah\.m2\repository\com\github\docker-java\docker-java\3.2.13\docker-java-3.2.13.jar;C:\Users\Siti Nurlatipah\.m2\repository\com\github\docker-java\docker-java-core\3.2.13\docker-java-core-3.2.13.jar;C:\Users\Siti Nurlatipah\.m2\repository\com\github\docker-java\docker-java-api\3.2.13\docker-java-api-3.2.13.jar;C:\Users\Siti Nurlatipah\.m2\repository\org\apache\commons\commons-compress\1.21\commons-compress-1.21.jar;C:\Users\Siti Nurlatipah\.m2\repository\org\bouncycastle\bcpkix-jdk15on\1.64\bcpkix-jdk15on-1.64.jar;C:\Users\Siti Nurlatipah\.m2\repository\org\bouncycastle\bcprov-jdk15on\1.64\bcprov-jdk15on-1.64.jar;C:\Users\Siti Nurlatipah\.m2\repository\org\slf4j\jcl-over-slf4j\1.7.30\jcl-over-slf4j-1.7.30.jar;C:\Users\Siti Nurlatipah\.m2\repository\com\github\docker-java\docker-java-transport-httpclient5\3.2.13\docker-java-transport-httpclient5-3.2.13.jar;C:\Users\Siti Nurlatipah\.m2\repository\com\github\docker-java\docker-java-transport\3.2.13\docker-java-transport-3.2.13.jar;C:\Users\Siti Nurlatipah\.m2\repository\org\apache\httpcomponents\client5\httpclient5\5.0.3\httpclient5-5.0.3.jar;C:\Users\Siti Nurlatipah\.m2\repository\org\apache\httpcomponents\core5\httpcore5\5.0.2\httpcore5-5.0.2.jar;C:\Users\Siti Nurlatipah\.m2\repository\net\java\dev\jna\jna\5.8.0\jna-5.8.0.jar;C:\Users\Siti Nurlatipah\.m2\repository\org\brotli\dec\0.1.2\dec-0.1.2.jar;C:\Users\Siti Nurlatipah\.m2\repository\com\jhlabs\filters\2.0.235\filters-2.0.235.jar;C:\Users\Siti Nurlatipah\.m2\repository\com\paulhammant\ngwebdriver\1.1.6\ngwebdriver-1.1.6.jar;C:\Users\Siti Nurlatipah\.m2\repository\joda-time\joda-time\2.8.2\joda-time-2.8.2.jar;C:\Users\Siti Nurlatipah\.m2\repository\org\hamcrest\hamcrest\2.2\hamcrest-2.2.jar;C:\Users\Siti Nurlatipah\.m2\repository\com\google\jimfs\jimfs\1.2\jimfs-1.2.jar;C:\Users\Siti Nurlatipah\.m2\repository\org\mockito\mockito-core\3.3.3\mockito-core-3.3.3.jar;C:\Users\Siti Nurlatipah\.m2\repository\javax\xml\bind\jaxb-api\2.3.1\jaxb-api-2.3.1.jar;C:\Users\Siti Nurlatipah\.m2\repository\javax\activation\javax.activation-api\1.2.0\javax.activation-api-1.2.0.jar;C:\Users\Siti Nurlatipah\.m2\repository\com\sun\xml\bind\jaxb-core\2.3.0.1\jaxb-core-2.3.0.1.jar;C:\Users\Siti Nurlatipah\.m2\repository\com\sun\xml\bind\jaxb-impl\2.3.3\jaxb-impl-2.3.3.jar;C:\Users\Siti Nurlatipah\.m2\repository\jakarta\xml\bind\jakarta.xml.bind-api\2.3.3\jakarta.xml.bind-api-2.3.3.jar;C:\Users\Siti Nurlatipah\.m2\repository\com\sun\activation\jakarta.activation\1.2.2\jakarta.activation-1.2.2.jar;C:\Users\Siti Nurlatipah\.m2\repository\javax\activation\activation\1.1.1\activation-1.1.1.jar;C:\Users\Siti Nurlatipah\.m2\repository\net\serenity-bdd\serenity-cucumber\3.2.1\serenity-cucumber-3.2.1.jar;C:\Users\Siti Nurlatipah\.m2\repository\io\cucumber\cucumber-core\7.2.3\cucumber-core-7.2.3.jar;C:\Users\Siti Nurlatipah\.m2\repository\io\cucumber\cucumber-gherkin\7.2.3\cucumber-gherkin-7.2.3.jar;C:\Users\Siti Nurlatipah\.m2\repository\io\cucumber\cucumber-gherkin-messages\7.2.3\cucumber-gherkin-messages-7.2.3.jar;C:\Users\Siti Nurlatipah\.m2\repository\io\cucumber\messages\17.1.1\messages-17.1.1.jar;C:\Users\Siti Nurlatipah\.m2\repository\io\cucumber\tag-expressions\4.1.0\tag-expressions-4.1.0.jar;C:\Users\Siti Nurlatipah\.m2\repository\io\cucumber\cucumber-expressions\15.0.1\cucumber-expressions-15.0.1.jar;C:\Users\Siti Nurlatipah\.m2\repository\io\cucumber\datatable\7.2.3\datatable-7.2.3.jar;C:\Users\Siti Nurlatipah\.m2\repository\io\cucumber\cucumber-plugin\7.2.3\cucumber-plugin-7.2.3.jar;C:\Users\Siti Nurlatipah\.m2\repository\io\cucumber\docstring\7.2.3\docstring-7.2.3.jar;C:\Users\Siti Nurlatipah\.m2\repository\io\cucumber\html-formatter\17.0.0\html-formatter-17.0.0.jar;C:\Users\Siti Nurlatipah\.m2\repository\io\cucumber\ci-environment\8.1.0\ci-environment-8.1.0.jar;C:\Users\Siti Nurlatipah\.m2\repository\io\cucumber\cucumber-junit\7.2.3\cucumber-junit-7.2.3.jar;C:\Users\Siti Nurlatipah\.m2\repository\org\apache\commons\commons-csv\1.5\commons-csv-1.5.jar;C:\Users\Siti Nurlatipah\.m2\repository\net\serenity-bdd\serenity-screenplay\3.2.1\serenity-screenplay-3.2.1.jar;C:\Users\Siti Nurlatipah\.m2\repository\net\serenity-bdd\serenity-screenplay-webdriver\3.2.1\serenity-screenplay-webdriver-3.2.1.jar;C:\Users\Siti Nurlatipah\.m2\repository\net\serenity-bdd\serenity-ensure\3.2.1\serenity-ensure-3.2.1.jar;C:\Users\Siti Nurlatipah\.m2\repository\net\serenity-bdd\serenity-junit\3.2.1\serenity-junit-3.2.1.jar;C:\Users\Siti Nurlatipah\.m2\repository\org\jetbrains\kotlin\kotlin-stdlib\1.6.0\kotlin-stdlib-1.6.0.jar;C:\Users\Siti Nurlatipah\.m2\repository\org\jetbrains\annotations\13.0\annotations-13.0.jar;C:\Users\Siti Nurlatipah\.m2\repository\org\jetbrains\kotlin\kotlin-stdlib-common\1.6.0\kotlin-stdlib-common-1.6.0.jar;C:\Users\Siti Nurlatipah\.m2\repository\org\junit\platform\junit-platform-launcher\1.8.1\junit-platform-launcher-1.8.1.jar;C:\Users\Siti Nurlatipah\.m2\repository\org\junit\platform\junit-platform-engine\1.8.1\junit-platform-engine-1.8.1.jar;C:\Users\Siti Nurlatipah\.m2\repository\org\opentest4j\opentest4j\1.2.0\opentest4j-1.2.0.jar;C:\Users\Siti Nurlatipah\.m2\repository\org\junit\platform\junit-platform-commons\1.8.1\junit-platform-commons-1.8.1.jar;C:\Users\Siti Nurlatipah\.m2\repository\org\apiguardian\apiguardian-api\1.1.2\apiguardian-api-1.1.2.jar;C:\Users\Siti Nurlatipah\.m2\repository\org\junit\jupiter\junit-jupiter-engine\5.8.2\junit-jupiter-engine-5.8.2.jar;C:\Users\Siti Nurlatipah\.m2\repository\org\junit\jupiter\junit-jupiter-api\5.8.2\junit-jupiter-api-5.8.2.jar;C:\Users\Siti Nurlatipah\.m2\repository\com\github\javafaker\javafaker\1.0.2\javafaker-1.0.2.jar;C:\Users\Siti Nurlatipah\.m2\repository\org\yaml\snakeyaml\1.23\snakeyaml-1.23-android.jar;C:\Users\Siti Nurlatipah\.m2\repository\com\github\mifmif\generex\1.0.2\generex-1.0.2.jar;C:\Users\Siti Nurlatipah\.m2\repository\dk\brics\automaton\automaton\1.11-8\automaton-1.11-8.jar;C:\Users\Siti Nurlatipah\.m2\repository\org\junit\vintage\junit-vintage-engine\5.8.2\junit-vintage-engine-5.8.2.jar;C:\Users\Siti Nurlatipah\.m2\repository\junit\junit\4.13.2\junit-4.13.2.jar;C:\Users\Siti Nurlatipah\.m2\repository\org\hamcrest\hamcrest-core\1.3\hamcrest-core-1.3.jar;C:\Users\Siti Nurlatipah\.m2\repository\ch\qos\logback\logback-classic\1.2.10\logback-classic-1.2.10.jar;C:\Users\Siti Nurlatipah\.m2\repository\ch\qos\logback\logback-core\1.2.10\logback-core-1.2.10.jar;C:\Users\Siti Nurlatipah\.m2\repository\org\slf4j\slf4j-api\1.7.32\slf4j-api-1.7.32.jar;C:\Users\Siti Nurlatipah\.m2\repository\org\assertj\assertj-core\3.6.2\assertj-core-3.6.2.jar;"/>
    <property name="java.vm.vendor" value="Oracle Corporation"/>
    <property name="sun.arch.data.model" value="64"/>
    <property name="user.variant" value=""/>
    <property name="java.vendor.url" value="https://openjdk.java.net/"/>
    <property name="user.timezone" value="Asia/Bangkok"/>
    <property name="log4j2.formatMsgNoLookups" value="true"/>
    <property name="java.vm.specification.version" value="11"/>
    <property name="os.name" value="Windows 10"/>
    <property name="sun.java.launcher" value="SUN_STANDARD"/>
    <property name="user.country" value="ID"/>
    <property name="sun.boot.library.path" value="C:\Program Files\Java\jdk-11.0.14\bin"/>
    <property name="sun.java.command" value="org.apache.maven.surefire.booter.ForkedBooter C:\Users\Siti Nurlatipah\AppData\Local\Temp\surefire10482386953902078649 2022-05-06T00-17-10_858-jvmRun1 surefire1462980149927447139tmp surefire_018390432959818188707tmp"/>
    <property name="jdk.debug" value="release"/>
    <property name="surefire.test.class.path" value="D:\Mini Project-QE Alta\Web Automation\FrontEnd-AltaShop\target\test-classes;C:\Users\Siti Nurlatipah\.m2\repository\net\serenity-bdd\serenity-core\3.2.1\serenity-core-3.2.1.jar;C:\Users\Siti Nurlatipah\.m2\repository\net\serenity-bdd\serenity-model\3.2.1\serenity-model-3.2.1.jar;C:\Users\Siti Nurlatipah\.m2\repository\org\apache\commons\commons-text\1.9\commons-text-1.9.jar;C:\Users\Siti Nurlatipah\.m2\repository\commons-net\commons-net\3.8.0\commons-net-3.8.0.jar;C:\Users\Siti Nurlatipah\.m2\repository\com\google\guava\guava\31.1-jre\guava-31.1-jre.jar;C:\Users\Siti Nurlatipah\.m2\repository\com\google\guava\failureaccess\1.0.1\failureaccess-1.0.1.jar;C:\Users\Siti Nurlatipah\.m2\repository\com\google\guava\listenablefuture\9999.0-empty-to-avoid-conflict-with-guava\listenablefuture-9999.0-empty-to-avoid-conflict-with-guava.jar;C:\Users\Siti Nurlatipah\.m2\repository\com\google\code\findbugs\jsr305\3.0.2\jsr305-3.0.2.jar;C:\Users\Siti Nurlatipah\.m2\repository\org\checkerframework\checker-qual\3.12.0\checker-qual-3.12.0.jar;C:\Users\Siti Nurlatipah\.m2\repository\com\google\errorprone\error_prone_annotations\2.11.0\error_prone_annotations-2.11.0.jar;C:\Users\Siti Nurlatipah\.m2\repository\com\google\j2objc\j2objc-annotations\1.3\j2objc-annotations-1.3.jar;C:\Users\Siti Nurlatipah\.m2\repository\com\google\inject\guice\5.1.0\guice-5.1.0.jar;C:\Users\Siti Nurlatipah\.m2\repository\javax\inject\javax.inject\1\javax.inject-1.jar;C:\Users\Siti Nurlatipah\.m2\repository\aopalliance\aopalliance\1.0\aopalliance-1.0.jar;C:\Users\Siti Nurlatipah\.m2\repository\org\jsoup\jsoup\1.14.3\jsoup-1.14.3.jar;C:\Users\Siti Nurlatipah\.m2\repository\com\thoughtworks\xstream\xstream\1.4.19\xstream-1.4.19.jar;C:\Users\Siti Nurlatipah\.m2\repository\io\github\x-stream\mxparser\1.2.2\mxparser-1.2.2.jar;C:\Users\Siti Nurlatipah\.m2\repository\xmlpull\xmlpull\1.1.3.1\xmlpull-1.1.3.1.jar;C:\Users\Siti Nurlatipah\.m2\repository\io\cucumber\cucumber-java\7.2.3\cucumber-java-7.2.3.jar;C:\Users\Siti Nurlatipah\.m2\repository\com\typesafe\config\1.4.2\config-1.4.2.jar;C:\Users\Siti Nurlatipah\.m2\repository\org\imgscalr\imgscalr-lib\4.2\imgscalr-lib-4.2.jar;C:\Users\Siti Nurlatipah\.m2\repository\org\awaitility\awaitility\4.2.0\awaitility-4.2.0.jar;C:\Users\Siti Nurlatipah\.m2\repository\org\freemarker\freemarker\2.3.31\freemarker-2.3.31.jar;C:\Users\Siti Nurlatipah\.m2\repository\io\github\classgraph\classgraph\4.8.138\classgraph-4.8.138.jar;C:\Users\Siti Nurlatipah\.m2\repository\net\sourceforge\jexcelapi\jxl\2.6.12\jxl-2.6.12.jar;C:\Users\Siti Nurlatipah\.m2\repository\net\bytebuddy\byte-buddy\1.12.8\byte-buddy-1.12.8.jar;C:\Users\Siti Nurlatipah\.m2\repository\net\bytebuddy\byte-buddy-agent\1.12.8\byte-buddy-agent-1.12.8.jar;C:\Users\Siti Nurlatipah\.m2\repository\org\objenesis\objenesis\3.1\objenesis-3.1.jar;C:\Users\Siti Nurlatipah\.m2\repository\net\serenity-bdd\serenity-reports\3.2.1\serenity-reports-3.2.1.jar;C:\Users\Siti Nurlatipah\.m2\repository\net\serenity-bdd\serenity-stats\3.2.1\serenity-stats-3.2.1.jar;C:\Users\Siti Nurlatipah\.m2\repository\net\serenity-bdd\serenity-reports-configuration\3.2.1\serenity-reports-configuration-3.2.1.jar;C:\Users\Siti Nurlatipah\.m2\repository\com\vladsch\flexmark\flexmark-all\0.34.30\flexmark-all-0.34.30.jar;C:\Users\Siti Nurlatipah\.m2\repository\com\vladsch\flexmark\flexmark\0.34.30\flexmark-0.34.30.jar;C:\Users\Siti Nurlatipah\.m2\repository\com\vladsch\flexmark\flexmark-ext-abbreviation\0.34.30\flexmark-ext-abbreviation-0.34.30.jar;C:\Users\Siti Nurlatipah\.m2\repository\com\vladsch\flexmark\flexmark-ext-admonition\0.34.30\flexmark-ext-admonition-0.34.30.jar;C:\Users\Siti Nurlatipah\.m2\repository\com\vladsch\flexmark\flexmark-ext-anchorlink\0.34.30\flexmark-ext-anchorlink-0.34.30.jar;C:\Users\Siti Nurlatipah\.m2\repository\com\vladsch\flexmark\flexmark-ext-aside\0.34.30\flexmark-ext-aside-0.34.30.jar;C:\Users\Siti Nurlatipah\.m2\repository\com\vladsch\flexmark\flexmark-ext-attributes\0.34.30\flexmark-ext-attributes-0.34.30.jar;C:\Users\Siti Nurlatipah\.m2\repository\com\vladsch\flexmark\flexmark-ext-autolink\0.34.30\flexmark-ext-autolink-0.34.30.jar;C:\Users\Siti Nurlatipah\.m2\repository\org\nibor\autolink\autolink\0.6.0\autolink-0.6.0.jar;C:\Users\Siti Nurlatipah\.m2\repository\com\vladsch\flexmark\flexmark-ext-definition\0.34.30\flexmark-ext-definition-0.34.30.jar;C:\Users\Siti Nurlatipah\.m2\repository\com\vladsch\flexmark\flexmark-ext-emoji\0.34.30\flexmark-ext-emoji-0.34.30.jar;C:\Users\Siti Nurlatipah\.m2\repository\com\vladsch\flexmark\flexmark-ext-enumerated-reference\0.34.30\flexmark-ext-enumerated-reference-0.34.30.jar;C:\Users\Siti Nurlatipah\.m2\repository\com\vladsch\flexmark\flexmark-ext-escaped-character\0.34.30\flexmark-ext-escaped-character-0.34.30.jar;C:\Users\Siti Nurlatipah\.m2\repository\com\vladsch\flexmark\flexmark-ext-footnotes\0.34.30\flexmark-ext-footnotes-0.34.30.jar;C:\Users\Siti Nurlatipah\.m2\repository\com\vladsch\flexmark\flexmark-ext-gfm-issues\0.34.30\flexmark-ext-gfm-issues-0.34.30.jar;C:\Users\Siti Nurlatipah\.m2\repository\com\vladsch\flexmark\flexmark-ext-gfm-strikethrough\0.34.30\flexmark-ext-gfm-strikethrough-0.34.30.jar;C:\Users\Siti Nurlatipah\.m2\repository\com\vladsch\flexmark\flexmark-ext-gfm-tables\0.34.30\flexmark-ext-gfm-tables-0.34.30.jar;C:\Users\Siti Nurlatipah\.m2\repository\com\vladsch\flexmark\flexmark-ext-gfm-tasklist\0.34.30\flexmark-ext-gfm-tasklist-0.34.30.jar;C:\Users\Siti Nurlatipah\.m2\repository\com\vladsch\flexmark\flexmark-ext-gfm-users\0.34.30\flexmark-ext-gfm-users-0.34.30.jar;C:\Users\Siti Nurlatipah\.m2\repository\com\vladsch\flexmark\flexmark-ext-gitlab\0.34.30\flexmark-ext-gitlab-0.34.30.jar;C:\Users\Siti Nurlatipah\.m2\repository\com\vladsch\flexmark\flexmark-ext-jekyll-front-matter\0.34.30\flexmark-ext-jekyll-front-matter-0.34.30.jar;C:\Users\Siti Nurlatipah\.m2\repository\com\vladsch\flexmark\flexmark-ext-jekyll-tag\0.34.30\flexmark-ext-jekyll-tag-0.34.30.jar;C:\Users\Siti Nurlatipah\.m2\repository\com\vladsch\flexmark\flexmark-ext-media-tags\0.34.30\flexmark-ext-media-tags-0.34.30.jar;C:\Users\Siti Nurlatipah\.m2\repository\com\vladsch\flexmark\flexmark-test-util\0.34.30\flexmark-test-util-0.34.30.jar;C:\Users\Siti Nurlatipah\.m2\repository\com\vladsch\flexmark\flexmark-ext-ins\0.34.30\flexmark-ext-ins-0.34.30.jar;C:\Users\Siti Nurlatipah\.m2\repository\com\vladsch\flexmark\flexmark-ext-xwiki-macros\0.34.30\flexmark-ext-xwiki-macros-0.34.30.jar;C:\Users\Siti Nurlatipah\.m2\repository\com\vladsch\flexmark\flexmark-ext-superscript\0.34.30\flexmark-ext-superscript-0.34.30.jar;C:\Users\Siti Nurlatipah\.m2\repository\com\vladsch\flexmark\flexmark-ext-tables\0.34.30\flexmark-ext-tables-0.34.30.jar;C:\Users\Siti Nurlatipah\.m2\repository\com\vladsch\flexmark\flexmark-ext-toc\0.34.30\flexmark-ext-toc-0.34.30.jar;C:\Users\Siti Nurlatipah\.m2\repository\com\vladsch\flexmark\flexmark-ext-typographic\0.34.30\flexmark-ext-typographic-0.34.30.jar;C:\Users\Siti Nurlatipah\.m2\repository\com\vladsch\flexmark\flexmark-ext-wikilink\0.34.30\flexmark-ext-wikilink-0.34.30.jar;C:\Users\Siti Nurlatipah\.m2\repository\com\vladsch\flexmark\flexmark-ext-yaml-front-matter\0.34.30\flexmark-ext-yaml-front-matter-0.34.30.jar;C:\Users\Siti Nurlatipah\.m2\repository\com\vladsch\flexmark\flexmark-ext-youtube-embedded\0.34.30\flexmark-ext-youtube-embedded-0.34.30.jar;C:\Users\Siti Nurlatipah\.m2\repository\com\vladsch\flexmark\flexmark-formatter\0.34.30\flexmark-formatter-0.34.30.jar;C:\Users\Siti Nurlatipah\.m2\repository\com\vladsch\flexmark\flexmark-html-parser\0.34.30\flexmark-html-parser-0.34.30.jar;C:\Users\Siti Nurlatipah\.m2\repository\com\vladsch\flexmark\flexmark-jira-converter\0.34.30\flexmark-jira-converter-0.34.30.jar;C:\Users\Siti Nurlatipah\.m2\repository\com\vladsch\flexmark\flexmark-pdf-converter\0.34.30\flexmark-pdf-converter-0.34.30.jar;C:\Users\Siti Nurlatipah\.m2\repository\com\openhtmltopdf\openhtmltopdf-core\0.0.1-RC13\openhtmltopdf-core-0.0.1-RC13.jar;C:\Users\Siti Nurlatipah\.m2\repository\com\openhtmltopdf\openhtmltopdf-pdfbox\0.0.1-RC13\openhtmltopdf-pdfbox-0.0.1-RC13.jar;C:\Users\Siti Nurlatipah\.m2\repository\org\apache\pdfbox\pdfbox\2.0.8\pdfbox-2.0.8.jar;C:\Users\Siti Nurlatipah\.m2\repository\org\apache\pdfbox\fontbox\2.0.8\fontbox-2.0.8.jar;C:\Users\Siti Nurlatipah\.m2\repository\commons-logging\commons-logging\1.2\commons-logging-1.2.jar;C:\Users\Siti Nurlatipah\.m2\repository\org\apache\pdfbox\xmpbox\2.0.8\xmpbox-2.0.8.jar;C:\Users\Siti Nurlatipah\.m2\repository\de\rototor\pdfbox\graphics2d\0.12\graphics2d-0.12.jar;C:\Users\Siti Nurlatipah\.m2\repository\com\openhtmltopdf\openhtmltopdf-rtl-support\0.0.1-RC13\openhtmltopdf-rtl-support-0.0.1-RC13.jar;C:\Users\Siti Nurlatipah\.m2\repository\com\ibm\icu\icu4j\59.1\icu4j-59.1.jar;C:\Users\Siti Nurlatipah\.m2\repository\com\openhtmltopdf\openhtmltopdf-jsoup-dom-converter\0.0.1-RC13\openhtmltopdf-jsoup-dom-converter-0.0.1-RC13.jar;C:\Users\Siti Nurlatipah\.m2\repository\com\vladsch\flexmark\flexmark-profile-pegdown\0.34.30\flexmark-profile-pegdown-0.34.30.jar;C:\Users\Siti Nurlatipah\.m2\repository\com\vladsch\flexmark\flexmark-util\0.34.30\flexmark-util-0.34.30.jar;C:\Users\Siti Nurlatipah\.m2\repository\com\vladsch\flexmark\flexmark-youtrack-converter\0.34.30\flexmark-youtrack-converter-0.34.30.jar;C:\Users\Siti Nurlatipah\.m2\repository\es\nitaur\markdown\txtmark\0.16\txtmark-0.16.jar;C:\Users\Siti Nurlatipah\.m2\repository\net\serenity-bdd\serenity-report-resources\3.2.1\serenity-report-resources-3.2.1.jar;C:\Users\Siti Nurlatipah\.m2\repository\com\google\code\gson\gson\2.9.0\gson-2.9.0.jar;C:\Users\Siti Nurlatipah\.m2\repository\com\fasterxml\jackson\core\jackson-core\2.13.2\jackson-core-2.13.2.jar;C:\Users\Siti Nurlatipah\.m2\repository\com\fasterxml\jackson\core\jackson-databind\2.13.2\jackson-databind-2.13.2.jar;C:\Users\Siti Nurlatipah\.m2\repository\com\fasterxml\jackson\core\jackson-annotations\2.13.2\jackson-annotations-2.13.2.jar;C:\Users\Siti Nurlatipah\.m2\repository\commons-codec\commons-codec\1.15\commons-codec-1.15.jar;C:\Users\Siti Nurlatipah\.m2\repository\commons-io\commons-io\2.11.0\commons-io-2.11.0.jar;C:\Users\Siti Nurlatipah\.m2\repository\org\seleniumhq\selenium\selenium-java\4.1.2\selenium-java-4.1.2.jar;C:\Users\Siti Nurlatipah\.m2\repository\org\seleniumhq\selenium\selenium-devtools-v85\4.1.2\selenium-devtools-v85-4.1.2.jar;C:\Users\Siti Nurlatipah\.m2\repository\org\seleniumhq\selenium\selenium-devtools-v95\4.1.2\selenium-devtools-v95-4.1.2.jar;C:\Users\Siti Nurlatipah\.m2\repository\org\seleniumhq\selenium\selenium-devtools-v96\4.1.2\selenium-devtools-v96-4.1.2.jar;C:\Users\Siti Nurlatipah\.m2\repository\org\seleniumhq\selenium\selenium-devtools-v97\4.1.2\selenium-devtools-v97-4.1.2.jar;C:\Users\Siti Nurlatipah\.m2\repository\org\seleniumhq\selenium\selenium-firefox-xpi-driver\4.1.2\selenium-firefox-xpi-driver-4.1.2.jar;C:\Users\Siti Nurlatipah\.m2\repository\org\seleniumhq\selenium\selenium-opera-driver\4.1.2\selenium-opera-driver-4.1.2.jar;C:\Users\Siti Nurlatipah\.m2\repository\org\seleniumhq\selenium\selenium-remote-driver\4.1.2\selenium-remote-driver-4.1.2.jar;C:\Users\Siti Nurlatipah\.m2\repository\com\beust\jcommander\1.82\jcommander-1.82.jar;C:\Users\Siti Nurlatipah\.m2\repository\io\netty\netty-buffer\4.1.73.Final\netty-buffer-4.1.73.Final.jar;C:\Users\Siti Nurlatipah\.m2\repository\io\netty\netty-codec-http\4.1.73.Final\netty-codec-http-4.1.73.Final.jar;C:\Users\Siti Nurlatipah\.m2\repository\io\netty\netty-codec\4.1.73.Final\netty-codec-4.1.73.Final.jar;C:\Users\Siti Nurlatipah\.m2\repository\io\netty\netty-handler\4.1.73.Final\netty-handler-4.1.73.Final.jar;C:\Users\Siti Nurlatipah\.m2\repository\io\netty\netty-tcnative-classes\2.0.46.Final\netty-tcnative-classes-2.0.46.Final.jar;C:\Users\Siti Nurlatipah\.m2\repository\io\netty\netty-common\4.1.73.Final\netty-common-4.1.73.Final.jar;C:\Users\Siti Nurlatipah\.m2\repository\io\netty\netty-transport-classes-epoll\4.1.73.Final\netty-transport-classes-epoll-4.1.73.Final.jar;C:\Users\Siti Nurlatipah\.m2\repository\io\netty\netty-transport-classes-kqueue\4.1.73.Final\netty-transport-classes-kqueue-4.1.73.Final.jar;C:\Users\Siti Nurlatipah\.m2\repository\io\netty\netty-transport-native-epoll\4.1.73.Final\netty-transport-native-epoll-4.1.73.Final.jar;C:\Users\Siti Nurlatipah\.m2\repository\io\netty\netty-transport-native-kqueue\4.1.73.Final\netty-transport-native-kqueue-4.1.73.Final.jar;C:\Users\Siti Nurlatipah\.m2\repository\io\netty\netty-transport-native-unix-common\4.1.73.Final\netty-transport-native-unix-common-4.1.73.Final.jar;C:\Users\Siti Nurlatipah\.m2\repository\io\netty\netty-transport\4.1.73.Final\netty-transport-4.1.73.Final.jar;C:\Users\Siti Nurlatipah\.m2\repository\io\netty\netty-resolver\4.1.73.Final\netty-resolver-4.1.73.Final.jar;C:\Users\Siti Nurlatipah\.m2\repository\io\opentelemetry\opentelemetry-api\1.10.1\opentelemetry-api-1.10.1.jar;C:\Users\Siti Nurlatipah\.m2\repository\io\opentelemetry\opentelemetry-context\1.10.1\opentelemetry-context-1.10.1.jar;C:\Users\Siti Nurlatipah\.m2\repository\io\opentelemetry\opentelemetry-exporter-logging\1.10.1\opentelemetry-exporter-logging-1.10.1.jar;C:\Users\Siti Nurlatipah\.m2\repository\io\opentelemetry\opentelemetry-sdk-metrics\1.10.1-alpha\opentelemetry-sdk-metrics-1.10.1-alpha.jar;C:\Users\Siti Nurlatipah\.m2\repository\io\opentelemetry\opentelemetry-sdk-logs\1.10.1-alpha\opentelemetry-sdk-logs-1.10.1-alpha.jar;C:\Users\Siti Nurlatipah\.m2\repository\io\opentelemetry\opentelemetry-sdk-common\1.10.1\opentelemetry-sdk-common-1.10.1.jar;C:\Users\Siti Nurlatipah\.m2\repository\io\opentelemetry\opentelemetry-sdk-extension-autoconfigure-spi\1.10.1\opentelemetry-sdk-extension-autoconfigure-spi-1.10.1.jar;C:\Users\Siti Nurlatipah\.m2\repository\io\opentelemetry\opentelemetry-sdk-extension-autoconfigure\1.10.1-alpha\opentelemetry-sdk-extension-autoconfigure-1.10.1-alpha.jar;C:\Users\Siti Nurlatipah\.m2\repository\io\opentelemetry\opentelemetry-sdk-trace\1.10.1\opentelemetry-sdk-trace-1.10.1.jar;C:\Users\Siti Nurlatipah\.m2\repository\io\opentelemetry\opentelemetry-sdk\1.10.1\opentelemetry-sdk-1.10.1.jar;C:\Users\Siti Nurlatipah\.m2\repository\io\opentelemetry\opentelemetry-semconv\1.10.1-alpha\opentelemetry-semconv-1.10.1-alpha.jar;C:\Users\Siti Nurlatipah\.m2\repository\io\ous\jtoml\2.0.0\jtoml-2.0.0.jar;C:\Users\Siti Nurlatipah\.m2\repository\org\apache\commons\commons-exec\1.3\commons-exec-1.3.jar;C:\Users\Siti Nurlatipah\.m2\repository\org\asynchttpclient\async-http-client\2.12.3\async-http-client-2.12.3.jar;C:\Users\Siti Nurlatipah\.m2\repository\org\asynchttpclient\async-http-client-netty-utils\2.12.3\async-http-client-netty-utils-2.12.3.jar;C:\Users\Siti Nurlatipah\.m2\repository\io\netty\netty-codec-socks\4.1.60.Final\netty-codec-socks-4.1.60.Final.jar;C:\Users\Siti Nurlatipah\.m2\repository\io\netty\netty-handler-proxy\4.1.60.Final\netty-handler-proxy-4.1.60.Final.jar;C:\Users\Siti Nurlatipah\.m2\repository\io\netty\netty-transport-native-epoll\4.1.60.Final\netty-transport-native-epoll-4.1.60.Final-linux-x86_64.jar;C:\Users\Siti Nurlatipah\.m2\repository\io\netty\netty-transport-native-kqueue\4.1.60.Final\netty-transport-native-kqueue-4.1.60.Final-osx-x86_64.jar;C:\Users\Siti Nurlatipah\.m2\repository\org\reactivestreams\reactive-streams\1.0.3\reactive-streams-1.0.3.jar;C:\Users\Siti Nurlatipah\.m2\repository\com\typesafe\netty\netty-reactive-streams\2.0.4\netty-reactive-streams-2.0.4.jar;C:\Users\Siti Nurlatipah\.m2\repository\org\seleniumhq\selenium\selenium-http\4.1.2\selenium-http-4.1.2.jar;C:\Users\Siti Nurlatipah\.m2\repository\net\jodah\failsafe\2.4.4\failsafe-2.4.4.jar;C:\Users\Siti Nurlatipah\.m2\repository\org\seleniumhq\selenium\selenium-safari-driver\4.1.2\selenium-safari-driver-4.1.2.jar;C:\Users\Siti Nurlatipah\.m2\repository\org\seleniumhq\selenium\selenium-api\4.1.2\selenium-api-4.1.2.jar;C:\Users\Siti Nurlatipah\.m2\repository\org\seleniumhq\selenium\selenium-support\4.1.2\selenium-support-4.1.2.jar;C:\Users\Siti Nurlatipah\.m2\repository\com\google\auto\service\auto-service-annotations\1.0.1\auto-service-annotations-1.0.1.jar;C:\Users\Siti Nurlatipah\.m2\repository\com\google\auto\service\auto-service\1.0.1\auto-service-1.0.1.jar;C:\Users\Siti Nurlatipah\.m2\repository\com\google\auto\auto-common\1.2\auto-common-1.2.jar;C:\Users\Siti Nurlatipah\.m2\repository\org\seleniumhq\selenium\selenium-json\4.1.2\selenium-json-4.1.2.jar;C:\Users\Siti Nurlatipah\.m2\repository\org\seleniumhq\selenium\selenium-chrome-driver\4.1.2\selenium-chrome-driver-4.1.2.jar;C:\Users\Siti Nurlatipah\.m2\repository\org\seleniumhq\selenium\selenium-chromium-driver\4.1.2\selenium-chromium-driver-4.1.2.jar;C:\Users\Siti Nurlatipah\.m2\repository\org\seleniumhq\selenium\selenium-firefox-driver\4.1.2\selenium-firefox-driver-4.1.2.jar;C:\Users\Siti Nurlatipah\.m2\repository\org\seleniumhq\selenium\selenium-edge-driver\4.1.2\selenium-edge-driver-4.1.2.jar;C:\Users\Siti Nurlatipah\.m2\repository\org\seleniumhq\selenium\selenium-ie-driver\4.1.2\selenium-ie-driver-4.1.2.jar;C:\Users\Siti Nurlatipah\.m2\repository\org\projectlombok\lombok\1.18.20\lombok-1.18.20.jar;C:\Users\Siti Nurlatipah\.m2\repository\io\appium\java-client\8.0.0\java-client-8.0.0.jar;C:\Users\Siti Nurlatipah\.m2\repository\commons-validator\commons-validator\1.7\commons-validator-1.7.jar;C:\Users\Siti Nurlatipah\.m2\repository\commons-digester\commons-digester\2.1\commons-digester-2.1.jar;C:\Users\Siti Nurlatipah\.m2\repository\org\aspectj\aspectjweaver\1.9.8\aspectjweaver-1.9.8.jar;C:\Users\Siti Nurlatipah\.m2\repository\org\codehaus\groovy\groovy\3.0.10\groovy-3.0.10.jar;C:\Users\Siti Nurlatipah\.m2\repository\net\sf\opencsv\opencsv\2.0\opencsv-2.0.jar;C:\Users\Siti Nurlatipah\.m2\repository\commons-beanutils\commons-beanutils\1.9.4\commons-beanutils-1.9.4.jar;C:\Users\Siti Nurlatipah\.m2\repository\org\apache\commons\commons-lang3\3.12.0\commons-lang3-3.12.0.jar;C:\Users\Siti Nurlatipah\.m2\repository\commons-collections\commons-collections\3.2.2\commons-collections-3.2.2.jar;C:\Users\Siti Nurlatipah\.m2\repository\org\fluentlenium\fluentlenium-core\0.10.2\fluentlenium-core-0.10.2.jar;C:\Users\Siti Nurlatipah\.m2\repository\io\github\bonigarcia\webdrivermanager\5.1.0\webdrivermanager-5.1.0.jar;C:\Users\Siti Nurlatipah\.m2\repository\com\github\docker-java\docker-java\3.2.13\docker-java-3.2.13.jar;C:\Users\Siti Nurlatipah\.m2\repository\com\github\docker-java\docker-java-core\3.2.13\docker-java-core-3.2.13.jar;C:\Users\Siti Nurlatipah\.m2\repository\com\github\docker-java\docker-java-api\3.2.13\docker-java-api-3.2.13.jar;C:\Users\Siti Nurlatipah\.m2\repository\org\apache\commons\commons-compress\1.21\commons-compress-1.21.jar;C:\Users\Siti Nurlatipah\.m2\repository\org\bouncycastle\bcpkix-jdk15on\1.64\bcpkix-jdk15on-1.64.jar;C:\Users\Siti Nurlatipah\.m2\repository\org\bouncycastle\bcprov-jdk15on\1.64\bcprov-jdk15on-1.64.jar;C:\Users\Siti Nurlatipah\.m2\repository\org\slf4j\jcl-over-slf4j\1.7.30\jcl-over-slf4j-1.7.30.jar;C:\Users\Siti Nurlatipah\.m2\repository\com\github\docker-java\docker-java-transport-httpclient5\3.2.13\docker-java-transport-httpclient5-3.2.13.jar;C:\Users\Siti Nurlatipah\.m2\repository\com\github\docker-java\docker-java-transport\3.2.13\docker-java-transport-3.2.13.jar;C:\Users\Siti Nurlatipah\.m2\repository\org\apache\httpcomponents\client5\httpclient5\5.0.3\httpclient5-5.0.3.jar;C:\Users\Siti Nurlatipah\.m2\repository\org\apache\httpcomponents\core5\httpcore5\5.0.2\httpcore5-5.0.2.jar;C:\Users\Siti Nurlatipah\.m2\repository\net\java\dev\jna\jna\5.8.0\jna-5.8.0.jar;C:\Users\Siti Nurlatipah\.m2\repository\org\brotli\dec\0.1.2\dec-0.1.2.jar;C:\Users\Siti Nurlatipah\.m2\repository\com\jhlabs\filters\2.0.235\filters-2.0.235.jar;C:\Users\Siti Nurlatipah\.m2\repository\com\paulhammant\ngwebdriver\1.1.6\ngwebdriver-1.1.6.jar;C:\Users\Siti Nurlatipah\.m2\repository\joda-time\joda-time\2.8.2\joda-time-2.8.2.jar;C:\Users\Siti Nurlatipah\.m2\repository\org\hamcrest\hamcrest\2.2\hamcrest-2.2.jar;C:\Users\Siti Nurlatipah\.m2\repository\com\google\jimfs\jimfs\1.2\jimfs-1.2.jar;C:\Users\Siti Nurlatipah\.m2\repository\org\mockito\mockito-core\3.3.3\mockito-core-3.3.3.jar;C:\Users\Siti Nurlatipah\.m2\repository\javax\xml\bind\jaxb-api\2.3.1\jaxb-api-2.3.1.jar;C:\Users\Siti Nurlatipah\.m2\repository\javax\activation\javax.activation-api\1.2.0\javax.activation-api-1.2.0.jar;C:\Users\Siti Nurlatipah\.m2\repository\com\sun\xml\bind\jaxb-core\2.3.0.1\jaxb-core-2.3.0.1.jar;C:\Users\Siti Nurlatipah\.m2\repository\com\sun\xml\bind\jaxb-impl\2.3.3\jaxb-impl-2.3.3.jar;C:\Users\Siti Nurlatipah\.m2\repository\jakarta\xml\bind\jakarta.xml.bind-api\2.3.3\jakarta.xml.bind-api-2.3.3.jar;C:\Users\Siti Nurlatipah\.m2\repository\com\sun\activation\jakarta.activation\1.2.2\jakarta.activation-1.2.2.jar;C:\Users\Siti Nurlatipah\.m2\repository\javax\activation\activation\1.1.1\activation-1.1.1.jar;C:\Users\Siti Nurlatipah\.m2\repository\net\serenity-bdd\serenity-cucumber\3.2.1\serenity-cucumber-3.2.1.jar;C:\Users\Siti Nurlatipah\.m2\repository\io\cucumber\cucumber-core\7.2.3\cucumber-core-7.2.3.jar;C:\Users\Siti Nurlatipah\.m2\repository\io\cucumber\cucumber-gherkin\7.2.3\cucumber-gherkin-7.2.3.jar;C:\Users\Siti Nurlatipah\.m2\repository\io\cucumber\cucumber-gherkin-messages\7.2.3\cucumber-gherkin-messages-7.2.3.jar;C:\Users\Siti Nurlatipah\.m2\repository\io\cucumber\messages\17.1.1\messages-17.1.1.jar;C:\Users\Siti Nurlatipah\.m2\repository\io\cucumber\tag-expressions\4.1.0\tag-expressions-4.1.0.jar;C:\Users\Siti Nurlatipah\.m2\repository\io\cucumber\cucumber-expressions\15.0.1\cucumber-expressions-15.0.1.jar;C:\Users\Siti Nurlatipah\.m2\repository\io\cucumber\datatable\7.2.3\datatable-7.2.3.jar;C:\Users\Siti Nurlatipah\.m2\repository\io\cucumber\cucumber-plugin\7.2.3\cucumber-plugin-7.2.3.jar;C:\Users\Siti Nurlatipah\.m2\repository\io\cucumber\docstring\7.2.3\docstring-7.2.3.jar;C:\Users\Siti Nurlatipah\.m2\repository\io\cucumber\html-formatter\17.0.0\html-formatter-17.0.0.jar;C:\Users\Siti Nurlatipah\.m2\repository\io\cucumber\ci-environment\8.1.0\ci-environment-8.1.0.jar;C:\Users\Siti Nurlatipah\.m2\repository\io\cucumber\cucumber-junit\7.2.3\cucumber-junit-7.2.3.jar;C:\Users\Siti Nurlatipah\.m2\repository\org\apache\commons\commons-csv\1.5\commons-csv-1.5.jar;C:\Users\Siti Nurlatipah\.m2\repository\net\serenity-bdd\serenity-screenplay\3.2.1\serenity-screenplay-3.2.1.jar;C:\Users\Siti Nurlatipah\.m2\repository\net\serenity-bdd\serenity-screenplay-webdriver\3.2.1\serenity-screenplay-webdriver-3.2.1.jar;C:\Users\Siti Nurlatipah\.m2\repository\net\serenity-bdd\serenity-ensure\3.2.1\serenity-ensure-3.2.1.jar;C:\Users\Siti Nurlatipah\.m2\repository\net\serenity-bdd\serenity-junit\3.2.1\serenity-junit-3.2.1.jar;C:\Users\Siti Nurlatipah\.m2\repository\org\jetbrains\kotlin\kotlin-stdlib\1.6.0\kotlin-stdlib-1.6.0.jar;C:\Users\Siti Nurlatipah\.m2\repository\org\jetbrains\annotations\13.0\annotations-13.0.jar;C:\Users\Siti Nurlatipah\.m2\repository\org\jetbrains\kotlin\kotlin-stdlib-common\1.6.0\kotlin-stdlib-common-1.6.0.jar;C:\Users\Siti Nurlatipah\.m2\repository\org\junit\platform\junit-platform-launcher\1.8.1\junit-platform-launcher-1.8.1.jar;C:\Users\Siti Nurlatipah\.m2\repository\org\junit\platform\junit-platform-engine\1.8.1\junit-platform-engine-1.8.1.jar;C:\Users\Siti Nurlatipah\.m2\repository\org\opentest4j\opentest4j\1.2.0\opentest4j-1.2.0.jar;C:\Users\Siti Nurlatipah\.m2\repository\org\junit\platform\junit-platform-commons\1.8.1\junit-platform-commons-1.8.1.jar;C:\Users\Siti Nurlatipah\.m2\repository\org\apiguardian\apiguardian-api\1.1.2\apiguardian-api-1.1.2.jar;C:\Users\Siti Nurlatipah\.m2\repository\org\junit\jupiter\junit-jupiter-engine\5.8.2\junit-jupiter-engine-5.8.2.jar;C:\Users\Siti Nurlatipah\.m2\repository\org\junit\jupiter\junit-jupiter-api\5.8.2\junit-jupiter-api-5.8.2.jar;C:\Users\Siti Nurlatipah\.m2\repository\com\github\javafaker\javafaker\1.0.2\javafaker-1.0.2.jar;C:\Users\Siti Nurlatipah\.m2\repository\org\yaml\snakeyaml\1.23\snakeyaml-1.23-android.jar;C:\Users\Siti Nurlatipah\.m2\repository\com\github\mifmif\generex\1.0.2\generex-1.0.2.jar;C:\Users\Siti Nurlatipah\.m2\repository\dk\brics\automaton\automaton\1.11-8\automaton-1.11-8.jar;C:\Users\Siti Nurlatipah\.m2\repository\org\junit\vintage\junit-vintage-engine\5.8.2\junit-vintage-engine-5.8.2.jar;C:\Users\Siti Nurlatipah\.m2\repository\junit\junit\4.13.2\junit-4.13.2.jar;C:\Users\Siti Nurlatipah\.m2\repository\org\hamcrest\hamcrest-core\1.3\hamcrest-core-1.3.jar;C:\Users\Siti Nurlatipah\.m2\repository\ch\qos\logback\logback-classic\1.2.10\logback-classic-1.2.10.jar;C:\Users\Siti Nurlatipah\.m2\repository\ch\qos\logback\logback-core\1.2.10\logback-core-1.2.10.jar;C:\Users\Siti Nurlatipah\.m2\repository\org\slf4j\slf4j-api\1.7.32\slf4j-api-1.7.32.jar;C:\Users\Siti Nurlatipah\.m2\repository\org\assertj\assertj-core\3.6.2\assertj-core-3.6.2.jar;"/>
    <property name="sun.cpu.endian" value="little"/>
    <property name="user.home" value="C:\Users\Siti Nurlatipah"/>
    <property name="user.language" value="en"/>
    <property name="java.specification.vendor" value="Oracle Corporation"/>
    <property name="jdk.module.path" value="D:\Mini Project-QE Alta\Web Automation\FrontEnd-AltaShop\target\FrontEnd-AltaShop-1.0-SNAPSHOT.jar"/>
    <property name="java.version.date" value="2022-01-18"/>
    <property name="java.home" value="C:\Program Files\Java\jdk-11.0.14"/>
    <property name="file.separator" value="\"/>
    <property name="basedir" value="D:\Mini Project-QE Alta\Web Automation\FrontEnd-AltaShop"/>
    <property name="java.vm.compressedOopsMode" value="32-bit"/>
    <property name="line.separator" value="&#10;"/>
    <property name="java.specification.name" value="Java Platform API Specification"/>
    <property name="java.vm.specification.vendor" value="Oracle Corporation"/>
    <property name="java.awt.graphicsenv" value="sun.awt.Win32GraphicsEnvironment"/>
    <property name="surefire.real.class.path" value="C:\Users\Siti Nurlatipah\.m2\repository\org\apache\maven\surefire\surefire-booter\3.0.0-M5\surefire-booter-3.0.0-M5.jar;C:\Users\Siti Nurlatipah\.m2\repository\org\apache\maven\surefire\surefire-api\3.0.0-M5\surefire-api-3.0.0-M5.jar;C:\Users\Siti Nurlatipah\.m2\repository\org\apache\maven\surefire\surefire-logger-api\3.0.0-M5\surefire-logger-api-3.0.0-M5.jar;C:\Users\Siti Nurlatipah\.m2\repository\org\apache\maven\surefire\surefire-shared-utils\3.0.0-M4\surefire-shared-utils-3.0.0-M4.jar;C:\Users\Siti Nurlatipah\.m2\repository\org\apache\maven\surefire\surefire-extensions-spi\3.0.0-M5\surefire-extensions-spi-3.0.0-M5.jar;D:\Mini Project-QE Alta\Web Automation\FrontEnd-AltaShop\target\test-classes;C:\Users\Siti Nurlatipah\.m2\repository\net\serenity-bdd\serenity-core\3.2.1\serenity-core-3.2.1.jar;C:\Users\Siti Nurlatipah\.m2\repository\net\serenity-bdd\serenity-model\3.2.1\serenity-model-3.2.1.jar;C:\Users\Siti Nurlatipah\.m2\repository\org\apache\commons\commons-text\1.9\commons-text-1.9.jar;C:\Users\Siti Nurlatipah\.m2\repository\commons-net\commons-net\3.8.0\commons-net-3.8.0.jar;C:\Users\Siti Nurlatipah\.m2\repository\com\google\guava\guava\31.1-jre\guava-31.1-jre.jar;C:\Users\Siti Nurlatipah\.m2\repository\com\google\guava\failureaccess\1.0.1\failureaccess-1.0.1.jar;C:\Users\Siti Nurlatipah\.m2\repository\com\google\guava\listenablefuture\9999.0-empty-to-avoid-conflict-with-guava\listenablefuture-9999.0-empty-to-avoid-conflict-with-guava.jar;C:\Users\Siti Nurlatipah\.m2\repository\com\google\code\findbugs\jsr305\3.0.2\jsr305-3.0.2.jar;C:\Users\Siti Nurlatipah\.m2\repository\org\checkerframework\checker-qual\3.12.0\checker-qual-3.12.0.jar;C:\Users\Siti Nurlatipah\.m2\repository\com\google\errorprone\error_prone_annotations\2.11.0\error_prone_annotations-2.11.0.jar;C:\Users\Siti Nurlatipah\.m2\repository\com\google\j2objc\j2objc-annotations\1.3\j2objc-annotations-1.3.jar;C:\Users\Siti Nurlatipah\.m2\repository\com\google\inject\guice\5.1.0\guice-5.1.0.jar;C:\Users\Siti Nurlatipah\.m2\repository\javax\inject\javax.inject\1\javax.inject-1.jar;C:\Users\Siti Nurlatipah\.m2\repository\aopalliance\aopalliance\1.0\aopalliance-1.0.jar;C:\Users\Siti Nurlatipah\.m2\repository\org\jsoup\jsoup\1.14.3\jsoup-1.14.3.jar;C:\Users\Siti Nurlatipah\.m2\repository\com\thoughtworks\xstream\xstream\1.4.19\xstream-1.4.19.jar;C:\Users\Siti Nurlatipah\.m2\repository\io\github\x-stream\mxparser\1.2.2\mxparser-1.2.2.jar;C:\Users\Siti Nurlatipah\.m2\repository\xmlpull\xmlpull\1.1.3.1\xmlpull-1.1.3.1.jar;C:\Users\Siti Nurlatipah\.m2\repository\io\cucumber\cucumber-java\7.2.3\cucumber-java-7.2.3.jar;C:\Users\Siti Nurlatipah\.m2\repository\com\typesafe\config\1.4.2\config-1.4.2.jar;C:\Users\Siti Nurlatipah\.m2\repository\org\imgscalr\imgscalr-lib\4.2\imgscalr-lib-4.2.jar;C:\Users\Siti Nurlatipah\.m2\repository\org\awaitility\awaitility\4.2.0\awaitility-4.2.0.jar;C:\Users\Siti Nurlatipah\.m2\repository\org\freemarker\freemarker\2.3.31\freemarker-2.3.31.jar;C:\Users\Siti Nurlatipah\.m2\repository\io\github\classgraph\classgraph\4.8.138\classgraph-4.8.138.jar;C:\Users\Siti Nurlatipah\.m2\repository\net\sourceforge\jexcelapi\jxl\2.6.12\jxl-2.6.12.jar;C:\Users\Siti Nurlatipah\.m2\repository\net\bytebuddy\byte-buddy\1.12.8\byte-buddy-1.12.8.jar;C:\Users\Siti Nurlatipah\.m2\repository\net\bytebuddy\byte-buddy-agent\1.12.8\byte-buddy-agent-1.12.8.jar;C:\Users\Siti Nurlatipah\.m2\repository\org\objenesis\objenesis\3.1\objenesis-3.1.jar;C:\Users\Siti Nurlatipah\.m2\repository\net\serenity-bdd\serenity-reports\3.2.1\serenity-reports-3.2.1.jar;C:\Users\Siti Nurlatipah\.m2\repository\net\serenity-bdd\serenity-stats\3.2.1\serenity-stats-3.2.1.jar;C:\Users\Siti Nurlatipah\.m2\repository\net\serenity-bdd\serenity-reports-configuration\3.2.1\serenity-reports-configuration-3.2.1.jar;C:\Users\Siti Nurlatipah\.m2\repository\com\vladsch\flexmark\flexmark-all\0.34.30\flexmark-all-0.34.30.jar;C:\Users\Siti Nurlatipah\.m2\repository\com\vladsch\flexmark\flexmark\0.34.30\flexmark-0.34.30.jar;C:\Users\Siti Nurlatipah\.m2\repository\com\vladsch\flexmark\flexmark-ext-abbreviation\0.34.30\flexmark-ext-abbreviation-0.34.30.jar;C:\Users\Siti Nurlatipah\.m2\repository\com\vladsch\flexmark\flexmark-ext-admonition\0.34.30\flexmark-ext-admonition-0.34.30.jar;C:\Users\Siti Nurlatipah\.m2\repository\com\vladsch\flexmark\flexmark-ext-anchorlink\0.34.30\flexmark-ext-anchorlink-0.34.30.jar;C:\Users\Siti Nurlatipah\.m2\repository\com\vladsch\flexmark\flexmark-ext-aside\0.34.30\flexmark-ext-aside-0.34.30.jar;C:\Users\Siti Nurlatipah\.m2\repository\com\vladsch\flexmark\flexmark-ext-attributes\0.34.30\flexmark-ext-attributes-0.34.30.jar;C:\Users\Siti Nurlatipah\.m2\repository\com\vladsch\flexmark\flexmark-ext-autolink\0.34.30\flexmark-ext-autolink-0.34.30.jar;C:\Users\Siti Nurlatipah\.m2\repository\org\nibor\autolink\autolink\0.6.0\autolink-0.6.0.jar;C:\Users\Siti Nurlatipah\.m2\repository\com\vladsch\flexmark\flexmark-ext-definition\0.34.30\flexmark-ext-definition-0.34.30.jar;C:\Users\Siti Nurlatipah\.m2\repository\com\vladsch\flexmark\flexmark-ext-emoji\0.34.30\flexmark-ext-emoji-0.34.30.jar;C:\Users\Siti Nurlatipah\.m2\repository\com\vladsch\flexmark\flexmark-ext-enumerated-reference\0.34.30\flexmark-ext-enumerated-reference-0.34.30.jar;C:\Users\Siti Nurlatipah\.m2\repository\com\vladsch\flexmark\flexmark-ext-escaped-character\0.34.30\flexmark-ext-escaped-character-0.34.30.jar;C:\Users\Siti Nurlatipah\.m2\repository\com\vladsch\flexmark\flexmark-ext-footnotes\0.34.30\flexmark-ext-footnotes-0.34.30.jar;C:\Users\Siti Nurlatipah\.m2\repository\com\vladsch\flexmark\flexmark-ext-gfm-issues\0.34.30\flexmark-ext-gfm-issues-0.34.30.jar;C:\Users\Siti Nurlatipah\.m2\repository\com\vladsch\flexmark\flexmark-ext-gfm-strikethrough\0.34.30\flexmark-ext-gfm-strikethrough-0.34.30.jar;C:\Users\Siti Nurlatipah\.m2\repository\com\vladsch\flexmark\flexmark-ext-gfm-tables\0.34.30\flexmark-ext-gfm-tables-0.34.30.jar;C:\Users\Siti Nurlatipah\.m2\repository\com\vladsch\flexmark\flexmark-ext-gfm-tasklist\0.34.30\flexmark-ext-gfm-tasklist-0.34.30.jar;C:\Users\Siti Nurlatipah\.m2\repository\com\vladsch\flexmark\flexmark-ext-gfm-users\0.34.30\flexmark-ext-gfm-users-0.34.30.jar;C:\Users\Siti Nurlatipah\.m2\repository\com\vladsch\flexmark\flexmark-ext-gitlab\0.34.30\flexmark-ext-gitlab-0.34.30.jar;C:\Users\Siti Nurlatipah\.m2\repository\com\vladsch\flexmark\flexmark-ext-jekyll-front-matter\0.34.30\flexmark-ext-jekyll-front-matter-0.34.30.jar;C:\Users\Siti Nurlatipah\.m2\repository\com\vladsch\flexmark\flexmark-ext-jekyll-tag\0.34.30\flexmark-ext-jekyll-tag-0.34.30.jar;C:\Users\Siti Nurlatipah\.m2\repository\com\vladsch\flexmark\flexmark-ext-media-tags\0.34.30\flexmark-ext-media-tags-0.34.30.jar;C:\Users\Siti Nurlatipah\.m2\repository\com\vladsch\flexmark\flexmark-test-util\0.34.30\flexmark-test-util-0.34.30.jar;C:\Users\Siti Nurlatipah\.m2\repository\com\vladsch\flexmark\flexmark-ext-ins\0.34.30\flexmark-ext-ins-0.34.30.jar;C:\Users\Siti Nurlatipah\.m2\repository\com\vladsch\flexmark\flexmark-ext-xwiki-macros\0.34.30\flexmark-ext-xwiki-macros-0.34.30.jar;C:\Users\Siti Nurlatipah\.m2\repository\com\vladsch\flexmark\flexmark-ext-superscript\0.34.30\flexmark-ext-superscript-0.34.30.jar;C:\Users\Siti Nurlatipah\.m2\repository\com\vladsch\flexmark\flexmark-ext-tables\0.34.30\flexmark-ext-tables-0.34.30.jar;C:\Users\Siti Nurlatipah\.m2\repository\com\vladsch\flexmark\flexmark-ext-toc\0.34.30\flexmark-ext-toc-0.34.30.jar;C:\Users\Siti Nurlatipah\.m2\repository\com\vladsch\flexmark\flexmark-ext-typographic\0.34.30\flexmark-ext-typographic-0.34.30.jar;C:\Users\Siti Nurlatipah\.m2\repository\com\vladsch\flexmark\flexmark-ext-wikilink\0.34.30\flexmark-ext-wikilink-0.34.30.jar;C:\Users\Siti Nurlatipah\.m2\repository\com\vladsch\flexmark\flexmark-ext-yaml-front-matter\0.34.30\flexmark-ext-yaml-front-matter-0.34.30.jar;C:\Users\Siti Nurlatipah\.m2\repository\com\vladsch\flexmark\flexmark-ext-youtube-embedded\0.34.30\flexmark-ext-youtube-embedded-0.34.30.jar;C:\Users\Siti Nurlatipah\.m2\repository\com\vladsch\flexmark\flexmark-formatter\0.34.30\flexmark-formatter-0.34.30.jar;C:\Users\Siti Nurlatipah\.m2\repository\com\vladsch\flexmark\flexmark-html-parser\0.34.30\flexmark-html-parser-0.34.30.jar;C:\Users\Siti Nurlatipah\.m2\repository\com\vladsch\flexmark\flexmark-jira-converter\0.34.30\flexmark-jira-converter-0.34.30.jar;C:\Users\Siti Nurlatipah\.m2\repository\com\vladsch\flexmark\flexmark-pdf-converter\0.34.30\flexmark-pdf-converter-0.34.30.jar;C:\Users\Siti Nurlatipah\.m2\repository\com\openhtmltopdf\openhtmltopdf-core\0.0.1-RC13\openhtmltopdf-core-0.0.1-RC13.jar;C:\Users\Siti Nurlatipah\.m2\repository\com\openhtmltopdf\openhtmltopdf-pdfbox\0.0.1-RC13\openhtmltopdf-pdfbox-0.0.1-RC13.jar;C:\Users\Siti Nurlatipah\.m2\repository\org\apache\pdfbox\pdfbox\2.0.8\pdfbox-2.0.8.jar;C:\Users\Siti Nurlatipah\.m2\repository\org\apache\pdfbox\fontbox\2.0.8\fontbox-2.0.8.jar;C:\Users\Siti Nurlatipah\.m2\repository\commons-logging\commons-logging\1.2\commons-logging-1.2.jar;C:\Users\Siti Nurlatipah\.m2\repository\org\apache\pdfbox\xmpbox\2.0.8\xmpbox-2.0.8.jar;C:\Users\Siti Nurlatipah\.m2\repository\de\rototor\pdfbox\graphics2d\0.12\graphics2d-0.12.jar;C:\Users\Siti Nurlatipah\.m2\repository\com\openhtmltopdf\openhtmltopdf-rtl-support\0.0.1-RC13\openhtmltopdf-rtl-support-0.0.1-RC13.jar;C:\Users\Siti Nurlatipah\.m2\repository\com\ibm\icu\icu4j\59.1\icu4j-59.1.jar;C:\Users\Siti Nurlatipah\.m2\repository\com\openhtmltopdf\openhtmltopdf-jsoup-dom-converter\0.0.1-RC13\openhtmltopdf-jsoup-dom-converter-0.0.1-RC13.jar;C:\Users\Siti Nurlatipah\.m2\repository\com\vladsch\flexmark\flexmark-profile-pegdown\0.34.30\flexmark-profile-pegdown-0.34.30.jar;C:\Users\Siti Nurlatipah\.m2\repository\com\vladsch\flexmark\flexmark-util\0.34.30\flexmark-util-0.34.30.jar;C:\Users\Siti Nurlatipah\.m2\repository\com\vladsch\flexmark\flexmark-youtrack-converter\0.34.30\flexmark-youtrack-converter-0.34.30.jar;C:\Users\Siti Nurlatipah\.m2\repository\es\nitaur\markdown\txtmark\0.16\txtmark-0.16.jar;C:\Users\Siti Nurlatipah\.m2\repository\net\serenity-bdd\serenity-report-resources\3.2.1\serenity-report-resources-3.2.1.jar;C:\Users\Siti Nurlatipah\.m2\repository\com\google\code\gson\gson\2.9.0\gson-2.9.0.jar;C:\Users\Siti Nurlatipah\.m2\repository\com\fasterxml\jackson\core\jackson-core\2.13.2\jackson-core-2.13.2.jar;C:\Users\Siti Nurlatipah\.m2\repository\com\fasterxml\jackson\core\jackson-databind\2.13.2\jackson-databind-2.13.2.jar;C:\Users\Siti Nurlatipah\.m2\repository\com\fasterxml\jackson\core\jackson-annotations\2.13.2\jackson-annotations-2.13.2.jar;C:\Users\Siti Nurlatipah\.m2\repository\commons-codec\commons-codec\1.15\commons-codec-1.15.jar;C:\Users\Siti Nurlatipah\.m2\repository\commons-io\commons-io\2.11.0\commons-io-2.11.0.jar;C:\Users\Siti Nurlatipah\.m2\repository\org\seleniumhq\selenium\selenium-java\4.1.2\selenium-java-4.1.2.jar;C:\Users\Siti Nurlatipah\.m2\repository\org\seleniumhq\selenium\selenium-devtools-v85\4.1.2\selenium-devtools-v85-4.1.2.jar;C:\Users\Siti Nurlatipah\.m2\repository\org\seleniumhq\selenium\selenium-devtools-v95\4.1.2\selenium-devtools-v95-4.1.2.jar;C:\Users\Siti Nurlatipah\.m2\repository\org\seleniumhq\selenium\selenium-devtools-v96\4.1.2\selenium-devtools-v96-4.1.2.jar;C:\Users\Siti Nurlatipah\.m2\repository\org\seleniumhq\selenium\selenium-devtools-v97\4.1.2\selenium-devtools-v97-4.1.2.jar;C:\Users\Siti Nurlatipah\.m2\repository\org\seleniumhq\selenium\selenium-firefox-xpi-driver\4.1.2\selenium-firefox-xpi-driver-4.1.2.jar;C:\Users\Siti Nurlatipah\.m2\repository\org\seleniumhq\selenium\selenium-opera-driver\4.1.2\selenium-opera-driver-4.1.2.jar;C:\Users\Siti Nurlatipah\.m2\repository\org\seleniumhq\selenium\selenium-remote-driver\4.1.2\selenium-remote-driver-4.1.2.jar;C:\Users\Siti Nurlatipah\.m2\repository\com\beust\jcommander\1.82\jcommander-1.82.jar;C:\Users\Siti Nurlatipah\.m2\repository\io\netty\netty-buffer\4.1.73.Final\netty-buffer-4.1.73.Final.jar;C:\Users\Siti Nurlatipah\.m2\repository\io\netty\netty-codec-http\4.1.73.Final\netty-codec-http-4.1.73.Final.jar;C:\Users\Siti Nurlatipah\.m2\repository\io\netty\netty-codec\4.1.73.Final\netty-codec-4.1.73.Final.jar;C:\Users\Siti Nurlatipah\.m2\repository\io\netty\netty-handler\4.1.73.Final\netty-handler-4.1.73.Final.jar;C:\Users\Siti Nurlatipah\.m2\repository\io\netty\netty-tcnative-classes\2.0.46.Final\netty-tcnative-classes-2.0.46.Final.jar;C:\Users\Siti Nurlatipah\.m2\repository\io\netty\netty-common\4.1.73.Final\netty-common-4.1.73.Final.jar;C:\Users\Siti Nurlatipah\.m2\repository\io\netty\netty-transport-classes-epoll\4.1.73.Final\netty-transport-classes-epoll-4.1.73.Final.jar;C:\Users\Siti Nurlatipah\.m2\repository\io\netty\netty-transport-classes-kqueue\4.1.73.Final\netty-transport-classes-kqueue-4.1.73.Final.jar;C:\Users\Siti Nurlatipah\.m2\repository\io\netty\netty-transport-native-epoll\4.1.73.Final\netty-transport-native-epoll-4.1.73.Final.jar;C:\Users\Siti Nurlatipah\.m2\repository\io\netty\netty-transport-native-kqueue\4.1.73.Final\netty-transport-native-kqueue-4.1.73.Final.jar;C:\Users\Siti Nurlatipah\.m2\repository\io\netty\netty-transport-native-unix-common\4.1.73.Final\netty-transport-native-unix-common-4.1.73.Final.jar;C:\Users\Siti Nurlatipah\.m2\repository\io\netty\netty-transport\4.1.73.Final\netty-transport-4.1.73.Final.jar;C:\Users\Siti Nurlatipah\.m2\repository\io\netty\netty-resolver\4.1.73.Final\netty-resolver-4.1.73.Final.jar;C:\Users\Siti Nurlatipah\.m2\repository\io\opentelemetry\opentelemetry-api\1.10.1\opentelemetry-api-1.10.1.jar;C:\Users\Siti Nurlatipah\.m2\repository\io\opentelemetry\opentelemetry-context\1.10.1\opentelemetry-context-1.10.1.jar;C:\Users\Siti Nurlatipah\.m2\repository\io\opentelemetry\opentelemetry-exporter-logging\1.10.1\opentelemetry-exporter-logging-1.10.1.jar;C:\Users\Siti Nurlatipah\.m2\repository\io\opentelemetry\opentelemetry-sdk-metrics\1.10.1-alpha\opentelemetry-sdk-metrics-1.10.1-alpha.jar;C:\Users\Siti Nurlatipah\.m2\repository\io\opentelemetry\opentelemetry-sdk-logs\1.10.1-alpha\opentelemetry-sdk-logs-1.10.1-alpha.jar;C:\Users\Siti Nurlatipah\.m2\repository\io\opentelemetry\opentelemetry-sdk-common\1.10.1\opentelemetry-sdk-common-1.10.1.jar;C:\Users\Siti Nurlatipah\.m2\repository\io\opentelemetry\opentelemetry-sdk-extension-autoconfigure-spi\1.10.1\opentelemetry-sdk-extension-autoconfigure-spi-1.10.1.jar;C:\Users\Siti Nurlatipah\.m2\repository\io\opentelemetry\opentelemetry-sdk-extension-autoconfigure\1.10.1-alpha\opentelemetry-sdk-extension-autoconfigure-1.10.1-alpha.jar;C:\Users\Siti Nurlatipah\.m2\repository\io\opentelemetry\opentelemetry-sdk-trace\1.10.1\opentelemetry-sdk-trace-1.10.1.jar;C:\Users\Siti Nurlatipah\.m2\repository\io\opentelemetry\opentelemetry-sdk\1.10.1\opentelemetry-sdk-1.10.1.jar;C:\Users\Siti Nurlatipah\.m2\repository\io\opentelemetry\opentelemetry-semconv\1.10.1-alpha\opentelemetry-semconv-1.10.1-alpha.jar;C:\Users\Siti Nurlatipah\.m2\repository\io\ous\jtoml\2.0.0\jtoml-2.0.0.jar;C:\Users\Siti Nurlatipah\.m2\repository\org\apache\commons\commons-exec\1.3\commons-exec-1.3.jar;C:\Users\Siti Nurlatipah\.m2\repository\org\asynchttpclient\async-http-client\2.12.3\async-http-client-2.12.3.jar;C:\Users\Siti Nurlatipah\.m2\repository\org\asynchttpclient\async-http-client-netty-utils\2.12.3\async-http-client-netty-utils-2.12.3.jar;C:\Users\Siti Nurlatipah\.m2\repository\io\netty\netty-codec-socks\4.1.60.Final\netty-codec-socks-4.1.60.Final.jar;C:\Users\Siti Nurlatipah\.m2\repository\io\netty\netty-handler-proxy\4.1.60.Final\netty-handler-proxy-4.1.60.Final.jar;C:\Users\Siti Nurlatipah\.m2\repository\io\netty\netty-transport-native-epoll\4.1.60.Final\netty-transport-native-epoll-4.1.60.Final-linux-x86_64.jar;C:\Users\Siti Nurlatipah\.m2\repository\io\netty\netty-transport-native-kqueue\4.1.60.Final\netty-transport-native-kqueue-4.1.60.Final-osx-x86_64.jar;C:\Users\Siti Nurlatipah\.m2\repository\org\reactivestreams\reactive-streams\1.0.3\reactive-streams-1.0.3.jar;C:\Users\Siti Nurlatipah\.m2\repository\com\typesafe\netty\netty-reactive-streams\2.0.4\netty-reactive-streams-2.0.4.jar;C:\Users\Siti Nurlatipah\.m2\repository\org\seleniumhq\selenium\selenium-http\4.1.2\selenium-http-4.1.2.jar;C:\Users\Siti Nurlatipah\.m2\repository\net\jodah\failsafe\2.4.4\failsafe-2.4.4.jar;C:\Users\Siti Nurlatipah\.m2\repository\org\seleniumhq\selenium\selenium-safari-driver\4.1.2\selenium-safari-driver-4.1.2.jar;C:\Users\Siti Nurlatipah\.m2\repository\org\seleniumhq\selenium\selenium-api\4.1.2\selenium-api-4.1.2.jar;C:\Users\Siti Nurlatipah\.m2\repository\org\seleniumhq\selenium\selenium-support\4.1.2\selenium-support-4.1.2.jar;C:\Users\Siti Nurlatipah\.m2\repository\com\google\auto\service\auto-service-annotations\1.0.1\auto-service-annotations-1.0.1.jar;C:\Users\Siti Nurlatipah\.m2\repository\com\google\auto\service\auto-service\1.0.1\auto-service-1.0.1.jar;C:\Users\Siti Nurlatipah\.m2\repository\com\google\auto\auto-common\1.2\auto-common-1.2.jar;C:\Users\Siti Nurlatipah\.m2\repository\org\seleniumhq\selenium\selenium-json\4.1.2\selenium-json-4.1.2.jar;C:\Users\Siti Nurlatipah\.m2\repository\org\seleniumhq\selenium\selenium-chrome-driver\4.1.2\selenium-chrome-driver-4.1.2.jar;C:\Users\Siti Nurlatipah\.m2\repository\org\seleniumhq\selenium\selenium-chromium-driver\4.1.2\selenium-chromium-driver-4.1.2.jar;C:\Users\Siti Nurlatipah\.m2\repository\org\seleniumhq\selenium\selenium-firefox-driver\4.1.2\selenium-firefox-driver-4.1.2.jar;C:\Users\Siti Nurlatipah\.m2\repository\org\seleniumhq\selenium\selenium-edge-driver\4.1.2\selenium-edge-driver-4.1.2.jar;C:\Users\Siti Nurlatipah\.m2\repository\org\seleniumhq\selenium\selenium-ie-driver\4.1.2\selenium-ie-driver-4.1.2.jar;C:\Users\Siti Nurlatipah\.m2\repository\org\projectlombok\lombok\1.18.20\lombok-1.18.20.jar;C:\Users\Siti Nurlatipah\.m2\repository\io\appium\java-client\8.0.0\java-client-8.0.0.jar;C:\Users\Siti Nurlatipah\.m2\repository\commons-validator\commons-validator\1.7\commons-validator-1.7.jar;C:\Users\Siti Nurlatipah\.m2\repository\commons-digester\commons-digester\2.1\commons-digester-2.1.jar;C:\Users\Siti Nurlatipah\.m2\repository\org\aspectj\aspectjweaver\1.9.8\aspectjweaver-1.9.8.jar;C:\Users\Siti Nurlatipah\.m2\repository\org\codehaus\groovy\groovy\3.0.10\groovy-3.0.10.jar;C:\Users\Siti Nurlatipah\.m2\repository\net\sf\opencsv\opencsv\2.0\opencsv-2.0.jar;C:\Users\Siti Nurlatipah\.m2\repository\commons-beanutils\commons-beanutils\1.9.4\commons-beanutils-1.9.4.jar;C:\Users\Siti Nurlatipah\.m2\repository\org\apache\commons\commons-lang3\3.12.0\commons-lang3-3.12.0.jar;C:\Users\Siti Nurlatipah\.m2\repository\commons-collections\commons-collections\3.2.2\commons-collections-3.2.2.jar;C:\Users\Siti Nurlatipah\.m2\repository\org\fluentlenium\fluentlenium-core\0.10.2\fluentlenium-core-0.10.2.jar;C:\Users\Siti Nurlatipah\.m2\repository\io\github\bonigarcia\webdrivermanager\5.1.0\webdrivermanager-5.1.0.jar;C:\Users\Siti Nurlatipah\.m2\repository\com\github\docker-java\docker-java\3.2.13\docker-java-3.2.13.jar;C:\Users\Siti Nurlatipah\.m2\repository\com\github\docker-java\docker-java-core\3.2.13\docker-java-core-3.2.13.jar;C:\Users\Siti Nurlatipah\.m2\repository\com\github\docker-java\docker-java-api\3.2.13\docker-java-api-3.2.13.jar;C:\Users\Siti Nurlatipah\.m2\repository\org\apache\commons\commons-compress\1.21\commons-compress-1.21.jar;C:\Users\Siti Nurlatipah\.m2\repository\org\bouncycastle\bcpkix-jdk15on\1.64\bcpkix-jdk15on-1.64.jar;C:\Users\Siti Nurlatipah\.m2\repository\org\bouncycastle\bcprov-jdk15on\1.64\bcprov-jdk15on-1.64.jar;C:\Users\Siti Nurlatipah\.m2\repository\org\slf4j\jcl-over-slf4j\1.7.30\jcl-over-slf4j-1.7.30.jar;C:\Users\Siti Nurlatipah\.m2\repository\com\github\docker-java\docker-java-transport-httpclient5\3.2.13\docker-java-transport-httpclient5-3.2.13.jar;C:\Users\Siti Nurlatipah\.m2\repository\com\github\docker-java\docker-java-transport\3.2.13\docker-java-transport-3.2.13.jar;C:\Users\Siti Nurlatipah\.m2\repository\org\apache\httpcomponents\client5\httpclient5\5.0.3\httpclient5-5.0.3.jar;C:\Users\Siti Nurlatipah\.m2\repository\org\apache\httpcomponents\core5\httpcore5\5.0.2\httpcore5-5.0.2.jar;C:\Users\Siti Nurlatipah\.m2\repository\net\java\dev\jna\jna\5.8.0\jna-5.8.0.jar;C:\Users\Siti Nurlatipah\.m2\repository\org\brotli\dec\0.1.2\dec-0.1.2.jar;C:\Users\Siti Nurlatipah\.m2\repository\com\jhlabs\filters\2.0.235\filters-2.0.235.jar;C:\Users\Siti Nurlatipah\.m2\repository\com\paulhammant\ngwebdriver\1.1.6\ngwebdriver-1.1.6.jar;C:\Users\Siti Nurlatipah\.m2\repository\joda-time\joda-time\2.8.2\joda-time-2.8.2.jar;C:\Users\Siti Nurlatipah\.m2\repository\org\hamcrest\hamcrest\2.2\hamcrest-2.2.jar;C:\Users\Siti Nurlatipah\.m2\repository\com\google\jimfs\jimfs\1.2\jimfs-1.2.jar;C:\Users\Siti Nurlatipah\.m2\repository\org\mockito\mockito-core\3.3.3\mockito-core-3.3.3.jar;C:\Users\Siti Nurlatipah\.m2\repository\javax\xml\bind\jaxb-api\2.3.1\jaxb-api-2.3.1.jar;C:\Users\Siti Nurlatipah\.m2\repository\javax\activation\javax.activation-api\1.2.0\javax.activation-api-1.2.0.jar;C:\Users\Siti Nurlatipah\.m2\repository\com\sun\xml\bind\jaxb-core\2.3.0.1\jaxb-core-2.3.0.1.jar;C:\Users\Siti Nurlatipah\.m2\repository\com\sun\xml\bind\jaxb-impl\2.3.3\jaxb-impl-2.3.3.jar;C:\Users\Siti Nurlatipah\.m2\repository\jakarta\xml\bind\jakarta.xml.bind-api\2.3.3\jakarta.xml.bind-api-2.3.3.jar;C:\Users\Siti Nurlatipah\.m2\repository\com\sun\activation\jakarta.activation\1.2.2\jakarta.activation-1.2.2.jar;C:\Users\Siti Nurlatipah\.m2\repository\javax\activation\activation\1.1.1\activation-1.1.1.jar;C:\Users\Siti Nurlatipah\.m2\repository\net\serenity-bdd\serenity-cucumber\3.2.1\serenity-cucumber-3.2.1.jar;C:\Users\Siti Nurlatipah\.m2\repository\io\cucumber\cucumber-core\7.2.3\cucumber-core-7.2.3.jar;C:\Users\Siti Nurlatipah\.m2\repository\io\cucumber\cucumber-gherkin\7.2.3\cucumber-gherkin-7.2.3.jar;C:\Users\Siti Nurlatipah\.m2\repository\io\cucumber\cucumber-gherkin-messages\7.2.3\cucumber-gherkin-messages-7.2.3.jar;C:\Users\Siti Nurlatipah\.m2\repository\io\cucumber\messages\17.1.1\messages-17.1.1.jar;C:\Users\Siti Nurlatipah\.m2\repository\io\cucumber\tag-expressions\4.1.0\tag-expressions-4.1.0.jar;C:\Users\Siti Nurlatipah\.m2\repository\io\cucumber\cucumber-expressions\15.0.1\cucumber-expressions-15.0.1.jar;C:\Users\Siti Nurlatipah\.m2\repository\io\cucumber\datatable\7.2.3\datatable-7.2.3.jar;C:\Users\Siti Nurlatipah\.m2\repository\io\cucumber\cucumber-plugin\7.2.3\cucumber-plugin-7.2.3.jar;C:\Users\Siti Nurlatipah\.m2\repository\io\cucumber\docstring\7.2.3\docstring-7.2.3.jar;C:\Users\Siti Nurlatipah\.m2\repository\io\cucumber\html-formatter\17.0.0\html-formatter-17.0.0.jar;C:\Users\Siti Nurlatipah\.m2\repository\io\cucumber\ci-environment\8.1.0\ci-environment-8.1.0.jar;C:\Users\Siti Nurlatipah\.m2\repository\io\cucumber\cucumber-junit\7.2.3\cucumber-junit-7.2.3.jar;C:\Users\Siti Nurlatipah\.m2\repository\org\apache\commons\commons-csv\1.5\commons-csv-1.5.jar;C:\Users\Siti Nurlatipah\.m2\repository\net\serenity-bdd\serenity-screenplay\3.2.1\serenity-screenplay-3.2.1.jar;C:\Users\Siti Nurlatipah\.m2\repository\net\serenity-bdd\serenity-screenplay-webdriver\3.2.1\serenity-screenplay-webdriver-3.2.1.jar;C:\Users\Siti Nurlatipah\.m2\repository\net\serenity-bdd\serenity-ensure\3.2.1\serenity-ensure-3.2.1.jar;C:\Users\Siti Nurlatipah\.m2\repository\net\serenity-bdd\serenity-junit\3.2.1\serenity-junit-3.2.1.jar;C:\Users\Siti Nurlatipah\.m2\repository\org\jetbrains\kotlin\kotlin-stdlib\1.6.0\kotlin-stdlib-1.6.0.jar;C:\Users\Siti Nurlatipah\.m2\repository\org\jetbrains\annotations\13.0\annotations-13.0.jar;C:\Users\Siti Nurlatipah\.m2\repository\org\jetbrains\kotlin\kotlin-stdlib-common\1.6.0\kotlin-stdlib-common-1.6.0.jar;C:\Users\Siti Nurlatipah\.m2\repository\org\junit\platform\junit-platform-launcher\1.8.1\junit-platform-launcher-1.8.1.jar;C:\Users\Siti Nurlatipah\.m2\repository\org\junit\platform\junit-platform-engine\1.8.1\junit-platform-engine-1.8.1.jar;C:\Users\Siti Nurlatipah\.m2\repository\org\opentest4j\opentest4j\1.2.0\opentest4j-1.2.0.jar;C:\Users\Siti Nurlatipah\.m2\repository\org\junit\platform\junit-platform-commons\1.8.1\junit-platform-commons-1.8.1.jar;C:\Users\Siti Nurlatipah\.m2\repository\org\apiguardian\apiguardian-api\1.1.2\apiguardian-api-1.1.2.jar;C:\Users\Siti Nurlatipah\.m2\repository\org\junit\jupiter\junit-jupiter-engine\5.8.2\junit-jupiter-engine-5.8.2.jar;C:\Users\Siti Nurlatipah\.m2\repository\org\junit\jupiter\junit-jupiter-api\5.8.2\junit-jupiter-api-5.8.2.jar;C:\Users\Siti Nurlatipah\.m2\repository\com\github\javafaker\javafaker\1.0.2\javafaker-1.0.2.jar;C:\Users\Siti Nurlatipah\.m2\repository\org\yaml\snakeyaml\1.23\snakeyaml-1.23-android.jar;C:\Users\Siti Nurlatipah\.m2\repository\com\github\mifmif\generex\1.0.2\generex-1.0.2.jar;C:\Users\Siti Nurlatipah\.m2\repository\dk\brics\automaton\automaton\1.11-8\automaton-1.11-8.jar;C:\Users\Siti Nurlatipah\.m2\repository\org\junit\vintage\junit-vintage-engine\5.8.2\junit-vintage-engine-5.8.2.jar;C:\Users\Siti Nurlatipah\.m2\repository\junit\junit\4.13.2\junit-4.13.2.jar;C:\Users\Siti Nurlatipah\.m2\repository\org\hamcrest\hamcrest-core\1.3\hamcrest-core-1.3.jar;C:\Users\Siti Nurlatipah\.m2\repository\ch\qos\logback\logback-classic\1.2.10\logback-classic-1.2.10.jar;C:\Users\Siti Nurlatipah\.m2\repository\ch\qos\logback\logback-core\1.2.10\logback-core-1.2.10.jar;C:\Users\Siti Nurlatipah\.m2\repository\org\slf4j\slf4j-api\1.7.32\slf4j-api-1.7.32.jar;C:\Users\Siti Nurlatipah\.m2\repository\org\assertj\assertj-core\3.6.2\assertj-core-3.6.2.jar;C:\Users\Siti Nurlatipah\.m2\repository\org\apache\maven\surefire\surefire-junit-platform\3.0.0-M5\surefire-junit-platform-3.0.0-M5.jar;C:\Users\Siti Nurlatipah\.m2\repository\org\apache\maven\surefire\common-java5\3.0.0-M5\common-java5-3.0.0-M5.jar"/>
    <property name="user.script" value=""/>
    <property name="java.protocol.handler.pkgs" value="com.google.common"/>
    <property name="sun.management.compiler" value="HotSpot 64-Bit Tiered Compilers"/>
    <property name="java.runtime.version" value="11.0.14+8-LTS-263"/>
    <property name="user.name" value="Siti Nurlatipah"/>
    <property name="path.separator" value=";"/>
    <property name="os.version" value="10.0"/>
    <property name="java.runtime.name" value="Java(TM) SE Runtime Environment"/>
    <property name="file.encoding" value="Cp1252"/>
    <property name="java.vm.name" value="Java HotSpot(TM) 64-Bit Server VM"/>
    <property name="java.vendor.version" value="18.9"/>
    <property name="localRepository" value="C:\Users\Siti Nurlatipah\.m2\repository"/>
    <property name="java.vendor.url.bug" value="https://bugreport.java.com/bugreport/"/>
    <property name="java.io.tmpdir" value="C:\Users\SITINU~1\AppData\Local\Temp\"/>
    <property name="java.version" value="11.0.14"/>
    <property name="user.dir" value="D:\Mini Project-QE Alta\Web Automation\FrontEnd-AltaShop"/>
    <property name="os.arch" value="amd64"/>
    <property name="java.vm.specification.name" value="Java Virtual Machine Specification"/>
    <property name="java.awt.printerjob" value="sun.awt.windows.WPrinterJob"/>
    <property name="sun.os.patch.level" value=""/>
    <property name="java.library.path" value="C:\Program Files\Java\jdk-11.0.14\bin;C:\windows\Sun\Java\bin;C:\windows\system32;C:\windows;C:\Program Files\Common Files\Oracle\Java\javapath;C:\windows\system32;C:\windows;C:\windows\System32\Wbem;C:\windows\System32\WindowsPowerShell\v1.0\;C:\windows\System32\OpenSSH\;C:\Program Files\Git\cmd;C:\Program Files\apache-maven-3.8.5\bin;C:\Program Files\Java\jdk1.8.0_221\bin;C:\Users\Siti Nurlatipah\webdriver;C:\Program Files\nodejs\;C:\Users\Siti Nurlatipah\AppData\Local\Android\Sdk\platform-tools;C:\Users\Siti Nurlatipah\AppData\Local\Android\Sdk\emulator;C:\Users\Siti Nurlatipah\AppData\Local\Microsoft\WindowsApps;C:\Users\Siti Nurlatipah\AppData\Local\Programs\Microsoft VS Code\bin;C:\Program Files\Java\jdk-11.0.14;C:\Users\Siti Nurlatipah\AppData\Roaming\npm;C:\Users\Siti Nurlatipah\AppData\Local\Android\Sdk\emulator;C:\Users\Siti Nurlatipah\AppData\Local\Android\Sdk\platform-tools;C:\Program Files\Java\jdk-11.0.14\bin;C:\Program Files\apache-maven-3.8.5\bin;;."/>
    <property name="java.vendor" value="Oracle Corporation"/>
    <property name="java.vm.info" value="mixed mode"/>
    <property name="java.vm.version" value="11.0.14+8-LTS-263"/>
    <property name="sun.io.unicode.encoding" value="UnicodeLittle"/>
    <property name="java.class.version" value="55.0"/>
  </properties>
  <testcase name="As a user, i have able to login" classname="Login" time="28.284">
    <system-out><![CDATA[00:17:19.888 [main] INFO io.cucumber.core.plugin.SerenityReporter - Running feature from file:///D:/Mini%20Project-QE%20Alta/Web%20Automation/FrontEnd-AltaShop/src/test/resources/features/Login.feature
00:17:20.216 [main] INFO  - 

-------------------------------------------------------------------------------------
     _______. _______ .______       _______ .__   __.  __  .___________.____    ____ 
    /       ||   ____||   _  \     |   ____||  \ |  | |  | |           |\   \  /   / 
   |   (----`|  |__   |  |_)  |    |  |__   |   \|  | |  | `---|  |----` \   \/   /  
    \   \    |   __|  |      /     |   __|  |  . `  | |  |     |  |       \_    _/   
.----)   |   |  |____ |  |\  \----.|  |____ |  |\   | |  |     |  |         |  |     
|_______/    |_______|| _| `._____||_______||__| \__| |__|     |__|         |__|    
                                                                                     
 News and tutorials at http://www.serenity-bdd.info                                  
 Documentation at https://wakaleo.gitbooks.io/the-serenity-book/content/             
 Join the Serenity Community on Gitter: https://gitter.im/serenity-bdd/serenity-core 
 Serenity BDD Support and Training at http://serenity-bdd.info/#/trainingandsupport  
-------------------------------------------------------------------------------------

00:17:20.223 [main] DEBUG net.thucydides.core.steps.StepEventBus - Test suite started for story net.thucydides.core.model.Story@23282f08
00:17:20.234 [main] INFO  - Test Suite Started: Login
00:17:20.261 [main] INFO io.cucumber.core.plugin.SerenityReporter - Running feature from file:///D:/Mini%20Project-QE%20Alta/Web%20Automation/FrontEnd-AltaShop/src/test/resources/features/Register.feature
00:17:20.273 [main] DEBUG net.thucydides.core.steps.StepEventBus - Test suite started for story net.thucydides.core.model.Story@30e75088
00:17:20.275 [main] INFO  - Test Suite Started: Register
00:17:20.276 [main] INFO io.cucumber.core.plugin.SerenityReporter - Running feature from file:///D:/Mini%20Project-QE%20Alta/Web%20Automation/FrontEnd-AltaShop/src/test/resources/features/Login.feature
00:17:20.286 [main] DEBUG net.thucydides.core.steps.StepEventBus - Test suite started for story net.thucydides.core.model.Story@23282f08
00:17:20.287 [main] INFO  - Test Suite Started: Login

Scenario: As a user, i have able to login           &amp#27;[90m# src/test/resources/features/Login.feature:3&amp#27;[0m
00:17:20.503 [main] INFO io.cucumber.core.plugin.SerenityReporter - Running feature from file:///D:/Mini%20Project-QE%20Alta/Web%20Automation/FrontEnd-AltaShop/src/test/resources/features/Login.feature
00:17:20.721 [main] INFO  - 
  _____   ___   ___   _____     ___   _____     _     ___   _____   ___   ___  
 |_   _| | __| / __| |_   _|   / __| |_   _|   /_\   | _ \ |_   _| | __| |   \ 
   | |   | _|  \__ \   | |     \__ \   | |    / _ \  |   /   | |   | _|  | |) |
   |_|   |___| |___/   |_|     |___/   |_|   /_/ \_\ |_|_\   |_|   |___| |___/ 

As a user, i have able to login(login;as-a-user--i-have-able-to-login)
--------------------------------------------------------------------------------
00:17:22.427 [main] DEBUG net.thucydides.core.steps.StepInterceptor - STARTING STEP: LoginStep.iAmAtRegisterPage - onLoginPage
00:17:22.518 [main] INFO net.serenitybdd.core.webdriver.driverproviders.ChromeDriverProvider - Using automatically driver download
00:17:24.260 [main] DEBUG io.github.bonigarcia.wdm.cache.ResolutionCache - Resolution chrome=100 in cache (valid until 00:56:03 06/05/2022 ICT)
00:17:24.281 [main] DEBUG io.github.bonigarcia.wdm.cache.ResolutionCache - Resolution chrome100=100.0.4896.60 in cache (valid until 20:02:20 06/05/2022 ICT)
00:17:24.316 [main] INFO io.github.bonigarcia.wdm.WebDriverManager - Using chromedriver 100.0.4896.60 (resolved driver for Chrome 100)
00:17:24.398 [main] DEBUG io.github.bonigarcia.wdm.WebDriverManager - Driver chromedriver 100.0.4896.60 found in cache
00:17:24.405 [main] INFO io.github.bonigarcia.wdm.WebDriverManager - Exporting webdriver.chrome.driver as C:\Users\Siti Nurlatipah\.cache\selenium\chromedriver\win32\100.0.4896.60\chromedriver.exe
00:17:26.125 [main] DEBUG net.thucydides.core.reflection.ClassFinder - Could not load class .CucumberTestSuite
00:17:26.126 [main] DEBUG net.thucydides.core.reflection.ClassFinder - Could not load class .starter.HomePage
00:17:26.126 [main] DEBUG net.thucydides.core.reflection.ClassFinder - Could not load class .starter.Login
00:17:26.126 [main] DEBUG net.thucydides.core.reflection.ClassFinder - Could not load class .starter.Register
00:17:26.127 [main] DEBUG net.thucydides.core.reflection.ClassFinder - Could not load class .stepdefinitions.LoginStep
00:17:26.127 [main] DEBUG net.thucydides.core.reflection.ClassFinder - Could not load class .stepdefinitions.RegisterStep
00:17:26.129 [main] DEBUG net.thucydides.core.reflection.ClassFinder - Could not load class META-INF.versions.9.com.sun.istack.logging.StackHelper
00:17:26.134 [main] DEBUG net.thucydides.core.reflection.ClassFinder - Could not load class META-INF.versions.9.com.sun.xml.bind.v2.runtime.reflect.opt.AccessorInjector
00:17:26.136 [main] DEBUG net.thucydides.core.reflection.ClassFinder - Could not load class META-INF.versions.9.com.sun.xml.bind.v2.runtime.reflect.opt.Injector
00:17:26.139 [main] DEBUG net.thucydides.core.reflection.ClassFinder - Could not load class META-INF.versions.9.com.sun.xml.bind.v2.runtime.reflect.opt.OptimizedAccessorFactory
00:17:26.145 [main] DEBUG net.thucydides.core.reflection.ClassFinder - Could not load class META-INF.versions.9.com.sun.xml.bind.v2.runtime.reflect.opt.OptimizedTransducedAccessorFactory
00:17:26.175 [main] DEBUG net.thucydides.core.reflection.ClassFinder - Could not load class META-INF.versions.9.io.opentelemetry.sdk.internal.CurrentJavaVersionSpecific
00:17:26.179 [main] DEBUG net.thucydides.core.reflection.ClassFinder - Could not load class META-INF.versions.9.io.opentelemetry.sdk.internal.Java9VersionSpecific
00:17:26.182 [main] DEBUG net.thucydides.core.reflection.ClassFinder - Could not load class META-INF.versions.9.javax.xml.bind.ModuleUtil
00:17:26.184 [main] DEBUG net.thucydides.core.reflection.ClassFinder - Could not load class META-INF.versions.9.module-info
00:17:26.189 [main] DEBUG net.thucydides.core.reflection.ClassFinder - Could not load class META-INF.versions.9.org.junit.platform.commons.util.ModuleUtils
00:17:28.105 [main] DEBUG net.thucydides.core.reflection.ClassFinder - Could not load class com.google.gson.internal.
00:17:28.952 [main] DEBUG net.thucydides.core.reflection.ClassFinder - Could not load class com.sun.xml.bind.v2.runtime.output.FastInfosetStreamWriterOutput
00:17:30.199 [main] DEBUG net.thucydides.core.reflection.ClassFinder - Could not load class module-info
00:17:35.955 [main] DEBUG io.netty.util.internal.logging.InternalLoggerFactory - Using SLF4J as the default logging framework
00:17:35.960 [main] DEBUG io.netty.util.ResourceLeakDetector - -Dio.netty.leakDetection.level: simple
00:17:35.960 [main] DEBUG io.netty.util.ResourceLeakDetector - -Dio.netty.leakDetection.targetRecords: 4
00:17:35.971 [main] DEBUG io.netty.util.ResourceLeakDetectorFactory - Loaded default ResourceLeakDetector: io.netty.util.ResourceLeakDetector@62c4ad40
00:17:36.014 [main] DEBUG io.netty.util.internal.PlatformDependent0 - -Dio.netty.noUnsafe: false
00:17:36.014 [main] DEBUG io.netty.util.internal.PlatformDependent0 - Java version: 11
00:17:36.017 [main] DEBUG io.netty.util.internal.PlatformDependent0 - sun.misc.Unsafe.theUnsafe: available
00:17:36.018 [main] DEBUG io.netty.util.internal.PlatformDependent0 - sun.misc.Unsafe.copyMemory: available
00:17:36.019 [main] DEBUG io.netty.util.internal.PlatformDependent0 - java.nio.Buffer.address: available
00:17:36.021 [main] DEBUG io.netty.util.internal.PlatformDependent0 - direct buffer constructor: unavailable: Reflective setAccessible(true) disabled
00:17:36.022 [main] DEBUG io.netty.util.internal.PlatformDependent0 - java.nio.Bits.unaligned: available, true
00:17:36.025 [main] DEBUG io.netty.util.internal.PlatformDependent0 - jdk.internal.misc.Unsafe.allocateUninitializedArray(int): unavailable: class io.netty.util.internal.PlatformDependent0$6 cannot access class jdk.internal.misc.Unsafe (in module java.base) because module java.base does not export jdk.internal.misc to unnamed module @51768776
00:17:36.028 [main] DEBUG io.netty.util.internal.PlatformDependent0 - java.nio.DirectByteBuffer.<init>(long, int): unavailable
00:17:36.029 [main] DEBUG io.netty.util.internal.PlatformDependent - sun.misc.Unsafe: available
00:17:36.033 [main] DEBUG io.netty.util.internal.PlatformDependent - maxDirectMemory: 1579155456 bytes (maybe)
00:17:36.034 [main] DEBUG io.netty.util.internal.PlatformDependent - -Dio.netty.tmpdir: C:\Users\SITINU~1\AppData\Local\Temp (java.io.tmpdir)
00:17:36.034 [main] DEBUG io.netty.util.internal.PlatformDependent - -Dio.netty.bitMode: 64 (sun.arch.data.model)
00:17:36.035 [main] DEBUG io.netty.util.internal.PlatformDependent - Platform: Windows
00:17:36.036 [main] DEBUG io.netty.util.internal.PlatformDependent - -Dio.netty.maxDirectMemory: -1 bytes
00:17:36.037 [main] DEBUG io.netty.util.internal.PlatformDependent - -Dio.netty.uninitializedArrayAllocationThreshold: -1
00:17:36.039 [main] DEBUG io.netty.util.internal.CleanerJava9 - java.nio.ByteBuffer.cleaner(): available
00:17:36.039 [main] DEBUG io.netty.util.internal.PlatformDependent - -Dio.netty.noPreferDirect: false
00:17:36.059 [main] DEBUG io.netty.util.internal.PlatformDependent - org.jctools-core.MpscChunkedArrayQueue: available
00:17:36.111 [main] DEBUG io.netty.util.internal.InternalThreadLocalMap - -Dio.netty.threadLocalMap.stringBuilder.initialSize: 1024
00:17:36.111 [main] DEBUG io.netty.util.internal.InternalThreadLocalMap - -Dio.netty.threadLocalMap.stringBuilder.maxSize: 4096
00:17:36.190 [main] DEBUG io.netty.handler.ssl.JdkSslContext - Default protocols (JDK): [TLSv1.3, TLSv1.2] 
00:17:36.190 [main] DEBUG io.netty.handler.ssl.JdkSslContext - Default cipher suites (JDK): [TLS_ECDHE_ECDSA_WITH_AES_256_GCM_SHA384, TLS_ECDHE_ECDSA_WITH_AES_128_GCM_SHA256, TLS_ECDHE_RSA_WITH_AES_128_GCM_SHA256, TLS_ECDHE_RSA_WITH_AES_256_GCM_SHA384, TLS_ECDHE_RSA_WITH_AES_128_CBC_SHA, TLS_ECDHE_RSA_WITH_AES_256_CBC_SHA, TLS_RSA_WITH_AES_128_GCM_SHA256, TLS_RSA_WITH_AES_128_CBC_SHA, TLS_RSA_WITH_AES_256_CBC_SHA, TLS_AES_128_GCM_SHA256, TLS_AES_256_GCM_SHA384]
00:17:36.240 [main] DEBUG io.netty.channel.MultithreadEventLoopGroup - -Dio.netty.eventLoopThreads: 8
00:17:36.259 [main] DEBUG io.netty.channel.nio.NioEventLoop - -Dio.netty.noKeySetOptimization: false
00:17:36.259 [main] DEBUG io.netty.channel.nio.NioEventLoop - -Dio.netty.selectorAutoRebuildThreshold: 512
00:17:36.333 [main] DEBUG io.netty.buffer.PooledByteBufAllocator - -Dio.netty.allocator.numHeapArenas: 8
00:17:36.334 [main] DEBUG io.netty.buffer.PooledByteBufAllocator - -Dio.netty.allocator.numDirectArenas: 8
00:17:36.334 [main] DEBUG io.netty.buffer.PooledByteBufAllocator - -Dio.netty.allocator.pageSize: 8192
00:17:36.334 [main] DEBUG io.netty.buffer.PooledByteBufAllocator - -Dio.netty.allocator.maxOrder: 11
00:17:36.334 [main] DEBUG io.netty.buffer.PooledByteBufAllocator - -Dio.netty.allocator.chunkSize: 16777216
00:17:36.334 [main] DEBUG io.netty.buffer.PooledByteBufAllocator - -Dio.netty.allocator.smallCacheSize: 256
00:17:36.334 [main] DEBUG io.netty.buffer.PooledByteBufAllocator - -Dio.netty.allocator.normalCacheSize: 64
00:17:36.334 [main] DEBUG io.netty.buffer.PooledByteBufAllocator - -Dio.netty.allocator.maxCachedBufferCapacity: 32768
00:17:36.334 [main] DEBUG io.netty.buffer.PooledByteBufAllocator - -Dio.netty.allocator.cacheTrimInterval: 8192
00:17:36.334 [main] DEBUG io.netty.buffer.PooledByteBufAllocator - -Dio.netty.allocator.cacheTrimIntervalMillis: 0
00:17:36.334 [main] DEBUG io.netty.buffer.PooledByteBufAllocator - -Dio.netty.allocator.useCacheForAllThreads: true
00:17:36.334 [main] DEBUG io.netty.buffer.PooledByteBufAllocator - -Dio.netty.allocator.maxCachedByteBuffersPerChunk: 1023
00:17:36.353 [main] DEBUG io.netty.buffer.ByteBufUtil - -Dio.netty.allocator.type: pooled
00:17:36.354 [main] DEBUG io.netty.buffer.ByteBufUtil - -Dio.netty.threadLocalDirectBufferSize: 0
00:17:36.354 [main] DEBUG io.netty.buffer.ByteBufUtil - -Dio.netty.maxThreadLocalCharBufferSize: 16384
00:17:36.730 [main] DEBUG net.serenitybdd.core.webdriver.driverproviders.ProvideNewDriver - Instantiating driver
00:17:36.731 [main] DEBUG net.serenitybdd.core.webdriver.driverproviders.ProvideNewDriver - Driver capabilities: Capabilities {acceptInsecureCerts: false, base.url: https://qa.alta.id, browserName: chrome, chrome.driver: src/test/resources/webdrive..., driver: chrome, goog:chromeOptions: {args: [], extensions: []}}
00:17:37.642 [Forwarding newSession on session null to remote] DEBUG io.netty.channel.DefaultChannelId - -Dio.netty.processId: 4760 (auto-detected)
00:17:37.646 [Forwarding newSession on session null to remote] DEBUG io.netty.util.NetUtil - -Djava.net.preferIPv4Stack: false
00:17:37.647 [Forwarding newSession on session null to remote] DEBUG io.netty.util.NetUtil - -Djava.net.preferIPv6Addresses: false
00:17:38.309 [Forwarding newSession on session null to remote] DEBUG io.netty.util.NetUtilInitializations - Loopback interface: lo (Software Loopback Interface 1, 127.0.0.1)
00:17:38.310 [Forwarding newSession on session null to remote] DEBUG io.netty.util.NetUtil - Failed to get SOMAXCONN from sysctl and file \proc\sys\net\core\somaxconn. Default: 200
00:17:38.994 [Forwarding newSession on session null to remote] DEBUG io.netty.channel.DefaultChannelId - -Dio.netty.machineId: a4:97:b1:ff:fe:c8:9c:0f (auto-detected)
00:17:39.084 [AsyncHttpClient-1-2] DEBUG io.netty.buffer.AbstractByteBuf - -Dio.netty.buffer.checkAccessible: true
00:17:39.085 [AsyncHttpClient-1-2] DEBUG io.netty.buffer.AbstractByteBuf - -Dio.netty.buffer.checkBounds: true
00:17:39.085 [AsyncHttpClient-1-2] DEBUG io.netty.util.ResourceLeakDetectorFactory - Loaded default ResourceLeakDetector: io.netty.util.ResourceLeakDetector@77b64dd6
00:17:39.113 [AsyncHttpClient-1-2] DEBUG org.asynchttpclient.netty.channel.NettyConnectListener - Using new Channel '[id: 0x6ffbd672, L:/127.0.0.1:64363 - R:localhost/127.0.0.1:52508]' for 'POST' to '/session'
00:17:39.146 [AsyncHttpClient-1-2] DEBUG io.netty.util.Recycler - -Dio.netty.recycler.maxCapacityPerThread: 4096
00:17:39.146 [AsyncHttpClient-1-2] DEBUG io.netty.util.Recycler - -Dio.netty.recycler.ratio: 8
00:17:39.146 [AsyncHttpClient-1-2] DEBUG io.netty.util.Recycler - -Dio.netty.recycler.chunkSize: 32
00:17:39.146 [AsyncHttpClient-1-2] DEBUG io.netty.util.Recycler - -Dio.netty.recycler.blocking: false
00:17:40.640 [AsyncHttpClient-1-2] DEBUG io.netty.handler.codec.compression.Brotli - brotli4j not in the classpath; Brotli support will be unavailable.
00:17:40.642 [AsyncHttpClient-1-2] DEBUG org.asynchttpclient.netty.handler.HttpHandler - 

Request DefaultHttpRequest(decodeResult: success, version: HTTP/1.1)
POST /session HTTP/1.1
User-Agent: selenium/4.1.2 (java windows)
Content-Length: 595
Content-Type: application/json; charset=utf-8
host: localhost:52508
accept: */*

Response DefaultHttpResponse(decodeResult: success, version: HTTP/1.1)
HTTP/1.1 200 OK
Content-Type: application/json; charset=utf-8
cache-control: no-cache
content-length: 792

00:17:40.685 [AsyncHttpClient-1-2] DEBUG org.asynchttpclient.netty.channel.ChannelManager - Adding key: http://localhost:52508 for channel [id: 0x6ffbd672, L:/127.0.0.1:64363 - R:localhost/127.0.0.1:52508]
00:17:40.907 [AsyncHttpClient-1-3] DEBUG org.asynchttpclient.netty.channel.NettyConnectListener - Using new Channel '[id: 0xfc7af128, L:/127.0.0.1:64372 - R:localhost/127.0.0.1:64364]' for 'GET' to '/json/version'
00:17:40.920 [AsyncHttpClient-1-3] DEBUG org.asynchttpclient.netty.handler.HttpHandler - 

Request DefaultFullHttpRequest(decodeResult: success, version: HTTP/1.1, content: EmptyByteBufBE)
GET /json/version HTTP/1.1
User-Agent: selenium/4.1.2 (java windows)
host: localhost:64364
accept: */*

Response DefaultHttpResponse(decodeResult: success, version: HTTP/1.1)
HTTP/1.1 200 OK
Content-Type: application/json; charset=UTF-8
content-length: 429

00:17:40.921 [AsyncHttpClient-1-3] DEBUG org.asynchttpclient.netty.channel.ChannelManager - Adding key: http://localhost:64364 for channel [id: 0xfc7af128, L:/127.0.0.1:64372 - R:localhost/127.0.0.1:64364]
00:17:40.937 [main] DEBUG io.netty.util.internal.ThreadLocalRandom - -Dio.netty.initialSeedUniquifier: 0xf27443509bfbac05
00:17:40.947 [AsyncHttpClient-1-4] DEBUG org.asynchttpclient.netty.channel.NettyConnectListener - Using new Channel '[id: 0x31594e16, L:/127.0.0.1:64373 - R:localhost/127.0.0.1:64364]' for 'GET' to '/devtools/browser/ae1192ef-72dd-4b69-83e8-2917326e1b43'
00:17:40.960 [AsyncHttpClient-1-4] DEBUG org.asynchttpclient.netty.handler.WebSocketHandler - 

Request DefaultFullHttpRequest(decodeResult: success, version: HTTP/1.1, content: EmptyByteBufBE)
GET /devtools/browser/ae1192ef-72dd-4b69-83e8-2917326e1b43 HTTP/1.1
upgrade: websocket
connection: upgrade
sec-websocket-key: Noqa6H4lavgGb7PHEPZpnw==
sec-websocket-version: 13
origin: http://localhost:64364
host: localhost:64364
accept: */*
user-agent: AHC/2.1

Response DefaultHttpResponse(decodeResult: success, version: HTTP/1.1)
HTTP/1.1 101 WebSocket Protocol Handshake
Upgrade: WebSocket
Connection: Upgrade
Sec-WebSocket-Accept: BXOF1AZVWAkdSTR5CBRlsSlk6l8=

00:17:41.670 [AsyncHttpClient-1-1] DEBUG org.asynchttpclient.netty.channel.DefaultChannelPool - Entry count for : http://localhost:52508 : 1
00:17:41.670 [AsyncHttpClient-1-1] DEBUG org.asynchttpclient.netty.channel.DefaultChannelPool - Entry count for : http://localhost:64364 : 1
00:17:41.971 [main] DEBUG net.thucydides.core.reflection.ClassFinder - Could not load class .CucumberTestSuite
00:17:41.971 [main] DEBUG net.thucydides.core.reflection.ClassFinder - Could not load class .starter.HomePage
00:17:41.971 [main] DEBUG net.thucydides.core.reflection.ClassFinder - Could not load class .starter.Login
00:17:41.971 [main] DEBUG net.thucydides.core.reflection.ClassFinder - Could not load class .starter.Register
00:17:41.971 [main] DEBUG net.thucydides.core.reflection.ClassFinder - Could not load class .stepdefinitions.LoginStep
00:17:41.971 [main] DEBUG net.thucydides.core.reflection.ClassFinder - Could not load class .stepdefinitions.RegisterStep
00:17:41.972 [main] DEBUG net.thucydides.core.reflection.ClassFinder - Could not load class META-INF.versions.9.com.sun.istack.logging.StackHelper
00:17:41.973 [main] DEBUG net.thucydides.core.reflection.ClassFinder - Could not load class META-INF.versions.9.com.sun.xml.bind.v2.runtime.reflect.opt.AccessorInjector
00:17:41.974 [main] DEBUG net.thucydides.core.reflection.ClassFinder - Could not load class META-INF.versions.9.com.sun.xml.bind.v2.runtime.reflect.opt.Injector
00:17:41.974 [main] DEBUG net.thucydides.core.reflection.ClassFinder - Could not load class META-INF.versions.9.com.sun.xml.bind.v2.runtime.reflect.opt.OptimizedAccessorFactory
00:17:41.975 [main] DEBUG net.thucydides.core.reflection.ClassFinder - Could not load class META-INF.versions.9.com.sun.xml.bind.v2.runtime.reflect.opt.OptimizedTransducedAccessorFactory
00:17:41.975 [main] DEBUG net.thucydides.core.reflection.ClassFinder - Could not load class META-INF.versions.9.io.opentelemetry.sdk.internal.CurrentJavaVersionSpecific
00:17:41.976 [main] DEBUG net.thucydides.core.reflection.ClassFinder - Could not load class META-INF.versions.9.io.opentelemetry.sdk.internal.Java9VersionSpecific
00:17:41.977 [main] DEBUG net.thucydides.core.reflection.ClassFinder - Could not load class META-INF.versions.9.javax.xml.bind.ModuleUtil
00:17:41.977 [main] DEBUG net.thucydides.core.reflection.ClassFinder - Could not load class META-INF.versions.9.module-info
00:17:41.978 [main] DEBUG net.thucydides.core.reflection.ClassFinder - Could not load class META-INF.versions.9.org.junit.platform.commons.util.ModuleUtils
00:17:41.983 [main] DEBUG net.thucydides.core.reflection.ClassFinder - Could not load class com.google.gson.internal.
00:17:41.985 [main] DEBUG net.thucydides.core.reflection.ClassFinder - Could not load class com.sun.xml.bind.v2.runtime.output.FastInfosetStreamWriterOutput
00:17:41.991 [main] DEBUG net.thucydides.core.reflection.ClassFinder - Could not load class module-info
00:17:42.031 [Forwarding get on session 004c8ca5941702de4bfe473bb10d50fe to remote] DEBUG org.asynchttpclient.netty.request.NettyRequestSender - Using pooled Channel '[id: 0x6ffbd672, L:/127.0.0.1:64363 - R:localhost/127.0.0.1:52508]' for 'POST' to 'http://localhost:52508/session/004c8ca5941702de4bfe473bb10d50fe/url'
00:17:42.032 [Forwarding get on session 004c8ca5941702de4bfe473bb10d50fe to remote] DEBUG org.asynchttpclient.netty.request.NettyRequestSender - Using open Channel [id: 0x6ffbd672, L:/127.0.0.1:64363 - R:localhost/127.0.0.1:52508] for POST '/session/004c8ca5941702de4bfe473bb10d50fe/url'
00:17:42.771 [AsyncHttpClient-1-1] DEBUG org.asynchttpclient.netty.channel.DefaultChannelPool - Entry count for : http://localhost:64364 : 1
00:17:43.489 [AsyncHttpClient-1-2] DEBUG org.asynchttpclient.netty.handler.HttpHandler - 

Request DefaultHttpRequest(decodeResult: success, version: HTTP/1.1)
POST /session/004c8ca5941702de4bfe473bb10d50fe/url HTTP/1.1
User-Agent: selenium/4.1.2 (java windows)
Content-Length: 64
Content-Type: application/json; charset=utf-8
host: localhost:52508
accept: */*

Response DefaultHttpResponse(decodeResult: success, version: HTTP/1.1)
HTTP/1.1 200 OK
Content-Type: application/json; charset=utf-8
cache-control: no-cache
content-length: 14

00:17:43.491 [AsyncHttpClient-1-2] DEBUG org.asynchttpclient.netty.channel.ChannelManager - Adding key: http://localhost:52508 for channel [id: 0x6ffbd672, L:/127.0.0.1:64363 - R:localhost/127.0.0.1:52508]
00:17:43.508 [Forwarding setTimeout on session 004c8ca5941702de4bfe473bb10d50fe to remote] DEBUG org.asynchttpclient.netty.request.NettyRequestSender - Using pooled Channel '[id: 0x6ffbd672, L:/127.0.0.1:64363 - R:localhost/127.0.0.1:52508]' for 'POST' to 'http://localhost:52508/session/004c8ca5941702de4bfe473bb10d50fe/timeouts'
00:17:43.508 [Forwarding setTimeout on session 004c8ca5941702de4bfe473bb10d50fe to remote] DEBUG org.asynchttpclient.netty.request.NettyRequestSender - Using open Channel [id: 0x6ffbd672, L:/127.0.0.1:64363 - R:localhost/127.0.0.1:52508] for POST '/session/004c8ca5941702de4bfe473bb10d50fe/timeouts'
00:17:43.512 [AsyncHttpClient-1-2] DEBUG org.asynchttpclient.netty.handler.HttpHandler - 

Request DefaultHttpRequest(decodeResult: success, version: HTTP/1.1)
POST /session/004c8ca5941702de4bfe473bb10d50fe/timeouts HTTP/1.1
User-Agent: selenium/4.1.2 (java windows)
Content-Length: 22
Content-Type: application/json; charset=utf-8
host: localhost:52508
accept: */*

Response DefaultHttpResponse(decodeResult: success, version: HTTP/1.1)
HTTP/1.1 200 OK
Content-Type: application/json; charset=utf-8
cache-control: no-cache
content-length: 14

00:17:43.513 [AsyncHttpClient-1-2] DEBUG org.asynchttpclient.netty.channel.ChannelManager - Adding key: http://localhost:52508 for channel [id: 0x6ffbd672, L:/127.0.0.1:64363 - R:localhost/127.0.0.1:52508]
00:17:43.538 [Forwarding getCurrentUrl on session 004c8ca5941702de4bfe473bb10d50fe to remote] DEBUG org.asynchttpclient.netty.request.NettyRequestSender - Using pooled Channel '[id: 0x6ffbd672, L:/127.0.0.1:64363 - R:localhost/127.0.0.1:52508]' for 'GET' to 'http://localhost:52508/session/004c8ca5941702de4bfe473bb10d50fe/url'
00:17:43.539 [Forwarding getCurrentUrl on session 004c8ca5941702de4bfe473bb10d50fe to remote] DEBUG org.asynchttpclient.netty.request.NettyRequestSender - Using open Channel [id: 0x6ffbd672, L:/127.0.0.1:64363 - R:localhost/127.0.0.1:52508] for GET '/session/004c8ca5941702de4bfe473bb10d50fe/url'
00:17:43.579 [AsyncHttpClient-1-2] DEBUG org.asynchttpclient.netty.handler.HttpHandler - 

Request DefaultFullHttpRequest(decodeResult: success, version: HTTP/1.1, content: EmptyByteBufBE)
GET /session/004c8ca5941702de4bfe473bb10d50fe/url HTTP/1.1
User-Agent: selenium/4.1.2 (java windows)
Cache-Control: no-cache
Content-Type: application/json; charset=utf-8
host: localhost:52508
accept: */*

Response DefaultHttpResponse(decodeResult: success, version: HTTP/1.1)
HTTP/1.1 200 OK
Content-Type: application/json; charset=utf-8
cache-control: no-cache
content-length: 41

00:17:43.580 [AsyncHttpClient-1-2] DEBUG org.asynchttpclient.netty.channel.ChannelManager - Adding key: http://localhost:52508 for channel [id: 0x6ffbd672, L:/127.0.0.1:64363 - R:localhost/127.0.0.1:52508]
00:17:43.638 [main] DEBUG net.serenitybdd.core.photography.Darkroom - Opening darkroom
00:17:43.640 [Darkroom Processing Line] DEBUG net.serenitybdd.core.photography.DarkroomProcessingLine - Darkroom processing line starting up
00:17:43.641 [Forwarding screenshot on session 004c8ca5941702de4bfe473bb10d50fe to remote] DEBUG org.asynchttpclient.netty.request.NettyRequestSender - Using pooled Channel '[id: 0x6ffbd672, L:/127.0.0.1:64363 - R:localhost/127.0.0.1:52508]' for 'GET' to 'http://localhost:52508/session/004c8ca5941702de4bfe473bb10d50fe/screenshot'
00:17:43.641 [Forwarding screenshot on session 004c8ca5941702de4bfe473bb10d50fe to remote] DEBUG org.asynchttpclient.netty.request.NettyRequestSender - Using open Channel [id: 0x6ffbd672, L:/127.0.0.1:64363 - R:localhost/127.0.0.1:52508] for GET '/session/004c8ca5941702de4bfe473bb10d50fe/screenshot'
00:17:43.874 [AsyncHttpClient-1-1] DEBUG org.asynchttpclient.netty.channel.DefaultChannelPool - Entry count for : http://localhost:64364 : 1
00:17:44.000 [AsyncHttpClient-1-2] DEBUG org.asynchttpclient.netty.handler.HttpHandler - 

Request DefaultFullHttpRequest(decodeResult: success, version: HTTP/1.1, content: EmptyByteBufBE)
GET /session/004c8ca5941702de4bfe473bb10d50fe/screenshot HTTP/1.1
User-Agent: selenium/4.1.2 (java windows)
Cache-Control: no-cache
Content-Type: application/json; charset=utf-8
host: localhost:52508
accept: */*

Response DefaultHttpResponse(decodeResult: success, version: HTTP/1.1)
HTTP/1.1 200 OK
Content-Type: application/json; charset=utf-8
cache-control: no-cache
content-length: 37840

00:17:44.002 [AsyncHttpClient-1-2] DEBUG org.asynchttpclient.netty.channel.ChannelManager - Adding key: http://localhost:52508 for channel [id: 0x6ffbd672, L:/127.0.0.1:64363 - R:localhost/127.0.0.1:52508]
00:17:44.172 [main] DEBUG net.serenitybdd.core.photography.Darkroom - Send negative for processing for target\site\serenity\6f2f89e8c5a543dd0a10df9cc2fb4dfa2a13d528c2d3ad44cda943733ef50e85.png
00:17:44.173 [Darkroom Processing Line] DEBUG net.serenitybdd.core.photography.DarkroomProcessingLine - Processing screenshot image in /var/screenshots/screenshot-9565260124265634398
00:17:44.173 [Darkroom Processing Line] DEBUG net.serenitybdd.core.photography.DarkroomProcessingLine - Saving screenshot to target\site\serenity\6f2f89e8c5a543dd0a10df9cc2fb4dfa2a13d528c2d3ad44cda943733ef50e85.png
00:17:44.177 [main] DEBUG net.thucydides.core.steps.StepInterceptor - STEP DONE: onLoginPage
  &amp#27;[32mGiven &amp#27;[0m&amp#27;[32m&amp#27;[0m&amp#27;[32m&amp#27;[1mI&amp#27;[0m&amp#27;[32m am at login page&amp#27;[0m                          &amp#27;[90m# stepdefinitions.LoginStep.iAmAtRegisterPage(java.lang.String)&amp#27;[0m
00:17:44.225 [Forwarding screenshot on session 004c8ca5941702de4bfe473bb10d50fe to remote] DEBUG org.asynchttpclient.netty.request.NettyRequestSender - Using pooled Channel '[id: 0x6ffbd672, L:/127.0.0.1:64363 - R:localhost/127.0.0.1:52508]' for 'GET' to 'http://localhost:52508/session/004c8ca5941702de4bfe473bb10d50fe/screenshot'
00:17:44.225 [Forwarding screenshot on session 004c8ca5941702de4bfe473bb10d50fe to remote] DEBUG org.asynchttpclient.netty.request.NettyRequestSender - Using open Channel [id: 0x6ffbd672, L:/127.0.0.1:64363 - R:localhost/127.0.0.1:52508] for GET '/session/004c8ca5941702de4bfe473bb10d50fe/screenshot'
00:17:44.413 [AsyncHttpClient-1-2] DEBUG org.asynchttpclient.netty.handler.HttpHandler - 

Request DefaultFullHttpRequest(decodeResult: success, version: HTTP/1.1, content: EmptyByteBufBE)
GET /session/004c8ca5941702de4bfe473bb10d50fe/screenshot HTTP/1.1
User-Agent: selenium/4.1.2 (java windows)
Cache-Control: no-cache
Content-Type: application/json; charset=utf-8
host: localhost:52508
accept: */*

Response DefaultHttpResponse(decodeResult: success, version: HTTP/1.1)
HTTP/1.1 200 OK
Content-Type: application/json; charset=utf-8
cache-control: no-cache
content-length: 37840

00:17:44.414 [AsyncHttpClient-1-2] DEBUG org.asynchttpclient.netty.channel.ChannelManager - Adding key: http://localhost:52508 for channel [id: 0x6ffbd672, L:/127.0.0.1:64363 - R:localhost/127.0.0.1:52508]
00:17:44.427 [main] DEBUG net.serenitybdd.core.photography.Darkroom - Send negative for processing for target\site\serenity\6f2f89e8c5a543dd0a10df9cc2fb4dfa2a13d528c2d3ad44cda943733ef50e85.png
00:17:44.447 [main] DEBUG net.thucydides.core.steps.StepInterceptor - STARTING STEP: LoginStep.iTypeMyEmail - typeMyEmail
00:17:44.453 [Forwarding findElement on session 004c8ca5941702de4bfe473bb10d50fe to remote] DEBUG org.asynchttpclient.netty.request.NettyRequestSender - Using pooled Channel '[id: 0x6ffbd672, L:/127.0.0.1:64363 - R:localhost/127.0.0.1:52508]' for 'POST' to 'http://localhost:52508/session/004c8ca5941702de4bfe473bb10d50fe/element'
00:17:44.454 [Forwarding findElement on session 004c8ca5941702de4bfe473bb10d50fe to remote] DEBUG org.asynchttpclient.netty.request.NettyRequestSender - Using open Channel [id: 0x6ffbd672, L:/127.0.0.1:64363 - R:localhost/127.0.0.1:52508] for POST '/session/004c8ca5941702de4bfe473bb10d50fe/element'
00:17:44.473 [AsyncHttpClient-1-2] DEBUG org.asynchttpclient.netty.handler.HttpHandler - 

Request DefaultHttpRequest(decodeResult: success, version: HTTP/1.1)
POST /session/004c8ca5941702de4bfe473bb10d50fe/element HTTP/1.1
User-Agent: selenium/4.1.2 (java windows)
Content-Length: 84
Content-Type: application/json; charset=utf-8
host: localhost:52508
accept: */*

Response DefaultHttpResponse(decodeResult: success, version: HTTP/1.1)
HTTP/1.1 200 OK
Content-Type: application/json; charset=utf-8
cache-control: no-cache
content-length: 88

00:17:44.474 [AsyncHttpClient-1-2] DEBUG org.asynchttpclient.netty.channel.ChannelManager - Adding key: http://localhost:52508 for channel [id: 0x6ffbd672, L:/127.0.0.1:64363 - R:localhost/127.0.0.1:52508]
00:17:44.482 [Forwarding sendKeysToElement on session 004c8ca5941702de4bfe473bb10d50fe to remote] DEBUG org.asynchttpclient.netty.request.NettyRequestSender - Using pooled Channel '[id: 0x6ffbd672, L:/127.0.0.1:64363 - R:localhost/127.0.0.1:52508]' for 'POST' to 'http://localhost:52508/session/004c8ca5941702de4bfe473bb10d50fe/element/c1b4c004-504d-4b24-a75a-ec556a89a706/value'
00:17:44.482 [Forwarding sendKeysToElement on session 004c8ca5941702de4bfe473bb10d50fe to remote] DEBUG org.asynchttpclient.netty.request.NettyRequestSender - Using open Channel [id: 0x6ffbd672, L:/127.0.0.1:64363 - R:localhost/127.0.0.1:52508] for POST '/session/004c8ca5941702de4bfe473bb10d50fe/element/c1b4c004-504d-4b24-a75a-ec556a89a706/value'
00:17:44.804 [AsyncHttpClient-1-2] DEBUG org.asynchttpclient.netty.handler.HttpHandler - 

Request DefaultHttpRequest(decodeResult: success, version: HTTP/1.1)
POST /session/004c8ca5941702de4bfe473bb10d50fe/element/c1b4c004-504d-4b24-a75a-ec556a89a706/value HTTP/1.1
User-Agent: selenium/4.1.2 (java windows)
Content-Length: 361
Content-Type: application/json; charset=utf-8
host: localhost:52508
accept: */*

Response DefaultHttpResponse(decodeResult: success, version: HTTP/1.1)
HTTP/1.1 200 OK
Content-Type: application/json; charset=utf-8
cache-control: no-cache
content-length: 14

00:17:44.804 [AsyncHttpClient-1-2] DEBUG org.asynchttpclient.netty.channel.ChannelManager - Adding key: http://localhost:52508 for channel [id: 0x6ffbd672, L:/127.0.0.1:64363 - R:localhost/127.0.0.1:52508]
00:17:44.816 [Forwarding screenshot on session 004c8ca5941702de4bfe473bb10d50fe to remote] DEBUG org.asynchttpclient.netty.request.NettyRequestSender - Using pooled Channel '[id: 0x6ffbd672, L:/127.0.0.1:64363 - R:localhost/127.0.0.1:52508]' for 'GET' to 'http://localhost:52508/session/004c8ca5941702de4bfe473bb10d50fe/screenshot'
00:17:44.817 [Forwarding screenshot on session 004c8ca5941702de4bfe473bb10d50fe to remote] DEBUG org.asynchttpclient.netty.request.NettyRequestSender - Using open Channel [id: 0x6ffbd672, L:/127.0.0.1:64363 - R:localhost/127.0.0.1:52508] for GET '/session/004c8ca5941702de4bfe473bb10d50fe/screenshot'
00:17:44.971 [AsyncHttpClient-1-1] DEBUG org.asynchttpclient.netty.channel.DefaultChannelPool - Entry count for : http://localhost:64364 : 1
00:17:45.056 [AsyncHttpClient-1-2] DEBUG org.asynchttpclient.netty.handler.HttpHandler - 

Request DefaultFullHttpRequest(decodeResult: success, version: HTTP/1.1, content: EmptyByteBufBE)
GET /session/004c8ca5941702de4bfe473bb10d50fe/screenshot HTTP/1.1
User-Agent: selenium/4.1.2 (java windows)
Cache-Control: no-cache
Content-Type: application/json; charset=utf-8
host: localhost:52508
accept: */*

Response DefaultHttpResponse(decodeResult: success, version: HTTP/1.1)
HTTP/1.1 200 OK
Content-Type: application/json; charset=utf-8
cache-control: no-cache
content-length: 47252

00:17:45.057 [AsyncHttpClient-1-2] DEBUG org.asynchttpclient.netty.channel.ChannelManager - Adding key: http://localhost:52508 for channel [id: 0x6ffbd672, L:/127.0.0.1:64363 - R:localhost/127.0.0.1:52508]
00:17:45.067 [main] DEBUG net.serenitybdd.core.photography.Darkroom - Send negative for processing for target\site\serenity\d47a76e37bc9b6aaaa32172a0c8dd32c687fd9e4f99a216c734b2f0fbf8101c2.png
00:17:45.068 [main] DEBUG net.thucydides.core.steps.StepInterceptor - STEP DONE: typeMyEmail
00:17:45.068 [Darkroom Processing Line] DEBUG net.serenitybdd.core.photography.DarkroomProcessingLine - Processing screenshot image in /var/screenshots/screenshot-10091016029947118492
00:17:45.068 [Darkroom Processing Line] DEBUG net.serenitybdd.core.photography.DarkroomProcessingLine - Saving screenshot to target\site\serenity\d47a76e37bc9b6aaaa32172a0c8dd32c687fd9e4f99a216c734b2f0fbf8101c2.png
  &amp#27;[32mWhen &amp#27;[0m&amp#27;[32mI type my email &amp#27;[0m&amp#27;[32m&amp#27;[1mlandon.mcdermott@hotmail.com&amp#27;[0m &amp#27;[90m# stepdefinitions.LoginStep.iTypeMyEmail(java.lang.String)&amp#27;[0m
00:17:45.107 [main] DEBUG net.thucydides.core.steps.StepInterceptor - STARTING STEP: LoginStep.iTypeMyPassword - typeMyPassword
00:17:45.116 [Forwarding findElement on session 004c8ca5941702de4bfe473bb10d50fe to remote] DEBUG org.asynchttpclient.netty.request.NettyRequestSender - Using pooled Channel '[id: 0x6ffbd672, L:/127.0.0.1:64363 - R:localhost/127.0.0.1:52508]' for 'POST' to 'http://localhost:52508/session/004c8ca5941702de4bfe473bb10d50fe/element'
00:17:45.116 [Forwarding findElement on session 004c8ca5941702de4bfe473bb10d50fe to remote] DEBUG org.asynchttpclient.netty.request.NettyRequestSender - Using open Channel [id: 0x6ffbd672, L:/127.0.0.1:64363 - R:localhost/127.0.0.1:52508] for POST '/session/004c8ca5941702de4bfe473bb10d50fe/element'
00:17:45.133 [AsyncHttpClient-1-2] DEBUG org.asynchttpclient.netty.handler.HttpHandler - 

Request DefaultHttpRequest(decodeResult: success, version: HTTP/1.1)
POST /session/004c8ca5941702de4bfe473bb10d50fe/element HTTP/1.1
User-Agent: selenium/4.1.2 (java windows)
Content-Length: 87
Content-Type: application/json; charset=utf-8
host: localhost:52508
accept: */*

Response DefaultHttpResponse(decodeResult: success, version: HTTP/1.1)
HTTP/1.1 200 OK
Content-Type: application/json; charset=utf-8
cache-control: no-cache
content-length: 88

00:17:45.134 [AsyncHttpClient-1-2] DEBUG org.asynchttpclient.netty.channel.ChannelManager - Adding key: http://localhost:52508 for channel [id: 0x6ffbd672, L:/127.0.0.1:64363 - R:localhost/127.0.0.1:52508]
00:17:45.137 [Forwarding sendKeysToElement on session 004c8ca5941702de4bfe473bb10d50fe to remote] DEBUG org.asynchttpclient.netty.request.NettyRequestSender - Using pooled Channel '[id: 0x6ffbd672, L:/127.0.0.1:64363 - R:localhost/127.0.0.1:52508]' for 'POST' to 'http://localhost:52508/session/004c8ca5941702de4bfe473bb10d50fe/element/9b6d32e5-912a-45d1-92ee-6add934c8b2d/value'
00:17:45.137 [Forwarding sendKeysToElement on session 004c8ca5941702de4bfe473bb10d50fe to remote] DEBUG org.asynchttpclient.netty.request.NettyRequestSender - Using open Channel [id: 0x6ffbd672, L:/127.0.0.1:64363 - R:localhost/127.0.0.1:52508] for POST '/session/004c8ca5941702de4bfe473bb10d50fe/element/9b6d32e5-912a-45d1-92ee-6add934c8b2d/value'
00:17:45.251 [AsyncHttpClient-1-2] DEBUG org.asynchttpclient.netty.handler.HttpHandler - 

Request DefaultHttpRequest(decodeResult: success, version: HTTP/1.1)
POST /session/004c8ca5941702de4bfe473bb10d50fe/element/9b6d32e5-912a-45d1-92ee-6add934c8b2d/value HTTP/1.1
User-Agent: selenium/4.1.2 (java windows)
Content-Length: 131
Content-Type: application/json; charset=utf-8
host: localhost:52508
accept: */*

Response DefaultHttpResponse(decodeResult: success, version: HTTP/1.1)
HTTP/1.1 200 OK
Content-Type: application/json; charset=utf-8
cache-control: no-cache
content-length: 14

00:17:45.252 [AsyncHttpClient-1-2] DEBUG org.asynchttpclient.netty.channel.ChannelManager - Adding key: http://localhost:52508 for channel [id: 0x6ffbd672, L:/127.0.0.1:64363 - R:localhost/127.0.0.1:52508]
00:17:45.262 [Forwarding screenshot on session 004c8ca5941702de4bfe473bb10d50fe to remote] DEBUG org.asynchttpclient.netty.request.NettyRequestSender - Using pooled Channel '[id: 0x6ffbd672, L:/127.0.0.1:64363 - R:localhost/127.0.0.1:52508]' for 'GET' to 'http://localhost:52508/session/004c8ca5941702de4bfe473bb10d50fe/screenshot'
00:17:45.265 [Forwarding screenshot on session 004c8ca5941702de4bfe473bb10d50fe to remote] DEBUG org.asynchttpclient.netty.request.NettyRequestSender - Using open Channel [id: 0x6ffbd672, L:/127.0.0.1:64363 - R:localhost/127.0.0.1:52508] for GET '/session/004c8ca5941702de4bfe473bb10d50fe/screenshot'
00:17:45.470 [AsyncHttpClient-1-2] DEBUG org.asynchttpclient.netty.handler.HttpHandler - 

Request DefaultFullHttpRequest(decodeResult: success, version: HTTP/1.1, content: EmptyByteBufBE)
GET /session/004c8ca5941702de4bfe473bb10d50fe/screenshot HTTP/1.1
User-Agent: selenium/4.1.2 (java windows)
Cache-Control: no-cache
Content-Type: application/json; charset=utf-8
host: localhost:52508
accept: */*

Response DefaultHttpResponse(decodeResult: success, version: HTTP/1.1)
HTTP/1.1 200 OK
Content-Type: application/json; charset=utf-8
cache-control: no-cache
content-length: 49108

00:17:45.472 [AsyncHttpClient-1-2] DEBUG org.asynchttpclient.netty.channel.ChannelManager - Adding key: http://localhost:52508 for channel [id: 0x6ffbd672, L:/127.0.0.1:64363 - R:localhost/127.0.0.1:52508]
00:17:45.475 [main] DEBUG net.serenitybdd.core.photography.Darkroom - Send negative for processing for target\site\serenity\ead87c9d849b5876459a440a912503bce68a3eaa92e886540a81fecd4296cfbc.png
00:17:45.476 [main] DEBUG net.thucydides.core.steps.StepInterceptor - STEP DONE: typeMyPassword
  &amp#27;[32mAnd &amp#27;[0m&amp#27;[32mI type my password &amp#27;[0m&amp#27;[32m&amp#27;[1maiueo&amp#27;[0m                      &amp#27;[90m# stepdefinitions.LoginStep.iTypeMyPassword(java.lang.String)&amp#27;[0m
00:17:45.476 [Darkroom Processing Line] DEBUG net.serenitybdd.core.photography.DarkroomProcessingLine - Processing screenshot image in /var/screenshots/screenshot-10641511833416014723
00:17:45.476 [Darkroom Processing Line] DEBUG net.serenitybdd.core.photography.DarkroomProcessingLine - Saving screenshot to target\site\serenity\ead87c9d849b5876459a440a912503bce68a3eaa92e886540a81fecd4296cfbc.png
00:17:45.509 [main] DEBUG net.thucydides.core.steps.StepInterceptor - STARTING STEP: LoginStep.iClickLoginButton - clickLoginButton
00:17:45.522 [Forwarding findElement on session 004c8ca5941702de4bfe473bb10d50fe to remote] DEBUG org.asynchttpclient.netty.request.NettyRequestSender - Using pooled Channel '[id: 0x6ffbd672, L:/127.0.0.1:64363 - R:localhost/127.0.0.1:52508]' for 'POST' to 'http://localhost:52508/session/004c8ca5941702de4bfe473bb10d50fe/element'
00:17:45.522 [Forwarding findElement on session 004c8ca5941702de4bfe473bb10d50fe to remote] DEBUG org.asynchttpclient.netty.request.NettyRequestSender - Using open Channel [id: 0x6ffbd672, L:/127.0.0.1:64363 - R:localhost/127.0.0.1:52508] for POST '/session/004c8ca5941702de4bfe473bb10d50fe/element'
00:17:45.541 [AsyncHttpClient-1-2] DEBUG org.asynchttpclient.netty.handler.HttpHandler - 

Request DefaultHttpRequest(decodeResult: success, version: HTTP/1.1)
POST /session/004c8ca5941702de4bfe473bb10d50fe/element HTTP/1.1
User-Agent: selenium/4.1.2 (java windows)
Content-Length: 155
Content-Type: application/json; charset=utf-8
host: localhost:52508
accept: */*

Response DefaultHttpResponse(decodeResult: success, version: HTTP/1.1)
HTTP/1.1 200 OK
Content-Type: application/json; charset=utf-8
cache-control: no-cache
content-length: 88

00:17:45.541 [AsyncHttpClient-1-2] DEBUG org.asynchttpclient.netty.channel.ChannelManager - Adding key: http://localhost:52508 for channel [id: 0x6ffbd672, L:/127.0.0.1:64363 - R:localhost/127.0.0.1:52508]
00:17:45.544 [Forwarding getElementTagName on session 004c8ca5941702de4bfe473bb10d50fe to remote] DEBUG org.asynchttpclient.netty.request.NettyRequestSender - Using pooled Channel '[id: 0x6ffbd672, L:/127.0.0.1:64363 - R:localhost/127.0.0.1:52508]' for 'GET' to 'http://localhost:52508/session/004c8ca5941702de4bfe473bb10d50fe/element/be7cd980-b7c1-44e6-8c8e-e1b34f7375e9/name'
00:17:45.545 [Forwarding getElementTagName on session 004c8ca5941702de4bfe473bb10d50fe to remote] DEBUG org.asynchttpclient.netty.request.NettyRequestSender - Using open Channel [id: 0x6ffbd672, L:/127.0.0.1:64363 - R:localhost/127.0.0.1:52508] for GET '/session/004c8ca5941702de4bfe473bb10d50fe/element/be7cd980-b7c1-44e6-8c8e-e1b34f7375e9/name'
00:17:45.555 [AsyncHttpClient-1-2] DEBUG org.asynchttpclient.netty.handler.HttpHandler - 

Request DefaultFullHttpRequest(decodeResult: success, version: HTTP/1.1, content: EmptyByteBufBE)
GET /session/004c8ca5941702de4bfe473bb10d50fe/element/be7cd980-b7c1-44e6-8c8e-e1b34f7375e9/name HTTP/1.1
User-Agent: selenium/4.1.2 (java windows)
Cache-Control: no-cache
Content-Type: application/json; charset=utf-8
host: localhost:52508
accept: */*

Response DefaultHttpResponse(decodeResult: success, version: HTTP/1.1)
HTTP/1.1 200 OK
Content-Type: application/json; charset=utf-8
cache-control: no-cache
content-length: 18

00:17:45.556 [AsyncHttpClient-1-2] DEBUG org.asynchttpclient.netty.channel.ChannelManager - Adding key: http://localhost:52508 for channel [id: 0x6ffbd672, L:/127.0.0.1:64363 - R:localhost/127.0.0.1:52508]
00:17:45.559 [Forwarding getElementTagName on session 004c8ca5941702de4bfe473bb10d50fe to remote] DEBUG org.asynchttpclient.netty.request.NettyRequestSender - Using pooled Channel '[id: 0x6ffbd672, L:/127.0.0.1:64363 - R:localhost/127.0.0.1:52508]' for 'GET' to 'http://localhost:52508/session/004c8ca5941702de4bfe473bb10d50fe/element/be7cd980-b7c1-44e6-8c8e-e1b34f7375e9/name'
00:17:45.559 [Forwarding getElementTagName on session 004c8ca5941702de4bfe473bb10d50fe to remote] DEBUG org.asynchttpclient.netty.request.NettyRequestSender - Using open Channel [id: 0x6ffbd672, L:/127.0.0.1:64363 - R:localhost/127.0.0.1:52508] for GET '/session/004c8ca5941702de4bfe473bb10d50fe/element/be7cd980-b7c1-44e6-8c8e-e1b34f7375e9/name'
00:17:45.569 [AsyncHttpClient-1-2] DEBUG org.asynchttpclient.netty.handler.HttpHandler - 

Request DefaultFullHttpRequest(decodeResult: success, version: HTTP/1.1, content: EmptyByteBufBE)
GET /session/004c8ca5941702de4bfe473bb10d50fe/element/be7cd980-b7c1-44e6-8c8e-e1b34f7375e9/name HTTP/1.1
User-Agent: selenium/4.1.2 (java windows)
Cache-Control: no-cache
Content-Type: application/json; charset=utf-8
host: localhost:52508
accept: */*

Response DefaultHttpResponse(decodeResult: success, version: HTTP/1.1)
HTTP/1.1 200 OK
Content-Type: application/json; charset=utf-8
cache-control: no-cache
content-length: 18

00:17:45.570 [AsyncHttpClient-1-2] DEBUG org.asynchttpclient.netty.channel.ChannelManager - Adding key: http://localhost:52508 for channel [id: 0x6ffbd672, L:/127.0.0.1:64363 - R:localhost/127.0.0.1:52508]
00:17:45.578 [Forwarding isElementEnabled on session 004c8ca5941702de4bfe473bb10d50fe to remote] DEBUG org.asynchttpclient.netty.request.NettyRequestSender - Using pooled Channel '[id: 0x6ffbd672, L:/127.0.0.1:64363 - R:localhost/127.0.0.1:52508]' for 'GET' to 'http://localhost:52508/session/004c8ca5941702de4bfe473bb10d50fe/element/be7cd980-b7c1-44e6-8c8e-e1b34f7375e9/enabled'
00:17:45.579 [Forwarding isElementEnabled on session 004c8ca5941702de4bfe473bb10d50fe to remote] DEBUG org.asynchttpclient.netty.request.NettyRequestSender - Using open Channel [id: 0x6ffbd672, L:/127.0.0.1:64363 - R:localhost/127.0.0.1:52508] for GET '/session/004c8ca5941702de4bfe473bb10d50fe/element/be7cd980-b7c1-44e6-8c8e-e1b34f7375e9/enabled'
00:17:45.594 [AsyncHttpClient-1-2] DEBUG org.asynchttpclient.netty.handler.HttpHandler - 

Request DefaultFullHttpRequest(decodeResult: success, version: HTTP/1.1, content: EmptyByteBufBE)
GET /session/004c8ca5941702de4bfe473bb10d50fe/element/be7cd980-b7c1-44e6-8c8e-e1b34f7375e9/enabled HTTP/1.1
User-Agent: selenium/4.1.2 (java windows)
Cache-Control: no-cache
Content-Type: application/json; charset=utf-8
host: localhost:52508
accept: */*

Response DefaultHttpResponse(decodeResult: success, version: HTTP/1.1)
HTTP/1.1 200 OK
Content-Type: application/json; charset=utf-8
cache-control: no-cache
content-length: 14

00:17:45.594 [AsyncHttpClient-1-2] DEBUG org.asynchttpclient.netty.channel.ChannelManager - Adding key: http://localhost:52508 for channel [id: 0x6ffbd672, L:/127.0.0.1:64363 - R:localhost/127.0.0.1:52508]
00:17:45.601 [Forwarding isElementEnabled on session 004c8ca5941702de4bfe473bb10d50fe to remote] DEBUG org.asynchttpclient.netty.request.NettyRequestSender - Using pooled Channel '[id: 0x6ffbd672, L:/127.0.0.1:64363 - R:localhost/127.0.0.1:52508]' for 'GET' to 'http://localhost:52508/session/004c8ca5941702de4bfe473bb10d50fe/element/be7cd980-b7c1-44e6-8c8e-e1b34f7375e9/enabled'
00:17:45.601 [Forwarding isElementEnabled on session 004c8ca5941702de4bfe473bb10d50fe to remote] DEBUG org.asynchttpclient.netty.request.NettyRequestSender - Using open Channel [id: 0x6ffbd672, L:/127.0.0.1:64363 - R:localhost/127.0.0.1:52508] for GET '/session/004c8ca5941702de4bfe473bb10d50fe/element/be7cd980-b7c1-44e6-8c8e-e1b34f7375e9/enabled'
00:17:45.610 [AsyncHttpClient-1-2] DEBUG org.asynchttpclient.netty.handler.HttpHandler - 

Request DefaultFullHttpRequest(decodeResult: success, version: HTTP/1.1, content: EmptyByteBufBE)
GET /session/004c8ca5941702de4bfe473bb10d50fe/element/be7cd980-b7c1-44e6-8c8e-e1b34f7375e9/enabled HTTP/1.1
User-Agent: selenium/4.1.2 (java windows)
Cache-Control: no-cache
Content-Type: application/json; charset=utf-8
host: localhost:52508
accept: */*

Response DefaultHttpResponse(decodeResult: success, version: HTTP/1.1)
HTTP/1.1 200 OK
Content-Type: application/json; charset=utf-8
cache-control: no-cache
content-length: 14

00:17:45.611 [AsyncHttpClient-1-2] DEBUG org.asynchttpclient.netty.channel.ChannelManager - Adding key: http://localhost:52508 for channel [id: 0x6ffbd672, L:/127.0.0.1:64363 - R:localhost/127.0.0.1:52508]
00:17:45.618 [Forwarding findElement on session 004c8ca5941702de4bfe473bb10d50fe to remote] DEBUG org.asynchttpclient.netty.request.NettyRequestSender - Using pooled Channel '[id: 0x6ffbd672, L:/127.0.0.1:64363 - R:localhost/127.0.0.1:52508]' for 'POST' to 'http://localhost:52508/session/004c8ca5941702de4bfe473bb10d50fe/element'
00:17:45.618 [Forwarding findElement on session 004c8ca5941702de4bfe473bb10d50fe to remote] DEBUG org.asynchttpclient.netty.request.NettyRequestSender - Using open Channel [id: 0x6ffbd672, L:/127.0.0.1:64363 - R:localhost/127.0.0.1:52508] for POST '/session/004c8ca5941702de4bfe473bb10d50fe/element'
00:17:45.634 [AsyncHttpClient-1-2] DEBUG org.asynchttpclient.netty.handler.HttpHandler - 

Request DefaultHttpRequest(decodeResult: success, version: HTTP/1.1)
POST /session/004c8ca5941702de4bfe473bb10d50fe/element HTTP/1.1
User-Agent: selenium/4.1.2 (java windows)
Content-Length: 155
Content-Type: application/json; charset=utf-8
host: localhost:52508
accept: */*

Response DefaultHttpResponse(decodeResult: success, version: HTTP/1.1)
HTTP/1.1 200 OK
Content-Type: application/json; charset=utf-8
cache-control: no-cache
content-length: 88

00:17:45.635 [AsyncHttpClient-1-2] DEBUG org.asynchttpclient.netty.channel.ChannelManager - Adding key: http://localhost:52508 for channel [id: 0x6ffbd672, L:/127.0.0.1:64363 - R:localhost/127.0.0.1:52508]
00:17:45.638 [Forwarding clickElement on session 004c8ca5941702de4bfe473bb10d50fe to remote] DEBUG org.asynchttpclient.netty.request.NettyRequestSender - Using pooled Channel '[id: 0x6ffbd672, L:/127.0.0.1:64363 - R:localhost/127.0.0.1:52508]' for 'POST' to 'http://localhost:52508/session/004c8ca5941702de4bfe473bb10d50fe/element/be7cd980-b7c1-44e6-8c8e-e1b34f7375e9/click'
00:17:45.639 [Forwarding clickElement on session 004c8ca5941702de4bfe473bb10d50fe to remote] DEBUG org.asynchttpclient.netty.request.NettyRequestSender - Using open Channel [id: 0x6ffbd672, L:/127.0.0.1:64363 - R:localhost/127.0.0.1:52508] for POST '/session/004c8ca5941702de4bfe473bb10d50fe/element/be7cd980-b7c1-44e6-8c8e-e1b34f7375e9/click'
00:17:45.711 [AsyncHttpClient-1-2] DEBUG org.asynchttpclient.netty.handler.HttpHandler - 

Request DefaultHttpRequest(decodeResult: success, version: HTTP/1.1)
POST /session/004c8ca5941702de4bfe473bb10d50fe/element/be7cd980-b7c1-44e6-8c8e-e1b34f7375e9/click HTTP/1.1
User-Agent: selenium/4.1.2 (java windows)
Content-Length: 50
Content-Type: application/json; charset=utf-8
host: localhost:52508
accept: */*

Response DefaultHttpResponse(decodeResult: success, version: HTTP/1.1)
HTTP/1.1 200 OK
Content-Type: application/json; charset=utf-8
cache-control: no-cache
content-length: 14

00:17:45.711 [AsyncHttpClient-1-2] DEBUG org.asynchttpclient.netty.channel.ChannelManager - Adding key: http://localhost:52508 for channel [id: 0x6ffbd672, L:/127.0.0.1:64363 - R:localhost/127.0.0.1:52508]
00:17:45.726 [Forwarding screenshot on session 004c8ca5941702de4bfe473bb10d50fe to remote] DEBUG org.asynchttpclient.netty.request.NettyRequestSender - Using pooled Channel '[id: 0x6ffbd672, L:/127.0.0.1:64363 - R:localhost/127.0.0.1:52508]' for 'GET' to 'http://localhost:52508/session/004c8ca5941702de4bfe473bb10d50fe/screenshot'
00:17:45.726 [Forwarding screenshot on session 004c8ca5941702de4bfe473bb10d50fe to remote] DEBUG org.asynchttpclient.netty.request.NettyRequestSender - Using open Channel [id: 0x6ffbd672, L:/127.0.0.1:64363 - R:localhost/127.0.0.1:52508] for GET '/session/004c8ca5941702de4bfe473bb10d50fe/screenshot'
00:17:46.074 [AsyncHttpClient-1-1] DEBUG org.asynchttpclient.netty.channel.DefaultChannelPool - Entry count for : http://localhost:64364 : 1
00:17:46.113 [AsyncHttpClient-1-2] DEBUG org.asynchttpclient.netty.handler.HttpHandler - 

Request DefaultFullHttpRequest(decodeResult: success, version: HTTP/1.1, content: EmptyByteBufBE)
GET /session/004c8ca5941702de4bfe473bb10d50fe/screenshot HTTP/1.1
User-Agent: selenium/4.1.2 (java windows)
Cache-Control: no-cache
Content-Type: application/json; charset=utf-8
host: localhost:52508
accept: */*

Response DefaultHttpResponse(decodeResult: success, version: HTTP/1.1)
HTTP/1.1 200 OK
Content-Type: application/json; charset=utf-8
cache-control: no-cache
content-length: 48496

00:17:46.114 [AsyncHttpClient-1-2] DEBUG org.asynchttpclient.netty.channel.ChannelManager - Adding key: http://localhost:52508 for channel [id: 0x6ffbd672, L:/127.0.0.1:64363 - R:localhost/127.0.0.1:52508]
00:17:46.122 [main] DEBUG net.serenitybdd.core.photography.Darkroom - Send negative for processing for target\site\serenity\784f194996e961666b3856a36631c11dc9f83baa7f2a9063b1cffad798dd9a90.png
00:17:46.123 [main] DEBUG net.thucydides.core.steps.StepInterceptor - STEP DONE: clickLoginButton
  &amp#27;[32mAnd &amp#27;[0m&amp#27;[32mI click Login button&amp#27;[0m                          &amp#27;[90m# stepdefinitions.LoginStep.iClickLoginButton()&amp#27;[0m
00:17:46.125 [Darkroom Processing Line] DEBUG net.serenitybdd.core.photography.DarkroomProcessingLine - Processing screenshot image in /var/screenshots/screenshot-12835030436246038282
00:17:46.125 [Darkroom Processing Line] DEBUG net.serenitybdd.core.photography.DarkroomProcessingLine - Saving screenshot to target\site\serenity\784f194996e961666b3856a36631c11dc9f83baa7f2a9063b1cffad798dd9a90.png
00:17:46.439 [Forwarding findElement on session 004c8ca5941702de4bfe473bb10d50fe to remote] DEBUG org.asynchttpclient.netty.request.NettyRequestSender - Using pooled Channel '[id: 0x6ffbd672, L:/127.0.0.1:64363 - R:localhost/127.0.0.1:52508]' for 'POST' to 'http://localhost:52508/session/004c8ca5941702de4bfe473bb10d50fe/element'
00:17:46.440 [Forwarding findElement on session 004c8ca5941702de4bfe473bb10d50fe to remote] DEBUG org.asynchttpclient.netty.request.NettyRequestSender - Using open Channel [id: 0x6ffbd672, L:/127.0.0.1:64363 - R:localhost/127.0.0.1:52508] for POST '/session/004c8ca5941702de4bfe473bb10d50fe/element'
00:17:46.939 [AsyncHttpClient-1-2] DEBUG org.asynchttpclient.netty.handler.HttpHandler - 

Request DefaultHttpRequest(decodeResult: success, version: HTTP/1.1)
POST /session/004c8ca5941702de4bfe473bb10d50fe/element HTTP/1.1
User-Agent: selenium/4.1.2 (java windows)
Content-Length: 111
Content-Type: application/json; charset=utf-8
host: localhost:52508
accept: */*

Response DefaultHttpResponse(decodeResult: success, version: HTTP/1.1)
HTTP/1.1 200 OK
Content-Type: application/json; charset=utf-8
cache-control: no-cache
content-length: 88

00:17:46.940 [AsyncHttpClient-1-2] DEBUG org.asynchttpclient.netty.channel.ChannelManager - Adding key: http://localhost:52508 for channel [id: 0x6ffbd672, L:/127.0.0.1:64363 - R:localhost/127.0.0.1:52508]
00:17:46.968 [Forwarding isElementDisplayed on session 004c8ca5941702de4bfe473bb10d50fe to remote] DEBUG org.asynchttpclient.netty.request.NettyRequestSender - Using pooled Channel '[id: 0x6ffbd672, L:/127.0.0.1:64363 - R:localhost/127.0.0.1:52508]' for 'POST' to 'http://localhost:52508/session/004c8ca5941702de4bfe473bb10d50fe/execute/sync'
00:17:46.968 [Forwarding isElementDisplayed on session 004c8ca5941702de4bfe473bb10d50fe to remote] DEBUG org.asynchttpclient.netty.request.NettyRequestSender - Using open Channel [id: 0x6ffbd672, L:/127.0.0.1:64363 - R:localhost/127.0.0.1:52508] for POST '/session/004c8ca5941702de4bfe473bb10d50fe/execute/sync'
00:17:47.004 [AsyncHttpClient-1-2] DEBUG org.asynchttpclient.netty.handler.HttpHandler - 

Request DefaultHttpRequest(decodeResult: success, version: HTTP/1.1)
POST /session/004c8ca5941702de4bfe473bb10d50fe/execute/sync HTTP/1.1
User-Agent: selenium/4.1.2 (java windows)
Content-Length: 48780
Content-Type: application/json; charset=utf-8
host: localhost:52508
accept: */*

Response DefaultHttpResponse(decodeResult: success, version: HTTP/1.1)
HTTP/1.1 200 OK
Content-Type: application/json; charset=utf-8
cache-control: no-cache
content-length: 14

00:17:47.005 [AsyncHttpClient-1-2] DEBUG org.asynchttpclient.netty.channel.ChannelManager - Adding key: http://localhost:52508 for channel [id: 0x6ffbd672, L:/127.0.0.1:64363 - R:localhost/127.0.0.1:52508]
  &amp#27;[32mThen &amp#27;[0m&amp#27;[32mI on home page&amp#27;[0m                               &amp#27;[90m# stepdefinitions.LoginStep.iOnLoginPage()&amp#27;[0m
00:17:47.017 [Forwarding screenshot on session 004c8ca5941702de4bfe473bb10d50fe to remote] DEBUG org.asynchttpclient.netty.request.NettyRequestSender - Using pooled Channel '[id: 0x6ffbd672, L:/127.0.0.1:64363 - R:localhost/127.0.0.1:52508]' for 'GET' to 'http://localhost:52508/session/004c8ca5941702de4bfe473bb10d50fe/screenshot'
00:17:47.018 [Forwarding screenshot on session 004c8ca5941702de4bfe473bb10d50fe to remote] DEBUG org.asynchttpclient.netty.request.NettyRequestSender - Using open Channel [id: 0x6ffbd672, L:/127.0.0.1:64363 - R:localhost/127.0.0.1:52508] for GET '/session/004c8ca5941702de4bfe473bb10d50fe/screenshot'
00:17:47.176 [AsyncHttpClient-1-1] DEBUG org.asynchttpclient.netty.channel.DefaultChannelPool - Entry count for : http://localhost:64364 : 1
00:17:47.204 [AsyncHttpClient-1-2] DEBUG org.asynchttpclient.netty.handler.HttpHandler - 

Request DefaultFullHttpRequest(decodeResult: success, version: HTTP/1.1, content: EmptyByteBufBE)
GET /session/004c8ca5941702de4bfe473bb10d50fe/screenshot HTTP/1.1
User-Agent: selenium/4.1.2 (java windows)
Cache-Control: no-cache
Content-Type: application/json; charset=utf-8
host: localhost:52508
accept: */*

Response DefaultHttpResponse(decodeResult: success, version: HTTP/1.1)
HTTP/1.1 200 OK
Content-Type: application/json; charset=utf-8
cache-control: no-cache
content-length: 68064

00:17:47.206 [AsyncHttpClient-1-2] DEBUG org.asynchttpclient.netty.channel.ChannelManager - Adding key: http://localhost:52508 for channel [id: 0x6ffbd672, L:/127.0.0.1:64363 - R:localhost/127.0.0.1:52508]
00:17:47.210 [main] DEBUG net.serenitybdd.core.photography.Darkroom - Send negative for processing for target\site\serenity\cc3d9574f362f10d1514e550cb202b37abc2a626d1d4b77cec974caff40800f5.png
00:17:47.211 [Darkroom Processing Line] DEBUG net.serenitybdd.core.photography.DarkroomProcessingLine - Processing screenshot image in /var/screenshots/screenshot-915053987651023346
00:17:47.211 [Darkroom Processing Line] DEBUG net.serenitybdd.core.photography.DarkroomProcessingLine - Saving screenshot to target\site\serenity\cc3d9574f362f10d1514e550cb202b37abc2a626d1d4b77cec974caff40800f5.png
00:17:47.219 [main] INFO  - 
  _____   ___   ___   _____     ___     _     ___   ___   ___   ___  
 |_   _| | __| / __| |_   _|   | _ \   /_\   / __| / __| | __| |   \ 
   | |   | _|  \__ \   | |     |  _/  / _ \  \__ \ \__ \ | _|  | |) |
   |_|   |___| |___/   |_|     |_|   /_/ \_\ |___/ |___/ |___| |___/ 

As a user, i have able to login
----------------------------------------------------------------------
00:17:47.371 [Driver Command Executor] DEBUG org.asynchttpclient.netty.request.NettyRequestSender - Using pooled Channel '[id: 0x6ffbd672, L:/127.0.0.1:64363 - R:localhost/127.0.0.1:52508]' for 'DELETE' to 'http://localhost:52508/session/004c8ca5941702de4bfe473bb10d50fe'
00:17:47.371 [Driver Command Executor] DEBUG org.asynchttpclient.netty.request.NettyRequestSender - Using open Channel [id: 0x6ffbd672, L:/127.0.0.1:64363 - R:localhost/127.0.0.1:52508] for DELETE '/session/004c8ca5941702de4bfe473bb10d50fe'
00:17:47.375 [AsyncHttpClient-1-4] DEBUG org.asynchttpclient.netty.handler.WebSocketHandler - Channel Closed: [id: 0x31594e16, L:/127.0.0.1:64373 ! R:localhost/127.0.0.1:64364] with attribute NettyResponseFuture{currentRetry=5,
	isDone=1,
	isCancelled=0,
	asyncHandler=org.asynchttpclient.ws.WebSocketUpgradeHandler@2ad142d5,
	nettyRequest=org.asynchttpclient.netty.request.NettyRequest@335c47c,
	future=java.util.concurrent.CompletableFuture@307d0279[Completed normally],
	uri=ws://localhost:64364/devtools/browser/ae1192ef-72dd-4b69-83e8-2917326e1b43,
	keepAlive=true,
	redirectCount=0,
	timeoutsHolder=null,
	inAuth=0,
	touch=1651771060990}
00:17:47.378 [AsyncHttpClient-1-4] DEBUG org.asynchttpclient.netty.channel.ChannelManager - Closing Channel [id: 0x31594e16, L:/127.0.0.1:64373 ! R:localhost/127.0.0.1:64364] 
00:17:47.517 [AsyncHttpClient-1-3] DEBUG org.asynchttpclient.netty.handler.HttpHandler - Unexpected I/O exception on channel [id: 0xfc7af128, L:/127.0.0.1:64372 - R:localhost/127.0.0.1:64364]
java.io.IOException: An existing connection was forcibly closed by the remote host
	at java.base/sun.nio.ch.SocketDispatcher.read0(Native Method)
	at java.base/sun.nio.ch.SocketDispatcher.read(SocketDispatcher.java:43)
	at java.base/sun.nio.ch.IOUtil.readIntoNativeBuffer(IOUtil.java:276)
	at java.base/sun.nio.ch.IOUtil.read(IOUtil.java:233)
	at java.base/sun.nio.ch.IOUtil.read(IOUtil.java:223)
	at java.base/sun.nio.ch.SocketChannelImpl.read(SocketChannelImpl.java:358)
	at io.netty.buffer.PooledByteBuf.setBytes(PooledByteBuf.java:258)
	at io.netty.buffer.AbstractByteBuf.writeBytes(AbstractByteBuf.java:1132)
	at io.netty.channel.socket.nio.NioSocketChannel.doReadBytes(NioSocketChannel.java:350)
	at io.netty.channel.nio.AbstractNioByteChannel$NioByteUnsafe.read(AbstractNioByteChannel.java:151)
	at io.netty.channel.nio.NioEventLoop.processSelectedKey(NioEventLoop.java:722)
	at io.netty.channel.nio.NioEventLoop.processSelectedKeysOptimized(NioEventLoop.java:658)
	at io.netty.channel.nio.NioEventLoop.processSelectedKeys(NioEventLoop.java:584)
	at io.netty.channel.nio.NioEventLoop.run(NioEventLoop.java:496)
	at io.netty.util.concurrent.SingleThreadEventExecutor$4.run(SingleThreadEventExecutor.java:986)
	at io.netty.util.internal.ThreadExecutorMap$2.run(ThreadExecutorMap.java:74)
	at io.netty.util.concurrent.FastThreadLocalRunnable.run(FastThreadLocalRunnable.java:30)
	at java.base/java.lang.Thread.run(Thread.java:834)
00:17:47.518 [AsyncHttpClient-1-3] DEBUG org.asynchttpclient.netty.channel.ChannelManager - Closing Channel [id: 0xfc7af128, L:/127.0.0.1:64372 - R:localhost/127.0.0.1:64364] 
00:17:47.521 [AsyncHttpClient-1-3] DEBUG org.asynchttpclient.netty.handler.HttpHandler - Channel Closed: [id: 0xfc7af128, L:/127.0.0.1:64372 ! R:localhost/127.0.0.1:64364] with attribute DISCARD
00:17:47.537 [AsyncHttpClient-1-2] DEBUG org.asynchttpclient.netty.handler.HttpHandler - 

Request DefaultFullHttpRequest(decodeResult: success, version: HTTP/1.1, content: EmptyByteBufBE)
DELETE /session/004c8ca5941702de4bfe473bb10d50fe HTTP/1.1
User-Agent: selenium/4.1.2 (java windows)
Content-Type: application/json; charset=utf-8
host: localhost:52508
accept: */*

Response DefaultHttpResponse(decodeResult: success, version: HTTP/1.1)
HTTP/1.1 200 OK
Content-Type: application/json; charset=utf-8
cache-control: no-cache
content-length: 14

00:17:47.538 [AsyncHttpClient-1-2] DEBUG org.asynchttpclient.netty.channel.ChannelManager - Adding key: http://localhost:52508 for channel [id: 0x6ffbd672, L:/127.0.0.1:64363 - R:localhost/127.0.0.1:52508]
00:17:47.894 [AsyncHttpClient-1-2] DEBUG org.asynchttpclient.netty.handler.HttpHandler - Channel Closed: [id: 0x6ffbd672, L:/127.0.0.1:64363 ! R:localhost/127.0.0.1:52508] with attribute DISCARD
00:17:48.309 [AsyncHttpClient-1-1] DEBUG org.asynchttpclient.netty.channel.DefaultChannelPool - Entry count for : http://localhost:52508 : 1
00:17:48.309 [AsyncHttpClient-1-1] DEBUG org.asynchttpclient.netty.channel.DefaultChannelPool - Entry count for : http://localhost:64364 : 1
00:17:48.309 [AsyncHttpClient-1-1] DEBUG org.asynchttpclient.netty.channel.DefaultChannelPool - Adding Candidate expired Channel [id: 0x6ffbd672, L:/127.0.0.1:64363 ! R:localhost/127.0.0.1:52508] isIdleTimeoutExpired=false isRemotelyClosed=true isTtlExpired=false
00:17:48.358 [AsyncHttpClient-1-1] DEBUG org.asynchttpclient.netty.channel.DefaultChannelPool - Closing Idle Channel [id: 0x6ffbd672, L:/127.0.0.1:64363 ! R:localhost/127.0.0.1:52508]
00:17:48.358 [AsyncHttpClient-1-1] DEBUG org.asynchttpclient.netty.channel.DefaultChannelPool - Adding Candidate expired Channel [id: 0xfc7af128, L:/127.0.0.1:64372 ! R:localhost/127.0.0.1:64364] isIdleTimeoutExpired=false isRemotelyClosed=true isTtlExpired=false
00:17:48.359 [AsyncHttpClient-1-1] DEBUG org.asynchttpclient.netty.channel.DefaultChannelPool - Closing Idle Channel [id: 0xfc7af128, L:/127.0.0.1:64372 ! R:localhost/127.0.0.1:64364]
00:17:48.359 [AsyncHttpClient-1-1] DEBUG org.asynchttpclient.netty.channel.DefaultChannelPool - Closed 2 connections out of 2 in 50 ms
]]></system-out>
    <system-err><![CDATA[Starting ChromeDriver 99.0.4844.51 (d537ec02474b5afe23684e7963d538896c63ac77-refs/branch-heads/4844@{#875}) on port 52508
Only local connections are allowed.
Please see https://chromedriver.chromium.org/security-considerations for suggestions on keeping ChromeDriver safe.
ChromeDriver was started successfully.
[1651771060.180][WARNING]: This version of ChromeDriver has not been tested with Chrome version 100.
May 06, 2022 12:17:40 AM org.openqa.selenium.remote.ProtocolHandshake createSession
INFO: Detected dialect: W3C
May 06, 2022 12:17:41 AM org.openqa.selenium.devtools.CdpVersionFinder findNearestMatch
WARNING: Unable to find an exact match for CDP version 100, so returning the closest version found: 97
May 06, 2022 12:17:41 AM org.openqa.selenium.devtools.CdpVersionFinder findNearestMatch
INFO: Found CDP implementation for version 100 of 97
]]></system-err>
  </testcase>
  <testcase name="As a user, i have able to create account" classname="Register" time="10.788">
    <system-out><![CDATA[00:17:48.594 [main] INFO io.cucumber.core.plugin.SerenityReporter - Running feature from file:///D:/Mini%20Project-QE%20Alta/Web%20Automation/FrontEnd-AltaShop/src/test/resources/features/Register.feature
00:17:48.608 [main] DEBUG net.thucydides.core.steps.StepEventBus - Test suite started for story net.thucydides.core.model.Story@30e75088
00:17:48.610 [main] INFO  - Test Suite Started: Register

Scenario: As a user, i have able to create account &amp#27;[90m# src/test/resources/features/Register.feature:3&amp#27;[0m
00:17:48.916 [main] INFO io.cucumber.core.plugin.SerenityReporter - Running feature from file:///D:/Mini%20Project-QE%20Alta/Web%20Automation/FrontEnd-AltaShop/src/test/resources/features/Register.feature
00:17:48.945 [main] INFO  - 
  _____   ___   ___   _____     ___   _____     _     ___   _____   ___   ___  
 |_   _| | __| / __| |_   _|   / __| |_   _|   /_\   | _ \ |_   _| | __| |   \ 
   | |   | _|  \__ \   | |     \__ \   | |    / _ \  |   /   | |   | _|  | |) |
   |_|   |___| |___/   |_|     |___/   |_|   /_/ \_\ |_|_\   |_|   |___| |___/ 

As a user, i have able to create account(register;as-a-user--i-have-able-to-create-account)
--------------------------------------------------------------------------------
00:17:49.675 [main] DEBUG net.thucydides.core.steps.StepInterceptor - STARTING STEP: RegisterStep.iAmAtRegisterPage - onRegisterPage
00:17:49.680 [main] INFO net.serenitybdd.core.webdriver.driverproviders.ChromeDriverProvider - Using automatically driver download
00:17:49.913 [main] DEBUG io.github.bonigarcia.wdm.cache.ResolutionCache - Resolution chrome=100 in cache (valid until 00:56:03 06/05/2022 ICT)
00:17:49.929 [main] DEBUG io.github.bonigarcia.wdm.cache.ResolutionCache - Resolution chrome100=100.0.4896.60 in cache (valid until 20:02:20 06/05/2022 ICT)
00:17:49.935 [main] INFO io.github.bonigarcia.wdm.WebDriverManager - Using chromedriver 100.0.4896.60 (resolved driver for Chrome 100)
00:17:49.968 [main] DEBUG io.github.bonigarcia.wdm.WebDriverManager - Driver chromedriver 100.0.4896.60 found in cache
00:17:49.970 [main] INFO io.github.bonigarcia.wdm.WebDriverManager - Exporting webdriver.chrome.driver as C:\Users\Siti Nurlatipah\.cache\selenium\chromedriver\win32\100.0.4896.60\chromedriver.exe
00:17:50.161 [main] DEBUG net.serenitybdd.core.webdriver.driverproviders.ProvideNewDriver - Instantiating driver
00:17:50.161 [main] DEBUG net.serenitybdd.core.webdriver.driverproviders.ProvideNewDriver - Driver capabilities: Capabilities {acceptInsecureCerts: false, base.url: https://qa.alta.id, browserName: chrome, chrome.driver: src/test/resources/webdrive..., driver: chrome, goog:chromeOptions: {args: [], extensions: []}}
00:17:50.751 [AsyncHttpClient-1-5] DEBUG org.asynchttpclient.netty.channel.NettyConnectListener - Using new Channel '[id: 0x3e2f3dbf, L:/127.0.0.1:64394 - R:localhost/127.0.0.1:53134]' for 'POST' to '/session'
00:17:52.409 [AsyncHttpClient-1-5] DEBUG org.asynchttpclient.netty.handler.HttpHandler - 

Request DefaultHttpRequest(decodeResult: success, version: HTTP/1.1)
POST /session HTTP/1.1
User-Agent: selenium/4.1.2 (java windows)
Content-Length: 595
Content-Type: application/json; charset=utf-8
host: localhost:53134
accept: */*

Response DefaultHttpResponse(decodeResult: success, version: HTTP/1.1)
HTTP/1.1 200 OK
Content-Type: application/json; charset=utf-8
cache-control: no-cache
content-length: 792

00:17:52.410 [AsyncHttpClient-1-5] DEBUG org.asynchttpclient.netty.channel.ChannelManager - Adding key: http://localhost:53134 for channel [id: 0x3e2f3dbf, L:/127.0.0.1:64394 - R:localhost/127.0.0.1:53134]
00:17:52.455 [AsyncHttpClient-1-6] DEBUG org.asynchttpclient.netty.channel.NettyConnectListener - Using new Channel '[id: 0xdd8e5ff3, L:/127.0.0.1:64401 - R:localhost/127.0.0.1:64395]' for 'GET' to '/json/version'
00:17:52.471 [AsyncHttpClient-1-6] DEBUG org.asynchttpclient.netty.handler.HttpHandler - 

Request DefaultFullHttpRequest(decodeResult: success, version: HTTP/1.1, content: EmptyByteBufBE)
GET /json/version HTTP/1.1
User-Agent: selenium/4.1.2 (java windows)
host: localhost:64395
accept: */*

Response DefaultHttpResponse(decodeResult: success, version: HTTP/1.1)
HTTP/1.1 200 OK
Content-Type: application/json; charset=UTF-8
content-length: 429

00:17:52.472 [AsyncHttpClient-1-6] DEBUG org.asynchttpclient.netty.channel.ChannelManager - Adding key: http://localhost:64395 for channel [id: 0xdd8e5ff3, L:/127.0.0.1:64401 - R:localhost/127.0.0.1:64395]
00:17:52.485 [AsyncHttpClient-1-7] DEBUG org.asynchttpclient.netty.channel.NettyConnectListener - Using new Channel '[id: 0x6ac2d857, L:/127.0.0.1:64402 - R:localhost/127.0.0.1:64395]' for 'GET' to '/devtools/browser/10cdea83-3ae0-442a-8ff3-17a43ee67a38'
00:17:52.511 [AsyncHttpClient-1-7] DEBUG org.asynchttpclient.netty.handler.WebSocketHandler - 

Request DefaultFullHttpRequest(decodeResult: success, version: HTTP/1.1, content: EmptyByteBufBE)
GET /devtools/browser/10cdea83-3ae0-442a-8ff3-17a43ee67a38 HTTP/1.1
upgrade: websocket
connection: upgrade
sec-websocket-key: oqhk4ZFJuksp5LgqKDm17w==
sec-websocket-version: 13
origin: http://localhost:64395
host: localhost:64395
accept: */*
user-agent: AHC/2.1

Response DefaultHttpResponse(decodeResult: success, version: HTTP/1.1)
HTTP/1.1 101 WebSocket Protocol Handshake
Upgrade: WebSocket
Connection: Upgrade
Sec-WebSocket-Accept: SCXx9bdUgEZlFFKgFM1CS0/mtUE=

00:17:52.533 [Forwarding get on session ffd3d8aebb124b6c5b3cea631d2339de to remote] DEBUG org.asynchttpclient.netty.request.NettyRequestSender - Using pooled Channel '[id: 0x3e2f3dbf, L:/127.0.0.1:64394 - R:localhost/127.0.0.1:53134]' for 'POST' to 'http://localhost:53134/session/ffd3d8aebb124b6c5b3cea631d2339de/url'
00:17:52.534 [Forwarding get on session ffd3d8aebb124b6c5b3cea631d2339de to remote] DEBUG org.asynchttpclient.netty.request.NettyRequestSender - Using open Channel [id: 0x3e2f3dbf, L:/127.0.0.1:64394 - R:localhost/127.0.0.1:53134] for POST '/session/ffd3d8aebb124b6c5b3cea631d2339de/url'
00:17:52.674 [AsyncHttpClient-1-1] DEBUG org.asynchttpclient.netty.channel.DefaultChannelPool - Entry count for : http://localhost:64395 : 1
00:17:53.771 [AsyncHttpClient-1-1] DEBUG org.asynchttpclient.netty.channel.DefaultChannelPool - Entry count for : http://localhost:64395 : 1
00:17:54.871 [AsyncHttpClient-1-1] DEBUG org.asynchttpclient.netty.channel.DefaultChannelPool - Entry count for : http://localhost:64395 : 1
00:17:54.906 [AsyncHttpClient-1-5] DEBUG org.asynchttpclient.netty.handler.HttpHandler - 

Request DefaultHttpRequest(decodeResult: success, version: HTTP/1.1)
POST /session/ffd3d8aebb124b6c5b3cea631d2339de/url HTTP/1.1
User-Agent: selenium/4.1.2 (java windows)
Content-Length: 67
Content-Type: application/json; charset=utf-8
host: localhost:53134
accept: */*

Response DefaultHttpResponse(decodeResult: success, version: HTTP/1.1)
HTTP/1.1 200 OK
Content-Type: application/json; charset=utf-8
cache-control: no-cache
content-length: 14

00:17:54.907 [AsyncHttpClient-1-5] DEBUG org.asynchttpclient.netty.channel.ChannelManager - Adding key: http://localhost:53134 for channel [id: 0x3e2f3dbf, L:/127.0.0.1:64394 - R:localhost/127.0.0.1:53134]
00:17:54.910 [Forwarding setTimeout on session ffd3d8aebb124b6c5b3cea631d2339de to remote] DEBUG org.asynchttpclient.netty.request.NettyRequestSender - Using pooled Channel '[id: 0x3e2f3dbf, L:/127.0.0.1:64394 - R:localhost/127.0.0.1:53134]' for 'POST' to 'http://localhost:53134/session/ffd3d8aebb124b6c5b3cea631d2339de/timeouts'
00:17:54.911 [Forwarding setTimeout on session ffd3d8aebb124b6c5b3cea631d2339de to remote] DEBUG org.asynchttpclient.netty.request.NettyRequestSender - Using open Channel [id: 0x3e2f3dbf, L:/127.0.0.1:64394 - R:localhost/127.0.0.1:53134] for POST '/session/ffd3d8aebb124b6c5b3cea631d2339de/timeouts'
00:17:54.915 [AsyncHttpClient-1-5] DEBUG org.asynchttpclient.netty.handler.HttpHandler - 

Request DefaultHttpRequest(decodeResult: success, version: HTTP/1.1)
POST /session/ffd3d8aebb124b6c5b3cea631d2339de/timeouts HTTP/1.1
User-Agent: selenium/4.1.2 (java windows)
Content-Length: 22
Content-Type: application/json; charset=utf-8
host: localhost:53134
accept: */*

Response DefaultHttpResponse(decodeResult: success, version: HTTP/1.1)
HTTP/1.1 200 OK
Content-Type: application/json; charset=utf-8
cache-control: no-cache
content-length: 14

00:17:54.915 [AsyncHttpClient-1-5] DEBUG org.asynchttpclient.netty.channel.ChannelManager - Adding key: http://localhost:53134 for channel [id: 0x3e2f3dbf, L:/127.0.0.1:64394 - R:localhost/127.0.0.1:53134]
00:17:54.922 [Forwarding getCurrentUrl on session ffd3d8aebb124b6c5b3cea631d2339de to remote] DEBUG org.asynchttpclient.netty.request.NettyRequestSender - Using pooled Channel '[id: 0x3e2f3dbf, L:/127.0.0.1:64394 - R:localhost/127.0.0.1:53134]' for 'GET' to 'http://localhost:53134/session/ffd3d8aebb124b6c5b3cea631d2339de/url'
00:17:54.923 [Forwarding getCurrentUrl on session ffd3d8aebb124b6c5b3cea631d2339de to remote] DEBUG org.asynchttpclient.netty.request.NettyRequestSender - Using open Channel [id: 0x3e2f3dbf, L:/127.0.0.1:64394 - R:localhost/127.0.0.1:53134] for GET '/session/ffd3d8aebb124b6c5b3cea631d2339de/url'
00:17:54.933 [AsyncHttpClient-1-5] DEBUG org.asynchttpclient.netty.handler.HttpHandler - 

Request DefaultFullHttpRequest(decodeResult: success, version: HTTP/1.1, content: EmptyByteBufBE)
GET /session/ffd3d8aebb124b6c5b3cea631d2339de/url HTTP/1.1
User-Agent: selenium/4.1.2 (java windows)
Cache-Control: no-cache
Content-Type: application/json; charset=utf-8
host: localhost:53134
accept: */*

Response DefaultHttpResponse(decodeResult: success, version: HTTP/1.1)
HTTP/1.1 200 OK
Content-Type: application/json; charset=utf-8
cache-control: no-cache
content-length: 44

00:17:54.934 [AsyncHttpClient-1-5] DEBUG org.asynchttpclient.netty.channel.ChannelManager - Adding key: http://localhost:53134 for channel [id: 0x3e2f3dbf, L:/127.0.0.1:64394 - R:localhost/127.0.0.1:53134]
00:17:54.948 [main] DEBUG net.serenitybdd.core.photography.Darkroom - Opening darkroom
00:17:54.949 [Darkroom Processing Line] DEBUG net.serenitybdd.core.photography.DarkroomProcessingLine - Darkroom processing line starting up
00:17:54.950 [Forwarding screenshot on session ffd3d8aebb124b6c5b3cea631d2339de to remote] DEBUG org.asynchttpclient.netty.request.NettyRequestSender - Using pooled Channel '[id: 0x3e2f3dbf, L:/127.0.0.1:64394 - R:localhost/127.0.0.1:53134]' for 'GET' to 'http://localhost:53134/session/ffd3d8aebb124b6c5b3cea631d2339de/screenshot'
00:17:54.951 [Forwarding screenshot on session ffd3d8aebb124b6c5b3cea631d2339de to remote] DEBUG org.asynchttpclient.netty.request.NettyRequestSender - Using open Channel [id: 0x3e2f3dbf, L:/127.0.0.1:64394 - R:localhost/127.0.0.1:53134] for GET '/session/ffd3d8aebb124b6c5b3cea631d2339de/screenshot'
00:17:55.171 [AsyncHttpClient-1-5] DEBUG org.asynchttpclient.netty.handler.HttpHandler - 

Request DefaultFullHttpRequest(decodeResult: success, version: HTTP/1.1, content: EmptyByteBufBE)
GET /session/ffd3d8aebb124b6c5b3cea631d2339de/screenshot HTTP/1.1
User-Agent: selenium/4.1.2 (java windows)
Cache-Control: no-cache
Content-Type: application/json; charset=utf-8
host: localhost:53134
accept: */*

Response DefaultHttpResponse(decodeResult: success, version: HTTP/1.1)
HTTP/1.1 200 OK
Content-Type: application/json; charset=utf-8
cache-control: no-cache
content-length: 44716

00:17:55.172 [AsyncHttpClient-1-5] DEBUG org.asynchttpclient.netty.channel.ChannelManager - Adding key: http://localhost:53134 for channel [id: 0x3e2f3dbf, L:/127.0.0.1:64394 - R:localhost/127.0.0.1:53134]
00:17:55.176 [main] DEBUG net.serenitybdd.core.photography.Darkroom - Send negative for processing for target\site\serenity\33ddfa6718aa2f09fc0e18bea197612047bccd0f362db96346f936c9007dfd9e.png
00:17:55.177 [main] DEBUG net.thucydides.core.steps.StepInterceptor - STEP DONE: onRegisterPage
  &amp#27;[32mGiven &amp#27;[0m&amp#27;[32m&amp#27;[0m&amp#27;[32m&amp#27;[1mI&amp#27;[0m&amp#27;[32m am at register page&amp#27;[0m                      &amp#27;[90m# stepdefinitions.RegisterStep.iAmAtRegisterPage(java.lang.String)&amp#27;[0m
00:17:55.180 [Darkroom Processing Line] DEBUG net.serenitybdd.core.photography.DarkroomProcessingLine - Processing screenshot image in /var/screenshots/screenshot-8569987520739990794
00:17:55.181 [Darkroom Processing Line] DEBUG net.serenitybdd.core.photography.DarkroomProcessingLine - Saving screenshot to target\site\serenity\33ddfa6718aa2f09fc0e18bea197612047bccd0f362db96346f936c9007dfd9e.png
00:17:55.213 [main] DEBUG net.thucydides.core.steps.StepInterceptor - STARTING STEP: RegisterStep.iTypeFullname - typeFullname
00:17:55.219 [Forwarding findElement on session ffd3d8aebb124b6c5b3cea631d2339de to remote] DEBUG org.asynchttpclient.netty.request.NettyRequestSender - Using pooled Channel '[id: 0x3e2f3dbf, L:/127.0.0.1:64394 - R:localhost/127.0.0.1:53134]' for 'POST' to 'http://localhost:53134/session/ffd3d8aebb124b6c5b3cea631d2339de/element'
00:17:55.220 [Forwarding findElement on session ffd3d8aebb124b6c5b3cea631d2339de to remote] DEBUG org.asynchttpclient.netty.request.NettyRequestSender - Using open Channel [id: 0x3e2f3dbf, L:/127.0.0.1:64394 - R:localhost/127.0.0.1:53134] for POST '/session/ffd3d8aebb124b6c5b3cea631d2339de/element'
00:17:55.241 [AsyncHttpClient-1-5] DEBUG org.asynchttpclient.netty.handler.HttpHandler - 

Request DefaultHttpRequest(decodeResult: success, version: HTTP/1.1)
POST /session/ffd3d8aebb124b6c5b3cea631d2339de/element HTTP/1.1
User-Agent: selenium/4.1.2 (java windows)
Content-Length: 91
Content-Type: application/json; charset=utf-8
host: localhost:53134
accept: */*

Response DefaultHttpResponse(decodeResult: success, version: HTTP/1.1)
HTTP/1.1 200 OK
Content-Type: application/json; charset=utf-8
cache-control: no-cache
content-length: 88

00:17:55.241 [AsyncHttpClient-1-5] DEBUG org.asynchttpclient.netty.channel.ChannelManager - Adding key: http://localhost:53134 for channel [id: 0x3e2f3dbf, L:/127.0.0.1:64394 - R:localhost/127.0.0.1:53134]
00:17:55.245 [Forwarding sendKeysToElement on session ffd3d8aebb124b6c5b3cea631d2339de to remote] DEBUG org.asynchttpclient.netty.request.NettyRequestSender - Using pooled Channel '[id: 0x3e2f3dbf, L:/127.0.0.1:64394 - R:localhost/127.0.0.1:53134]' for 'POST' to 'http://localhost:53134/session/ffd3d8aebb124b6c5b3cea631d2339de/element/495781ba-bf32-4456-93b4-bae7003af821/value'
00:17:55.245 [Forwarding sendKeysToElement on session ffd3d8aebb124b6c5b3cea631d2339de to remote] DEBUG org.asynchttpclient.netty.request.NettyRequestSender - Using open Channel [id: 0x3e2f3dbf, L:/127.0.0.1:64394 - R:localhost/127.0.0.1:53134] for POST '/session/ffd3d8aebb124b6c5b3cea631d2339de/element/495781ba-bf32-4456-93b4-bae7003af821/value'
00:17:55.528 [AsyncHttpClient-1-5] DEBUG org.asynchttpclient.netty.handler.HttpHandler - 

Request DefaultHttpRequest(decodeResult: success, version: HTTP/1.1)
POST /session/ffd3d8aebb124b6c5b3cea631d2339de/element/495781ba-bf32-4456-93b4-bae7003af821/value HTTP/1.1
User-Agent: selenium/4.1.2 (java windows)
Content-Length: 211
Content-Type: application/json; charset=utf-8
host: localhost:53134
accept: */*

Response DefaultHttpResponse(decodeResult: success, version: HTTP/1.1)
HTTP/1.1 200 OK
Content-Type: application/json; charset=utf-8
cache-control: no-cache
content-length: 14

00:17:55.529 [AsyncHttpClient-1-5] DEBUG org.asynchttpclient.netty.channel.ChannelManager - Adding key: http://localhost:53134 for channel [id: 0x3e2f3dbf, L:/127.0.0.1:64394 - R:localhost/127.0.0.1:53134]
00:17:55.543 [Forwarding screenshot on session ffd3d8aebb124b6c5b3cea631d2339de to remote] DEBUG org.asynchttpclient.netty.request.NettyRequestSender - Using pooled Channel '[id: 0x3e2f3dbf, L:/127.0.0.1:64394 - R:localhost/127.0.0.1:53134]' for 'GET' to 'http://localhost:53134/session/ffd3d8aebb124b6c5b3cea631d2339de/screenshot'
00:17:55.543 [Forwarding screenshot on session ffd3d8aebb124b6c5b3cea631d2339de to remote] DEBUG org.asynchttpclient.netty.request.NettyRequestSender - Using open Channel [id: 0x3e2f3dbf, L:/127.0.0.1:64394 - R:localhost/127.0.0.1:53134] for GET '/session/ffd3d8aebb124b6c5b3cea631d2339de/screenshot'
00:17:55.816 [AsyncHttpClient-1-5] DEBUG org.asynchttpclient.netty.handler.HttpHandler - 

Request DefaultFullHttpRequest(decodeResult: success, version: HTTP/1.1, content: EmptyByteBufBE)
GET /session/ffd3d8aebb124b6c5b3cea631d2339de/screenshot HTTP/1.1
User-Agent: selenium/4.1.2 (java windows)
Cache-Control: no-cache
Content-Type: application/json; charset=utf-8
host: localhost:53134
accept: */*

Response DefaultHttpResponse(decodeResult: success, version: HTTP/1.1)
HTTP/1.1 200 OK
Content-Type: application/json; charset=utf-8
cache-control: no-cache
content-length: 46996

00:17:55.817 [AsyncHttpClient-1-5] DEBUG org.asynchttpclient.netty.channel.ChannelManager - Adding key: http://localhost:53134 for channel [id: 0x3e2f3dbf, L:/127.0.0.1:64394 - R:localhost/127.0.0.1:53134]
00:17:55.820 [main] DEBUG net.serenitybdd.core.photography.Darkroom - Send negative for processing for target\site\serenity\852541ce5f078e666b8b5346e345d9e3b2e63555c1510e02f2044b0a75bb2fdd.png
00:17:55.821 [main] DEBUG net.thucydides.core.steps.StepInterceptor - STEP DONE: typeFullname
  &amp#27;[32mWhen &amp#27;[0m&amp#27;[32mI type fullname &amp#27;[0m&amp#27;[32m&amp#27;[1mMei Apriliani&amp#27;[0m               &amp#27;[90m# stepdefinitions.RegisterStep.iTypeFullname(java.lang.String)&amp#27;[0m
00:17:55.821 [Darkroom Processing Line] DEBUG net.serenitybdd.core.photography.DarkroomProcessingLine - Processing screenshot image in /var/screenshots/screenshot-15624303944908956489
00:17:55.821 [Darkroom Processing Line] DEBUG net.serenitybdd.core.photography.DarkroomProcessingLine - Saving screenshot to target\site\serenity\852541ce5f078e666b8b5346e345d9e3b2e63555c1510e02f2044b0a75bb2fdd.png
00:17:55.974 [AsyncHttpClient-1-1] DEBUG org.asynchttpclient.netty.channel.DefaultChannelPool - Entry count for : http://localhost:64395 : 1
00:17:55.974 [AsyncHttpClient-1-1] DEBUG org.asynchttpclient.netty.channel.DefaultChannelPool - Entry count for : http://localhost:53134 : 1
00:17:56.224 [Forwarding screenshot on session ffd3d8aebb124b6c5b3cea631d2339de to remote] DEBUG org.asynchttpclient.netty.request.NettyRequestSender - Using pooled Channel '[id: 0x3e2f3dbf, L:/127.0.0.1:64394 - R:localhost/127.0.0.1:53134]' for 'GET' to 'http://localhost:53134/session/ffd3d8aebb124b6c5b3cea631d2339de/screenshot'
00:17:56.225 [Forwarding screenshot on session ffd3d8aebb124b6c5b3cea631d2339de to remote] DEBUG org.asynchttpclient.netty.request.NettyRequestSender - Using open Channel [id: 0x3e2f3dbf, L:/127.0.0.1:64394 - R:localhost/127.0.0.1:53134] for GET '/session/ffd3d8aebb124b6c5b3cea631d2339de/screenshot'
00:17:56.396 [AsyncHttpClient-1-5] DEBUG org.asynchttpclient.netty.handler.HttpHandler - 

Request DefaultFullHttpRequest(decodeResult: success, version: HTTP/1.1, content: EmptyByteBufBE)
GET /session/ffd3d8aebb124b6c5b3cea631d2339de/screenshot HTTP/1.1
User-Agent: selenium/4.1.2 (java windows)
Cache-Control: no-cache
Content-Type: application/json; charset=utf-8
host: localhost:53134
accept: */*

Response DefaultHttpResponse(decodeResult: success, version: HTTP/1.1)
HTTP/1.1 200 OK
Content-Type: application/json; charset=utf-8
cache-control: no-cache
content-length: 46952

00:17:56.398 [AsyncHttpClient-1-5] DEBUG org.asynchttpclient.netty.channel.ChannelManager - Adding key: http://localhost:53134 for channel [id: 0x3e2f3dbf, L:/127.0.0.1:64394 - R:localhost/127.0.0.1:53134]
00:17:56.402 [main] DEBUG net.serenitybdd.core.photography.Darkroom - Send negative for processing for target\site\serenity\5a0d77f8332dbf9b73177121776d831634f71c1d7d861b15c837e2d38e6ce87f.png
00:17:56.403 [main] DEBUG net.thucydides.core.steps.StepInterceptor - STARTING STEP: RegisterStep.iTypeEmail - typeEmail
00:17:56.403 [Darkroom Processing Line] DEBUG net.serenitybdd.core.photography.DarkroomProcessingLine - Processing screenshot image in /var/screenshots/screenshot-2959780115803789862
00:17:56.403 [Darkroom Processing Line] DEBUG net.serenitybdd.core.photography.DarkroomProcessingLine - Saving screenshot to target\site\serenity\5a0d77f8332dbf9b73177121776d831634f71c1d7d861b15c837e2d38e6ce87f.png
00:17:56.408 [Forwarding findElement on session ffd3d8aebb124b6c5b3cea631d2339de to remote] DEBUG org.asynchttpclient.netty.request.NettyRequestSender - Using pooled Channel '[id: 0x3e2f3dbf, L:/127.0.0.1:64394 - R:localhost/127.0.0.1:53134]' for 'POST' to 'http://localhost:53134/session/ffd3d8aebb124b6c5b3cea631d2339de/element'
00:17:56.408 [Forwarding findElement on session ffd3d8aebb124b6c5b3cea631d2339de to remote] DEBUG org.asynchttpclient.netty.request.NettyRequestSender - Using open Channel [id: 0x3e2f3dbf, L:/127.0.0.1:64394 - R:localhost/127.0.0.1:53134] for POST '/session/ffd3d8aebb124b6c5b3cea631d2339de/element'
00:17:56.428 [AsyncHttpClient-1-5] DEBUG org.asynchttpclient.netty.handler.HttpHandler - 

Request DefaultHttpRequest(decodeResult: success, version: HTTP/1.1)
POST /session/ffd3d8aebb124b6c5b3cea631d2339de/element HTTP/1.1
User-Agent: selenium/4.1.2 (java windows)
Content-Length: 84
Content-Type: application/json; charset=utf-8
host: localhost:53134
accept: */*

Response DefaultHttpResponse(decodeResult: success, version: HTTP/1.1)
HTTP/1.1 200 OK
Content-Type: application/json; charset=utf-8
cache-control: no-cache
content-length: 88

00:17:56.429 [AsyncHttpClient-1-5] DEBUG org.asynchttpclient.netty.channel.ChannelManager - Adding key: http://localhost:53134 for channel [id: 0x3e2f3dbf, L:/127.0.0.1:64394 - R:localhost/127.0.0.1:53134]
00:17:56.433 [Forwarding sendKeysToElement on session ffd3d8aebb124b6c5b3cea631d2339de to remote] DEBUG org.asynchttpclient.netty.request.NettyRequestSender - Using pooled Channel '[id: 0x3e2f3dbf, L:/127.0.0.1:64394 - R:localhost/127.0.0.1:53134]' for 'POST' to 'http://localhost:53134/session/ffd3d8aebb124b6c5b3cea631d2339de/element/3d6e6abe-a155-4fd2-bb2b-49e29ffaf700/value'
00:17:56.433 [Forwarding sendKeysToElement on session ffd3d8aebb124b6c5b3cea631d2339de to remote] DEBUG org.asynchttpclient.netty.request.NettyRequestSender - Using open Channel [id: 0x3e2f3dbf, L:/127.0.0.1:64394 - R:localhost/127.0.0.1:53134] for POST '/session/ffd3d8aebb124b6c5b3cea631d2339de/element/3d6e6abe-a155-4fd2-bb2b-49e29ffaf700/value'
00:17:56.670 [AsyncHttpClient-1-5] DEBUG org.asynchttpclient.netty.handler.HttpHandler - 

Request DefaultHttpRequest(decodeResult: success, version: HTTP/1.1)
POST /session/ffd3d8aebb124b6c5b3cea631d2339de/element/3d6e6abe-a155-4fd2-bb2b-49e29ffaf700/value HTTP/1.1
User-Agent: selenium/4.1.2 (java windows)
Content-Length: 301
Content-Type: application/json; charset=utf-8
host: localhost:53134
accept: */*

Response DefaultHttpResponse(decodeResult: success, version: HTTP/1.1)
HTTP/1.1 200 OK
Content-Type: application/json; charset=utf-8
cache-control: no-cache
content-length: 14

00:17:56.671 [AsyncHttpClient-1-5] DEBUG org.asynchttpclient.netty.channel.ChannelManager - Adding key: http://localhost:53134 for channel [id: 0x3e2f3dbf, L:/127.0.0.1:64394 - R:localhost/127.0.0.1:53134]
00:17:56.679 [Forwarding screenshot on session ffd3d8aebb124b6c5b3cea631d2339de to remote] DEBUG org.asynchttpclient.netty.request.NettyRequestSender - Using pooled Channel '[id: 0x3e2f3dbf, L:/127.0.0.1:64394 - R:localhost/127.0.0.1:53134]' for 'GET' to 'http://localhost:53134/session/ffd3d8aebb124b6c5b3cea631d2339de/screenshot'
00:17:56.680 [Forwarding screenshot on session ffd3d8aebb124b6c5b3cea631d2339de to remote] DEBUG org.asynchttpclient.netty.request.NettyRequestSender - Using open Channel [id: 0x3e2f3dbf, L:/127.0.0.1:64394 - R:localhost/127.0.0.1:53134] for GET '/session/ffd3d8aebb124b6c5b3cea631d2339de/screenshot'
00:17:56.865 [AsyncHttpClient-1-5] DEBUG org.asynchttpclient.netty.handler.HttpHandler - 

Request DefaultFullHttpRequest(decodeResult: success, version: HTTP/1.1, content: EmptyByteBufBE)
GET /session/ffd3d8aebb124b6c5b3cea631d2339de/screenshot HTTP/1.1
User-Agent: selenium/4.1.2 (java windows)
Cache-Control: no-cache
Content-Type: application/json; charset=utf-8
host: localhost:53134
accept: */*

Response DefaultHttpResponse(decodeResult: success, version: HTTP/1.1)
HTTP/1.1 200 OK
Content-Type: application/json; charset=utf-8
cache-control: no-cache
content-length: 56080

00:17:56.866 [AsyncHttpClient-1-5] DEBUG org.asynchttpclient.netty.channel.ChannelManager - Adding key: http://localhost:53134 for channel [id: 0x3e2f3dbf, L:/127.0.0.1:64394 - R:localhost/127.0.0.1:53134]
00:17:56.869 [main] DEBUG net.serenitybdd.core.photography.Darkroom - Send negative for processing for target\site\serenity\57f147ddd3f626c8a2a38f9e214779a8c42021ade46f669fbf5fa39889f68cca.png
00:17:56.870 [main] DEBUG net.thucydides.core.steps.StepInterceptor - STEP DONE: typeEmail
  &amp#27;[32mAnd &amp#27;[0m&amp#27;[32mI type email&amp#27;[0m                                 &amp#27;[90m# stepdefinitions.RegisterStep.iTypeEmail()&amp#27;[0m
00:17:56.870 [Darkroom Processing Line] DEBUG net.serenitybdd.core.photography.DarkroomProcessingLine - Processing screenshot image in /var/screenshots/screenshot-11533036877852593653
00:17:56.870 [Darkroom Processing Line] DEBUG net.serenitybdd.core.photography.DarkroomProcessingLine - Saving screenshot to target\site\serenity\57f147ddd3f626c8a2a38f9e214779a8c42021ade46f669fbf5fa39889f68cca.png
00:17:56.895 [main] DEBUG net.thucydides.core.steps.StepInterceptor - STARTING STEP: RegisterStep.iTypePassword - typePassword
00:17:56.901 [Forwarding findElement on session ffd3d8aebb124b6c5b3cea631d2339de to remote] DEBUG org.asynchttpclient.netty.request.NettyRequestSender - Using pooled Channel '[id: 0x3e2f3dbf, L:/127.0.0.1:64394 - R:localhost/127.0.0.1:53134]' for 'POST' to 'http://localhost:53134/session/ffd3d8aebb124b6c5b3cea631d2339de/element'
00:17:56.901 [Forwarding findElement on session ffd3d8aebb124b6c5b3cea631d2339de to remote] DEBUG org.asynchttpclient.netty.request.NettyRequestSender - Using open Channel [id: 0x3e2f3dbf, L:/127.0.0.1:64394 - R:localhost/127.0.0.1:53134] for POST '/session/ffd3d8aebb124b6c5b3cea631d2339de/element'
00:17:56.944 [AsyncHttpClient-1-5] DEBUG org.asynchttpclient.netty.handler.HttpHandler - 

Request DefaultHttpRequest(decodeResult: success, version: HTTP/1.1)
POST /session/ffd3d8aebb124b6c5b3cea631d2339de/element HTTP/1.1
User-Agent: selenium/4.1.2 (java windows)
Content-Length: 87
Content-Type: application/json; charset=utf-8
host: localhost:53134
accept: */*

Response DefaultHttpResponse(decodeResult: success, version: HTTP/1.1)
HTTP/1.1 200 OK
Content-Type: application/json; charset=utf-8
cache-control: no-cache
content-length: 88

00:17:56.945 [AsyncHttpClient-1-5] DEBUG org.asynchttpclient.netty.channel.ChannelManager - Adding key: http://localhost:53134 for channel [id: 0x3e2f3dbf, L:/127.0.0.1:64394 - R:localhost/127.0.0.1:53134]
00:17:56.950 [Forwarding sendKeysToElement on session ffd3d8aebb124b6c5b3cea631d2339de to remote] DEBUG org.asynchttpclient.netty.request.NettyRequestSender - Using pooled Channel '[id: 0x3e2f3dbf, L:/127.0.0.1:64394 - R:localhost/127.0.0.1:53134]' for 'POST' to 'http://localhost:53134/session/ffd3d8aebb124b6c5b3cea631d2339de/element/0a2bd732-f890-4522-a666-11301c26962c/value'
00:17:56.951 [Forwarding sendKeysToElement on session ffd3d8aebb124b6c5b3cea631d2339de to remote] DEBUG org.asynchttpclient.netty.request.NettyRequestSender - Using open Channel [id: 0x3e2f3dbf, L:/127.0.0.1:64394 - R:localhost/127.0.0.1:53134] for POST '/session/ffd3d8aebb124b6c5b3cea631d2339de/element/0a2bd732-f890-4522-a666-11301c26962c/value'
00:17:57.093 [AsyncHttpClient-1-1] DEBUG org.asynchttpclient.netty.channel.DefaultChannelPool - Entry count for : http://localhost:64395 : 1
00:17:57.117 [AsyncHttpClient-1-5] DEBUG org.asynchttpclient.netty.handler.HttpHandler - 

Request DefaultHttpRequest(decodeResult: success, version: HTTP/1.1)
POST /session/ffd3d8aebb124b6c5b3cea631d2339de/element/0a2bd732-f890-4522-a666-11301c26962c/value HTTP/1.1
User-Agent: selenium/4.1.2 (java windows)
Content-Length: 131
Content-Type: application/json; charset=utf-8
host: localhost:53134
accept: */*

Response DefaultHttpResponse(decodeResult: success, version: HTTP/1.1)
HTTP/1.1 200 OK
Content-Type: application/json; charset=utf-8
cache-control: no-cache
content-length: 14

00:17:57.118 [AsyncHttpClient-1-5] DEBUG org.asynchttpclient.netty.channel.ChannelManager - Adding key: http://localhost:53134 for channel [id: 0x3e2f3dbf, L:/127.0.0.1:64394 - R:localhost/127.0.0.1:53134]
00:17:57.127 [Forwarding screenshot on session ffd3d8aebb124b6c5b3cea631d2339de to remote] DEBUG org.asynchttpclient.netty.request.NettyRequestSender - Using pooled Channel '[id: 0x3e2f3dbf, L:/127.0.0.1:64394 - R:localhost/127.0.0.1:53134]' for 'GET' to 'http://localhost:53134/session/ffd3d8aebb124b6c5b3cea631d2339de/screenshot'
00:17:57.127 [Forwarding screenshot on session ffd3d8aebb124b6c5b3cea631d2339de to remote] DEBUG org.asynchttpclient.netty.request.NettyRequestSender - Using open Channel [id: 0x3e2f3dbf, L:/127.0.0.1:64394 - R:localhost/127.0.0.1:53134] for GET '/session/ffd3d8aebb124b6c5b3cea631d2339de/screenshot'
00:17:57.376 [AsyncHttpClient-1-5] DEBUG org.asynchttpclient.netty.handler.HttpHandler - 

Request DefaultFullHttpRequest(decodeResult: success, version: HTTP/1.1, content: EmptyByteBufBE)
GET /session/ffd3d8aebb124b6c5b3cea631d2339de/screenshot HTTP/1.1
User-Agent: selenium/4.1.2 (java windows)
Cache-Control: no-cache
Content-Type: application/json; charset=utf-8
host: localhost:53134
accept: */*

Response DefaultHttpResponse(decodeResult: success, version: HTTP/1.1)
HTTP/1.1 200 OK
Content-Type: application/json; charset=utf-8
cache-control: no-cache
content-length: 57288

00:17:57.381 [AsyncHttpClient-1-5] DEBUG org.asynchttpclient.netty.channel.ChannelManager - Adding key: http://localhost:53134 for channel [id: 0x3e2f3dbf, L:/127.0.0.1:64394 - R:localhost/127.0.0.1:53134]
00:17:57.387 [main] DEBUG net.serenitybdd.core.photography.Darkroom - Send negative for processing for target\site\serenity\924c56419cf21b877ab9e80511d1afc4653ad9a5bc3d6853e1f330fc3ca18a50.png
00:17:57.387 [main] DEBUG net.thucydides.core.steps.StepInterceptor - STEP DONE: typePassword
  &amp#27;[32mAnd &amp#27;[0m&amp#27;[32mI type password &amp#27;[0m&amp#27;[32m&amp#27;[1maiueo&amp#27;[0m                        &amp#27;[90m# stepdefinitions.RegisterStep.iTypePassword(java.lang.String)&amp#27;[0m
00:17:57.388 [Darkroom Processing Line] DEBUG net.serenitybdd.core.photography.DarkroomProcessingLine - Processing screenshot image in /var/screenshots/screenshot-9382090762371407224
00:17:57.388 [Darkroom Processing Line] DEBUG net.serenitybdd.core.photography.DarkroomProcessingLine - Saving screenshot to target\site\serenity\924c56419cf21b877ab9e80511d1afc4653ad9a5bc3d6853e1f330fc3ca18a50.png
00:17:57.424 [main] DEBUG net.thucydides.core.steps.StepInterceptor - STARTING STEP: RegisterStep.iClickLoginButton - clickRegisterButton
00:17:57.433 [Forwarding findElement on session ffd3d8aebb124b6c5b3cea631d2339de to remote] DEBUG org.asynchttpclient.netty.request.NettyRequestSender - Using pooled Channel '[id: 0x3e2f3dbf, L:/127.0.0.1:64394 - R:localhost/127.0.0.1:53134]' for 'POST' to 'http://localhost:53134/session/ffd3d8aebb124b6c5b3cea631d2339de/element'
00:17:57.433 [Forwarding findElement on session ffd3d8aebb124b6c5b3cea631d2339de to remote] DEBUG org.asynchttpclient.netty.request.NettyRequestSender - Using open Channel [id: 0x3e2f3dbf, L:/127.0.0.1:64394 - R:localhost/127.0.0.1:53134] for POST '/session/ffd3d8aebb124b6c5b3cea631d2339de/element'
00:17:57.453 [AsyncHttpClient-1-5] DEBUG org.asynchttpclient.netty.handler.HttpHandler - 

Request DefaultHttpRequest(decodeResult: success, version: HTTP/1.1)
POST /session/ffd3d8aebb124b6c5b3cea631d2339de/element HTTP/1.1
User-Agent: selenium/4.1.2 (java windows)
Content-Length: 155
Content-Type: application/json; charset=utf-8
host: localhost:53134
accept: */*

Response DefaultHttpResponse(decodeResult: success, version: HTTP/1.1)
HTTP/1.1 200 OK
Content-Type: application/json; charset=utf-8
cache-control: no-cache
content-length: 88

00:17:57.453 [AsyncHttpClient-1-5] DEBUG org.asynchttpclient.netty.channel.ChannelManager - Adding key: http://localhost:53134 for channel [id: 0x3e2f3dbf, L:/127.0.0.1:64394 - R:localhost/127.0.0.1:53134]
00:17:57.456 [Forwarding getElementTagName on session ffd3d8aebb124b6c5b3cea631d2339de to remote] DEBUG org.asynchttpclient.netty.request.NettyRequestSender - Using pooled Channel '[id: 0x3e2f3dbf, L:/127.0.0.1:64394 - R:localhost/127.0.0.1:53134]' for 'GET' to 'http://localhost:53134/session/ffd3d8aebb124b6c5b3cea631d2339de/element/7dc5128b-a3f6-4c7d-aaaa-21c0b1ff8bed/name'
00:17:57.456 [Forwarding getElementTagName on session ffd3d8aebb124b6c5b3cea631d2339de to remote] DEBUG org.asynchttpclient.netty.request.NettyRequestSender - Using open Channel [id: 0x3e2f3dbf, L:/127.0.0.1:64394 - R:localhost/127.0.0.1:53134] for GET '/session/ffd3d8aebb124b6c5b3cea631d2339de/element/7dc5128b-a3f6-4c7d-aaaa-21c0b1ff8bed/name'
00:17:57.466 [AsyncHttpClient-1-5] DEBUG org.asynchttpclient.netty.handler.HttpHandler - 

Request DefaultFullHttpRequest(decodeResult: success, version: HTTP/1.1, content: EmptyByteBufBE)
GET /session/ffd3d8aebb124b6c5b3cea631d2339de/element/7dc5128b-a3f6-4c7d-aaaa-21c0b1ff8bed/name HTTP/1.1
User-Agent: selenium/4.1.2 (java windows)
Cache-Control: no-cache
Content-Type: application/json; charset=utf-8
host: localhost:53134
accept: */*

Response DefaultHttpResponse(decodeResult: success, version: HTTP/1.1)
HTTP/1.1 200 OK
Content-Type: application/json; charset=utf-8
cache-control: no-cache
content-length: 18

00:17:57.467 [AsyncHttpClient-1-5] DEBUG org.asynchttpclient.netty.channel.ChannelManager - Adding key: http://localhost:53134 for channel [id: 0x3e2f3dbf, L:/127.0.0.1:64394 - R:localhost/127.0.0.1:53134]
00:17:57.470 [Forwarding getElementTagName on session ffd3d8aebb124b6c5b3cea631d2339de to remote] DEBUG org.asynchttpclient.netty.request.NettyRequestSender - Using pooled Channel '[id: 0x3e2f3dbf, L:/127.0.0.1:64394 - R:localhost/127.0.0.1:53134]' for 'GET' to 'http://localhost:53134/session/ffd3d8aebb124b6c5b3cea631d2339de/element/7dc5128b-a3f6-4c7d-aaaa-21c0b1ff8bed/name'
00:17:57.470 [Forwarding getElementTagName on session ffd3d8aebb124b6c5b3cea631d2339de to remote] DEBUG org.asynchttpclient.netty.request.NettyRequestSender - Using open Channel [id: 0x3e2f3dbf, L:/127.0.0.1:64394 - R:localhost/127.0.0.1:53134] for GET '/session/ffd3d8aebb124b6c5b3cea631d2339de/element/7dc5128b-a3f6-4c7d-aaaa-21c0b1ff8bed/name'
00:17:57.480 [AsyncHttpClient-1-5] DEBUG org.asynchttpclient.netty.handler.HttpHandler - 

Request DefaultFullHttpRequest(decodeResult: success, version: HTTP/1.1, content: EmptyByteBufBE)
GET /session/ffd3d8aebb124b6c5b3cea631d2339de/element/7dc5128b-a3f6-4c7d-aaaa-21c0b1ff8bed/name HTTP/1.1
User-Agent: selenium/4.1.2 (java windows)
Cache-Control: no-cache
Content-Type: application/json; charset=utf-8
host: localhost:53134
accept: */*

Response DefaultHttpResponse(decodeResult: success, version: HTTP/1.1)
HTTP/1.1 200 OK
Content-Type: application/json; charset=utf-8
cache-control: no-cache
content-length: 18

00:17:57.481 [AsyncHttpClient-1-5] DEBUG org.asynchttpclient.netty.channel.ChannelManager - Adding key: http://localhost:53134 for channel [id: 0x3e2f3dbf, L:/127.0.0.1:64394 - R:localhost/127.0.0.1:53134]
00:17:57.487 [Forwarding isElementEnabled on session ffd3d8aebb124b6c5b3cea631d2339de to remote] DEBUG org.asynchttpclient.netty.request.NettyRequestSender - Using pooled Channel '[id: 0x3e2f3dbf, L:/127.0.0.1:64394 - R:localhost/127.0.0.1:53134]' for 'GET' to 'http://localhost:53134/session/ffd3d8aebb124b6c5b3cea631d2339de/element/7dc5128b-a3f6-4c7d-aaaa-21c0b1ff8bed/enabled'
00:17:57.487 [Forwarding isElementEnabled on session ffd3d8aebb124b6c5b3cea631d2339de to remote] DEBUG org.asynchttpclient.netty.request.NettyRequestSender - Using open Channel [id: 0x3e2f3dbf, L:/127.0.0.1:64394 - R:localhost/127.0.0.1:53134] for GET '/session/ffd3d8aebb124b6c5b3cea631d2339de/element/7dc5128b-a3f6-4c7d-aaaa-21c0b1ff8bed/enabled'
00:17:57.505 [AsyncHttpClient-1-5] DEBUG org.asynchttpclient.netty.handler.HttpHandler - 

Request DefaultFullHttpRequest(decodeResult: success, version: HTTP/1.1, content: EmptyByteBufBE)
GET /session/ffd3d8aebb124b6c5b3cea631d2339de/element/7dc5128b-a3f6-4c7d-aaaa-21c0b1ff8bed/enabled HTTP/1.1
User-Agent: selenium/4.1.2 (java windows)
Cache-Control: no-cache
Content-Type: application/json; charset=utf-8
host: localhost:53134
accept: */*

Response DefaultHttpResponse(decodeResult: success, version: HTTP/1.1)
HTTP/1.1 200 OK
Content-Type: application/json; charset=utf-8
cache-control: no-cache
content-length: 14

00:17:57.505 [AsyncHttpClient-1-5] DEBUG org.asynchttpclient.netty.channel.ChannelManager - Adding key: http://localhost:53134 for channel [id: 0x3e2f3dbf, L:/127.0.0.1:64394 - R:localhost/127.0.0.1:53134]
00:17:57.509 [Forwarding isElementEnabled on session ffd3d8aebb124b6c5b3cea631d2339de to remote] DEBUG org.asynchttpclient.netty.request.NettyRequestSender - Using pooled Channel '[id: 0x3e2f3dbf, L:/127.0.0.1:64394 - R:localhost/127.0.0.1:53134]' for 'GET' to 'http://localhost:53134/session/ffd3d8aebb124b6c5b3cea631d2339de/element/7dc5128b-a3f6-4c7d-aaaa-21c0b1ff8bed/enabled'
00:17:57.509 [Forwarding isElementEnabled on session ffd3d8aebb124b6c5b3cea631d2339de to remote] DEBUG org.asynchttpclient.netty.request.NettyRequestSender - Using open Channel [id: 0x3e2f3dbf, L:/127.0.0.1:64394 - R:localhost/127.0.0.1:53134] for GET '/session/ffd3d8aebb124b6c5b3cea631d2339de/element/7dc5128b-a3f6-4c7d-aaaa-21c0b1ff8bed/enabled'
00:17:57.521 [AsyncHttpClient-1-5] DEBUG org.asynchttpclient.netty.handler.HttpHandler - 

Request DefaultFullHttpRequest(decodeResult: success, version: HTTP/1.1, content: EmptyByteBufBE)
GET /session/ffd3d8aebb124b6c5b3cea631d2339de/element/7dc5128b-a3f6-4c7d-aaaa-21c0b1ff8bed/enabled HTTP/1.1
User-Agent: selenium/4.1.2 (java windows)
Cache-Control: no-cache
Content-Type: application/json; charset=utf-8
host: localhost:53134
accept: */*

Response DefaultHttpResponse(decodeResult: success, version: HTTP/1.1)
HTTP/1.1 200 OK
Content-Type: application/json; charset=utf-8
cache-control: no-cache
content-length: 14

00:17:57.521 [AsyncHttpClient-1-5] DEBUG org.asynchttpclient.netty.channel.ChannelManager - Adding key: http://localhost:53134 for channel [id: 0x3e2f3dbf, L:/127.0.0.1:64394 - R:localhost/127.0.0.1:53134]
00:17:57.526 [Forwarding findElement on session ffd3d8aebb124b6c5b3cea631d2339de to remote] DEBUG org.asynchttpclient.netty.request.NettyRequestSender - Using pooled Channel '[id: 0x3e2f3dbf, L:/127.0.0.1:64394 - R:localhost/127.0.0.1:53134]' for 'POST' to 'http://localhost:53134/session/ffd3d8aebb124b6c5b3cea631d2339de/element'
00:17:57.526 [Forwarding findElement on session ffd3d8aebb124b6c5b3cea631d2339de to remote] DEBUG org.asynchttpclient.netty.request.NettyRequestSender - Using open Channel [id: 0x3e2f3dbf, L:/127.0.0.1:64394 - R:localhost/127.0.0.1:53134] for POST '/session/ffd3d8aebb124b6c5b3cea631d2339de/element'
00:17:57.541 [AsyncHttpClient-1-5] DEBUG org.asynchttpclient.netty.handler.HttpHandler - 

Request DefaultHttpRequest(decodeResult: success, version: HTTP/1.1)
POST /session/ffd3d8aebb124b6c5b3cea631d2339de/element HTTP/1.1
User-Agent: selenium/4.1.2 (java windows)
Content-Length: 155
Content-Type: application/json; charset=utf-8
host: localhost:53134
accept: */*

Response DefaultHttpResponse(decodeResult: success, version: HTTP/1.1)
HTTP/1.1 200 OK
Content-Type: application/json; charset=utf-8
cache-control: no-cache
content-length: 88

00:17:57.542 [AsyncHttpClient-1-5] DEBUG org.asynchttpclient.netty.channel.ChannelManager - Adding key: http://localhost:53134 for channel [id: 0x3e2f3dbf, L:/127.0.0.1:64394 - R:localhost/127.0.0.1:53134]
00:17:57.548 [Forwarding clickElement on session ffd3d8aebb124b6c5b3cea631d2339de to remote] DEBUG org.asynchttpclient.netty.request.NettyRequestSender - Using pooled Channel '[id: 0x3e2f3dbf, L:/127.0.0.1:64394 - R:localhost/127.0.0.1:53134]' for 'POST' to 'http://localhost:53134/session/ffd3d8aebb124b6c5b3cea631d2339de/element/7dc5128b-a3f6-4c7d-aaaa-21c0b1ff8bed/click'
00:17:57.548 [Forwarding clickElement on session ffd3d8aebb124b6c5b3cea631d2339de to remote] DEBUG org.asynchttpclient.netty.request.NettyRequestSender - Using open Channel [id: 0x3e2f3dbf, L:/127.0.0.1:64394 - R:localhost/127.0.0.1:53134] for POST '/session/ffd3d8aebb124b6c5b3cea631d2339de/element/7dc5128b-a3f6-4c7d-aaaa-21c0b1ff8bed/click'
00:17:57.633 [AsyncHttpClient-1-5] DEBUG org.asynchttpclient.netty.handler.HttpHandler - 

Request DefaultHttpRequest(decodeResult: success, version: HTTP/1.1)
POST /session/ffd3d8aebb124b6c5b3cea631d2339de/element/7dc5128b-a3f6-4c7d-aaaa-21c0b1ff8bed/click HTTP/1.1
User-Agent: selenium/4.1.2 (java windows)
Content-Length: 50
Content-Type: application/json; charset=utf-8
host: localhost:53134
accept: */*

Response DefaultHttpResponse(decodeResult: success, version: HTTP/1.1)
HTTP/1.1 200 OK
Content-Type: application/json; charset=utf-8
cache-control: no-cache
content-length: 14

00:17:57.633 [AsyncHttpClient-1-5] DEBUG org.asynchttpclient.netty.channel.ChannelManager - Adding key: http://localhost:53134 for channel [id: 0x3e2f3dbf, L:/127.0.0.1:64394 - R:localhost/127.0.0.1:53134]
00:17:57.643 [Forwarding screenshot on session ffd3d8aebb124b6c5b3cea631d2339de to remote] DEBUG org.asynchttpclient.netty.request.NettyRequestSender - Using pooled Channel '[id: 0x3e2f3dbf, L:/127.0.0.1:64394 - R:localhost/127.0.0.1:53134]' for 'GET' to 'http://localhost:53134/session/ffd3d8aebb124b6c5b3cea631d2339de/screenshot'
00:17:57.643 [Forwarding screenshot on session ffd3d8aebb124b6c5b3cea631d2339de to remote] DEBUG org.asynchttpclient.netty.request.NettyRequestSender - Using open Channel [id: 0x3e2f3dbf, L:/127.0.0.1:64394 - R:localhost/127.0.0.1:53134] for GET '/session/ffd3d8aebb124b6c5b3cea631d2339de/screenshot'
00:17:58.026 [AsyncHttpClient-1-5] DEBUG org.asynchttpclient.netty.handler.HttpHandler - 

Request DefaultFullHttpRequest(decodeResult: success, version: HTTP/1.1, content: EmptyByteBufBE)
GET /session/ffd3d8aebb124b6c5b3cea631d2339de/screenshot HTTP/1.1
User-Agent: selenium/4.1.2 (java windows)
Cache-Control: no-cache
Content-Type: application/json; charset=utf-8
host: localhost:53134
accept: */*

Response DefaultHttpResponse(decodeResult: success, version: HTTP/1.1)
HTTP/1.1 200 OK
Content-Type: application/json; charset=utf-8
cache-control: no-cache
content-length: 56036

00:17:58.027 [AsyncHttpClient-1-5] DEBUG org.asynchttpclient.netty.channel.ChannelManager - Adding key: http://localhost:53134 for channel [id: 0x3e2f3dbf, L:/127.0.0.1:64394 - R:localhost/127.0.0.1:53134]
00:17:58.033 [main] DEBUG net.serenitybdd.core.photography.Darkroom - Send negative for processing for target\site\serenity\86b62bb277e6683dd5844a2435e31fb2f95a196b416c30390cc0dbb256547dea.png
00:17:58.034 [main] DEBUG net.thucydides.core.steps.StepInterceptor - STEP DONE: clickRegisterButton
  &amp#27;[32mAnd &amp#27;[0m&amp#27;[32mI click Register button&amp#27;[0m                      &amp#27;[90m# stepdefinitions.RegisterStep.iClickLoginButton()&amp#27;[0m
00:17:58.034 [Darkroom Processing Line] DEBUG net.serenitybdd.core.photography.DarkroomProcessingLine - Processing screenshot image in /var/screenshots/screenshot-10595210983806494895
00:17:58.034 [Darkroom Processing Line] DEBUG net.serenitybdd.core.photography.DarkroomProcessingLine - Saving screenshot to target\site\serenity\86b62bb277e6683dd5844a2435e31fb2f95a196b416c30390cc0dbb256547dea.png
00:17:58.061 [main] DEBUG net.thucydides.core.steps.StepInterceptor - STARTING STEP: RegisterStep.iOnLoginPage - validateOnLoginPage
00:17:58.066 [Forwarding findElement on session ffd3d8aebb124b6c5b3cea631d2339de to remote] DEBUG org.asynchttpclient.netty.request.NettyRequestSender - Using pooled Channel '[id: 0x3e2f3dbf, L:/127.0.0.1:64394 - R:localhost/127.0.0.1:53134]' for 'POST' to 'http://localhost:53134/session/ffd3d8aebb124b6c5b3cea631d2339de/element'
00:17:58.067 [Forwarding findElement on session ffd3d8aebb124b6c5b3cea631d2339de to remote] DEBUG org.asynchttpclient.netty.request.NettyRequestSender - Using open Channel [id: 0x3e2f3dbf, L:/127.0.0.1:64394 - R:localhost/127.0.0.1:53134] for POST '/session/ffd3d8aebb124b6c5b3cea631d2339de/element'
00:17:58.071 [AsyncHttpClient-1-5] DEBUG org.asynchttpclient.netty.handler.HttpHandler - 

Request DefaultHttpRequest(decodeResult: success, version: HTTP/1.1)
POST /session/ffd3d8aebb124b6c5b3cea631d2339de/element HTTP/1.1
User-Agent: selenium/4.1.2 (java windows)
Content-Length: 50
Content-Type: application/json; charset=utf-8
host: localhost:53134
accept: */*

Response DefaultHttpResponse(decodeResult: success, version: HTTP/1.1)
HTTP/1.1 400 Bad Request
Content-Type: application/json; charset=utf-8
cache-control: no-cache
content-length: 961

00:17:58.072 [AsyncHttpClient-1-5] DEBUG org.asynchttpclient.netty.channel.ChannelManager - Adding key: http://localhost:53134 for channel [id: 0x3e2f3dbf, L:/127.0.0.1:64394 - R:localhost/127.0.0.1:53134]
00:17:58.087 [Forwarding findElement on session ffd3d8aebb124b6c5b3cea631d2339de to remote] DEBUG org.asynchttpclient.netty.request.NettyRequestSender - Using pooled Channel '[id: 0x3e2f3dbf, L:/127.0.0.1:64394 - R:localhost/127.0.0.1:53134]' for 'POST' to 'http://localhost:53134/session/ffd3d8aebb124b6c5b3cea631d2339de/element'
00:17:58.087 [Forwarding findElement on session ffd3d8aebb124b6c5b3cea631d2339de to remote] DEBUG org.asynchttpclient.netty.request.NettyRequestSender - Using open Channel [id: 0x3e2f3dbf, L:/127.0.0.1:64394 - R:localhost/127.0.0.1:53134] for POST '/session/ffd3d8aebb124b6c5b3cea631d2339de/element'
00:17:58.104 [AsyncHttpClient-1-5] DEBUG org.asynchttpclient.netty.handler.HttpHandler - 

Request DefaultHttpRequest(decodeResult: success, version: HTTP/1.1)
POST /session/ffd3d8aebb124b6c5b3cea631d2339de/element HTTP/1.1
User-Agent: selenium/4.1.2 (java windows)
Content-Length: 60
Content-Type: application/json; charset=utf-8
host: localhost:53134
accept: */*

Response DefaultHttpResponse(decodeResult: success, version: HTTP/1.1)
HTTP/1.1 200 OK
Content-Type: application/json; charset=utf-8
cache-control: no-cache
content-length: 88

00:17:58.104 [AsyncHttpClient-1-5] DEBUG org.asynchttpclient.netty.channel.ChannelManager - Adding key: http://localhost:53134 for channel [id: 0x3e2f3dbf, L:/127.0.0.1:64394 - R:localhost/127.0.0.1:53134]
00:17:58.132 [Forwarding isElementDisplayed on session ffd3d8aebb124b6c5b3cea631d2339de to remote] DEBUG org.asynchttpclient.netty.request.NettyRequestSender - Using pooled Channel '[id: 0x3e2f3dbf, L:/127.0.0.1:64394 - R:localhost/127.0.0.1:53134]' for 'POST' to 'http://localhost:53134/session/ffd3d8aebb124b6c5b3cea631d2339de/execute/sync'
00:17:58.132 [Forwarding isElementDisplayed on session ffd3d8aebb124b6c5b3cea631d2339de to remote] DEBUG org.asynchttpclient.netty.request.NettyRequestSender - Using open Channel [id: 0x3e2f3dbf, L:/127.0.0.1:64394 - R:localhost/127.0.0.1:53134] for POST '/session/ffd3d8aebb124b6c5b3cea631d2339de/execute/sync'
00:17:58.155 [AsyncHttpClient-1-5] DEBUG org.asynchttpclient.netty.handler.HttpHandler - 

Request DefaultHttpRequest(decodeResult: success, version: HTTP/1.1)
POST /session/ffd3d8aebb124b6c5b3cea631d2339de/execute/sync HTTP/1.1
User-Agent: selenium/4.1.2 (java windows)
Content-Length: 48780
Content-Type: application/json; charset=utf-8
host: localhost:53134
accept: */*

Response DefaultHttpResponse(decodeResult: success, version: HTTP/1.1)
HTTP/1.1 200 OK
Content-Type: application/json; charset=utf-8
cache-control: no-cache
content-length: 14

00:17:58.156 [AsyncHttpClient-1-5] DEBUG org.asynchttpclient.netty.channel.ChannelManager - Adding key: http://localhost:53134 for channel [id: 0x3e2f3dbf, L:/127.0.0.1:64394 - R:localhost/127.0.0.1:53134]
00:17:58.169 [Forwarding screenshot on session ffd3d8aebb124b6c5b3cea631d2339de to remote] DEBUG org.asynchttpclient.netty.request.NettyRequestSender - Using pooled Channel '[id: 0x3e2f3dbf, L:/127.0.0.1:64394 - R:localhost/127.0.0.1:53134]' for 'GET' to 'http://localhost:53134/session/ffd3d8aebb124b6c5b3cea631d2339de/screenshot'
00:17:58.169 [Forwarding screenshot on session ffd3d8aebb124b6c5b3cea631d2339de to remote] DEBUG org.asynchttpclient.netty.request.NettyRequestSender - Using open Channel [id: 0x3e2f3dbf, L:/127.0.0.1:64394 - R:localhost/127.0.0.1:53134] for GET '/session/ffd3d8aebb124b6c5b3cea631d2339de/screenshot'
00:17:58.171 [AsyncHttpClient-1-1] DEBUG org.asynchttpclient.netty.channel.DefaultChannelPool - Entry count for : http://localhost:64395 : 1
00:17:58.386 [AsyncHttpClient-1-5] DEBUG org.asynchttpclient.netty.handler.HttpHandler - 

Request DefaultFullHttpRequest(decodeResult: success, version: HTTP/1.1, content: EmptyByteBufBE)
GET /session/ffd3d8aebb124b6c5b3cea631d2339de/screenshot HTTP/1.1
User-Agent: selenium/4.1.2 (java windows)
Cache-Control: no-cache
Content-Type: application/json; charset=utf-8
host: localhost:53134
accept: */*

Response DefaultHttpResponse(decodeResult: success, version: HTTP/1.1)
HTTP/1.1 200 OK
Content-Type: application/json; charset=utf-8
cache-control: no-cache
content-length: 37840

00:17:58.387 [AsyncHttpClient-1-5] DEBUG org.asynchttpclient.netty.channel.ChannelManager - Adding key: http://localhost:53134 for channel [id: 0x3e2f3dbf, L:/127.0.0.1:64394 - R:localhost/127.0.0.1:53134]
00:17:58.391 [main] DEBUG net.serenitybdd.core.photography.Darkroom - Send negative for processing for target\site\serenity\6f2f89e8c5a543dd0a10df9cc2fb4dfa2a13d528c2d3ad44cda943733ef50e85.png
00:17:58.391 [main] DEBUG net.thucydides.core.steps.StepInterceptor - STEP DONE: validateOnLoginPage
  &amp#27;[32mThen &amp#27;[0m&amp#27;[32mI on Login Page&amp#27;[0m                             &amp#27;[90m# stepdefinitions.RegisterStep.iOnLoginPage()&amp#27;[0m
00:17:58.402 [main] INFO  - 
  _____   ___   ___   _____     ___     _     ___   ___   ___   ___  
 |_   _| | __| / __| |_   _|   | _ \   /_\   / __| / __| | __| |   \ 
   | |   | _|  \__ \   | |     |  _/  / _ \  \__ \ \__ \ | _|  | |) |
   |_|   |___| |___/   |_|     |_|   /_/ \_\ |___/ |___/ |___| |___/ 

As a user, i have able to create account
----------------------------------------------------------------------
00:17:58.404 [AsyncHttpClient-1-7] DEBUG org.asynchttpclient.netty.handler.WebSocketHandler - Channel Closed: [id: 0x6ac2d857, L:/127.0.0.1:64402 ! R:localhost/127.0.0.1:64395] with attribute NettyResponseFuture{currentRetry=5,
	isDone=1,
	isCancelled=0,
	asyncHandler=org.asynchttpclient.ws.WebSocketUpgradeHandler@100e2cbb,
	nettyRequest=org.asynchttpclient.netty.request.NettyRequest@48585deb,
	future=java.util.concurrent.CompletableFuture@414af09b[Completed normally],
	uri=ws://localhost:64395/devtools/browser/10cdea83-3ae0-442a-8ff3-17a43ee67a38,
	keepAlive=true,
	redirectCount=0,
	timeoutsHolder=null,
	inAuth=0,
	touch=1651771072514}
00:17:58.405 [AsyncHttpClient-1-7] DEBUG org.asynchttpclient.netty.channel.ChannelManager - Closing Channel [id: 0x6ac2d857, L:/127.0.0.1:64402 ! R:localhost/127.0.0.1:64395] 
00:17:58.406 [Driver Command Executor] DEBUG org.asynchttpclient.netty.request.NettyRequestSender - Using pooled Channel '[id: 0x3e2f3dbf, L:/127.0.0.1:64394 - R:localhost/127.0.0.1:53134]' for 'DELETE' to 'http://localhost:53134/session/ffd3d8aebb124b6c5b3cea631d2339de'
00:17:58.406 [Driver Command Executor] DEBUG org.asynchttpclient.netty.request.NettyRequestSender - Using open Channel [id: 0x3e2f3dbf, L:/127.0.0.1:64394 - R:localhost/127.0.0.1:53134] for DELETE '/session/ffd3d8aebb124b6c5b3cea631d2339de'
00:17:58.557 [AsyncHttpClient-1-6] DEBUG org.asynchttpclient.netty.handler.HttpHandler - Unexpected I/O exception on channel [id: 0xdd8e5ff3, L:/127.0.0.1:64401 - R:localhost/127.0.0.1:64395]
java.io.IOException: An existing connection was forcibly closed by the remote host
	at java.base/sun.nio.ch.SocketDispatcher.read0(Native Method)
	at java.base/sun.nio.ch.SocketDispatcher.read(SocketDispatcher.java:43)
	at java.base/sun.nio.ch.IOUtil.readIntoNativeBuffer(IOUtil.java:276)
	at java.base/sun.nio.ch.IOUtil.read(IOUtil.java:233)
	at java.base/sun.nio.ch.IOUtil.read(IOUtil.java:223)
	at java.base/sun.nio.ch.SocketChannelImpl.read(SocketChannelImpl.java:358)
	at io.netty.buffer.PooledByteBuf.setBytes(PooledByteBuf.java:258)
	at io.netty.buffer.AbstractByteBuf.writeBytes(AbstractByteBuf.java:1132)
	at io.netty.channel.socket.nio.NioSocketChannel.doReadBytes(NioSocketChannel.java:350)
	at io.netty.channel.nio.AbstractNioByteChannel$NioByteUnsafe.read(AbstractNioByteChannel.java:151)
	at io.netty.channel.nio.NioEventLoop.processSelectedKey(NioEventLoop.java:722)
	at io.netty.channel.nio.NioEventLoop.processSelectedKeysOptimized(NioEventLoop.java:658)
	at io.netty.channel.nio.NioEventLoop.processSelectedKeys(NioEventLoop.java:584)
	at io.netty.channel.nio.NioEventLoop.run(NioEventLoop.java:496)
	at io.netty.util.concurrent.SingleThreadEventExecutor$4.run(SingleThreadEventExecutor.java:986)
	at io.netty.util.internal.ThreadExecutorMap$2.run(ThreadExecutorMap.java:74)
	at io.netty.util.concurrent.FastThreadLocalRunnable.run(FastThreadLocalRunnable.java:30)
	at java.base/java.lang.Thread.run(Thread.java:834)
00:17:58.557 [AsyncHttpClient-1-6] DEBUG org.asynchttpclient.netty.channel.ChannelManager - Closing Channel [id: 0xdd8e5ff3, L:/127.0.0.1:64401 - R:localhost/127.0.0.1:64395] 
00:17:58.557 [AsyncHttpClient-1-6] DEBUG org.asynchttpclient.netty.handler.HttpHandler - Channel Closed: [id: 0xdd8e5ff3, L:/127.0.0.1:64401 ! R:localhost/127.0.0.1:64395] with attribute DISCARD
00:17:58.585 [AsyncHttpClient-1-5] DEBUG org.asynchttpclient.netty.handler.HttpHandler - 

Request DefaultFullHttpRequest(decodeResult: success, version: HTTP/1.1, content: EmptyByteBufBE)
DELETE /session/ffd3d8aebb124b6c5b3cea631d2339de HTTP/1.1
User-Agent: selenium/4.1.2 (java windows)
Content-Type: application/json; charset=utf-8
host: localhost:53134
accept: */*

Response DefaultHttpResponse(decodeResult: success, version: HTTP/1.1)
HTTP/1.1 200 OK
Content-Type: application/json; charset=utf-8
cache-control: no-cache
content-length: 14

00:17:58.585 [AsyncHttpClient-1-5] DEBUG org.asynchttpclient.netty.channel.ChannelManager - Adding key: http://localhost:53134 for channel [id: 0x3e2f3dbf, L:/127.0.0.1:64394 - R:localhost/127.0.0.1:53134]
00:17:58.880 [AsyncHttpClient-1-5] DEBUG org.asynchttpclient.netty.handler.HttpHandler - Channel Closed: [id: 0x3e2f3dbf, L:/127.0.0.1:64394 ! R:localhost/127.0.0.1:53134] with attribute DISCARD
00:17:59.273 [AsyncHttpClient-1-1] DEBUG org.asynchttpclient.netty.channel.DefaultChannelPool - Entry count for : http://localhost:64395 : 1
00:17:59.273 [AsyncHttpClient-1-1] DEBUG org.asynchttpclient.netty.channel.DefaultChannelPool - Entry count for : http://localhost:53134 : 1
00:17:59.273 [AsyncHttpClient-1-1] DEBUG org.asynchttpclient.netty.channel.DefaultChannelPool - Adding Candidate expired Channel [id: 0xdd8e5ff3, L:/127.0.0.1:64401 ! R:localhost/127.0.0.1:64395] isIdleTimeoutExpired=false isRemotelyClosed=true isTtlExpired=false
00:17:59.273 [AsyncHttpClient-1-1] DEBUG org.asynchttpclient.netty.channel.DefaultChannelPool - Closing Idle Channel [id: 0xdd8e5ff3, L:/127.0.0.1:64401 ! R:localhost/127.0.0.1:64395]
00:17:59.273 [AsyncHttpClient-1-1] DEBUG org.asynchttpclient.netty.channel.DefaultChannelPool - Adding Candidate expired Channel [id: 0x3e2f3dbf, L:/127.0.0.1:64394 ! R:localhost/127.0.0.1:53134] isIdleTimeoutExpired=false isRemotelyClosed=true isTtlExpired=false
00:17:59.273 [AsyncHttpClient-1-1] DEBUG org.asynchttpclient.netty.channel.DefaultChannelPool - Closing Idle Channel [id: 0x3e2f3dbf, L:/127.0.0.1:64394 ! R:localhost/127.0.0.1:53134]
00:17:59.273 [AsyncHttpClient-1-1] DEBUG org.asynchttpclient.netty.channel.DefaultChannelPool - Closed 2 connections out of 2 in 0 ms
]]></system-out>
    <system-err><![CDATA[Starting ChromeDriver 99.0.4844.51 (d537ec02474b5afe23684e7963d538896c63ac77-refs/branch-heads/4844@{#875}) on port 53134
Only local connections are allowed.
Please see https://chromedriver.chromium.org/security-considerations for suggestions on keeping ChromeDriver safe.
ChromeDriver was started successfully.
[1651771071.943][WARNING]: This version of ChromeDriver has not been tested with Chrome version 100.
May 06, 2022 12:17:52 AM org.openqa.selenium.remote.ProtocolHandshake createSession
INFO: Detected dialect: W3C
May 06, 2022 12:17:52 AM org.openqa.selenium.devtools.CdpVersionFinder findNearestMatch
WARNING: Unable to find an exact match for CDP version 100, so returning the closest version found: 97
May 06, 2022 12:17:52 AM org.openqa.selenium.devtools.CdpVersionFinder findNearestMatch
INFO: Found CDP implementation for version 100 of 97
]]></system-err>
  </testcase>
</testsuite>