<?xml version="1.0" encoding="UTF-8"?>
<testsuite xmlns:xsi="http://www.w3.org/2001/XMLSchema-instance" xsi:noNamespaceSchemaLocation="https://maven.apache.org/surefire/maven-failsafe-plugin/xsd/failsafe-test-report-3.0.xsd" version="3.0" name="CucumberTestSuite" time="134.663" tests="9" errors="2" skipped="0" failures="0">
  <properties>
    <property name="sun.desktop" value="windows"/>
    <property name="awt.toolkit" value="sun.awt.windows.WToolkit"/>
    <property name="java.specification.version" value="11"/>
    <property name="webdriver.chrome.driver" value="D:\Mini Project-QE Alta\Web Automation\FrontEnd-AltaShop\src\test\resources\webdriver\chromedriver"/>
    <property name="sun.cpu.isalist" value="amd64"/>
    <property name="sun.jnu.encoding" value="Cp1252"/>
    <property name="java.class.path" value="D:\Mini Project-QE Alta\Web Automation\FrontEnd-AltaShop\target\test-classes;C:\Users\Siti Nurlatipah\.m2\repository\net\serenity-bdd\serenity-core\3.2.1\serenity-core-3.2.1.jar;C:\Users\Siti Nurlatipah\.m2\repository\net\serenity-bdd\serenity-model\3.2.1\serenity-model-3.2.1.jar;C:\Users\Siti Nurlatipah\.m2\repository\org\apache\commons\commons-text\1.9\commons-text-1.9.jar;C:\Users\Siti Nurlatipah\.m2\repository\commons-net\commons-net\3.8.0\commons-net-3.8.0.jar;C:\Users\Siti Nurlatipah\.m2\repository\com\google\guava\guava\31.1-jre\guava-31.1-jre.jar;C:\Users\Siti Nurlatipah\.m2\repository\com\google\guava\failureaccess\1.0.1\failureaccess-1.0.1.jar;C:\Users\Siti Nurlatipah\.m2\repository\com\google\guava\listenablefuture\9999.0-empty-to-avoid-conflict-with-guava\listenablefuture-9999.0-empty-to-avoid-conflict-with-guava.jar;C:\Users\Siti Nurlatipah\.m2\repository\com\google\code\findbugs\jsr305\3.0.2\jsr305-3.0.2.jar;C:\Users\Siti Nurlatipah\.m2\repository\org\checkerframework\checker-qual\3.12.0\checker-qual-3.12.0.jar;C:\Users\Siti Nurlatipah\.m2\repository\com\google\errorprone\error_prone_annotations\2.11.0\error_prone_annotations-2.11.0.jar;C:\Users\Siti Nurlatipah\.m2\repository\com\google\j2objc\j2objc-annotations\1.3\j2objc-annotations-1.3.jar;C:\Users\Siti Nurlatipah\.m2\repository\com\google\inject\guice\5.1.0\guice-5.1.0.jar;C:\Users\Siti Nurlatipah\.m2\repository\javax\inject\javax.inject\1\javax.inject-1.jar;C:\Users\Siti Nurlatipah\.m2\repository\aopalliance\aopalliance\1.0\aopalliance-1.0.jar;C:\Users\Siti Nurlatipah\.m2\repository\org\jsoup\jsoup\1.14.3\jsoup-1.14.3.jar;C:\Users\Siti Nurlatipah\.m2\repository\com\thoughtworks\xstream\xstream\1.4.19\xstream-1.4.19.jar;C:\Users\Siti Nurlatipah\.m2\repository\io\github\x-stream\mxparser\1.2.2\mxparser-1.2.2.jar;C:\Users\Siti Nurlatipah\.m2\repository\xmlpull\xmlpull\1.1.3.1\xmlpull-1.1.3.1.jar;C:\Users\Siti Nurlatipah\.m2\repository\io\cucumber\cucumber-java\7.2.3\cucumber-java-7.2.3.jar;C:\Users\Siti Nurlatipah\.m2\repository\com\typesafe\config\1.4.2\config-1.4.2.jar;C:\Users\Siti Nurlatipah\.m2\repository\org\imgscalr\imgscalr-lib\4.2\imgscalr-lib-4.2.jar;C:\Users\Siti Nurlatipah\.m2\repository\org\awaitility\awaitility\4.2.0\awaitility-4.2.0.jar;C:\Users\Siti Nurlatipah\.m2\repository\org\freemarker\freemarker\2.3.31\freemarker-2.3.31.jar;C:\Users\Siti Nurlatipah\.m2\repository\io\github\classgraph\classgraph\4.8.138\classgraph-4.8.138.jar;C:\Users\Siti Nurlatipah\.m2\repository\net\sourceforge\jexcelapi\jxl\2.6.12\jxl-2.6.12.jar;C:\Users\Siti Nurlatipah\.m2\repository\net\bytebuddy\byte-buddy\1.12.8\byte-buddy-1.12.8.jar;C:\Users\Siti Nurlatipah\.m2\repository\net\bytebuddy\byte-buddy-agent\1.12.8\byte-buddy-agent-1.12.8.jar;C:\Users\Siti Nurlatipah\.m2\repository\org\objenesis\objenesis\3.1\objenesis-3.1.jar;C:\Users\Siti Nurlatipah\.m2\repository\net\serenity-bdd\serenity-reports\3.2.1\serenity-reports-3.2.1.jar;C:\Users\Siti Nurlatipah\.m2\repository\net\serenity-bdd\serenity-stats\3.2.1\serenity-stats-3.2.1.jar;C:\Users\Siti Nurlatipah\.m2\repository\net\serenity-bdd\serenity-reports-configuration\3.2.1\serenity-reports-configuration-3.2.1.jar;C:\Users\Siti Nurlatipah\.m2\repository\com\vladsch\flexmark\flexmark-all\0.34.30\flexmark-all-0.34.30.jar;C:\Users\Siti Nurlatipah\.m2\repository\com\vladsch\flexmark\flexmark\0.34.30\flexmark-0.34.30.jar;C:\Users\Siti Nurlatipah\.m2\repository\com\vladsch\flexmark\flexmark-ext-abbreviation\0.34.30\flexmark-ext-abbreviation-0.34.30.jar;C:\Users\Siti Nurlatipah\.m2\repository\com\vladsch\flexmark\flexmark-ext-admonition\0.34.30\flexmark-ext-admonition-0.34.30.jar;C:\Users\Siti Nurlatipah\.m2\repository\com\vladsch\flexmark\flexmark-ext-anchorlink\0.34.30\flexmark-ext-anchorlink-0.34.30.jar;C:\Users\Siti Nurlatipah\.m2\repository\com\vladsch\flexmark\flexmark-ext-aside\0.34.30\flexmark-ext-aside-0.34.30.jar;C:\Users\Siti Nurlatipah\.m2\repository\com\vladsch\flexmark\flexmark-ext-attributes\0.34.30\flexmark-ext-attributes-0.34.30.jar;C:\Users\Siti Nurlatipah\.m2\repository\com\vladsch\flexmark\flexmark-ext-autolink\0.34.30\flexmark-ext-autolink-0.34.30.jar;C:\Users\Siti Nurlatipah\.m2\repository\org\nibor\autolink\autolink\0.6.0\autolink-0.6.0.jar;C:\Users\Siti Nurlatipah\.m2\repository\com\vladsch\flexmark\flexmark-ext-definition\0.34.30\flexmark-ext-definition-0.34.30.jar;C:\Users\Siti Nurlatipah\.m2\repository\com\vladsch\flexmark\flexmark-ext-emoji\0.34.30\flexmark-ext-emoji-0.34.30.jar;C:\Users\Siti Nurlatipah\.m2\repository\com\vladsch\flexmark\flexmark-ext-enumerated-reference\0.34.30\flexmark-ext-enumerated-reference-0.34.30.jar;C:\Users\Siti Nurlatipah\.m2\repository\com\vladsch\flexmark\flexmark-ext-escaped-character\0.34.30\flexmark-ext-escaped-character-0.34.30.jar;C:\Users\Siti Nurlatipah\.m2\repository\com\vladsch\flexmark\flexmark-ext-footnotes\0.34.30\flexmark-ext-footnotes-0.34.30.jar;C:\Users\Siti Nurlatipah\.m2\repository\com\vladsch\flexmark\flexmark-ext-gfm-issues\0.34.30\flexmark-ext-gfm-issues-0.34.30.jar;C:\Users\Siti Nurlatipah\.m2\repository\com\vladsch\flexmark\flexmark-ext-gfm-strikethrough\0.34.30\flexmark-ext-gfm-strikethrough-0.34.30.jar;C:\Users\Siti Nurlatipah\.m2\repository\com\vladsch\flexmark\flexmark-ext-gfm-tables\0.34.30\flexmark-ext-gfm-tables-0.34.30.jar;C:\Users\Siti Nurlatipah\.m2\repository\com\vladsch\flexmark\flexmark-ext-gfm-tasklist\0.34.30\flexmark-ext-gfm-tasklist-0.34.30.jar;C:\Users\Siti Nurlatipah\.m2\repository\com\vladsch\flexmark\flexmark-ext-gfm-users\0.34.30\flexmark-ext-gfm-users-0.34.30.jar;C:\Users\Siti Nurlatipah\.m2\repository\com\vladsch\flexmark\flexmark-ext-gitlab\0.34.30\flexmark-ext-gitlab-0.34.30.jar;C:\Users\Siti Nurlatipah\.m2\repository\com\vladsch\flexmark\flexmark-ext-jekyll-front-matter\0.34.30\flexmark-ext-jekyll-front-matter-0.34.30.jar;C:\Users\Siti Nurlatipah\.m2\repository\com\vladsch\flexmark\flexmark-ext-jekyll-tag\0.34.30\flexmark-ext-jekyll-tag-0.34.30.jar;C:\Users\Siti Nurlatipah\.m2\repository\com\vladsch\flexmark\flexmark-ext-media-tags\0.34.30\flexmark-ext-media-tags-0.34.30.jar;C:\Users\Siti Nurlatipah\.m2\repository\com\vladsch\flexmark\flexmark-test-util\0.34.30\flexmark-test-util-0.34.30.jar;C:\Users\Siti Nurlatipah\.m2\repository\com\vladsch\flexmark\flexmark-ext-ins\0.34.30\flexmark-ext-ins-0.34.30.jar;C:\Users\Siti Nurlatipah\.m2\repository\com\vladsch\flexmark\flexmark-ext-xwiki-macros\0.34.30\flexmark-ext-xwiki-macros-0.34.30.jar;C:\Users\Siti Nurlatipah\.m2\repository\com\vladsch\flexmark\flexmark-ext-superscript\0.34.30\flexmark-ext-superscript-0.34.30.jar;C:\Users\Siti Nurlatipah\.m2\repository\com\vladsch\flexmark\flexmark-ext-tables\0.34.30\flexmark-ext-tables-0.34.30.jar;C:\Users\Siti Nurlatipah\.m2\repository\com\vladsch\flexmark\flexmark-ext-toc\0.34.30\flexmark-ext-toc-0.34.30.jar;C:\Users\Siti Nurlatipah\.m2\repository\com\vladsch\flexmark\flexmark-ext-typographic\0.34.30\flexmark-ext-typographic-0.34.30.jar;C:\Users\Siti Nurlatipah\.m2\repository\com\vladsch\flexmark\flexmark-ext-wikilink\0.34.30\flexmark-ext-wikilink-0.34.30.jar;C:\Users\Siti Nurlatipah\.m2\repository\com\vladsch\flexmark\flexmark-ext-yaml-front-matter\0.34.30\flexmark-ext-yaml-front-matter-0.34.30.jar;C:\Users\Siti Nurlatipah\.m2\repository\com\vladsch\flexmark\flexmark-ext-youtube-embedded\0.34.30\flexmark-ext-youtube-embedded-0.34.30.jar;C:\Users\Siti Nurlatipah\.m2\repository\com\vladsch\flexmark\flexmark-formatter\0.34.30\flexmark-formatter-0.34.30.jar;C:\Users\Siti Nurlatipah\.m2\repository\com\vladsch\flexmark\flexmark-html-parser\0.34.30\flexmark-html-parser-0.34.30.jar;C:\Users\Siti Nurlatipah\.m2\repository\com\vladsch\flexmark\flexmark-jira-converter\0.34.30\flexmark-jira-converter-0.34.30.jar;C:\Users\Siti Nurlatipah\.m2\repository\com\vladsch\flexmark\flexmark-pdf-converter\0.34.30\flexmark-pdf-converter-0.34.30.jar;C:\Users\Siti Nurlatipah\.m2\repository\com\openhtmltopdf\openhtmltopdf-core\0.0.1-RC13\openhtmltopdf-core-0.0.1-RC13.jar;C:\Users\Siti Nurlatipah\.m2\repository\com\openhtmltopdf\openhtmltopdf-pdfbox\0.0.1-RC13\openhtmltopdf-pdfbox-0.0.1-RC13.jar;C:\Users\Siti Nurlatipah\.m2\repository\org\apache\pdfbox\pdfbox\2.0.8\pdfbox-2.0.8.jar;C:\Users\Siti Nurlatipah\.m2\repository\org\apache\pdfbox\fontbox\2.0.8\fontbox-2.0.8.jar;C:\Users\Siti Nurlatipah\.m2\repository\commons-logging\commons-logging\1.2\commons-logging-1.2.jar;C:\Users\Siti Nurlatipah\.m2\repository\org\apache\pdfbox\xmpbox\2.0.8\xmpbox-2.0.8.jar;C:\Users\Siti Nurlatipah\.m2\repository\de\rototor\pdfbox\graphics2d\0.12\graphics2d-0.12.jar;C:\Users\Siti Nurlatipah\.m2\repository\com\openhtmltopdf\openhtmltopdf-rtl-support\0.0.1-RC13\openhtmltopdf-rtl-support-0.0.1-RC13.jar;C:\Users\Siti Nurlatipah\.m2\repository\com\ibm\icu\icu4j\59.1\icu4j-59.1.jar;C:\Users\Siti Nurlatipah\.m2\repository\com\openhtmltopdf\openhtmltopdf-jsoup-dom-converter\0.0.1-RC13\openhtmltopdf-jsoup-dom-converter-0.0.1-RC13.jar;C:\Users\Siti Nurlatipah\.m2\repository\com\vladsch\flexmark\flexmark-profile-pegdown\0.34.30\flexmark-profile-pegdown-0.34.30.jar;C:\Users\Siti Nurlatipah\.m2\repository\com\vladsch\flexmark\flexmark-util\0.34.30\flexmark-util-0.34.30.jar;C:\Users\Siti Nurlatipah\.m2\repository\com\vladsch\flexmark\flexmark-youtrack-converter\0.34.30\flexmark-youtrack-converter-0.34.30.jar;C:\Users\Siti Nurlatipah\.m2\repository\es\nitaur\markdown\txtmark\0.16\txtmark-0.16.jar;C:\Users\Siti Nurlatipah\.m2\repository\net\serenity-bdd\serenity-report-resources\3.2.1\serenity-report-resources-3.2.1.jar;C:\Users\Siti Nurlatipah\.m2\repository\com\google\code\gson\gson\2.9.0\gson-2.9.0.jar;C:\Users\Siti Nurlatipah\.m2\repository\com\fasterxml\jackson\core\jackson-core\2.13.2\jackson-core-2.13.2.jar;C:\Users\Siti Nurlatipah\.m2\repository\com\fasterxml\jackson\core\jackson-databind\2.13.2\jackson-databind-2.13.2.jar;C:\Users\Siti Nurlatipah\.m2\repository\com\fasterxml\jackson\core\jackson-annotations\2.13.2\jackson-annotations-2.13.2.jar;C:\Users\Siti Nurlatipah\.m2\repository\commons-codec\commons-codec\1.15\commons-codec-1.15.jar;C:\Users\Siti Nurlatipah\.m2\repository\commons-io\commons-io\2.11.0\commons-io-2.11.0.jar;C:\Users\Siti Nurlatipah\.m2\repository\org\seleniumhq\selenium\selenium-java\4.1.2\selenium-java-4.1.2.jar;C:\Users\Siti Nurlatipah\.m2\repository\org\seleniumhq\selenium\selenium-devtools-v85\4.1.2\selenium-devtools-v85-4.1.2.jar;C:\Users\Siti Nurlatipah\.m2\repository\org\seleniumhq\selenium\selenium-devtools-v95\4.1.2\selenium-devtools-v95-4.1.2.jar;C:\Users\Siti Nurlatipah\.m2\repository\org\seleniumhq\selenium\selenium-devtools-v96\4.1.2\selenium-devtools-v96-4.1.2.jar;C:\Users\Siti Nurlatipah\.m2\repository\org\seleniumhq\selenium\selenium-devtools-v97\4.1.2\selenium-devtools-v97-4.1.2.jar;C:\Users\Siti Nurlatipah\.m2\repository\org\seleniumhq\selenium\selenium-firefox-xpi-driver\4.1.2\selenium-firefox-xpi-driver-4.1.2.jar;C:\Users\Siti Nurlatipah\.m2\repository\org\seleniumhq\selenium\selenium-opera-driver\4.1.2\selenium-opera-driver-4.1.2.jar;C:\Users\Siti Nurlatipah\.m2\repository\org\seleniumhq\selenium\selenium-remote-driver\4.1.2\selenium-remote-driver-4.1.2.jar;C:\Users\Siti Nurlatipah\.m2\repository\com\beust\jcommander\1.82\jcommander-1.82.jar;C:\Users\Siti Nurlatipah\.m2\repository\io\netty\netty-buffer\4.1.73.Final\netty-buffer-4.1.73.Final.jar;C:\Users\Siti Nurlatipah\.m2\repository\io\netty\netty-codec-http\4.1.73.Final\netty-codec-http-4.1.73.Final.jar;C:\Users\Siti Nurlatipah\.m2\repository\io\netty\netty-codec\4.1.73.Final\netty-codec-4.1.73.Final.jar;C:\Users\Siti Nurlatipah\.m2\repository\io\netty\netty-handler\4.1.73.Final\netty-handler-4.1.73.Final.jar;C:\Users\Siti Nurlatipah\.m2\repository\io\netty\netty-tcnative-classes\2.0.46.Final\netty-tcnative-classes-2.0.46.Final.jar;C:\Users\Siti Nurlatipah\.m2\repository\io\netty\netty-common\4.1.73.Final\netty-common-4.1.73.Final.jar;C:\Users\Siti Nurlatipah\.m2\repository\io\netty\netty-transport-classes-epoll\4.1.73.Final\netty-transport-classes-epoll-4.1.73.Final.jar;C:\Users\Siti Nurlatipah\.m2\repository\io\netty\netty-transport-classes-kqueue\4.1.73.Final\netty-transport-classes-kqueue-4.1.73.Final.jar;C:\Users\Siti Nurlatipah\.m2\repository\io\netty\netty-transport-native-epoll\4.1.73.Final\netty-transport-native-epoll-4.1.73.Final.jar;C:\Users\Siti Nurlatipah\.m2\repository\io\netty\netty-transport-native-kqueue\4.1.73.Final\netty-transport-native-kqueue-4.1.73.Final.jar;C:\Users\Siti Nurlatipah\.m2\repository\io\netty\netty-transport-native-unix-common\4.1.73.Final\netty-transport-native-unix-common-4.1.73.Final.jar;C:\Users\Siti Nurlatipah\.m2\repository\io\netty\netty-transport\4.1.73.Final\netty-transport-4.1.73.Final.jar;C:\Users\Siti Nurlatipah\.m2\repository\io\netty\netty-resolver\4.1.73.Final\netty-resolver-4.1.73.Final.jar;C:\Users\Siti Nurlatipah\.m2\repository\io\opentelemetry\opentelemetry-api\1.10.1\opentelemetry-api-1.10.1.jar;C:\Users\Siti Nurlatipah\.m2\repository\io\opentelemetry\opentelemetry-context\1.10.1\opentelemetry-context-1.10.1.jar;C:\Users\Siti Nurlatipah\.m2\repository\io\opentelemetry\opentelemetry-exporter-logging\1.10.1\opentelemetry-exporter-logging-1.10.1.jar;C:\Users\Siti Nurlatipah\.m2\repository\io\opentelemetry\opentelemetry-sdk-metrics\1.10.1-alpha\opentelemetry-sdk-metrics-1.10.1-alpha.jar;C:\Users\Siti Nurlatipah\.m2\repository\io\opentelemetry\opentelemetry-sdk-logs\1.10.1-alpha\opentelemetry-sdk-logs-1.10.1-alpha.jar;C:\Users\Siti Nurlatipah\.m2\repository\io\opentelemetry\opentelemetry-sdk-common\1.10.1\opentelemetry-sdk-common-1.10.1.jar;C:\Users\Siti Nurlatipah\.m2\repository\io\opentelemetry\opentelemetry-sdk-extension-autoconfigure-spi\1.10.1\opentelemetry-sdk-extension-autoconfigure-spi-1.10.1.jar;C:\Users\Siti Nurlatipah\.m2\repository\io\opentelemetry\opentelemetry-sdk-extension-autoconfigure\1.10.1-alpha\opentelemetry-sdk-extension-autoconfigure-1.10.1-alpha.jar;C:\Users\Siti Nurlatipah\.m2\repository\io\opentelemetry\opentelemetry-sdk-trace\1.10.1\opentelemetry-sdk-trace-1.10.1.jar;C:\Users\Siti Nurlatipah\.m2\repository\io\opentelemetry\opentelemetry-sdk\1.10.1\opentelemetry-sdk-1.10.1.jar;C:\Users\Siti Nurlatipah\.m2\repository\io\opentelemetry\opentelemetry-semconv\1.10.1-alpha\opentelemetry-semconv-1.10.1-alpha.jar;C:\Users\Siti Nurlatipah\.m2\repository\io\ous\jtoml\2.0.0\jtoml-2.0.0.jar;C:\Users\Siti Nurlatipah\.m2\repository\org\apache\commons\commons-exec\1.3\commons-exec-1.3.jar;C:\Users\Siti Nurlatipah\.m2\repository\org\asynchttpclient\async-http-client\2.12.3\async-http-client-2.12.3.jar;C:\Users\Siti Nurlatipah\.m2\repository\org\asynchttpclient\async-http-client-netty-utils\2.12.3\async-http-client-netty-utils-2.12.3.jar;C:\Users\Siti Nurlatipah\.m2\repository\io\netty\netty-codec-socks\4.1.60.Final\netty-codec-socks-4.1.60.Final.jar;C:\Users\Siti Nurlatipah\.m2\repository\io\netty\netty-handler-proxy\4.1.60.Final\netty-handler-proxy-4.1.60.Final.jar;C:\Users\Siti Nurlatipah\.m2\repository\io\netty\netty-transport-native-epoll\4.1.60.Final\netty-transport-native-epoll-4.1.60.Final-linux-x86_64.jar;C:\Users\Siti Nurlatipah\.m2\repository\io\netty\netty-transport-native-kqueue\4.1.60.Final\netty-transport-native-kqueue-4.1.60.Final-osx-x86_64.jar;C:\Users\Siti Nurlatipah\.m2\repository\org\reactivestreams\reactive-streams\1.0.3\reactive-streams-1.0.3.jar;C:\Users\Siti Nurlatipah\.m2\repository\com\typesafe\netty\netty-reactive-streams\2.0.4\netty-reactive-streams-2.0.4.jar;C:\Users\Siti Nurlatipah\.m2\repository\org\seleniumhq\selenium\selenium-http\4.1.2\selenium-http-4.1.2.jar;C:\Users\Siti Nurlatipah\.m2\repository\net\jodah\failsafe\2.4.4\failsafe-2.4.4.jar;C:\Users\Siti Nurlatipah\.m2\repository\org\seleniumhq\selenium\selenium-safari-driver\4.1.2\selenium-safari-driver-4.1.2.jar;C:\Users\Siti Nurlatipah\.m2\repository\org\seleniumhq\selenium\selenium-api\4.1.2\selenium-api-4.1.2.jar;C:\Users\Siti Nurlatipah\.m2\repository\org\seleniumhq\selenium\selenium-support\4.1.2\selenium-support-4.1.2.jar;C:\Users\Siti Nurlatipah\.m2\repository\com\google\auto\service\auto-service-annotations\1.0.1\auto-service-annotations-1.0.1.jar;C:\Users\Siti Nurlatipah\.m2\repository\com\google\auto\service\auto-service\1.0.1\auto-service-1.0.1.jar;C:\Users\Siti Nurlatipah\.m2\repository\com\google\auto\auto-common\1.2\auto-common-1.2.jar;C:\Users\Siti Nurlatipah\.m2\repository\org\seleniumhq\selenium\selenium-json\4.1.2\selenium-json-4.1.2.jar;C:\Users\Siti Nurlatipah\.m2\repository\org\seleniumhq\selenium\selenium-chrome-driver\4.1.2\selenium-chrome-driver-4.1.2.jar;C:\Users\Siti Nurlatipah\.m2\repository\org\seleniumhq\selenium\selenium-chromium-driver\4.1.2\selenium-chromium-driver-4.1.2.jar;C:\Users\Siti Nurlatipah\.m2\repository\org\seleniumhq\selenium\selenium-firefox-driver\4.1.2\selenium-firefox-driver-4.1.2.jar;C:\Users\Siti Nurlatipah\.m2\repository\org\seleniumhq\selenium\selenium-edge-driver\4.1.2\selenium-edge-driver-4.1.2.jar;C:\Users\Siti Nurlatipah\.m2\repository\org\seleniumhq\selenium\selenium-ie-driver\4.1.2\selenium-ie-driver-4.1.2.jar;C:\Users\Siti Nurlatipah\.m2\repository\org\projectlombok\lombok\1.18.20\lombok-1.18.20.jar;C:\Users\Siti Nurlatipah\.m2\repository\io\appium\java-client\8.0.0\java-client-8.0.0.jar;C:\Users\Siti Nurlatipah\.m2\repository\commons-validator\commons-validator\1.7\commons-validator-1.7.jar;C:\Users\Siti Nurlatipah\.m2\repository\commons-digester\commons-digester\2.1\commons-digester-2.1.jar;C:\Users\Siti Nurlatipah\.m2\repository\org\aspectj\aspectjweaver\1.9.8\aspectjweaver-1.9.8.jar;C:\Users\Siti Nurlatipah\.m2\repository\org\codehaus\groovy\groovy\3.0.10\groovy-3.0.10.jar;C:\Users\Siti Nurlatipah\.m2\repository\net\sf\opencsv\opencsv\2.0\opencsv-2.0.jar;C:\Users\Siti Nurlatipah\.m2\repository\commons-beanutils\commons-beanutils\1.9.4\commons-beanutils-1.9.4.jar;C:\Users\Siti Nurlatipah\.m2\repository\org\apache\commons\commons-lang3\3.12.0\commons-lang3-3.12.0.jar;C:\Users\Siti Nurlatipah\.m2\repository\commons-collections\commons-collections\3.2.2\commons-collections-3.2.2.jar;C:\Users\Siti Nurlatipah\.m2\repository\org\fluentlenium\fluentlenium-core\0.10.2\fluentlenium-core-0.10.2.jar;C:\Users\Siti Nurlatipah\.m2\repository\io\github\bonigarcia\webdrivermanager\5.1.0\webdrivermanager-5.1.0.jar;C:\Users\Siti Nurlatipah\.m2\repository\com\github\docker-java\docker-java\3.2.13\docker-java-3.2.13.jar;C:\Users\Siti Nurlatipah\.m2\repository\com\github\docker-java\docker-java-core\3.2.13\docker-java-core-3.2.13.jar;C:\Users\Siti Nurlatipah\.m2\repository\com\github\docker-java\docker-java-api\3.2.13\docker-java-api-3.2.13.jar;C:\Users\Siti Nurlatipah\.m2\repository\org\apache\commons\commons-compress\1.21\commons-compress-1.21.jar;C:\Users\Siti Nurlatipah\.m2\repository\org\bouncycastle\bcpkix-jdk15on\1.64\bcpkix-jdk15on-1.64.jar;C:\Users\Siti Nurlatipah\.m2\repository\org\bouncycastle\bcprov-jdk15on\1.64\bcprov-jdk15on-1.64.jar;C:\Users\Siti Nurlatipah\.m2\repository\org\slf4j\jcl-over-slf4j\1.7.30\jcl-over-slf4j-1.7.30.jar;C:\Users\Siti Nurlatipah\.m2\repository\com\github\docker-java\docker-java-transport-httpclient5\3.2.13\docker-java-transport-httpclient5-3.2.13.jar;C:\Users\Siti Nurlatipah\.m2\repository\com\github\docker-java\docker-java-transport\3.2.13\docker-java-transport-3.2.13.jar;C:\Users\Siti Nurlatipah\.m2\repository\org\apache\httpcomponents\client5\httpclient5\5.0.3\httpclient5-5.0.3.jar;C:\Users\Siti Nurlatipah\.m2\repository\org\apache\httpcomponents\core5\httpcore5\5.0.2\httpcore5-5.0.2.jar;C:\Users\Siti Nurlatipah\.m2\repository\net\java\dev\jna\jna\5.8.0\jna-5.8.0.jar;C:\Users\Siti Nurlatipah\.m2\repository\org\brotli\dec\0.1.2\dec-0.1.2.jar;C:\Users\Siti Nurlatipah\.m2\repository\com\jhlabs\filters\2.0.235\filters-2.0.235.jar;C:\Users\Siti Nurlatipah\.m2\repository\com\paulhammant\ngwebdriver\1.1.6\ngwebdriver-1.1.6.jar;C:\Users\Siti Nurlatipah\.m2\repository\joda-time\joda-time\2.8.2\joda-time-2.8.2.jar;C:\Users\Siti Nurlatipah\.m2\repository\org\hamcrest\hamcrest\2.2\hamcrest-2.2.jar;C:\Users\Siti Nurlatipah\.m2\repository\com\google\jimfs\jimfs\1.2\jimfs-1.2.jar;C:\Users\Siti Nurlatipah\.m2\repository\org\mockito\mockito-core\3.3.3\mockito-core-3.3.3.jar;C:\Users\Siti Nurlatipah\.m2\repository\javax\xml\bind\jaxb-api\2.3.1\jaxb-api-2.3.1.jar;C:\Users\Siti Nurlatipah\.m2\repository\javax\activation\javax.activation-api\1.2.0\javax.activation-api-1.2.0.jar;C:\Users\Siti Nurlatipah\.m2\repository\com\sun\xml\bind\jaxb-core\2.3.0.1\jaxb-core-2.3.0.1.jar;C:\Users\Siti Nurlatipah\.m2\repository\com\sun\xml\bind\jaxb-impl\2.3.3\jaxb-impl-2.3.3.jar;C:\Users\Siti Nurlatipah\.m2\repository\jakarta\xml\bind\jakarta.xml.bind-api\2.3.3\jakarta.xml.bind-api-2.3.3.jar;C:\Users\Siti Nurlatipah\.m2\repository\com\sun\activation\jakarta.activation\1.2.2\jakarta.activation-1.2.2.jar;C:\Users\Siti Nurlatipah\.m2\repository\javax\activation\activation\1.1.1\activation-1.1.1.jar;C:\Users\Siti Nurlatipah\.m2\repository\net\serenity-bdd\serenity-cucumber\3.2.1\serenity-cucumber-3.2.1.jar;C:\Users\Siti Nurlatipah\.m2\repository\io\cucumber\cucumber-core\7.2.3\cucumber-core-7.2.3.jar;C:\Users\Siti Nurlatipah\.m2\repository\io\cucumber\cucumber-gherkin\7.2.3\cucumber-gherkin-7.2.3.jar;C:\Users\Siti Nurlatipah\.m2\repository\io\cucumber\cucumber-gherkin-messages\7.2.3\cucumber-gherkin-messages-7.2.3.jar;C:\Users\Siti Nurlatipah\.m2\repository\io\cucumber\messages\17.1.1\messages-17.1.1.jar;C:\Users\Siti Nurlatipah\.m2\repository\io\cucumber\tag-expressions\4.1.0\tag-expressions-4.1.0.jar;C:\Users\Siti Nurlatipah\.m2\repository\io\cucumber\cucumber-expressions\15.0.1\cucumber-expressions-15.0.1.jar;C:\Users\Siti Nurlatipah\.m2\repository\io\cucumber\datatable\7.2.3\datatable-7.2.3.jar;C:\Users\Siti Nurlatipah\.m2\repository\io\cucumber\cucumber-plugin\7.2.3\cucumber-plugin-7.2.3.jar;C:\Users\Siti Nurlatipah\.m2\repository\io\cucumber\docstring\7.2.3\docstring-7.2.3.jar;C:\Users\Siti Nurlatipah\.m2\repository\io\cucumber\html-formatter\17.0.0\html-formatter-17.0.0.jar;C:\Users\Siti Nurlatipah\.m2\repository\io\cucumber\ci-environment\8.1.0\ci-environment-8.1.0.jar;C:\Users\Siti Nurlatipah\.m2\repository\io\cucumber\cucumber-junit\7.2.3\cucumber-junit-7.2.3.jar;C:\Users\Siti Nurlatipah\.m2\repository\org\apache\commons\commons-csv\1.5\commons-csv-1.5.jar;C:\Users\Siti Nurlatipah\.m2\repository\net\serenity-bdd\serenity-screenplay\3.2.1\serenity-screenplay-3.2.1.jar;C:\Users\Siti Nurlatipah\.m2\repository\net\serenity-bdd\serenity-screenplay-webdriver\3.2.1\serenity-screenplay-webdriver-3.2.1.jar;C:\Users\Siti Nurlatipah\.m2\repository\net\serenity-bdd\serenity-ensure\3.2.1\serenity-ensure-3.2.1.jar;C:\Users\Siti Nurlatipah\.m2\repository\net\serenity-bdd\serenity-junit\3.2.1\serenity-junit-3.2.1.jar;C:\Users\Siti Nurlatipah\.m2\repository\org\jetbrains\kotlin\kotlin-stdlib\1.6.0\kotlin-stdlib-1.6.0.jar;C:\Users\Siti Nurlatipah\.m2\repository\org\jetbrains\annotations\13.0\annotations-13.0.jar;C:\Users\Siti Nurlatipah\.m2\repository\org\jetbrains\kotlin\kotlin-stdlib-common\1.6.0\kotlin-stdlib-common-1.6.0.jar;C:\Users\Siti Nurlatipah\.m2\repository\org\junit\platform\junit-platform-launcher\1.8.1\junit-platform-launcher-1.8.1.jar;C:\Users\Siti Nurlatipah\.m2\repository\org\junit\platform\junit-platform-engine\1.8.1\junit-platform-engine-1.8.1.jar;C:\Users\Siti Nurlatipah\.m2\repository\org\opentest4j\opentest4j\1.2.0\opentest4j-1.2.0.jar;C:\Users\Siti Nurlatipah\.m2\repository\org\junit\platform\junit-platform-commons\1.8.1\junit-platform-commons-1.8.1.jar;C:\Users\Siti Nurlatipah\.m2\repository\org\apiguardian\apiguardian-api\1.1.2\apiguardian-api-1.1.2.jar;C:\Users\Siti Nurlatipah\.m2\repository\org\junit\jupiter\junit-jupiter-engine\5.8.2\junit-jupiter-engine-5.8.2.jar;C:\Users\Siti Nurlatipah\.m2\repository\org\junit\jupiter\junit-jupiter-api\5.8.2\junit-jupiter-api-5.8.2.jar;C:\Users\Siti Nurlatipah\.m2\repository\com\github\javafaker\javafaker\1.0.2\javafaker-1.0.2.jar;C:\Users\Siti Nurlatipah\.m2\repository\org\yaml\snakeyaml\1.23\snakeyaml-1.23-android.jar;C:\Users\Siti Nurlatipah\.m2\repository\com\github\mifmif\generex\1.0.2\generex-1.0.2.jar;C:\Users\Siti Nurlatipah\.m2\repository\dk\brics\automaton\automaton\1.11-8\automaton-1.11-8.jar;C:\Users\Siti Nurlatipah\.m2\repository\org\junit\vintage\junit-vintage-engine\5.8.2\junit-vintage-engine-5.8.2.jar;C:\Users\Siti Nurlatipah\.m2\repository\junit\junit\4.13.2\junit-4.13.2.jar;C:\Users\Siti Nurlatipah\.m2\repository\org\hamcrest\hamcrest-core\1.3\hamcrest-core-1.3.jar;C:\Users\Siti Nurlatipah\.m2\repository\ch\qos\logback\logback-classic\1.2.10\logback-classic-1.2.10.jar;C:\Users\Siti Nurlatipah\.m2\repository\ch\qos\logback\logback-core\1.2.10\logback-core-1.2.10.jar;C:\Users\Siti Nurlatipah\.m2\repository\org\slf4j\slf4j-api\1.7.32\slf4j-api-1.7.32.jar;C:\Users\Siti Nurlatipah\.m2\repository\org\assertj\assertj-core\3.6.2\assertj-core-3.6.2.jar;"/>
    <property name="java.vm.vendor" value="Oracle Corporation"/>
    <property name="sun.arch.data.model" value="64"/>
    <property name="user.variant" value=""/>
    <property name="java.vendor.url" value="https://openjdk.java.net/"/>
    <property name="user.timezone" value="Asia/Bangkok"/>
    <property name="log4j2.formatMsgNoLookups" value="true"/>
    <property name="java.vm.specification.version" value="11"/>
    <property name="os.name" value="Windows 10"/>
    <property name="sun.java.launcher" value="SUN_STANDARD"/>
    <property name="user.country" value="ID"/>
    <property name="sun.boot.library.path" value="C:\Program Files\Java\jdk-11.0.14\bin"/>
    <property name="sun.java.command" value="org.apache.maven.surefire.booter.ForkedBooter C:\Users\Siti Nurlatipah\AppData\Local\Temp\surefire12354058599036506707 2022-05-13T01-48-44_143-jvmRun1 surefire2957673355907943881tmp surefire_08145918994662806581tmp"/>
    <property name="jdk.debug" value="release"/>
    <property name="surefire.test.class.path" value="D:\Mini Project-QE Alta\Web Automation\FrontEnd-AltaShop\target\test-classes;C:\Users\Siti Nurlatipah\.m2\repository\net\serenity-bdd\serenity-core\3.2.1\serenity-core-3.2.1.jar;C:\Users\Siti Nurlatipah\.m2\repository\net\serenity-bdd\serenity-model\3.2.1\serenity-model-3.2.1.jar;C:\Users\Siti Nurlatipah\.m2\repository\org\apache\commons\commons-text\1.9\commons-text-1.9.jar;C:\Users\Siti Nurlatipah\.m2\repository\commons-net\commons-net\3.8.0\commons-net-3.8.0.jar;C:\Users\Siti Nurlatipah\.m2\repository\com\google\guava\guava\31.1-jre\guava-31.1-jre.jar;C:\Users\Siti Nurlatipah\.m2\repository\com\google\guava\failureaccess\1.0.1\failureaccess-1.0.1.jar;C:\Users\Siti Nurlatipah\.m2\repository\com\google\guava\listenablefuture\9999.0-empty-to-avoid-conflict-with-guava\listenablefuture-9999.0-empty-to-avoid-conflict-with-guava.jar;C:\Users\Siti Nurlatipah\.m2\repository\com\google\code\findbugs\jsr305\3.0.2\jsr305-3.0.2.jar;C:\Users\Siti Nurlatipah\.m2\repository\org\checkerframework\checker-qual\3.12.0\checker-qual-3.12.0.jar;C:\Users\Siti Nurlatipah\.m2\repository\com\google\errorprone\error_prone_annotations\2.11.0\error_prone_annotations-2.11.0.jar;C:\Users\Siti Nurlatipah\.m2\repository\com\google\j2objc\j2objc-annotations\1.3\j2objc-annotations-1.3.jar;C:\Users\Siti Nurlatipah\.m2\repository\com\google\inject\guice\5.1.0\guice-5.1.0.jar;C:\Users\Siti Nurlatipah\.m2\repository\javax\inject\javax.inject\1\javax.inject-1.jar;C:\Users\Siti Nurlatipah\.m2\repository\aopalliance\aopalliance\1.0\aopalliance-1.0.jar;C:\Users\Siti Nurlatipah\.m2\repository\org\jsoup\jsoup\1.14.3\jsoup-1.14.3.jar;C:\Users\Siti Nurlatipah\.m2\repository\com\thoughtworks\xstream\xstream\1.4.19\xstream-1.4.19.jar;C:\Users\Siti Nurlatipah\.m2\repository\io\github\x-stream\mxparser\1.2.2\mxparser-1.2.2.jar;C:\Users\Siti Nurlatipah\.m2\repository\xmlpull\xmlpull\1.1.3.1\xmlpull-1.1.3.1.jar;C:\Users\Siti Nurlatipah\.m2\repository\io\cucumber\cucumber-java\7.2.3\cucumber-java-7.2.3.jar;C:\Users\Siti Nurlatipah\.m2\repository\com\typesafe\config\1.4.2\config-1.4.2.jar;C:\Users\Siti Nurlatipah\.m2\repository\org\imgscalr\imgscalr-lib\4.2\imgscalr-lib-4.2.jar;C:\Users\Siti Nurlatipah\.m2\repository\org\awaitility\awaitility\4.2.0\awaitility-4.2.0.jar;C:\Users\Siti Nurlatipah\.m2\repository\org\freemarker\freemarker\2.3.31\freemarker-2.3.31.jar;C:\Users\Siti Nurlatipah\.m2\repository\io\github\classgraph\classgraph\4.8.138\classgraph-4.8.138.jar;C:\Users\Siti Nurlatipah\.m2\repository\net\sourceforge\jexcelapi\jxl\2.6.12\jxl-2.6.12.jar;C:\Users\Siti Nurlatipah\.m2\repository\net\bytebuddy\byte-buddy\1.12.8\byte-buddy-1.12.8.jar;C:\Users\Siti Nurlatipah\.m2\repository\net\bytebuddy\byte-buddy-agent\1.12.8\byte-buddy-agent-1.12.8.jar;C:\Users\Siti Nurlatipah\.m2\repository\org\objenesis\objenesis\3.1\objenesis-3.1.jar;C:\Users\Siti Nurlatipah\.m2\repository\net\serenity-bdd\serenity-reports\3.2.1\serenity-reports-3.2.1.jar;C:\Users\Siti Nurlatipah\.m2\repository\net\serenity-bdd\serenity-stats\3.2.1\serenity-stats-3.2.1.jar;C:\Users\Siti Nurlatipah\.m2\repository\net\serenity-bdd\serenity-reports-configuration\3.2.1\serenity-reports-configuration-3.2.1.jar;C:\Users\Siti Nurlatipah\.m2\repository\com\vladsch\flexmark\flexmark-all\0.34.30\flexmark-all-0.34.30.jar;C:\Users\Siti Nurlatipah\.m2\repository\com\vladsch\flexmark\flexmark\0.34.30\flexmark-0.34.30.jar;C:\Users\Siti Nurlatipah\.m2\repository\com\vladsch\flexmark\flexmark-ext-abbreviation\0.34.30\flexmark-ext-abbreviation-0.34.30.jar;C:\Users\Siti Nurlatipah\.m2\repository\com\vladsch\flexmark\flexmark-ext-admonition\0.34.30\flexmark-ext-admonition-0.34.30.jar;C:\Users\Siti Nurlatipah\.m2\repository\com\vladsch\flexmark\flexmark-ext-anchorlink\0.34.30\flexmark-ext-anchorlink-0.34.30.jar;C:\Users\Siti Nurlatipah\.m2\repository\com\vladsch\flexmark\flexmark-ext-aside\0.34.30\flexmark-ext-aside-0.34.30.jar;C:\Users\Siti Nurlatipah\.m2\repository\com\vladsch\flexmark\flexmark-ext-attributes\0.34.30\flexmark-ext-attributes-0.34.30.jar;C:\Users\Siti Nurlatipah\.m2\repository\com\vladsch\flexmark\flexmark-ext-autolink\0.34.30\flexmark-ext-autolink-0.34.30.jar;C:\Users\Siti Nurlatipah\.m2\repository\org\nibor\autolink\autolink\0.6.0\autolink-0.6.0.jar;C:\Users\Siti Nurlatipah\.m2\repository\com\vladsch\flexmark\flexmark-ext-definition\0.34.30\flexmark-ext-definition-0.34.30.jar;C:\Users\Siti Nurlatipah\.m2\repository\com\vladsch\flexmark\flexmark-ext-emoji\0.34.30\flexmark-ext-emoji-0.34.30.jar;C:\Users\Siti Nurlatipah\.m2\repository\com\vladsch\flexmark\flexmark-ext-enumerated-reference\0.34.30\flexmark-ext-enumerated-reference-0.34.30.jar;C:\Users\Siti Nurlatipah\.m2\repository\com\vladsch\flexmark\flexmark-ext-escaped-character\0.34.30\flexmark-ext-escaped-character-0.34.30.jar;C:\Users\Siti Nurlatipah\.m2\repository\com\vladsch\flexmark\flexmark-ext-footnotes\0.34.30\flexmark-ext-footnotes-0.34.30.jar;C:\Users\Siti Nurlatipah\.m2\repository\com\vladsch\flexmark\flexmark-ext-gfm-issues\0.34.30\flexmark-ext-gfm-issues-0.34.30.jar;C:\Users\Siti Nurlatipah\.m2\repository\com\vladsch\flexmark\flexmark-ext-gfm-strikethrough\0.34.30\flexmark-ext-gfm-strikethrough-0.34.30.jar;C:\Users\Siti Nurlatipah\.m2\repository\com\vladsch\flexmark\flexmark-ext-gfm-tables\0.34.30\flexmark-ext-gfm-tables-0.34.30.jar;C:\Users\Siti Nurlatipah\.m2\repository\com\vladsch\flexmark\flexmark-ext-gfm-tasklist\0.34.30\flexmark-ext-gfm-tasklist-0.34.30.jar;C:\Users\Siti Nurlatipah\.m2\repository\com\vladsch\flexmark\flexmark-ext-gfm-users\0.34.30\flexmark-ext-gfm-users-0.34.30.jar;C:\Users\Siti Nurlatipah\.m2\repository\com\vladsch\flexmark\flexmark-ext-gitlab\0.34.30\flexmark-ext-gitlab-0.34.30.jar;C:\Users\Siti Nurlatipah\.m2\repository\com\vladsch\flexmark\flexmark-ext-jekyll-front-matter\0.34.30\flexmark-ext-jekyll-front-matter-0.34.30.jar;C:\Users\Siti Nurlatipah\.m2\repository\com\vladsch\flexmark\flexmark-ext-jekyll-tag\0.34.30\flexmark-ext-jekyll-tag-0.34.30.jar;C:\Users\Siti Nurlatipah\.m2\repository\com\vladsch\flexmark\flexmark-ext-media-tags\0.34.30\flexmark-ext-media-tags-0.34.30.jar;C:\Users\Siti Nurlatipah\.m2\repository\com\vladsch\flexmark\flexmark-test-util\0.34.30\flexmark-test-util-0.34.30.jar;C:\Users\Siti Nurlatipah\.m2\repository\com\vladsch\flexmark\flexmark-ext-ins\0.34.30\flexmark-ext-ins-0.34.30.jar;C:\Users\Siti Nurlatipah\.m2\repository\com\vladsch\flexmark\flexmark-ext-xwiki-macros\0.34.30\flexmark-ext-xwiki-macros-0.34.30.jar;C:\Users\Siti Nurlatipah\.m2\repository\com\vladsch\flexmark\flexmark-ext-superscript\0.34.30\flexmark-ext-superscript-0.34.30.jar;C:\Users\Siti Nurlatipah\.m2\repository\com\vladsch\flexmark\flexmark-ext-tables\0.34.30\flexmark-ext-tables-0.34.30.jar;C:\Users\Siti Nurlatipah\.m2\repository\com\vladsch\flexmark\flexmark-ext-toc\0.34.30\flexmark-ext-toc-0.34.30.jar;C:\Users\Siti Nurlatipah\.m2\repository\com\vladsch\flexmark\flexmark-ext-typographic\0.34.30\flexmark-ext-typographic-0.34.30.jar;C:\Users\Siti Nurlatipah\.m2\repository\com\vladsch\flexmark\flexmark-ext-wikilink\0.34.30\flexmark-ext-wikilink-0.34.30.jar;C:\Users\Siti Nurlatipah\.m2\repository\com\vladsch\flexmark\flexmark-ext-yaml-front-matter\0.34.30\flexmark-ext-yaml-front-matter-0.34.30.jar;C:\Users\Siti Nurlatipah\.m2\repository\com\vladsch\flexmark\flexmark-ext-youtube-embedded\0.34.30\flexmark-ext-youtube-embedded-0.34.30.jar;C:\Users\Siti Nurlatipah\.m2\repository\com\vladsch\flexmark\flexmark-formatter\0.34.30\flexmark-formatter-0.34.30.jar;C:\Users\Siti Nurlatipah\.m2\repository\com\vladsch\flexmark\flexmark-html-parser\0.34.30\flexmark-html-parser-0.34.30.jar;C:\Users\Siti Nurlatipah\.m2\repository\com\vladsch\flexmark\flexmark-jira-converter\0.34.30\flexmark-jira-converter-0.34.30.jar;C:\Users\Siti Nurlatipah\.m2\repository\com\vladsch\flexmark\flexmark-pdf-converter\0.34.30\flexmark-pdf-converter-0.34.30.jar;C:\Users\Siti Nurlatipah\.m2\repository\com\openhtmltopdf\openhtmltopdf-core\0.0.1-RC13\openhtmltopdf-core-0.0.1-RC13.jar;C:\Users\Siti Nurlatipah\.m2\repository\com\openhtmltopdf\openhtmltopdf-pdfbox\0.0.1-RC13\openhtmltopdf-pdfbox-0.0.1-RC13.jar;C:\Users\Siti Nurlatipah\.m2\repository\org\apache\pdfbox\pdfbox\2.0.8\pdfbox-2.0.8.jar;C:\Users\Siti Nurlatipah\.m2\repository\org\apache\pdfbox\fontbox\2.0.8\fontbox-2.0.8.jar;C:\Users\Siti Nurlatipah\.m2\repository\commons-logging\commons-logging\1.2\commons-logging-1.2.jar;C:\Users\Siti Nurlatipah\.m2\repository\org\apache\pdfbox\xmpbox\2.0.8\xmpbox-2.0.8.jar;C:\Users\Siti Nurlatipah\.m2\repository\de\rototor\pdfbox\graphics2d\0.12\graphics2d-0.12.jar;C:\Users\Siti Nurlatipah\.m2\repository\com\openhtmltopdf\openhtmltopdf-rtl-support\0.0.1-RC13\openhtmltopdf-rtl-support-0.0.1-RC13.jar;C:\Users\Siti Nurlatipah\.m2\repository\com\ibm\icu\icu4j\59.1\icu4j-59.1.jar;C:\Users\Siti Nurlatipah\.m2\repository\com\openhtmltopdf\openhtmltopdf-jsoup-dom-converter\0.0.1-RC13\openhtmltopdf-jsoup-dom-converter-0.0.1-RC13.jar;C:\Users\Siti Nurlatipah\.m2\repository\com\vladsch\flexmark\flexmark-profile-pegdown\0.34.30\flexmark-profile-pegdown-0.34.30.jar;C:\Users\Siti Nurlatipah\.m2\repository\com\vladsch\flexmark\flexmark-util\0.34.30\flexmark-util-0.34.30.jar;C:\Users\Siti Nurlatipah\.m2\repository\com\vladsch\flexmark\flexmark-youtrack-converter\0.34.30\flexmark-youtrack-converter-0.34.30.jar;C:\Users\Siti Nurlatipah\.m2\repository\es\nitaur\markdown\txtmark\0.16\txtmark-0.16.jar;C:\Users\Siti Nurlatipah\.m2\repository\net\serenity-bdd\serenity-report-resources\3.2.1\serenity-report-resources-3.2.1.jar;C:\Users\Siti Nurlatipah\.m2\repository\com\google\code\gson\gson\2.9.0\gson-2.9.0.jar;C:\Users\Siti Nurlatipah\.m2\repository\com\fasterxml\jackson\core\jackson-core\2.13.2\jackson-core-2.13.2.jar;C:\Users\Siti Nurlatipah\.m2\repository\com\fasterxml\jackson\core\jackson-databind\2.13.2\jackson-databind-2.13.2.jar;C:\Users\Siti Nurlatipah\.m2\repository\com\fasterxml\jackson\core\jackson-annotations\2.13.2\jackson-annotations-2.13.2.jar;C:\Users\Siti Nurlatipah\.m2\repository\commons-codec\commons-codec\1.15\commons-codec-1.15.jar;C:\Users\Siti Nurlatipah\.m2\repository\commons-io\commons-io\2.11.0\commons-io-2.11.0.jar;C:\Users\Siti Nurlatipah\.m2\repository\org\seleniumhq\selenium\selenium-java\4.1.2\selenium-java-4.1.2.jar;C:\Users\Siti Nurlatipah\.m2\repository\org\seleniumhq\selenium\selenium-devtools-v85\4.1.2\selenium-devtools-v85-4.1.2.jar;C:\Users\Siti Nurlatipah\.m2\repository\org\seleniumhq\selenium\selenium-devtools-v95\4.1.2\selenium-devtools-v95-4.1.2.jar;C:\Users\Siti Nurlatipah\.m2\repository\org\seleniumhq\selenium\selenium-devtools-v96\4.1.2\selenium-devtools-v96-4.1.2.jar;C:\Users\Siti Nurlatipah\.m2\repository\org\seleniumhq\selenium\selenium-devtools-v97\4.1.2\selenium-devtools-v97-4.1.2.jar;C:\Users\Siti Nurlatipah\.m2\repository\org\seleniumhq\selenium\selenium-firefox-xpi-driver\4.1.2\selenium-firefox-xpi-driver-4.1.2.jar;C:\Users\Siti Nurlatipah\.m2\repository\org\seleniumhq\selenium\selenium-opera-driver\4.1.2\selenium-opera-driver-4.1.2.jar;C:\Users\Siti Nurlatipah\.m2\repository\org\seleniumhq\selenium\selenium-remote-driver\4.1.2\selenium-remote-driver-4.1.2.jar;C:\Users\Siti Nurlatipah\.m2\repository\com\beust\jcommander\1.82\jcommander-1.82.jar;C:\Users\Siti Nurlatipah\.m2\repository\io\netty\netty-buffer\4.1.73.Final\netty-buffer-4.1.73.Final.jar;C:\Users\Siti Nurlatipah\.m2\repository\io\netty\netty-codec-http\4.1.73.Final\netty-codec-http-4.1.73.Final.jar;C:\Users\Siti Nurlatipah\.m2\repository\io\netty\netty-codec\4.1.73.Final\netty-codec-4.1.73.Final.jar;C:\Users\Siti Nurlatipah\.m2\repository\io\netty\netty-handler\4.1.73.Final\netty-handler-4.1.73.Final.jar;C:\Users\Siti Nurlatipah\.m2\repository\io\netty\netty-tcnative-classes\2.0.46.Final\netty-tcnative-classes-2.0.46.Final.jar;C:\Users\Siti Nurlatipah\.m2\repository\io\netty\netty-common\4.1.73.Final\netty-common-4.1.73.Final.jar;C:\Users\Siti Nurlatipah\.m2\repository\io\netty\netty-transport-classes-epoll\4.1.73.Final\netty-transport-classes-epoll-4.1.73.Final.jar;C:\Users\Siti Nurlatipah\.m2\repository\io\netty\netty-transport-classes-kqueue\4.1.73.Final\netty-transport-classes-kqueue-4.1.73.Final.jar;C:\Users\Siti Nurlatipah\.m2\repository\io\netty\netty-transport-native-epoll\4.1.73.Final\netty-transport-native-epoll-4.1.73.Final.jar;C:\Users\Siti Nurlatipah\.m2\repository\io\netty\netty-transport-native-kqueue\4.1.73.Final\netty-transport-native-kqueue-4.1.73.Final.jar;C:\Users\Siti Nurlatipah\.m2\repository\io\netty\netty-transport-native-unix-common\4.1.73.Final\netty-transport-native-unix-common-4.1.73.Final.jar;C:\Users\Siti Nurlatipah\.m2\repository\io\netty\netty-transport\4.1.73.Final\netty-transport-4.1.73.Final.jar;C:\Users\Siti Nurlatipah\.m2\repository\io\netty\netty-resolver\4.1.73.Final\netty-resolver-4.1.73.Final.jar;C:\Users\Siti Nurlatipah\.m2\repository\io\opentelemetry\opentelemetry-api\1.10.1\opentelemetry-api-1.10.1.jar;C:\Users\Siti Nurlatipah\.m2\repository\io\opentelemetry\opentelemetry-context\1.10.1\opentelemetry-context-1.10.1.jar;C:\Users\Siti Nurlatipah\.m2\repository\io\opentelemetry\opentelemetry-exporter-logging\1.10.1\opentelemetry-exporter-logging-1.10.1.jar;C:\Users\Siti Nurlatipah\.m2\repository\io\opentelemetry\opentelemetry-sdk-metrics\1.10.1-alpha\opentelemetry-sdk-metrics-1.10.1-alpha.jar;C:\Users\Siti Nurlatipah\.m2\repository\io\opentelemetry\opentelemetry-sdk-logs\1.10.1-alpha\opentelemetry-sdk-logs-1.10.1-alpha.jar;C:\Users\Siti Nurlatipah\.m2\repository\io\opentelemetry\opentelemetry-sdk-common\1.10.1\opentelemetry-sdk-common-1.10.1.jar;C:\Users\Siti Nurlatipah\.m2\repository\io\opentelemetry\opentelemetry-sdk-extension-autoconfigure-spi\1.10.1\opentelemetry-sdk-extension-autoconfigure-spi-1.10.1.jar;C:\Users\Siti Nurlatipah\.m2\repository\io\opentelemetry\opentelemetry-sdk-extension-autoconfigure\1.10.1-alpha\opentelemetry-sdk-extension-autoconfigure-1.10.1-alpha.jar;C:\Users\Siti Nurlatipah\.m2\repository\io\opentelemetry\opentelemetry-sdk-trace\1.10.1\opentelemetry-sdk-trace-1.10.1.jar;C:\Users\Siti Nurlatipah\.m2\repository\io\opentelemetry\opentelemetry-sdk\1.10.1\opentelemetry-sdk-1.10.1.jar;C:\Users\Siti Nurlatipah\.m2\repository\io\opentelemetry\opentelemetry-semconv\1.10.1-alpha\opentelemetry-semconv-1.10.1-alpha.jar;C:\Users\Siti Nurlatipah\.m2\repository\io\ous\jtoml\2.0.0\jtoml-2.0.0.jar;C:\Users\Siti Nurlatipah\.m2\repository\org\apache\commons\commons-exec\1.3\commons-exec-1.3.jar;C:\Users\Siti Nurlatipah\.m2\repository\org\asynchttpclient\async-http-client\2.12.3\async-http-client-2.12.3.jar;C:\Users\Siti Nurlatipah\.m2\repository\org\asynchttpclient\async-http-client-netty-utils\2.12.3\async-http-client-netty-utils-2.12.3.jar;C:\Users\Siti Nurlatipah\.m2\repository\io\netty\netty-codec-socks\4.1.60.Final\netty-codec-socks-4.1.60.Final.jar;C:\Users\Siti Nurlatipah\.m2\repository\io\netty\netty-handler-proxy\4.1.60.Final\netty-handler-proxy-4.1.60.Final.jar;C:\Users\Siti Nurlatipah\.m2\repository\io\netty\netty-transport-native-epoll\4.1.60.Final\netty-transport-native-epoll-4.1.60.Final-linux-x86_64.jar;C:\Users\Siti Nurlatipah\.m2\repository\io\netty\netty-transport-native-kqueue\4.1.60.Final\netty-transport-native-kqueue-4.1.60.Final-osx-x86_64.jar;C:\Users\Siti Nurlatipah\.m2\repository\org\reactivestreams\reactive-streams\1.0.3\reactive-streams-1.0.3.jar;C:\Users\Siti Nurlatipah\.m2\repository\com\typesafe\netty\netty-reactive-streams\2.0.4\netty-reactive-streams-2.0.4.jar;C:\Users\Siti Nurlatipah\.m2\repository\org\seleniumhq\selenium\selenium-http\4.1.2\selenium-http-4.1.2.jar;C:\Users\Siti Nurlatipah\.m2\repository\net\jodah\failsafe\2.4.4\failsafe-2.4.4.jar;C:\Users\Siti Nurlatipah\.m2\repository\org\seleniumhq\selenium\selenium-safari-driver\4.1.2\selenium-safari-driver-4.1.2.jar;C:\Users\Siti Nurlatipah\.m2\repository\org\seleniumhq\selenium\selenium-api\4.1.2\selenium-api-4.1.2.jar;C:\Users\Siti Nurlatipah\.m2\repository\org\seleniumhq\selenium\selenium-support\4.1.2\selenium-support-4.1.2.jar;C:\Users\Siti Nurlatipah\.m2\repository\com\google\auto\service\auto-service-annotations\1.0.1\auto-service-annotations-1.0.1.jar;C:\Users\Siti Nurlatipah\.m2\repository\com\google\auto\service\auto-service\1.0.1\auto-service-1.0.1.jar;C:\Users\Siti Nurlatipah\.m2\repository\com\google\auto\auto-common\1.2\auto-common-1.2.jar;C:\Users\Siti Nurlatipah\.m2\repository\org\seleniumhq\selenium\selenium-json\4.1.2\selenium-json-4.1.2.jar;C:\Users\Siti Nurlatipah\.m2\repository\org\seleniumhq\selenium\selenium-chrome-driver\4.1.2\selenium-chrome-driver-4.1.2.jar;C:\Users\Siti Nurlatipah\.m2\repository\org\seleniumhq\selenium\selenium-chromium-driver\4.1.2\selenium-chromium-driver-4.1.2.jar;C:\Users\Siti Nurlatipah\.m2\repository\org\seleniumhq\selenium\selenium-firefox-driver\4.1.2\selenium-firefox-driver-4.1.2.jar;C:\Users\Siti Nurlatipah\.m2\repository\org\seleniumhq\selenium\selenium-edge-driver\4.1.2\selenium-edge-driver-4.1.2.jar;C:\Users\Siti Nurlatipah\.m2\repository\org\seleniumhq\selenium\selenium-ie-driver\4.1.2\selenium-ie-driver-4.1.2.jar;C:\Users\Siti Nurlatipah\.m2\repository\org\projectlombok\lombok\1.18.20\lombok-1.18.20.jar;C:\Users\Siti Nurlatipah\.m2\repository\io\appium\java-client\8.0.0\java-client-8.0.0.jar;C:\Users\Siti Nurlatipah\.m2\repository\commons-validator\commons-validator\1.7\commons-validator-1.7.jar;C:\Users\Siti Nurlatipah\.m2\repository\commons-digester\commons-digester\2.1\commons-digester-2.1.jar;C:\Users\Siti Nurlatipah\.m2\repository\org\aspectj\aspectjweaver\1.9.8\aspectjweaver-1.9.8.jar;C:\Users\Siti Nurlatipah\.m2\repository\org\codehaus\groovy\groovy\3.0.10\groovy-3.0.10.jar;C:\Users\Siti Nurlatipah\.m2\repository\net\sf\opencsv\opencsv\2.0\opencsv-2.0.jar;C:\Users\Siti Nurlatipah\.m2\repository\commons-beanutils\commons-beanutils\1.9.4\commons-beanutils-1.9.4.jar;C:\Users\Siti Nurlatipah\.m2\repository\org\apache\commons\commons-lang3\3.12.0\commons-lang3-3.12.0.jar;C:\Users\Siti Nurlatipah\.m2\repository\commons-collections\commons-collections\3.2.2\commons-collections-3.2.2.jar;C:\Users\Siti Nurlatipah\.m2\repository\org\fluentlenium\fluentlenium-core\0.10.2\fluentlenium-core-0.10.2.jar;C:\Users\Siti Nurlatipah\.m2\repository\io\github\bonigarcia\webdrivermanager\5.1.0\webdrivermanager-5.1.0.jar;C:\Users\Siti Nurlatipah\.m2\repository\com\github\docker-java\docker-java\3.2.13\docker-java-3.2.13.jar;C:\Users\Siti Nurlatipah\.m2\repository\com\github\docker-java\docker-java-core\3.2.13\docker-java-core-3.2.13.jar;C:\Users\Siti Nurlatipah\.m2\repository\com\github\docker-java\docker-java-api\3.2.13\docker-java-api-3.2.13.jar;C:\Users\Siti Nurlatipah\.m2\repository\org\apache\commons\commons-compress\1.21\commons-compress-1.21.jar;C:\Users\Siti Nurlatipah\.m2\repository\org\bouncycastle\bcpkix-jdk15on\1.64\bcpkix-jdk15on-1.64.jar;C:\Users\Siti Nurlatipah\.m2\repository\org\bouncycastle\bcprov-jdk15on\1.64\bcprov-jdk15on-1.64.jar;C:\Users\Siti Nurlatipah\.m2\repository\org\slf4j\jcl-over-slf4j\1.7.30\jcl-over-slf4j-1.7.30.jar;C:\Users\Siti Nurlatipah\.m2\repository\com\github\docker-java\docker-java-transport-httpclient5\3.2.13\docker-java-transport-httpclient5-3.2.13.jar;C:\Users\Siti Nurlatipah\.m2\repository\com\github\docker-java\docker-java-transport\3.2.13\docker-java-transport-3.2.13.jar;C:\Users\Siti Nurlatipah\.m2\repository\org\apache\httpcomponents\client5\httpclient5\5.0.3\httpclient5-5.0.3.jar;C:\Users\Siti Nurlatipah\.m2\repository\org\apache\httpcomponents\core5\httpcore5\5.0.2\httpcore5-5.0.2.jar;C:\Users\Siti Nurlatipah\.m2\repository\net\java\dev\jna\jna\5.8.0\jna-5.8.0.jar;C:\Users\Siti Nurlatipah\.m2\repository\org\brotli\dec\0.1.2\dec-0.1.2.jar;C:\Users\Siti Nurlatipah\.m2\repository\com\jhlabs\filters\2.0.235\filters-2.0.235.jar;C:\Users\Siti Nurlatipah\.m2\repository\com\paulhammant\ngwebdriver\1.1.6\ngwebdriver-1.1.6.jar;C:\Users\Siti Nurlatipah\.m2\repository\joda-time\joda-time\2.8.2\joda-time-2.8.2.jar;C:\Users\Siti Nurlatipah\.m2\repository\org\hamcrest\hamcrest\2.2\hamcrest-2.2.jar;C:\Users\Siti Nurlatipah\.m2\repository\com\google\jimfs\jimfs\1.2\jimfs-1.2.jar;C:\Users\Siti Nurlatipah\.m2\repository\org\mockito\mockito-core\3.3.3\mockito-core-3.3.3.jar;C:\Users\Siti Nurlatipah\.m2\repository\javax\xml\bind\jaxb-api\2.3.1\jaxb-api-2.3.1.jar;C:\Users\Siti Nurlatipah\.m2\repository\javax\activation\javax.activation-api\1.2.0\javax.activation-api-1.2.0.jar;C:\Users\Siti Nurlatipah\.m2\repository\com\sun\xml\bind\jaxb-core\2.3.0.1\jaxb-core-2.3.0.1.jar;C:\Users\Siti Nurlatipah\.m2\repository\com\sun\xml\bind\jaxb-impl\2.3.3\jaxb-impl-2.3.3.jar;C:\Users\Siti Nurlatipah\.m2\repository\jakarta\xml\bind\jakarta.xml.bind-api\2.3.3\jakarta.xml.bind-api-2.3.3.jar;C:\Users\Siti Nurlatipah\.m2\repository\com\sun\activation\jakarta.activation\1.2.2\jakarta.activation-1.2.2.jar;C:\Users\Siti Nurlatipah\.m2\repository\javax\activation\activation\1.1.1\activation-1.1.1.jar;C:\Users\Siti Nurlatipah\.m2\repository\net\serenity-bdd\serenity-cucumber\3.2.1\serenity-cucumber-3.2.1.jar;C:\Users\Siti Nurlatipah\.m2\repository\io\cucumber\cucumber-core\7.2.3\cucumber-core-7.2.3.jar;C:\Users\Siti Nurlatipah\.m2\repository\io\cucumber\cucumber-gherkin\7.2.3\cucumber-gherkin-7.2.3.jar;C:\Users\Siti Nurlatipah\.m2\repository\io\cucumber\cucumber-gherkin-messages\7.2.3\cucumber-gherkin-messages-7.2.3.jar;C:\Users\Siti Nurlatipah\.m2\repository\io\cucumber\messages\17.1.1\messages-17.1.1.jar;C:\Users\Siti Nurlatipah\.m2\repository\io\cucumber\tag-expressions\4.1.0\tag-expressions-4.1.0.jar;C:\Users\Siti Nurlatipah\.m2\repository\io\cucumber\cucumber-expressions\15.0.1\cucumber-expressions-15.0.1.jar;C:\Users\Siti Nurlatipah\.m2\repository\io\cucumber\datatable\7.2.3\datatable-7.2.3.jar;C:\Users\Siti Nurlatipah\.m2\repository\io\cucumber\cucumber-plugin\7.2.3\cucumber-plugin-7.2.3.jar;C:\Users\Siti Nurlatipah\.m2\repository\io\cucumber\docstring\7.2.3\docstring-7.2.3.jar;C:\Users\Siti Nurlatipah\.m2\repository\io\cucumber\html-formatter\17.0.0\html-formatter-17.0.0.jar;C:\Users\Siti Nurlatipah\.m2\repository\io\cucumber\ci-environment\8.1.0\ci-environment-8.1.0.jar;C:\Users\Siti Nurlatipah\.m2\repository\io\cucumber\cucumber-junit\7.2.3\cucumber-junit-7.2.3.jar;C:\Users\Siti Nurlatipah\.m2\repository\org\apache\commons\commons-csv\1.5\commons-csv-1.5.jar;C:\Users\Siti Nurlatipah\.m2\repository\net\serenity-bdd\serenity-screenplay\3.2.1\serenity-screenplay-3.2.1.jar;C:\Users\Siti Nurlatipah\.m2\repository\net\serenity-bdd\serenity-screenplay-webdriver\3.2.1\serenity-screenplay-webdriver-3.2.1.jar;C:\Users\Siti Nurlatipah\.m2\repository\net\serenity-bdd\serenity-ensure\3.2.1\serenity-ensure-3.2.1.jar;C:\Users\Siti Nurlatipah\.m2\repository\net\serenity-bdd\serenity-junit\3.2.1\serenity-junit-3.2.1.jar;C:\Users\Siti Nurlatipah\.m2\repository\org\jetbrains\kotlin\kotlin-stdlib\1.6.0\kotlin-stdlib-1.6.0.jar;C:\Users\Siti Nurlatipah\.m2\repository\org\jetbrains\annotations\13.0\annotations-13.0.jar;C:\Users\Siti Nurlatipah\.m2\repository\org\jetbrains\kotlin\kotlin-stdlib-common\1.6.0\kotlin-stdlib-common-1.6.0.jar;C:\Users\Siti Nurlatipah\.m2\repository\org\junit\platform\junit-platform-launcher\1.8.1\junit-platform-launcher-1.8.1.jar;C:\Users\Siti Nurlatipah\.m2\repository\org\junit\platform\junit-platform-engine\1.8.1\junit-platform-engine-1.8.1.jar;C:\Users\Siti Nurlatipah\.m2\repository\org\opentest4j\opentest4j\1.2.0\opentest4j-1.2.0.jar;C:\Users\Siti Nurlatipah\.m2\repository\org\junit\platform\junit-platform-commons\1.8.1\junit-platform-commons-1.8.1.jar;C:\Users\Siti Nurlatipah\.m2\repository\org\apiguardian\apiguardian-api\1.1.2\apiguardian-api-1.1.2.jar;C:\Users\Siti Nurlatipah\.m2\repository\org\junit\jupiter\junit-jupiter-engine\5.8.2\junit-jupiter-engine-5.8.2.jar;C:\Users\Siti Nurlatipah\.m2\repository\org\junit\jupiter\junit-jupiter-api\5.8.2\junit-jupiter-api-5.8.2.jar;C:\Users\Siti Nurlatipah\.m2\repository\com\github\javafaker\javafaker\1.0.2\javafaker-1.0.2.jar;C:\Users\Siti Nurlatipah\.m2\repository\org\yaml\snakeyaml\1.23\snakeyaml-1.23-android.jar;C:\Users\Siti Nurlatipah\.m2\repository\com\github\mifmif\generex\1.0.2\generex-1.0.2.jar;C:\Users\Siti Nurlatipah\.m2\repository\dk\brics\automaton\automaton\1.11-8\automaton-1.11-8.jar;C:\Users\Siti Nurlatipah\.m2\repository\org\junit\vintage\junit-vintage-engine\5.8.2\junit-vintage-engine-5.8.2.jar;C:\Users\Siti Nurlatipah\.m2\repository\junit\junit\4.13.2\junit-4.13.2.jar;C:\Users\Siti Nurlatipah\.m2\repository\org\hamcrest\hamcrest-core\1.3\hamcrest-core-1.3.jar;C:\Users\Siti Nurlatipah\.m2\repository\ch\qos\logback\logback-classic\1.2.10\logback-classic-1.2.10.jar;C:\Users\Siti Nurlatipah\.m2\repository\ch\qos\logback\logback-core\1.2.10\logback-core-1.2.10.jar;C:\Users\Siti Nurlatipah\.m2\repository\org\slf4j\slf4j-api\1.7.32\slf4j-api-1.7.32.jar;C:\Users\Siti Nurlatipah\.m2\repository\org\assertj\assertj-core\3.6.2\assertj-core-3.6.2.jar;"/>
    <property name="sun.cpu.endian" value="little"/>
    <property name="user.home" value="C:\Users\Siti Nurlatipah"/>
    <property name="user.language" value="en"/>
    <property name="java.specification.vendor" value="Oracle Corporation"/>
    <property name="jdk.module.path" value="D:\Mini Project-QE Alta\Web Automation\FrontEnd-AltaShop\target\FrontEnd-AltaShop-1.0-SNAPSHOT.jar"/>
    <property name="java.version.date" value="2022-01-18"/>
    <property name="java.home" value="C:\Program Files\Java\jdk-11.0.14"/>
    <property name="file.separator" value="\"/>
    <property name="basedir" value="D:\Mini Project-QE Alta\Web Automation\FrontEnd-AltaShop"/>
    <property name="java.vm.compressedOopsMode" value="32-bit"/>
    <property name="line.separator" value="&#10;"/>
    <property name="java.specification.name" value="Java Platform API Specification"/>
    <property name="java.vm.specification.vendor" value="Oracle Corporation"/>
    <property name="java.awt.graphicsenv" value="sun.awt.Win32GraphicsEnvironment"/>
    <property name="surefire.real.class.path" value="C:\Users\Siti Nurlatipah\.m2\repository\org\apache\maven\surefire\surefire-booter\3.0.0-M5\surefire-booter-3.0.0-M5.jar;C:\Users\Siti Nurlatipah\.m2\repository\org\apache\maven\surefire\surefire-api\3.0.0-M5\surefire-api-3.0.0-M5.jar;C:\Users\Siti Nurlatipah\.m2\repository\org\apache\maven\surefire\surefire-logger-api\3.0.0-M5\surefire-logger-api-3.0.0-M5.jar;C:\Users\Siti Nurlatipah\.m2\repository\org\apache\maven\surefire\surefire-shared-utils\3.0.0-M4\surefire-shared-utils-3.0.0-M4.jar;C:\Users\Siti Nurlatipah\.m2\repository\org\apache\maven\surefire\surefire-extensions-spi\3.0.0-M5\surefire-extensions-spi-3.0.0-M5.jar;D:\Mini Project-QE Alta\Web Automation\FrontEnd-AltaShop\target\test-classes;C:\Users\Siti Nurlatipah\.m2\repository\net\serenity-bdd\serenity-core\3.2.1\serenity-core-3.2.1.jar;C:\Users\Siti Nurlatipah\.m2\repository\net\serenity-bdd\serenity-model\3.2.1\serenity-model-3.2.1.jar;C:\Users\Siti Nurlatipah\.m2\repository\org\apache\commons\commons-text\1.9\commons-text-1.9.jar;C:\Users\Siti Nurlatipah\.m2\repository\commons-net\commons-net\3.8.0\commons-net-3.8.0.jar;C:\Users\Siti Nurlatipah\.m2\repository\com\google\guava\guava\31.1-jre\guava-31.1-jre.jar;C:\Users\Siti Nurlatipah\.m2\repository\com\google\guava\failureaccess\1.0.1\failureaccess-1.0.1.jar;C:\Users\Siti Nurlatipah\.m2\repository\com\google\guava\listenablefuture\9999.0-empty-to-avoid-conflict-with-guava\listenablefuture-9999.0-empty-to-avoid-conflict-with-guava.jar;C:\Users\Siti Nurlatipah\.m2\repository\com\google\code\findbugs\jsr305\3.0.2\jsr305-3.0.2.jar;C:\Users\Siti Nurlatipah\.m2\repository\org\checkerframework\checker-qual\3.12.0\checker-qual-3.12.0.jar;C:\Users\Siti Nurlatipah\.m2\repository\com\google\errorprone\error_prone_annotations\2.11.0\error_prone_annotations-2.11.0.jar;C:\Users\Siti Nurlatipah\.m2\repository\com\google\j2objc\j2objc-annotations\1.3\j2objc-annotations-1.3.jar;C:\Users\Siti Nurlatipah\.m2\repository\com\google\inject\guice\5.1.0\guice-5.1.0.jar;C:\Users\Siti Nurlatipah\.m2\repository\javax\inject\javax.inject\1\javax.inject-1.jar;C:\Users\Siti Nurlatipah\.m2\repository\aopalliance\aopalliance\1.0\aopalliance-1.0.jar;C:\Users\Siti Nurlatipah\.m2\repository\org\jsoup\jsoup\1.14.3\jsoup-1.14.3.jar;C:\Users\Siti Nurlatipah\.m2\repository\com\thoughtworks\xstream\xstream\1.4.19\xstream-1.4.19.jar;C:\Users\Siti Nurlatipah\.m2\repository\io\github\x-stream\mxparser\1.2.2\mxparser-1.2.2.jar;C:\Users\Siti Nurlatipah\.m2\repository\xmlpull\xmlpull\1.1.3.1\xmlpull-1.1.3.1.jar;C:\Users\Siti Nurlatipah\.m2\repository\io\cucumber\cucumber-java\7.2.3\cucumber-java-7.2.3.jar;C:\Users\Siti Nurlatipah\.m2\repository\com\typesafe\config\1.4.2\config-1.4.2.jar;C:\Users\Siti Nurlatipah\.m2\repository\org\imgscalr\imgscalr-lib\4.2\imgscalr-lib-4.2.jar;C:\Users\Siti Nurlatipah\.m2\repository\org\awaitility\awaitility\4.2.0\awaitility-4.2.0.jar;C:\Users\Siti Nurlatipah\.m2\repository\org\freemarker\freemarker\2.3.31\freemarker-2.3.31.jar;C:\Users\Siti Nurlatipah\.m2\repository\io\github\classgraph\classgraph\4.8.138\classgraph-4.8.138.jar;C:\Users\Siti Nurlatipah\.m2\repository\net\sourceforge\jexcelapi\jxl\2.6.12\jxl-2.6.12.jar;C:\Users\Siti Nurlatipah\.m2\repository\net\bytebuddy\byte-buddy\1.12.8\byte-buddy-1.12.8.jar;C:\Users\Siti Nurlatipah\.m2\repository\net\bytebuddy\byte-buddy-agent\1.12.8\byte-buddy-agent-1.12.8.jar;C:\Users\Siti Nurlatipah\.m2\repository\org\objenesis\objenesis\3.1\objenesis-3.1.jar;C:\Users\Siti Nurlatipah\.m2\repository\net\serenity-bdd\serenity-reports\3.2.1\serenity-reports-3.2.1.jar;C:\Users\Siti Nurlatipah\.m2\repository\net\serenity-bdd\serenity-stats\3.2.1\serenity-stats-3.2.1.jar;C:\Users\Siti Nurlatipah\.m2\repository\net\serenity-bdd\serenity-reports-configuration\3.2.1\serenity-reports-configuration-3.2.1.jar;C:\Users\Siti Nurlatipah\.m2\repository\com\vladsch\flexmark\flexmark-all\0.34.30\flexmark-all-0.34.30.jar;C:\Users\Siti Nurlatipah\.m2\repository\com\vladsch\flexmark\flexmark\0.34.30\flexmark-0.34.30.jar;C:\Users\Siti Nurlatipah\.m2\repository\com\vladsch\flexmark\flexmark-ext-abbreviation\0.34.30\flexmark-ext-abbreviation-0.34.30.jar;C:\Users\Siti Nurlatipah\.m2\repository\com\vladsch\flexmark\flexmark-ext-admonition\0.34.30\flexmark-ext-admonition-0.34.30.jar;C:\Users\Siti Nurlatipah\.m2\repository\com\vladsch\flexmark\flexmark-ext-anchorlink\0.34.30\flexmark-ext-anchorlink-0.34.30.jar;C:\Users\Siti Nurlatipah\.m2\repository\com\vladsch\flexmark\flexmark-ext-aside\0.34.30\flexmark-ext-aside-0.34.30.jar;C:\Users\Siti Nurlatipah\.m2\repository\com\vladsch\flexmark\flexmark-ext-attributes\0.34.30\flexmark-ext-attributes-0.34.30.jar;C:\Users\Siti Nurlatipah\.m2\repository\com\vladsch\flexmark\flexmark-ext-autolink\0.34.30\flexmark-ext-autolink-0.34.30.jar;C:\Users\Siti Nurlatipah\.m2\repository\org\nibor\autolink\autolink\0.6.0\autolink-0.6.0.jar;C:\Users\Siti Nurlatipah\.m2\repository\com\vladsch\flexmark\flexmark-ext-definition\0.34.30\flexmark-ext-definition-0.34.30.jar;C:\Users\Siti Nurlatipah\.m2\repository\com\vladsch\flexmark\flexmark-ext-emoji\0.34.30\flexmark-ext-emoji-0.34.30.jar;C:\Users\Siti Nurlatipah\.m2\repository\com\vladsch\flexmark\flexmark-ext-enumerated-reference\0.34.30\flexmark-ext-enumerated-reference-0.34.30.jar;C:\Users\Siti Nurlatipah\.m2\repository\com\vladsch\flexmark\flexmark-ext-escaped-character\0.34.30\flexmark-ext-escaped-character-0.34.30.jar;C:\Users\Siti Nurlatipah\.m2\repository\com\vladsch\flexmark\flexmark-ext-footnotes\0.34.30\flexmark-ext-footnotes-0.34.30.jar;C:\Users\Siti Nurlatipah\.m2\repository\com\vladsch\flexmark\flexmark-ext-gfm-issues\0.34.30\flexmark-ext-gfm-issues-0.34.30.jar;C:\Users\Siti Nurlatipah\.m2\repository\com\vladsch\flexmark\flexmark-ext-gfm-strikethrough\0.34.30\flexmark-ext-gfm-strikethrough-0.34.30.jar;C:\Users\Siti Nurlatipah\.m2\repository\com\vladsch\flexmark\flexmark-ext-gfm-tables\0.34.30\flexmark-ext-gfm-tables-0.34.30.jar;C:\Users\Siti Nurlatipah\.m2\repository\com\vladsch\flexmark\flexmark-ext-gfm-tasklist\0.34.30\flexmark-ext-gfm-tasklist-0.34.30.jar;C:\Users\Siti Nurlatipah\.m2\repository\com\vladsch\flexmark\flexmark-ext-gfm-users\0.34.30\flexmark-ext-gfm-users-0.34.30.jar;C:\Users\Siti Nurlatipah\.m2\repository\com\vladsch\flexmark\flexmark-ext-gitlab\0.34.30\flexmark-ext-gitlab-0.34.30.jar;C:\Users\Siti Nurlatipah\.m2\repository\com\vladsch\flexmark\flexmark-ext-jekyll-front-matter\0.34.30\flexmark-ext-jekyll-front-matter-0.34.30.jar;C:\Users\Siti Nurlatipah\.m2\repository\com\vladsch\flexmark\flexmark-ext-jekyll-tag\0.34.30\flexmark-ext-jekyll-tag-0.34.30.jar;C:\Users\Siti Nurlatipah\.m2\repository\com\vladsch\flexmark\flexmark-ext-media-tags\0.34.30\flexmark-ext-media-tags-0.34.30.jar;C:\Users\Siti Nurlatipah\.m2\repository\com\vladsch\flexmark\flexmark-test-util\0.34.30\flexmark-test-util-0.34.30.jar;C:\Users\Siti Nurlatipah\.m2\repository\com\vladsch\flexmark\flexmark-ext-ins\0.34.30\flexmark-ext-ins-0.34.30.jar;C:\Users\Siti Nurlatipah\.m2\repository\com\vladsch\flexmark\flexmark-ext-xwiki-macros\0.34.30\flexmark-ext-xwiki-macros-0.34.30.jar;C:\Users\Siti Nurlatipah\.m2\repository\com\vladsch\flexmark\flexmark-ext-superscript\0.34.30\flexmark-ext-superscript-0.34.30.jar;C:\Users\Siti Nurlatipah\.m2\repository\com\vladsch\flexmark\flexmark-ext-tables\0.34.30\flexmark-ext-tables-0.34.30.jar;C:\Users\Siti Nurlatipah\.m2\repository\com\vladsch\flexmark\flexmark-ext-toc\0.34.30\flexmark-ext-toc-0.34.30.jar;C:\Users\Siti Nurlatipah\.m2\repository\com\vladsch\flexmark\flexmark-ext-typographic\0.34.30\flexmark-ext-typographic-0.34.30.jar;C:\Users\Siti Nurlatipah\.m2\repository\com\vladsch\flexmark\flexmark-ext-wikilink\0.34.30\flexmark-ext-wikilink-0.34.30.jar;C:\Users\Siti Nurlatipah\.m2\repository\com\vladsch\flexmark\flexmark-ext-yaml-front-matter\0.34.30\flexmark-ext-yaml-front-matter-0.34.30.jar;C:\Users\Siti Nurlatipah\.m2\repository\com\vladsch\flexmark\flexmark-ext-youtube-embedded\0.34.30\flexmark-ext-youtube-embedded-0.34.30.jar;C:\Users\Siti Nurlatipah\.m2\repository\com\vladsch\flexmark\flexmark-formatter\0.34.30\flexmark-formatter-0.34.30.jar;C:\Users\Siti Nurlatipah\.m2\repository\com\vladsch\flexmark\flexmark-html-parser\0.34.30\flexmark-html-parser-0.34.30.jar;C:\Users\Siti Nurlatipah\.m2\repository\com\vladsch\flexmark\flexmark-jira-converter\0.34.30\flexmark-jira-converter-0.34.30.jar;C:\Users\Siti Nurlatipah\.m2\repository\com\vladsch\flexmark\flexmark-pdf-converter\0.34.30\flexmark-pdf-converter-0.34.30.jar;C:\Users\Siti Nurlatipah\.m2\repository\com\openhtmltopdf\openhtmltopdf-core\0.0.1-RC13\openhtmltopdf-core-0.0.1-RC13.jar;C:\Users\Siti Nurlatipah\.m2\repository\com\openhtmltopdf\openhtmltopdf-pdfbox\0.0.1-RC13\openhtmltopdf-pdfbox-0.0.1-RC13.jar;C:\Users\Siti Nurlatipah\.m2\repository\org\apache\pdfbox\pdfbox\2.0.8\pdfbox-2.0.8.jar;C:\Users\Siti Nurlatipah\.m2\repository\org\apache\pdfbox\fontbox\2.0.8\fontbox-2.0.8.jar;C:\Users\Siti Nurlatipah\.m2\repository\commons-logging\commons-logging\1.2\commons-logging-1.2.jar;C:\Users\Siti Nurlatipah\.m2\repository\org\apache\pdfbox\xmpbox\2.0.8\xmpbox-2.0.8.jar;C:\Users\Siti Nurlatipah\.m2\repository\de\rototor\pdfbox\graphics2d\0.12\graphics2d-0.12.jar;C:\Users\Siti Nurlatipah\.m2\repository\com\openhtmltopdf\openhtmltopdf-rtl-support\0.0.1-RC13\openhtmltopdf-rtl-support-0.0.1-RC13.jar;C:\Users\Siti Nurlatipah\.m2\repository\com\ibm\icu\icu4j\59.1\icu4j-59.1.jar;C:\Users\Siti Nurlatipah\.m2\repository\com\openhtmltopdf\openhtmltopdf-jsoup-dom-converter\0.0.1-RC13\openhtmltopdf-jsoup-dom-converter-0.0.1-RC13.jar;C:\Users\Siti Nurlatipah\.m2\repository\com\vladsch\flexmark\flexmark-profile-pegdown\0.34.30\flexmark-profile-pegdown-0.34.30.jar;C:\Users\Siti Nurlatipah\.m2\repository\com\vladsch\flexmark\flexmark-util\0.34.30\flexmark-util-0.34.30.jar;C:\Users\Siti Nurlatipah\.m2\repository\com\vladsch\flexmark\flexmark-youtrack-converter\0.34.30\flexmark-youtrack-converter-0.34.30.jar;C:\Users\Siti Nurlatipah\.m2\repository\es\nitaur\markdown\txtmark\0.16\txtmark-0.16.jar;C:\Users\Siti Nurlatipah\.m2\repository\net\serenity-bdd\serenity-report-resources\3.2.1\serenity-report-resources-3.2.1.jar;C:\Users\Siti Nurlatipah\.m2\repository\com\google\code\gson\gson\2.9.0\gson-2.9.0.jar;C:\Users\Siti Nurlatipah\.m2\repository\com\fasterxml\jackson\core\jackson-core\2.13.2\jackson-core-2.13.2.jar;C:\Users\Siti Nurlatipah\.m2\repository\com\fasterxml\jackson\core\jackson-databind\2.13.2\jackson-databind-2.13.2.jar;C:\Users\Siti Nurlatipah\.m2\repository\com\fasterxml\jackson\core\jackson-annotations\2.13.2\jackson-annotations-2.13.2.jar;C:\Users\Siti Nurlatipah\.m2\repository\commons-codec\commons-codec\1.15\commons-codec-1.15.jar;C:\Users\Siti Nurlatipah\.m2\repository\commons-io\commons-io\2.11.0\commons-io-2.11.0.jar;C:\Users\Siti Nurlatipah\.m2\repository\org\seleniumhq\selenium\selenium-java\4.1.2\selenium-java-4.1.2.jar;C:\Users\Siti Nurlatipah\.m2\repository\org\seleniumhq\selenium\selenium-devtools-v85\4.1.2\selenium-devtools-v85-4.1.2.jar;C:\Users\Siti Nurlatipah\.m2\repository\org\seleniumhq\selenium\selenium-devtools-v95\4.1.2\selenium-devtools-v95-4.1.2.jar;C:\Users\Siti Nurlatipah\.m2\repository\org\seleniumhq\selenium\selenium-devtools-v96\4.1.2\selenium-devtools-v96-4.1.2.jar;C:\Users\Siti Nurlatipah\.m2\repository\org\seleniumhq\selenium\selenium-devtools-v97\4.1.2\selenium-devtools-v97-4.1.2.jar;C:\Users\Siti Nurlatipah\.m2\repository\org\seleniumhq\selenium\selenium-firefox-xpi-driver\4.1.2\selenium-firefox-xpi-driver-4.1.2.jar;C:\Users\Siti Nurlatipah\.m2\repository\org\seleniumhq\selenium\selenium-opera-driver\4.1.2\selenium-opera-driver-4.1.2.jar;C:\Users\Siti Nurlatipah\.m2\repository\org\seleniumhq\selenium\selenium-remote-driver\4.1.2\selenium-remote-driver-4.1.2.jar;C:\Users\Siti Nurlatipah\.m2\repository\com\beust\jcommander\1.82\jcommander-1.82.jar;C:\Users\Siti Nurlatipah\.m2\repository\io\netty\netty-buffer\4.1.73.Final\netty-buffer-4.1.73.Final.jar;C:\Users\Siti Nurlatipah\.m2\repository\io\netty\netty-codec-http\4.1.73.Final\netty-codec-http-4.1.73.Final.jar;C:\Users\Siti Nurlatipah\.m2\repository\io\netty\netty-codec\4.1.73.Final\netty-codec-4.1.73.Final.jar;C:\Users\Siti Nurlatipah\.m2\repository\io\netty\netty-handler\4.1.73.Final\netty-handler-4.1.73.Final.jar;C:\Users\Siti Nurlatipah\.m2\repository\io\netty\netty-tcnative-classes\2.0.46.Final\netty-tcnative-classes-2.0.46.Final.jar;C:\Users\Siti Nurlatipah\.m2\repository\io\netty\netty-common\4.1.73.Final\netty-common-4.1.73.Final.jar;C:\Users\Siti Nurlatipah\.m2\repository\io\netty\netty-transport-classes-epoll\4.1.73.Final\netty-transport-classes-epoll-4.1.73.Final.jar;C:\Users\Siti Nurlatipah\.m2\repository\io\netty\netty-transport-classes-kqueue\4.1.73.Final\netty-transport-classes-kqueue-4.1.73.Final.jar;C:\Users\Siti Nurlatipah\.m2\repository\io\netty\netty-transport-native-epoll\4.1.73.Final\netty-transport-native-epoll-4.1.73.Final.jar;C:\Users\Siti Nurlatipah\.m2\repository\io\netty\netty-transport-native-kqueue\4.1.73.Final\netty-transport-native-kqueue-4.1.73.Final.jar;C:\Users\Siti Nurlatipah\.m2\repository\io\netty\netty-transport-native-unix-common\4.1.73.Final\netty-transport-native-unix-common-4.1.73.Final.jar;C:\Users\Siti Nurlatipah\.m2\repository\io\netty\netty-transport\4.1.73.Final\netty-transport-4.1.73.Final.jar;C:\Users\Siti Nurlatipah\.m2\repository\io\netty\netty-resolver\4.1.73.Final\netty-resolver-4.1.73.Final.jar;C:\Users\Siti Nurlatipah\.m2\repository\io\opentelemetry\opentelemetry-api\1.10.1\opentelemetry-api-1.10.1.jar;C:\Users\Siti Nurlatipah\.m2\repository\io\opentelemetry\opentelemetry-context\1.10.1\opentelemetry-context-1.10.1.jar;C:\Users\Siti Nurlatipah\.m2\repository\io\opentelemetry\opentelemetry-exporter-logging\1.10.1\opentelemetry-exporter-logging-1.10.1.jar;C:\Users\Siti Nurlatipah\.m2\repository\io\opentelemetry\opentelemetry-sdk-metrics\1.10.1-alpha\opentelemetry-sdk-metrics-1.10.1-alpha.jar;C:\Users\Siti Nurlatipah\.m2\repository\io\opentelemetry\opentelemetry-sdk-logs\1.10.1-alpha\opentelemetry-sdk-logs-1.10.1-alpha.jar;C:\Users\Siti Nurlatipah\.m2\repository\io\opentelemetry\opentelemetry-sdk-common\1.10.1\opentelemetry-sdk-common-1.10.1.jar;C:\Users\Siti Nurlatipah\.m2\repository\io\opentelemetry\opentelemetry-sdk-extension-autoconfigure-spi\1.10.1\opentelemetry-sdk-extension-autoconfigure-spi-1.10.1.jar;C:\Users\Siti Nurlatipah\.m2\repository\io\opentelemetry\opentelemetry-sdk-extension-autoconfigure\1.10.1-alpha\opentelemetry-sdk-extension-autoconfigure-1.10.1-alpha.jar;C:\Users\Siti Nurlatipah\.m2\repository\io\opentelemetry\opentelemetry-sdk-trace\1.10.1\opentelemetry-sdk-trace-1.10.1.jar;C:\Users\Siti Nurlatipah\.m2\repository\io\opentelemetry\opentelemetry-sdk\1.10.1\opentelemetry-sdk-1.10.1.jar;C:\Users\Siti Nurlatipah\.m2\repository\io\opentelemetry\opentelemetry-semconv\1.10.1-alpha\opentelemetry-semconv-1.10.1-alpha.jar;C:\Users\Siti Nurlatipah\.m2\repository\io\ous\jtoml\2.0.0\jtoml-2.0.0.jar;C:\Users\Siti Nurlatipah\.m2\repository\org\apache\commons\commons-exec\1.3\commons-exec-1.3.jar;C:\Users\Siti Nurlatipah\.m2\repository\org\asynchttpclient\async-http-client\2.12.3\async-http-client-2.12.3.jar;C:\Users\Siti Nurlatipah\.m2\repository\org\asynchttpclient\async-http-client-netty-utils\2.12.3\async-http-client-netty-utils-2.12.3.jar;C:\Users\Siti Nurlatipah\.m2\repository\io\netty\netty-codec-socks\4.1.60.Final\netty-codec-socks-4.1.60.Final.jar;C:\Users\Siti Nurlatipah\.m2\repository\io\netty\netty-handler-proxy\4.1.60.Final\netty-handler-proxy-4.1.60.Final.jar;C:\Users\Siti Nurlatipah\.m2\repository\io\netty\netty-transport-native-epoll\4.1.60.Final\netty-transport-native-epoll-4.1.60.Final-linux-x86_64.jar;C:\Users\Siti Nurlatipah\.m2\repository\io\netty\netty-transport-native-kqueue\4.1.60.Final\netty-transport-native-kqueue-4.1.60.Final-osx-x86_64.jar;C:\Users\Siti Nurlatipah\.m2\repository\org\reactivestreams\reactive-streams\1.0.3\reactive-streams-1.0.3.jar;C:\Users\Siti Nurlatipah\.m2\repository\com\typesafe\netty\netty-reactive-streams\2.0.4\netty-reactive-streams-2.0.4.jar;C:\Users\Siti Nurlatipah\.m2\repository\org\seleniumhq\selenium\selenium-http\4.1.2\selenium-http-4.1.2.jar;C:\Users\Siti Nurlatipah\.m2\repository\net\jodah\failsafe\2.4.4\failsafe-2.4.4.jar;C:\Users\Siti Nurlatipah\.m2\repository\org\seleniumhq\selenium\selenium-safari-driver\4.1.2\selenium-safari-driver-4.1.2.jar;C:\Users\Siti Nurlatipah\.m2\repository\org\seleniumhq\selenium\selenium-api\4.1.2\selenium-api-4.1.2.jar;C:\Users\Siti Nurlatipah\.m2\repository\org\seleniumhq\selenium\selenium-support\4.1.2\selenium-support-4.1.2.jar;C:\Users\Siti Nurlatipah\.m2\repository\com\google\auto\service\auto-service-annotations\1.0.1\auto-service-annotations-1.0.1.jar;C:\Users\Siti Nurlatipah\.m2\repository\com\google\auto\service\auto-service\1.0.1\auto-service-1.0.1.jar;C:\Users\Siti Nurlatipah\.m2\repository\com\google\auto\auto-common\1.2\auto-common-1.2.jar;C:\Users\Siti Nurlatipah\.m2\repository\org\seleniumhq\selenium\selenium-json\4.1.2\selenium-json-4.1.2.jar;C:\Users\Siti Nurlatipah\.m2\repository\org\seleniumhq\selenium\selenium-chrome-driver\4.1.2\selenium-chrome-driver-4.1.2.jar;C:\Users\Siti Nurlatipah\.m2\repository\org\seleniumhq\selenium\selenium-chromium-driver\4.1.2\selenium-chromium-driver-4.1.2.jar;C:\Users\Siti Nurlatipah\.m2\repository\org\seleniumhq\selenium\selenium-firefox-driver\4.1.2\selenium-firefox-driver-4.1.2.jar;C:\Users\Siti Nurlatipah\.m2\repository\org\seleniumhq\selenium\selenium-edge-driver\4.1.2\selenium-edge-driver-4.1.2.jar;C:\Users\Siti Nurlatipah\.m2\repository\org\seleniumhq\selenium\selenium-ie-driver\4.1.2\selenium-ie-driver-4.1.2.jar;C:\Users\Siti Nurlatipah\.m2\repository\org\projectlombok\lombok\1.18.20\lombok-1.18.20.jar;C:\Users\Siti Nurlatipah\.m2\repository\io\appium\java-client\8.0.0\java-client-8.0.0.jar;C:\Users\Siti Nurlatipah\.m2\repository\commons-validator\commons-validator\1.7\commons-validator-1.7.jar;C:\Users\Siti Nurlatipah\.m2\repository\commons-digester\commons-digester\2.1\commons-digester-2.1.jar;C:\Users\Siti Nurlatipah\.m2\repository\org\aspectj\aspectjweaver\1.9.8\aspectjweaver-1.9.8.jar;C:\Users\Siti Nurlatipah\.m2\repository\org\codehaus\groovy\groovy\3.0.10\groovy-3.0.10.jar;C:\Users\Siti Nurlatipah\.m2\repository\net\sf\opencsv\opencsv\2.0\opencsv-2.0.jar;C:\Users\Siti Nurlatipah\.m2\repository\commons-beanutils\commons-beanutils\1.9.4\commons-beanutils-1.9.4.jar;C:\Users\Siti Nurlatipah\.m2\repository\org\apache\commons\commons-lang3\3.12.0\commons-lang3-3.12.0.jar;C:\Users\Siti Nurlatipah\.m2\repository\commons-collections\commons-collections\3.2.2\commons-collections-3.2.2.jar;C:\Users\Siti Nurlatipah\.m2\repository\org\fluentlenium\fluentlenium-core\0.10.2\fluentlenium-core-0.10.2.jar;C:\Users\Siti Nurlatipah\.m2\repository\io\github\bonigarcia\webdrivermanager\5.1.0\webdrivermanager-5.1.0.jar;C:\Users\Siti Nurlatipah\.m2\repository\com\github\docker-java\docker-java\3.2.13\docker-java-3.2.13.jar;C:\Users\Siti Nurlatipah\.m2\repository\com\github\docker-java\docker-java-core\3.2.13\docker-java-core-3.2.13.jar;C:\Users\Siti Nurlatipah\.m2\repository\com\github\docker-java\docker-java-api\3.2.13\docker-java-api-3.2.13.jar;C:\Users\Siti Nurlatipah\.m2\repository\org\apache\commons\commons-compress\1.21\commons-compress-1.21.jar;C:\Users\Siti Nurlatipah\.m2\repository\org\bouncycastle\bcpkix-jdk15on\1.64\bcpkix-jdk15on-1.64.jar;C:\Users\Siti Nurlatipah\.m2\repository\org\bouncycastle\bcprov-jdk15on\1.64\bcprov-jdk15on-1.64.jar;C:\Users\Siti Nurlatipah\.m2\repository\org\slf4j\jcl-over-slf4j\1.7.30\jcl-over-slf4j-1.7.30.jar;C:\Users\Siti Nurlatipah\.m2\repository\com\github\docker-java\docker-java-transport-httpclient5\3.2.13\docker-java-transport-httpclient5-3.2.13.jar;C:\Users\Siti Nurlatipah\.m2\repository\com\github\docker-java\docker-java-transport\3.2.13\docker-java-transport-3.2.13.jar;C:\Users\Siti Nurlatipah\.m2\repository\org\apache\httpcomponents\client5\httpclient5\5.0.3\httpclient5-5.0.3.jar;C:\Users\Siti Nurlatipah\.m2\repository\org\apache\httpcomponents\core5\httpcore5\5.0.2\httpcore5-5.0.2.jar;C:\Users\Siti Nurlatipah\.m2\repository\net\java\dev\jna\jna\5.8.0\jna-5.8.0.jar;C:\Users\Siti Nurlatipah\.m2\repository\org\brotli\dec\0.1.2\dec-0.1.2.jar;C:\Users\Siti Nurlatipah\.m2\repository\com\jhlabs\filters\2.0.235\filters-2.0.235.jar;C:\Users\Siti Nurlatipah\.m2\repository\com\paulhammant\ngwebdriver\1.1.6\ngwebdriver-1.1.6.jar;C:\Users\Siti Nurlatipah\.m2\repository\joda-time\joda-time\2.8.2\joda-time-2.8.2.jar;C:\Users\Siti Nurlatipah\.m2\repository\org\hamcrest\hamcrest\2.2\hamcrest-2.2.jar;C:\Users\Siti Nurlatipah\.m2\repository\com\google\jimfs\jimfs\1.2\jimfs-1.2.jar;C:\Users\Siti Nurlatipah\.m2\repository\org\mockito\mockito-core\3.3.3\mockito-core-3.3.3.jar;C:\Users\Siti Nurlatipah\.m2\repository\javax\xml\bind\jaxb-api\2.3.1\jaxb-api-2.3.1.jar;C:\Users\Siti Nurlatipah\.m2\repository\javax\activation\javax.activation-api\1.2.0\javax.activation-api-1.2.0.jar;C:\Users\Siti Nurlatipah\.m2\repository\com\sun\xml\bind\jaxb-core\2.3.0.1\jaxb-core-2.3.0.1.jar;C:\Users\Siti Nurlatipah\.m2\repository\com\sun\xml\bind\jaxb-impl\2.3.3\jaxb-impl-2.3.3.jar;C:\Users\Siti Nurlatipah\.m2\repository\jakarta\xml\bind\jakarta.xml.bind-api\2.3.3\jakarta.xml.bind-api-2.3.3.jar;C:\Users\Siti Nurlatipah\.m2\repository\com\sun\activation\jakarta.activation\1.2.2\jakarta.activation-1.2.2.jar;C:\Users\Siti Nurlatipah\.m2\repository\javax\activation\activation\1.1.1\activation-1.1.1.jar;C:\Users\Siti Nurlatipah\.m2\repository\net\serenity-bdd\serenity-cucumber\3.2.1\serenity-cucumber-3.2.1.jar;C:\Users\Siti Nurlatipah\.m2\repository\io\cucumber\cucumber-core\7.2.3\cucumber-core-7.2.3.jar;C:\Users\Siti Nurlatipah\.m2\repository\io\cucumber\cucumber-gherkin\7.2.3\cucumber-gherkin-7.2.3.jar;C:\Users\Siti Nurlatipah\.m2\repository\io\cucumber\cucumber-gherkin-messages\7.2.3\cucumber-gherkin-messages-7.2.3.jar;C:\Users\Siti Nurlatipah\.m2\repository\io\cucumber\messages\17.1.1\messages-17.1.1.jar;C:\Users\Siti Nurlatipah\.m2\repository\io\cucumber\tag-expressions\4.1.0\tag-expressions-4.1.0.jar;C:\Users\Siti Nurlatipah\.m2\repository\io\cucumber\cucumber-expressions\15.0.1\cucumber-expressions-15.0.1.jar;C:\Users\Siti Nurlatipah\.m2\repository\io\cucumber\datatable\7.2.3\datatable-7.2.3.jar;C:\Users\Siti Nurlatipah\.m2\repository\io\cucumber\cucumber-plugin\7.2.3\cucumber-plugin-7.2.3.jar;C:\Users\Siti Nurlatipah\.m2\repository\io\cucumber\docstring\7.2.3\docstring-7.2.3.jar;C:\Users\Siti Nurlatipah\.m2\repository\io\cucumber\html-formatter\17.0.0\html-formatter-17.0.0.jar;C:\Users\Siti Nurlatipah\.m2\repository\io\cucumber\ci-environment\8.1.0\ci-environment-8.1.0.jar;C:\Users\Siti Nurlatipah\.m2\repository\io\cucumber\cucumber-junit\7.2.3\cucumber-junit-7.2.3.jar;C:\Users\Siti Nurlatipah\.m2\repository\org\apache\commons\commons-csv\1.5\commons-csv-1.5.jar;C:\Users\Siti Nurlatipah\.m2\repository\net\serenity-bdd\serenity-screenplay\3.2.1\serenity-screenplay-3.2.1.jar;C:\Users\Siti Nurlatipah\.m2\repository\net\serenity-bdd\serenity-screenplay-webdriver\3.2.1\serenity-screenplay-webdriver-3.2.1.jar;C:\Users\Siti Nurlatipah\.m2\repository\net\serenity-bdd\serenity-ensure\3.2.1\serenity-ensure-3.2.1.jar;C:\Users\Siti Nurlatipah\.m2\repository\net\serenity-bdd\serenity-junit\3.2.1\serenity-junit-3.2.1.jar;C:\Users\Siti Nurlatipah\.m2\repository\org\jetbrains\kotlin\kotlin-stdlib\1.6.0\kotlin-stdlib-1.6.0.jar;C:\Users\Siti Nurlatipah\.m2\repository\org\jetbrains\annotations\13.0\annotations-13.0.jar;C:\Users\Siti Nurlatipah\.m2\repository\org\jetbrains\kotlin\kotlin-stdlib-common\1.6.0\kotlin-stdlib-common-1.6.0.jar;C:\Users\Siti Nurlatipah\.m2\repository\org\junit\platform\junit-platform-launcher\1.8.1\junit-platform-launcher-1.8.1.jar;C:\Users\Siti Nurlatipah\.m2\repository\org\junit\platform\junit-platform-engine\1.8.1\junit-platform-engine-1.8.1.jar;C:\Users\Siti Nurlatipah\.m2\repository\org\opentest4j\opentest4j\1.2.0\opentest4j-1.2.0.jar;C:\Users\Siti Nurlatipah\.m2\repository\org\junit\platform\junit-platform-commons\1.8.1\junit-platform-commons-1.8.1.jar;C:\Users\Siti Nurlatipah\.m2\repository\org\apiguardian\apiguardian-api\1.1.2\apiguardian-api-1.1.2.jar;C:\Users\Siti Nurlatipah\.m2\repository\org\junit\jupiter\junit-jupiter-engine\5.8.2\junit-jupiter-engine-5.8.2.jar;C:\Users\Siti Nurlatipah\.m2\repository\org\junit\jupiter\junit-jupiter-api\5.8.2\junit-jupiter-api-5.8.2.jar;C:\Users\Siti Nurlatipah\.m2\repository\com\github\javafaker\javafaker\1.0.2\javafaker-1.0.2.jar;C:\Users\Siti Nurlatipah\.m2\repository\org\yaml\snakeyaml\1.23\snakeyaml-1.23-android.jar;C:\Users\Siti Nurlatipah\.m2\repository\com\github\mifmif\generex\1.0.2\generex-1.0.2.jar;C:\Users\Siti Nurlatipah\.m2\repository\dk\brics\automaton\automaton\1.11-8\automaton-1.11-8.jar;C:\Users\Siti Nurlatipah\.m2\repository\org\junit\vintage\junit-vintage-engine\5.8.2\junit-vintage-engine-5.8.2.jar;C:\Users\Siti Nurlatipah\.m2\repository\junit\junit\4.13.2\junit-4.13.2.jar;C:\Users\Siti Nurlatipah\.m2\repository\org\hamcrest\hamcrest-core\1.3\hamcrest-core-1.3.jar;C:\Users\Siti Nurlatipah\.m2\repository\ch\qos\logback\logback-classic\1.2.10\logback-classic-1.2.10.jar;C:\Users\Siti Nurlatipah\.m2\repository\ch\qos\logback\logback-core\1.2.10\logback-core-1.2.10.jar;C:\Users\Siti Nurlatipah\.m2\repository\org\slf4j\slf4j-api\1.7.32\slf4j-api-1.7.32.jar;C:\Users\Siti Nurlatipah\.m2\repository\org\assertj\assertj-core\3.6.2\assertj-core-3.6.2.jar;C:\Users\Siti Nurlatipah\.m2\repository\org\apache\maven\surefire\surefire-junit-platform\3.0.0-M5\surefire-junit-platform-3.0.0-M5.jar;C:\Users\Siti Nurlatipah\.m2\repository\org\apache\maven\surefire\common-java5\3.0.0-M5\common-java5-3.0.0-M5.jar"/>
    <property name="user.script" value=""/>
    <property name="java.protocol.handler.pkgs" value="com.google.common"/>
    <property name="sun.management.compiler" value="HotSpot 64-Bit Tiered Compilers"/>
    <property name="java.runtime.version" value="11.0.14+8-LTS-263"/>
    <property name="user.name" value="Siti Nurlatipah"/>
    <property name="path.separator" value=";"/>
    <property name="os.version" value="10.0"/>
    <property name="java.runtime.name" value="Java(TM) SE Runtime Environment"/>
    <property name="file.encoding" value="Cp1252"/>
    <property name="java.vm.name" value="Java HotSpot(TM) 64-Bit Server VM"/>
    <property name="java.vendor.version" value="18.9"/>
    <property name="localRepository" value="C:\Users\Siti Nurlatipah\.m2\repository"/>
    <property name="java.vendor.url.bug" value="https://bugreport.java.com/bugreport/"/>
    <property name="java.io.tmpdir" value="C:\Users\SITINU~1\AppData\Local\Temp\"/>
    <property name="java.version" value="11.0.14"/>
    <property name="user.dir" value="D:\Mini Project-QE Alta\Web Automation\FrontEnd-AltaShop"/>
    <property name="os.arch" value="amd64"/>
    <property name="java.vm.specification.name" value="Java Virtual Machine Specification"/>
    <property name="java.awt.printerjob" value="sun.awt.windows.WPrinterJob"/>
    <property name="sun.os.patch.level" value=""/>
    <property name="java.library.path" value="C:\Program Files\Java\jdk-11.0.14\bin;C:\windows\Sun\Java\bin;C:\windows\system32;C:\windows;C:\Program Files\Common Files\Oracle\Java\javapath;C:\windows\system32;C:\windows;C:\windows\System32\Wbem;C:\windows\System32\WindowsPowerShell\v1.0\;C:\windows\System32\OpenSSH\;C:\Program Files\Git\cmd;C:\Program Files\apache-maven-3.8.5\bin;C:\Program Files\Java\jdk1.8.0_221\bin;C:\Users\Siti Nurlatipah\webdriver;C:\Program Files\nodejs\;C:\Users\Siti Nurlatipah\AppData\Local\Android\Sdk\platform-tools;C:\Users\Siti Nurlatipah\AppData\Local\Android\Sdk\emulator;C:\Users\Siti Nurlatipah\AppData\Local\Microsoft\WindowsApps;C:\Users\Siti Nurlatipah\AppData\Local\Programs\Microsoft VS Code\bin;C:\Program Files\Java\jdk-11.0.14;C:\Users\Siti Nurlatipah\AppData\Roaming\npm;C:\Users\Siti Nurlatipah\AppData\Local\Android\Sdk\emulator;C:\Users\Siti Nurlatipah\AppData\Local\Android\Sdk\platform-tools;C:\Program Files\Java\jdk-11.0.14\bin;C:\Program Files\apache-maven-3.8.5\bin;;."/>
    <property name="java.vendor" value="Oracle Corporation"/>
    <property name="java.vm.info" value="mixed mode"/>
    <property name="java.vm.version" value="11.0.14+8-LTS-263"/>
    <property name="sun.io.unicode.encoding" value="UnicodeLittle"/>
    <property name="java.class.version" value="55.0"/>
  </properties>
  <testcase name="As a user, i have able to login" classname="Login" time="31.683">
    <system-out><![CDATA[01:48:54.186 [main] INFO io.cucumber.core.plugin.SerenityReporter - Running feature from file:///D:/Mini%20Project-QE%20Alta/Web%20Automation/FrontEnd-AltaShop/src/test/resources/features/ALogin.feature
01:48:54.541 [main] INFO  - 

-------------------------------------------------------------------------------------
     _______. _______ .______       _______ .__   __.  __  .___________.____    ____ 
    /       ||   ____||   _  \     |   ____||  \ |  | |  | |           |\   \  /   / 
   |   (----`|  |__   |  |_)  |    |  |__   |   \|  | |  | `---|  |----` \   \/   /  
    \   \    |   __|  |      /     |   __|  |  . `  | |  |     |  |       \_    _/   
.----)   |   |  |____ |  |\  \----.|  |____ |  |\   | |  |     |  |         |  |     
|_______/    |_______|| _| `._____||_______||__| \__| |__|     |__|         |__|    
                                                                                     
 News and tutorials at http://www.serenity-bdd.info                                  
 Documentation at https://wakaleo.gitbooks.io/the-serenity-book/content/             
 Join the Serenity Community on Gitter: https://gitter.im/serenity-bdd/serenity-core 
 Serenity BDD Support and Training at http://serenity-bdd.info/#/trainingandsupport  
-------------------------------------------------------------------------------------

01:48:54.549 [main] DEBUG net.thucydides.core.steps.StepEventBus - Test suite started for story net.thucydides.core.model.Story@7c786067
01:48:54.559 [main] INFO  - Test Suite Started: Login
01:48:54.587 [main] INFO io.cucumber.core.plugin.SerenityReporter - Running feature from file:///D:/Mini%20Project-QE%20Alta/Web%20Automation/FrontEnd-AltaShop/src/test/resources/features/BuyProducts.feature
01:48:54.604 [main] DEBUG net.thucydides.core.steps.StepEventBus - Test suite started for story net.thucydides.core.model.Story@b6b7434a
01:48:54.605 [main] INFO  - Test Suite Started: Buy Product
01:48:54.606 [main] INFO io.cucumber.core.plugin.SerenityReporter - Running feature from file:///D:/Mini%20Project-QE%20Alta/Web%20Automation/FrontEnd-AltaShop/src/test/resources/features/Logout.feature
01:48:54.617 [main] DEBUG net.thucydides.core.steps.StepEventBus - Test suite started for story net.thucydides.core.model.Story@7960de68
01:48:54.619 [main] INFO  - Test Suite Started: Logout
01:48:54.620 [main] INFO io.cucumber.core.plugin.SerenityReporter - Running feature from file:///D:/Mini%20Project-QE%20Alta/Web%20Automation/FrontEnd-AltaShop/src/test/resources/features/Order.feature
01:48:54.632 [main] DEBUG net.thucydides.core.steps.StepEventBus - Test suite started for story net.thucydides.core.model.Story@cc4b76a8
01:48:54.634 [main] INFO  - Test Suite Started: Order
01:48:54.635 [main] INFO io.cucumber.core.plugin.SerenityReporter - Running feature from file:///D:/Mini%20Project-QE%20Alta/Web%20Automation/FrontEnd-AltaShop/src/test/resources/features/Register.feature
01:48:54.647 [main] DEBUG net.thucydides.core.steps.StepEventBus - Test suite started for story net.thucydides.core.model.Story@30e75088
01:48:54.649 [main] INFO  - Test Suite Started: Register
01:48:54.651 [main] INFO io.cucumber.core.plugin.SerenityReporter - Running feature from file:///D:/Mini%20Project-QE%20Alta/Web%20Automation/FrontEnd-AltaShop/src/test/resources/features/ALogin.feature
01:48:54.660 [main] DEBUG net.thucydides.core.steps.StepEventBus - Test suite started for story net.thucydides.core.model.Story@7c786067
01:48:54.661 [main] INFO  - Test Suite Started: Login

Scenario: As a user, i have able to login           &amp#27;[90m# src/test/resources/features/ALogin.feature:3&amp#27;[0m
01:48:54.932 [main] INFO io.cucumber.core.plugin.SerenityReporter - Running feature from file:///D:/Mini%20Project-QE%20Alta/Web%20Automation/FrontEnd-AltaShop/src/test/resources/features/ALogin.feature
01:48:55.198 [main] INFO  - 
  _____   ___   ___   _____     ___   _____     _     ___   _____   ___   ___  
 |_   _| | __| / __| |_   _|   / __| |_   _|   /_\   | _ \ |_   _| | __| |   \ 
   | |   | _|  \__ \   | |     \__ \   | |    / _ \  |   /   | |   | _|  | |) |
   |_|   |___| |___/   |_|     |___/   |_|   /_/ \_\ |_|_\   |_|   |___| |___/ 

As a user, i have able to login(login;as-a-user--i-have-able-to-login)
--------------------------------------------------------------------------------
01:48:56.827 [main] DEBUG net.thucydides.core.steps.StepInterceptor - STARTING STEP: BLoginStep.iAmAtLoginPage - onLoginPage
01:48:56.911 [main] INFO net.serenitybdd.core.webdriver.driverproviders.ChromeDriverProvider - Using automatically driver download
01:48:58.469 [main] DEBUG io.github.bonigarcia.wdm.cache.ResolutionCache - Resolution chrome=101 in cache (valid until 02:25:36 13/05/2022 ICT)
01:48:58.494 [main] DEBUG io.github.bonigarcia.wdm.cache.ResolutionCache - Resolution chrome101=101.0.4951.41 in cache (valid until 14:31:54 13/05/2022 ICT)
01:48:58.506 [main] INFO io.github.bonigarcia.wdm.WebDriverManager - Using chromedriver 101.0.4951.41 (resolved driver for Chrome 101)
01:48:58.601 [main] DEBUG io.github.bonigarcia.wdm.WebDriverManager - Driver chromedriver 101.0.4951.41 found in cache
01:48:58.607 [main] INFO io.github.bonigarcia.wdm.WebDriverManager - Exporting webdriver.chrome.driver as C:\Users\Siti Nurlatipah\.cache\selenium\chromedriver\win32\101.0.4951.41\chromedriver.exe
01:48:59.705 [main] DEBUG net.thucydides.core.reflection.ClassFinder - Could not load class .CucumberTestSuite
01:48:59.705 [main] DEBUG net.thucydides.core.reflection.ClassFinder - Could not load class .starter.ARegister
01:48:59.706 [main] DEBUG net.thucydides.core.reflection.ClassFinder - Could not load class .starter.BLogin
01:48:59.706 [main] DEBUG net.thucydides.core.reflection.ClassFinder - Could not load class .starter.BuyProducts
01:48:59.706 [main] DEBUG net.thucydides.core.reflection.ClassFinder - Could not load class .starter.Logout
01:48:59.706 [main] DEBUG net.thucydides.core.reflection.ClassFinder - Could not load class .starter.Order
01:48:59.706 [main] DEBUG net.thucydides.core.reflection.ClassFinder - Could not load class .starter.Transaction
01:48:59.706 [main] DEBUG net.thucydides.core.reflection.ClassFinder - Could not load class .stepdefinitions.ARegisterStep
01:48:59.706 [main] DEBUG net.thucydides.core.reflection.ClassFinder - Could not load class .stepdefinitions.BLoginStep
01:48:59.706 [main] DEBUG net.thucydides.core.reflection.ClassFinder - Could not load class .stepdefinitions.BuyProductsStep
01:48:59.706 [main] DEBUG net.thucydides.core.reflection.ClassFinder - Could not load class .stepdefinitions.LogoutStep
01:48:59.707 [main] DEBUG net.thucydides.core.reflection.ClassFinder - Could not load class .stepdefinitions.OrderStep
01:48:59.708 [main] DEBUG net.thucydides.core.reflection.ClassFinder - Could not load class META-INF.versions.9.com.sun.istack.logging.StackHelper
01:48:59.709 [main] DEBUG net.thucydides.core.reflection.ClassFinder - Could not load class META-INF.versions.9.com.sun.xml.bind.v2.runtime.reflect.opt.AccessorInjector
01:48:59.710 [main] DEBUG net.thucydides.core.reflection.ClassFinder - Could not load class META-INF.versions.9.com.sun.xml.bind.v2.runtime.reflect.opt.Injector
01:48:59.710 [main] DEBUG net.thucydides.core.reflection.ClassFinder - Could not load class META-INF.versions.9.com.sun.xml.bind.v2.runtime.reflect.opt.OptimizedAccessorFactory
01:48:59.711 [main] DEBUG net.thucydides.core.reflection.ClassFinder - Could not load class META-INF.versions.9.com.sun.xml.bind.v2.runtime.reflect.opt.OptimizedTransducedAccessorFactory
01:48:59.711 [main] DEBUG net.thucydides.core.reflection.ClassFinder - Could not load class META-INF.versions.9.io.opentelemetry.sdk.internal.CurrentJavaVersionSpecific
01:48:59.712 [main] DEBUG net.thucydides.core.reflection.ClassFinder - Could not load class META-INF.versions.9.io.opentelemetry.sdk.internal.Java9VersionSpecific
01:48:59.712 [main] DEBUG net.thucydides.core.reflection.ClassFinder - Could not load class META-INF.versions.9.javax.xml.bind.ModuleUtil
01:48:59.714 [main] DEBUG net.thucydides.core.reflection.ClassFinder - Could not load class META-INF.versions.9.module-info
01:48:59.715 [main] DEBUG net.thucydides.core.reflection.ClassFinder - Could not load class META-INF.versions.9.org.junit.platform.commons.util.ModuleUtils
01:49:00.475 [main] DEBUG net.thucydides.core.reflection.ClassFinder - Could not load class com.google.gson.internal.
01:49:00.866 [main] DEBUG net.thucydides.core.reflection.ClassFinder - Could not load class com.sun.xml.bind.v2.runtime.output.FastInfosetStreamWriterOutput
01:49:01.912 [main] DEBUG net.thucydides.core.reflection.ClassFinder - Could not load class module-info
01:49:07.456 [main] DEBUG io.netty.util.internal.logging.InternalLoggerFactory - Using SLF4J as the default logging framework
01:49:07.461 [main] DEBUG io.netty.util.ResourceLeakDetector - -Dio.netty.leakDetection.level: simple
01:49:07.462 [main] DEBUG io.netty.util.ResourceLeakDetector - -Dio.netty.leakDetection.targetRecords: 4
01:49:07.470 [main] DEBUG io.netty.util.ResourceLeakDetectorFactory - Loaded default ResourceLeakDetector: io.netty.util.ResourceLeakDetector@7fc2e0b7
01:49:07.512 [main] DEBUG io.netty.util.internal.PlatformDependent0 - -Dio.netty.noUnsafe: false
01:49:07.513 [main] DEBUG io.netty.util.internal.PlatformDependent0 - Java version: 11
01:49:07.515 [main] DEBUG io.netty.util.internal.PlatformDependent0 - sun.misc.Unsafe.theUnsafe: available
01:49:07.516 [main] DEBUG io.netty.util.internal.PlatformDependent0 - sun.misc.Unsafe.copyMemory: available
01:49:07.517 [main] DEBUG io.netty.util.internal.PlatformDependent0 - java.nio.Buffer.address: available
01:49:07.519 [main] DEBUG io.netty.util.internal.PlatformDependent0 - direct buffer constructor: unavailable: Reflective setAccessible(true) disabled
01:49:07.520 [main] DEBUG io.netty.util.internal.PlatformDependent0 - java.nio.Bits.unaligned: available, true
01:49:07.523 [main] DEBUG io.netty.util.internal.PlatformDependent0 - jdk.internal.misc.Unsafe.allocateUninitializedArray(int): unavailable: class io.netty.util.internal.PlatformDependent0$6 cannot access class jdk.internal.misc.Unsafe (in module java.base) because module java.base does not export jdk.internal.misc to unnamed module @5149f008
01:49:07.527 [main] DEBUG io.netty.util.internal.PlatformDependent0 - java.nio.DirectByteBuffer.<init>(long, int): unavailable
01:49:07.527 [main] DEBUG io.netty.util.internal.PlatformDependent - sun.misc.Unsafe: available
01:49:07.531 [main] DEBUG io.netty.util.internal.PlatformDependent - maxDirectMemory: 1579155456 bytes (maybe)
01:49:07.532 [main] DEBUG io.netty.util.internal.PlatformDependent - -Dio.netty.tmpdir: C:\Users\SITINU~1\AppData\Local\Temp (java.io.tmpdir)
01:49:07.533 [main] DEBUG io.netty.util.internal.PlatformDependent - -Dio.netty.bitMode: 64 (sun.arch.data.model)
01:49:07.533 [main] DEBUG io.netty.util.internal.PlatformDependent - Platform: Windows
01:49:07.535 [main] DEBUG io.netty.util.internal.PlatformDependent - -Dio.netty.maxDirectMemory: -1 bytes
01:49:07.536 [main] DEBUG io.netty.util.internal.PlatformDependent - -Dio.netty.uninitializedArrayAllocationThreshold: -1
01:49:07.538 [main] DEBUG io.netty.util.internal.CleanerJava9 - java.nio.ByteBuffer.cleaner(): available
01:49:07.539 [main] DEBUG io.netty.util.internal.PlatformDependent - -Dio.netty.noPreferDirect: false
01:49:07.561 [main] DEBUG io.netty.util.internal.PlatformDependent - org.jctools-core.MpscChunkedArrayQueue: available
01:49:07.602 [main] DEBUG io.netty.util.internal.InternalThreadLocalMap - -Dio.netty.threadLocalMap.stringBuilder.initialSize: 1024
01:49:07.602 [main] DEBUG io.netty.util.internal.InternalThreadLocalMap - -Dio.netty.threadLocalMap.stringBuilder.maxSize: 4096
01:49:07.688 [main] DEBUG io.netty.handler.ssl.JdkSslContext - Default protocols (JDK): [TLSv1.3, TLSv1.2] 
01:49:07.688 [main] DEBUG io.netty.handler.ssl.JdkSslContext - Default cipher suites (JDK): [TLS_ECDHE_ECDSA_WITH_AES_256_GCM_SHA384, TLS_ECDHE_ECDSA_WITH_AES_128_GCM_SHA256, TLS_ECDHE_RSA_WITH_AES_128_GCM_SHA256, TLS_ECDHE_RSA_WITH_AES_256_GCM_SHA384, TLS_ECDHE_RSA_WITH_AES_128_CBC_SHA, TLS_ECDHE_RSA_WITH_AES_256_CBC_SHA, TLS_RSA_WITH_AES_128_GCM_SHA256, TLS_RSA_WITH_AES_128_CBC_SHA, TLS_RSA_WITH_AES_256_CBC_SHA, TLS_AES_128_GCM_SHA256, TLS_AES_256_GCM_SHA384]
01:49:07.733 [main] DEBUG io.netty.channel.MultithreadEventLoopGroup - -Dio.netty.eventLoopThreads: 8
01:49:07.753 [main] DEBUG io.netty.channel.nio.NioEventLoop - -Dio.netty.noKeySetOptimization: false
01:49:07.753 [main] DEBUG io.netty.channel.nio.NioEventLoop - -Dio.netty.selectorAutoRebuildThreshold: 512
01:49:07.830 [main] DEBUG io.netty.buffer.PooledByteBufAllocator - -Dio.netty.allocator.numHeapArenas: 8
01:49:07.830 [main] DEBUG io.netty.buffer.PooledByteBufAllocator - -Dio.netty.allocator.numDirectArenas: 8
01:49:07.830 [main] DEBUG io.netty.buffer.PooledByteBufAllocator - -Dio.netty.allocator.pageSize: 8192
01:49:07.830 [main] DEBUG io.netty.buffer.PooledByteBufAllocator - -Dio.netty.allocator.maxOrder: 11
01:49:07.830 [main] DEBUG io.netty.buffer.PooledByteBufAllocator - -Dio.netty.allocator.chunkSize: 16777216
01:49:07.830 [main] DEBUG io.netty.buffer.PooledByteBufAllocator - -Dio.netty.allocator.smallCacheSize: 256
01:49:07.831 [main] DEBUG io.netty.buffer.PooledByteBufAllocator - -Dio.netty.allocator.normalCacheSize: 64
01:49:07.831 [main] DEBUG io.netty.buffer.PooledByteBufAllocator - -Dio.netty.allocator.maxCachedBufferCapacity: 32768
01:49:07.831 [main] DEBUG io.netty.buffer.PooledByteBufAllocator - -Dio.netty.allocator.cacheTrimInterval: 8192
01:49:07.831 [main] DEBUG io.netty.buffer.PooledByteBufAllocator - -Dio.netty.allocator.cacheTrimIntervalMillis: 0
01:49:07.831 [main] DEBUG io.netty.buffer.PooledByteBufAllocator - -Dio.netty.allocator.useCacheForAllThreads: true
01:49:07.831 [main] DEBUG io.netty.buffer.PooledByteBufAllocator - -Dio.netty.allocator.maxCachedByteBuffersPerChunk: 1023
01:49:07.855 [main] DEBUG io.netty.buffer.ByteBufUtil - -Dio.netty.allocator.type: pooled
01:49:07.855 [main] DEBUG io.netty.buffer.ByteBufUtil - -Dio.netty.threadLocalDirectBufferSize: 0
01:49:07.856 [main] DEBUG io.netty.buffer.ByteBufUtil - -Dio.netty.maxThreadLocalCharBufferSize: 16384
01:49:08.254 [main] DEBUG net.serenitybdd.core.webdriver.driverproviders.ProvideNewDriver - Instantiating driver
01:49:08.254 [main] DEBUG net.serenitybdd.core.webdriver.driverproviders.ProvideNewDriver - Driver capabilities: Capabilities {acceptInsecureCerts: false, base.url: https://qa.alta.id, browserName: chrome, chrome.driver: src/test/resources/webdrive..., driver: chrome, goog:chromeOptions: {args: [], extensions: []}}
01:49:09.217 [Forwarding newSession on session null to remote] DEBUG io.netty.channel.DefaultChannelId - -Dio.netty.processId: 976 (auto-detected)
01:49:09.223 [Forwarding newSession on session null to remote] DEBUG io.netty.util.NetUtil - -Djava.net.preferIPv4Stack: false
01:49:09.223 [Forwarding newSession on session null to remote] DEBUG io.netty.util.NetUtil - -Djava.net.preferIPv6Addresses: false
01:49:09.934 [Forwarding newSession on session null to remote] DEBUG io.netty.util.NetUtilInitializations - Loopback interface: lo (Software Loopback Interface 1, 127.0.0.1)
01:49:09.936 [Forwarding newSession on session null to remote] DEBUG io.netty.util.NetUtil - Failed to get SOMAXCONN from sysctl and file \proc\sys\net\core\somaxconn. Default: 200
01:49:10.676 [Forwarding newSession on session null to remote] DEBUG io.netty.channel.DefaultChannelId - -Dio.netty.machineId: a4:97:b1:ff:fe:c8:9c:0f (auto-detected)
01:49:10.791 [AsyncHttpClient-1-2] DEBUG io.netty.buffer.AbstractByteBuf - -Dio.netty.buffer.checkAccessible: true
01:49:10.793 [AsyncHttpClient-1-2] DEBUG io.netty.buffer.AbstractByteBuf - -Dio.netty.buffer.checkBounds: true
01:49:10.793 [AsyncHttpClient-1-2] DEBUG io.netty.util.ResourceLeakDetectorFactory - Loaded default ResourceLeakDetector: io.netty.util.ResourceLeakDetector@42d3d13b
01:49:10.824 [AsyncHttpClient-1-2] DEBUG org.asynchttpclient.netty.channel.NettyConnectListener - Using new Channel '[id: 0x20094ad6, L:/127.0.0.1:57214 - R:localhost/127.0.0.1:56406]' for 'POST' to '/session'
01:49:10.858 [AsyncHttpClient-1-2] DEBUG io.netty.util.Recycler - -Dio.netty.recycler.maxCapacityPerThread: 4096
01:49:10.858 [AsyncHttpClient-1-2] DEBUG io.netty.util.Recycler - -Dio.netty.recycler.ratio: 8
01:49:10.858 [AsyncHttpClient-1-2] DEBUG io.netty.util.Recycler - -Dio.netty.recycler.chunkSize: 32
01:49:10.859 [AsyncHttpClient-1-2] DEBUG io.netty.util.Recycler - -Dio.netty.recycler.blocking: false
01:49:12.514 [AsyncHttpClient-1-2] DEBUG io.netty.handler.codec.compression.Brotli - brotli4j not in the classpath; Brotli support will be unavailable.
01:49:12.515 [AsyncHttpClient-1-2] DEBUG org.asynchttpclient.netty.handler.HttpHandler - 

Request DefaultHttpRequest(decodeResult: success, version: HTTP/1.1)
POST /session HTTP/1.1
User-Agent: selenium/4.1.2 (java windows)
Content-Length: 595
Content-Type: application/json; charset=utf-8
host: localhost:56406
accept: */*

Response DefaultHttpResponse(decodeResult: success, version: HTTP/1.1)
HTTP/1.1 200 OK
Content-Type: application/json; charset=utf-8
cache-control: no-cache
content-length: 792

01:49:12.540 [AsyncHttpClient-1-2] DEBUG org.asynchttpclient.netty.channel.ChannelManager - Adding key: http://localhost:56406 for channel [id: 0x20094ad6, L:/127.0.0.1:57214 - R:localhost/127.0.0.1:56406]
01:49:12.746 [AsyncHttpClient-1-3] DEBUG org.asynchttpclient.netty.channel.NettyConnectListener - Using new Channel '[id: 0xe0be79c1, L:/127.0.0.1:57223 - R:localhost/127.0.0.1:57216]' for 'GET' to '/json/version'
01:49:12.987 [AsyncHttpClient-1-3] DEBUG org.asynchttpclient.netty.handler.HttpHandler - 

Request DefaultFullHttpRequest(decodeResult: success, version: HTTP/1.1, content: EmptyByteBufBE)
GET /json/version HTTP/1.1
User-Agent: selenium/4.1.2 (java windows)
host: localhost:57216
accept: */*

Response DefaultHttpResponse(decodeResult: success, version: HTTP/1.1)
HTTP/1.1 200 OK
Content-Type: application/json; charset=UTF-8
content-length: 427

01:49:12.988 [AsyncHttpClient-1-3] DEBUG org.asynchttpclient.netty.channel.ChannelManager - Adding key: http://localhost:57216 for channel [id: 0xe0be79c1, L:/127.0.0.1:57223 - R:localhost/127.0.0.1:57216]
01:49:13.006 [main] DEBUG io.netty.util.internal.ThreadLocalRandom - -Dio.netty.initialSeedUniquifier: 0x433f04599cf8fbd6
01:49:13.027 [AsyncHttpClient-1-4] DEBUG org.asynchttpclient.netty.channel.NettyConnectListener - Using new Channel '[id: 0x880b19b7, L:/127.0.0.1:57226 - R:localhost/127.0.0.1:57216]' for 'GET' to '/devtools/browser/58e51408-ba97-4a5f-8c7b-eb6a79d07e99'
01:49:13.043 [AsyncHttpClient-1-4] DEBUG org.asynchttpclient.netty.handler.WebSocketHandler - 

Request DefaultFullHttpRequest(decodeResult: success, version: HTTP/1.1, content: EmptyByteBufBE)
GET /devtools/browser/58e51408-ba97-4a5f-8c7b-eb6a79d07e99 HTTP/1.1
upgrade: websocket
connection: upgrade
sec-websocket-key: opeicvQdlf6J7kaoe9TQUA==
sec-websocket-version: 13
origin: http://localhost:57216
host: localhost:57216
accept: */*
user-agent: AHC/2.1

Response DefaultHttpResponse(decodeResult: success, version: HTTP/1.1)
HTTP/1.1 101 WebSocket Protocol Handshake
Upgrade: WebSocket
Connection: Upgrade
Sec-WebSocket-Accept: QcKmjh5rWidmPvGZZnORtHI01nk=

01:49:13.187 [AsyncHttpClient-1-1] DEBUG org.asynchttpclient.netty.channel.DefaultChannelPool - Entry count for : http://localhost:56406 : 1
01:49:13.187 [AsyncHttpClient-1-1] DEBUG org.asynchttpclient.netty.channel.DefaultChannelPool - Entry count for : http://localhost:57216 : 1
01:49:14.318 [AsyncHttpClient-1-1] DEBUG org.asynchttpclient.netty.channel.DefaultChannelPool - Entry count for : http://localhost:56406 : 1
01:49:14.319 [AsyncHttpClient-1-1] DEBUG org.asynchttpclient.netty.channel.DefaultChannelPool - Entry count for : http://localhost:57216 : 1
01:49:14.774 [main] DEBUG net.thucydides.core.reflection.ClassFinder - Could not load class .CucumberTestSuite
01:49:14.775 [main] DEBUG net.thucydides.core.reflection.ClassFinder - Could not load class .starter.ARegister
01:49:14.775 [main] DEBUG net.thucydides.core.reflection.ClassFinder - Could not load class .starter.BLogin
01:49:14.775 [main] DEBUG net.thucydides.core.reflection.ClassFinder - Could not load class .starter.BuyProducts
01:49:14.775 [main] DEBUG net.thucydides.core.reflection.ClassFinder - Could not load class .starter.Logout
01:49:14.775 [main] DEBUG net.thucydides.core.reflection.ClassFinder - Could not load class .starter.Order
01:49:14.776 [main] DEBUG net.thucydides.core.reflection.ClassFinder - Could not load class .starter.Transaction
01:49:14.776 [main] DEBUG net.thucydides.core.reflection.ClassFinder - Could not load class .stepdefinitions.ARegisterStep
01:49:14.776 [main] DEBUG net.thucydides.core.reflection.ClassFinder - Could not load class .stepdefinitions.BLoginStep
01:49:14.777 [main] DEBUG net.thucydides.core.reflection.ClassFinder - Could not load class .stepdefinitions.BuyProductsStep
01:49:14.777 [main] DEBUG net.thucydides.core.reflection.ClassFinder - Could not load class .stepdefinitions.LogoutStep
01:49:14.777 [main] DEBUG net.thucydides.core.reflection.ClassFinder - Could not load class .stepdefinitions.OrderStep
01:49:14.779 [main] DEBUG net.thucydides.core.reflection.ClassFinder - Could not load class META-INF.versions.9.com.sun.istack.logging.StackHelper
01:49:14.780 [main] DEBUG net.thucydides.core.reflection.ClassFinder - Could not load class META-INF.versions.9.com.sun.xml.bind.v2.runtime.reflect.opt.AccessorInjector
01:49:14.781 [main] DEBUG net.thucydides.core.reflection.ClassFinder - Could not load class META-INF.versions.9.com.sun.xml.bind.v2.runtime.reflect.opt.Injector
01:49:14.783 [main] DEBUG net.thucydides.core.reflection.ClassFinder - Could not load class META-INF.versions.9.com.sun.xml.bind.v2.runtime.reflect.opt.OptimizedAccessorFactory
01:49:14.784 [main] DEBUG net.thucydides.core.reflection.ClassFinder - Could not load class META-INF.versions.9.com.sun.xml.bind.v2.runtime.reflect.opt.OptimizedTransducedAccessorFactory
01:49:14.785 [main] DEBUG net.thucydides.core.reflection.ClassFinder - Could not load class META-INF.versions.9.io.opentelemetry.sdk.internal.CurrentJavaVersionSpecific
01:49:14.787 [main] DEBUG net.thucydides.core.reflection.ClassFinder - Could not load class META-INF.versions.9.io.opentelemetry.sdk.internal.Java9VersionSpecific
01:49:14.789 [main] DEBUG net.thucydides.core.reflection.ClassFinder - Could not load class META-INF.versions.9.javax.xml.bind.ModuleUtil
01:49:14.790 [main] DEBUG net.thucydides.core.reflection.ClassFinder - Could not load class META-INF.versions.9.module-info
01:49:14.792 [main] DEBUG net.thucydides.core.reflection.ClassFinder - Could not load class META-INF.versions.9.org.junit.platform.commons.util.ModuleUtils
01:49:14.798 [main] DEBUG net.thucydides.core.reflection.ClassFinder - Could not load class com.google.gson.internal.
01:49:14.801 [main] DEBUG net.thucydides.core.reflection.ClassFinder - Could not load class com.sun.xml.bind.v2.runtime.output.FastInfosetStreamWriterOutput
01:49:14.808 [main] DEBUG net.thucydides.core.reflection.ClassFinder - Could not load class module-info
01:49:14.862 [Forwarding get on session 5598a0f8363d7fd6029439f68364f613 to remote] DEBUG org.asynchttpclient.netty.request.NettyRequestSender - Using pooled Channel '[id: 0x20094ad6, L:/127.0.0.1:57214 - R:localhost/127.0.0.1:56406]' for 'POST' to 'http://localhost:56406/session/5598a0f8363d7fd6029439f68364f613/url'
01:49:14.863 [Forwarding get on session 5598a0f8363d7fd6029439f68364f613 to remote] DEBUG org.asynchttpclient.netty.request.NettyRequestSender - Using open Channel [id: 0x20094ad6, L:/127.0.0.1:57214 - R:localhost/127.0.0.1:56406] for POST '/session/5598a0f8363d7fd6029439f68364f613/url'
01:49:15.386 [AsyncHttpClient-1-1] DEBUG org.asynchttpclient.netty.channel.DefaultChannelPool - Entry count for : http://localhost:57216 : 1
01:49:16.474 [AsyncHttpClient-1-1] DEBUG org.asynchttpclient.netty.channel.DefaultChannelPool - Entry count for : http://localhost:57216 : 1
01:49:17.103 [AsyncHttpClient-1-2] DEBUG org.asynchttpclient.netty.handler.HttpHandler - 

Request DefaultHttpRequest(decodeResult: success, version: HTTP/1.1)
POST /session/5598a0f8363d7fd6029439f68364f613/url HTTP/1.1
User-Agent: selenium/4.1.2 (java windows)
Content-Length: 64
Content-Type: application/json; charset=utf-8
host: localhost:56406
accept: */*

Response DefaultHttpResponse(decodeResult: success, version: HTTP/1.1)
HTTP/1.1 200 OK
Content-Type: application/json; charset=utf-8
cache-control: no-cache
content-length: 14

01:49:17.104 [AsyncHttpClient-1-2] DEBUG org.asynchttpclient.netty.channel.ChannelManager - Adding key: http://localhost:56406 for channel [id: 0x20094ad6, L:/127.0.0.1:57214 - R:localhost/127.0.0.1:56406]
01:49:17.131 [Forwarding setTimeout on session 5598a0f8363d7fd6029439f68364f613 to remote] DEBUG org.asynchttpclient.netty.request.NettyRequestSender - Using pooled Channel '[id: 0x20094ad6, L:/127.0.0.1:57214 - R:localhost/127.0.0.1:56406]' for 'POST' to 'http://localhost:56406/session/5598a0f8363d7fd6029439f68364f613/timeouts'
01:49:17.131 [Forwarding setTimeout on session 5598a0f8363d7fd6029439f68364f613 to remote] DEBUG org.asynchttpclient.netty.request.NettyRequestSender - Using open Channel [id: 0x20094ad6, L:/127.0.0.1:57214 - R:localhost/127.0.0.1:56406] for POST '/session/5598a0f8363d7fd6029439f68364f613/timeouts'
01:49:17.147 [AsyncHttpClient-1-2] DEBUG org.asynchttpclient.netty.handler.HttpHandler - 

Request DefaultHttpRequest(decodeResult: success, version: HTTP/1.1)
POST /session/5598a0f8363d7fd6029439f68364f613/timeouts HTTP/1.1
User-Agent: selenium/4.1.2 (java windows)
Content-Length: 22
Content-Type: application/json; charset=utf-8
host: localhost:56406
accept: */*

Response DefaultHttpResponse(decodeResult: success, version: HTTP/1.1)
HTTP/1.1 200 OK
Content-Type: application/json; charset=utf-8
cache-control: no-cache
content-length: 14

01:49:17.148 [AsyncHttpClient-1-2] DEBUG org.asynchttpclient.netty.channel.ChannelManager - Adding key: http://localhost:56406 for channel [id: 0x20094ad6, L:/127.0.0.1:57214 - R:localhost/127.0.0.1:56406]
01:49:17.184 [Forwarding getCurrentUrl on session 5598a0f8363d7fd6029439f68364f613 to remote] DEBUG org.asynchttpclient.netty.request.NettyRequestSender - Using pooled Channel '[id: 0x20094ad6, L:/127.0.0.1:57214 - R:localhost/127.0.0.1:56406]' for 'GET' to 'http://localhost:56406/session/5598a0f8363d7fd6029439f68364f613/url'
01:49:17.184 [Forwarding getCurrentUrl on session 5598a0f8363d7fd6029439f68364f613 to remote] DEBUG org.asynchttpclient.netty.request.NettyRequestSender - Using open Channel [id: 0x20094ad6, L:/127.0.0.1:57214 - R:localhost/127.0.0.1:56406] for GET '/session/5598a0f8363d7fd6029439f68364f613/url'
01:49:17.241 [AsyncHttpClient-1-2] DEBUG org.asynchttpclient.netty.handler.HttpHandler - 

Request DefaultFullHttpRequest(decodeResult: success, version: HTTP/1.1, content: EmptyByteBufBE)
GET /session/5598a0f8363d7fd6029439f68364f613/url HTTP/1.1
User-Agent: selenium/4.1.2 (java windows)
Cache-Control: no-cache
Content-Type: application/json; charset=utf-8
host: localhost:56406
accept: */*

Response DefaultHttpResponse(decodeResult: success, version: HTTP/1.1)
HTTP/1.1 200 OK
Content-Type: application/json; charset=utf-8
cache-control: no-cache
content-length: 41

01:49:17.241 [AsyncHttpClient-1-2] DEBUG org.asynchttpclient.netty.channel.ChannelManager - Adding key: http://localhost:56406 for channel [id: 0x20094ad6, L:/127.0.0.1:57214 - R:localhost/127.0.0.1:56406]
01:49:17.327 [main] DEBUG net.serenitybdd.core.photography.Darkroom - Opening darkroom
01:49:17.329 [Darkroom Processing Line] DEBUG net.serenitybdd.core.photography.DarkroomProcessingLine - Darkroom processing line starting up
01:49:17.332 [Forwarding screenshot on session 5598a0f8363d7fd6029439f68364f613 to remote] DEBUG org.asynchttpclient.netty.request.NettyRequestSender - Using pooled Channel '[id: 0x20094ad6, L:/127.0.0.1:57214 - R:localhost/127.0.0.1:56406]' for 'GET' to 'http://localhost:56406/session/5598a0f8363d7fd6029439f68364f613/screenshot'
01:49:17.332 [Forwarding screenshot on session 5598a0f8363d7fd6029439f68364f613 to remote] DEBUG org.asynchttpclient.netty.request.NettyRequestSender - Using open Channel [id: 0x20094ad6, L:/127.0.0.1:57214 - R:localhost/127.0.0.1:56406] for GET '/session/5598a0f8363d7fd6029439f68364f613/screenshot'
01:49:17.574 [AsyncHttpClient-1-1] DEBUG org.asynchttpclient.netty.channel.DefaultChannelPool - Entry count for : http://localhost:57216 : 1
01:49:17.578 [AsyncHttpClient-1-2] DEBUG org.asynchttpclient.netty.handler.HttpHandler - 

Request DefaultFullHttpRequest(decodeResult: success, version: HTTP/1.1, content: EmptyByteBufBE)
GET /session/5598a0f8363d7fd6029439f68364f613/screenshot HTTP/1.1
User-Agent: selenium/4.1.2 (java windows)
Cache-Control: no-cache
Content-Type: application/json; charset=utf-8
host: localhost:56406
accept: */*

Response DefaultHttpResponse(decodeResult: success, version: HTTP/1.1)
HTTP/1.1 200 OK
Content-Type: application/json; charset=utf-8
cache-control: no-cache
content-length: 37840

01:49:17.581 [AsyncHttpClient-1-2] DEBUG org.asynchttpclient.netty.channel.ChannelManager - Adding key: http://localhost:56406 for channel [id: 0x20094ad6, L:/127.0.0.1:57214 - R:localhost/127.0.0.1:56406]
01:49:17.708 [main] DEBUG net.serenitybdd.core.photography.Darkroom - Send negative for processing for target\site\serenity\6f2f89e8c5a543dd0a10df9cc2fb4dfa2a13d528c2d3ad44cda943733ef50e85.png
01:49:17.709 [Darkroom Processing Line] DEBUG net.serenitybdd.core.photography.DarkroomProcessingLine - Processing screenshot image in /var/screenshots/screenshot-18391225043518407290
01:49:17.710 [Darkroom Processing Line] DEBUG net.serenitybdd.core.photography.DarkroomProcessingLine - Saving screenshot to target\site\serenity\6f2f89e8c5a543dd0a10df9cc2fb4dfa2a13d528c2d3ad44cda943733ef50e85.png
01:49:17.715 [main] DEBUG net.thucydides.core.steps.StepInterceptor - STEP DONE: onLoginPage
  &amp#27;[32mGiven &amp#27;[0m&amp#27;[32m&amp#27;[0m&amp#27;[32m&amp#27;[1mI&amp#27;[0m&amp#27;[32m am at login-page&amp#27;[0m                          &amp#27;[90m# stepdefinitions.BLoginStep.iAmAtLoginPage(java.lang.String)&amp#27;[0m
01:49:17.766 [Forwarding screenshot on session 5598a0f8363d7fd6029439f68364f613 to remote] DEBUG org.asynchttpclient.netty.request.NettyRequestSender - Using pooled Channel '[id: 0x20094ad6, L:/127.0.0.1:57214 - R:localhost/127.0.0.1:56406]' for 'GET' to 'http://localhost:56406/session/5598a0f8363d7fd6029439f68364f613/screenshot'
01:49:17.766 [Forwarding screenshot on session 5598a0f8363d7fd6029439f68364f613 to remote] DEBUG org.asynchttpclient.netty.request.NettyRequestSender - Using open Channel [id: 0x20094ad6, L:/127.0.0.1:57214 - R:localhost/127.0.0.1:56406] for GET '/session/5598a0f8363d7fd6029439f68364f613/screenshot'
01:49:17.980 [AsyncHttpClient-1-2] DEBUG org.asynchttpclient.netty.handler.HttpHandler - 

Request DefaultFullHttpRequest(decodeResult: success, version: HTTP/1.1, content: EmptyByteBufBE)
GET /session/5598a0f8363d7fd6029439f68364f613/screenshot HTTP/1.1
User-Agent: selenium/4.1.2 (java windows)
Cache-Control: no-cache
Content-Type: application/json; charset=utf-8
host: localhost:56406
accept: */*

Response DefaultHttpResponse(decodeResult: success, version: HTTP/1.1)
HTTP/1.1 200 OK
Content-Type: application/json; charset=utf-8
cache-control: no-cache
content-length: 37840

01:49:17.981 [AsyncHttpClient-1-2] DEBUG org.asynchttpclient.netty.channel.ChannelManager - Adding key: http://localhost:56406 for channel [id: 0x20094ad6, L:/127.0.0.1:57214 - R:localhost/127.0.0.1:56406]
01:49:17.990 [main] DEBUG net.serenitybdd.core.photography.Darkroom - Send negative for processing for target\site\serenity\6f2f89e8c5a543dd0a10df9cc2fb4dfa2a13d528c2d3ad44cda943733ef50e85.png
01:49:17.991 [main] DEBUG net.thucydides.core.steps.StepInterceptor - STARTING STEP: BLoginStep.iTypeMyEmail - typeMyEmail
01:49:18.000 [Forwarding findElement on session 5598a0f8363d7fd6029439f68364f613 to remote] DEBUG org.asynchttpclient.netty.request.NettyRequestSender - Using pooled Channel '[id: 0x20094ad6, L:/127.0.0.1:57214 - R:localhost/127.0.0.1:56406]' for 'POST' to 'http://localhost:56406/session/5598a0f8363d7fd6029439f68364f613/element'
01:49:18.000 [Forwarding findElement on session 5598a0f8363d7fd6029439f68364f613 to remote] DEBUG org.asynchttpclient.netty.request.NettyRequestSender - Using open Channel [id: 0x20094ad6, L:/127.0.0.1:57214 - R:localhost/127.0.0.1:56406] for POST '/session/5598a0f8363d7fd6029439f68364f613/element'
01:49:18.023 [AsyncHttpClient-1-2] DEBUG org.asynchttpclient.netty.handler.HttpHandler - 

Request DefaultHttpRequest(decodeResult: success, version: HTTP/1.1)
POST /session/5598a0f8363d7fd6029439f68364f613/element HTTP/1.1
User-Agent: selenium/4.1.2 (java windows)
Content-Length: 84
Content-Type: application/json; charset=utf-8
host: localhost:56406
accept: */*

Response DefaultHttpResponse(decodeResult: success, version: HTTP/1.1)
HTTP/1.1 200 OK
Content-Type: application/json; charset=utf-8
cache-control: no-cache
content-length: 88

01:49:18.024 [AsyncHttpClient-1-2] DEBUG org.asynchttpclient.netty.channel.ChannelManager - Adding key: http://localhost:56406 for channel [id: 0x20094ad6, L:/127.0.0.1:57214 - R:localhost/127.0.0.1:56406]
01:49:18.033 [Forwarding sendKeysToElement on session 5598a0f8363d7fd6029439f68364f613 to remote] DEBUG org.asynchttpclient.netty.request.NettyRequestSender - Using pooled Channel '[id: 0x20094ad6, L:/127.0.0.1:57214 - R:localhost/127.0.0.1:56406]' for 'POST' to 'http://localhost:56406/session/5598a0f8363d7fd6029439f68364f613/element/74abf000-3f76-434f-a653-1ff995aef7de/value'
01:49:18.033 [Forwarding sendKeysToElement on session 5598a0f8363d7fd6029439f68364f613 to remote] DEBUG org.asynchttpclient.netty.request.NettyRequestSender - Using open Channel [id: 0x20094ad6, L:/127.0.0.1:57214 - R:localhost/127.0.0.1:56406] for POST '/session/5598a0f8363d7fd6029439f68364f613/element/74abf000-3f76-434f-a653-1ff995aef7de/value'
01:49:18.371 [AsyncHttpClient-1-2] DEBUG org.asynchttpclient.netty.handler.HttpHandler - 

Request DefaultHttpRequest(decodeResult: success, version: HTTP/1.1)
POST /session/5598a0f8363d7fd6029439f68364f613/element/74abf000-3f76-434f-a653-1ff995aef7de/value HTTP/1.1
User-Agent: selenium/4.1.2 (java windows)
Content-Length: 361
Content-Type: application/json; charset=utf-8
host: localhost:56406
accept: */*

Response DefaultHttpResponse(decodeResult: success, version: HTTP/1.1)
HTTP/1.1 200 OK
Content-Type: application/json; charset=utf-8
cache-control: no-cache
content-length: 14

01:49:18.372 [AsyncHttpClient-1-2] DEBUG org.asynchttpclient.netty.channel.ChannelManager - Adding key: http://localhost:56406 for channel [id: 0x20094ad6, L:/127.0.0.1:57214 - R:localhost/127.0.0.1:56406]
01:49:18.385 [Forwarding screenshot on session 5598a0f8363d7fd6029439f68364f613 to remote] DEBUG org.asynchttpclient.netty.request.NettyRequestSender - Using pooled Channel '[id: 0x20094ad6, L:/127.0.0.1:57214 - R:localhost/127.0.0.1:56406]' for 'GET' to 'http://localhost:56406/session/5598a0f8363d7fd6029439f68364f613/screenshot'
01:49:18.385 [Forwarding screenshot on session 5598a0f8363d7fd6029439f68364f613 to remote] DEBUG org.asynchttpclient.netty.request.NettyRequestSender - Using open Channel [id: 0x20094ad6, L:/127.0.0.1:57214 - R:localhost/127.0.0.1:56406] for GET '/session/5598a0f8363d7fd6029439f68364f613/screenshot'
01:49:18.651 [AsyncHttpClient-1-2] DEBUG org.asynchttpclient.netty.handler.HttpHandler - 

Request DefaultFullHttpRequest(decodeResult: success, version: HTTP/1.1, content: EmptyByteBufBE)
GET /session/5598a0f8363d7fd6029439f68364f613/screenshot HTTP/1.1
User-Agent: selenium/4.1.2 (java windows)
Cache-Control: no-cache
Content-Type: application/json; charset=utf-8
host: localhost:56406
accept: */*

Response DefaultHttpResponse(decodeResult: success, version: HTTP/1.1)
HTTP/1.1 200 OK
Content-Type: application/json; charset=utf-8
cache-control: no-cache
content-length: 47252

01:49:18.652 [AsyncHttpClient-1-2] DEBUG org.asynchttpclient.netty.channel.ChannelManager - Adding key: http://localhost:56406 for channel [id: 0x20094ad6, L:/127.0.0.1:57214 - R:localhost/127.0.0.1:56406]
01:49:18.655 [main] DEBUG net.serenitybdd.core.photography.Darkroom - Send negative for processing for target\site\serenity\116502ff4dd082e0dad0bc159202d4a334f1828ab69427caa151b1339f5dee97.png
01:49:18.656 [main] DEBUG net.thucydides.core.steps.StepInterceptor - STEP DONE: typeMyEmail
01:49:18.656 [Darkroom Processing Line] DEBUG net.serenitybdd.core.photography.DarkroomProcessingLine - Processing screenshot image in /var/screenshots/screenshot-16178852756287809785
01:49:18.656 [Darkroom Processing Line] DEBUG net.serenitybdd.core.photography.DarkroomProcessingLine - Saving screenshot to target\site\serenity\116502ff4dd082e0dad0bc159202d4a334f1828ab69427caa151b1339f5dee97.png
  &amp#27;[32mWhen &amp#27;[0m&amp#27;[32mI type my email &amp#27;[0m&amp#27;[32m&amp#27;[1mlandon.mcdermott@hotmail.com&amp#27;[0m &amp#27;[90m# stepdefinitions.BLoginStep.iTypeMyEmail(java.lang.String)&amp#27;[0m
01:49:18.674 [AsyncHttpClient-1-1] DEBUG org.asynchttpclient.netty.channel.DefaultChannelPool - Entry count for : http://localhost:56406 : 1
01:49:18.674 [AsyncHttpClient-1-1] DEBUG org.asynchttpclient.netty.channel.DefaultChannelPool - Entry count for : http://localhost:57216 : 1
01:49:18.697 [main] DEBUG net.thucydides.core.steps.StepInterceptor - STARTING STEP: BLoginStep.iTypeMyPassword - typeMyPassword
01:49:18.702 [Forwarding findElement on session 5598a0f8363d7fd6029439f68364f613 to remote] DEBUG org.asynchttpclient.netty.request.NettyRequestSender - Using pooled Channel '[id: 0x20094ad6, L:/127.0.0.1:57214 - R:localhost/127.0.0.1:56406]' for 'POST' to 'http://localhost:56406/session/5598a0f8363d7fd6029439f68364f613/element'
01:49:18.702 [Forwarding findElement on session 5598a0f8363d7fd6029439f68364f613 to remote] DEBUG org.asynchttpclient.netty.request.NettyRequestSender - Using open Channel [id: 0x20094ad6, L:/127.0.0.1:57214 - R:localhost/127.0.0.1:56406] for POST '/session/5598a0f8363d7fd6029439f68364f613/element'
01:49:18.720 [AsyncHttpClient-1-2] DEBUG org.asynchttpclient.netty.handler.HttpHandler - 

Request DefaultHttpRequest(decodeResult: success, version: HTTP/1.1)
POST /session/5598a0f8363d7fd6029439f68364f613/element HTTP/1.1
User-Agent: selenium/4.1.2 (java windows)
Content-Length: 87
Content-Type: application/json; charset=utf-8
host: localhost:56406
accept: */*

Response DefaultHttpResponse(decodeResult: success, version: HTTP/1.1)
HTTP/1.1 200 OK
Content-Type: application/json; charset=utf-8
cache-control: no-cache
content-length: 88

01:49:18.720 [AsyncHttpClient-1-2] DEBUG org.asynchttpclient.netty.channel.ChannelManager - Adding key: http://localhost:56406 for channel [id: 0x20094ad6, L:/127.0.0.1:57214 - R:localhost/127.0.0.1:56406]
01:49:18.724 [Forwarding sendKeysToElement on session 5598a0f8363d7fd6029439f68364f613 to remote] DEBUG org.asynchttpclient.netty.request.NettyRequestSender - Using pooled Channel '[id: 0x20094ad6, L:/127.0.0.1:57214 - R:localhost/127.0.0.1:56406]' for 'POST' to 'http://localhost:56406/session/5598a0f8363d7fd6029439f68364f613/element/047a2b45-a4ef-4780-b06e-e1dad821a1ee/value'
01:49:18.724 [Forwarding sendKeysToElement on session 5598a0f8363d7fd6029439f68364f613 to remote] DEBUG org.asynchttpclient.netty.request.NettyRequestSender - Using open Channel [id: 0x20094ad6, L:/127.0.0.1:57214 - R:localhost/127.0.0.1:56406] for POST '/session/5598a0f8363d7fd6029439f68364f613/element/047a2b45-a4ef-4780-b06e-e1dad821a1ee/value'
01:49:18.836 [AsyncHttpClient-1-2] DEBUG org.asynchttpclient.netty.handler.HttpHandler - 

Request DefaultHttpRequest(decodeResult: success, version: HTTP/1.1)
POST /session/5598a0f8363d7fd6029439f68364f613/element/047a2b45-a4ef-4780-b06e-e1dad821a1ee/value HTTP/1.1
User-Agent: selenium/4.1.2 (java windows)
Content-Length: 131
Content-Type: application/json; charset=utf-8
host: localhost:56406
accept: */*

Response DefaultHttpResponse(decodeResult: success, version: HTTP/1.1)
HTTP/1.1 200 OK
Content-Type: application/json; charset=utf-8
cache-control: no-cache
content-length: 14

01:49:18.837 [AsyncHttpClient-1-2] DEBUG org.asynchttpclient.netty.channel.ChannelManager - Adding key: http://localhost:56406 for channel [id: 0x20094ad6, L:/127.0.0.1:57214 - R:localhost/127.0.0.1:56406]
01:49:18.850 [Forwarding screenshot on session 5598a0f8363d7fd6029439f68364f613 to remote] DEBUG org.asynchttpclient.netty.request.NettyRequestSender - Using pooled Channel '[id: 0x20094ad6, L:/127.0.0.1:57214 - R:localhost/127.0.0.1:56406]' for 'GET' to 'http://localhost:56406/session/5598a0f8363d7fd6029439f68364f613/screenshot'
01:49:18.850 [Forwarding screenshot on session 5598a0f8363d7fd6029439f68364f613 to remote] DEBUG org.asynchttpclient.netty.request.NettyRequestSender - Using open Channel [id: 0x20094ad6, L:/127.0.0.1:57214 - R:localhost/127.0.0.1:56406] for GET '/session/5598a0f8363d7fd6029439f68364f613/screenshot'
01:49:19.083 [AsyncHttpClient-1-2] DEBUG org.asynchttpclient.netty.handler.HttpHandler - 

Request DefaultFullHttpRequest(decodeResult: success, version: HTTP/1.1, content: EmptyByteBufBE)
GET /session/5598a0f8363d7fd6029439f68364f613/screenshot HTTP/1.1
User-Agent: selenium/4.1.2 (java windows)
Cache-Control: no-cache
Content-Type: application/json; charset=utf-8
host: localhost:56406
accept: */*

Response DefaultHttpResponse(decodeResult: success, version: HTTP/1.1)
HTTP/1.1 200 OK
Content-Type: application/json; charset=utf-8
cache-control: no-cache
content-length: 49180

01:49:19.084 [AsyncHttpClient-1-2] DEBUG org.asynchttpclient.netty.channel.ChannelManager - Adding key: http://localhost:56406 for channel [id: 0x20094ad6, L:/127.0.0.1:57214 - R:localhost/127.0.0.1:56406]
01:49:19.092 [main] DEBUG net.serenitybdd.core.photography.Darkroom - Send negative for processing for target\site\serenity\25d5a4a1a2979b082731a3add8521cdc4e9c9c720bda29e08c74e3fc789af334.png
01:49:19.092 [main] DEBUG net.thucydides.core.steps.StepInterceptor - STEP DONE: typeMyPassword
  &amp#27;[32mAnd &amp#27;[0m&amp#27;[32mI type my password &amp#27;[0m&amp#27;[32m&amp#27;[1maiueo&amp#27;[0m                      &amp#27;[90m# stepdefinitions.BLoginStep.iTypeMyPassword(java.lang.String)&amp#27;[0m
01:49:19.099 [Darkroom Processing Line] DEBUG net.serenitybdd.core.photography.DarkroomProcessingLine - Processing screenshot image in /var/screenshots/screenshot-11923447780154315708
01:49:19.099 [Darkroom Processing Line] DEBUG net.serenitybdd.core.photography.DarkroomProcessingLine - Saving screenshot to target\site\serenity\25d5a4a1a2979b082731a3add8521cdc4e9c9c720bda29e08c74e3fc789af334.png
01:49:19.171 [Forwarding screenshot on session 5598a0f8363d7fd6029439f68364f613 to remote] DEBUG org.asynchttpclient.netty.request.NettyRequestSender - Using pooled Channel '[id: 0x20094ad6, L:/127.0.0.1:57214 - R:localhost/127.0.0.1:56406]' for 'GET' to 'http://localhost:56406/session/5598a0f8363d7fd6029439f68364f613/screenshot'
01:49:19.171 [Forwarding screenshot on session 5598a0f8363d7fd6029439f68364f613 to remote] DEBUG org.asynchttpclient.netty.request.NettyRequestSender - Using open Channel [id: 0x20094ad6, L:/127.0.0.1:57214 - R:localhost/127.0.0.1:56406] for GET '/session/5598a0f8363d7fd6029439f68364f613/screenshot'
01:49:19.431 [AsyncHttpClient-1-2] DEBUG org.asynchttpclient.netty.handler.HttpHandler - 

Request DefaultFullHttpRequest(decodeResult: success, version: HTTP/1.1, content: EmptyByteBufBE)
GET /session/5598a0f8363d7fd6029439f68364f613/screenshot HTTP/1.1
User-Agent: selenium/4.1.2 (java windows)
Cache-Control: no-cache
Content-Type: application/json; charset=utf-8
host: localhost:56406
accept: */*

Response DefaultHttpResponse(decodeResult: success, version: HTTP/1.1)
HTTP/1.1 200 OK
Content-Type: application/json; charset=utf-8
cache-control: no-cache
content-length: 48160

01:49:19.432 [AsyncHttpClient-1-2] DEBUG org.asynchttpclient.netty.channel.ChannelManager - Adding key: http://localhost:56406 for channel [id: 0x20094ad6, L:/127.0.0.1:57214 - R:localhost/127.0.0.1:56406]
01:49:19.436 [main] DEBUG net.serenitybdd.core.photography.Darkroom - Send negative for processing for target\site\serenity\fea3898ae1eac4f229b9b2133e9bf21ecac9b3701ec9fdd9d9e5ec5f43895534.png
01:49:19.437 [main] DEBUG net.thucydides.core.steps.StepInterceptor - STARTING STEP: BLoginStep.iClickLoginButton - clickLoginButton
01:49:19.437 [Darkroom Processing Line] DEBUG net.serenitybdd.core.photography.DarkroomProcessingLine - Processing screenshot image in /var/screenshots/screenshot-5729574848497878173
01:49:19.437 [Darkroom Processing Line] DEBUG net.serenitybdd.core.photography.DarkroomProcessingLine - Saving screenshot to target\site\serenity\fea3898ae1eac4f229b9b2133e9bf21ecac9b3701ec9fdd9d9e5ec5f43895534.png
01:49:19.454 [Forwarding findElement on session 5598a0f8363d7fd6029439f68364f613 to remote] DEBUG org.asynchttpclient.netty.request.NettyRequestSender - Using pooled Channel '[id: 0x20094ad6, L:/127.0.0.1:57214 - R:localhost/127.0.0.1:56406]' for 'POST' to 'http://localhost:56406/session/5598a0f8363d7fd6029439f68364f613/element'
01:49:19.454 [Forwarding findElement on session 5598a0f8363d7fd6029439f68364f613 to remote] DEBUG org.asynchttpclient.netty.request.NettyRequestSender - Using open Channel [id: 0x20094ad6, L:/127.0.0.1:57214 - R:localhost/127.0.0.1:56406] for POST '/session/5598a0f8363d7fd6029439f68364f613/element'
01:49:19.481 [AsyncHttpClient-1-2] DEBUG org.asynchttpclient.netty.handler.HttpHandler - 

Request DefaultHttpRequest(decodeResult: success, version: HTTP/1.1)
POST /session/5598a0f8363d7fd6029439f68364f613/element HTTP/1.1
User-Agent: selenium/4.1.2 (java windows)
Content-Length: 155
Content-Type: application/json; charset=utf-8
host: localhost:56406
accept: */*

Response DefaultHttpResponse(decodeResult: success, version: HTTP/1.1)
HTTP/1.1 200 OK
Content-Type: application/json; charset=utf-8
cache-control: no-cache
content-length: 88

01:49:19.482 [AsyncHttpClient-1-2] DEBUG org.asynchttpclient.netty.channel.ChannelManager - Adding key: http://localhost:56406 for channel [id: 0x20094ad6, L:/127.0.0.1:57214 - R:localhost/127.0.0.1:56406]
01:49:19.487 [Forwarding getElementTagName on session 5598a0f8363d7fd6029439f68364f613 to remote] DEBUG org.asynchttpclient.netty.request.NettyRequestSender - Using pooled Channel '[id: 0x20094ad6, L:/127.0.0.1:57214 - R:localhost/127.0.0.1:56406]' for 'GET' to 'http://localhost:56406/session/5598a0f8363d7fd6029439f68364f613/element/9ad23af1-a5f9-45df-a2b2-e6ca287c97fe/name'
01:49:19.487 [Forwarding getElementTagName on session 5598a0f8363d7fd6029439f68364f613 to remote] DEBUG org.asynchttpclient.netty.request.NettyRequestSender - Using open Channel [id: 0x20094ad6, L:/127.0.0.1:57214 - R:localhost/127.0.0.1:56406] for GET '/session/5598a0f8363d7fd6029439f68364f613/element/9ad23af1-a5f9-45df-a2b2-e6ca287c97fe/name'
01:49:19.497 [AsyncHttpClient-1-2] DEBUG org.asynchttpclient.netty.handler.HttpHandler - 

Request DefaultFullHttpRequest(decodeResult: success, version: HTTP/1.1, content: EmptyByteBufBE)
GET /session/5598a0f8363d7fd6029439f68364f613/element/9ad23af1-a5f9-45df-a2b2-e6ca287c97fe/name HTTP/1.1
User-Agent: selenium/4.1.2 (java windows)
Cache-Control: no-cache
Content-Type: application/json; charset=utf-8
host: localhost:56406
accept: */*

Response DefaultHttpResponse(decodeResult: success, version: HTTP/1.1)
HTTP/1.1 200 OK
Content-Type: application/json; charset=utf-8
cache-control: no-cache
content-length: 18

01:49:19.498 [AsyncHttpClient-1-2] DEBUG org.asynchttpclient.netty.channel.ChannelManager - Adding key: http://localhost:56406 for channel [id: 0x20094ad6, L:/127.0.0.1:57214 - R:localhost/127.0.0.1:56406]
01:49:19.503 [Forwarding getElementTagName on session 5598a0f8363d7fd6029439f68364f613 to remote] DEBUG org.asynchttpclient.netty.request.NettyRequestSender - Using pooled Channel '[id: 0x20094ad6, L:/127.0.0.1:57214 - R:localhost/127.0.0.1:56406]' for 'GET' to 'http://localhost:56406/session/5598a0f8363d7fd6029439f68364f613/element/9ad23af1-a5f9-45df-a2b2-e6ca287c97fe/name'
01:49:19.503 [Forwarding getElementTagName on session 5598a0f8363d7fd6029439f68364f613 to remote] DEBUG org.asynchttpclient.netty.request.NettyRequestSender - Using open Channel [id: 0x20094ad6, L:/127.0.0.1:57214 - R:localhost/127.0.0.1:56406] for GET '/session/5598a0f8363d7fd6029439f68364f613/element/9ad23af1-a5f9-45df-a2b2-e6ca287c97fe/name'
01:49:19.511 [AsyncHttpClient-1-2] DEBUG org.asynchttpclient.netty.handler.HttpHandler - 

Request DefaultFullHttpRequest(decodeResult: success, version: HTTP/1.1, content: EmptyByteBufBE)
GET /session/5598a0f8363d7fd6029439f68364f613/element/9ad23af1-a5f9-45df-a2b2-e6ca287c97fe/name HTTP/1.1
User-Agent: selenium/4.1.2 (java windows)
Cache-Control: no-cache
Content-Type: application/json; charset=utf-8
host: localhost:56406
accept: */*

Response DefaultHttpResponse(decodeResult: success, version: HTTP/1.1)
HTTP/1.1 200 OK
Content-Type: application/json; charset=utf-8
cache-control: no-cache
content-length: 18

01:49:19.511 [AsyncHttpClient-1-2] DEBUG org.asynchttpclient.netty.channel.ChannelManager - Adding key: http://localhost:56406 for channel [id: 0x20094ad6, L:/127.0.0.1:57214 - R:localhost/127.0.0.1:56406]
01:49:19.522 [Forwarding isElementEnabled on session 5598a0f8363d7fd6029439f68364f613 to remote] DEBUG org.asynchttpclient.netty.request.NettyRequestSender - Using pooled Channel '[id: 0x20094ad6, L:/127.0.0.1:57214 - R:localhost/127.0.0.1:56406]' for 'GET' to 'http://localhost:56406/session/5598a0f8363d7fd6029439f68364f613/element/9ad23af1-a5f9-45df-a2b2-e6ca287c97fe/enabled'
01:49:19.522 [Forwarding isElementEnabled on session 5598a0f8363d7fd6029439f68364f613 to remote] DEBUG org.asynchttpclient.netty.request.NettyRequestSender - Using open Channel [id: 0x20094ad6, L:/127.0.0.1:57214 - R:localhost/127.0.0.1:56406] for GET '/session/5598a0f8363d7fd6029439f68364f613/element/9ad23af1-a5f9-45df-a2b2-e6ca287c97fe/enabled'
01:49:19.541 [AsyncHttpClient-1-2] DEBUG org.asynchttpclient.netty.handler.HttpHandler - 

Request DefaultFullHttpRequest(decodeResult: success, version: HTTP/1.1, content: EmptyByteBufBE)
GET /session/5598a0f8363d7fd6029439f68364f613/element/9ad23af1-a5f9-45df-a2b2-e6ca287c97fe/enabled HTTP/1.1
User-Agent: selenium/4.1.2 (java windows)
Cache-Control: no-cache
Content-Type: application/json; charset=utf-8
host: localhost:56406
accept: */*

Response DefaultHttpResponse(decodeResult: success, version: HTTP/1.1)
HTTP/1.1 200 OK
Content-Type: application/json; charset=utf-8
cache-control: no-cache
content-length: 14

01:49:19.541 [AsyncHttpClient-1-2] DEBUG org.asynchttpclient.netty.channel.ChannelManager - Adding key: http://localhost:56406 for channel [id: 0x20094ad6, L:/127.0.0.1:57214 - R:localhost/127.0.0.1:56406]
01:49:19.545 [Forwarding isElementEnabled on session 5598a0f8363d7fd6029439f68364f613 to remote] DEBUG org.asynchttpclient.netty.request.NettyRequestSender - Using pooled Channel '[id: 0x20094ad6, L:/127.0.0.1:57214 - R:localhost/127.0.0.1:56406]' for 'GET' to 'http://localhost:56406/session/5598a0f8363d7fd6029439f68364f613/element/9ad23af1-a5f9-45df-a2b2-e6ca287c97fe/enabled'
01:49:19.546 [Forwarding isElementEnabled on session 5598a0f8363d7fd6029439f68364f613 to remote] DEBUG org.asynchttpclient.netty.request.NettyRequestSender - Using open Channel [id: 0x20094ad6, L:/127.0.0.1:57214 - R:localhost/127.0.0.1:56406] for GET '/session/5598a0f8363d7fd6029439f68364f613/element/9ad23af1-a5f9-45df-a2b2-e6ca287c97fe/enabled'
01:49:19.558 [AsyncHttpClient-1-2] DEBUG org.asynchttpclient.netty.handler.HttpHandler - 

Request DefaultFullHttpRequest(decodeResult: success, version: HTTP/1.1, content: EmptyByteBufBE)
GET /session/5598a0f8363d7fd6029439f68364f613/element/9ad23af1-a5f9-45df-a2b2-e6ca287c97fe/enabled HTTP/1.1
User-Agent: selenium/4.1.2 (java windows)
Cache-Control: no-cache
Content-Type: application/json; charset=utf-8
host: localhost:56406
accept: */*

Response DefaultHttpResponse(decodeResult: success, version: HTTP/1.1)
HTTP/1.1 200 OK
Content-Type: application/json; charset=utf-8
cache-control: no-cache
content-length: 14

01:49:19.559 [AsyncHttpClient-1-2] DEBUG org.asynchttpclient.netty.channel.ChannelManager - Adding key: http://localhost:56406 for channel [id: 0x20094ad6, L:/127.0.0.1:57214 - R:localhost/127.0.0.1:56406]
01:49:19.564 [Forwarding findElement on session 5598a0f8363d7fd6029439f68364f613 to remote] DEBUG org.asynchttpclient.netty.request.NettyRequestSender - Using pooled Channel '[id: 0x20094ad6, L:/127.0.0.1:57214 - R:localhost/127.0.0.1:56406]' for 'POST' to 'http://localhost:56406/session/5598a0f8363d7fd6029439f68364f613/element'
01:49:19.565 [Forwarding findElement on session 5598a0f8363d7fd6029439f68364f613 to remote] DEBUG org.asynchttpclient.netty.request.NettyRequestSender - Using open Channel [id: 0x20094ad6, L:/127.0.0.1:57214 - R:localhost/127.0.0.1:56406] for POST '/session/5598a0f8363d7fd6029439f68364f613/element'
01:49:19.579 [AsyncHttpClient-1-2] DEBUG org.asynchttpclient.netty.handler.HttpHandler - 

Request DefaultHttpRequest(decodeResult: success, version: HTTP/1.1)
POST /session/5598a0f8363d7fd6029439f68364f613/element HTTP/1.1
User-Agent: selenium/4.1.2 (java windows)
Content-Length: 155
Content-Type: application/json; charset=utf-8
host: localhost:56406
accept: */*

Response DefaultHttpResponse(decodeResult: success, version: HTTP/1.1)
HTTP/1.1 200 OK
Content-Type: application/json; charset=utf-8
cache-control: no-cache
content-length: 88

01:49:19.580 [AsyncHttpClient-1-2] DEBUG org.asynchttpclient.netty.channel.ChannelManager - Adding key: http://localhost:56406 for channel [id: 0x20094ad6, L:/127.0.0.1:57214 - R:localhost/127.0.0.1:56406]
01:49:19.583 [Forwarding clickElement on session 5598a0f8363d7fd6029439f68364f613 to remote] DEBUG org.asynchttpclient.netty.request.NettyRequestSender - Using pooled Channel '[id: 0x20094ad6, L:/127.0.0.1:57214 - R:localhost/127.0.0.1:56406]' for 'POST' to 'http://localhost:56406/session/5598a0f8363d7fd6029439f68364f613/element/9ad23af1-a5f9-45df-a2b2-e6ca287c97fe/click'
01:49:19.583 [Forwarding clickElement on session 5598a0f8363d7fd6029439f68364f613 to remote] DEBUG org.asynchttpclient.netty.request.NettyRequestSender - Using open Channel [id: 0x20094ad6, L:/127.0.0.1:57214 - R:localhost/127.0.0.1:56406] for POST '/session/5598a0f8363d7fd6029439f68364f613/element/9ad23af1-a5f9-45df-a2b2-e6ca287c97fe/click'
01:49:19.682 [AsyncHttpClient-1-2] DEBUG org.asynchttpclient.netty.handler.HttpHandler - 

Request DefaultHttpRequest(decodeResult: success, version: HTTP/1.1)
POST /session/5598a0f8363d7fd6029439f68364f613/element/9ad23af1-a5f9-45df-a2b2-e6ca287c97fe/click HTTP/1.1
User-Agent: selenium/4.1.2 (java windows)
Content-Length: 50
Content-Type: application/json; charset=utf-8
host: localhost:56406
accept: */*

Response DefaultHttpResponse(decodeResult: success, version: HTTP/1.1)
HTTP/1.1 200 OK
Content-Type: application/json; charset=utf-8
cache-control: no-cache
content-length: 14

01:49:19.683 [AsyncHttpClient-1-2] DEBUG org.asynchttpclient.netty.channel.ChannelManager - Adding key: http://localhost:56406 for channel [id: 0x20094ad6, L:/127.0.0.1:57214 - R:localhost/127.0.0.1:56406]
01:49:19.703 [Forwarding screenshot on session 5598a0f8363d7fd6029439f68364f613 to remote] DEBUG org.asynchttpclient.netty.request.NettyRequestSender - Using pooled Channel '[id: 0x20094ad6, L:/127.0.0.1:57214 - R:localhost/127.0.0.1:56406]' for 'GET' to 'http://localhost:56406/session/5598a0f8363d7fd6029439f68364f613/screenshot'
01:49:19.704 [Forwarding screenshot on session 5598a0f8363d7fd6029439f68364f613 to remote] DEBUG org.asynchttpclient.netty.request.NettyRequestSender - Using open Channel [id: 0x20094ad6, L:/127.0.0.1:57214 - R:localhost/127.0.0.1:56406] for GET '/session/5598a0f8363d7fd6029439f68364f613/screenshot'
01:49:19.773 [AsyncHttpClient-1-1] DEBUG org.asynchttpclient.netty.channel.DefaultChannelPool - Entry count for : http://localhost:57216 : 1
01:49:20.153 [AsyncHttpClient-1-2] DEBUG org.asynchttpclient.netty.handler.HttpHandler - 

Request DefaultFullHttpRequest(decodeResult: success, version: HTTP/1.1, content: EmptyByteBufBE)
GET /session/5598a0f8363d7fd6029439f68364f613/screenshot HTTP/1.1
User-Agent: selenium/4.1.2 (java windows)
Cache-Control: no-cache
Content-Type: application/json; charset=utf-8
host: localhost:56406
accept: */*

Response DefaultHttpResponse(decodeResult: success, version: HTTP/1.1)
HTTP/1.1 200 OK
Content-Type: application/json; charset=utf-8
cache-control: no-cache
content-length: 48056

01:49:20.155 [AsyncHttpClient-1-2] DEBUG org.asynchttpclient.netty.channel.ChannelManager - Adding key: http://localhost:56406 for channel [id: 0x20094ad6, L:/127.0.0.1:57214 - R:localhost/127.0.0.1:56406]
01:49:20.159 [main] DEBUG net.serenitybdd.core.photography.Darkroom - Send negative for processing for target\site\serenity\c660e5d6919b961d62b1232f38262326eada99be44b9c8445e76e9254bca62e8.png
01:49:20.160 [main] DEBUG net.thucydides.core.steps.StepInterceptor - STEP DONE: clickLoginButton
01:49:20.160 [Darkroom Processing Line] DEBUG net.serenitybdd.core.photography.DarkroomProcessingLine - Processing screenshot image in /var/screenshots/screenshot-13324102489657023651
01:49:20.160 [Darkroom Processing Line] DEBUG net.serenitybdd.core.photography.DarkroomProcessingLine - Saving screenshot to target\site\serenity\c660e5d6919b961d62b1232f38262326eada99be44b9c8445e76e9254bca62e8.png
  &amp#27;[32mAnd &amp#27;[0m&amp#27;[32mI click Login button&amp#27;[0m                          &amp#27;[90m# stepdefinitions.BLoginStep.iClickLoginButton()&amp#27;[0m
01:49:20.204 [main] DEBUG net.thucydides.core.steps.StepInterceptor - STARTING STEP: BLoginStep.iOnHomePage - validateOnHomePage
01:49:20.209 [Forwarding findElement on session 5598a0f8363d7fd6029439f68364f613 to remote] DEBUG org.asynchttpclient.netty.request.NettyRequestSender - Using pooled Channel '[id: 0x20094ad6, L:/127.0.0.1:57214 - R:localhost/127.0.0.1:56406]' for 'POST' to 'http://localhost:56406/session/5598a0f8363d7fd6029439f68364f613/element'
01:49:20.209 [Forwarding findElement on session 5598a0f8363d7fd6029439f68364f613 to remote] DEBUG org.asynchttpclient.netty.request.NettyRequestSender - Using open Channel [id: 0x20094ad6, L:/127.0.0.1:57214 - R:localhost/127.0.0.1:56406] for POST '/session/5598a0f8363d7fd6029439f68364f613/element'
01:49:20.881 [AsyncHttpClient-1-1] DEBUG org.asynchttpclient.netty.channel.DefaultChannelPool - Entry count for : http://localhost:57216 : 1
01:49:21.977 [AsyncHttpClient-1-1] DEBUG org.asynchttpclient.netty.channel.DefaultChannelPool - Entry count for : http://localhost:57216 : 1
01:49:23.079 [AsyncHttpClient-1-1] DEBUG org.asynchttpclient.netty.channel.DefaultChannelPool - Entry count for : http://localhost:57216 : 1
01:49:24.183 [AsyncHttpClient-1-1] DEBUG org.asynchttpclient.netty.channel.DefaultChannelPool - Entry count for : http://localhost:57216 : 1
01:49:24.709 [AsyncHttpClient-1-2] DEBUG org.asynchttpclient.netty.handler.HttpHandler - 

Request DefaultHttpRequest(decodeResult: success, version: HTTP/1.1)
POST /session/5598a0f8363d7fd6029439f68364f613/element HTTP/1.1
User-Agent: selenium/4.1.2 (java windows)
Content-Length: 52
Content-Type: application/json; charset=utf-8
host: localhost:56406
accept: */*

Response DefaultHttpResponse(decodeResult: success, version: HTTP/1.1)
HTTP/1.1 200 OK
Content-Type: application/json; charset=utf-8
cache-control: no-cache
content-length: 88

01:49:24.710 [AsyncHttpClient-1-2] DEBUG org.asynchttpclient.netty.channel.ChannelManager - Adding key: http://localhost:56406 for channel [id: 0x20094ad6, L:/127.0.0.1:57214 - R:localhost/127.0.0.1:56406]
01:49:24.745 [Forwarding isElementDisplayed on session 5598a0f8363d7fd6029439f68364f613 to remote] DEBUG org.asynchttpclient.netty.request.NettyRequestSender - Using pooled Channel '[id: 0x20094ad6, L:/127.0.0.1:57214 - R:localhost/127.0.0.1:56406]' for 'POST' to 'http://localhost:56406/session/5598a0f8363d7fd6029439f68364f613/execute/sync'
01:49:24.746 [Forwarding isElementDisplayed on session 5598a0f8363d7fd6029439f68364f613 to remote] DEBUG org.asynchttpclient.netty.request.NettyRequestSender - Using open Channel [id: 0x20094ad6, L:/127.0.0.1:57214 - R:localhost/127.0.0.1:56406] for POST '/session/5598a0f8363d7fd6029439f68364f613/execute/sync'
01:49:24.783 [AsyncHttpClient-1-2] DEBUG org.asynchttpclient.netty.handler.HttpHandler - 

Request DefaultHttpRequest(decodeResult: success, version: HTTP/1.1)
POST /session/5598a0f8363d7fd6029439f68364f613/execute/sync HTTP/1.1
User-Agent: selenium/4.1.2 (java windows)
Content-Length: 48780
Content-Type: application/json; charset=utf-8
host: localhost:56406
accept: */*

Response DefaultHttpResponse(decodeResult: success, version: HTTP/1.1)
HTTP/1.1 200 OK
Content-Type: application/json; charset=utf-8
cache-control: no-cache
content-length: 14

01:49:24.784 [AsyncHttpClient-1-2] DEBUG org.asynchttpclient.netty.channel.ChannelManager - Adding key: http://localhost:56406 for channel [id: 0x20094ad6, L:/127.0.0.1:57214 - R:localhost/127.0.0.1:56406]
01:49:24.793 [Forwarding screenshot on session 5598a0f8363d7fd6029439f68364f613 to remote] DEBUG org.asynchttpclient.netty.request.NettyRequestSender - Using pooled Channel '[id: 0x20094ad6, L:/127.0.0.1:57214 - R:localhost/127.0.0.1:56406]' for 'GET' to 'http://localhost:56406/session/5598a0f8363d7fd6029439f68364f613/screenshot'
01:49:24.795 [Forwarding screenshot on session 5598a0f8363d7fd6029439f68364f613 to remote] DEBUG org.asynchttpclient.netty.request.NettyRequestSender - Using open Channel [id: 0x20094ad6, L:/127.0.0.1:57214 - R:localhost/127.0.0.1:56406] for GET '/session/5598a0f8363d7fd6029439f68364f613/screenshot'
01:49:25.038 [AsyncHttpClient-1-2] DEBUG org.asynchttpclient.netty.handler.HttpHandler - 

Request DefaultFullHttpRequest(decodeResult: success, version: HTTP/1.1, content: EmptyByteBufBE)
GET /session/5598a0f8363d7fd6029439f68364f613/screenshot HTTP/1.1
User-Agent: selenium/4.1.2 (java windows)
Cache-Control: no-cache
Content-Type: application/json; charset=utf-8
host: localhost:56406
accept: */*

Response DefaultHttpResponse(decodeResult: success, version: HTTP/1.1)
HTTP/1.1 200 OK
Content-Type: application/json; charset=utf-8
cache-control: no-cache
content-length: 78860

01:49:25.039 [AsyncHttpClient-1-2] DEBUG org.asynchttpclient.netty.channel.ChannelManager - Adding key: http://localhost:56406 for channel [id: 0x20094ad6, L:/127.0.0.1:57214 - R:localhost/127.0.0.1:56406]
01:49:25.042 [main] DEBUG net.serenitybdd.core.photography.Darkroom - Send negative for processing for target\site\serenity\14c9b08d31b53058abc6ba0b9432b33a3e54f24d5bf1eb1ff9e406a9659dd575.png
01:49:25.043 [main] DEBUG net.thucydides.core.steps.StepInterceptor - STEP DONE: validateOnHomePage
  &amp#27;[32mThen &amp#27;[0m&amp#27;[32mI on home page&amp#27;[0m                               &amp#27;[90m# stepdefinitions.BLoginStep.iOnHomePage()&amp#27;[0m
01:49:25.043 [Darkroom Processing Line] DEBUG net.serenitybdd.core.photography.DarkroomProcessingLine - Processing screenshot image in /var/screenshots/screenshot-4957832785985987570
01:49:25.043 [Darkroom Processing Line] DEBUG net.serenitybdd.core.photography.DarkroomProcessingLine - Saving screenshot to target\site\serenity\14c9b08d31b53058abc6ba0b9432b33a3e54f24d5bf1eb1ff9e406a9659dd575.png
01:49:25.058 [main] INFO  - 
  _____   ___   ___   _____     ___     _     ___   ___   ___   ___  
 |_   _| | __| / __| |_   _|   | _ \   /_\   / __| / __| | __| |   \ 
   | |   | _|  \__ \   | |     |  _/  / _ \  \__ \ \__ \ | _|  | |) |
   |_|   |___| |___/   |_|     |_|   /_/ \_\ |___/ |___/ |___| |___/ 

As a user, i have able to login
----------------------------------------------------------------------
01:49:25.224 [Driver Command Executor] DEBUG org.asynchttpclient.netty.request.NettyRequestSender - Using pooled Channel '[id: 0x20094ad6, L:/127.0.0.1:57214 - R:localhost/127.0.0.1:56406]' for 'DELETE' to 'http://localhost:56406/session/5598a0f8363d7fd6029439f68364f613'
01:49:25.224 [Driver Command Executor] DEBUG org.asynchttpclient.netty.request.NettyRequestSender - Using open Channel [id: 0x20094ad6, L:/127.0.0.1:57214 - R:localhost/127.0.0.1:56406] for DELETE '/session/5598a0f8363d7fd6029439f68364f613'
01:49:25.225 [AsyncHttpClient-1-4] DEBUG org.asynchttpclient.netty.handler.WebSocketHandler - Channel Closed: [id: 0x880b19b7, L:/127.0.0.1:57226 ! R:localhost/127.0.0.1:57216] with attribute NettyResponseFuture{currentRetry=5,
	isDone=1,
	isCancelled=0,
	asyncHandler=org.asynchttpclient.ws.WebSocketUpgradeHandler@1ae4fd43,
	nettyRequest=org.asynchttpclient.netty.request.NettyRequest@25c64634,
	future=java.util.concurrent.CompletableFuture@727233a3[Completed normally],
	uri=ws://localhost:57216/devtools/browser/58e51408-ba97-4a5f-8c7b-eb6a79d07e99,
	keepAlive=true,
	redirectCount=0,
	timeoutsHolder=null,
	inAuth=0,
	touch=1652381353081}
01:49:25.226 [AsyncHttpClient-1-4] DEBUG org.asynchttpclient.netty.channel.ChannelManager - Closing Channel [id: 0x880b19b7, L:/127.0.0.1:57226 ! R:localhost/127.0.0.1:57216] 
01:49:25.284 [AsyncHttpClient-1-1] DEBUG org.asynchttpclient.netty.channel.DefaultChannelPool - Entry count for : http://localhost:57216 : 1
01:49:25.376 [AsyncHttpClient-1-3] DEBUG org.asynchttpclient.netty.handler.HttpHandler - Unexpected I/O exception on channel [id: 0xe0be79c1, L:/127.0.0.1:57223 - R:localhost/127.0.0.1:57216]
java.io.IOException: An existing connection was forcibly closed by the remote host
	at java.base/sun.nio.ch.SocketDispatcher.read0(Native Method)
	at java.base/sun.nio.ch.SocketDispatcher.read(SocketDispatcher.java:43)
	at java.base/sun.nio.ch.IOUtil.readIntoNativeBuffer(IOUtil.java:276)
	at java.base/sun.nio.ch.IOUtil.read(IOUtil.java:233)
	at java.base/sun.nio.ch.IOUtil.read(IOUtil.java:223)
	at java.base/sun.nio.ch.SocketChannelImpl.read(SocketChannelImpl.java:358)
	at io.netty.buffer.PooledByteBuf.setBytes(PooledByteBuf.java:258)
	at io.netty.buffer.AbstractByteBuf.writeBytes(AbstractByteBuf.java:1132)
	at io.netty.channel.socket.nio.NioSocketChannel.doReadBytes(NioSocketChannel.java:350)
	at io.netty.channel.nio.AbstractNioByteChannel$NioByteUnsafe.read(AbstractNioByteChannel.java:151)
	at io.netty.channel.nio.NioEventLoop.processSelectedKey(NioEventLoop.java:722)
	at io.netty.channel.nio.NioEventLoop.processSelectedKeysOptimized(NioEventLoop.java:658)
	at io.netty.channel.nio.NioEventLoop.processSelectedKeys(NioEventLoop.java:584)
	at io.netty.channel.nio.NioEventLoop.run(NioEventLoop.java:496)
	at io.netty.util.concurrent.SingleThreadEventExecutor$4.run(SingleThreadEventExecutor.java:986)
	at io.netty.util.internal.ThreadExecutorMap$2.run(ThreadExecutorMap.java:74)
	at io.netty.util.concurrent.FastThreadLocalRunnable.run(FastThreadLocalRunnable.java:30)
	at java.base/java.lang.Thread.run(Thread.java:834)
01:49:25.377 [AsyncHttpClient-1-3] DEBUG org.asynchttpclient.netty.channel.ChannelManager - Closing Channel [id: 0xe0be79c1, L:/127.0.0.1:57223 - R:localhost/127.0.0.1:57216] 
01:49:25.381 [AsyncHttpClient-1-3] DEBUG org.asynchttpclient.netty.handler.HttpHandler - Channel Closed: [id: 0xe0be79c1, L:/127.0.0.1:57223 ! R:localhost/127.0.0.1:57216] with attribute DISCARD
01:49:25.395 [AsyncHttpClient-1-2] DEBUG org.asynchttpclient.netty.handler.HttpHandler - 

Request DefaultFullHttpRequest(decodeResult: success, version: HTTP/1.1, content: EmptyByteBufBE)
DELETE /session/5598a0f8363d7fd6029439f68364f613 HTTP/1.1
User-Agent: selenium/4.1.2 (java windows)
Content-Type: application/json; charset=utf-8
host: localhost:56406
accept: */*

Response DefaultHttpResponse(decodeResult: success, version: HTTP/1.1)
HTTP/1.1 200 OK
Content-Type: application/json; charset=utf-8
cache-control: no-cache
content-length: 14

01:49:25.396 [AsyncHttpClient-1-2] DEBUG org.asynchttpclient.netty.channel.ChannelManager - Adding key: http://localhost:56406 for channel [id: 0x20094ad6, L:/127.0.0.1:57214 - R:localhost/127.0.0.1:56406]
01:49:25.826 [AsyncHttpClient-1-2] DEBUG org.asynchttpclient.netty.handler.HttpHandler - Channel Closed: [id: 0x20094ad6, L:/127.0.0.1:57214 ! R:localhost/127.0.0.1:56406] with attribute DISCARD
]]></system-out>
    <system-err><![CDATA[Starting ChromeDriver 101.0.4951.41 (93c720db8323b3ec10d056025ab95c23a31997c9-refs/branch-heads/4951@{#904}) on port 56406
Only local connections are allowed.
Please see https://chromedriver.chromium.org/security-considerations for suggestions on keeping ChromeDriver safe.
ChromeDriver was started successfully.
May 13, 2022 1:49:12 AM org.openqa.selenium.remote.ProtocolHandshake createSession
INFO: Detected dialect: W3C
May 13, 2022 1:49:13 AM org.openqa.selenium.devtools.CdpVersionFinder findNearestMatch
WARNING: Unable to find an exact match for CDP version 101, so returning the closest version found: 97
May 13, 2022 1:49:13 AM org.openqa.selenium.devtools.CdpVersionFinder findNearestMatch
INFO: Found CDP implementation for version 101 of 97
]]></system-err>
  </testcase>
  <testcase name="As a user, i have not able to login because password is wrong" classname="Login" time="8.688">
    <system-out><![CDATA[01:49:26.413 [AsyncHttpClient-1-1] DEBUG org.asynchttpclient.netty.channel.DefaultChannelPool - Entry count for : http://localhost:56406 : 1
01:49:26.413 [AsyncHttpClient-1-1] DEBUG org.asynchttpclient.netty.channel.DefaultChannelPool - Entry count for : http://localhost:57216 : 1
01:49:26.413 [AsyncHttpClient-1-1] DEBUG org.asynchttpclient.netty.channel.DefaultChannelPool - Adding Candidate expired Channel [id: 0x20094ad6, L:/127.0.0.1:57214 ! R:localhost/127.0.0.1:56406] isIdleTimeoutExpired=false isRemotelyClosed=true isTtlExpired=false
01:49:26.413 [AsyncHttpClient-1-1] DEBUG org.asynchttpclient.netty.channel.DefaultChannelPool - Closing Idle Channel [id: 0x20094ad6, L:/127.0.0.1:57214 ! R:localhost/127.0.0.1:56406]
01:49:26.414 [AsyncHttpClient-1-1] DEBUG org.asynchttpclient.netty.channel.DefaultChannelPool - Adding Candidate expired Channel [id: 0xe0be79c1, L:/127.0.0.1:57223 ! R:localhost/127.0.0.1:57216] isIdleTimeoutExpired=false isRemotelyClosed=true isTtlExpired=false
01:49:26.415 [AsyncHttpClient-1-1] DEBUG org.asynchttpclient.netty.channel.DefaultChannelPool - Closing Idle Channel [id: 0xe0be79c1, L:/127.0.0.1:57223 ! R:localhost/127.0.0.1:57216]
01:49:26.415 [AsyncHttpClient-1-1] DEBUG org.asynchttpclient.netty.channel.DefaultChannelPool - Closed 2 connections out of 2 in 2 ms

Scenario: As a user, i have not able to login because password is wrong &amp#27;[90m# src/test/resources/features/ALogin.feature:10&amp#27;[0m
01:49:26.431 [main] INFO io.cucumber.core.plugin.SerenityReporter - Running feature from file:///D:/Mini%20Project-QE%20Alta/Web%20Automation/FrontEnd-AltaShop/src/test/resources/features/ALogin.feature
01:49:26.451 [main] INFO  - 
  _____   ___   ___   _____     ___   _____     _     ___   _____   ___   ___  
 |_   _| | __| / __| |_   _|   / __| |_   _|   /_\   | _ \ |_   _| | __| |   \ 
   | |   | _|  \__ \   | |     \__ \   | |    / _ \  |   /   | |   | _|  | |) |
   |_|   |___| |___/   |_|     |___/   |_|   /_/ \_\ |_|_\   |_|   |___| |___/ 

As a user, i have not able to login because password is wrong(login;as-a-user--i-have-not-able-to-login-because-password-is-wrong)
--------------------------------------------------------------------------------
01:49:26.597 [main] DEBUG net.thucydides.core.steps.StepInterceptor - STARTING STEP: BLoginStep.iAmOnLoginPage - onLoginPage
01:49:26.601 [main] INFO net.serenitybdd.core.webdriver.driverproviders.ChromeDriverProvider - Using automatically driver download
01:49:27.250 [main] DEBUG io.github.bonigarcia.wdm.cache.ResolutionCache - Resolution chrome=101 in cache (valid until 02:25:36 13/05/2022 ICT)
01:49:27.281 [main] DEBUG io.github.bonigarcia.wdm.cache.ResolutionCache - Resolution chrome101=101.0.4951.41 in cache (valid until 14:31:54 13/05/2022 ICT)
01:49:27.300 [main] INFO io.github.bonigarcia.wdm.WebDriverManager - Using chromedriver 101.0.4951.41 (resolved driver for Chrome 101)
01:49:27.394 [main] DEBUG io.github.bonigarcia.wdm.WebDriverManager - Driver chromedriver 101.0.4951.41 found in cache
01:49:27.396 [main] INFO io.github.bonigarcia.wdm.WebDriverManager - Exporting webdriver.chrome.driver as C:\Users\Siti Nurlatipah\.cache\selenium\chromedriver\win32\101.0.4951.41\chromedriver.exe
01:49:27.663 [main] DEBUG net.serenitybdd.core.webdriver.driverproviders.ProvideNewDriver - Instantiating driver
01:49:27.664 [main] DEBUG net.serenitybdd.core.webdriver.driverproviders.ProvideNewDriver - Driver capabilities: Capabilities {acceptInsecureCerts: false, base.url: https://qa.alta.id, browserName: chrome, chrome.driver: src/test/resources/webdrive..., driver: chrome, goog:chromeOptions: {args: [], extensions: []}}
01:49:28.233 [AsyncHttpClient-1-5] DEBUG org.asynchttpclient.netty.channel.NettyConnectListener - Using new Channel '[id: 0x386e888c, L:/127.0.0.1:57252 - R:localhost/127.0.0.1:52707]' for 'POST' to '/session'
01:49:29.834 [AsyncHttpClient-1-5] DEBUG org.asynchttpclient.netty.handler.HttpHandler - 

Request DefaultHttpRequest(decodeResult: success, version: HTTP/1.1)
POST /session HTTP/1.1
User-Agent: selenium/4.1.2 (java windows)
Content-Length: 595
Content-Type: application/json; charset=utf-8
host: localhost:52707
accept: */*

Response DefaultHttpResponse(decodeResult: success, version: HTTP/1.1)
HTTP/1.1 200 OK
Content-Type: application/json; charset=utf-8
cache-control: no-cache
content-length: 791

01:49:29.835 [AsyncHttpClient-1-5] DEBUG org.asynchttpclient.netty.channel.ChannelManager - Adding key: http://localhost:52707 for channel [id: 0x386e888c, L:/127.0.0.1:57252 - R:localhost/127.0.0.1:52707]
01:49:29.869 [AsyncHttpClient-1-6] DEBUG org.asynchttpclient.netty.channel.NettyConnectListener - Using new Channel '[id: 0x1382dff3, L:/127.0.0.1:57261 - R:localhost/127.0.0.1:57253]' for 'GET' to '/json/version'
01:49:29.883 [AsyncHttpClient-1-6] DEBUG org.asynchttpclient.netty.handler.HttpHandler - 

Request DefaultFullHttpRequest(decodeResult: success, version: HTTP/1.1, content: EmptyByteBufBE)
GET /json/version HTTP/1.1
User-Agent: selenium/4.1.2 (java windows)
host: localhost:57253
accept: */*

Response DefaultHttpResponse(decodeResult: success, version: HTTP/1.1)
HTTP/1.1 200 OK
Content-Type: application/json; charset=UTF-8
content-length: 427

01:49:29.883 [AsyncHttpClient-1-6] DEBUG org.asynchttpclient.netty.channel.ChannelManager - Adding key: http://localhost:57253 for channel [id: 0x1382dff3, L:/127.0.0.1:57261 - R:localhost/127.0.0.1:57253]
01:49:29.896 [AsyncHttpClient-1-7] DEBUG org.asynchttpclient.netty.channel.NettyConnectListener - Using new Channel '[id: 0xf2c7f361, L:/127.0.0.1:57262 - R:localhost/127.0.0.1:57253]' for 'GET' to '/devtools/browser/dfea4e73-8234-4617-a33b-7fb0b36306cd'
01:49:29.908 [AsyncHttpClient-1-7] DEBUG org.asynchttpclient.netty.handler.WebSocketHandler - 

Request DefaultFullHttpRequest(decodeResult: success, version: HTTP/1.1, content: EmptyByteBufBE)
GET /devtools/browser/dfea4e73-8234-4617-a33b-7fb0b36306cd HTTP/1.1
upgrade: websocket
connection: upgrade
sec-websocket-key: oZo/sbcN72jpnf2K6hYKJQ==
sec-websocket-version: 13
origin: http://localhost:57253
host: localhost:57253
accept: */*
user-agent: AHC/2.1

Response DefaultHttpResponse(decodeResult: success, version: HTTP/1.1)
HTTP/1.1 101 WebSocket Protocol Handshake
Upgrade: WebSocket
Connection: Upgrade
Sec-WebSocket-Accept: 8jNjc86EdHJaTziKo8++1bw9RV8=

01:49:29.925 [Forwarding get on session 930dcf00107ae1afbd73084acc1ba5ff to remote] DEBUG org.asynchttpclient.netty.request.NettyRequestSender - Using pooled Channel '[id: 0x386e888c, L:/127.0.0.1:57252 - R:localhost/127.0.0.1:52707]' for 'POST' to 'http://localhost:52707/session/930dcf00107ae1afbd73084acc1ba5ff/url'
01:49:29.925 [Forwarding get on session 930dcf00107ae1afbd73084acc1ba5ff to remote] DEBUG org.asynchttpclient.netty.request.NettyRequestSender - Using open Channel [id: 0x386e888c, L:/127.0.0.1:57252 - R:localhost/127.0.0.1:52707] for POST '/session/930dcf00107ae1afbd73084acc1ba5ff/url'
01:49:30.781 [AsyncHttpClient-1-1] DEBUG org.asynchttpclient.netty.channel.DefaultChannelPool - Entry count for : http://localhost:57253 : 1
01:49:31.169 [AsyncHttpClient-1-5] DEBUG org.asynchttpclient.netty.handler.HttpHandler - 

Request DefaultHttpRequest(decodeResult: success, version: HTTP/1.1)
POST /session/930dcf00107ae1afbd73084acc1ba5ff/url HTTP/1.1
User-Agent: selenium/4.1.2 (java windows)
Content-Length: 64
Content-Type: application/json; charset=utf-8
host: localhost:52707
accept: */*

Response DefaultHttpResponse(decodeResult: success, version: HTTP/1.1)
HTTP/1.1 200 OK
Content-Type: application/json; charset=utf-8
cache-control: no-cache
content-length: 14

01:49:31.170 [AsyncHttpClient-1-5] DEBUG org.asynchttpclient.netty.channel.ChannelManager - Adding key: http://localhost:52707 for channel [id: 0x386e888c, L:/127.0.0.1:57252 - R:localhost/127.0.0.1:52707]
01:49:31.174 [Forwarding setTimeout on session 930dcf00107ae1afbd73084acc1ba5ff to remote] DEBUG org.asynchttpclient.netty.request.NettyRequestSender - Using pooled Channel '[id: 0x386e888c, L:/127.0.0.1:57252 - R:localhost/127.0.0.1:52707]' for 'POST' to 'http://localhost:52707/session/930dcf00107ae1afbd73084acc1ba5ff/timeouts'
01:49:31.174 [Forwarding setTimeout on session 930dcf00107ae1afbd73084acc1ba5ff to remote] DEBUG org.asynchttpclient.netty.request.NettyRequestSender - Using open Channel [id: 0x386e888c, L:/127.0.0.1:57252 - R:localhost/127.0.0.1:52707] for POST '/session/930dcf00107ae1afbd73084acc1ba5ff/timeouts'
01:49:31.180 [AsyncHttpClient-1-5] DEBUG org.asynchttpclient.netty.handler.HttpHandler - 

Request DefaultHttpRequest(decodeResult: success, version: HTTP/1.1)
POST /session/930dcf00107ae1afbd73084acc1ba5ff/timeouts HTTP/1.1
User-Agent: selenium/4.1.2 (java windows)
Content-Length: 22
Content-Type: application/json; charset=utf-8
host: localhost:52707
accept: */*

Response DefaultHttpResponse(decodeResult: success, version: HTTP/1.1)
HTTP/1.1 200 OK
Content-Type: application/json; charset=utf-8
cache-control: no-cache
content-length: 14

01:49:31.181 [AsyncHttpClient-1-5] DEBUG org.asynchttpclient.netty.channel.ChannelManager - Adding key: http://localhost:52707 for channel [id: 0x386e888c, L:/127.0.0.1:57252 - R:localhost/127.0.0.1:52707]
01:49:31.190 [Forwarding getCurrentUrl on session 930dcf00107ae1afbd73084acc1ba5ff to remote] DEBUG org.asynchttpclient.netty.request.NettyRequestSender - Using pooled Channel '[id: 0x386e888c, L:/127.0.0.1:57252 - R:localhost/127.0.0.1:52707]' for 'GET' to 'http://localhost:52707/session/930dcf00107ae1afbd73084acc1ba5ff/url'
01:49:31.190 [Forwarding getCurrentUrl on session 930dcf00107ae1afbd73084acc1ba5ff to remote] DEBUG org.asynchttpclient.netty.request.NettyRequestSender - Using open Channel [id: 0x386e888c, L:/127.0.0.1:57252 - R:localhost/127.0.0.1:52707] for GET '/session/930dcf00107ae1afbd73084acc1ba5ff/url'
01:49:31.208 [AsyncHttpClient-1-5] DEBUG org.asynchttpclient.netty.handler.HttpHandler - 

Request DefaultFullHttpRequest(decodeResult: success, version: HTTP/1.1, content: EmptyByteBufBE)
GET /session/930dcf00107ae1afbd73084acc1ba5ff/url HTTP/1.1
User-Agent: selenium/4.1.2 (java windows)
Cache-Control: no-cache
Content-Type: application/json; charset=utf-8
host: localhost:52707
accept: */*

Response DefaultHttpResponse(decodeResult: success, version: HTTP/1.1)
HTTP/1.1 200 OK
Content-Type: application/json; charset=utf-8
cache-control: no-cache
content-length: 41

01:49:31.210 [AsyncHttpClient-1-5] DEBUG org.asynchttpclient.netty.channel.ChannelManager - Adding key: http://localhost:52707 for channel [id: 0x386e888c, L:/127.0.0.1:57252 - R:localhost/127.0.0.1:52707]
01:49:31.224 [Forwarding screenshot on session 930dcf00107ae1afbd73084acc1ba5ff to remote] DEBUG org.asynchttpclient.netty.request.NettyRequestSender - Using pooled Channel '[id: 0x386e888c, L:/127.0.0.1:57252 - R:localhost/127.0.0.1:52707]' for 'GET' to 'http://localhost:52707/session/930dcf00107ae1afbd73084acc1ba5ff/screenshot'
01:49:31.230 [Forwarding screenshot on session 930dcf00107ae1afbd73084acc1ba5ff to remote] DEBUG org.asynchttpclient.netty.request.NettyRequestSender - Using open Channel [id: 0x386e888c, L:/127.0.0.1:57252 - R:localhost/127.0.0.1:52707] for GET '/session/930dcf00107ae1afbd73084acc1ba5ff/screenshot'
01:49:31.664 [AsyncHttpClient-1-5] DEBUG org.asynchttpclient.netty.handler.HttpHandler - 

Request DefaultFullHttpRequest(decodeResult: success, version: HTTP/1.1, content: EmptyByteBufBE)
GET /session/930dcf00107ae1afbd73084acc1ba5ff/screenshot HTTP/1.1
User-Agent: selenium/4.1.2 (java windows)
Cache-Control: no-cache
Content-Type: application/json; charset=utf-8
host: localhost:52707
accept: */*

Response DefaultHttpResponse(decodeResult: success, version: HTTP/1.1)
HTTP/1.1 200 OK
Content-Type: application/json; charset=utf-8
cache-control: no-cache
content-length: 37840

01:49:31.666 [AsyncHttpClient-1-5] DEBUG org.asynchttpclient.netty.channel.ChannelManager - Adding key: http://localhost:52707 for channel [id: 0x386e888c, L:/127.0.0.1:57252 - R:localhost/127.0.0.1:52707]
01:49:31.670 [main] DEBUG net.serenitybdd.core.photography.Darkroom - Send negative for processing for target\site\serenity\6f2f89e8c5a543dd0a10df9cc2fb4dfa2a13d528c2d3ad44cda943733ef50e85.png
01:49:31.670 [main] DEBUG net.thucydides.core.steps.StepInterceptor - STEP DONE: onLoginPage
  &amp#27;[32mGiven &amp#27;[0m&amp#27;[32m&amp#27;[0m&amp#27;[32m&amp#27;[1mI&amp#27;[0m&amp#27;[32m am on loginpage&amp#27;[0m                                               &amp#27;[90m# stepdefinitions.BLoginStep.iAmOnLoginPage(java.lang.String)&amp#27;[0m
01:49:31.694 [main] DEBUG net.thucydides.core.steps.StepInterceptor - STARTING STEP: BLoginStep.iTypeValidEmail - typeMyEmail
01:49:31.698 [Forwarding findElement on session 930dcf00107ae1afbd73084acc1ba5ff to remote] DEBUG org.asynchttpclient.netty.request.NettyRequestSender - Using pooled Channel '[id: 0x386e888c, L:/127.0.0.1:57252 - R:localhost/127.0.0.1:52707]' for 'POST' to 'http://localhost:52707/session/930dcf00107ae1afbd73084acc1ba5ff/element'
01:49:31.698 [Forwarding findElement on session 930dcf00107ae1afbd73084acc1ba5ff to remote] DEBUG org.asynchttpclient.netty.request.NettyRequestSender - Using open Channel [id: 0x386e888c, L:/127.0.0.1:57252 - R:localhost/127.0.0.1:52707] for POST '/session/930dcf00107ae1afbd73084acc1ba5ff/element'
01:49:31.715 [AsyncHttpClient-1-5] DEBUG org.asynchttpclient.netty.handler.HttpHandler - 

Request DefaultHttpRequest(decodeResult: success, version: HTTP/1.1)
POST /session/930dcf00107ae1afbd73084acc1ba5ff/element HTTP/1.1
User-Agent: selenium/4.1.2 (java windows)
Content-Length: 84
Content-Type: application/json; charset=utf-8
host: localhost:52707
accept: */*

Response DefaultHttpResponse(decodeResult: success, version: HTTP/1.1)
HTTP/1.1 200 OK
Content-Type: application/json; charset=utf-8
cache-control: no-cache
content-length: 88

01:49:31.716 [AsyncHttpClient-1-5] DEBUG org.asynchttpclient.netty.channel.ChannelManager - Adding key: http://localhost:52707 for channel [id: 0x386e888c, L:/127.0.0.1:57252 - R:localhost/127.0.0.1:52707]
01:49:31.720 [Forwarding sendKeysToElement on session 930dcf00107ae1afbd73084acc1ba5ff to remote] DEBUG org.asynchttpclient.netty.request.NettyRequestSender - Using pooled Channel '[id: 0x386e888c, L:/127.0.0.1:57252 - R:localhost/127.0.0.1:52707]' for 'POST' to 'http://localhost:52707/session/930dcf00107ae1afbd73084acc1ba5ff/element/ac1ee3f1-e0e7-4566-b5cf-5e6c83fedd86/value'
01:49:31.720 [Forwarding sendKeysToElement on session 930dcf00107ae1afbd73084acc1ba5ff to remote] DEBUG org.asynchttpclient.netty.request.NettyRequestSender - Using open Channel [id: 0x386e888c, L:/127.0.0.1:57252 - R:localhost/127.0.0.1:52707] for POST '/session/930dcf00107ae1afbd73084acc1ba5ff/element/ac1ee3f1-e0e7-4566-b5cf-5e6c83fedd86/value'
01:49:31.878 [AsyncHttpClient-1-1] DEBUG org.asynchttpclient.netty.channel.DefaultChannelPool - Entry count for : http://localhost:57253 : 1
01:49:32.057 [AsyncHttpClient-1-5] DEBUG org.asynchttpclient.netty.handler.HttpHandler - 

Request DefaultHttpRequest(decodeResult: success, version: HTTP/1.1)
POST /session/930dcf00107ae1afbd73084acc1ba5ff/element/ac1ee3f1-e0e7-4566-b5cf-5e6c83fedd86/value HTTP/1.1
User-Agent: selenium/4.1.2 (java windows)
Content-Length: 361
Content-Type: application/json; charset=utf-8
host: localhost:52707
accept: */*

Response DefaultHttpResponse(decodeResult: success, version: HTTP/1.1)
HTTP/1.1 200 OK
Content-Type: application/json; charset=utf-8
cache-control: no-cache
content-length: 14

01:49:32.057 [AsyncHttpClient-1-5] DEBUG org.asynchttpclient.netty.channel.ChannelManager - Adding key: http://localhost:52707 for channel [id: 0x386e888c, L:/127.0.0.1:57252 - R:localhost/127.0.0.1:52707]
01:49:32.069 [Forwarding screenshot on session 930dcf00107ae1afbd73084acc1ba5ff to remote] DEBUG org.asynchttpclient.netty.request.NettyRequestSender - Using pooled Channel '[id: 0x386e888c, L:/127.0.0.1:57252 - R:localhost/127.0.0.1:52707]' for 'GET' to 'http://localhost:52707/session/930dcf00107ae1afbd73084acc1ba5ff/screenshot'
01:49:32.069 [Forwarding screenshot on session 930dcf00107ae1afbd73084acc1ba5ff to remote] DEBUG org.asynchttpclient.netty.request.NettyRequestSender - Using open Channel [id: 0x386e888c, L:/127.0.0.1:57252 - R:localhost/127.0.0.1:52707] for GET '/session/930dcf00107ae1afbd73084acc1ba5ff/screenshot'
01:49:32.302 [AsyncHttpClient-1-5] DEBUG org.asynchttpclient.netty.handler.HttpHandler - 

Request DefaultFullHttpRequest(decodeResult: success, version: HTTP/1.1, content: EmptyByteBufBE)
GET /session/930dcf00107ae1afbd73084acc1ba5ff/screenshot HTTP/1.1
User-Agent: selenium/4.1.2 (java windows)
Cache-Control: no-cache
Content-Type: application/json; charset=utf-8
host: localhost:52707
accept: */*

Response DefaultHttpResponse(decodeResult: success, version: HTTP/1.1)
HTTP/1.1 200 OK
Content-Type: application/json; charset=utf-8
cache-control: no-cache
content-length: 47264

01:49:32.304 [AsyncHttpClient-1-5] DEBUG org.asynchttpclient.netty.channel.ChannelManager - Adding key: http://localhost:52707 for channel [id: 0x386e888c, L:/127.0.0.1:57252 - R:localhost/127.0.0.1:52707]
01:49:32.308 [main] DEBUG net.serenitybdd.core.photography.Darkroom - Send negative for processing for target\site\serenity\211fc3d6cb9f46e01928405fe42d8b0de8379094d5fa72de1d28772cbccca43f.png
01:49:32.308 [main] DEBUG net.thucydides.core.steps.StepInterceptor - STEP DONE: typeMyEmail
  &amp#27;[32mWhen &amp#27;[0m&amp#27;[32mI type valid email &amp#27;[0m&amp#27;[32m&amp#27;[1mlandon.mcdermott@hotmail.com&amp#27;[0m                  &amp#27;[90m# stepdefinitions.BLoginStep.iTypeValidEmail(java.lang.String)&amp#27;[0m
01:49:32.310 [Darkroom Processing Line] DEBUG net.serenitybdd.core.photography.DarkroomProcessingLine - Processing screenshot image in /var/screenshots/screenshot-4501968671442567171
01:49:32.311 [Darkroom Processing Line] DEBUG net.serenitybdd.core.photography.DarkroomProcessingLine - Saving screenshot to target\site\serenity\211fc3d6cb9f46e01928405fe42d8b0de8379094d5fa72de1d28772cbccca43f.png
01:49:32.337 [main] DEBUG net.thucydides.core.steps.StepInterceptor - STARTING STEP: BLoginStep.iTypeUnvalidPassword - typeMyPassword
01:49:32.345 [Forwarding findElement on session 930dcf00107ae1afbd73084acc1ba5ff to remote] DEBUG org.asynchttpclient.netty.request.NettyRequestSender - Using pooled Channel '[id: 0x386e888c, L:/127.0.0.1:57252 - R:localhost/127.0.0.1:52707]' for 'POST' to 'http://localhost:52707/session/930dcf00107ae1afbd73084acc1ba5ff/element'
01:49:32.346 [Forwarding findElement on session 930dcf00107ae1afbd73084acc1ba5ff to remote] DEBUG org.asynchttpclient.netty.request.NettyRequestSender - Using open Channel [id: 0x386e888c, L:/127.0.0.1:57252 - R:localhost/127.0.0.1:52707] for POST '/session/930dcf00107ae1afbd73084acc1ba5ff/element'
01:49:32.368 [AsyncHttpClient-1-5] DEBUG org.asynchttpclient.netty.handler.HttpHandler - 

Request DefaultHttpRequest(decodeResult: success, version: HTTP/1.1)
POST /session/930dcf00107ae1afbd73084acc1ba5ff/element HTTP/1.1
User-Agent: selenium/4.1.2 (java windows)
Content-Length: 87
Content-Type: application/json; charset=utf-8
host: localhost:52707
accept: */*

Response DefaultHttpResponse(decodeResult: success, version: HTTP/1.1)
HTTP/1.1 200 OK
Content-Type: application/json; charset=utf-8
cache-control: no-cache
content-length: 88

01:49:32.369 [AsyncHttpClient-1-5] DEBUG org.asynchttpclient.netty.channel.ChannelManager - Adding key: http://localhost:52707 for channel [id: 0x386e888c, L:/127.0.0.1:57252 - R:localhost/127.0.0.1:52707]
01:49:32.372 [Forwarding sendKeysToElement on session 930dcf00107ae1afbd73084acc1ba5ff to remote] DEBUG org.asynchttpclient.netty.request.NettyRequestSender - Using pooled Channel '[id: 0x386e888c, L:/127.0.0.1:57252 - R:localhost/127.0.0.1:52707]' for 'POST' to 'http://localhost:52707/session/930dcf00107ae1afbd73084acc1ba5ff/element/ce9f9532-b92a-4dbe-8fcd-aa8bb999633b/value'
01:49:32.373 [Forwarding sendKeysToElement on session 930dcf00107ae1afbd73084acc1ba5ff to remote] DEBUG org.asynchttpclient.netty.request.NettyRequestSender - Using open Channel [id: 0x386e888c, L:/127.0.0.1:57252 - R:localhost/127.0.0.1:52707] for POST '/session/930dcf00107ae1afbd73084acc1ba5ff/element/ce9f9532-b92a-4dbe-8fcd-aa8bb999633b/value'
01:49:32.517 [AsyncHttpClient-1-5] DEBUG org.asynchttpclient.netty.handler.HttpHandler - 

Request DefaultHttpRequest(decodeResult: success, version: HTTP/1.1)
POST /session/930dcf00107ae1afbd73084acc1ba5ff/element/ce9f9532-b92a-4dbe-8fcd-aa8bb999633b/value HTTP/1.1
User-Agent: selenium/4.1.2 (java windows)
Content-Length: 151
Content-Type: application/json; charset=utf-8
host: localhost:52707
accept: */*

Response DefaultHttpResponse(decodeResult: success, version: HTTP/1.1)
HTTP/1.1 200 OK
Content-Type: application/json; charset=utf-8
cache-control: no-cache
content-length: 14

01:49:32.518 [AsyncHttpClient-1-5] DEBUG org.asynchttpclient.netty.channel.ChannelManager - Adding key: http://localhost:52707 for channel [id: 0x386e888c, L:/127.0.0.1:57252 - R:localhost/127.0.0.1:52707]
01:49:32.527 [Forwarding screenshot on session 930dcf00107ae1afbd73084acc1ba5ff to remote] DEBUG org.asynchttpclient.netty.request.NettyRequestSender - Using pooled Channel '[id: 0x386e888c, L:/127.0.0.1:57252 - R:localhost/127.0.0.1:52707]' for 'GET' to 'http://localhost:52707/session/930dcf00107ae1afbd73084acc1ba5ff/screenshot'
01:49:32.527 [Forwarding screenshot on session 930dcf00107ae1afbd73084acc1ba5ff to remote] DEBUG org.asynchttpclient.netty.request.NettyRequestSender - Using open Channel [id: 0x386e888c, L:/127.0.0.1:57252 - R:localhost/127.0.0.1:52707] for GET '/session/930dcf00107ae1afbd73084acc1ba5ff/screenshot'
01:49:32.758 [AsyncHttpClient-1-5] DEBUG org.asynchttpclient.netty.handler.HttpHandler - 

Request DefaultFullHttpRequest(decodeResult: success, version: HTTP/1.1, content: EmptyByteBufBE)
GET /session/930dcf00107ae1afbd73084acc1ba5ff/screenshot HTTP/1.1
User-Agent: selenium/4.1.2 (java windows)
Cache-Control: no-cache
Content-Type: application/json; charset=utf-8
host: localhost:52707
accept: */*

Response DefaultHttpResponse(decodeResult: success, version: HTTP/1.1)
HTTP/1.1 200 OK
Content-Type: application/json; charset=utf-8
cache-control: no-cache
content-length: 50360

01:49:32.761 [AsyncHttpClient-1-5] DEBUG org.asynchttpclient.netty.channel.ChannelManager - Adding key: http://localhost:52707 for channel [id: 0x386e888c, L:/127.0.0.1:57252 - R:localhost/127.0.0.1:52707]
01:49:32.765 [main] DEBUG net.serenitybdd.core.photography.Darkroom - Send negative for processing for target\site\serenity\1aaba439dbe7e1e7f14a896979c10d617319facb7466535c269085f17bd2aed7.png
01:49:32.765 [main] DEBUG net.thucydides.core.steps.StepInterceptor - STEP DONE: typeMyPassword
  &amp#27;[32mAnd &amp#27;[0m&amp#27;[32mI type unvalid password &amp#27;[0m&amp#27;[32m&amp#27;[1mabcdefg&amp#27;[0m                                   &amp#27;[90m# stepdefinitions.BLoginStep.iTypeUnvalidPassword(java.lang.String)&amp#27;[0m
01:49:32.765 [Darkroom Processing Line] DEBUG net.serenitybdd.core.photography.DarkroomProcessingLine - Processing screenshot image in /var/screenshots/screenshot-18281480169120501727
01:49:32.766 [Darkroom Processing Line] DEBUG net.serenitybdd.core.photography.DarkroomProcessingLine - Saving screenshot to target\site\serenity\1aaba439dbe7e1e7f14a896979c10d617319facb7466535c269085f17bd2aed7.png
01:49:32.797 [main] DEBUG net.thucydides.core.steps.StepInterceptor - STARTING STEP: BLoginStep.iClickALoginButton - clickLoginButton
01:49:32.802 [Forwarding findElement on session 930dcf00107ae1afbd73084acc1ba5ff to remote] DEBUG org.asynchttpclient.netty.request.NettyRequestSender - Using pooled Channel '[id: 0x386e888c, L:/127.0.0.1:57252 - R:localhost/127.0.0.1:52707]' for 'POST' to 'http://localhost:52707/session/930dcf00107ae1afbd73084acc1ba5ff/element'
01:49:32.802 [Forwarding findElement on session 930dcf00107ae1afbd73084acc1ba5ff to remote] DEBUG org.asynchttpclient.netty.request.NettyRequestSender - Using open Channel [id: 0x386e888c, L:/127.0.0.1:57252 - R:localhost/127.0.0.1:52707] for POST '/session/930dcf00107ae1afbd73084acc1ba5ff/element'
01:49:32.823 [AsyncHttpClient-1-5] DEBUG org.asynchttpclient.netty.handler.HttpHandler - 

Request DefaultHttpRequest(decodeResult: success, version: HTTP/1.1)
POST /session/930dcf00107ae1afbd73084acc1ba5ff/element HTTP/1.1
User-Agent: selenium/4.1.2 (java windows)
Content-Length: 155
Content-Type: application/json; charset=utf-8
host: localhost:52707
accept: */*

Response DefaultHttpResponse(decodeResult: success, version: HTTP/1.1)
HTTP/1.1 200 OK
Content-Type: application/json; charset=utf-8
cache-control: no-cache
content-length: 88

01:49:32.824 [AsyncHttpClient-1-5] DEBUG org.asynchttpclient.netty.channel.ChannelManager - Adding key: http://localhost:52707 for channel [id: 0x386e888c, L:/127.0.0.1:57252 - R:localhost/127.0.0.1:52707]
01:49:32.831 [Forwarding getElementTagName on session 930dcf00107ae1afbd73084acc1ba5ff to remote] DEBUG org.asynchttpclient.netty.request.NettyRequestSender - Using pooled Channel '[id: 0x386e888c, L:/127.0.0.1:57252 - R:localhost/127.0.0.1:52707]' for 'GET' to 'http://localhost:52707/session/930dcf00107ae1afbd73084acc1ba5ff/element/607d7da2-1046-4ea1-87b4-d2fb8512e245/name'
01:49:32.831 [Forwarding getElementTagName on session 930dcf00107ae1afbd73084acc1ba5ff to remote] DEBUG org.asynchttpclient.netty.request.NettyRequestSender - Using open Channel [id: 0x386e888c, L:/127.0.0.1:57252 - R:localhost/127.0.0.1:52707] for GET '/session/930dcf00107ae1afbd73084acc1ba5ff/element/607d7da2-1046-4ea1-87b4-d2fb8512e245/name'
01:49:32.844 [AsyncHttpClient-1-5] DEBUG org.asynchttpclient.netty.handler.HttpHandler - 

Request DefaultFullHttpRequest(decodeResult: success, version: HTTP/1.1, content: EmptyByteBufBE)
GET /session/930dcf00107ae1afbd73084acc1ba5ff/element/607d7da2-1046-4ea1-87b4-d2fb8512e245/name HTTP/1.1
User-Agent: selenium/4.1.2 (java windows)
Cache-Control: no-cache
Content-Type: application/json; charset=utf-8
host: localhost:52707
accept: */*

Response DefaultHttpResponse(decodeResult: success, version: HTTP/1.1)
HTTP/1.1 200 OK
Content-Type: application/json; charset=utf-8
cache-control: no-cache
content-length: 18

01:49:32.847 [AsyncHttpClient-1-5] DEBUG org.asynchttpclient.netty.channel.ChannelManager - Adding key: http://localhost:52707 for channel [id: 0x386e888c, L:/127.0.0.1:57252 - R:localhost/127.0.0.1:52707]
01:49:32.853 [Forwarding getElementTagName on session 930dcf00107ae1afbd73084acc1ba5ff to remote] DEBUG org.asynchttpclient.netty.request.NettyRequestSender - Using pooled Channel '[id: 0x386e888c, L:/127.0.0.1:57252 - R:localhost/127.0.0.1:52707]' for 'GET' to 'http://localhost:52707/session/930dcf00107ae1afbd73084acc1ba5ff/element/607d7da2-1046-4ea1-87b4-d2fb8512e245/name'
01:49:32.854 [Forwarding getElementTagName on session 930dcf00107ae1afbd73084acc1ba5ff to remote] DEBUG org.asynchttpclient.netty.request.NettyRequestSender - Using open Channel [id: 0x386e888c, L:/127.0.0.1:57252 - R:localhost/127.0.0.1:52707] for GET '/session/930dcf00107ae1afbd73084acc1ba5ff/element/607d7da2-1046-4ea1-87b4-d2fb8512e245/name'
01:49:32.867 [AsyncHttpClient-1-5] DEBUG org.asynchttpclient.netty.handler.HttpHandler - 

Request DefaultFullHttpRequest(decodeResult: success, version: HTTP/1.1, content: EmptyByteBufBE)
GET /session/930dcf00107ae1afbd73084acc1ba5ff/element/607d7da2-1046-4ea1-87b4-d2fb8512e245/name HTTP/1.1
User-Agent: selenium/4.1.2 (java windows)
Cache-Control: no-cache
Content-Type: application/json; charset=utf-8
host: localhost:52707
accept: */*

Response DefaultHttpResponse(decodeResult: success, version: HTTP/1.1)
HTTP/1.1 200 OK
Content-Type: application/json; charset=utf-8
cache-control: no-cache
content-length: 18

01:49:32.867 [AsyncHttpClient-1-5] DEBUG org.asynchttpclient.netty.channel.ChannelManager - Adding key: http://localhost:52707 for channel [id: 0x386e888c, L:/127.0.0.1:57252 - R:localhost/127.0.0.1:52707]
01:49:32.873 [Forwarding isElementEnabled on session 930dcf00107ae1afbd73084acc1ba5ff to remote] DEBUG org.asynchttpclient.netty.request.NettyRequestSender - Using pooled Channel '[id: 0x386e888c, L:/127.0.0.1:57252 - R:localhost/127.0.0.1:52707]' for 'GET' to 'http://localhost:52707/session/930dcf00107ae1afbd73084acc1ba5ff/element/607d7da2-1046-4ea1-87b4-d2fb8512e245/enabled'
01:49:32.873 [Forwarding isElementEnabled on session 930dcf00107ae1afbd73084acc1ba5ff to remote] DEBUG org.asynchttpclient.netty.request.NettyRequestSender - Using open Channel [id: 0x386e888c, L:/127.0.0.1:57252 - R:localhost/127.0.0.1:52707] for GET '/session/930dcf00107ae1afbd73084acc1ba5ff/element/607d7da2-1046-4ea1-87b4-d2fb8512e245/enabled'
01:49:32.899 [AsyncHttpClient-1-5] DEBUG org.asynchttpclient.netty.handler.HttpHandler - 

Request DefaultFullHttpRequest(decodeResult: success, version: HTTP/1.1, content: EmptyByteBufBE)
GET /session/930dcf00107ae1afbd73084acc1ba5ff/element/607d7da2-1046-4ea1-87b4-d2fb8512e245/enabled HTTP/1.1
User-Agent: selenium/4.1.2 (java windows)
Cache-Control: no-cache
Content-Type: application/json; charset=utf-8
host: localhost:52707
accept: */*

Response DefaultHttpResponse(decodeResult: success, version: HTTP/1.1)
HTTP/1.1 200 OK
Content-Type: application/json; charset=utf-8
cache-control: no-cache
content-length: 14

01:49:32.900 [AsyncHttpClient-1-5] DEBUG org.asynchttpclient.netty.channel.ChannelManager - Adding key: http://localhost:52707 for channel [id: 0x386e888c, L:/127.0.0.1:57252 - R:localhost/127.0.0.1:52707]
01:49:32.904 [Forwarding isElementEnabled on session 930dcf00107ae1afbd73084acc1ba5ff to remote] DEBUG org.asynchttpclient.netty.request.NettyRequestSender - Using pooled Channel '[id: 0x386e888c, L:/127.0.0.1:57252 - R:localhost/127.0.0.1:52707]' for 'GET' to 'http://localhost:52707/session/930dcf00107ae1afbd73084acc1ba5ff/element/607d7da2-1046-4ea1-87b4-d2fb8512e245/enabled'
01:49:32.913 [Forwarding isElementEnabled on session 930dcf00107ae1afbd73084acc1ba5ff to remote] DEBUG org.asynchttpclient.netty.request.NettyRequestSender - Using open Channel [id: 0x386e888c, L:/127.0.0.1:57252 - R:localhost/127.0.0.1:52707] for GET '/session/930dcf00107ae1afbd73084acc1ba5ff/element/607d7da2-1046-4ea1-87b4-d2fb8512e245/enabled'
01:49:32.952 [AsyncHttpClient-1-5] DEBUG org.asynchttpclient.netty.handler.HttpHandler - 

Request DefaultFullHttpRequest(decodeResult: success, version: HTTP/1.1, content: EmptyByteBufBE)
GET /session/930dcf00107ae1afbd73084acc1ba5ff/element/607d7da2-1046-4ea1-87b4-d2fb8512e245/enabled HTTP/1.1
User-Agent: selenium/4.1.2 (java windows)
Cache-Control: no-cache
Content-Type: application/json; charset=utf-8
host: localhost:52707
accept: */*

Response DefaultHttpResponse(decodeResult: success, version: HTTP/1.1)
HTTP/1.1 200 OK
Content-Type: application/json; charset=utf-8
cache-control: no-cache
content-length: 14

01:49:32.953 [AsyncHttpClient-1-5] DEBUG org.asynchttpclient.netty.channel.ChannelManager - Adding key: http://localhost:52707 for channel [id: 0x386e888c, L:/127.0.0.1:57252 - R:localhost/127.0.0.1:52707]
01:49:32.960 [Forwarding findElement on session 930dcf00107ae1afbd73084acc1ba5ff to remote] DEBUG org.asynchttpclient.netty.request.NettyRequestSender - Using pooled Channel '[id: 0x386e888c, L:/127.0.0.1:57252 - R:localhost/127.0.0.1:52707]' for 'POST' to 'http://localhost:52707/session/930dcf00107ae1afbd73084acc1ba5ff/element'
01:49:32.961 [Forwarding findElement on session 930dcf00107ae1afbd73084acc1ba5ff to remote] DEBUG org.asynchttpclient.netty.request.NettyRequestSender - Using open Channel [id: 0x386e888c, L:/127.0.0.1:57252 - R:localhost/127.0.0.1:52707] for POST '/session/930dcf00107ae1afbd73084acc1ba5ff/element'
01:49:32.979 [AsyncHttpClient-1-1] DEBUG org.asynchttpclient.netty.channel.DefaultChannelPool - Entry count for : http://localhost:57253 : 1
01:49:32.983 [AsyncHttpClient-1-5] DEBUG org.asynchttpclient.netty.handler.HttpHandler - 

Request DefaultHttpRequest(decodeResult: success, version: HTTP/1.1)
POST /session/930dcf00107ae1afbd73084acc1ba5ff/element HTTP/1.1
User-Agent: selenium/4.1.2 (java windows)
Content-Length: 155
Content-Type: application/json; charset=utf-8
host: localhost:52707
accept: */*

Response DefaultHttpResponse(decodeResult: success, version: HTTP/1.1)
HTTP/1.1 200 OK
Content-Type: application/json; charset=utf-8
cache-control: no-cache
content-length: 88

01:49:32.984 [AsyncHttpClient-1-5] DEBUG org.asynchttpclient.netty.channel.ChannelManager - Adding key: http://localhost:52707 for channel [id: 0x386e888c, L:/127.0.0.1:57252 - R:localhost/127.0.0.1:52707]
01:49:32.988 [Forwarding clickElement on session 930dcf00107ae1afbd73084acc1ba5ff to remote] DEBUG org.asynchttpclient.netty.request.NettyRequestSender - Using pooled Channel '[id: 0x386e888c, L:/127.0.0.1:57252 - R:localhost/127.0.0.1:52707]' for 'POST' to 'http://localhost:52707/session/930dcf00107ae1afbd73084acc1ba5ff/element/607d7da2-1046-4ea1-87b4-d2fb8512e245/click'
01:49:32.988 [Forwarding clickElement on session 930dcf00107ae1afbd73084acc1ba5ff to remote] DEBUG org.asynchttpclient.netty.request.NettyRequestSender - Using open Channel [id: 0x386e888c, L:/127.0.0.1:57252 - R:localhost/127.0.0.1:52707] for POST '/session/930dcf00107ae1afbd73084acc1ba5ff/element/607d7da2-1046-4ea1-87b4-d2fb8512e245/click'
01:49:33.098 [AsyncHttpClient-1-5] DEBUG org.asynchttpclient.netty.handler.HttpHandler - 

Request DefaultHttpRequest(decodeResult: success, version: HTTP/1.1)
POST /session/930dcf00107ae1afbd73084acc1ba5ff/element/607d7da2-1046-4ea1-87b4-d2fb8512e245/click HTTP/1.1
User-Agent: selenium/4.1.2 (java windows)
Content-Length: 50
Content-Type: application/json; charset=utf-8
host: localhost:52707
accept: */*

Response DefaultHttpResponse(decodeResult: success, version: HTTP/1.1)
HTTP/1.1 200 OK
Content-Type: application/json; charset=utf-8
cache-control: no-cache
content-length: 14

01:49:33.098 [AsyncHttpClient-1-5] DEBUG org.asynchttpclient.netty.channel.ChannelManager - Adding key: http://localhost:52707 for channel [id: 0x386e888c, L:/127.0.0.1:57252 - R:localhost/127.0.0.1:52707]
01:49:33.115 [Forwarding screenshot on session 930dcf00107ae1afbd73084acc1ba5ff to remote] DEBUG org.asynchttpclient.netty.request.NettyRequestSender - Using pooled Channel '[id: 0x386e888c, L:/127.0.0.1:57252 - R:localhost/127.0.0.1:52707]' for 'GET' to 'http://localhost:52707/session/930dcf00107ae1afbd73084acc1ba5ff/screenshot'
01:49:33.116 [Forwarding screenshot on session 930dcf00107ae1afbd73084acc1ba5ff to remote] DEBUG org.asynchttpclient.netty.request.NettyRequestSender - Using open Channel [id: 0x386e888c, L:/127.0.0.1:57252 - R:localhost/127.0.0.1:52707] for GET '/session/930dcf00107ae1afbd73084acc1ba5ff/screenshot'
01:49:33.542 [AsyncHttpClient-1-5] DEBUG org.asynchttpclient.netty.handler.HttpHandler - 

Request DefaultFullHttpRequest(decodeResult: success, version: HTTP/1.1, content: EmptyByteBufBE)
GET /session/930dcf00107ae1afbd73084acc1ba5ff/screenshot HTTP/1.1
User-Agent: selenium/4.1.2 (java windows)
Cache-Control: no-cache
Content-Type: application/json; charset=utf-8
host: localhost:52707
accept: */*

Response DefaultHttpResponse(decodeResult: success, version: HTTP/1.1)
HTTP/1.1 200 OK
Content-Type: application/json; charset=utf-8
cache-control: no-cache
content-length: 49504

01:49:33.544 [AsyncHttpClient-1-5] DEBUG org.asynchttpclient.netty.channel.ChannelManager - Adding key: http://localhost:52707 for channel [id: 0x386e888c, L:/127.0.0.1:57252 - R:localhost/127.0.0.1:52707]
01:49:33.548 [main] DEBUG net.serenitybdd.core.photography.Darkroom - Send negative for processing for target\site\serenity\b7514dedc8dd14854d61b67848f3bcd009c2a9ec833da6c472fe7b312b27cd57.png
01:49:33.548 [main] DEBUG net.thucydides.core.steps.StepInterceptor - STEP DONE: clickLoginButton
  &amp#27;[32mAnd &amp#27;[0m&amp#27;[32mI click a Login button&amp#27;[0m                                            &amp#27;[90m# stepdefinitions.BLoginStep.iClickALoginButton()&amp#27;[0m
01:49:33.548 [Darkroom Processing Line] DEBUG net.serenitybdd.core.photography.DarkroomProcessingLine - Processing screenshot image in /var/screenshots/screenshot-8217371422170359930
01:49:33.548 [Darkroom Processing Line] DEBUG net.serenitybdd.core.photography.DarkroomProcessingLine - Saving screenshot to target\site\serenity\b7514dedc8dd14854d61b67848f3bcd009c2a9ec833da6c472fe7b312b27cd57.png
01:49:33.574 [main] DEBUG net.thucydides.core.steps.StepInterceptor - STARTING STEP: BLoginStep.iGotErrorMassage - gotErrorMassage
01:49:33.581 [Forwarding findElement on session 930dcf00107ae1afbd73084acc1ba5ff to remote] DEBUG org.asynchttpclient.netty.request.NettyRequestSender - Using pooled Channel '[id: 0x386e888c, L:/127.0.0.1:57252 - R:localhost/127.0.0.1:52707]' for 'POST' to 'http://localhost:52707/session/930dcf00107ae1afbd73084acc1ba5ff/element'
01:49:33.581 [Forwarding findElement on session 930dcf00107ae1afbd73084acc1ba5ff to remote] DEBUG org.asynchttpclient.netty.request.NettyRequestSender - Using open Channel [id: 0x386e888c, L:/127.0.0.1:57252 - R:localhost/127.0.0.1:52707] for POST '/session/930dcf00107ae1afbd73084acc1ba5ff/element'
01:49:33.585 [AsyncHttpClient-1-5] DEBUG org.asynchttpclient.netty.handler.HttpHandler - 

Request DefaultHttpRequest(decodeResult: success, version: HTTP/1.1)
POST /session/930dcf00107ae1afbd73084acc1ba5ff/element HTTP/1.1
User-Agent: selenium/4.1.2 (java windows)
Content-Length: 53
Content-Type: application/json; charset=utf-8
host: localhost:52707
accept: */*

Response DefaultHttpResponse(decodeResult: success, version: HTTP/1.1)
HTTP/1.1 400 Bad Request
Content-Type: application/json; charset=utf-8
cache-control: no-cache
content-length: 957

01:49:33.585 [AsyncHttpClient-1-5] DEBUG org.asynchttpclient.netty.channel.ChannelManager - Adding key: http://localhost:52707 for channel [id: 0x386e888c, L:/127.0.0.1:57252 - R:localhost/127.0.0.1:52707]
01:49:33.604 [Forwarding findElement on session 930dcf00107ae1afbd73084acc1ba5ff to remote] DEBUG org.asynchttpclient.netty.request.NettyRequestSender - Using pooled Channel '[id: 0x386e888c, L:/127.0.0.1:57252 - R:localhost/127.0.0.1:52707]' for 'POST' to 'http://localhost:52707/session/930dcf00107ae1afbd73084acc1ba5ff/element'
01:49:33.604 [Forwarding findElement on session 930dcf00107ae1afbd73084acc1ba5ff to remote] DEBUG org.asynchttpclient.netty.request.NettyRequestSender - Using open Channel [id: 0x386e888c, L:/127.0.0.1:57252 - R:localhost/127.0.0.1:52707] for POST '/session/930dcf00107ae1afbd73084acc1ba5ff/element'
01:49:33.688 [AsyncHttpClient-1-5] DEBUG org.asynchttpclient.netty.handler.HttpHandler - 

Request DefaultHttpRequest(decodeResult: success, version: HTTP/1.1)
POST /session/930dcf00107ae1afbd73084acc1ba5ff/element HTTP/1.1
User-Agent: selenium/4.1.2 (java windows)
Content-Length: 63
Content-Type: application/json; charset=utf-8
host: localhost:52707
accept: */*

Response DefaultHttpResponse(decodeResult: success, version: HTTP/1.1)
HTTP/1.1 200 OK
Content-Type: application/json; charset=utf-8
cache-control: no-cache
content-length: 88

01:49:33.689 [AsyncHttpClient-1-5] DEBUG org.asynchttpclient.netty.channel.ChannelManager - Adding key: http://localhost:52707 for channel [id: 0x386e888c, L:/127.0.0.1:57252 - R:localhost/127.0.0.1:52707]
01:49:33.706 [Forwarding isElementDisplayed on session 930dcf00107ae1afbd73084acc1ba5ff to remote] DEBUG org.asynchttpclient.netty.request.NettyRequestSender - Using pooled Channel '[id: 0x386e888c, L:/127.0.0.1:57252 - R:localhost/127.0.0.1:52707]' for 'POST' to 'http://localhost:52707/session/930dcf00107ae1afbd73084acc1ba5ff/execute/sync'
01:49:33.706 [Forwarding isElementDisplayed on session 930dcf00107ae1afbd73084acc1ba5ff to remote] DEBUG org.asynchttpclient.netty.request.NettyRequestSender - Using open Channel [id: 0x386e888c, L:/127.0.0.1:57252 - R:localhost/127.0.0.1:52707] for POST '/session/930dcf00107ae1afbd73084acc1ba5ff/execute/sync'
01:49:33.742 [AsyncHttpClient-1-5] DEBUG org.asynchttpclient.netty.handler.HttpHandler - 

Request DefaultHttpRequest(decodeResult: success, version: HTTP/1.1)
POST /session/930dcf00107ae1afbd73084acc1ba5ff/execute/sync HTTP/1.1
User-Agent: selenium/4.1.2 (java windows)
Content-Length: 48780
Content-Type: application/json; charset=utf-8
host: localhost:52707
accept: */*

Response DefaultHttpResponse(decodeResult: success, version: HTTP/1.1)
HTTP/1.1 200 OK
Content-Type: application/json; charset=utf-8
cache-control: no-cache
content-length: 14

01:49:33.742 [AsyncHttpClient-1-5] DEBUG org.asynchttpclient.netty.channel.ChannelManager - Adding key: http://localhost:52707 for channel [id: 0x386e888c, L:/127.0.0.1:57252 - R:localhost/127.0.0.1:52707]
01:49:33.751 [Forwarding screenshot on session 930dcf00107ae1afbd73084acc1ba5ff to remote] DEBUG org.asynchttpclient.netty.request.NettyRequestSender - Using pooled Channel '[id: 0x386e888c, L:/127.0.0.1:57252 - R:localhost/127.0.0.1:52707]' for 'GET' to 'http://localhost:52707/session/930dcf00107ae1afbd73084acc1ba5ff/screenshot'
01:49:33.755 [Forwarding screenshot on session 930dcf00107ae1afbd73084acc1ba5ff to remote] DEBUG org.asynchttpclient.netty.request.NettyRequestSender - Using open Channel [id: 0x386e888c, L:/127.0.0.1:57252 - R:localhost/127.0.0.1:52707] for GET '/session/930dcf00107ae1afbd73084acc1ba5ff/screenshot'
01:49:34.059 [AsyncHttpClient-1-5] DEBUG org.asynchttpclient.netty.handler.HttpHandler - 

Request DefaultFullHttpRequest(decodeResult: success, version: HTTP/1.1, content: EmptyByteBufBE)
GET /session/930dcf00107ae1afbd73084acc1ba5ff/screenshot HTTP/1.1
User-Agent: selenium/4.1.2 (java windows)
Cache-Control: no-cache
Content-Type: application/json; charset=utf-8
host: localhost:52707
accept: */*

Response DefaultHttpResponse(decodeResult: success, version: HTTP/1.1)
HTTP/1.1 200 OK
Content-Type: application/json; charset=utf-8
cache-control: no-cache
content-length: 59764

01:49:34.060 [AsyncHttpClient-1-5] DEBUG org.asynchttpclient.netty.channel.ChannelManager - Adding key: http://localhost:52707 for channel [id: 0x386e888c, L:/127.0.0.1:57252 - R:localhost/127.0.0.1:52707]
01:49:34.066 [main] DEBUG net.serenitybdd.core.photography.Darkroom - Send negative for processing for target\site\serenity\af2d12a91e104e001bcb0c7a772ac3044b504de9589e401ca72e26816e9588e8.png
01:49:34.067 [main] DEBUG net.thucydides.core.steps.StepInterceptor - STEP DONE: gotErrorMassage
01:49:34.067 [Darkroom Processing Line] DEBUG net.serenitybdd.core.photography.DarkroomProcessingLine - Processing screenshot image in /var/screenshots/screenshot-3578152119106541762
01:49:34.067 [Darkroom Processing Line] DEBUG net.serenitybdd.core.photography.DarkroomProcessingLine - Saving screenshot to target\site\serenity\af2d12a91e104e001bcb0c7a772ac3044b504de9589e401ca72e26816e9588e8.png
  &amp#27;[32mThen &amp#27;[0m&amp#27;[32mI got error massage &amp#27;[0m&amp#27;[32m&amp#27;[1m"record not found"&amp#27;[0m                           &amp#27;[90m# stepdefinitions.BLoginStep.iGotErrorMassage(java.lang.String)&amp#27;[0m
01:49:34.073 [AsyncHttpClient-1-1] DEBUG org.asynchttpclient.netty.channel.DefaultChannelPool - Entry count for : http://localhost:57253 : 1
01:49:34.074 [AsyncHttpClient-1-1] DEBUG org.asynchttpclient.netty.channel.DefaultChannelPool - Entry count for : http://localhost:52707 : 1
01:49:34.080 [main] INFO  - 
  _____   ___   ___   _____     ___     _     ___   ___   ___   ___  
 |_   _| | __| / __| |_   _|   | _ \   /_\   / __| / __| | __| |   \ 
   | |   | _|  \__ \   | |     |  _/  / _ \  \__ \ \__ \ | _|  | |) |
   |_|   |___| |___/   |_|     |_|   /_/ \_\ |___/ |___/ |___| |___/ 

As a user, i have not able to login because password is wrong
----------------------------------------------------------------------
01:49:34.083 [AsyncHttpClient-1-7] DEBUG org.asynchttpclient.netty.handler.WebSocketHandler - Channel Closed: [id: 0xf2c7f361, L:/127.0.0.1:57262 ! R:localhost/127.0.0.1:57253] with attribute NettyResponseFuture{currentRetry=5,
	isDone=1,
	isCancelled=0,
	asyncHandler=org.asynchttpclient.ws.WebSocketUpgradeHandler@5cefd39a,
	nettyRequest=org.asynchttpclient.netty.request.NettyRequest@19ed5663,
	future=java.util.concurrent.CompletableFuture@72566d5c[Completed normally],
	uri=ws://localhost:57253/devtools/browser/dfea4e73-8234-4617-a33b-7fb0b36306cd,
	keepAlive=true,
	redirectCount=0,
	timeoutsHolder=null,
	inAuth=0,
	touch=1652381369909}
01:49:34.083 [AsyncHttpClient-1-7] DEBUG org.asynchttpclient.netty.channel.ChannelManager - Closing Channel [id: 0xf2c7f361, L:/127.0.0.1:57262 ! R:localhost/127.0.0.1:57253] 
01:49:34.085 [Driver Command Executor] DEBUG org.asynchttpclient.netty.request.NettyRequestSender - Using pooled Channel '[id: 0x386e888c, L:/127.0.0.1:57252 - R:localhost/127.0.0.1:52707]' for 'DELETE' to 'http://localhost:52707/session/930dcf00107ae1afbd73084acc1ba5ff'
01:49:34.085 [Driver Command Executor] DEBUG org.asynchttpclient.netty.request.NettyRequestSender - Using open Channel [id: 0x386e888c, L:/127.0.0.1:57252 - R:localhost/127.0.0.1:52707] for DELETE '/session/930dcf00107ae1afbd73084acc1ba5ff'
01:49:34.202 [AsyncHttpClient-1-6] DEBUG org.asynchttpclient.netty.handler.HttpHandler - Unexpected I/O exception on channel [id: 0x1382dff3, L:/127.0.0.1:57261 - R:localhost/127.0.0.1:57253]
java.io.IOException: An existing connection was forcibly closed by the remote host
	at java.base/sun.nio.ch.SocketDispatcher.read0(Native Method)
	at java.base/sun.nio.ch.SocketDispatcher.read(SocketDispatcher.java:43)
	at java.base/sun.nio.ch.IOUtil.readIntoNativeBuffer(IOUtil.java:276)
	at java.base/sun.nio.ch.IOUtil.read(IOUtil.java:233)
	at java.base/sun.nio.ch.IOUtil.read(IOUtil.java:223)
	at java.base/sun.nio.ch.SocketChannelImpl.read(SocketChannelImpl.java:358)
	at io.netty.buffer.PooledByteBuf.setBytes(PooledByteBuf.java:258)
	at io.netty.buffer.AbstractByteBuf.writeBytes(AbstractByteBuf.java:1132)
	at io.netty.channel.socket.nio.NioSocketChannel.doReadBytes(NioSocketChannel.java:350)
	at io.netty.channel.nio.AbstractNioByteChannel$NioByteUnsafe.read(AbstractNioByteChannel.java:151)
	at io.netty.channel.nio.NioEventLoop.processSelectedKey(NioEventLoop.java:722)
	at io.netty.channel.nio.NioEventLoop.processSelectedKeysOptimized(NioEventLoop.java:658)
	at io.netty.channel.nio.NioEventLoop.processSelectedKeys(NioEventLoop.java:584)
	at io.netty.channel.nio.NioEventLoop.run(NioEventLoop.java:496)
	at io.netty.util.concurrent.SingleThreadEventExecutor$4.run(SingleThreadEventExecutor.java:986)
	at io.netty.util.internal.ThreadExecutorMap$2.run(ThreadExecutorMap.java:74)
	at io.netty.util.concurrent.FastThreadLocalRunnable.run(FastThreadLocalRunnable.java:30)
	at java.base/java.lang.Thread.run(Thread.java:834)
01:49:34.203 [AsyncHttpClient-1-6] DEBUG org.asynchttpclient.netty.channel.ChannelManager - Closing Channel [id: 0x1382dff3, L:/127.0.0.1:57261 - R:localhost/127.0.0.1:57253] 
01:49:34.203 [AsyncHttpClient-1-6] DEBUG org.asynchttpclient.netty.handler.HttpHandler - Channel Closed: [id: 0x1382dff3, L:/127.0.0.1:57261 ! R:localhost/127.0.0.1:57253] with attribute DISCARD
01:49:34.225 [AsyncHttpClient-1-5] DEBUG org.asynchttpclient.netty.handler.HttpHandler - 

Request DefaultFullHttpRequest(decodeResult: success, version: HTTP/1.1, content: EmptyByteBufBE)
DELETE /session/930dcf00107ae1afbd73084acc1ba5ff HTTP/1.1
User-Agent: selenium/4.1.2 (java windows)
Content-Type: application/json; charset=utf-8
host: localhost:52707
accept: */*

Response DefaultHttpResponse(decodeResult: success, version: HTTP/1.1)
HTTP/1.1 200 OK
Content-Type: application/json; charset=utf-8
cache-control: no-cache
content-length: 14

01:49:34.225 [AsyncHttpClient-1-5] DEBUG org.asynchttpclient.netty.channel.ChannelManager - Adding key: http://localhost:52707 for channel [id: 0x386e888c, L:/127.0.0.1:57252 - R:localhost/127.0.0.1:52707]
01:49:34.498 [AsyncHttpClient-1-5] DEBUG org.asynchttpclient.netty.handler.HttpHandler - Channel Closed: [id: 0x386e888c, L:/127.0.0.1:57252 ! R:localhost/127.0.0.1:52707] with attribute DISCARD
]]></system-out>
    <system-err><![CDATA[Starting ChromeDriver 101.0.4951.41 (93c720db8323b3ec10d056025ab95c23a31997c9-refs/branch-heads/4951@{#904}) on port 52707
Only local connections are allowed.
Please see https://chromedriver.chromium.org/security-considerations for suggestions on keeping ChromeDriver safe.
ChromeDriver was started successfully.
May 13, 2022 1:49:29 AM org.openqa.selenium.remote.ProtocolHandshake createSession
INFO: Detected dialect: W3C
May 13, 2022 1:49:29 AM org.openqa.selenium.devtools.CdpVersionFinder findNearestMatch
WARNING: Unable to find an exact match for CDP version 101, so returning the closest version found: 97
May 13, 2022 1:49:29 AM org.openqa.selenium.devtools.CdpVersionFinder findNearestMatch
INFO: Found CDP implementation for version 101 of 97
]]></system-err>
  </testcase>
  <testcase name="As a user, i have not able to login because email is wrong" classname="Login" time="8.814">
    <system-out><![CDATA[
Scenario: As a user, i have not able to login because email is wrong &amp#27;[90m# src/test/resources/features/ALogin.feature:17&amp#27;[0m
01:49:35.068 [main] INFO io.cucumber.core.plugin.SerenityReporter - Running feature from file:///D:/Mini%20Project-QE%20Alta/Web%20Automation/FrontEnd-AltaShop/src/test/resources/features/ALogin.feature
01:49:35.144 [main] INFO  - 
  _____   ___   ___   _____     ___   _____     _     ___   _____   ___   ___  
 |_   _| | __| / __| |_   _|   / __| |_   _|   /_\   | _ \ |_   _| | __| |   \ 
   | |   | _|  \__ \   | |     \__ \   | |    / _ \  |   /   | |   | _|  | |) |
   |_|   |___| |___/   |_|     |___/   |_|   /_/ \_\ |_|_\   |_|   |___| |___/ 

As a user, i have not able to login because email is wrong(login;as-a-user--i-have-not-able-to-login-because-email-is-wrong)
--------------------------------------------------------------------------------
01:49:35.197 [AsyncHttpClient-1-1] DEBUG org.asynchttpclient.netty.channel.DefaultChannelPool - Entry count for : http://localhost:57253 : 1
01:49:35.197 [AsyncHttpClient-1-1] DEBUG org.asynchttpclient.netty.channel.DefaultChannelPool - Entry count for : http://localhost:52707 : 1
01:49:35.197 [AsyncHttpClient-1-1] DEBUG org.asynchttpclient.netty.channel.DefaultChannelPool - Adding Candidate expired Channel [id: 0x1382dff3, L:/127.0.0.1:57261 ! R:localhost/127.0.0.1:57253] isIdleTimeoutExpired=false isRemotelyClosed=true isTtlExpired=false
01:49:35.227 [AsyncHttpClient-1-1] DEBUG org.asynchttpclient.netty.channel.DefaultChannelPool - Closing Idle Channel [id: 0x1382dff3, L:/127.0.0.1:57261 ! R:localhost/127.0.0.1:57253]
01:49:35.227 [AsyncHttpClient-1-1] DEBUG org.asynchttpclient.netty.channel.DefaultChannelPool - Adding Candidate expired Channel [id: 0x386e888c, L:/127.0.0.1:57252 ! R:localhost/127.0.0.1:52707] isIdleTimeoutExpired=false isRemotelyClosed=true isTtlExpired=false
01:49:35.228 [AsyncHttpClient-1-1] DEBUG org.asynchttpclient.netty.channel.DefaultChannelPool - Closing Idle Channel [id: 0x386e888c, L:/127.0.0.1:57252 ! R:localhost/127.0.0.1:52707]
01:49:35.228 [AsyncHttpClient-1-1] DEBUG org.asynchttpclient.netty.channel.DefaultChannelPool - Closed 2 connections out of 2 in 31 ms
01:49:35.336 [main] DEBUG net.thucydides.core.steps.StepInterceptor - STARTING STEP: BLoginStep.iOnLoginPage - onLoginPage
01:49:35.349 [main] INFO net.serenitybdd.core.webdriver.driverproviders.ChromeDriverProvider - Using automatically driver download
01:49:35.699 [main] DEBUG io.github.bonigarcia.wdm.cache.ResolutionCache - Resolution chrome=101 in cache (valid until 02:25:36 13/05/2022 ICT)
01:49:35.714 [main] DEBUG io.github.bonigarcia.wdm.cache.ResolutionCache - Resolution chrome101=101.0.4951.41 in cache (valid until 14:31:54 13/05/2022 ICT)
01:49:35.741 [main] INFO io.github.bonigarcia.wdm.WebDriverManager - Using chromedriver 101.0.4951.41 (resolved driver for Chrome 101)
01:49:35.804 [main] DEBUG io.github.bonigarcia.wdm.WebDriverManager - Driver chromedriver 101.0.4951.41 found in cache
01:49:35.805 [main] INFO io.github.bonigarcia.wdm.WebDriverManager - Exporting webdriver.chrome.driver as C:\Users\Siti Nurlatipah\.cache\selenium\chromedriver\win32\101.0.4951.41\chromedriver.exe
01:49:36.017 [main] DEBUG net.serenitybdd.core.webdriver.driverproviders.ProvideNewDriver - Instantiating driver
01:49:36.018 [main] DEBUG net.serenitybdd.core.webdriver.driverproviders.ProvideNewDriver - Driver capabilities: Capabilities {acceptInsecureCerts: false, base.url: https://qa.alta.id, browserName: chrome, chrome.driver: src/test/resources/webdrive..., driver: chrome, goog:chromeOptions: {args: [], extensions: []}}
01:49:36.578 [AsyncHttpClient-1-8] DEBUG org.asynchttpclient.netty.channel.NettyConnectListener - Using new Channel '[id: 0xa8056d59, L:/127.0.0.1:57280 - R:localhost/127.0.0.1:63824]' for 'POST' to '/session'
01:49:38.591 [AsyncHttpClient-1-8] DEBUG org.asynchttpclient.netty.handler.HttpHandler - 

Request DefaultHttpRequest(decodeResult: success, version: HTTP/1.1)
POST /session HTTP/1.1
User-Agent: selenium/4.1.2 (java windows)
Content-Length: 595
Content-Type: application/json; charset=utf-8
host: localhost:63824
accept: */*

Response DefaultHttpResponse(decodeResult: success, version: HTTP/1.1)
HTTP/1.1 200 OK
Content-Type: application/json; charset=utf-8
cache-control: no-cache
content-length: 793

01:49:38.592 [AsyncHttpClient-1-8] DEBUG org.asynchttpclient.netty.channel.ChannelManager - Adding key: http://localhost:63824 for channel [id: 0xa8056d59, L:/127.0.0.1:57280 - R:localhost/127.0.0.1:63824]
01:49:38.623 [AsyncHttpClient-1-9] DEBUG org.asynchttpclient.netty.channel.NettyConnectListener - Using new Channel '[id: 0xc728a89a, L:/127.0.0.1:57289 - R:localhost/127.0.0.1:57281]' for 'GET' to '/json/version'
01:49:38.677 [AsyncHttpClient-1-9] DEBUG org.asynchttpclient.netty.handler.HttpHandler - 

Request DefaultFullHttpRequest(decodeResult: success, version: HTTP/1.1, content: EmptyByteBufBE)
GET /json/version HTTP/1.1
User-Agent: selenium/4.1.2 (java windows)
host: localhost:57281
accept: */*

Response DefaultHttpResponse(decodeResult: success, version: HTTP/1.1)
HTTP/1.1 200 OK
Content-Type: application/json; charset=UTF-8
content-length: 427

01:49:38.678 [AsyncHttpClient-1-9] DEBUG org.asynchttpclient.netty.channel.ChannelManager - Adding key: http://localhost:57281 for channel [id: 0xc728a89a, L:/127.0.0.1:57289 - R:localhost/127.0.0.1:57281]
01:49:38.688 [AsyncHttpClient-1-2] DEBUG org.asynchttpclient.netty.channel.NettyConnectListener - Using new Channel '[id: 0xbdbf68c3, L:/127.0.0.1:57290 - R:localhost/127.0.0.1:57281]' for 'GET' to '/devtools/browser/ef0636de-689d-41af-abcc-385abe3d7e9e'
01:49:38.694 [AsyncHttpClient-1-2] DEBUG org.asynchttpclient.netty.handler.WebSocketHandler - 

Request DefaultFullHttpRequest(decodeResult: success, version: HTTP/1.1, content: EmptyByteBufBE)
GET /devtools/browser/ef0636de-689d-41af-abcc-385abe3d7e9e HTTP/1.1
upgrade: websocket
connection: upgrade
sec-websocket-key: e7pjX0nqXqiHQhOSvwpBtg==
sec-websocket-version: 13
origin: http://localhost:57281
host: localhost:57281
accept: */*
user-agent: AHC/2.1

Response DefaultHttpResponse(decodeResult: success, version: HTTP/1.1)
HTTP/1.1 101 WebSocket Protocol Handshake
Upgrade: WebSocket
Connection: Upgrade
Sec-WebSocket-Accept: URjYIsq7CfUE+kCWglma3cUh+/U=

01:49:38.750 [Forwarding get on session 44f35bf5782f3ec3f9c33a5af7b5ad5f to remote] DEBUG org.asynchttpclient.netty.request.NettyRequestSender - Using pooled Channel '[id: 0xa8056d59, L:/127.0.0.1:57280 - R:localhost/127.0.0.1:63824]' for 'POST' to 'http://localhost:63824/session/44f35bf5782f3ec3f9c33a5af7b5ad5f/url'
01:49:38.751 [Forwarding get on session 44f35bf5782f3ec3f9c33a5af7b5ad5f to remote] DEBUG org.asynchttpclient.netty.request.NettyRequestSender - Using open Channel [id: 0xa8056d59, L:/127.0.0.1:57280 - R:localhost/127.0.0.1:63824] for POST '/session/44f35bf5782f3ec3f9c33a5af7b5ad5f/url'
01:49:39.573 [AsyncHttpClient-1-1] DEBUG org.asynchttpclient.netty.channel.DefaultChannelPool - Entry count for : http://localhost:57281 : 1
01:49:40.340 [AsyncHttpClient-1-8] DEBUG org.asynchttpclient.netty.handler.HttpHandler - 

Request DefaultHttpRequest(decodeResult: success, version: HTTP/1.1)
POST /session/44f35bf5782f3ec3f9c33a5af7b5ad5f/url HTTP/1.1
User-Agent: selenium/4.1.2 (java windows)
Content-Length: 64
Content-Type: application/json; charset=utf-8
host: localhost:63824
accept: */*

Response DefaultHttpResponse(decodeResult: success, version: HTTP/1.1)
HTTP/1.1 200 OK
Content-Type: application/json; charset=utf-8
cache-control: no-cache
content-length: 14

01:49:40.340 [AsyncHttpClient-1-8] DEBUG org.asynchttpclient.netty.channel.ChannelManager - Adding key: http://localhost:63824 for channel [id: 0xa8056d59, L:/127.0.0.1:57280 - R:localhost/127.0.0.1:63824]
01:49:40.346 [Forwarding setTimeout on session 44f35bf5782f3ec3f9c33a5af7b5ad5f to remote] DEBUG org.asynchttpclient.netty.request.NettyRequestSender - Using pooled Channel '[id: 0xa8056d59, L:/127.0.0.1:57280 - R:localhost/127.0.0.1:63824]' for 'POST' to 'http://localhost:63824/session/44f35bf5782f3ec3f9c33a5af7b5ad5f/timeouts'
01:49:40.346 [Forwarding setTimeout on session 44f35bf5782f3ec3f9c33a5af7b5ad5f to remote] DEBUG org.asynchttpclient.netty.request.NettyRequestSender - Using open Channel [id: 0xa8056d59, L:/127.0.0.1:57280 - R:localhost/127.0.0.1:63824] for POST '/session/44f35bf5782f3ec3f9c33a5af7b5ad5f/timeouts'
01:49:40.348 [AsyncHttpClient-1-8] DEBUG org.asynchttpclient.netty.handler.HttpHandler - 

Request DefaultHttpRequest(decodeResult: success, version: HTTP/1.1)
POST /session/44f35bf5782f3ec3f9c33a5af7b5ad5f/timeouts HTTP/1.1
User-Agent: selenium/4.1.2 (java windows)
Content-Length: 22
Content-Type: application/json; charset=utf-8
host: localhost:63824
accept: */*

Response DefaultHttpResponse(decodeResult: success, version: HTTP/1.1)
HTTP/1.1 200 OK
Content-Type: application/json; charset=utf-8
cache-control: no-cache
content-length: 14

01:49:40.348 [AsyncHttpClient-1-8] DEBUG org.asynchttpclient.netty.channel.ChannelManager - Adding key: http://localhost:63824 for channel [id: 0xa8056d59, L:/127.0.0.1:57280 - R:localhost/127.0.0.1:63824]
01:49:40.366 [Forwarding getCurrentUrl on session 44f35bf5782f3ec3f9c33a5af7b5ad5f to remote] DEBUG org.asynchttpclient.netty.request.NettyRequestSender - Using pooled Channel '[id: 0xa8056d59, L:/127.0.0.1:57280 - R:localhost/127.0.0.1:63824]' for 'GET' to 'http://localhost:63824/session/44f35bf5782f3ec3f9c33a5af7b5ad5f/url'
01:49:40.366 [Forwarding getCurrentUrl on session 44f35bf5782f3ec3f9c33a5af7b5ad5f to remote] DEBUG org.asynchttpclient.netty.request.NettyRequestSender - Using open Channel [id: 0xa8056d59, L:/127.0.0.1:57280 - R:localhost/127.0.0.1:63824] for GET '/session/44f35bf5782f3ec3f9c33a5af7b5ad5f/url'
01:49:40.378 [AsyncHttpClient-1-8] DEBUG org.asynchttpclient.netty.handler.HttpHandler - 

Request DefaultFullHttpRequest(decodeResult: success, version: HTTP/1.1, content: EmptyByteBufBE)
GET /session/44f35bf5782f3ec3f9c33a5af7b5ad5f/url HTTP/1.1
User-Agent: selenium/4.1.2 (java windows)
Cache-Control: no-cache
Content-Type: application/json; charset=utf-8
host: localhost:63824
accept: */*

Response DefaultHttpResponse(decodeResult: success, version: HTTP/1.1)
HTTP/1.1 200 OK
Content-Type: application/json; charset=utf-8
cache-control: no-cache
content-length: 41

01:49:40.378 [AsyncHttpClient-1-8] DEBUG org.asynchttpclient.netty.channel.ChannelManager - Adding key: http://localhost:63824 for channel [id: 0xa8056d59, L:/127.0.0.1:57280 - R:localhost/127.0.0.1:63824]
01:49:40.396 [Forwarding screenshot on session 44f35bf5782f3ec3f9c33a5af7b5ad5f to remote] DEBUG org.asynchttpclient.netty.request.NettyRequestSender - Using pooled Channel '[id: 0xa8056d59, L:/127.0.0.1:57280 - R:localhost/127.0.0.1:63824]' for 'GET' to 'http://localhost:63824/session/44f35bf5782f3ec3f9c33a5af7b5ad5f/screenshot'
01:49:40.397 [Forwarding screenshot on session 44f35bf5782f3ec3f9c33a5af7b5ad5f to remote] DEBUG org.asynchttpclient.netty.request.NettyRequestSender - Using open Channel [id: 0xa8056d59, L:/127.0.0.1:57280 - R:localhost/127.0.0.1:63824] for GET '/session/44f35bf5782f3ec3f9c33a5af7b5ad5f/screenshot'
01:49:40.681 [AsyncHttpClient-1-1] DEBUG org.asynchttpclient.netty.channel.DefaultChannelPool - Entry count for : http://localhost:57281 : 1
01:49:40.706 [AsyncHttpClient-1-8] DEBUG org.asynchttpclient.netty.handler.HttpHandler - 

Request DefaultFullHttpRequest(decodeResult: success, version: HTTP/1.1, content: EmptyByteBufBE)
GET /session/44f35bf5782f3ec3f9c33a5af7b5ad5f/screenshot HTTP/1.1
User-Agent: selenium/4.1.2 (java windows)
Cache-Control: no-cache
Content-Type: application/json; charset=utf-8
host: localhost:63824
accept: */*

Response DefaultHttpResponse(decodeResult: success, version: HTTP/1.1)
HTTP/1.1 200 OK
Content-Type: application/json; charset=utf-8
cache-control: no-cache
content-length: 37840

01:49:40.707 [AsyncHttpClient-1-8] DEBUG org.asynchttpclient.netty.channel.ChannelManager - Adding key: http://localhost:63824 for channel [id: 0xa8056d59, L:/127.0.0.1:57280 - R:localhost/127.0.0.1:63824]
01:49:40.710 [main] DEBUG net.serenitybdd.core.photography.Darkroom - Send negative for processing for target\site\serenity\6f2f89e8c5a543dd0a10df9cc2fb4dfa2a13d528c2d3ad44cda943733ef50e85.png
01:49:40.710 [main] DEBUG net.thucydides.core.steps.StepInterceptor - STEP DONE: onLoginPage
  &amp#27;[32mGiven &amp#27;[0m&amp#27;[32m&amp#27;[0m&amp#27;[32m&amp#27;[1mI&amp#27;[0m&amp#27;[32m on login page&amp#27;[0m                                              &amp#27;[90m# stepdefinitions.BLoginStep.iOnLoginPage(java.lang.String)&amp#27;[0m
01:49:40.739 [main] DEBUG net.thucydides.core.steps.StepInterceptor - STARTING STEP: BLoginStep.iTypeUnvalidEmail - typeMyEmail
01:49:40.743 [Forwarding findElement on session 44f35bf5782f3ec3f9c33a5af7b5ad5f to remote] DEBUG org.asynchttpclient.netty.request.NettyRequestSender - Using pooled Channel '[id: 0xa8056d59, L:/127.0.0.1:57280 - R:localhost/127.0.0.1:63824]' for 'POST' to 'http://localhost:63824/session/44f35bf5782f3ec3f9c33a5af7b5ad5f/element'
01:49:40.743 [Forwarding findElement on session 44f35bf5782f3ec3f9c33a5af7b5ad5f to remote] DEBUG org.asynchttpclient.netty.request.NettyRequestSender - Using open Channel [id: 0xa8056d59, L:/127.0.0.1:57280 - R:localhost/127.0.0.1:63824] for POST '/session/44f35bf5782f3ec3f9c33a5af7b5ad5f/element'
01:49:40.766 [AsyncHttpClient-1-8] DEBUG org.asynchttpclient.netty.handler.HttpHandler - 

Request DefaultHttpRequest(decodeResult: success, version: HTTP/1.1)
POST /session/44f35bf5782f3ec3f9c33a5af7b5ad5f/element HTTP/1.1
User-Agent: selenium/4.1.2 (java windows)
Content-Length: 84
Content-Type: application/json; charset=utf-8
host: localhost:63824
accept: */*

Response DefaultHttpResponse(decodeResult: success, version: HTTP/1.1)
HTTP/1.1 200 OK
Content-Type: application/json; charset=utf-8
cache-control: no-cache
content-length: 88

01:49:40.766 [AsyncHttpClient-1-8] DEBUG org.asynchttpclient.netty.channel.ChannelManager - Adding key: http://localhost:63824 for channel [id: 0xa8056d59, L:/127.0.0.1:57280 - R:localhost/127.0.0.1:63824]
01:49:40.770 [Forwarding sendKeysToElement on session 44f35bf5782f3ec3f9c33a5af7b5ad5f to remote] DEBUG org.asynchttpclient.netty.request.NettyRequestSender - Using pooled Channel '[id: 0xa8056d59, L:/127.0.0.1:57280 - R:localhost/127.0.0.1:63824]' for 'POST' to 'http://localhost:63824/session/44f35bf5782f3ec3f9c33a5af7b5ad5f/element/bce1c2d2-31c6-4526-80bc-05c4bd02807f/value'
01:49:40.770 [Forwarding sendKeysToElement on session 44f35bf5782f3ec3f9c33a5af7b5ad5f to remote] DEBUG org.asynchttpclient.netty.request.NettyRequestSender - Using open Channel [id: 0xa8056d59, L:/127.0.0.1:57280 - R:localhost/127.0.0.1:63824] for POST '/session/44f35bf5782f3ec3f9c33a5af7b5ad5f/element/bce1c2d2-31c6-4526-80bc-05c4bd02807f/value'
01:49:41.052 [AsyncHttpClient-1-8] DEBUG org.asynchttpclient.netty.handler.HttpHandler - 

Request DefaultHttpRequest(decodeResult: success, version: HTTP/1.1)
POST /session/44f35bf5782f3ec3f9c33a5af7b5ad5f/element/bce1c2d2-31c6-4526-80bc-05c4bd02807f/value HTTP/1.1
User-Agent: selenium/4.1.2 (java windows)
Content-Length: 241
Content-Type: application/json; charset=utf-8
host: localhost:63824
accept: */*

Response DefaultHttpResponse(decodeResult: success, version: HTTP/1.1)
HTTP/1.1 200 OK
Content-Type: application/json; charset=utf-8
cache-control: no-cache
content-length: 14

01:49:41.053 [AsyncHttpClient-1-8] DEBUG org.asynchttpclient.netty.channel.ChannelManager - Adding key: http://localhost:63824 for channel [id: 0xa8056d59, L:/127.0.0.1:57280 - R:localhost/127.0.0.1:63824]
01:49:41.067 [Forwarding screenshot on session 44f35bf5782f3ec3f9c33a5af7b5ad5f to remote] DEBUG org.asynchttpclient.netty.request.NettyRequestSender - Using pooled Channel '[id: 0xa8056d59, L:/127.0.0.1:57280 - R:localhost/127.0.0.1:63824]' for 'GET' to 'http://localhost:63824/session/44f35bf5782f3ec3f9c33a5af7b5ad5f/screenshot'
01:49:41.067 [Forwarding screenshot on session 44f35bf5782f3ec3f9c33a5af7b5ad5f to remote] DEBUG org.asynchttpclient.netty.request.NettyRequestSender - Using open Channel [id: 0xa8056d59, L:/127.0.0.1:57280 - R:localhost/127.0.0.1:63824] for GET '/session/44f35bf5782f3ec3f9c33a5af7b5ad5f/screenshot'
01:49:41.303 [AsyncHttpClient-1-8] DEBUG org.asynchttpclient.netty.handler.HttpHandler - 

Request DefaultFullHttpRequest(decodeResult: success, version: HTTP/1.1, content: EmptyByteBufBE)
GET /session/44f35bf5782f3ec3f9c33a5af7b5ad5f/screenshot HTTP/1.1
User-Agent: selenium/4.1.2 (java windows)
Cache-Control: no-cache
Content-Type: application/json; charset=utf-8
host: localhost:63824
accept: */*

Response DefaultHttpResponse(decodeResult: success, version: HTTP/1.1)
HTTP/1.1 200 OK
Content-Type: application/json; charset=utf-8
cache-control: no-cache
content-length: 45912

01:49:41.304 [AsyncHttpClient-1-8] DEBUG org.asynchttpclient.netty.channel.ChannelManager - Adding key: http://localhost:63824 for channel [id: 0xa8056d59, L:/127.0.0.1:57280 - R:localhost/127.0.0.1:63824]
01:49:41.309 [main] DEBUG net.serenitybdd.core.photography.Darkroom - Send negative for processing for target\site\serenity\c1815f88e3f96e11cebf1617f9b7dd18785d894a59ea1da54ea98444876e70cf.png
01:49:41.310 [main] DEBUG net.thucydides.core.steps.StepInterceptor - STEP DONE: typeMyEmail
  &amp#27;[32mWhen &amp#27;[0m&amp#27;[32mI type unvalid email &amp#27;[0m&amp#27;[32m&amp#27;[1maisyah@gmail.com&amp#27;[0m                         &amp#27;[90m# stepdefinitions.BLoginStep.iTypeUnvalidEmail(java.lang.String)&amp#27;[0m
01:49:41.310 [Darkroom Processing Line] DEBUG net.serenitybdd.core.photography.DarkroomProcessingLine - Processing screenshot image in /var/screenshots/screenshot-17038608036620756758
01:49:41.311 [Darkroom Processing Line] DEBUG net.serenitybdd.core.photography.DarkroomProcessingLine - Saving screenshot to target\site\serenity\c1815f88e3f96e11cebf1617f9b7dd18785d894a59ea1da54ea98444876e70cf.png
01:49:41.344 [main] DEBUG net.thucydides.core.steps.StepInterceptor - STARTING STEP: BLoginStep.iTypeValidPassword - typeMyPassword
01:49:41.351 [Forwarding findElement on session 44f35bf5782f3ec3f9c33a5af7b5ad5f to remote] DEBUG org.asynchttpclient.netty.request.NettyRequestSender - Using pooled Channel '[id: 0xa8056d59, L:/127.0.0.1:57280 - R:localhost/127.0.0.1:63824]' for 'POST' to 'http://localhost:63824/session/44f35bf5782f3ec3f9c33a5af7b5ad5f/element'
01:49:41.351 [Forwarding findElement on session 44f35bf5782f3ec3f9c33a5af7b5ad5f to remote] DEBUG org.asynchttpclient.netty.request.NettyRequestSender - Using open Channel [id: 0xa8056d59, L:/127.0.0.1:57280 - R:localhost/127.0.0.1:63824] for POST '/session/44f35bf5782f3ec3f9c33a5af7b5ad5f/element'
01:49:41.373 [AsyncHttpClient-1-8] DEBUG org.asynchttpclient.netty.handler.HttpHandler - 

Request DefaultHttpRequest(decodeResult: success, version: HTTP/1.1)
POST /session/44f35bf5782f3ec3f9c33a5af7b5ad5f/element HTTP/1.1
User-Agent: selenium/4.1.2 (java windows)
Content-Length: 87
Content-Type: application/json; charset=utf-8
host: localhost:63824
accept: */*

Response DefaultHttpResponse(decodeResult: success, version: HTTP/1.1)
HTTP/1.1 200 OK
Content-Type: application/json; charset=utf-8
cache-control: no-cache
content-length: 88

01:49:41.373 [AsyncHttpClient-1-8] DEBUG org.asynchttpclient.netty.channel.ChannelManager - Adding key: http://localhost:63824 for channel [id: 0xa8056d59, L:/127.0.0.1:57280 - R:localhost/127.0.0.1:63824]
01:49:41.379 [Forwarding sendKeysToElement on session 44f35bf5782f3ec3f9c33a5af7b5ad5f to remote] DEBUG org.asynchttpclient.netty.request.NettyRequestSender - Using pooled Channel '[id: 0xa8056d59, L:/127.0.0.1:57280 - R:localhost/127.0.0.1:63824]' for 'POST' to 'http://localhost:63824/session/44f35bf5782f3ec3f9c33a5af7b5ad5f/element/e62d30cd-ef88-4d9d-8d43-2aed88d4dee5/value'
01:49:41.379 [Forwarding sendKeysToElement on session 44f35bf5782f3ec3f9c33a5af7b5ad5f to remote] DEBUG org.asynchttpclient.netty.request.NettyRequestSender - Using open Channel [id: 0xa8056d59, L:/127.0.0.1:57280 - R:localhost/127.0.0.1:63824] for POST '/session/44f35bf5782f3ec3f9c33a5af7b5ad5f/element/e62d30cd-ef88-4d9d-8d43-2aed88d4dee5/value'
01:49:41.536 [AsyncHttpClient-1-8] DEBUG org.asynchttpclient.netty.handler.HttpHandler - 

Request DefaultHttpRequest(decodeResult: success, version: HTTP/1.1)
POST /session/44f35bf5782f3ec3f9c33a5af7b5ad5f/element/e62d30cd-ef88-4d9d-8d43-2aed88d4dee5/value HTTP/1.1
User-Agent: selenium/4.1.2 (java windows)
Content-Length: 131
Content-Type: application/json; charset=utf-8
host: localhost:63824
accept: */*

Response DefaultHttpResponse(decodeResult: success, version: HTTP/1.1)
HTTP/1.1 200 OK
Content-Type: application/json; charset=utf-8
cache-control: no-cache
content-length: 14

01:49:41.537 [AsyncHttpClient-1-8] DEBUG org.asynchttpclient.netty.channel.ChannelManager - Adding key: http://localhost:63824 for channel [id: 0xa8056d59, L:/127.0.0.1:57280 - R:localhost/127.0.0.1:63824]
01:49:41.549 [Forwarding screenshot on session 44f35bf5782f3ec3f9c33a5af7b5ad5f to remote] DEBUG org.asynchttpclient.netty.request.NettyRequestSender - Using pooled Channel '[id: 0xa8056d59, L:/127.0.0.1:57280 - R:localhost/127.0.0.1:63824]' for 'GET' to 'http://localhost:63824/session/44f35bf5782f3ec3f9c33a5af7b5ad5f/screenshot'
01:49:41.549 [Forwarding screenshot on session 44f35bf5782f3ec3f9c33a5af7b5ad5f to remote] DEBUG org.asynchttpclient.netty.request.NettyRequestSender - Using open Channel [id: 0xa8056d59, L:/127.0.0.1:57280 - R:localhost/127.0.0.1:63824] for GET '/session/44f35bf5782f3ec3f9c33a5af7b5ad5f/screenshot'
01:49:41.730 [AsyncHttpClient-1-8] DEBUG org.asynchttpclient.netty.handler.HttpHandler - 

Request DefaultFullHttpRequest(decodeResult: success, version: HTTP/1.1, content: EmptyByteBufBE)
GET /session/44f35bf5782f3ec3f9c33a5af7b5ad5f/screenshot HTTP/1.1
User-Agent: selenium/4.1.2 (java windows)
Cache-Control: no-cache
Content-Type: application/json; charset=utf-8
host: localhost:63824
accept: */*

Response DefaultHttpResponse(decodeResult: success, version: HTTP/1.1)
HTTP/1.1 200 OK
Content-Type: application/json; charset=utf-8
cache-control: no-cache
content-length: 47264

01:49:41.731 [AsyncHttpClient-1-8] DEBUG org.asynchttpclient.netty.channel.ChannelManager - Adding key: http://localhost:63824 for channel [id: 0xa8056d59, L:/127.0.0.1:57280 - R:localhost/127.0.0.1:63824]
01:49:41.734 [main] DEBUG net.serenitybdd.core.photography.Darkroom - Send negative for processing for target\site\serenity\5d61e966fb51055d2f4d2bdd9d122bd8990dc18cca4bfa247790e674c184b9b1.png
01:49:41.734 [main] DEBUG net.thucydides.core.steps.StepInterceptor - STEP DONE: typeMyPassword
  &amp#27;[32mAnd &amp#27;[0m&amp#27;[32mI type valid password &amp#27;[0m&amp#27;[32m&amp#27;[1maiueo&amp#27;[0m                                    &amp#27;[90m# stepdefinitions.BLoginStep.iTypeValidPassword(java.lang.String)&amp#27;[0m
01:49:41.735 [Darkroom Processing Line] DEBUG net.serenitybdd.core.photography.DarkroomProcessingLine - Processing screenshot image in /var/screenshots/screenshot-18024649382087899401
01:49:41.735 [Darkroom Processing Line] DEBUG net.serenitybdd.core.photography.DarkroomProcessingLine - Saving screenshot to target\site\serenity\5d61e966fb51055d2f4d2bdd9d122bd8990dc18cca4bfa247790e674c184b9b1.png
01:49:41.767 [main] DEBUG net.thucydides.core.steps.StepInterceptor - STARTING STEP: BLoginStep.iClickLoginBttn - clickLoginButton
01:49:41.773 [Forwarding findElement on session 44f35bf5782f3ec3f9c33a5af7b5ad5f to remote] DEBUG org.asynchttpclient.netty.request.NettyRequestSender - Using pooled Channel '[id: 0xa8056d59, L:/127.0.0.1:57280 - R:localhost/127.0.0.1:63824]' for 'POST' to 'http://localhost:63824/session/44f35bf5782f3ec3f9c33a5af7b5ad5f/element'
01:49:41.776 [Forwarding findElement on session 44f35bf5782f3ec3f9c33a5af7b5ad5f to remote] DEBUG org.asynchttpclient.netty.request.NettyRequestSender - Using open Channel [id: 0xa8056d59, L:/127.0.0.1:57280 - R:localhost/127.0.0.1:63824] for POST '/session/44f35bf5782f3ec3f9c33a5af7b5ad5f/element'
01:49:41.782 [AsyncHttpClient-1-1] DEBUG org.asynchttpclient.netty.channel.DefaultChannelPool - Entry count for : http://localhost:57281 : 1
01:49:41.806 [AsyncHttpClient-1-8] DEBUG org.asynchttpclient.netty.handler.HttpHandler - 

Request DefaultHttpRequest(decodeResult: success, version: HTTP/1.1)
POST /session/44f35bf5782f3ec3f9c33a5af7b5ad5f/element HTTP/1.1
User-Agent: selenium/4.1.2 (java windows)
Content-Length: 155
Content-Type: application/json; charset=utf-8
host: localhost:63824
accept: */*

Response DefaultHttpResponse(decodeResult: success, version: HTTP/1.1)
HTTP/1.1 200 OK
Content-Type: application/json; charset=utf-8
cache-control: no-cache
content-length: 88

01:49:41.806 [AsyncHttpClient-1-8] DEBUG org.asynchttpclient.netty.channel.ChannelManager - Adding key: http://localhost:63824 for channel [id: 0xa8056d59, L:/127.0.0.1:57280 - R:localhost/127.0.0.1:63824]
01:49:41.816 [Forwarding getElementTagName on session 44f35bf5782f3ec3f9c33a5af7b5ad5f to remote] DEBUG org.asynchttpclient.netty.request.NettyRequestSender - Using pooled Channel '[id: 0xa8056d59, L:/127.0.0.1:57280 - R:localhost/127.0.0.1:63824]' for 'GET' to 'http://localhost:63824/session/44f35bf5782f3ec3f9c33a5af7b5ad5f/element/afe40d8b-9341-4f27-97ad-d45825ec8b9b/name'
01:49:41.816 [Forwarding getElementTagName on session 44f35bf5782f3ec3f9c33a5af7b5ad5f to remote] DEBUG org.asynchttpclient.netty.request.NettyRequestSender - Using open Channel [id: 0xa8056d59, L:/127.0.0.1:57280 - R:localhost/127.0.0.1:63824] for GET '/session/44f35bf5782f3ec3f9c33a5af7b5ad5f/element/afe40d8b-9341-4f27-97ad-d45825ec8b9b/name'
01:49:41.823 [AsyncHttpClient-1-8] DEBUG org.asynchttpclient.netty.handler.HttpHandler - 

Request DefaultFullHttpRequest(decodeResult: success, version: HTTP/1.1, content: EmptyByteBufBE)
GET /session/44f35bf5782f3ec3f9c33a5af7b5ad5f/element/afe40d8b-9341-4f27-97ad-d45825ec8b9b/name HTTP/1.1
User-Agent: selenium/4.1.2 (java windows)
Cache-Control: no-cache
Content-Type: application/json; charset=utf-8
host: localhost:63824
accept: */*

Response DefaultHttpResponse(decodeResult: success, version: HTTP/1.1)
HTTP/1.1 200 OK
Content-Type: application/json; charset=utf-8
cache-control: no-cache
content-length: 18

01:49:41.824 [AsyncHttpClient-1-8] DEBUG org.asynchttpclient.netty.channel.ChannelManager - Adding key: http://localhost:63824 for channel [id: 0xa8056d59, L:/127.0.0.1:57280 - R:localhost/127.0.0.1:63824]
01:49:41.830 [Forwarding getElementTagName on session 44f35bf5782f3ec3f9c33a5af7b5ad5f to remote] DEBUG org.asynchttpclient.netty.request.NettyRequestSender - Using pooled Channel '[id: 0xa8056d59, L:/127.0.0.1:57280 - R:localhost/127.0.0.1:63824]' for 'GET' to 'http://localhost:63824/session/44f35bf5782f3ec3f9c33a5af7b5ad5f/element/afe40d8b-9341-4f27-97ad-d45825ec8b9b/name'
01:49:41.830 [Forwarding getElementTagName on session 44f35bf5782f3ec3f9c33a5af7b5ad5f to remote] DEBUG org.asynchttpclient.netty.request.NettyRequestSender - Using open Channel [id: 0xa8056d59, L:/127.0.0.1:57280 - R:localhost/127.0.0.1:63824] for GET '/session/44f35bf5782f3ec3f9c33a5af7b5ad5f/element/afe40d8b-9341-4f27-97ad-d45825ec8b9b/name'
01:49:41.837 [AsyncHttpClient-1-8] DEBUG org.asynchttpclient.netty.handler.HttpHandler - 

Request DefaultFullHttpRequest(decodeResult: success, version: HTTP/1.1, content: EmptyByteBufBE)
GET /session/44f35bf5782f3ec3f9c33a5af7b5ad5f/element/afe40d8b-9341-4f27-97ad-d45825ec8b9b/name HTTP/1.1
User-Agent: selenium/4.1.2 (java windows)
Cache-Control: no-cache
Content-Type: application/json; charset=utf-8
host: localhost:63824
accept: */*

Response DefaultHttpResponse(decodeResult: success, version: HTTP/1.1)
HTTP/1.1 200 OK
Content-Type: application/json; charset=utf-8
cache-control: no-cache
content-length: 18

01:49:41.837 [AsyncHttpClient-1-8] DEBUG org.asynchttpclient.netty.channel.ChannelManager - Adding key: http://localhost:63824 for channel [id: 0xa8056d59, L:/127.0.0.1:57280 - R:localhost/127.0.0.1:63824]
01:49:41.844 [Forwarding isElementEnabled on session 44f35bf5782f3ec3f9c33a5af7b5ad5f to remote] DEBUG org.asynchttpclient.netty.request.NettyRequestSender - Using pooled Channel '[id: 0xa8056d59, L:/127.0.0.1:57280 - R:localhost/127.0.0.1:63824]' for 'GET' to 'http://localhost:63824/session/44f35bf5782f3ec3f9c33a5af7b5ad5f/element/afe40d8b-9341-4f27-97ad-d45825ec8b9b/enabled'
01:49:41.844 [Forwarding isElementEnabled on session 44f35bf5782f3ec3f9c33a5af7b5ad5f to remote] DEBUG org.asynchttpclient.netty.request.NettyRequestSender - Using open Channel [id: 0xa8056d59, L:/127.0.0.1:57280 - R:localhost/127.0.0.1:63824] for GET '/session/44f35bf5782f3ec3f9c33a5af7b5ad5f/element/afe40d8b-9341-4f27-97ad-d45825ec8b9b/enabled'
01:49:41.862 [AsyncHttpClient-1-8] DEBUG org.asynchttpclient.netty.handler.HttpHandler - 

Request DefaultFullHttpRequest(decodeResult: success, version: HTTP/1.1, content: EmptyByteBufBE)
GET /session/44f35bf5782f3ec3f9c33a5af7b5ad5f/element/afe40d8b-9341-4f27-97ad-d45825ec8b9b/enabled HTTP/1.1
User-Agent: selenium/4.1.2 (java windows)
Cache-Control: no-cache
Content-Type: application/json; charset=utf-8
host: localhost:63824
accept: */*

Response DefaultHttpResponse(decodeResult: success, version: HTTP/1.1)
HTTP/1.1 200 OK
Content-Type: application/json; charset=utf-8
cache-control: no-cache
content-length: 14

01:49:41.862 [AsyncHttpClient-1-8] DEBUG org.asynchttpclient.netty.channel.ChannelManager - Adding key: http://localhost:63824 for channel [id: 0xa8056d59, L:/127.0.0.1:57280 - R:localhost/127.0.0.1:63824]
01:49:41.865 [Forwarding isElementEnabled on session 44f35bf5782f3ec3f9c33a5af7b5ad5f to remote] DEBUG org.asynchttpclient.netty.request.NettyRequestSender - Using pooled Channel '[id: 0xa8056d59, L:/127.0.0.1:57280 - R:localhost/127.0.0.1:63824]' for 'GET' to 'http://localhost:63824/session/44f35bf5782f3ec3f9c33a5af7b5ad5f/element/afe40d8b-9341-4f27-97ad-d45825ec8b9b/enabled'
01:49:41.865 [Forwarding isElementEnabled on session 44f35bf5782f3ec3f9c33a5af7b5ad5f to remote] DEBUG org.asynchttpclient.netty.request.NettyRequestSender - Using open Channel [id: 0xa8056d59, L:/127.0.0.1:57280 - R:localhost/127.0.0.1:63824] for GET '/session/44f35bf5782f3ec3f9c33a5af7b5ad5f/element/afe40d8b-9341-4f27-97ad-d45825ec8b9b/enabled'
01:49:41.885 [AsyncHttpClient-1-8] DEBUG org.asynchttpclient.netty.handler.HttpHandler - 

Request DefaultFullHttpRequest(decodeResult: success, version: HTTP/1.1, content: EmptyByteBufBE)
GET /session/44f35bf5782f3ec3f9c33a5af7b5ad5f/element/afe40d8b-9341-4f27-97ad-d45825ec8b9b/enabled HTTP/1.1
User-Agent: selenium/4.1.2 (java windows)
Cache-Control: no-cache
Content-Type: application/json; charset=utf-8
host: localhost:63824
accept: */*

Response DefaultHttpResponse(decodeResult: success, version: HTTP/1.1)
HTTP/1.1 200 OK
Content-Type: application/json; charset=utf-8
cache-control: no-cache
content-length: 14

01:49:41.885 [AsyncHttpClient-1-8] DEBUG org.asynchttpclient.netty.channel.ChannelManager - Adding key: http://localhost:63824 for channel [id: 0xa8056d59, L:/127.0.0.1:57280 - R:localhost/127.0.0.1:63824]
01:49:41.895 [Forwarding findElement on session 44f35bf5782f3ec3f9c33a5af7b5ad5f to remote] DEBUG org.asynchttpclient.netty.request.NettyRequestSender - Using pooled Channel '[id: 0xa8056d59, L:/127.0.0.1:57280 - R:localhost/127.0.0.1:63824]' for 'POST' to 'http://localhost:63824/session/44f35bf5782f3ec3f9c33a5af7b5ad5f/element'
01:49:41.895 [Forwarding findElement on session 44f35bf5782f3ec3f9c33a5af7b5ad5f to remote] DEBUG org.asynchttpclient.netty.request.NettyRequestSender - Using open Channel [id: 0xa8056d59, L:/127.0.0.1:57280 - R:localhost/127.0.0.1:63824] for POST '/session/44f35bf5782f3ec3f9c33a5af7b5ad5f/element'
01:49:41.914 [AsyncHttpClient-1-8] DEBUG org.asynchttpclient.netty.handler.HttpHandler - 

Request DefaultHttpRequest(decodeResult: success, version: HTTP/1.1)
POST /session/44f35bf5782f3ec3f9c33a5af7b5ad5f/element HTTP/1.1
User-Agent: selenium/4.1.2 (java windows)
Content-Length: 155
Content-Type: application/json; charset=utf-8
host: localhost:63824
accept: */*

Response DefaultHttpResponse(decodeResult: success, version: HTTP/1.1)
HTTP/1.1 200 OK
Content-Type: application/json; charset=utf-8
cache-control: no-cache
content-length: 88

01:49:41.914 [AsyncHttpClient-1-8] DEBUG org.asynchttpclient.netty.channel.ChannelManager - Adding key: http://localhost:63824 for channel [id: 0xa8056d59, L:/127.0.0.1:57280 - R:localhost/127.0.0.1:63824]
01:49:41.918 [Forwarding clickElement on session 44f35bf5782f3ec3f9c33a5af7b5ad5f to remote] DEBUG org.asynchttpclient.netty.request.NettyRequestSender - Using pooled Channel '[id: 0xa8056d59, L:/127.0.0.1:57280 - R:localhost/127.0.0.1:63824]' for 'POST' to 'http://localhost:63824/session/44f35bf5782f3ec3f9c33a5af7b5ad5f/element/afe40d8b-9341-4f27-97ad-d45825ec8b9b/click'
01:49:41.918 [Forwarding clickElement on session 44f35bf5782f3ec3f9c33a5af7b5ad5f to remote] DEBUG org.asynchttpclient.netty.request.NettyRequestSender - Using open Channel [id: 0xa8056d59, L:/127.0.0.1:57280 - R:localhost/127.0.0.1:63824] for POST '/session/44f35bf5782f3ec3f9c33a5af7b5ad5f/element/afe40d8b-9341-4f27-97ad-d45825ec8b9b/click'
01:49:42.049 [AsyncHttpClient-1-8] DEBUG org.asynchttpclient.netty.handler.HttpHandler - 

Request DefaultHttpRequest(decodeResult: success, version: HTTP/1.1)
POST /session/44f35bf5782f3ec3f9c33a5af7b5ad5f/element/afe40d8b-9341-4f27-97ad-d45825ec8b9b/click HTTP/1.1
User-Agent: selenium/4.1.2 (java windows)
Content-Length: 50
Content-Type: application/json; charset=utf-8
host: localhost:63824
accept: */*

Response DefaultHttpResponse(decodeResult: success, version: HTTP/1.1)
HTTP/1.1 200 OK
Content-Type: application/json; charset=utf-8
cache-control: no-cache
content-length: 14

01:49:42.050 [AsyncHttpClient-1-8] DEBUG org.asynchttpclient.netty.channel.ChannelManager - Adding key: http://localhost:63824 for channel [id: 0xa8056d59, L:/127.0.0.1:57280 - R:localhost/127.0.0.1:63824]
01:49:42.064 [Forwarding screenshot on session 44f35bf5782f3ec3f9c33a5af7b5ad5f to remote] DEBUG org.asynchttpclient.netty.request.NettyRequestSender - Using pooled Channel '[id: 0xa8056d59, L:/127.0.0.1:57280 - R:localhost/127.0.0.1:63824]' for 'GET' to 'http://localhost:63824/session/44f35bf5782f3ec3f9c33a5af7b5ad5f/screenshot'
01:49:42.065 [Forwarding screenshot on session 44f35bf5782f3ec3f9c33a5af7b5ad5f to remote] DEBUG org.asynchttpclient.netty.request.NettyRequestSender - Using open Channel [id: 0xa8056d59, L:/127.0.0.1:57280 - R:localhost/127.0.0.1:63824] for GET '/session/44f35bf5782f3ec3f9c33a5af7b5ad5f/screenshot'
01:49:42.509 [AsyncHttpClient-1-8] DEBUG org.asynchttpclient.netty.handler.HttpHandler - 

Request DefaultFullHttpRequest(decodeResult: success, version: HTTP/1.1, content: EmptyByteBufBE)
GET /session/44f35bf5782f3ec3f9c33a5af7b5ad5f/screenshot HTTP/1.1
User-Agent: selenium/4.1.2 (java windows)
Cache-Control: no-cache
Content-Type: application/json; charset=utf-8
host: localhost:63824
accept: */*

Response DefaultHttpResponse(decodeResult: success, version: HTTP/1.1)
HTTP/1.1 200 OK
Content-Type: application/json; charset=utf-8
cache-control: no-cache
content-length: 46500

01:49:42.511 [AsyncHttpClient-1-8] DEBUG org.asynchttpclient.netty.channel.ChannelManager - Adding key: http://localhost:63824 for channel [id: 0xa8056d59, L:/127.0.0.1:57280 - R:localhost/127.0.0.1:63824]
01:49:42.514 [main] DEBUG net.serenitybdd.core.photography.Darkroom - Send negative for processing for target\site\serenity\ee261ec52bf8080a82711e454db2a0bdce8961670d28a33b2e9c9bea30e40aff.png
01:49:42.515 [main] DEBUG net.thucydides.core.steps.StepInterceptor - STEP DONE: clickLoginButton
  &amp#27;[32mAnd &amp#27;[0m&amp#27;[32mI click login button&amp#27;[0m                                           &amp#27;[90m# stepdefinitions.BLoginStep.iClickLoginBttn()&amp#27;[0m
01:49:42.515 [Darkroom Processing Line] DEBUG net.serenitybdd.core.photography.DarkroomProcessingLine - Processing screenshot image in /var/screenshots/screenshot-8349762786639158322
01:49:42.515 [Darkroom Processing Line] DEBUG net.serenitybdd.core.photography.DarkroomProcessingLine - Saving screenshot to target\site\serenity\ee261ec52bf8080a82711e454db2a0bdce8961670d28a33b2e9c9bea30e40aff.png
01:49:42.539 [main] DEBUG net.thucydides.core.steps.StepInterceptor - STARTING STEP: BLoginStep.iGotErrorMssage - gotErrorMassage
01:49:42.546 [Forwarding findElement on session 44f35bf5782f3ec3f9c33a5af7b5ad5f to remote] DEBUG org.asynchttpclient.netty.request.NettyRequestSender - Using pooled Channel '[id: 0xa8056d59, L:/127.0.0.1:57280 - R:localhost/127.0.0.1:63824]' for 'POST' to 'http://localhost:63824/session/44f35bf5782f3ec3f9c33a5af7b5ad5f/element'
01:49:42.546 [Forwarding findElement on session 44f35bf5782f3ec3f9c33a5af7b5ad5f to remote] DEBUG org.asynchttpclient.netty.request.NettyRequestSender - Using open Channel [id: 0xa8056d59, L:/127.0.0.1:57280 - R:localhost/127.0.0.1:63824] for POST '/session/44f35bf5782f3ec3f9c33a5af7b5ad5f/element'
01:49:42.550 [AsyncHttpClient-1-8] DEBUG org.asynchttpclient.netty.handler.HttpHandler - 

Request DefaultHttpRequest(decodeResult: success, version: HTTP/1.1)
POST /session/44f35bf5782f3ec3f9c33a5af7b5ad5f/element HTTP/1.1
User-Agent: selenium/4.1.2 (java windows)
Content-Length: 53
Content-Type: application/json; charset=utf-8
host: localhost:63824
accept: */*

Response DefaultHttpResponse(decodeResult: success, version: HTTP/1.1)
HTTP/1.1 400 Bad Request
Content-Type: application/json; charset=utf-8
cache-control: no-cache
content-length: 957

01:49:42.550 [AsyncHttpClient-1-8] DEBUG org.asynchttpclient.netty.channel.ChannelManager - Adding key: http://localhost:63824 for channel [id: 0xa8056d59, L:/127.0.0.1:57280 - R:localhost/127.0.0.1:63824]
01:49:42.553 [Forwarding findElement on session 44f35bf5782f3ec3f9c33a5af7b5ad5f to remote] DEBUG org.asynchttpclient.netty.request.NettyRequestSender - Using pooled Channel '[id: 0xa8056d59, L:/127.0.0.1:57280 - R:localhost/127.0.0.1:63824]' for 'POST' to 'http://localhost:63824/session/44f35bf5782f3ec3f9c33a5af7b5ad5f/element'
01:49:42.553 [Forwarding findElement on session 44f35bf5782f3ec3f9c33a5af7b5ad5f to remote] DEBUG org.asynchttpclient.netty.request.NettyRequestSender - Using open Channel [id: 0xa8056d59, L:/127.0.0.1:57280 - R:localhost/127.0.0.1:63824] for POST '/session/44f35bf5782f3ec3f9c33a5af7b5ad5f/element'
01:49:42.571 [AsyncHttpClient-1-8] DEBUG org.asynchttpclient.netty.handler.HttpHandler - 

Request DefaultHttpRequest(decodeResult: success, version: HTTP/1.1)
POST /session/44f35bf5782f3ec3f9c33a5af7b5ad5f/element HTTP/1.1
User-Agent: selenium/4.1.2 (java windows)
Content-Length: 63
Content-Type: application/json; charset=utf-8
host: localhost:63824
accept: */*

Response DefaultHttpResponse(decodeResult: success, version: HTTP/1.1)
HTTP/1.1 200 OK
Content-Type: application/json; charset=utf-8
cache-control: no-cache
content-length: 88

01:49:42.571 [AsyncHttpClient-1-8] DEBUG org.asynchttpclient.netty.channel.ChannelManager - Adding key: http://localhost:63824 for channel [id: 0xa8056d59, L:/127.0.0.1:57280 - R:localhost/127.0.0.1:63824]
01:49:42.580 [Forwarding isElementDisplayed on session 44f35bf5782f3ec3f9c33a5af7b5ad5f to remote] DEBUG org.asynchttpclient.netty.request.NettyRequestSender - Using pooled Channel '[id: 0xa8056d59, L:/127.0.0.1:57280 - R:localhost/127.0.0.1:63824]' for 'POST' to 'http://localhost:63824/session/44f35bf5782f3ec3f9c33a5af7b5ad5f/execute/sync'
01:49:42.580 [Forwarding isElementDisplayed on session 44f35bf5782f3ec3f9c33a5af7b5ad5f to remote] DEBUG org.asynchttpclient.netty.request.NettyRequestSender - Using open Channel [id: 0xa8056d59, L:/127.0.0.1:57280 - R:localhost/127.0.0.1:63824] for POST '/session/44f35bf5782f3ec3f9c33a5af7b5ad5f/execute/sync'
01:49:42.602 [AsyncHttpClient-1-8] DEBUG org.asynchttpclient.netty.handler.HttpHandler - 

Request DefaultHttpRequest(decodeResult: success, version: HTTP/1.1)
POST /session/44f35bf5782f3ec3f9c33a5af7b5ad5f/execute/sync HTTP/1.1
User-Agent: selenium/4.1.2 (java windows)
Content-Length: 48780
Content-Type: application/json; charset=utf-8
host: localhost:63824
accept: */*

Response DefaultHttpResponse(decodeResult: success, version: HTTP/1.1)
HTTP/1.1 200 OK
Content-Type: application/json; charset=utf-8
cache-control: no-cache
content-length: 14

01:49:42.603 [AsyncHttpClient-1-8] DEBUG org.asynchttpclient.netty.channel.ChannelManager - Adding key: http://localhost:63824 for channel [id: 0xa8056d59, L:/127.0.0.1:57280 - R:localhost/127.0.0.1:63824]
01:49:42.612 [Forwarding screenshot on session 44f35bf5782f3ec3f9c33a5af7b5ad5f to remote] DEBUG org.asynchttpclient.netty.request.NettyRequestSender - Using pooled Channel '[id: 0xa8056d59, L:/127.0.0.1:57280 - R:localhost/127.0.0.1:63824]' for 'GET' to 'http://localhost:63824/session/44f35bf5782f3ec3f9c33a5af7b5ad5f/screenshot'
01:49:42.612 [Forwarding screenshot on session 44f35bf5782f3ec3f9c33a5af7b5ad5f to remote] DEBUG org.asynchttpclient.netty.request.NettyRequestSender - Using open Channel [id: 0xa8056d59, L:/127.0.0.1:57280 - R:localhost/127.0.0.1:63824] for GET '/session/44f35bf5782f3ec3f9c33a5af7b5ad5f/screenshot'
01:49:42.865 [AsyncHttpClient-1-8] DEBUG org.asynchttpclient.netty.handler.HttpHandler - 

Request DefaultFullHttpRequest(decodeResult: success, version: HTTP/1.1, content: EmptyByteBufBE)
GET /session/44f35bf5782f3ec3f9c33a5af7b5ad5f/screenshot HTTP/1.1
User-Agent: selenium/4.1.2 (java windows)
Cache-Control: no-cache
Content-Type: application/json; charset=utf-8
host: localhost:63824
accept: */*

Response DefaultHttpResponse(decodeResult: success, version: HTTP/1.1)
HTTP/1.1 200 OK
Content-Type: application/json; charset=utf-8
cache-control: no-cache
content-length: 56776

01:49:42.866 [AsyncHttpClient-1-8] DEBUG org.asynchttpclient.netty.channel.ChannelManager - Adding key: http://localhost:63824 for channel [id: 0xa8056d59, L:/127.0.0.1:57280 - R:localhost/127.0.0.1:63824]
01:49:42.869 [main] DEBUG net.serenitybdd.core.photography.Darkroom - Send negative for processing for target\site\serenity\1a1998c1ec463693c4d48f7deb096795f6393ceed43511479f93728974c1c452.png
01:49:42.870 [main] DEBUG net.thucydides.core.steps.StepInterceptor - STEP DONE: gotErrorMassage
01:49:42.870 [Darkroom Processing Line] DEBUG net.serenitybdd.core.photography.DarkroomProcessingLine - Processing screenshot image in /var/screenshots/screenshot-13652653177666171180
  &amp#27;[32mThen &amp#27;[0m&amp#27;[32mI got Error Massage &amp#27;[0m&amp#27;[32m&amp#27;[1m"record not found"&amp#27;[0m                        &amp#27;[90m# stepdefinitions.BLoginStep.iGotErrorMssage(java.lang.String)&amp#27;[0m
01:49:42.870 [Darkroom Processing Line] DEBUG net.serenitybdd.core.photography.DarkroomProcessingLine - Saving screenshot to target\site\serenity\1a1998c1ec463693c4d48f7deb096795f6393ceed43511479f93728974c1c452.png
01:49:42.875 [AsyncHttpClient-1-1] DEBUG org.asynchttpclient.netty.channel.DefaultChannelPool - Entry count for : http://localhost:57281 : 1
01:49:42.875 [AsyncHttpClient-1-1] DEBUG org.asynchttpclient.netty.channel.DefaultChannelPool - Entry count for : http://localhost:63824 : 1
01:49:42.881 [main] INFO  - 
  _____   ___   ___   _____     ___     _     ___   ___   ___   ___  
 |_   _| | __| / __| |_   _|   | _ \   /_\   / __| / __| | __| |   \ 
   | |   | _|  \__ \   | |     |  _/  / _ \  \__ \ \__ \ | _|  | |) |
   |_|   |___| |___/   |_|     |_|   /_/ \_\ |___/ |___/ |___| |___/ 

As a user, i have not able to login because email is wrong
----------------------------------------------------------------------
01:49:42.884 [AsyncHttpClient-1-2] DEBUG org.asynchttpclient.netty.handler.WebSocketHandler - Channel Closed: [id: 0xbdbf68c3, L:/127.0.0.1:57290 ! R:localhost/127.0.0.1:57281] with attribute NettyResponseFuture{currentRetry=5,
	isDone=1,
	isCancelled=0,
	asyncHandler=org.asynchttpclient.ws.WebSocketUpgradeHandler@5f36be99,
	nettyRequest=org.asynchttpclient.netty.request.NettyRequest@5ed0c06f,
	future=java.util.concurrent.CompletableFuture@20f01b69[Completed normally],
	uri=ws://localhost:57281/devtools/browser/ef0636de-689d-41af-abcc-385abe3d7e9e,
	keepAlive=true,
	redirectCount=0,
	timeoutsHolder=null,
	inAuth=0,
	touch=1652381378701}
01:49:42.884 [AsyncHttpClient-1-2] DEBUG org.asynchttpclient.netty.channel.ChannelManager - Closing Channel [id: 0xbdbf68c3, L:/127.0.0.1:57290 ! R:localhost/127.0.0.1:57281] 
01:49:42.884 [Driver Command Executor] DEBUG org.asynchttpclient.netty.request.NettyRequestSender - Using pooled Channel '[id: 0xa8056d59, L:/127.0.0.1:57280 - R:localhost/127.0.0.1:63824]' for 'DELETE' to 'http://localhost:63824/session/44f35bf5782f3ec3f9c33a5af7b5ad5f'
01:49:42.885 [Driver Command Executor] DEBUG org.asynchttpclient.netty.request.NettyRequestSender - Using open Channel [id: 0xa8056d59, L:/127.0.0.1:57280 - R:localhost/127.0.0.1:63824] for DELETE '/session/44f35bf5782f3ec3f9c33a5af7b5ad5f'
01:49:42.995 [AsyncHttpClient-1-9] DEBUG org.asynchttpclient.netty.handler.HttpHandler - Unexpected I/O exception on channel [id: 0xc728a89a, L:/127.0.0.1:57289 - R:localhost/127.0.0.1:57281]
java.io.IOException: An existing connection was forcibly closed by the remote host
	at java.base/sun.nio.ch.SocketDispatcher.read0(Native Method)
	at java.base/sun.nio.ch.SocketDispatcher.read(SocketDispatcher.java:43)
	at java.base/sun.nio.ch.IOUtil.readIntoNativeBuffer(IOUtil.java:276)
	at java.base/sun.nio.ch.IOUtil.read(IOUtil.java:233)
	at java.base/sun.nio.ch.IOUtil.read(IOUtil.java:223)
	at java.base/sun.nio.ch.SocketChannelImpl.read(SocketChannelImpl.java:358)
	at io.netty.buffer.PooledByteBuf.setBytes(PooledByteBuf.java:258)
	at io.netty.buffer.AbstractByteBuf.writeBytes(AbstractByteBuf.java:1132)
	at io.netty.channel.socket.nio.NioSocketChannel.doReadBytes(NioSocketChannel.java:350)
	at io.netty.channel.nio.AbstractNioByteChannel$NioByteUnsafe.read(AbstractNioByteChannel.java:151)
	at io.netty.channel.nio.NioEventLoop.processSelectedKey(NioEventLoop.java:722)
	at io.netty.channel.nio.NioEventLoop.processSelectedKeysOptimized(NioEventLoop.java:658)
	at io.netty.channel.nio.NioEventLoop.processSelectedKeys(NioEventLoop.java:584)
	at io.netty.channel.nio.NioEventLoop.run(NioEventLoop.java:496)
	at io.netty.util.concurrent.SingleThreadEventExecutor$4.run(SingleThreadEventExecutor.java:986)
	at io.netty.util.internal.ThreadExecutorMap$2.run(ThreadExecutorMap.java:74)
	at io.netty.util.concurrent.FastThreadLocalRunnable.run(FastThreadLocalRunnable.java:30)
	at java.base/java.lang.Thread.run(Thread.java:834)
01:49:42.995 [AsyncHttpClient-1-9] DEBUG org.asynchttpclient.netty.channel.ChannelManager - Closing Channel [id: 0xc728a89a, L:/127.0.0.1:57289 - R:localhost/127.0.0.1:57281] 
01:49:42.996 [AsyncHttpClient-1-9] DEBUG org.asynchttpclient.netty.handler.HttpHandler - Channel Closed: [id: 0xc728a89a, L:/127.0.0.1:57289 ! R:localhost/127.0.0.1:57281] with attribute DISCARD
01:49:43.019 [AsyncHttpClient-1-8] DEBUG org.asynchttpclient.netty.handler.HttpHandler - 

Request DefaultFullHttpRequest(decodeResult: success, version: HTTP/1.1, content: EmptyByteBufBE)
DELETE /session/44f35bf5782f3ec3f9c33a5af7b5ad5f HTTP/1.1
User-Agent: selenium/4.1.2 (java windows)
Content-Type: application/json; charset=utf-8
host: localhost:63824
accept: */*

Response DefaultHttpResponse(decodeResult: success, version: HTTP/1.1)
HTTP/1.1 200 OK
Content-Type: application/json; charset=utf-8
cache-control: no-cache
content-length: 14

01:49:43.020 [AsyncHttpClient-1-8] DEBUG org.asynchttpclient.netty.channel.ChannelManager - Adding key: http://localhost:63824 for channel [id: 0xa8056d59, L:/127.0.0.1:57280 - R:localhost/127.0.0.1:63824]
01:49:43.309 [AsyncHttpClient-1-8] DEBUG org.asynchttpclient.netty.handler.HttpHandler - Channel Closed: [id: 0xa8056d59, L:/127.0.0.1:57280 ! R:localhost/127.0.0.1:63824] with attribute DISCARD
]]></system-out>
    <system-err><![CDATA[Starting ChromeDriver 101.0.4951.41 (93c720db8323b3ec10d056025ab95c23a31997c9-refs/branch-heads/4951@{#904}) on port 63824
Only local connections are allowed.
Please see https://chromedriver.chromium.org/security-considerations for suggestions on keeping ChromeDriver safe.
ChromeDriver was started successfully.
May 13, 2022 1:49:38 AM org.openqa.selenium.remote.ProtocolHandshake createSession
INFO: Detected dialect: W3C
May 13, 2022 1:49:38 AM org.openqa.selenium.devtools.CdpVersionFinder findNearestMatch
WARNING: Unable to find an exact match for CDP version 101, so returning the closest version found: 97
May 13, 2022 1:49:38 AM org.openqa.selenium.devtools.CdpVersionFinder findNearestMatch
INFO: Found CDP implementation for version 101 of 97
]]></system-err>
  </testcase>
  <testcase name="As a user, i have able to buy a product and add to chart" classname="Buy Product" time="16.793">
    <system-out><![CDATA[01:49:43.866 [main] INFO io.cucumber.core.plugin.SerenityReporter - Running feature from file:///D:/Mini%20Project-QE%20Alta/Web%20Automation/FrontEnd-AltaShop/src/test/resources/features/BuyProducts.feature
01:49:43.876 [main] DEBUG net.thucydides.core.steps.StepEventBus - Test suite started for story net.thucydides.core.model.Story@b6b7434a
01:49:43.877 [main] INFO  - Test Suite Started: Buy Product

Scenario: As a user, i have able to buy a product and add to chart &amp#27;[90m# src/test/resources/features/BuyProducts.feature:3&amp#27;[0m
01:49:44.009 [main] INFO io.cucumber.core.plugin.SerenityReporter - Running feature from file:///D:/Mini%20Project-QE%20Alta/Web%20Automation/FrontEnd-AltaShop/src/test/resources/features/BuyProducts.feature
01:49:44.047 [main] INFO  - 
  _____   ___   ___   _____     ___   _____     _     ___   _____   ___   ___  
 |_   _| | __| / __| |_   _|   / __| |_   _|   /_\   | _ \ |_   _| | __| |   \ 
   | |   | _|  \__ \   | |     \__ \   | |    / _ \  |   /   | |   | _|  | |) |
   |_|   |___| |___/   |_|     |___/   |_|   /_/ \_\ |_|_\   |_|   |___| |___/ 

As a user, i have able to buy a product and add to chart(buy-product;as-a-user--i-have-able-to-buy-a-product-and-add-to-chart)
--------------------------------------------------------------------------------
01:49:44.117 [AsyncHttpClient-1-1] DEBUG org.asynchttpclient.netty.channel.DefaultChannelPool - Entry count for : http://localhost:57281 : 1
01:49:44.117 [AsyncHttpClient-1-1] DEBUG org.asynchttpclient.netty.channel.DefaultChannelPool - Entry count for : http://localhost:63824 : 1
01:49:44.117 [AsyncHttpClient-1-1] DEBUG org.asynchttpclient.netty.channel.DefaultChannelPool - Adding Candidate expired Channel [id: 0xc728a89a, L:/127.0.0.1:57289 ! R:localhost/127.0.0.1:57281] isIdleTimeoutExpired=false isRemotelyClosed=true isTtlExpired=false
01:49:44.117 [AsyncHttpClient-1-1] DEBUG org.asynchttpclient.netty.channel.DefaultChannelPool - Closing Idle Channel [id: 0xc728a89a, L:/127.0.0.1:57289 ! R:localhost/127.0.0.1:57281]
01:49:44.117 [AsyncHttpClient-1-1] DEBUG org.asynchttpclient.netty.channel.DefaultChannelPool - Adding Candidate expired Channel [id: 0xa8056d59, L:/127.0.0.1:57280 ! R:localhost/127.0.0.1:63824] isIdleTimeoutExpired=false isRemotelyClosed=true isTtlExpired=false
01:49:44.118 [AsyncHttpClient-1-1] DEBUG org.asynchttpclient.netty.channel.DefaultChannelPool - Closing Idle Channel [id: 0xa8056d59, L:/127.0.0.1:57280 ! R:localhost/127.0.0.1:63824]
01:49:44.118 [AsyncHttpClient-1-1] DEBUG org.asynchttpclient.netty.channel.DefaultChannelPool - Closed 2 connections out of 2 in 1 ms
01:49:45.134 [main] DEBUG net.thucydides.core.steps.StepInterceptor - STARTING STEP: BuyProductsStep.iAtLoginPage - onLoginPage
01:49:45.137 [main] INFO net.serenitybdd.core.webdriver.driverproviders.ChromeDriverProvider - Using automatically driver download
01:49:45.556 [main] DEBUG io.github.bonigarcia.wdm.cache.ResolutionCache - Resolution chrome=101 in cache (valid until 02:25:36 13/05/2022 ICT)
01:49:45.575 [main] DEBUG io.github.bonigarcia.wdm.cache.ResolutionCache - Resolution chrome101=101.0.4951.41 in cache (valid until 14:31:54 13/05/2022 ICT)
01:49:45.582 [main] INFO io.github.bonigarcia.wdm.WebDriverManager - Using chromedriver 101.0.4951.41 (resolved driver for Chrome 101)
01:49:45.620 [main] DEBUG io.github.bonigarcia.wdm.WebDriverManager - Driver chromedriver 101.0.4951.41 found in cache
01:49:45.621 [main] INFO io.github.bonigarcia.wdm.WebDriverManager - Exporting webdriver.chrome.driver as C:\Users\Siti Nurlatipah\.cache\selenium\chromedriver\win32\101.0.4951.41\chromedriver.exe
01:49:45.885 [main] DEBUG net.serenitybdd.core.webdriver.driverproviders.ProvideNewDriver - Instantiating driver
01:49:45.885 [main] DEBUG net.serenitybdd.core.webdriver.driverproviders.ProvideNewDriver - Driver capabilities: Capabilities {acceptInsecureCerts: false, base.url: https://qa.alta.id, browserName: chrome, chrome.driver: src/test/resources/webdrive..., driver: chrome, goog:chromeOptions: {args: [], extensions: []}}
01:49:46.445 [AsyncHttpClient-1-3] DEBUG org.asynchttpclient.netty.channel.NettyConnectListener - Using new Channel '[id: 0xbae4af0f, L:/127.0.0.1:57308 - R:localhost/127.0.0.1:59020]' for 'POST' to '/session'
01:49:47.999 [AsyncHttpClient-1-3] DEBUG org.asynchttpclient.netty.handler.HttpHandler - 

Request DefaultHttpRequest(decodeResult: success, version: HTTP/1.1)
POST /session HTTP/1.1
User-Agent: selenium/4.1.2 (java windows)
Content-Length: 595
Content-Type: application/json; charset=utf-8
host: localhost:59020
accept: */*

Response DefaultHttpResponse(decodeResult: success, version: HTTP/1.1)
HTTP/1.1 200 OK
Content-Type: application/json; charset=utf-8
cache-control: no-cache
content-length: 792

01:49:48.000 [AsyncHttpClient-1-3] DEBUG org.asynchttpclient.netty.channel.ChannelManager - Adding key: http://localhost:59020 for channel [id: 0xbae4af0f, L:/127.0.0.1:57308 - R:localhost/127.0.0.1:59020]
01:49:48.025 [AsyncHttpClient-1-4] DEBUG org.asynchttpclient.netty.channel.NettyConnectListener - Using new Channel '[id: 0xb70fdfdc, L:/127.0.0.1:57317 - R:localhost/127.0.0.1:57309]' for 'GET' to '/json/version'
01:49:48.026 [AsyncHttpClient-1-4] DEBUG org.asynchttpclient.netty.handler.HttpHandler - 

Request DefaultFullHttpRequest(decodeResult: success, version: HTTP/1.1, content: EmptyByteBufBE)
GET /json/version HTTP/1.1
User-Agent: selenium/4.1.2 (java windows)
host: localhost:57309
accept: */*

Response DefaultHttpResponse(decodeResult: success, version: HTTP/1.1)
HTTP/1.1 200 OK
Content-Type: application/json; charset=UTF-8
content-length: 427

01:49:48.027 [AsyncHttpClient-1-4] DEBUG org.asynchttpclient.netty.channel.ChannelManager - Adding key: http://localhost:57309 for channel [id: 0xb70fdfdc, L:/127.0.0.1:57317 - R:localhost/127.0.0.1:57309]
01:49:48.035 [AsyncHttpClient-1-5] DEBUG org.asynchttpclient.netty.channel.NettyConnectListener - Using new Channel '[id: 0xa6a79733, L:/127.0.0.1:57318 - R:localhost/127.0.0.1:57309]' for 'GET' to '/devtools/browser/5687d5e1-e73a-4e45-b7c8-da8865c6bb93'
01:49:48.037 [AsyncHttpClient-1-5] DEBUG org.asynchttpclient.netty.handler.WebSocketHandler - 

Request DefaultFullHttpRequest(decodeResult: success, version: HTTP/1.1, content: EmptyByteBufBE)
GET /devtools/browser/5687d5e1-e73a-4e45-b7c8-da8865c6bb93 HTTP/1.1
upgrade: websocket
connection: upgrade
sec-websocket-key: E1eL7Ct0hN2R9czvFEA0xw==
sec-websocket-version: 13
origin: http://localhost:57309
host: localhost:57309
accept: */*
user-agent: AHC/2.1

Response DefaultHttpResponse(decodeResult: success, version: HTTP/1.1)
HTTP/1.1 101 WebSocket Protocol Handshake
Upgrade: WebSocket
Connection: Upgrade
Sec-WebSocket-Accept: zJbnSZ7kxMkawtTHTaczHr9p1eA=

01:49:48.055 [Forwarding get on session 1799b29c087c4a31c20da7b0a1e0a9d9 to remote] DEBUG org.asynchttpclient.netty.request.NettyRequestSender - Using pooled Channel '[id: 0xbae4af0f, L:/127.0.0.1:57308 - R:localhost/127.0.0.1:59020]' for 'POST' to 'http://localhost:59020/session/1799b29c087c4a31c20da7b0a1e0a9d9/url'
01:49:48.055 [Forwarding get on session 1799b29c087c4a31c20da7b0a1e0a9d9 to remote] DEBUG org.asynchttpclient.netty.request.NettyRequestSender - Using open Channel [id: 0xbae4af0f, L:/127.0.0.1:57308 - R:localhost/127.0.0.1:59020] for POST '/session/1799b29c087c4a31c20da7b0a1e0a9d9/url'
01:49:48.476 [AsyncHttpClient-1-1] DEBUG org.asynchttpclient.netty.channel.DefaultChannelPool - Entry count for : http://localhost:57309 : 1
01:49:49.167 [AsyncHttpClient-1-3] DEBUG org.asynchttpclient.netty.handler.HttpHandler - 

Request DefaultHttpRequest(decodeResult: success, version: HTTP/1.1)
POST /session/1799b29c087c4a31c20da7b0a1e0a9d9/url HTTP/1.1
User-Agent: selenium/4.1.2 (java windows)
Content-Length: 64
Content-Type: application/json; charset=utf-8
host: localhost:59020
accept: */*

Response DefaultHttpResponse(decodeResult: success, version: HTTP/1.1)
HTTP/1.1 200 OK
Content-Type: application/json; charset=utf-8
cache-control: no-cache
content-length: 14

01:49:49.170 [AsyncHttpClient-1-3] DEBUG org.asynchttpclient.netty.channel.ChannelManager - Adding key: http://localhost:59020 for channel [id: 0xbae4af0f, L:/127.0.0.1:57308 - R:localhost/127.0.0.1:59020]
01:49:49.179 [Forwarding setTimeout on session 1799b29c087c4a31c20da7b0a1e0a9d9 to remote] DEBUG org.asynchttpclient.netty.request.NettyRequestSender - Using pooled Channel '[id: 0xbae4af0f, L:/127.0.0.1:57308 - R:localhost/127.0.0.1:59020]' for 'POST' to 'http://localhost:59020/session/1799b29c087c4a31c20da7b0a1e0a9d9/timeouts'
01:49:49.179 [Forwarding setTimeout on session 1799b29c087c4a31c20da7b0a1e0a9d9 to remote] DEBUG org.asynchttpclient.netty.request.NettyRequestSender - Using open Channel [id: 0xbae4af0f, L:/127.0.0.1:57308 - R:localhost/127.0.0.1:59020] for POST '/session/1799b29c087c4a31c20da7b0a1e0a9d9/timeouts'
01:49:49.184 [AsyncHttpClient-1-3] DEBUG org.asynchttpclient.netty.handler.HttpHandler - 

Request DefaultHttpRequest(decodeResult: success, version: HTTP/1.1)
POST /session/1799b29c087c4a31c20da7b0a1e0a9d9/timeouts HTTP/1.1
User-Agent: selenium/4.1.2 (java windows)
Content-Length: 22
Content-Type: application/json; charset=utf-8
host: localhost:59020
accept: */*

Response DefaultHttpResponse(decodeResult: success, version: HTTP/1.1)
HTTP/1.1 200 OK
Content-Type: application/json; charset=utf-8
cache-control: no-cache
content-length: 14

01:49:49.184 [AsyncHttpClient-1-3] DEBUG org.asynchttpclient.netty.channel.ChannelManager - Adding key: http://localhost:59020 for channel [id: 0xbae4af0f, L:/127.0.0.1:57308 - R:localhost/127.0.0.1:59020]
01:49:49.197 [Forwarding getCurrentUrl on session 1799b29c087c4a31c20da7b0a1e0a9d9 to remote] DEBUG org.asynchttpclient.netty.request.NettyRequestSender - Using pooled Channel '[id: 0xbae4af0f, L:/127.0.0.1:57308 - R:localhost/127.0.0.1:59020]' for 'GET' to 'http://localhost:59020/session/1799b29c087c4a31c20da7b0a1e0a9d9/url'
01:49:49.197 [Forwarding getCurrentUrl on session 1799b29c087c4a31c20da7b0a1e0a9d9 to remote] DEBUG org.asynchttpclient.netty.request.NettyRequestSender - Using open Channel [id: 0xbae4af0f, L:/127.0.0.1:57308 - R:localhost/127.0.0.1:59020] for GET '/session/1799b29c087c4a31c20da7b0a1e0a9d9/url'
01:49:49.211 [AsyncHttpClient-1-3] DEBUG org.asynchttpclient.netty.handler.HttpHandler - 

Request DefaultFullHttpRequest(decodeResult: success, version: HTTP/1.1, content: EmptyByteBufBE)
GET /session/1799b29c087c4a31c20da7b0a1e0a9d9/url HTTP/1.1
User-Agent: selenium/4.1.2 (java windows)
Cache-Control: no-cache
Content-Type: application/json; charset=utf-8
host: localhost:59020
accept: */*

Response DefaultHttpResponse(decodeResult: success, version: HTTP/1.1)
HTTP/1.1 200 OK
Content-Type: application/json; charset=utf-8
cache-control: no-cache
content-length: 41

01:49:49.212 [AsyncHttpClient-1-3] DEBUG org.asynchttpclient.netty.channel.ChannelManager - Adding key: http://localhost:59020 for channel [id: 0xbae4af0f, L:/127.0.0.1:57308 - R:localhost/127.0.0.1:59020]
01:49:49.222 [main] DEBUG net.serenitybdd.core.photography.Darkroom - Opening darkroom
01:49:49.225 [Forwarding screenshot on session 1799b29c087c4a31c20da7b0a1e0a9d9 to remote] DEBUG org.asynchttpclient.netty.request.NettyRequestSender - Using pooled Channel '[id: 0xbae4af0f, L:/127.0.0.1:57308 - R:localhost/127.0.0.1:59020]' for 'GET' to 'http://localhost:59020/session/1799b29c087c4a31c20da7b0a1e0a9d9/screenshot'
01:49:49.225 [Forwarding screenshot on session 1799b29c087c4a31c20da7b0a1e0a9d9 to remote] DEBUG org.asynchttpclient.netty.request.NettyRequestSender - Using open Channel [id: 0xbae4af0f, L:/127.0.0.1:57308 - R:localhost/127.0.0.1:59020] for GET '/session/1799b29c087c4a31c20da7b0a1e0a9d9/screenshot'
01:49:49.245 [Darkroom Processing Line] DEBUG net.serenitybdd.core.photography.DarkroomProcessingLine - Darkroom processing line starting up
01:49:49.574 [AsyncHttpClient-1-1] DEBUG org.asynchttpclient.netty.channel.DefaultChannelPool - Entry count for : http://localhost:57309 : 1
01:49:49.685 [AsyncHttpClient-1-3] DEBUG org.asynchttpclient.netty.handler.HttpHandler - 

Request DefaultFullHttpRequest(decodeResult: success, version: HTTP/1.1, content: EmptyByteBufBE)
GET /session/1799b29c087c4a31c20da7b0a1e0a9d9/screenshot HTTP/1.1
User-Agent: selenium/4.1.2 (java windows)
Cache-Control: no-cache
Content-Type: application/json; charset=utf-8
host: localhost:59020
accept: */*

Response DefaultHttpResponse(decodeResult: success, version: HTTP/1.1)
HTTP/1.1 200 OK
Content-Type: application/json; charset=utf-8
cache-control: no-cache
content-length: 37840

01:49:49.686 [AsyncHttpClient-1-3] DEBUG org.asynchttpclient.netty.channel.ChannelManager - Adding key: http://localhost:59020 for channel [id: 0xbae4af0f, L:/127.0.0.1:57308 - R:localhost/127.0.0.1:59020]
01:49:49.689 [main] DEBUG net.serenitybdd.core.photography.Darkroom - Send negative for processing for target\site\serenity\6f2f89e8c5a543dd0a10df9cc2fb4dfa2a13d528c2d3ad44cda943733ef50e85.png
01:49:49.689 [main] DEBUG net.thucydides.core.steps.StepInterceptor - STEP DONE: onLoginPage
  &amp#27;[32mGiven &amp#27;[0m&amp#27;[32m&amp#27;[0m&amp#27;[32m&amp#27;[1mI&amp#27;[0m&amp#27;[32m at login page&amp#27;[0m                                            &amp#27;[90m# stepdefinitions.BuyProductsStep.iAtLoginPage(java.lang.String)&amp#27;[0m
01:49:49.709 [main] DEBUG net.thucydides.core.steps.StepInterceptor - STARTING STEP: BuyProductsStep.iEnterEmail - typeMyEmail
01:49:49.712 [Forwarding findElement on session 1799b29c087c4a31c20da7b0a1e0a9d9 to remote] DEBUG org.asynchttpclient.netty.request.NettyRequestSender - Using pooled Channel '[id: 0xbae4af0f, L:/127.0.0.1:57308 - R:localhost/127.0.0.1:59020]' for 'POST' to 'http://localhost:59020/session/1799b29c087c4a31c20da7b0a1e0a9d9/element'
01:49:49.712 [Forwarding findElement on session 1799b29c087c4a31c20da7b0a1e0a9d9 to remote] DEBUG org.asynchttpclient.netty.request.NettyRequestSender - Using open Channel [id: 0xbae4af0f, L:/127.0.0.1:57308 - R:localhost/127.0.0.1:59020] for POST '/session/1799b29c087c4a31c20da7b0a1e0a9d9/element'
01:49:49.728 [AsyncHttpClient-1-3] DEBUG org.asynchttpclient.netty.handler.HttpHandler - 

Request DefaultHttpRequest(decodeResult: success, version: HTTP/1.1)
POST /session/1799b29c087c4a31c20da7b0a1e0a9d9/element HTTP/1.1
User-Agent: selenium/4.1.2 (java windows)
Content-Length: 84
Content-Type: application/json; charset=utf-8
host: localhost:59020
accept: */*

Response DefaultHttpResponse(decodeResult: success, version: HTTP/1.1)
HTTP/1.1 200 OK
Content-Type: application/json; charset=utf-8
cache-control: no-cache
content-length: 88

01:49:49.728 [AsyncHttpClient-1-3] DEBUG org.asynchttpclient.netty.channel.ChannelManager - Adding key: http://localhost:59020 for channel [id: 0xbae4af0f, L:/127.0.0.1:57308 - R:localhost/127.0.0.1:59020]
01:49:49.731 [Forwarding sendKeysToElement on session 1799b29c087c4a31c20da7b0a1e0a9d9 to remote] DEBUG org.asynchttpclient.netty.request.NettyRequestSender - Using pooled Channel '[id: 0xbae4af0f, L:/127.0.0.1:57308 - R:localhost/127.0.0.1:59020]' for 'POST' to 'http://localhost:59020/session/1799b29c087c4a31c20da7b0a1e0a9d9/element/846185dd-f221-4472-a72e-f29a26dfc470/value'
01:49:49.731 [Forwarding sendKeysToElement on session 1799b29c087c4a31c20da7b0a1e0a9d9 to remote] DEBUG org.asynchttpclient.netty.request.NettyRequestSender - Using open Channel [id: 0xbae4af0f, L:/127.0.0.1:57308 - R:localhost/127.0.0.1:59020] for POST '/session/1799b29c087c4a31c20da7b0a1e0a9d9/element/846185dd-f221-4472-a72e-f29a26dfc470/value'
01:49:50.081 [AsyncHttpClient-1-3] DEBUG org.asynchttpclient.netty.handler.HttpHandler - 

Request DefaultHttpRequest(decodeResult: success, version: HTTP/1.1)
POST /session/1799b29c087c4a31c20da7b0a1e0a9d9/element/846185dd-f221-4472-a72e-f29a26dfc470/value HTTP/1.1
User-Agent: selenium/4.1.2 (java windows)
Content-Length: 361
Content-Type: application/json; charset=utf-8
host: localhost:59020
accept: */*

Response DefaultHttpResponse(decodeResult: success, version: HTTP/1.1)
HTTP/1.1 200 OK
Content-Type: application/json; charset=utf-8
cache-control: no-cache
content-length: 14

01:49:50.081 [AsyncHttpClient-1-3] DEBUG org.asynchttpclient.netty.channel.ChannelManager - Adding key: http://localhost:59020 for channel [id: 0xbae4af0f, L:/127.0.0.1:57308 - R:localhost/127.0.0.1:59020]
01:49:50.088 [Forwarding screenshot on session 1799b29c087c4a31c20da7b0a1e0a9d9 to remote] DEBUG org.asynchttpclient.netty.request.NettyRequestSender - Using pooled Channel '[id: 0xbae4af0f, L:/127.0.0.1:57308 - R:localhost/127.0.0.1:59020]' for 'GET' to 'http://localhost:59020/session/1799b29c087c4a31c20da7b0a1e0a9d9/screenshot'
01:49:50.088 [Forwarding screenshot on session 1799b29c087c4a31c20da7b0a1e0a9d9 to remote] DEBUG org.asynchttpclient.netty.request.NettyRequestSender - Using open Channel [id: 0xbae4af0f, L:/127.0.0.1:57308 - R:localhost/127.0.0.1:59020] for GET '/session/1799b29c087c4a31c20da7b0a1e0a9d9/screenshot'
01:49:50.362 [AsyncHttpClient-1-3] DEBUG org.asynchttpclient.netty.handler.HttpHandler - 

Request DefaultFullHttpRequest(decodeResult: success, version: HTTP/1.1, content: EmptyByteBufBE)
GET /session/1799b29c087c4a31c20da7b0a1e0a9d9/screenshot HTTP/1.1
User-Agent: selenium/4.1.2 (java windows)
Cache-Control: no-cache
Content-Type: application/json; charset=utf-8
host: localhost:59020
accept: */*

Response DefaultHttpResponse(decodeResult: success, version: HTTP/1.1)
HTTP/1.1 200 OK
Content-Type: application/json; charset=utf-8
cache-control: no-cache
content-length: 47260

01:49:50.363 [AsyncHttpClient-1-3] DEBUG org.asynchttpclient.netty.channel.ChannelManager - Adding key: http://localhost:59020 for channel [id: 0xbae4af0f, L:/127.0.0.1:57308 - R:localhost/127.0.0.1:59020]
01:49:50.367 [main] DEBUG net.serenitybdd.core.photography.Darkroom - Send negative for processing for target\site\serenity\cb307ee01ea60e6853ef5ca7d61e2f313a4e92939e9182b41377a1b29bb34a4c.png
01:49:50.367 [main] DEBUG net.thucydides.core.steps.StepInterceptor - STEP DONE: typeMyEmail
01:49:50.368 [Darkroom Processing Line] DEBUG net.serenitybdd.core.photography.DarkroomProcessingLine - Processing screenshot image in /var/screenshots/screenshot-8360878552783891732
01:49:50.368 [Darkroom Processing Line] DEBUG net.serenitybdd.core.photography.DarkroomProcessingLine - Saving screenshot to target\site\serenity\cb307ee01ea60e6853ef5ca7d61e2f313a4e92939e9182b41377a1b29bb34a4c.png
  &amp#27;[32mWhen &amp#27;[0m&amp#27;[32mI enter email &amp#27;[0m&amp#27;[32m&amp#27;[1mlandon.mcdermott@hotmail.com&amp#27;[0m                  &amp#27;[90m# stepdefinitions.BuyProductsStep.iEnterEmail(java.lang.String)&amp#27;[0m
01:49:50.397 [main] DEBUG net.thucydides.core.steps.StepInterceptor - STARTING STEP: BuyProductsStep.iEnterPassword - typeMyPassword
01:49:50.400 [Forwarding findElement on session 1799b29c087c4a31c20da7b0a1e0a9d9 to remote] DEBUG org.asynchttpclient.netty.request.NettyRequestSender - Using pooled Channel '[id: 0xbae4af0f, L:/127.0.0.1:57308 - R:localhost/127.0.0.1:59020]' for 'POST' to 'http://localhost:59020/session/1799b29c087c4a31c20da7b0a1e0a9d9/element'
01:49:50.400 [Forwarding findElement on session 1799b29c087c4a31c20da7b0a1e0a9d9 to remote] DEBUG org.asynchttpclient.netty.request.NettyRequestSender - Using open Channel [id: 0xbae4af0f, L:/127.0.0.1:57308 - R:localhost/127.0.0.1:59020] for POST '/session/1799b29c087c4a31c20da7b0a1e0a9d9/element'
01:49:50.426 [AsyncHttpClient-1-3] DEBUG org.asynchttpclient.netty.handler.HttpHandler - 

Request DefaultHttpRequest(decodeResult: success, version: HTTP/1.1)
POST /session/1799b29c087c4a31c20da7b0a1e0a9d9/element HTTP/1.1
User-Agent: selenium/4.1.2 (java windows)
Content-Length: 87
Content-Type: application/json; charset=utf-8
host: localhost:59020
accept: */*

Response DefaultHttpResponse(decodeResult: success, version: HTTP/1.1)
HTTP/1.1 200 OK
Content-Type: application/json; charset=utf-8
cache-control: no-cache
content-length: 88

01:49:50.427 [AsyncHttpClient-1-3] DEBUG org.asynchttpclient.netty.channel.ChannelManager - Adding key: http://localhost:59020 for channel [id: 0xbae4af0f, L:/127.0.0.1:57308 - R:localhost/127.0.0.1:59020]
01:49:50.429 [Forwarding sendKeysToElement on session 1799b29c087c4a31c20da7b0a1e0a9d9 to remote] DEBUG org.asynchttpclient.netty.request.NettyRequestSender - Using pooled Channel '[id: 0xbae4af0f, L:/127.0.0.1:57308 - R:localhost/127.0.0.1:59020]' for 'POST' to 'http://localhost:59020/session/1799b29c087c4a31c20da7b0a1e0a9d9/element/420b0cbb-4bb3-45f2-9772-98422ba49bea/value'
01:49:50.429 [Forwarding sendKeysToElement on session 1799b29c087c4a31c20da7b0a1e0a9d9 to remote] DEBUG org.asynchttpclient.netty.request.NettyRequestSender - Using open Channel [id: 0xbae4af0f, L:/127.0.0.1:57308 - R:localhost/127.0.0.1:59020] for POST '/session/1799b29c087c4a31c20da7b0a1e0a9d9/element/420b0cbb-4bb3-45f2-9772-98422ba49bea/value'
01:49:50.563 [AsyncHttpClient-1-3] DEBUG org.asynchttpclient.netty.handler.HttpHandler - 

Request DefaultHttpRequest(decodeResult: success, version: HTTP/1.1)
POST /session/1799b29c087c4a31c20da7b0a1e0a9d9/element/420b0cbb-4bb3-45f2-9772-98422ba49bea/value HTTP/1.1
User-Agent: selenium/4.1.2 (java windows)
Content-Length: 131
Content-Type: application/json; charset=utf-8
host: localhost:59020
accept: */*

Response DefaultHttpResponse(decodeResult: success, version: HTTP/1.1)
HTTP/1.1 200 OK
Content-Type: application/json; charset=utf-8
cache-control: no-cache
content-length: 14

01:49:50.564 [AsyncHttpClient-1-3] DEBUG org.asynchttpclient.netty.channel.ChannelManager - Adding key: http://localhost:59020 for channel [id: 0xbae4af0f, L:/127.0.0.1:57308 - R:localhost/127.0.0.1:59020]
01:49:50.574 [Forwarding screenshot on session 1799b29c087c4a31c20da7b0a1e0a9d9 to remote] DEBUG org.asynchttpclient.netty.request.NettyRequestSender - Using pooled Channel '[id: 0xbae4af0f, L:/127.0.0.1:57308 - R:localhost/127.0.0.1:59020]' for 'GET' to 'http://localhost:59020/session/1799b29c087c4a31c20da7b0a1e0a9d9/screenshot'
01:49:50.574 [Forwarding screenshot on session 1799b29c087c4a31c20da7b0a1e0a9d9 to remote] DEBUG org.asynchttpclient.netty.request.NettyRequestSender - Using open Channel [id: 0xbae4af0f, L:/127.0.0.1:57308 - R:localhost/127.0.0.1:59020] for GET '/session/1799b29c087c4a31c20da7b0a1e0a9d9/screenshot'
01:49:50.680 [AsyncHttpClient-1-1] DEBUG org.asynchttpclient.netty.channel.DefaultChannelPool - Entry count for : http://localhost:57309 : 1
01:49:50.797 [AsyncHttpClient-1-3] DEBUG org.asynchttpclient.netty.handler.HttpHandler - 

Request DefaultFullHttpRequest(decodeResult: success, version: HTTP/1.1, content: EmptyByteBufBE)
GET /session/1799b29c087c4a31c20da7b0a1e0a9d9/screenshot HTTP/1.1
User-Agent: selenium/4.1.2 (java windows)
Cache-Control: no-cache
Content-Type: application/json; charset=utf-8
host: localhost:59020
accept: */*

Response DefaultHttpResponse(decodeResult: success, version: HTTP/1.1)
HTTP/1.1 200 OK
Content-Type: application/json; charset=utf-8
cache-control: no-cache
content-length: 49172

01:49:50.798 [AsyncHttpClient-1-3] DEBUG org.asynchttpclient.netty.channel.ChannelManager - Adding key: http://localhost:59020 for channel [id: 0xbae4af0f, L:/127.0.0.1:57308 - R:localhost/127.0.0.1:59020]
01:49:50.802 [main] DEBUG net.serenitybdd.core.photography.Darkroom - Send negative for processing for target\site\serenity\4b2858b895ae1ebd2490380f5da3694356787e2cb91d28d773f26524bfef834b.png
01:49:50.802 [main] DEBUG net.thucydides.core.steps.StepInterceptor - STEP DONE: typeMyPassword
01:49:50.803 [Darkroom Processing Line] DEBUG net.serenitybdd.core.photography.DarkroomProcessingLine - Processing screenshot image in /var/screenshots/screenshot-11439779669834892282
01:49:50.803 [Darkroom Processing Line] DEBUG net.serenitybdd.core.photography.DarkroomProcessingLine - Saving screenshot to target\site\serenity\4b2858b895ae1ebd2490380f5da3694356787e2cb91d28d773f26524bfef834b.png
01:49:50.817 [main] DEBUG net.thucydides.core.steps.StepInterceptor - STARTING STEP: BuyProductsStep.iEnterPassword - clickLoginButton
01:49:50.823 [Forwarding findElement on session 1799b29c087c4a31c20da7b0a1e0a9d9 to remote] DEBUG org.asynchttpclient.netty.request.NettyRequestSender - Using pooled Channel '[id: 0xbae4af0f, L:/127.0.0.1:57308 - R:localhost/127.0.0.1:59020]' for 'POST' to 'http://localhost:59020/session/1799b29c087c4a31c20da7b0a1e0a9d9/element'
01:49:50.824 [Forwarding findElement on session 1799b29c087c4a31c20da7b0a1e0a9d9 to remote] DEBUG org.asynchttpclient.netty.request.NettyRequestSender - Using open Channel [id: 0xbae4af0f, L:/127.0.0.1:57308 - R:localhost/127.0.0.1:59020] for POST '/session/1799b29c087c4a31c20da7b0a1e0a9d9/element'
01:49:50.848 [AsyncHttpClient-1-3] DEBUG org.asynchttpclient.netty.handler.HttpHandler - 

Request DefaultHttpRequest(decodeResult: success, version: HTTP/1.1)
POST /session/1799b29c087c4a31c20da7b0a1e0a9d9/element HTTP/1.1
User-Agent: selenium/4.1.2 (java windows)
Content-Length: 155
Content-Type: application/json; charset=utf-8
host: localhost:59020
accept: */*

Response DefaultHttpResponse(decodeResult: success, version: HTTP/1.1)
HTTP/1.1 200 OK
Content-Type: application/json; charset=utf-8
cache-control: no-cache
content-length: 88

01:49:50.849 [AsyncHttpClient-1-3] DEBUG org.asynchttpclient.netty.channel.ChannelManager - Adding key: http://localhost:59020 for channel [id: 0xbae4af0f, L:/127.0.0.1:57308 - R:localhost/127.0.0.1:59020]
01:49:50.852 [Forwarding getElementTagName on session 1799b29c087c4a31c20da7b0a1e0a9d9 to remote] DEBUG org.asynchttpclient.netty.request.NettyRequestSender - Using pooled Channel '[id: 0xbae4af0f, L:/127.0.0.1:57308 - R:localhost/127.0.0.1:59020]' for 'GET' to 'http://localhost:59020/session/1799b29c087c4a31c20da7b0a1e0a9d9/element/47a8c459-d0d5-4c79-bef2-37501d5c7f97/name'
01:49:50.853 [Forwarding getElementTagName on session 1799b29c087c4a31c20da7b0a1e0a9d9 to remote] DEBUG org.asynchttpclient.netty.request.NettyRequestSender - Using open Channel [id: 0xbae4af0f, L:/127.0.0.1:57308 - R:localhost/127.0.0.1:59020] for GET '/session/1799b29c087c4a31c20da7b0a1e0a9d9/element/47a8c459-d0d5-4c79-bef2-37501d5c7f97/name'
01:49:50.863 [AsyncHttpClient-1-3] DEBUG org.asynchttpclient.netty.handler.HttpHandler - 

Request DefaultFullHttpRequest(decodeResult: success, version: HTTP/1.1, content: EmptyByteBufBE)
GET /session/1799b29c087c4a31c20da7b0a1e0a9d9/element/47a8c459-d0d5-4c79-bef2-37501d5c7f97/name HTTP/1.1
User-Agent: selenium/4.1.2 (java windows)
Cache-Control: no-cache
Content-Type: application/json; charset=utf-8
host: localhost:59020
accept: */*

Response DefaultHttpResponse(decodeResult: success, version: HTTP/1.1)
HTTP/1.1 200 OK
Content-Type: application/json; charset=utf-8
cache-control: no-cache
content-length: 18

01:49:50.863 [AsyncHttpClient-1-3] DEBUG org.asynchttpclient.netty.channel.ChannelManager - Adding key: http://localhost:59020 for channel [id: 0xbae4af0f, L:/127.0.0.1:57308 - R:localhost/127.0.0.1:59020]
01:49:50.866 [Forwarding getElementTagName on session 1799b29c087c4a31c20da7b0a1e0a9d9 to remote] DEBUG org.asynchttpclient.netty.request.NettyRequestSender - Using pooled Channel '[id: 0xbae4af0f, L:/127.0.0.1:57308 - R:localhost/127.0.0.1:59020]' for 'GET' to 'http://localhost:59020/session/1799b29c087c4a31c20da7b0a1e0a9d9/element/47a8c459-d0d5-4c79-bef2-37501d5c7f97/name'
01:49:50.867 [Forwarding getElementTagName on session 1799b29c087c4a31c20da7b0a1e0a9d9 to remote] DEBUG org.asynchttpclient.netty.request.NettyRequestSender - Using open Channel [id: 0xbae4af0f, L:/127.0.0.1:57308 - R:localhost/127.0.0.1:59020] for GET '/session/1799b29c087c4a31c20da7b0a1e0a9d9/element/47a8c459-d0d5-4c79-bef2-37501d5c7f97/name'
01:49:50.874 [AsyncHttpClient-1-3] DEBUG org.asynchttpclient.netty.handler.HttpHandler - 

Request DefaultFullHttpRequest(decodeResult: success, version: HTTP/1.1, content: EmptyByteBufBE)
GET /session/1799b29c087c4a31c20da7b0a1e0a9d9/element/47a8c459-d0d5-4c79-bef2-37501d5c7f97/name HTTP/1.1
User-Agent: selenium/4.1.2 (java windows)
Cache-Control: no-cache
Content-Type: application/json; charset=utf-8
host: localhost:59020
accept: */*

Response DefaultHttpResponse(decodeResult: success, version: HTTP/1.1)
HTTP/1.1 200 OK
Content-Type: application/json; charset=utf-8
cache-control: no-cache
content-length: 18

01:49:50.874 [AsyncHttpClient-1-3] DEBUG org.asynchttpclient.netty.channel.ChannelManager - Adding key: http://localhost:59020 for channel [id: 0xbae4af0f, L:/127.0.0.1:57308 - R:localhost/127.0.0.1:59020]
01:49:50.879 [Forwarding isElementEnabled on session 1799b29c087c4a31c20da7b0a1e0a9d9 to remote] DEBUG org.asynchttpclient.netty.request.NettyRequestSender - Using pooled Channel '[id: 0xbae4af0f, L:/127.0.0.1:57308 - R:localhost/127.0.0.1:59020]' for 'GET' to 'http://localhost:59020/session/1799b29c087c4a31c20da7b0a1e0a9d9/element/47a8c459-d0d5-4c79-bef2-37501d5c7f97/enabled'
01:49:50.879 [Forwarding isElementEnabled on session 1799b29c087c4a31c20da7b0a1e0a9d9 to remote] DEBUG org.asynchttpclient.netty.request.NettyRequestSender - Using open Channel [id: 0xbae4af0f, L:/127.0.0.1:57308 - R:localhost/127.0.0.1:59020] for GET '/session/1799b29c087c4a31c20da7b0a1e0a9d9/element/47a8c459-d0d5-4c79-bef2-37501d5c7f97/enabled'
01:49:50.895 [AsyncHttpClient-1-3] DEBUG org.asynchttpclient.netty.handler.HttpHandler - 

Request DefaultFullHttpRequest(decodeResult: success, version: HTTP/1.1, content: EmptyByteBufBE)
GET /session/1799b29c087c4a31c20da7b0a1e0a9d9/element/47a8c459-d0d5-4c79-bef2-37501d5c7f97/enabled HTTP/1.1
User-Agent: selenium/4.1.2 (java windows)
Cache-Control: no-cache
Content-Type: application/json; charset=utf-8
host: localhost:59020
accept: */*

Response DefaultHttpResponse(decodeResult: success, version: HTTP/1.1)
HTTP/1.1 200 OK
Content-Type: application/json; charset=utf-8
cache-control: no-cache
content-length: 14

01:49:50.895 [AsyncHttpClient-1-3] DEBUG org.asynchttpclient.netty.channel.ChannelManager - Adding key: http://localhost:59020 for channel [id: 0xbae4af0f, L:/127.0.0.1:57308 - R:localhost/127.0.0.1:59020]
01:49:50.900 [Forwarding isElementEnabled on session 1799b29c087c4a31c20da7b0a1e0a9d9 to remote] DEBUG org.asynchttpclient.netty.request.NettyRequestSender - Using pooled Channel '[id: 0xbae4af0f, L:/127.0.0.1:57308 - R:localhost/127.0.0.1:59020]' for 'GET' to 'http://localhost:59020/session/1799b29c087c4a31c20da7b0a1e0a9d9/element/47a8c459-d0d5-4c79-bef2-37501d5c7f97/enabled'
01:49:50.900 [Forwarding isElementEnabled on session 1799b29c087c4a31c20da7b0a1e0a9d9 to remote] DEBUG org.asynchttpclient.netty.request.NettyRequestSender - Using open Channel [id: 0xbae4af0f, L:/127.0.0.1:57308 - R:localhost/127.0.0.1:59020] for GET '/session/1799b29c087c4a31c20da7b0a1e0a9d9/element/47a8c459-d0d5-4c79-bef2-37501d5c7f97/enabled'
01:49:50.912 [AsyncHttpClient-1-3] DEBUG org.asynchttpclient.netty.handler.HttpHandler - 

Request DefaultFullHttpRequest(decodeResult: success, version: HTTP/1.1, content: EmptyByteBufBE)
GET /session/1799b29c087c4a31c20da7b0a1e0a9d9/element/47a8c459-d0d5-4c79-bef2-37501d5c7f97/enabled HTTP/1.1
User-Agent: selenium/4.1.2 (java windows)
Cache-Control: no-cache
Content-Type: application/json; charset=utf-8
host: localhost:59020
accept: */*

Response DefaultHttpResponse(decodeResult: success, version: HTTP/1.1)
HTTP/1.1 200 OK
Content-Type: application/json; charset=utf-8
cache-control: no-cache
content-length: 14

01:49:50.912 [AsyncHttpClient-1-3] DEBUG org.asynchttpclient.netty.channel.ChannelManager - Adding key: http://localhost:59020 for channel [id: 0xbae4af0f, L:/127.0.0.1:57308 - R:localhost/127.0.0.1:59020]
01:49:50.917 [Forwarding findElement on session 1799b29c087c4a31c20da7b0a1e0a9d9 to remote] DEBUG org.asynchttpclient.netty.request.NettyRequestSender - Using pooled Channel '[id: 0xbae4af0f, L:/127.0.0.1:57308 - R:localhost/127.0.0.1:59020]' for 'POST' to 'http://localhost:59020/session/1799b29c087c4a31c20da7b0a1e0a9d9/element'
01:49:50.917 [Forwarding findElement on session 1799b29c087c4a31c20da7b0a1e0a9d9 to remote] DEBUG org.asynchttpclient.netty.request.NettyRequestSender - Using open Channel [id: 0xbae4af0f, L:/127.0.0.1:57308 - R:localhost/127.0.0.1:59020] for POST '/session/1799b29c087c4a31c20da7b0a1e0a9d9/element'
01:49:50.930 [AsyncHttpClient-1-3] DEBUG org.asynchttpclient.netty.handler.HttpHandler - 

Request DefaultHttpRequest(decodeResult: success, version: HTTP/1.1)
POST /session/1799b29c087c4a31c20da7b0a1e0a9d9/element HTTP/1.1
User-Agent: selenium/4.1.2 (java windows)
Content-Length: 155
Content-Type: application/json; charset=utf-8
host: localhost:59020
accept: */*

Response DefaultHttpResponse(decodeResult: success, version: HTTP/1.1)
HTTP/1.1 200 OK
Content-Type: application/json; charset=utf-8
cache-control: no-cache
content-length: 88

01:49:50.931 [AsyncHttpClient-1-3] DEBUG org.asynchttpclient.netty.channel.ChannelManager - Adding key: http://localhost:59020 for channel [id: 0xbae4af0f, L:/127.0.0.1:57308 - R:localhost/127.0.0.1:59020]
01:49:50.934 [Forwarding clickElement on session 1799b29c087c4a31c20da7b0a1e0a9d9 to remote] DEBUG org.asynchttpclient.netty.request.NettyRequestSender - Using pooled Channel '[id: 0xbae4af0f, L:/127.0.0.1:57308 - R:localhost/127.0.0.1:59020]' for 'POST' to 'http://localhost:59020/session/1799b29c087c4a31c20da7b0a1e0a9d9/element/47a8c459-d0d5-4c79-bef2-37501d5c7f97/click'
01:49:50.934 [Forwarding clickElement on session 1799b29c087c4a31c20da7b0a1e0a9d9 to remote] DEBUG org.asynchttpclient.netty.request.NettyRequestSender - Using open Channel [id: 0xbae4af0f, L:/127.0.0.1:57308 - R:localhost/127.0.0.1:59020] for POST '/session/1799b29c087c4a31c20da7b0a1e0a9d9/element/47a8c459-d0d5-4c79-bef2-37501d5c7f97/click'
01:49:51.029 [AsyncHttpClient-1-3] DEBUG org.asynchttpclient.netty.handler.HttpHandler - 

Request DefaultHttpRequest(decodeResult: success, version: HTTP/1.1)
POST /session/1799b29c087c4a31c20da7b0a1e0a9d9/element/47a8c459-d0d5-4c79-bef2-37501d5c7f97/click HTTP/1.1
User-Agent: selenium/4.1.2 (java windows)
Content-Length: 50
Content-Type: application/json; charset=utf-8
host: localhost:59020
accept: */*

Response DefaultHttpResponse(decodeResult: success, version: HTTP/1.1)
HTTP/1.1 200 OK
Content-Type: application/json; charset=utf-8
cache-control: no-cache
content-length: 14

01:49:51.029 [AsyncHttpClient-1-3] DEBUG org.asynchttpclient.netty.channel.ChannelManager - Adding key: http://localhost:59020 for channel [id: 0xbae4af0f, L:/127.0.0.1:57308 - R:localhost/127.0.0.1:59020]
01:49:51.037 [Forwarding screenshot on session 1799b29c087c4a31c20da7b0a1e0a9d9 to remote] DEBUG org.asynchttpclient.netty.request.NettyRequestSender - Using pooled Channel '[id: 0xbae4af0f, L:/127.0.0.1:57308 - R:localhost/127.0.0.1:59020]' for 'GET' to 'http://localhost:59020/session/1799b29c087c4a31c20da7b0a1e0a9d9/screenshot'
01:49:51.038 [Forwarding screenshot on session 1799b29c087c4a31c20da7b0a1e0a9d9 to remote] DEBUG org.asynchttpclient.netty.request.NettyRequestSender - Using open Channel [id: 0xbae4af0f, L:/127.0.0.1:57308 - R:localhost/127.0.0.1:59020] for GET '/session/1799b29c087c4a31c20da7b0a1e0a9d9/screenshot'
01:49:51.432 [AsyncHttpClient-1-3] DEBUG org.asynchttpclient.netty.handler.HttpHandler - 

Request DefaultFullHttpRequest(decodeResult: success, version: HTTP/1.1, content: EmptyByteBufBE)
GET /session/1799b29c087c4a31c20da7b0a1e0a9d9/screenshot HTTP/1.1
User-Agent: selenium/4.1.2 (java windows)
Cache-Control: no-cache
Content-Type: application/json; charset=utf-8
host: localhost:59020
accept: */*

Response DefaultHttpResponse(decodeResult: success, version: HTTP/1.1)
HTTP/1.1 200 OK
Content-Type: application/json; charset=utf-8
cache-control: no-cache
content-length: 48332

01:49:51.432 [AsyncHttpClient-1-3] DEBUG org.asynchttpclient.netty.channel.ChannelManager - Adding key: http://localhost:59020 for channel [id: 0xbae4af0f, L:/127.0.0.1:57308 - R:localhost/127.0.0.1:59020]
01:49:51.436 [main] DEBUG net.serenitybdd.core.photography.Darkroom - Send negative for processing for target\site\serenity\6a545d7c471cd5200fb223812d886172b6c07f2e3b8de807357d521c27b653c1.png
01:49:51.437 [main] DEBUG net.thucydides.core.steps.StepInterceptor - STEP DONE: clickLoginButton
  &amp#27;[32mAnd &amp#27;[0m&amp#27;[32mI enter password &amp#27;[0m&amp#27;[32m&amp#27;[1maiueo&amp#27;[0m                                       &amp#27;[90m# stepdefinitions.BuyProductsStep.iEnterPassword(java.lang.String)&amp#27;[0m
01:49:51.437 [Darkroom Processing Line] DEBUG net.serenitybdd.core.photography.DarkroomProcessingLine - Processing screenshot image in /var/screenshots/screenshot-8092109407406184018
01:49:51.437 [Darkroom Processing Line] DEBUG net.serenitybdd.core.photography.DarkroomProcessingLine - Saving screenshot to target\site\serenity\6a545d7c471cd5200fb223812d886172b6c07f2e3b8de807357d521c27b653c1.png
01:49:51.471 [main] DEBUG net.thucydides.core.steps.StepInterceptor - STARTING STEP: BuyProductsStep.iBuyTensiElektrik - buyTensiDarah
01:49:51.482 [Forwarding findElement on session 1799b29c087c4a31c20da7b0a1e0a9d9 to remote] DEBUG org.asynchttpclient.netty.request.NettyRequestSender - Using pooled Channel '[id: 0xbae4af0f, L:/127.0.0.1:57308 - R:localhost/127.0.0.1:59020]' for 'POST' to 'http://localhost:59020/session/1799b29c087c4a31c20da7b0a1e0a9d9/element'
01:49:51.482 [Forwarding findElement on session 1799b29c087c4a31c20da7b0a1e0a9d9 to remote] DEBUG org.asynchttpclient.netty.request.NettyRequestSender - Using open Channel [id: 0xbae4af0f, L:/127.0.0.1:57308 - R:localhost/127.0.0.1:59020] for POST '/session/1799b29c087c4a31c20da7b0a1e0a9d9/element'
01:49:51.775 [AsyncHttpClient-1-1] DEBUG org.asynchttpclient.netty.channel.DefaultChannelPool - Entry count for : http://localhost:57309 : 1
01:49:52.883 [AsyncHttpClient-1-1] DEBUG org.asynchttpclient.netty.channel.DefaultChannelPool - Entry count for : http://localhost:57309 : 1
01:49:53.974 [AsyncHttpClient-1-1] DEBUG org.asynchttpclient.netty.channel.DefaultChannelPool - Entry count for : http://localhost:57309 : 1
01:49:55.077 [AsyncHttpClient-1-1] DEBUG org.asynchttpclient.netty.channel.DefaultChannelPool - Entry count for : http://localhost:57309 : 1
01:49:56.183 [AsyncHttpClient-1-1] DEBUG org.asynchttpclient.netty.channel.DefaultChannelPool - Entry count for : http://localhost:57309 : 1
01:49:56.518 [AsyncHttpClient-1-3] DEBUG org.asynchttpclient.netty.handler.HttpHandler - 

Request DefaultHttpRequest(decodeResult: success, version: HTTP/1.1)
POST /session/1799b29c087c4a31c20da7b0a1e0a9d9/element HTTP/1.1
User-Agent: selenium/4.1.2 (java windows)
Content-Length: 111
Content-Type: application/json; charset=utf-8
host: localhost:59020
accept: */*

Response DefaultHttpResponse(decodeResult: success, version: HTTP/1.1)
HTTP/1.1 200 OK
Content-Type: application/json; charset=utf-8
cache-control: no-cache
content-length: 88

01:49:56.518 [AsyncHttpClient-1-3] DEBUG org.asynchttpclient.netty.channel.ChannelManager - Adding key: http://localhost:59020 for channel [id: 0xbae4af0f, L:/127.0.0.1:57308 - R:localhost/127.0.0.1:59020]
01:49:56.528 [Forwarding getElementTagName on session 1799b29c087c4a31c20da7b0a1e0a9d9 to remote] DEBUG org.asynchttpclient.netty.request.NettyRequestSender - Using pooled Channel '[id: 0xbae4af0f, L:/127.0.0.1:57308 - R:localhost/127.0.0.1:59020]' for 'GET' to 'http://localhost:59020/session/1799b29c087c4a31c20da7b0a1e0a9d9/element/e41bc2e6-eca1-4fbd-b44f-cf53b337006b/name'
01:49:56.529 [Forwarding getElementTagName on session 1799b29c087c4a31c20da7b0a1e0a9d9 to remote] DEBUG org.asynchttpclient.netty.request.NettyRequestSender - Using open Channel [id: 0xbae4af0f, L:/127.0.0.1:57308 - R:localhost/127.0.0.1:59020] for GET '/session/1799b29c087c4a31c20da7b0a1e0a9d9/element/e41bc2e6-eca1-4fbd-b44f-cf53b337006b/name'
01:49:56.546 [AsyncHttpClient-1-3] DEBUG org.asynchttpclient.netty.handler.HttpHandler - 

Request DefaultFullHttpRequest(decodeResult: success, version: HTTP/1.1, content: EmptyByteBufBE)
GET /session/1799b29c087c4a31c20da7b0a1e0a9d9/element/e41bc2e6-eca1-4fbd-b44f-cf53b337006b/name HTTP/1.1
User-Agent: selenium/4.1.2 (java windows)
Cache-Control: no-cache
Content-Type: application/json; charset=utf-8
host: localhost:59020
accept: */*

Response DefaultHttpResponse(decodeResult: success, version: HTTP/1.1)
HTTP/1.1 200 OK
Content-Type: application/json; charset=utf-8
cache-control: no-cache
content-length: 18

01:49:56.546 [AsyncHttpClient-1-3] DEBUG org.asynchttpclient.netty.channel.ChannelManager - Adding key: http://localhost:59020 for channel [id: 0xbae4af0f, L:/127.0.0.1:57308 - R:localhost/127.0.0.1:59020]
01:49:56.548 [Forwarding getElementTagName on session 1799b29c087c4a31c20da7b0a1e0a9d9 to remote] DEBUG org.asynchttpclient.netty.request.NettyRequestSender - Using pooled Channel '[id: 0xbae4af0f, L:/127.0.0.1:57308 - R:localhost/127.0.0.1:59020]' for 'GET' to 'http://localhost:59020/session/1799b29c087c4a31c20da7b0a1e0a9d9/element/e41bc2e6-eca1-4fbd-b44f-cf53b337006b/name'
01:49:56.548 [Forwarding getElementTagName on session 1799b29c087c4a31c20da7b0a1e0a9d9 to remote] DEBUG org.asynchttpclient.netty.request.NettyRequestSender - Using open Channel [id: 0xbae4af0f, L:/127.0.0.1:57308 - R:localhost/127.0.0.1:59020] for GET '/session/1799b29c087c4a31c20da7b0a1e0a9d9/element/e41bc2e6-eca1-4fbd-b44f-cf53b337006b/name'
01:49:56.554 [AsyncHttpClient-1-3] DEBUG org.asynchttpclient.netty.handler.HttpHandler - 

Request DefaultFullHttpRequest(decodeResult: success, version: HTTP/1.1, content: EmptyByteBufBE)
GET /session/1799b29c087c4a31c20da7b0a1e0a9d9/element/e41bc2e6-eca1-4fbd-b44f-cf53b337006b/name HTTP/1.1
User-Agent: selenium/4.1.2 (java windows)
Cache-Control: no-cache
Content-Type: application/json; charset=utf-8
host: localhost:59020
accept: */*

Response DefaultHttpResponse(decodeResult: success, version: HTTP/1.1)
HTTP/1.1 200 OK
Content-Type: application/json; charset=utf-8
cache-control: no-cache
content-length: 18

01:49:56.554 [AsyncHttpClient-1-3] DEBUG org.asynchttpclient.netty.channel.ChannelManager - Adding key: http://localhost:59020 for channel [id: 0xbae4af0f, L:/127.0.0.1:57308 - R:localhost/127.0.0.1:59020]
01:49:56.560 [Forwarding isElementEnabled on session 1799b29c087c4a31c20da7b0a1e0a9d9 to remote] DEBUG org.asynchttpclient.netty.request.NettyRequestSender - Using pooled Channel '[id: 0xbae4af0f, L:/127.0.0.1:57308 - R:localhost/127.0.0.1:59020]' for 'GET' to 'http://localhost:59020/session/1799b29c087c4a31c20da7b0a1e0a9d9/element/e41bc2e6-eca1-4fbd-b44f-cf53b337006b/enabled'
01:49:56.560 [Forwarding isElementEnabled on session 1799b29c087c4a31c20da7b0a1e0a9d9 to remote] DEBUG org.asynchttpclient.netty.request.NettyRequestSender - Using open Channel [id: 0xbae4af0f, L:/127.0.0.1:57308 - R:localhost/127.0.0.1:59020] for GET '/session/1799b29c087c4a31c20da7b0a1e0a9d9/element/e41bc2e6-eca1-4fbd-b44f-cf53b337006b/enabled'
01:49:56.572 [AsyncHttpClient-1-3] DEBUG org.asynchttpclient.netty.handler.HttpHandler - 

Request DefaultFullHttpRequest(decodeResult: success, version: HTTP/1.1, content: EmptyByteBufBE)
GET /session/1799b29c087c4a31c20da7b0a1e0a9d9/element/e41bc2e6-eca1-4fbd-b44f-cf53b337006b/enabled HTTP/1.1
User-Agent: selenium/4.1.2 (java windows)
Cache-Control: no-cache
Content-Type: application/json; charset=utf-8
host: localhost:59020
accept: */*

Response DefaultHttpResponse(decodeResult: success, version: HTTP/1.1)
HTTP/1.1 200 OK
Content-Type: application/json; charset=utf-8
cache-control: no-cache
content-length: 14

01:49:56.573 [AsyncHttpClient-1-3] DEBUG org.asynchttpclient.netty.channel.ChannelManager - Adding key: http://localhost:59020 for channel [id: 0xbae4af0f, L:/127.0.0.1:57308 - R:localhost/127.0.0.1:59020]
01:49:56.577 [Forwarding isElementEnabled on session 1799b29c087c4a31c20da7b0a1e0a9d9 to remote] DEBUG org.asynchttpclient.netty.request.NettyRequestSender - Using pooled Channel '[id: 0xbae4af0f, L:/127.0.0.1:57308 - R:localhost/127.0.0.1:59020]' for 'GET' to 'http://localhost:59020/session/1799b29c087c4a31c20da7b0a1e0a9d9/element/e41bc2e6-eca1-4fbd-b44f-cf53b337006b/enabled'
01:49:56.577 [Forwarding isElementEnabled on session 1799b29c087c4a31c20da7b0a1e0a9d9 to remote] DEBUG org.asynchttpclient.netty.request.NettyRequestSender - Using open Channel [id: 0xbae4af0f, L:/127.0.0.1:57308 - R:localhost/127.0.0.1:59020] for GET '/session/1799b29c087c4a31c20da7b0a1e0a9d9/element/e41bc2e6-eca1-4fbd-b44f-cf53b337006b/enabled'
01:49:56.584 [AsyncHttpClient-1-3] DEBUG org.asynchttpclient.netty.handler.HttpHandler - 

Request DefaultFullHttpRequest(decodeResult: success, version: HTTP/1.1, content: EmptyByteBufBE)
GET /session/1799b29c087c4a31c20da7b0a1e0a9d9/element/e41bc2e6-eca1-4fbd-b44f-cf53b337006b/enabled HTTP/1.1
User-Agent: selenium/4.1.2 (java windows)
Cache-Control: no-cache
Content-Type: application/json; charset=utf-8
host: localhost:59020
accept: */*

Response DefaultHttpResponse(decodeResult: success, version: HTTP/1.1)
HTTP/1.1 200 OK
Content-Type: application/json; charset=utf-8
cache-control: no-cache
content-length: 14

01:49:56.585 [AsyncHttpClient-1-3] DEBUG org.asynchttpclient.netty.channel.ChannelManager - Adding key: http://localhost:59020 for channel [id: 0xbae4af0f, L:/127.0.0.1:57308 - R:localhost/127.0.0.1:59020]
01:49:56.588 [Forwarding findElement on session 1799b29c087c4a31c20da7b0a1e0a9d9 to remote] DEBUG org.asynchttpclient.netty.request.NettyRequestSender - Using pooled Channel '[id: 0xbae4af0f, L:/127.0.0.1:57308 - R:localhost/127.0.0.1:59020]' for 'POST' to 'http://localhost:59020/session/1799b29c087c4a31c20da7b0a1e0a9d9/element'
01:49:56.589 [Forwarding findElement on session 1799b29c087c4a31c20da7b0a1e0a9d9 to remote] DEBUG org.asynchttpclient.netty.request.NettyRequestSender - Using open Channel [id: 0xbae4af0f, L:/127.0.0.1:57308 - R:localhost/127.0.0.1:59020] for POST '/session/1799b29c087c4a31c20da7b0a1e0a9d9/element'
01:49:56.611 [AsyncHttpClient-1-3] DEBUG org.asynchttpclient.netty.handler.HttpHandler - 

Request DefaultHttpRequest(decodeResult: success, version: HTTP/1.1)
POST /session/1799b29c087c4a31c20da7b0a1e0a9d9/element HTTP/1.1
User-Agent: selenium/4.1.2 (java windows)
Content-Length: 111
Content-Type: application/json; charset=utf-8
host: localhost:59020
accept: */*

Response DefaultHttpResponse(decodeResult: success, version: HTTP/1.1)
HTTP/1.1 200 OK
Content-Type: application/json; charset=utf-8
cache-control: no-cache
content-length: 88

01:49:56.611 [AsyncHttpClient-1-3] DEBUG org.asynchttpclient.netty.channel.ChannelManager - Adding key: http://localhost:59020 for channel [id: 0xbae4af0f, L:/127.0.0.1:57308 - R:localhost/127.0.0.1:59020]
01:49:56.613 [Forwarding clickElement on session 1799b29c087c4a31c20da7b0a1e0a9d9 to remote] DEBUG org.asynchttpclient.netty.request.NettyRequestSender - Using pooled Channel '[id: 0xbae4af0f, L:/127.0.0.1:57308 - R:localhost/127.0.0.1:59020]' for 'POST' to 'http://localhost:59020/session/1799b29c087c4a31c20da7b0a1e0a9d9/element/e41bc2e6-eca1-4fbd-b44f-cf53b337006b/click'
01:49:56.613 [Forwarding clickElement on session 1799b29c087c4a31c20da7b0a1e0a9d9 to remote] DEBUG org.asynchttpclient.netty.request.NettyRequestSender - Using open Channel [id: 0xbae4af0f, L:/127.0.0.1:57308 - R:localhost/127.0.0.1:59020] for POST '/session/1799b29c087c4a31c20da7b0a1e0a9d9/element/e41bc2e6-eca1-4fbd-b44f-cf53b337006b/click'
01:49:56.793 [AsyncHttpClient-1-3] DEBUG org.asynchttpclient.netty.handler.HttpHandler - 

Request DefaultHttpRequest(decodeResult: success, version: HTTP/1.1)
POST /session/1799b29c087c4a31c20da7b0a1e0a9d9/element/e41bc2e6-eca1-4fbd-b44f-cf53b337006b/click HTTP/1.1
User-Agent: selenium/4.1.2 (java windows)
Content-Length: 50
Content-Type: application/json; charset=utf-8
host: localhost:59020
accept: */*

Response DefaultHttpResponse(decodeResult: success, version: HTTP/1.1)
HTTP/1.1 200 OK
Content-Type: application/json; charset=utf-8
cache-control: no-cache
content-length: 14

01:49:56.794 [AsyncHttpClient-1-3] DEBUG org.asynchttpclient.netty.channel.ChannelManager - Adding key: http://localhost:59020 for channel [id: 0xbae4af0f, L:/127.0.0.1:57308 - R:localhost/127.0.0.1:59020]
01:49:56.804 [Forwarding screenshot on session 1799b29c087c4a31c20da7b0a1e0a9d9 to remote] DEBUG org.asynchttpclient.netty.request.NettyRequestSender - Using pooled Channel '[id: 0xbae4af0f, L:/127.0.0.1:57308 - R:localhost/127.0.0.1:59020]' for 'GET' to 'http://localhost:59020/session/1799b29c087c4a31c20da7b0a1e0a9d9/screenshot'
01:49:56.804 [Forwarding screenshot on session 1799b29c087c4a31c20da7b0a1e0a9d9 to remote] DEBUG org.asynchttpclient.netty.request.NettyRequestSender - Using open Channel [id: 0xbae4af0f, L:/127.0.0.1:57308 - R:localhost/127.0.0.1:59020] for GET '/session/1799b29c087c4a31c20da7b0a1e0a9d9/screenshot'
01:49:57.033 [AsyncHttpClient-1-3] DEBUG org.asynchttpclient.netty.handler.HttpHandler - 

Request DefaultFullHttpRequest(decodeResult: success, version: HTTP/1.1, content: EmptyByteBufBE)
GET /session/1799b29c087c4a31c20da7b0a1e0a9d9/screenshot HTTP/1.1
User-Agent: selenium/4.1.2 (java windows)
Cache-Control: no-cache
Content-Type: application/json; charset=utf-8
host: localhost:59020
accept: */*

Response DefaultHttpResponse(decodeResult: success, version: HTTP/1.1)
HTTP/1.1 200 OK
Content-Type: application/json; charset=utf-8
cache-control: no-cache
content-length: 80444

01:49:57.034 [AsyncHttpClient-1-3] DEBUG org.asynchttpclient.netty.channel.ChannelManager - Adding key: http://localhost:59020 for channel [id: 0xbae4af0f, L:/127.0.0.1:57308 - R:localhost/127.0.0.1:59020]
01:49:57.040 [main] DEBUG net.serenitybdd.core.photography.Darkroom - Send negative for processing for target\site\serenity\60fa8e0328bd4d38eae34593b77900200d5012ea4a0050fc0e23bc042229af63.png
01:49:57.041 [main] DEBUG net.thucydides.core.steps.StepInterceptor - STEP DONE: buyTensiDarah
  &amp#27;[32mAnd &amp#27;[0m&amp#27;[32mFirst I buy &amp#27;[0m&amp#27;[32m&amp#27;[1mTensi Darah Eelktrik&amp#27;[0m                             &amp#27;[90m# stepdefinitions.BuyProductsStep.iBuyTensiElektrik(java.lang.String)&amp#27;[0m
01:49:57.041 [Darkroom Processing Line] DEBUG net.serenitybdd.core.photography.DarkroomProcessingLine - Processing screenshot image in /var/screenshots/screenshot-18109319059422272865
01:49:57.042 [Darkroom Processing Line] DEBUG net.serenitybdd.core.photography.DarkroomProcessingLine - Saving screenshot to target\site\serenity\60fa8e0328bd4d38eae34593b77900200d5012ea4a0050fc0e23bc042229af63.png
01:49:57.070 [main] DEBUG net.thucydides.core.steps.StepInterceptor - STARTING STEP: BuyProductsStep.iBuyCamera - buyCamera
01:49:57.077 [Forwarding findElement on session 1799b29c087c4a31c20da7b0a1e0a9d9 to remote] DEBUG org.asynchttpclient.netty.request.NettyRequestSender - Using pooled Channel '[id: 0xbae4af0f, L:/127.0.0.1:57308 - R:localhost/127.0.0.1:59020]' for 'POST' to 'http://localhost:59020/session/1799b29c087c4a31c20da7b0a1e0a9d9/element'
01:49:57.077 [Forwarding findElement on session 1799b29c087c4a31c20da7b0a1e0a9d9 to remote] DEBUG org.asynchttpclient.netty.request.NettyRequestSender - Using open Channel [id: 0xbae4af0f, L:/127.0.0.1:57308 - R:localhost/127.0.0.1:59020] for POST '/session/1799b29c087c4a31c20da7b0a1e0a9d9/element'
01:49:57.135 [AsyncHttpClient-1-3] DEBUG org.asynchttpclient.netty.handler.HttpHandler - 

Request DefaultHttpRequest(decodeResult: success, version: HTTP/1.1)
POST /session/1799b29c087c4a31c20da7b0a1e0a9d9/element HTTP/1.1
User-Agent: selenium/4.1.2 (java windows)
Content-Length: 111
Content-Type: application/json; charset=utf-8
host: localhost:59020
accept: */*

Response DefaultHttpResponse(decodeResult: success, version: HTTP/1.1)
HTTP/1.1 200 OK
Content-Type: application/json; charset=utf-8
cache-control: no-cache
content-length: 88

01:49:57.136 [AsyncHttpClient-1-3] DEBUG org.asynchttpclient.netty.channel.ChannelManager - Adding key: http://localhost:59020 for channel [id: 0xbae4af0f, L:/127.0.0.1:57308 - R:localhost/127.0.0.1:59020]
01:49:57.140 [Forwarding getElementTagName on session 1799b29c087c4a31c20da7b0a1e0a9d9 to remote] DEBUG org.asynchttpclient.netty.request.NettyRequestSender - Using pooled Channel '[id: 0xbae4af0f, L:/127.0.0.1:57308 - R:localhost/127.0.0.1:59020]' for 'GET' to 'http://localhost:59020/session/1799b29c087c4a31c20da7b0a1e0a9d9/element/bb56527b-5934-43ac-8653-4db242c65e4f/name'
01:49:57.141 [Forwarding getElementTagName on session 1799b29c087c4a31c20da7b0a1e0a9d9 to remote] DEBUG org.asynchttpclient.netty.request.NettyRequestSender - Using open Channel [id: 0xbae4af0f, L:/127.0.0.1:57308 - R:localhost/127.0.0.1:59020] for GET '/session/1799b29c087c4a31c20da7b0a1e0a9d9/element/bb56527b-5934-43ac-8653-4db242c65e4f/name'
01:49:57.150 [AsyncHttpClient-1-3] DEBUG org.asynchttpclient.netty.handler.HttpHandler - 

Request DefaultFullHttpRequest(decodeResult: success, version: HTTP/1.1, content: EmptyByteBufBE)
GET /session/1799b29c087c4a31c20da7b0a1e0a9d9/element/bb56527b-5934-43ac-8653-4db242c65e4f/name HTTP/1.1
User-Agent: selenium/4.1.2 (java windows)
Cache-Control: no-cache
Content-Type: application/json; charset=utf-8
host: localhost:59020
accept: */*

Response DefaultHttpResponse(decodeResult: success, version: HTTP/1.1)
HTTP/1.1 200 OK
Content-Type: application/json; charset=utf-8
cache-control: no-cache
content-length: 18

01:49:57.150 [AsyncHttpClient-1-3] DEBUG org.asynchttpclient.netty.channel.ChannelManager - Adding key: http://localhost:59020 for channel [id: 0xbae4af0f, L:/127.0.0.1:57308 - R:localhost/127.0.0.1:59020]
01:49:57.153 [Forwarding getElementTagName on session 1799b29c087c4a31c20da7b0a1e0a9d9 to remote] DEBUG org.asynchttpclient.netty.request.NettyRequestSender - Using pooled Channel '[id: 0xbae4af0f, L:/127.0.0.1:57308 - R:localhost/127.0.0.1:59020]' for 'GET' to 'http://localhost:59020/session/1799b29c087c4a31c20da7b0a1e0a9d9/element/bb56527b-5934-43ac-8653-4db242c65e4f/name'
01:49:57.153 [Forwarding getElementTagName on session 1799b29c087c4a31c20da7b0a1e0a9d9 to remote] DEBUG org.asynchttpclient.netty.request.NettyRequestSender - Using open Channel [id: 0xbae4af0f, L:/127.0.0.1:57308 - R:localhost/127.0.0.1:59020] for GET '/session/1799b29c087c4a31c20da7b0a1e0a9d9/element/bb56527b-5934-43ac-8653-4db242c65e4f/name'
01:49:57.160 [AsyncHttpClient-1-3] DEBUG org.asynchttpclient.netty.handler.HttpHandler - 

Request DefaultFullHttpRequest(decodeResult: success, version: HTTP/1.1, content: EmptyByteBufBE)
GET /session/1799b29c087c4a31c20da7b0a1e0a9d9/element/bb56527b-5934-43ac-8653-4db242c65e4f/name HTTP/1.1
User-Agent: selenium/4.1.2 (java windows)
Cache-Control: no-cache
Content-Type: application/json; charset=utf-8
host: localhost:59020
accept: */*

Response DefaultHttpResponse(decodeResult: success, version: HTTP/1.1)
HTTP/1.1 200 OK
Content-Type: application/json; charset=utf-8
cache-control: no-cache
content-length: 18

01:49:57.160 [AsyncHttpClient-1-3] DEBUG org.asynchttpclient.netty.channel.ChannelManager - Adding key: http://localhost:59020 for channel [id: 0xbae4af0f, L:/127.0.0.1:57308 - R:localhost/127.0.0.1:59020]
01:49:57.163 [Forwarding isElementEnabled on session 1799b29c087c4a31c20da7b0a1e0a9d9 to remote] DEBUG org.asynchttpclient.netty.request.NettyRequestSender - Using pooled Channel '[id: 0xbae4af0f, L:/127.0.0.1:57308 - R:localhost/127.0.0.1:59020]' for 'GET' to 'http://localhost:59020/session/1799b29c087c4a31c20da7b0a1e0a9d9/element/bb56527b-5934-43ac-8653-4db242c65e4f/enabled'
01:49:57.163 [Forwarding isElementEnabled on session 1799b29c087c4a31c20da7b0a1e0a9d9 to remote] DEBUG org.asynchttpclient.netty.request.NettyRequestSender - Using open Channel [id: 0xbae4af0f, L:/127.0.0.1:57308 - R:localhost/127.0.0.1:59020] for GET '/session/1799b29c087c4a31c20da7b0a1e0a9d9/element/bb56527b-5934-43ac-8653-4db242c65e4f/enabled'
01:49:57.176 [AsyncHttpClient-1-3] DEBUG org.asynchttpclient.netty.handler.HttpHandler - 

Request DefaultFullHttpRequest(decodeResult: success, version: HTTP/1.1, content: EmptyByteBufBE)
GET /session/1799b29c087c4a31c20da7b0a1e0a9d9/element/bb56527b-5934-43ac-8653-4db242c65e4f/enabled HTTP/1.1
User-Agent: selenium/4.1.2 (java windows)
Cache-Control: no-cache
Content-Type: application/json; charset=utf-8
host: localhost:59020
accept: */*

Response DefaultHttpResponse(decodeResult: success, version: HTTP/1.1)
HTTP/1.1 200 OK
Content-Type: application/json; charset=utf-8
cache-control: no-cache
content-length: 14

01:49:57.176 [AsyncHttpClient-1-3] DEBUG org.asynchttpclient.netty.channel.ChannelManager - Adding key: http://localhost:59020 for channel [id: 0xbae4af0f, L:/127.0.0.1:57308 - R:localhost/127.0.0.1:59020]
01:49:57.179 [Forwarding isElementEnabled on session 1799b29c087c4a31c20da7b0a1e0a9d9 to remote] DEBUG org.asynchttpclient.netty.request.NettyRequestSender - Using pooled Channel '[id: 0xbae4af0f, L:/127.0.0.1:57308 - R:localhost/127.0.0.1:59020]' for 'GET' to 'http://localhost:59020/session/1799b29c087c4a31c20da7b0a1e0a9d9/element/bb56527b-5934-43ac-8653-4db242c65e4f/enabled'
01:49:57.179 [Forwarding isElementEnabled on session 1799b29c087c4a31c20da7b0a1e0a9d9 to remote] DEBUG org.asynchttpclient.netty.request.NettyRequestSender - Using open Channel [id: 0xbae4af0f, L:/127.0.0.1:57308 - R:localhost/127.0.0.1:59020] for GET '/session/1799b29c087c4a31c20da7b0a1e0a9d9/element/bb56527b-5934-43ac-8653-4db242c65e4f/enabled'
01:49:57.187 [AsyncHttpClient-1-3] DEBUG org.asynchttpclient.netty.handler.HttpHandler - 

Request DefaultFullHttpRequest(decodeResult: success, version: HTTP/1.1, content: EmptyByteBufBE)
GET /session/1799b29c087c4a31c20da7b0a1e0a9d9/element/bb56527b-5934-43ac-8653-4db242c65e4f/enabled HTTP/1.1
User-Agent: selenium/4.1.2 (java windows)
Cache-Control: no-cache
Content-Type: application/json; charset=utf-8
host: localhost:59020
accept: */*

Response DefaultHttpResponse(decodeResult: success, version: HTTP/1.1)
HTTP/1.1 200 OK
Content-Type: application/json; charset=utf-8
cache-control: no-cache
content-length: 14

01:49:57.187 [AsyncHttpClient-1-3] DEBUG org.asynchttpclient.netty.channel.ChannelManager - Adding key: http://localhost:59020 for channel [id: 0xbae4af0f, L:/127.0.0.1:57308 - R:localhost/127.0.0.1:59020]
01:49:57.192 [Forwarding findElement on session 1799b29c087c4a31c20da7b0a1e0a9d9 to remote] DEBUG org.asynchttpclient.netty.request.NettyRequestSender - Using pooled Channel '[id: 0xbae4af0f, L:/127.0.0.1:57308 - R:localhost/127.0.0.1:59020]' for 'POST' to 'http://localhost:59020/session/1799b29c087c4a31c20da7b0a1e0a9d9/element'
01:49:57.192 [Forwarding findElement on session 1799b29c087c4a31c20da7b0a1e0a9d9 to remote] DEBUG org.asynchttpclient.netty.request.NettyRequestSender - Using open Channel [id: 0xbae4af0f, L:/127.0.0.1:57308 - R:localhost/127.0.0.1:59020] for POST '/session/1799b29c087c4a31c20da7b0a1e0a9d9/element'
01:49:57.212 [AsyncHttpClient-1-3] DEBUG org.asynchttpclient.netty.handler.HttpHandler - 

Request DefaultHttpRequest(decodeResult: success, version: HTTP/1.1)
POST /session/1799b29c087c4a31c20da7b0a1e0a9d9/element HTTP/1.1
User-Agent: selenium/4.1.2 (java windows)
Content-Length: 111
Content-Type: application/json; charset=utf-8
host: localhost:59020
accept: */*

Response DefaultHttpResponse(decodeResult: success, version: HTTP/1.1)
HTTP/1.1 200 OK
Content-Type: application/json; charset=utf-8
cache-control: no-cache
content-length: 88

01:49:57.212 [AsyncHttpClient-1-3] DEBUG org.asynchttpclient.netty.channel.ChannelManager - Adding key: http://localhost:59020 for channel [id: 0xbae4af0f, L:/127.0.0.1:57308 - R:localhost/127.0.0.1:59020]
01:49:57.214 [Forwarding clickElement on session 1799b29c087c4a31c20da7b0a1e0a9d9 to remote] DEBUG org.asynchttpclient.netty.request.NettyRequestSender - Using pooled Channel '[id: 0xbae4af0f, L:/127.0.0.1:57308 - R:localhost/127.0.0.1:59020]' for 'POST' to 'http://localhost:59020/session/1799b29c087c4a31c20da7b0a1e0a9d9/element/bb56527b-5934-43ac-8653-4db242c65e4f/click'
01:49:57.214 [Forwarding clickElement on session 1799b29c087c4a31c20da7b0a1e0a9d9 to remote] DEBUG org.asynchttpclient.netty.request.NettyRequestSender - Using open Channel [id: 0xbae4af0f, L:/127.0.0.1:57308 - R:localhost/127.0.0.1:59020] for POST '/session/1799b29c087c4a31c20da7b0a1e0a9d9/element/bb56527b-5934-43ac-8653-4db242c65e4f/click'
01:49:57.274 [AsyncHttpClient-1-1] DEBUG org.asynchttpclient.netty.channel.DefaultChannelPool - Entry count for : http://localhost:57309 : 1
01:49:57.407 [AsyncHttpClient-1-3] DEBUG org.asynchttpclient.netty.handler.HttpHandler - 

Request DefaultHttpRequest(decodeResult: success, version: HTTP/1.1)
POST /session/1799b29c087c4a31c20da7b0a1e0a9d9/element/bb56527b-5934-43ac-8653-4db242c65e4f/click HTTP/1.1
User-Agent: selenium/4.1.2 (java windows)
Content-Length: 50
Content-Type: application/json; charset=utf-8
host: localhost:59020
accept: */*

Response DefaultHttpResponse(decodeResult: success, version: HTTP/1.1)
HTTP/1.1 200 OK
Content-Type: application/json; charset=utf-8
cache-control: no-cache
content-length: 14

01:49:57.408 [AsyncHttpClient-1-3] DEBUG org.asynchttpclient.netty.channel.ChannelManager - Adding key: http://localhost:59020 for channel [id: 0xbae4af0f, L:/127.0.0.1:57308 - R:localhost/127.0.0.1:59020]
01:49:57.420 [Forwarding screenshot on session 1799b29c087c4a31c20da7b0a1e0a9d9 to remote] DEBUG org.asynchttpclient.netty.request.NettyRequestSender - Using pooled Channel '[id: 0xbae4af0f, L:/127.0.0.1:57308 - R:localhost/127.0.0.1:59020]' for 'GET' to 'http://localhost:59020/session/1799b29c087c4a31c20da7b0a1e0a9d9/screenshot'
01:49:57.420 [Forwarding screenshot on session 1799b29c087c4a31c20da7b0a1e0a9d9 to remote] DEBUG org.asynchttpclient.netty.request.NettyRequestSender - Using open Channel [id: 0xbae4af0f, L:/127.0.0.1:57308 - R:localhost/127.0.0.1:59020] for GET '/session/1799b29c087c4a31c20da7b0a1e0a9d9/screenshot'
01:49:57.662 [AsyncHttpClient-1-3] DEBUG org.asynchttpclient.netty.handler.HttpHandler - 

Request DefaultFullHttpRequest(decodeResult: success, version: HTTP/1.1, content: EmptyByteBufBE)
GET /session/1799b29c087c4a31c20da7b0a1e0a9d9/screenshot HTTP/1.1
User-Agent: selenium/4.1.2 (java windows)
Cache-Control: no-cache
Content-Type: application/json; charset=utf-8
host: localhost:59020
accept: */*

Response DefaultHttpResponse(decodeResult: success, version: HTTP/1.1)
HTTP/1.1 200 OK
Content-Type: application/json; charset=utf-8
cache-control: no-cache
content-length: 81824

01:49:57.663 [AsyncHttpClient-1-3] DEBUG org.asynchttpclient.netty.channel.ChannelManager - Adding key: http://localhost:59020 for channel [id: 0xbae4af0f, L:/127.0.0.1:57308 - R:localhost/127.0.0.1:59020]
01:49:57.666 [main] DEBUG net.serenitybdd.core.photography.Darkroom - Send negative for processing for target\site\serenity\58e0ef37d98f7cd3e344a06aa4d1c05dce3522470413260b5a08d82b91262870.png
01:49:57.666 [main] DEBUG net.thucydides.core.steps.StepInterceptor - STEP DONE: buyCamera
  &amp#27;[32mAnd &amp#27;[0m&amp#27;[32mSecond I buy &amp#27;[0m&amp#27;[32m&amp#27;[1mCamera&amp#27;[0m                                          &amp#27;[90m# stepdefinitions.BuyProductsStep.iBuyCamera(java.lang.String)&amp#27;[0m
01:49:57.667 [Darkroom Processing Line] DEBUG net.serenitybdd.core.photography.DarkroomProcessingLine - Processing screenshot image in /var/screenshots/screenshot-17277278051348828907
01:49:57.667 [Darkroom Processing Line] DEBUG net.serenitybdd.core.photography.DarkroomProcessingLine - Saving screenshot to target\site\serenity\58e0ef37d98f7cd3e344a06aa4d1c05dce3522470413260b5a08d82b91262870.png
01:49:57.697 [main] DEBUG net.thucydides.core.steps.StepInterceptor - STARTING STEP: BuyProductsStep.iBuyCincinEmas - buyCincinEmas
01:49:57.703 [Forwarding findElement on session 1799b29c087c4a31c20da7b0a1e0a9d9 to remote] DEBUG org.asynchttpclient.netty.request.NettyRequestSender - Using pooled Channel '[id: 0xbae4af0f, L:/127.0.0.1:57308 - R:localhost/127.0.0.1:59020]' for 'POST' to 'http://localhost:59020/session/1799b29c087c4a31c20da7b0a1e0a9d9/element'
01:49:57.703 [Forwarding findElement on session 1799b29c087c4a31c20da7b0a1e0a9d9 to remote] DEBUG org.asynchttpclient.netty.request.NettyRequestSender - Using open Channel [id: 0xbae4af0f, L:/127.0.0.1:57308 - R:localhost/127.0.0.1:59020] for POST '/session/1799b29c087c4a31c20da7b0a1e0a9d9/element'
01:49:57.750 [AsyncHttpClient-1-3] DEBUG org.asynchttpclient.netty.handler.HttpHandler - 

Request DefaultHttpRequest(decodeResult: success, version: HTTP/1.1)
POST /session/1799b29c087c4a31c20da7b0a1e0a9d9/element HTTP/1.1
User-Agent: selenium/4.1.2 (java windows)
Content-Length: 111
Content-Type: application/json; charset=utf-8
host: localhost:59020
accept: */*

Response DefaultHttpResponse(decodeResult: success, version: HTTP/1.1)
HTTP/1.1 200 OK
Content-Type: application/json; charset=utf-8
cache-control: no-cache
content-length: 88

01:49:57.750 [AsyncHttpClient-1-3] DEBUG org.asynchttpclient.netty.channel.ChannelManager - Adding key: http://localhost:59020 for channel [id: 0xbae4af0f, L:/127.0.0.1:57308 - R:localhost/127.0.0.1:59020]
01:49:57.753 [Forwarding getElementTagName on session 1799b29c087c4a31c20da7b0a1e0a9d9 to remote] DEBUG org.asynchttpclient.netty.request.NettyRequestSender - Using pooled Channel '[id: 0xbae4af0f, L:/127.0.0.1:57308 - R:localhost/127.0.0.1:59020]' for 'GET' to 'http://localhost:59020/session/1799b29c087c4a31c20da7b0a1e0a9d9/element/6e4448d9-3f59-4efa-8a09-c0967ab89e18/name'
01:49:57.753 [Forwarding getElementTagName on session 1799b29c087c4a31c20da7b0a1e0a9d9 to remote] DEBUG org.asynchttpclient.netty.request.NettyRequestSender - Using open Channel [id: 0xbae4af0f, L:/127.0.0.1:57308 - R:localhost/127.0.0.1:59020] for GET '/session/1799b29c087c4a31c20da7b0a1e0a9d9/element/6e4448d9-3f59-4efa-8a09-c0967ab89e18/name'
01:49:57.762 [AsyncHttpClient-1-3] DEBUG org.asynchttpclient.netty.handler.HttpHandler - 

Request DefaultFullHttpRequest(decodeResult: success, version: HTTP/1.1, content: EmptyByteBufBE)
GET /session/1799b29c087c4a31c20da7b0a1e0a9d9/element/6e4448d9-3f59-4efa-8a09-c0967ab89e18/name HTTP/1.1
User-Agent: selenium/4.1.2 (java windows)
Cache-Control: no-cache
Content-Type: application/json; charset=utf-8
host: localhost:59020
accept: */*

Response DefaultHttpResponse(decodeResult: success, version: HTTP/1.1)
HTTP/1.1 200 OK
Content-Type: application/json; charset=utf-8
cache-control: no-cache
content-length: 18

01:49:57.762 [AsyncHttpClient-1-3] DEBUG org.asynchttpclient.netty.channel.ChannelManager - Adding key: http://localhost:59020 for channel [id: 0xbae4af0f, L:/127.0.0.1:57308 - R:localhost/127.0.0.1:59020]
01:49:57.764 [Forwarding getElementTagName on session 1799b29c087c4a31c20da7b0a1e0a9d9 to remote] DEBUG org.asynchttpclient.netty.request.NettyRequestSender - Using pooled Channel '[id: 0xbae4af0f, L:/127.0.0.1:57308 - R:localhost/127.0.0.1:59020]' for 'GET' to 'http://localhost:59020/session/1799b29c087c4a31c20da7b0a1e0a9d9/element/6e4448d9-3f59-4efa-8a09-c0967ab89e18/name'
01:49:57.764 [Forwarding getElementTagName on session 1799b29c087c4a31c20da7b0a1e0a9d9 to remote] DEBUG org.asynchttpclient.netty.request.NettyRequestSender - Using open Channel [id: 0xbae4af0f, L:/127.0.0.1:57308 - R:localhost/127.0.0.1:59020] for GET '/session/1799b29c087c4a31c20da7b0a1e0a9d9/element/6e4448d9-3f59-4efa-8a09-c0967ab89e18/name'
01:49:57.769 [AsyncHttpClient-1-3] DEBUG org.asynchttpclient.netty.handler.HttpHandler - 

Request DefaultFullHttpRequest(decodeResult: success, version: HTTP/1.1, content: EmptyByteBufBE)
GET /session/1799b29c087c4a31c20da7b0a1e0a9d9/element/6e4448d9-3f59-4efa-8a09-c0967ab89e18/name HTTP/1.1
User-Agent: selenium/4.1.2 (java windows)
Cache-Control: no-cache
Content-Type: application/json; charset=utf-8
host: localhost:59020
accept: */*

Response DefaultHttpResponse(decodeResult: success, version: HTTP/1.1)
HTTP/1.1 200 OK
Content-Type: application/json; charset=utf-8
cache-control: no-cache
content-length: 18

01:49:57.770 [AsyncHttpClient-1-3] DEBUG org.asynchttpclient.netty.channel.ChannelManager - Adding key: http://localhost:59020 for channel [id: 0xbae4af0f, L:/127.0.0.1:57308 - R:localhost/127.0.0.1:59020]
01:49:57.774 [Forwarding isElementEnabled on session 1799b29c087c4a31c20da7b0a1e0a9d9 to remote] DEBUG org.asynchttpclient.netty.request.NettyRequestSender - Using pooled Channel '[id: 0xbae4af0f, L:/127.0.0.1:57308 - R:localhost/127.0.0.1:59020]' for 'GET' to 'http://localhost:59020/session/1799b29c087c4a31c20da7b0a1e0a9d9/element/6e4448d9-3f59-4efa-8a09-c0967ab89e18/enabled'
01:49:57.775 [Forwarding isElementEnabled on session 1799b29c087c4a31c20da7b0a1e0a9d9 to remote] DEBUG org.asynchttpclient.netty.request.NettyRequestSender - Using open Channel [id: 0xbae4af0f, L:/127.0.0.1:57308 - R:localhost/127.0.0.1:59020] for GET '/session/1799b29c087c4a31c20da7b0a1e0a9d9/element/6e4448d9-3f59-4efa-8a09-c0967ab89e18/enabled'
01:49:57.785 [AsyncHttpClient-1-3] DEBUG org.asynchttpclient.netty.handler.HttpHandler - 

Request DefaultFullHttpRequest(decodeResult: success, version: HTTP/1.1, content: EmptyByteBufBE)
GET /session/1799b29c087c4a31c20da7b0a1e0a9d9/element/6e4448d9-3f59-4efa-8a09-c0967ab89e18/enabled HTTP/1.1
User-Agent: selenium/4.1.2 (java windows)
Cache-Control: no-cache
Content-Type: application/json; charset=utf-8
host: localhost:59020
accept: */*

Response DefaultHttpResponse(decodeResult: success, version: HTTP/1.1)
HTTP/1.1 200 OK
Content-Type: application/json; charset=utf-8
cache-control: no-cache
content-length: 14

01:49:57.786 [AsyncHttpClient-1-3] DEBUG org.asynchttpclient.netty.channel.ChannelManager - Adding key: http://localhost:59020 for channel [id: 0xbae4af0f, L:/127.0.0.1:57308 - R:localhost/127.0.0.1:59020]
01:49:57.788 [Forwarding isElementEnabled on session 1799b29c087c4a31c20da7b0a1e0a9d9 to remote] DEBUG org.asynchttpclient.netty.request.NettyRequestSender - Using pooled Channel '[id: 0xbae4af0f, L:/127.0.0.1:57308 - R:localhost/127.0.0.1:59020]' for 'GET' to 'http://localhost:59020/session/1799b29c087c4a31c20da7b0a1e0a9d9/element/6e4448d9-3f59-4efa-8a09-c0967ab89e18/enabled'
01:49:57.788 [Forwarding isElementEnabled on session 1799b29c087c4a31c20da7b0a1e0a9d9 to remote] DEBUG org.asynchttpclient.netty.request.NettyRequestSender - Using open Channel [id: 0xbae4af0f, L:/127.0.0.1:57308 - R:localhost/127.0.0.1:59020] for GET '/session/1799b29c087c4a31c20da7b0a1e0a9d9/element/6e4448d9-3f59-4efa-8a09-c0967ab89e18/enabled'
01:49:57.800 [AsyncHttpClient-1-3] DEBUG org.asynchttpclient.netty.handler.HttpHandler - 

Request DefaultFullHttpRequest(decodeResult: success, version: HTTP/1.1, content: EmptyByteBufBE)
GET /session/1799b29c087c4a31c20da7b0a1e0a9d9/element/6e4448d9-3f59-4efa-8a09-c0967ab89e18/enabled HTTP/1.1
User-Agent: selenium/4.1.2 (java windows)
Cache-Control: no-cache
Content-Type: application/json; charset=utf-8
host: localhost:59020
accept: */*

Response DefaultHttpResponse(decodeResult: success, version: HTTP/1.1)
HTTP/1.1 200 OK
Content-Type: application/json; charset=utf-8
cache-control: no-cache
content-length: 14

01:49:57.800 [AsyncHttpClient-1-3] DEBUG org.asynchttpclient.netty.channel.ChannelManager - Adding key: http://localhost:59020 for channel [id: 0xbae4af0f, L:/127.0.0.1:57308 - R:localhost/127.0.0.1:59020]
01:49:57.803 [Forwarding findElement on session 1799b29c087c4a31c20da7b0a1e0a9d9 to remote] DEBUG org.asynchttpclient.netty.request.NettyRequestSender - Using pooled Channel '[id: 0xbae4af0f, L:/127.0.0.1:57308 - R:localhost/127.0.0.1:59020]' for 'POST' to 'http://localhost:59020/session/1799b29c087c4a31c20da7b0a1e0a9d9/element'
01:49:57.803 [Forwarding findElement on session 1799b29c087c4a31c20da7b0a1e0a9d9 to remote] DEBUG org.asynchttpclient.netty.request.NettyRequestSender - Using open Channel [id: 0xbae4af0f, L:/127.0.0.1:57308 - R:localhost/127.0.0.1:59020] for POST '/session/1799b29c087c4a31c20da7b0a1e0a9d9/element'
01:49:57.824 [AsyncHttpClient-1-3] DEBUG org.asynchttpclient.netty.handler.HttpHandler - 

Request DefaultHttpRequest(decodeResult: success, version: HTTP/1.1)
POST /session/1799b29c087c4a31c20da7b0a1e0a9d9/element HTTP/1.1
User-Agent: selenium/4.1.2 (java windows)
Content-Length: 111
Content-Type: application/json; charset=utf-8
host: localhost:59020
accept: */*

Response DefaultHttpResponse(decodeResult: success, version: HTTP/1.1)
HTTP/1.1 200 OK
Content-Type: application/json; charset=utf-8
cache-control: no-cache
content-length: 88

01:49:57.825 [AsyncHttpClient-1-3] DEBUG org.asynchttpclient.netty.channel.ChannelManager - Adding key: http://localhost:59020 for channel [id: 0xbae4af0f, L:/127.0.0.1:57308 - R:localhost/127.0.0.1:59020]
01:49:57.827 [Forwarding clickElement on session 1799b29c087c4a31c20da7b0a1e0a9d9 to remote] DEBUG org.asynchttpclient.netty.request.NettyRequestSender - Using pooled Channel '[id: 0xbae4af0f, L:/127.0.0.1:57308 - R:localhost/127.0.0.1:59020]' for 'POST' to 'http://localhost:59020/session/1799b29c087c4a31c20da7b0a1e0a9d9/element/6e4448d9-3f59-4efa-8a09-c0967ab89e18/click'
01:49:57.828 [Forwarding clickElement on session 1799b29c087c4a31c20da7b0a1e0a9d9 to remote] DEBUG org.asynchttpclient.netty.request.NettyRequestSender - Using open Channel [id: 0xbae4af0f, L:/127.0.0.1:57308 - R:localhost/127.0.0.1:59020] for POST '/session/1799b29c087c4a31c20da7b0a1e0a9d9/element/6e4448d9-3f59-4efa-8a09-c0967ab89e18/click'
01:49:58.097 [AsyncHttpClient-1-3] DEBUG org.asynchttpclient.netty.handler.HttpHandler - 

Request DefaultHttpRequest(decodeResult: success, version: HTTP/1.1)
POST /session/1799b29c087c4a31c20da7b0a1e0a9d9/element/6e4448d9-3f59-4efa-8a09-c0967ab89e18/click HTTP/1.1
User-Agent: selenium/4.1.2 (java windows)
Content-Length: 50
Content-Type: application/json; charset=utf-8
host: localhost:59020
accept: */*

Response DefaultHttpResponse(decodeResult: success, version: HTTP/1.1)
HTTP/1.1 200 OK
Content-Type: application/json; charset=utf-8
cache-control: no-cache
content-length: 14

01:49:58.098 [AsyncHttpClient-1-3] DEBUG org.asynchttpclient.netty.channel.ChannelManager - Adding key: http://localhost:59020 for channel [id: 0xbae4af0f, L:/127.0.0.1:57308 - R:localhost/127.0.0.1:59020]
01:49:58.110 [Forwarding screenshot on session 1799b29c087c4a31c20da7b0a1e0a9d9 to remote] DEBUG org.asynchttpclient.netty.request.NettyRequestSender - Using pooled Channel '[id: 0xbae4af0f, L:/127.0.0.1:57308 - R:localhost/127.0.0.1:59020]' for 'GET' to 'http://localhost:59020/session/1799b29c087c4a31c20da7b0a1e0a9d9/screenshot'
01:49:58.110 [Forwarding screenshot on session 1799b29c087c4a31c20da7b0a1e0a9d9 to remote] DEBUG org.asynchttpclient.netty.request.NettyRequestSender - Using open Channel [id: 0xbae4af0f, L:/127.0.0.1:57308 - R:localhost/127.0.0.1:59020] for GET '/session/1799b29c087c4a31c20da7b0a1e0a9d9/screenshot'
01:49:58.331 [AsyncHttpClient-1-3] DEBUG org.asynchttpclient.netty.handler.HttpHandler - 

Request DefaultFullHttpRequest(decodeResult: success, version: HTTP/1.1, content: EmptyByteBufBE)
GET /session/1799b29c087c4a31c20da7b0a1e0a9d9/screenshot HTTP/1.1
User-Agent: selenium/4.1.2 (java windows)
Cache-Control: no-cache
Content-Type: application/json; charset=utf-8
host: localhost:59020
accept: */*

Response DefaultHttpResponse(decodeResult: success, version: HTTP/1.1)
HTTP/1.1 200 OK
Content-Type: application/json; charset=utf-8
cache-control: no-cache
content-length: 89536

01:49:58.332 [AsyncHttpClient-1-3] DEBUG org.asynchttpclient.netty.channel.ChannelManager - Adding key: http://localhost:59020 for channel [id: 0xbae4af0f, L:/127.0.0.1:57308 - R:localhost/127.0.0.1:59020]
01:49:58.336 [main] DEBUG net.serenitybdd.core.photography.Darkroom - Send negative for processing for target\site\serenity\e2997f6475485d6f334753f7d597af59cb293e10982488e53949aa2f65e4ae8d.png
01:49:58.336 [main] DEBUG net.thucydides.core.steps.StepInterceptor - STEP DONE: buyCincinEmas
01:49:58.337 [Darkroom Processing Line] DEBUG net.serenitybdd.core.photography.DarkroomProcessingLine - Processing screenshot image in /var/screenshots/screenshot-13256915197036974415
01:49:58.337 [Darkroom Processing Line] DEBUG net.serenitybdd.core.photography.DarkroomProcessingLine - Saving screenshot to target\site\serenity\e2997f6475485d6f334753f7d597af59cb293e10982488e53949aa2f65e4ae8d.png
  &amp#27;[32mAnd &amp#27;[0m&amp#27;[32mThird I buy &amp#27;[0m&amp#27;[32m&amp#27;[1mCincin Emas&amp#27;[0m                                      &amp#27;[90m# stepdefinitions.BuyProductsStep.iBuyCincinEmas(java.lang.String)&amp#27;[0m
01:49:58.363 [main] DEBUG net.thucydides.core.steps.StepInterceptor - STARTING STEP: BuyProductsStep.iclickChartButton - shopChartButton
01:49:58.367 [Forwarding findElement on session 1799b29c087c4a31c20da7b0a1e0a9d9 to remote] DEBUG org.asynchttpclient.netty.request.NettyRequestSender - Using pooled Channel '[id: 0xbae4af0f, L:/127.0.0.1:57308 - R:localhost/127.0.0.1:59020]' for 'POST' to 'http://localhost:59020/session/1799b29c087c4a31c20da7b0a1e0a9d9/element'
01:49:58.367 [Forwarding findElement on session 1799b29c087c4a31c20da7b0a1e0a9d9 to remote] DEBUG org.asynchttpclient.netty.request.NettyRequestSender - Using open Channel [id: 0xbae4af0f, L:/127.0.0.1:57308 - R:localhost/127.0.0.1:59020] for POST '/session/1799b29c087c4a31c20da7b0a1e0a9d9/element'
01:49:58.372 [AsyncHttpClient-1-1] DEBUG org.asynchttpclient.netty.channel.DefaultChannelPool - Entry count for : http://localhost:57309 : 1
01:49:58.393 [AsyncHttpClient-1-3] DEBUG org.asynchttpclient.netty.handler.HttpHandler - 

Request DefaultHttpRequest(decodeResult: success, version: HTTP/1.1)
POST /session/1799b29c087c4a31c20da7b0a1e0a9d9/element HTTP/1.1
User-Agent: selenium/4.1.2 (java windows)
Content-Length: 108
Content-Type: application/json; charset=utf-8
host: localhost:59020
accept: */*

Response DefaultHttpResponse(decodeResult: success, version: HTTP/1.1)
HTTP/1.1 200 OK
Content-Type: application/json; charset=utf-8
cache-control: no-cache
content-length: 88

01:49:58.394 [AsyncHttpClient-1-3] DEBUG org.asynchttpclient.netty.channel.ChannelManager - Adding key: http://localhost:59020 for channel [id: 0xbae4af0f, L:/127.0.0.1:57308 - R:localhost/127.0.0.1:59020]
01:49:58.396 [Forwarding getElementTagName on session 1799b29c087c4a31c20da7b0a1e0a9d9 to remote] DEBUG org.asynchttpclient.netty.request.NettyRequestSender - Using pooled Channel '[id: 0xbae4af0f, L:/127.0.0.1:57308 - R:localhost/127.0.0.1:59020]' for 'GET' to 'http://localhost:59020/session/1799b29c087c4a31c20da7b0a1e0a9d9/element/d54f23e9-77f4-4edd-9d2b-7a58fd7516d5/name'
01:49:58.396 [Forwarding getElementTagName on session 1799b29c087c4a31c20da7b0a1e0a9d9 to remote] DEBUG org.asynchttpclient.netty.request.NettyRequestSender - Using open Channel [id: 0xbae4af0f, L:/127.0.0.1:57308 - R:localhost/127.0.0.1:59020] for GET '/session/1799b29c087c4a31c20da7b0a1e0a9d9/element/d54f23e9-77f4-4edd-9d2b-7a58fd7516d5/name'
01:49:58.403 [AsyncHttpClient-1-3] DEBUG org.asynchttpclient.netty.handler.HttpHandler - 

Request DefaultFullHttpRequest(decodeResult: success, version: HTTP/1.1, content: EmptyByteBufBE)
GET /session/1799b29c087c4a31c20da7b0a1e0a9d9/element/d54f23e9-77f4-4edd-9d2b-7a58fd7516d5/name HTTP/1.1
User-Agent: selenium/4.1.2 (java windows)
Cache-Control: no-cache
Content-Type: application/json; charset=utf-8
host: localhost:59020
accept: */*

Response DefaultHttpResponse(decodeResult: success, version: HTTP/1.1)
HTTP/1.1 200 OK
Content-Type: application/json; charset=utf-8
cache-control: no-cache
content-length: 18

01:49:58.403 [AsyncHttpClient-1-3] DEBUG org.asynchttpclient.netty.channel.ChannelManager - Adding key: http://localhost:59020 for channel [id: 0xbae4af0f, L:/127.0.0.1:57308 - R:localhost/127.0.0.1:59020]
01:49:58.408 [Forwarding getElementTagName on session 1799b29c087c4a31c20da7b0a1e0a9d9 to remote] DEBUG org.asynchttpclient.netty.request.NettyRequestSender - Using pooled Channel '[id: 0xbae4af0f, L:/127.0.0.1:57308 - R:localhost/127.0.0.1:59020]' for 'GET' to 'http://localhost:59020/session/1799b29c087c4a31c20da7b0a1e0a9d9/element/d54f23e9-77f4-4edd-9d2b-7a58fd7516d5/name'
01:49:58.408 [Forwarding getElementTagName on session 1799b29c087c4a31c20da7b0a1e0a9d9 to remote] DEBUG org.asynchttpclient.netty.request.NettyRequestSender - Using open Channel [id: 0xbae4af0f, L:/127.0.0.1:57308 - R:localhost/127.0.0.1:59020] for GET '/session/1799b29c087c4a31c20da7b0a1e0a9d9/element/d54f23e9-77f4-4edd-9d2b-7a58fd7516d5/name'
01:49:58.413 [AsyncHttpClient-1-3] DEBUG org.asynchttpclient.netty.handler.HttpHandler - 

Request DefaultFullHttpRequest(decodeResult: success, version: HTTP/1.1, content: EmptyByteBufBE)
GET /session/1799b29c087c4a31c20da7b0a1e0a9d9/element/d54f23e9-77f4-4edd-9d2b-7a58fd7516d5/name HTTP/1.1
User-Agent: selenium/4.1.2 (java windows)
Cache-Control: no-cache
Content-Type: application/json; charset=utf-8
host: localhost:59020
accept: */*

Response DefaultHttpResponse(decodeResult: success, version: HTTP/1.1)
HTTP/1.1 200 OK
Content-Type: application/json; charset=utf-8
cache-control: no-cache
content-length: 18

01:49:58.414 [AsyncHttpClient-1-3] DEBUG org.asynchttpclient.netty.channel.ChannelManager - Adding key: http://localhost:59020 for channel [id: 0xbae4af0f, L:/127.0.0.1:57308 - R:localhost/127.0.0.1:59020]
01:49:58.417 [Forwarding isElementEnabled on session 1799b29c087c4a31c20da7b0a1e0a9d9 to remote] DEBUG org.asynchttpclient.netty.request.NettyRequestSender - Using pooled Channel '[id: 0xbae4af0f, L:/127.0.0.1:57308 - R:localhost/127.0.0.1:59020]' for 'GET' to 'http://localhost:59020/session/1799b29c087c4a31c20da7b0a1e0a9d9/element/d54f23e9-77f4-4edd-9d2b-7a58fd7516d5/enabled'
01:49:58.417 [Forwarding isElementEnabled on session 1799b29c087c4a31c20da7b0a1e0a9d9 to remote] DEBUG org.asynchttpclient.netty.request.NettyRequestSender - Using open Channel [id: 0xbae4af0f, L:/127.0.0.1:57308 - R:localhost/127.0.0.1:59020] for GET '/session/1799b29c087c4a31c20da7b0a1e0a9d9/element/d54f23e9-77f4-4edd-9d2b-7a58fd7516d5/enabled'
01:49:58.431 [AsyncHttpClient-1-3] DEBUG org.asynchttpclient.netty.handler.HttpHandler - 

Request DefaultFullHttpRequest(decodeResult: success, version: HTTP/1.1, content: EmptyByteBufBE)
GET /session/1799b29c087c4a31c20da7b0a1e0a9d9/element/d54f23e9-77f4-4edd-9d2b-7a58fd7516d5/enabled HTTP/1.1
User-Agent: selenium/4.1.2 (java windows)
Cache-Control: no-cache
Content-Type: application/json; charset=utf-8
host: localhost:59020
accept: */*

Response DefaultHttpResponse(decodeResult: success, version: HTTP/1.1)
HTTP/1.1 200 OK
Content-Type: application/json; charset=utf-8
cache-control: no-cache
content-length: 14

01:49:58.432 [AsyncHttpClient-1-3] DEBUG org.asynchttpclient.netty.channel.ChannelManager - Adding key: http://localhost:59020 for channel [id: 0xbae4af0f, L:/127.0.0.1:57308 - R:localhost/127.0.0.1:59020]
01:49:58.435 [Forwarding isElementEnabled on session 1799b29c087c4a31c20da7b0a1e0a9d9 to remote] DEBUG org.asynchttpclient.netty.request.NettyRequestSender - Using pooled Channel '[id: 0xbae4af0f, L:/127.0.0.1:57308 - R:localhost/127.0.0.1:59020]' for 'GET' to 'http://localhost:59020/session/1799b29c087c4a31c20da7b0a1e0a9d9/element/d54f23e9-77f4-4edd-9d2b-7a58fd7516d5/enabled'
01:49:58.435 [Forwarding isElementEnabled on session 1799b29c087c4a31c20da7b0a1e0a9d9 to remote] DEBUG org.asynchttpclient.netty.request.NettyRequestSender - Using open Channel [id: 0xbae4af0f, L:/127.0.0.1:57308 - R:localhost/127.0.0.1:59020] for GET '/session/1799b29c087c4a31c20da7b0a1e0a9d9/element/d54f23e9-77f4-4edd-9d2b-7a58fd7516d5/enabled'
01:49:58.444 [AsyncHttpClient-1-3] DEBUG org.asynchttpclient.netty.handler.HttpHandler - 

Request DefaultFullHttpRequest(decodeResult: success, version: HTTP/1.1, content: EmptyByteBufBE)
GET /session/1799b29c087c4a31c20da7b0a1e0a9d9/element/d54f23e9-77f4-4edd-9d2b-7a58fd7516d5/enabled HTTP/1.1
User-Agent: selenium/4.1.2 (java windows)
Cache-Control: no-cache
Content-Type: application/json; charset=utf-8
host: localhost:59020
accept: */*

Response DefaultHttpResponse(decodeResult: success, version: HTTP/1.1)
HTTP/1.1 200 OK
Content-Type: application/json; charset=utf-8
cache-control: no-cache
content-length: 14

01:49:58.444 [AsyncHttpClient-1-3] DEBUG org.asynchttpclient.netty.channel.ChannelManager - Adding key: http://localhost:59020 for channel [id: 0xbae4af0f, L:/127.0.0.1:57308 - R:localhost/127.0.0.1:59020]
01:49:58.447 [Forwarding findElement on session 1799b29c087c4a31c20da7b0a1e0a9d9 to remote] DEBUG org.asynchttpclient.netty.request.NettyRequestSender - Using pooled Channel '[id: 0xbae4af0f, L:/127.0.0.1:57308 - R:localhost/127.0.0.1:59020]' for 'POST' to 'http://localhost:59020/session/1799b29c087c4a31c20da7b0a1e0a9d9/element'
01:49:58.447 [Forwarding findElement on session 1799b29c087c4a31c20da7b0a1e0a9d9 to remote] DEBUG org.asynchttpclient.netty.request.NettyRequestSender - Using open Channel [id: 0xbae4af0f, L:/127.0.0.1:57308 - R:localhost/127.0.0.1:59020] for POST '/session/1799b29c087c4a31c20da7b0a1e0a9d9/element'
01:49:58.466 [AsyncHttpClient-1-3] DEBUG org.asynchttpclient.netty.handler.HttpHandler - 

Request DefaultHttpRequest(decodeResult: success, version: HTTP/1.1)
POST /session/1799b29c087c4a31c20da7b0a1e0a9d9/element HTTP/1.1
User-Agent: selenium/4.1.2 (java windows)
Content-Length: 108
Content-Type: application/json; charset=utf-8
host: localhost:59020
accept: */*

Response DefaultHttpResponse(decodeResult: success, version: HTTP/1.1)
HTTP/1.1 200 OK
Content-Type: application/json; charset=utf-8
cache-control: no-cache
content-length: 88

01:49:58.466 [AsyncHttpClient-1-3] DEBUG org.asynchttpclient.netty.channel.ChannelManager - Adding key: http://localhost:59020 for channel [id: 0xbae4af0f, L:/127.0.0.1:57308 - R:localhost/127.0.0.1:59020]
01:49:58.469 [Forwarding clickElement on session 1799b29c087c4a31c20da7b0a1e0a9d9 to remote] DEBUG org.asynchttpclient.netty.request.NettyRequestSender - Using pooled Channel '[id: 0xbae4af0f, L:/127.0.0.1:57308 - R:localhost/127.0.0.1:59020]' for 'POST' to 'http://localhost:59020/session/1799b29c087c4a31c20da7b0a1e0a9d9/element/d54f23e9-77f4-4edd-9d2b-7a58fd7516d5/click'
01:49:58.469 [Forwarding clickElement on session 1799b29c087c4a31c20da7b0a1e0a9d9 to remote] DEBUG org.asynchttpclient.netty.request.NettyRequestSender - Using open Channel [id: 0xbae4af0f, L:/127.0.0.1:57308 - R:localhost/127.0.0.1:59020] for POST '/session/1799b29c087c4a31c20da7b0a1e0a9d9/element/d54f23e9-77f4-4edd-9d2b-7a58fd7516d5/click'
01:49:58.591 [AsyncHttpClient-1-3] DEBUG org.asynchttpclient.netty.handler.HttpHandler - 

Request DefaultHttpRequest(decodeResult: success, version: HTTP/1.1)
POST /session/1799b29c087c4a31c20da7b0a1e0a9d9/element/d54f23e9-77f4-4edd-9d2b-7a58fd7516d5/click HTTP/1.1
User-Agent: selenium/4.1.2 (java windows)
Content-Length: 50
Content-Type: application/json; charset=utf-8
host: localhost:59020
accept: */*

Response DefaultHttpResponse(decodeResult: success, version: HTTP/1.1)
HTTP/1.1 200 OK
Content-Type: application/json; charset=utf-8
cache-control: no-cache
content-length: 14

01:49:58.591 [AsyncHttpClient-1-3] DEBUG org.asynchttpclient.netty.channel.ChannelManager - Adding key: http://localhost:59020 for channel [id: 0xbae4af0f, L:/127.0.0.1:57308 - R:localhost/127.0.0.1:59020]
01:49:58.600 [Forwarding screenshot on session 1799b29c087c4a31c20da7b0a1e0a9d9 to remote] DEBUG org.asynchttpclient.netty.request.NettyRequestSender - Using pooled Channel '[id: 0xbae4af0f, L:/127.0.0.1:57308 - R:localhost/127.0.0.1:59020]' for 'GET' to 'http://localhost:59020/session/1799b29c087c4a31c20da7b0a1e0a9d9/screenshot'
01:49:58.600 [Forwarding screenshot on session 1799b29c087c4a31c20da7b0a1e0a9d9 to remote] DEBUG org.asynchttpclient.netty.request.NettyRequestSender - Using open Channel [id: 0xbae4af0f, L:/127.0.0.1:57308 - R:localhost/127.0.0.1:59020] for GET '/session/1799b29c087c4a31c20da7b0a1e0a9d9/screenshot'
01:49:59.242 [AsyncHttpClient-1-3] DEBUG org.asynchttpclient.netty.handler.HttpHandler - 

Request DefaultFullHttpRequest(decodeResult: success, version: HTTP/1.1, content: EmptyByteBufBE)
GET /session/1799b29c087c4a31c20da7b0a1e0a9d9/screenshot HTTP/1.1
User-Agent: selenium/4.1.2 (java windows)
Cache-Control: no-cache
Content-Type: application/json; charset=utf-8
host: localhost:59020
accept: */*

Response DefaultHttpResponse(decodeResult: success, version: HTTP/1.1)
HTTP/1.1 200 OK
Content-Type: application/json; charset=utf-8
cache-control: no-cache
content-length: 74084

01:49:59.243 [AsyncHttpClient-1-3] DEBUG org.asynchttpclient.netty.channel.ChannelManager - Adding key: http://localhost:59020 for channel [id: 0xbae4af0f, L:/127.0.0.1:57308 - R:localhost/127.0.0.1:59020]
01:49:59.249 [main] DEBUG net.serenitybdd.core.photography.Darkroom - Send negative for processing for target\site\serenity\fe5ba6cc29638075d762fed602698569ce105b97f3eea568dc7807a9da7590cc.png
01:49:59.249 [main] DEBUG net.thucydides.core.steps.StepInterceptor - STEP DONE: shopChartButton
  &amp#27;[32mAnd &amp#27;[0m&amp#27;[32mI click chart button&amp#27;[0m                                         &amp#27;[90m# stepdefinitions.BuyProductsStep.iclickChartButton()&amp#27;[0m
01:49:59.250 [Darkroom Processing Line] DEBUG net.serenitybdd.core.photography.DarkroomProcessingLine - Processing screenshot image in /var/screenshots/screenshot-8671685194937532642
01:49:59.250 [Darkroom Processing Line] DEBUG net.serenitybdd.core.photography.DarkroomProcessingLine - Saving screenshot to target\site\serenity\fe5ba6cc29638075d762fed602698569ce105b97f3eea568dc7807a9da7590cc.png
01:49:59.295 [main] DEBUG net.thucydides.core.steps.StepInterceptor - STARTING STEP: BuyProductsStep.onOrderPageAndTheProductIsHere - chartIncreased
01:49:59.299 [Forwarding findElement on session 1799b29c087c4a31c20da7b0a1e0a9d9 to remote] DEBUG org.asynchttpclient.netty.request.NettyRequestSender - Using pooled Channel '[id: 0xbae4af0f, L:/127.0.0.1:57308 - R:localhost/127.0.0.1:59020]' for 'POST' to 'http://localhost:59020/session/1799b29c087c4a31c20da7b0a1e0a9d9/element'
01:49:59.299 [Forwarding findElement on session 1799b29c087c4a31c20da7b0a1e0a9d9 to remote] DEBUG org.asynchttpclient.netty.request.NettyRequestSender - Using open Channel [id: 0xbae4af0f, L:/127.0.0.1:57308 - R:localhost/127.0.0.1:59020] for POST '/session/1799b29c087c4a31c20da7b0a1e0a9d9/element'
01:49:59.319 [AsyncHttpClient-1-3] DEBUG org.asynchttpclient.netty.handler.HttpHandler - 

Request DefaultHttpRequest(decodeResult: success, version: HTTP/1.1)
POST /session/1799b29c087c4a31c20da7b0a1e0a9d9/element HTTP/1.1
User-Agent: selenium/4.1.2 (java windows)
Content-Length: 148
Content-Type: application/json; charset=utf-8
host: localhost:59020
accept: */*

Response DefaultHttpResponse(decodeResult: success, version: HTTP/1.1)
HTTP/1.1 200 OK
Content-Type: application/json; charset=utf-8
cache-control: no-cache
content-length: 88

01:49:59.319 [AsyncHttpClient-1-3] DEBUG org.asynchttpclient.netty.channel.ChannelManager - Adding key: http://localhost:59020 for channel [id: 0xbae4af0f, L:/127.0.0.1:57308 - R:localhost/127.0.0.1:59020]
01:49:59.325 [Forwarding isElementDisplayed on session 1799b29c087c4a31c20da7b0a1e0a9d9 to remote] DEBUG org.asynchttpclient.netty.request.NettyRequestSender - Using pooled Channel '[id: 0xbae4af0f, L:/127.0.0.1:57308 - R:localhost/127.0.0.1:59020]' for 'POST' to 'http://localhost:59020/session/1799b29c087c4a31c20da7b0a1e0a9d9/execute/sync'
01:49:59.325 [Forwarding isElementDisplayed on session 1799b29c087c4a31c20da7b0a1e0a9d9 to remote] DEBUG org.asynchttpclient.netty.request.NettyRequestSender - Using open Channel [id: 0xbae4af0f, L:/127.0.0.1:57308 - R:localhost/127.0.0.1:59020] for POST '/session/1799b29c087c4a31c20da7b0a1e0a9d9/execute/sync'
01:49:59.346 [AsyncHttpClient-1-3] DEBUG org.asynchttpclient.netty.handler.HttpHandler - 

Request DefaultHttpRequest(decodeResult: success, version: HTTP/1.1)
POST /session/1799b29c087c4a31c20da7b0a1e0a9d9/execute/sync HTTP/1.1
User-Agent: selenium/4.1.2 (java windows)
Content-Length: 48780
Content-Type: application/json; charset=utf-8
host: localhost:59020
accept: */*

Response DefaultHttpResponse(decodeResult: success, version: HTTP/1.1)
HTTP/1.1 200 OK
Content-Type: application/json; charset=utf-8
cache-control: no-cache
content-length: 14

01:49:59.346 [AsyncHttpClient-1-3] DEBUG org.asynchttpclient.netty.channel.ChannelManager - Adding key: http://localhost:59020 for channel [id: 0xbae4af0f, L:/127.0.0.1:57308 - R:localhost/127.0.0.1:59020]
01:49:59.352 [Forwarding screenshot on session 1799b29c087c4a31c20da7b0a1e0a9d9 to remote] DEBUG org.asynchttpclient.netty.request.NettyRequestSender - Using pooled Channel '[id: 0xbae4af0f, L:/127.0.0.1:57308 - R:localhost/127.0.0.1:59020]' for 'GET' to 'http://localhost:59020/session/1799b29c087c4a31c20da7b0a1e0a9d9/screenshot'
01:49:59.352 [Forwarding screenshot on session 1799b29c087c4a31c20da7b0a1e0a9d9 to remote] DEBUG org.asynchttpclient.netty.request.NettyRequestSender - Using open Channel [id: 0xbae4af0f, L:/127.0.0.1:57308 - R:localhost/127.0.0.1:59020] for GET '/session/1799b29c087c4a31c20da7b0a1e0a9d9/screenshot'
01:49:59.480 [AsyncHttpClient-1-1] DEBUG org.asynchttpclient.netty.channel.DefaultChannelPool - Entry count for : http://localhost:57309 : 1
01:49:59.550 [AsyncHttpClient-1-3] DEBUG org.asynchttpclient.netty.handler.HttpHandler - 

Request DefaultFullHttpRequest(decodeResult: success, version: HTTP/1.1, content: EmptyByteBufBE)
GET /session/1799b29c087c4a31c20da7b0a1e0a9d9/screenshot HTTP/1.1
User-Agent: selenium/4.1.2 (java windows)
Cache-Control: no-cache
Content-Type: application/json; charset=utf-8
host: localhost:59020
accept: */*

Response DefaultHttpResponse(decodeResult: success, version: HTTP/1.1)
HTTP/1.1 200 OK
Content-Type: application/json; charset=utf-8
cache-control: no-cache
content-length: 73576

01:49:59.551 [AsyncHttpClient-1-3] DEBUG org.asynchttpclient.netty.channel.ChannelManager - Adding key: http://localhost:59020 for channel [id: 0xbae4af0f, L:/127.0.0.1:57308 - R:localhost/127.0.0.1:59020]
01:49:59.554 [main] DEBUG net.serenitybdd.core.photography.Darkroom - Send negative for processing for target\site\serenity\8baa865dd56174700cd9a1f9047d735bc379695435a7dca5f1e0ba1bb4c4be03.png
01:49:59.555 [main] DEBUG net.thucydides.core.steps.StepInterceptor - STEP DONE: chartIncreased
  &amp#27;[32mThen &amp#27;[0m&amp#27;[32mI on order page and The product I bought it is here&amp#27;[0m         &amp#27;[90m# stepdefinitions.BuyProductsStep.onOrderPageAndTheProductIsHere()&amp#27;[0m
01:49:59.555 [Darkroom Processing Line] DEBUG net.serenitybdd.core.photography.DarkroomProcessingLine - Processing screenshot image in /var/screenshots/screenshot-11348075213594940622
01:49:59.555 [Darkroom Processing Line] DEBUG net.serenitybdd.core.photography.DarkroomProcessingLine - Saving screenshot to target\site\serenity\8baa865dd56174700cd9a1f9047d735bc379695435a7dca5f1e0ba1bb4c4be03.png
01:49:59.565 [main] INFO  - 
  _____   ___   ___   _____     ___     _     ___   ___   ___   ___  
 |_   _| | __| / __| |_   _|   | _ \   /_\   / __| / __| | __| |   \ 
   | |   | _|  \__ \   | |     |  _/  / _ \  \__ \ \__ \ | _|  | |) |
   |_|   |___| |___/   |_|     |_|   /_/ \_\ |___/ |___/ |___| |___/ 

As a user, i have able to buy a product and add to chart
----------------------------------------------------------------------
01:49:59.568 [AsyncHttpClient-1-5] DEBUG org.asynchttpclient.netty.handler.WebSocketHandler - Channel Closed: [id: 0xa6a79733, L:/127.0.0.1:57318 ! R:localhost/127.0.0.1:57309] with attribute NettyResponseFuture{currentRetry=5,
	isDone=1,
	isCancelled=0,
	asyncHandler=org.asynchttpclient.ws.WebSocketUpgradeHandler@7f0a5e6f,
	nettyRequest=org.asynchttpclient.netty.request.NettyRequest@573c0ee9,
	future=java.util.concurrent.CompletableFuture@3a553303[Completed normally],
	uri=ws://localhost:57309/devtools/browser/5687d5e1-e73a-4e45-b7c8-da8865c6bb93,
	keepAlive=true,
	redirectCount=0,
	timeoutsHolder=null,
	inAuth=0,
	touch=1652381388038}
01:49:59.568 [AsyncHttpClient-1-5] DEBUG org.asynchttpclient.netty.channel.ChannelManager - Closing Channel [id: 0xa6a79733, L:/127.0.0.1:57318 ! R:localhost/127.0.0.1:57309] 
01:49:59.568 [Driver Command Executor] DEBUG org.asynchttpclient.netty.request.NettyRequestSender - Using pooled Channel '[id: 0xbae4af0f, L:/127.0.0.1:57308 - R:localhost/127.0.0.1:59020]' for 'DELETE' to 'http://localhost:59020/session/1799b29c087c4a31c20da7b0a1e0a9d9'
01:49:59.568 [Driver Command Executor] DEBUG org.asynchttpclient.netty.request.NettyRequestSender - Using open Channel [id: 0xbae4af0f, L:/127.0.0.1:57308 - R:localhost/127.0.0.1:59020] for DELETE '/session/1799b29c087c4a31c20da7b0a1e0a9d9'
01:49:59.684 [AsyncHttpClient-1-4] DEBUG org.asynchttpclient.netty.handler.HttpHandler - Unexpected I/O exception on channel [id: 0xb70fdfdc, L:/127.0.0.1:57317 - R:localhost/127.0.0.1:57309]
java.io.IOException: An existing connection was forcibly closed by the remote host
	at java.base/sun.nio.ch.SocketDispatcher.read0(Native Method)
	at java.base/sun.nio.ch.SocketDispatcher.read(SocketDispatcher.java:43)
	at java.base/sun.nio.ch.IOUtil.readIntoNativeBuffer(IOUtil.java:276)
	at java.base/sun.nio.ch.IOUtil.read(IOUtil.java:233)
	at java.base/sun.nio.ch.IOUtil.read(IOUtil.java:223)
	at java.base/sun.nio.ch.SocketChannelImpl.read(SocketChannelImpl.java:358)
	at io.netty.buffer.PooledByteBuf.setBytes(PooledByteBuf.java:258)
	at io.netty.buffer.AbstractByteBuf.writeBytes(AbstractByteBuf.java:1132)
	at io.netty.channel.socket.nio.NioSocketChannel.doReadBytes(NioSocketChannel.java:350)
	at io.netty.channel.nio.AbstractNioByteChannel$NioByteUnsafe.read(AbstractNioByteChannel.java:151)
	at io.netty.channel.nio.NioEventLoop.processSelectedKey(NioEventLoop.java:722)
	at io.netty.channel.nio.NioEventLoop.processSelectedKeysOptimized(NioEventLoop.java:658)
	at io.netty.channel.nio.NioEventLoop.processSelectedKeys(NioEventLoop.java:584)
	at io.netty.channel.nio.NioEventLoop.run(NioEventLoop.java:496)
	at io.netty.util.concurrent.SingleThreadEventExecutor$4.run(SingleThreadEventExecutor.java:986)
	at io.netty.util.internal.ThreadExecutorMap$2.run(ThreadExecutorMap.java:74)
	at io.netty.util.concurrent.FastThreadLocalRunnable.run(FastThreadLocalRunnable.java:30)
	at java.base/java.lang.Thread.run(Thread.java:834)
01:49:59.684 [AsyncHttpClient-1-4] DEBUG org.asynchttpclient.netty.channel.ChannelManager - Closing Channel [id: 0xb70fdfdc, L:/127.0.0.1:57317 - R:localhost/127.0.0.1:57309] 
01:49:59.684 [AsyncHttpClient-1-4] DEBUG org.asynchttpclient.netty.handler.HttpHandler - Channel Closed: [id: 0xb70fdfdc, L:/127.0.0.1:57317 ! R:localhost/127.0.0.1:57309] with attribute DISCARD
01:49:59.705 [AsyncHttpClient-1-3] DEBUG org.asynchttpclient.netty.handler.HttpHandler - 

Request DefaultFullHttpRequest(decodeResult: success, version: HTTP/1.1, content: EmptyByteBufBE)
DELETE /session/1799b29c087c4a31c20da7b0a1e0a9d9 HTTP/1.1
User-Agent: selenium/4.1.2 (java windows)
Content-Type: application/json; charset=utf-8
host: localhost:59020
accept: */*

Response DefaultHttpResponse(decodeResult: success, version: HTTP/1.1)
HTTP/1.1 200 OK
Content-Type: application/json; charset=utf-8
cache-control: no-cache
content-length: 14

01:49:59.705 [AsyncHttpClient-1-3] DEBUG org.asynchttpclient.netty.channel.ChannelManager - Adding key: http://localhost:59020 for channel [id: 0xbae4af0f, L:/127.0.0.1:57308 - R:localhost/127.0.0.1:59020]
01:50:00.153 [AsyncHttpClient-1-3] DEBUG org.asynchttpclient.netty.handler.HttpHandler - Channel Closed: [id: 0xbae4af0f, L:/127.0.0.1:57308 ! R:localhost/127.0.0.1:59020] with attribute DISCARD
01:50:00.583 [AsyncHttpClient-1-1] DEBUG org.asynchttpclient.netty.channel.DefaultChannelPool - Entry count for : http://localhost:57309 : 1
01:50:00.583 [AsyncHttpClient-1-1] DEBUG org.asynchttpclient.netty.channel.DefaultChannelPool - Entry count for : http://localhost:59020 : 1
01:50:00.583 [AsyncHttpClient-1-1] DEBUG org.asynchttpclient.netty.channel.DefaultChannelPool - Adding Candidate expired Channel [id: 0xb70fdfdc, L:/127.0.0.1:57317 ! R:localhost/127.0.0.1:57309] isIdleTimeoutExpired=false isRemotelyClosed=true isTtlExpired=false
01:50:00.583 [AsyncHttpClient-1-1] DEBUG org.asynchttpclient.netty.channel.DefaultChannelPool - Closing Idle Channel [id: 0xb70fdfdc, L:/127.0.0.1:57317 ! R:localhost/127.0.0.1:57309]
01:50:00.583 [AsyncHttpClient-1-1] DEBUG org.asynchttpclient.netty.channel.DefaultChannelPool - Adding Candidate expired Channel [id: 0xbae4af0f, L:/127.0.0.1:57308 ! R:localhost/127.0.0.1:59020] isIdleTimeoutExpired=false isRemotelyClosed=true isTtlExpired=false
01:50:00.583 [AsyncHttpClient-1-1] DEBUG org.asynchttpclient.netty.channel.DefaultChannelPool - Closing Idle Channel [id: 0xbae4af0f, L:/127.0.0.1:57308 ! R:localhost/127.0.0.1:59020]
01:50:00.583 [AsyncHttpClient-1-1] DEBUG org.asynchttpclient.netty.channel.DefaultChannelPool - Closed 2 connections out of 2 in 0 ms
]]></system-out>
    <system-err><![CDATA[Starting ChromeDriver 101.0.4951.41 (93c720db8323b3ec10d056025ab95c23a31997c9-refs/branch-heads/4951@{#904}) on port 59020
Only local connections are allowed.
Please see https://chromedriver.chromium.org/security-considerations for suggestions on keeping ChromeDriver safe.
ChromeDriver was started successfully.
May 13, 2022 1:49:48 AM org.openqa.selenium.remote.ProtocolHandshake createSession
INFO: Detected dialect: W3C
May 13, 2022 1:49:48 AM org.openqa.selenium.devtools.CdpVersionFinder findNearestMatch
WARNING: Unable to find an exact match for CDP version 101, so returning the closest version found: 97
May 13, 2022 1:49:48 AM org.openqa.selenium.devtools.CdpVersionFinder findNearestMatch
INFO: Found CDP implementation for version 101 of 97
]]></system-err>
  </testcase>
  <testcase name="As a user, i have not able to buy a product and add to chart" classname="Buy Product" time="0.295">
    <system-out><![CDATA[
Scenario: As a user, i have not able to buy a product and add to chart &amp#27;[90m# src/test/resources/features/BuyProducts.feature:14&amp#27;[0m
01:50:00.711 [main] INFO io.cucumber.core.plugin.SerenityReporter - Running feature from file:///D:/Mini%20Project-QE%20Alta/Web%20Automation/FrontEnd-AltaShop/src/test/resources/features/BuyProducts.feature
01:50:00.718 [main] INFO  - 
  _____   ___   ___   _____     ___   _____     _     ___   _____   ___   ___  
 |_   _| | __| / __| |_   _|   / __| |_   _|   /_\   | _ \ |_   _| | __| |   \ 
   | |   | _|  \__ \   | |     \__ \   | |    / _ \  |   /   | |   | _|  | |) |
   |_|   |___| |___/   |_|     |___/   |_|   /_/ \_\ |_|_\   |_|   |___| |___/ 

As a user, i have not able to buy a product and add to chart(buy-product;as-a-user--i-have-not-able-to-buy-a-product-and-add-to-chart)
--------------------------------------------------------------------------------
01:50:00.820 [main] DEBUG net.thucydides.core.steps.StepInterceptor - STARTING STEP: BuyProductsStep.iAmAtHomePage - validateOnHomePage
01:50:00.835 [main] DEBUG net.thucydides.core.steps.StepInterceptor - STEP DONE: validateOnHomePage
  &amp#27;[32mGiven &amp#27;[0m&amp#27;[32m&amp#27;[0m&amp#27;[32m&amp#27;[1mI&amp#27;[0m&amp#27;[32m am at home page&amp#27;[0m                                              &amp#27;[90m# stepdefinitions.BuyProductsStep.iAmAtHomePage(java.lang.String)&amp#27;[0m
01:50:00.853 [main] DEBUG net.thucydides.core.steps.StepInterceptor - STARTING STEP: BuyProductsStep.iBeliTensiDarah - buyTensiDarah
01:50:00.864 [main] DEBUG net.thucydides.core.steps.StepInterceptor - STEP DONE: buyTensiDarah
  &amp#27;[32mWhen &amp#27;[0m&amp#27;[32mFirst I click beli button on &amp#27;[0m&amp#27;[32m&amp#27;[1mTensi Darah Eelktrik&amp#27;[0m               &amp#27;[90m# stepdefinitions.BuyProductsStep.iBeliTensiDarah(java.lang.String)&amp#27;[0m
01:50:00.883 [main] DEBUG net.thucydides.core.steps.StepInterceptor - STARTING STEP: BuyProductsStep.iBeliCamera - buyCamera
01:50:00.893 [main] DEBUG net.thucydides.core.steps.StepInterceptor - STEP DONE: buyCamera
  &amp#27;[32mAnd &amp#27;[0m&amp#27;[32mSecond I click beli button on &amp#27;[0m&amp#27;[32m&amp#27;[1mCamera&amp#27;[0m                             &amp#27;[90m# stepdefinitions.BuyProductsStep.iBeliCamera(java.lang.String)&amp#27;[0m
01:50:00.914 [main] DEBUG net.thucydides.core.steps.StepInterceptor - STARTING STEP: BuyProductsStep.iBeliCincinEmas - buyCincinEmas
01:50:00.925 [main] DEBUG net.thucydides.core.steps.StepInterceptor - STEP DONE: buyCincinEmas
  &amp#27;[32mAnd &amp#27;[0m&amp#27;[32mThird I click beli button on &amp#27;[0m&amp#27;[32m&amp#27;[1mCincin Emas&amp#27;[0m                         &amp#27;[90m# stepdefinitions.BuyProductsStep.iBeliCincinEmas(java.lang.String)&amp#27;[0m
01:50:00.948 [main] DEBUG net.thucydides.core.steps.StepInterceptor - STARTING STEP: BuyProductsStep.numberOfChartincreased - chartIncreased
01:50:00.952 [main] DEBUG net.thucydides.core.steps.StepInterceptor - STEP DONE: chartIncreased
  &amp#27;[32mThen &amp#27;[0m&amp#27;[32mThe number of chart increased&amp#27;[0m                                   &amp#27;[90m# stepdefinitions.BuyProductsStep.numberOfChartincreased()&amp#27;[0m
01:50:00.971 [main] INFO  - 
  _____   ___   ___   _____     ___     _     ___   ___   ___   ___  
 |_   _| | __| / __| |_   _|   | _ \   /_\   / __| / __| | __| |   \ 
   | |   | _|  \__ \   | |     |  _/  / _ \  \__ \ \__ \ | _|  | |) |
   |_|   |___| |___/   |_|     |_|   /_/ \_\ |___/ |___/ |___| |___/ 

As a user, i have not able to buy a product and add to chart
----------------------------------------------------------------------
]]></system-out>
  </testcase>
  <testcase name="As a user, i can logout of account" classname="Logout" time="21">
    <error type="net.thucydides.core.webdriver.exceptions.ElementShouldBeEnabledException"><![CDATA[net.thucydides.core.webdriver.exceptions.ElementShouldBeEnabledException: Expected enabled element was not enabled
Caused by: org.openqa.selenium.TimeoutException: Expected condition failed: waiting for By.id: list-item-9029 to be enabled (tried for 5 second(s) with 100 milliseconds interval)
Caused by: org.openqa.selenium.NoSuchElementException: 
no such element: Unable to locate element: {"method":"css selector","selector":"#list\-item\-9029"}
  (Session info: chrome=101.0.4951.54)
For documentation on this error, please visit: https://selenium.dev/exceptions/#no_such_element
Build info: version: '4.1.2', revision: '9a5a329c5a'
System info: host: 'LAPTOP-9MG0RTAB', ip: '192.168.130.2', os.name: 'Windows 10', os.arch: 'amd64', os.version: '10.0', java.version: '11.0.14'
Driver info: org.openqa.selenium.chrome.ChromeDriver
Command: [6e24cc33dbc0bf47e7e8480cfb0870d7, findElement {using=id, value=list-item-9029}]
Capabilities {acceptInsecureCerts: false, browserName: chrome, browserVersion: 101.0.4951.54, chrome: {chromedriverVersion: 101.0.4951.41 (93c720db8323..., userDataDir: C:\Users\SITINU~1\AppData\L...}, goog:chromeOptions: {debuggerAddress: localhost:57343}, javascriptEnabled: true, networkConnectionEnabled: false, pageLoadStrategy: normal, platform: WINDOWS, platformName: WINDOWS, proxy: Proxy(), se:cdp: ws://localhost:57343/devtoo..., se:cdpVersion: 101.0.4951.54, setWindowRect: true, strictFileInteractability: false, timeouts: {implicit: 0, pageLoad: 300000, script: 30000}, unhandledPromptBehavior: dismiss and notify, webauthn:extension:credBlob: true, webauthn:extension:largeBlob: true, webauthn:virtualAuthenticators: true}
Session ID: 6e24cc33dbc0bf47e7e8480cfb0870d7
]]></error>
    <system-out><![CDATA[01:50:00.977 [main] INFO io.cucumber.core.plugin.SerenityReporter - Running feature from file:///D:/Mini%20Project-QE%20Alta/Web%20Automation/FrontEnd-AltaShop/src/test/resources/features/Logout.feature
01:50:00.993 [main] DEBUG net.thucydides.core.steps.StepEventBus - Test suite started for story net.thucydides.core.model.Story@7960de68
01:50:00.994 [main] INFO  - Test Suite Started: Logout

Scenario: As a user, i can logout of account         &amp#27;[90m# src/test/resources/features/Logout.feature:3&amp#27;[0m
01:50:01.050 [main] INFO io.cucumber.core.plugin.SerenityReporter - Running feature from file:///D:/Mini%20Project-QE%20Alta/Web%20Automation/FrontEnd-AltaShop/src/test/resources/features/Logout.feature
01:50:01.069 [main] INFO  - 
  _____   ___   ___   _____     ___   _____     _     ___   _____   ___   ___  
 |_   _| | __| / __| |_   _|   / __| |_   _|   /_\   | _ \ |_   _| | __| |   \ 
   | |   | _|  \__ \   | |     \__ \   | |    / _ \  |   /   | |   | _|  | |) |
   |_|   |___| |___/   |_|     |___/   |_|   /_/ \_\ |_|_\   |_|   |___| |___/ 

As a user, i can logout of account(logout;as-a-user--i-can-logout-of-account)
--------------------------------------------------------------------------------
01:50:01.752 [main] DEBUG net.thucydides.core.steps.StepInterceptor - STARTING STEP: LogoutStep.onLoginPage - onLoginPage
01:50:01.977 [main] INFO net.serenitybdd.core.webdriver.driverproviders.ChromeDriverProvider - Using automatically driver download
01:50:02.203 [main] DEBUG io.github.bonigarcia.wdm.cache.ResolutionCache - Resolution chrome=101 in cache (valid until 02:25:36 13/05/2022 ICT)
01:50:02.212 [main] DEBUG io.github.bonigarcia.wdm.cache.ResolutionCache - Resolution chrome101=101.0.4951.41 in cache (valid until 14:31:54 13/05/2022 ICT)
01:50:02.215 [main] INFO io.github.bonigarcia.wdm.WebDriverManager - Using chromedriver 101.0.4951.41 (resolved driver for Chrome 101)
01:50:02.243 [main] DEBUG io.github.bonigarcia.wdm.WebDriverManager - Driver chromedriver 101.0.4951.41 found in cache
01:50:02.244 [main] INFO io.github.bonigarcia.wdm.WebDriverManager - Exporting webdriver.chrome.driver as C:\Users\Siti Nurlatipah\.cache\selenium\chromedriver\win32\101.0.4951.41\chromedriver.exe
01:50:02.412 [main] DEBUG net.serenitybdd.core.webdriver.driverproviders.ProvideNewDriver - Instantiating driver
01:50:02.412 [main] DEBUG net.serenitybdd.core.webdriver.driverproviders.ProvideNewDriver - Driver capabilities: Capabilities {acceptInsecureCerts: false, base.url: https://qa.alta.id, browserName: chrome, chrome.driver: src/test/resources/webdrive..., driver: chrome, goog:chromeOptions: {args: [], extensions: []}}
01:50:02.970 [AsyncHttpClient-1-6] DEBUG org.asynchttpclient.netty.channel.NettyConnectListener - Using new Channel '[id: 0xb876c9df, L:/127.0.0.1:57342 - R:localhost/127.0.0.1:57122]' for 'POST' to '/session'
01:50:04.470 [AsyncHttpClient-1-6] DEBUG org.asynchttpclient.netty.handler.HttpHandler - 

Request DefaultHttpRequest(decodeResult: success, version: HTTP/1.1)
POST /session HTTP/1.1
User-Agent: selenium/4.1.2 (java windows)
Content-Length: 595
Content-Type: application/json; charset=utf-8
host: localhost:57122
accept: */*

Response DefaultHttpResponse(decodeResult: success, version: HTTP/1.1)
HTTP/1.1 200 OK
Content-Type: application/json; charset=utf-8
cache-control: no-cache
content-length: 792

01:50:04.470 [AsyncHttpClient-1-6] DEBUG org.asynchttpclient.netty.channel.ChannelManager - Adding key: http://localhost:57122 for channel [id: 0xb876c9df, L:/127.0.0.1:57342 - R:localhost/127.0.0.1:57122]
01:50:04.490 [AsyncHttpClient-1-7] DEBUG org.asynchttpclient.netty.channel.NettyConnectListener - Using new Channel '[id: 0x4bc3f5f6, L:/127.0.0.1:57350 - R:localhost/127.0.0.1:57343]' for 'GET' to '/json/version'
01:50:04.493 [AsyncHttpClient-1-7] DEBUG org.asynchttpclient.netty.handler.HttpHandler - 

Request DefaultFullHttpRequest(decodeResult: success, version: HTTP/1.1, content: EmptyByteBufBE)
GET /json/version HTTP/1.1
User-Agent: selenium/4.1.2 (java windows)
host: localhost:57343
accept: */*

Response DefaultHttpResponse(decodeResult: success, version: HTTP/1.1)
HTTP/1.1 200 OK
Content-Type: application/json; charset=UTF-8
content-length: 427

01:50:04.493 [AsyncHttpClient-1-7] DEBUG org.asynchttpclient.netty.channel.ChannelManager - Adding key: http://localhost:57343 for channel [id: 0x4bc3f5f6, L:/127.0.0.1:57350 - R:localhost/127.0.0.1:57343]
01:50:04.502 [AsyncHttpClient-1-8] DEBUG org.asynchttpclient.netty.channel.NettyConnectListener - Using new Channel '[id: 0x4b4b3f59, L:/127.0.0.1:57351 - R:localhost/127.0.0.1:57343]' for 'GET' to '/devtools/browser/4d316f41-b3d7-4d2e-bf8c-d149e286eecb'
01:50:04.504 [AsyncHttpClient-1-8] DEBUG org.asynchttpclient.netty.handler.WebSocketHandler - 

Request DefaultFullHttpRequest(decodeResult: success, version: HTTP/1.1, content: EmptyByteBufBE)
GET /devtools/browser/4d316f41-b3d7-4d2e-bf8c-d149e286eecb HTTP/1.1
upgrade: websocket
connection: upgrade
sec-websocket-key: 3W0BvKWAHFKnKWMBPR4YMQ==
sec-websocket-version: 13
origin: http://localhost:57343
host: localhost:57343
accept: */*
user-agent: AHC/2.1

Response DefaultHttpResponse(decodeResult: success, version: HTTP/1.1)
HTTP/1.1 101 WebSocket Protocol Handshake
Upgrade: WebSocket
Connection: Upgrade
Sec-WebSocket-Accept: /57AMB+9G/31RieQukWpqqZyqDs=

01:50:04.530 [Forwarding get on session 6e24cc33dbc0bf47e7e8480cfb0870d7 to remote] DEBUG org.asynchttpclient.netty.request.NettyRequestSender - Using pooled Channel '[id: 0xb876c9df, L:/127.0.0.1:57342 - R:localhost/127.0.0.1:57122]' for 'POST' to 'http://localhost:57122/session/6e24cc33dbc0bf47e7e8480cfb0870d7/url'
01:50:04.530 [Forwarding get on session 6e24cc33dbc0bf47e7e8480cfb0870d7 to remote] DEBUG org.asynchttpclient.netty.request.NettyRequestSender - Using open Channel [id: 0xb876c9df, L:/127.0.0.1:57342 - R:localhost/127.0.0.1:57122] for POST '/session/6e24cc33dbc0bf47e7e8480cfb0870d7/url'
01:50:04.973 [AsyncHttpClient-1-1] DEBUG org.asynchttpclient.netty.channel.DefaultChannelPool - Entry count for : http://localhost:57343 : 1
01:50:06.082 [AsyncHttpClient-1-1] DEBUG org.asynchttpclient.netty.channel.DefaultChannelPool - Entry count for : http://localhost:57343 : 1
01:50:06.236 [AsyncHttpClient-1-6] DEBUG org.asynchttpclient.netty.handler.HttpHandler - 

Request DefaultHttpRequest(decodeResult: success, version: HTTP/1.1)
POST /session/6e24cc33dbc0bf47e7e8480cfb0870d7/url HTTP/1.1
User-Agent: selenium/4.1.2 (java windows)
Content-Length: 64
Content-Type: application/json; charset=utf-8
host: localhost:57122
accept: */*

Response DefaultHttpResponse(decodeResult: success, version: HTTP/1.1)
HTTP/1.1 200 OK
Content-Type: application/json; charset=utf-8
cache-control: no-cache
content-length: 14

01:50:06.236 [AsyncHttpClient-1-6] DEBUG org.asynchttpclient.netty.channel.ChannelManager - Adding key: http://localhost:57122 for channel [id: 0xb876c9df, L:/127.0.0.1:57342 - R:localhost/127.0.0.1:57122]
01:50:06.242 [Forwarding setTimeout on session 6e24cc33dbc0bf47e7e8480cfb0870d7 to remote] DEBUG org.asynchttpclient.netty.request.NettyRequestSender - Using pooled Channel '[id: 0xb876c9df, L:/127.0.0.1:57342 - R:localhost/127.0.0.1:57122]' for 'POST' to 'http://localhost:57122/session/6e24cc33dbc0bf47e7e8480cfb0870d7/timeouts'
01:50:06.242 [Forwarding setTimeout on session 6e24cc33dbc0bf47e7e8480cfb0870d7 to remote] DEBUG org.asynchttpclient.netty.request.NettyRequestSender - Using open Channel [id: 0xb876c9df, L:/127.0.0.1:57342 - R:localhost/127.0.0.1:57122] for POST '/session/6e24cc33dbc0bf47e7e8480cfb0870d7/timeouts'
01:50:06.247 [AsyncHttpClient-1-6] DEBUG org.asynchttpclient.netty.handler.HttpHandler - 

Request DefaultHttpRequest(decodeResult: success, version: HTTP/1.1)
POST /session/6e24cc33dbc0bf47e7e8480cfb0870d7/timeouts HTTP/1.1
User-Agent: selenium/4.1.2 (java windows)
Content-Length: 22
Content-Type: application/json; charset=utf-8
host: localhost:57122
accept: */*

Response DefaultHttpResponse(decodeResult: success, version: HTTP/1.1)
HTTP/1.1 200 OK
Content-Type: application/json; charset=utf-8
cache-control: no-cache
content-length: 14

01:50:06.247 [AsyncHttpClient-1-6] DEBUG org.asynchttpclient.netty.channel.ChannelManager - Adding key: http://localhost:57122 for channel [id: 0xb876c9df, L:/127.0.0.1:57342 - R:localhost/127.0.0.1:57122]
01:50:06.254 [Forwarding getCurrentUrl on session 6e24cc33dbc0bf47e7e8480cfb0870d7 to remote] DEBUG org.asynchttpclient.netty.request.NettyRequestSender - Using pooled Channel '[id: 0xb876c9df, L:/127.0.0.1:57342 - R:localhost/127.0.0.1:57122]' for 'GET' to 'http://localhost:57122/session/6e24cc33dbc0bf47e7e8480cfb0870d7/url'
01:50:06.254 [Forwarding getCurrentUrl on session 6e24cc33dbc0bf47e7e8480cfb0870d7 to remote] DEBUG org.asynchttpclient.netty.request.NettyRequestSender - Using open Channel [id: 0xb876c9df, L:/127.0.0.1:57342 - R:localhost/127.0.0.1:57122] for GET '/session/6e24cc33dbc0bf47e7e8480cfb0870d7/url'
01:50:06.263 [AsyncHttpClient-1-6] DEBUG org.asynchttpclient.netty.handler.HttpHandler - 

Request DefaultFullHttpRequest(decodeResult: success, version: HTTP/1.1, content: EmptyByteBufBE)
GET /session/6e24cc33dbc0bf47e7e8480cfb0870d7/url HTTP/1.1
User-Agent: selenium/4.1.2 (java windows)
Cache-Control: no-cache
Content-Type: application/json; charset=utf-8
host: localhost:57122
accept: */*

Response DefaultHttpResponse(decodeResult: success, version: HTTP/1.1)
HTTP/1.1 200 OK
Content-Type: application/json; charset=utf-8
cache-control: no-cache
content-length: 41

01:50:06.263 [AsyncHttpClient-1-6] DEBUG org.asynchttpclient.netty.channel.ChannelManager - Adding key: http://localhost:57122 for channel [id: 0xb876c9df, L:/127.0.0.1:57342 - R:localhost/127.0.0.1:57122]
01:50:06.274 [main] DEBUG net.serenitybdd.core.photography.Darkroom - Opening darkroom
01:50:06.277 [Forwarding screenshot on session 6e24cc33dbc0bf47e7e8480cfb0870d7 to remote] DEBUG org.asynchttpclient.netty.request.NettyRequestSender - Using pooled Channel '[id: 0xb876c9df, L:/127.0.0.1:57342 - R:localhost/127.0.0.1:57122]' for 'GET' to 'http://localhost:57122/session/6e24cc33dbc0bf47e7e8480cfb0870d7/screenshot'
01:50:06.279 [Forwarding screenshot on session 6e24cc33dbc0bf47e7e8480cfb0870d7 to remote] DEBUG org.asynchttpclient.netty.request.NettyRequestSender - Using open Channel [id: 0xb876c9df, L:/127.0.0.1:57342 - R:localhost/127.0.0.1:57122] for GET '/session/6e24cc33dbc0bf47e7e8480cfb0870d7/screenshot'
01:50:06.277 [Darkroom Processing Line] DEBUG net.serenitybdd.core.photography.DarkroomProcessingLine - Darkroom processing line starting up
01:50:06.474 [AsyncHttpClient-1-6] DEBUG org.asynchttpclient.netty.handler.HttpHandler - 

Request DefaultFullHttpRequest(decodeResult: success, version: HTTP/1.1, content: EmptyByteBufBE)
GET /session/6e24cc33dbc0bf47e7e8480cfb0870d7/screenshot HTTP/1.1
User-Agent: selenium/4.1.2 (java windows)
Cache-Control: no-cache
Content-Type: application/json; charset=utf-8
host: localhost:57122
accept: */*

Response DefaultHttpResponse(decodeResult: success, version: HTTP/1.1)
HTTP/1.1 200 OK
Content-Type: application/json; charset=utf-8
cache-control: no-cache
content-length: 37840

01:50:06.475 [AsyncHttpClient-1-6] DEBUG org.asynchttpclient.netty.channel.ChannelManager - Adding key: http://localhost:57122 for channel [id: 0xb876c9df, L:/127.0.0.1:57342 - R:localhost/127.0.0.1:57122]
01:50:06.478 [main] DEBUG net.serenitybdd.core.photography.Darkroom - Send negative for processing for target\site\serenity\6f2f89e8c5a543dd0a10df9cc2fb4dfa2a13d528c2d3ad44cda943733ef50e85.png
01:50:06.479 [main] DEBUG net.thucydides.core.steps.StepInterceptor - STEP DONE: onLoginPage
  &amp#27;[32mGiven &amp#27;[0m&amp#27;[32m&amp#27;[0m&amp#27;[32m&amp#27;[1mI&amp#27;[0m&amp#27;[32m on login-page&amp#27;[0m                              &amp#27;[90m# stepdefinitions.LogoutStep.onLoginPage(java.lang.String)&amp#27;[0m
01:50:06.508 [main] DEBUG net.thucydides.core.steps.StepInterceptor - STARTING STEP: LogoutStep.inputMyEmail - typeMyEmail
01:50:06.513 [Forwarding findElement on session 6e24cc33dbc0bf47e7e8480cfb0870d7 to remote] DEBUG org.asynchttpclient.netty.request.NettyRequestSender - Using pooled Channel '[id: 0xb876c9df, L:/127.0.0.1:57342 - R:localhost/127.0.0.1:57122]' for 'POST' to 'http://localhost:57122/session/6e24cc33dbc0bf47e7e8480cfb0870d7/element'
01:50:06.514 [Forwarding findElement on session 6e24cc33dbc0bf47e7e8480cfb0870d7 to remote] DEBUG org.asynchttpclient.netty.request.NettyRequestSender - Using open Channel [id: 0xb876c9df, L:/127.0.0.1:57342 - R:localhost/127.0.0.1:57122] for POST '/session/6e24cc33dbc0bf47e7e8480cfb0870d7/element'
01:50:06.540 [AsyncHttpClient-1-6] DEBUG org.asynchttpclient.netty.handler.HttpHandler - 

Request DefaultHttpRequest(decodeResult: success, version: HTTP/1.1)
POST /session/6e24cc33dbc0bf47e7e8480cfb0870d7/element HTTP/1.1
User-Agent: selenium/4.1.2 (java windows)
Content-Length: 84
Content-Type: application/json; charset=utf-8
host: localhost:57122
accept: */*

Response DefaultHttpResponse(decodeResult: success, version: HTTP/1.1)
HTTP/1.1 200 OK
Content-Type: application/json; charset=utf-8
cache-control: no-cache
content-length: 88

01:50:06.541 [AsyncHttpClient-1-6] DEBUG org.asynchttpclient.netty.channel.ChannelManager - Adding key: http://localhost:57122 for channel [id: 0xb876c9df, L:/127.0.0.1:57342 - R:localhost/127.0.0.1:57122]
01:50:06.544 [Forwarding sendKeysToElement on session 6e24cc33dbc0bf47e7e8480cfb0870d7 to remote] DEBUG org.asynchttpclient.netty.request.NettyRequestSender - Using pooled Channel '[id: 0xb876c9df, L:/127.0.0.1:57342 - R:localhost/127.0.0.1:57122]' for 'POST' to 'http://localhost:57122/session/6e24cc33dbc0bf47e7e8480cfb0870d7/element/1497aca4-961b-4d2a-8a90-495a82742a93/value'
01:50:06.544 [Forwarding sendKeysToElement on session 6e24cc33dbc0bf47e7e8480cfb0870d7 to remote] DEBUG org.asynchttpclient.netty.request.NettyRequestSender - Using open Channel [id: 0xb876c9df, L:/127.0.0.1:57342 - R:localhost/127.0.0.1:57122] for POST '/session/6e24cc33dbc0bf47e7e8480cfb0870d7/element/1497aca4-961b-4d2a-8a90-495a82742a93/value'
01:50:06.886 [AsyncHttpClient-1-6] DEBUG org.asynchttpclient.netty.handler.HttpHandler - 

Request DefaultHttpRequest(decodeResult: success, version: HTTP/1.1)
POST /session/6e24cc33dbc0bf47e7e8480cfb0870d7/element/1497aca4-961b-4d2a-8a90-495a82742a93/value HTTP/1.1
User-Agent: selenium/4.1.2 (java windows)
Content-Length: 361
Content-Type: application/json; charset=utf-8
host: localhost:57122
accept: */*

Response DefaultHttpResponse(decodeResult: success, version: HTTP/1.1)
HTTP/1.1 200 OK
Content-Type: application/json; charset=utf-8
cache-control: no-cache
content-length: 14

01:50:06.886 [AsyncHttpClient-1-6] DEBUG org.asynchttpclient.netty.channel.ChannelManager - Adding key: http://localhost:57122 for channel [id: 0xb876c9df, L:/127.0.0.1:57342 - R:localhost/127.0.0.1:57122]
01:50:06.896 [Forwarding screenshot on session 6e24cc33dbc0bf47e7e8480cfb0870d7 to remote] DEBUG org.asynchttpclient.netty.request.NettyRequestSender - Using pooled Channel '[id: 0xb876c9df, L:/127.0.0.1:57342 - R:localhost/127.0.0.1:57122]' for 'GET' to 'http://localhost:57122/session/6e24cc33dbc0bf47e7e8480cfb0870d7/screenshot'
01:50:06.896 [Forwarding screenshot on session 6e24cc33dbc0bf47e7e8480cfb0870d7 to remote] DEBUG org.asynchttpclient.netty.request.NettyRequestSender - Using open Channel [id: 0xb876c9df, L:/127.0.0.1:57342 - R:localhost/127.0.0.1:57122] for GET '/session/6e24cc33dbc0bf47e7e8480cfb0870d7/screenshot'
01:50:07.151 [AsyncHttpClient-1-6] DEBUG org.asynchttpclient.netty.handler.HttpHandler - 

Request DefaultFullHttpRequest(decodeResult: success, version: HTTP/1.1, content: EmptyByteBufBE)
GET /session/6e24cc33dbc0bf47e7e8480cfb0870d7/screenshot HTTP/1.1
User-Agent: selenium/4.1.2 (java windows)
Cache-Control: no-cache
Content-Type: application/json; charset=utf-8
host: localhost:57122
accept: */*

Response DefaultHttpResponse(decodeResult: success, version: HTTP/1.1)
HTTP/1.1 200 OK
Content-Type: application/json; charset=utf-8
cache-control: no-cache
content-length: 47252

01:50:07.152 [AsyncHttpClient-1-6] DEBUG org.asynchttpclient.netty.channel.ChannelManager - Adding key: http://localhost:57122 for channel [id: 0xb876c9df, L:/127.0.0.1:57342 - R:localhost/127.0.0.1:57122]
01:50:07.157 [main] DEBUG net.serenitybdd.core.photography.Darkroom - Send negative for processing for target\site\serenity\3d15d12c125b03a4af2472b896daa809997d78930b028a8f5569b8150d6ad560.png
01:50:07.158 [main] DEBUG net.thucydides.core.steps.StepInterceptor - STEP DONE: typeMyEmail
  &amp#27;[32mWhen &amp#27;[0m&amp#27;[32mI input my email &amp#27;[0m&amp#27;[32m&amp#27;[1mlandon.mcdermott@hotmail.com&amp#27;[0m &amp#27;[90m# stepdefinitions.LogoutStep.inputMyEmail(java.lang.String)&amp#27;[0m
01:50:07.158 [Darkroom Processing Line] DEBUG net.serenitybdd.core.photography.DarkroomProcessingLine - Processing screenshot image in /var/screenshots/screenshot-10726763857840420632
01:50:07.158 [Darkroom Processing Line] DEBUG net.serenitybdd.core.photography.DarkroomProcessingLine - Saving screenshot to target\site\serenity\3d15d12c125b03a4af2472b896daa809997d78930b028a8f5569b8150d6ad560.png
01:50:07.173 [AsyncHttpClient-1-1] DEBUG org.asynchttpclient.netty.channel.DefaultChannelPool - Entry count for : http://localhost:57343 : 1
01:50:07.174 [AsyncHttpClient-1-1] DEBUG org.asynchttpclient.netty.channel.DefaultChannelPool - Entry count for : http://localhost:57122 : 1
01:50:07.183 [main] DEBUG net.thucydides.core.steps.StepInterceptor - STARTING STEP: LogoutStep.inputMyPassword - typeMyPassword
01:50:07.186 [Forwarding findElement on session 6e24cc33dbc0bf47e7e8480cfb0870d7 to remote] DEBUG org.asynchttpclient.netty.request.NettyRequestSender - Using pooled Channel '[id: 0xb876c9df, L:/127.0.0.1:57342 - R:localhost/127.0.0.1:57122]' for 'POST' to 'http://localhost:57122/session/6e24cc33dbc0bf47e7e8480cfb0870d7/element'
01:50:07.186 [Forwarding findElement on session 6e24cc33dbc0bf47e7e8480cfb0870d7 to remote] DEBUG org.asynchttpclient.netty.request.NettyRequestSender - Using open Channel [id: 0xb876c9df, L:/127.0.0.1:57342 - R:localhost/127.0.0.1:57122] for POST '/session/6e24cc33dbc0bf47e7e8480cfb0870d7/element'
01:50:07.208 [AsyncHttpClient-1-6] DEBUG org.asynchttpclient.netty.handler.HttpHandler - 

Request DefaultHttpRequest(decodeResult: success, version: HTTP/1.1)
POST /session/6e24cc33dbc0bf47e7e8480cfb0870d7/element HTTP/1.1
User-Agent: selenium/4.1.2 (java windows)
Content-Length: 87
Content-Type: application/json; charset=utf-8
host: localhost:57122
accept: */*

Response DefaultHttpResponse(decodeResult: success, version: HTTP/1.1)
HTTP/1.1 200 OK
Content-Type: application/json; charset=utf-8
cache-control: no-cache
content-length: 88

01:50:07.209 [AsyncHttpClient-1-6] DEBUG org.asynchttpclient.netty.channel.ChannelManager - Adding key: http://localhost:57122 for channel [id: 0xb876c9df, L:/127.0.0.1:57342 - R:localhost/127.0.0.1:57122]
01:50:07.212 [Forwarding sendKeysToElement on session 6e24cc33dbc0bf47e7e8480cfb0870d7 to remote] DEBUG org.asynchttpclient.netty.request.NettyRequestSender - Using pooled Channel '[id: 0xb876c9df, L:/127.0.0.1:57342 - R:localhost/127.0.0.1:57122]' for 'POST' to 'http://localhost:57122/session/6e24cc33dbc0bf47e7e8480cfb0870d7/element/300a1028-baf6-4109-bf35-f63241be668b/value'
01:50:07.212 [Forwarding sendKeysToElement on session 6e24cc33dbc0bf47e7e8480cfb0870d7 to remote] DEBUG org.asynchttpclient.netty.request.NettyRequestSender - Using open Channel [id: 0xb876c9df, L:/127.0.0.1:57342 - R:localhost/127.0.0.1:57122] for POST '/session/6e24cc33dbc0bf47e7e8480cfb0870d7/element/300a1028-baf6-4109-bf35-f63241be668b/value'
01:50:07.346 [AsyncHttpClient-1-6] DEBUG org.asynchttpclient.netty.handler.HttpHandler - 

Request DefaultHttpRequest(decodeResult: success, version: HTTP/1.1)
POST /session/6e24cc33dbc0bf47e7e8480cfb0870d7/element/300a1028-baf6-4109-bf35-f63241be668b/value HTTP/1.1
User-Agent: selenium/4.1.2 (java windows)
Content-Length: 131
Content-Type: application/json; charset=utf-8
host: localhost:57122
accept: */*

Response DefaultHttpResponse(decodeResult: success, version: HTTP/1.1)
HTTP/1.1 200 OK
Content-Type: application/json; charset=utf-8
cache-control: no-cache
content-length: 14

01:50:07.347 [AsyncHttpClient-1-6] DEBUG org.asynchttpclient.netty.channel.ChannelManager - Adding key: http://localhost:57122 for channel [id: 0xb876c9df, L:/127.0.0.1:57342 - R:localhost/127.0.0.1:57122]
01:50:07.355 [Forwarding screenshot on session 6e24cc33dbc0bf47e7e8480cfb0870d7 to remote] DEBUG org.asynchttpclient.netty.request.NettyRequestSender - Using pooled Channel '[id: 0xb876c9df, L:/127.0.0.1:57342 - R:localhost/127.0.0.1:57122]' for 'GET' to 'http://localhost:57122/session/6e24cc33dbc0bf47e7e8480cfb0870d7/screenshot'
01:50:07.355 [Forwarding screenshot on session 6e24cc33dbc0bf47e7e8480cfb0870d7 to remote] DEBUG org.asynchttpclient.netty.request.NettyRequestSender - Using open Channel [id: 0xb876c9df, L:/127.0.0.1:57342 - R:localhost/127.0.0.1:57122] for GET '/session/6e24cc33dbc0bf47e7e8480cfb0870d7/screenshot'
01:50:07.578 [AsyncHttpClient-1-6] DEBUG org.asynchttpclient.netty.handler.HttpHandler - 

Request DefaultFullHttpRequest(decodeResult: success, version: HTTP/1.1, content: EmptyByteBufBE)
GET /session/6e24cc33dbc0bf47e7e8480cfb0870d7/screenshot HTTP/1.1
User-Agent: selenium/4.1.2 (java windows)
Cache-Control: no-cache
Content-Type: application/json; charset=utf-8
host: localhost:57122
accept: */*

Response DefaultHttpResponse(decodeResult: success, version: HTTP/1.1)
HTTP/1.1 200 OK
Content-Type: application/json; charset=utf-8
cache-control: no-cache
content-length: 49124

01:50:07.579 [AsyncHttpClient-1-6] DEBUG org.asynchttpclient.netty.channel.ChannelManager - Adding key: http://localhost:57122 for channel [id: 0xb876c9df, L:/127.0.0.1:57342 - R:localhost/127.0.0.1:57122]
01:50:07.582 [main] DEBUG net.serenitybdd.core.photography.Darkroom - Send negative for processing for target\site\serenity\c2909a40c6cde13466dbcb2fe033b2cb9a003081ac543b033cadffe24a366c31.png
01:50:07.582 [main] DEBUG net.thucydides.core.steps.StepInterceptor - STEP DONE: typeMyPassword
01:50:07.583 [Darkroom Processing Line] DEBUG net.serenitybdd.core.photography.DarkroomProcessingLine - Processing screenshot image in /var/screenshots/screenshot-6616099518393605067
01:50:07.583 [Darkroom Processing Line] DEBUG net.serenitybdd.core.photography.DarkroomProcessingLine - Saving screenshot to target\site\serenity\c2909a40c6cde13466dbcb2fe033b2cb9a003081ac543b033cadffe24a366c31.png
01:50:07.595 [main] DEBUG net.thucydides.core.steps.StepInterceptor - STARTING STEP: LogoutStep.inputMyPassword - clickLoginButton
01:50:07.599 [Forwarding findElement on session 6e24cc33dbc0bf47e7e8480cfb0870d7 to remote] DEBUG org.asynchttpclient.netty.request.NettyRequestSender - Using pooled Channel '[id: 0xb876c9df, L:/127.0.0.1:57342 - R:localhost/127.0.0.1:57122]' for 'POST' to 'http://localhost:57122/session/6e24cc33dbc0bf47e7e8480cfb0870d7/element'
01:50:07.599 [Forwarding findElement on session 6e24cc33dbc0bf47e7e8480cfb0870d7 to remote] DEBUG org.asynchttpclient.netty.request.NettyRequestSender - Using open Channel [id: 0xb876c9df, L:/127.0.0.1:57342 - R:localhost/127.0.0.1:57122] for POST '/session/6e24cc33dbc0bf47e7e8480cfb0870d7/element'
01:50:07.616 [AsyncHttpClient-1-6] DEBUG org.asynchttpclient.netty.handler.HttpHandler - 

Request DefaultHttpRequest(decodeResult: success, version: HTTP/1.1)
POST /session/6e24cc33dbc0bf47e7e8480cfb0870d7/element HTTP/1.1
User-Agent: selenium/4.1.2 (java windows)
Content-Length: 155
Content-Type: application/json; charset=utf-8
host: localhost:57122
accept: */*

Response DefaultHttpResponse(decodeResult: success, version: HTTP/1.1)
HTTP/1.1 200 OK
Content-Type: application/json; charset=utf-8
cache-control: no-cache
content-length: 88

01:50:07.617 [AsyncHttpClient-1-6] DEBUG org.asynchttpclient.netty.channel.ChannelManager - Adding key: http://localhost:57122 for channel [id: 0xb876c9df, L:/127.0.0.1:57342 - R:localhost/127.0.0.1:57122]
01:50:07.619 [Forwarding getElementTagName on session 6e24cc33dbc0bf47e7e8480cfb0870d7 to remote] DEBUG org.asynchttpclient.netty.request.NettyRequestSender - Using pooled Channel '[id: 0xb876c9df, L:/127.0.0.1:57342 - R:localhost/127.0.0.1:57122]' for 'GET' to 'http://localhost:57122/session/6e24cc33dbc0bf47e7e8480cfb0870d7/element/5f94336d-9cf9-403b-8211-ed1760b4ddb0/name'
01:50:07.619 [Forwarding getElementTagName on session 6e24cc33dbc0bf47e7e8480cfb0870d7 to remote] DEBUG org.asynchttpclient.netty.request.NettyRequestSender - Using open Channel [id: 0xb876c9df, L:/127.0.0.1:57342 - R:localhost/127.0.0.1:57122] for GET '/session/6e24cc33dbc0bf47e7e8480cfb0870d7/element/5f94336d-9cf9-403b-8211-ed1760b4ddb0/name'
01:50:07.628 [AsyncHttpClient-1-6] DEBUG org.asynchttpclient.netty.handler.HttpHandler - 

Request DefaultFullHttpRequest(decodeResult: success, version: HTTP/1.1, content: EmptyByteBufBE)
GET /session/6e24cc33dbc0bf47e7e8480cfb0870d7/element/5f94336d-9cf9-403b-8211-ed1760b4ddb0/name HTTP/1.1
User-Agent: selenium/4.1.2 (java windows)
Cache-Control: no-cache
Content-Type: application/json; charset=utf-8
host: localhost:57122
accept: */*

Response DefaultHttpResponse(decodeResult: success, version: HTTP/1.1)
HTTP/1.1 200 OK
Content-Type: application/json; charset=utf-8
cache-control: no-cache
content-length: 18

01:50:07.628 [AsyncHttpClient-1-6] DEBUG org.asynchttpclient.netty.channel.ChannelManager - Adding key: http://localhost:57122 for channel [id: 0xb876c9df, L:/127.0.0.1:57342 - R:localhost/127.0.0.1:57122]
01:50:07.631 [Forwarding getElementTagName on session 6e24cc33dbc0bf47e7e8480cfb0870d7 to remote] DEBUG org.asynchttpclient.netty.request.NettyRequestSender - Using pooled Channel '[id: 0xb876c9df, L:/127.0.0.1:57342 - R:localhost/127.0.0.1:57122]' for 'GET' to 'http://localhost:57122/session/6e24cc33dbc0bf47e7e8480cfb0870d7/element/5f94336d-9cf9-403b-8211-ed1760b4ddb0/name'
01:50:07.631 [Forwarding getElementTagName on session 6e24cc33dbc0bf47e7e8480cfb0870d7 to remote] DEBUG org.asynchttpclient.netty.request.NettyRequestSender - Using open Channel [id: 0xb876c9df, L:/127.0.0.1:57342 - R:localhost/127.0.0.1:57122] for GET '/session/6e24cc33dbc0bf47e7e8480cfb0870d7/element/5f94336d-9cf9-403b-8211-ed1760b4ddb0/name'
01:50:07.636 [AsyncHttpClient-1-6] DEBUG org.asynchttpclient.netty.handler.HttpHandler - 

Request DefaultFullHttpRequest(decodeResult: success, version: HTTP/1.1, content: EmptyByteBufBE)
GET /session/6e24cc33dbc0bf47e7e8480cfb0870d7/element/5f94336d-9cf9-403b-8211-ed1760b4ddb0/name HTTP/1.1
User-Agent: selenium/4.1.2 (java windows)
Cache-Control: no-cache
Content-Type: application/json; charset=utf-8
host: localhost:57122
accept: */*

Response DefaultHttpResponse(decodeResult: success, version: HTTP/1.1)
HTTP/1.1 200 OK
Content-Type: application/json; charset=utf-8
cache-control: no-cache
content-length: 18

01:50:07.637 [AsyncHttpClient-1-6] DEBUG org.asynchttpclient.netty.channel.ChannelManager - Adding key: http://localhost:57122 for channel [id: 0xb876c9df, L:/127.0.0.1:57342 - R:localhost/127.0.0.1:57122]
01:50:07.642 [Forwarding isElementEnabled on session 6e24cc33dbc0bf47e7e8480cfb0870d7 to remote] DEBUG org.asynchttpclient.netty.request.NettyRequestSender - Using pooled Channel '[id: 0xb876c9df, L:/127.0.0.1:57342 - R:localhost/127.0.0.1:57122]' for 'GET' to 'http://localhost:57122/session/6e24cc33dbc0bf47e7e8480cfb0870d7/element/5f94336d-9cf9-403b-8211-ed1760b4ddb0/enabled'
01:50:07.642 [Forwarding isElementEnabled on session 6e24cc33dbc0bf47e7e8480cfb0870d7 to remote] DEBUG org.asynchttpclient.netty.request.NettyRequestSender - Using open Channel [id: 0xb876c9df, L:/127.0.0.1:57342 - R:localhost/127.0.0.1:57122] for GET '/session/6e24cc33dbc0bf47e7e8480cfb0870d7/element/5f94336d-9cf9-403b-8211-ed1760b4ddb0/enabled'
01:50:07.657 [AsyncHttpClient-1-6] DEBUG org.asynchttpclient.netty.handler.HttpHandler - 

Request DefaultFullHttpRequest(decodeResult: success, version: HTTP/1.1, content: EmptyByteBufBE)
GET /session/6e24cc33dbc0bf47e7e8480cfb0870d7/element/5f94336d-9cf9-403b-8211-ed1760b4ddb0/enabled HTTP/1.1
User-Agent: selenium/4.1.2 (java windows)
Cache-Control: no-cache
Content-Type: application/json; charset=utf-8
host: localhost:57122
accept: */*

Response DefaultHttpResponse(decodeResult: success, version: HTTP/1.1)
HTTP/1.1 200 OK
Content-Type: application/json; charset=utf-8
cache-control: no-cache
content-length: 14

01:50:07.657 [AsyncHttpClient-1-6] DEBUG org.asynchttpclient.netty.channel.ChannelManager - Adding key: http://localhost:57122 for channel [id: 0xb876c9df, L:/127.0.0.1:57342 - R:localhost/127.0.0.1:57122]
01:50:07.660 [Forwarding isElementEnabled on session 6e24cc33dbc0bf47e7e8480cfb0870d7 to remote] DEBUG org.asynchttpclient.netty.request.NettyRequestSender - Using pooled Channel '[id: 0xb876c9df, L:/127.0.0.1:57342 - R:localhost/127.0.0.1:57122]' for 'GET' to 'http://localhost:57122/session/6e24cc33dbc0bf47e7e8480cfb0870d7/element/5f94336d-9cf9-403b-8211-ed1760b4ddb0/enabled'
01:50:07.660 [Forwarding isElementEnabled on session 6e24cc33dbc0bf47e7e8480cfb0870d7 to remote] DEBUG org.asynchttpclient.netty.request.NettyRequestSender - Using open Channel [id: 0xb876c9df, L:/127.0.0.1:57342 - R:localhost/127.0.0.1:57122] for GET '/session/6e24cc33dbc0bf47e7e8480cfb0870d7/element/5f94336d-9cf9-403b-8211-ed1760b4ddb0/enabled'
01:50:07.667 [AsyncHttpClient-1-6] DEBUG org.asynchttpclient.netty.handler.HttpHandler - 

Request DefaultFullHttpRequest(decodeResult: success, version: HTTP/1.1, content: EmptyByteBufBE)
GET /session/6e24cc33dbc0bf47e7e8480cfb0870d7/element/5f94336d-9cf9-403b-8211-ed1760b4ddb0/enabled HTTP/1.1
User-Agent: selenium/4.1.2 (java windows)
Cache-Control: no-cache
Content-Type: application/json; charset=utf-8
host: localhost:57122
accept: */*

Response DefaultHttpResponse(decodeResult: success, version: HTTP/1.1)
HTTP/1.1 200 OK
Content-Type: application/json; charset=utf-8
cache-control: no-cache
content-length: 14

01:50:07.668 [AsyncHttpClient-1-6] DEBUG org.asynchttpclient.netty.channel.ChannelManager - Adding key: http://localhost:57122 for channel [id: 0xb876c9df, L:/127.0.0.1:57342 - R:localhost/127.0.0.1:57122]
01:50:07.678 [Forwarding findElement on session 6e24cc33dbc0bf47e7e8480cfb0870d7 to remote] DEBUG org.asynchttpclient.netty.request.NettyRequestSender - Using pooled Channel '[id: 0xb876c9df, L:/127.0.0.1:57342 - R:localhost/127.0.0.1:57122]' for 'POST' to 'http://localhost:57122/session/6e24cc33dbc0bf47e7e8480cfb0870d7/element'
01:50:07.678 [Forwarding findElement on session 6e24cc33dbc0bf47e7e8480cfb0870d7 to remote] DEBUG org.asynchttpclient.netty.request.NettyRequestSender - Using open Channel [id: 0xb876c9df, L:/127.0.0.1:57342 - R:localhost/127.0.0.1:57122] for POST '/session/6e24cc33dbc0bf47e7e8480cfb0870d7/element'
01:50:07.694 [AsyncHttpClient-1-6] DEBUG org.asynchttpclient.netty.handler.HttpHandler - 

Request DefaultHttpRequest(decodeResult: success, version: HTTP/1.1)
POST /session/6e24cc33dbc0bf47e7e8480cfb0870d7/element HTTP/1.1
User-Agent: selenium/4.1.2 (java windows)
Content-Length: 155
Content-Type: application/json; charset=utf-8
host: localhost:57122
accept: */*

Response DefaultHttpResponse(decodeResult: success, version: HTTP/1.1)
HTTP/1.1 200 OK
Content-Type: application/json; charset=utf-8
cache-control: no-cache
content-length: 88

01:50:07.694 [AsyncHttpClient-1-6] DEBUG org.asynchttpclient.netty.channel.ChannelManager - Adding key: http://localhost:57122 for channel [id: 0xb876c9df, L:/127.0.0.1:57342 - R:localhost/127.0.0.1:57122]
01:50:07.697 [Forwarding clickElement on session 6e24cc33dbc0bf47e7e8480cfb0870d7 to remote] DEBUG org.asynchttpclient.netty.request.NettyRequestSender - Using pooled Channel '[id: 0xb876c9df, L:/127.0.0.1:57342 - R:localhost/127.0.0.1:57122]' for 'POST' to 'http://localhost:57122/session/6e24cc33dbc0bf47e7e8480cfb0870d7/element/5f94336d-9cf9-403b-8211-ed1760b4ddb0/click'
01:50:07.697 [Forwarding clickElement on session 6e24cc33dbc0bf47e7e8480cfb0870d7 to remote] DEBUG org.asynchttpclient.netty.request.NettyRequestSender - Using open Channel [id: 0xb876c9df, L:/127.0.0.1:57342 - R:localhost/127.0.0.1:57122] for POST '/session/6e24cc33dbc0bf47e7e8480cfb0870d7/element/5f94336d-9cf9-403b-8211-ed1760b4ddb0/click'
01:50:07.799 [AsyncHttpClient-1-6] DEBUG org.asynchttpclient.netty.handler.HttpHandler - 

Request DefaultHttpRequest(decodeResult: success, version: HTTP/1.1)
POST /session/6e24cc33dbc0bf47e7e8480cfb0870d7/element/5f94336d-9cf9-403b-8211-ed1760b4ddb0/click HTTP/1.1
User-Agent: selenium/4.1.2 (java windows)
Content-Length: 50
Content-Type: application/json; charset=utf-8
host: localhost:57122
accept: */*

Response DefaultHttpResponse(decodeResult: success, version: HTTP/1.1)
HTTP/1.1 200 OK
Content-Type: application/json; charset=utf-8
cache-control: no-cache
content-length: 14

01:50:07.799 [AsyncHttpClient-1-6] DEBUG org.asynchttpclient.netty.channel.ChannelManager - Adding key: http://localhost:57122 for channel [id: 0xb876c9df, L:/127.0.0.1:57342 - R:localhost/127.0.0.1:57122]
01:50:07.810 [Forwarding screenshot on session 6e24cc33dbc0bf47e7e8480cfb0870d7 to remote] DEBUG org.asynchttpclient.netty.request.NettyRequestSender - Using pooled Channel '[id: 0xb876c9df, L:/127.0.0.1:57342 - R:localhost/127.0.0.1:57122]' for 'GET' to 'http://localhost:57122/session/6e24cc33dbc0bf47e7e8480cfb0870d7/screenshot'
01:50:07.810 [Forwarding screenshot on session 6e24cc33dbc0bf47e7e8480cfb0870d7 to remote] DEBUG org.asynchttpclient.netty.request.NettyRequestSender - Using open Channel [id: 0xb876c9df, L:/127.0.0.1:57342 - R:localhost/127.0.0.1:57122] for GET '/session/6e24cc33dbc0bf47e7e8480cfb0870d7/screenshot'
01:50:08.239 [AsyncHttpClient-1-6] DEBUG org.asynchttpclient.netty.handler.HttpHandler - 

Request DefaultFullHttpRequest(decodeResult: success, version: HTTP/1.1, content: EmptyByteBufBE)
GET /session/6e24cc33dbc0bf47e7e8480cfb0870d7/screenshot HTTP/1.1
User-Agent: selenium/4.1.2 (java windows)
Cache-Control: no-cache
Content-Type: application/json; charset=utf-8
host: localhost:57122
accept: */*

Response DefaultHttpResponse(decodeResult: success, version: HTTP/1.1)
HTTP/1.1 200 OK
Content-Type: application/json; charset=utf-8
cache-control: no-cache
content-length: 48352

01:50:08.241 [AsyncHttpClient-1-6] DEBUG org.asynchttpclient.netty.channel.ChannelManager - Adding key: http://localhost:57122 for channel [id: 0xb876c9df, L:/127.0.0.1:57342 - R:localhost/127.0.0.1:57122]
01:50:08.245 [main] DEBUG net.serenitybdd.core.photography.Darkroom - Send negative for processing for target\site\serenity\5b883c2a7ee1a208359eb66e34dd7b0f856d68e59e8313990c011cb84bce9adb.png
01:50:08.245 [main] DEBUG net.thucydides.core.steps.StepInterceptor - STEP DONE: clickLoginButton
  &amp#27;[32mAnd &amp#27;[0m&amp#27;[32mI input my password &amp#27;[0m&amp#27;[32m&amp#27;[1maiueo&amp#27;[0m                      &amp#27;[90m# stepdefinitions.LogoutStep.inputMyPassword(java.lang.String)&amp#27;[0m
01:50:08.245 [Darkroom Processing Line] DEBUG net.serenitybdd.core.photography.DarkroomProcessingLine - Processing screenshot image in /var/screenshots/screenshot-16169000676286033842
01:50:08.246 [Darkroom Processing Line] DEBUG net.serenitybdd.core.photography.DarkroomProcessingLine - Saving screenshot to target\site\serenity\5b883c2a7ee1a208359eb66e34dd7b0f856d68e59e8313990c011cb84bce9adb.png
01:50:08.288 [AsyncHttpClient-1-1] DEBUG org.asynchttpclient.netty.channel.DefaultChannelPool - Entry count for : http://localhost:57343 : 1
01:50:08.288 [AsyncHttpClient-1-1] DEBUG org.asynchttpclient.netty.channel.DefaultChannelPool - Entry count for : http://localhost:57122 : 1
01:50:08.300 [Forwarding screenshot on session 6e24cc33dbc0bf47e7e8480cfb0870d7 to remote] DEBUG org.asynchttpclient.netty.request.NettyRequestSender - Using pooled Channel '[id: 0xb876c9df, L:/127.0.0.1:57342 - R:localhost/127.0.0.1:57122]' for 'GET' to 'http://localhost:57122/session/6e24cc33dbc0bf47e7e8480cfb0870d7/screenshot'
01:50:08.301 [Forwarding screenshot on session 6e24cc33dbc0bf47e7e8480cfb0870d7 to remote] DEBUG org.asynchttpclient.netty.request.NettyRequestSender - Using open Channel [id: 0xb876c9df, L:/127.0.0.1:57342 - R:localhost/127.0.0.1:57122] for GET '/session/6e24cc33dbc0bf47e7e8480cfb0870d7/screenshot'
01:50:08.646 [AsyncHttpClient-1-6] DEBUG org.asynchttpclient.netty.handler.HttpHandler - 

Request DefaultFullHttpRequest(decodeResult: success, version: HTTP/1.1, content: EmptyByteBufBE)
GET /session/6e24cc33dbc0bf47e7e8480cfb0870d7/screenshot HTTP/1.1
User-Agent: selenium/4.1.2 (java windows)
Cache-Control: no-cache
Content-Type: application/json; charset=utf-8
host: localhost:57122
accept: */*

Response DefaultHttpResponse(decodeResult: success, version: HTTP/1.1)
HTTP/1.1 200 OK
Content-Type: application/json; charset=utf-8
cache-control: no-cache
content-length: 41552

01:50:08.647 [AsyncHttpClient-1-6] DEBUG org.asynchttpclient.netty.channel.ChannelManager - Adding key: http://localhost:57122 for channel [id: 0xb876c9df, L:/127.0.0.1:57342 - R:localhost/127.0.0.1:57122]
01:50:08.649 [main] DEBUG net.serenitybdd.core.photography.Darkroom - Send negative for processing for target\site\serenity\413bc6480048c1706c00eb933e54588cf7d4e1031a08be34e3c6f9351763849e.png
01:50:08.650 [main] DEBUG net.thucydides.core.steps.StepInterceptor - STARTING STEP: LogoutStep.iClickPepopleIcon - clickPeopleButton
01:50:08.650 [Darkroom Processing Line] DEBUG net.serenitybdd.core.photography.DarkroomProcessingLine - Processing screenshot image in /var/screenshots/screenshot-9978223025287472962
01:50:08.650 [Darkroom Processing Line] DEBUG net.serenitybdd.core.photography.DarkroomProcessingLine - Saving screenshot to target\site\serenity\413bc6480048c1706c00eb933e54588cf7d4e1031a08be34e3c6f9351763849e.png
01:50:08.657 [Forwarding findElement on session 6e24cc33dbc0bf47e7e8480cfb0870d7 to remote] DEBUG org.asynchttpclient.netty.request.NettyRequestSender - Using pooled Channel '[id: 0xb876c9df, L:/127.0.0.1:57342 - R:localhost/127.0.0.1:57122]' for 'POST' to 'http://localhost:57122/session/6e24cc33dbc0bf47e7e8480cfb0870d7/element'
01:50:08.658 [Forwarding findElement on session 6e24cc33dbc0bf47e7e8480cfb0870d7 to remote] DEBUG org.asynchttpclient.netty.request.NettyRequestSender - Using open Channel [id: 0xb876c9df, L:/127.0.0.1:57342 - R:localhost/127.0.0.1:57122] for POST '/session/6e24cc33dbc0bf47e7e8480cfb0870d7/element'
01:50:08.681 [AsyncHttpClient-1-6] DEBUG org.asynchttpclient.netty.handler.HttpHandler - 

Request DefaultHttpRequest(decodeResult: success, version: HTTP/1.1)
POST /session/6e24cc33dbc0bf47e7e8480cfb0870d7/element HTTP/1.1
User-Agent: selenium/4.1.2 (java windows)
Content-Length: 125
Content-Type: application/json; charset=utf-8
host: localhost:57122
accept: */*

Response DefaultHttpResponse(decodeResult: success, version: HTTP/1.1)
HTTP/1.1 200 OK
Content-Type: application/json; charset=utf-8
cache-control: no-cache
content-length: 88

01:50:08.681 [AsyncHttpClient-1-6] DEBUG org.asynchttpclient.netty.channel.ChannelManager - Adding key: http://localhost:57122 for channel [id: 0xb876c9df, L:/127.0.0.1:57342 - R:localhost/127.0.0.1:57122]
01:50:08.683 [Forwarding getElementTagName on session 6e24cc33dbc0bf47e7e8480cfb0870d7 to remote] DEBUG org.asynchttpclient.netty.request.NettyRequestSender - Using pooled Channel '[id: 0xb876c9df, L:/127.0.0.1:57342 - R:localhost/127.0.0.1:57122]' for 'GET' to 'http://localhost:57122/session/6e24cc33dbc0bf47e7e8480cfb0870d7/element/6103a423-31be-4694-b593-0282ed2c392e/name'
01:50:08.684 [Forwarding getElementTagName on session 6e24cc33dbc0bf47e7e8480cfb0870d7 to remote] DEBUG org.asynchttpclient.netty.request.NettyRequestSender - Using open Channel [id: 0xb876c9df, L:/127.0.0.1:57342 - R:localhost/127.0.0.1:57122] for GET '/session/6e24cc33dbc0bf47e7e8480cfb0870d7/element/6103a423-31be-4694-b593-0282ed2c392e/name'
01:50:08.693 [AsyncHttpClient-1-6] DEBUG org.asynchttpclient.netty.handler.HttpHandler - 

Request DefaultFullHttpRequest(decodeResult: success, version: HTTP/1.1, content: EmptyByteBufBE)
GET /session/6e24cc33dbc0bf47e7e8480cfb0870d7/element/6103a423-31be-4694-b593-0282ed2c392e/name HTTP/1.1
User-Agent: selenium/4.1.2 (java windows)
Cache-Control: no-cache
Content-Type: application/json; charset=utf-8
host: localhost:57122
accept: */*

Response DefaultHttpResponse(decodeResult: success, version: HTTP/1.1)
HTTP/1.1 200 OK
Content-Type: application/json; charset=utf-8
cache-control: no-cache
content-length: 13

01:50:08.693 [AsyncHttpClient-1-6] DEBUG org.asynchttpclient.netty.channel.ChannelManager - Adding key: http://localhost:57122 for channel [id: 0xb876c9df, L:/127.0.0.1:57342 - R:localhost/127.0.0.1:57122]
01:50:08.696 [Forwarding getElementTagName on session 6e24cc33dbc0bf47e7e8480cfb0870d7 to remote] DEBUG org.asynchttpclient.netty.request.NettyRequestSender - Using pooled Channel '[id: 0xb876c9df, L:/127.0.0.1:57342 - R:localhost/127.0.0.1:57122]' for 'GET' to 'http://localhost:57122/session/6e24cc33dbc0bf47e7e8480cfb0870d7/element/6103a423-31be-4694-b593-0282ed2c392e/name'
01:50:08.696 [Forwarding getElementTagName on session 6e24cc33dbc0bf47e7e8480cfb0870d7 to remote] DEBUG org.asynchttpclient.netty.request.NettyRequestSender - Using open Channel [id: 0xb876c9df, L:/127.0.0.1:57342 - R:localhost/127.0.0.1:57122] for GET '/session/6e24cc33dbc0bf47e7e8480cfb0870d7/element/6103a423-31be-4694-b593-0282ed2c392e/name'
01:50:08.701 [AsyncHttpClient-1-6] DEBUG org.asynchttpclient.netty.handler.HttpHandler - 

Request DefaultFullHttpRequest(decodeResult: success, version: HTTP/1.1, content: EmptyByteBufBE)
GET /session/6e24cc33dbc0bf47e7e8480cfb0870d7/element/6103a423-31be-4694-b593-0282ed2c392e/name HTTP/1.1
User-Agent: selenium/4.1.2 (java windows)
Cache-Control: no-cache
Content-Type: application/json; charset=utf-8
host: localhost:57122
accept: */*

Response DefaultHttpResponse(decodeResult: success, version: HTTP/1.1)
HTTP/1.1 200 OK
Content-Type: application/json; charset=utf-8
cache-control: no-cache
content-length: 13

01:50:08.701 [AsyncHttpClient-1-6] DEBUG org.asynchttpclient.netty.channel.ChannelManager - Adding key: http://localhost:57122 for channel [id: 0xb876c9df, L:/127.0.0.1:57342 - R:localhost/127.0.0.1:57122]
01:50:08.707 [Forwarding findElement on session 6e24cc33dbc0bf47e7e8480cfb0870d7 to remote] DEBUG org.asynchttpclient.netty.request.NettyRequestSender - Using pooled Channel '[id: 0xb876c9df, L:/127.0.0.1:57342 - R:localhost/127.0.0.1:57122]' for 'POST' to 'http://localhost:57122/session/6e24cc33dbc0bf47e7e8480cfb0870d7/element'
01:50:08.708 [Forwarding findElement on session 6e24cc33dbc0bf47e7e8480cfb0870d7 to remote] DEBUG org.asynchttpclient.netty.request.NettyRequestSender - Using open Channel [id: 0xb876c9df, L:/127.0.0.1:57342 - R:localhost/127.0.0.1:57122] for POST '/session/6e24cc33dbc0bf47e7e8480cfb0870d7/element'
01:50:08.719 [AsyncHttpClient-1-6] DEBUG org.asynchttpclient.netty.handler.HttpHandler - 

Request DefaultHttpRequest(decodeResult: success, version: HTTP/1.1)
POST /session/6e24cc33dbc0bf47e7e8480cfb0870d7/element HTTP/1.1
User-Agent: selenium/4.1.2 (java windows)
Content-Length: 125
Content-Type: application/json; charset=utf-8
host: localhost:57122
accept: */*

Response DefaultHttpResponse(decodeResult: success, version: HTTP/1.1)
HTTP/1.1 200 OK
Content-Type: application/json; charset=utf-8
cache-control: no-cache
content-length: 88

01:50:08.719 [AsyncHttpClient-1-6] DEBUG org.asynchttpclient.netty.channel.ChannelManager - Adding key: http://localhost:57122 for channel [id: 0xb876c9df, L:/127.0.0.1:57342 - R:localhost/127.0.0.1:57122]
01:50:08.724 [Forwarding clickElement on session 6e24cc33dbc0bf47e7e8480cfb0870d7 to remote] DEBUG org.asynchttpclient.netty.request.NettyRequestSender - Using pooled Channel '[id: 0xb876c9df, L:/127.0.0.1:57342 - R:localhost/127.0.0.1:57122]' for 'POST' to 'http://localhost:57122/session/6e24cc33dbc0bf47e7e8480cfb0870d7/element/6103a423-31be-4694-b593-0282ed2c392e/click'
01:50:08.724 [Forwarding clickElement on session 6e24cc33dbc0bf47e7e8480cfb0870d7 to remote] DEBUG org.asynchttpclient.netty.request.NettyRequestSender - Using open Channel [id: 0xb876c9df, L:/127.0.0.1:57342 - R:localhost/127.0.0.1:57122] for POST '/session/6e24cc33dbc0bf47e7e8480cfb0870d7/element/6103a423-31be-4694-b593-0282ed2c392e/click'
01:50:08.818 [AsyncHttpClient-1-6] DEBUG org.asynchttpclient.netty.handler.HttpHandler - 

Request DefaultHttpRequest(decodeResult: success, version: HTTP/1.1)
POST /session/6e24cc33dbc0bf47e7e8480cfb0870d7/element/6103a423-31be-4694-b593-0282ed2c392e/click HTTP/1.1
User-Agent: selenium/4.1.2 (java windows)
Content-Length: 50
Content-Type: application/json; charset=utf-8
host: localhost:57122
accept: */*

Response DefaultHttpResponse(decodeResult: success, version: HTTP/1.1)
HTTP/1.1 200 OK
Content-Type: application/json; charset=utf-8
cache-control: no-cache
content-length: 14

01:50:08.819 [AsyncHttpClient-1-6] DEBUG org.asynchttpclient.netty.channel.ChannelManager - Adding key: http://localhost:57122 for channel [id: 0xb876c9df, L:/127.0.0.1:57342 - R:localhost/127.0.0.1:57122]
01:50:08.833 [Forwarding screenshot on session 6e24cc33dbc0bf47e7e8480cfb0870d7 to remote] DEBUG org.asynchttpclient.netty.request.NettyRequestSender - Using pooled Channel '[id: 0xb876c9df, L:/127.0.0.1:57342 - R:localhost/127.0.0.1:57122]' for 'GET' to 'http://localhost:57122/session/6e24cc33dbc0bf47e7e8480cfb0870d7/screenshot'
01:50:08.834 [Forwarding screenshot on session 6e24cc33dbc0bf47e7e8480cfb0870d7 to remote] DEBUG org.asynchttpclient.netty.request.NettyRequestSender - Using open Channel [id: 0xb876c9df, L:/127.0.0.1:57342 - R:localhost/127.0.0.1:57122] for GET '/session/6e24cc33dbc0bf47e7e8480cfb0870d7/screenshot'
01:50:09.375 [AsyncHttpClient-1-1] DEBUG org.asynchttpclient.netty.channel.DefaultChannelPool - Entry count for : http://localhost:57343 : 1
01:50:10.481 [AsyncHttpClient-1-1] DEBUG org.asynchttpclient.netty.channel.DefaultChannelPool - Entry count for : http://localhost:57343 : 1
01:50:11.573 [AsyncHttpClient-1-1] DEBUG org.asynchttpclient.netty.channel.DefaultChannelPool - Entry count for : http://localhost:57343 : 1
01:50:12.424 [AsyncHttpClient-1-6] DEBUG org.asynchttpclient.netty.handler.HttpHandler - 

Request DefaultFullHttpRequest(decodeResult: success, version: HTTP/1.1, content: EmptyByteBufBE)
GET /session/6e24cc33dbc0bf47e7e8480cfb0870d7/screenshot HTTP/1.1
User-Agent: selenium/4.1.2 (java windows)
Cache-Control: no-cache
Content-Type: application/json; charset=utf-8
host: localhost:57122
accept: */*

Response DefaultHttpResponse(decodeResult: success, version: HTTP/1.1)
HTTP/1.1 200 OK
Content-Type: application/json; charset=utf-8
cache-control: no-cache
content-length: 89204

01:50:12.425 [AsyncHttpClient-1-6] DEBUG org.asynchttpclient.netty.channel.ChannelManager - Adding key: http://localhost:57122 for channel [id: 0xb876c9df, L:/127.0.0.1:57342 - R:localhost/127.0.0.1:57122]
01:50:12.431 [main] DEBUG net.serenitybdd.core.photography.Darkroom - Send negative for processing for target\site\serenity\4d79d8946d043f544c18d3cb8c585ffa677167331689c88c6e2f460bf07308be.png
01:50:12.431 [main] DEBUG net.thucydides.core.steps.StepInterceptor - STEP DONE: clickPeopleButton
  &amp#27;[32mAnd &amp#27;[0m&amp#27;[32mI click people icon&amp#27;[0m                            &amp#27;[90m# stepdefinitions.LogoutStep.iClickPepopleIcon()&amp#27;[0m
01:50:12.431 [Darkroom Processing Line] DEBUG net.serenitybdd.core.photography.DarkroomProcessingLine - Processing screenshot image in /var/screenshots/screenshot-14227009476439965448
01:50:12.432 [Darkroom Processing Line] DEBUG net.serenitybdd.core.photography.DarkroomProcessingLine - Saving screenshot to target\site\serenity\4d79d8946d043f544c18d3cb8c585ffa677167331689c88c6e2f460bf07308be.png
01:50:12.464 [main] DEBUG net.thucydides.core.steps.StepInterceptor - STARTING STEP: LogoutStep.iClickLogoutButton - klikLogoutButton
01:50:12.474 [Forwarding findElement on session 6e24cc33dbc0bf47e7e8480cfb0870d7 to remote] DEBUG org.asynchttpclient.netty.request.NettyRequestSender - Using pooled Channel '[id: 0xb876c9df, L:/127.0.0.1:57342 - R:localhost/127.0.0.1:57122]' for 'POST' to 'http://localhost:57122/session/6e24cc33dbc0bf47e7e8480cfb0870d7/element'
01:50:12.474 [Forwarding findElement on session 6e24cc33dbc0bf47e7e8480cfb0870d7 to remote] DEBUG org.asynchttpclient.netty.request.NettyRequestSender - Using open Channel [id: 0xb876c9df, L:/127.0.0.1:57342 - R:localhost/127.0.0.1:57122] for POST '/session/6e24cc33dbc0bf47e7e8480cfb0870d7/element'
01:50:12.673 [AsyncHttpClient-1-1] DEBUG org.asynchttpclient.netty.channel.DefaultChannelPool - Entry count for : http://localhost:57343 : 1
01:50:13.773 [AsyncHttpClient-1-1] DEBUG org.asynchttpclient.netty.channel.DefaultChannelPool - Entry count for : http://localhost:57343 : 1
01:50:14.492 [AsyncHttpClient-1-6] DEBUG org.asynchttpclient.netty.handler.HttpHandler - 

Request DefaultHttpRequest(decodeResult: success, version: HTTP/1.1)
POST /session/6e24cc33dbc0bf47e7e8480cfb0870d7/element HTTP/1.1
User-Agent: selenium/4.1.2 (java windows)
Content-Length: 63
Content-Type: application/json; charset=utf-8
host: localhost:57122
accept: */*

Response DefaultHttpResponse(decodeResult: success, version: HTTP/1.1)
HTTP/1.1 404 Not Found
Content-Type: application/json; charset=utf-8
cache-control: no-cache
content-length: 1032

01:50:14.492 [AsyncHttpClient-1-6] DEBUG org.asynchttpclient.netty.channel.ChannelManager - Adding key: http://localhost:57122 for channel [id: 0xb876c9df, L:/127.0.0.1:57342 - R:localhost/127.0.0.1:57122]
01:50:14.616 [Forwarding findElement on session 6e24cc33dbc0bf47e7e8480cfb0870d7 to remote] DEBUG org.asynchttpclient.netty.request.NettyRequestSender - Using pooled Channel '[id: 0xb876c9df, L:/127.0.0.1:57342 - R:localhost/127.0.0.1:57122]' for 'POST' to 'http://localhost:57122/session/6e24cc33dbc0bf47e7e8480cfb0870d7/element'
01:50:14.617 [Forwarding findElement on session 6e24cc33dbc0bf47e7e8480cfb0870d7 to remote] DEBUG org.asynchttpclient.netty.request.NettyRequestSender - Using open Channel [id: 0xb876c9df, L:/127.0.0.1:57342 - R:localhost/127.0.0.1:57122] for POST '/session/6e24cc33dbc0bf47e7e8480cfb0870d7/element'
01:50:14.874 [AsyncHttpClient-1-1] DEBUG org.asynchttpclient.netty.channel.DefaultChannelPool - Entry count for : http://localhost:57343 : 1
01:50:15.974 [AsyncHttpClient-1-1] DEBUG org.asynchttpclient.netty.channel.DefaultChannelPool - Entry count for : http://localhost:57343 : 1
01:50:16.668 [AsyncHttpClient-1-6] DEBUG org.asynchttpclient.netty.handler.HttpHandler - 

Request DefaultHttpRequest(decodeResult: success, version: HTTP/1.1)
POST /session/6e24cc33dbc0bf47e7e8480cfb0870d7/element HTTP/1.1
User-Agent: selenium/4.1.2 (java windows)
Content-Length: 63
Content-Type: application/json; charset=utf-8
host: localhost:57122
accept: */*

Response DefaultHttpResponse(decodeResult: success, version: HTTP/1.1)
HTTP/1.1 404 Not Found
Content-Type: application/json; charset=utf-8
cache-control: no-cache
content-length: 1032

01:50:16.669 [AsyncHttpClient-1-6] DEBUG org.asynchttpclient.netty.channel.ChannelManager - Adding key: http://localhost:57122 for channel [id: 0xb876c9df, L:/127.0.0.1:57342 - R:localhost/127.0.0.1:57122]
01:50:16.787 [Forwarding findElement on session 6e24cc33dbc0bf47e7e8480cfb0870d7 to remote] DEBUG org.asynchttpclient.netty.request.NettyRequestSender - Using pooled Channel '[id: 0xb876c9df, L:/127.0.0.1:57342 - R:localhost/127.0.0.1:57122]' for 'POST' to 'http://localhost:57122/session/6e24cc33dbc0bf47e7e8480cfb0870d7/element'
01:50:16.788 [Forwarding findElement on session 6e24cc33dbc0bf47e7e8480cfb0870d7 to remote] DEBUG org.asynchttpclient.netty.request.NettyRequestSender - Using open Channel [id: 0xb876c9df, L:/127.0.0.1:57342 - R:localhost/127.0.0.1:57122] for POST '/session/6e24cc33dbc0bf47e7e8480cfb0870d7/element'
01:50:17.078 [AsyncHttpClient-1-1] DEBUG org.asynchttpclient.netty.channel.DefaultChannelPool - Entry count for : http://localhost:57343 : 1
01:50:18.173 [AsyncHttpClient-1-1] DEBUG org.asynchttpclient.netty.channel.DefaultChannelPool - Entry count for : http://localhost:57343 : 1
01:50:18.803 [AsyncHttpClient-1-6] DEBUG org.asynchttpclient.netty.handler.HttpHandler - 

Request DefaultHttpRequest(decodeResult: success, version: HTTP/1.1)
POST /session/6e24cc33dbc0bf47e7e8480cfb0870d7/element HTTP/1.1
User-Agent: selenium/4.1.2 (java windows)
Content-Length: 63
Content-Type: application/json; charset=utf-8
host: localhost:57122
accept: */*

Response DefaultHttpResponse(decodeResult: success, version: HTTP/1.1)
HTTP/1.1 404 Not Found
Content-Type: application/json; charset=utf-8
cache-control: no-cache
content-length: 1032

01:50:18.803 [AsyncHttpClient-1-6] DEBUG org.asynchttpclient.netty.channel.ChannelManager - Adding key: http://localhost:57122 for channel [id: 0xb876c9df, L:/127.0.0.1:57342 - R:localhost/127.0.0.1:57122]
01:50:18.813 [Forwarding screenshot on session 6e24cc33dbc0bf47e7e8480cfb0870d7 to remote] DEBUG org.asynchttpclient.netty.request.NettyRequestSender - Using pooled Channel '[id: 0xb876c9df, L:/127.0.0.1:57342 - R:localhost/127.0.0.1:57122]' for 'GET' to 'http://localhost:57122/session/6e24cc33dbc0bf47e7e8480cfb0870d7/screenshot'
01:50:18.813 [Forwarding screenshot on session 6e24cc33dbc0bf47e7e8480cfb0870d7 to remote] DEBUG org.asynchttpclient.netty.request.NettyRequestSender - Using open Channel [id: 0xb876c9df, L:/127.0.0.1:57342 - R:localhost/127.0.0.1:57122] for GET '/session/6e24cc33dbc0bf47e7e8480cfb0870d7/screenshot'
01:50:18.996 [AsyncHttpClient-1-6] DEBUG org.asynchttpclient.netty.handler.HttpHandler - 

Request DefaultFullHttpRequest(decodeResult: success, version: HTTP/1.1, content: EmptyByteBufBE)
GET /session/6e24cc33dbc0bf47e7e8480cfb0870d7/screenshot HTTP/1.1
User-Agent: selenium/4.1.2 (java windows)
Cache-Control: no-cache
Content-Type: application/json; charset=utf-8
host: localhost:57122
accept: */*

Response DefaultHttpResponse(decodeResult: success, version: HTTP/1.1)
HTTP/1.1 200 OK
Content-Type: application/json; charset=utf-8
cache-control: no-cache
content-length: 89008

01:50:18.997 [AsyncHttpClient-1-6] DEBUG org.asynchttpclient.netty.channel.ChannelManager - Adding key: http://localhost:57122 for channel [id: 0xb876c9df, L:/127.0.0.1:57342 - R:localhost/127.0.0.1:57122]
01:50:19.002 [main] DEBUG net.serenitybdd.core.photography.Darkroom - Send negative for processing for target\site\serenity\2373d71268274d765a4ff66d0fddd820d2490fa199cdc1973484cd388438fc48.png
01:50:19.003 [Darkroom Processing Line] DEBUG net.serenitybdd.core.photography.DarkroomProcessingLine - Processing screenshot image in /var/screenshots/screenshot-16140194576799991578
01:50:19.003 [Darkroom Processing Line] DEBUG net.serenitybdd.core.photography.DarkroomProcessingLine - Saving screenshot to target\site\serenity\2373d71268274d765a4ff66d0fddd820d2490fa199cdc1973484cd388438fc48.png
01:50:19.009 [Forwarding getPageSource on session 6e24cc33dbc0bf47e7e8480cfb0870d7 to remote] DEBUG org.asynchttpclient.netty.request.NettyRequestSender - Using pooled Channel '[id: 0xb876c9df, L:/127.0.0.1:57342 - R:localhost/127.0.0.1:57122]' for 'POST' to 'http://localhost:57122/session/6e24cc33dbc0bf47e7e8480cfb0870d7/execute/sync'
01:50:19.010 [Forwarding getPageSource on session 6e24cc33dbc0bf47e7e8480cfb0870d7 to remote] DEBUG org.asynchttpclient.netty.request.NettyRequestSender - Using open Channel [id: 0xb876c9df, L:/127.0.0.1:57342 - R:localhost/127.0.0.1:57122] for POST '/session/6e24cc33dbc0bf47e7e8480cfb0870d7/execute/sync'
01:50:19.108 [AsyncHttpClient-1-6] DEBUG org.asynchttpclient.netty.handler.HttpHandler - 

Request DefaultHttpRequest(decodeResult: success, version: HTTP/1.1)
POST /session/6e24cc33dbc0bf47e7e8480cfb0870d7/execute/sync HTTP/1.1
User-Agent: selenium/4.1.2 (java windows)
Content-Length: 176
Content-Type: application/json; charset=utf-8
host: localhost:57122
accept: */*

Response DefaultHttpResponse(decodeResult: success, version: HTTP/1.1)
HTTP/1.1 200 OK
Content-Type: application/json; charset=utf-8
cache-control: no-cache
content-length: 651802

01:50:19.113 [AsyncHttpClient-1-6] DEBUG org.asynchttpclient.netty.channel.ChannelManager - Adding key: http://localhost:57122 for channel [id: 0xb876c9df, L:/127.0.0.1:57342 - R:localhost/127.0.0.1:57122]
01:50:19.279 [AsyncHttpClient-1-1] DEBUG org.asynchttpclient.netty.channel.DefaultChannelPool - Entry count for : http://localhost:57343 : 1
01:50:19.280 [AsyncHttpClient-1-1] DEBUG org.asynchttpclient.netty.channel.DefaultChannelPool - Entry count for : http://localhost:57122 : 1
01:50:19.812 [Forwarding getCurrentUrl on session 6e24cc33dbc0bf47e7e8480cfb0870d7 to remote] DEBUG org.asynchttpclient.netty.request.NettyRequestSender - Using pooled Channel '[id: 0xb876c9df, L:/127.0.0.1:57342 - R:localhost/127.0.0.1:57122]' for 'GET' to 'http://localhost:57122/session/6e24cc33dbc0bf47e7e8480cfb0870d7/url'
01:50:19.812 [Forwarding getCurrentUrl on session 6e24cc33dbc0bf47e7e8480cfb0870d7 to remote] DEBUG org.asynchttpclient.netty.request.NettyRequestSender - Using open Channel [id: 0xb876c9df, L:/127.0.0.1:57342 - R:localhost/127.0.0.1:57122] for GET '/session/6e24cc33dbc0bf47e7e8480cfb0870d7/url'
01:50:19.827 [AsyncHttpClient-1-6] DEBUG org.asynchttpclient.netty.handler.HttpHandler - 

Request DefaultFullHttpRequest(decodeResult: success, version: HTTP/1.1, content: EmptyByteBufBE)
GET /session/6e24cc33dbc0bf47e7e8480cfb0870d7/url HTTP/1.1
User-Agent: selenium/4.1.2 (java windows)
Cache-Control: no-cache
Content-Type: application/json; charset=utf-8
host: localhost:57122
accept: */*

Response DefaultHttpResponse(decodeResult: success, version: HTTP/1.1)
HTTP/1.1 200 OK
Content-Type: application/json; charset=utf-8
cache-control: no-cache
content-length: 31

01:50:19.828 [AsyncHttpClient-1-6] DEBUG org.asynchttpclient.netty.channel.ChannelManager - Adding key: http://localhost:57122 for channel [id: 0xb876c9df, L:/127.0.0.1:57342 - R:localhost/127.0.0.1:57122]
  &amp#27;[31mAnd &amp#27;[0m&amp#27;[31mI click logout button&amp#27;[0m                          &amp#27;[90m# stepdefinitions.LogoutStep.iClickLogoutButton()&amp#27;[0m
      &amp#27;[31mnet.thucydides.core.webdriver.exceptions.ElementShouldBeEnabledException: Expected enabled element was not enabled
	at net.serenitybdd.core.pages.WebElementFacadeImpl.waitUntilEnabled(WebElementFacadeImpl.java:1100)
	at net.serenitybdd.core.pages.WebElementFacadeImpl.waitUntilElementAvailable(WebElementFacadeImpl.java:888)
	at net.serenitybdd.core.pages.WebElementFacadeImpl.click(WebElementFacadeImpl.java:1182)
	at net.serenitybdd.core.pages.WebElementFacadeImpl.click(WebElementFacadeImpl.java:1201)
	at FrontEnd.AltaShop@1.0-SNAPSHOT/starter.Logout.klikLogoutButton(Logout.java:14)
	at FrontEnd.AltaShop@1.0-SNAPSHOT/starter.Logout$ByteBuddy$RAeQYu0D.klikLogoutButton$accessor$RP0750EC(Unknown Source)
	at java.base/jdk.internal.reflect.NativeMethodAccessorImpl.invoke0(Native Method)
	at java.base/jdk.internal.reflect.NativeMethodAccessorImpl.invoke(NativeMethodAccessorImpl.java:62)
	at java.base/jdk.internal.reflect.DelegatingMethodAccessorImpl.invoke(DelegatingMethodAccessorImpl.java:43)
	at java.base/java.lang.reflect.Method.invoke(Method.java:566)
	at net.thucydides.core.steps.StepInterceptor.invokeMethod(StepInterceptor.java:503)
	at net.thucydides.core.steps.StepInterceptor.executeTestStepMethod(StepInterceptor.java:483)
	at net.thucydides.core.steps.StepInterceptor.runTestStep(StepInterceptor.java:457)
	at net.thucydides.core.steps.StepInterceptor.runOrSkipMethod(StepInterceptor.java:209)
	at net.thucydides.core.steps.StepInterceptor.testStepResult(StepInterceptor.java:196)
	at net.thucydides.core.steps.StepInterceptor.intercept(StepInterceptor.java:84)
	at net.thucydides.core.steps.ProxyConfiguration$InterceptorDispatcher.intercept(ProxyConfiguration.java:51)
	at FrontEnd.AltaShop@1.0-SNAPSHOT/starter.Logout$ByteBuddy$RAeQYu0D.klikLogoutButton(Unknown Source)
	at FrontEnd.AltaShop@1.0-SNAPSHOT/stepdefinitions.LogoutStep.iClickLogoutButton(LogoutStep.java:32)
	at âœ½.I click logout button(file:///D:/Mini%20Project-QE%20Alta/Web%20Automation/FrontEnd-AltaShop/src/test/resources/features/Logout.feature:8)
Caused by: org.openqa.selenium.TimeoutException: Expected condition failed: waiting for By.id: list-item-9029 to be enabled (tried for 5 second(s) with 100 milliseconds interval)
	at org.openqa.selenium.support.ui.FluentWait.timeoutException(FluentWait.java:263)
	at org.openqa.selenium.support.ui.FluentWait.until(FluentWait.java:231)
	at net.serenitybdd.core.pages.WebElementFacadeImpl.waitUntilEnabled(WebElementFacadeImpl.java:1097)
	at net.serenitybdd.core.pages.WebElementFacadeImpl.waitUntilElementAvailable(WebElementFacadeImpl.java:888)
	at net.serenitybdd.core.pages.WebElementFacadeImpl.click(WebElementFacadeImpl.java:1182)
	at net.serenitybdd.core.pages.WebElementFacadeImpl.click(WebElementFacadeImpl.java:1201)
	at FrontEnd.AltaShop@1.0-SNAPSHOT/starter.Logout.klikLogoutButton(Logout.java:14)
	at FrontEnd.AltaShop@1.0-SNAPSHOT/starter.Logout$ByteBuddy$RAeQYu0D.klikLogoutButton$accessor$RP0750EC(Unknown Source)
	at java.base/jdk.internal.reflect.NativeMethodAccessorImpl.invoke0(Native Method)
	at java.base/jdk.internal.reflect.NativeMethodAccessorImpl.invoke(NativeMethodAccessorImpl.java:62)
	at java.base/jdk.internal.reflect.DelegatingMethodAccessorImpl.invoke(DelegatingMethodAccessorImpl.java:43)
	at java.base/java.lang.reflect.Method.invoke(Method.java:566)
	at net.thucydides.core.steps.StepInterceptor.invokeMethod(StepInterceptor.java:503)
	at net.thucydides.core.steps.StepInterceptor.executeTestStepMethod(StepInterceptor.java:483)
	at net.thucydides.core.steps.StepInterceptor.runTestStep(StepInterceptor.java:457)
	at net.thucydides.core.steps.StepInterceptor.runOrSkipMethod(StepInterceptor.java:209)
	at net.thucydides.core.steps.StepInterceptor.testStepResult(StepInterceptor.java:196)
	at net.thucydides.core.steps.StepInterceptor.intercept(StepInterceptor.java:84)
	at net.thucydides.core.steps.ProxyConfiguration$InterceptorDispatcher.intercept(ProxyConfiguration.java:51)
	at FrontEnd.AltaShop@1.0-SNAPSHOT/starter.Logout$ByteBuddy$RAeQYu0D.klikLogoutButton(Unknown Source)
	at FrontEnd.AltaShop@1.0-SNAPSHOT/stepdefinitions.LogoutStep.iClickLogoutButton(LogoutStep.java:32)
	at java.base/jdk.internal.reflect.NativeMethodAccessorImpl.invoke0(Native Method)
	at java.base/jdk.internal.reflect.NativeMethodAccessorImpl.invoke(NativeMethodAccessorImpl.java:62)
	at java.base/jdk.internal.reflect.DelegatingMethodAccessorImpl.invoke(DelegatingMethodAccessorImpl.java:43)
	at java.base/java.lang.reflect.Method.invoke(Method.java:566)
	at io.cucumber.java.Invoker.doInvoke(Invoker.java:66)
	at io.cucumber.java.Invoker.invoke(Invoker.java:24)
	at io.cucumber.java.AbstractGlueDefinition.invokeMethod(AbstractGlueDefinition.java:47)
	at io.cucumber.java.JavaStepDefinition.execute(JavaStepDefinition.java:29)
	at io.cucumber.core.runner.CoreStepDefinition.execute(CoreStepDefinition.java:66)
	at io.cucumber.core.runner.PickleStepDefinitionMatch.runStep(PickleStepDefinitionMatch.java:63)
	at io.cucumber.core.runner.ExecutionMode$1.execute(ExecutionMode.java:10)
	at io.cucumber.core.runner.TestStep.executeStep(TestStep.java:86)
	at io.cucumber.core.runner.TestStep.run(TestStep.java:57)
	at io.cucumber.core.runner.PickleStepTestStep.run(PickleStepTestStep.java:51)
	at io.cucumber.core.runner.TestCase.run(TestCase.java:95)
	at io.cucumber.core.runner.Runner.runPickle(Runner.java:75)
	at io.cucumber.junit.PickleRunners$NoStepDescriptions.lambda$run$0(PickleRunners.java:151)
	at io.cucumber.core.runtime.CucumberExecutionContext.lambda$runTestCase$3(CucumberExecutionContext.java:151)
	at io.cucumber.core.runtime.RethrowingThrowableCollector.executeAndThrow(RethrowingThrowableCollector.java:23)
	at io.cucumber.core.runtime.CucumberExecutionContext.runTestCase(CucumberExecutionContext.java:151)
	at io.cucumber.junit.PickleRunners$NoStepDescriptions.run(PickleRunners.java:148)
	at io.cucumber.junit.FeatureRunner.runChild(FeatureRunner.java:144)
	at io.cucumber.junit.FeatureRunner.runChild(FeatureRunner.java:28)
	at org.junit.runners.ParentRunner$4.run(ParentRunner.java:331)
	at org.junit.runners.ParentRunner$1.schedule(ParentRunner.java:79)
	at org.junit.runners.ParentRunner.runChildren(ParentRunner.java:329)
	at org.junit.runners.ParentRunner.access$100(ParentRunner.java:66)
	at org.junit.runners.ParentRunner$2.evaluate(ParentRunner.java:293)
	at org.junit.runners.ParentRunner$3.evaluate(ParentRunner.java:306)
	at org.junit.runners.ParentRunner.run(ParentRunner.java:413)
	at io.cucumber.junit.FeatureRunner.run(FeatureRunner.java:137)
	at io.cucumber.junit.CucumberSerenityRunner.runChild(CucumberSerenityRunner.java:258)
	at io.cucumber.junit.CucumberSerenityRunner.runChild(CucumberSerenityRunner.java:58)
	at org.junit.runners.ParentRunner$4.run(ParentRunner.java:331)
	at org.junit.runners.ParentRunner$1.schedule(ParentRunner.java:79)
	at org.junit.runners.ParentRunner.runChildren(ParentRunner.java:329)
	at org.junit.runners.ParentRunner.access$100(ParentRunner.java:66)
	at org.junit.runners.ParentRunner$2.evaluate(ParentRunner.java:293)
	at io.cucumber.junit.CucumberSerenityRunner$RunCucumber.evaluate(CucumberSerenityRunner.java:287)
	at org.junit.runners.ParentRunner$3.evaluate(ParentRunner.java:306)
	at org.junit.runners.ParentRunner.run(ParentRunner.java:413)
	at org.junit.runner.JUnitCore.run(JUnitCore.java:137)
	at org.junit.runner.JUnitCore.run(JUnitCore.java:115)
	at org.junit.vintage.engine.execution.RunnerExecutor.execute(RunnerExecutor.java:42)
	at org.junit.vintage.engine.VintageTestEngine.executeAllChildren(VintageTestEngine.java:80)
	at org.junit.vintage.engine.VintageTestEngine.execute(VintageTestEngine.java:72)
	at org.junit.platform.launcher.core.EngineExecutionOrchestrator.execute(EngineExecutionOrchestrator.java:107)
	at org.junit.platform.launcher.core.EngineExecutionOrchestrator.execute(EngineExecutionOrchestrator.java:88)
	at org.junit.platform.launcher.core.EngineExecutionOrchestrator.lambda$execute$0(EngineExecutionOrchestrator.java:54)
	at org.junit.platform.launcher.core.EngineExecutionOrchestrator.withInterceptedStreams(EngineExecutionOrchestrator.java:67)
	at org.junit.platform.launcher.core.EngineExecutionOrchestrator.execute(EngineExecutionOrchestrator.java:52)
	at org.junit.platform.launcher.core.DefaultLauncher.execute(DefaultLauncher.java:114)
	at org.junit.platform.launcher.core.DefaultLauncher.execute(DefaultLauncher.java:86)
	at org.junit.platform.launcher.core.DefaultLauncherSession$DelegatingLauncher.execute(DefaultLauncherSession.java:86)
	at org.junit.platform.launcher.core.SessionPerRequestLauncher.execute(SessionPerRequestLauncher.java:53)
	at org.apache.maven.surefire.junitplatform.JUnitPlatformProvider.execute(JUnitPlatformProvider.java:188)
	at org.apache.maven.surefire.junitplatform.JUnitPlatformProvider.invokeAllTests(JUnitPlatformProvider.java:154)
	at org.apache.maven.surefire.junitplatform.JUnitPlatformProvider.invoke(JUnitPlatformProvider.java:128)
	at org.apache.maven.surefire.booter.ForkedBooter.runSuitesInProcess(ForkedBooter.java:428)
	at org.apache.maven.surefire.booter.ForkedBooter.execute(ForkedBooter.java:162)
	at org.apache.maven.surefire.booter.ForkedBooter.run(ForkedBooter.java:562)
	at org.apache.maven.surefire.booter.ForkedBooter.main(ForkedBooter.java:548)
Caused by: org.openqa.selenium.NoSuchElementException: no such element: Unable to locate element: {"method":"css selector","selector":"#list\-item\-9029"}
  (Session info: chrome=101.0.4951.54)
For documentation on this error, please visit: https://selenium.dev/exceptions/#no_such_element
Build info: version: '4.1.2', revision: '9a5a329c5a'
System info: host: 'LAPTOP-9MG0RTAB', ip: '192.168.130.2', os.name: 'Windows 10', os.arch: 'amd64', os.version: '10.0', java.version: '11.0.14'
Driver info: org.openqa.selenium.chrome.ChromeDriver
Command: [6e24cc33dbc0bf47e7e8480cfb0870d7, findElement {using=id, value=list-item-9029}]
Capabilities {acceptInsecureCerts: false, browserName: chrome, browserVersion: 101.0.4951.54, chrome: {chromedriverVersion: 101.0.4951.41 (93c720db8323..., userDataDir: C:\Users\SITINU~1\AppData\L...}, goog:chromeOptions: {debuggerAddress: localhost:57343}, javascriptEnabled: true, networkConnectionEnabled: false, pageLoadStrategy: normal, platform: WINDOWS, platformName: WINDOWS, proxy: Proxy(), se:cdp: ws://localhost:57343/devtoo..., se:cdpVersion: 101.0.4951.54, setWindowRect: true, strictFileInteractability: false, timeouts: {implicit: 0, pageLoad: 300000, script: 30000}, unhandledPromptBehavior: dismiss and notify, webauthn:extension:credBlob: true, webauthn:extension:largeBlob: true, webauthn:virtualAuthenticators: true}
Session ID: 6e24cc33dbc0bf47e7e8480cfb0870d7
	at java.base/jdk.internal.reflect.NativeConstructorAccessorImpl.newInstance0(Native Method)
	at java.base/jdk.internal.reflect.NativeConstructorAccessorImpl.newInstance(NativeConstructorAccessorImpl.java:62)
	at java.base/jdk.internal.reflect.DelegatingConstructorAccessorImpl.newInstance(DelegatingConstructorAccessorImpl.java:45)
	at java.base/java.lang.reflect.Constructor.newInstance(Constructor.java:490)
	at org.openqa.selenium.remote.codec.w3c.W3CHttpResponseCodec.createException(W3CHttpResponseCodec.java:200)
	at org.openqa.selenium.remote.codec.w3c.W3CHttpResponseCodec.decode(W3CHttpResponseCodec.java:133)
	at org.openqa.selenium.remote.codec.w3c.W3CHttpResponseCodec.decode(W3CHttpResponseCodec.java:53)
	at org.openqa.selenium.remote.HttpCommandExecutor.execute(HttpCommandExecutor.java:184)
	at org.openqa.selenium.remote.service.DriverCommandExecutor.invokeExecute(DriverCommandExecutor.java:167)
	at org.openqa.selenium.remote.service.DriverCommandExecutor.execute(DriverCommandExecutor.java:142)
	at org.openqa.selenium.remote.RemoteWebDriver.execute(RemoteWebDriver.java:558)
	at org.openqa.selenium.remote.ElementLocation$ElementFinder$2.findElement(ElementLocation.java:162)
	at org.openqa.selenium.remote.ElementLocation.findElement(ElementLocation.java:60)
	at org.openqa.selenium.remote.RemoteWebDriver.findElement(RemoteWebDriver.java:382)
	at org.openqa.selenium.remote.RemoteWebDriver.findElement(RemoteWebDriver.java:374)
	at net.thucydides.core.webdriver.WebDriverFacade.findElement(WebDriverFacade.java:224)
	at net.serenitybdd.core.pages.WebElementResolverByLocator.resolveForDriver(WebElementResolverByLocator.java:25)
	at net.serenitybdd.core.pages.WebElementFacadeImpl.getResolvedElement(WebElementFacadeImpl.java:191)
	at net.serenitybdd.core.pages.WebElementFacadeImpl.getElement(WebElementFacadeImpl.java:186)
	at net.serenitybdd.core.pages.WebElementExpectations$3.apply(WebElementExpectations.java:63)
	at net.serenitybdd.core.pages.WebElementExpectations$3.apply(WebElementExpectations.java:55)
	at org.openqa.selenium.support.ui.FluentWait.until(FluentWait.java:208)
	... 81 more
&amp#27;[0m
  &amp#27;[36mThen &amp#27;[0m&amp#27;[36mI on LoginPage&amp#27;[0m                                &amp#27;[90m# stepdefinitions.LogoutStep.onLoginPage()&amp#27;[0m
01:50:19.988 [main] ERROR  - 
  _____   ___   ___   _____     ___     _     ___   _      ___   ___  
 |_   _| | __| / __| |_   _|   | __|   /_\   |_ _| | |    | __| |   \ 
   | |   | _|  \__ \   | |     | _|   / _ \   | |  | |__  | _|  | |) |
   |_|   |___| |___/   |_|     |_|   /_/ \_\ |___| |____| |___| |___/ 

As a user, i can logout of account
-----------------------------------------------------------------------
01:50:19.993 [main] DEBUG  - RELATED ISSUES: 
01:50:20.005 [main] ERROR  -     Test failed at step: Klik logout button
01:50:20.006 [main] ERROR  -     Expected enabled element was not enabled
01:50:20.017 [AsyncHttpClient-1-8] DEBUG org.asynchttpclient.netty.handler.WebSocketHandler - Channel Closed: [id: 0x4b4b3f59, L:/127.0.0.1:57351 ! R:localhost/127.0.0.1:57343] with attribute NettyResponseFuture{currentRetry=5,
	isDone=1,
	isCancelled=0,
	asyncHandler=org.asynchttpclient.ws.WebSocketUpgradeHandler@395f01fc,
	nettyRequest=org.asynchttpclient.netty.request.NettyRequest@7e22ef56,
	future=java.util.concurrent.CompletableFuture@91837ae[Completed normally],
	uri=ws://localhost:57343/devtools/browser/4d316f41-b3d7-4d2e-bf8c-d149e286eecb,
	keepAlive=true,
	redirectCount=0,
	timeoutsHolder=null,
	inAuth=0,
	touch=1652381404505}
01:50:20.017 [AsyncHttpClient-1-8] DEBUG org.asynchttpclient.netty.channel.ChannelManager - Closing Channel [id: 0x4b4b3f59, L:/127.0.0.1:57351 ! R:localhost/127.0.0.1:57343] 
01:50:20.061 [Driver Command Executor] DEBUG org.asynchttpclient.netty.request.NettyRequestSender - Using pooled Channel '[id: 0xb876c9df, L:/127.0.0.1:57342 - R:localhost/127.0.0.1:57122]' for 'DELETE' to 'http://localhost:57122/session/6e24cc33dbc0bf47e7e8480cfb0870d7'
01:50:20.061 [Driver Command Executor] DEBUG org.asynchttpclient.netty.request.NettyRequestSender - Using open Channel [id: 0xb876c9df, L:/127.0.0.1:57342 - R:localhost/127.0.0.1:57122] for DELETE '/session/6e24cc33dbc0bf47e7e8480cfb0870d7'
01:50:20.373 [AsyncHttpClient-1-7] DEBUG org.asynchttpclient.netty.handler.HttpHandler - Unexpected I/O exception on channel [id: 0x4bc3f5f6, L:/127.0.0.1:57350 - R:localhost/127.0.0.1:57343]
java.io.IOException: An existing connection was forcibly closed by the remote host
	at java.base/sun.nio.ch.SocketDispatcher.read0(Native Method)
	at java.base/sun.nio.ch.SocketDispatcher.read(SocketDispatcher.java:43)
	at java.base/sun.nio.ch.IOUtil.readIntoNativeBuffer(IOUtil.java:276)
	at java.base/sun.nio.ch.IOUtil.read(IOUtil.java:233)
	at java.base/sun.nio.ch.IOUtil.read(IOUtil.java:223)
	at java.base/sun.nio.ch.SocketChannelImpl.read(SocketChannelImpl.java:358)
	at io.netty.buffer.PooledByteBuf.setBytes(PooledByteBuf.java:258)
	at io.netty.buffer.AbstractByteBuf.writeBytes(AbstractByteBuf.java:1132)
	at io.netty.channel.socket.nio.NioSocketChannel.doReadBytes(NioSocketChannel.java:350)
	at io.netty.channel.nio.AbstractNioByteChannel$NioByteUnsafe.read(AbstractNioByteChannel.java:151)
	at io.netty.channel.nio.NioEventLoop.processSelectedKey(NioEventLoop.java:722)
	at io.netty.channel.nio.NioEventLoop.processSelectedKeysOptimized(NioEventLoop.java:658)
	at io.netty.channel.nio.NioEventLoop.processSelectedKeys(NioEventLoop.java:584)
	at io.netty.channel.nio.NioEventLoop.run(NioEventLoop.java:496)
	at io.netty.util.concurrent.SingleThreadEventExecutor$4.run(SingleThreadEventExecutor.java:986)
	at io.netty.util.internal.ThreadExecutorMap$2.run(ThreadExecutorMap.java:74)
	at io.netty.util.concurrent.FastThreadLocalRunnable.run(FastThreadLocalRunnable.java:30)
	at java.base/java.lang.Thread.run(Thread.java:834)
01:50:20.374 [AsyncHttpClient-1-7] DEBUG org.asynchttpclient.netty.channel.ChannelManager - Closing Channel [id: 0x4bc3f5f6, L:/127.0.0.1:57350 - R:localhost/127.0.0.1:57343] 
01:50:20.374 [AsyncHttpClient-1-7] DEBUG org.asynchttpclient.netty.handler.HttpHandler - Channel Closed: [id: 0x4bc3f5f6, L:/127.0.0.1:57350 ! R:localhost/127.0.0.1:57343] with attribute DISCARD
01:50:20.390 [AsyncHttpClient-1-1] DEBUG org.asynchttpclient.netty.channel.DefaultChannelPool - Entry count for : http://localhost:57343 : 1
01:50:20.390 [AsyncHttpClient-1-1] DEBUG org.asynchttpclient.netty.channel.DefaultChannelPool - Adding Candidate expired Channel [id: 0x4bc3f5f6, L:/127.0.0.1:57350 ! R:localhost/127.0.0.1:57343] isIdleTimeoutExpired=false isRemotelyClosed=true isTtlExpired=false
01:50:20.390 [AsyncHttpClient-1-1] DEBUG org.asynchttpclient.netty.channel.DefaultChannelPool - Closing Idle Channel [id: 0x4bc3f5f6, L:/127.0.0.1:57350 ! R:localhost/127.0.0.1:57343]
01:50:20.391 [AsyncHttpClient-1-1] DEBUG org.asynchttpclient.netty.channel.DefaultChannelPool - Closed 1 connections out of 1 in 1 ms
01:50:20.534 [AsyncHttpClient-1-6] DEBUG org.asynchttpclient.netty.handler.HttpHandler - 

Request DefaultFullHttpRequest(decodeResult: success, version: HTTP/1.1, content: EmptyByteBufBE)
DELETE /session/6e24cc33dbc0bf47e7e8480cfb0870d7 HTTP/1.1
User-Agent: selenium/4.1.2 (java windows)
Content-Type: application/json; charset=utf-8
host: localhost:57122
accept: */*

Response DefaultHttpResponse(decodeResult: success, version: HTTP/1.1)
HTTP/1.1 200 OK
Content-Type: application/json; charset=utf-8
cache-control: no-cache
content-length: 14

01:50:20.535 [AsyncHttpClient-1-6] DEBUG org.asynchttpclient.netty.channel.ChannelManager - Adding key: http://localhost:57122 for channel [id: 0xb876c9df, L:/127.0.0.1:57342 - R:localhost/127.0.0.1:57122]
01:50:21.489 [AsyncHttpClient-1-1] DEBUG org.asynchttpclient.netty.channel.DefaultChannelPool - Entry count for : http://localhost:57122 : 1
01:50:21.967 [AsyncHttpClient-1-6] DEBUG org.asynchttpclient.netty.handler.HttpHandler - Unexpected I/O exception on channel [id: 0xb876c9df, L:/127.0.0.1:57342 - R:localhost/127.0.0.1:57122]
java.io.IOException: An existing connection was forcibly closed by the remote host
	at java.base/sun.nio.ch.SocketDispatcher.read0(Native Method)
	at java.base/sun.nio.ch.SocketDispatcher.read(SocketDispatcher.java:43)
	at java.base/sun.nio.ch.IOUtil.readIntoNativeBuffer(IOUtil.java:276)
	at java.base/sun.nio.ch.IOUtil.read(IOUtil.java:233)
	at java.base/sun.nio.ch.IOUtil.read(IOUtil.java:223)
	at java.base/sun.nio.ch.SocketChannelImpl.read(SocketChannelImpl.java:358)
	at io.netty.buffer.PooledByteBuf.setBytes(PooledByteBuf.java:258)
	at io.netty.buffer.AbstractByteBuf.writeBytes(AbstractByteBuf.java:1132)
	at io.netty.channel.socket.nio.NioSocketChannel.doReadBytes(NioSocketChannel.java:350)
	at io.netty.channel.nio.AbstractNioByteChannel$NioByteUnsafe.read(AbstractNioByteChannel.java:151)
	at io.netty.channel.nio.NioEventLoop.processSelectedKey(NioEventLoop.java:722)
	at io.netty.channel.nio.NioEventLoop.processSelectedKeysOptimized(NioEventLoop.java:658)
	at io.netty.channel.nio.NioEventLoop.processSelectedKeys(NioEventLoop.java:584)
	at io.netty.channel.nio.NioEventLoop.run(NioEventLoop.java:496)
	at io.netty.util.concurrent.SingleThreadEventExecutor$4.run(SingleThreadEventExecutor.java:986)
	at io.netty.util.internal.ThreadExecutorMap$2.run(ThreadExecutorMap.java:74)
	at io.netty.util.concurrent.FastThreadLocalRunnable.run(FastThreadLocalRunnable.java:30)
	at java.base/java.lang.Thread.run(Thread.java:834)
01:50:21.967 [AsyncHttpClient-1-6] DEBUG org.asynchttpclient.netty.channel.ChannelManager - Closing Channel [id: 0xb876c9df, L:/127.0.0.1:57342 - R:localhost/127.0.0.1:57122] 
01:50:21.967 [AsyncHttpClient-1-6] DEBUG org.asynchttpclient.netty.handler.HttpHandler - Channel Closed: [id: 0xb876c9df, L:/127.0.0.1:57342 ! R:localhost/127.0.0.1:57122] with attribute DISCARD
]]></system-out>
    <system-err><![CDATA[Starting ChromeDriver 101.0.4951.41 (93c720db8323b3ec10d056025ab95c23a31997c9-refs/branch-heads/4951@{#904}) on port 57122
Only local connections are allowed.
Please see https://chromedriver.chromium.org/security-considerations for suggestions on keeping ChromeDriver safe.
ChromeDriver was started successfully.
May 13, 2022 1:50:04 AM org.openqa.selenium.remote.ProtocolHandshake createSession
INFO: Detected dialect: W3C
May 13, 2022 1:50:04 AM org.openqa.selenium.devtools.CdpVersionFinder findNearestMatch
WARNING: Unable to find an exact match for CDP version 101, so returning the closest version found: 97
May 13, 2022 1:50:04 AM org.openqa.selenium.devtools.CdpVersionFinder findNearestMatch
INFO: Found CDP implementation for version 101 of 97
]]></system-err>
  </testcase>
  <testcase name="As a user, i have able to order and pay product" classname="Order" time="13.688">
    <error type="net.thucydides.core.webdriver.exceptions.ElementShouldBeEnabledException"><![CDATA[net.thucydides.core.webdriver.exceptions.ElementShouldBeEnabledException: Expected enabled element was not enabled
Caused by: org.openqa.selenium.TimeoutException: Expected condition failed: waiting for By.id: button-bayar to be enabled (tried for 5 second(s) with 100 milliseconds interval)
Caused by: org.openqa.selenium.NoSuchElementException: 
no such element: Unable to locate element: {"method":"css selector","selector":"#button\-bayar"}
  (Session info: chrome=101.0.4951.54)
For documentation on this error, please visit: https://selenium.dev/exceptions/#no_such_element
Build info: version: '4.1.2', revision: '9a5a329c5a'
System info: host: 'LAPTOP-9MG0RTAB', ip: '192.168.130.2', os.name: 'Windows 10', os.arch: 'amd64', os.version: '10.0', java.version: '11.0.14'
Driver info: org.openqa.selenium.chrome.ChromeDriver
Command: [d264df591db8cf1ec35a07f637179a0e, findElement {using=id, value=button-bayar}]
Capabilities {acceptInsecureCerts: false, browserName: chrome, browserVersion: 101.0.4951.54, chrome: {chromedriverVersion: 101.0.4951.41 (93c720db8323..., userDataDir: C:\Users\SITINU~1\AppData\L...}, goog:chromeOptions: {debuggerAddress: localhost:57380}, javascriptEnabled: true, networkConnectionEnabled: false, pageLoadStrategy: normal, platform: WINDOWS, platformName: WINDOWS, proxy: Proxy(), se:cdp: ws://localhost:57380/devtoo..., se:cdpVersion: 101.0.4951.54, setWindowRect: true, strictFileInteractability: false, timeouts: {implicit: 0, pageLoad: 300000, script: 30000}, unhandledPromptBehavior: dismiss and notify, webauthn:extension:credBlob: true, webauthn:extension:largeBlob: true, webauthn:virtualAuthenticators: true}
Session ID: d264df591db8cf1ec35a07f637179a0e
]]></error>
    <system-out><![CDATA[01:50:22.014 [main] INFO io.cucumber.core.plugin.SerenityReporter - Running feature from file:///D:/Mini%20Project-QE%20Alta/Web%20Automation/FrontEnd-AltaShop/src/test/resources/features/Order.feature
01:50:22.024 [main] DEBUG net.thucydides.core.steps.StepEventBus - Test suite started for story net.thucydides.core.model.Story@cc4b76a8
01:50:22.030 [main] INFO  - Test Suite Started: Order

Scenario: As a user, i have able to order and pay product &amp#27;[90m# src/test/resources/features/Order.feature:3&amp#27;[0m
01:50:22.067 [main] INFO io.cucumber.core.plugin.SerenityReporter - Running feature from file:///D:/Mini%20Project-QE%20Alta/Web%20Automation/FrontEnd-AltaShop/src/test/resources/features/Order.feature
01:50:22.076 [main] INFO  - 
  _____   ___   ___   _____     ___   _____     _     ___   _____   ___   ___  
 |_   _| | __| / __| |_   _|   / __| |_   _|   /_\   | _ \ |_   _| | __| |   \ 
   | |   | _|  \__ \   | |     \__ \   | |    / _ \  |   /   | |   | _|  | |) |
   |_|   |___| |___/   |_|     |___/   |_|   /_/ \_\ |_|_\   |_|   |___| |___/ 

As a user, i have able to order and pay product(order;as-a-user--i-have-able-to-order-and-pay-product)
--------------------------------------------------------------------------------
01:50:22.330 [main] DEBUG net.thucydides.core.steps.StepInterceptor - STARTING STEP: OrderStep.iAmAtOrderPage - onOrderPage
01:50:22.332 [main] INFO net.serenitybdd.core.webdriver.driverproviders.ChromeDriverProvider - Using automatically driver download
01:50:22.783 [AsyncHttpClient-1-1] DEBUG org.asynchttpclient.netty.channel.DefaultChannelPool - Entry count for : http://localhost:57122 : 1
01:50:22.783 [AsyncHttpClient-1-1] DEBUG org.asynchttpclient.netty.channel.DefaultChannelPool - Adding Candidate expired Channel [id: 0xb876c9df, L:/127.0.0.1:57342 ! R:localhost/127.0.0.1:57122] isIdleTimeoutExpired=false isRemotelyClosed=true isTtlExpired=false
01:50:22.783 [AsyncHttpClient-1-1] DEBUG org.asynchttpclient.netty.channel.DefaultChannelPool - Closing Idle Channel [id: 0xb876c9df, L:/127.0.0.1:57342 ! R:localhost/127.0.0.1:57122]
01:50:22.783 [AsyncHttpClient-1-1] DEBUG org.asynchttpclient.netty.channel.DefaultChannelPool - Closed 1 connections out of 1 in 0 ms
01:50:23.000 [main] DEBUG io.github.bonigarcia.wdm.cache.ResolutionCache - Resolution chrome=101 in cache (valid until 02:25:36 13/05/2022 ICT)
01:50:23.060 [main] DEBUG io.github.bonigarcia.wdm.cache.ResolutionCache - Resolution chrome101=101.0.4951.41 in cache (valid until 14:31:54 13/05/2022 ICT)
01:50:23.069 [main] INFO io.github.bonigarcia.wdm.WebDriverManager - Using chromedriver 101.0.4951.41 (resolved driver for Chrome 101)
01:50:23.135 [main] DEBUG io.github.bonigarcia.wdm.WebDriverManager - Driver chromedriver 101.0.4951.41 found in cache
01:50:23.139 [main] INFO io.github.bonigarcia.wdm.WebDriverManager - Exporting webdriver.chrome.driver as C:\Users\Siti Nurlatipah\.cache\selenium\chromedriver\win32\101.0.4951.41\chromedriver.exe
01:50:23.402 [main] DEBUG net.serenitybdd.core.webdriver.driverproviders.ProvideNewDriver - Instantiating driver
01:50:23.402 [main] DEBUG net.serenitybdd.core.webdriver.driverproviders.ProvideNewDriver - Driver capabilities: Capabilities {acceptInsecureCerts: false, base.url: https://qa.alta.id, browserName: chrome, chrome.driver: src/test/resources/webdrive..., driver: chrome, goog:chromeOptions: {args: [], extensions: []}}
01:50:23.964 [AsyncHttpClient-1-9] DEBUG org.asynchttpclient.netty.channel.NettyConnectListener - Using new Channel '[id: 0x53ad7261, L:/127.0.0.1:57379 - R:localhost/127.0.0.1:56758]' for 'POST' to '/session'
01:50:25.732 [AsyncHttpClient-1-9] DEBUG org.asynchttpclient.netty.handler.HttpHandler - 

Request DefaultHttpRequest(decodeResult: success, version: HTTP/1.1)
POST /session HTTP/1.1
User-Agent: selenium/4.1.2 (java windows)
Content-Length: 595
Content-Type: application/json; charset=utf-8
host: localhost:56758
accept: */*

Response DefaultHttpResponse(decodeResult: success, version: HTTP/1.1)
HTTP/1.1 200 OK
Content-Type: application/json; charset=utf-8
cache-control: no-cache
content-length: 792

01:50:25.732 [AsyncHttpClient-1-9] DEBUG org.asynchttpclient.netty.channel.ChannelManager - Adding key: http://localhost:56758 for channel [id: 0x53ad7261, L:/127.0.0.1:57379 - R:localhost/127.0.0.1:56758]
01:50:25.754 [AsyncHttpClient-1-2] DEBUG org.asynchttpclient.netty.channel.NettyConnectListener - Using new Channel '[id: 0x7330d07a, L:/127.0.0.1:57387 - R:localhost/127.0.0.1:57380]' for 'GET' to '/json/version'
01:50:25.761 [AsyncHttpClient-1-2] DEBUG org.asynchttpclient.netty.handler.HttpHandler - 

Request DefaultFullHttpRequest(decodeResult: success, version: HTTP/1.1, content: EmptyByteBufBE)
GET /json/version HTTP/1.1
User-Agent: selenium/4.1.2 (java windows)
host: localhost:57380
accept: */*

Response DefaultHttpResponse(decodeResult: success, version: HTTP/1.1)
HTTP/1.1 200 OK
Content-Type: application/json; charset=UTF-8
content-length: 427

01:50:25.763 [AsyncHttpClient-1-2] DEBUG org.asynchttpclient.netty.channel.ChannelManager - Adding key: http://localhost:57380 for channel [id: 0x7330d07a, L:/127.0.0.1:57387 - R:localhost/127.0.0.1:57380]
01:50:25.778 [AsyncHttpClient-1-3] DEBUG org.asynchttpclient.netty.channel.NettyConnectListener - Using new Channel '[id: 0xd33ade4b, L:/127.0.0.1:57388 - R:localhost/127.0.0.1:57380]' for 'GET' to '/devtools/browser/1cc1afa7-96f7-41c9-ab93-72634a808c96'
01:50:25.780 [AsyncHttpClient-1-3] DEBUG org.asynchttpclient.netty.handler.WebSocketHandler - 

Request DefaultFullHttpRequest(decodeResult: success, version: HTTP/1.1, content: EmptyByteBufBE)
GET /devtools/browser/1cc1afa7-96f7-41c9-ab93-72634a808c96 HTTP/1.1
upgrade: websocket
connection: upgrade
sec-websocket-key: 5MnzK8NYVnVxf/uPVket3w==
sec-websocket-version: 13
origin: http://localhost:57380
host: localhost:57380
accept: */*
user-agent: AHC/2.1

Response DefaultHttpResponse(decodeResult: success, version: HTTP/1.1)
HTTP/1.1 101 WebSocket Protocol Handshake
Upgrade: WebSocket
Connection: Upgrade
Sec-WebSocket-Accept: houEqqolaxw4wygNg0f40q9gFMM=

01:50:25.796 [Forwarding get on session d264df591db8cf1ec35a07f637179a0e to remote] DEBUG org.asynchttpclient.netty.request.NettyRequestSender - Using pooled Channel '[id: 0x53ad7261, L:/127.0.0.1:57379 - R:localhost/127.0.0.1:56758]' for 'POST' to 'http://localhost:56758/session/d264df591db8cf1ec35a07f637179a0e/url'
01:50:25.797 [Forwarding get on session d264df591db8cf1ec35a07f637179a0e to remote] DEBUG org.asynchttpclient.netty.request.NettyRequestSender - Using open Channel [id: 0x53ad7261, L:/127.0.0.1:57379 - R:localhost/127.0.0.1:56758] for POST '/session/d264df591db8cf1ec35a07f637179a0e/url'
01:50:26.073 [AsyncHttpClient-1-1] DEBUG org.asynchttpclient.netty.channel.DefaultChannelPool - Entry count for : http://localhost:57380 : 1
01:50:27.175 [AsyncHttpClient-1-1] DEBUG org.asynchttpclient.netty.channel.DefaultChannelPool - Entry count for : http://localhost:57380 : 1
01:50:27.388 [AsyncHttpClient-1-9] DEBUG org.asynchttpclient.netty.handler.HttpHandler - 

Request DefaultHttpRequest(decodeResult: success, version: HTTP/1.1)
POST /session/d264df591db8cf1ec35a07f637179a0e/url HTTP/1.1
User-Agent: selenium/4.1.2 (java windows)
Content-Length: 54
Content-Type: application/json; charset=utf-8
host: localhost:56758
accept: */*

Response DefaultHttpResponse(decodeResult: success, version: HTTP/1.1)
HTTP/1.1 200 OK
Content-Type: application/json; charset=utf-8
cache-control: no-cache
content-length: 14

01:50:27.389 [AsyncHttpClient-1-9] DEBUG org.asynchttpclient.netty.channel.ChannelManager - Adding key: http://localhost:56758 for channel [id: 0x53ad7261, L:/127.0.0.1:57379 - R:localhost/127.0.0.1:56758]
01:50:27.394 [Forwarding setTimeout on session d264df591db8cf1ec35a07f637179a0e to remote] DEBUG org.asynchttpclient.netty.request.NettyRequestSender - Using pooled Channel '[id: 0x53ad7261, L:/127.0.0.1:57379 - R:localhost/127.0.0.1:56758]' for 'POST' to 'http://localhost:56758/session/d264df591db8cf1ec35a07f637179a0e/timeouts'
01:50:27.394 [Forwarding setTimeout on session d264df591db8cf1ec35a07f637179a0e to remote] DEBUG org.asynchttpclient.netty.request.NettyRequestSender - Using open Channel [id: 0x53ad7261, L:/127.0.0.1:57379 - R:localhost/127.0.0.1:56758] for POST '/session/d264df591db8cf1ec35a07f637179a0e/timeouts'
01:50:27.401 [AsyncHttpClient-1-9] DEBUG org.asynchttpclient.netty.handler.HttpHandler - 

Request DefaultHttpRequest(decodeResult: success, version: HTTP/1.1)
POST /session/d264df591db8cf1ec35a07f637179a0e/timeouts HTTP/1.1
User-Agent: selenium/4.1.2 (java windows)
Content-Length: 22
Content-Type: application/json; charset=utf-8
host: localhost:56758
accept: */*

Response DefaultHttpResponse(decodeResult: success, version: HTTP/1.1)
HTTP/1.1 200 OK
Content-Type: application/json; charset=utf-8
cache-control: no-cache
content-length: 14

01:50:27.402 [AsyncHttpClient-1-9] DEBUG org.asynchttpclient.netty.channel.ChannelManager - Adding key: http://localhost:56758 for channel [id: 0x53ad7261, L:/127.0.0.1:57379 - R:localhost/127.0.0.1:56758]
01:50:27.408 [Forwarding getCurrentUrl on session d264df591db8cf1ec35a07f637179a0e to remote] DEBUG org.asynchttpclient.netty.request.NettyRequestSender - Using pooled Channel '[id: 0x53ad7261, L:/127.0.0.1:57379 - R:localhost/127.0.0.1:56758]' for 'GET' to 'http://localhost:56758/session/d264df591db8cf1ec35a07f637179a0e/url'
01:50:27.408 [Forwarding getCurrentUrl on session d264df591db8cf1ec35a07f637179a0e to remote] DEBUG org.asynchttpclient.netty.request.NettyRequestSender - Using open Channel [id: 0x53ad7261, L:/127.0.0.1:57379 - R:localhost/127.0.0.1:56758] for GET '/session/d264df591db8cf1ec35a07f637179a0e/url'
01:50:27.418 [AsyncHttpClient-1-9] DEBUG org.asynchttpclient.netty.handler.HttpHandler - 

Request DefaultFullHttpRequest(decodeResult: success, version: HTTP/1.1, content: EmptyByteBufBE)
GET /session/d264df591db8cf1ec35a07f637179a0e/url HTTP/1.1
User-Agent: selenium/4.1.2 (java windows)
Cache-Control: no-cache
Content-Type: application/json; charset=utf-8
host: localhost:56758
accept: */*

Response DefaultHttpResponse(decodeResult: success, version: HTTP/1.1)
HTTP/1.1 200 OK
Content-Type: application/json; charset=utf-8
cache-control: no-cache
content-length: 36

01:50:27.419 [AsyncHttpClient-1-9] DEBUG org.asynchttpclient.netty.channel.ChannelManager - Adding key: http://localhost:56758 for channel [id: 0x53ad7261, L:/127.0.0.1:57379 - R:localhost/127.0.0.1:56758]
01:50:27.426 [main] DEBUG net.serenitybdd.core.photography.Darkroom - Opening darkroom
01:50:27.428 [Forwarding screenshot on session d264df591db8cf1ec35a07f637179a0e to remote] DEBUG org.asynchttpclient.netty.request.NettyRequestSender - Using pooled Channel '[id: 0x53ad7261, L:/127.0.0.1:57379 - R:localhost/127.0.0.1:56758]' for 'GET' to 'http://localhost:56758/session/d264df591db8cf1ec35a07f637179a0e/screenshot'
01:50:27.428 [Forwarding screenshot on session d264df591db8cf1ec35a07f637179a0e to remote] DEBUG org.asynchttpclient.netty.request.NettyRequestSender - Using open Channel [id: 0x53ad7261, L:/127.0.0.1:57379 - R:localhost/127.0.0.1:56758] for GET '/session/d264df591db8cf1ec35a07f637179a0e/screenshot'
01:50:27.471 [Darkroom Processing Line] DEBUG net.serenitybdd.core.photography.DarkroomProcessingLine - Darkroom processing line starting up
01:50:27.903 [AsyncHttpClient-1-9] DEBUG org.asynchttpclient.netty.handler.HttpHandler - 

Request DefaultFullHttpRequest(decodeResult: success, version: HTTP/1.1, content: EmptyByteBufBE)
GET /session/d264df591db8cf1ec35a07f637179a0e/screenshot HTTP/1.1
User-Agent: selenium/4.1.2 (java windows)
Cache-Control: no-cache
Content-Type: application/json; charset=utf-8
host: localhost:56758
accept: */*

Response DefaultHttpResponse(decodeResult: success, version: HTTP/1.1)
HTTP/1.1 200 OK
Content-Type: application/json; charset=utf-8
cache-control: no-cache
content-length: 25748

01:50:27.903 [AsyncHttpClient-1-9] DEBUG org.asynchttpclient.netty.channel.ChannelManager - Adding key: http://localhost:56758 for channel [id: 0x53ad7261, L:/127.0.0.1:57379 - R:localhost/127.0.0.1:56758]
01:50:27.906 [main] DEBUG net.serenitybdd.core.photography.Darkroom - Send negative for processing for target\site\serenity\a5ed35558b9c8876cb917d3517cdaac46cf9e88aae94b994d1332402afe9e096.png
01:50:27.906 [main] DEBUG net.thucydides.core.steps.StepInterceptor - STEP DONE: onOrderPage
  &amp#27;[32mGiven &amp#27;[0m&amp#27;[32m&amp#27;[0m&amp#27;[32m&amp#27;[1mI&amp#27;[0m&amp#27;[32m am at order page&amp#27;[0m                                &amp#27;[90m# stepdefinitions.OrderStep.iAmAtOrderPage(java.lang.String)&amp#27;[0m
01:50:27.907 [Darkroom Processing Line] DEBUG net.serenitybdd.core.photography.DarkroomProcessingLine - Processing screenshot image in /var/screenshots/screenshot-14488718566333307293
01:50:27.907 [Darkroom Processing Line] DEBUG net.serenitybdd.core.photography.DarkroomProcessingLine - Saving screenshot to target\site\serenity\a5ed35558b9c8876cb917d3517cdaac46cf9e88aae94b994d1332402afe9e096.png
01:50:27.936 [main] DEBUG net.thucydides.core.steps.StepInterceptor - STARTING STEP: OrderStep.iClickBayarButton - bayar
01:50:27.940 [Forwarding findElement on session d264df591db8cf1ec35a07f637179a0e to remote] DEBUG org.asynchttpclient.netty.request.NettyRequestSender - Using pooled Channel '[id: 0x53ad7261, L:/127.0.0.1:57379 - R:localhost/127.0.0.1:56758]' for 'POST' to 'http://localhost:56758/session/d264df591db8cf1ec35a07f637179a0e/element'
01:50:27.940 [Forwarding findElement on session d264df591db8cf1ec35a07f637179a0e to remote] DEBUG org.asynchttpclient.netty.request.NettyRequestSender - Using open Channel [id: 0x53ad7261, L:/127.0.0.1:57379 - R:localhost/127.0.0.1:56758] for POST '/session/d264df591db8cf1ec35a07f637179a0e/element'
01:50:28.279 [AsyncHttpClient-1-1] DEBUG org.asynchttpclient.netty.channel.DefaultChannelPool - Entry count for : http://localhost:57380 : 1
01:50:29.380 [AsyncHttpClient-1-1] DEBUG org.asynchttpclient.netty.channel.DefaultChannelPool - Entry count for : http://localhost:57380 : 1
01:50:29.987 [AsyncHttpClient-1-9] DEBUG org.asynchttpclient.netty.handler.HttpHandler - 

Request DefaultHttpRequest(decodeResult: success, version: HTTP/1.1)
POST /session/d264df591db8cf1ec35a07f637179a0e/element HTTP/1.1
User-Agent: selenium/4.1.2 (java windows)
Content-Length: 59
Content-Type: application/json; charset=utf-8
host: localhost:56758
accept: */*

Response DefaultHttpResponse(decodeResult: success, version: HTTP/1.1)
HTTP/1.1 404 Not Found
Content-Type: application/json; charset=utf-8
cache-control: no-cache
content-length: 1028

01:50:29.988 [AsyncHttpClient-1-9] DEBUG org.asynchttpclient.netty.channel.ChannelManager - Adding key: http://localhost:56758 for channel [id: 0x53ad7261, L:/127.0.0.1:57379 - R:localhost/127.0.0.1:56758]
01:50:30.104 [Forwarding findElement on session d264df591db8cf1ec35a07f637179a0e to remote] DEBUG org.asynchttpclient.netty.request.NettyRequestSender - Using pooled Channel '[id: 0x53ad7261, L:/127.0.0.1:57379 - R:localhost/127.0.0.1:56758]' for 'POST' to 'http://localhost:56758/session/d264df591db8cf1ec35a07f637179a0e/element'
01:50:30.104 [Forwarding findElement on session d264df591db8cf1ec35a07f637179a0e to remote] DEBUG org.asynchttpclient.netty.request.NettyRequestSender - Using open Channel [id: 0x53ad7261, L:/127.0.0.1:57379 - R:localhost/127.0.0.1:56758] for POST '/session/d264df591db8cf1ec35a07f637179a0e/element'
01:50:30.477 [AsyncHttpClient-1-1] DEBUG org.asynchttpclient.netty.channel.DefaultChannelPool - Entry count for : http://localhost:57380 : 1
01:50:31.575 [AsyncHttpClient-1-1] DEBUG org.asynchttpclient.netty.channel.DefaultChannelPool - Entry count for : http://localhost:57380 : 1
01:50:32.138 [AsyncHttpClient-1-9] DEBUG org.asynchttpclient.netty.handler.HttpHandler - 

Request DefaultHttpRequest(decodeResult: success, version: HTTP/1.1)
POST /session/d264df591db8cf1ec35a07f637179a0e/element HTTP/1.1
User-Agent: selenium/4.1.2 (java windows)
Content-Length: 59
Content-Type: application/json; charset=utf-8
host: localhost:56758
accept: */*

Response DefaultHttpResponse(decodeResult: success, version: HTTP/1.1)
HTTP/1.1 404 Not Found
Content-Type: application/json; charset=utf-8
cache-control: no-cache
content-length: 1028

01:50:32.138 [AsyncHttpClient-1-9] DEBUG org.asynchttpclient.netty.channel.ChannelManager - Adding key: http://localhost:56758 for channel [id: 0x53ad7261, L:/127.0.0.1:57379 - R:localhost/127.0.0.1:56758]
01:50:32.257 [Forwarding findElement on session d264df591db8cf1ec35a07f637179a0e to remote] DEBUG org.asynchttpclient.netty.request.NettyRequestSender - Using pooled Channel '[id: 0x53ad7261, L:/127.0.0.1:57379 - R:localhost/127.0.0.1:56758]' for 'POST' to 'http://localhost:56758/session/d264df591db8cf1ec35a07f637179a0e/element'
01:50:32.257 [Forwarding findElement on session d264df591db8cf1ec35a07f637179a0e to remote] DEBUG org.asynchttpclient.netty.request.NettyRequestSender - Using open Channel [id: 0x53ad7261, L:/127.0.0.1:57379 - R:localhost/127.0.0.1:56758] for POST '/session/d264df591db8cf1ec35a07f637179a0e/element'
01:50:32.677 [AsyncHttpClient-1-1] DEBUG org.asynchttpclient.netty.channel.DefaultChannelPool - Entry count for : http://localhost:57380 : 1
01:50:33.774 [AsyncHttpClient-1-1] DEBUG org.asynchttpclient.netty.channel.DefaultChannelPool - Entry count for : http://localhost:57380 : 1
01:50:34.276 [AsyncHttpClient-1-9] DEBUG org.asynchttpclient.netty.handler.HttpHandler - 

Request DefaultHttpRequest(decodeResult: success, version: HTTP/1.1)
POST /session/d264df591db8cf1ec35a07f637179a0e/element HTTP/1.1
User-Agent: selenium/4.1.2 (java windows)
Content-Length: 59
Content-Type: application/json; charset=utf-8
host: localhost:56758
accept: */*

Response DefaultHttpResponse(decodeResult: success, version: HTTP/1.1)
HTTP/1.1 404 Not Found
Content-Type: application/json; charset=utf-8
cache-control: no-cache
content-length: 1028

01:50:34.276 [AsyncHttpClient-1-9] DEBUG org.asynchttpclient.netty.channel.ChannelManager - Adding key: http://localhost:56758 for channel [id: 0x53ad7261, L:/127.0.0.1:57379 - R:localhost/127.0.0.1:56758]
01:50:34.287 [Forwarding screenshot on session d264df591db8cf1ec35a07f637179a0e to remote] DEBUG org.asynchttpclient.netty.request.NettyRequestSender - Using pooled Channel '[id: 0x53ad7261, L:/127.0.0.1:57379 - R:localhost/127.0.0.1:56758]' for 'GET' to 'http://localhost:56758/session/d264df591db8cf1ec35a07f637179a0e/screenshot'
01:50:34.287 [Forwarding screenshot on session d264df591db8cf1ec35a07f637179a0e to remote] DEBUG org.asynchttpclient.netty.request.NettyRequestSender - Using open Channel [id: 0x53ad7261, L:/127.0.0.1:57379 - R:localhost/127.0.0.1:56758] for GET '/session/d264df591db8cf1ec35a07f637179a0e/screenshot'
01:50:34.439 [AsyncHttpClient-1-9] DEBUG org.asynchttpclient.netty.handler.HttpHandler - 

Request DefaultFullHttpRequest(decodeResult: success, version: HTTP/1.1, content: EmptyByteBufBE)
GET /session/d264df591db8cf1ec35a07f637179a0e/screenshot HTTP/1.1
User-Agent: selenium/4.1.2 (java windows)
Cache-Control: no-cache
Content-Type: application/json; charset=utf-8
host: localhost:56758
accept: */*

Response DefaultHttpResponse(decodeResult: success, version: HTTP/1.1)
HTTP/1.1 200 OK
Content-Type: application/json; charset=utf-8
cache-control: no-cache
content-length: 25748

01:50:34.440 [AsyncHttpClient-1-9] DEBUG org.asynchttpclient.netty.channel.ChannelManager - Adding key: http://localhost:56758 for channel [id: 0x53ad7261, L:/127.0.0.1:57379 - R:localhost/127.0.0.1:56758]
01:50:34.443 [main] DEBUG net.serenitybdd.core.photography.Darkroom - Send negative for processing for target\site\serenity\a5ed35558b9c8876cb917d3517cdaac46cf9e88aae94b994d1332402afe9e096.png
01:50:34.447 [Forwarding getPageSource on session d264df591db8cf1ec35a07f637179a0e to remote] DEBUG org.asynchttpclient.netty.request.NettyRequestSender - Using pooled Channel '[id: 0x53ad7261, L:/127.0.0.1:57379 - R:localhost/127.0.0.1:56758]' for 'POST' to 'http://localhost:56758/session/d264df591db8cf1ec35a07f637179a0e/execute/sync'
01:50:34.447 [Forwarding getPageSource on session d264df591db8cf1ec35a07f637179a0e to remote] DEBUG org.asynchttpclient.netty.request.NettyRequestSender - Using open Channel [id: 0x53ad7261, L:/127.0.0.1:57379 - R:localhost/127.0.0.1:56758] for POST '/session/d264df591db8cf1ec35a07f637179a0e/execute/sync'
01:50:34.460 [AsyncHttpClient-1-9] DEBUG org.asynchttpclient.netty.handler.HttpHandler - 

Request DefaultHttpRequest(decodeResult: success, version: HTTP/1.1)
POST /session/d264df591db8cf1ec35a07f637179a0e/execute/sync HTTP/1.1
User-Agent: selenium/4.1.2 (java windows)
Content-Length: 176
Content-Type: application/json; charset=utf-8
host: localhost:56758
accept: */*

Response DefaultHttpResponse(decodeResult: success, version: HTTP/1.1)
HTTP/1.1 200 OK
Content-Type: application/json; charset=utf-8
cache-control: no-cache
content-length: 20333

01:50:34.461 [AsyncHttpClient-1-9] DEBUG org.asynchttpclient.netty.channel.ChannelManager - Adding key: http://localhost:56758 for channel [id: 0x53ad7261, L:/127.0.0.1:57379 - R:localhost/127.0.0.1:56758]
01:50:34.469 [Forwarding getCurrentUrl on session d264df591db8cf1ec35a07f637179a0e to remote] DEBUG org.asynchttpclient.netty.request.NettyRequestSender - Using pooled Channel '[id: 0x53ad7261, L:/127.0.0.1:57379 - R:localhost/127.0.0.1:56758]' for 'GET' to 'http://localhost:56758/session/d264df591db8cf1ec35a07f637179a0e/url'
01:50:34.469 [Forwarding getCurrentUrl on session d264df591db8cf1ec35a07f637179a0e to remote] DEBUG org.asynchttpclient.netty.request.NettyRequestSender - Using open Channel [id: 0x53ad7261, L:/127.0.0.1:57379 - R:localhost/127.0.0.1:56758] for GET '/session/d264df591db8cf1ec35a07f637179a0e/url'
01:50:34.482 [AsyncHttpClient-1-9] DEBUG org.asynchttpclient.netty.handler.HttpHandler - 

Request DefaultFullHttpRequest(decodeResult: success, version: HTTP/1.1, content: EmptyByteBufBE)
GET /session/d264df591db8cf1ec35a07f637179a0e/url HTTP/1.1
User-Agent: selenium/4.1.2 (java windows)
Cache-Control: no-cache
Content-Type: application/json; charset=utf-8
host: localhost:56758
accept: */*

Response DefaultHttpResponse(decodeResult: success, version: HTTP/1.1)
HTTP/1.1 200 OK
Content-Type: application/json; charset=utf-8
cache-control: no-cache
content-length: 36

01:50:34.483 [AsyncHttpClient-1-9] DEBUG org.asynchttpclient.netty.channel.ChannelManager - Adding key: http://localhost:56758 for channel [id: 0x53ad7261, L:/127.0.0.1:57379 - R:localhost/127.0.0.1:56758]
  &amp#27;[31mWhen &amp#27;[0m&amp#27;[31mI click bayar button&amp#27;[0m                               &amp#27;[90m# stepdefinitions.OrderStep.iClickBayarButton()&amp#27;[0m
      &amp#27;[31mnet.thucydides.core.webdriver.exceptions.ElementShouldBeEnabledException: Expected enabled element was not enabled
	at net.serenitybdd.core.pages.WebElementFacadeImpl.waitUntilEnabled(WebElementFacadeImpl.java:1100)
	at net.serenitybdd.core.pages.WebElementFacadeImpl.waitUntilElementAvailable(WebElementFacadeImpl.java:888)
	at net.serenitybdd.core.pages.WebElementFacadeImpl.click(WebElementFacadeImpl.java:1182)
	at net.serenitybdd.core.pages.WebElementFacadeImpl.click(WebElementFacadeImpl.java:1201)
	at FrontEnd.AltaShop@1.0-SNAPSHOT/starter.Order.bayar(Order.java:12)
	at FrontEnd.AltaShop@1.0-SNAPSHOT/starter.Order$ByteBuddy$3KK5D48i.bayar$accessor$jknWjseJ(Unknown Source)
	at java.base/jdk.internal.reflect.NativeMethodAccessorImpl.invoke0(Native Method)
	at java.base/jdk.internal.reflect.NativeMethodAccessorImpl.invoke(NativeMethodAccessorImpl.java:62)
	at java.base/jdk.internal.reflect.DelegatingMethodAccessorImpl.invoke(DelegatingMethodAccessorImpl.java:43)
	at java.base/java.lang.reflect.Method.invoke(Method.java:566)
	at net.thucydides.core.steps.StepInterceptor.invokeMethod(StepInterceptor.java:503)
	at net.thucydides.core.steps.StepInterceptor.executeTestStepMethod(StepInterceptor.java:483)
	at net.thucydides.core.steps.StepInterceptor.runTestStep(StepInterceptor.java:457)
	at net.thucydides.core.steps.StepInterceptor.runOrSkipMethod(StepInterceptor.java:209)
	at net.thucydides.core.steps.StepInterceptor.testStepResult(StepInterceptor.java:196)
	at net.thucydides.core.steps.StepInterceptor.intercept(StepInterceptor.java:84)
	at net.thucydides.core.steps.ProxyConfiguration$InterceptorDispatcher.intercept(ProxyConfiguration.java:51)
	at FrontEnd.AltaShop@1.0-SNAPSHOT/starter.Order$ByteBuddy$3KK5D48i.bayar(Unknown Source)
	at FrontEnd.AltaShop@1.0-SNAPSHOT/stepdefinitions.OrderStep.iClickBayarButton(OrderStep.java:25)
	at âœ½.I click bayar button(file:///D:/Mini%20Project-QE%20Alta/Web%20Automation/FrontEnd-AltaShop/src/test/resources/features/Order.feature:5)
Caused by: org.openqa.selenium.TimeoutException: Expected condition failed: waiting for By.id: button-bayar to be enabled (tried for 5 second(s) with 100 milliseconds interval)
	at org.openqa.selenium.support.ui.FluentWait.timeoutException(FluentWait.java:263)
	at org.openqa.selenium.support.ui.FluentWait.until(FluentWait.java:231)
	at net.serenitybdd.core.pages.WebElementFacadeImpl.waitUntilEnabled(WebElementFacadeImpl.java:1097)
	at net.serenitybdd.core.pages.WebElementFacadeImpl.waitUntilElementAvailable(WebElementFacadeImpl.java:888)
	at net.serenitybdd.core.pages.WebElementFacadeImpl.click(WebElementFacadeImpl.java:1182)
	at net.serenitybdd.core.pages.WebElementFacadeImpl.click(WebElementFacadeImpl.java:1201)
	at FrontEnd.AltaShop@1.0-SNAPSHOT/starter.Order.bayar(Order.java:12)
	at FrontEnd.AltaShop@1.0-SNAPSHOT/starter.Order$ByteBuddy$3KK5D48i.bayar$accessor$jknWjseJ(Unknown Source)
	at java.base/jdk.internal.reflect.NativeMethodAccessorImpl.invoke0(Native Method)
	at java.base/jdk.internal.reflect.NativeMethodAccessorImpl.invoke(NativeMethodAccessorImpl.java:62)
	at java.base/jdk.internal.reflect.DelegatingMethodAccessorImpl.invoke(DelegatingMethodAccessorImpl.java:43)
	at java.base/java.lang.reflect.Method.invoke(Method.java:566)
	at net.thucydides.core.steps.StepInterceptor.invokeMethod(StepInterceptor.java:503)
	at net.thucydides.core.steps.StepInterceptor.executeTestStepMethod(StepInterceptor.java:483)
	at net.thucydides.core.steps.StepInterceptor.runTestStep(StepInterceptor.java:457)
	at net.thucydides.core.steps.StepInterceptor.runOrSkipMethod(StepInterceptor.java:209)
	at net.thucydides.core.steps.StepInterceptor.testStepResult(StepInterceptor.java:196)
	at net.thucydides.core.steps.StepInterceptor.intercept(StepInterceptor.java:84)
	at net.thucydides.core.steps.ProxyConfiguration$InterceptorDispatcher.intercept(ProxyConfiguration.java:51)
	at FrontEnd.AltaShop@1.0-SNAPSHOT/starter.Order$ByteBuddy$3KK5D48i.bayar(Unknown Source)
	at FrontEnd.AltaShop@1.0-SNAPSHOT/stepdefinitions.OrderStep.iClickBayarButton(OrderStep.java:25)
	at java.base/jdk.internal.reflect.NativeMethodAccessorImpl.invoke0(Native Method)
	at java.base/jdk.internal.reflect.NativeMethodAccessorImpl.invoke(NativeMethodAccessorImpl.java:62)
	at java.base/jdk.internal.reflect.DelegatingMethodAccessorImpl.invoke(DelegatingMethodAccessorImpl.java:43)
	at java.base/java.lang.reflect.Method.invoke(Method.java:566)
	at io.cucumber.java.Invoker.doInvoke(Invoker.java:66)
	at io.cucumber.java.Invoker.invoke(Invoker.java:24)
	at io.cucumber.java.AbstractGlueDefinition.invokeMethod(AbstractGlueDefinition.java:47)
	at io.cucumber.java.JavaStepDefinition.execute(JavaStepDefinition.java:29)
	at io.cucumber.core.runner.CoreStepDefinition.execute(CoreStepDefinition.java:66)
	at io.cucumber.core.runner.PickleStepDefinitionMatch.runStep(PickleStepDefinitionMatch.java:63)
	at io.cucumber.core.runner.ExecutionMode$1.execute(ExecutionMode.java:10)
	at io.cucumber.core.runner.TestStep.executeStep(TestStep.java:86)
	at io.cucumber.core.runner.TestStep.run(TestStep.java:57)
	at io.cucumber.core.runner.PickleStepTestStep.run(PickleStepTestStep.java:51)
	at io.cucumber.core.runner.TestCase.run(TestCase.java:95)
	at io.cucumber.core.runner.Runner.runPickle(Runner.java:75)
	at io.cucumber.junit.PickleRunners$NoStepDescriptions.lambda$run$0(PickleRunners.java:151)
	at io.cucumber.core.runtime.CucumberExecutionContext.lambda$runTestCase$3(CucumberExecutionContext.java:151)
	at io.cucumber.core.runtime.RethrowingThrowableCollector.executeAndThrow(RethrowingThrowableCollector.java:23)
	at io.cucumber.core.runtime.CucumberExecutionContext.runTestCase(CucumberExecutionContext.java:151)
	at io.cucumber.junit.PickleRunners$NoStepDescriptions.run(PickleRunners.java:148)
	at io.cucumber.junit.FeatureRunner.runChild(FeatureRunner.java:144)
	at io.cucumber.junit.FeatureRunner.runChild(FeatureRunner.java:28)
	at org.junit.runners.ParentRunner$4.run(ParentRunner.java:331)
	at org.junit.runners.ParentRunner$1.schedule(ParentRunner.java:79)
	at org.junit.runners.ParentRunner.runChildren(ParentRunner.java:329)
	at org.junit.runners.ParentRunner.access$100(ParentRunner.java:66)
	at org.junit.runners.ParentRunner$2.evaluate(ParentRunner.java:293)
	at org.junit.runners.ParentRunner$3.evaluate(ParentRunner.java:306)
	at org.junit.runners.ParentRunner.run(ParentRunner.java:413)
	at io.cucumber.junit.FeatureRunner.run(FeatureRunner.java:137)
	at io.cucumber.junit.CucumberSerenityRunner.runChild(CucumberSerenityRunner.java:258)
	at io.cucumber.junit.CucumberSerenityRunner.runChild(CucumberSerenityRunner.java:58)
	at org.junit.runners.ParentRunner$4.run(ParentRunner.java:331)
	at org.junit.runners.ParentRunner$1.schedule(ParentRunner.java:79)
	at org.junit.runners.ParentRunner.runChildren(ParentRunner.java:329)
	at org.junit.runners.ParentRunner.access$100(ParentRunner.java:66)
	at org.junit.runners.ParentRunner$2.evaluate(ParentRunner.java:293)
	at io.cucumber.junit.CucumberSerenityRunner$RunCucumber.evaluate(CucumberSerenityRunner.java:287)
	at org.junit.runners.ParentRunner$3.evaluate(ParentRunner.java:306)
	at org.junit.runners.ParentRunner.run(ParentRunner.java:413)
	at org.junit.runner.JUnitCore.run(JUnitCore.java:137)
	at org.junit.runner.JUnitCore.run(JUnitCore.java:115)
	at org.junit.vintage.engine.execution.RunnerExecutor.execute(RunnerExecutor.java:42)
	at org.junit.vintage.engine.VintageTestEngine.executeAllChildren(VintageTestEngine.java:80)
	at org.junit.vintage.engine.VintageTestEngine.execute(VintageTestEngine.java:72)
	at org.junit.platform.launcher.core.EngineExecutionOrchestrator.execute(EngineExecutionOrchestrator.java:107)
	at org.junit.platform.launcher.core.EngineExecutionOrchestrator.execute(EngineExecutionOrchestrator.java:88)
	at org.junit.platform.launcher.core.EngineExecutionOrchestrator.lambda$execute$0(EngineExecutionOrchestrator.java:54)
	at org.junit.platform.launcher.core.EngineExecutionOrchestrator.withInterceptedStreams(EngineExecutionOrchestrator.java:67)
	at org.junit.platform.launcher.core.EngineExecutionOrchestrator.execute(EngineExecutionOrchestrator.java:52)
	at org.junit.platform.launcher.core.DefaultLauncher.execute(DefaultLauncher.java:114)
	at org.junit.platform.launcher.core.DefaultLauncher.execute(DefaultLauncher.java:86)
	at org.junit.platform.launcher.core.DefaultLauncherSession$DelegatingLauncher.execute(DefaultLauncherSession.java:86)
	at org.junit.platform.launcher.core.SessionPerRequestLauncher.execute(SessionPerRequestLauncher.java:53)
	at org.apache.maven.surefire.junitplatform.JUnitPlatformProvider.execute(JUnitPlatformProvider.java:188)
	at org.apache.maven.surefire.junitplatform.JUnitPlatformProvider.invokeAllTests(JUnitPlatformProvider.java:154)
	at org.apache.maven.surefire.junitplatform.JUnitPlatformProvider.invoke(JUnitPlatformProvider.java:128)
	at org.apache.maven.surefire.booter.ForkedBooter.runSuitesInProcess(ForkedBooter.java:428)
	at org.apache.maven.surefire.booter.ForkedBooter.execute(ForkedBooter.java:162)
	at org.apache.maven.surefire.booter.ForkedBooter.run(ForkedBooter.java:562)
	at org.apache.maven.surefire.booter.ForkedBooter.main(ForkedBooter.java:548)
Caused by: org.openqa.selenium.NoSuchElementException: no such element: Unable to locate element: {"method":"css selector","selector":"#button\-bayar"}
  (Session info: chrome=101.0.4951.54)
For documentation on this error, please visit: https://selenium.dev/exceptions/#no_such_element
Build info: version: '4.1.2', revision: '9a5a329c5a'
System info: host: 'LAPTOP-9MG0RTAB', ip: '192.168.130.2', os.name: 'Windows 10', os.arch: 'amd64', os.version: '10.0', java.version: '11.0.14'
Driver info: org.openqa.selenium.chrome.ChromeDriver
Command: [d264df591db8cf1ec35a07f637179a0e, findElement {using=id, value=button-bayar}]
Capabilities {acceptInsecureCerts: false, browserName: chrome, browserVersion: 101.0.4951.54, chrome: {chromedriverVersion: 101.0.4951.41 (93c720db8323..., userDataDir: C:\Users\SITINU~1\AppData\L...}, goog:chromeOptions: {debuggerAddress: localhost:57380}, javascriptEnabled: true, networkConnectionEnabled: false, pageLoadStrategy: normal, platform: WINDOWS, platformName: WINDOWS, proxy: Proxy(), se:cdp: ws://localhost:57380/devtoo..., se:cdpVersion: 101.0.4951.54, setWindowRect: true, strictFileInteractability: false, timeouts: {implicit: 0, pageLoad: 300000, script: 30000}, unhandledPromptBehavior: dismiss and notify, webauthn:extension:credBlob: true, webauthn:extension:largeBlob: true, webauthn:virtualAuthenticators: true}
Session ID: d264df591db8cf1ec35a07f637179a0e
	at java.base/jdk.internal.reflect.NativeConstructorAccessorImpl.newInstance0(Native Method)
	at java.base/jdk.internal.reflect.NativeConstructorAccessorImpl.newInstance(NativeConstructorAccessorImpl.java:62)
	at java.base/jdk.internal.reflect.DelegatingConstructorAccessorImpl.newInstance(DelegatingConstructorAccessorImpl.java:45)
	at java.base/java.lang.reflect.Constructor.newInstance(Constructor.java:490)
	at org.openqa.selenium.remote.codec.w3c.W3CHttpResponseCodec.createException(W3CHttpResponseCodec.java:200)
	at org.openqa.selenium.remote.codec.w3c.W3CHttpResponseCodec.decode(W3CHttpResponseCodec.java:133)
	at org.openqa.selenium.remote.codec.w3c.W3CHttpResponseCodec.decode(W3CHttpResponseCodec.java:53)
	at org.openqa.selenium.remote.HttpCommandExecutor.execute(HttpCommandExecutor.java:184)
	at org.openqa.selenium.remote.service.DriverCommandExecutor.invokeExecute(DriverCommandExecutor.java:167)
	at org.openqa.selenium.remote.service.DriverCommandExecutor.execute(DriverCommandExecutor.java:142)
	at org.openqa.selenium.remote.RemoteWebDriver.execute(RemoteWebDriver.java:558)
	at org.openqa.selenium.remote.ElementLocation$ElementFinder$2.findElement(ElementLocation.java:162)
	at org.openqa.selenium.remote.ElementLocation.findElement(ElementLocation.java:60)
	at org.openqa.selenium.remote.RemoteWebDriver.findElement(RemoteWebDriver.java:382)
	at org.openqa.selenium.remote.RemoteWebDriver.findElement(RemoteWebDriver.java:374)
	at net.thucydides.core.webdriver.WebDriverFacade.findElement(WebDriverFacade.java:224)
	at net.serenitybdd.core.pages.WebElementResolverByLocator.resolveForDriver(WebElementResolverByLocator.java:25)
	at net.serenitybdd.core.pages.WebElementFacadeImpl.getResolvedElement(WebElementFacadeImpl.java:191)
	at net.serenitybdd.core.pages.WebElementFacadeImpl.getElement(WebElementFacadeImpl.java:186)
	at net.serenitybdd.core.pages.WebElementExpectations$3.apply(WebElementExpectations.java:63)
	at net.serenitybdd.core.pages.WebElementExpectations$3.apply(WebElementExpectations.java:55)
	at org.openqa.selenium.support.ui.FluentWait.until(FluentWait.java:208)
	... 81 more
&amp#27;[0m
  &amp#27;[36mAnd &amp#27;[0m&amp#27;[36mI input email &amp#27;[0m&amp#27;[36m&amp#27;[1mlandon.mcdermott@hotmail.com&amp#27;[0m          &amp#27;[90m# stepdefinitions.OrderStep.inputEmail(java.lang.String)&amp#27;[0m
  &amp#27;[36mAnd &amp#27;[0m&amp#27;[36mI input password &amp#27;[0m&amp#27;[36m&amp#27;[1maiueo&amp#27;[0m                              &amp#27;[90m# stepdefinitions.OrderStep.inputPassword(java.lang.String)&amp#27;[0m
  &amp#27;[36mThen &amp#27;[0m&amp#27;[36mI on transaction page&amp#27;[0m                              &amp#27;[90m# stepdefinitions.OrderStep.iOnTransactionPage()&amp#27;[0m
01:50:34.625 [main] ERROR  - 
  _____   ___   ___   _____     ___     _     ___   _      ___   ___  
 |_   _| | __| / __| |_   _|   | __|   /_\   |_ _| | |    | __| |   \ 
   | |   | _|  \__ \   | |     | _|   / _ \   | |  | |__  | _|  | |) |
   |_|   |___| |___/   |_|     |_|   /_/ \_\ |___| |____| |___| |___/ 

As a user, i have able to order and pay product
-----------------------------------------------------------------------
01:50:34.625 [main] DEBUG  - RELATED ISSUES: 
01:50:34.627 [main] ERROR  -     Test failed at step: Bayar
01:50:34.627 [main] ERROR  -     Expected enabled element was not enabled
01:50:34.630 [AsyncHttpClient-1-3] DEBUG org.asynchttpclient.netty.handler.WebSocketHandler - Channel Closed: [id: 0xd33ade4b, L:/127.0.0.1:57388 ! R:localhost/127.0.0.1:57380] with attribute NettyResponseFuture{currentRetry=5,
	isDone=1,
	isCancelled=0,
	asyncHandler=org.asynchttpclient.ws.WebSocketUpgradeHandler@529edbbf,
	nettyRequest=org.asynchttpclient.netty.request.NettyRequest@546c538a,
	future=java.util.concurrent.CompletableFuture@6a23ebe8[Completed normally],
	uri=ws://localhost:57380/devtools/browser/1cc1afa7-96f7-41c9-ab93-72634a808c96,
	keepAlive=true,
	redirectCount=0,
	timeoutsHolder=null,
	inAuth=0,
	touch=1652381425781}
01:50:34.631 [AsyncHttpClient-1-3] DEBUG org.asynchttpclient.netty.channel.ChannelManager - Closing Channel [id: 0xd33ade4b, L:/127.0.0.1:57388 ! R:localhost/127.0.0.1:57380] 
01:50:34.646 [Driver Command Executor] DEBUG org.asynchttpclient.netty.request.NettyRequestSender - Using pooled Channel '[id: 0x53ad7261, L:/127.0.0.1:57379 - R:localhost/127.0.0.1:56758]' for 'DELETE' to 'http://localhost:56758/session/d264df591db8cf1ec35a07f637179a0e'
01:50:34.646 [Driver Command Executor] DEBUG org.asynchttpclient.netty.request.NettyRequestSender - Using open Channel [id: 0x53ad7261, L:/127.0.0.1:57379 - R:localhost/127.0.0.1:56758] for DELETE '/session/d264df591db8cf1ec35a07f637179a0e'
01:50:34.782 [AsyncHttpClient-1-2] DEBUG org.asynchttpclient.netty.handler.HttpHandler - Unexpected I/O exception on channel [id: 0x7330d07a, L:/127.0.0.1:57387 - R:localhost/127.0.0.1:57380]
java.io.IOException: An existing connection was forcibly closed by the remote host
	at java.base/sun.nio.ch.SocketDispatcher.read0(Native Method)
	at java.base/sun.nio.ch.SocketDispatcher.read(SocketDispatcher.java:43)
	at java.base/sun.nio.ch.IOUtil.readIntoNativeBuffer(IOUtil.java:276)
	at java.base/sun.nio.ch.IOUtil.read(IOUtil.java:233)
	at java.base/sun.nio.ch.IOUtil.read(IOUtil.java:223)
	at java.base/sun.nio.ch.SocketChannelImpl.read(SocketChannelImpl.java:358)
	at io.netty.buffer.PooledByteBuf.setBytes(PooledByteBuf.java:258)
	at io.netty.buffer.AbstractByteBuf.writeBytes(AbstractByteBuf.java:1132)
	at io.netty.channel.socket.nio.NioSocketChannel.doReadBytes(NioSocketChannel.java:350)
	at io.netty.channel.nio.AbstractNioByteChannel$NioByteUnsafe.read(AbstractNioByteChannel.java:151)
	at io.netty.channel.nio.NioEventLoop.processSelectedKey(NioEventLoop.java:722)
	at io.netty.channel.nio.NioEventLoop.processSelectedKeysOptimized(NioEventLoop.java:658)
	at io.netty.channel.nio.NioEventLoop.processSelectedKeys(NioEventLoop.java:584)
	at io.netty.channel.nio.NioEventLoop.run(NioEventLoop.java:496)
	at io.netty.util.concurrent.SingleThreadEventExecutor$4.run(SingleThreadEventExecutor.java:986)
	at io.netty.util.internal.ThreadExecutorMap$2.run(ThreadExecutorMap.java:74)
	at io.netty.util.concurrent.FastThreadLocalRunnable.run(FastThreadLocalRunnable.java:30)
	at java.base/java.lang.Thread.run(Thread.java:834)
01:50:34.782 [AsyncHttpClient-1-2] DEBUG org.asynchttpclient.netty.channel.ChannelManager - Closing Channel [id: 0x7330d07a, L:/127.0.0.1:57387 - R:localhost/127.0.0.1:57380] 
01:50:34.782 [AsyncHttpClient-1-2] DEBUG org.asynchttpclient.netty.handler.HttpHandler - Channel Closed: [id: 0x7330d07a, L:/127.0.0.1:57387 ! R:localhost/127.0.0.1:57380] with attribute DISCARD
01:50:34.816 [AsyncHttpClient-1-9] DEBUG org.asynchttpclient.netty.handler.HttpHandler - 

Request DefaultFullHttpRequest(decodeResult: success, version: HTTP/1.1, content: EmptyByteBufBE)
DELETE /session/d264df591db8cf1ec35a07f637179a0e HTTP/1.1
User-Agent: selenium/4.1.2 (java windows)
Content-Type: application/json; charset=utf-8
host: localhost:56758
accept: */*

Response DefaultHttpResponse(decodeResult: success, version: HTTP/1.1)
HTTP/1.1 200 OK
Content-Type: application/json; charset=utf-8
cache-control: no-cache
content-length: 14

01:50:34.817 [AsyncHttpClient-1-9] DEBUG org.asynchttpclient.netty.channel.ChannelManager - Adding key: http://localhost:56758 for channel [id: 0x53ad7261, L:/127.0.0.1:57379 - R:localhost/127.0.0.1:56758]
01:50:34.880 [AsyncHttpClient-1-1] DEBUG org.asynchttpclient.netty.channel.DefaultChannelPool - Entry count for : http://localhost:57380 : 1
01:50:34.880 [AsyncHttpClient-1-1] DEBUG org.asynchttpclient.netty.channel.DefaultChannelPool - Entry count for : http://localhost:56758 : 1
01:50:34.881 [AsyncHttpClient-1-1] DEBUG org.asynchttpclient.netty.channel.DefaultChannelPool - Adding Candidate expired Channel [id: 0x7330d07a, L:/127.0.0.1:57387 ! R:localhost/127.0.0.1:57380] isIdleTimeoutExpired=false isRemotelyClosed=true isTtlExpired=false
01:50:34.881 [AsyncHttpClient-1-1] DEBUG org.asynchttpclient.netty.channel.DefaultChannelPool - Closing Idle Channel [id: 0x7330d07a, L:/127.0.0.1:57387 ! R:localhost/127.0.0.1:57380]
01:50:34.881 [AsyncHttpClient-1-1] DEBUG org.asynchttpclient.netty.channel.DefaultChannelPool - Closed 1 connections out of 2 in 1 ms
01:50:35.177 [AsyncHttpClient-1-9] DEBUG org.asynchttpclient.netty.handler.HttpHandler - Channel Closed: [id: 0x53ad7261, L:/127.0.0.1:57379 ! R:localhost/127.0.0.1:56758] with attribute DISCARD
]]></system-out>
    <system-err><![CDATA[Starting ChromeDriver 101.0.4951.41 (93c720db8323b3ec10d056025ab95c23a31997c9-refs/branch-heads/4951@{#904}) on port 56758
Only local connections are allowed.
Please see https://chromedriver.chromium.org/security-considerations for suggestions on keeping ChromeDriver safe.
ChromeDriver was started successfully.
May 13, 2022 1:50:25 AM org.openqa.selenium.remote.ProtocolHandshake createSession
INFO: Detected dialect: W3C
May 13, 2022 1:50:25 AM org.openqa.selenium.devtools.CdpVersionFinder findNearestMatch
WARNING: Unable to find an exact match for CDP version 101, so returning the closest version found: 97
May 13, 2022 1:50:25 AM org.openqa.selenium.devtools.CdpVersionFinder findNearestMatch
INFO: Found CDP implementation for version 101 of 97
]]></system-err>
  </testcase>
  <testcase name="As a user, i have able to create account" classname="Register" time="10.053">
    <system-out><![CDATA[01:50:35.723 [main] INFO io.cucumber.core.plugin.SerenityReporter - Running feature from file:///D:/Mini%20Project-QE%20Alta/Web%20Automation/FrontEnd-AltaShop/src/test/resources/features/Register.feature
01:50:35.735 [main] DEBUG net.thucydides.core.steps.StepEventBus - Test suite started for story net.thucydides.core.model.Story@30e75088
01:50:35.737 [main] INFO  - Test Suite Started: Register

Scenario: As a user, i have able to create account &amp#27;[90m# src/test/resources/features/Register.feature:3&amp#27;[0m
01:50:35.755 [main] INFO io.cucumber.core.plugin.SerenityReporter - Running feature from file:///D:/Mini%20Project-QE%20Alta/Web%20Automation/FrontEnd-AltaShop/src/test/resources/features/Register.feature
01:50:35.760 [main] INFO  - 
  _____   ___   ___   _____     ___   _____     _     ___   _____   ___   ___  
 |_   _| | __| / __| |_   _|   / __| |_   _|   /_\   | _ \ |_   _| | __| |   \ 
   | |   | _|  \__ \   | |     \__ \   | |    / _ \  |   /   | |   | _|  | |) |
   |_|   |___| |___/   |_|     |___/   |_|   /_/ \_\ |_|_\   |_|   |___| |___/ 

As a user, i have able to create account(register;as-a-user--i-have-able-to-create-account)
--------------------------------------------------------------------------------
01:50:35.993 [AsyncHttpClient-1-1] DEBUG org.asynchttpclient.netty.channel.DefaultChannelPool - Entry count for : http://localhost:56758 : 1
01:50:35.993 [AsyncHttpClient-1-1] DEBUG org.asynchttpclient.netty.channel.DefaultChannelPool - Adding Candidate expired Channel [id: 0x53ad7261, L:/127.0.0.1:57379 ! R:localhost/127.0.0.1:56758] isIdleTimeoutExpired=false isRemotelyClosed=true isTtlExpired=false
01:50:35.993 [AsyncHttpClient-1-1] DEBUG org.asynchttpclient.netty.channel.DefaultChannelPool - Closing Idle Channel [id: 0x53ad7261, L:/127.0.0.1:57379 ! R:localhost/127.0.0.1:56758]
01:50:35.993 [AsyncHttpClient-1-1] DEBUG org.asynchttpclient.netty.channel.DefaultChannelPool - Closed 1 connections out of 1 in 0 ms
01:50:36.056 [main] DEBUG net.thucydides.core.steps.StepInterceptor - STARTING STEP: ARegisterStep.iAmAtRegisterPage - onRegisterPage
01:50:36.059 [main] INFO net.serenitybdd.core.webdriver.driverproviders.ChromeDriverProvider - Using automatically driver download
01:50:36.334 [main] DEBUG io.github.bonigarcia.wdm.cache.ResolutionCache - Resolution chrome=101 in cache (valid until 02:25:36 13/05/2022 ICT)
01:50:36.348 [main] DEBUG io.github.bonigarcia.wdm.cache.ResolutionCache - Resolution chrome101=101.0.4951.41 in cache (valid until 14:31:54 13/05/2022 ICT)
01:50:36.354 [main] INFO io.github.bonigarcia.wdm.WebDriverManager - Using chromedriver 101.0.4951.41 (resolved driver for Chrome 101)
01:50:36.382 [main] DEBUG io.github.bonigarcia.wdm.WebDriverManager - Driver chromedriver 101.0.4951.41 found in cache
01:50:36.384 [main] INFO io.github.bonigarcia.wdm.WebDriverManager - Exporting webdriver.chrome.driver as C:\Users\Siti Nurlatipah\.cache\selenium\chromedriver\win32\101.0.4951.41\chromedriver.exe
01:50:36.573 [main] DEBUG net.serenitybdd.core.webdriver.driverproviders.ProvideNewDriver - Instantiating driver
01:50:36.574 [main] DEBUG net.serenitybdd.core.webdriver.driverproviders.ProvideNewDriver - Driver capabilities: Capabilities {acceptInsecureCerts: false, base.url: https://qa.alta.id, browserName: chrome, chrome.driver: src/test/resources/webdrive..., driver: chrome, goog:chromeOptions: {args: [], extensions: []}}
01:50:37.128 [AsyncHttpClient-1-4] DEBUG org.asynchttpclient.netty.channel.NettyConnectListener - Using new Channel '[id: 0x6caca889, L:/127.0.0.1:57410 - R:localhost/127.0.0.1:56653]' for 'POST' to '/session'
01:50:38.984 [AsyncHttpClient-1-4] DEBUG org.asynchttpclient.netty.handler.HttpHandler - 

Request DefaultHttpRequest(decodeResult: success, version: HTTP/1.1)
POST /session HTTP/1.1
User-Agent: selenium/4.1.2 (java windows)
Content-Length: 595
Content-Type: application/json; charset=utf-8
host: localhost:56653
accept: */*

Response DefaultHttpResponse(decodeResult: success, version: HTTP/1.1)
HTTP/1.1 200 OK
Content-Type: application/json; charset=utf-8
cache-control: no-cache
content-length: 793

01:50:38.985 [AsyncHttpClient-1-4] DEBUG org.asynchttpclient.netty.channel.ChannelManager - Adding key: http://localhost:56653 for channel [id: 0x6caca889, L:/127.0.0.1:57410 - R:localhost/127.0.0.1:56653]
01:50:39.010 [AsyncHttpClient-1-5] DEBUG org.asynchttpclient.netty.channel.NettyConnectListener - Using new Channel '[id: 0x5b7aa464, L:/127.0.0.1:57419 - R:localhost/127.0.0.1:57411]' for 'GET' to '/json/version'
01:50:39.012 [AsyncHttpClient-1-5] DEBUG org.asynchttpclient.netty.handler.HttpHandler - 

Request DefaultFullHttpRequest(decodeResult: success, version: HTTP/1.1, content: EmptyByteBufBE)
GET /json/version HTTP/1.1
User-Agent: selenium/4.1.2 (java windows)
host: localhost:57411
accept: */*

Response DefaultHttpResponse(decodeResult: success, version: HTTP/1.1)
HTTP/1.1 200 OK
Content-Type: application/json; charset=UTF-8
content-length: 427

01:50:39.012 [AsyncHttpClient-1-5] DEBUG org.asynchttpclient.netty.channel.ChannelManager - Adding key: http://localhost:57411 for channel [id: 0x5b7aa464, L:/127.0.0.1:57419 - R:localhost/127.0.0.1:57411]
01:50:39.019 [AsyncHttpClient-1-6] DEBUG org.asynchttpclient.netty.channel.NettyConnectListener - Using new Channel '[id: 0x544ea409, L:/127.0.0.1:57420 - R:localhost/127.0.0.1:57411]' for 'GET' to '/devtools/browser/bc238f19-ab28-49a9-9f14-e5abec19ba3d'
01:50:39.021 [AsyncHttpClient-1-6] DEBUG org.asynchttpclient.netty.handler.WebSocketHandler - 

Request DefaultFullHttpRequest(decodeResult: success, version: HTTP/1.1, content: EmptyByteBufBE)
GET /devtools/browser/bc238f19-ab28-49a9-9f14-e5abec19ba3d HTTP/1.1
upgrade: websocket
connection: upgrade
sec-websocket-key: tLIoKxPJBKWMlgl5BZBJPw==
sec-websocket-version: 13
origin: http://localhost:57411
host: localhost:57411
accept: */*
user-agent: AHC/2.1

Response DefaultHttpResponse(decodeResult: success, version: HTTP/1.1)
HTTP/1.1 101 WebSocket Protocol Handshake
Upgrade: WebSocket
Connection: Upgrade
Sec-WebSocket-Accept: cUPZy/3anNXLXSMqV22B5kKgpXw=

01:50:39.035 [Forwarding get on session 09848fee89ad043f3e1f55932b835337 to remote] DEBUG org.asynchttpclient.netty.request.NettyRequestSender - Using pooled Channel '[id: 0x6caca889, L:/127.0.0.1:57410 - R:localhost/127.0.0.1:56653]' for 'POST' to 'http://localhost:56653/session/09848fee89ad043f3e1f55932b835337/url'
01:50:39.036 [Forwarding get on session 09848fee89ad043f3e1f55932b835337 to remote] DEBUG org.asynchttpclient.netty.request.NettyRequestSender - Using open Channel [id: 0x6caca889, L:/127.0.0.1:57410 - R:localhost/127.0.0.1:56653] for POST '/session/09848fee89ad043f3e1f55932b835337/url'
01:50:39.373 [AsyncHttpClient-1-1] DEBUG org.asynchttpclient.netty.channel.DefaultChannelPool - Entry count for : http://localhost:57411 : 1
01:50:40.476 [AsyncHttpClient-1-1] DEBUG org.asynchttpclient.netty.channel.DefaultChannelPool - Entry count for : http://localhost:57411 : 1
01:50:41.199 [AsyncHttpClient-1-4] DEBUG org.asynchttpclient.netty.handler.HttpHandler - 

Request DefaultHttpRequest(decodeResult: success, version: HTTP/1.1)
POST /session/09848fee89ad043f3e1f55932b835337/url HTTP/1.1
User-Agent: selenium/4.1.2 (java windows)
Content-Length: 67
Content-Type: application/json; charset=utf-8
host: localhost:56653
accept: */*

Response DefaultHttpResponse(decodeResult: success, version: HTTP/1.1)
HTTP/1.1 200 OK
Content-Type: application/json; charset=utf-8
cache-control: no-cache
content-length: 14

01:50:41.199 [AsyncHttpClient-1-4] DEBUG org.asynchttpclient.netty.channel.ChannelManager - Adding key: http://localhost:56653 for channel [id: 0x6caca889, L:/127.0.0.1:57410 - R:localhost/127.0.0.1:56653]
01:50:41.202 [Forwarding setTimeout on session 09848fee89ad043f3e1f55932b835337 to remote] DEBUG org.asynchttpclient.netty.request.NettyRequestSender - Using pooled Channel '[id: 0x6caca889, L:/127.0.0.1:57410 - R:localhost/127.0.0.1:56653]' for 'POST' to 'http://localhost:56653/session/09848fee89ad043f3e1f55932b835337/timeouts'
01:50:41.202 [Forwarding setTimeout on session 09848fee89ad043f3e1f55932b835337 to remote] DEBUG org.asynchttpclient.netty.request.NettyRequestSender - Using open Channel [id: 0x6caca889, L:/127.0.0.1:57410 - R:localhost/127.0.0.1:56653] for POST '/session/09848fee89ad043f3e1f55932b835337/timeouts'
01:50:41.204 [AsyncHttpClient-1-4] DEBUG org.asynchttpclient.netty.handler.HttpHandler - 

Request DefaultHttpRequest(decodeResult: success, version: HTTP/1.1)
POST /session/09848fee89ad043f3e1f55932b835337/timeouts HTTP/1.1
User-Agent: selenium/4.1.2 (java windows)
Content-Length: 22
Content-Type: application/json; charset=utf-8
host: localhost:56653
accept: */*

Response DefaultHttpResponse(decodeResult: success, version: HTTP/1.1)
HTTP/1.1 200 OK
Content-Type: application/json; charset=utf-8
cache-control: no-cache
content-length: 14

01:50:41.205 [AsyncHttpClient-1-4] DEBUG org.asynchttpclient.netty.channel.ChannelManager - Adding key: http://localhost:56653 for channel [id: 0x6caca889, L:/127.0.0.1:57410 - R:localhost/127.0.0.1:56653]
01:50:41.211 [Forwarding getCurrentUrl on session 09848fee89ad043f3e1f55932b835337 to remote] DEBUG org.asynchttpclient.netty.request.NettyRequestSender - Using pooled Channel '[id: 0x6caca889, L:/127.0.0.1:57410 - R:localhost/127.0.0.1:56653]' for 'GET' to 'http://localhost:56653/session/09848fee89ad043f3e1f55932b835337/url'
01:50:41.211 [Forwarding getCurrentUrl on session 09848fee89ad043f3e1f55932b835337 to remote] DEBUG org.asynchttpclient.netty.request.NettyRequestSender - Using open Channel [id: 0x6caca889, L:/127.0.0.1:57410 - R:localhost/127.0.0.1:56653] for GET '/session/09848fee89ad043f3e1f55932b835337/url'
01:50:41.227 [AsyncHttpClient-1-4] DEBUG org.asynchttpclient.netty.handler.HttpHandler - 

Request DefaultFullHttpRequest(decodeResult: success, version: HTTP/1.1, content: EmptyByteBufBE)
GET /session/09848fee89ad043f3e1f55932b835337/url HTTP/1.1
User-Agent: selenium/4.1.2 (java windows)
Cache-Control: no-cache
Content-Type: application/json; charset=utf-8
host: localhost:56653
accept: */*

Response DefaultHttpResponse(decodeResult: success, version: HTTP/1.1)
HTTP/1.1 200 OK
Content-Type: application/json; charset=utf-8
cache-control: no-cache
content-length: 44

01:50:41.227 [AsyncHttpClient-1-4] DEBUG org.asynchttpclient.netty.channel.ChannelManager - Adding key: http://localhost:56653 for channel [id: 0x6caca889, L:/127.0.0.1:57410 - R:localhost/127.0.0.1:56653]
01:50:41.236 [main] DEBUG net.serenitybdd.core.photography.Darkroom - Opening darkroom
01:50:41.238 [Forwarding screenshot on session 09848fee89ad043f3e1f55932b835337 to remote] DEBUG org.asynchttpclient.netty.request.NettyRequestSender - Using pooled Channel '[id: 0x6caca889, L:/127.0.0.1:57410 - R:localhost/127.0.0.1:56653]' for 'GET' to 'http://localhost:56653/session/09848fee89ad043f3e1f55932b835337/screenshot'
01:50:41.239 [Forwarding screenshot on session 09848fee89ad043f3e1f55932b835337 to remote] DEBUG org.asynchttpclient.netty.request.NettyRequestSender - Using open Channel [id: 0x6caca889, L:/127.0.0.1:57410 - R:localhost/127.0.0.1:56653] for GET '/session/09848fee89ad043f3e1f55932b835337/screenshot'
01:50:41.240 [Darkroom Processing Line] DEBUG net.serenitybdd.core.photography.DarkroomProcessingLine - Darkroom processing line starting up
01:50:41.572 [AsyncHttpClient-1-4] DEBUG org.asynchttpclient.netty.handler.HttpHandler - 

Request DefaultFullHttpRequest(decodeResult: success, version: HTTP/1.1, content: EmptyByteBufBE)
GET /session/09848fee89ad043f3e1f55932b835337/screenshot HTTP/1.1
User-Agent: selenium/4.1.2 (java windows)
Cache-Control: no-cache
Content-Type: application/json; charset=utf-8
host: localhost:56653
accept: */*

Response DefaultHttpResponse(decodeResult: success, version: HTTP/1.1)
HTTP/1.1 200 OK
Content-Type: application/json; charset=utf-8
cache-control: no-cache
content-length: 44716

01:50:41.573 [AsyncHttpClient-1-4] DEBUG org.asynchttpclient.netty.channel.ChannelManager - Adding key: http://localhost:56653 for channel [id: 0x6caca889, L:/127.0.0.1:57410 - R:localhost/127.0.0.1:56653]
01:50:41.575 [main] DEBUG net.serenitybdd.core.photography.Darkroom - Send negative for processing for target\site\serenity\33ddfa6718aa2f09fc0e18bea197612047bccd0f362db96346f936c9007dfd9e.png
01:50:41.576 [main] DEBUG net.thucydides.core.steps.StepInterceptor - STEP DONE: onRegisterPage
  &amp#27;[32mGiven &amp#27;[0m&amp#27;[32m&amp#27;[0m&amp#27;[32m&amp#27;[1mI&amp#27;[0m&amp#27;[32m am at register page&amp#27;[0m                      &amp#27;[90m# stepdefinitions.ARegisterStep.iAmAtRegisterPage(java.lang.String)&amp#27;[0m
01:50:41.577 [Darkroom Processing Line] DEBUG net.serenitybdd.core.photography.DarkroomProcessingLine - Processing screenshot image in /var/screenshots/screenshot-11941198974447418955
01:50:41.577 [Darkroom Processing Line] DEBUG net.serenitybdd.core.photography.DarkroomProcessingLine - Saving screenshot to target\site\serenity\33ddfa6718aa2f09fc0e18bea197612047bccd0f362db96346f936c9007dfd9e.png
01:50:41.583 [AsyncHttpClient-1-1] DEBUG org.asynchttpclient.netty.channel.DefaultChannelPool - Entry count for : http://localhost:56653 : 1
01:50:41.583 [AsyncHttpClient-1-1] DEBUG org.asynchttpclient.netty.channel.DefaultChannelPool - Entry count for : http://localhost:57411 : 1
01:50:41.603 [main] DEBUG net.thucydides.core.steps.StepInterceptor - STARTING STEP: ARegisterStep.iTypeFullname - typeFullname
01:50:41.606 [Forwarding findElement on session 09848fee89ad043f3e1f55932b835337 to remote] DEBUG org.asynchttpclient.netty.request.NettyRequestSender - Using pooled Channel '[id: 0x6caca889, L:/127.0.0.1:57410 - R:localhost/127.0.0.1:56653]' for 'POST' to 'http://localhost:56653/session/09848fee89ad043f3e1f55932b835337/element'
01:50:41.606 [Forwarding findElement on session 09848fee89ad043f3e1f55932b835337 to remote] DEBUG org.asynchttpclient.netty.request.NettyRequestSender - Using open Channel [id: 0x6caca889, L:/127.0.0.1:57410 - R:localhost/127.0.0.1:56653] for POST '/session/09848fee89ad043f3e1f55932b835337/element'
01:50:41.626 [AsyncHttpClient-1-4] DEBUG org.asynchttpclient.netty.handler.HttpHandler - 

Request DefaultHttpRequest(decodeResult: success, version: HTTP/1.1)
POST /session/09848fee89ad043f3e1f55932b835337/element HTTP/1.1
User-Agent: selenium/4.1.2 (java windows)
Content-Length: 91
Content-Type: application/json; charset=utf-8
host: localhost:56653
accept: */*

Response DefaultHttpResponse(decodeResult: success, version: HTTP/1.1)
HTTP/1.1 200 OK
Content-Type: application/json; charset=utf-8
cache-control: no-cache
content-length: 88

01:50:41.627 [AsyncHttpClient-1-4] DEBUG org.asynchttpclient.netty.channel.ChannelManager - Adding key: http://localhost:56653 for channel [id: 0x6caca889, L:/127.0.0.1:57410 - R:localhost/127.0.0.1:56653]
01:50:41.631 [Forwarding sendKeysToElement on session 09848fee89ad043f3e1f55932b835337 to remote] DEBUG org.asynchttpclient.netty.request.NettyRequestSender - Using pooled Channel '[id: 0x6caca889, L:/127.0.0.1:57410 - R:localhost/127.0.0.1:56653]' for 'POST' to 'http://localhost:56653/session/09848fee89ad043f3e1f55932b835337/element/9aa89df7-2f4e-460c-9a88-177d184d2259/value'
01:50:41.631 [Forwarding sendKeysToElement on session 09848fee89ad043f3e1f55932b835337 to remote] DEBUG org.asynchttpclient.netty.request.NettyRequestSender - Using open Channel [id: 0x6caca889, L:/127.0.0.1:57410 - R:localhost/127.0.0.1:56653] for POST '/session/09848fee89ad043f3e1f55932b835337/element/9aa89df7-2f4e-460c-9a88-177d184d2259/value'
01:50:41.888 [AsyncHttpClient-1-4] DEBUG org.asynchttpclient.netty.handler.HttpHandler - 

Request DefaultHttpRequest(decodeResult: success, version: HTTP/1.1)
POST /session/09848fee89ad043f3e1f55932b835337/element/9aa89df7-2f4e-460c-9a88-177d184d2259/value HTTP/1.1
User-Agent: selenium/4.1.2 (java windows)
Content-Length: 211
Content-Type: application/json; charset=utf-8
host: localhost:56653
accept: */*

Response DefaultHttpResponse(decodeResult: success, version: HTTP/1.1)
HTTP/1.1 200 OK
Content-Type: application/json; charset=utf-8
cache-control: no-cache
content-length: 14

01:50:41.889 [AsyncHttpClient-1-4] DEBUG org.asynchttpclient.netty.channel.ChannelManager - Adding key: http://localhost:56653 for channel [id: 0x6caca889, L:/127.0.0.1:57410 - R:localhost/127.0.0.1:56653]
01:50:41.898 [Forwarding screenshot on session 09848fee89ad043f3e1f55932b835337 to remote] DEBUG org.asynchttpclient.netty.request.NettyRequestSender - Using pooled Channel '[id: 0x6caca889, L:/127.0.0.1:57410 - R:localhost/127.0.0.1:56653]' for 'GET' to 'http://localhost:56653/session/09848fee89ad043f3e1f55932b835337/screenshot'
01:50:41.898 [Forwarding screenshot on session 09848fee89ad043f3e1f55932b835337 to remote] DEBUG org.asynchttpclient.netty.request.NettyRequestSender - Using open Channel [id: 0x6caca889, L:/127.0.0.1:57410 - R:localhost/127.0.0.1:56653] for GET '/session/09848fee89ad043f3e1f55932b835337/screenshot'
01:50:42.185 [AsyncHttpClient-1-4] DEBUG org.asynchttpclient.netty.handler.HttpHandler - 

Request DefaultFullHttpRequest(decodeResult: success, version: HTTP/1.1, content: EmptyByteBufBE)
GET /session/09848fee89ad043f3e1f55932b835337/screenshot HTTP/1.1
User-Agent: selenium/4.1.2 (java windows)
Cache-Control: no-cache
Content-Type: application/json; charset=utf-8
host: localhost:56653
accept: */*

Response DefaultHttpResponse(decodeResult: success, version: HTTP/1.1)
HTTP/1.1 200 OK
Content-Type: application/json; charset=utf-8
cache-control: no-cache
content-length: 47936

01:50:42.185 [AsyncHttpClient-1-4] DEBUG org.asynchttpclient.netty.channel.ChannelManager - Adding key: http://localhost:56653 for channel [id: 0x6caca889, L:/127.0.0.1:57410 - R:localhost/127.0.0.1:56653]
01:50:42.188 [main] DEBUG net.serenitybdd.core.photography.Darkroom - Send negative for processing for target\site\serenity\45c75ad5765540e78b96e6968042eb8395ce9d253e94f91b106e15fe90f8b9e7.png
01:50:42.188 [main] DEBUG net.thucydides.core.steps.StepInterceptor - STEP DONE: typeFullname
  &amp#27;[32mWhen &amp#27;[0m&amp#27;[32mI type fullname &amp#27;[0m&amp#27;[32m&amp#27;[1mMei Apriliani&amp#27;[0m               &amp#27;[90m# stepdefinitions.ARegisterStep.iTypeFullname(java.lang.String)&amp#27;[0m
01:50:42.189 [Darkroom Processing Line] DEBUG net.serenitybdd.core.photography.DarkroomProcessingLine - Processing screenshot image in /var/screenshots/screenshot-2189550662971170450
01:50:42.189 [Darkroom Processing Line] DEBUG net.serenitybdd.core.photography.DarkroomProcessingLine - Saving screenshot to target\site\serenity\45c75ad5765540e78b96e6968042eb8395ce9d253e94f91b106e15fe90f8b9e7.png
01:50:42.670 [Forwarding screenshot on session 09848fee89ad043f3e1f55932b835337 to remote] DEBUG org.asynchttpclient.netty.request.NettyRequestSender - Using pooled Channel '[id: 0x6caca889, L:/127.0.0.1:57410 - R:localhost/127.0.0.1:56653]' for 'GET' to 'http://localhost:56653/session/09848fee89ad043f3e1f55932b835337/screenshot'
01:50:42.670 [Forwarding screenshot on session 09848fee89ad043f3e1f55932b835337 to remote] DEBUG org.asynchttpclient.netty.request.NettyRequestSender - Using open Channel [id: 0x6caca889, L:/127.0.0.1:57410 - R:localhost/127.0.0.1:56653] for GET '/session/09848fee89ad043f3e1f55932b835337/screenshot'
01:50:42.676 [AsyncHttpClient-1-1] DEBUG org.asynchttpclient.netty.channel.DefaultChannelPool - Entry count for : http://localhost:57411 : 1
01:50:42.852 [AsyncHttpClient-1-4] DEBUG org.asynchttpclient.netty.handler.HttpHandler - 

Request DefaultFullHttpRequest(decodeResult: success, version: HTTP/1.1, content: EmptyByteBufBE)
GET /session/09848fee89ad043f3e1f55932b835337/screenshot HTTP/1.1
User-Agent: selenium/4.1.2 (java windows)
Cache-Control: no-cache
Content-Type: application/json; charset=utf-8
host: localhost:56653
accept: */*

Response DefaultHttpResponse(decodeResult: success, version: HTTP/1.1)
HTTP/1.1 200 OK
Content-Type: application/json; charset=utf-8
cache-control: no-cache
content-length: 46952

01:50:42.853 [AsyncHttpClient-1-4] DEBUG org.asynchttpclient.netty.channel.ChannelManager - Adding key: http://localhost:56653 for channel [id: 0x6caca889, L:/127.0.0.1:57410 - R:localhost/127.0.0.1:56653]
01:50:42.856 [main] DEBUG net.serenitybdd.core.photography.Darkroom - Send negative for processing for target\site\serenity\5a0d77f8332dbf9b73177121776d831634f71c1d7d861b15c837e2d38e6ce87f.png
01:50:42.857 [main] DEBUG net.thucydides.core.steps.StepInterceptor - STARTING STEP: ARegisterStep.iTypeEmail - typeEmail
01:50:42.857 [Darkroom Processing Line] DEBUG net.serenitybdd.core.photography.DarkroomProcessingLine - Processing screenshot image in /var/screenshots/screenshot-4880624255694077015
01:50:42.857 [Darkroom Processing Line] DEBUG net.serenitybdd.core.photography.DarkroomProcessingLine - Saving screenshot to target\site\serenity\5a0d77f8332dbf9b73177121776d831634f71c1d7d861b15c837e2d38e6ce87f.png
01:50:42.861 [Forwarding findElement on session 09848fee89ad043f3e1f55932b835337 to remote] DEBUG org.asynchttpclient.netty.request.NettyRequestSender - Using pooled Channel '[id: 0x6caca889, L:/127.0.0.1:57410 - R:localhost/127.0.0.1:56653]' for 'POST' to 'http://localhost:56653/session/09848fee89ad043f3e1f55932b835337/element'
01:50:42.861 [Forwarding findElement on session 09848fee89ad043f3e1f55932b835337 to remote] DEBUG org.asynchttpclient.netty.request.NettyRequestSender - Using open Channel [id: 0x6caca889, L:/127.0.0.1:57410 - R:localhost/127.0.0.1:56653] for POST '/session/09848fee89ad043f3e1f55932b835337/element'
01:50:42.878 [AsyncHttpClient-1-4] DEBUG org.asynchttpclient.netty.handler.HttpHandler - 

Request DefaultHttpRequest(decodeResult: success, version: HTTP/1.1)
POST /session/09848fee89ad043f3e1f55932b835337/element HTTP/1.1
User-Agent: selenium/4.1.2 (java windows)
Content-Length: 84
Content-Type: application/json; charset=utf-8
host: localhost:56653
accept: */*

Response DefaultHttpResponse(decodeResult: success, version: HTTP/1.1)
HTTP/1.1 200 OK
Content-Type: application/json; charset=utf-8
cache-control: no-cache
content-length: 88

01:50:42.878 [AsyncHttpClient-1-4] DEBUG org.asynchttpclient.netty.channel.ChannelManager - Adding key: http://localhost:56653 for channel [id: 0x6caca889, L:/127.0.0.1:57410 - R:localhost/127.0.0.1:56653]
01:50:42.880 [Forwarding sendKeysToElement on session 09848fee89ad043f3e1f55932b835337 to remote] DEBUG org.asynchttpclient.netty.request.NettyRequestSender - Using pooled Channel '[id: 0x6caca889, L:/127.0.0.1:57410 - R:localhost/127.0.0.1:56653]' for 'POST' to 'http://localhost:56653/session/09848fee89ad043f3e1f55932b835337/element/960ebc73-a556-4708-9c8a-5f51d1c4e2d3/value'
01:50:42.880 [Forwarding sendKeysToElement on session 09848fee89ad043f3e1f55932b835337 to remote] DEBUG org.asynchttpclient.netty.request.NettyRequestSender - Using open Channel [id: 0x6caca889, L:/127.0.0.1:57410 - R:localhost/127.0.0.1:56653] for POST '/session/09848fee89ad043f3e1f55932b835337/element/960ebc73-a556-4708-9c8a-5f51d1c4e2d3/value'
01:50:43.162 [AsyncHttpClient-1-4] DEBUG org.asynchttpclient.netty.handler.HttpHandler - 

Request DefaultHttpRequest(decodeResult: success, version: HTTP/1.1)
POST /session/09848fee89ad043f3e1f55932b835337/element/960ebc73-a556-4708-9c8a-5f51d1c4e2d3/value HTTP/1.1
User-Agent: selenium/4.1.2 (java windows)
Content-Length: 321
Content-Type: application/json; charset=utf-8
host: localhost:56653
accept: */*

Response DefaultHttpResponse(decodeResult: success, version: HTTP/1.1)
HTTP/1.1 200 OK
Content-Type: application/json; charset=utf-8
cache-control: no-cache
content-length: 14

01:50:43.163 [AsyncHttpClient-1-4] DEBUG org.asynchttpclient.netty.channel.ChannelManager - Adding key: http://localhost:56653 for channel [id: 0x6caca889, L:/127.0.0.1:57410 - R:localhost/127.0.0.1:56653]
01:50:43.172 [Forwarding screenshot on session 09848fee89ad043f3e1f55932b835337 to remote] DEBUG org.asynchttpclient.netty.request.NettyRequestSender - Using pooled Channel '[id: 0x6caca889, L:/127.0.0.1:57410 - R:localhost/127.0.0.1:56653]' for 'GET' to 'http://localhost:56653/session/09848fee89ad043f3e1f55932b835337/screenshot'
01:50:43.172 [Forwarding screenshot on session 09848fee89ad043f3e1f55932b835337 to remote] DEBUG org.asynchttpclient.netty.request.NettyRequestSender - Using open Channel [id: 0x6caca889, L:/127.0.0.1:57410 - R:localhost/127.0.0.1:56653] for GET '/session/09848fee89ad043f3e1f55932b835337/screenshot'
01:50:43.381 [AsyncHttpClient-1-4] DEBUG org.asynchttpclient.netty.handler.HttpHandler - 

Request DefaultFullHttpRequest(decodeResult: success, version: HTTP/1.1, content: EmptyByteBufBE)
GET /session/09848fee89ad043f3e1f55932b835337/screenshot HTTP/1.1
User-Agent: selenium/4.1.2 (java windows)
Cache-Control: no-cache
Content-Type: application/json; charset=utf-8
host: localhost:56653
accept: */*

Response DefaultHttpResponse(decodeResult: success, version: HTTP/1.1)
HTTP/1.1 200 OK
Content-Type: application/json; charset=utf-8
cache-control: no-cache
content-length: 57112

01:50:43.383 [AsyncHttpClient-1-4] DEBUG org.asynchttpclient.netty.channel.ChannelManager - Adding key: http://localhost:56653 for channel [id: 0x6caca889, L:/127.0.0.1:57410 - R:localhost/127.0.0.1:56653]
01:50:43.393 [main] DEBUG net.serenitybdd.core.photography.Darkroom - Send negative for processing for target\site\serenity\e7a5f1592b0ab2e006b4962586f8f5115913d6218ea2d23bc99a590969b1422a.png
01:50:43.393 [main] DEBUG net.thucydides.core.steps.StepInterceptor - STEP DONE: typeEmail
  &amp#27;[32mAnd &amp#27;[0m&amp#27;[32mI type email&amp#27;[0m                                 &amp#27;[90m# stepdefinitions.ARegisterStep.iTypeEmail()&amp#27;[0m
01:50:43.394 [Darkroom Processing Line] DEBUG net.serenitybdd.core.photography.DarkroomProcessingLine - Processing screenshot image in /var/screenshots/screenshot-12519526049164604940
01:50:43.394 [Darkroom Processing Line] DEBUG net.serenitybdd.core.photography.DarkroomProcessingLine - Saving screenshot to target\site\serenity\e7a5f1592b0ab2e006b4962586f8f5115913d6218ea2d23bc99a590969b1422a.png
01:50:43.422 [main] DEBUG net.thucydides.core.steps.StepInterceptor - STARTING STEP: ARegisterStep.iTypePassword - typePassword
01:50:43.426 [Forwarding findElement on session 09848fee89ad043f3e1f55932b835337 to remote] DEBUG org.asynchttpclient.netty.request.NettyRequestSender - Using pooled Channel '[id: 0x6caca889, L:/127.0.0.1:57410 - R:localhost/127.0.0.1:56653]' for 'POST' to 'http://localhost:56653/session/09848fee89ad043f3e1f55932b835337/element'
01:50:43.426 [Forwarding findElement on session 09848fee89ad043f3e1f55932b835337 to remote] DEBUG org.asynchttpclient.netty.request.NettyRequestSender - Using open Channel [id: 0x6caca889, L:/127.0.0.1:57410 - R:localhost/127.0.0.1:56653] for POST '/session/09848fee89ad043f3e1f55932b835337/element'
01:50:43.451 [AsyncHttpClient-1-4] DEBUG org.asynchttpclient.netty.handler.HttpHandler - 

Request DefaultHttpRequest(decodeResult: success, version: HTTP/1.1)
POST /session/09848fee89ad043f3e1f55932b835337/element HTTP/1.1
User-Agent: selenium/4.1.2 (java windows)
Content-Length: 87
Content-Type: application/json; charset=utf-8
host: localhost:56653
accept: */*

Response DefaultHttpResponse(decodeResult: success, version: HTTP/1.1)
HTTP/1.1 200 OK
Content-Type: application/json; charset=utf-8
cache-control: no-cache
content-length: 88

01:50:43.452 [AsyncHttpClient-1-4] DEBUG org.asynchttpclient.netty.channel.ChannelManager - Adding key: http://localhost:56653 for channel [id: 0x6caca889, L:/127.0.0.1:57410 - R:localhost/127.0.0.1:56653]
01:50:43.456 [Forwarding sendKeysToElement on session 09848fee89ad043f3e1f55932b835337 to remote] DEBUG org.asynchttpclient.netty.request.NettyRequestSender - Using pooled Channel '[id: 0x6caca889, L:/127.0.0.1:57410 - R:localhost/127.0.0.1:56653]' for 'POST' to 'http://localhost:56653/session/09848fee89ad043f3e1f55932b835337/element/47fed1be-cae8-446f-92f5-57185c4d6507/value'
01:50:43.456 [Forwarding sendKeysToElement on session 09848fee89ad043f3e1f55932b835337 to remote] DEBUG org.asynchttpclient.netty.request.NettyRequestSender - Using open Channel [id: 0x6caca889, L:/127.0.0.1:57410 - R:localhost/127.0.0.1:56653] for POST '/session/09848fee89ad043f3e1f55932b835337/element/47fed1be-cae8-446f-92f5-57185c4d6507/value'
01:50:43.598 [AsyncHttpClient-1-4] DEBUG org.asynchttpclient.netty.handler.HttpHandler - 

Request DefaultHttpRequest(decodeResult: success, version: HTTP/1.1)
POST /session/09848fee89ad043f3e1f55932b835337/element/47fed1be-cae8-446f-92f5-57185c4d6507/value HTTP/1.1
User-Agent: selenium/4.1.2 (java windows)
Content-Length: 131
Content-Type: application/json; charset=utf-8
host: localhost:56653
accept: */*

Response DefaultHttpResponse(decodeResult: success, version: HTTP/1.1)
HTTP/1.1 200 OK
Content-Type: application/json; charset=utf-8
cache-control: no-cache
content-length: 14

01:50:43.598 [AsyncHttpClient-1-4] DEBUG org.asynchttpclient.netty.channel.ChannelManager - Adding key: http://localhost:56653 for channel [id: 0x6caca889, L:/127.0.0.1:57410 - R:localhost/127.0.0.1:56653]
01:50:43.611 [Forwarding screenshot on session 09848fee89ad043f3e1f55932b835337 to remote] DEBUG org.asynchttpclient.netty.request.NettyRequestSender - Using pooled Channel '[id: 0x6caca889, L:/127.0.0.1:57410 - R:localhost/127.0.0.1:56653]' for 'GET' to 'http://localhost:56653/session/09848fee89ad043f3e1f55932b835337/screenshot'
01:50:43.611 [Forwarding screenshot on session 09848fee89ad043f3e1f55932b835337 to remote] DEBUG org.asynchttpclient.netty.request.NettyRequestSender - Using open Channel [id: 0x6caca889, L:/127.0.0.1:57410 - R:localhost/127.0.0.1:56653] for GET '/session/09848fee89ad043f3e1f55932b835337/screenshot'
01:50:43.773 [AsyncHttpClient-1-1] DEBUG org.asynchttpclient.netty.channel.DefaultChannelPool - Entry count for : http://localhost:57411 : 1
01:50:43.830 [AsyncHttpClient-1-4] DEBUG org.asynchttpclient.netty.handler.HttpHandler - 

Request DefaultFullHttpRequest(decodeResult: success, version: HTTP/1.1, content: EmptyByteBufBE)
GET /session/09848fee89ad043f3e1f55932b835337/screenshot HTTP/1.1
User-Agent: selenium/4.1.2 (java windows)
Cache-Control: no-cache
Content-Type: application/json; charset=utf-8
host: localhost:56653
accept: */*

Response DefaultHttpResponse(decodeResult: success, version: HTTP/1.1)
HTTP/1.1 200 OK
Content-Type: application/json; charset=utf-8
cache-control: no-cache
content-length: 58532

01:50:43.831 [AsyncHttpClient-1-4] DEBUG org.asynchttpclient.netty.channel.ChannelManager - Adding key: http://localhost:56653 for channel [id: 0x6caca889, L:/127.0.0.1:57410 - R:localhost/127.0.0.1:56653]
01:50:43.840 [main] DEBUG net.serenitybdd.core.photography.Darkroom - Send negative for processing for target\site\serenity\983771e65ed6ab8705237d8c11b5c5e5f913fb270681e39d3944e89e6d081959.png
01:50:43.841 [main] DEBUG net.thucydides.core.steps.StepInterceptor - STEP DONE: typePassword
  &amp#27;[32mAnd &amp#27;[0m&amp#27;[32mI type password &amp#27;[0m&amp#27;[32m&amp#27;[1maiueo&amp#27;[0m                        &amp#27;[90m# stepdefinitions.ARegisterStep.iTypePassword(java.lang.String)&amp#27;[0m
01:50:43.842 [Darkroom Processing Line] DEBUG net.serenitybdd.core.photography.DarkroomProcessingLine - Processing screenshot image in /var/screenshots/screenshot-7009752709177139192
01:50:43.842 [Darkroom Processing Line] DEBUG net.serenitybdd.core.photography.DarkroomProcessingLine - Saving screenshot to target\site\serenity\983771e65ed6ab8705237d8c11b5c5e5f913fb270681e39d3944e89e6d081959.png
01:50:43.877 [main] DEBUG net.thucydides.core.steps.StepInterceptor - STARTING STEP: ARegisterStep.iClickLoginButton - clickRegisterButton
01:50:43.885 [Forwarding findElement on session 09848fee89ad043f3e1f55932b835337 to remote] DEBUG org.asynchttpclient.netty.request.NettyRequestSender - Using pooled Channel '[id: 0x6caca889, L:/127.0.0.1:57410 - R:localhost/127.0.0.1:56653]' for 'POST' to 'http://localhost:56653/session/09848fee89ad043f3e1f55932b835337/element'
01:50:43.886 [Forwarding findElement on session 09848fee89ad043f3e1f55932b835337 to remote] DEBUG org.asynchttpclient.netty.request.NettyRequestSender - Using open Channel [id: 0x6caca889, L:/127.0.0.1:57410 - R:localhost/127.0.0.1:56653] for POST '/session/09848fee89ad043f3e1f55932b835337/element'
01:50:43.912 [AsyncHttpClient-1-4] DEBUG org.asynchttpclient.netty.handler.HttpHandler - 

Request DefaultHttpRequest(decodeResult: success, version: HTTP/1.1)
POST /session/09848fee89ad043f3e1f55932b835337/element HTTP/1.1
User-Agent: selenium/4.1.2 (java windows)
Content-Length: 155
Content-Type: application/json; charset=utf-8
host: localhost:56653
accept: */*

Response DefaultHttpResponse(decodeResult: success, version: HTTP/1.1)
HTTP/1.1 200 OK
Content-Type: application/json; charset=utf-8
cache-control: no-cache
content-length: 88

01:50:43.912 [AsyncHttpClient-1-4] DEBUG org.asynchttpclient.netty.channel.ChannelManager - Adding key: http://localhost:56653 for channel [id: 0x6caca889, L:/127.0.0.1:57410 - R:localhost/127.0.0.1:56653]
01:50:43.918 [Forwarding getElementTagName on session 09848fee89ad043f3e1f55932b835337 to remote] DEBUG org.asynchttpclient.netty.request.NettyRequestSender - Using pooled Channel '[id: 0x6caca889, L:/127.0.0.1:57410 - R:localhost/127.0.0.1:56653]' for 'GET' to 'http://localhost:56653/session/09848fee89ad043f3e1f55932b835337/element/3d4c669d-1d84-4797-9e00-daeea08dcbdb/name'
01:50:43.919 [Forwarding getElementTagName on session 09848fee89ad043f3e1f55932b835337 to remote] DEBUG org.asynchttpclient.netty.request.NettyRequestSender - Using open Channel [id: 0x6caca889, L:/127.0.0.1:57410 - R:localhost/127.0.0.1:56653] for GET '/session/09848fee89ad043f3e1f55932b835337/element/3d4c669d-1d84-4797-9e00-daeea08dcbdb/name'
01:50:43.928 [AsyncHttpClient-1-4] DEBUG org.asynchttpclient.netty.handler.HttpHandler - 

Request DefaultFullHttpRequest(decodeResult: success, version: HTTP/1.1, content: EmptyByteBufBE)
GET /session/09848fee89ad043f3e1f55932b835337/element/3d4c669d-1d84-4797-9e00-daeea08dcbdb/name HTTP/1.1
User-Agent: selenium/4.1.2 (java windows)
Cache-Control: no-cache
Content-Type: application/json; charset=utf-8
host: localhost:56653
accept: */*

Response DefaultHttpResponse(decodeResult: success, version: HTTP/1.1)
HTTP/1.1 200 OK
Content-Type: application/json; charset=utf-8
cache-control: no-cache
content-length: 18

01:50:43.928 [AsyncHttpClient-1-4] DEBUG org.asynchttpclient.netty.channel.ChannelManager - Adding key: http://localhost:56653 for channel [id: 0x6caca889, L:/127.0.0.1:57410 - R:localhost/127.0.0.1:56653]
01:50:43.932 [Forwarding getElementTagName on session 09848fee89ad043f3e1f55932b835337 to remote] DEBUG org.asynchttpclient.netty.request.NettyRequestSender - Using pooled Channel '[id: 0x6caca889, L:/127.0.0.1:57410 - R:localhost/127.0.0.1:56653]' for 'GET' to 'http://localhost:56653/session/09848fee89ad043f3e1f55932b835337/element/3d4c669d-1d84-4797-9e00-daeea08dcbdb/name'
01:50:43.932 [Forwarding getElementTagName on session 09848fee89ad043f3e1f55932b835337 to remote] DEBUG org.asynchttpclient.netty.request.NettyRequestSender - Using open Channel [id: 0x6caca889, L:/127.0.0.1:57410 - R:localhost/127.0.0.1:56653] for GET '/session/09848fee89ad043f3e1f55932b835337/element/3d4c669d-1d84-4797-9e00-daeea08dcbdb/name'
01:50:43.940 [AsyncHttpClient-1-4] DEBUG org.asynchttpclient.netty.handler.HttpHandler - 

Request DefaultFullHttpRequest(decodeResult: success, version: HTTP/1.1, content: EmptyByteBufBE)
GET /session/09848fee89ad043f3e1f55932b835337/element/3d4c669d-1d84-4797-9e00-daeea08dcbdb/name HTTP/1.1
User-Agent: selenium/4.1.2 (java windows)
Cache-Control: no-cache
Content-Type: application/json; charset=utf-8
host: localhost:56653
accept: */*

Response DefaultHttpResponse(decodeResult: success, version: HTTP/1.1)
HTTP/1.1 200 OK
Content-Type: application/json; charset=utf-8
cache-control: no-cache
content-length: 18

01:50:43.941 [AsyncHttpClient-1-4] DEBUG org.asynchttpclient.netty.channel.ChannelManager - Adding key: http://localhost:56653 for channel [id: 0x6caca889, L:/127.0.0.1:57410 - R:localhost/127.0.0.1:56653]
01:50:43.944 [Forwarding isElementEnabled on session 09848fee89ad043f3e1f55932b835337 to remote] DEBUG org.asynchttpclient.netty.request.NettyRequestSender - Using pooled Channel '[id: 0x6caca889, L:/127.0.0.1:57410 - R:localhost/127.0.0.1:56653]' for 'GET' to 'http://localhost:56653/session/09848fee89ad043f3e1f55932b835337/element/3d4c669d-1d84-4797-9e00-daeea08dcbdb/enabled'
01:50:43.944 [Forwarding isElementEnabled on session 09848fee89ad043f3e1f55932b835337 to remote] DEBUG org.asynchttpclient.netty.request.NettyRequestSender - Using open Channel [id: 0x6caca889, L:/127.0.0.1:57410 - R:localhost/127.0.0.1:56653] for GET '/session/09848fee89ad043f3e1f55932b835337/element/3d4c669d-1d84-4797-9e00-daeea08dcbdb/enabled'
01:50:43.960 [AsyncHttpClient-1-4] DEBUG org.asynchttpclient.netty.handler.HttpHandler - 

Request DefaultFullHttpRequest(decodeResult: success, version: HTTP/1.1, content: EmptyByteBufBE)
GET /session/09848fee89ad043f3e1f55932b835337/element/3d4c669d-1d84-4797-9e00-daeea08dcbdb/enabled HTTP/1.1
User-Agent: selenium/4.1.2 (java windows)
Cache-Control: no-cache
Content-Type: application/json; charset=utf-8
host: localhost:56653
accept: */*

Response DefaultHttpResponse(decodeResult: success, version: HTTP/1.1)
HTTP/1.1 200 OK
Content-Type: application/json; charset=utf-8
cache-control: no-cache
content-length: 14

01:50:43.960 [AsyncHttpClient-1-4] DEBUG org.asynchttpclient.netty.channel.ChannelManager - Adding key: http://localhost:56653 for channel [id: 0x6caca889, L:/127.0.0.1:57410 - R:localhost/127.0.0.1:56653]
01:50:43.963 [Forwarding isElementEnabled on session 09848fee89ad043f3e1f55932b835337 to remote] DEBUG org.asynchttpclient.netty.request.NettyRequestSender - Using pooled Channel '[id: 0x6caca889, L:/127.0.0.1:57410 - R:localhost/127.0.0.1:56653]' for 'GET' to 'http://localhost:56653/session/09848fee89ad043f3e1f55932b835337/element/3d4c669d-1d84-4797-9e00-daeea08dcbdb/enabled'
01:50:43.963 [Forwarding isElementEnabled on session 09848fee89ad043f3e1f55932b835337 to remote] DEBUG org.asynchttpclient.netty.request.NettyRequestSender - Using open Channel [id: 0x6caca889, L:/127.0.0.1:57410 - R:localhost/127.0.0.1:56653] for GET '/session/09848fee89ad043f3e1f55932b835337/element/3d4c669d-1d84-4797-9e00-daeea08dcbdb/enabled'
01:50:43.975 [AsyncHttpClient-1-4] DEBUG org.asynchttpclient.netty.handler.HttpHandler - 

Request DefaultFullHttpRequest(decodeResult: success, version: HTTP/1.1, content: EmptyByteBufBE)
GET /session/09848fee89ad043f3e1f55932b835337/element/3d4c669d-1d84-4797-9e00-daeea08dcbdb/enabled HTTP/1.1
User-Agent: selenium/4.1.2 (java windows)
Cache-Control: no-cache
Content-Type: application/json; charset=utf-8
host: localhost:56653
accept: */*

Response DefaultHttpResponse(decodeResult: success, version: HTTP/1.1)
HTTP/1.1 200 OK
Content-Type: application/json; charset=utf-8
cache-control: no-cache
content-length: 14

01:50:43.975 [AsyncHttpClient-1-4] DEBUG org.asynchttpclient.netty.channel.ChannelManager - Adding key: http://localhost:56653 for channel [id: 0x6caca889, L:/127.0.0.1:57410 - R:localhost/127.0.0.1:56653]
01:50:43.978 [Forwarding findElement on session 09848fee89ad043f3e1f55932b835337 to remote] DEBUG org.asynchttpclient.netty.request.NettyRequestSender - Using pooled Channel '[id: 0x6caca889, L:/127.0.0.1:57410 - R:localhost/127.0.0.1:56653]' for 'POST' to 'http://localhost:56653/session/09848fee89ad043f3e1f55932b835337/element'
01:50:43.978 [Forwarding findElement on session 09848fee89ad043f3e1f55932b835337 to remote] DEBUG org.asynchttpclient.netty.request.NettyRequestSender - Using open Channel [id: 0x6caca889, L:/127.0.0.1:57410 - R:localhost/127.0.0.1:56653] for POST '/session/09848fee89ad043f3e1f55932b835337/element'
01:50:43.990 [AsyncHttpClient-1-4] DEBUG org.asynchttpclient.netty.handler.HttpHandler - 

Request DefaultHttpRequest(decodeResult: success, version: HTTP/1.1)
POST /session/09848fee89ad043f3e1f55932b835337/element HTTP/1.1
User-Agent: selenium/4.1.2 (java windows)
Content-Length: 155
Content-Type: application/json; charset=utf-8
host: localhost:56653
accept: */*

Response DefaultHttpResponse(decodeResult: success, version: HTTP/1.1)
HTTP/1.1 200 OK
Content-Type: application/json; charset=utf-8
cache-control: no-cache
content-length: 88

01:50:43.990 [AsyncHttpClient-1-4] DEBUG org.asynchttpclient.netty.channel.ChannelManager - Adding key: http://localhost:56653 for channel [id: 0x6caca889, L:/127.0.0.1:57410 - R:localhost/127.0.0.1:56653]
01:50:43.993 [Forwarding clickElement on session 09848fee89ad043f3e1f55932b835337 to remote] DEBUG org.asynchttpclient.netty.request.NettyRequestSender - Using pooled Channel '[id: 0x6caca889, L:/127.0.0.1:57410 - R:localhost/127.0.0.1:56653]' for 'POST' to 'http://localhost:56653/session/09848fee89ad043f3e1f55932b835337/element/3d4c669d-1d84-4797-9e00-daeea08dcbdb/click'
01:50:43.993 [Forwarding clickElement on session 09848fee89ad043f3e1f55932b835337 to remote] DEBUG org.asynchttpclient.netty.request.NettyRequestSender - Using open Channel [id: 0x6caca889, L:/127.0.0.1:57410 - R:localhost/127.0.0.1:56653] for POST '/session/09848fee89ad043f3e1f55932b835337/element/3d4c669d-1d84-4797-9e00-daeea08dcbdb/click'
01:50:44.073 [AsyncHttpClient-1-4] DEBUG org.asynchttpclient.netty.handler.HttpHandler - 

Request DefaultHttpRequest(decodeResult: success, version: HTTP/1.1)
POST /session/09848fee89ad043f3e1f55932b835337/element/3d4c669d-1d84-4797-9e00-daeea08dcbdb/click HTTP/1.1
User-Agent: selenium/4.1.2 (java windows)
Content-Length: 50
Content-Type: application/json; charset=utf-8
host: localhost:56653
accept: */*

Response DefaultHttpResponse(decodeResult: success, version: HTTP/1.1)
HTTP/1.1 200 OK
Content-Type: application/json; charset=utf-8
cache-control: no-cache
content-length: 14

01:50:44.074 [AsyncHttpClient-1-4] DEBUG org.asynchttpclient.netty.channel.ChannelManager - Adding key: http://localhost:56653 for channel [id: 0x6caca889, L:/127.0.0.1:57410 - R:localhost/127.0.0.1:56653]
01:50:44.081 [Forwarding screenshot on session 09848fee89ad043f3e1f55932b835337 to remote] DEBUG org.asynchttpclient.netty.request.NettyRequestSender - Using pooled Channel '[id: 0x6caca889, L:/127.0.0.1:57410 - R:localhost/127.0.0.1:56653]' for 'GET' to 'http://localhost:56653/session/09848fee89ad043f3e1f55932b835337/screenshot'
01:50:44.081 [Forwarding screenshot on session 09848fee89ad043f3e1f55932b835337 to remote] DEBUG org.asynchttpclient.netty.request.NettyRequestSender - Using open Channel [id: 0x6caca889, L:/127.0.0.1:57410 - R:localhost/127.0.0.1:56653] for GET '/session/09848fee89ad043f3e1f55932b835337/screenshot'
01:50:44.459 [AsyncHttpClient-1-4] DEBUG org.asynchttpclient.netty.handler.HttpHandler - 

Request DefaultFullHttpRequest(decodeResult: success, version: HTTP/1.1, content: EmptyByteBufBE)
GET /session/09848fee89ad043f3e1f55932b835337/screenshot HTTP/1.1
User-Agent: selenium/4.1.2 (java windows)
Cache-Control: no-cache
Content-Type: application/json; charset=utf-8
host: localhost:56653
accept: */*

Response DefaultHttpResponse(decodeResult: success, version: HTTP/1.1)
HTTP/1.1 200 OK
Content-Type: application/json; charset=utf-8
cache-control: no-cache
content-length: 57876

01:50:44.460 [AsyncHttpClient-1-4] DEBUG org.asynchttpclient.netty.channel.ChannelManager - Adding key: http://localhost:56653 for channel [id: 0x6caca889, L:/127.0.0.1:57410 - R:localhost/127.0.0.1:56653]
01:50:44.463 [main] DEBUG net.serenitybdd.core.photography.Darkroom - Send negative for processing for target\site\serenity\655a47f12fbe62eb80c10a5627405ab437e118dadf233f775688114ce2fd3172.png
01:50:44.463 [main] DEBUG net.thucydides.core.steps.StepInterceptor - STEP DONE: clickRegisterButton
  &amp#27;[32mAnd &amp#27;[0m&amp#27;[32mI click Register button&amp#27;[0m                      &amp#27;[90m# stepdefinitions.ARegisterStep.iClickLoginButton()&amp#27;[0m
01:50:44.464 [Darkroom Processing Line] DEBUG net.serenitybdd.core.photography.DarkroomProcessingLine - Processing screenshot image in /var/screenshots/screenshot-14113343682615810176
01:50:44.464 [Darkroom Processing Line] DEBUG net.serenitybdd.core.photography.DarkroomProcessingLine - Saving screenshot to target\site\serenity\655a47f12fbe62eb80c10a5627405ab437e118dadf233f775688114ce2fd3172.png
01:50:44.496 [main] DEBUG net.thucydides.core.steps.StepInterceptor - STARTING STEP: ARegisterStep.iOnLoginPage - validateOnLoginPage
01:50:44.502 [Forwarding findElement on session 09848fee89ad043f3e1f55932b835337 to remote] DEBUG org.asynchttpclient.netty.request.NettyRequestSender - Using pooled Channel '[id: 0x6caca889, L:/127.0.0.1:57410 - R:localhost/127.0.0.1:56653]' for 'POST' to 'http://localhost:56653/session/09848fee89ad043f3e1f55932b835337/element'
01:50:44.502 [Forwarding findElement on session 09848fee89ad043f3e1f55932b835337 to remote] DEBUG org.asynchttpclient.netty.request.NettyRequestSender - Using open Channel [id: 0x6caca889, L:/127.0.0.1:57410 - R:localhost/127.0.0.1:56653] for POST '/session/09848fee89ad043f3e1f55932b835337/element'
01:50:44.522 [AsyncHttpClient-1-4] DEBUG org.asynchttpclient.netty.handler.HttpHandler - 

Request DefaultHttpRequest(decodeResult: success, version: HTTP/1.1)
POST /session/09848fee89ad043f3e1f55932b835337/element HTTP/1.1
User-Agent: selenium/4.1.2 (java windows)
Content-Length: 76
Content-Type: application/json; charset=utf-8
host: localhost:56653
accept: */*

Response DefaultHttpResponse(decodeResult: success, version: HTTP/1.1)
HTTP/1.1 200 OK
Content-Type: application/json; charset=utf-8
cache-control: no-cache
content-length: 88

01:50:44.522 [AsyncHttpClient-1-4] DEBUG org.asynchttpclient.netty.channel.ChannelManager - Adding key: http://localhost:56653 for channel [id: 0x6caca889, L:/127.0.0.1:57410 - R:localhost/127.0.0.1:56653]
01:50:44.528 [Forwarding isElementDisplayed on session 09848fee89ad043f3e1f55932b835337 to remote] DEBUG org.asynchttpclient.netty.request.NettyRequestSender - Using pooled Channel '[id: 0x6caca889, L:/127.0.0.1:57410 - R:localhost/127.0.0.1:56653]' for 'POST' to 'http://localhost:56653/session/09848fee89ad043f3e1f55932b835337/execute/sync'
01:50:44.528 [Forwarding isElementDisplayed on session 09848fee89ad043f3e1f55932b835337 to remote] DEBUG org.asynchttpclient.netty.request.NettyRequestSender - Using open Channel [id: 0x6caca889, L:/127.0.0.1:57410 - R:localhost/127.0.0.1:56653] for POST '/session/09848fee89ad043f3e1f55932b835337/execute/sync'
01:50:44.554 [AsyncHttpClient-1-4] DEBUG org.asynchttpclient.netty.handler.HttpHandler - 

Request DefaultHttpRequest(decodeResult: success, version: HTTP/1.1)
POST /session/09848fee89ad043f3e1f55932b835337/execute/sync HTTP/1.1
User-Agent: selenium/4.1.2 (java windows)
Content-Length: 48780
Content-Type: application/json; charset=utf-8
host: localhost:56653
accept: */*

Response DefaultHttpResponse(decodeResult: success, version: HTTP/1.1)
HTTP/1.1 200 OK
Content-Type: application/json; charset=utf-8
cache-control: no-cache
content-length: 14

01:50:44.555 [AsyncHttpClient-1-4] DEBUG org.asynchttpclient.netty.channel.ChannelManager - Adding key: http://localhost:56653 for channel [id: 0x6caca889, L:/127.0.0.1:57410 - R:localhost/127.0.0.1:56653]
01:50:44.562 [Forwarding screenshot on session 09848fee89ad043f3e1f55932b835337 to remote] DEBUG org.asynchttpclient.netty.request.NettyRequestSender - Using pooled Channel '[id: 0x6caca889, L:/127.0.0.1:57410 - R:localhost/127.0.0.1:56653]' for 'GET' to 'http://localhost:56653/session/09848fee89ad043f3e1f55932b835337/screenshot'
01:50:44.562 [Forwarding screenshot on session 09848fee89ad043f3e1f55932b835337 to remote] DEBUG org.asynchttpclient.netty.request.NettyRequestSender - Using open Channel [id: 0x6caca889, L:/127.0.0.1:57410 - R:localhost/127.0.0.1:56653] for GET '/session/09848fee89ad043f3e1f55932b835337/screenshot'
01:50:44.803 [AsyncHttpClient-1-4] DEBUG org.asynchttpclient.netty.handler.HttpHandler - 

Request DefaultFullHttpRequest(decodeResult: success, version: HTTP/1.1, content: EmptyByteBufBE)
GET /session/09848fee89ad043f3e1f55932b835337/screenshot HTTP/1.1
User-Agent: selenium/4.1.2 (java windows)
Cache-Control: no-cache
Content-Type: application/json; charset=utf-8
host: localhost:56653
accept: */*

Response DefaultHttpResponse(decodeResult: success, version: HTTP/1.1)
HTTP/1.1 200 OK
Content-Type: application/json; charset=utf-8
cache-control: no-cache
content-length: 56396

01:50:44.804 [AsyncHttpClient-1-4] DEBUG org.asynchttpclient.netty.channel.ChannelManager - Adding key: http://localhost:56653 for channel [id: 0x6caca889, L:/127.0.0.1:57410 - R:localhost/127.0.0.1:56653]
01:50:44.807 [main] DEBUG net.serenitybdd.core.photography.Darkroom - Send negative for processing for target\site\serenity\665e9568a62f75cbdd70c364577a1a6835c84845d7700e70ba3bf47df863603d.png
01:50:44.808 [main] DEBUG net.thucydides.core.steps.StepInterceptor - STEP DONE: validateOnLoginPage
  &amp#27;[32mThen &amp#27;[0m&amp#27;[32mI on Login Page&amp#27;[0m                             &amp#27;[90m# stepdefinitions.ARegisterStep.iOnLoginPage()&amp#27;[0m
01:50:44.808 [Darkroom Processing Line] DEBUG net.serenitybdd.core.photography.DarkroomProcessingLine - Processing screenshot image in /var/screenshots/screenshot-11163377340959221041
01:50:44.808 [Darkroom Processing Line] DEBUG net.serenitybdd.core.photography.DarkroomProcessingLine - Saving screenshot to target\site\serenity\665e9568a62f75cbdd70c364577a1a6835c84845d7700e70ba3bf47df863603d.png
01:50:44.820 [main] INFO  - 
  _____   ___   ___   _____     ___     _     ___   ___   ___   ___  
 |_   _| | __| / __| |_   _|   | _ \   /_\   / __| / __| | __| |   \ 
   | |   | _|  \__ \   | |     |  _/  / _ \  \__ \ \__ \ | _|  | |) |
   |_|   |___| |___/   |_|     |_|   /_/ \_\ |___/ |___/ |___| |___/ 

As a user, i have able to create account
----------------------------------------------------------------------
01:50:44.822 [AsyncHttpClient-1-6] DEBUG org.asynchttpclient.netty.handler.WebSocketHandler - Channel Closed: [id: 0x544ea409, L:/127.0.0.1:57420 ! R:localhost/127.0.0.1:57411] with attribute NettyResponseFuture{currentRetry=5,
	isDone=1,
	isCancelled=0,
	asyncHandler=org.asynchttpclient.ws.WebSocketUpgradeHandler@5576a56d,
	nettyRequest=org.asynchttpclient.netty.request.NettyRequest@4213ae01,
	future=java.util.concurrent.CompletableFuture@189f919b[Completed normally],
	uri=ws://localhost:57411/devtools/browser/bc238f19-ab28-49a9-9f14-e5abec19ba3d,
	keepAlive=true,
	redirectCount=0,
	timeoutsHolder=null,
	inAuth=0,
	touch=1652381439022}
01:50:44.822 [AsyncHttpClient-1-6] DEBUG org.asynchttpclient.netty.channel.ChannelManager - Closing Channel [id: 0x544ea409, L:/127.0.0.1:57420 ! R:localhost/127.0.0.1:57411] 
01:50:44.822 [Driver Command Executor] DEBUG org.asynchttpclient.netty.request.NettyRequestSender - Using pooled Channel '[id: 0x6caca889, L:/127.0.0.1:57410 - R:localhost/127.0.0.1:56653]' for 'DELETE' to 'http://localhost:56653/session/09848fee89ad043f3e1f55932b835337'
01:50:44.822 [Driver Command Executor] DEBUG org.asynchttpclient.netty.request.NettyRequestSender - Using open Channel [id: 0x6caca889, L:/127.0.0.1:57410 - R:localhost/127.0.0.1:56653] for DELETE '/session/09848fee89ad043f3e1f55932b835337'
01:50:44.875 [AsyncHttpClient-1-1] DEBUG org.asynchttpclient.netty.channel.DefaultChannelPool - Entry count for : http://localhost:57411 : 1
01:50:44.945 [AsyncHttpClient-1-5] DEBUG org.asynchttpclient.netty.handler.HttpHandler - Unexpected I/O exception on channel [id: 0x5b7aa464, L:/127.0.0.1:57419 - R:localhost/127.0.0.1:57411]
java.io.IOException: An existing connection was forcibly closed by the remote host
	at java.base/sun.nio.ch.SocketDispatcher.read0(Native Method)
	at java.base/sun.nio.ch.SocketDispatcher.read(SocketDispatcher.java:43)
	at java.base/sun.nio.ch.IOUtil.readIntoNativeBuffer(IOUtil.java:276)
	at java.base/sun.nio.ch.IOUtil.read(IOUtil.java:233)
	at java.base/sun.nio.ch.IOUtil.read(IOUtil.java:223)
	at java.base/sun.nio.ch.SocketChannelImpl.read(SocketChannelImpl.java:358)
	at io.netty.buffer.PooledByteBuf.setBytes(PooledByteBuf.java:258)
	at io.netty.buffer.AbstractByteBuf.writeBytes(AbstractByteBuf.java:1132)
	at io.netty.channel.socket.nio.NioSocketChannel.doReadBytes(NioSocketChannel.java:350)
	at io.netty.channel.nio.AbstractNioByteChannel$NioByteUnsafe.read(AbstractNioByteChannel.java:151)
	at io.netty.channel.nio.NioEventLoop.processSelectedKey(NioEventLoop.java:722)
	at io.netty.channel.nio.NioEventLoop.processSelectedKeysOptimized(NioEventLoop.java:658)
	at io.netty.channel.nio.NioEventLoop.processSelectedKeys(NioEventLoop.java:584)
	at io.netty.channel.nio.NioEventLoop.run(NioEventLoop.java:496)
	at io.netty.util.concurrent.SingleThreadEventExecutor$4.run(SingleThreadEventExecutor.java:986)
	at io.netty.util.internal.ThreadExecutorMap$2.run(ThreadExecutorMap.java:74)
	at io.netty.util.concurrent.FastThreadLocalRunnable.run(FastThreadLocalRunnable.java:30)
	at java.base/java.lang.Thread.run(Thread.java:834)
01:50:44.945 [AsyncHttpClient-1-5] DEBUG org.asynchttpclient.netty.channel.ChannelManager - Closing Channel [id: 0x5b7aa464, L:/127.0.0.1:57419 - R:localhost/127.0.0.1:57411] 
01:50:44.945 [AsyncHttpClient-1-5] DEBUG org.asynchttpclient.netty.handler.HttpHandler - Channel Closed: [id: 0x5b7aa464, L:/127.0.0.1:57419 ! R:localhost/127.0.0.1:57411] with attribute DISCARD
01:50:44.969 [AsyncHttpClient-1-4] DEBUG org.asynchttpclient.netty.handler.HttpHandler - 

Request DefaultFullHttpRequest(decodeResult: success, version: HTTP/1.1, content: EmptyByteBufBE)
DELETE /session/09848fee89ad043f3e1f55932b835337 HTTP/1.1
User-Agent: selenium/4.1.2 (java windows)
Content-Type: application/json; charset=utf-8
host: localhost:56653
accept: */*

Response DefaultHttpResponse(decodeResult: success, version: HTTP/1.1)
HTTP/1.1 200 OK
Content-Type: application/json; charset=utf-8
cache-control: no-cache
content-length: 14

01:50:44.969 [AsyncHttpClient-1-4] DEBUG org.asynchttpclient.netty.channel.ChannelManager - Adding key: http://localhost:56653 for channel [id: 0x6caca889, L:/127.0.0.1:57410 - R:localhost/127.0.0.1:56653]
01:50:45.265 [AsyncHttpClient-1-4] DEBUG org.asynchttpclient.netty.handler.HttpHandler - Channel Closed: [id: 0x6caca889, L:/127.0.0.1:57410 ! R:localhost/127.0.0.1:56653] with attribute DISCARD
]]></system-out>
    <system-err><![CDATA[Starting ChromeDriver 101.0.4951.41 (93c720db8323b3ec10d056025ab95c23a31997c9-refs/branch-heads/4951@{#904}) on port 56653
Only local connections are allowed.
Please see https://chromedriver.chromium.org/security-considerations for suggestions on keeping ChromeDriver safe.
ChromeDriver was started successfully.
May 13, 2022 1:50:38 AM org.openqa.selenium.remote.ProtocolHandshake createSession
INFO: Detected dialect: W3C
May 13, 2022 1:50:39 AM org.openqa.selenium.devtools.CdpVersionFinder findNearestMatch
WARNING: Unable to find an exact match for CDP version 101, so returning the closest version found: 97
May 13, 2022 1:50:39 AM org.openqa.selenium.devtools.CdpVersionFinder findNearestMatch
INFO: Found CDP implementation for version 101 of 97
]]></system-err>
  </testcase>
  <testcase name="As a user, i have not able to create account" classname="Register" time="9.839">
    <system-out><![CDATA[
Scenario: As a user, i have not able to create account &amp#27;[90m# src/test/resources/features/Register.feature:11&amp#27;[0m
01:50:45.820 [main] INFO io.cucumber.core.plugin.SerenityReporter - Running feature from file:///D:/Mini%20Project-QE%20Alta/Web%20Automation/FrontEnd-AltaShop/src/test/resources/features/Register.feature
01:50:45.828 [main] INFO  - 
  _____   ___   ___   _____     ___   _____     _     ___   _____   ___   ___  
 |_   _| | __| / __| |_   _|   / __| |_   _|   /_\   | _ \ |_   _| | __| |   \ 
   | |   | _|  \__ \   | |     \__ \   | |    / _ \  |   /   | |   | _|  | |) |
   |_|   |___| |___/   |_|     |___/   |_|   /_/ \_\ |_|_\   |_|   |___| |___/ 

As a user, i have not able to create account(register;as-a-user--i-have-not-able-to-create-account)
--------------------------------------------------------------------------------
01:50:45.863 [main] DEBUG net.thucydides.core.steps.StepInterceptor - STARTING STEP: ARegisterStep.iAmOnRegisterPage - onRegisterPage
01:50:45.868 [main] INFO net.serenitybdd.core.webdriver.driverproviders.ChromeDriverProvider - Using automatically driver download
01:50:46.028 [AsyncHttpClient-1-1] DEBUG org.asynchttpclient.netty.channel.DefaultChannelPool - Entry count for : http://localhost:56653 : 1
01:50:46.028 [AsyncHttpClient-1-1] DEBUG org.asynchttpclient.netty.channel.DefaultChannelPool - Entry count for : http://localhost:57411 : 1
01:50:46.028 [AsyncHttpClient-1-1] DEBUG org.asynchttpclient.netty.channel.DefaultChannelPool - Adding Candidate expired Channel [id: 0x6caca889, L:/127.0.0.1:57410 ! R:localhost/127.0.0.1:56653] isIdleTimeoutExpired=false isRemotelyClosed=true isTtlExpired=false
01:50:46.028 [AsyncHttpClient-1-1] DEBUG org.asynchttpclient.netty.channel.DefaultChannelPool - Closing Idle Channel [id: 0x6caca889, L:/127.0.0.1:57410 ! R:localhost/127.0.0.1:56653]
01:50:46.028 [AsyncHttpClient-1-1] DEBUG org.asynchttpclient.netty.channel.DefaultChannelPool - Adding Candidate expired Channel [id: 0x5b7aa464, L:/127.0.0.1:57419 ! R:localhost/127.0.0.1:57411] isIdleTimeoutExpired=false isRemotelyClosed=true isTtlExpired=false
01:50:46.028 [AsyncHttpClient-1-1] DEBUG org.asynchttpclient.netty.channel.DefaultChannelPool - Closing Idle Channel [id: 0x5b7aa464, L:/127.0.0.1:57419 ! R:localhost/127.0.0.1:57411]
01:50:46.028 [AsyncHttpClient-1-1] DEBUG org.asynchttpclient.netty.channel.DefaultChannelPool - Closed 2 connections out of 2 in 0 ms
01:50:46.603 [main] DEBUG io.github.bonigarcia.wdm.cache.ResolutionCache - Resolution chrome=101 in cache (valid until 02:25:36 13/05/2022 ICT)
01:50:46.613 [main] DEBUG io.github.bonigarcia.wdm.cache.ResolutionCache - Resolution chrome101=101.0.4951.41 in cache (valid until 14:31:54 13/05/2022 ICT)
01:50:46.623 [main] INFO io.github.bonigarcia.wdm.WebDriverManager - Using chromedriver 101.0.4951.41 (resolved driver for Chrome 101)
01:50:46.672 [main] DEBUG io.github.bonigarcia.wdm.WebDriverManager - Driver chromedriver 101.0.4951.41 found in cache
01:50:46.718 [main] INFO io.github.bonigarcia.wdm.WebDriverManager - Exporting webdriver.chrome.driver as C:\Users\Siti Nurlatipah\.cache\selenium\chromedriver\win32\101.0.4951.41\chromedriver.exe
01:50:46.964 [main] DEBUG net.serenitybdd.core.webdriver.driverproviders.ProvideNewDriver - Instantiating driver
01:50:46.965 [main] DEBUG net.serenitybdd.core.webdriver.driverproviders.ProvideNewDriver - Driver capabilities: Capabilities {acceptInsecureCerts: false, base.url: https://qa.alta.id, browserName: chrome, chrome.driver: src/test/resources/webdrive..., driver: chrome, goog:chromeOptions: {args: [], extensions: []}}
01:50:47.521 [AsyncHttpClient-1-7] DEBUG org.asynchttpclient.netty.channel.NettyConnectListener - Using new Channel '[id: 0x9c202133, L:/127.0.0.1:57438 - R:localhost/127.0.0.1:62608]' for 'POST' to '/session'
01:50:49.511 [AsyncHttpClient-1-7] DEBUG org.asynchttpclient.netty.handler.HttpHandler - 

Request DefaultHttpRequest(decodeResult: success, version: HTTP/1.1)
POST /session HTTP/1.1
User-Agent: selenium/4.1.2 (java windows)
Content-Length: 595
Content-Type: application/json; charset=utf-8
host: localhost:62608
accept: */*

Response DefaultHttpResponse(decodeResult: success, version: HTTP/1.1)
HTTP/1.1 200 OK
Content-Type: application/json; charset=utf-8
cache-control: no-cache
content-length: 792

01:50:49.511 [AsyncHttpClient-1-7] DEBUG org.asynchttpclient.netty.channel.ChannelManager - Adding key: http://localhost:62608 for channel [id: 0x9c202133, L:/127.0.0.1:57438 - R:localhost/127.0.0.1:62608]
01:50:49.532 [AsyncHttpClient-1-8] DEBUG org.asynchttpclient.netty.channel.NettyConnectListener - Using new Channel '[id: 0x7fc51e09, L:/127.0.0.1:57447 - R:localhost/127.0.0.1:57440]' for 'GET' to '/json/version'
01:50:49.534 [AsyncHttpClient-1-8] DEBUG org.asynchttpclient.netty.handler.HttpHandler - 

Request DefaultFullHttpRequest(decodeResult: success, version: HTTP/1.1, content: EmptyByteBufBE)
GET /json/version HTTP/1.1
User-Agent: selenium/4.1.2 (java windows)
host: localhost:57440
accept: */*

Response DefaultHttpResponse(decodeResult: success, version: HTTP/1.1)
HTTP/1.1 200 OK
Content-Type: application/json; charset=UTF-8
content-length: 427

01:50:49.534 [AsyncHttpClient-1-8] DEBUG org.asynchttpclient.netty.channel.ChannelManager - Adding key: http://localhost:57440 for channel [id: 0x7fc51e09, L:/127.0.0.1:57447 - R:localhost/127.0.0.1:57440]
01:50:49.543 [AsyncHttpClient-1-9] DEBUG org.asynchttpclient.netty.channel.NettyConnectListener - Using new Channel '[id: 0xf3565234, L:/127.0.0.1:57448 - R:localhost/127.0.0.1:57440]' for 'GET' to '/devtools/browser/606b69b8-68d6-44aa-a84d-bbb426473403'
01:50:49.545 [AsyncHttpClient-1-9] DEBUG org.asynchttpclient.netty.handler.WebSocketHandler - 

Request DefaultFullHttpRequest(decodeResult: success, version: HTTP/1.1, content: EmptyByteBufBE)
GET /devtools/browser/606b69b8-68d6-44aa-a84d-bbb426473403 HTTP/1.1
upgrade: websocket
connection: upgrade
sec-websocket-key: t1EbFI3y2ehltSER+0VGuA==
sec-websocket-version: 13
origin: http://localhost:57440
host: localhost:57440
accept: */*
user-agent: AHC/2.1

Response DefaultHttpResponse(decodeResult: success, version: HTTP/1.1)
HTTP/1.1 101 WebSocket Protocol Handshake
Upgrade: WebSocket
Connection: Upgrade
Sec-WebSocket-Accept: YzZjMNsgOinU9F9kZ33rUFZ3TDA=

01:50:49.558 [Forwarding get on session 5c0ff446978ff68d7f4b8597dda626ed to remote] DEBUG org.asynchttpclient.netty.request.NettyRequestSender - Using pooled Channel '[id: 0x9c202133, L:/127.0.0.1:57438 - R:localhost/127.0.0.1:62608]' for 'POST' to 'http://localhost:62608/session/5c0ff446978ff68d7f4b8597dda626ed/url'
01:50:49.558 [Forwarding get on session 5c0ff446978ff68d7f4b8597dda626ed to remote] DEBUG org.asynchttpclient.netty.request.NettyRequestSender - Using open Channel [id: 0x9c202133, L:/127.0.0.1:57438 - R:localhost/127.0.0.1:62608] for POST '/session/5c0ff446978ff68d7f4b8597dda626ed/url'
01:50:50.374 [AsyncHttpClient-1-1] DEBUG org.asynchttpclient.netty.channel.DefaultChannelPool - Entry count for : http://localhost:57440 : 1
01:50:51.473 [AsyncHttpClient-1-1] DEBUG org.asynchttpclient.netty.channel.DefaultChannelPool - Entry count for : http://localhost:57440 : 1
01:50:51.638 [AsyncHttpClient-1-7] DEBUG org.asynchttpclient.netty.handler.HttpHandler - 

Request DefaultHttpRequest(decodeResult: success, version: HTTP/1.1)
POST /session/5c0ff446978ff68d7f4b8597dda626ed/url HTTP/1.1
User-Agent: selenium/4.1.2 (java windows)
Content-Length: 67
Content-Type: application/json; charset=utf-8
host: localhost:62608
accept: */*

Response DefaultHttpResponse(decodeResult: success, version: HTTP/1.1)
HTTP/1.1 200 OK
Content-Type: application/json; charset=utf-8
cache-control: no-cache
content-length: 14

01:50:51.638 [AsyncHttpClient-1-7] DEBUG org.asynchttpclient.netty.channel.ChannelManager - Adding key: http://localhost:62608 for channel [id: 0x9c202133, L:/127.0.0.1:57438 - R:localhost/127.0.0.1:62608]
01:50:51.641 [Forwarding setTimeout on session 5c0ff446978ff68d7f4b8597dda626ed to remote] DEBUG org.asynchttpclient.netty.request.NettyRequestSender - Using pooled Channel '[id: 0x9c202133, L:/127.0.0.1:57438 - R:localhost/127.0.0.1:62608]' for 'POST' to 'http://localhost:62608/session/5c0ff446978ff68d7f4b8597dda626ed/timeouts'
01:50:51.641 [Forwarding setTimeout on session 5c0ff446978ff68d7f4b8597dda626ed to remote] DEBUG org.asynchttpclient.netty.request.NettyRequestSender - Using open Channel [id: 0x9c202133, L:/127.0.0.1:57438 - R:localhost/127.0.0.1:62608] for POST '/session/5c0ff446978ff68d7f4b8597dda626ed/timeouts'
01:50:51.643 [AsyncHttpClient-1-7] DEBUG org.asynchttpclient.netty.handler.HttpHandler - 

Request DefaultHttpRequest(decodeResult: success, version: HTTP/1.1)
POST /session/5c0ff446978ff68d7f4b8597dda626ed/timeouts HTTP/1.1
User-Agent: selenium/4.1.2 (java windows)
Content-Length: 22
Content-Type: application/json; charset=utf-8
host: localhost:62608
accept: */*

Response DefaultHttpResponse(decodeResult: success, version: HTTP/1.1)
HTTP/1.1 200 OK
Content-Type: application/json; charset=utf-8
cache-control: no-cache
content-length: 14

01:50:51.643 [AsyncHttpClient-1-7] DEBUG org.asynchttpclient.netty.channel.ChannelManager - Adding key: http://localhost:62608 for channel [id: 0x9c202133, L:/127.0.0.1:57438 - R:localhost/127.0.0.1:62608]
01:50:51.647 [Forwarding getCurrentUrl on session 5c0ff446978ff68d7f4b8597dda626ed to remote] DEBUG org.asynchttpclient.netty.request.NettyRequestSender - Using pooled Channel '[id: 0x9c202133, L:/127.0.0.1:57438 - R:localhost/127.0.0.1:62608]' for 'GET' to 'http://localhost:62608/session/5c0ff446978ff68d7f4b8597dda626ed/url'
01:50:51.647 [Forwarding getCurrentUrl on session 5c0ff446978ff68d7f4b8597dda626ed to remote] DEBUG org.asynchttpclient.netty.request.NettyRequestSender - Using open Channel [id: 0x9c202133, L:/127.0.0.1:57438 - R:localhost/127.0.0.1:62608] for GET '/session/5c0ff446978ff68d7f4b8597dda626ed/url'
01:50:51.654 [AsyncHttpClient-1-7] DEBUG org.asynchttpclient.netty.handler.HttpHandler - 

Request DefaultFullHttpRequest(decodeResult: success, version: HTTP/1.1, content: EmptyByteBufBE)
GET /session/5c0ff446978ff68d7f4b8597dda626ed/url HTTP/1.1
User-Agent: selenium/4.1.2 (java windows)
Cache-Control: no-cache
Content-Type: application/json; charset=utf-8
host: localhost:62608
accept: */*

Response DefaultHttpResponse(decodeResult: success, version: HTTP/1.1)
HTTP/1.1 200 OK
Content-Type: application/json; charset=utf-8
cache-control: no-cache
content-length: 44

01:50:51.654 [AsyncHttpClient-1-7] DEBUG org.asynchttpclient.netty.channel.ChannelManager - Adding key: http://localhost:62608 for channel [id: 0x9c202133, L:/127.0.0.1:57438 - R:localhost/127.0.0.1:62608]
01:50:51.664 [Forwarding screenshot on session 5c0ff446978ff68d7f4b8597dda626ed to remote] DEBUG org.asynchttpclient.netty.request.NettyRequestSender - Using pooled Channel '[id: 0x9c202133, L:/127.0.0.1:57438 - R:localhost/127.0.0.1:62608]' for 'GET' to 'http://localhost:62608/session/5c0ff446978ff68d7f4b8597dda626ed/screenshot'
01:50:51.664 [Forwarding screenshot on session 5c0ff446978ff68d7f4b8597dda626ed to remote] DEBUG org.asynchttpclient.netty.request.NettyRequestSender - Using open Channel [id: 0x9c202133, L:/127.0.0.1:57438 - R:localhost/127.0.0.1:62608] for GET '/session/5c0ff446978ff68d7f4b8597dda626ed/screenshot'
01:50:52.043 [AsyncHttpClient-1-7] DEBUG org.asynchttpclient.netty.handler.HttpHandler - 

Request DefaultFullHttpRequest(decodeResult: success, version: HTTP/1.1, content: EmptyByteBufBE)
GET /session/5c0ff446978ff68d7f4b8597dda626ed/screenshot HTTP/1.1
User-Agent: selenium/4.1.2 (java windows)
Cache-Control: no-cache
Content-Type: application/json; charset=utf-8
host: localhost:62608
accept: */*

Response DefaultHttpResponse(decodeResult: success, version: HTTP/1.1)
HTTP/1.1 200 OK
Content-Type: application/json; charset=utf-8
cache-control: no-cache
content-length: 44716

01:50:52.043 [AsyncHttpClient-1-7] DEBUG org.asynchttpclient.netty.channel.ChannelManager - Adding key: http://localhost:62608 for channel [id: 0x9c202133, L:/127.0.0.1:57438 - R:localhost/127.0.0.1:62608]
01:50:52.046 [main] DEBUG net.serenitybdd.core.photography.Darkroom - Send negative for processing for target\site\serenity\33ddfa6718aa2f09fc0e18bea197612047bccd0f362db96346f936c9007dfd9e.png
01:50:52.046 [main] DEBUG net.thucydides.core.steps.StepInterceptor - STEP DONE: onRegisterPage
  &amp#27;[32mGiven &amp#27;[0m&amp#27;[32m&amp#27;[0m&amp#27;[32m&amp#27;[1mI&amp#27;[0m&amp#27;[32m am on register page&amp#27;[0m                          &amp#27;[90m# stepdefinitions.ARegisterStep.iAmOnRegisterPage(java.lang.String)&amp#27;[0m
01:50:52.066 [main] DEBUG net.thucydides.core.steps.StepInterceptor - STARTING STEP: ARegisterStep.iTypeMyFullname - typeFullname
01:50:52.068 [Forwarding findElement on session 5c0ff446978ff68d7f4b8597dda626ed to remote] DEBUG org.asynchttpclient.netty.request.NettyRequestSender - Using pooled Channel '[id: 0x9c202133, L:/127.0.0.1:57438 - R:localhost/127.0.0.1:62608]' for 'POST' to 'http://localhost:62608/session/5c0ff446978ff68d7f4b8597dda626ed/element'
01:50:52.068 [Forwarding findElement on session 5c0ff446978ff68d7f4b8597dda626ed to remote] DEBUG org.asynchttpclient.netty.request.NettyRequestSender - Using open Channel [id: 0x9c202133, L:/127.0.0.1:57438 - R:localhost/127.0.0.1:62608] for POST '/session/5c0ff446978ff68d7f4b8597dda626ed/element'
01:50:52.084 [AsyncHttpClient-1-7] DEBUG org.asynchttpclient.netty.handler.HttpHandler - 

Request DefaultHttpRequest(decodeResult: success, version: HTTP/1.1)
POST /session/5c0ff446978ff68d7f4b8597dda626ed/element HTTP/1.1
User-Agent: selenium/4.1.2 (java windows)
Content-Length: 91
Content-Type: application/json; charset=utf-8
host: localhost:62608
accept: */*

Response DefaultHttpResponse(decodeResult: success, version: HTTP/1.1)
HTTP/1.1 200 OK
Content-Type: application/json; charset=utf-8
cache-control: no-cache
content-length: 88

01:50:52.085 [AsyncHttpClient-1-7] DEBUG org.asynchttpclient.netty.channel.ChannelManager - Adding key: http://localhost:62608 for channel [id: 0x9c202133, L:/127.0.0.1:57438 - R:localhost/127.0.0.1:62608]
01:50:52.087 [Forwarding sendKeysToElement on session 5c0ff446978ff68d7f4b8597dda626ed to remote] DEBUG org.asynchttpclient.netty.request.NettyRequestSender - Using pooled Channel '[id: 0x9c202133, L:/127.0.0.1:57438 - R:localhost/127.0.0.1:62608]' for 'POST' to 'http://localhost:62608/session/5c0ff446978ff68d7f4b8597dda626ed/element/ece9bc08-5c11-45b2-bc52-0929fb706694/value'
01:50:52.087 [Forwarding sendKeysToElement on session 5c0ff446978ff68d7f4b8597dda626ed to remote] DEBUG org.asynchttpclient.netty.request.NettyRequestSender - Using open Channel [id: 0x9c202133, L:/127.0.0.1:57438 - R:localhost/127.0.0.1:62608] for POST '/session/5c0ff446978ff68d7f4b8597dda626ed/element/ece9bc08-5c11-45b2-bc52-0929fb706694/value'
01:50:52.256 [AsyncHttpClient-1-7] DEBUG org.asynchttpclient.netty.handler.HttpHandler - 

Request DefaultHttpRequest(decodeResult: success, version: HTTP/1.1)
POST /session/5c0ff446978ff68d7f4b8597dda626ed/element/ece9bc08-5c11-45b2-bc52-0929fb706694/value HTTP/1.1
User-Agent: selenium/4.1.2 (java windows)
Content-Length: 141
Content-Type: application/json; charset=utf-8
host: localhost:62608
accept: */*

Response DefaultHttpResponse(decodeResult: success, version: HTTP/1.1)
HTTP/1.1 200 OK
Content-Type: application/json; charset=utf-8
cache-control: no-cache
content-length: 14

01:50:52.256 [AsyncHttpClient-1-7] DEBUG org.asynchttpclient.netty.channel.ChannelManager - Adding key: http://localhost:62608 for channel [id: 0x9c202133, L:/127.0.0.1:57438 - R:localhost/127.0.0.1:62608]
01:50:52.267 [Forwarding screenshot on session 5c0ff446978ff68d7f4b8597dda626ed to remote] DEBUG org.asynchttpclient.netty.request.NettyRequestSender - Using pooled Channel '[id: 0x9c202133, L:/127.0.0.1:57438 - R:localhost/127.0.0.1:62608]' for 'GET' to 'http://localhost:62608/session/5c0ff446978ff68d7f4b8597dda626ed/screenshot'
01:50:52.268 [Forwarding screenshot on session 5c0ff446978ff68d7f4b8597dda626ed to remote] DEBUG org.asynchttpclient.netty.request.NettyRequestSender - Using open Channel [id: 0x9c202133, L:/127.0.0.1:57438 - R:localhost/127.0.0.1:62608] for GET '/session/5c0ff446978ff68d7f4b8597dda626ed/screenshot'
01:50:52.522 [AsyncHttpClient-1-7] DEBUG org.asynchttpclient.netty.handler.HttpHandler - 

Request DefaultFullHttpRequest(decodeResult: success, version: HTTP/1.1, content: EmptyByteBufBE)
GET /session/5c0ff446978ff68d7f4b8597dda626ed/screenshot HTTP/1.1
User-Agent: selenium/4.1.2 (java windows)
Cache-Control: no-cache
Content-Type: application/json; charset=utf-8
host: localhost:62608
accept: */*

Response DefaultHttpResponse(decodeResult: success, version: HTTP/1.1)
HTTP/1.1 200 OK
Content-Type: application/json; charset=utf-8
cache-control: no-cache
content-length: 47316

01:50:52.523 [AsyncHttpClient-1-7] DEBUG org.asynchttpclient.netty.channel.ChannelManager - Adding key: http://localhost:62608 for channel [id: 0x9c202133, L:/127.0.0.1:57438 - R:localhost/127.0.0.1:62608]
01:50:52.526 [main] DEBUG net.serenitybdd.core.photography.Darkroom - Send negative for processing for target\site\serenity\4cb7092e7c8d8f71f0c7a3c19d38c350c803c2d1d441e947bd7681e4f8e99f52.png
01:50:52.526 [main] DEBUG net.thucydides.core.steps.StepInterceptor - STEP DONE: typeFullname
  &amp#27;[32mWhen &amp#27;[0m&amp#27;[32mI type My fullname &amp#27;[0m&amp#27;[32m&amp#27;[1mAisyah&amp#27;[0m                       &amp#27;[90m# stepdefinitions.ARegisterStep.iTypeMyFullname(java.lang.String)&amp#27;[0m
01:50:52.527 [Darkroom Processing Line] DEBUG net.serenitybdd.core.photography.DarkroomProcessingLine - Processing screenshot image in /var/screenshots/screenshot-2743968507911824070
01:50:52.527 [Darkroom Processing Line] DEBUG net.serenitybdd.core.photography.DarkroomProcessingLine - Saving screenshot to target\site\serenity\4cb7092e7c8d8f71f0c7a3c19d38c350c803c2d1d441e947bd7681e4f8e99f52.png
01:50:52.558 [main] DEBUG net.thucydides.core.steps.StepInterceptor - STARTING STEP: ARegisterStep.iTypeMyPassword - typePassword
01:50:52.566 [Forwarding findElement on session 5c0ff446978ff68d7f4b8597dda626ed to remote] DEBUG org.asynchttpclient.netty.request.NettyRequestSender - Using pooled Channel '[id: 0x9c202133, L:/127.0.0.1:57438 - R:localhost/127.0.0.1:62608]' for 'POST' to 'http://localhost:62608/session/5c0ff446978ff68d7f4b8597dda626ed/element'
01:50:52.566 [Forwarding findElement on session 5c0ff446978ff68d7f4b8597dda626ed to remote] DEBUG org.asynchttpclient.netty.request.NettyRequestSender - Using open Channel [id: 0x9c202133, L:/127.0.0.1:57438 - R:localhost/127.0.0.1:62608] for POST '/session/5c0ff446978ff68d7f4b8597dda626ed/element'
01:50:52.583 [AsyncHttpClient-1-1] DEBUG org.asynchttpclient.netty.channel.DefaultChannelPool - Entry count for : http://localhost:57440 : 1
01:50:52.585 [AsyncHttpClient-1-7] DEBUG org.asynchttpclient.netty.handler.HttpHandler - 

Request DefaultHttpRequest(decodeResult: success, version: HTTP/1.1)
POST /session/5c0ff446978ff68d7f4b8597dda626ed/element HTTP/1.1
User-Agent: selenium/4.1.2 (java windows)
Content-Length: 87
Content-Type: application/json; charset=utf-8
host: localhost:62608
accept: */*

Response DefaultHttpResponse(decodeResult: success, version: HTTP/1.1)
HTTP/1.1 200 OK
Content-Type: application/json; charset=utf-8
cache-control: no-cache
content-length: 88

01:50:52.585 [AsyncHttpClient-1-7] DEBUG org.asynchttpclient.netty.channel.ChannelManager - Adding key: http://localhost:62608 for channel [id: 0x9c202133, L:/127.0.0.1:57438 - R:localhost/127.0.0.1:62608]
01:50:52.588 [Forwarding sendKeysToElement on session 5c0ff446978ff68d7f4b8597dda626ed to remote] DEBUG org.asynchttpclient.netty.request.NettyRequestSender - Using pooled Channel '[id: 0x9c202133, L:/127.0.0.1:57438 - R:localhost/127.0.0.1:62608]' for 'POST' to 'http://localhost:62608/session/5c0ff446978ff68d7f4b8597dda626ed/element/1a77303a-a4e7-4630-a38e-b1e51f2706e0/value'
01:50:52.588 [Forwarding sendKeysToElement on session 5c0ff446978ff68d7f4b8597dda626ed to remote] DEBUG org.asynchttpclient.netty.request.NettyRequestSender - Using open Channel [id: 0x9c202133, L:/127.0.0.1:57438 - R:localhost/127.0.0.1:62608] for POST '/session/5c0ff446978ff68d7f4b8597dda626ed/element/1a77303a-a4e7-4630-a38e-b1e51f2706e0/value'
01:50:52.741 [AsyncHttpClient-1-7] DEBUG org.asynchttpclient.netty.handler.HttpHandler - 

Request DefaultHttpRequest(decodeResult: success, version: HTTP/1.1)
POST /session/5c0ff446978ff68d7f4b8597dda626ed/element/1a77303a-a4e7-4630-a38e-b1e51f2706e0/value HTTP/1.1
User-Agent: selenium/4.1.2 (java windows)
Content-Length: 151
Content-Type: application/json; charset=utf-8
host: localhost:62608
accept: */*

Response DefaultHttpResponse(decodeResult: success, version: HTTP/1.1)
HTTP/1.1 200 OK
Content-Type: application/json; charset=utf-8
cache-control: no-cache
content-length: 14

01:50:52.741 [AsyncHttpClient-1-7] DEBUG org.asynchttpclient.netty.channel.ChannelManager - Adding key: http://localhost:62608 for channel [id: 0x9c202133, L:/127.0.0.1:57438 - R:localhost/127.0.0.1:62608]
01:50:52.751 [Forwarding screenshot on session 5c0ff446978ff68d7f4b8597dda626ed to remote] DEBUG org.asynchttpclient.netty.request.NettyRequestSender - Using pooled Channel '[id: 0x9c202133, L:/127.0.0.1:57438 - R:localhost/127.0.0.1:62608]' for 'GET' to 'http://localhost:62608/session/5c0ff446978ff68d7f4b8597dda626ed/screenshot'
01:50:52.751 [Forwarding screenshot on session 5c0ff446978ff68d7f4b8597dda626ed to remote] DEBUG org.asynchttpclient.netty.request.NettyRequestSender - Using open Channel [id: 0x9c202133, L:/127.0.0.1:57438 - R:localhost/127.0.0.1:62608] for GET '/session/5c0ff446978ff68d7f4b8597dda626ed/screenshot'
01:50:52.956 [AsyncHttpClient-1-7] DEBUG org.asynchttpclient.netty.handler.HttpHandler - 

Request DefaultFullHttpRequest(decodeResult: success, version: HTTP/1.1, content: EmptyByteBufBE)
GET /session/5c0ff446978ff68d7f4b8597dda626ed/screenshot HTTP/1.1
User-Agent: selenium/4.1.2 (java windows)
Cache-Control: no-cache
Content-Type: application/json; charset=utf-8
host: localhost:62608
accept: */*

Response DefaultHttpResponse(decodeResult: success, version: HTTP/1.1)
HTTP/1.1 200 OK
Content-Type: application/json; charset=utf-8
cache-control: no-cache
content-length: 50216

01:50:52.956 [AsyncHttpClient-1-7] DEBUG org.asynchttpclient.netty.channel.ChannelManager - Adding key: http://localhost:62608 for channel [id: 0x9c202133, L:/127.0.0.1:57438 - R:localhost/127.0.0.1:62608]
01:50:52.959 [main] DEBUG net.serenitybdd.core.photography.Darkroom - Send negative for processing for target\site\serenity\0656deeb238ba0d02186058f36aa32973e1a956a65cf83779b4ed2781b0059ab.png
01:50:52.960 [main] DEBUG net.thucydides.core.steps.StepInterceptor - STEP DONE: typePassword
  &amp#27;[32mAnd &amp#27;[0m&amp#27;[32mI type My password &amp#27;[0m&amp#27;[32m&amp#27;[1m123qwer&amp#27;[0m                       &amp#27;[90m# stepdefinitions.ARegisterStep.iTypeMyPassword(java.lang.String)&amp#27;[0m
01:50:52.960 [Darkroom Processing Line] DEBUG net.serenitybdd.core.photography.DarkroomProcessingLine - Processing screenshot image in /var/screenshots/screenshot-18267776448719832656
01:50:52.960 [Darkroom Processing Line] DEBUG net.serenitybdd.core.photography.DarkroomProcessingLine - Saving screenshot to target\site\serenity\0656deeb238ba0d02186058f36aa32973e1a956a65cf83779b4ed2781b0059ab.png
01:50:52.990 [main] DEBUG net.thucydides.core.steps.StepInterceptor - STARTING STEP: ARegisterStep.iClickRegisterButton - clickRegisterButton
01:50:52.994 [Forwarding findElement on session 5c0ff446978ff68d7f4b8597dda626ed to remote] DEBUG org.asynchttpclient.netty.request.NettyRequestSender - Using pooled Channel '[id: 0x9c202133, L:/127.0.0.1:57438 - R:localhost/127.0.0.1:62608]' for 'POST' to 'http://localhost:62608/session/5c0ff446978ff68d7f4b8597dda626ed/element'
01:50:52.994 [Forwarding findElement on session 5c0ff446978ff68d7f4b8597dda626ed to remote] DEBUG org.asynchttpclient.netty.request.NettyRequestSender - Using open Channel [id: 0x9c202133, L:/127.0.0.1:57438 - R:localhost/127.0.0.1:62608] for POST '/session/5c0ff446978ff68d7f4b8597dda626ed/element'
01:50:53.023 [AsyncHttpClient-1-7] DEBUG org.asynchttpclient.netty.handler.HttpHandler - 

Request DefaultHttpRequest(decodeResult: success, version: HTTP/1.1)
POST /session/5c0ff446978ff68d7f4b8597dda626ed/element HTTP/1.1
User-Agent: selenium/4.1.2 (java windows)
Content-Length: 155
Content-Type: application/json; charset=utf-8
host: localhost:62608
accept: */*

Response DefaultHttpResponse(decodeResult: success, version: HTTP/1.1)
HTTP/1.1 200 OK
Content-Type: application/json; charset=utf-8
cache-control: no-cache
content-length: 88

01:50:53.023 [AsyncHttpClient-1-7] DEBUG org.asynchttpclient.netty.channel.ChannelManager - Adding key: http://localhost:62608 for channel [id: 0x9c202133, L:/127.0.0.1:57438 - R:localhost/127.0.0.1:62608]
01:50:53.026 [Forwarding getElementTagName on session 5c0ff446978ff68d7f4b8597dda626ed to remote] DEBUG org.asynchttpclient.netty.request.NettyRequestSender - Using pooled Channel '[id: 0x9c202133, L:/127.0.0.1:57438 - R:localhost/127.0.0.1:62608]' for 'GET' to 'http://localhost:62608/session/5c0ff446978ff68d7f4b8597dda626ed/element/d9d844a7-9a9e-4e7e-8d9a-c83d7a6905f3/name'
01:50:53.026 [Forwarding getElementTagName on session 5c0ff446978ff68d7f4b8597dda626ed to remote] DEBUG org.asynchttpclient.netty.request.NettyRequestSender - Using open Channel [id: 0x9c202133, L:/127.0.0.1:57438 - R:localhost/127.0.0.1:62608] for GET '/session/5c0ff446978ff68d7f4b8597dda626ed/element/d9d844a7-9a9e-4e7e-8d9a-c83d7a6905f3/name'
01:50:53.038 [AsyncHttpClient-1-7] DEBUG org.asynchttpclient.netty.handler.HttpHandler - 

Request DefaultFullHttpRequest(decodeResult: success, version: HTTP/1.1, content: EmptyByteBufBE)
GET /session/5c0ff446978ff68d7f4b8597dda626ed/element/d9d844a7-9a9e-4e7e-8d9a-c83d7a6905f3/name HTTP/1.1
User-Agent: selenium/4.1.2 (java windows)
Cache-Control: no-cache
Content-Type: application/json; charset=utf-8
host: localhost:62608
accept: */*

Response DefaultHttpResponse(decodeResult: success, version: HTTP/1.1)
HTTP/1.1 200 OK
Content-Type: application/json; charset=utf-8
cache-control: no-cache
content-length: 18

01:50:53.039 [AsyncHttpClient-1-7] DEBUG org.asynchttpclient.netty.channel.ChannelManager - Adding key: http://localhost:62608 for channel [id: 0x9c202133, L:/127.0.0.1:57438 - R:localhost/127.0.0.1:62608]
01:50:53.041 [Forwarding getElementTagName on session 5c0ff446978ff68d7f4b8597dda626ed to remote] DEBUG org.asynchttpclient.netty.request.NettyRequestSender - Using pooled Channel '[id: 0x9c202133, L:/127.0.0.1:57438 - R:localhost/127.0.0.1:62608]' for 'GET' to 'http://localhost:62608/session/5c0ff446978ff68d7f4b8597dda626ed/element/d9d844a7-9a9e-4e7e-8d9a-c83d7a6905f3/name'
01:50:53.041 [Forwarding getElementTagName on session 5c0ff446978ff68d7f4b8597dda626ed to remote] DEBUG org.asynchttpclient.netty.request.NettyRequestSender - Using open Channel [id: 0x9c202133, L:/127.0.0.1:57438 - R:localhost/127.0.0.1:62608] for GET '/session/5c0ff446978ff68d7f4b8597dda626ed/element/d9d844a7-9a9e-4e7e-8d9a-c83d7a6905f3/name'
01:50:53.047 [AsyncHttpClient-1-7] DEBUG org.asynchttpclient.netty.handler.HttpHandler - 

Request DefaultFullHttpRequest(decodeResult: success, version: HTTP/1.1, content: EmptyByteBufBE)
GET /session/5c0ff446978ff68d7f4b8597dda626ed/element/d9d844a7-9a9e-4e7e-8d9a-c83d7a6905f3/name HTTP/1.1
User-Agent: selenium/4.1.2 (java windows)
Cache-Control: no-cache
Content-Type: application/json; charset=utf-8
host: localhost:62608
accept: */*

Response DefaultHttpResponse(decodeResult: success, version: HTTP/1.1)
HTTP/1.1 200 OK
Content-Type: application/json; charset=utf-8
cache-control: no-cache
content-length: 18

01:50:53.048 [AsyncHttpClient-1-7] DEBUG org.asynchttpclient.netty.channel.ChannelManager - Adding key: http://localhost:62608 for channel [id: 0x9c202133, L:/127.0.0.1:57438 - R:localhost/127.0.0.1:62608]
01:50:53.054 [Forwarding isElementEnabled on session 5c0ff446978ff68d7f4b8597dda626ed to remote] DEBUG org.asynchttpclient.netty.request.NettyRequestSender - Using pooled Channel '[id: 0x9c202133, L:/127.0.0.1:57438 - R:localhost/127.0.0.1:62608]' for 'GET' to 'http://localhost:62608/session/5c0ff446978ff68d7f4b8597dda626ed/element/d9d844a7-9a9e-4e7e-8d9a-c83d7a6905f3/enabled'
01:50:53.054 [Forwarding isElementEnabled on session 5c0ff446978ff68d7f4b8597dda626ed to remote] DEBUG org.asynchttpclient.netty.request.NettyRequestSender - Using open Channel [id: 0x9c202133, L:/127.0.0.1:57438 - R:localhost/127.0.0.1:62608] for GET '/session/5c0ff446978ff68d7f4b8597dda626ed/element/d9d844a7-9a9e-4e7e-8d9a-c83d7a6905f3/enabled'
01:50:53.073 [AsyncHttpClient-1-7] DEBUG org.asynchttpclient.netty.handler.HttpHandler - 

Request DefaultFullHttpRequest(decodeResult: success, version: HTTP/1.1, content: EmptyByteBufBE)
GET /session/5c0ff446978ff68d7f4b8597dda626ed/element/d9d844a7-9a9e-4e7e-8d9a-c83d7a6905f3/enabled HTTP/1.1
User-Agent: selenium/4.1.2 (java windows)
Cache-Control: no-cache
Content-Type: application/json; charset=utf-8
host: localhost:62608
accept: */*

Response DefaultHttpResponse(decodeResult: success, version: HTTP/1.1)
HTTP/1.1 200 OK
Content-Type: application/json; charset=utf-8
cache-control: no-cache
content-length: 14

01:50:53.073 [AsyncHttpClient-1-7] DEBUG org.asynchttpclient.netty.channel.ChannelManager - Adding key: http://localhost:62608 for channel [id: 0x9c202133, L:/127.0.0.1:57438 - R:localhost/127.0.0.1:62608]
01:50:53.075 [Forwarding isElementEnabled on session 5c0ff446978ff68d7f4b8597dda626ed to remote] DEBUG org.asynchttpclient.netty.request.NettyRequestSender - Using pooled Channel '[id: 0x9c202133, L:/127.0.0.1:57438 - R:localhost/127.0.0.1:62608]' for 'GET' to 'http://localhost:62608/session/5c0ff446978ff68d7f4b8597dda626ed/element/d9d844a7-9a9e-4e7e-8d9a-c83d7a6905f3/enabled'
01:50:53.075 [Forwarding isElementEnabled on session 5c0ff446978ff68d7f4b8597dda626ed to remote] DEBUG org.asynchttpclient.netty.request.NettyRequestSender - Using open Channel [id: 0x9c202133, L:/127.0.0.1:57438 - R:localhost/127.0.0.1:62608] for GET '/session/5c0ff446978ff68d7f4b8597dda626ed/element/d9d844a7-9a9e-4e7e-8d9a-c83d7a6905f3/enabled'
01:50:53.121 [AsyncHttpClient-1-7] DEBUG org.asynchttpclient.netty.handler.HttpHandler - 

Request DefaultFullHttpRequest(decodeResult: success, version: HTTP/1.1, content: EmptyByteBufBE)
GET /session/5c0ff446978ff68d7f4b8597dda626ed/element/d9d844a7-9a9e-4e7e-8d9a-c83d7a6905f3/enabled HTTP/1.1
User-Agent: selenium/4.1.2 (java windows)
Cache-Control: no-cache
Content-Type: application/json; charset=utf-8
host: localhost:62608
accept: */*

Response DefaultHttpResponse(decodeResult: success, version: HTTP/1.1)
HTTP/1.1 200 OK
Content-Type: application/json; charset=utf-8
cache-control: no-cache
content-length: 14

01:50:53.121 [AsyncHttpClient-1-7] DEBUG org.asynchttpclient.netty.channel.ChannelManager - Adding key: http://localhost:62608 for channel [id: 0x9c202133, L:/127.0.0.1:57438 - R:localhost/127.0.0.1:62608]
01:50:53.126 [Forwarding findElement on session 5c0ff446978ff68d7f4b8597dda626ed to remote] DEBUG org.asynchttpclient.netty.request.NettyRequestSender - Using pooled Channel '[id: 0x9c202133, L:/127.0.0.1:57438 - R:localhost/127.0.0.1:62608]' for 'POST' to 'http://localhost:62608/session/5c0ff446978ff68d7f4b8597dda626ed/element'
01:50:53.126 [Forwarding findElement on session 5c0ff446978ff68d7f4b8597dda626ed to remote] DEBUG org.asynchttpclient.netty.request.NettyRequestSender - Using open Channel [id: 0x9c202133, L:/127.0.0.1:57438 - R:localhost/127.0.0.1:62608] for POST '/session/5c0ff446978ff68d7f4b8597dda626ed/element'
01:50:53.157 [AsyncHttpClient-1-7] DEBUG org.asynchttpclient.netty.handler.HttpHandler - 

Request DefaultHttpRequest(decodeResult: success, version: HTTP/1.1)
POST /session/5c0ff446978ff68d7f4b8597dda626ed/element HTTP/1.1
User-Agent: selenium/4.1.2 (java windows)
Content-Length: 155
Content-Type: application/json; charset=utf-8
host: localhost:62608
accept: */*

Response DefaultHttpResponse(decodeResult: success, version: HTTP/1.1)
HTTP/1.1 200 OK
Content-Type: application/json; charset=utf-8
cache-control: no-cache
content-length: 88

01:50:53.157 [AsyncHttpClient-1-7] DEBUG org.asynchttpclient.netty.channel.ChannelManager - Adding key: http://localhost:62608 for channel [id: 0x9c202133, L:/127.0.0.1:57438 - R:localhost/127.0.0.1:62608]
01:50:53.160 [Forwarding clickElement on session 5c0ff446978ff68d7f4b8597dda626ed to remote] DEBUG org.asynchttpclient.netty.request.NettyRequestSender - Using pooled Channel '[id: 0x9c202133, L:/127.0.0.1:57438 - R:localhost/127.0.0.1:62608]' for 'POST' to 'http://localhost:62608/session/5c0ff446978ff68d7f4b8597dda626ed/element/d9d844a7-9a9e-4e7e-8d9a-c83d7a6905f3/click'
01:50:53.161 [Forwarding clickElement on session 5c0ff446978ff68d7f4b8597dda626ed to remote] DEBUG org.asynchttpclient.netty.request.NettyRequestSender - Using open Channel [id: 0x9c202133, L:/127.0.0.1:57438 - R:localhost/127.0.0.1:62608] for POST '/session/5c0ff446978ff68d7f4b8597dda626ed/element/d9d844a7-9a9e-4e7e-8d9a-c83d7a6905f3/click'
01:50:53.266 [AsyncHttpClient-1-7] DEBUG org.asynchttpclient.netty.handler.HttpHandler - 

Request DefaultHttpRequest(decodeResult: success, version: HTTP/1.1)
POST /session/5c0ff446978ff68d7f4b8597dda626ed/element/d9d844a7-9a9e-4e7e-8d9a-c83d7a6905f3/click HTTP/1.1
User-Agent: selenium/4.1.2 (java windows)
Content-Length: 50
Content-Type: application/json; charset=utf-8
host: localhost:62608
accept: */*

Response DefaultHttpResponse(decodeResult: success, version: HTTP/1.1)
HTTP/1.1 200 OK
Content-Type: application/json; charset=utf-8
cache-control: no-cache
content-length: 14

01:50:53.267 [AsyncHttpClient-1-7] DEBUG org.asynchttpclient.netty.channel.ChannelManager - Adding key: http://localhost:62608 for channel [id: 0x9c202133, L:/127.0.0.1:57438 - R:localhost/127.0.0.1:62608]
01:50:53.280 [Forwarding screenshot on session 5c0ff446978ff68d7f4b8597dda626ed to remote] DEBUG org.asynchttpclient.netty.request.NettyRequestSender - Using pooled Channel '[id: 0x9c202133, L:/127.0.0.1:57438 - R:localhost/127.0.0.1:62608]' for 'GET' to 'http://localhost:62608/session/5c0ff446978ff68d7f4b8597dda626ed/screenshot'
01:50:53.280 [Forwarding screenshot on session 5c0ff446978ff68d7f4b8597dda626ed to remote] DEBUG org.asynchttpclient.netty.request.NettyRequestSender - Using open Channel [id: 0x9c202133, L:/127.0.0.1:57438 - R:localhost/127.0.0.1:62608] for GET '/session/5c0ff446978ff68d7f4b8597dda626ed/screenshot'
01:50:53.673 [AsyncHttpClient-1-1] DEBUG org.asynchttpclient.netty.channel.DefaultChannelPool - Entry count for : http://localhost:57440 : 1
01:50:53.771 [AsyncHttpClient-1-7] DEBUG org.asynchttpclient.netty.handler.HttpHandler - 

Request DefaultFullHttpRequest(decodeResult: success, version: HTTP/1.1, content: EmptyByteBufBE)
GET /session/5c0ff446978ff68d7f4b8597dda626ed/screenshot HTTP/1.1
User-Agent: selenium/4.1.2 (java windows)
Cache-Control: no-cache
Content-Type: application/json; charset=utf-8
host: localhost:62608
accept: */*

Response DefaultHttpResponse(decodeResult: success, version: HTTP/1.1)
HTTP/1.1 200 OK
Content-Type: application/json; charset=utf-8
cache-control: no-cache
content-length: 48328

01:50:53.772 [AsyncHttpClient-1-7] DEBUG org.asynchttpclient.netty.channel.ChannelManager - Adding key: http://localhost:62608 for channel [id: 0x9c202133, L:/127.0.0.1:57438 - R:localhost/127.0.0.1:62608]
01:50:53.775 [main] DEBUG net.serenitybdd.core.photography.Darkroom - Send negative for processing for target\site\serenity\4732b40e368bbccc42a31438ce61a96c6f70e78191cb1de30890b97660ac8ca1.png
01:50:53.775 [main] DEBUG net.thucydides.core.steps.StepInterceptor - STEP DONE: clickRegisterButton
  &amp#27;[32mAnd &amp#27;[0m&amp#27;[32mI click a Register button&amp#27;[0m                        &amp#27;[90m# stepdefinitions.ARegisterStep.iClickRegisterButton()&amp#27;[0m
01:50:53.775 [Darkroom Processing Line] DEBUG net.serenitybdd.core.photography.DarkroomProcessingLine - Processing screenshot image in /var/screenshots/screenshot-7658484055565476634
01:50:53.776 [Darkroom Processing Line] DEBUG net.serenitybdd.core.photography.DarkroomProcessingLine - Saving screenshot to target\site\serenity\4732b40e368bbccc42a31438ce61a96c6f70e78191cb1de30890b97660ac8ca1.png
01:50:53.810 [main] DEBUG net.thucydides.core.steps.StepInterceptor - STARTING STEP: ARegisterStep.iGotErrorMassage - iGotErrorMassage
01:50:53.817 [Forwarding findElement on session 5c0ff446978ff68d7f4b8597dda626ed to remote] DEBUG org.asynchttpclient.netty.request.NettyRequestSender - Using pooled Channel '[id: 0x9c202133, L:/127.0.0.1:57438 - R:localhost/127.0.0.1:62608]' for 'POST' to 'http://localhost:62608/session/5c0ff446978ff68d7f4b8597dda626ed/element'
01:50:53.818 [Forwarding findElement on session 5c0ff446978ff68d7f4b8597dda626ed to remote] DEBUG org.asynchttpclient.netty.request.NettyRequestSender - Using open Channel [id: 0x9c202133, L:/127.0.0.1:57438 - R:localhost/127.0.0.1:62608] for POST '/session/5c0ff446978ff68d7f4b8597dda626ed/element'
01:50:53.822 [AsyncHttpClient-1-7] DEBUG org.asynchttpclient.netty.handler.HttpHandler - 

Request DefaultHttpRequest(decodeResult: success, version: HTTP/1.1)
POST /session/5c0ff446978ff68d7f4b8597dda626ed/element HTTP/1.1
User-Agent: selenium/4.1.2 (java windows)
Content-Length: 53
Content-Type: application/json; charset=utf-8
host: localhost:62608
accept: */*

Response DefaultHttpResponse(decodeResult: success, version: HTTP/1.1)
HTTP/1.1 400 Bad Request
Content-Type: application/json; charset=utf-8
cache-control: no-cache
content-length: 957

01:50:53.822 [AsyncHttpClient-1-7] DEBUG org.asynchttpclient.netty.channel.ChannelManager - Adding key: http://localhost:62608 for channel [id: 0x9c202133, L:/127.0.0.1:57438 - R:localhost/127.0.0.1:62608]
01:50:53.826 [Forwarding findElement on session 5c0ff446978ff68d7f4b8597dda626ed to remote] DEBUG org.asynchttpclient.netty.request.NettyRequestSender - Using pooled Channel '[id: 0x9c202133, L:/127.0.0.1:57438 - R:localhost/127.0.0.1:62608]' for 'POST' to 'http://localhost:62608/session/5c0ff446978ff68d7f4b8597dda626ed/element'
01:50:53.826 [Forwarding findElement on session 5c0ff446978ff68d7f4b8597dda626ed to remote] DEBUG org.asynchttpclient.netty.request.NettyRequestSender - Using open Channel [id: 0x9c202133, L:/127.0.0.1:57438 - R:localhost/127.0.0.1:62608] for POST '/session/5c0ff446978ff68d7f4b8597dda626ed/element'
01:50:53.918 [AsyncHttpClient-1-7] DEBUG org.asynchttpclient.netty.handler.HttpHandler - 

Request DefaultHttpRequest(decodeResult: success, version: HTTP/1.1)
POST /session/5c0ff446978ff68d7f4b8597dda626ed/element HTTP/1.1
User-Agent: selenium/4.1.2 (java windows)
Content-Length: 63
Content-Type: application/json; charset=utf-8
host: localhost:62608
accept: */*

Response DefaultHttpResponse(decodeResult: success, version: HTTP/1.1)
HTTP/1.1 200 OK
Content-Type: application/json; charset=utf-8
cache-control: no-cache
content-length: 88

01:50:53.918 [AsyncHttpClient-1-7] DEBUG org.asynchttpclient.netty.channel.ChannelManager - Adding key: http://localhost:62608 for channel [id: 0x9c202133, L:/127.0.0.1:57438 - R:localhost/127.0.0.1:62608]
01:50:53.945 [Forwarding isElementDisplayed on session 5c0ff446978ff68d7f4b8597dda626ed to remote] DEBUG org.asynchttpclient.netty.request.NettyRequestSender - Using pooled Channel '[id: 0x9c202133, L:/127.0.0.1:57438 - R:localhost/127.0.0.1:62608]' for 'POST' to 'http://localhost:62608/session/5c0ff446978ff68d7f4b8597dda626ed/execute/sync'
01:50:53.945 [Forwarding isElementDisplayed on session 5c0ff446978ff68d7f4b8597dda626ed to remote] DEBUG org.asynchttpclient.netty.request.NettyRequestSender - Using open Channel [id: 0x9c202133, L:/127.0.0.1:57438 - R:localhost/127.0.0.1:62608] for POST '/session/5c0ff446978ff68d7f4b8597dda626ed/execute/sync'
01:50:54.000 [AsyncHttpClient-1-7] DEBUG org.asynchttpclient.netty.handler.HttpHandler - 

Request DefaultHttpRequest(decodeResult: success, version: HTTP/1.1)
POST /session/5c0ff446978ff68d7f4b8597dda626ed/execute/sync HTTP/1.1
User-Agent: selenium/4.1.2 (java windows)
Content-Length: 48780
Content-Type: application/json; charset=utf-8
host: localhost:62608
accept: */*

Response DefaultHttpResponse(decodeResult: success, version: HTTP/1.1)
HTTP/1.1 200 OK
Content-Type: application/json; charset=utf-8
cache-control: no-cache
content-length: 14

01:50:54.000 [AsyncHttpClient-1-7] DEBUG org.asynchttpclient.netty.channel.ChannelManager - Adding key: http://localhost:62608 for channel [id: 0x9c202133, L:/127.0.0.1:57438 - R:localhost/127.0.0.1:62608]
01:50:54.012 [Forwarding screenshot on session 5c0ff446978ff68d7f4b8597dda626ed to remote] DEBUG org.asynchttpclient.netty.request.NettyRequestSender - Using pooled Channel '[id: 0x9c202133, L:/127.0.0.1:57438 - R:localhost/127.0.0.1:62608]' for 'GET' to 'http://localhost:62608/session/5c0ff446978ff68d7f4b8597dda626ed/screenshot'
01:50:54.012 [Forwarding screenshot on session 5c0ff446978ff68d7f4b8597dda626ed to remote] DEBUG org.asynchttpclient.netty.request.NettyRequestSender - Using open Channel [id: 0x9c202133, L:/127.0.0.1:57438 - R:localhost/127.0.0.1:62608] for GET '/session/5c0ff446978ff68d7f4b8597dda626ed/screenshot'
01:50:54.270 [AsyncHttpClient-1-7] DEBUG org.asynchttpclient.netty.handler.HttpHandler - 

Request DefaultFullHttpRequest(decodeResult: success, version: HTTP/1.1, content: EmptyByteBufBE)
GET /session/5c0ff446978ff68d7f4b8597dda626ed/screenshot HTTP/1.1
User-Agent: selenium/4.1.2 (java windows)
Cache-Control: no-cache
Content-Type: application/json; charset=utf-8
host: localhost:62608
accept: */*

Response DefaultHttpResponse(decodeResult: success, version: HTTP/1.1)
HTTP/1.1 200 OK
Content-Type: application/json; charset=utf-8
cache-control: no-cache
content-length: 51432

01:50:54.271 [AsyncHttpClient-1-7] DEBUG org.asynchttpclient.netty.channel.ChannelManager - Adding key: http://localhost:62608 for channel [id: 0x9c202133, L:/127.0.0.1:57438 - R:localhost/127.0.0.1:62608]
01:50:54.274 [main] DEBUG net.serenitybdd.core.photography.Darkroom - Send negative for processing for target\site\serenity\2b6725b6ad9eab08e1c97fb8e7b038612fc2c9fcf7e50421b32f035671db1efd.png
01:50:54.274 [main] DEBUG net.thucydides.core.steps.StepInterceptor - STEP DONE: iGotErrorMassage
  &amp#27;[32mThen &amp#27;[0m&amp#27;[32mI got error massage&amp#27;[0m                             &amp#27;[90m# stepdefinitions.ARegisterStep.iGotErrorMassage()&amp#27;[0m
01:50:54.275 [Darkroom Processing Line] DEBUG net.serenitybdd.core.photography.DarkroomProcessingLine - Processing screenshot image in /var/screenshots/screenshot-1756645537112886286
01:50:54.275 [Darkroom Processing Line] DEBUG net.serenitybdd.core.photography.DarkroomProcessingLine - Saving screenshot to target\site\serenity\2b6725b6ad9eab08e1c97fb8e7b038612fc2c9fcf7e50421b32f035671db1efd.png
01:50:54.285 [main] INFO  - 
  _____   ___   ___   _____     ___     _     ___   ___   ___   ___  
 |_   _| | __| / __| |_   _|   | _ \   /_\   / __| / __| | __| |   \ 
   | |   | _|  \__ \   | |     |  _/  / _ \  \__ \ \__ \ | _|  | |) |
   |_|   |___| |___/   |_|     |_|   /_/ \_\ |___/ |___/ |___| |___/ 

As a user, i have not able to create account
----------------------------------------------------------------------
01:50:54.287 [AsyncHttpClient-1-9] DEBUG org.asynchttpclient.netty.handler.WebSocketHandler - Channel Closed: [id: 0xf3565234, L:/127.0.0.1:57448 ! R:localhost/127.0.0.1:57440] with attribute NettyResponseFuture{currentRetry=5,
	isDone=1,
	isCancelled=0,
	asyncHandler=org.asynchttpclient.ws.WebSocketUpgradeHandler@71e79c2c,
	nettyRequest=org.asynchttpclient.netty.request.NettyRequest@46ddc0a3,
	future=java.util.concurrent.CompletableFuture@40b0d2cb[Completed normally],
	uri=ws://localhost:57440/devtools/browser/606b69b8-68d6-44aa-a84d-bbb426473403,
	keepAlive=true,
	redirectCount=0,
	timeoutsHolder=null,
	inAuth=0,
	touch=1652381449546}
01:50:54.287 [AsyncHttpClient-1-9] DEBUG org.asynchttpclient.netty.channel.ChannelManager - Closing Channel [id: 0xf3565234, L:/127.0.0.1:57448 ! R:localhost/127.0.0.1:57440] 
01:50:54.288 [Driver Command Executor] DEBUG org.asynchttpclient.netty.request.NettyRequestSender - Using pooled Channel '[id: 0x9c202133, L:/127.0.0.1:57438 - R:localhost/127.0.0.1:62608]' for 'DELETE' to 'http://localhost:62608/session/5c0ff446978ff68d7f4b8597dda626ed'
01:50:54.288 [Driver Command Executor] DEBUG org.asynchttpclient.netty.request.NettyRequestSender - Using open Channel [id: 0x9c202133, L:/127.0.0.1:57438 - R:localhost/127.0.0.1:62608] for DELETE '/session/5c0ff446978ff68d7f4b8597dda626ed'
01:50:54.431 [AsyncHttpClient-1-8] DEBUG org.asynchttpclient.netty.handler.HttpHandler - Unexpected I/O exception on channel [id: 0x7fc51e09, L:/127.0.0.1:57447 - R:localhost/127.0.0.1:57440]
java.io.IOException: An existing connection was forcibly closed by the remote host
	at java.base/sun.nio.ch.SocketDispatcher.read0(Native Method)
	at java.base/sun.nio.ch.SocketDispatcher.read(SocketDispatcher.java:43)
	at java.base/sun.nio.ch.IOUtil.readIntoNativeBuffer(IOUtil.java:276)
	at java.base/sun.nio.ch.IOUtil.read(IOUtil.java:233)
	at java.base/sun.nio.ch.IOUtil.read(IOUtil.java:223)
	at java.base/sun.nio.ch.SocketChannelImpl.read(SocketChannelImpl.java:358)
	at io.netty.buffer.PooledByteBuf.setBytes(PooledByteBuf.java:258)
	at io.netty.buffer.AbstractByteBuf.writeBytes(AbstractByteBuf.java:1132)
	at io.netty.channel.socket.nio.NioSocketChannel.doReadBytes(NioSocketChannel.java:350)
	at io.netty.channel.nio.AbstractNioByteChannel$NioByteUnsafe.read(AbstractNioByteChannel.java:151)
	at io.netty.channel.nio.NioEventLoop.processSelectedKey(NioEventLoop.java:722)
	at io.netty.channel.nio.NioEventLoop.processSelectedKeysOptimized(NioEventLoop.java:658)
	at io.netty.channel.nio.NioEventLoop.processSelectedKeys(NioEventLoop.java:584)
	at io.netty.channel.nio.NioEventLoop.run(NioEventLoop.java:496)
	at io.netty.util.concurrent.SingleThreadEventExecutor$4.run(SingleThreadEventExecutor.java:986)
	at io.netty.util.internal.ThreadExecutorMap$2.run(ThreadExecutorMap.java:74)
	at io.netty.util.concurrent.FastThreadLocalRunnable.run(FastThreadLocalRunnable.java:30)
	at java.base/java.lang.Thread.run(Thread.java:834)
01:50:54.432 [AsyncHttpClient-1-8] DEBUG org.asynchttpclient.netty.channel.ChannelManager - Closing Channel [id: 0x7fc51e09, L:/127.0.0.1:57447 - R:localhost/127.0.0.1:57440] 
01:50:54.432 [AsyncHttpClient-1-8] DEBUG org.asynchttpclient.netty.handler.HttpHandler - Channel Closed: [id: 0x7fc51e09, L:/127.0.0.1:57447 ! R:localhost/127.0.0.1:57440] with attribute DISCARD
01:50:54.460 [AsyncHttpClient-1-7] DEBUG org.asynchttpclient.netty.handler.HttpHandler - 

Request DefaultFullHttpRequest(decodeResult: success, version: HTTP/1.1, content: EmptyByteBufBE)
DELETE /session/5c0ff446978ff68d7f4b8597dda626ed HTTP/1.1
User-Agent: selenium/4.1.2 (java windows)
Content-Type: application/json; charset=utf-8
host: localhost:62608
accept: */*

Response DefaultHttpResponse(decodeResult: success, version: HTTP/1.1)
HTTP/1.1 200 OK
Content-Type: application/json; charset=utf-8
cache-control: no-cache
content-length: 14

01:50:54.461 [AsyncHttpClient-1-7] DEBUG org.asynchttpclient.netty.channel.ChannelManager - Adding key: http://localhost:62608 for channel [id: 0x9c202133, L:/127.0.0.1:57438 - R:localhost/127.0.0.1:62608]
01:50:54.774 [AsyncHttpClient-1-1] DEBUG org.asynchttpclient.netty.channel.DefaultChannelPool - Entry count for : http://localhost:57440 : 1
01:50:54.774 [AsyncHttpClient-1-1] DEBUG org.asynchttpclient.netty.channel.DefaultChannelPool - Entry count for : http://localhost:62608 : 1
01:50:54.774 [AsyncHttpClient-1-1] DEBUG org.asynchttpclient.netty.channel.DefaultChannelPool - Adding Candidate expired Channel [id: 0x7fc51e09, L:/127.0.0.1:57447 ! R:localhost/127.0.0.1:57440] isIdleTimeoutExpired=false isRemotelyClosed=true isTtlExpired=false
01:50:54.774 [AsyncHttpClient-1-1] DEBUG org.asynchttpclient.netty.channel.DefaultChannelPool - Closing Idle Channel [id: 0x7fc51e09, L:/127.0.0.1:57447 ! R:localhost/127.0.0.1:57440]
01:50:54.774 [AsyncHttpClient-1-1] DEBUG org.asynchttpclient.netty.channel.DefaultChannelPool - Closed 1 connections out of 2 in 0 ms
01:50:55.095 [AsyncHttpClient-1-7] DEBUG org.asynchttpclient.netty.handler.HttpHandler - Channel Closed: [id: 0x9c202133, L:/127.0.0.1:57438 ! R:localhost/127.0.0.1:62608] with attribute DISCARD
]]></system-out>
    <system-err><![CDATA[Starting ChromeDriver 101.0.4951.41 (93c720db8323b3ec10d056025ab95c23a31997c9-refs/branch-heads/4951@{#904}) on port 62608
Only local connections are allowed.
Please see https://chromedriver.chromium.org/security-considerations for suggestions on keeping ChromeDriver safe.
ChromeDriver was started successfully.
May 13, 2022 1:50:49 AM org.openqa.selenium.remote.ProtocolHandshake createSession
INFO: Detected dialect: W3C
May 13, 2022 1:50:49 AM org.openqa.selenium.devtools.CdpVersionFinder findNearestMatch
WARNING: Unable to find an exact match for CDP version 101, so returning the closest version found: 97
May 13, 2022 1:50:49 AM org.openqa.selenium.devtools.CdpVersionFinder findNearestMatch
INFO: Found CDP implementation for version 101 of 97
]]></system-err>
  </testcase>
</testsuite>