<?xml version="1.0" encoding="UTF-8"?>
<testsuite xmlns:xsi="http://www.w3.org/2001/XMLSchema-instance" xsi:noNamespaceSchemaLocation="https://maven.apache.org/surefire/maven-failsafe-plugin/xsd/failsafe-test-report-3.0.xsd" version="3.0" name="CucumberTestSuite" time="282.33" tests="11" errors="1" skipped="0" failures="0">
  <properties>
    <property name="sun.desktop" value="windows"/>
    <property name="awt.toolkit" value="sun.awt.windows.WToolkit"/>
    <property name="java.specification.version" value="11"/>
    <property name="webdriver.chrome.driver" value="D:\Mini Project-QE Alta\Web Automation\FrontEnd-AltaShop\src\test\resources\webdriver\chromedriver"/>
    <property name="sun.cpu.isalist" value="amd64"/>
    <property name="sun.jnu.encoding" value="Cp1252"/>
    <property name="java.class.path" value="D:\Mini Project-QE Alta\Web Automation\FrontEnd-AltaShop\target\test-classes;C:\Users\Siti Nurlatipah\.m2\repository\net\serenity-bdd\serenity-core\3.2.1\serenity-core-3.2.1.jar;C:\Users\Siti Nurlatipah\.m2\repository\net\serenity-bdd\serenity-model\3.2.1\serenity-model-3.2.1.jar;C:\Users\Siti Nurlatipah\.m2\repository\org\apache\commons\commons-text\1.9\commons-text-1.9.jar;C:\Users\Siti Nurlatipah\.m2\repository\commons-net\commons-net\3.8.0\commons-net-3.8.0.jar;C:\Users\Siti Nurlatipah\.m2\repository\com\google\guava\guava\31.1-jre\guava-31.1-jre.jar;C:\Users\Siti Nurlatipah\.m2\repository\com\google\guava\failureaccess\1.0.1\failureaccess-1.0.1.jar;C:\Users\Siti Nurlatipah\.m2\repository\com\google\guava\listenablefuture\9999.0-empty-to-avoid-conflict-with-guava\listenablefuture-9999.0-empty-to-avoid-conflict-with-guava.jar;C:\Users\Siti Nurlatipah\.m2\repository\com\google\code\findbugs\jsr305\3.0.2\jsr305-3.0.2.jar;C:\Users\Siti Nurlatipah\.m2\repository\org\checkerframework\checker-qual\3.12.0\checker-qual-3.12.0.jar;C:\Users\Siti Nurlatipah\.m2\repository\com\google\errorprone\error_prone_annotations\2.11.0\error_prone_annotations-2.11.0.jar;C:\Users\Siti Nurlatipah\.m2\repository\com\google\j2objc\j2objc-annotations\1.3\j2objc-annotations-1.3.jar;C:\Users\Siti Nurlatipah\.m2\repository\com\google\inject\guice\5.1.0\guice-5.1.0.jar;C:\Users\Siti Nurlatipah\.m2\repository\javax\inject\javax.inject\1\javax.inject-1.jar;C:\Users\Siti Nurlatipah\.m2\repository\aopalliance\aopalliance\1.0\aopalliance-1.0.jar;C:\Users\Siti Nurlatipah\.m2\repository\org\jsoup\jsoup\1.14.3\jsoup-1.14.3.jar;C:\Users\Siti Nurlatipah\.m2\repository\com\thoughtworks\xstream\xstream\1.4.19\xstream-1.4.19.jar;C:\Users\Siti Nurlatipah\.m2\repository\io\github\x-stream\mxparser\1.2.2\mxparser-1.2.2.jar;C:\Users\Siti Nurlatipah\.m2\repository\xmlpull\xmlpull\1.1.3.1\xmlpull-1.1.3.1.jar;C:\Users\Siti Nurlatipah\.m2\repository\io\cucumber\cucumber-java\7.2.3\cucumber-java-7.2.3.jar;C:\Users\Siti Nurlatipah\.m2\repository\com\typesafe\config\1.4.2\config-1.4.2.jar;C:\Users\Siti Nurlatipah\.m2\repository\org\imgscalr\imgscalr-lib\4.2\imgscalr-lib-4.2.jar;C:\Users\Siti Nurlatipah\.m2\repository\org\awaitility\awaitility\4.2.0\awaitility-4.2.0.jar;C:\Users\Siti Nurlatipah\.m2\repository\org\freemarker\freemarker\2.3.31\freemarker-2.3.31.jar;C:\Users\Siti Nurlatipah\.m2\repository\io\github\classgraph\classgraph\4.8.138\classgraph-4.8.138.jar;C:\Users\Siti Nurlatipah\.m2\repository\net\sourceforge\jexcelapi\jxl\2.6.12\jxl-2.6.12.jar;C:\Users\Siti Nurlatipah\.m2\repository\net\bytebuddy\byte-buddy\1.12.8\byte-buddy-1.12.8.jar;C:\Users\Siti Nurlatipah\.m2\repository\net\bytebuddy\byte-buddy-agent\1.12.8\byte-buddy-agent-1.12.8.jar;C:\Users\Siti Nurlatipah\.m2\repository\org\objenesis\objenesis\3.1\objenesis-3.1.jar;C:\Users\Siti Nurlatipah\.m2\repository\net\serenity-bdd\serenity-reports\3.2.1\serenity-reports-3.2.1.jar;C:\Users\Siti Nurlatipah\.m2\repository\net\serenity-bdd\serenity-stats\3.2.1\serenity-stats-3.2.1.jar;C:\Users\Siti Nurlatipah\.m2\repository\net\serenity-bdd\serenity-reports-configuration\3.2.1\serenity-reports-configuration-3.2.1.jar;C:\Users\Siti Nurlatipah\.m2\repository\com\vladsch\flexmark\flexmark-all\0.34.30\flexmark-all-0.34.30.jar;C:\Users\Siti Nurlatipah\.m2\repository\com\vladsch\flexmark\flexmark\0.34.30\flexmark-0.34.30.jar;C:\Users\Siti Nurlatipah\.m2\repository\com\vladsch\flexmark\flexmark-ext-abbreviation\0.34.30\flexmark-ext-abbreviation-0.34.30.jar;C:\Users\Siti Nurlatipah\.m2\repository\com\vladsch\flexmark\flexmark-ext-admonition\0.34.30\flexmark-ext-admonition-0.34.30.jar;C:\Users\Siti Nurlatipah\.m2\repository\com\vladsch\flexmark\flexmark-ext-anchorlink\0.34.30\flexmark-ext-anchorlink-0.34.30.jar;C:\Users\Siti Nurlatipah\.m2\repository\com\vladsch\flexmark\flexmark-ext-aside\0.34.30\flexmark-ext-aside-0.34.30.jar;C:\Users\Siti Nurlatipah\.m2\repository\com\vladsch\flexmark\flexmark-ext-attributes\0.34.30\flexmark-ext-attributes-0.34.30.jar;C:\Users\Siti Nurlatipah\.m2\repository\com\vladsch\flexmark\flexmark-ext-autolink\0.34.30\flexmark-ext-autolink-0.34.30.jar;C:\Users\Siti Nurlatipah\.m2\repository\org\nibor\autolink\autolink\0.6.0\autolink-0.6.0.jar;C:\Users\Siti Nurlatipah\.m2\repository\com\vladsch\flexmark\flexmark-ext-definition\0.34.30\flexmark-ext-definition-0.34.30.jar;C:\Users\Siti Nurlatipah\.m2\repository\com\vladsch\flexmark\flexmark-ext-emoji\0.34.30\flexmark-ext-emoji-0.34.30.jar;C:\Users\Siti Nurlatipah\.m2\repository\com\vladsch\flexmark\flexmark-ext-enumerated-reference\0.34.30\flexmark-ext-enumerated-reference-0.34.30.jar;C:\Users\Siti Nurlatipah\.m2\repository\com\vladsch\flexmark\flexmark-ext-escaped-character\0.34.30\flexmark-ext-escaped-character-0.34.30.jar;C:\Users\Siti Nurlatipah\.m2\repository\com\vladsch\flexmark\flexmark-ext-footnotes\0.34.30\flexmark-ext-footnotes-0.34.30.jar;C:\Users\Siti Nurlatipah\.m2\repository\com\vladsch\flexmark\flexmark-ext-gfm-issues\0.34.30\flexmark-ext-gfm-issues-0.34.30.jar;C:\Users\Siti Nurlatipah\.m2\repository\com\vladsch\flexmark\flexmark-ext-gfm-strikethrough\0.34.30\flexmark-ext-gfm-strikethrough-0.34.30.jar;C:\Users\Siti Nurlatipah\.m2\repository\com\vladsch\flexmark\flexmark-ext-gfm-tables\0.34.30\flexmark-ext-gfm-tables-0.34.30.jar;C:\Users\Siti Nurlatipah\.m2\repository\com\vladsch\flexmark\flexmark-ext-gfm-tasklist\0.34.30\flexmark-ext-gfm-tasklist-0.34.30.jar;C:\Users\Siti Nurlatipah\.m2\repository\com\vladsch\flexmark\flexmark-ext-gfm-users\0.34.30\flexmark-ext-gfm-users-0.34.30.jar;C:\Users\Siti Nurlatipah\.m2\repository\com\vladsch\flexmark\flexmark-ext-gitlab\0.34.30\flexmark-ext-gitlab-0.34.30.jar;C:\Users\Siti Nurlatipah\.m2\repository\com\vladsch\flexmark\flexmark-ext-jekyll-front-matter\0.34.30\flexmark-ext-jekyll-front-matter-0.34.30.jar;C:\Users\Siti Nurlatipah\.m2\repository\com\vladsch\flexmark\flexmark-ext-jekyll-tag\0.34.30\flexmark-ext-jekyll-tag-0.34.30.jar;C:\Users\Siti Nurlatipah\.m2\repository\com\vladsch\flexmark\flexmark-ext-media-tags\0.34.30\flexmark-ext-media-tags-0.34.30.jar;C:\Users\Siti Nurlatipah\.m2\repository\com\vladsch\flexmark\flexmark-test-util\0.34.30\flexmark-test-util-0.34.30.jar;C:\Users\Siti Nurlatipah\.m2\repository\com\vladsch\flexmark\flexmark-ext-ins\0.34.30\flexmark-ext-ins-0.34.30.jar;C:\Users\Siti Nurlatipah\.m2\repository\com\vladsch\flexmark\flexmark-ext-xwiki-macros\0.34.30\flexmark-ext-xwiki-macros-0.34.30.jar;C:\Users\Siti Nurlatipah\.m2\repository\com\vladsch\flexmark\flexmark-ext-superscript\0.34.30\flexmark-ext-superscript-0.34.30.jar;C:\Users\Siti Nurlatipah\.m2\repository\com\vladsch\flexmark\flexmark-ext-tables\0.34.30\flexmark-ext-tables-0.34.30.jar;C:\Users\Siti Nurlatipah\.m2\repository\com\vladsch\flexmark\flexmark-ext-toc\0.34.30\flexmark-ext-toc-0.34.30.jar;C:\Users\Siti Nurlatipah\.m2\repository\com\vladsch\flexmark\flexmark-ext-typographic\0.34.30\flexmark-ext-typographic-0.34.30.jar;C:\Users\Siti Nurlatipah\.m2\repository\com\vladsch\flexmark\flexmark-ext-wikilink\0.34.30\flexmark-ext-wikilink-0.34.30.jar;C:\Users\Siti Nurlatipah\.m2\repository\com\vladsch\flexmark\flexmark-ext-yaml-front-matter\0.34.30\flexmark-ext-yaml-front-matter-0.34.30.jar;C:\Users\Siti Nurlatipah\.m2\repository\com\vladsch\flexmark\flexmark-ext-youtube-embedded\0.34.30\flexmark-ext-youtube-embedded-0.34.30.jar;C:\Users\Siti Nurlatipah\.m2\repository\com\vladsch\flexmark\flexmark-formatter\0.34.30\flexmark-formatter-0.34.30.jar;C:\Users\Siti Nurlatipah\.m2\repository\com\vladsch\flexmark\flexmark-html-parser\0.34.30\flexmark-html-parser-0.34.30.jar;C:\Users\Siti Nurlatipah\.m2\repository\com\vladsch\flexmark\flexmark-jira-converter\0.34.30\flexmark-jira-converter-0.34.30.jar;C:\Users\Siti Nurlatipah\.m2\repository\com\vladsch\flexmark\flexmark-pdf-converter\0.34.30\flexmark-pdf-converter-0.34.30.jar;C:\Users\Siti Nurlatipah\.m2\repository\com\openhtmltopdf\openhtmltopdf-core\0.0.1-RC13\openhtmltopdf-core-0.0.1-RC13.jar;C:\Users\Siti Nurlatipah\.m2\repository\com\openhtmltopdf\openhtmltopdf-pdfbox\0.0.1-RC13\openhtmltopdf-pdfbox-0.0.1-RC13.jar;C:\Users\Siti Nurlatipah\.m2\repository\org\apache\pdfbox\pdfbox\2.0.8\pdfbox-2.0.8.jar;C:\Users\Siti Nurlatipah\.m2\repository\org\apache\pdfbox\fontbox\2.0.8\fontbox-2.0.8.jar;C:\Users\Siti Nurlatipah\.m2\repository\commons-logging\commons-logging\1.2\commons-logging-1.2.jar;C:\Users\Siti Nurlatipah\.m2\repository\org\apache\pdfbox\xmpbox\2.0.8\xmpbox-2.0.8.jar;C:\Users\Siti Nurlatipah\.m2\repository\de\rototor\pdfbox\graphics2d\0.12\graphics2d-0.12.jar;C:\Users\Siti Nurlatipah\.m2\repository\com\openhtmltopdf\openhtmltopdf-rtl-support\0.0.1-RC13\openhtmltopdf-rtl-support-0.0.1-RC13.jar;C:\Users\Siti Nurlatipah\.m2\repository\com\ibm\icu\icu4j\59.1\icu4j-59.1.jar;C:\Users\Siti Nurlatipah\.m2\repository\com\openhtmltopdf\openhtmltopdf-jsoup-dom-converter\0.0.1-RC13\openhtmltopdf-jsoup-dom-converter-0.0.1-RC13.jar;C:\Users\Siti Nurlatipah\.m2\repository\com\vladsch\flexmark\flexmark-profile-pegdown\0.34.30\flexmark-profile-pegdown-0.34.30.jar;C:\Users\Siti Nurlatipah\.m2\repository\com\vladsch\flexmark\flexmark-util\0.34.30\flexmark-util-0.34.30.jar;C:\Users\Siti Nurlatipah\.m2\repository\com\vladsch\flexmark\flexmark-youtrack-converter\0.34.30\flexmark-youtrack-converter-0.34.30.jar;C:\Users\Siti Nurlatipah\.m2\repository\es\nitaur\markdown\txtmark\0.16\txtmark-0.16.jar;C:\Users\Siti Nurlatipah\.m2\repository\net\serenity-bdd\serenity-report-resources\3.2.1\serenity-report-resources-3.2.1.jar;C:\Users\Siti Nurlatipah\.m2\repository\com\google\code\gson\gson\2.9.0\gson-2.9.0.jar;C:\Users\Siti Nurlatipah\.m2\repository\com\fasterxml\jackson\core\jackson-core\2.13.2\jackson-core-2.13.2.jar;C:\Users\Siti Nurlatipah\.m2\repository\com\fasterxml\jackson\core\jackson-databind\2.13.2\jackson-databind-2.13.2.jar;C:\Users\Siti Nurlatipah\.m2\repository\com\fasterxml\jackson\core\jackson-annotations\2.13.2\jackson-annotations-2.13.2.jar;C:\Users\Siti Nurlatipah\.m2\repository\commons-codec\commons-codec\1.15\commons-codec-1.15.jar;C:\Users\Siti Nurlatipah\.m2\repository\commons-io\commons-io\2.11.0\commons-io-2.11.0.jar;C:\Users\Siti Nurlatipah\.m2\repository\org\seleniumhq\selenium\selenium-java\4.1.2\selenium-java-4.1.2.jar;C:\Users\Siti Nurlatipah\.m2\repository\org\seleniumhq\selenium\selenium-devtools-v85\4.1.2\selenium-devtools-v85-4.1.2.jar;C:\Users\Siti Nurlatipah\.m2\repository\org\seleniumhq\selenium\selenium-devtools-v95\4.1.2\selenium-devtools-v95-4.1.2.jar;C:\Users\Siti Nurlatipah\.m2\repository\org\seleniumhq\selenium\selenium-devtools-v96\4.1.2\selenium-devtools-v96-4.1.2.jar;C:\Users\Siti Nurlatipah\.m2\repository\org\seleniumhq\selenium\selenium-devtools-v97\4.1.2\selenium-devtools-v97-4.1.2.jar;C:\Users\Siti Nurlatipah\.m2\repository\org\seleniumhq\selenium\selenium-firefox-xpi-driver\4.1.2\selenium-firefox-xpi-driver-4.1.2.jar;C:\Users\Siti Nurlatipah\.m2\repository\org\seleniumhq\selenium\selenium-opera-driver\4.1.2\selenium-opera-driver-4.1.2.jar;C:\Users\Siti Nurlatipah\.m2\repository\org\seleniumhq\selenium\selenium-remote-driver\4.1.2\selenium-remote-driver-4.1.2.jar;C:\Users\Siti Nurlatipah\.m2\repository\com\beust\jcommander\1.82\jcommander-1.82.jar;C:\Users\Siti Nurlatipah\.m2\repository\io\netty\netty-buffer\4.1.73.Final\netty-buffer-4.1.73.Final.jar;C:\Users\Siti Nurlatipah\.m2\repository\io\netty\netty-codec-http\4.1.73.Final\netty-codec-http-4.1.73.Final.jar;C:\Users\Siti Nurlatipah\.m2\repository\io\netty\netty-codec\4.1.73.Final\netty-codec-4.1.73.Final.jar;C:\Users\Siti Nurlatipah\.m2\repository\io\netty\netty-handler\4.1.73.Final\netty-handler-4.1.73.Final.jar;C:\Users\Siti Nurlatipah\.m2\repository\io\netty\netty-tcnative-classes\2.0.46.Final\netty-tcnative-classes-2.0.46.Final.jar;C:\Users\Siti Nurlatipah\.m2\repository\io\netty\netty-common\4.1.73.Final\netty-common-4.1.73.Final.jar;C:\Users\Siti Nurlatipah\.m2\repository\io\netty\netty-transport-classes-epoll\4.1.73.Final\netty-transport-classes-epoll-4.1.73.Final.jar;C:\Users\Siti Nurlatipah\.m2\repository\io\netty\netty-transport-classes-kqueue\4.1.73.Final\netty-transport-classes-kqueue-4.1.73.Final.jar;C:\Users\Siti Nurlatipah\.m2\repository\io\netty\netty-transport-native-epoll\4.1.73.Final\netty-transport-native-epoll-4.1.73.Final.jar;C:\Users\Siti Nurlatipah\.m2\repository\io\netty\netty-transport-native-kqueue\4.1.73.Final\netty-transport-native-kqueue-4.1.73.Final.jar;C:\Users\Siti Nurlatipah\.m2\repository\io\netty\netty-transport-native-unix-common\4.1.73.Final\netty-transport-native-unix-common-4.1.73.Final.jar;C:\Users\Siti Nurlatipah\.m2\repository\io\netty\netty-transport\4.1.73.Final\netty-transport-4.1.73.Final.jar;C:\Users\Siti Nurlatipah\.m2\repository\io\netty\netty-resolver\4.1.73.Final\netty-resolver-4.1.73.Final.jar;C:\Users\Siti Nurlatipah\.m2\repository\io\opentelemetry\opentelemetry-api\1.10.1\opentelemetry-api-1.10.1.jar;C:\Users\Siti Nurlatipah\.m2\repository\io\opentelemetry\opentelemetry-context\1.10.1\opentelemetry-context-1.10.1.jar;C:\Users\Siti Nurlatipah\.m2\repository\io\opentelemetry\opentelemetry-exporter-logging\1.10.1\opentelemetry-exporter-logging-1.10.1.jar;C:\Users\Siti Nurlatipah\.m2\repository\io\opentelemetry\opentelemetry-sdk-metrics\1.10.1-alpha\opentelemetry-sdk-metrics-1.10.1-alpha.jar;C:\Users\Siti Nurlatipah\.m2\repository\io\opentelemetry\opentelemetry-sdk-logs\1.10.1-alpha\opentelemetry-sdk-logs-1.10.1-alpha.jar;C:\Users\Siti Nurlatipah\.m2\repository\io\opentelemetry\opentelemetry-sdk-common\1.10.1\opentelemetry-sdk-common-1.10.1.jar;C:\Users\Siti Nurlatipah\.m2\repository\io\opentelemetry\opentelemetry-sdk-extension-autoconfigure-spi\1.10.1\opentelemetry-sdk-extension-autoconfigure-spi-1.10.1.jar;C:\Users\Siti Nurlatipah\.m2\repository\io\opentelemetry\opentelemetry-sdk-extension-autoconfigure\1.10.1-alpha\opentelemetry-sdk-extension-autoconfigure-1.10.1-alpha.jar;C:\Users\Siti Nurlatipah\.m2\repository\io\opentelemetry\opentelemetry-sdk-trace\1.10.1\opentelemetry-sdk-trace-1.10.1.jar;C:\Users\Siti Nurlatipah\.m2\repository\io\opentelemetry\opentelemetry-sdk\1.10.1\opentelemetry-sdk-1.10.1.jar;C:\Users\Siti Nurlatipah\.m2\repository\io\opentelemetry\opentelemetry-semconv\1.10.1-alpha\opentelemetry-semconv-1.10.1-alpha.jar;C:\Users\Siti Nurlatipah\.m2\repository\io\ous\jtoml\2.0.0\jtoml-2.0.0.jar;C:\Users\Siti Nurlatipah\.m2\repository\org\apache\commons\commons-exec\1.3\commons-exec-1.3.jar;C:\Users\Siti Nurlatipah\.m2\repository\org\asynchttpclient\async-http-client\2.12.3\async-http-client-2.12.3.jar;C:\Users\Siti Nurlatipah\.m2\repository\org\asynchttpclient\async-http-client-netty-utils\2.12.3\async-http-client-netty-utils-2.12.3.jar;C:\Users\Siti Nurlatipah\.m2\repository\io\netty\netty-codec-socks\4.1.60.Final\netty-codec-socks-4.1.60.Final.jar;C:\Users\Siti Nurlatipah\.m2\repository\io\netty\netty-handler-proxy\4.1.60.Final\netty-handler-proxy-4.1.60.Final.jar;C:\Users\Siti Nurlatipah\.m2\repository\io\netty\netty-transport-native-epoll\4.1.60.Final\netty-transport-native-epoll-4.1.60.Final-linux-x86_64.jar;C:\Users\Siti Nurlatipah\.m2\repository\io\netty\netty-transport-native-kqueue\4.1.60.Final\netty-transport-native-kqueue-4.1.60.Final-osx-x86_64.jar;C:\Users\Siti Nurlatipah\.m2\repository\org\reactivestreams\reactive-streams\1.0.3\reactive-streams-1.0.3.jar;C:\Users\Siti Nurlatipah\.m2\repository\com\typesafe\netty\netty-reactive-streams\2.0.4\netty-reactive-streams-2.0.4.jar;C:\Users\Siti Nurlatipah\.m2\repository\org\seleniumhq\selenium\selenium-http\4.1.2\selenium-http-4.1.2.jar;C:\Users\Siti Nurlatipah\.m2\repository\net\jodah\failsafe\2.4.4\failsafe-2.4.4.jar;C:\Users\Siti Nurlatipah\.m2\repository\org\seleniumhq\selenium\selenium-safari-driver\4.1.2\selenium-safari-driver-4.1.2.jar;C:\Users\Siti Nurlatipah\.m2\repository\org\seleniumhq\selenium\selenium-api\4.1.2\selenium-api-4.1.2.jar;C:\Users\Siti Nurlatipah\.m2\repository\org\seleniumhq\selenium\selenium-support\4.1.2\selenium-support-4.1.2.jar;C:\Users\Siti Nurlatipah\.m2\repository\com\google\auto\service\auto-service-annotations\1.0.1\auto-service-annotations-1.0.1.jar;C:\Users\Siti Nurlatipah\.m2\repository\com\google\auto\service\auto-service\1.0.1\auto-service-1.0.1.jar;C:\Users\Siti Nurlatipah\.m2\repository\com\google\auto\auto-common\1.2\auto-common-1.2.jar;C:\Users\Siti Nurlatipah\.m2\repository\org\seleniumhq\selenium\selenium-json\4.1.2\selenium-json-4.1.2.jar;C:\Users\Siti Nurlatipah\.m2\repository\org\seleniumhq\selenium\selenium-chrome-driver\4.1.2\selenium-chrome-driver-4.1.2.jar;C:\Users\Siti Nurlatipah\.m2\repository\org\seleniumhq\selenium\selenium-chromium-driver\4.1.2\selenium-chromium-driver-4.1.2.jar;C:\Users\Siti Nurlatipah\.m2\repository\org\seleniumhq\selenium\selenium-firefox-driver\4.1.2\selenium-firefox-driver-4.1.2.jar;C:\Users\Siti Nurlatipah\.m2\repository\org\seleniumhq\selenium\selenium-edge-driver\4.1.2\selenium-edge-driver-4.1.2.jar;C:\Users\Siti Nurlatipah\.m2\repository\org\seleniumhq\selenium\selenium-ie-driver\4.1.2\selenium-ie-driver-4.1.2.jar;C:\Users\Siti Nurlatipah\.m2\repository\org\projectlombok\lombok\1.18.20\lombok-1.18.20.jar;C:\Users\Siti Nurlatipah\.m2\repository\io\appium\java-client\8.0.0\java-client-8.0.0.jar;C:\Users\Siti Nurlatipah\.m2\repository\commons-validator\commons-validator\1.7\commons-validator-1.7.jar;C:\Users\Siti Nurlatipah\.m2\repository\commons-digester\commons-digester\2.1\commons-digester-2.1.jar;C:\Users\Siti Nurlatipah\.m2\repository\org\aspectj\aspectjweaver\1.9.8\aspectjweaver-1.9.8.jar;C:\Users\Siti Nurlatipah\.m2\repository\org\codehaus\groovy\groovy\3.0.10\groovy-3.0.10.jar;C:\Users\Siti Nurlatipah\.m2\repository\net\sf\opencsv\opencsv\2.0\opencsv-2.0.jar;C:\Users\Siti Nurlatipah\.m2\repository\commons-beanutils\commons-beanutils\1.9.4\commons-beanutils-1.9.4.jar;C:\Users\Siti Nurlatipah\.m2\repository\org\apache\commons\commons-lang3\3.12.0\commons-lang3-3.12.0.jar;C:\Users\Siti Nurlatipah\.m2\repository\commons-collections\commons-collections\3.2.2\commons-collections-3.2.2.jar;C:\Users\Siti Nurlatipah\.m2\repository\org\fluentlenium\fluentlenium-core\0.10.2\fluentlenium-core-0.10.2.jar;C:\Users\Siti Nurlatipah\.m2\repository\io\github\bonigarcia\webdrivermanager\5.1.0\webdrivermanager-5.1.0.jar;C:\Users\Siti Nurlatipah\.m2\repository\com\github\docker-java\docker-java\3.2.13\docker-java-3.2.13.jar;C:\Users\Siti Nurlatipah\.m2\repository\com\github\docker-java\docker-java-core\3.2.13\docker-java-core-3.2.13.jar;C:\Users\Siti Nurlatipah\.m2\repository\com\github\docker-java\docker-java-api\3.2.13\docker-java-api-3.2.13.jar;C:\Users\Siti Nurlatipah\.m2\repository\org\apache\commons\commons-compress\1.21\commons-compress-1.21.jar;C:\Users\Siti Nurlatipah\.m2\repository\org\bouncycastle\bcpkix-jdk15on\1.64\bcpkix-jdk15on-1.64.jar;C:\Users\Siti Nurlatipah\.m2\repository\org\bouncycastle\bcprov-jdk15on\1.64\bcprov-jdk15on-1.64.jar;C:\Users\Siti Nurlatipah\.m2\repository\org\slf4j\jcl-over-slf4j\1.7.30\jcl-over-slf4j-1.7.30.jar;C:\Users\Siti Nurlatipah\.m2\repository\com\github\docker-java\docker-java-transport-httpclient5\3.2.13\docker-java-transport-httpclient5-3.2.13.jar;C:\Users\Siti Nurlatipah\.m2\repository\com\github\docker-java\docker-java-transport\3.2.13\docker-java-transport-3.2.13.jar;C:\Users\Siti Nurlatipah\.m2\repository\org\apache\httpcomponents\client5\httpclient5\5.0.3\httpclient5-5.0.3.jar;C:\Users\Siti Nurlatipah\.m2\repository\org\apache\httpcomponents\core5\httpcore5\5.0.2\httpcore5-5.0.2.jar;C:\Users\Siti Nurlatipah\.m2\repository\net\java\dev\jna\jna\5.8.0\jna-5.8.0.jar;C:\Users\Siti Nurlatipah\.m2\repository\org\brotli\dec\0.1.2\dec-0.1.2.jar;C:\Users\Siti Nurlatipah\.m2\repository\com\jhlabs\filters\2.0.235\filters-2.0.235.jar;C:\Users\Siti Nurlatipah\.m2\repository\com\paulhammant\ngwebdriver\1.1.6\ngwebdriver-1.1.6.jar;C:\Users\Siti Nurlatipah\.m2\repository\joda-time\joda-time\2.8.2\joda-time-2.8.2.jar;C:\Users\Siti Nurlatipah\.m2\repository\org\hamcrest\hamcrest\2.2\hamcrest-2.2.jar;C:\Users\Siti Nurlatipah\.m2\repository\com\google\jimfs\jimfs\1.2\jimfs-1.2.jar;C:\Users\Siti Nurlatipah\.m2\repository\org\mockito\mockito-core\3.3.3\mockito-core-3.3.3.jar;C:\Users\Siti Nurlatipah\.m2\repository\javax\xml\bind\jaxb-api\2.3.1\jaxb-api-2.3.1.jar;C:\Users\Siti Nurlatipah\.m2\repository\javax\activation\javax.activation-api\1.2.0\javax.activation-api-1.2.0.jar;C:\Users\Siti Nurlatipah\.m2\repository\com\sun\xml\bind\jaxb-core\2.3.0.1\jaxb-core-2.3.0.1.jar;C:\Users\Siti Nurlatipah\.m2\repository\com\sun\xml\bind\jaxb-impl\2.3.3\jaxb-impl-2.3.3.jar;C:\Users\Siti Nurlatipah\.m2\repository\jakarta\xml\bind\jakarta.xml.bind-api\2.3.3\jakarta.xml.bind-api-2.3.3.jar;C:\Users\Siti Nurlatipah\.m2\repository\com\sun\activation\jakarta.activation\1.2.2\jakarta.activation-1.2.2.jar;C:\Users\Siti Nurlatipah\.m2\repository\javax\activation\activation\1.1.1\activation-1.1.1.jar;C:\Users\Siti Nurlatipah\.m2\repository\net\serenity-bdd\serenity-cucumber\3.2.1\serenity-cucumber-3.2.1.jar;C:\Users\Siti Nurlatipah\.m2\repository\io\cucumber\cucumber-core\7.2.3\cucumber-core-7.2.3.jar;C:\Users\Siti Nurlatipah\.m2\repository\io\cucumber\cucumber-gherkin\7.2.3\cucumber-gherkin-7.2.3.jar;C:\Users\Siti Nurlatipah\.m2\repository\io\cucumber\cucumber-gherkin-messages\7.2.3\cucumber-gherkin-messages-7.2.3.jar;C:\Users\Siti Nurlatipah\.m2\repository\io\cucumber\messages\17.1.1\messages-17.1.1.jar;C:\Users\Siti Nurlatipah\.m2\repository\io\cucumber\tag-expressions\4.1.0\tag-expressions-4.1.0.jar;C:\Users\Siti Nurlatipah\.m2\repository\io\cucumber\cucumber-expressions\15.0.1\cucumber-expressions-15.0.1.jar;C:\Users\Siti Nurlatipah\.m2\repository\io\cucumber\datatable\7.2.3\datatable-7.2.3.jar;C:\Users\Siti Nurlatipah\.m2\repository\io\cucumber\cucumber-plugin\7.2.3\cucumber-plugin-7.2.3.jar;C:\Users\Siti Nurlatipah\.m2\repository\io\cucumber\docstring\7.2.3\docstring-7.2.3.jar;C:\Users\Siti Nurlatipah\.m2\repository\io\cucumber\html-formatter\17.0.0\html-formatter-17.0.0.jar;C:\Users\Siti Nurlatipah\.m2\repository\io\cucumber\ci-environment\8.1.0\ci-environment-8.1.0.jar;C:\Users\Siti Nurlatipah\.m2\repository\io\cucumber\cucumber-junit\7.2.3\cucumber-junit-7.2.3.jar;C:\Users\Siti Nurlatipah\.m2\repository\org\apache\commons\commons-csv\1.5\commons-csv-1.5.jar;C:\Users\Siti Nurlatipah\.m2\repository\net\serenity-bdd\serenity-screenplay\3.2.1\serenity-screenplay-3.2.1.jar;C:\Users\Siti Nurlatipah\.m2\repository\net\serenity-bdd\serenity-screenplay-webdriver\3.2.1\serenity-screenplay-webdriver-3.2.1.jar;C:\Users\Siti Nurlatipah\.m2\repository\net\serenity-bdd\serenity-ensure\3.2.1\serenity-ensure-3.2.1.jar;C:\Users\Siti Nurlatipah\.m2\repository\net\serenity-bdd\serenity-junit\3.2.1\serenity-junit-3.2.1.jar;C:\Users\Siti Nurlatipah\.m2\repository\org\jetbrains\kotlin\kotlin-stdlib\1.6.0\kotlin-stdlib-1.6.0.jar;C:\Users\Siti Nurlatipah\.m2\repository\org\jetbrains\annotations\13.0\annotations-13.0.jar;C:\Users\Siti Nurlatipah\.m2\repository\org\jetbrains\kotlin\kotlin-stdlib-common\1.6.0\kotlin-stdlib-common-1.6.0.jar;C:\Users\Siti Nurlatipah\.m2\repository\org\junit\platform\junit-platform-launcher\1.8.1\junit-platform-launcher-1.8.1.jar;C:\Users\Siti Nurlatipah\.m2\repository\org\junit\platform\junit-platform-engine\1.8.1\junit-platform-engine-1.8.1.jar;C:\Users\Siti Nurlatipah\.m2\repository\org\opentest4j\opentest4j\1.2.0\opentest4j-1.2.0.jar;C:\Users\Siti Nurlatipah\.m2\repository\org\junit\platform\junit-platform-commons\1.8.1\junit-platform-commons-1.8.1.jar;C:\Users\Siti Nurlatipah\.m2\repository\org\apiguardian\apiguardian-api\1.1.2\apiguardian-api-1.1.2.jar;C:\Users\Siti Nurlatipah\.m2\repository\org\junit\jupiter\junit-jupiter-engine\5.8.2\junit-jupiter-engine-5.8.2.jar;C:\Users\Siti Nurlatipah\.m2\repository\org\junit\jupiter\junit-jupiter-api\5.8.2\junit-jupiter-api-5.8.2.jar;C:\Users\Siti Nurlatipah\.m2\repository\com\github\javafaker\javafaker\1.0.2\javafaker-1.0.2.jar;C:\Users\Siti Nurlatipah\.m2\repository\org\yaml\snakeyaml\1.23\snakeyaml-1.23-android.jar;C:\Users\Siti Nurlatipah\.m2\repository\com\github\mifmif\generex\1.0.2\generex-1.0.2.jar;C:\Users\Siti Nurlatipah\.m2\repository\dk\brics\automaton\automaton\1.11-8\automaton-1.11-8.jar;C:\Users\Siti Nurlatipah\.m2\repository\org\junit\vintage\junit-vintage-engine\5.8.2\junit-vintage-engine-5.8.2.jar;C:\Users\Siti Nurlatipah\.m2\repository\junit\junit\4.13.2\junit-4.13.2.jar;C:\Users\Siti Nurlatipah\.m2\repository\org\hamcrest\hamcrest-core\1.3\hamcrest-core-1.3.jar;C:\Users\Siti Nurlatipah\.m2\repository\ch\qos\logback\logback-classic\1.2.10\logback-classic-1.2.10.jar;C:\Users\Siti Nurlatipah\.m2\repository\ch\qos\logback\logback-core\1.2.10\logback-core-1.2.10.jar;C:\Users\Siti Nurlatipah\.m2\repository\org\slf4j\slf4j-api\1.7.32\slf4j-api-1.7.32.jar;C:\Users\Siti Nurlatipah\.m2\repository\org\assertj\assertj-core\3.6.2\assertj-core-3.6.2.jar;"/>
    <property name="java.vm.vendor" value="Oracle Corporation"/>
    <property name="sun.arch.data.model" value="64"/>
    <property name="user.variant" value=""/>
    <property name="java.vendor.url" value="https://openjdk.java.net/"/>
    <property name="user.timezone" value="Asia/Bangkok"/>
    <property name="log4j2.formatMsgNoLookups" value="true"/>
    <property name="java.vm.specification.version" value="11"/>
    <property name="os.name" value="Windows 10"/>
    <property name="sun.java.launcher" value="SUN_STANDARD"/>
    <property name="user.country" value="ID"/>
    <property name="sun.boot.library.path" value="C:\Program Files\Java\jdk-11.0.14\bin"/>
    <property name="sun.java.command" value="org.apache.maven.surefire.booter.ForkedBooter C:\Users\Siti Nurlatipah\AppData\Local\Temp\surefire16467555580492293416 2022-05-14T00-36-45_450-jvmRun1 surefire17876517883796412291tmp surefire_010994150049352126226tmp"/>
    <property name="jdk.debug" value="release"/>
    <property name="surefire.test.class.path" value="D:\Mini Project-QE Alta\Web Automation\FrontEnd-AltaShop\target\test-classes;C:\Users\Siti Nurlatipah\.m2\repository\net\serenity-bdd\serenity-core\3.2.1\serenity-core-3.2.1.jar;C:\Users\Siti Nurlatipah\.m2\repository\net\serenity-bdd\serenity-model\3.2.1\serenity-model-3.2.1.jar;C:\Users\Siti Nurlatipah\.m2\repository\org\apache\commons\commons-text\1.9\commons-text-1.9.jar;C:\Users\Siti Nurlatipah\.m2\repository\commons-net\commons-net\3.8.0\commons-net-3.8.0.jar;C:\Users\Siti Nurlatipah\.m2\repository\com\google\guava\guava\31.1-jre\guava-31.1-jre.jar;C:\Users\Siti Nurlatipah\.m2\repository\com\google\guava\failureaccess\1.0.1\failureaccess-1.0.1.jar;C:\Users\Siti Nurlatipah\.m2\repository\com\google\guava\listenablefuture\9999.0-empty-to-avoid-conflict-with-guava\listenablefuture-9999.0-empty-to-avoid-conflict-with-guava.jar;C:\Users\Siti Nurlatipah\.m2\repository\com\google\code\findbugs\jsr305\3.0.2\jsr305-3.0.2.jar;C:\Users\Siti Nurlatipah\.m2\repository\org\checkerframework\checker-qual\3.12.0\checker-qual-3.12.0.jar;C:\Users\Siti Nurlatipah\.m2\repository\com\google\errorprone\error_prone_annotations\2.11.0\error_prone_annotations-2.11.0.jar;C:\Users\Siti Nurlatipah\.m2\repository\com\google\j2objc\j2objc-annotations\1.3\j2objc-annotations-1.3.jar;C:\Users\Siti Nurlatipah\.m2\repository\com\google\inject\guice\5.1.0\guice-5.1.0.jar;C:\Users\Siti Nurlatipah\.m2\repository\javax\inject\javax.inject\1\javax.inject-1.jar;C:\Users\Siti Nurlatipah\.m2\repository\aopalliance\aopalliance\1.0\aopalliance-1.0.jar;C:\Users\Siti Nurlatipah\.m2\repository\org\jsoup\jsoup\1.14.3\jsoup-1.14.3.jar;C:\Users\Siti Nurlatipah\.m2\repository\com\thoughtworks\xstream\xstream\1.4.19\xstream-1.4.19.jar;C:\Users\Siti Nurlatipah\.m2\repository\io\github\x-stream\mxparser\1.2.2\mxparser-1.2.2.jar;C:\Users\Siti Nurlatipah\.m2\repository\xmlpull\xmlpull\1.1.3.1\xmlpull-1.1.3.1.jar;C:\Users\Siti Nurlatipah\.m2\repository\io\cucumber\cucumber-java\7.2.3\cucumber-java-7.2.3.jar;C:\Users\Siti Nurlatipah\.m2\repository\com\typesafe\config\1.4.2\config-1.4.2.jar;C:\Users\Siti Nurlatipah\.m2\repository\org\imgscalr\imgscalr-lib\4.2\imgscalr-lib-4.2.jar;C:\Users\Siti Nurlatipah\.m2\repository\org\awaitility\awaitility\4.2.0\awaitility-4.2.0.jar;C:\Users\Siti Nurlatipah\.m2\repository\org\freemarker\freemarker\2.3.31\freemarker-2.3.31.jar;C:\Users\Siti Nurlatipah\.m2\repository\io\github\classgraph\classgraph\4.8.138\classgraph-4.8.138.jar;C:\Users\Siti Nurlatipah\.m2\repository\net\sourceforge\jexcelapi\jxl\2.6.12\jxl-2.6.12.jar;C:\Users\Siti Nurlatipah\.m2\repository\net\bytebuddy\byte-buddy\1.12.8\byte-buddy-1.12.8.jar;C:\Users\Siti Nurlatipah\.m2\repository\net\bytebuddy\byte-buddy-agent\1.12.8\byte-buddy-agent-1.12.8.jar;C:\Users\Siti Nurlatipah\.m2\repository\org\objenesis\objenesis\3.1\objenesis-3.1.jar;C:\Users\Siti Nurlatipah\.m2\repository\net\serenity-bdd\serenity-reports\3.2.1\serenity-reports-3.2.1.jar;C:\Users\Siti Nurlatipah\.m2\repository\net\serenity-bdd\serenity-stats\3.2.1\serenity-stats-3.2.1.jar;C:\Users\Siti Nurlatipah\.m2\repository\net\serenity-bdd\serenity-reports-configuration\3.2.1\serenity-reports-configuration-3.2.1.jar;C:\Users\Siti Nurlatipah\.m2\repository\com\vladsch\flexmark\flexmark-all\0.34.30\flexmark-all-0.34.30.jar;C:\Users\Siti Nurlatipah\.m2\repository\com\vladsch\flexmark\flexmark\0.34.30\flexmark-0.34.30.jar;C:\Users\Siti Nurlatipah\.m2\repository\com\vladsch\flexmark\flexmark-ext-abbreviation\0.34.30\flexmark-ext-abbreviation-0.34.30.jar;C:\Users\Siti Nurlatipah\.m2\repository\com\vladsch\flexmark\flexmark-ext-admonition\0.34.30\flexmark-ext-admonition-0.34.30.jar;C:\Users\Siti Nurlatipah\.m2\repository\com\vladsch\flexmark\flexmark-ext-anchorlink\0.34.30\flexmark-ext-anchorlink-0.34.30.jar;C:\Users\Siti Nurlatipah\.m2\repository\com\vladsch\flexmark\flexmark-ext-aside\0.34.30\flexmark-ext-aside-0.34.30.jar;C:\Users\Siti Nurlatipah\.m2\repository\com\vladsch\flexmark\flexmark-ext-attributes\0.34.30\flexmark-ext-attributes-0.34.30.jar;C:\Users\Siti Nurlatipah\.m2\repository\com\vladsch\flexmark\flexmark-ext-autolink\0.34.30\flexmark-ext-autolink-0.34.30.jar;C:\Users\Siti Nurlatipah\.m2\repository\org\nibor\autolink\autolink\0.6.0\autolink-0.6.0.jar;C:\Users\Siti Nurlatipah\.m2\repository\com\vladsch\flexmark\flexmark-ext-definition\0.34.30\flexmark-ext-definition-0.34.30.jar;C:\Users\Siti Nurlatipah\.m2\repository\com\vladsch\flexmark\flexmark-ext-emoji\0.34.30\flexmark-ext-emoji-0.34.30.jar;C:\Users\Siti Nurlatipah\.m2\repository\com\vladsch\flexmark\flexmark-ext-enumerated-reference\0.34.30\flexmark-ext-enumerated-reference-0.34.30.jar;C:\Users\Siti Nurlatipah\.m2\repository\com\vladsch\flexmark\flexmark-ext-escaped-character\0.34.30\flexmark-ext-escaped-character-0.34.30.jar;C:\Users\Siti Nurlatipah\.m2\repository\com\vladsch\flexmark\flexmark-ext-footnotes\0.34.30\flexmark-ext-footnotes-0.34.30.jar;C:\Users\Siti Nurlatipah\.m2\repository\com\vladsch\flexmark\flexmark-ext-gfm-issues\0.34.30\flexmark-ext-gfm-issues-0.34.30.jar;C:\Users\Siti Nurlatipah\.m2\repository\com\vladsch\flexmark\flexmark-ext-gfm-strikethrough\0.34.30\flexmark-ext-gfm-strikethrough-0.34.30.jar;C:\Users\Siti Nurlatipah\.m2\repository\com\vladsch\flexmark\flexmark-ext-gfm-tables\0.34.30\flexmark-ext-gfm-tables-0.34.30.jar;C:\Users\Siti Nurlatipah\.m2\repository\com\vladsch\flexmark\flexmark-ext-gfm-tasklist\0.34.30\flexmark-ext-gfm-tasklist-0.34.30.jar;C:\Users\Siti Nurlatipah\.m2\repository\com\vladsch\flexmark\flexmark-ext-gfm-users\0.34.30\flexmark-ext-gfm-users-0.34.30.jar;C:\Users\Siti Nurlatipah\.m2\repository\com\vladsch\flexmark\flexmark-ext-gitlab\0.34.30\flexmark-ext-gitlab-0.34.30.jar;C:\Users\Siti Nurlatipah\.m2\repository\com\vladsch\flexmark\flexmark-ext-jekyll-front-matter\0.34.30\flexmark-ext-jekyll-front-matter-0.34.30.jar;C:\Users\Siti Nurlatipah\.m2\repository\com\vladsch\flexmark\flexmark-ext-jekyll-tag\0.34.30\flexmark-ext-jekyll-tag-0.34.30.jar;C:\Users\Siti Nurlatipah\.m2\repository\com\vladsch\flexmark\flexmark-ext-media-tags\0.34.30\flexmark-ext-media-tags-0.34.30.jar;C:\Users\Siti Nurlatipah\.m2\repository\com\vladsch\flexmark\flexmark-test-util\0.34.30\flexmark-test-util-0.34.30.jar;C:\Users\Siti Nurlatipah\.m2\repository\com\vladsch\flexmark\flexmark-ext-ins\0.34.30\flexmark-ext-ins-0.34.30.jar;C:\Users\Siti Nurlatipah\.m2\repository\com\vladsch\flexmark\flexmark-ext-xwiki-macros\0.34.30\flexmark-ext-xwiki-macros-0.34.30.jar;C:\Users\Siti Nurlatipah\.m2\repository\com\vladsch\flexmark\flexmark-ext-superscript\0.34.30\flexmark-ext-superscript-0.34.30.jar;C:\Users\Siti Nurlatipah\.m2\repository\com\vladsch\flexmark\flexmark-ext-tables\0.34.30\flexmark-ext-tables-0.34.30.jar;C:\Users\Siti Nurlatipah\.m2\repository\com\vladsch\flexmark\flexmark-ext-toc\0.34.30\flexmark-ext-toc-0.34.30.jar;C:\Users\Siti Nurlatipah\.m2\repository\com\vladsch\flexmark\flexmark-ext-typographic\0.34.30\flexmark-ext-typographic-0.34.30.jar;C:\Users\Siti Nurlatipah\.m2\repository\com\vladsch\flexmark\flexmark-ext-wikilink\0.34.30\flexmark-ext-wikilink-0.34.30.jar;C:\Users\Siti Nurlatipah\.m2\repository\com\vladsch\flexmark\flexmark-ext-yaml-front-matter\0.34.30\flexmark-ext-yaml-front-matter-0.34.30.jar;C:\Users\Siti Nurlatipah\.m2\repository\com\vladsch\flexmark\flexmark-ext-youtube-embedded\0.34.30\flexmark-ext-youtube-embedded-0.34.30.jar;C:\Users\Siti Nurlatipah\.m2\repository\com\vladsch\flexmark\flexmark-formatter\0.34.30\flexmark-formatter-0.34.30.jar;C:\Users\Siti Nurlatipah\.m2\repository\com\vladsch\flexmark\flexmark-html-parser\0.34.30\flexmark-html-parser-0.34.30.jar;C:\Users\Siti Nurlatipah\.m2\repository\com\vladsch\flexmark\flexmark-jira-converter\0.34.30\flexmark-jira-converter-0.34.30.jar;C:\Users\Siti Nurlatipah\.m2\repository\com\vladsch\flexmark\flexmark-pdf-converter\0.34.30\flexmark-pdf-converter-0.34.30.jar;C:\Users\Siti Nurlatipah\.m2\repository\com\openhtmltopdf\openhtmltopdf-core\0.0.1-RC13\openhtmltopdf-core-0.0.1-RC13.jar;C:\Users\Siti Nurlatipah\.m2\repository\com\openhtmltopdf\openhtmltopdf-pdfbox\0.0.1-RC13\openhtmltopdf-pdfbox-0.0.1-RC13.jar;C:\Users\Siti Nurlatipah\.m2\repository\org\apache\pdfbox\pdfbox\2.0.8\pdfbox-2.0.8.jar;C:\Users\Siti Nurlatipah\.m2\repository\org\apache\pdfbox\fontbox\2.0.8\fontbox-2.0.8.jar;C:\Users\Siti Nurlatipah\.m2\repository\commons-logging\commons-logging\1.2\commons-logging-1.2.jar;C:\Users\Siti Nurlatipah\.m2\repository\org\apache\pdfbox\xmpbox\2.0.8\xmpbox-2.0.8.jar;C:\Users\Siti Nurlatipah\.m2\repository\de\rototor\pdfbox\graphics2d\0.12\graphics2d-0.12.jar;C:\Users\Siti Nurlatipah\.m2\repository\com\openhtmltopdf\openhtmltopdf-rtl-support\0.0.1-RC13\openhtmltopdf-rtl-support-0.0.1-RC13.jar;C:\Users\Siti Nurlatipah\.m2\repository\com\ibm\icu\icu4j\59.1\icu4j-59.1.jar;C:\Users\Siti Nurlatipah\.m2\repository\com\openhtmltopdf\openhtmltopdf-jsoup-dom-converter\0.0.1-RC13\openhtmltopdf-jsoup-dom-converter-0.0.1-RC13.jar;C:\Users\Siti Nurlatipah\.m2\repository\com\vladsch\flexmark\flexmark-profile-pegdown\0.34.30\flexmark-profile-pegdown-0.34.30.jar;C:\Users\Siti Nurlatipah\.m2\repository\com\vladsch\flexmark\flexmark-util\0.34.30\flexmark-util-0.34.30.jar;C:\Users\Siti Nurlatipah\.m2\repository\com\vladsch\flexmark\flexmark-youtrack-converter\0.34.30\flexmark-youtrack-converter-0.34.30.jar;C:\Users\Siti Nurlatipah\.m2\repository\es\nitaur\markdown\txtmark\0.16\txtmark-0.16.jar;C:\Users\Siti Nurlatipah\.m2\repository\net\serenity-bdd\serenity-report-resources\3.2.1\serenity-report-resources-3.2.1.jar;C:\Users\Siti Nurlatipah\.m2\repository\com\google\code\gson\gson\2.9.0\gson-2.9.0.jar;C:\Users\Siti Nurlatipah\.m2\repository\com\fasterxml\jackson\core\jackson-core\2.13.2\jackson-core-2.13.2.jar;C:\Users\Siti Nurlatipah\.m2\repository\com\fasterxml\jackson\core\jackson-databind\2.13.2\jackson-databind-2.13.2.jar;C:\Users\Siti Nurlatipah\.m2\repository\com\fasterxml\jackson\core\jackson-annotations\2.13.2\jackson-annotations-2.13.2.jar;C:\Users\Siti Nurlatipah\.m2\repository\commons-codec\commons-codec\1.15\commons-codec-1.15.jar;C:\Users\Siti Nurlatipah\.m2\repository\commons-io\commons-io\2.11.0\commons-io-2.11.0.jar;C:\Users\Siti Nurlatipah\.m2\repository\org\seleniumhq\selenium\selenium-java\4.1.2\selenium-java-4.1.2.jar;C:\Users\Siti Nurlatipah\.m2\repository\org\seleniumhq\selenium\selenium-devtools-v85\4.1.2\selenium-devtools-v85-4.1.2.jar;C:\Users\Siti Nurlatipah\.m2\repository\org\seleniumhq\selenium\selenium-devtools-v95\4.1.2\selenium-devtools-v95-4.1.2.jar;C:\Users\Siti Nurlatipah\.m2\repository\org\seleniumhq\selenium\selenium-devtools-v96\4.1.2\selenium-devtools-v96-4.1.2.jar;C:\Users\Siti Nurlatipah\.m2\repository\org\seleniumhq\selenium\selenium-devtools-v97\4.1.2\selenium-devtools-v97-4.1.2.jar;C:\Users\Siti Nurlatipah\.m2\repository\org\seleniumhq\selenium\selenium-firefox-xpi-driver\4.1.2\selenium-firefox-xpi-driver-4.1.2.jar;C:\Users\Siti Nurlatipah\.m2\repository\org\seleniumhq\selenium\selenium-opera-driver\4.1.2\selenium-opera-driver-4.1.2.jar;C:\Users\Siti Nurlatipah\.m2\repository\org\seleniumhq\selenium\selenium-remote-driver\4.1.2\selenium-remote-driver-4.1.2.jar;C:\Users\Siti Nurlatipah\.m2\repository\com\beust\jcommander\1.82\jcommander-1.82.jar;C:\Users\Siti Nurlatipah\.m2\repository\io\netty\netty-buffer\4.1.73.Final\netty-buffer-4.1.73.Final.jar;C:\Users\Siti Nurlatipah\.m2\repository\io\netty\netty-codec-http\4.1.73.Final\netty-codec-http-4.1.73.Final.jar;C:\Users\Siti Nurlatipah\.m2\repository\io\netty\netty-codec\4.1.73.Final\netty-codec-4.1.73.Final.jar;C:\Users\Siti Nurlatipah\.m2\repository\io\netty\netty-handler\4.1.73.Final\netty-handler-4.1.73.Final.jar;C:\Users\Siti Nurlatipah\.m2\repository\io\netty\netty-tcnative-classes\2.0.46.Final\netty-tcnative-classes-2.0.46.Final.jar;C:\Users\Siti Nurlatipah\.m2\repository\io\netty\netty-common\4.1.73.Final\netty-common-4.1.73.Final.jar;C:\Users\Siti Nurlatipah\.m2\repository\io\netty\netty-transport-classes-epoll\4.1.73.Final\netty-transport-classes-epoll-4.1.73.Final.jar;C:\Users\Siti Nurlatipah\.m2\repository\io\netty\netty-transport-classes-kqueue\4.1.73.Final\netty-transport-classes-kqueue-4.1.73.Final.jar;C:\Users\Siti Nurlatipah\.m2\repository\io\netty\netty-transport-native-epoll\4.1.73.Final\netty-transport-native-epoll-4.1.73.Final.jar;C:\Users\Siti Nurlatipah\.m2\repository\io\netty\netty-transport-native-kqueue\4.1.73.Final\netty-transport-native-kqueue-4.1.73.Final.jar;C:\Users\Siti Nurlatipah\.m2\repository\io\netty\netty-transport-native-unix-common\4.1.73.Final\netty-transport-native-unix-common-4.1.73.Final.jar;C:\Users\Siti Nurlatipah\.m2\repository\io\netty\netty-transport\4.1.73.Final\netty-transport-4.1.73.Final.jar;C:\Users\Siti Nurlatipah\.m2\repository\io\netty\netty-resolver\4.1.73.Final\netty-resolver-4.1.73.Final.jar;C:\Users\Siti Nurlatipah\.m2\repository\io\opentelemetry\opentelemetry-api\1.10.1\opentelemetry-api-1.10.1.jar;C:\Users\Siti Nurlatipah\.m2\repository\io\opentelemetry\opentelemetry-context\1.10.1\opentelemetry-context-1.10.1.jar;C:\Users\Siti Nurlatipah\.m2\repository\io\opentelemetry\opentelemetry-exporter-logging\1.10.1\opentelemetry-exporter-logging-1.10.1.jar;C:\Users\Siti Nurlatipah\.m2\repository\io\opentelemetry\opentelemetry-sdk-metrics\1.10.1-alpha\opentelemetry-sdk-metrics-1.10.1-alpha.jar;C:\Users\Siti Nurlatipah\.m2\repository\io\opentelemetry\opentelemetry-sdk-logs\1.10.1-alpha\opentelemetry-sdk-logs-1.10.1-alpha.jar;C:\Users\Siti Nurlatipah\.m2\repository\io\opentelemetry\opentelemetry-sdk-common\1.10.1\opentelemetry-sdk-common-1.10.1.jar;C:\Users\Siti Nurlatipah\.m2\repository\io\opentelemetry\opentelemetry-sdk-extension-autoconfigure-spi\1.10.1\opentelemetry-sdk-extension-autoconfigure-spi-1.10.1.jar;C:\Users\Siti Nurlatipah\.m2\repository\io\opentelemetry\opentelemetry-sdk-extension-autoconfigure\1.10.1-alpha\opentelemetry-sdk-extension-autoconfigure-1.10.1-alpha.jar;C:\Users\Siti Nurlatipah\.m2\repository\io\opentelemetry\opentelemetry-sdk-trace\1.10.1\opentelemetry-sdk-trace-1.10.1.jar;C:\Users\Siti Nurlatipah\.m2\repository\io\opentelemetry\opentelemetry-sdk\1.10.1\opentelemetry-sdk-1.10.1.jar;C:\Users\Siti Nurlatipah\.m2\repository\io\opentelemetry\opentelemetry-semconv\1.10.1-alpha\opentelemetry-semconv-1.10.1-alpha.jar;C:\Users\Siti Nurlatipah\.m2\repository\io\ous\jtoml\2.0.0\jtoml-2.0.0.jar;C:\Users\Siti Nurlatipah\.m2\repository\org\apache\commons\commons-exec\1.3\commons-exec-1.3.jar;C:\Users\Siti Nurlatipah\.m2\repository\org\asynchttpclient\async-http-client\2.12.3\async-http-client-2.12.3.jar;C:\Users\Siti Nurlatipah\.m2\repository\org\asynchttpclient\async-http-client-netty-utils\2.12.3\async-http-client-netty-utils-2.12.3.jar;C:\Users\Siti Nurlatipah\.m2\repository\io\netty\netty-codec-socks\4.1.60.Final\netty-codec-socks-4.1.60.Final.jar;C:\Users\Siti Nurlatipah\.m2\repository\io\netty\netty-handler-proxy\4.1.60.Final\netty-handler-proxy-4.1.60.Final.jar;C:\Users\Siti Nurlatipah\.m2\repository\io\netty\netty-transport-native-epoll\4.1.60.Final\netty-transport-native-epoll-4.1.60.Final-linux-x86_64.jar;C:\Users\Siti Nurlatipah\.m2\repository\io\netty\netty-transport-native-kqueue\4.1.60.Final\netty-transport-native-kqueue-4.1.60.Final-osx-x86_64.jar;C:\Users\Siti Nurlatipah\.m2\repository\org\reactivestreams\reactive-streams\1.0.3\reactive-streams-1.0.3.jar;C:\Users\Siti Nurlatipah\.m2\repository\com\typesafe\netty\netty-reactive-streams\2.0.4\netty-reactive-streams-2.0.4.jar;C:\Users\Siti Nurlatipah\.m2\repository\org\seleniumhq\selenium\selenium-http\4.1.2\selenium-http-4.1.2.jar;C:\Users\Siti Nurlatipah\.m2\repository\net\jodah\failsafe\2.4.4\failsafe-2.4.4.jar;C:\Users\Siti Nurlatipah\.m2\repository\org\seleniumhq\selenium\selenium-safari-driver\4.1.2\selenium-safari-driver-4.1.2.jar;C:\Users\Siti Nurlatipah\.m2\repository\org\seleniumhq\selenium\selenium-api\4.1.2\selenium-api-4.1.2.jar;C:\Users\Siti Nurlatipah\.m2\repository\org\seleniumhq\selenium\selenium-support\4.1.2\selenium-support-4.1.2.jar;C:\Users\Siti Nurlatipah\.m2\repository\com\google\auto\service\auto-service-annotations\1.0.1\auto-service-annotations-1.0.1.jar;C:\Users\Siti Nurlatipah\.m2\repository\com\google\auto\service\auto-service\1.0.1\auto-service-1.0.1.jar;C:\Users\Siti Nurlatipah\.m2\repository\com\google\auto\auto-common\1.2\auto-common-1.2.jar;C:\Users\Siti Nurlatipah\.m2\repository\org\seleniumhq\selenium\selenium-json\4.1.2\selenium-json-4.1.2.jar;C:\Users\Siti Nurlatipah\.m2\repository\org\seleniumhq\selenium\selenium-chrome-driver\4.1.2\selenium-chrome-driver-4.1.2.jar;C:\Users\Siti Nurlatipah\.m2\repository\org\seleniumhq\selenium\selenium-chromium-driver\4.1.2\selenium-chromium-driver-4.1.2.jar;C:\Users\Siti Nurlatipah\.m2\repository\org\seleniumhq\selenium\selenium-firefox-driver\4.1.2\selenium-firefox-driver-4.1.2.jar;C:\Users\Siti Nurlatipah\.m2\repository\org\seleniumhq\selenium\selenium-edge-driver\4.1.2\selenium-edge-driver-4.1.2.jar;C:\Users\Siti Nurlatipah\.m2\repository\org\seleniumhq\selenium\selenium-ie-driver\4.1.2\selenium-ie-driver-4.1.2.jar;C:\Users\Siti Nurlatipah\.m2\repository\org\projectlombok\lombok\1.18.20\lombok-1.18.20.jar;C:\Users\Siti Nurlatipah\.m2\repository\io\appium\java-client\8.0.0\java-client-8.0.0.jar;C:\Users\Siti Nurlatipah\.m2\repository\commons-validator\commons-validator\1.7\commons-validator-1.7.jar;C:\Users\Siti Nurlatipah\.m2\repository\commons-digester\commons-digester\2.1\commons-digester-2.1.jar;C:\Users\Siti Nurlatipah\.m2\repository\org\aspectj\aspectjweaver\1.9.8\aspectjweaver-1.9.8.jar;C:\Users\Siti Nurlatipah\.m2\repository\org\codehaus\groovy\groovy\3.0.10\groovy-3.0.10.jar;C:\Users\Siti Nurlatipah\.m2\repository\net\sf\opencsv\opencsv\2.0\opencsv-2.0.jar;C:\Users\Siti Nurlatipah\.m2\repository\commons-beanutils\commons-beanutils\1.9.4\commons-beanutils-1.9.4.jar;C:\Users\Siti Nurlatipah\.m2\repository\org\apache\commons\commons-lang3\3.12.0\commons-lang3-3.12.0.jar;C:\Users\Siti Nurlatipah\.m2\repository\commons-collections\commons-collections\3.2.2\commons-collections-3.2.2.jar;C:\Users\Siti Nurlatipah\.m2\repository\org\fluentlenium\fluentlenium-core\0.10.2\fluentlenium-core-0.10.2.jar;C:\Users\Siti Nurlatipah\.m2\repository\io\github\bonigarcia\webdrivermanager\5.1.0\webdrivermanager-5.1.0.jar;C:\Users\Siti Nurlatipah\.m2\repository\com\github\docker-java\docker-java\3.2.13\docker-java-3.2.13.jar;C:\Users\Siti Nurlatipah\.m2\repository\com\github\docker-java\docker-java-core\3.2.13\docker-java-core-3.2.13.jar;C:\Users\Siti Nurlatipah\.m2\repository\com\github\docker-java\docker-java-api\3.2.13\docker-java-api-3.2.13.jar;C:\Users\Siti Nurlatipah\.m2\repository\org\apache\commons\commons-compress\1.21\commons-compress-1.21.jar;C:\Users\Siti Nurlatipah\.m2\repository\org\bouncycastle\bcpkix-jdk15on\1.64\bcpkix-jdk15on-1.64.jar;C:\Users\Siti Nurlatipah\.m2\repository\org\bouncycastle\bcprov-jdk15on\1.64\bcprov-jdk15on-1.64.jar;C:\Users\Siti Nurlatipah\.m2\repository\org\slf4j\jcl-over-slf4j\1.7.30\jcl-over-slf4j-1.7.30.jar;C:\Users\Siti Nurlatipah\.m2\repository\com\github\docker-java\docker-java-transport-httpclient5\3.2.13\docker-java-transport-httpclient5-3.2.13.jar;C:\Users\Siti Nurlatipah\.m2\repository\com\github\docker-java\docker-java-transport\3.2.13\docker-java-transport-3.2.13.jar;C:\Users\Siti Nurlatipah\.m2\repository\org\apache\httpcomponents\client5\httpclient5\5.0.3\httpclient5-5.0.3.jar;C:\Users\Siti Nurlatipah\.m2\repository\org\apache\httpcomponents\core5\httpcore5\5.0.2\httpcore5-5.0.2.jar;C:\Users\Siti Nurlatipah\.m2\repository\net\java\dev\jna\jna\5.8.0\jna-5.8.0.jar;C:\Users\Siti Nurlatipah\.m2\repository\org\brotli\dec\0.1.2\dec-0.1.2.jar;C:\Users\Siti Nurlatipah\.m2\repository\com\jhlabs\filters\2.0.235\filters-2.0.235.jar;C:\Users\Siti Nurlatipah\.m2\repository\com\paulhammant\ngwebdriver\1.1.6\ngwebdriver-1.1.6.jar;C:\Users\Siti Nurlatipah\.m2\repository\joda-time\joda-time\2.8.2\joda-time-2.8.2.jar;C:\Users\Siti Nurlatipah\.m2\repository\org\hamcrest\hamcrest\2.2\hamcrest-2.2.jar;C:\Users\Siti Nurlatipah\.m2\repository\com\google\jimfs\jimfs\1.2\jimfs-1.2.jar;C:\Users\Siti Nurlatipah\.m2\repository\org\mockito\mockito-core\3.3.3\mockito-core-3.3.3.jar;C:\Users\Siti Nurlatipah\.m2\repository\javax\xml\bind\jaxb-api\2.3.1\jaxb-api-2.3.1.jar;C:\Users\Siti Nurlatipah\.m2\repository\javax\activation\javax.activation-api\1.2.0\javax.activation-api-1.2.0.jar;C:\Users\Siti Nurlatipah\.m2\repository\com\sun\xml\bind\jaxb-core\2.3.0.1\jaxb-core-2.3.0.1.jar;C:\Users\Siti Nurlatipah\.m2\repository\com\sun\xml\bind\jaxb-impl\2.3.3\jaxb-impl-2.3.3.jar;C:\Users\Siti Nurlatipah\.m2\repository\jakarta\xml\bind\jakarta.xml.bind-api\2.3.3\jakarta.xml.bind-api-2.3.3.jar;C:\Users\Siti Nurlatipah\.m2\repository\com\sun\activation\jakarta.activation\1.2.2\jakarta.activation-1.2.2.jar;C:\Users\Siti Nurlatipah\.m2\repository\javax\activation\activation\1.1.1\activation-1.1.1.jar;C:\Users\Siti Nurlatipah\.m2\repository\net\serenity-bdd\serenity-cucumber\3.2.1\serenity-cucumber-3.2.1.jar;C:\Users\Siti Nurlatipah\.m2\repository\io\cucumber\cucumber-core\7.2.3\cucumber-core-7.2.3.jar;C:\Users\Siti Nurlatipah\.m2\repository\io\cucumber\cucumber-gherkin\7.2.3\cucumber-gherkin-7.2.3.jar;C:\Users\Siti Nurlatipah\.m2\repository\io\cucumber\cucumber-gherkin-messages\7.2.3\cucumber-gherkin-messages-7.2.3.jar;C:\Users\Siti Nurlatipah\.m2\repository\io\cucumber\messages\17.1.1\messages-17.1.1.jar;C:\Users\Siti Nurlatipah\.m2\repository\io\cucumber\tag-expressions\4.1.0\tag-expressions-4.1.0.jar;C:\Users\Siti Nurlatipah\.m2\repository\io\cucumber\cucumber-expressions\15.0.1\cucumber-expressions-15.0.1.jar;C:\Users\Siti Nurlatipah\.m2\repository\io\cucumber\datatable\7.2.3\datatable-7.2.3.jar;C:\Users\Siti Nurlatipah\.m2\repository\io\cucumber\cucumber-plugin\7.2.3\cucumber-plugin-7.2.3.jar;C:\Users\Siti Nurlatipah\.m2\repository\io\cucumber\docstring\7.2.3\docstring-7.2.3.jar;C:\Users\Siti Nurlatipah\.m2\repository\io\cucumber\html-formatter\17.0.0\html-formatter-17.0.0.jar;C:\Users\Siti Nurlatipah\.m2\repository\io\cucumber\ci-environment\8.1.0\ci-environment-8.1.0.jar;C:\Users\Siti Nurlatipah\.m2\repository\io\cucumber\cucumber-junit\7.2.3\cucumber-junit-7.2.3.jar;C:\Users\Siti Nurlatipah\.m2\repository\org\apache\commons\commons-csv\1.5\commons-csv-1.5.jar;C:\Users\Siti Nurlatipah\.m2\repository\net\serenity-bdd\serenity-screenplay\3.2.1\serenity-screenplay-3.2.1.jar;C:\Users\Siti Nurlatipah\.m2\repository\net\serenity-bdd\serenity-screenplay-webdriver\3.2.1\serenity-screenplay-webdriver-3.2.1.jar;C:\Users\Siti Nurlatipah\.m2\repository\net\serenity-bdd\serenity-ensure\3.2.1\serenity-ensure-3.2.1.jar;C:\Users\Siti Nurlatipah\.m2\repository\net\serenity-bdd\serenity-junit\3.2.1\serenity-junit-3.2.1.jar;C:\Users\Siti Nurlatipah\.m2\repository\org\jetbrains\kotlin\kotlin-stdlib\1.6.0\kotlin-stdlib-1.6.0.jar;C:\Users\Siti Nurlatipah\.m2\repository\org\jetbrains\annotations\13.0\annotations-13.0.jar;C:\Users\Siti Nurlatipah\.m2\repository\org\jetbrains\kotlin\kotlin-stdlib-common\1.6.0\kotlin-stdlib-common-1.6.0.jar;C:\Users\Siti Nurlatipah\.m2\repository\org\junit\platform\junit-platform-launcher\1.8.1\junit-platform-launcher-1.8.1.jar;C:\Users\Siti Nurlatipah\.m2\repository\org\junit\platform\junit-platform-engine\1.8.1\junit-platform-engine-1.8.1.jar;C:\Users\Siti Nurlatipah\.m2\repository\org\opentest4j\opentest4j\1.2.0\opentest4j-1.2.0.jar;C:\Users\Siti Nurlatipah\.m2\repository\org\junit\platform\junit-platform-commons\1.8.1\junit-platform-commons-1.8.1.jar;C:\Users\Siti Nurlatipah\.m2\repository\org\apiguardian\apiguardian-api\1.1.2\apiguardian-api-1.1.2.jar;C:\Users\Siti Nurlatipah\.m2\repository\org\junit\jupiter\junit-jupiter-engine\5.8.2\junit-jupiter-engine-5.8.2.jar;C:\Users\Siti Nurlatipah\.m2\repository\org\junit\jupiter\junit-jupiter-api\5.8.2\junit-jupiter-api-5.8.2.jar;C:\Users\Siti Nurlatipah\.m2\repository\com\github\javafaker\javafaker\1.0.2\javafaker-1.0.2.jar;C:\Users\Siti Nurlatipah\.m2\repository\org\yaml\snakeyaml\1.23\snakeyaml-1.23-android.jar;C:\Users\Siti Nurlatipah\.m2\repository\com\github\mifmif\generex\1.0.2\generex-1.0.2.jar;C:\Users\Siti Nurlatipah\.m2\repository\dk\brics\automaton\automaton\1.11-8\automaton-1.11-8.jar;C:\Users\Siti Nurlatipah\.m2\repository\org\junit\vintage\junit-vintage-engine\5.8.2\junit-vintage-engine-5.8.2.jar;C:\Users\Siti Nurlatipah\.m2\repository\junit\junit\4.13.2\junit-4.13.2.jar;C:\Users\Siti Nurlatipah\.m2\repository\org\hamcrest\hamcrest-core\1.3\hamcrest-core-1.3.jar;C:\Users\Siti Nurlatipah\.m2\repository\ch\qos\logback\logback-classic\1.2.10\logback-classic-1.2.10.jar;C:\Users\Siti Nurlatipah\.m2\repository\ch\qos\logback\logback-core\1.2.10\logback-core-1.2.10.jar;C:\Users\Siti Nurlatipah\.m2\repository\org\slf4j\slf4j-api\1.7.32\slf4j-api-1.7.32.jar;C:\Users\Siti Nurlatipah\.m2\repository\org\assertj\assertj-core\3.6.2\assertj-core-3.6.2.jar;"/>
    <property name="sun.cpu.endian" value="little"/>
    <property name="user.home" value="C:\Users\Siti Nurlatipah"/>
    <property name="user.language" value="en"/>
    <property name="java.specification.vendor" value="Oracle Corporation"/>
    <property name="jdk.module.path" value="D:\Mini Project-QE Alta\Web Automation\FrontEnd-AltaShop\target\FrontEnd-AltaShop-1.0-SNAPSHOT.jar"/>
    <property name="java.version.date" value="2022-01-18"/>
    <property name="java.home" value="C:\Program Files\Java\jdk-11.0.14"/>
    <property name="file.separator" value="\"/>
    <property name="basedir" value="D:\Mini Project-QE Alta\Web Automation\FrontEnd-AltaShop"/>
    <property name="java.vm.compressedOopsMode" value="32-bit"/>
    <property name="line.separator" value="&#10;"/>
    <property name="java.specification.name" value="Java Platform API Specification"/>
    <property name="java.vm.specification.vendor" value="Oracle Corporation"/>
    <property name="java.awt.graphicsenv" value="sun.awt.Win32GraphicsEnvironment"/>
    <property name="surefire.real.class.path" value="C:\Users\Siti Nurlatipah\.m2\repository\org\apache\maven\surefire\surefire-booter\3.0.0-M5\surefire-booter-3.0.0-M5.jar;C:\Users\Siti Nurlatipah\.m2\repository\org\apache\maven\surefire\surefire-api\3.0.0-M5\surefire-api-3.0.0-M5.jar;C:\Users\Siti Nurlatipah\.m2\repository\org\apache\maven\surefire\surefire-logger-api\3.0.0-M5\surefire-logger-api-3.0.0-M5.jar;C:\Users\Siti Nurlatipah\.m2\repository\org\apache\maven\surefire\surefire-shared-utils\3.0.0-M4\surefire-shared-utils-3.0.0-M4.jar;C:\Users\Siti Nurlatipah\.m2\repository\org\apache\maven\surefire\surefire-extensions-spi\3.0.0-M5\surefire-extensions-spi-3.0.0-M5.jar;D:\Mini Project-QE Alta\Web Automation\FrontEnd-AltaShop\target\test-classes;C:\Users\Siti Nurlatipah\.m2\repository\net\serenity-bdd\serenity-core\3.2.1\serenity-core-3.2.1.jar;C:\Users\Siti Nurlatipah\.m2\repository\net\serenity-bdd\serenity-model\3.2.1\serenity-model-3.2.1.jar;C:\Users\Siti Nurlatipah\.m2\repository\org\apache\commons\commons-text\1.9\commons-text-1.9.jar;C:\Users\Siti Nurlatipah\.m2\repository\commons-net\commons-net\3.8.0\commons-net-3.8.0.jar;C:\Users\Siti Nurlatipah\.m2\repository\com\google\guava\guava\31.1-jre\guava-31.1-jre.jar;C:\Users\Siti Nurlatipah\.m2\repository\com\google\guava\failureaccess\1.0.1\failureaccess-1.0.1.jar;C:\Users\Siti Nurlatipah\.m2\repository\com\google\guava\listenablefuture\9999.0-empty-to-avoid-conflict-with-guava\listenablefuture-9999.0-empty-to-avoid-conflict-with-guava.jar;C:\Users\Siti Nurlatipah\.m2\repository\com\google\code\findbugs\jsr305\3.0.2\jsr305-3.0.2.jar;C:\Users\Siti Nurlatipah\.m2\repository\org\checkerframework\checker-qual\3.12.0\checker-qual-3.12.0.jar;C:\Users\Siti Nurlatipah\.m2\repository\com\google\errorprone\error_prone_annotations\2.11.0\error_prone_annotations-2.11.0.jar;C:\Users\Siti Nurlatipah\.m2\repository\com\google\j2objc\j2objc-annotations\1.3\j2objc-annotations-1.3.jar;C:\Users\Siti Nurlatipah\.m2\repository\com\google\inject\guice\5.1.0\guice-5.1.0.jar;C:\Users\Siti Nurlatipah\.m2\repository\javax\inject\javax.inject\1\javax.inject-1.jar;C:\Users\Siti Nurlatipah\.m2\repository\aopalliance\aopalliance\1.0\aopalliance-1.0.jar;C:\Users\Siti Nurlatipah\.m2\repository\org\jsoup\jsoup\1.14.3\jsoup-1.14.3.jar;C:\Users\Siti Nurlatipah\.m2\repository\com\thoughtworks\xstream\xstream\1.4.19\xstream-1.4.19.jar;C:\Users\Siti Nurlatipah\.m2\repository\io\github\x-stream\mxparser\1.2.2\mxparser-1.2.2.jar;C:\Users\Siti Nurlatipah\.m2\repository\xmlpull\xmlpull\1.1.3.1\xmlpull-1.1.3.1.jar;C:\Users\Siti Nurlatipah\.m2\repository\io\cucumber\cucumber-java\7.2.3\cucumber-java-7.2.3.jar;C:\Users\Siti Nurlatipah\.m2\repository\com\typesafe\config\1.4.2\config-1.4.2.jar;C:\Users\Siti Nurlatipah\.m2\repository\org\imgscalr\imgscalr-lib\4.2\imgscalr-lib-4.2.jar;C:\Users\Siti Nurlatipah\.m2\repository\org\awaitility\awaitility\4.2.0\awaitility-4.2.0.jar;C:\Users\Siti Nurlatipah\.m2\repository\org\freemarker\freemarker\2.3.31\freemarker-2.3.31.jar;C:\Users\Siti Nurlatipah\.m2\repository\io\github\classgraph\classgraph\4.8.138\classgraph-4.8.138.jar;C:\Users\Siti Nurlatipah\.m2\repository\net\sourceforge\jexcelapi\jxl\2.6.12\jxl-2.6.12.jar;C:\Users\Siti Nurlatipah\.m2\repository\net\bytebuddy\byte-buddy\1.12.8\byte-buddy-1.12.8.jar;C:\Users\Siti Nurlatipah\.m2\repository\net\bytebuddy\byte-buddy-agent\1.12.8\byte-buddy-agent-1.12.8.jar;C:\Users\Siti Nurlatipah\.m2\repository\org\objenesis\objenesis\3.1\objenesis-3.1.jar;C:\Users\Siti Nurlatipah\.m2\repository\net\serenity-bdd\serenity-reports\3.2.1\serenity-reports-3.2.1.jar;C:\Users\Siti Nurlatipah\.m2\repository\net\serenity-bdd\serenity-stats\3.2.1\serenity-stats-3.2.1.jar;C:\Users\Siti Nurlatipah\.m2\repository\net\serenity-bdd\serenity-reports-configuration\3.2.1\serenity-reports-configuration-3.2.1.jar;C:\Users\Siti Nurlatipah\.m2\repository\com\vladsch\flexmark\flexmark-all\0.34.30\flexmark-all-0.34.30.jar;C:\Users\Siti Nurlatipah\.m2\repository\com\vladsch\flexmark\flexmark\0.34.30\flexmark-0.34.30.jar;C:\Users\Siti Nurlatipah\.m2\repository\com\vladsch\flexmark\flexmark-ext-abbreviation\0.34.30\flexmark-ext-abbreviation-0.34.30.jar;C:\Users\Siti Nurlatipah\.m2\repository\com\vladsch\flexmark\flexmark-ext-admonition\0.34.30\flexmark-ext-admonition-0.34.30.jar;C:\Users\Siti Nurlatipah\.m2\repository\com\vladsch\flexmark\flexmark-ext-anchorlink\0.34.30\flexmark-ext-anchorlink-0.34.30.jar;C:\Users\Siti Nurlatipah\.m2\repository\com\vladsch\flexmark\flexmark-ext-aside\0.34.30\flexmark-ext-aside-0.34.30.jar;C:\Users\Siti Nurlatipah\.m2\repository\com\vladsch\flexmark\flexmark-ext-attributes\0.34.30\flexmark-ext-attributes-0.34.30.jar;C:\Users\Siti Nurlatipah\.m2\repository\com\vladsch\flexmark\flexmark-ext-autolink\0.34.30\flexmark-ext-autolink-0.34.30.jar;C:\Users\Siti Nurlatipah\.m2\repository\org\nibor\autolink\autolink\0.6.0\autolink-0.6.0.jar;C:\Users\Siti Nurlatipah\.m2\repository\com\vladsch\flexmark\flexmark-ext-definition\0.34.30\flexmark-ext-definition-0.34.30.jar;C:\Users\Siti Nurlatipah\.m2\repository\com\vladsch\flexmark\flexmark-ext-emoji\0.34.30\flexmark-ext-emoji-0.34.30.jar;C:\Users\Siti Nurlatipah\.m2\repository\com\vladsch\flexmark\flexmark-ext-enumerated-reference\0.34.30\flexmark-ext-enumerated-reference-0.34.30.jar;C:\Users\Siti Nurlatipah\.m2\repository\com\vladsch\flexmark\flexmark-ext-escaped-character\0.34.30\flexmark-ext-escaped-character-0.34.30.jar;C:\Users\Siti Nurlatipah\.m2\repository\com\vladsch\flexmark\flexmark-ext-footnotes\0.34.30\flexmark-ext-footnotes-0.34.30.jar;C:\Users\Siti Nurlatipah\.m2\repository\com\vladsch\flexmark\flexmark-ext-gfm-issues\0.34.30\flexmark-ext-gfm-issues-0.34.30.jar;C:\Users\Siti Nurlatipah\.m2\repository\com\vladsch\flexmark\flexmark-ext-gfm-strikethrough\0.34.30\flexmark-ext-gfm-strikethrough-0.34.30.jar;C:\Users\Siti Nurlatipah\.m2\repository\com\vladsch\flexmark\flexmark-ext-gfm-tables\0.34.30\flexmark-ext-gfm-tables-0.34.30.jar;C:\Users\Siti Nurlatipah\.m2\repository\com\vladsch\flexmark\flexmark-ext-gfm-tasklist\0.34.30\flexmark-ext-gfm-tasklist-0.34.30.jar;C:\Users\Siti Nurlatipah\.m2\repository\com\vladsch\flexmark\flexmark-ext-gfm-users\0.34.30\flexmark-ext-gfm-users-0.34.30.jar;C:\Users\Siti Nurlatipah\.m2\repository\com\vladsch\flexmark\flexmark-ext-gitlab\0.34.30\flexmark-ext-gitlab-0.34.30.jar;C:\Users\Siti Nurlatipah\.m2\repository\com\vladsch\flexmark\flexmark-ext-jekyll-front-matter\0.34.30\flexmark-ext-jekyll-front-matter-0.34.30.jar;C:\Users\Siti Nurlatipah\.m2\repository\com\vladsch\flexmark\flexmark-ext-jekyll-tag\0.34.30\flexmark-ext-jekyll-tag-0.34.30.jar;C:\Users\Siti Nurlatipah\.m2\repository\com\vladsch\flexmark\flexmark-ext-media-tags\0.34.30\flexmark-ext-media-tags-0.34.30.jar;C:\Users\Siti Nurlatipah\.m2\repository\com\vladsch\flexmark\flexmark-test-util\0.34.30\flexmark-test-util-0.34.30.jar;C:\Users\Siti Nurlatipah\.m2\repository\com\vladsch\flexmark\flexmark-ext-ins\0.34.30\flexmark-ext-ins-0.34.30.jar;C:\Users\Siti Nurlatipah\.m2\repository\com\vladsch\flexmark\flexmark-ext-xwiki-macros\0.34.30\flexmark-ext-xwiki-macros-0.34.30.jar;C:\Users\Siti Nurlatipah\.m2\repository\com\vladsch\flexmark\flexmark-ext-superscript\0.34.30\flexmark-ext-superscript-0.34.30.jar;C:\Users\Siti Nurlatipah\.m2\repository\com\vladsch\flexmark\flexmark-ext-tables\0.34.30\flexmark-ext-tables-0.34.30.jar;C:\Users\Siti Nurlatipah\.m2\repository\com\vladsch\flexmark\flexmark-ext-toc\0.34.30\flexmark-ext-toc-0.34.30.jar;C:\Users\Siti Nurlatipah\.m2\repository\com\vladsch\flexmark\flexmark-ext-typographic\0.34.30\flexmark-ext-typographic-0.34.30.jar;C:\Users\Siti Nurlatipah\.m2\repository\com\vladsch\flexmark\flexmark-ext-wikilink\0.34.30\flexmark-ext-wikilink-0.34.30.jar;C:\Users\Siti Nurlatipah\.m2\repository\com\vladsch\flexmark\flexmark-ext-yaml-front-matter\0.34.30\flexmark-ext-yaml-front-matter-0.34.30.jar;C:\Users\Siti Nurlatipah\.m2\repository\com\vladsch\flexmark\flexmark-ext-youtube-embedded\0.34.30\flexmark-ext-youtube-embedded-0.34.30.jar;C:\Users\Siti Nurlatipah\.m2\repository\com\vladsch\flexmark\flexmark-formatter\0.34.30\flexmark-formatter-0.34.30.jar;C:\Users\Siti Nurlatipah\.m2\repository\com\vladsch\flexmark\flexmark-html-parser\0.34.30\flexmark-html-parser-0.34.30.jar;C:\Users\Siti Nurlatipah\.m2\repository\com\vladsch\flexmark\flexmark-jira-converter\0.34.30\flexmark-jira-converter-0.34.30.jar;C:\Users\Siti Nurlatipah\.m2\repository\com\vladsch\flexmark\flexmark-pdf-converter\0.34.30\flexmark-pdf-converter-0.34.30.jar;C:\Users\Siti Nurlatipah\.m2\repository\com\openhtmltopdf\openhtmltopdf-core\0.0.1-RC13\openhtmltopdf-core-0.0.1-RC13.jar;C:\Users\Siti Nurlatipah\.m2\repository\com\openhtmltopdf\openhtmltopdf-pdfbox\0.0.1-RC13\openhtmltopdf-pdfbox-0.0.1-RC13.jar;C:\Users\Siti Nurlatipah\.m2\repository\org\apache\pdfbox\pdfbox\2.0.8\pdfbox-2.0.8.jar;C:\Users\Siti Nurlatipah\.m2\repository\org\apache\pdfbox\fontbox\2.0.8\fontbox-2.0.8.jar;C:\Users\Siti Nurlatipah\.m2\repository\commons-logging\commons-logging\1.2\commons-logging-1.2.jar;C:\Users\Siti Nurlatipah\.m2\repository\org\apache\pdfbox\xmpbox\2.0.8\xmpbox-2.0.8.jar;C:\Users\Siti Nurlatipah\.m2\repository\de\rototor\pdfbox\graphics2d\0.12\graphics2d-0.12.jar;C:\Users\Siti Nurlatipah\.m2\repository\com\openhtmltopdf\openhtmltopdf-rtl-support\0.0.1-RC13\openhtmltopdf-rtl-support-0.0.1-RC13.jar;C:\Users\Siti Nurlatipah\.m2\repository\com\ibm\icu\icu4j\59.1\icu4j-59.1.jar;C:\Users\Siti Nurlatipah\.m2\repository\com\openhtmltopdf\openhtmltopdf-jsoup-dom-converter\0.0.1-RC13\openhtmltopdf-jsoup-dom-converter-0.0.1-RC13.jar;C:\Users\Siti Nurlatipah\.m2\repository\com\vladsch\flexmark\flexmark-profile-pegdown\0.34.30\flexmark-profile-pegdown-0.34.30.jar;C:\Users\Siti Nurlatipah\.m2\repository\com\vladsch\flexmark\flexmark-util\0.34.30\flexmark-util-0.34.30.jar;C:\Users\Siti Nurlatipah\.m2\repository\com\vladsch\flexmark\flexmark-youtrack-converter\0.34.30\flexmark-youtrack-converter-0.34.30.jar;C:\Users\Siti Nurlatipah\.m2\repository\es\nitaur\markdown\txtmark\0.16\txtmark-0.16.jar;C:\Users\Siti Nurlatipah\.m2\repository\net\serenity-bdd\serenity-report-resources\3.2.1\serenity-report-resources-3.2.1.jar;C:\Users\Siti Nurlatipah\.m2\repository\com\google\code\gson\gson\2.9.0\gson-2.9.0.jar;C:\Users\Siti Nurlatipah\.m2\repository\com\fasterxml\jackson\core\jackson-core\2.13.2\jackson-core-2.13.2.jar;C:\Users\Siti Nurlatipah\.m2\repository\com\fasterxml\jackson\core\jackson-databind\2.13.2\jackson-databind-2.13.2.jar;C:\Users\Siti Nurlatipah\.m2\repository\com\fasterxml\jackson\core\jackson-annotations\2.13.2\jackson-annotations-2.13.2.jar;C:\Users\Siti Nurlatipah\.m2\repository\commons-codec\commons-codec\1.15\commons-codec-1.15.jar;C:\Users\Siti Nurlatipah\.m2\repository\commons-io\commons-io\2.11.0\commons-io-2.11.0.jar;C:\Users\Siti Nurlatipah\.m2\repository\org\seleniumhq\selenium\selenium-java\4.1.2\selenium-java-4.1.2.jar;C:\Users\Siti Nurlatipah\.m2\repository\org\seleniumhq\selenium\selenium-devtools-v85\4.1.2\selenium-devtools-v85-4.1.2.jar;C:\Users\Siti Nurlatipah\.m2\repository\org\seleniumhq\selenium\selenium-devtools-v95\4.1.2\selenium-devtools-v95-4.1.2.jar;C:\Users\Siti Nurlatipah\.m2\repository\org\seleniumhq\selenium\selenium-devtools-v96\4.1.2\selenium-devtools-v96-4.1.2.jar;C:\Users\Siti Nurlatipah\.m2\repository\org\seleniumhq\selenium\selenium-devtools-v97\4.1.2\selenium-devtools-v97-4.1.2.jar;C:\Users\Siti Nurlatipah\.m2\repository\org\seleniumhq\selenium\selenium-firefox-xpi-driver\4.1.2\selenium-firefox-xpi-driver-4.1.2.jar;C:\Users\Siti Nurlatipah\.m2\repository\org\seleniumhq\selenium\selenium-opera-driver\4.1.2\selenium-opera-driver-4.1.2.jar;C:\Users\Siti Nurlatipah\.m2\repository\org\seleniumhq\selenium\selenium-remote-driver\4.1.2\selenium-remote-driver-4.1.2.jar;C:\Users\Siti Nurlatipah\.m2\repository\com\beust\jcommander\1.82\jcommander-1.82.jar;C:\Users\Siti Nurlatipah\.m2\repository\io\netty\netty-buffer\4.1.73.Final\netty-buffer-4.1.73.Final.jar;C:\Users\Siti Nurlatipah\.m2\repository\io\netty\netty-codec-http\4.1.73.Final\netty-codec-http-4.1.73.Final.jar;C:\Users\Siti Nurlatipah\.m2\repository\io\netty\netty-codec\4.1.73.Final\netty-codec-4.1.73.Final.jar;C:\Users\Siti Nurlatipah\.m2\repository\io\netty\netty-handler\4.1.73.Final\netty-handler-4.1.73.Final.jar;C:\Users\Siti Nurlatipah\.m2\repository\io\netty\netty-tcnative-classes\2.0.46.Final\netty-tcnative-classes-2.0.46.Final.jar;C:\Users\Siti Nurlatipah\.m2\repository\io\netty\netty-common\4.1.73.Final\netty-common-4.1.73.Final.jar;C:\Users\Siti Nurlatipah\.m2\repository\io\netty\netty-transport-classes-epoll\4.1.73.Final\netty-transport-classes-epoll-4.1.73.Final.jar;C:\Users\Siti Nurlatipah\.m2\repository\io\netty\netty-transport-classes-kqueue\4.1.73.Final\netty-transport-classes-kqueue-4.1.73.Final.jar;C:\Users\Siti Nurlatipah\.m2\repository\io\netty\netty-transport-native-epoll\4.1.73.Final\netty-transport-native-epoll-4.1.73.Final.jar;C:\Users\Siti Nurlatipah\.m2\repository\io\netty\netty-transport-native-kqueue\4.1.73.Final\netty-transport-native-kqueue-4.1.73.Final.jar;C:\Users\Siti Nurlatipah\.m2\repository\io\netty\netty-transport-native-unix-common\4.1.73.Final\netty-transport-native-unix-common-4.1.73.Final.jar;C:\Users\Siti Nurlatipah\.m2\repository\io\netty\netty-transport\4.1.73.Final\netty-transport-4.1.73.Final.jar;C:\Users\Siti Nurlatipah\.m2\repository\io\netty\netty-resolver\4.1.73.Final\netty-resolver-4.1.73.Final.jar;C:\Users\Siti Nurlatipah\.m2\repository\io\opentelemetry\opentelemetry-api\1.10.1\opentelemetry-api-1.10.1.jar;C:\Users\Siti Nurlatipah\.m2\repository\io\opentelemetry\opentelemetry-context\1.10.1\opentelemetry-context-1.10.1.jar;C:\Users\Siti Nurlatipah\.m2\repository\io\opentelemetry\opentelemetry-exporter-logging\1.10.1\opentelemetry-exporter-logging-1.10.1.jar;C:\Users\Siti Nurlatipah\.m2\repository\io\opentelemetry\opentelemetry-sdk-metrics\1.10.1-alpha\opentelemetry-sdk-metrics-1.10.1-alpha.jar;C:\Users\Siti Nurlatipah\.m2\repository\io\opentelemetry\opentelemetry-sdk-logs\1.10.1-alpha\opentelemetry-sdk-logs-1.10.1-alpha.jar;C:\Users\Siti Nurlatipah\.m2\repository\io\opentelemetry\opentelemetry-sdk-common\1.10.1\opentelemetry-sdk-common-1.10.1.jar;C:\Users\Siti Nurlatipah\.m2\repository\io\opentelemetry\opentelemetry-sdk-extension-autoconfigure-spi\1.10.1\opentelemetry-sdk-extension-autoconfigure-spi-1.10.1.jar;C:\Users\Siti Nurlatipah\.m2\repository\io\opentelemetry\opentelemetry-sdk-extension-autoconfigure\1.10.1-alpha\opentelemetry-sdk-extension-autoconfigure-1.10.1-alpha.jar;C:\Users\Siti Nurlatipah\.m2\repository\io\opentelemetry\opentelemetry-sdk-trace\1.10.1\opentelemetry-sdk-trace-1.10.1.jar;C:\Users\Siti Nurlatipah\.m2\repository\io\opentelemetry\opentelemetry-sdk\1.10.1\opentelemetry-sdk-1.10.1.jar;C:\Users\Siti Nurlatipah\.m2\repository\io\opentelemetry\opentelemetry-semconv\1.10.1-alpha\opentelemetry-semconv-1.10.1-alpha.jar;C:\Users\Siti Nurlatipah\.m2\repository\io\ous\jtoml\2.0.0\jtoml-2.0.0.jar;C:\Users\Siti Nurlatipah\.m2\repository\org\apache\commons\commons-exec\1.3\commons-exec-1.3.jar;C:\Users\Siti Nurlatipah\.m2\repository\org\asynchttpclient\async-http-client\2.12.3\async-http-client-2.12.3.jar;C:\Users\Siti Nurlatipah\.m2\repository\org\asynchttpclient\async-http-client-netty-utils\2.12.3\async-http-client-netty-utils-2.12.3.jar;C:\Users\Siti Nurlatipah\.m2\repository\io\netty\netty-codec-socks\4.1.60.Final\netty-codec-socks-4.1.60.Final.jar;C:\Users\Siti Nurlatipah\.m2\repository\io\netty\netty-handler-proxy\4.1.60.Final\netty-handler-proxy-4.1.60.Final.jar;C:\Users\Siti Nurlatipah\.m2\repository\io\netty\netty-transport-native-epoll\4.1.60.Final\netty-transport-native-epoll-4.1.60.Final-linux-x86_64.jar;C:\Users\Siti Nurlatipah\.m2\repository\io\netty\netty-transport-native-kqueue\4.1.60.Final\netty-transport-native-kqueue-4.1.60.Final-osx-x86_64.jar;C:\Users\Siti Nurlatipah\.m2\repository\org\reactivestreams\reactive-streams\1.0.3\reactive-streams-1.0.3.jar;C:\Users\Siti Nurlatipah\.m2\repository\com\typesafe\netty\netty-reactive-streams\2.0.4\netty-reactive-streams-2.0.4.jar;C:\Users\Siti Nurlatipah\.m2\repository\org\seleniumhq\selenium\selenium-http\4.1.2\selenium-http-4.1.2.jar;C:\Users\Siti Nurlatipah\.m2\repository\net\jodah\failsafe\2.4.4\failsafe-2.4.4.jar;C:\Users\Siti Nurlatipah\.m2\repository\org\seleniumhq\selenium\selenium-safari-driver\4.1.2\selenium-safari-driver-4.1.2.jar;C:\Users\Siti Nurlatipah\.m2\repository\org\seleniumhq\selenium\selenium-api\4.1.2\selenium-api-4.1.2.jar;C:\Users\Siti Nurlatipah\.m2\repository\org\seleniumhq\selenium\selenium-support\4.1.2\selenium-support-4.1.2.jar;C:\Users\Siti Nurlatipah\.m2\repository\com\google\auto\service\auto-service-annotations\1.0.1\auto-service-annotations-1.0.1.jar;C:\Users\Siti Nurlatipah\.m2\repository\com\google\auto\service\auto-service\1.0.1\auto-service-1.0.1.jar;C:\Users\Siti Nurlatipah\.m2\repository\com\google\auto\auto-common\1.2\auto-common-1.2.jar;C:\Users\Siti Nurlatipah\.m2\repository\org\seleniumhq\selenium\selenium-json\4.1.2\selenium-json-4.1.2.jar;C:\Users\Siti Nurlatipah\.m2\repository\org\seleniumhq\selenium\selenium-chrome-driver\4.1.2\selenium-chrome-driver-4.1.2.jar;C:\Users\Siti Nurlatipah\.m2\repository\org\seleniumhq\selenium\selenium-chromium-driver\4.1.2\selenium-chromium-driver-4.1.2.jar;C:\Users\Siti Nurlatipah\.m2\repository\org\seleniumhq\selenium\selenium-firefox-driver\4.1.2\selenium-firefox-driver-4.1.2.jar;C:\Users\Siti Nurlatipah\.m2\repository\org\seleniumhq\selenium\selenium-edge-driver\4.1.2\selenium-edge-driver-4.1.2.jar;C:\Users\Siti Nurlatipah\.m2\repository\org\seleniumhq\selenium\selenium-ie-driver\4.1.2\selenium-ie-driver-4.1.2.jar;C:\Users\Siti Nurlatipah\.m2\repository\org\projectlombok\lombok\1.18.20\lombok-1.18.20.jar;C:\Users\Siti Nurlatipah\.m2\repository\io\appium\java-client\8.0.0\java-client-8.0.0.jar;C:\Users\Siti Nurlatipah\.m2\repository\commons-validator\commons-validator\1.7\commons-validator-1.7.jar;C:\Users\Siti Nurlatipah\.m2\repository\commons-digester\commons-digester\2.1\commons-digester-2.1.jar;C:\Users\Siti Nurlatipah\.m2\repository\org\aspectj\aspectjweaver\1.9.8\aspectjweaver-1.9.8.jar;C:\Users\Siti Nurlatipah\.m2\repository\org\codehaus\groovy\groovy\3.0.10\groovy-3.0.10.jar;C:\Users\Siti Nurlatipah\.m2\repository\net\sf\opencsv\opencsv\2.0\opencsv-2.0.jar;C:\Users\Siti Nurlatipah\.m2\repository\commons-beanutils\commons-beanutils\1.9.4\commons-beanutils-1.9.4.jar;C:\Users\Siti Nurlatipah\.m2\repository\org\apache\commons\commons-lang3\3.12.0\commons-lang3-3.12.0.jar;C:\Users\Siti Nurlatipah\.m2\repository\commons-collections\commons-collections\3.2.2\commons-collections-3.2.2.jar;C:\Users\Siti Nurlatipah\.m2\repository\org\fluentlenium\fluentlenium-core\0.10.2\fluentlenium-core-0.10.2.jar;C:\Users\Siti Nurlatipah\.m2\repository\io\github\bonigarcia\webdrivermanager\5.1.0\webdrivermanager-5.1.0.jar;C:\Users\Siti Nurlatipah\.m2\repository\com\github\docker-java\docker-java\3.2.13\docker-java-3.2.13.jar;C:\Users\Siti Nurlatipah\.m2\repository\com\github\docker-java\docker-java-core\3.2.13\docker-java-core-3.2.13.jar;C:\Users\Siti Nurlatipah\.m2\repository\com\github\docker-java\docker-java-api\3.2.13\docker-java-api-3.2.13.jar;C:\Users\Siti Nurlatipah\.m2\repository\org\apache\commons\commons-compress\1.21\commons-compress-1.21.jar;C:\Users\Siti Nurlatipah\.m2\repository\org\bouncycastle\bcpkix-jdk15on\1.64\bcpkix-jdk15on-1.64.jar;C:\Users\Siti Nurlatipah\.m2\repository\org\bouncycastle\bcprov-jdk15on\1.64\bcprov-jdk15on-1.64.jar;C:\Users\Siti Nurlatipah\.m2\repository\org\slf4j\jcl-over-slf4j\1.7.30\jcl-over-slf4j-1.7.30.jar;C:\Users\Siti Nurlatipah\.m2\repository\com\github\docker-java\docker-java-transport-httpclient5\3.2.13\docker-java-transport-httpclient5-3.2.13.jar;C:\Users\Siti Nurlatipah\.m2\repository\com\github\docker-java\docker-java-transport\3.2.13\docker-java-transport-3.2.13.jar;C:\Users\Siti Nurlatipah\.m2\repository\org\apache\httpcomponents\client5\httpclient5\5.0.3\httpclient5-5.0.3.jar;C:\Users\Siti Nurlatipah\.m2\repository\org\apache\httpcomponents\core5\httpcore5\5.0.2\httpcore5-5.0.2.jar;C:\Users\Siti Nurlatipah\.m2\repository\net\java\dev\jna\jna\5.8.0\jna-5.8.0.jar;C:\Users\Siti Nurlatipah\.m2\repository\org\brotli\dec\0.1.2\dec-0.1.2.jar;C:\Users\Siti Nurlatipah\.m2\repository\com\jhlabs\filters\2.0.235\filters-2.0.235.jar;C:\Users\Siti Nurlatipah\.m2\repository\com\paulhammant\ngwebdriver\1.1.6\ngwebdriver-1.1.6.jar;C:\Users\Siti Nurlatipah\.m2\repository\joda-time\joda-time\2.8.2\joda-time-2.8.2.jar;C:\Users\Siti Nurlatipah\.m2\repository\org\hamcrest\hamcrest\2.2\hamcrest-2.2.jar;C:\Users\Siti Nurlatipah\.m2\repository\com\google\jimfs\jimfs\1.2\jimfs-1.2.jar;C:\Users\Siti Nurlatipah\.m2\repository\org\mockito\mockito-core\3.3.3\mockito-core-3.3.3.jar;C:\Users\Siti Nurlatipah\.m2\repository\javax\xml\bind\jaxb-api\2.3.1\jaxb-api-2.3.1.jar;C:\Users\Siti Nurlatipah\.m2\repository\javax\activation\javax.activation-api\1.2.0\javax.activation-api-1.2.0.jar;C:\Users\Siti Nurlatipah\.m2\repository\com\sun\xml\bind\jaxb-core\2.3.0.1\jaxb-core-2.3.0.1.jar;C:\Users\Siti Nurlatipah\.m2\repository\com\sun\xml\bind\jaxb-impl\2.3.3\jaxb-impl-2.3.3.jar;C:\Users\Siti Nurlatipah\.m2\repository\jakarta\xml\bind\jakarta.xml.bind-api\2.3.3\jakarta.xml.bind-api-2.3.3.jar;C:\Users\Siti Nurlatipah\.m2\repository\com\sun\activation\jakarta.activation\1.2.2\jakarta.activation-1.2.2.jar;C:\Users\Siti Nurlatipah\.m2\repository\javax\activation\activation\1.1.1\activation-1.1.1.jar;C:\Users\Siti Nurlatipah\.m2\repository\net\serenity-bdd\serenity-cucumber\3.2.1\serenity-cucumber-3.2.1.jar;C:\Users\Siti Nurlatipah\.m2\repository\io\cucumber\cucumber-core\7.2.3\cucumber-core-7.2.3.jar;C:\Users\Siti Nurlatipah\.m2\repository\io\cucumber\cucumber-gherkin\7.2.3\cucumber-gherkin-7.2.3.jar;C:\Users\Siti Nurlatipah\.m2\repository\io\cucumber\cucumber-gherkin-messages\7.2.3\cucumber-gherkin-messages-7.2.3.jar;C:\Users\Siti Nurlatipah\.m2\repository\io\cucumber\messages\17.1.1\messages-17.1.1.jar;C:\Users\Siti Nurlatipah\.m2\repository\io\cucumber\tag-expressions\4.1.0\tag-expressions-4.1.0.jar;C:\Users\Siti Nurlatipah\.m2\repository\io\cucumber\cucumber-expressions\15.0.1\cucumber-expressions-15.0.1.jar;C:\Users\Siti Nurlatipah\.m2\repository\io\cucumber\datatable\7.2.3\datatable-7.2.3.jar;C:\Users\Siti Nurlatipah\.m2\repository\io\cucumber\cucumber-plugin\7.2.3\cucumber-plugin-7.2.3.jar;C:\Users\Siti Nurlatipah\.m2\repository\io\cucumber\docstring\7.2.3\docstring-7.2.3.jar;C:\Users\Siti Nurlatipah\.m2\repository\io\cucumber\html-formatter\17.0.0\html-formatter-17.0.0.jar;C:\Users\Siti Nurlatipah\.m2\repository\io\cucumber\ci-environment\8.1.0\ci-environment-8.1.0.jar;C:\Users\Siti Nurlatipah\.m2\repository\io\cucumber\cucumber-junit\7.2.3\cucumber-junit-7.2.3.jar;C:\Users\Siti Nurlatipah\.m2\repository\org\apache\commons\commons-csv\1.5\commons-csv-1.5.jar;C:\Users\Siti Nurlatipah\.m2\repository\net\serenity-bdd\serenity-screenplay\3.2.1\serenity-screenplay-3.2.1.jar;C:\Users\Siti Nurlatipah\.m2\repository\net\serenity-bdd\serenity-screenplay-webdriver\3.2.1\serenity-screenplay-webdriver-3.2.1.jar;C:\Users\Siti Nurlatipah\.m2\repository\net\serenity-bdd\serenity-ensure\3.2.1\serenity-ensure-3.2.1.jar;C:\Users\Siti Nurlatipah\.m2\repository\net\serenity-bdd\serenity-junit\3.2.1\serenity-junit-3.2.1.jar;C:\Users\Siti Nurlatipah\.m2\repository\org\jetbrains\kotlin\kotlin-stdlib\1.6.0\kotlin-stdlib-1.6.0.jar;C:\Users\Siti Nurlatipah\.m2\repository\org\jetbrains\annotations\13.0\annotations-13.0.jar;C:\Users\Siti Nurlatipah\.m2\repository\org\jetbrains\kotlin\kotlin-stdlib-common\1.6.0\kotlin-stdlib-common-1.6.0.jar;C:\Users\Siti Nurlatipah\.m2\repository\org\junit\platform\junit-platform-launcher\1.8.1\junit-platform-launcher-1.8.1.jar;C:\Users\Siti Nurlatipah\.m2\repository\org\junit\platform\junit-platform-engine\1.8.1\junit-platform-engine-1.8.1.jar;C:\Users\Siti Nurlatipah\.m2\repository\org\opentest4j\opentest4j\1.2.0\opentest4j-1.2.0.jar;C:\Users\Siti Nurlatipah\.m2\repository\org\junit\platform\junit-platform-commons\1.8.1\junit-platform-commons-1.8.1.jar;C:\Users\Siti Nurlatipah\.m2\repository\org\apiguardian\apiguardian-api\1.1.2\apiguardian-api-1.1.2.jar;C:\Users\Siti Nurlatipah\.m2\repository\org\junit\jupiter\junit-jupiter-engine\5.8.2\junit-jupiter-engine-5.8.2.jar;C:\Users\Siti Nurlatipah\.m2\repository\org\junit\jupiter\junit-jupiter-api\5.8.2\junit-jupiter-api-5.8.2.jar;C:\Users\Siti Nurlatipah\.m2\repository\com\github\javafaker\javafaker\1.0.2\javafaker-1.0.2.jar;C:\Users\Siti Nurlatipah\.m2\repository\org\yaml\snakeyaml\1.23\snakeyaml-1.23-android.jar;C:\Users\Siti Nurlatipah\.m2\repository\com\github\mifmif\generex\1.0.2\generex-1.0.2.jar;C:\Users\Siti Nurlatipah\.m2\repository\dk\brics\automaton\automaton\1.11-8\automaton-1.11-8.jar;C:\Users\Siti Nurlatipah\.m2\repository\org\junit\vintage\junit-vintage-engine\5.8.2\junit-vintage-engine-5.8.2.jar;C:\Users\Siti Nurlatipah\.m2\repository\junit\junit\4.13.2\junit-4.13.2.jar;C:\Users\Siti Nurlatipah\.m2\repository\org\hamcrest\hamcrest-core\1.3\hamcrest-core-1.3.jar;C:\Users\Siti Nurlatipah\.m2\repository\ch\qos\logback\logback-classic\1.2.10\logback-classic-1.2.10.jar;C:\Users\Siti Nurlatipah\.m2\repository\ch\qos\logback\logback-core\1.2.10\logback-core-1.2.10.jar;C:\Users\Siti Nurlatipah\.m2\repository\org\slf4j\slf4j-api\1.7.32\slf4j-api-1.7.32.jar;C:\Users\Siti Nurlatipah\.m2\repository\org\assertj\assertj-core\3.6.2\assertj-core-3.6.2.jar;C:\Users\Siti Nurlatipah\.m2\repository\org\apache\maven\surefire\surefire-junit-platform\3.0.0-M5\surefire-junit-platform-3.0.0-M5.jar;C:\Users\Siti Nurlatipah\.m2\repository\org\apache\maven\surefire\common-java5\3.0.0-M5\common-java5-3.0.0-M5.jar"/>
    <property name="user.script" value=""/>
    <property name="java.protocol.handler.pkgs" value="com.google.common"/>
    <property name="sun.management.compiler" value="HotSpot 64-Bit Tiered Compilers"/>
    <property name="java.runtime.version" value="11.0.14+8-LTS-263"/>
    <property name="user.name" value="Siti Nurlatipah"/>
    <property name="path.separator" value=";"/>
    <property name="os.version" value="10.0"/>
    <property name="java.runtime.name" value="Java(TM) SE Runtime Environment"/>
    <property name="file.encoding" value="Cp1252"/>
    <property name="java.vm.name" value="Java HotSpot(TM) 64-Bit Server VM"/>
    <property name="java.vendor.version" value="18.9"/>
    <property name="localRepository" value="C:\Users\Siti Nurlatipah\.m2\repository"/>
    <property name="java.vendor.url.bug" value="https://bugreport.java.com/bugreport/"/>
    <property name="java.io.tmpdir" value="C:\Users\SITINU~1\AppData\Local\Temp\"/>
    <property name="java.version" value="11.0.14"/>
    <property name="user.dir" value="D:\Mini Project-QE Alta\Web Automation\FrontEnd-AltaShop"/>
    <property name="os.arch" value="amd64"/>
    <property name="java.vm.specification.name" value="Java Virtual Machine Specification"/>
    <property name="java.awt.printerjob" value="sun.awt.windows.WPrinterJob"/>
    <property name="sun.os.patch.level" value=""/>
    <property name="java.library.path" value="C:\Program Files\Java\jdk-11.0.14\bin;C:\windows\Sun\Java\bin;C:\windows\system32;C:\windows;C:\Program Files\Common Files\Oracle\Java\javapath;C:\windows\system32;C:\windows;C:\windows\System32\Wbem;C:\windows\System32\WindowsPowerShell\v1.0\;C:\windows\System32\OpenSSH\;C:\Program Files\Git\cmd;C:\Program Files\apache-maven-3.8.5\bin;C:\Program Files\Java\jdk1.8.0_221\bin;C:\Users\Siti Nurlatipah\webdriver;C:\Program Files\nodejs\;C:\Users\Siti Nurlatipah\AppData\Local\Android\Sdk\platform-tools;C:\Users\Siti Nurlatipah\AppData\Local\Android\Sdk\emulator;C:\Users\Siti Nurlatipah\AppData\Local\Microsoft\WindowsApps;C:\Users\Siti Nurlatipah\AppData\Local\Programs\Microsoft VS Code\bin;C:\Program Files\Java\jdk-11.0.14;C:\Users\Siti Nurlatipah\AppData\Roaming\npm;C:\Users\Siti Nurlatipah\AppData\Local\Android\Sdk\emulator;C:\Users\Siti Nurlatipah\AppData\Local\Android\Sdk\platform-tools;C:\Program Files\Java\jdk-11.0.14\bin;C:\Program Files\apache-maven-3.8.5\bin;;."/>
    <property name="java.vendor" value="Oracle Corporation"/>
    <property name="java.vm.info" value="mixed mode"/>
    <property name="java.vm.version" value="11.0.14+8-LTS-263"/>
    <property name="sun.io.unicode.encoding" value="UnicodeLittle"/>
    <property name="java.class.version" value="55.0"/>
  </properties>
  <testcase name="As a user, i have able to buy a product and add to chart" classname="Buy Product" time="181.298">
    <system-out><![CDATA[00:36:51.270 [main] INFO io.cucumber.core.plugin.SerenityReporter - Running feature from file:///D:/Mini%20Project-QE%20Alta/Web%20Automation/FrontEnd-AltaShop/src/test/resources/features/BuyProducts.feature
00:36:51.472 [main] INFO  - 

-------------------------------------------------------------------------------------
     _______. _______ .______       _______ .__   __.  __  .___________.____    ____ 
    /       ||   ____||   _  \     |   ____||  \ |  | |  | |           |\   \  /   / 
   |   (----`|  |__   |  |_)  |    |  |__   |   \|  | |  | `---|  |----` \   \/   /  
    \   \    |   __|  |      /     |   __|  |  . `  | |  |     |  |       \_    _/   
.----)   |   |  |____ |  |\  \----.|  |____ |  |\   | |  |     |  |         |  |     
|_______/    |_______|| _| `._____||_______||__| \__| |__|     |__|         |__|    
                                                                                     
 News and tutorials at http://www.serenity-bdd.info                                  
 Documentation at https://wakaleo.gitbooks.io/the-serenity-book/content/             
 Join the Serenity Community on Gitter: https://gitter.im/serenity-bdd/serenity-core 
 Serenity BDD Support and Training at http://serenity-bdd.info/#/trainingandsupport  
-------------------------------------------------------------------------------------

00:36:51.475 [main] DEBUG net.thucydides.core.steps.StepEventBus - Test suite started for story net.thucydides.core.model.Story@b6b7434a
00:36:51.478 [main] INFO  - Test Suite Started: Buy Product
00:36:51.495 [main] INFO io.cucumber.core.plugin.SerenityReporter - Running feature from file:///D:/Mini%20Project-QE%20Alta/Web%20Automation/FrontEnd-AltaShop/src/test/resources/features/Homepage.feature
00:36:51.516 [main] DEBUG net.thucydides.core.steps.StepEventBus - Test suite started for story net.thucydides.core.model.Story@2c76fee8
00:36:51.520 [main] INFO  - Test Suite Started: Homepage
00:36:51.520 [main] INFO io.cucumber.core.plugin.SerenityReporter - Running feature from file:///D:/Mini%20Project-QE%20Alta/Web%20Automation/FrontEnd-AltaShop/src/test/resources/features/Login.feature
00:36:51.529 [main] DEBUG net.thucydides.core.steps.StepEventBus - Test suite started for story net.thucydides.core.model.Story@23282f08
00:36:51.530 [main] INFO  - Test Suite Started: Login
00:36:51.530 [main] INFO io.cucumber.core.plugin.SerenityReporter - Running feature from file:///D:/Mini%20Project-QE%20Alta/Web%20Automation/FrontEnd-AltaShop/src/test/resources/features/Logout.feature
00:36:51.538 [main] DEBUG net.thucydides.core.steps.StepEventBus - Test suite started for story net.thucydides.core.model.Story@7960de68
00:36:51.540 [main] INFO  - Test Suite Started: Logout
00:36:51.540 [main] INFO io.cucumber.core.plugin.SerenityReporter - Running feature from file:///D:/Mini%20Project-QE%20Alta/Web%20Automation/FrontEnd-AltaShop/src/test/resources/features/Order.feature
00:36:51.546 [main] DEBUG net.thucydides.core.steps.StepEventBus - Test suite started for story net.thucydides.core.model.Story@cc4b76a8
00:36:51.547 [main] INFO  - Test Suite Started: Order
00:36:51.548 [main] INFO io.cucumber.core.plugin.SerenityReporter - Running feature from file:///D:/Mini%20Project-QE%20Alta/Web%20Automation/FrontEnd-AltaShop/src/test/resources/features/Register.feature
00:36:51.554 [main] DEBUG net.thucydides.core.steps.StepEventBus - Test suite started for story net.thucydides.core.model.Story@30e75088
00:36:51.555 [main] INFO  - Test Suite Started: Register
00:36:51.555 [main] INFO io.cucumber.core.plugin.SerenityReporter - Running feature from file:///D:/Mini%20Project-QE%20Alta/Web%20Automation/FrontEnd-AltaShop/src/test/resources/features/Transaction.feature
00:36:51.561 [main] DEBUG net.thucydides.core.steps.StepEventBus - Test suite started for story net.thucydides.core.model.Story@557d0d83
00:36:51.562 [main] INFO  - Test Suite Started: Register
00:36:51.563 [main] INFO io.cucumber.core.plugin.SerenityReporter - Running feature from file:///D:/Mini%20Project-QE%20Alta/Web%20Automation/FrontEnd-AltaShop/src/test/resources/features/BuyProducts.feature
00:36:51.569 [main] DEBUG net.thucydides.core.steps.StepEventBus - Test suite started for story net.thucydides.core.model.Story@b6b7434a
00:36:51.569 [main] INFO  - Test Suite Started: Buy Product

Scenario: As a user, i have able to buy a product and add to chart &amp#27;[90m# src/test/resources/features/BuyProducts.feature:3&amp#27;[0m
00:36:51.729 [main] INFO io.cucumber.core.plugin.SerenityReporter - Running feature from file:///D:/Mini%20Project-QE%20Alta/Web%20Automation/FrontEnd-AltaShop/src/test/resources/features/BuyProducts.feature
00:36:51.897 [main] INFO  - 
  _____   ___   ___   _____     ___   _____     _     ___   _____   ___   ___  
 |_   _| | __| / __| |_   _|   / __| |_   _|   /_\   | _ \ |_   _| | __| |   \ 
   | |   | _|  \__ \   | |     \__ \   | |    / _ \  |   /   | |   | _|  | |) |
   |_|   |___| |___/   |_|     |___/   |_|   /_/ \_\ |_|_\   |_|   |___| |___/ 

As a user, i have able to buy a product and add to chart(buy-product;as-a-user--i-have-able-to-buy-a-product-and-add-to-chart)
--------------------------------------------------------------------------------
00:36:53.061 [main] DEBUG net.thucydides.core.steps.StepInterceptor - STARTING STEP: BuyProductsStep.iAtLoginPage - onLoginPage
00:36:53.116 [main] INFO net.serenitybdd.core.webdriver.driverproviders.ChromeDriverProvider - Using automatically driver download
00:36:54.034 [main] DEBUG io.github.bonigarcia.wdm.cache.ResolutionCache - Removing resolution chrome=101 from cache (expired on Sat May 14 00:35:25 ICT 2022)
00:36:54.072 [main] DEBUG org.apache.hc.client5.http.impl.classic.InternalHttpClient - ex-00000001: preparing request execution
00:36:54.080 [main] DEBUG org.apache.hc.client5.http.protocol.RequestAddCookies - Cookie spec selected: strict
00:36:54.087 [main] DEBUG org.apache.hc.client5.http.protocol.RequestAuthCache - Auth cache not set in the context
00:36:54.087 [main] DEBUG org.apache.hc.client5.http.impl.classic.ProtocolExec - ex-00000001: target auth state: UNCHALLENGED
00:36:54.088 [main] DEBUG org.apache.hc.client5.http.impl.classic.ProtocolExec - ex-00000001: proxy auth state: UNCHALLENGED
00:36:54.088 [main] DEBUG org.apache.hc.client5.http.impl.classic.ConnectExec - ex-00000001: acquiring connection with route {s}->https://raw.githubusercontent.com:443
00:36:54.088 [main] DEBUG org.apache.hc.client5.http.impl.classic.InternalHttpClient - ex-00000001: acquiring endpoint (3 MINUTES)
00:36:54.090 [main] DEBUG org.apache.hc.client5.http.impl.io.PoolingHttpClientConnectionManager - ex-00000001: endpoint lease request (3 MINUTES) [route: {s}->https://raw.githubusercontent.com:443][total available: 0; route allocated: 0 of 5; total allocated: 0 of 25]
00:36:54.097 [main] DEBUG org.apache.hc.client5.http.impl.io.PoolingHttpClientConnectionManager - ex-00000001: endpoint leased [route: {s}->https://raw.githubusercontent.com:443][total available: 0; route allocated: 1 of 5; total allocated: 1 of 25]
00:36:54.117 [main] DEBUG org.apache.hc.client5.http.impl.io.PoolingHttpClientConnectionManager - ex-00000001: acquired ep-00000000
00:36:54.117 [main] DEBUG org.apache.hc.client5.http.impl.classic.InternalHttpClient - ex-00000001: acquired endpoint ep-00000000
00:36:54.117 [main] DEBUG org.apache.hc.client5.http.impl.classic.ConnectExec - ex-00000001: opening connection {s}->https://raw.githubusercontent.com:443
00:36:54.118 [main] DEBUG org.apache.hc.client5.http.impl.classic.InternalHttpClient - ep-00000000: connecting endpoint (30 SECONDS)
00:36:54.119 [main] DEBUG org.apache.hc.client5.http.impl.io.PoolingHttpClientConnectionManager - ep-00000000: connecting endpoint to https://raw.githubusercontent.com:443 (30 SECONDS)
00:36:54.170 [main] DEBUG org.apache.hc.client5.http.impl.io.DefaultHttpClientConnectionOperator - http-outgoing-0: connecting to raw.githubusercontent.com/185.199.108.133:443
00:36:54.170 [main] DEBUG org.apache.hc.client5.http.ssl.SSLConnectionSocketFactory - Connecting socket to raw.githubusercontent.com/185.199.108.133:443 with timeout 30 SECONDS
00:36:54.244 [main] DEBUG org.apache.hc.client5.http.ssl.SSLConnectionSocketFactory - Enabled protocols: [TLSv1.3, TLSv1.2]
00:36:54.244 [main] DEBUG org.apache.hc.client5.http.ssl.SSLConnectionSocketFactory - Enabled cipher suites: [TLS_AES_256_GCM_SHA384, TLS_AES_128_GCM_SHA256, TLS_ECDHE_ECDSA_WITH_AES_256_GCM_SHA384, TLS_ECDHE_ECDSA_WITH_AES_128_GCM_SHA256, TLS_ECDHE_RSA_WITH_AES_256_GCM_SHA384, TLS_ECDHE_RSA_WITH_AES_128_GCM_SHA256, TLS_DHE_RSA_WITH_AES_256_GCM_SHA384, TLS_DHE_DSS_WITH_AES_256_GCM_SHA384, TLS_DHE_RSA_WITH_AES_128_GCM_SHA256, TLS_DHE_DSS_WITH_AES_128_GCM_SHA256, TLS_ECDHE_ECDSA_WITH_AES_256_CBC_SHA384, TLS_ECDHE_RSA_WITH_AES_256_CBC_SHA384, TLS_ECDHE_ECDSA_WITH_AES_128_CBC_SHA256, TLS_ECDHE_RSA_WITH_AES_128_CBC_SHA256, TLS_DHE_RSA_WITH_AES_256_CBC_SHA256, TLS_DHE_DSS_WITH_AES_256_CBC_SHA256, TLS_DHE_RSA_WITH_AES_128_CBC_SHA256, TLS_DHE_DSS_WITH_AES_128_CBC_SHA256, TLS_ECDH_ECDSA_WITH_AES_256_GCM_SHA384, TLS_ECDH_RSA_WITH_AES_256_GCM_SHA384, TLS_ECDH_ECDSA_WITH_AES_128_GCM_SHA256, TLS_ECDH_RSA_WITH_AES_128_GCM_SHA256, TLS_ECDH_ECDSA_WITH_AES_256_CBC_SHA384, TLS_ECDH_RSA_WITH_AES_256_CBC_SHA384, TLS_ECDH_ECDSA_WITH_AES_128_CBC_SHA256, TLS_ECDH_RSA_WITH_AES_128_CBC_SHA256, TLS_ECDHE_ECDSA_WITH_AES_256_CBC_SHA, TLS_ECDHE_RSA_WITH_AES_256_CBC_SHA, TLS_ECDHE_ECDSA_WITH_AES_128_CBC_SHA, TLS_ECDHE_RSA_WITH_AES_128_CBC_SHA, TLS_DHE_RSA_WITH_AES_256_CBC_SHA, TLS_DHE_DSS_WITH_AES_256_CBC_SHA, TLS_DHE_RSA_WITH_AES_128_CBC_SHA, TLS_DHE_DSS_WITH_AES_128_CBC_SHA, TLS_ECDH_ECDSA_WITH_AES_256_CBC_SHA, TLS_ECDH_RSA_WITH_AES_256_CBC_SHA, TLS_ECDH_ECDSA_WITH_AES_128_CBC_SHA, TLS_ECDH_RSA_WITH_AES_128_CBC_SHA, TLS_RSA_WITH_AES_256_GCM_SHA384, TLS_RSA_WITH_AES_128_GCM_SHA256, TLS_RSA_WITH_AES_256_CBC_SHA256, TLS_RSA_WITH_AES_128_CBC_SHA256, TLS_RSA_WITH_AES_256_CBC_SHA, TLS_RSA_WITH_AES_128_CBC_SHA, TLS_EMPTY_RENEGOTIATION_INFO_SCSV]
00:36:54.244 [main] DEBUG org.apache.hc.client5.http.ssl.SSLConnectionSocketFactory - Starting handshake
00:37:13.532 [main] DEBUG org.apache.hc.client5.http.impl.io.DefaultHttpClientConnectionOperator - http-outgoing-0: connect to raw.githubusercontent.com/185.199.108.133:443 timed out. Connection will be retried using another IP address
00:37:13.533 [main] DEBUG org.apache.hc.client5.http.impl.io.DefaultHttpClientConnectionOperator - http-outgoing-0: connecting to raw.githubusercontent.com/185.199.110.133:443
00:37:13.533 [main] DEBUG org.apache.hc.client5.http.ssl.SSLConnectionSocketFactory - Connecting socket to raw.githubusercontent.com/185.199.110.133:443 with timeout 30 SECONDS
00:37:13.578 [main] DEBUG org.apache.hc.client5.http.ssl.SSLConnectionSocketFactory - Enabled protocols: [TLSv1.3, TLSv1.2]
00:37:13.578 [main] DEBUG org.apache.hc.client5.http.ssl.SSLConnectionSocketFactory - Enabled cipher suites: [TLS_AES_256_GCM_SHA384, TLS_AES_128_GCM_SHA256, TLS_ECDHE_ECDSA_WITH_AES_256_GCM_SHA384, TLS_ECDHE_ECDSA_WITH_AES_128_GCM_SHA256, TLS_ECDHE_RSA_WITH_AES_256_GCM_SHA384, TLS_ECDHE_RSA_WITH_AES_128_GCM_SHA256, TLS_DHE_RSA_WITH_AES_256_GCM_SHA384, TLS_DHE_DSS_WITH_AES_256_GCM_SHA384, TLS_DHE_RSA_WITH_AES_128_GCM_SHA256, TLS_DHE_DSS_WITH_AES_128_GCM_SHA256, TLS_ECDHE_ECDSA_WITH_AES_256_CBC_SHA384, TLS_ECDHE_RSA_WITH_AES_256_CBC_SHA384, TLS_ECDHE_ECDSA_WITH_AES_128_CBC_SHA256, TLS_ECDHE_RSA_WITH_AES_128_CBC_SHA256, TLS_DHE_RSA_WITH_AES_256_CBC_SHA256, TLS_DHE_DSS_WITH_AES_256_CBC_SHA256, TLS_DHE_RSA_WITH_AES_128_CBC_SHA256, TLS_DHE_DSS_WITH_AES_128_CBC_SHA256, TLS_ECDH_ECDSA_WITH_AES_256_GCM_SHA384, TLS_ECDH_RSA_WITH_AES_256_GCM_SHA384, TLS_ECDH_ECDSA_WITH_AES_128_GCM_SHA256, TLS_ECDH_RSA_WITH_AES_128_GCM_SHA256, TLS_ECDH_ECDSA_WITH_AES_256_CBC_SHA384, TLS_ECDH_RSA_WITH_AES_256_CBC_SHA384, TLS_ECDH_ECDSA_WITH_AES_128_CBC_SHA256, TLS_ECDH_RSA_WITH_AES_128_CBC_SHA256, TLS_ECDHE_ECDSA_WITH_AES_256_CBC_SHA, TLS_ECDHE_RSA_WITH_AES_256_CBC_SHA, TLS_ECDHE_ECDSA_WITH_AES_128_CBC_SHA, TLS_ECDHE_RSA_WITH_AES_128_CBC_SHA, TLS_DHE_RSA_WITH_AES_256_CBC_SHA, TLS_DHE_DSS_WITH_AES_256_CBC_SHA, TLS_DHE_RSA_WITH_AES_128_CBC_SHA, TLS_DHE_DSS_WITH_AES_128_CBC_SHA, TLS_ECDH_ECDSA_WITH_AES_256_CBC_SHA, TLS_ECDH_RSA_WITH_AES_256_CBC_SHA, TLS_ECDH_ECDSA_WITH_AES_128_CBC_SHA, TLS_ECDH_RSA_WITH_AES_128_CBC_SHA, TLS_RSA_WITH_AES_256_GCM_SHA384, TLS_RSA_WITH_AES_128_GCM_SHA256, TLS_RSA_WITH_AES_256_CBC_SHA256, TLS_RSA_WITH_AES_128_CBC_SHA256, TLS_RSA_WITH_AES_256_CBC_SHA, TLS_RSA_WITH_AES_128_CBC_SHA, TLS_EMPTY_RENEGOTIATION_INFO_SCSV]
00:37:13.579 [main] DEBUG org.apache.hc.client5.http.ssl.SSLConnectionSocketFactory - Starting handshake
00:37:32.815 [main] DEBUG org.apache.hc.client5.http.impl.io.DefaultHttpClientConnectionOperator - http-outgoing-0: connect to raw.githubusercontent.com/185.199.110.133:443 timed out. Connection will be retried using another IP address
00:37:32.816 [main] DEBUG org.apache.hc.client5.http.impl.io.DefaultHttpClientConnectionOperator - http-outgoing-0: connecting to raw.githubusercontent.com/185.199.109.133:443
00:37:32.816 [main] DEBUG org.apache.hc.client5.http.ssl.SSLConnectionSocketFactory - Connecting socket to raw.githubusercontent.com/185.199.109.133:443 with timeout 30 SECONDS
00:37:32.869 [main] DEBUG org.apache.hc.client5.http.ssl.SSLConnectionSocketFactory - Enabled protocols: [TLSv1.3, TLSv1.2]
00:37:32.870 [main] DEBUG org.apache.hc.client5.http.ssl.SSLConnectionSocketFactory - Enabled cipher suites: [TLS_AES_256_GCM_SHA384, TLS_AES_128_GCM_SHA256, TLS_ECDHE_ECDSA_WITH_AES_256_GCM_SHA384, TLS_ECDHE_ECDSA_WITH_AES_128_GCM_SHA256, TLS_ECDHE_RSA_WITH_AES_256_GCM_SHA384, TLS_ECDHE_RSA_WITH_AES_128_GCM_SHA256, TLS_DHE_RSA_WITH_AES_256_GCM_SHA384, TLS_DHE_DSS_WITH_AES_256_GCM_SHA384, TLS_DHE_RSA_WITH_AES_128_GCM_SHA256, TLS_DHE_DSS_WITH_AES_128_GCM_SHA256, TLS_ECDHE_ECDSA_WITH_AES_256_CBC_SHA384, TLS_ECDHE_RSA_WITH_AES_256_CBC_SHA384, TLS_ECDHE_ECDSA_WITH_AES_128_CBC_SHA256, TLS_ECDHE_RSA_WITH_AES_128_CBC_SHA256, TLS_DHE_RSA_WITH_AES_256_CBC_SHA256, TLS_DHE_DSS_WITH_AES_256_CBC_SHA256, TLS_DHE_RSA_WITH_AES_128_CBC_SHA256, TLS_DHE_DSS_WITH_AES_128_CBC_SHA256, TLS_ECDH_ECDSA_WITH_AES_256_GCM_SHA384, TLS_ECDH_RSA_WITH_AES_256_GCM_SHA384, TLS_ECDH_ECDSA_WITH_AES_128_GCM_SHA256, TLS_ECDH_RSA_WITH_AES_128_GCM_SHA256, TLS_ECDH_ECDSA_WITH_AES_256_CBC_SHA384, TLS_ECDH_RSA_WITH_AES_256_CBC_SHA384, TLS_ECDH_ECDSA_WITH_AES_128_CBC_SHA256, TLS_ECDH_RSA_WITH_AES_128_CBC_SHA256, TLS_ECDHE_ECDSA_WITH_AES_256_CBC_SHA, TLS_ECDHE_RSA_WITH_AES_256_CBC_SHA, TLS_ECDHE_ECDSA_WITH_AES_128_CBC_SHA, TLS_ECDHE_RSA_WITH_AES_128_CBC_SHA, TLS_DHE_RSA_WITH_AES_256_CBC_SHA, TLS_DHE_DSS_WITH_AES_256_CBC_SHA, TLS_DHE_RSA_WITH_AES_128_CBC_SHA, TLS_DHE_DSS_WITH_AES_128_CBC_SHA, TLS_ECDH_ECDSA_WITH_AES_256_CBC_SHA, TLS_ECDH_RSA_WITH_AES_256_CBC_SHA, TLS_ECDH_ECDSA_WITH_AES_128_CBC_SHA, TLS_ECDH_RSA_WITH_AES_128_CBC_SHA, TLS_RSA_WITH_AES_256_GCM_SHA384, TLS_RSA_WITH_AES_128_GCM_SHA256, TLS_RSA_WITH_AES_256_CBC_SHA256, TLS_RSA_WITH_AES_128_CBC_SHA256, TLS_RSA_WITH_AES_256_CBC_SHA, TLS_RSA_WITH_AES_128_CBC_SHA, TLS_EMPTY_RENEGOTIATION_INFO_SCSV]
00:37:32.870 [main] DEBUG org.apache.hc.client5.http.ssl.SSLConnectionSocketFactory - Starting handshake
00:37:52.120 [main] DEBUG org.apache.hc.client5.http.impl.io.DefaultHttpClientConnectionOperator - http-outgoing-0: connect to raw.githubusercontent.com/185.199.109.133:443 timed out. Connection will be retried using another IP address
00:37:52.120 [main] DEBUG org.apache.hc.client5.http.impl.io.DefaultHttpClientConnectionOperator - http-outgoing-0: connecting to raw.githubusercontent.com/185.199.111.133:443
00:37:52.120 [main] DEBUG org.apache.hc.client5.http.ssl.SSLConnectionSocketFactory - Connecting socket to raw.githubusercontent.com/185.199.111.133:443 with timeout 30 SECONDS
00:37:52.159 [main] DEBUG org.apache.hc.client5.http.ssl.SSLConnectionSocketFactory - Enabled protocols: [TLSv1.3, TLSv1.2]
00:37:52.160 [main] DEBUG org.apache.hc.client5.http.ssl.SSLConnectionSocketFactory - Enabled cipher suites: [TLS_AES_256_GCM_SHA384, TLS_AES_128_GCM_SHA256, TLS_ECDHE_ECDSA_WITH_AES_256_GCM_SHA384, TLS_ECDHE_ECDSA_WITH_AES_128_GCM_SHA256, TLS_ECDHE_RSA_WITH_AES_256_GCM_SHA384, TLS_ECDHE_RSA_WITH_AES_128_GCM_SHA256, TLS_DHE_RSA_WITH_AES_256_GCM_SHA384, TLS_DHE_DSS_WITH_AES_256_GCM_SHA384, TLS_DHE_RSA_WITH_AES_128_GCM_SHA256, TLS_DHE_DSS_WITH_AES_128_GCM_SHA256, TLS_ECDHE_ECDSA_WITH_AES_256_CBC_SHA384, TLS_ECDHE_RSA_WITH_AES_256_CBC_SHA384, TLS_ECDHE_ECDSA_WITH_AES_128_CBC_SHA256, TLS_ECDHE_RSA_WITH_AES_128_CBC_SHA256, TLS_DHE_RSA_WITH_AES_256_CBC_SHA256, TLS_DHE_DSS_WITH_AES_256_CBC_SHA256, TLS_DHE_RSA_WITH_AES_128_CBC_SHA256, TLS_DHE_DSS_WITH_AES_128_CBC_SHA256, TLS_ECDH_ECDSA_WITH_AES_256_GCM_SHA384, TLS_ECDH_RSA_WITH_AES_256_GCM_SHA384, TLS_ECDH_ECDSA_WITH_AES_128_GCM_SHA256, TLS_ECDH_RSA_WITH_AES_128_GCM_SHA256, TLS_ECDH_ECDSA_WITH_AES_256_CBC_SHA384, TLS_ECDH_RSA_WITH_AES_256_CBC_SHA384, TLS_ECDH_ECDSA_WITH_AES_128_CBC_SHA256, TLS_ECDH_RSA_WITH_AES_128_CBC_SHA256, TLS_ECDHE_ECDSA_WITH_AES_256_CBC_SHA, TLS_ECDHE_RSA_WITH_AES_256_CBC_SHA, TLS_ECDHE_ECDSA_WITH_AES_128_CBC_SHA, TLS_ECDHE_RSA_WITH_AES_128_CBC_SHA, TLS_DHE_RSA_WITH_AES_256_CBC_SHA, TLS_DHE_DSS_WITH_AES_256_CBC_SHA, TLS_DHE_RSA_WITH_AES_128_CBC_SHA, TLS_DHE_DSS_WITH_AES_128_CBC_SHA, TLS_ECDH_ECDSA_WITH_AES_256_CBC_SHA, TLS_ECDH_RSA_WITH_AES_256_CBC_SHA, TLS_ECDH_ECDSA_WITH_AES_128_CBC_SHA, TLS_ECDH_RSA_WITH_AES_128_CBC_SHA, TLS_RSA_WITH_AES_256_GCM_SHA384, TLS_RSA_WITH_AES_128_GCM_SHA256, TLS_RSA_WITH_AES_256_CBC_SHA256, TLS_RSA_WITH_AES_128_CBC_SHA256, TLS_RSA_WITH_AES_256_CBC_SHA, TLS_RSA_WITH_AES_128_CBC_SHA, TLS_EMPTY_RENEGOTIATION_INFO_SCSV]
00:37:52.160 [main] DEBUG org.apache.hc.client5.http.ssl.SSLConnectionSocketFactory - Starting handshake
00:38:11.382 [main] DEBUG org.apache.hc.client5.http.impl.io.DefaultManagedHttpClientConnection - http-outgoing-0: close connection IMMEDIATE
00:38:11.383 [main] DEBUG org.apache.hc.client5.http.impl.classic.InternalHttpClient - ep-00000000: endpoint closed
00:38:11.384 [main] DEBUG org.apache.hc.client5.http.impl.classic.InternalHttpClient - ep-00000000: discarding endpoint
00:38:11.384 [main] DEBUG org.apache.hc.client5.http.impl.io.PoolingHttpClientConnectionManager - ep-00000000: releasing endpoint
00:38:11.384 [main] DEBUG org.apache.hc.client5.http.impl.io.PoolingHttpClientConnectionManager - ep-00000000: connection is not kept alive
00:38:11.384 [main] DEBUG org.apache.hc.client5.http.impl.io.PoolingHttpClientConnectionManager - ep-00000000: connection released [route: {s}->https://raw.githubusercontent.com:443][total available: 0; route allocated: 0 of 5; total allocated: 0 of 25]
00:38:11.389 [main] DEBUG org.apache.hc.client5.http.impl.classic.HttpRequestRetryExec - ex-00000001: Connection reset
java.net.SocketException: Connection reset
	at java.base/java.net.SocketInputStream.read(SocketInputStream.java:186)
	at java.base/java.net.SocketInputStream.read(SocketInputStream.java:140)
	at java.base/sun.security.ssl.SSLSocketInputRecord.read(SSLSocketInputRecord.java:478)
	at java.base/sun.security.ssl.SSLSocketInputRecord.readHeader(SSLSocketInputRecord.java:472)
	at java.base/sun.security.ssl.SSLSocketInputRecord.decode(SSLSocketInputRecord.java:160)
	at java.base/sun.security.ssl.SSLTransport.decode(SSLTransport.java:111)
	at java.base/sun.security.ssl.SSLSocketImpl.decode(SSLSocketImpl.java:1377)
	at java.base/sun.security.ssl.SSLSocketImpl.readHandshakeRecord(SSLSocketImpl.java:1290)
	at java.base/sun.security.ssl.SSLSocketImpl.startHandshake(SSLSocketImpl.java:411)
	at java.base/sun.security.ssl.SSLSocketImpl.startHandshake(SSLSocketImpl.java:383)
	at org.apache.hc.client5.http.ssl.SSLConnectionSocketFactory.createLayeredSocket(SSLConnectionSocketFactory.java:273)
	at org.apache.hc.client5.http.ssl.SSLConnectionSocketFactory.connectSocket(SSLConnectionSocketFactory.java:241)
	at org.apache.hc.client5.http.impl.io.DefaultHttpClientConnectionOperator.connect(DefaultHttpClientConnectionOperator.java:148)
	at org.apache.hc.client5.http.impl.io.PoolingHttpClientConnectionManager.connect(PoolingHttpClientConnectionManager.java:409)
	at org.apache.hc.client5.http.impl.classic.InternalExecRuntime.connectEndpoint(InternalExecRuntime.java:164)
	at org.apache.hc.client5.http.impl.classic.InternalExecRuntime.connectEndpoint(InternalExecRuntime.java:174)
	at org.apache.hc.client5.http.impl.classic.ConnectExec.execute(ConnectExec.java:135)
	at org.apache.hc.client5.http.impl.classic.ExecChainElement.execute(ExecChainElement.java:51)
	at org.apache.hc.client5.http.impl.classic.ExecChainElement$1.proceed(ExecChainElement.java:57)
	at org.apache.hc.client5.http.impl.classic.ProtocolExec.execute(ProtocolExec.java:172)
	at org.apache.hc.client5.http.impl.classic.ExecChainElement.execute(ExecChainElement.java:51)
	at org.apache.hc.client5.http.impl.classic.ExecChainElement$1.proceed(ExecChainElement.java:57)
	at org.apache.hc.client5.http.impl.classic.HttpRequestRetryExec.execute(HttpRequestRetryExec.java:93)
	at org.apache.hc.client5.http.impl.classic.ExecChainElement.execute(ExecChainElement.java:51)
	at org.apache.hc.client5.http.impl.classic.ExecChainElement$1.proceed(ExecChainElement.java:57)
	at org.apache.hc.client5.http.impl.classic.ContentCompressionExec.execute(ContentCompressionExec.java:128)
	at org.apache.hc.client5.http.impl.classic.ExecChainElement.execute(ExecChainElement.java:51)
	at org.apache.hc.client5.http.impl.classic.ExecChainElement$1.proceed(ExecChainElement.java:57)
	at org.apache.hc.client5.http.impl.classic.RedirectExec.execute(RedirectExec.java:116)
	at org.apache.hc.client5.http.impl.classic.ExecChainElement.execute(ExecChainElement.java:51)
	at org.apache.hc.client5.http.impl.classic.InternalHttpClient.doExecute(InternalHttpClient.java:178)
	at org.apache.hc.client5.http.impl.classic.CloseableHttpClient.execute(CloseableHttpClient.java:75)
	at org.apache.hc.client5.http.impl.classic.CloseableHttpClient.execute(CloseableHttpClient.java:89)
	at io.github.bonigarcia.wdm.online.HttpClient.execute(HttpClient.java:158)
	at io.github.bonigarcia.wdm.versions.VersionDetector.getOnlineInputStream(VersionDetector.java:355)
	at io.github.bonigarcia.wdm.versions.VersionDetector.getVersionsInputStream(VersionDetector.java:320)
	at io.github.bonigarcia.wdm.versions.VersionDetector.getProperties(VersionDetector.java:298)
	at io.github.bonigarcia.wdm.versions.VersionDetector.getBrowserVersionFromTheShell(VersionDetector.java:202)
	at io.github.bonigarcia.wdm.WebDriverManager.getBrowserVersionFromTheShell(WebDriverManager.java:1190)
	at io.github.bonigarcia.wdm.WebDriverManager.detectBrowserVersion(WebDriverManager.java:1210)
	at io.github.bonigarcia.wdm.WebDriverManager.resolveDriverVersion(WebDriverManager.java:1075)
	at io.github.bonigarcia.wdm.WebDriverManager.manage(WebDriverManager.java:1025)
	at io.github.bonigarcia.wdm.WebDriverManager.setup(WebDriverManager.java:393)
	at net.serenitybdd.core.webdriver.driverproviders.webdrivermanager.WebDriverManagerSetup.forChrome(WebDriverManagerSetup.java:56)
	at net.serenitybdd.core.webdriver.driverproviders.ChromeDriverProvider.newInstance(ChromeDriverProvider.java:46)
	at net.thucydides.core.webdriver.WebDriverFactory.createWebDriver(WebDriverFactory.java:157)
	at net.thucydides.core.webdriver.WebDriverFactory.newWebdriverInstance(WebDriverFactory.java:136)
	at net.thucydides.core.webdriver.WebDriverFacade.newDriverInstance(WebDriverFacade.java:143)
	at net.thucydides.core.webdriver.WebDriverFacade.newProxyDriver(WebDriverFacade.java:134)
	at net.thucydides.core.webdriver.WebDriverFacade.getProxiedDriver(WebDriverFacade.java:104)
	at net.thucydides.core.webdriver.WebDriverFacade.get(WebDriverFacade.java:174)
	at net.serenitybdd.core.pages.PageObject.openPageAtUrl(PageObject.java:983)
	at net.serenitybdd.core.pages.PageObject.openAt(PageObject.java:924)
	at FrontEnd.AltaShop@1.0-SNAPSHOT/starter.Login.onLoginPage(Login.java:18)
	at FrontEnd.AltaShop@1.0-SNAPSHOT/starter.Login$ByteBuddy$C6qrEkEW.onLoginPage$accessor$DyzgcGF2(Unknown Source)
	at java.base/jdk.internal.reflect.NativeMethodAccessorImpl.invoke0(Native Method)
	at java.base/jdk.internal.reflect.NativeMethodAccessorImpl.invoke(NativeMethodAccessorImpl.java:62)
	at java.base/jdk.internal.reflect.DelegatingMethodAccessorImpl.invoke(DelegatingMethodAccessorImpl.java:43)
	at java.base/java.lang.reflect.Method.invoke(Method.java:566)
	at net.thucydides.core.steps.StepInterceptor.invokeMethod(StepInterceptor.java:503)
	at net.thucydides.core.steps.StepInterceptor.executeTestStepMethod(StepInterceptor.java:483)
	at net.thucydides.core.steps.StepInterceptor.runTestStep(StepInterceptor.java:457)
	at net.thucydides.core.steps.StepInterceptor.runOrSkipMethod(StepInterceptor.java:209)
	at net.thucydides.core.steps.StepInterceptor.testStepResult(StepInterceptor.java:196)
	at net.thucydides.core.steps.StepInterceptor.intercept(StepInterceptor.java:84)
	at net.thucydides.core.steps.ProxyConfiguration$InterceptorDispatcher.intercept(ProxyConfiguration.java:51)
	at FrontEnd.AltaShop@1.0-SNAPSHOT/starter.Login$ByteBuddy$C6qrEkEW.onLoginPage(Unknown Source)
	at FrontEnd.AltaShop@1.0-SNAPSHOT/stepdefinitions.BuyProductsStep.iAtLoginPage(BuyProductsStep.java:18)
	at java.base/jdk.internal.reflect.NativeMethodAccessorImpl.invoke0(Native Method)
	at java.base/jdk.internal.reflect.NativeMethodAccessorImpl.invoke(NativeMethodAccessorImpl.java:62)
	at java.base/jdk.internal.reflect.DelegatingMethodAccessorImpl.invoke(DelegatingMethodAccessorImpl.java:43)
	at java.base/java.lang.reflect.Method.invoke(Method.java:566)
	at io.cucumber.java.Invoker.doInvoke(Invoker.java:66)
	at io.cucumber.java.Invoker.invoke(Invoker.java:24)
	at io.cucumber.java.AbstractGlueDefinition.invokeMethod(AbstractGlueDefinition.java:47)
	at io.cucumber.java.JavaStepDefinition.execute(JavaStepDefinition.java:29)
	at io.cucumber.core.runner.CoreStepDefinition.execute(CoreStepDefinition.java:66)
	at io.cucumber.core.runner.PickleStepDefinitionMatch.runStep(PickleStepDefinitionMatch.java:63)
	at io.cucumber.core.runner.ExecutionMode$1.execute(ExecutionMode.java:10)
	at io.cucumber.core.runner.TestStep.executeStep(TestStep.java:86)
	at io.cucumber.core.runner.TestStep.run(TestStep.java:57)
	at io.cucumber.core.runner.PickleStepTestStep.run(PickleStepTestStep.java:51)
	at io.cucumber.core.runner.TestCase.run(TestCase.java:95)
	at io.cucumber.core.runner.Runner.runPickle(Runner.java:75)
	at io.cucumber.junit.PickleRunners$NoStepDescriptions.lambda$run$0(PickleRunners.java:151)
	at io.cucumber.core.runtime.CucumberExecutionContext.lambda$runTestCase$3(CucumberExecutionContext.java:151)
	at io.cucumber.core.runtime.RethrowingThrowableCollector.executeAndThrow(RethrowingThrowableCollector.java:23)
	at io.cucumber.core.runtime.CucumberExecutionContext.runTestCase(CucumberExecutionContext.java:151)
	at io.cucumber.junit.PickleRunners$NoStepDescriptions.run(PickleRunners.java:148)
	at io.cucumber.junit.FeatureRunner.runChild(FeatureRunner.java:144)
	at io.cucumber.junit.FeatureRunner.runChild(FeatureRunner.java:28)
	at org.junit.runners.ParentRunner$4.run(ParentRunner.java:331)
	at org.junit.runners.ParentRunner$1.schedule(ParentRunner.java:79)
	at org.junit.runners.ParentRunner.runChildren(ParentRunner.java:329)
	at org.junit.runners.ParentRunner.access$100(ParentRunner.java:66)
	at org.junit.runners.ParentRunner$2.evaluate(ParentRunner.java:293)
	at org.junit.runners.ParentRunner$3.evaluate(ParentRunner.java:306)
	at org.junit.runners.ParentRunner.run(ParentRunner.java:413)
	at io.cucumber.junit.FeatureRunner.run(FeatureRunner.java:137)
	at io.cucumber.junit.CucumberSerenityRunner.runChild(CucumberSerenityRunner.java:258)
	at io.cucumber.junit.CucumberSerenityRunner.runChild(CucumberSerenityRunner.java:58)
	at org.junit.runners.ParentRunner$4.run(ParentRunner.java:331)
	at org.junit.runners.ParentRunner$1.schedule(ParentRunner.java:79)
	at org.junit.runners.ParentRunner.runChildren(ParentRunner.java:329)
	at org.junit.runners.ParentRunner.access$100(ParentRunner.java:66)
	at org.junit.runners.ParentRunner$2.evaluate(ParentRunner.java:293)
	at io.cucumber.junit.CucumberSerenityRunner$RunCucumber.evaluate(CucumberSerenityRunner.java:287)
	at org.junit.runners.ParentRunner$3.evaluate(ParentRunner.java:306)
	at org.junit.runners.ParentRunner.run(ParentRunner.java:413)
	at org.junit.runner.JUnitCore.run(JUnitCore.java:137)
	at org.junit.runner.JUnitCore.run(JUnitCore.java:115)
	at org.junit.vintage.engine.execution.RunnerExecutor.execute(RunnerExecutor.java:42)
	at org.junit.vintage.engine.VintageTestEngine.executeAllChildren(VintageTestEngine.java:80)
	at org.junit.vintage.engine.VintageTestEngine.execute(VintageTestEngine.java:72)
	at org.junit.platform.launcher.core.EngineExecutionOrchestrator.execute(EngineExecutionOrchestrator.java:107)
	at org.junit.platform.launcher.core.EngineExecutionOrchestrator.execute(EngineExecutionOrchestrator.java:88)
	at org.junit.platform.launcher.core.EngineExecutionOrchestrator.lambda$execute$0(EngineExecutionOrchestrator.java:54)
	at org.junit.platform.launcher.core.EngineExecutionOrchestrator.withInterceptedStreams(EngineExecutionOrchestrator.java:67)
	at org.junit.platform.launcher.core.EngineExecutionOrchestrator.execute(EngineExecutionOrchestrator.java:52)
	at org.junit.platform.launcher.core.DefaultLauncher.execute(DefaultLauncher.java:114)
	at org.junit.platform.launcher.core.DefaultLauncher.execute(DefaultLauncher.java:86)
	at org.junit.platform.launcher.core.DefaultLauncherSession$DelegatingLauncher.execute(DefaultLauncherSession.java:86)
	at org.junit.platform.launcher.core.SessionPerRequestLauncher.execute(SessionPerRequestLauncher.java:53)
	at org.apache.maven.surefire.junitplatform.JUnitPlatformProvider.execute(JUnitPlatformProvider.java:188)
	at org.apache.maven.surefire.junitplatform.JUnitPlatformProvider.invokeAllTests(JUnitPlatformProvider.java:154)
	at org.apache.maven.surefire.junitplatform.JUnitPlatformProvider.invoke(JUnitPlatformProvider.java:128)
	at org.apache.maven.surefire.booter.ForkedBooter.runSuitesInProcess(ForkedBooter.java:428)
	at org.apache.maven.surefire.booter.ForkedBooter.execute(ForkedBooter.java:162)
	at org.apache.maven.surefire.booter.ForkedBooter.run(ForkedBooter.java:562)
	at org.apache.maven.surefire.booter.ForkedBooter.main(ForkedBooter.java:548)
00:38:11.392 [main] INFO org.apache.hc.client5.http.impl.classic.HttpRequestRetryExec - Recoverable I/O exception (java.net.SocketException) caught when processing request to {s}->https://raw.githubusercontent.com:443
00:38:11.392 [main] DEBUG org.apache.hc.client5.http.protocol.RequestAddCookies - Cookie spec selected: strict
00:38:11.392 [main] DEBUG org.apache.hc.client5.http.protocol.RequestAuthCache - Auth cache not set in the context
00:38:11.392 [main] DEBUG org.apache.hc.client5.http.impl.classic.ProtocolExec - ex-00000001: target auth state: UNCHALLENGED
00:38:11.392 [main] DEBUG org.apache.hc.client5.http.impl.classic.ProtocolExec - ex-00000001: proxy auth state: UNCHALLENGED
00:38:11.392 [main] DEBUG org.apache.hc.client5.http.impl.classic.ConnectExec - ex-00000001: acquiring connection with route {s}->https://raw.githubusercontent.com:443
00:38:11.392 [main] DEBUG org.apache.hc.client5.http.impl.classic.InternalHttpClient - ex-00000001: acquiring endpoint (3 MINUTES)
00:38:11.392 [main] DEBUG org.apache.hc.client5.http.impl.io.PoolingHttpClientConnectionManager - ex-00000001: endpoint lease request (3 MINUTES) [route: {s}->https://raw.githubusercontent.com:443][total available: 0; route allocated: 0 of 5; total allocated: 0 of 25]
00:38:11.393 [main] DEBUG org.apache.hc.client5.http.impl.io.PoolingHttpClientConnectionManager - ex-00000001: endpoint leased [route: {s}->https://raw.githubusercontent.com:443][total available: 0; route allocated: 1 of 5; total allocated: 1 of 25]
00:38:11.393 [main] DEBUG org.apache.hc.client5.http.impl.io.PoolingHttpClientConnectionManager - ex-00000001: acquired ep-00000001
00:38:11.393 [main] DEBUG org.apache.hc.client5.http.impl.classic.InternalHttpClient - ex-00000001: acquired endpoint ep-00000001
00:38:11.393 [main] DEBUG org.apache.hc.client5.http.impl.classic.ConnectExec - ex-00000001: opening connection {s}->https://raw.githubusercontent.com:443
00:38:11.393 [main] DEBUG org.apache.hc.client5.http.impl.classic.InternalHttpClient - ep-00000001: connecting endpoint (30 SECONDS)
00:38:11.393 [main] DEBUG org.apache.hc.client5.http.impl.io.PoolingHttpClientConnectionManager - ep-00000001: connecting endpoint to https://raw.githubusercontent.com:443 (30 SECONDS)
00:38:11.395 [main] DEBUG org.apache.hc.client5.http.impl.io.DefaultHttpClientConnectionOperator - http-outgoing-1: connecting to raw.githubusercontent.com/185.199.108.133:443
00:38:11.395 [main] DEBUG org.apache.hc.client5.http.ssl.SSLConnectionSocketFactory - Connecting socket to raw.githubusercontent.com/185.199.108.133:443 with timeout 30 SECONDS
00:38:11.432 [main] DEBUG org.apache.hc.client5.http.ssl.SSLConnectionSocketFactory - Enabled protocols: [TLSv1.3, TLSv1.2]
00:38:11.432 [main] DEBUG org.apache.hc.client5.http.ssl.SSLConnectionSocketFactory - Enabled cipher suites: [TLS_AES_256_GCM_SHA384, TLS_AES_128_GCM_SHA256, TLS_ECDHE_ECDSA_WITH_AES_256_GCM_SHA384, TLS_ECDHE_ECDSA_WITH_AES_128_GCM_SHA256, TLS_ECDHE_RSA_WITH_AES_256_GCM_SHA384, TLS_ECDHE_RSA_WITH_AES_128_GCM_SHA256, TLS_DHE_RSA_WITH_AES_256_GCM_SHA384, TLS_DHE_DSS_WITH_AES_256_GCM_SHA384, TLS_DHE_RSA_WITH_AES_128_GCM_SHA256, TLS_DHE_DSS_WITH_AES_128_GCM_SHA256, TLS_ECDHE_ECDSA_WITH_AES_256_CBC_SHA384, TLS_ECDHE_RSA_WITH_AES_256_CBC_SHA384, TLS_ECDHE_ECDSA_WITH_AES_128_CBC_SHA256, TLS_ECDHE_RSA_WITH_AES_128_CBC_SHA256, TLS_DHE_RSA_WITH_AES_256_CBC_SHA256, TLS_DHE_DSS_WITH_AES_256_CBC_SHA256, TLS_DHE_RSA_WITH_AES_128_CBC_SHA256, TLS_DHE_DSS_WITH_AES_128_CBC_SHA256, TLS_ECDH_ECDSA_WITH_AES_256_GCM_SHA384, TLS_ECDH_RSA_WITH_AES_256_GCM_SHA384, TLS_ECDH_ECDSA_WITH_AES_128_GCM_SHA256, TLS_ECDH_RSA_WITH_AES_128_GCM_SHA256, TLS_ECDH_ECDSA_WITH_AES_256_CBC_SHA384, TLS_ECDH_RSA_WITH_AES_256_CBC_SHA384, TLS_ECDH_ECDSA_WITH_AES_128_CBC_SHA256, TLS_ECDH_RSA_WITH_AES_128_CBC_SHA256, TLS_ECDHE_ECDSA_WITH_AES_256_CBC_SHA, TLS_ECDHE_RSA_WITH_AES_256_CBC_SHA, TLS_ECDHE_ECDSA_WITH_AES_128_CBC_SHA, TLS_ECDHE_RSA_WITH_AES_128_CBC_SHA, TLS_DHE_RSA_WITH_AES_256_CBC_SHA, TLS_DHE_DSS_WITH_AES_256_CBC_SHA, TLS_DHE_RSA_WITH_AES_128_CBC_SHA, TLS_DHE_DSS_WITH_AES_128_CBC_SHA, TLS_ECDH_ECDSA_WITH_AES_256_CBC_SHA, TLS_ECDH_RSA_WITH_AES_256_CBC_SHA, TLS_ECDH_ECDSA_WITH_AES_128_CBC_SHA, TLS_ECDH_RSA_WITH_AES_128_CBC_SHA, TLS_RSA_WITH_AES_256_GCM_SHA384, TLS_RSA_WITH_AES_128_GCM_SHA256, TLS_RSA_WITH_AES_256_CBC_SHA256, TLS_RSA_WITH_AES_128_CBC_SHA256, TLS_RSA_WITH_AES_256_CBC_SHA, TLS_RSA_WITH_AES_128_CBC_SHA, TLS_EMPTY_RENEGOTIATION_INFO_SCSV]
00:38:11.432 [main] DEBUG org.apache.hc.client5.http.ssl.SSLConnectionSocketFactory - Starting handshake
00:38:30.640 [main] DEBUG org.apache.hc.client5.http.impl.io.DefaultHttpClientConnectionOperator - http-outgoing-1: connect to raw.githubusercontent.com/185.199.108.133:443 timed out. Connection will be retried using another IP address
00:38:30.641 [main] DEBUG org.apache.hc.client5.http.impl.io.DefaultHttpClientConnectionOperator - http-outgoing-1: connecting to raw.githubusercontent.com/185.199.110.133:443
00:38:30.641 [main] DEBUG org.apache.hc.client5.http.ssl.SSLConnectionSocketFactory - Connecting socket to raw.githubusercontent.com/185.199.110.133:443 with timeout 30 SECONDS
00:38:30.682 [main] DEBUG org.apache.hc.client5.http.ssl.SSLConnectionSocketFactory - Enabled protocols: [TLSv1.3, TLSv1.2]
00:38:30.683 [main] DEBUG org.apache.hc.client5.http.ssl.SSLConnectionSocketFactory - Enabled cipher suites: [TLS_AES_256_GCM_SHA384, TLS_AES_128_GCM_SHA256, TLS_ECDHE_ECDSA_WITH_AES_256_GCM_SHA384, TLS_ECDHE_ECDSA_WITH_AES_128_GCM_SHA256, TLS_ECDHE_RSA_WITH_AES_256_GCM_SHA384, TLS_ECDHE_RSA_WITH_AES_128_GCM_SHA256, TLS_DHE_RSA_WITH_AES_256_GCM_SHA384, TLS_DHE_DSS_WITH_AES_256_GCM_SHA384, TLS_DHE_RSA_WITH_AES_128_GCM_SHA256, TLS_DHE_DSS_WITH_AES_128_GCM_SHA256, TLS_ECDHE_ECDSA_WITH_AES_256_CBC_SHA384, TLS_ECDHE_RSA_WITH_AES_256_CBC_SHA384, TLS_ECDHE_ECDSA_WITH_AES_128_CBC_SHA256, TLS_ECDHE_RSA_WITH_AES_128_CBC_SHA256, TLS_DHE_RSA_WITH_AES_256_CBC_SHA256, TLS_DHE_DSS_WITH_AES_256_CBC_SHA256, TLS_DHE_RSA_WITH_AES_128_CBC_SHA256, TLS_DHE_DSS_WITH_AES_128_CBC_SHA256, TLS_ECDH_ECDSA_WITH_AES_256_GCM_SHA384, TLS_ECDH_RSA_WITH_AES_256_GCM_SHA384, TLS_ECDH_ECDSA_WITH_AES_128_GCM_SHA256, TLS_ECDH_RSA_WITH_AES_128_GCM_SHA256, TLS_ECDH_ECDSA_WITH_AES_256_CBC_SHA384, TLS_ECDH_RSA_WITH_AES_256_CBC_SHA384, TLS_ECDH_ECDSA_WITH_AES_128_CBC_SHA256, TLS_ECDH_RSA_WITH_AES_128_CBC_SHA256, TLS_ECDHE_ECDSA_WITH_AES_256_CBC_SHA, TLS_ECDHE_RSA_WITH_AES_256_CBC_SHA, TLS_ECDHE_ECDSA_WITH_AES_128_CBC_SHA, TLS_ECDHE_RSA_WITH_AES_128_CBC_SHA, TLS_DHE_RSA_WITH_AES_256_CBC_SHA, TLS_DHE_DSS_WITH_AES_256_CBC_SHA, TLS_DHE_RSA_WITH_AES_128_CBC_SHA, TLS_DHE_DSS_WITH_AES_128_CBC_SHA, TLS_ECDH_ECDSA_WITH_AES_256_CBC_SHA, TLS_ECDH_RSA_WITH_AES_256_CBC_SHA, TLS_ECDH_ECDSA_WITH_AES_128_CBC_SHA, TLS_ECDH_RSA_WITH_AES_128_CBC_SHA, TLS_RSA_WITH_AES_256_GCM_SHA384, TLS_RSA_WITH_AES_128_GCM_SHA256, TLS_RSA_WITH_AES_256_CBC_SHA256, TLS_RSA_WITH_AES_128_CBC_SHA256, TLS_RSA_WITH_AES_256_CBC_SHA, TLS_RSA_WITH_AES_128_CBC_SHA, TLS_EMPTY_RENEGOTIATION_INFO_SCSV]
00:38:30.683 [main] DEBUG org.apache.hc.client5.http.ssl.SSLConnectionSocketFactory - Starting handshake
00:38:49.899 [main] DEBUG org.apache.hc.client5.http.impl.io.DefaultHttpClientConnectionOperator - http-outgoing-1: connect to raw.githubusercontent.com/185.199.110.133:443 timed out. Connection will be retried using another IP address
00:38:49.899 [main] DEBUG org.apache.hc.client5.http.impl.io.DefaultHttpClientConnectionOperator - http-outgoing-1: connecting to raw.githubusercontent.com/185.199.109.133:443
00:38:49.899 [main] DEBUG org.apache.hc.client5.http.ssl.SSLConnectionSocketFactory - Connecting socket to raw.githubusercontent.com/185.199.109.133:443 with timeout 30 SECONDS
00:38:49.961 [main] DEBUG org.apache.hc.client5.http.ssl.SSLConnectionSocketFactory - Enabled protocols: [TLSv1.3, TLSv1.2]
00:38:49.961 [main] DEBUG org.apache.hc.client5.http.ssl.SSLConnectionSocketFactory - Enabled cipher suites: [TLS_AES_256_GCM_SHA384, TLS_AES_128_GCM_SHA256, TLS_ECDHE_ECDSA_WITH_AES_256_GCM_SHA384, TLS_ECDHE_ECDSA_WITH_AES_128_GCM_SHA256, TLS_ECDHE_RSA_WITH_AES_256_GCM_SHA384, TLS_ECDHE_RSA_WITH_AES_128_GCM_SHA256, TLS_DHE_RSA_WITH_AES_256_GCM_SHA384, TLS_DHE_DSS_WITH_AES_256_GCM_SHA384, TLS_DHE_RSA_WITH_AES_128_GCM_SHA256, TLS_DHE_DSS_WITH_AES_128_GCM_SHA256, TLS_ECDHE_ECDSA_WITH_AES_256_CBC_SHA384, TLS_ECDHE_RSA_WITH_AES_256_CBC_SHA384, TLS_ECDHE_ECDSA_WITH_AES_128_CBC_SHA256, TLS_ECDHE_RSA_WITH_AES_128_CBC_SHA256, TLS_DHE_RSA_WITH_AES_256_CBC_SHA256, TLS_DHE_DSS_WITH_AES_256_CBC_SHA256, TLS_DHE_RSA_WITH_AES_128_CBC_SHA256, TLS_DHE_DSS_WITH_AES_128_CBC_SHA256, TLS_ECDH_ECDSA_WITH_AES_256_GCM_SHA384, TLS_ECDH_RSA_WITH_AES_256_GCM_SHA384, TLS_ECDH_ECDSA_WITH_AES_128_GCM_SHA256, TLS_ECDH_RSA_WITH_AES_128_GCM_SHA256, TLS_ECDH_ECDSA_WITH_AES_256_CBC_SHA384, TLS_ECDH_RSA_WITH_AES_256_CBC_SHA384, TLS_ECDH_ECDSA_WITH_AES_128_CBC_SHA256, TLS_ECDH_RSA_WITH_AES_128_CBC_SHA256, TLS_ECDHE_ECDSA_WITH_AES_256_CBC_SHA, TLS_ECDHE_RSA_WITH_AES_256_CBC_SHA, TLS_ECDHE_ECDSA_WITH_AES_128_CBC_SHA, TLS_ECDHE_RSA_WITH_AES_128_CBC_SHA, TLS_DHE_RSA_WITH_AES_256_CBC_SHA, TLS_DHE_DSS_WITH_AES_256_CBC_SHA, TLS_DHE_RSA_WITH_AES_128_CBC_SHA, TLS_DHE_DSS_WITH_AES_128_CBC_SHA, TLS_ECDH_ECDSA_WITH_AES_256_CBC_SHA, TLS_ECDH_RSA_WITH_AES_256_CBC_SHA, TLS_ECDH_ECDSA_WITH_AES_128_CBC_SHA, TLS_ECDH_RSA_WITH_AES_128_CBC_SHA, TLS_RSA_WITH_AES_256_GCM_SHA384, TLS_RSA_WITH_AES_128_GCM_SHA256, TLS_RSA_WITH_AES_256_CBC_SHA256, TLS_RSA_WITH_AES_128_CBC_SHA256, TLS_RSA_WITH_AES_256_CBC_SHA, TLS_RSA_WITH_AES_128_CBC_SHA, TLS_EMPTY_RENEGOTIATION_INFO_SCSV]
00:38:49.961 [main] DEBUG org.apache.hc.client5.http.ssl.SSLConnectionSocketFactory - Starting handshake
00:39:09.225 [main] DEBUG org.apache.hc.client5.http.impl.io.DefaultHttpClientConnectionOperator - http-outgoing-1: connect to raw.githubusercontent.com/185.199.109.133:443 timed out. Connection will be retried using another IP address
00:39:09.225 [main] DEBUG org.apache.hc.client5.http.impl.io.DefaultHttpClientConnectionOperator - http-outgoing-1: connecting to raw.githubusercontent.com/185.199.111.133:443
00:39:09.225 [main] DEBUG org.apache.hc.client5.http.ssl.SSLConnectionSocketFactory - Connecting socket to raw.githubusercontent.com/185.199.111.133:443 with timeout 30 SECONDS
00:39:09.258 [main] DEBUG org.apache.hc.client5.http.ssl.SSLConnectionSocketFactory - Enabled protocols: [TLSv1.3, TLSv1.2]
00:39:09.258 [main] DEBUG org.apache.hc.client5.http.ssl.SSLConnectionSocketFactory - Enabled cipher suites: [TLS_AES_256_GCM_SHA384, TLS_AES_128_GCM_SHA256, TLS_ECDHE_ECDSA_WITH_AES_256_GCM_SHA384, TLS_ECDHE_ECDSA_WITH_AES_128_GCM_SHA256, TLS_ECDHE_RSA_WITH_AES_256_GCM_SHA384, TLS_ECDHE_RSA_WITH_AES_128_GCM_SHA256, TLS_DHE_RSA_WITH_AES_256_GCM_SHA384, TLS_DHE_DSS_WITH_AES_256_GCM_SHA384, TLS_DHE_RSA_WITH_AES_128_GCM_SHA256, TLS_DHE_DSS_WITH_AES_128_GCM_SHA256, TLS_ECDHE_ECDSA_WITH_AES_256_CBC_SHA384, TLS_ECDHE_RSA_WITH_AES_256_CBC_SHA384, TLS_ECDHE_ECDSA_WITH_AES_128_CBC_SHA256, TLS_ECDHE_RSA_WITH_AES_128_CBC_SHA256, TLS_DHE_RSA_WITH_AES_256_CBC_SHA256, TLS_DHE_DSS_WITH_AES_256_CBC_SHA256, TLS_DHE_RSA_WITH_AES_128_CBC_SHA256, TLS_DHE_DSS_WITH_AES_128_CBC_SHA256, TLS_ECDH_ECDSA_WITH_AES_256_GCM_SHA384, TLS_ECDH_RSA_WITH_AES_256_GCM_SHA384, TLS_ECDH_ECDSA_WITH_AES_128_GCM_SHA256, TLS_ECDH_RSA_WITH_AES_128_GCM_SHA256, TLS_ECDH_ECDSA_WITH_AES_256_CBC_SHA384, TLS_ECDH_RSA_WITH_AES_256_CBC_SHA384, TLS_ECDH_ECDSA_WITH_AES_128_CBC_SHA256, TLS_ECDH_RSA_WITH_AES_128_CBC_SHA256, TLS_ECDHE_ECDSA_WITH_AES_256_CBC_SHA, TLS_ECDHE_RSA_WITH_AES_256_CBC_SHA, TLS_ECDHE_ECDSA_WITH_AES_128_CBC_SHA, TLS_ECDHE_RSA_WITH_AES_128_CBC_SHA, TLS_DHE_RSA_WITH_AES_256_CBC_SHA, TLS_DHE_DSS_WITH_AES_256_CBC_SHA, TLS_DHE_RSA_WITH_AES_128_CBC_SHA, TLS_DHE_DSS_WITH_AES_128_CBC_SHA, TLS_ECDH_ECDSA_WITH_AES_256_CBC_SHA, TLS_ECDH_RSA_WITH_AES_256_CBC_SHA, TLS_ECDH_ECDSA_WITH_AES_128_CBC_SHA, TLS_ECDH_RSA_WITH_AES_128_CBC_SHA, TLS_RSA_WITH_AES_256_GCM_SHA384, TLS_RSA_WITH_AES_128_GCM_SHA256, TLS_RSA_WITH_AES_256_CBC_SHA256, TLS_RSA_WITH_AES_128_CBC_SHA256, TLS_RSA_WITH_AES_256_CBC_SHA, TLS_RSA_WITH_AES_128_CBC_SHA, TLS_EMPTY_RENEGOTIATION_INFO_SCSV]
00:39:09.258 [main] DEBUG org.apache.hc.client5.http.ssl.SSLConnectionSocketFactory - Starting handshake
00:39:28.473 [main] DEBUG org.apache.hc.client5.http.impl.io.DefaultManagedHttpClientConnection - http-outgoing-1: close connection IMMEDIATE
00:39:28.473 [main] DEBUG org.apache.hc.client5.http.impl.classic.InternalHttpClient - ep-00000001: endpoint closed
00:39:28.473 [main] DEBUG org.apache.hc.client5.http.impl.classic.InternalHttpClient - ep-00000001: discarding endpoint
00:39:28.473 [main] DEBUG org.apache.hc.client5.http.impl.io.PoolingHttpClientConnectionManager - ep-00000001: releasing endpoint
00:39:28.473 [main] DEBUG org.apache.hc.client5.http.impl.io.PoolingHttpClientConnectionManager - ep-00000001: connection is not kept alive
00:39:28.474 [main] DEBUG org.apache.hc.client5.http.impl.io.PoolingHttpClientConnectionManager - ep-00000001: connection released [route: {s}->https://raw.githubusercontent.com:443][total available: 0; route allocated: 0 of 5; total allocated: 0 of 25]
00:39:28.474 [main] WARN io.github.bonigarcia.wdm.versions.VersionDetector - Error reading commands.properties, using local instead
00:39:28.476 [main] DEBUG io.github.bonigarcia.wdm.versions.VersionDetector - Detecting chrome version using online commands.properties
00:39:28.479 [main] DEBUG io.github.bonigarcia.wdm.versions.Shell - Running command on the shell: [cmd.exe, /C, wmic, datafile, where, name="%PROGRAMFILES(X86):\=\\%\\Google\\Chrome\\Application\\chrome.exe", get, Version, /value]
00:39:28.726 [main] DEBUG io.github.bonigarcia.wdm.versions.Shell - Result: 
00:39:28.727 [main] DEBUG io.github.bonigarcia.wdm.versions.Shell - Running command on the shell: [cmd.exe, /C, wmic, datafile, where, name="%LOCALAPPDATA:\=\\%\\Google\\Chrome\\Application\\chrome.exe", get, Version, /value]
00:39:28.874 [main] DEBUG io.github.bonigarcia.wdm.versions.Shell - Result: 
00:39:28.875 [main] DEBUG io.github.bonigarcia.wdm.versions.Shell - Running command on the shell: [cmd.exe, /C, wmic, datafile, where, name="%PROGRAMFILES:\=\\%\\Google\\Chrome\\Application\\chrome.exe", get, Version, /value]
00:39:29.065 [main] DEBUG io.github.bonigarcia.wdm.versions.Shell - Result: Version=101.0.4951.54
00:39:29.073 [main] DEBUG io.github.bonigarcia.wdm.cache.ResolutionCache - Resolution chrome101=101.0.4951.41 in cache (valid until 18:09:12 14/05/2022 ICT)
00:39:29.080 [main] INFO io.github.bonigarcia.wdm.WebDriverManager - Using chromedriver 101.0.4951.41 (resolved driver for Chrome 101)
00:39:29.089 [main] DEBUG io.github.bonigarcia.wdm.cache.ResolutionCache - Storing resolution chrome=101 in cache (valid until 01:39:29 14/05/2022 ICT)
00:39:29.115 [main] DEBUG io.github.bonigarcia.wdm.WebDriverManager - Driver chromedriver 101.0.4951.41 found in cache
00:39:29.117 [main] INFO io.github.bonigarcia.wdm.WebDriverManager - Exporting webdriver.chrome.driver as C:\Users\Siti Nurlatipah\.cache\selenium\chromedriver\win32\101.0.4951.41\chromedriver.exe
00:39:29.836 [main] DEBUG net.thucydides.core.reflection.ClassFinder - Could not load class .CucumberTestSuite
00:39:29.836 [main] DEBUG net.thucydides.core.reflection.ClassFinder - Could not load class .starter.BuyProducts
00:39:29.837 [main] DEBUG net.thucydides.core.reflection.ClassFinder - Could not load class .starter.Homepage
00:39:29.837 [main] DEBUG net.thucydides.core.reflection.ClassFinder - Could not load class .starter.Login
00:39:29.837 [main] DEBUG net.thucydides.core.reflection.ClassFinder - Could not load class .starter.Logout
00:39:29.837 [main] DEBUG net.thucydides.core.reflection.ClassFinder - Could not load class .starter.Order
00:39:29.837 [main] DEBUG net.thucydides.core.reflection.ClassFinder - Could not load class .starter.Register
00:39:29.837 [main] DEBUG net.thucydides.core.reflection.ClassFinder - Could not load class .starter.Transaction
00:39:29.837 [main] DEBUG net.thucydides.core.reflection.ClassFinder - Could not load class .stepdefinitions.BuyProductsStep
00:39:29.837 [main] DEBUG net.thucydides.core.reflection.ClassFinder - Could not load class .stepdefinitions.GiveRatingStep
00:39:29.837 [main] DEBUG net.thucydides.core.reflection.ClassFinder - Could not load class .stepdefinitions.LoginStep
00:39:29.837 [main] DEBUG net.thucydides.core.reflection.ClassFinder - Could not load class .stepdefinitions.LogoutStep
00:39:29.837 [main] DEBUG net.thucydides.core.reflection.ClassFinder - Could not load class .stepdefinitions.OrderStep
00:39:29.837 [main] DEBUG net.thucydides.core.reflection.ClassFinder - Could not load class .stepdefinitions.RegisterStep
00:39:29.837 [main] DEBUG net.thucydides.core.reflection.ClassFinder - Could not load class .stepdefinitions.TransactionStep
00:39:29.838 [main] DEBUG net.thucydides.core.reflection.ClassFinder - Could not load class META-INF.versions.9.com.sun.istack.logging.StackHelper
00:39:29.839 [main] DEBUG net.thucydides.core.reflection.ClassFinder - Could not load class META-INF.versions.9.com.sun.xml.bind.v2.runtime.reflect.opt.AccessorInjector
00:39:29.839 [main] DEBUG net.thucydides.core.reflection.ClassFinder - Could not load class META-INF.versions.9.com.sun.xml.bind.v2.runtime.reflect.opt.Injector
00:39:29.840 [main] DEBUG net.thucydides.core.reflection.ClassFinder - Could not load class META-INF.versions.9.com.sun.xml.bind.v2.runtime.reflect.opt.OptimizedAccessorFactory
00:39:29.840 [main] DEBUG net.thucydides.core.reflection.ClassFinder - Could not load class META-INF.versions.9.com.sun.xml.bind.v2.runtime.reflect.opt.OptimizedTransducedAccessorFactory
00:39:29.842 [main] DEBUG net.thucydides.core.reflection.ClassFinder - Could not load class META-INF.versions.9.io.opentelemetry.sdk.internal.CurrentJavaVersionSpecific
00:39:29.842 [main] DEBUG net.thucydides.core.reflection.ClassFinder - Could not load class META-INF.versions.9.io.opentelemetry.sdk.internal.Java9VersionSpecific
00:39:29.846 [main] DEBUG net.thucydides.core.reflection.ClassFinder - Could not load class META-INF.versions.9.javax.xml.bind.ModuleUtil
00:39:29.847 [main] DEBUG net.thucydides.core.reflection.ClassFinder - Could not load class META-INF.versions.9.module-info
00:39:29.848 [main] DEBUG net.thucydides.core.reflection.ClassFinder - Could not load class META-INF.versions.9.org.junit.platform.commons.util.ModuleUtils
00:39:30.578 [main] DEBUG net.thucydides.core.reflection.ClassFinder - Could not load class com.google.gson.internal.
00:39:30.951 [main] DEBUG net.thucydides.core.reflection.ClassFinder - Could not load class com.sun.xml.bind.v2.runtime.output.FastInfosetStreamWriterOutput
00:39:31.603 [main] DEBUG net.thucydides.core.reflection.ClassFinder - Could not load class module-info
00:39:35.029 [main] DEBUG io.netty.util.internal.logging.InternalLoggerFactory - Using SLF4J as the default logging framework
00:39:35.033 [main] DEBUG io.netty.util.ResourceLeakDetector - -Dio.netty.leakDetection.level: simple
00:39:35.034 [main] DEBUG io.netty.util.ResourceLeakDetector - -Dio.netty.leakDetection.targetRecords: 4
00:39:35.039 [main] DEBUG io.netty.util.ResourceLeakDetectorFactory - Loaded default ResourceLeakDetector: io.netty.util.ResourceLeakDetector@55c9e012
00:39:35.064 [main] DEBUG io.netty.util.internal.PlatformDependent0 - -Dio.netty.noUnsafe: false
00:39:35.064 [main] DEBUG io.netty.util.internal.PlatformDependent0 - Java version: 11
00:39:35.066 [main] DEBUG io.netty.util.internal.PlatformDependent0 - sun.misc.Unsafe.theUnsafe: available
00:39:35.067 [main] DEBUG io.netty.util.internal.PlatformDependent0 - sun.misc.Unsafe.copyMemory: available
00:39:35.067 [main] DEBUG io.netty.util.internal.PlatformDependent0 - java.nio.Buffer.address: available
00:39:35.068 [main] DEBUG io.netty.util.internal.PlatformDependent0 - direct buffer constructor: unavailable: Reflective setAccessible(true) disabled
00:39:35.069 [main] DEBUG io.netty.util.internal.PlatformDependent0 - java.nio.Bits.unaligned: available, true
00:39:35.071 [main] DEBUG io.netty.util.internal.PlatformDependent0 - jdk.internal.misc.Unsafe.allocateUninitializedArray(int): unavailable: class io.netty.util.internal.PlatformDependent0$6 cannot access class jdk.internal.misc.Unsafe (in module java.base) because module java.base does not export jdk.internal.misc to unnamed module @2970a5bc
00:39:35.073 [main] DEBUG io.netty.util.internal.PlatformDependent0 - java.nio.DirectByteBuffer.<init>(long, int): unavailable
00:39:35.073 [main] DEBUG io.netty.util.internal.PlatformDependent - sun.misc.Unsafe: available
00:39:35.075 [main] DEBUG io.netty.util.internal.PlatformDependent - maxDirectMemory: 1579155456 bytes (maybe)
00:39:35.076 [main] DEBUG io.netty.util.internal.PlatformDependent - -Dio.netty.tmpdir: C:\Users\SITINU~1\AppData\Local\Temp (java.io.tmpdir)
00:39:35.076 [main] DEBUG io.netty.util.internal.PlatformDependent - -Dio.netty.bitMode: 64 (sun.arch.data.model)
00:39:35.076 [main] DEBUG io.netty.util.internal.PlatformDependent - Platform: Windows
00:39:35.077 [main] DEBUG io.netty.util.internal.PlatformDependent - -Dio.netty.maxDirectMemory: -1 bytes
00:39:35.077 [main] DEBUG io.netty.util.internal.PlatformDependent - -Dio.netty.uninitializedArrayAllocationThreshold: -1
00:39:35.079 [main] DEBUG io.netty.util.internal.CleanerJava9 - java.nio.ByteBuffer.cleaner(): available
00:39:35.079 [main] DEBUG io.netty.util.internal.PlatformDependent - -Dio.netty.noPreferDirect: false
00:39:35.090 [main] DEBUG io.netty.util.internal.PlatformDependent - org.jctools-core.MpscChunkedArrayQueue: available
00:39:35.112 [main] DEBUG io.netty.util.internal.InternalThreadLocalMap - -Dio.netty.threadLocalMap.stringBuilder.initialSize: 1024
00:39:35.112 [main] DEBUG io.netty.util.internal.InternalThreadLocalMap - -Dio.netty.threadLocalMap.stringBuilder.maxSize: 4096
00:39:35.135 [main] DEBUG io.netty.handler.ssl.JdkSslContext - Default protocols (JDK): [TLSv1.3, TLSv1.2] 
00:39:35.135 [main] DEBUG io.netty.handler.ssl.JdkSslContext - Default cipher suites (JDK): [TLS_ECDHE_ECDSA_WITH_AES_256_GCM_SHA384, TLS_ECDHE_ECDSA_WITH_AES_128_GCM_SHA256, TLS_ECDHE_RSA_WITH_AES_128_GCM_SHA256, TLS_ECDHE_RSA_WITH_AES_256_GCM_SHA384, TLS_ECDHE_RSA_WITH_AES_128_CBC_SHA, TLS_ECDHE_RSA_WITH_AES_256_CBC_SHA, TLS_RSA_WITH_AES_128_GCM_SHA256, TLS_RSA_WITH_AES_128_CBC_SHA, TLS_RSA_WITH_AES_256_CBC_SHA, TLS_AES_128_GCM_SHA256, TLS_AES_256_GCM_SHA384]
00:39:35.170 [main] DEBUG io.netty.channel.MultithreadEventLoopGroup - -Dio.netty.eventLoopThreads: 8
00:39:35.187 [main] DEBUG io.netty.channel.nio.NioEventLoop - -Dio.netty.noKeySetOptimization: false
00:39:35.187 [main] DEBUG io.netty.channel.nio.NioEventLoop - -Dio.netty.selectorAutoRebuildThreshold: 512
00:39:35.247 [main] DEBUG io.netty.buffer.PooledByteBufAllocator - -Dio.netty.allocator.numHeapArenas: 8
00:39:35.247 [main] DEBUG io.netty.buffer.PooledByteBufAllocator - -Dio.netty.allocator.numDirectArenas: 8
00:39:35.247 [main] DEBUG io.netty.buffer.PooledByteBufAllocator - -Dio.netty.allocator.pageSize: 8192
00:39:35.247 [main] DEBUG io.netty.buffer.PooledByteBufAllocator - -Dio.netty.allocator.maxOrder: 11
00:39:35.247 [main] DEBUG io.netty.buffer.PooledByteBufAllocator - -Dio.netty.allocator.chunkSize: 16777216
00:39:35.247 [main] DEBUG io.netty.buffer.PooledByteBufAllocator - -Dio.netty.allocator.smallCacheSize: 256
00:39:35.247 [main] DEBUG io.netty.buffer.PooledByteBufAllocator - -Dio.netty.allocator.normalCacheSize: 64
00:39:35.247 [main] DEBUG io.netty.buffer.PooledByteBufAllocator - -Dio.netty.allocator.maxCachedBufferCapacity: 32768
00:39:35.247 [main] DEBUG io.netty.buffer.PooledByteBufAllocator - -Dio.netty.allocator.cacheTrimInterval: 8192
00:39:35.247 [main] DEBUG io.netty.buffer.PooledByteBufAllocator - -Dio.netty.allocator.cacheTrimIntervalMillis: 0
00:39:35.247 [main] DEBUG io.netty.buffer.PooledByteBufAllocator - -Dio.netty.allocator.useCacheForAllThreads: true
00:39:35.247 [main] DEBUG io.netty.buffer.PooledByteBufAllocator - -Dio.netty.allocator.maxCachedByteBuffersPerChunk: 1023
00:39:35.265 [main] DEBUG io.netty.buffer.ByteBufUtil - -Dio.netty.allocator.type: pooled
00:39:35.265 [main] DEBUG io.netty.buffer.ByteBufUtil - -Dio.netty.threadLocalDirectBufferSize: 0
00:39:35.265 [main] DEBUG io.netty.buffer.ByteBufUtil - -Dio.netty.maxThreadLocalCharBufferSize: 16384
00:39:35.510 [main] DEBUG net.serenitybdd.core.webdriver.driverproviders.ProvideNewDriver - Instantiating driver
00:39:35.510 [main] DEBUG net.serenitybdd.core.webdriver.driverproviders.ProvideNewDriver - Driver capabilities: Capabilities {acceptInsecureCerts: false, base.url: https://qa.alta.id, browserName: chrome, chrome.driver: src/test/resources/webdrive..., driver: chrome, goog:chromeOptions: {args: [], extensions: []}}
00:39:36.298 [Forwarding newSession on session null to remote] DEBUG io.netty.channel.DefaultChannelId - -Dio.netty.processId: 14964 (auto-detected)
00:39:36.299 [Forwarding newSession on session null to remote] DEBUG io.netty.util.NetUtil - -Djava.net.preferIPv4Stack: false
00:39:36.300 [Forwarding newSession on session null to remote] DEBUG io.netty.util.NetUtil - -Djava.net.preferIPv6Addresses: false
00:39:36.686 [Forwarding newSession on session null to remote] DEBUG io.netty.util.NetUtilInitializations - Loopback interface: lo (Software Loopback Interface 1, 127.0.0.1)
00:39:36.687 [Forwarding newSession on session null to remote] DEBUG io.netty.util.NetUtil - Failed to get SOMAXCONN from sysctl and file \proc\sys\net\core\somaxconn. Default: 200
00:39:37.084 [Forwarding newSession on session null to remote] DEBUG io.netty.channel.DefaultChannelId - -Dio.netty.machineId: a4:97:b1:ff:fe:c8:9c:0f (auto-detected)
00:39:37.136 [AsyncHttpClient-1-2] DEBUG io.netty.buffer.AbstractByteBuf - -Dio.netty.buffer.checkAccessible: true
00:39:37.137 [AsyncHttpClient-1-2] DEBUG io.netty.buffer.AbstractByteBuf - -Dio.netty.buffer.checkBounds: true
00:39:37.137 [AsyncHttpClient-1-2] DEBUG io.netty.util.ResourceLeakDetectorFactory - Loaded default ResourceLeakDetector: io.netty.util.ResourceLeakDetector@6a8e3070
00:39:37.151 [AsyncHttpClient-1-2] DEBUG org.asynchttpclient.netty.channel.NettyConnectListener - Using new Channel '[id: 0x95d8661a, L:/127.0.0.1:51036 - R:localhost/127.0.0.1:50604]' for 'POST' to '/session'
00:39:37.171 [AsyncHttpClient-1-2] DEBUG io.netty.util.Recycler - -Dio.netty.recycler.maxCapacityPerThread: 4096
00:39:37.172 [AsyncHttpClient-1-2] DEBUG io.netty.util.Recycler - -Dio.netty.recycler.ratio: 8
00:39:37.172 [AsyncHttpClient-1-2] DEBUG io.netty.util.Recycler - -Dio.netty.recycler.chunkSize: 32
00:39:37.172 [AsyncHttpClient-1-2] DEBUG io.netty.util.Recycler - -Dio.netty.recycler.blocking: false
00:39:38.303 [AsyncHttpClient-1-2] DEBUG io.netty.handler.codec.compression.Brotli - brotli4j not in the classpath; Brotli support will be unavailable.
00:39:38.303 [AsyncHttpClient-1-2] DEBUG org.asynchttpclient.netty.handler.HttpHandler - 

Request DefaultHttpRequest(decodeResult: success, version: HTTP/1.1)
POST /session HTTP/1.1
User-Agent: selenium/4.1.2 (java windows)
Content-Length: 595
Content-Type: application/json; charset=utf-8
host: localhost:50604
accept: */*

Response DefaultHttpResponse(decodeResult: success, version: HTTP/1.1)
HTTP/1.1 200 OK
Content-Type: application/json; charset=utf-8
cache-control: no-cache
content-length: 792

00:39:38.315 [AsyncHttpClient-1-2] DEBUG org.asynchttpclient.netty.channel.ChannelManager - Adding key: http://localhost:50604 for channel [id: 0x95d8661a, L:/127.0.0.1:51036 - R:localhost/127.0.0.1:50604]
00:39:38.404 [AsyncHttpClient-1-3] DEBUG org.asynchttpclient.netty.channel.NettyConnectListener - Using new Channel '[id: 0x34603d23, L:/127.0.0.1:51045 - R:localhost/127.0.0.1:51037]' for 'GET' to '/json/version'
00:39:38.428 [AsyncHttpClient-1-1] DEBUG org.asynchttpclient.netty.channel.DefaultChannelPool - Entry count for : http://localhost:50604 : 1
00:39:38.431 [AsyncHttpClient-1-3] DEBUG org.asynchttpclient.netty.handler.HttpHandler - 

Request DefaultFullHttpRequest(decodeResult: success, version: HTTP/1.1, content: EmptyByteBufBE)
GET /json/version HTTP/1.1
User-Agent: selenium/4.1.2 (java windows)
host: localhost:51037
accept: */*

Response DefaultHttpResponse(decodeResult: success, version: HTTP/1.1)
HTTP/1.1 200 OK
Content-Type: application/json; charset=UTF-8
content-length: 427

00:39:38.432 [AsyncHttpClient-1-3] DEBUG org.asynchttpclient.netty.channel.ChannelManager - Adding key: http://localhost:51037 for channel [id: 0x34603d23, L:/127.0.0.1:51045 - R:localhost/127.0.0.1:51037]
00:39:38.445 [main] DEBUG io.netty.util.internal.ThreadLocalRandom - -Dio.netty.initialSeedUniquifier: 0xc9e597b940b65960
00:39:38.461 [AsyncHttpClient-1-4] DEBUG org.asynchttpclient.netty.channel.NettyConnectListener - Using new Channel '[id: 0x5dd3b14f, L:/127.0.0.1:51046 - R:localhost/127.0.0.1:51037]' for 'GET' to '/devtools/browser/5b29fbeb-d94d-4185-9d18-fe48ed3fb85d'
00:39:38.473 [AsyncHttpClient-1-4] DEBUG org.asynchttpclient.netty.handler.WebSocketHandler - 

Request DefaultFullHttpRequest(decodeResult: success, version: HTTP/1.1, content: EmptyByteBufBE)
GET /devtools/browser/5b29fbeb-d94d-4185-9d18-fe48ed3fb85d HTTP/1.1
upgrade: websocket
connection: upgrade
sec-websocket-key: Kz29nc3DTOQ4u6xiqcU9/g==
sec-websocket-version: 13
origin: http://localhost:51037
host: localhost:51037
accept: */*
user-agent: AHC/2.1

Response DefaultHttpResponse(decodeResult: success, version: HTTP/1.1)
HTTP/1.1 101 WebSocket Protocol Handshake
Upgrade: WebSocket
Connection: Upgrade
Sec-WebSocket-Accept: fg4BCYenmOjgFx5rMKSqYUq3GFo=

00:39:39.233 [main] DEBUG net.thucydides.core.reflection.ClassFinder - Could not load class .CucumberTestSuite
00:39:39.233 [main] DEBUG net.thucydides.core.reflection.ClassFinder - Could not load class .starter.BuyProducts
00:39:39.233 [main] DEBUG net.thucydides.core.reflection.ClassFinder - Could not load class .starter.Homepage
00:39:39.233 [main] DEBUG net.thucydides.core.reflection.ClassFinder - Could not load class .starter.Login
00:39:39.233 [main] DEBUG net.thucydides.core.reflection.ClassFinder - Could not load class .starter.Logout
00:39:39.233 [main] DEBUG net.thucydides.core.reflection.ClassFinder - Could not load class .starter.Order
00:39:39.233 [main] DEBUG net.thucydides.core.reflection.ClassFinder - Could not load class .starter.Register
00:39:39.234 [main] DEBUG net.thucydides.core.reflection.ClassFinder - Could not load class .starter.Transaction
00:39:39.234 [main] DEBUG net.thucydides.core.reflection.ClassFinder - Could not load class .stepdefinitions.BuyProductsStep
00:39:39.234 [main] DEBUG net.thucydides.core.reflection.ClassFinder - Could not load class .stepdefinitions.GiveRatingStep
00:39:39.234 [main] DEBUG net.thucydides.core.reflection.ClassFinder - Could not load class .stepdefinitions.LoginStep
00:39:39.234 [main] DEBUG net.thucydides.core.reflection.ClassFinder - Could not load class .stepdefinitions.LogoutStep
00:39:39.234 [main] DEBUG net.thucydides.core.reflection.ClassFinder - Could not load class .stepdefinitions.OrderStep
00:39:39.234 [main] DEBUG net.thucydides.core.reflection.ClassFinder - Could not load class .stepdefinitions.RegisterStep
00:39:39.234 [main] DEBUG net.thucydides.core.reflection.ClassFinder - Could not load class .stepdefinitions.TransactionStep
00:39:39.234 [main] DEBUG net.thucydides.core.reflection.ClassFinder - Could not load class META-INF.versions.9.com.sun.istack.logging.StackHelper
00:39:39.235 [main] DEBUG net.thucydides.core.reflection.ClassFinder - Could not load class META-INF.versions.9.com.sun.xml.bind.v2.runtime.reflect.opt.AccessorInjector
00:39:39.235 [main] DEBUG net.thucydides.core.reflection.ClassFinder - Could not load class META-INF.versions.9.com.sun.xml.bind.v2.runtime.reflect.opt.Injector
00:39:39.235 [main] DEBUG net.thucydides.core.reflection.ClassFinder - Could not load class META-INF.versions.9.com.sun.xml.bind.v2.runtime.reflect.opt.OptimizedAccessorFactory
00:39:39.236 [main] DEBUG net.thucydides.core.reflection.ClassFinder - Could not load class META-INF.versions.9.com.sun.xml.bind.v2.runtime.reflect.opt.OptimizedTransducedAccessorFactory
00:39:39.236 [main] DEBUG net.thucydides.core.reflection.ClassFinder - Could not load class META-INF.versions.9.io.opentelemetry.sdk.internal.CurrentJavaVersionSpecific
00:39:39.236 [main] DEBUG net.thucydides.core.reflection.ClassFinder - Could not load class META-INF.versions.9.io.opentelemetry.sdk.internal.Java9VersionSpecific
00:39:39.237 [main] DEBUG net.thucydides.core.reflection.ClassFinder - Could not load class META-INF.versions.9.javax.xml.bind.ModuleUtil
00:39:39.237 [main] DEBUG net.thucydides.core.reflection.ClassFinder - Could not load class META-INF.versions.9.module-info
00:39:39.238 [main] DEBUG net.thucydides.core.reflection.ClassFinder - Could not load class META-INF.versions.9.org.junit.platform.commons.util.ModuleUtils
00:39:39.240 [main] DEBUG net.thucydides.core.reflection.ClassFinder - Could not load class com.google.gson.internal.
00:39:39.243 [main] DEBUG net.thucydides.core.reflection.ClassFinder - Could not load class com.sun.xml.bind.v2.runtime.output.FastInfosetStreamWriterOutput
00:39:39.247 [main] DEBUG net.thucydides.core.reflection.ClassFinder - Could not load class module-info
00:39:39.276 [Forwarding get on session b8c10b3eeb2db853141801277586c1f9 to remote] DEBUG org.asynchttpclient.netty.request.NettyRequestSender - Using pooled Channel '[id: 0x95d8661a, L:/127.0.0.1:51036 - R:localhost/127.0.0.1:50604]' for 'POST' to 'http://localhost:50604/session/b8c10b3eeb2db853141801277586c1f9/url'
00:39:39.276 [Forwarding get on session b8c10b3eeb2db853141801277586c1f9 to remote] DEBUG org.asynchttpclient.netty.request.NettyRequestSender - Using open Channel [id: 0x95d8661a, L:/127.0.0.1:51036 - R:localhost/127.0.0.1:50604] for POST '/session/b8c10b3eeb2db853141801277586c1f9/url'
00:39:39.496 [AsyncHttpClient-1-1] DEBUG org.asynchttpclient.netty.channel.DefaultChannelPool - Entry count for : http://localhost:51037 : 1
00:39:40.598 [AsyncHttpClient-1-1] DEBUG org.asynchttpclient.netty.channel.DefaultChannelPool - Entry count for : http://localhost:51037 : 1
00:39:41.697 [AsyncHttpClient-1-1] DEBUG org.asynchttpclient.netty.channel.DefaultChannelPool - Entry count for : http://localhost:51037 : 1
00:39:41.820 [AsyncHttpClient-1-2] DEBUG org.asynchttpclient.netty.handler.HttpHandler - 

Request DefaultHttpRequest(decodeResult: success, version: HTTP/1.1)
POST /session/b8c10b3eeb2db853141801277586c1f9/url HTTP/1.1
User-Agent: selenium/4.1.2 (java windows)
Content-Length: 64
Content-Type: application/json; charset=utf-8
host: localhost:50604
accept: */*

Response DefaultHttpResponse(decodeResult: success, version: HTTP/1.1)
HTTP/1.1 200 OK
Content-Type: application/json; charset=utf-8
cache-control: no-cache
content-length: 14

00:39:41.820 [AsyncHttpClient-1-2] DEBUG org.asynchttpclient.netty.channel.ChannelManager - Adding key: http://localhost:50604 for channel [id: 0x95d8661a, L:/127.0.0.1:51036 - R:localhost/127.0.0.1:50604]
00:39:41.834 [Forwarding setTimeout on session b8c10b3eeb2db853141801277586c1f9 to remote] DEBUG org.asynchttpclient.netty.request.NettyRequestSender - Using pooled Channel '[id: 0x95d8661a, L:/127.0.0.1:51036 - R:localhost/127.0.0.1:50604]' for 'POST' to 'http://localhost:50604/session/b8c10b3eeb2db853141801277586c1f9/timeouts'
00:39:41.834 [Forwarding setTimeout on session b8c10b3eeb2db853141801277586c1f9 to remote] DEBUG org.asynchttpclient.netty.request.NettyRequestSender - Using open Channel [id: 0x95d8661a, L:/127.0.0.1:51036 - R:localhost/127.0.0.1:50604] for POST '/session/b8c10b3eeb2db853141801277586c1f9/timeouts'
00:39:41.837 [AsyncHttpClient-1-2] DEBUG org.asynchttpclient.netty.handler.HttpHandler - 

Request DefaultHttpRequest(decodeResult: success, version: HTTP/1.1)
POST /session/b8c10b3eeb2db853141801277586c1f9/timeouts HTTP/1.1
User-Agent: selenium/4.1.2 (java windows)
Content-Length: 22
Content-Type: application/json; charset=utf-8
host: localhost:50604
accept: */*

Response DefaultHttpResponse(decodeResult: success, version: HTTP/1.1)
HTTP/1.1 200 OK
Content-Type: application/json; charset=utf-8
cache-control: no-cache
content-length: 14

00:39:41.838 [AsyncHttpClient-1-2] DEBUG org.asynchttpclient.netty.channel.ChannelManager - Adding key: http://localhost:50604 for channel [id: 0x95d8661a, L:/127.0.0.1:51036 - R:localhost/127.0.0.1:50604]
00:39:41.852 [Forwarding getCurrentUrl on session b8c10b3eeb2db853141801277586c1f9 to remote] DEBUG org.asynchttpclient.netty.request.NettyRequestSender - Using pooled Channel '[id: 0x95d8661a, L:/127.0.0.1:51036 - R:localhost/127.0.0.1:50604]' for 'GET' to 'http://localhost:50604/session/b8c10b3eeb2db853141801277586c1f9/url'
00:39:41.852 [Forwarding getCurrentUrl on session b8c10b3eeb2db853141801277586c1f9 to remote] DEBUG org.asynchttpclient.netty.request.NettyRequestSender - Using open Channel [id: 0x95d8661a, L:/127.0.0.1:51036 - R:localhost/127.0.0.1:50604] for GET '/session/b8c10b3eeb2db853141801277586c1f9/url'
00:39:41.861 [AsyncHttpClient-1-2] DEBUG org.asynchttpclient.netty.handler.HttpHandler - 

Request DefaultFullHttpRequest(decodeResult: success, version: HTTP/1.1, content: EmptyByteBufBE)
GET /session/b8c10b3eeb2db853141801277586c1f9/url HTTP/1.1
User-Agent: selenium/4.1.2 (java windows)
Cache-Control: no-cache
Content-Type: application/json; charset=utf-8
host: localhost:50604
accept: */*

Response DefaultHttpResponse(decodeResult: success, version: HTTP/1.1)
HTTP/1.1 200 OK
Content-Type: application/json; charset=utf-8
cache-control: no-cache
content-length: 41

00:39:41.862 [AsyncHttpClient-1-2] DEBUG org.asynchttpclient.netty.channel.ChannelManager - Adding key: http://localhost:50604 for channel [id: 0x95d8661a, L:/127.0.0.1:51036 - R:localhost/127.0.0.1:50604]
00:39:41.904 [main] DEBUG net.serenitybdd.core.photography.Darkroom - Opening darkroom
00:39:41.905 [Darkroom Processing Line] DEBUG net.serenitybdd.core.photography.DarkroomProcessingLine - Darkroom processing line starting up
00:39:41.908 [Forwarding screenshot on session b8c10b3eeb2db853141801277586c1f9 to remote] DEBUG org.asynchttpclient.netty.request.NettyRequestSender - Using pooled Channel '[id: 0x95d8661a, L:/127.0.0.1:51036 - R:localhost/127.0.0.1:50604]' for 'GET' to 'http://localhost:50604/session/b8c10b3eeb2db853141801277586c1f9/screenshot'
00:39:41.908 [Forwarding screenshot on session b8c10b3eeb2db853141801277586c1f9 to remote] DEBUG org.asynchttpclient.netty.request.NettyRequestSender - Using open Channel [id: 0x95d8661a, L:/127.0.0.1:51036 - R:localhost/127.0.0.1:50604] for GET '/session/b8c10b3eeb2db853141801277586c1f9/screenshot'
00:39:42.141 [AsyncHttpClient-1-2] DEBUG org.asynchttpclient.netty.handler.HttpHandler - 

Request DefaultFullHttpRequest(decodeResult: success, version: HTTP/1.1, content: EmptyByteBufBE)
GET /session/b8c10b3eeb2db853141801277586c1f9/screenshot HTTP/1.1
User-Agent: selenium/4.1.2 (java windows)
Cache-Control: no-cache
Content-Type: application/json; charset=utf-8
host: localhost:50604
accept: */*

Response DefaultHttpResponse(decodeResult: success, version: HTTP/1.1)
HTTP/1.1 200 OK
Content-Type: application/json; charset=utf-8
cache-control: no-cache
content-length: 37840

00:39:42.143 [AsyncHttpClient-1-2] DEBUG org.asynchttpclient.netty.channel.ChannelManager - Adding key: http://localhost:50604 for channel [id: 0x95d8661a, L:/127.0.0.1:51036 - R:localhost/127.0.0.1:50604]
00:39:42.253 [main] DEBUG net.serenitybdd.core.photography.Darkroom - Send negative for processing for target\site\serenity\6f2f89e8c5a543dd0a10df9cc2fb4dfa2a13d528c2d3ad44cda943733ef50e85.png
00:39:42.254 [Darkroom Processing Line] DEBUG net.serenitybdd.core.photography.DarkroomProcessingLine - Processing screenshot image in /var/screenshots/screenshot-4996679498211902482
00:39:42.254 [Darkroom Processing Line] DEBUG net.serenitybdd.core.photography.DarkroomProcessingLine - Saving screenshot to target\site\serenity\6f2f89e8c5a543dd0a10df9cc2fb4dfa2a13d528c2d3ad44cda943733ef50e85.png
00:39:42.259 [main] DEBUG net.thucydides.core.steps.StepInterceptor - STEP DONE: onLoginPage
  &amp#27;[32mGiven &amp#27;[0m&amp#27;[32m&amp#27;[0m&amp#27;[32m&amp#27;[1mI&amp#27;[0m&amp#27;[32m at login page&amp#27;[0m                                            &amp#27;[90m# stepdefinitions.BuyProductsStep.iAtLoginPage(java.lang.String)&amp#27;[0m
00:39:42.298 [main] DEBUG net.thucydides.core.steps.StepInterceptor - STARTING STEP: BuyProductsStep.iEnterEmail - typeMyEmail
00:39:42.303 [Forwarding findElement on session b8c10b3eeb2db853141801277586c1f9 to remote] DEBUG org.asynchttpclient.netty.request.NettyRequestSender - Using pooled Channel '[id: 0x95d8661a, L:/127.0.0.1:51036 - R:localhost/127.0.0.1:50604]' for 'POST' to 'http://localhost:50604/session/b8c10b3eeb2db853141801277586c1f9/element'
00:39:42.304 [Forwarding findElement on session b8c10b3eeb2db853141801277586c1f9 to remote] DEBUG org.asynchttpclient.netty.request.NettyRequestSender - Using open Channel [id: 0x95d8661a, L:/127.0.0.1:51036 - R:localhost/127.0.0.1:50604] for POST '/session/b8c10b3eeb2db853141801277586c1f9/element'
00:39:42.322 [AsyncHttpClient-1-2] DEBUG org.asynchttpclient.netty.handler.HttpHandler - 

Request DefaultHttpRequest(decodeResult: success, version: HTTP/1.1)
POST /session/b8c10b3eeb2db853141801277586c1f9/element HTTP/1.1
User-Agent: selenium/4.1.2 (java windows)
Content-Length: 84
Content-Type: application/json; charset=utf-8
host: localhost:50604
accept: */*

Response DefaultHttpResponse(decodeResult: success, version: HTTP/1.1)
HTTP/1.1 200 OK
Content-Type: application/json; charset=utf-8
cache-control: no-cache
content-length: 88

00:39:42.323 [AsyncHttpClient-1-2] DEBUG org.asynchttpclient.netty.channel.ChannelManager - Adding key: http://localhost:50604 for channel [id: 0x95d8661a, L:/127.0.0.1:51036 - R:localhost/127.0.0.1:50604]
00:39:42.327 [Forwarding sendKeysToElement on session b8c10b3eeb2db853141801277586c1f9 to remote] DEBUG org.asynchttpclient.netty.request.NettyRequestSender - Using pooled Channel '[id: 0x95d8661a, L:/127.0.0.1:51036 - R:localhost/127.0.0.1:50604]' for 'POST' to 'http://localhost:50604/session/b8c10b3eeb2db853141801277586c1f9/element/a0a135c2-593c-44aa-a765-54a97285a387/value'
00:39:42.327 [Forwarding sendKeysToElement on session b8c10b3eeb2db853141801277586c1f9 to remote] DEBUG org.asynchttpclient.netty.request.NettyRequestSender - Using open Channel [id: 0x95d8661a, L:/127.0.0.1:51036 - R:localhost/127.0.0.1:50604] for POST '/session/b8c10b3eeb2db853141801277586c1f9/element/a0a135c2-593c-44aa-a765-54a97285a387/value'
00:39:42.542 [AsyncHttpClient-1-2] DEBUG org.asynchttpclient.netty.handler.HttpHandler - 

Request DefaultHttpRequest(decodeResult: success, version: HTTP/1.1)
POST /session/b8c10b3eeb2db853141801277586c1f9/element/a0a135c2-593c-44aa-a765-54a97285a387/value HTTP/1.1
User-Agent: selenium/4.1.2 (java windows)
Content-Length: 361
Content-Type: application/json; charset=utf-8
host: localhost:50604
accept: */*

Response DefaultHttpResponse(decodeResult: success, version: HTTP/1.1)
HTTP/1.1 200 OK
Content-Type: application/json; charset=utf-8
cache-control: no-cache
content-length: 14

00:39:42.543 [AsyncHttpClient-1-2] DEBUG org.asynchttpclient.netty.channel.ChannelManager - Adding key: http://localhost:50604 for channel [id: 0x95d8661a, L:/127.0.0.1:51036 - R:localhost/127.0.0.1:50604]
00:39:42.550 [Forwarding screenshot on session b8c10b3eeb2db853141801277586c1f9 to remote] DEBUG org.asynchttpclient.netty.request.NettyRequestSender - Using pooled Channel '[id: 0x95d8661a, L:/127.0.0.1:51036 - R:localhost/127.0.0.1:50604]' for 'GET' to 'http://localhost:50604/session/b8c10b3eeb2db853141801277586c1f9/screenshot'
00:39:42.550 [Forwarding screenshot on session b8c10b3eeb2db853141801277586c1f9 to remote] DEBUG org.asynchttpclient.netty.request.NettyRequestSender - Using open Channel [id: 0x95d8661a, L:/127.0.0.1:51036 - R:localhost/127.0.0.1:50604] for GET '/session/b8c10b3eeb2db853141801277586c1f9/screenshot'
00:39:42.748 [AsyncHttpClient-1-2] DEBUG org.asynchttpclient.netty.handler.HttpHandler - 

Request DefaultFullHttpRequest(decodeResult: success, version: HTTP/1.1, content: EmptyByteBufBE)
GET /session/b8c10b3eeb2db853141801277586c1f9/screenshot HTTP/1.1
User-Agent: selenium/4.1.2 (java windows)
Cache-Control: no-cache
Content-Type: application/json; charset=utf-8
host: localhost:50604
accept: */*

Response DefaultHttpResponse(decodeResult: success, version: HTTP/1.1)
HTTP/1.1 200 OK
Content-Type: application/json; charset=utf-8
cache-control: no-cache
content-length: 47640

00:39:42.749 [AsyncHttpClient-1-2] DEBUG org.asynchttpclient.netty.channel.ChannelManager - Adding key: http://localhost:50604 for channel [id: 0x95d8661a, L:/127.0.0.1:51036 - R:localhost/127.0.0.1:50604]
00:39:42.754 [main] DEBUG net.serenitybdd.core.photography.Darkroom - Send negative for processing for target\site\serenity\d0cacde05b93688f8c62d68538325c7b10f13efe415c1c8a1f945910b3ff03d4.png
00:39:42.761 [main] DEBUG net.thucydides.core.steps.StepInterceptor - STEP DONE: typeMyEmail
  &amp#27;[32mWhen &amp#27;[0m&amp#27;[32mI enter email &amp#27;[0m&amp#27;[32m&amp#27;[1mlandon.mcdermott@hotmail.com&amp#27;[0m                  &amp#27;[90m# stepdefinitions.BuyProductsStep.iEnterEmail(java.lang.String)&amp#27;[0m
00:39:42.777 [Darkroom Processing Line] DEBUG net.serenitybdd.core.photography.DarkroomProcessingLine - Processing screenshot image in /var/screenshots/screenshot-8500752962331711249
00:39:42.777 [Darkroom Processing Line] DEBUG net.serenitybdd.core.photography.DarkroomProcessingLine - Saving screenshot to target\site\serenity\d0cacde05b93688f8c62d68538325c7b10f13efe415c1c8a1f945910b3ff03d4.png
00:39:42.837 [AsyncHttpClient-1-1] DEBUG org.asynchttpclient.netty.channel.DefaultChannelPool - Entry count for : http://localhost:50604 : 1
00:39:42.837 [AsyncHttpClient-1-1] DEBUG org.asynchttpclient.netty.channel.DefaultChannelPool - Entry count for : http://localhost:51037 : 1
00:39:42.880 [Forwarding screenshot on session b8c10b3eeb2db853141801277586c1f9 to remote] DEBUG org.asynchttpclient.netty.request.NettyRequestSender - Using pooled Channel '[id: 0x95d8661a, L:/127.0.0.1:51036 - R:localhost/127.0.0.1:50604]' for 'GET' to 'http://localhost:50604/session/b8c10b3eeb2db853141801277586c1f9/screenshot'
00:39:42.881 [Forwarding screenshot on session b8c10b3eeb2db853141801277586c1f9 to remote] DEBUG org.asynchttpclient.netty.request.NettyRequestSender - Using open Channel [id: 0x95d8661a, L:/127.0.0.1:51036 - R:localhost/127.0.0.1:50604] for GET '/session/b8c10b3eeb2db853141801277586c1f9/screenshot'
00:39:43.091 [AsyncHttpClient-1-2] DEBUG org.asynchttpclient.netty.handler.HttpHandler - 

Request DefaultFullHttpRequest(decodeResult: success, version: HTTP/1.1, content: EmptyByteBufBE)
GET /session/b8c10b3eeb2db853141801277586c1f9/screenshot HTTP/1.1
User-Agent: selenium/4.1.2 (java windows)
Cache-Control: no-cache
Content-Type: application/json; charset=utf-8
host: localhost:50604
accept: */*

Response DefaultHttpResponse(decodeResult: success, version: HTTP/1.1)
HTTP/1.1 200 OK
Content-Type: application/json; charset=utf-8
cache-control: no-cache
content-length: 47252

00:39:43.092 [AsyncHttpClient-1-2] DEBUG org.asynchttpclient.netty.channel.ChannelManager - Adding key: http://localhost:50604 for channel [id: 0x95d8661a, L:/127.0.0.1:51036 - R:localhost/127.0.0.1:50604]
00:39:43.095 [main] DEBUG net.serenitybdd.core.photography.Darkroom - Send negative for processing for target\site\serenity\d9c094a13eac449489ca143dae1b8c9565440ba40d8ab32995b8089b80b74241.png
00:39:43.096 [main] DEBUG net.thucydides.core.steps.StepInterceptor - STARTING STEP: BuyProductsStep.iEnterPassword - typeMyPassword
00:39:43.097 [Darkroom Processing Line] DEBUG net.serenitybdd.core.photography.DarkroomProcessingLine - Processing screenshot image in /var/screenshots/screenshot-13235840274399313684
00:39:43.097 [Darkroom Processing Line] DEBUG net.serenitybdd.core.photography.DarkroomProcessingLine - Saving screenshot to target\site\serenity\d9c094a13eac449489ca143dae1b8c9565440ba40d8ab32995b8089b80b74241.png
00:39:43.100 [Forwarding findElement on session b8c10b3eeb2db853141801277586c1f9 to remote] DEBUG org.asynchttpclient.netty.request.NettyRequestSender - Using pooled Channel '[id: 0x95d8661a, L:/127.0.0.1:51036 - R:localhost/127.0.0.1:50604]' for 'POST' to 'http://localhost:50604/session/b8c10b3eeb2db853141801277586c1f9/element'
00:39:43.101 [Forwarding findElement on session b8c10b3eeb2db853141801277586c1f9 to remote] DEBUG org.asynchttpclient.netty.request.NettyRequestSender - Using open Channel [id: 0x95d8661a, L:/127.0.0.1:51036 - R:localhost/127.0.0.1:50604] for POST '/session/b8c10b3eeb2db853141801277586c1f9/element'
00:39:43.116 [AsyncHttpClient-1-2] DEBUG org.asynchttpclient.netty.handler.HttpHandler - 

Request DefaultHttpRequest(decodeResult: success, version: HTTP/1.1)
POST /session/b8c10b3eeb2db853141801277586c1f9/element HTTP/1.1
User-Agent: selenium/4.1.2 (java windows)
Content-Length: 87
Content-Type: application/json; charset=utf-8
host: localhost:50604
accept: */*

Response DefaultHttpResponse(decodeResult: success, version: HTTP/1.1)
HTTP/1.1 200 OK
Content-Type: application/json; charset=utf-8
cache-control: no-cache
content-length: 88

00:39:43.117 [AsyncHttpClient-1-2] DEBUG org.asynchttpclient.netty.channel.ChannelManager - Adding key: http://localhost:50604 for channel [id: 0x95d8661a, L:/127.0.0.1:51036 - R:localhost/127.0.0.1:50604]
00:39:43.119 [Forwarding sendKeysToElement on session b8c10b3eeb2db853141801277586c1f9 to remote] DEBUG org.asynchttpclient.netty.request.NettyRequestSender - Using pooled Channel '[id: 0x95d8661a, L:/127.0.0.1:51036 - R:localhost/127.0.0.1:50604]' for 'POST' to 'http://localhost:50604/session/b8c10b3eeb2db853141801277586c1f9/element/7c1479a5-b218-46ca-8a5b-604941b3c5ce/value'
00:39:43.119 [Forwarding sendKeysToElement on session b8c10b3eeb2db853141801277586c1f9 to remote] DEBUG org.asynchttpclient.netty.request.NettyRequestSender - Using open Channel [id: 0x95d8661a, L:/127.0.0.1:51036 - R:localhost/127.0.0.1:50604] for POST '/session/b8c10b3eeb2db853141801277586c1f9/element/7c1479a5-b218-46ca-8a5b-604941b3c5ce/value'
00:39:43.202 [AsyncHttpClient-1-2] DEBUG org.asynchttpclient.netty.handler.HttpHandler - 

Request DefaultHttpRequest(decodeResult: success, version: HTTP/1.1)
POST /session/b8c10b3eeb2db853141801277586c1f9/element/7c1479a5-b218-46ca-8a5b-604941b3c5ce/value HTTP/1.1
User-Agent: selenium/4.1.2 (java windows)
Content-Length: 131
Content-Type: application/json; charset=utf-8
host: localhost:50604
accept: */*

Response DefaultHttpResponse(decodeResult: success, version: HTTP/1.1)
HTTP/1.1 200 OK
Content-Type: application/json; charset=utf-8
cache-control: no-cache
content-length: 14

00:39:43.203 [AsyncHttpClient-1-2] DEBUG org.asynchttpclient.netty.channel.ChannelManager - Adding key: http://localhost:50604 for channel [id: 0x95d8661a, L:/127.0.0.1:51036 - R:localhost/127.0.0.1:50604]
00:39:43.215 [Forwarding screenshot on session b8c10b3eeb2db853141801277586c1f9 to remote] DEBUG org.asynchttpclient.netty.request.NettyRequestSender - Using pooled Channel '[id: 0x95d8661a, L:/127.0.0.1:51036 - R:localhost/127.0.0.1:50604]' for 'GET' to 'http://localhost:50604/session/b8c10b3eeb2db853141801277586c1f9/screenshot'
00:39:43.215 [Forwarding screenshot on session b8c10b3eeb2db853141801277586c1f9 to remote] DEBUG org.asynchttpclient.netty.request.NettyRequestSender - Using open Channel [id: 0x95d8661a, L:/127.0.0.1:51036 - R:localhost/127.0.0.1:50604] for GET '/session/b8c10b3eeb2db853141801277586c1f9/screenshot'
00:39:43.416 [AsyncHttpClient-1-2] DEBUG org.asynchttpclient.netty.handler.HttpHandler - 

Request DefaultFullHttpRequest(decodeResult: success, version: HTTP/1.1, content: EmptyByteBufBE)
GET /session/b8c10b3eeb2db853141801277586c1f9/screenshot HTTP/1.1
User-Agent: selenium/4.1.2 (java windows)
Cache-Control: no-cache
Content-Type: application/json; charset=utf-8
host: localhost:50604
accept: */*

Response DefaultHttpResponse(decodeResult: success, version: HTTP/1.1)
HTTP/1.1 200 OK
Content-Type: application/json; charset=utf-8
cache-control: no-cache
content-length: 49108

00:39:43.417 [AsyncHttpClient-1-2] DEBUG org.asynchttpclient.netty.channel.ChannelManager - Adding key: http://localhost:50604 for channel [id: 0x95d8661a, L:/127.0.0.1:51036 - R:localhost/127.0.0.1:50604]
00:39:43.419 [main] DEBUG net.serenitybdd.core.photography.Darkroom - Send negative for processing for target\site\serenity\cd34f7461d7033450daa11c479a5cb7b7a5fa15512122d9808e7d64bc67684de.png
00:39:43.419 [main] DEBUG net.thucydides.core.steps.StepInterceptor - STEP DONE: typeMyPassword
00:39:43.420 [Darkroom Processing Line] DEBUG net.serenitybdd.core.photography.DarkroomProcessingLine - Processing screenshot image in /var/screenshots/screenshot-13064294416239660710
00:39:43.420 [Darkroom Processing Line] DEBUG net.serenitybdd.core.photography.DarkroomProcessingLine - Saving screenshot to target\site\serenity\cd34f7461d7033450daa11c479a5cb7b7a5fa15512122d9808e7d64bc67684de.png
00:39:43.433 [main] DEBUG net.thucydides.core.steps.StepInterceptor - STARTING STEP: BuyProductsStep.iEnterPassword - clickLoginButton
00:39:43.442 [Forwarding findElement on session b8c10b3eeb2db853141801277586c1f9 to remote] DEBUG org.asynchttpclient.netty.request.NettyRequestSender - Using pooled Channel '[id: 0x95d8661a, L:/127.0.0.1:51036 - R:localhost/127.0.0.1:50604]' for 'POST' to 'http://localhost:50604/session/b8c10b3eeb2db853141801277586c1f9/element'
00:39:43.443 [Forwarding findElement on session b8c10b3eeb2db853141801277586c1f9 to remote] DEBUG org.asynchttpclient.netty.request.NettyRequestSender - Using open Channel [id: 0x95d8661a, L:/127.0.0.1:51036 - R:localhost/127.0.0.1:50604] for POST '/session/b8c10b3eeb2db853141801277586c1f9/element'
00:39:43.458 [AsyncHttpClient-1-2] DEBUG org.asynchttpclient.netty.handler.HttpHandler - 

Request DefaultHttpRequest(decodeResult: success, version: HTTP/1.1)
POST /session/b8c10b3eeb2db853141801277586c1f9/element HTTP/1.1
User-Agent: selenium/4.1.2 (java windows)
Content-Length: 155
Content-Type: application/json; charset=utf-8
host: localhost:50604
accept: */*

Response DefaultHttpResponse(decodeResult: success, version: HTTP/1.1)
HTTP/1.1 200 OK
Content-Type: application/json; charset=utf-8
cache-control: no-cache
content-length: 88

00:39:43.458 [AsyncHttpClient-1-2] DEBUG org.asynchttpclient.netty.channel.ChannelManager - Adding key: http://localhost:50604 for channel [id: 0x95d8661a, L:/127.0.0.1:51036 - R:localhost/127.0.0.1:50604]
00:39:43.461 [Forwarding getElementTagName on session b8c10b3eeb2db853141801277586c1f9 to remote] DEBUG org.asynchttpclient.netty.request.NettyRequestSender - Using pooled Channel '[id: 0x95d8661a, L:/127.0.0.1:51036 - R:localhost/127.0.0.1:50604]' for 'GET' to 'http://localhost:50604/session/b8c10b3eeb2db853141801277586c1f9/element/483f3742-06b9-43f8-a83f-3b2199cd7c11/name'
00:39:43.462 [Forwarding getElementTagName on session b8c10b3eeb2db853141801277586c1f9 to remote] DEBUG org.asynchttpclient.netty.request.NettyRequestSender - Using open Channel [id: 0x95d8661a, L:/127.0.0.1:51036 - R:localhost/127.0.0.1:50604] for GET '/session/b8c10b3eeb2db853141801277586c1f9/element/483f3742-06b9-43f8-a83f-3b2199cd7c11/name'
00:39:43.466 [AsyncHttpClient-1-2] DEBUG org.asynchttpclient.netty.handler.HttpHandler - 

Request DefaultFullHttpRequest(decodeResult: success, version: HTTP/1.1, content: EmptyByteBufBE)
GET /session/b8c10b3eeb2db853141801277586c1f9/element/483f3742-06b9-43f8-a83f-3b2199cd7c11/name HTTP/1.1
User-Agent: selenium/4.1.2 (java windows)
Cache-Control: no-cache
Content-Type: application/json; charset=utf-8
host: localhost:50604
accept: */*

Response DefaultHttpResponse(decodeResult: success, version: HTTP/1.1)
HTTP/1.1 200 OK
Content-Type: application/json; charset=utf-8
cache-control: no-cache
content-length: 18

00:39:43.466 [AsyncHttpClient-1-2] DEBUG org.asynchttpclient.netty.channel.ChannelManager - Adding key: http://localhost:50604 for channel [id: 0x95d8661a, L:/127.0.0.1:51036 - R:localhost/127.0.0.1:50604]
00:39:43.468 [Forwarding getElementTagName on session b8c10b3eeb2db853141801277586c1f9 to remote] DEBUG org.asynchttpclient.netty.request.NettyRequestSender - Using pooled Channel '[id: 0x95d8661a, L:/127.0.0.1:51036 - R:localhost/127.0.0.1:50604]' for 'GET' to 'http://localhost:50604/session/b8c10b3eeb2db853141801277586c1f9/element/483f3742-06b9-43f8-a83f-3b2199cd7c11/name'
00:39:43.468 [Forwarding getElementTagName on session b8c10b3eeb2db853141801277586c1f9 to remote] DEBUG org.asynchttpclient.netty.request.NettyRequestSender - Using open Channel [id: 0x95d8661a, L:/127.0.0.1:51036 - R:localhost/127.0.0.1:50604] for GET '/session/b8c10b3eeb2db853141801277586c1f9/element/483f3742-06b9-43f8-a83f-3b2199cd7c11/name'
00:39:43.472 [AsyncHttpClient-1-2] DEBUG org.asynchttpclient.netty.handler.HttpHandler - 

Request DefaultFullHttpRequest(decodeResult: success, version: HTTP/1.1, content: EmptyByteBufBE)
GET /session/b8c10b3eeb2db853141801277586c1f9/element/483f3742-06b9-43f8-a83f-3b2199cd7c11/name HTTP/1.1
User-Agent: selenium/4.1.2 (java windows)
Cache-Control: no-cache
Content-Type: application/json; charset=utf-8
host: localhost:50604
accept: */*

Response DefaultHttpResponse(decodeResult: success, version: HTTP/1.1)
HTTP/1.1 200 OK
Content-Type: application/json; charset=utf-8
cache-control: no-cache
content-length: 18

00:39:43.474 [AsyncHttpClient-1-2] DEBUG org.asynchttpclient.netty.channel.ChannelManager - Adding key: http://localhost:50604 for channel [id: 0x95d8661a, L:/127.0.0.1:51036 - R:localhost/127.0.0.1:50604]
00:39:43.481 [Forwarding isElementEnabled on session b8c10b3eeb2db853141801277586c1f9 to remote] DEBUG org.asynchttpclient.netty.request.NettyRequestSender - Using pooled Channel '[id: 0x95d8661a, L:/127.0.0.1:51036 - R:localhost/127.0.0.1:50604]' for 'GET' to 'http://localhost:50604/session/b8c10b3eeb2db853141801277586c1f9/element/483f3742-06b9-43f8-a83f-3b2199cd7c11/enabled'
00:39:43.481 [Forwarding isElementEnabled on session b8c10b3eeb2db853141801277586c1f9 to remote] DEBUG org.asynchttpclient.netty.request.NettyRequestSender - Using open Channel [id: 0x95d8661a, L:/127.0.0.1:51036 - R:localhost/127.0.0.1:50604] for GET '/session/b8c10b3eeb2db853141801277586c1f9/element/483f3742-06b9-43f8-a83f-3b2199cd7c11/enabled'
00:39:43.491 [AsyncHttpClient-1-2] DEBUG org.asynchttpclient.netty.handler.HttpHandler - 

Request DefaultFullHttpRequest(decodeResult: success, version: HTTP/1.1, content: EmptyByteBufBE)
GET /session/b8c10b3eeb2db853141801277586c1f9/element/483f3742-06b9-43f8-a83f-3b2199cd7c11/enabled HTTP/1.1
User-Agent: selenium/4.1.2 (java windows)
Cache-Control: no-cache
Content-Type: application/json; charset=utf-8
host: localhost:50604
accept: */*

Response DefaultHttpResponse(decodeResult: success, version: HTTP/1.1)
HTTP/1.1 200 OK
Content-Type: application/json; charset=utf-8
cache-control: no-cache
content-length: 14

00:39:43.492 [AsyncHttpClient-1-2] DEBUG org.asynchttpclient.netty.channel.ChannelManager - Adding key: http://localhost:50604 for channel [id: 0x95d8661a, L:/127.0.0.1:51036 - R:localhost/127.0.0.1:50604]
00:39:43.495 [Forwarding isElementEnabled on session b8c10b3eeb2db853141801277586c1f9 to remote] DEBUG org.asynchttpclient.netty.request.NettyRequestSender - Using pooled Channel '[id: 0x95d8661a, L:/127.0.0.1:51036 - R:localhost/127.0.0.1:50604]' for 'GET' to 'http://localhost:50604/session/b8c10b3eeb2db853141801277586c1f9/element/483f3742-06b9-43f8-a83f-3b2199cd7c11/enabled'
00:39:43.495 [Forwarding isElementEnabled on session b8c10b3eeb2db853141801277586c1f9 to remote] DEBUG org.asynchttpclient.netty.request.NettyRequestSender - Using open Channel [id: 0x95d8661a, L:/127.0.0.1:51036 - R:localhost/127.0.0.1:50604] for GET '/session/b8c10b3eeb2db853141801277586c1f9/element/483f3742-06b9-43f8-a83f-3b2199cd7c11/enabled'
00:39:43.502 [AsyncHttpClient-1-2] DEBUG org.asynchttpclient.netty.handler.HttpHandler - 

Request DefaultFullHttpRequest(decodeResult: success, version: HTTP/1.1, content: EmptyByteBufBE)
GET /session/b8c10b3eeb2db853141801277586c1f9/element/483f3742-06b9-43f8-a83f-3b2199cd7c11/enabled HTTP/1.1
User-Agent: selenium/4.1.2 (java windows)
Cache-Control: no-cache
Content-Type: application/json; charset=utf-8
host: localhost:50604
accept: */*

Response DefaultHttpResponse(decodeResult: success, version: HTTP/1.1)
HTTP/1.1 200 OK
Content-Type: application/json; charset=utf-8
cache-control: no-cache
content-length: 14

00:39:43.502 [AsyncHttpClient-1-2] DEBUG org.asynchttpclient.netty.channel.ChannelManager - Adding key: http://localhost:50604 for channel [id: 0x95d8661a, L:/127.0.0.1:51036 - R:localhost/127.0.0.1:50604]
00:39:43.504 [Forwarding findElement on session b8c10b3eeb2db853141801277586c1f9 to remote] DEBUG org.asynchttpclient.netty.request.NettyRequestSender - Using pooled Channel '[id: 0x95d8661a, L:/127.0.0.1:51036 - R:localhost/127.0.0.1:50604]' for 'POST' to 'http://localhost:50604/session/b8c10b3eeb2db853141801277586c1f9/element'
00:39:43.504 [Forwarding findElement on session b8c10b3eeb2db853141801277586c1f9 to remote] DEBUG org.asynchttpclient.netty.request.NettyRequestSender - Using open Channel [id: 0x95d8661a, L:/127.0.0.1:51036 - R:localhost/127.0.0.1:50604] for POST '/session/b8c10b3eeb2db853141801277586c1f9/element'
00:39:43.515 [AsyncHttpClient-1-2] DEBUG org.asynchttpclient.netty.handler.HttpHandler - 

Request DefaultHttpRequest(decodeResult: success, version: HTTP/1.1)
POST /session/b8c10b3eeb2db853141801277586c1f9/element HTTP/1.1
User-Agent: selenium/4.1.2 (java windows)
Content-Length: 155
Content-Type: application/json; charset=utf-8
host: localhost:50604
accept: */*

Response DefaultHttpResponse(decodeResult: success, version: HTTP/1.1)
HTTP/1.1 200 OK
Content-Type: application/json; charset=utf-8
cache-control: no-cache
content-length: 88

00:39:43.515 [AsyncHttpClient-1-2] DEBUG org.asynchttpclient.netty.channel.ChannelManager - Adding key: http://localhost:50604 for channel [id: 0x95d8661a, L:/127.0.0.1:51036 - R:localhost/127.0.0.1:50604]
00:39:43.518 [Forwarding clickElement on session b8c10b3eeb2db853141801277586c1f9 to remote] DEBUG org.asynchttpclient.netty.request.NettyRequestSender - Using pooled Channel '[id: 0x95d8661a, L:/127.0.0.1:51036 - R:localhost/127.0.0.1:50604]' for 'POST' to 'http://localhost:50604/session/b8c10b3eeb2db853141801277586c1f9/element/483f3742-06b9-43f8-a83f-3b2199cd7c11/click'
00:39:43.518 [Forwarding clickElement on session b8c10b3eeb2db853141801277586c1f9 to remote] DEBUG org.asynchttpclient.netty.request.NettyRequestSender - Using open Channel [id: 0x95d8661a, L:/127.0.0.1:51036 - R:localhost/127.0.0.1:50604] for POST '/session/b8c10b3eeb2db853141801277586c1f9/element/483f3742-06b9-43f8-a83f-3b2199cd7c11/click'
00:39:43.585 [AsyncHttpClient-1-2] DEBUG org.asynchttpclient.netty.handler.HttpHandler - 

Request DefaultHttpRequest(decodeResult: success, version: HTTP/1.1)
POST /session/b8c10b3eeb2db853141801277586c1f9/element/483f3742-06b9-43f8-a83f-3b2199cd7c11/click HTTP/1.1
User-Agent: selenium/4.1.2 (java windows)
Content-Length: 50
Content-Type: application/json; charset=utf-8
host: localhost:50604
accept: */*

Response DefaultHttpResponse(decodeResult: success, version: HTTP/1.1)
HTTP/1.1 200 OK
Content-Type: application/json; charset=utf-8
cache-control: no-cache
content-length: 14

00:39:43.585 [AsyncHttpClient-1-2] DEBUG org.asynchttpclient.netty.channel.ChannelManager - Adding key: http://localhost:50604 for channel [id: 0x95d8661a, L:/127.0.0.1:51036 - R:localhost/127.0.0.1:50604]
00:39:43.598 [Forwarding screenshot on session b8c10b3eeb2db853141801277586c1f9 to remote] DEBUG org.asynchttpclient.netty.request.NettyRequestSender - Using pooled Channel '[id: 0x95d8661a, L:/127.0.0.1:51036 - R:localhost/127.0.0.1:50604]' for 'GET' to 'http://localhost:50604/session/b8c10b3eeb2db853141801277586c1f9/screenshot'
00:39:43.598 [Forwarding screenshot on session b8c10b3eeb2db853141801277586c1f9 to remote] DEBUG org.asynchttpclient.netty.request.NettyRequestSender - Using open Channel [id: 0x95d8661a, L:/127.0.0.1:51036 - R:localhost/127.0.0.1:50604] for GET '/session/b8c10b3eeb2db853141801277586c1f9/screenshot'
00:39:43.883 [AsyncHttpClient-1-2] DEBUG org.asynchttpclient.netty.handler.HttpHandler - 

Request DefaultFullHttpRequest(decodeResult: success, version: HTTP/1.1, content: EmptyByteBufBE)
GET /session/b8c10b3eeb2db853141801277586c1f9/screenshot HTTP/1.1
User-Agent: selenium/4.1.2 (java windows)
Cache-Control: no-cache
Content-Type: application/json; charset=utf-8
host: localhost:50604
accept: */*

Response DefaultHttpResponse(decodeResult: success, version: HTTP/1.1)
HTTP/1.1 200 OK
Content-Type: application/json; charset=utf-8
cache-control: no-cache
content-length: 48588

00:39:43.884 [AsyncHttpClient-1-2] DEBUG org.asynchttpclient.netty.channel.ChannelManager - Adding key: http://localhost:50604 for channel [id: 0x95d8661a, L:/127.0.0.1:51036 - R:localhost/127.0.0.1:50604]
00:39:43.887 [main] DEBUG net.serenitybdd.core.photography.Darkroom - Send negative for processing for target\site\serenity\9a8682e83ff58b88ecc481097e1537ea54e1865f7f02a2b19592d2ab1704a6f0.png
00:39:43.889 [main] DEBUG net.thucydides.core.steps.StepInterceptor - STEP DONE: clickLoginButton
  &amp#27;[32mAnd &amp#27;[0m&amp#27;[32mI enter password &amp#27;[0m&amp#27;[32m&amp#27;[1maiueo&amp#27;[0m                                       &amp#27;[90m# stepdefinitions.BuyProductsStep.iEnterPassword(java.lang.String)&amp#27;[0m
00:39:43.891 [Darkroom Processing Line] DEBUG net.serenitybdd.core.photography.DarkroomProcessingLine - Processing screenshot image in /var/screenshots/screenshot-2763586492281871679
00:39:43.891 [Darkroom Processing Line] DEBUG net.serenitybdd.core.photography.DarkroomProcessingLine - Saving screenshot to target\site\serenity\9a8682e83ff58b88ecc481097e1537ea54e1865f7f02a2b19592d2ab1704a6f0.png
00:39:43.899 [AsyncHttpClient-1-1] DEBUG org.asynchttpclient.netty.channel.DefaultChannelPool - Entry count for : http://localhost:50604 : 1
00:39:43.899 [AsyncHttpClient-1-1] DEBUG org.asynchttpclient.netty.channel.DefaultChannelPool - Entry count for : http://localhost:51037 : 1
00:39:43.910 [main] DEBUG net.thucydides.core.steps.StepInterceptor - STARTING STEP: BuyProductsStep.iBuyTensiElektrik - buyTensiDarah
00:39:43.914 [Forwarding findElement on session b8c10b3eeb2db853141801277586c1f9 to remote] DEBUG org.asynchttpclient.netty.request.NettyRequestSender - Using pooled Channel '[id: 0x95d8661a, L:/127.0.0.1:51036 - R:localhost/127.0.0.1:50604]' for 'POST' to 'http://localhost:50604/session/b8c10b3eeb2db853141801277586c1f9/element'
00:39:43.914 [Forwarding findElement on session b8c10b3eeb2db853141801277586c1f9 to remote] DEBUG org.asynchttpclient.netty.request.NettyRequestSender - Using open Channel [id: 0x95d8661a, L:/127.0.0.1:51036 - R:localhost/127.0.0.1:50604] for POST '/session/b8c10b3eeb2db853141801277586c1f9/element'
00:39:44.996 [AsyncHttpClient-1-1] DEBUG org.asynchttpclient.netty.channel.DefaultChannelPool - Entry count for : http://localhost:51037 : 1
00:39:46.109 [AsyncHttpClient-1-1] DEBUG org.asynchttpclient.netty.channel.DefaultChannelPool - Entry count for : http://localhost:51037 : 1
00:39:47.196 [AsyncHttpClient-1-1] DEBUG org.asynchttpclient.netty.channel.DefaultChannelPool - Entry count for : http://localhost:51037 : 1
00:39:48.296 [AsyncHttpClient-1-1] DEBUG org.asynchttpclient.netty.channel.DefaultChannelPool - Entry count for : http://localhost:51037 : 1
00:39:49.360 [AsyncHttpClient-1-2] DEBUG org.asynchttpclient.netty.handler.HttpHandler - 

Request DefaultHttpRequest(decodeResult: success, version: HTTP/1.1)
POST /session/b8c10b3eeb2db853141801277586c1f9/element HTTP/1.1
User-Agent: selenium/4.1.2 (java windows)
Content-Length: 111
Content-Type: application/json; charset=utf-8
host: localhost:50604
accept: */*

Response DefaultHttpResponse(decodeResult: success, version: HTTP/1.1)
HTTP/1.1 200 OK
Content-Type: application/json; charset=utf-8
cache-control: no-cache
content-length: 88

00:39:49.361 [AsyncHttpClient-1-2] DEBUG org.asynchttpclient.netty.channel.ChannelManager - Adding key: http://localhost:50604 for channel [id: 0x95d8661a, L:/127.0.0.1:51036 - R:localhost/127.0.0.1:50604]
00:39:49.367 [Forwarding getElementTagName on session b8c10b3eeb2db853141801277586c1f9 to remote] DEBUG org.asynchttpclient.netty.request.NettyRequestSender - Using pooled Channel '[id: 0x95d8661a, L:/127.0.0.1:51036 - R:localhost/127.0.0.1:50604]' for 'GET' to 'http://localhost:50604/session/b8c10b3eeb2db853141801277586c1f9/element/094fef9f-230b-4052-af1d-502cd9b50db4/name'
00:39:49.368 [Forwarding getElementTagName on session b8c10b3eeb2db853141801277586c1f9 to remote] DEBUG org.asynchttpclient.netty.request.NettyRequestSender - Using open Channel [id: 0x95d8661a, L:/127.0.0.1:51036 - R:localhost/127.0.0.1:50604] for GET '/session/b8c10b3eeb2db853141801277586c1f9/element/094fef9f-230b-4052-af1d-502cd9b50db4/name'
00:39:49.381 [AsyncHttpClient-1-2] DEBUG org.asynchttpclient.netty.handler.HttpHandler - 

Request DefaultFullHttpRequest(decodeResult: success, version: HTTP/1.1, content: EmptyByteBufBE)
GET /session/b8c10b3eeb2db853141801277586c1f9/element/094fef9f-230b-4052-af1d-502cd9b50db4/name HTTP/1.1
User-Agent: selenium/4.1.2 (java windows)
Cache-Control: no-cache
Content-Type: application/json; charset=utf-8
host: localhost:50604
accept: */*

Response DefaultHttpResponse(decodeResult: success, version: HTTP/1.1)
HTTP/1.1 200 OK
Content-Type: application/json; charset=utf-8
cache-control: no-cache
content-length: 18

00:39:49.381 [AsyncHttpClient-1-2] DEBUG org.asynchttpclient.netty.channel.ChannelManager - Adding key: http://localhost:50604 for channel [id: 0x95d8661a, L:/127.0.0.1:51036 - R:localhost/127.0.0.1:50604]
00:39:49.389 [Forwarding getElementTagName on session b8c10b3eeb2db853141801277586c1f9 to remote] DEBUG org.asynchttpclient.netty.request.NettyRequestSender - Using pooled Channel '[id: 0x95d8661a, L:/127.0.0.1:51036 - R:localhost/127.0.0.1:50604]' for 'GET' to 'http://localhost:50604/session/b8c10b3eeb2db853141801277586c1f9/element/094fef9f-230b-4052-af1d-502cd9b50db4/name'
00:39:49.389 [Forwarding getElementTagName on session b8c10b3eeb2db853141801277586c1f9 to remote] DEBUG org.asynchttpclient.netty.request.NettyRequestSender - Using open Channel [id: 0x95d8661a, L:/127.0.0.1:51036 - R:localhost/127.0.0.1:50604] for GET '/session/b8c10b3eeb2db853141801277586c1f9/element/094fef9f-230b-4052-af1d-502cd9b50db4/name'
00:39:49.395 [AsyncHttpClient-1-1] DEBUG org.asynchttpclient.netty.channel.DefaultChannelPool - Entry count for : http://localhost:51037 : 1
00:39:49.397 [AsyncHttpClient-1-2] DEBUG org.asynchttpclient.netty.handler.HttpHandler - 

Request DefaultFullHttpRequest(decodeResult: success, version: HTTP/1.1, content: EmptyByteBufBE)
GET /session/b8c10b3eeb2db853141801277586c1f9/element/094fef9f-230b-4052-af1d-502cd9b50db4/name HTTP/1.1
User-Agent: selenium/4.1.2 (java windows)
Cache-Control: no-cache
Content-Type: application/json; charset=utf-8
host: localhost:50604
accept: */*

Response DefaultHttpResponse(decodeResult: success, version: HTTP/1.1)
HTTP/1.1 200 OK
Content-Type: application/json; charset=utf-8
cache-control: no-cache
content-length: 18

00:39:49.398 [AsyncHttpClient-1-2] DEBUG org.asynchttpclient.netty.channel.ChannelManager - Adding key: http://localhost:50604 for channel [id: 0x95d8661a, L:/127.0.0.1:51036 - R:localhost/127.0.0.1:50604]
00:39:49.406 [Forwarding isElementEnabled on session b8c10b3eeb2db853141801277586c1f9 to remote] DEBUG org.asynchttpclient.netty.request.NettyRequestSender - Using pooled Channel '[id: 0x95d8661a, L:/127.0.0.1:51036 - R:localhost/127.0.0.1:50604]' for 'GET' to 'http://localhost:50604/session/b8c10b3eeb2db853141801277586c1f9/element/094fef9f-230b-4052-af1d-502cd9b50db4/enabled'
00:39:49.406 [Forwarding isElementEnabled on session b8c10b3eeb2db853141801277586c1f9 to remote] DEBUG org.asynchttpclient.netty.request.NettyRequestSender - Using open Channel [id: 0x95d8661a, L:/127.0.0.1:51036 - R:localhost/127.0.0.1:50604] for GET '/session/b8c10b3eeb2db853141801277586c1f9/element/094fef9f-230b-4052-af1d-502cd9b50db4/enabled'
00:39:49.446 [AsyncHttpClient-1-2] DEBUG org.asynchttpclient.netty.handler.HttpHandler - 

Request DefaultFullHttpRequest(decodeResult: success, version: HTTP/1.1, content: EmptyByteBufBE)
GET /session/b8c10b3eeb2db853141801277586c1f9/element/094fef9f-230b-4052-af1d-502cd9b50db4/enabled HTTP/1.1
User-Agent: selenium/4.1.2 (java windows)
Cache-Control: no-cache
Content-Type: application/json; charset=utf-8
host: localhost:50604
accept: */*

Response DefaultHttpResponse(decodeResult: success, version: HTTP/1.1)
HTTP/1.1 200 OK
Content-Type: application/json; charset=utf-8
cache-control: no-cache
content-length: 14

00:39:49.447 [AsyncHttpClient-1-2] DEBUG org.asynchttpclient.netty.channel.ChannelManager - Adding key: http://localhost:50604 for channel [id: 0x95d8661a, L:/127.0.0.1:51036 - R:localhost/127.0.0.1:50604]
00:39:49.455 [Forwarding isElementEnabled on session b8c10b3eeb2db853141801277586c1f9 to remote] DEBUG org.asynchttpclient.netty.request.NettyRequestSender - Using pooled Channel '[id: 0x95d8661a, L:/127.0.0.1:51036 - R:localhost/127.0.0.1:50604]' for 'GET' to 'http://localhost:50604/session/b8c10b3eeb2db853141801277586c1f9/element/094fef9f-230b-4052-af1d-502cd9b50db4/enabled'
00:39:49.455 [Forwarding isElementEnabled on session b8c10b3eeb2db853141801277586c1f9 to remote] DEBUG org.asynchttpclient.netty.request.NettyRequestSender - Using open Channel [id: 0x95d8661a, L:/127.0.0.1:51036 - R:localhost/127.0.0.1:50604] for GET '/session/b8c10b3eeb2db853141801277586c1f9/element/094fef9f-230b-4052-af1d-502cd9b50db4/enabled'
00:39:49.467 [AsyncHttpClient-1-2] DEBUG org.asynchttpclient.netty.handler.HttpHandler - 

Request DefaultFullHttpRequest(decodeResult: success, version: HTTP/1.1, content: EmptyByteBufBE)
GET /session/b8c10b3eeb2db853141801277586c1f9/element/094fef9f-230b-4052-af1d-502cd9b50db4/enabled HTTP/1.1
User-Agent: selenium/4.1.2 (java windows)
Cache-Control: no-cache
Content-Type: application/json; charset=utf-8
host: localhost:50604
accept: */*

Response DefaultHttpResponse(decodeResult: success, version: HTTP/1.1)
HTTP/1.1 200 OK
Content-Type: application/json; charset=utf-8
cache-control: no-cache
content-length: 14

00:39:49.467 [AsyncHttpClient-1-2] DEBUG org.asynchttpclient.netty.channel.ChannelManager - Adding key: http://localhost:50604 for channel [id: 0x95d8661a, L:/127.0.0.1:51036 - R:localhost/127.0.0.1:50604]
00:39:49.475 [Forwarding findElement on session b8c10b3eeb2db853141801277586c1f9 to remote] DEBUG org.asynchttpclient.netty.request.NettyRequestSender - Using pooled Channel '[id: 0x95d8661a, L:/127.0.0.1:51036 - R:localhost/127.0.0.1:50604]' for 'POST' to 'http://localhost:50604/session/b8c10b3eeb2db853141801277586c1f9/element'
00:39:49.475 [Forwarding findElement on session b8c10b3eeb2db853141801277586c1f9 to remote] DEBUG org.asynchttpclient.netty.request.NettyRequestSender - Using open Channel [id: 0x95d8661a, L:/127.0.0.1:51036 - R:localhost/127.0.0.1:50604] for POST '/session/b8c10b3eeb2db853141801277586c1f9/element'
00:39:49.498 [AsyncHttpClient-1-2] DEBUG org.asynchttpclient.netty.handler.HttpHandler - 

Request DefaultHttpRequest(decodeResult: success, version: HTTP/1.1)
POST /session/b8c10b3eeb2db853141801277586c1f9/element HTTP/1.1
User-Agent: selenium/4.1.2 (java windows)
Content-Length: 111
Content-Type: application/json; charset=utf-8
host: localhost:50604
accept: */*

Response DefaultHttpResponse(decodeResult: success, version: HTTP/1.1)
HTTP/1.1 200 OK
Content-Type: application/json; charset=utf-8
cache-control: no-cache
content-length: 88

00:39:49.498 [AsyncHttpClient-1-2] DEBUG org.asynchttpclient.netty.channel.ChannelManager - Adding key: http://localhost:50604 for channel [id: 0x95d8661a, L:/127.0.0.1:51036 - R:localhost/127.0.0.1:50604]
00:39:49.502 [Forwarding clickElement on session b8c10b3eeb2db853141801277586c1f9 to remote] DEBUG org.asynchttpclient.netty.request.NettyRequestSender - Using pooled Channel '[id: 0x95d8661a, L:/127.0.0.1:51036 - R:localhost/127.0.0.1:50604]' for 'POST' to 'http://localhost:50604/session/b8c10b3eeb2db853141801277586c1f9/element/094fef9f-230b-4052-af1d-502cd9b50db4/click'
00:39:49.502 [Forwarding clickElement on session b8c10b3eeb2db853141801277586c1f9 to remote] DEBUG org.asynchttpclient.netty.request.NettyRequestSender - Using open Channel [id: 0x95d8661a, L:/127.0.0.1:51036 - R:localhost/127.0.0.1:50604] for POST '/session/b8c10b3eeb2db853141801277586c1f9/element/094fef9f-230b-4052-af1d-502cd9b50db4/click'
00:39:49.636 [AsyncHttpClient-1-2] DEBUG org.asynchttpclient.netty.handler.HttpHandler - 

Request DefaultHttpRequest(decodeResult: success, version: HTTP/1.1)
POST /session/b8c10b3eeb2db853141801277586c1f9/element/094fef9f-230b-4052-af1d-502cd9b50db4/click HTTP/1.1
User-Agent: selenium/4.1.2 (java windows)
Content-Length: 50
Content-Type: application/json; charset=utf-8
host: localhost:50604
accept: */*

Response DefaultHttpResponse(decodeResult: success, version: HTTP/1.1)
HTTP/1.1 200 OK
Content-Type: application/json; charset=utf-8
cache-control: no-cache
content-length: 14

00:39:49.636 [AsyncHttpClient-1-2] DEBUG org.asynchttpclient.netty.channel.ChannelManager - Adding key: http://localhost:50604 for channel [id: 0x95d8661a, L:/127.0.0.1:51036 - R:localhost/127.0.0.1:50604]
00:39:49.650 [Forwarding screenshot on session b8c10b3eeb2db853141801277586c1f9 to remote] DEBUG org.asynchttpclient.netty.request.NettyRequestSender - Using pooled Channel '[id: 0x95d8661a, L:/127.0.0.1:51036 - R:localhost/127.0.0.1:50604]' for 'GET' to 'http://localhost:50604/session/b8c10b3eeb2db853141801277586c1f9/screenshot'
00:39:49.650 [Forwarding screenshot on session b8c10b3eeb2db853141801277586c1f9 to remote] DEBUG org.asynchttpclient.netty.request.NettyRequestSender - Using open Channel [id: 0x95d8661a, L:/127.0.0.1:51036 - R:localhost/127.0.0.1:50604] for GET '/session/b8c10b3eeb2db853141801277586c1f9/screenshot'
00:39:49.838 [AsyncHttpClient-1-2] DEBUG org.asynchttpclient.netty.handler.HttpHandler - 

Request DefaultFullHttpRequest(decodeResult: success, version: HTTP/1.1, content: EmptyByteBufBE)
GET /session/b8c10b3eeb2db853141801277586c1f9/screenshot HTTP/1.1
User-Agent: selenium/4.1.2 (java windows)
Cache-Control: no-cache
Content-Type: application/json; charset=utf-8
host: localhost:50604
accept: */*

Response DefaultHttpResponse(decodeResult: success, version: HTTP/1.1)
HTTP/1.1 200 OK
Content-Type: application/json; charset=utf-8
cache-control: no-cache
content-length: 87520

00:39:49.840 [AsyncHttpClient-1-2] DEBUG org.asynchttpclient.netty.channel.ChannelManager - Adding key: http://localhost:50604 for channel [id: 0x95d8661a, L:/127.0.0.1:51036 - R:localhost/127.0.0.1:50604]
00:39:49.863 [main] DEBUG net.serenitybdd.core.photography.Darkroom - Send negative for processing for target\site\serenity\b8cddfd90c1bfe2e204994603892007e92e4c2eb3a888fab41bd34a8bc554974.png
00:39:49.863 [main] DEBUG net.thucydides.core.steps.StepInterceptor - STEP DONE: buyTensiDarah
  &amp#27;[32mAnd &amp#27;[0m&amp#27;[32mFirst I buy &amp#27;[0m&amp#27;[32m&amp#27;[1mTensi Darah Eelktrik&amp#27;[0m                             &amp#27;[90m# stepdefinitions.BuyProductsStep.iBuyTensiElektrik(java.lang.String)&amp#27;[0m
00:39:49.863 [Darkroom Processing Line] DEBUG net.serenitybdd.core.photography.DarkroomProcessingLine - Processing screenshot image in /var/screenshots/screenshot-296660676177776679
00:39:49.863 [Darkroom Processing Line] DEBUG net.serenitybdd.core.photography.DarkroomProcessingLine - Saving screenshot to target\site\serenity\b8cddfd90c1bfe2e204994603892007e92e4c2eb3a888fab41bd34a8bc554974.png
00:39:49.886 [main] DEBUG net.thucydides.core.steps.StepInterceptor - STARTING STEP: BuyProductsStep.iBuyCamera - buyCamera
00:39:49.891 [Forwarding findElement on session b8c10b3eeb2db853141801277586c1f9 to remote] DEBUG org.asynchttpclient.netty.request.NettyRequestSender - Using pooled Channel '[id: 0x95d8661a, L:/127.0.0.1:51036 - R:localhost/127.0.0.1:50604]' for 'POST' to 'http://localhost:50604/session/b8c10b3eeb2db853141801277586c1f9/element'
00:39:49.891 [Forwarding findElement on session b8c10b3eeb2db853141801277586c1f9 to remote] DEBUG org.asynchttpclient.netty.request.NettyRequestSender - Using open Channel [id: 0x95d8661a, L:/127.0.0.1:51036 - R:localhost/127.0.0.1:50604] for POST '/session/b8c10b3eeb2db853141801277586c1f9/element'
00:39:49.918 [AsyncHttpClient-1-2] DEBUG org.asynchttpclient.netty.handler.HttpHandler - 

Request DefaultHttpRequest(decodeResult: success, version: HTTP/1.1)
POST /session/b8c10b3eeb2db853141801277586c1f9/element HTTP/1.1
User-Agent: selenium/4.1.2 (java windows)
Content-Length: 111
Content-Type: application/json; charset=utf-8
host: localhost:50604
accept: */*

Response DefaultHttpResponse(decodeResult: success, version: HTTP/1.1)
HTTP/1.1 200 OK
Content-Type: application/json; charset=utf-8
cache-control: no-cache
content-length: 88

00:39:49.918 [AsyncHttpClient-1-2] DEBUG org.asynchttpclient.netty.channel.ChannelManager - Adding key: http://localhost:50604 for channel [id: 0x95d8661a, L:/127.0.0.1:51036 - R:localhost/127.0.0.1:50604]
00:39:49.922 [Forwarding getElementTagName on session b8c10b3eeb2db853141801277586c1f9 to remote] DEBUG org.asynchttpclient.netty.request.NettyRequestSender - Using pooled Channel '[id: 0x95d8661a, L:/127.0.0.1:51036 - R:localhost/127.0.0.1:50604]' for 'GET' to 'http://localhost:50604/session/b8c10b3eeb2db853141801277586c1f9/element/301ad6f6-16c3-4bba-a2c3-0587c7795d5f/name'
00:39:49.922 [Forwarding getElementTagName on session b8c10b3eeb2db853141801277586c1f9 to remote] DEBUG org.asynchttpclient.netty.request.NettyRequestSender - Using open Channel [id: 0x95d8661a, L:/127.0.0.1:51036 - R:localhost/127.0.0.1:50604] for GET '/session/b8c10b3eeb2db853141801277586c1f9/element/301ad6f6-16c3-4bba-a2c3-0587c7795d5f/name'
00:39:49.931 [AsyncHttpClient-1-2] DEBUG org.asynchttpclient.netty.handler.HttpHandler - 

Request DefaultFullHttpRequest(decodeResult: success, version: HTTP/1.1, content: EmptyByteBufBE)
GET /session/b8c10b3eeb2db853141801277586c1f9/element/301ad6f6-16c3-4bba-a2c3-0587c7795d5f/name HTTP/1.1
User-Agent: selenium/4.1.2 (java windows)
Cache-Control: no-cache
Content-Type: application/json; charset=utf-8
host: localhost:50604
accept: */*

Response DefaultHttpResponse(decodeResult: success, version: HTTP/1.1)
HTTP/1.1 200 OK
Content-Type: application/json; charset=utf-8
cache-control: no-cache
content-length: 18

00:39:49.931 [AsyncHttpClient-1-2] DEBUG org.asynchttpclient.netty.channel.ChannelManager - Adding key: http://localhost:50604 for channel [id: 0x95d8661a, L:/127.0.0.1:51036 - R:localhost/127.0.0.1:50604]
00:39:49.933 [Forwarding getElementTagName on session b8c10b3eeb2db853141801277586c1f9 to remote] DEBUG org.asynchttpclient.netty.request.NettyRequestSender - Using pooled Channel '[id: 0x95d8661a, L:/127.0.0.1:51036 - R:localhost/127.0.0.1:50604]' for 'GET' to 'http://localhost:50604/session/b8c10b3eeb2db853141801277586c1f9/element/301ad6f6-16c3-4bba-a2c3-0587c7795d5f/name'
00:39:49.934 [Forwarding getElementTagName on session b8c10b3eeb2db853141801277586c1f9 to remote] DEBUG org.asynchttpclient.netty.request.NettyRequestSender - Using open Channel [id: 0x95d8661a, L:/127.0.0.1:51036 - R:localhost/127.0.0.1:50604] for GET '/session/b8c10b3eeb2db853141801277586c1f9/element/301ad6f6-16c3-4bba-a2c3-0587c7795d5f/name'
00:39:49.958 [AsyncHttpClient-1-2] DEBUG org.asynchttpclient.netty.handler.HttpHandler - 

Request DefaultFullHttpRequest(decodeResult: success, version: HTTP/1.1, content: EmptyByteBufBE)
GET /session/b8c10b3eeb2db853141801277586c1f9/element/301ad6f6-16c3-4bba-a2c3-0587c7795d5f/name HTTP/1.1
User-Agent: selenium/4.1.2 (java windows)
Cache-Control: no-cache
Content-Type: application/json; charset=utf-8
host: localhost:50604
accept: */*

Response DefaultHttpResponse(decodeResult: success, version: HTTP/1.1)
HTTP/1.1 200 OK
Content-Type: application/json; charset=utf-8
cache-control: no-cache
content-length: 18

00:39:49.959 [AsyncHttpClient-1-2] DEBUG org.asynchttpclient.netty.channel.ChannelManager - Adding key: http://localhost:50604 for channel [id: 0x95d8661a, L:/127.0.0.1:51036 - R:localhost/127.0.0.1:50604]
00:39:49.963 [Forwarding isElementEnabled on session b8c10b3eeb2db853141801277586c1f9 to remote] DEBUG org.asynchttpclient.netty.request.NettyRequestSender - Using pooled Channel '[id: 0x95d8661a, L:/127.0.0.1:51036 - R:localhost/127.0.0.1:50604]' for 'GET' to 'http://localhost:50604/session/b8c10b3eeb2db853141801277586c1f9/element/301ad6f6-16c3-4bba-a2c3-0587c7795d5f/enabled'
00:39:49.963 [Forwarding isElementEnabled on session b8c10b3eeb2db853141801277586c1f9 to remote] DEBUG org.asynchttpclient.netty.request.NettyRequestSender - Using open Channel [id: 0x95d8661a, L:/127.0.0.1:51036 - R:localhost/127.0.0.1:50604] for GET '/session/b8c10b3eeb2db853141801277586c1f9/element/301ad6f6-16c3-4bba-a2c3-0587c7795d5f/enabled'
00:39:49.976 [AsyncHttpClient-1-2] DEBUG org.asynchttpclient.netty.handler.HttpHandler - 

Request DefaultFullHttpRequest(decodeResult: success, version: HTTP/1.1, content: EmptyByteBufBE)
GET /session/b8c10b3eeb2db853141801277586c1f9/element/301ad6f6-16c3-4bba-a2c3-0587c7795d5f/enabled HTTP/1.1
User-Agent: selenium/4.1.2 (java windows)
Cache-Control: no-cache
Content-Type: application/json; charset=utf-8
host: localhost:50604
accept: */*

Response DefaultHttpResponse(decodeResult: success, version: HTTP/1.1)
HTTP/1.1 200 OK
Content-Type: application/json; charset=utf-8
cache-control: no-cache
content-length: 14

00:39:49.976 [AsyncHttpClient-1-2] DEBUG org.asynchttpclient.netty.channel.ChannelManager - Adding key: http://localhost:50604 for channel [id: 0x95d8661a, L:/127.0.0.1:51036 - R:localhost/127.0.0.1:50604]
00:39:49.977 [Forwarding isElementEnabled on session b8c10b3eeb2db853141801277586c1f9 to remote] DEBUG org.asynchttpclient.netty.request.NettyRequestSender - Using pooled Channel '[id: 0x95d8661a, L:/127.0.0.1:51036 - R:localhost/127.0.0.1:50604]' for 'GET' to 'http://localhost:50604/session/b8c10b3eeb2db853141801277586c1f9/element/301ad6f6-16c3-4bba-a2c3-0587c7795d5f/enabled'
00:39:49.977 [Forwarding isElementEnabled on session b8c10b3eeb2db853141801277586c1f9 to remote] DEBUG org.asynchttpclient.netty.request.NettyRequestSender - Using open Channel [id: 0x95d8661a, L:/127.0.0.1:51036 - R:localhost/127.0.0.1:50604] for GET '/session/b8c10b3eeb2db853141801277586c1f9/element/301ad6f6-16c3-4bba-a2c3-0587c7795d5f/enabled'
00:39:49.983 [AsyncHttpClient-1-2] DEBUG org.asynchttpclient.netty.handler.HttpHandler - 

Request DefaultFullHttpRequest(decodeResult: success, version: HTTP/1.1, content: EmptyByteBufBE)
GET /session/b8c10b3eeb2db853141801277586c1f9/element/301ad6f6-16c3-4bba-a2c3-0587c7795d5f/enabled HTTP/1.1
User-Agent: selenium/4.1.2 (java windows)
Cache-Control: no-cache
Content-Type: application/json; charset=utf-8
host: localhost:50604
accept: */*

Response DefaultHttpResponse(decodeResult: success, version: HTTP/1.1)
HTTP/1.1 200 OK
Content-Type: application/json; charset=utf-8
cache-control: no-cache
content-length: 14

00:39:49.983 [AsyncHttpClient-1-2] DEBUG org.asynchttpclient.netty.channel.ChannelManager - Adding key: http://localhost:50604 for channel [id: 0x95d8661a, L:/127.0.0.1:51036 - R:localhost/127.0.0.1:50604]
00:39:49.987 [Forwarding findElement on session b8c10b3eeb2db853141801277586c1f9 to remote] DEBUG org.asynchttpclient.netty.request.NettyRequestSender - Using pooled Channel '[id: 0x95d8661a, L:/127.0.0.1:51036 - R:localhost/127.0.0.1:50604]' for 'POST' to 'http://localhost:50604/session/b8c10b3eeb2db853141801277586c1f9/element'
00:39:49.988 [Forwarding findElement on session b8c10b3eeb2db853141801277586c1f9 to remote] DEBUG org.asynchttpclient.netty.request.NettyRequestSender - Using open Channel [id: 0x95d8661a, L:/127.0.0.1:51036 - R:localhost/127.0.0.1:50604] for POST '/session/b8c10b3eeb2db853141801277586c1f9/element'
00:39:50.017 [AsyncHttpClient-1-2] DEBUG org.asynchttpclient.netty.handler.HttpHandler - 

Request DefaultHttpRequest(decodeResult: success, version: HTTP/1.1)
POST /session/b8c10b3eeb2db853141801277586c1f9/element HTTP/1.1
User-Agent: selenium/4.1.2 (java windows)
Content-Length: 111
Content-Type: application/json; charset=utf-8
host: localhost:50604
accept: */*

Response DefaultHttpResponse(decodeResult: success, version: HTTP/1.1)
HTTP/1.1 200 OK
Content-Type: application/json; charset=utf-8
cache-control: no-cache
content-length: 88

00:39:50.018 [AsyncHttpClient-1-2] DEBUG org.asynchttpclient.netty.channel.ChannelManager - Adding key: http://localhost:50604 for channel [id: 0x95d8661a, L:/127.0.0.1:51036 - R:localhost/127.0.0.1:50604]
00:39:50.023 [Forwarding clickElement on session b8c10b3eeb2db853141801277586c1f9 to remote] DEBUG org.asynchttpclient.netty.request.NettyRequestSender - Using pooled Channel '[id: 0x95d8661a, L:/127.0.0.1:51036 - R:localhost/127.0.0.1:50604]' for 'POST' to 'http://localhost:50604/session/b8c10b3eeb2db853141801277586c1f9/element/301ad6f6-16c3-4bba-a2c3-0587c7795d5f/click'
00:39:50.023 [Forwarding clickElement on session b8c10b3eeb2db853141801277586c1f9 to remote] DEBUG org.asynchttpclient.netty.request.NettyRequestSender - Using open Channel [id: 0x95d8661a, L:/127.0.0.1:51036 - R:localhost/127.0.0.1:50604] for POST '/session/b8c10b3eeb2db853141801277586c1f9/element/301ad6f6-16c3-4bba-a2c3-0587c7795d5f/click'
00:39:50.171 [AsyncHttpClient-1-2] DEBUG org.asynchttpclient.netty.handler.HttpHandler - 

Request DefaultHttpRequest(decodeResult: success, version: HTTP/1.1)
POST /session/b8c10b3eeb2db853141801277586c1f9/element/301ad6f6-16c3-4bba-a2c3-0587c7795d5f/click HTTP/1.1
User-Agent: selenium/4.1.2 (java windows)
Content-Length: 50
Content-Type: application/json; charset=utf-8
host: localhost:50604
accept: */*

Response DefaultHttpResponse(decodeResult: success, version: HTTP/1.1)
HTTP/1.1 200 OK
Content-Type: application/json; charset=utf-8
cache-control: no-cache
content-length: 14

00:39:50.172 [AsyncHttpClient-1-2] DEBUG org.asynchttpclient.netty.channel.ChannelManager - Adding key: http://localhost:50604 for channel [id: 0x95d8661a, L:/127.0.0.1:51036 - R:localhost/127.0.0.1:50604]
00:39:50.184 [Forwarding screenshot on session b8c10b3eeb2db853141801277586c1f9 to remote] DEBUG org.asynchttpclient.netty.request.NettyRequestSender - Using pooled Channel '[id: 0x95d8661a, L:/127.0.0.1:51036 - R:localhost/127.0.0.1:50604]' for 'GET' to 'http://localhost:50604/session/b8c10b3eeb2db853141801277586c1f9/screenshot'
00:39:50.184 [Forwarding screenshot on session b8c10b3eeb2db853141801277586c1f9 to remote] DEBUG org.asynchttpclient.netty.request.NettyRequestSender - Using open Channel [id: 0x95d8661a, L:/127.0.0.1:51036 - R:localhost/127.0.0.1:50604] for GET '/session/b8c10b3eeb2db853141801277586c1f9/screenshot'
00:39:50.436 [AsyncHttpClient-1-2] DEBUG org.asynchttpclient.netty.handler.HttpHandler - 

Request DefaultFullHttpRequest(decodeResult: success, version: HTTP/1.1, content: EmptyByteBufBE)
GET /session/b8c10b3eeb2db853141801277586c1f9/screenshot HTTP/1.1
User-Agent: selenium/4.1.2 (java windows)
Cache-Control: no-cache
Content-Type: application/json; charset=utf-8
host: localhost:50604
accept: */*

Response DefaultHttpResponse(decodeResult: success, version: HTTP/1.1)
HTTP/1.1 200 OK
Content-Type: application/json; charset=utf-8
cache-control: no-cache
content-length: 79976

00:39:50.438 [AsyncHttpClient-1-2] DEBUG org.asynchttpclient.netty.channel.ChannelManager - Adding key: http://localhost:50604 for channel [id: 0x95d8661a, L:/127.0.0.1:51036 - R:localhost/127.0.0.1:50604]
00:39:50.443 [main] DEBUG net.serenitybdd.core.photography.Darkroom - Send negative for processing for target\site\serenity\b34eb00acb63bcce309a44848baed5a0a7680dfac45137141e7a7edd3abc99d6.png
00:39:50.444 [main] DEBUG net.thucydides.core.steps.StepInterceptor - STEP DONE: buyCamera
  &amp#27;[32mAnd &amp#27;[0m&amp#27;[32mSecond I buy &amp#27;[0m&amp#27;[32m&amp#27;[1mCamera&amp#27;[0m                                          &amp#27;[90m# stepdefinitions.BuyProductsStep.iBuyCamera(java.lang.String)&amp#27;[0m
00:39:50.444 [Darkroom Processing Line] DEBUG net.serenitybdd.core.photography.DarkroomProcessingLine - Processing screenshot image in /var/screenshots/screenshot-9711294359221480940
00:39:50.445 [Darkroom Processing Line] DEBUG net.serenitybdd.core.photography.DarkroomProcessingLine - Saving screenshot to target\site\serenity\b34eb00acb63bcce309a44848baed5a0a7680dfac45137141e7a7edd3abc99d6.png
00:39:50.466 [main] DEBUG net.thucydides.core.steps.StepInterceptor - STARTING STEP: BuyProductsStep.iBuyCincinEmas - buyCincinEmas
00:39:50.473 [Forwarding findElement on session b8c10b3eeb2db853141801277586c1f9 to remote] DEBUG org.asynchttpclient.netty.request.NettyRequestSender - Using pooled Channel '[id: 0x95d8661a, L:/127.0.0.1:51036 - R:localhost/127.0.0.1:50604]' for 'POST' to 'http://localhost:50604/session/b8c10b3eeb2db853141801277586c1f9/element'
00:39:50.473 [Forwarding findElement on session b8c10b3eeb2db853141801277586c1f9 to remote] DEBUG org.asynchttpclient.netty.request.NettyRequestSender - Using open Channel [id: 0x95d8661a, L:/127.0.0.1:51036 - R:localhost/127.0.0.1:50604] for POST '/session/b8c10b3eeb2db853141801277586c1f9/element'
00:39:50.495 [AsyncHttpClient-1-2] DEBUG org.asynchttpclient.netty.handler.HttpHandler - 

Request DefaultHttpRequest(decodeResult: success, version: HTTP/1.1)
POST /session/b8c10b3eeb2db853141801277586c1f9/element HTTP/1.1
User-Agent: selenium/4.1.2 (java windows)
Content-Length: 111
Content-Type: application/json; charset=utf-8
host: localhost:50604
accept: */*

Response DefaultHttpResponse(decodeResult: success, version: HTTP/1.1)
HTTP/1.1 200 OK
Content-Type: application/json; charset=utf-8
cache-control: no-cache
content-length: 88

00:39:50.495 [AsyncHttpClient-1-2] DEBUG org.asynchttpclient.netty.channel.ChannelManager - Adding key: http://localhost:50604 for channel [id: 0x95d8661a, L:/127.0.0.1:51036 - R:localhost/127.0.0.1:50604]
00:39:50.497 [Forwarding getElementTagName on session b8c10b3eeb2db853141801277586c1f9 to remote] DEBUG org.asynchttpclient.netty.request.NettyRequestSender - Using pooled Channel '[id: 0x95d8661a, L:/127.0.0.1:51036 - R:localhost/127.0.0.1:50604]' for 'GET' to 'http://localhost:50604/session/b8c10b3eeb2db853141801277586c1f9/element/18a5b1f2-979a-45a1-98e9-7bef28258aaa/name'
00:39:50.497 [Forwarding getElementTagName on session b8c10b3eeb2db853141801277586c1f9 to remote] DEBUG org.asynchttpclient.netty.request.NettyRequestSender - Using open Channel [id: 0x95d8661a, L:/127.0.0.1:51036 - R:localhost/127.0.0.1:50604] for GET '/session/b8c10b3eeb2db853141801277586c1f9/element/18a5b1f2-979a-45a1-98e9-7bef28258aaa/name'
00:39:50.500 [AsyncHttpClient-1-1] DEBUG org.asynchttpclient.netty.channel.DefaultChannelPool - Entry count for : http://localhost:51037 : 1
00:39:50.502 [AsyncHttpClient-1-2] DEBUG org.asynchttpclient.netty.handler.HttpHandler - 

Request DefaultFullHttpRequest(decodeResult: success, version: HTTP/1.1, content: EmptyByteBufBE)
GET /session/b8c10b3eeb2db853141801277586c1f9/element/18a5b1f2-979a-45a1-98e9-7bef28258aaa/name HTTP/1.1
User-Agent: selenium/4.1.2 (java windows)
Cache-Control: no-cache
Content-Type: application/json; charset=utf-8
host: localhost:50604
accept: */*

Response DefaultHttpResponse(decodeResult: success, version: HTTP/1.1)
HTTP/1.1 200 OK
Content-Type: application/json; charset=utf-8
cache-control: no-cache
content-length: 18

00:39:50.502 [AsyncHttpClient-1-2] DEBUG org.asynchttpclient.netty.channel.ChannelManager - Adding key: http://localhost:50604 for channel [id: 0x95d8661a, L:/127.0.0.1:51036 - R:localhost/127.0.0.1:50604]
00:39:50.505 [Forwarding getElementTagName on session b8c10b3eeb2db853141801277586c1f9 to remote] DEBUG org.asynchttpclient.netty.request.NettyRequestSender - Using pooled Channel '[id: 0x95d8661a, L:/127.0.0.1:51036 - R:localhost/127.0.0.1:50604]' for 'GET' to 'http://localhost:50604/session/b8c10b3eeb2db853141801277586c1f9/element/18a5b1f2-979a-45a1-98e9-7bef28258aaa/name'
00:39:50.505 [Forwarding getElementTagName on session b8c10b3eeb2db853141801277586c1f9 to remote] DEBUG org.asynchttpclient.netty.request.NettyRequestSender - Using open Channel [id: 0x95d8661a, L:/127.0.0.1:51036 - R:localhost/127.0.0.1:50604] for GET '/session/b8c10b3eeb2db853141801277586c1f9/element/18a5b1f2-979a-45a1-98e9-7bef28258aaa/name'
00:39:50.509 [AsyncHttpClient-1-2] DEBUG org.asynchttpclient.netty.handler.HttpHandler - 

Request DefaultFullHttpRequest(decodeResult: success, version: HTTP/1.1, content: EmptyByteBufBE)
GET /session/b8c10b3eeb2db853141801277586c1f9/element/18a5b1f2-979a-45a1-98e9-7bef28258aaa/name HTTP/1.1
User-Agent: selenium/4.1.2 (java windows)
Cache-Control: no-cache
Content-Type: application/json; charset=utf-8
host: localhost:50604
accept: */*

Response DefaultHttpResponse(decodeResult: success, version: HTTP/1.1)
HTTP/1.1 200 OK
Content-Type: application/json; charset=utf-8
cache-control: no-cache
content-length: 18

00:39:50.510 [AsyncHttpClient-1-2] DEBUG org.asynchttpclient.netty.channel.ChannelManager - Adding key: http://localhost:50604 for channel [id: 0x95d8661a, L:/127.0.0.1:51036 - R:localhost/127.0.0.1:50604]
00:39:50.513 [Forwarding isElementEnabled on session b8c10b3eeb2db853141801277586c1f9 to remote] DEBUG org.asynchttpclient.netty.request.NettyRequestSender - Using pooled Channel '[id: 0x95d8661a, L:/127.0.0.1:51036 - R:localhost/127.0.0.1:50604]' for 'GET' to 'http://localhost:50604/session/b8c10b3eeb2db853141801277586c1f9/element/18a5b1f2-979a-45a1-98e9-7bef28258aaa/enabled'
00:39:50.513 [Forwarding isElementEnabled on session b8c10b3eeb2db853141801277586c1f9 to remote] DEBUG org.asynchttpclient.netty.request.NettyRequestSender - Using open Channel [id: 0x95d8661a, L:/127.0.0.1:51036 - R:localhost/127.0.0.1:50604] for GET '/session/b8c10b3eeb2db853141801277586c1f9/element/18a5b1f2-979a-45a1-98e9-7bef28258aaa/enabled'
00:39:50.524 [AsyncHttpClient-1-2] DEBUG org.asynchttpclient.netty.handler.HttpHandler - 

Request DefaultFullHttpRequest(decodeResult: success, version: HTTP/1.1, content: EmptyByteBufBE)
GET /session/b8c10b3eeb2db853141801277586c1f9/element/18a5b1f2-979a-45a1-98e9-7bef28258aaa/enabled HTTP/1.1
User-Agent: selenium/4.1.2 (java windows)
Cache-Control: no-cache
Content-Type: application/json; charset=utf-8
host: localhost:50604
accept: */*

Response DefaultHttpResponse(decodeResult: success, version: HTTP/1.1)
HTTP/1.1 200 OK
Content-Type: application/json; charset=utf-8
cache-control: no-cache
content-length: 14

00:39:50.524 [AsyncHttpClient-1-2] DEBUG org.asynchttpclient.netty.channel.ChannelManager - Adding key: http://localhost:50604 for channel [id: 0x95d8661a, L:/127.0.0.1:51036 - R:localhost/127.0.0.1:50604]
00:39:50.526 [Forwarding isElementEnabled on session b8c10b3eeb2db853141801277586c1f9 to remote] DEBUG org.asynchttpclient.netty.request.NettyRequestSender - Using pooled Channel '[id: 0x95d8661a, L:/127.0.0.1:51036 - R:localhost/127.0.0.1:50604]' for 'GET' to 'http://localhost:50604/session/b8c10b3eeb2db853141801277586c1f9/element/18a5b1f2-979a-45a1-98e9-7bef28258aaa/enabled'
00:39:50.526 [Forwarding isElementEnabled on session b8c10b3eeb2db853141801277586c1f9 to remote] DEBUG org.asynchttpclient.netty.request.NettyRequestSender - Using open Channel [id: 0x95d8661a, L:/127.0.0.1:51036 - R:localhost/127.0.0.1:50604] for GET '/session/b8c10b3eeb2db853141801277586c1f9/element/18a5b1f2-979a-45a1-98e9-7bef28258aaa/enabled'
00:39:50.531 [AsyncHttpClient-1-2] DEBUG org.asynchttpclient.netty.handler.HttpHandler - 

Request DefaultFullHttpRequest(decodeResult: success, version: HTTP/1.1, content: EmptyByteBufBE)
GET /session/b8c10b3eeb2db853141801277586c1f9/element/18a5b1f2-979a-45a1-98e9-7bef28258aaa/enabled HTTP/1.1
User-Agent: selenium/4.1.2 (java windows)
Cache-Control: no-cache
Content-Type: application/json; charset=utf-8
host: localhost:50604
accept: */*

Response DefaultHttpResponse(decodeResult: success, version: HTTP/1.1)
HTTP/1.1 200 OK
Content-Type: application/json; charset=utf-8
cache-control: no-cache
content-length: 14

00:39:50.532 [AsyncHttpClient-1-2] DEBUG org.asynchttpclient.netty.channel.ChannelManager - Adding key: http://localhost:50604 for channel [id: 0x95d8661a, L:/127.0.0.1:51036 - R:localhost/127.0.0.1:50604]
00:39:50.535 [Forwarding findElement on session b8c10b3eeb2db853141801277586c1f9 to remote] DEBUG org.asynchttpclient.netty.request.NettyRequestSender - Using pooled Channel '[id: 0x95d8661a, L:/127.0.0.1:51036 - R:localhost/127.0.0.1:50604]' for 'POST' to 'http://localhost:50604/session/b8c10b3eeb2db853141801277586c1f9/element'
00:39:50.535 [Forwarding findElement on session b8c10b3eeb2db853141801277586c1f9 to remote] DEBUG org.asynchttpclient.netty.request.NettyRequestSender - Using open Channel [id: 0x95d8661a, L:/127.0.0.1:51036 - R:localhost/127.0.0.1:50604] for POST '/session/b8c10b3eeb2db853141801277586c1f9/element'
00:39:50.551 [AsyncHttpClient-1-2] DEBUG org.asynchttpclient.netty.handler.HttpHandler - 

Request DefaultHttpRequest(decodeResult: success, version: HTTP/1.1)
POST /session/b8c10b3eeb2db853141801277586c1f9/element HTTP/1.1
User-Agent: selenium/4.1.2 (java windows)
Content-Length: 111
Content-Type: application/json; charset=utf-8
host: localhost:50604
accept: */*

Response DefaultHttpResponse(decodeResult: success, version: HTTP/1.1)
HTTP/1.1 200 OK
Content-Type: application/json; charset=utf-8
cache-control: no-cache
content-length: 88

00:39:50.551 [AsyncHttpClient-1-2] DEBUG org.asynchttpclient.netty.channel.ChannelManager - Adding key: http://localhost:50604 for channel [id: 0x95d8661a, L:/127.0.0.1:51036 - R:localhost/127.0.0.1:50604]
00:39:50.554 [Forwarding clickElement on session b8c10b3eeb2db853141801277586c1f9 to remote] DEBUG org.asynchttpclient.netty.request.NettyRequestSender - Using pooled Channel '[id: 0x95d8661a, L:/127.0.0.1:51036 - R:localhost/127.0.0.1:50604]' for 'POST' to 'http://localhost:50604/session/b8c10b3eeb2db853141801277586c1f9/element/18a5b1f2-979a-45a1-98e9-7bef28258aaa/click'
00:39:50.554 [Forwarding clickElement on session b8c10b3eeb2db853141801277586c1f9 to remote] DEBUG org.asynchttpclient.netty.request.NettyRequestSender - Using open Channel [id: 0x95d8661a, L:/127.0.0.1:51036 - R:localhost/127.0.0.1:50604] for POST '/session/b8c10b3eeb2db853141801277586c1f9/element/18a5b1f2-979a-45a1-98e9-7bef28258aaa/click'
00:39:50.678 [AsyncHttpClient-1-2] DEBUG org.asynchttpclient.netty.handler.HttpHandler - 

Request DefaultHttpRequest(decodeResult: success, version: HTTP/1.1)
POST /session/b8c10b3eeb2db853141801277586c1f9/element/18a5b1f2-979a-45a1-98e9-7bef28258aaa/click HTTP/1.1
User-Agent: selenium/4.1.2 (java windows)
Content-Length: 50
Content-Type: application/json; charset=utf-8
host: localhost:50604
accept: */*

Response DefaultHttpResponse(decodeResult: success, version: HTTP/1.1)
HTTP/1.1 200 OK
Content-Type: application/json; charset=utf-8
cache-control: no-cache
content-length: 14

00:39:50.680 [AsyncHttpClient-1-2] DEBUG org.asynchttpclient.netty.channel.ChannelManager - Adding key: http://localhost:50604 for channel [id: 0x95d8661a, L:/127.0.0.1:51036 - R:localhost/127.0.0.1:50604]
00:39:50.685 [Forwarding screenshot on session b8c10b3eeb2db853141801277586c1f9 to remote] DEBUG org.asynchttpclient.netty.request.NettyRequestSender - Using pooled Channel '[id: 0x95d8661a, L:/127.0.0.1:51036 - R:localhost/127.0.0.1:50604]' for 'GET' to 'http://localhost:50604/session/b8c10b3eeb2db853141801277586c1f9/screenshot'
00:39:50.685 [Forwarding screenshot on session b8c10b3eeb2db853141801277586c1f9 to remote] DEBUG org.asynchttpclient.netty.request.NettyRequestSender - Using open Channel [id: 0x95d8661a, L:/127.0.0.1:51036 - R:localhost/127.0.0.1:50604] for GET '/session/b8c10b3eeb2db853141801277586c1f9/screenshot'
00:39:50.912 [AsyncHttpClient-1-2] DEBUG org.asynchttpclient.netty.handler.HttpHandler - 

Request DefaultFullHttpRequest(decodeResult: success, version: HTTP/1.1, content: EmptyByteBufBE)
GET /session/b8c10b3eeb2db853141801277586c1f9/screenshot HTTP/1.1
User-Agent: selenium/4.1.2 (java windows)
Cache-Control: no-cache
Content-Type: application/json; charset=utf-8
host: localhost:50604
accept: */*

Response DefaultHttpResponse(decodeResult: success, version: HTTP/1.1)
HTTP/1.1 200 OK
Content-Type: application/json; charset=utf-8
cache-control: no-cache
content-length: 71264

00:39:50.913 [AsyncHttpClient-1-2] DEBUG org.asynchttpclient.netty.channel.ChannelManager - Adding key: http://localhost:50604 for channel [id: 0x95d8661a, L:/127.0.0.1:51036 - R:localhost/127.0.0.1:50604]
00:39:50.915 [main] DEBUG net.serenitybdd.core.photography.Darkroom - Send negative for processing for target\site\serenity\b4879c6d81c76e91c85ad2625d05e3f599e9120924121dc0817551d705179436.png
00:39:50.916 [main] DEBUG net.thucydides.core.steps.StepInterceptor - STEP DONE: buyCincinEmas
00:39:50.916 [Darkroom Processing Line] DEBUG net.serenitybdd.core.photography.DarkroomProcessingLine - Processing screenshot image in /var/screenshots/screenshot-10350195688095338828
00:39:50.916 [Darkroom Processing Line] DEBUG net.serenitybdd.core.photography.DarkroomProcessingLine - Saving screenshot to target\site\serenity\b4879c6d81c76e91c85ad2625d05e3f599e9120924121dc0817551d705179436.png
  &amp#27;[32mAnd &amp#27;[0m&amp#27;[32mThird I buy &amp#27;[0m&amp#27;[32m&amp#27;[1mCincin Emas&amp#27;[0m                                      &amp#27;[90m# stepdefinitions.BuyProductsStep.iBuyCincinEmas(java.lang.String)&amp#27;[0m
00:39:50.936 [main] DEBUG net.thucydides.core.steps.StepInterceptor - STARTING STEP: BuyProductsStep.iclickChartButton - shopChartButton
00:39:50.944 [Forwarding findElement on session b8c10b3eeb2db853141801277586c1f9 to remote] DEBUG org.asynchttpclient.netty.request.NettyRequestSender - Using pooled Channel '[id: 0x95d8661a, L:/127.0.0.1:51036 - R:localhost/127.0.0.1:50604]' for 'POST' to 'http://localhost:50604/session/b8c10b3eeb2db853141801277586c1f9/element'
00:39:50.944 [Forwarding findElement on session b8c10b3eeb2db853141801277586c1f9 to remote] DEBUG org.asynchttpclient.netty.request.NettyRequestSender - Using open Channel [id: 0x95d8661a, L:/127.0.0.1:51036 - R:localhost/127.0.0.1:50604] for POST '/session/b8c10b3eeb2db853141801277586c1f9/element'
00:39:50.974 [AsyncHttpClient-1-2] DEBUG org.asynchttpclient.netty.handler.HttpHandler - 

Request DefaultHttpRequest(decodeResult: success, version: HTTP/1.1)
POST /session/b8c10b3eeb2db853141801277586c1f9/element HTTP/1.1
User-Agent: selenium/4.1.2 (java windows)
Content-Length: 108
Content-Type: application/json; charset=utf-8
host: localhost:50604
accept: */*

Response DefaultHttpResponse(decodeResult: success, version: HTTP/1.1)
HTTP/1.1 200 OK
Content-Type: application/json; charset=utf-8
cache-control: no-cache
content-length: 88

00:39:50.974 [AsyncHttpClient-1-2] DEBUG org.asynchttpclient.netty.channel.ChannelManager - Adding key: http://localhost:50604 for channel [id: 0x95d8661a, L:/127.0.0.1:51036 - R:localhost/127.0.0.1:50604]
00:39:50.976 [Forwarding getElementTagName on session b8c10b3eeb2db853141801277586c1f9 to remote] DEBUG org.asynchttpclient.netty.request.NettyRequestSender - Using pooled Channel '[id: 0x95d8661a, L:/127.0.0.1:51036 - R:localhost/127.0.0.1:50604]' for 'GET' to 'http://localhost:50604/session/b8c10b3eeb2db853141801277586c1f9/element/73848aeb-d83c-4d5a-8422-daec9bb7d649/name'
00:39:50.976 [Forwarding getElementTagName on session b8c10b3eeb2db853141801277586c1f9 to remote] DEBUG org.asynchttpclient.netty.request.NettyRequestSender - Using open Channel [id: 0x95d8661a, L:/127.0.0.1:51036 - R:localhost/127.0.0.1:50604] for GET '/session/b8c10b3eeb2db853141801277586c1f9/element/73848aeb-d83c-4d5a-8422-daec9bb7d649/name'
00:39:50.981 [AsyncHttpClient-1-2] DEBUG org.asynchttpclient.netty.handler.HttpHandler - 

Request DefaultFullHttpRequest(decodeResult: success, version: HTTP/1.1, content: EmptyByteBufBE)
GET /session/b8c10b3eeb2db853141801277586c1f9/element/73848aeb-d83c-4d5a-8422-daec9bb7d649/name HTTP/1.1
User-Agent: selenium/4.1.2 (java windows)
Cache-Control: no-cache
Content-Type: application/json; charset=utf-8
host: localhost:50604
accept: */*

Response DefaultHttpResponse(decodeResult: success, version: HTTP/1.1)
HTTP/1.1 200 OK
Content-Type: application/json; charset=utf-8
cache-control: no-cache
content-length: 18

00:39:50.981 [AsyncHttpClient-1-2] DEBUG org.asynchttpclient.netty.channel.ChannelManager - Adding key: http://localhost:50604 for channel [id: 0x95d8661a, L:/127.0.0.1:51036 - R:localhost/127.0.0.1:50604]
00:39:50.983 [Forwarding getElementTagName on session b8c10b3eeb2db853141801277586c1f9 to remote] DEBUG org.asynchttpclient.netty.request.NettyRequestSender - Using pooled Channel '[id: 0x95d8661a, L:/127.0.0.1:51036 - R:localhost/127.0.0.1:50604]' for 'GET' to 'http://localhost:50604/session/b8c10b3eeb2db853141801277586c1f9/element/73848aeb-d83c-4d5a-8422-daec9bb7d649/name'
00:39:50.983 [Forwarding getElementTagName on session b8c10b3eeb2db853141801277586c1f9 to remote] DEBUG org.asynchttpclient.netty.request.NettyRequestSender - Using open Channel [id: 0x95d8661a, L:/127.0.0.1:51036 - R:localhost/127.0.0.1:50604] for GET '/session/b8c10b3eeb2db853141801277586c1f9/element/73848aeb-d83c-4d5a-8422-daec9bb7d649/name'
00:39:50.988 [AsyncHttpClient-1-2] DEBUG org.asynchttpclient.netty.handler.HttpHandler - 

Request DefaultFullHttpRequest(decodeResult: success, version: HTTP/1.1, content: EmptyByteBufBE)
GET /session/b8c10b3eeb2db853141801277586c1f9/element/73848aeb-d83c-4d5a-8422-daec9bb7d649/name HTTP/1.1
User-Agent: selenium/4.1.2 (java windows)
Cache-Control: no-cache
Content-Type: application/json; charset=utf-8
host: localhost:50604
accept: */*

Response DefaultHttpResponse(decodeResult: success, version: HTTP/1.1)
HTTP/1.1 200 OK
Content-Type: application/json; charset=utf-8
cache-control: no-cache
content-length: 18

00:39:50.988 [AsyncHttpClient-1-2] DEBUG org.asynchttpclient.netty.channel.ChannelManager - Adding key: http://localhost:50604 for channel [id: 0x95d8661a, L:/127.0.0.1:51036 - R:localhost/127.0.0.1:50604]
00:39:50.993 [Forwarding isElementEnabled on session b8c10b3eeb2db853141801277586c1f9 to remote] DEBUG org.asynchttpclient.netty.request.NettyRequestSender - Using pooled Channel '[id: 0x95d8661a, L:/127.0.0.1:51036 - R:localhost/127.0.0.1:50604]' for 'GET' to 'http://localhost:50604/session/b8c10b3eeb2db853141801277586c1f9/element/73848aeb-d83c-4d5a-8422-daec9bb7d649/enabled'
00:39:50.993 [Forwarding isElementEnabled on session b8c10b3eeb2db853141801277586c1f9 to remote] DEBUG org.asynchttpclient.netty.request.NettyRequestSender - Using open Channel [id: 0x95d8661a, L:/127.0.0.1:51036 - R:localhost/127.0.0.1:50604] for GET '/session/b8c10b3eeb2db853141801277586c1f9/element/73848aeb-d83c-4d5a-8422-daec9bb7d649/enabled'
00:39:51.002 [AsyncHttpClient-1-2] DEBUG org.asynchttpclient.netty.handler.HttpHandler - 

Request DefaultFullHttpRequest(decodeResult: success, version: HTTP/1.1, content: EmptyByteBufBE)
GET /session/b8c10b3eeb2db853141801277586c1f9/element/73848aeb-d83c-4d5a-8422-daec9bb7d649/enabled HTTP/1.1
User-Agent: selenium/4.1.2 (java windows)
Cache-Control: no-cache
Content-Type: application/json; charset=utf-8
host: localhost:50604
accept: */*

Response DefaultHttpResponse(decodeResult: success, version: HTTP/1.1)
HTTP/1.1 200 OK
Content-Type: application/json; charset=utf-8
cache-control: no-cache
content-length: 14

00:39:51.002 [AsyncHttpClient-1-2] DEBUG org.asynchttpclient.netty.channel.ChannelManager - Adding key: http://localhost:50604 for channel [id: 0x95d8661a, L:/127.0.0.1:51036 - R:localhost/127.0.0.1:50604]
00:39:51.007 [Forwarding isElementEnabled on session b8c10b3eeb2db853141801277586c1f9 to remote] DEBUG org.asynchttpclient.netty.request.NettyRequestSender - Using pooled Channel '[id: 0x95d8661a, L:/127.0.0.1:51036 - R:localhost/127.0.0.1:50604]' for 'GET' to 'http://localhost:50604/session/b8c10b3eeb2db853141801277586c1f9/element/73848aeb-d83c-4d5a-8422-daec9bb7d649/enabled'
00:39:51.007 [Forwarding isElementEnabled on session b8c10b3eeb2db853141801277586c1f9 to remote] DEBUG org.asynchttpclient.netty.request.NettyRequestSender - Using open Channel [id: 0x95d8661a, L:/127.0.0.1:51036 - R:localhost/127.0.0.1:50604] for GET '/session/b8c10b3eeb2db853141801277586c1f9/element/73848aeb-d83c-4d5a-8422-daec9bb7d649/enabled'
00:39:51.013 [AsyncHttpClient-1-2] DEBUG org.asynchttpclient.netty.handler.HttpHandler - 

Request DefaultFullHttpRequest(decodeResult: success, version: HTTP/1.1, content: EmptyByteBufBE)
GET /session/b8c10b3eeb2db853141801277586c1f9/element/73848aeb-d83c-4d5a-8422-daec9bb7d649/enabled HTTP/1.1
User-Agent: selenium/4.1.2 (java windows)
Cache-Control: no-cache
Content-Type: application/json; charset=utf-8
host: localhost:50604
accept: */*

Response DefaultHttpResponse(decodeResult: success, version: HTTP/1.1)
HTTP/1.1 200 OK
Content-Type: application/json; charset=utf-8
cache-control: no-cache
content-length: 14

00:39:51.013 [AsyncHttpClient-1-2] DEBUG org.asynchttpclient.netty.channel.ChannelManager - Adding key: http://localhost:50604 for channel [id: 0x95d8661a, L:/127.0.0.1:51036 - R:localhost/127.0.0.1:50604]
00:39:51.015 [Forwarding findElement on session b8c10b3eeb2db853141801277586c1f9 to remote] DEBUG org.asynchttpclient.netty.request.NettyRequestSender - Using pooled Channel '[id: 0x95d8661a, L:/127.0.0.1:51036 - R:localhost/127.0.0.1:50604]' for 'POST' to 'http://localhost:50604/session/b8c10b3eeb2db853141801277586c1f9/element'
00:39:51.015 [Forwarding findElement on session b8c10b3eeb2db853141801277586c1f9 to remote] DEBUG org.asynchttpclient.netty.request.NettyRequestSender - Using open Channel [id: 0x95d8661a, L:/127.0.0.1:51036 - R:localhost/127.0.0.1:50604] for POST '/session/b8c10b3eeb2db853141801277586c1f9/element'
00:39:51.029 [AsyncHttpClient-1-2] DEBUG org.asynchttpclient.netty.handler.HttpHandler - 

Request DefaultHttpRequest(decodeResult: success, version: HTTP/1.1)
POST /session/b8c10b3eeb2db853141801277586c1f9/element HTTP/1.1
User-Agent: selenium/4.1.2 (java windows)
Content-Length: 108
Content-Type: application/json; charset=utf-8
host: localhost:50604
accept: */*

Response DefaultHttpResponse(decodeResult: success, version: HTTP/1.1)
HTTP/1.1 200 OK
Content-Type: application/json; charset=utf-8
cache-control: no-cache
content-length: 88

00:39:51.030 [AsyncHttpClient-1-2] DEBUG org.asynchttpclient.netty.channel.ChannelManager - Adding key: http://localhost:50604 for channel [id: 0x95d8661a, L:/127.0.0.1:51036 - R:localhost/127.0.0.1:50604]
00:39:51.032 [Forwarding clickElement on session b8c10b3eeb2db853141801277586c1f9 to remote] DEBUG org.asynchttpclient.netty.request.NettyRequestSender - Using pooled Channel '[id: 0x95d8661a, L:/127.0.0.1:51036 - R:localhost/127.0.0.1:50604]' for 'POST' to 'http://localhost:50604/session/b8c10b3eeb2db853141801277586c1f9/element/73848aeb-d83c-4d5a-8422-daec9bb7d649/click'
00:39:51.032 [Forwarding clickElement on session b8c10b3eeb2db853141801277586c1f9 to remote] DEBUG org.asynchttpclient.netty.request.NettyRequestSender - Using open Channel [id: 0x95d8661a, L:/127.0.0.1:51036 - R:localhost/127.0.0.1:50604] for POST '/session/b8c10b3eeb2db853141801277586c1f9/element/73848aeb-d83c-4d5a-8422-daec9bb7d649/click'
00:39:51.089 [AsyncHttpClient-1-2] DEBUG org.asynchttpclient.netty.handler.HttpHandler - 

Request DefaultHttpRequest(decodeResult: success, version: HTTP/1.1)
POST /session/b8c10b3eeb2db853141801277586c1f9/element/73848aeb-d83c-4d5a-8422-daec9bb7d649/click HTTP/1.1
User-Agent: selenium/4.1.2 (java windows)
Content-Length: 50
Content-Type: application/json; charset=utf-8
host: localhost:50604
accept: */*

Response DefaultHttpResponse(decodeResult: success, version: HTTP/1.1)
HTTP/1.1 200 OK
Content-Type: application/json; charset=utf-8
cache-control: no-cache
content-length: 14

00:39:51.089 [AsyncHttpClient-1-2] DEBUG org.asynchttpclient.netty.channel.ChannelManager - Adding key: http://localhost:50604 for channel [id: 0x95d8661a, L:/127.0.0.1:51036 - R:localhost/127.0.0.1:50604]
00:39:51.101 [Forwarding screenshot on session b8c10b3eeb2db853141801277586c1f9 to remote] DEBUG org.asynchttpclient.netty.request.NettyRequestSender - Using pooled Channel '[id: 0x95d8661a, L:/127.0.0.1:51036 - R:localhost/127.0.0.1:50604]' for 'GET' to 'http://localhost:50604/session/b8c10b3eeb2db853141801277586c1f9/screenshot'
00:39:51.101 [Forwarding screenshot on session b8c10b3eeb2db853141801277586c1f9 to remote] DEBUG org.asynchttpclient.netty.request.NettyRequestSender - Using open Channel [id: 0x95d8661a, L:/127.0.0.1:51036 - R:localhost/127.0.0.1:50604] for GET '/session/b8c10b3eeb2db853141801277586c1f9/screenshot'
00:39:51.586 [AsyncHttpClient-1-2] DEBUG org.asynchttpclient.netty.handler.HttpHandler - 

Request DefaultFullHttpRequest(decodeResult: success, version: HTTP/1.1, content: EmptyByteBufBE)
GET /session/b8c10b3eeb2db853141801277586c1f9/screenshot HTTP/1.1
User-Agent: selenium/4.1.2 (java windows)
Cache-Control: no-cache
Content-Type: application/json; charset=utf-8
host: localhost:50604
accept: */*

Response DefaultHttpResponse(decodeResult: success, version: HTTP/1.1)
HTTP/1.1 200 OK
Content-Type: application/json; charset=utf-8
cache-control: no-cache
content-length: 73680

00:39:51.589 [AsyncHttpClient-1-2] DEBUG org.asynchttpclient.netty.channel.ChannelManager - Adding key: http://localhost:50604 for channel [id: 0x95d8661a, L:/127.0.0.1:51036 - R:localhost/127.0.0.1:50604]
00:39:51.592 [main] DEBUG net.serenitybdd.core.photography.Darkroom - Send negative for processing for target\site\serenity\7a72f96c83aa6d1458cdf40aaca4678792ff29d55be48c9791bdb8faafdd3bf7.png
00:39:51.592 [main] DEBUG net.thucydides.core.steps.StepInterceptor - STEP DONE: shopChartButton
  &amp#27;[32mAnd &amp#27;[0m&amp#27;[32mI click chart button&amp#27;[0m                                         &amp#27;[90m# stepdefinitions.BuyProductsStep.iclickChartButton()&amp#27;[0m
00:39:51.592 [Darkroom Processing Line] DEBUG net.serenitybdd.core.photography.DarkroomProcessingLine - Processing screenshot image in /var/screenshots/screenshot-6876690299306790641
00:39:51.592 [Darkroom Processing Line] DEBUG net.serenitybdd.core.photography.DarkroomProcessingLine - Saving screenshot to target\site\serenity\7a72f96c83aa6d1458cdf40aaca4678792ff29d55be48c9791bdb8faafdd3bf7.png
00:39:51.597 [AsyncHttpClient-1-1] DEBUG org.asynchttpclient.netty.channel.DefaultChannelPool - Entry count for : http://localhost:50604 : 1
00:39:51.597 [AsyncHttpClient-1-1] DEBUG org.asynchttpclient.netty.channel.DefaultChannelPool - Entry count for : http://localhost:51037 : 1
00:39:51.612 [main] DEBUG net.thucydides.core.steps.StepInterceptor - STARTING STEP: BuyProductsStep.onOrderPageAndTheProductIsHere - chartIncreased
00:39:51.614 [Forwarding findElement on session b8c10b3eeb2db853141801277586c1f9 to remote] DEBUG org.asynchttpclient.netty.request.NettyRequestSender - Using pooled Channel '[id: 0x95d8661a, L:/127.0.0.1:51036 - R:localhost/127.0.0.1:50604]' for 'POST' to 'http://localhost:50604/session/b8c10b3eeb2db853141801277586c1f9/element'
00:39:51.614 [Forwarding findElement on session b8c10b3eeb2db853141801277586c1f9 to remote] DEBUG org.asynchttpclient.netty.request.NettyRequestSender - Using open Channel [id: 0x95d8661a, L:/127.0.0.1:51036 - R:localhost/127.0.0.1:50604] for POST '/session/b8c10b3eeb2db853141801277586c1f9/element'
00:39:51.628 [AsyncHttpClient-1-2] DEBUG org.asynchttpclient.netty.handler.HttpHandler - 

Request DefaultHttpRequest(decodeResult: success, version: HTTP/1.1)
POST /session/b8c10b3eeb2db853141801277586c1f9/element HTTP/1.1
User-Agent: selenium/4.1.2 (java windows)
Content-Length: 148
Content-Type: application/json; charset=utf-8
host: localhost:50604
accept: */*

Response DefaultHttpResponse(decodeResult: success, version: HTTP/1.1)
HTTP/1.1 200 OK
Content-Type: application/json; charset=utf-8
cache-control: no-cache
content-length: 88

00:39:51.628 [AsyncHttpClient-1-2] DEBUG org.asynchttpclient.netty.channel.ChannelManager - Adding key: http://localhost:50604 for channel [id: 0x95d8661a, L:/127.0.0.1:51036 - R:localhost/127.0.0.1:50604]
00:39:51.641 [Forwarding isElementDisplayed on session b8c10b3eeb2db853141801277586c1f9 to remote] DEBUG org.asynchttpclient.netty.request.NettyRequestSender - Using pooled Channel '[id: 0x95d8661a, L:/127.0.0.1:51036 - R:localhost/127.0.0.1:50604]' for 'POST' to 'http://localhost:50604/session/b8c10b3eeb2db853141801277586c1f9/execute/sync'
00:39:51.641 [Forwarding isElementDisplayed on session b8c10b3eeb2db853141801277586c1f9 to remote] DEBUG org.asynchttpclient.netty.request.NettyRequestSender - Using open Channel [id: 0x95d8661a, L:/127.0.0.1:51036 - R:localhost/127.0.0.1:50604] for POST '/session/b8c10b3eeb2db853141801277586c1f9/execute/sync'
00:39:51.660 [AsyncHttpClient-1-2] DEBUG org.asynchttpclient.netty.handler.HttpHandler - 

Request DefaultHttpRequest(decodeResult: success, version: HTTP/1.1)
POST /session/b8c10b3eeb2db853141801277586c1f9/execute/sync HTTP/1.1
User-Agent: selenium/4.1.2 (java windows)
Content-Length: 48780
Content-Type: application/json; charset=utf-8
host: localhost:50604
accept: */*

Response DefaultHttpResponse(decodeResult: success, version: HTTP/1.1)
HTTP/1.1 200 OK
Content-Type: application/json; charset=utf-8
cache-control: no-cache
content-length: 14

00:39:51.660 [AsyncHttpClient-1-2] DEBUG org.asynchttpclient.netty.channel.ChannelManager - Adding key: http://localhost:50604 for channel [id: 0x95d8661a, L:/127.0.0.1:51036 - R:localhost/127.0.0.1:50604]
00:39:51.668 [Forwarding screenshot on session b8c10b3eeb2db853141801277586c1f9 to remote] DEBUG org.asynchttpclient.netty.request.NettyRequestSender - Using pooled Channel '[id: 0x95d8661a, L:/127.0.0.1:51036 - R:localhost/127.0.0.1:50604]' for 'GET' to 'http://localhost:50604/session/b8c10b3eeb2db853141801277586c1f9/screenshot'
00:39:51.668 [Forwarding screenshot on session b8c10b3eeb2db853141801277586c1f9 to remote] DEBUG org.asynchttpclient.netty.request.NettyRequestSender - Using open Channel [id: 0x95d8661a, L:/127.0.0.1:51036 - R:localhost/127.0.0.1:50604] for GET '/session/b8c10b3eeb2db853141801277586c1f9/screenshot'
00:39:51.853 [AsyncHttpClient-1-2] DEBUG org.asynchttpclient.netty.handler.HttpHandler - 

Request DefaultFullHttpRequest(decodeResult: success, version: HTTP/1.1, content: EmptyByteBufBE)
GET /session/b8c10b3eeb2db853141801277586c1f9/screenshot HTTP/1.1
User-Agent: selenium/4.1.2 (java windows)
Cache-Control: no-cache
Content-Type: application/json; charset=utf-8
host: localhost:50604
accept: */*

Response DefaultHttpResponse(decodeResult: success, version: HTTP/1.1)
HTTP/1.1 200 OK
Content-Type: application/json; charset=utf-8
cache-control: no-cache
content-length: 73080

00:39:51.855 [AsyncHttpClient-1-2] DEBUG org.asynchttpclient.netty.channel.ChannelManager - Adding key: http://localhost:50604 for channel [id: 0x95d8661a, L:/127.0.0.1:51036 - R:localhost/127.0.0.1:50604]
00:39:51.859 [main] DEBUG net.serenitybdd.core.photography.Darkroom - Send negative for processing for target\site\serenity\9632812768cd3c14c9a237232380c161c5e88628ae8f1efdaa86c8b0664debc4.png
00:39:51.859 [main] DEBUG net.thucydides.core.steps.StepInterceptor - STEP DONE: chartIncreased
  &amp#27;[32mThen &amp#27;[0m&amp#27;[32mI on order page and The product I bought it is here&amp#27;[0m         &amp#27;[90m# stepdefinitions.BuyProductsStep.onOrderPageAndTheProductIsHere()&amp#27;[0m
00:39:51.862 [Darkroom Processing Line] DEBUG net.serenitybdd.core.photography.DarkroomProcessingLine - Processing screenshot image in /var/screenshots/screenshot-5362884668245296210
00:39:51.862 [Darkroom Processing Line] DEBUG net.serenitybdd.core.photography.DarkroomProcessingLine - Saving screenshot to target\site\serenity\9632812768cd3c14c9a237232380c161c5e88628ae8f1efdaa86c8b0664debc4.png
00:39:51.876 [main] INFO  - 
  _____   ___   ___   _____     ___     _     ___   ___   ___   ___  
 |_   _| | __| / __| |_   _|   | _ \   /_\   / __| / __| | __| |   \ 
   | |   | _|  \__ \   | |     |  _/  / _ \  \__ \ \__ \ | _|  | |) |
   |_|   |___| |___/   |_|     |_|   /_/ \_\ |___/ |___/ |___| |___/ 

As a user, i have able to buy a product and add to chart
----------------------------------------------------------------------
00:39:52.044 [Driver Command Executor] DEBUG org.asynchttpclient.netty.request.NettyRequestSender - Using pooled Channel '[id: 0x95d8661a, L:/127.0.0.1:51036 - R:localhost/127.0.0.1:50604]' for 'DELETE' to 'http://localhost:50604/session/b8c10b3eeb2db853141801277586c1f9'
00:39:52.044 [Driver Command Executor] DEBUG org.asynchttpclient.netty.request.NettyRequestSender - Using open Channel [id: 0x95d8661a, L:/127.0.0.1:51036 - R:localhost/127.0.0.1:50604] for DELETE '/session/b8c10b3eeb2db853141801277586c1f9'
00:39:52.045 [AsyncHttpClient-1-4] DEBUG org.asynchttpclient.netty.handler.WebSocketHandler - Channel Closed: [id: 0x5dd3b14f, L:/127.0.0.1:51046 ! R:localhost/127.0.0.1:51037] with attribute NettyResponseFuture{currentRetry=5,
	isDone=1,
	isCancelled=0,
	asyncHandler=org.asynchttpclient.ws.WebSocketUpgradeHandler@249e31d9,
	nettyRequest=org.asynchttpclient.netty.request.NettyRequest@220a3b87,
	future=java.util.concurrent.CompletableFuture@41e4ee43[Completed normally],
	uri=ws://localhost:51037/devtools/browser/5b29fbeb-d94d-4185-9d18-fe48ed3fb85d,
	keepAlive=true,
	redirectCount=0,
	timeoutsHolder=null,
	inAuth=0,
	touch=1652463578492}
00:39:52.046 [AsyncHttpClient-1-4] DEBUG org.asynchttpclient.netty.channel.ChannelManager - Closing Channel [id: 0x5dd3b14f, L:/127.0.0.1:51046 ! R:localhost/127.0.0.1:51037] 
00:39:52.136 [AsyncHttpClient-1-3] DEBUG org.asynchttpclient.netty.handler.HttpHandler - Unexpected I/O exception on channel [id: 0x34603d23, L:/127.0.0.1:51045 - R:localhost/127.0.0.1:51037]
java.io.IOException: An existing connection was forcibly closed by the remote host
	at java.base/sun.nio.ch.SocketDispatcher.read0(Native Method)
	at java.base/sun.nio.ch.SocketDispatcher.read(SocketDispatcher.java:43)
	at java.base/sun.nio.ch.IOUtil.readIntoNativeBuffer(IOUtil.java:276)
	at java.base/sun.nio.ch.IOUtil.read(IOUtil.java:233)
	at java.base/sun.nio.ch.IOUtil.read(IOUtil.java:223)
	at java.base/sun.nio.ch.SocketChannelImpl.read(SocketChannelImpl.java:358)
	at io.netty.buffer.PooledByteBuf.setBytes(PooledByteBuf.java:258)
	at io.netty.buffer.AbstractByteBuf.writeBytes(AbstractByteBuf.java:1132)
	at io.netty.channel.socket.nio.NioSocketChannel.doReadBytes(NioSocketChannel.java:350)
	at io.netty.channel.nio.AbstractNioByteChannel$NioByteUnsafe.read(AbstractNioByteChannel.java:151)
	at io.netty.channel.nio.NioEventLoop.processSelectedKey(NioEventLoop.java:722)
	at io.netty.channel.nio.NioEventLoop.processSelectedKeysOptimized(NioEventLoop.java:658)
	at io.netty.channel.nio.NioEventLoop.processSelectedKeys(NioEventLoop.java:584)
	at io.netty.channel.nio.NioEventLoop.run(NioEventLoop.java:496)
	at io.netty.util.concurrent.SingleThreadEventExecutor$4.run(SingleThreadEventExecutor.java:986)
	at io.netty.util.internal.ThreadExecutorMap$2.run(ThreadExecutorMap.java:74)
	at io.netty.util.concurrent.FastThreadLocalRunnable.run(FastThreadLocalRunnable.java:30)
	at java.base/java.lang.Thread.run(Thread.java:834)
00:39:52.137 [AsyncHttpClient-1-3] DEBUG org.asynchttpclient.netty.channel.ChannelManager - Closing Channel [id: 0x34603d23, L:/127.0.0.1:51045 - R:localhost/127.0.0.1:51037] 
00:39:52.140 [AsyncHttpClient-1-3] DEBUG org.asynchttpclient.netty.handler.HttpHandler - Channel Closed: [id: 0x34603d23, L:/127.0.0.1:51045 ! R:localhost/127.0.0.1:51037] with attribute DISCARD
00:39:52.198 [AsyncHttpClient-1-2] DEBUG org.asynchttpclient.netty.handler.HttpHandler - 

Request DefaultFullHttpRequest(decodeResult: success, version: HTTP/1.1, content: EmptyByteBufBE)
DELETE /session/b8c10b3eeb2db853141801277586c1f9 HTTP/1.1
User-Agent: selenium/4.1.2 (java windows)
Content-Type: application/json; charset=utf-8
host: localhost:50604
accept: */*

Response DefaultHttpResponse(decodeResult: success, version: HTTP/1.1)
HTTP/1.1 200 OK
Content-Type: application/json; charset=utf-8
cache-control: no-cache
content-length: 14

00:39:52.199 [AsyncHttpClient-1-2] DEBUG org.asynchttpclient.netty.channel.ChannelManager - Adding key: http://localhost:50604 for channel [id: 0x95d8661a, L:/127.0.0.1:51036 - R:localhost/127.0.0.1:50604]
00:39:52.341 [AsyncHttpClient-1-2] DEBUG org.asynchttpclient.netty.handler.HttpHandler - Channel Closed: [id: 0x95d8661a, L:/127.0.0.1:51036 ! R:localhost/127.0.0.1:50604] with attribute DISCARD
00:39:52.696 [AsyncHttpClient-1-1] DEBUG org.asynchttpclient.netty.channel.DefaultChannelPool - Entry count for : http://localhost:50604 : 1
00:39:52.696 [AsyncHttpClient-1-1] DEBUG org.asynchttpclient.netty.channel.DefaultChannelPool - Entry count for : http://localhost:51037 : 1
00:39:52.696 [AsyncHttpClient-1-1] DEBUG org.asynchttpclient.netty.channel.DefaultChannelPool - Adding Candidate expired Channel [id: 0x95d8661a, L:/127.0.0.1:51036 ! R:localhost/127.0.0.1:50604] isIdleTimeoutExpired=false isRemotelyClosed=true isTtlExpired=false
00:39:52.696 [AsyncHttpClient-1-1] DEBUG org.asynchttpclient.netty.channel.DefaultChannelPool - Closing Idle Channel [id: 0x95d8661a, L:/127.0.0.1:51036 ! R:localhost/127.0.0.1:50604]
00:39:52.696 [AsyncHttpClient-1-1] DEBUG org.asynchttpclient.netty.channel.DefaultChannelPool - Adding Candidate expired Channel [id: 0x34603d23, L:/127.0.0.1:51045 ! R:localhost/127.0.0.1:51037] isIdleTimeoutExpired=false isRemotelyClosed=true isTtlExpired=false
00:39:52.697 [AsyncHttpClient-1-1] DEBUG org.asynchttpclient.netty.channel.DefaultChannelPool - Closing Idle Channel [id: 0x34603d23, L:/127.0.0.1:51045 ! R:localhost/127.0.0.1:51037]
00:39:52.697 [AsyncHttpClient-1-1] DEBUG org.asynchttpclient.netty.channel.DefaultChannelPool - Closed 2 connections out of 2 in 1 ms
]]></system-out>
    <system-err><![CDATA[Starting ChromeDriver 101.0.4951.41 (93c720db8323b3ec10d056025ab95c23a31997c9-refs/branch-heads/4951@{#904}) on port 50604
Only local connections are allowed.
Please see https://chromedriver.chromium.org/security-considerations for suggestions on keeping ChromeDriver safe.
ChromeDriver was started successfully.
May 14, 2022 12:39:38 AM org.openqa.selenium.remote.ProtocolHandshake createSession
INFO: Detected dialect: W3C
May 14, 2022 12:39:38 AM org.openqa.selenium.devtools.CdpVersionFinder findNearestMatch
WARNING: Unable to find an exact match for CDP version 101, so returning the closest version found: 97
May 14, 2022 12:39:38 AM org.openqa.selenium.devtools.CdpVersionFinder findNearestMatch
INFO: Found CDP implementation for version 101 of 97
]]></system-err>
  </testcase>
  <testcase name="As a user, i have not able to buy a product and add to chart" classname="Buy Product" time="0.127">
    <system-out><![CDATA[
Scenario: As a user, i have not able to buy a product and add to chart &amp#27;[90m# src/test/resources/features/BuyProducts.feature:14&amp#27;[0m
00:39:52.895 [main] INFO io.cucumber.core.plugin.SerenityReporter - Running feature from file:///D:/Mini%20Project-QE%20Alta/Web%20Automation/FrontEnd-AltaShop/src/test/resources/features/BuyProducts.feature
00:39:52.899 [main] INFO  - 
  _____   ___   ___   _____     ___   _____     _     ___   _____   ___   ___  
 |_   _| | __| / __| |_   _|   / __| |_   _|   /_\   | _ \ |_   _| | __| |   \ 
   | |   | _|  \__ \   | |     \__ \   | |    / _ \  |   /   | |   | _|  | |) |
   |_|   |___| |___/   |_|     |___/   |_|   /_/ \_\ |_|_\   |_|   |___| |___/ 

As a user, i have not able to buy a product and add to chart(buy-product;as-a-user--i-have-not-able-to-buy-a-product-and-add-to-chart)
--------------------------------------------------------------------------------
00:39:52.932 [main] DEBUG net.thucydides.core.steps.StepInterceptor - STARTING STEP: BuyProductsStep.iAmAtHomePage - validateOnHomePage
00:39:52.936 [main] DEBUG net.thucydides.core.steps.StepInterceptor - STEP DONE: validateOnHomePage
  &amp#27;[32mGiven &amp#27;[0m&amp#27;[32m&amp#27;[0m&amp#27;[32m&amp#27;[1mI&amp#27;[0m&amp#27;[32m am at home page&amp#27;[0m                                              &amp#27;[90m# stepdefinitions.BuyProductsStep.iAmAtHomePage(java.lang.String)&amp#27;[0m
00:39:52.955 [main] DEBUG net.thucydides.core.steps.StepInterceptor - STARTING STEP: BuyProductsStep.iBeliTensiDarah - buyTensiDarah
00:39:52.961 [main] DEBUG net.thucydides.core.steps.StepInterceptor - STEP DONE: buyTensiDarah
  &amp#27;[32mWhen &amp#27;[0m&amp#27;[32mFirst I click beli button on &amp#27;[0m&amp#27;[32m&amp#27;[1mTensi Darah Eelktrik&amp#27;[0m               &amp#27;[90m# stepdefinitions.BuyProductsStep.iBeliTensiDarah(java.lang.String)&amp#27;[0m
00:39:52.969 [main] DEBUG net.thucydides.core.steps.StepInterceptor - STARTING STEP: BuyProductsStep.iBeliCamera - buyCamera
00:39:52.975 [main] DEBUG net.thucydides.core.steps.StepInterceptor - STEP DONE: buyCamera
  &amp#27;[32mAnd &amp#27;[0m&amp#27;[32mSecond I click beli button on &amp#27;[0m&amp#27;[32m&amp#27;[1mCamera&amp#27;[0m                             &amp#27;[90m# stepdefinitions.BuyProductsStep.iBeliCamera(java.lang.String)&amp#27;[0m
00:39:52.981 [main] DEBUG net.thucydides.core.steps.StepInterceptor - STARTING STEP: BuyProductsStep.iBeliCincinEmas - buyCincinEmas
00:39:52.984 [main] DEBUG net.thucydides.core.steps.StepInterceptor - STEP DONE: buyCincinEmas
  &amp#27;[32mAnd &amp#27;[0m&amp#27;[32mThird I click beli button on &amp#27;[0m&amp#27;[32m&amp#27;[1mCincin Emas&amp#27;[0m                         &amp#27;[90m# stepdefinitions.BuyProductsStep.iBeliCincinEmas(java.lang.String)&amp#27;[0m
00:39:52.992 [main] DEBUG net.thucydides.core.steps.StepInterceptor - STARTING STEP: BuyProductsStep.numberOfChartincreased - chartIncreased
00:39:52.995 [main] DEBUG net.thucydides.core.steps.StepInterceptor - STEP DONE: chartIncreased
  &amp#27;[32mThen &amp#27;[0m&amp#27;[32mThe number of chart increased&amp#27;[0m                                   &amp#27;[90m# stepdefinitions.BuyProductsStep.numberOfChartincreased()&amp#27;[0m
00:39:52.999 [main] INFO  - 
  _____   ___   ___   _____     ___     _     ___   ___   ___   ___  
 |_   _| | __| / __| |_   _|   | _ \   /_\   / __| / __| | __| |   \ 
   | |   | _|  \__ \   | |     |  _/  / _ \  \__ \ \__ \ | _|  | |) |
   |_|   |___| |___/   |_|     |_|   /_/ \_\ |___/ |___/ |___| |___/ 

As a user, i have not able to buy a product and add to chart
----------------------------------------------------------------------
]]></system-out>
  </testcase>
  <testcase name="As a user, i can see details product and give rating" classname="Homepage" time="12.647">
    <system-out><![CDATA[00:39:53.005 [main] INFO io.cucumber.core.plugin.SerenityReporter - Running feature from file:///D:/Mini%20Project-QE%20Alta/Web%20Automation/FrontEnd-AltaShop/src/test/resources/features/Homepage.feature
00:39:53.013 [main] DEBUG net.thucydides.core.steps.StepEventBus - Test suite started for story net.thucydides.core.model.Story@2c76fee8
00:39:53.014 [main] INFO  - Test Suite Started: Homepage

Scenario: As a user, i can see details product and give rating &amp#27;[90m# src/test/resources/features/Homepage.feature:3&amp#27;[0m
00:39:53.030 [main] INFO io.cucumber.core.plugin.SerenityReporter - Running feature from file:///D:/Mini%20Project-QE%20Alta/Web%20Automation/FrontEnd-AltaShop/src/test/resources/features/Homepage.feature
00:39:53.033 [main] INFO  - 
  _____   ___   ___   _____     ___   _____     _     ___   _____   ___   ___  
 |_   _| | __| / __| |_   _|   / __| |_   _|   /_\   | _ \ |_   _| | __| |   \ 
   | |   | _|  \__ \   | |     \__ \   | |    / _ \  |   /   | |   | _|  | |) |
   |_|   |___| |___/   |_|     |___/   |_|   /_/ \_\ |_|_\   |_|   |___| |___/ 

As a user, i can see details product and give rating(homepage;as-a-user--i-can-see-details-product-and-give-rating)
--------------------------------------------------------------------------------
00:39:53.045 [main] INFO net.serenitybdd.core.webdriver.driverproviders.ChromeDriverProvider - Using automatically driver download
00:39:53.179 [main] DEBUG io.github.bonigarcia.wdm.cache.ResolutionCache - Resolution chrome=101 in cache (valid until 01:39:29 14/05/2022 ICT)
00:39:53.189 [main] DEBUG io.github.bonigarcia.wdm.cache.ResolutionCache - Resolution chrome101=101.0.4951.41 in cache (valid until 18:09:12 14/05/2022 ICT)
00:39:53.192 [main] INFO io.github.bonigarcia.wdm.WebDriverManager - Using chromedriver 101.0.4951.41 (resolved driver for Chrome 101)
00:39:53.218 [main] DEBUG io.github.bonigarcia.wdm.WebDriverManager - Driver chromedriver 101.0.4951.41 found in cache
00:39:53.220 [main] INFO io.github.bonigarcia.wdm.WebDriverManager - Exporting webdriver.chrome.driver as C:\Users\Siti Nurlatipah\.cache\selenium\chromedriver\win32\101.0.4951.41\chromedriver.exe
00:39:53.508 [main] DEBUG net.serenitybdd.core.webdriver.driverproviders.ProvideNewDriver - Instantiating driver
00:39:53.508 [main] DEBUG net.serenitybdd.core.webdriver.driverproviders.ProvideNewDriver - Driver capabilities: Capabilities {acceptInsecureCerts: false, base.url: https://qa.alta.id, browserName: chrome, chrome.driver: src/test/resources/webdrive..., driver: chrome, goog:chromeOptions: {args: [], extensions: []}}
00:39:54.069 [AsyncHttpClient-1-5] DEBUG org.asynchttpclient.netty.channel.NettyConnectListener - Using new Channel '[id: 0x6fb70381, L:/127.0.0.1:51096 - R:localhost/127.0.0.1:63771]' for 'POST' to '/session'
00:39:55.262 [AsyncHttpClient-1-5] DEBUG org.asynchttpclient.netty.handler.HttpHandler - 

Request DefaultHttpRequest(decodeResult: success, version: HTTP/1.1)
POST /session HTTP/1.1
User-Agent: selenium/4.1.2 (java windows)
Content-Length: 595
Content-Type: application/json; charset=utf-8
host: localhost:63771
accept: */*

Response DefaultHttpResponse(decodeResult: success, version: HTTP/1.1)
HTTP/1.1 200 OK
Content-Type: application/json; charset=utf-8
cache-control: no-cache
content-length: 793

00:39:55.262 [AsyncHttpClient-1-5] DEBUG org.asynchttpclient.netty.channel.ChannelManager - Adding key: http://localhost:63771 for channel [id: 0x6fb70381, L:/127.0.0.1:51096 - R:localhost/127.0.0.1:63771]
00:39:55.281 [AsyncHttpClient-1-6] DEBUG org.asynchttpclient.netty.channel.NettyConnectListener - Using new Channel '[id: 0x3cd4ec9d, L:/127.0.0.1:51110 - R:localhost/127.0.0.1:51097]' for 'GET' to '/json/version'
00:39:55.289 [AsyncHttpClient-1-6] DEBUG org.asynchttpclient.netty.handler.HttpHandler - 

Request DefaultFullHttpRequest(decodeResult: success, version: HTTP/1.1, content: EmptyByteBufBE)
GET /json/version HTTP/1.1
User-Agent: selenium/4.1.2 (java windows)
host: localhost:51097
accept: */*

Response DefaultHttpResponse(decodeResult: success, version: HTTP/1.1)
HTTP/1.1 200 OK
Content-Type: application/json; charset=UTF-8
content-length: 427

00:39:55.290 [AsyncHttpClient-1-6] DEBUG org.asynchttpclient.netty.channel.ChannelManager - Adding key: http://localhost:51097 for channel [id: 0x3cd4ec9d, L:/127.0.0.1:51110 - R:localhost/127.0.0.1:51097]
00:39:55.297 [AsyncHttpClient-1-7] DEBUG org.asynchttpclient.netty.channel.NettyConnectListener - Using new Channel '[id: 0x38def24c, L:/127.0.0.1:51111 - R:localhost/127.0.0.1:51097]' for 'GET' to '/devtools/browser/fcbdf8be-4494-41ec-8a24-4ca705f03462'
00:39:55.305 [AsyncHttpClient-1-7] DEBUG org.asynchttpclient.netty.handler.WebSocketHandler - 

Request DefaultFullHttpRequest(decodeResult: success, version: HTTP/1.1, content: EmptyByteBufBE)
GET /devtools/browser/fcbdf8be-4494-41ec-8a24-4ca705f03462 HTTP/1.1
upgrade: websocket
connection: upgrade
sec-websocket-key: xx2RoALhYhk9tPR3WvpBsw==
sec-websocket-version: 13
origin: http://localhost:51097
host: localhost:51097
accept: */*
user-agent: AHC/2.1

Response DefaultHttpResponse(decodeResult: success, version: HTTP/1.1)
HTTP/1.1 101 WebSocket Protocol Handshake
Upgrade: WebSocket
Connection: Upgrade
Sec-WebSocket-Accept: xK5n2nOwCCTbW9xxz0b+Ur3elcQ=

00:39:55.319 [Forwarding get on session 7c817c437fa0315c21388a234b8d9be9 to remote] DEBUG org.asynchttpclient.netty.request.NettyRequestSender - Using pooled Channel '[id: 0x6fb70381, L:/127.0.0.1:51096 - R:localhost/127.0.0.1:63771]' for 'POST' to 'http://localhost:63771/session/7c817c437fa0315c21388a234b8d9be9/url'
00:39:55.319 [Forwarding get on session 7c817c437fa0315c21388a234b8d9be9 to remote] DEBUG org.asynchttpclient.netty.request.NettyRequestSender - Using open Channel [id: 0x6fb70381, L:/127.0.0.1:51096 - R:localhost/127.0.0.1:63771] for POST '/session/7c817c437fa0315c21388a234b8d9be9/url'
00:39:56.007 [AsyncHttpClient-1-1] DEBUG org.asynchttpclient.netty.channel.DefaultChannelPool - Entry count for : http://localhost:51097 : 1
00:39:57.096 [AsyncHttpClient-1-1] DEBUG org.asynchttpclient.netty.channel.DefaultChannelPool - Entry count for : http://localhost:51097 : 1
00:39:58.001 [AsyncHttpClient-1-5] DEBUG org.asynchttpclient.netty.handler.HttpHandler - 

Request DefaultHttpRequest(decodeResult: success, version: HTTP/1.1)
POST /session/7c817c437fa0315c21388a234b8d9be9/url HTTP/1.1
User-Agent: selenium/4.1.2 (java windows)
Content-Length: 43
Content-Type: application/json; charset=utf-8
host: localhost:63771
accept: */*

Response DefaultHttpResponse(decodeResult: success, version: HTTP/1.1)
HTTP/1.1 200 OK
Content-Type: application/json; charset=utf-8
cache-control: no-cache
content-length: 14

00:39:58.001 [AsyncHttpClient-1-5] DEBUG org.asynchttpclient.netty.channel.ChannelManager - Adding key: http://localhost:63771 for channel [id: 0x6fb70381, L:/127.0.0.1:51096 - R:localhost/127.0.0.1:63771]
00:39:58.007 [Forwarding setTimeout on session 7c817c437fa0315c21388a234b8d9be9 to remote] DEBUG org.asynchttpclient.netty.request.NettyRequestSender - Using pooled Channel '[id: 0x6fb70381, L:/127.0.0.1:51096 - R:localhost/127.0.0.1:63771]' for 'POST' to 'http://localhost:63771/session/7c817c437fa0315c21388a234b8d9be9/timeouts'
00:39:58.007 [Forwarding setTimeout on session 7c817c437fa0315c21388a234b8d9be9 to remote] DEBUG org.asynchttpclient.netty.request.NettyRequestSender - Using open Channel [id: 0x6fb70381, L:/127.0.0.1:51096 - R:localhost/127.0.0.1:63771] for POST '/session/7c817c437fa0315c21388a234b8d9be9/timeouts'
00:39:58.009 [AsyncHttpClient-1-5] DEBUG org.asynchttpclient.netty.handler.HttpHandler - 

Request DefaultHttpRequest(decodeResult: success, version: HTTP/1.1)
POST /session/7c817c437fa0315c21388a234b8d9be9/timeouts HTTP/1.1
User-Agent: selenium/4.1.2 (java windows)
Content-Length: 22
Content-Type: application/json; charset=utf-8
host: localhost:63771
accept: */*

Response DefaultHttpResponse(decodeResult: success, version: HTTP/1.1)
HTTP/1.1 200 OK
Content-Type: application/json; charset=utf-8
cache-control: no-cache
content-length: 14

00:39:58.009 [AsyncHttpClient-1-5] DEBUG org.asynchttpclient.netty.channel.ChannelManager - Adding key: http://localhost:63771 for channel [id: 0x6fb70381, L:/127.0.0.1:51096 - R:localhost/127.0.0.1:63771]
00:39:58.011 [Forwarding getCurrentUrl on session 7c817c437fa0315c21388a234b8d9be9 to remote] DEBUG org.asynchttpclient.netty.request.NettyRequestSender - Using pooled Channel '[id: 0x6fb70381, L:/127.0.0.1:51096 - R:localhost/127.0.0.1:63771]' for 'GET' to 'http://localhost:63771/session/7c817c437fa0315c21388a234b8d9be9/url'
00:39:58.011 [Forwarding getCurrentUrl on session 7c817c437fa0315c21388a234b8d9be9 to remote] DEBUG org.asynchttpclient.netty.request.NettyRequestSender - Using open Channel [id: 0x6fb70381, L:/127.0.0.1:51096 - R:localhost/127.0.0.1:63771] for GET '/session/7c817c437fa0315c21388a234b8d9be9/url'
00:39:58.015 [AsyncHttpClient-1-5] DEBUG org.asynchttpclient.netty.handler.HttpHandler - 

Request DefaultFullHttpRequest(decodeResult: success, version: HTTP/1.1, content: EmptyByteBufBE)
GET /session/7c817c437fa0315c21388a234b8d9be9/url HTTP/1.1
User-Agent: selenium/4.1.2 (java windows)
Cache-Control: no-cache
Content-Type: application/json; charset=utf-8
host: localhost:63771
accept: */*

Response DefaultHttpResponse(decodeResult: success, version: HTTP/1.1)
HTTP/1.1 200 OK
Content-Type: application/json; charset=utf-8
cache-control: no-cache
content-length: 31

00:39:58.016 [AsyncHttpClient-1-5] DEBUG org.asynchttpclient.netty.channel.ChannelManager - Adding key: http://localhost:63771 for channel [id: 0x6fb70381, L:/127.0.0.1:51096 - R:localhost/127.0.0.1:63771]
00:39:58.018 [Forwarding getCurrentUrl on session 7c817c437fa0315c21388a234b8d9be9 to remote] DEBUG org.asynchttpclient.netty.request.NettyRequestSender - Using pooled Channel '[id: 0x6fb70381, L:/127.0.0.1:51096 - R:localhost/127.0.0.1:63771]' for 'GET' to 'http://localhost:63771/session/7c817c437fa0315c21388a234b8d9be9/url'
00:39:58.018 [Forwarding getCurrentUrl on session 7c817c437fa0315c21388a234b8d9be9 to remote] DEBUG org.asynchttpclient.netty.request.NettyRequestSender - Using open Channel [id: 0x6fb70381, L:/127.0.0.1:51096 - R:localhost/127.0.0.1:63771] for GET '/session/7c817c437fa0315c21388a234b8d9be9/url'
00:39:58.024 [AsyncHttpClient-1-5] DEBUG org.asynchttpclient.netty.handler.HttpHandler - 

Request DefaultFullHttpRequest(decodeResult: success, version: HTTP/1.1, content: EmptyByteBufBE)
GET /session/7c817c437fa0315c21388a234b8d9be9/url HTTP/1.1
User-Agent: selenium/4.1.2 (java windows)
Cache-Control: no-cache
Content-Type: application/json; charset=utf-8
host: localhost:63771
accept: */*

Response DefaultHttpResponse(decodeResult: success, version: HTTP/1.1)
HTTP/1.1 200 OK
Content-Type: application/json; charset=utf-8
cache-control: no-cache
content-length: 31

00:39:58.024 [AsyncHttpClient-1-5] DEBUG org.asynchttpclient.netty.channel.ChannelManager - Adding key: http://localhost:63771 for channel [id: 0x6fb70381, L:/127.0.0.1:51096 - R:localhost/127.0.0.1:63771]
  &amp#27;[32mGiven &amp#27;[0m&amp#27;[32mI at homepage&amp#27;[0m                                          &amp#27;[90m# stepdefinitions.GiveRatingStep.iAtHomepage()&amp#27;[0m
00:39:58.029 [main] DEBUG net.serenitybdd.core.photography.Darkroom - Opening darkroom
00:39:58.029 [Darkroom Processing Line] DEBUG net.serenitybdd.core.photography.DarkroomProcessingLine - Darkroom processing line starting up
00:39:58.030 [Forwarding screenshot on session 7c817c437fa0315c21388a234b8d9be9 to remote] DEBUG org.asynchttpclient.netty.request.NettyRequestSender - Using pooled Channel '[id: 0x6fb70381, L:/127.0.0.1:51096 - R:localhost/127.0.0.1:63771]' for 'GET' to 'http://localhost:63771/session/7c817c437fa0315c21388a234b8d9be9/screenshot'
00:39:58.030 [Forwarding screenshot on session 7c817c437fa0315c21388a234b8d9be9 to remote] DEBUG org.asynchttpclient.netty.request.NettyRequestSender - Using open Channel [id: 0x6fb70381, L:/127.0.0.1:51096 - R:localhost/127.0.0.1:63771] for GET '/session/7c817c437fa0315c21388a234b8d9be9/screenshot'
00:39:58.197 [AsyncHttpClient-1-1] DEBUG org.asynchttpclient.netty.channel.DefaultChannelPool - Entry count for : http://localhost:51097 : 1
00:39:58.215 [AsyncHttpClient-1-5] DEBUG org.asynchttpclient.netty.handler.HttpHandler - 

Request DefaultFullHttpRequest(decodeResult: success, version: HTTP/1.1, content: EmptyByteBufBE)
GET /session/7c817c437fa0315c21388a234b8d9be9/screenshot HTTP/1.1
User-Agent: selenium/4.1.2 (java windows)
Cache-Control: no-cache
Content-Type: application/json; charset=utf-8
host: localhost:63771
accept: */*

Response DefaultHttpResponse(decodeResult: success, version: HTTP/1.1)
HTTP/1.1 200 OK
Content-Type: application/json; charset=utf-8
cache-control: no-cache
content-length: 37796

00:39:58.216 [AsyncHttpClient-1-5] DEBUG org.asynchttpclient.netty.channel.ChannelManager - Adding key: http://localhost:63771 for channel [id: 0x6fb70381, L:/127.0.0.1:51096 - R:localhost/127.0.0.1:63771]
00:39:58.223 [main] DEBUG net.serenitybdd.core.photography.Darkroom - Send negative for processing for target\site\serenity\e46ea28e07c6051b3d8d1dae5728af15910b282c8705dec627278d77ee0b0eb2.png
00:39:58.224 [Darkroom Processing Line] DEBUG net.serenitybdd.core.photography.DarkroomProcessingLine - Processing screenshot image in /var/screenshots/screenshot-9708563260047950441
00:39:58.224 [Darkroom Processing Line] DEBUG net.serenitybdd.core.photography.DarkroomProcessingLine - Saving screenshot to target\site\serenity\e46ea28e07c6051b3d8d1dae5728af15910b282c8705dec627278d77ee0b0eb2.png
00:39:58.233 [Forwarding findElement on session 7c817c437fa0315c21388a234b8d9be9 to remote] DEBUG org.asynchttpclient.netty.request.NettyRequestSender - Using pooled Channel '[id: 0x6fb70381, L:/127.0.0.1:51096 - R:localhost/127.0.0.1:63771]' for 'POST' to 'http://localhost:63771/session/7c817c437fa0315c21388a234b8d9be9/element'
00:39:58.233 [Forwarding findElement on session 7c817c437fa0315c21388a234b8d9be9 to remote] DEBUG org.asynchttpclient.netty.request.NettyRequestSender - Using open Channel [id: 0x6fb70381, L:/127.0.0.1:51096 - R:localhost/127.0.0.1:63771] for POST '/session/7c817c437fa0315c21388a234b8d9be9/element'
00:39:59.308 [AsyncHttpClient-1-1] DEBUG org.asynchttpclient.netty.channel.DefaultChannelPool - Entry count for : http://localhost:51097 : 1
00:40:00.404 [AsyncHttpClient-1-1] DEBUG org.asynchttpclient.netty.channel.DefaultChannelPool - Entry count for : http://localhost:51097 : 1
00:40:01.506 [AsyncHttpClient-1-1] DEBUG org.asynchttpclient.netty.channel.DefaultChannelPool - Entry count for : http://localhost:51097 : 1
00:40:01.909 [AsyncHttpClient-1-5] DEBUG org.asynchttpclient.netty.handler.HttpHandler - 

Request DefaultHttpRequest(decodeResult: success, version: HTTP/1.1)
POST /session/7c817c437fa0315c21388a234b8d9be9/element HTTP/1.1
User-Agent: selenium/4.1.2 (java windows)
Content-Length: 111
Content-Type: application/json; charset=utf-8
host: localhost:63771
accept: */*

Response DefaultHttpResponse(decodeResult: success, version: HTTP/1.1)
HTTP/1.1 200 OK
Content-Type: application/json; charset=utf-8
cache-control: no-cache
content-length: 88

00:40:01.909 [AsyncHttpClient-1-5] DEBUG org.asynchttpclient.netty.channel.ChannelManager - Adding key: http://localhost:63771 for channel [id: 0x6fb70381, L:/127.0.0.1:51096 - R:localhost/127.0.0.1:63771]
00:40:01.912 [Forwarding getElementTagName on session 7c817c437fa0315c21388a234b8d9be9 to remote] DEBUG org.asynchttpclient.netty.request.NettyRequestSender - Using pooled Channel '[id: 0x6fb70381, L:/127.0.0.1:51096 - R:localhost/127.0.0.1:63771]' for 'GET' to 'http://localhost:63771/session/7c817c437fa0315c21388a234b8d9be9/element/eedf4b86-c51e-4fb2-84e0-ae319f705156/name'
00:40:01.912 [Forwarding getElementTagName on session 7c817c437fa0315c21388a234b8d9be9 to remote] DEBUG org.asynchttpclient.netty.request.NettyRequestSender - Using open Channel [id: 0x6fb70381, L:/127.0.0.1:51096 - R:localhost/127.0.0.1:63771] for GET '/session/7c817c437fa0315c21388a234b8d9be9/element/eedf4b86-c51e-4fb2-84e0-ae319f705156/name'
00:40:01.916 [AsyncHttpClient-1-5] DEBUG org.asynchttpclient.netty.handler.HttpHandler - 

Request DefaultFullHttpRequest(decodeResult: success, version: HTTP/1.1, content: EmptyByteBufBE)
GET /session/7c817c437fa0315c21388a234b8d9be9/element/eedf4b86-c51e-4fb2-84e0-ae319f705156/name HTTP/1.1
User-Agent: selenium/4.1.2 (java windows)
Cache-Control: no-cache
Content-Type: application/json; charset=utf-8
host: localhost:63771
accept: */*

Response DefaultHttpResponse(decodeResult: success, version: HTTP/1.1)
HTTP/1.1 200 OK
Content-Type: application/json; charset=utf-8
cache-control: no-cache
content-length: 18

00:40:01.917 [AsyncHttpClient-1-5] DEBUG org.asynchttpclient.netty.channel.ChannelManager - Adding key: http://localhost:63771 for channel [id: 0x6fb70381, L:/127.0.0.1:51096 - R:localhost/127.0.0.1:63771]
00:40:01.918 [Forwarding getElementTagName on session 7c817c437fa0315c21388a234b8d9be9 to remote] DEBUG org.asynchttpclient.netty.request.NettyRequestSender - Using pooled Channel '[id: 0x6fb70381, L:/127.0.0.1:51096 - R:localhost/127.0.0.1:63771]' for 'GET' to 'http://localhost:63771/session/7c817c437fa0315c21388a234b8d9be9/element/eedf4b86-c51e-4fb2-84e0-ae319f705156/name'
00:40:01.918 [Forwarding getElementTagName on session 7c817c437fa0315c21388a234b8d9be9 to remote] DEBUG org.asynchttpclient.netty.request.NettyRequestSender - Using open Channel [id: 0x6fb70381, L:/127.0.0.1:51096 - R:localhost/127.0.0.1:63771] for GET '/session/7c817c437fa0315c21388a234b8d9be9/element/eedf4b86-c51e-4fb2-84e0-ae319f705156/name'
00:40:01.926 [AsyncHttpClient-1-5] DEBUG org.asynchttpclient.netty.handler.HttpHandler - 

Request DefaultFullHttpRequest(decodeResult: success, version: HTTP/1.1, content: EmptyByteBufBE)
GET /session/7c817c437fa0315c21388a234b8d9be9/element/eedf4b86-c51e-4fb2-84e0-ae319f705156/name HTTP/1.1
User-Agent: selenium/4.1.2 (java windows)
Cache-Control: no-cache
Content-Type: application/json; charset=utf-8
host: localhost:63771
accept: */*

Response DefaultHttpResponse(decodeResult: success, version: HTTP/1.1)
HTTP/1.1 200 OK
Content-Type: application/json; charset=utf-8
cache-control: no-cache
content-length: 18

00:40:01.926 [AsyncHttpClient-1-5] DEBUG org.asynchttpclient.netty.channel.ChannelManager - Adding key: http://localhost:63771 for channel [id: 0x6fb70381, L:/127.0.0.1:51096 - R:localhost/127.0.0.1:63771]
00:40:01.929 [Forwarding isElementEnabled on session 7c817c437fa0315c21388a234b8d9be9 to remote] DEBUG org.asynchttpclient.netty.request.NettyRequestSender - Using pooled Channel '[id: 0x6fb70381, L:/127.0.0.1:51096 - R:localhost/127.0.0.1:63771]' for 'GET' to 'http://localhost:63771/session/7c817c437fa0315c21388a234b8d9be9/element/eedf4b86-c51e-4fb2-84e0-ae319f705156/enabled'
00:40:01.929 [Forwarding isElementEnabled on session 7c817c437fa0315c21388a234b8d9be9 to remote] DEBUG org.asynchttpclient.netty.request.NettyRequestSender - Using open Channel [id: 0x6fb70381, L:/127.0.0.1:51096 - R:localhost/127.0.0.1:63771] for GET '/session/7c817c437fa0315c21388a234b8d9be9/element/eedf4b86-c51e-4fb2-84e0-ae319f705156/enabled'
00:40:01.938 [AsyncHttpClient-1-5] DEBUG org.asynchttpclient.netty.handler.HttpHandler - 

Request DefaultFullHttpRequest(decodeResult: success, version: HTTP/1.1, content: EmptyByteBufBE)
GET /session/7c817c437fa0315c21388a234b8d9be9/element/eedf4b86-c51e-4fb2-84e0-ae319f705156/enabled HTTP/1.1
User-Agent: selenium/4.1.2 (java windows)
Cache-Control: no-cache
Content-Type: application/json; charset=utf-8
host: localhost:63771
accept: */*

Response DefaultHttpResponse(decodeResult: success, version: HTTP/1.1)
HTTP/1.1 200 OK
Content-Type: application/json; charset=utf-8
cache-control: no-cache
content-length: 14

00:40:01.938 [AsyncHttpClient-1-5] DEBUG org.asynchttpclient.netty.channel.ChannelManager - Adding key: http://localhost:63771 for channel [id: 0x6fb70381, L:/127.0.0.1:51096 - R:localhost/127.0.0.1:63771]
00:40:01.940 [Forwarding isElementEnabled on session 7c817c437fa0315c21388a234b8d9be9 to remote] DEBUG org.asynchttpclient.netty.request.NettyRequestSender - Using pooled Channel '[id: 0x6fb70381, L:/127.0.0.1:51096 - R:localhost/127.0.0.1:63771]' for 'GET' to 'http://localhost:63771/session/7c817c437fa0315c21388a234b8d9be9/element/eedf4b86-c51e-4fb2-84e0-ae319f705156/enabled'
00:40:01.940 [Forwarding isElementEnabled on session 7c817c437fa0315c21388a234b8d9be9 to remote] DEBUG org.asynchttpclient.netty.request.NettyRequestSender - Using open Channel [id: 0x6fb70381, L:/127.0.0.1:51096 - R:localhost/127.0.0.1:63771] for GET '/session/7c817c437fa0315c21388a234b8d9be9/element/eedf4b86-c51e-4fb2-84e0-ae319f705156/enabled'
00:40:01.946 [AsyncHttpClient-1-5] DEBUG org.asynchttpclient.netty.handler.HttpHandler - 

Request DefaultFullHttpRequest(decodeResult: success, version: HTTP/1.1, content: EmptyByteBufBE)
GET /session/7c817c437fa0315c21388a234b8d9be9/element/eedf4b86-c51e-4fb2-84e0-ae319f705156/enabled HTTP/1.1
User-Agent: selenium/4.1.2 (java windows)
Cache-Control: no-cache
Content-Type: application/json; charset=utf-8
host: localhost:63771
accept: */*

Response DefaultHttpResponse(decodeResult: success, version: HTTP/1.1)
HTTP/1.1 200 OK
Content-Type: application/json; charset=utf-8
cache-control: no-cache
content-length: 14

00:40:01.946 [AsyncHttpClient-1-5] DEBUG org.asynchttpclient.netty.channel.ChannelManager - Adding key: http://localhost:63771 for channel [id: 0x6fb70381, L:/127.0.0.1:51096 - R:localhost/127.0.0.1:63771]
00:40:01.948 [Forwarding findElement on session 7c817c437fa0315c21388a234b8d9be9 to remote] DEBUG org.asynchttpclient.netty.request.NettyRequestSender - Using pooled Channel '[id: 0x6fb70381, L:/127.0.0.1:51096 - R:localhost/127.0.0.1:63771]' for 'POST' to 'http://localhost:63771/session/7c817c437fa0315c21388a234b8d9be9/element'
00:40:01.948 [Forwarding findElement on session 7c817c437fa0315c21388a234b8d9be9 to remote] DEBUG org.asynchttpclient.netty.request.NettyRequestSender - Using open Channel [id: 0x6fb70381, L:/127.0.0.1:51096 - R:localhost/127.0.0.1:63771] for POST '/session/7c817c437fa0315c21388a234b8d9be9/element'
00:40:01.964 [AsyncHttpClient-1-5] DEBUG org.asynchttpclient.netty.handler.HttpHandler - 

Request DefaultHttpRequest(decodeResult: success, version: HTTP/1.1)
POST /session/7c817c437fa0315c21388a234b8d9be9/element HTTP/1.1
User-Agent: selenium/4.1.2 (java windows)
Content-Length: 111
Content-Type: application/json; charset=utf-8
host: localhost:63771
accept: */*

Response DefaultHttpResponse(decodeResult: success, version: HTTP/1.1)
HTTP/1.1 200 OK
Content-Type: application/json; charset=utf-8
cache-control: no-cache
content-length: 88

00:40:01.965 [AsyncHttpClient-1-5] DEBUG org.asynchttpclient.netty.channel.ChannelManager - Adding key: http://localhost:63771 for channel [id: 0x6fb70381, L:/127.0.0.1:51096 - R:localhost/127.0.0.1:63771]
00:40:01.967 [Forwarding clickElement on session 7c817c437fa0315c21388a234b8d9be9 to remote] DEBUG org.asynchttpclient.netty.request.NettyRequestSender - Using pooled Channel '[id: 0x6fb70381, L:/127.0.0.1:51096 - R:localhost/127.0.0.1:63771]' for 'POST' to 'http://localhost:63771/session/7c817c437fa0315c21388a234b8d9be9/element/eedf4b86-c51e-4fb2-84e0-ae319f705156/click'
00:40:01.967 [Forwarding clickElement on session 7c817c437fa0315c21388a234b8d9be9 to remote] DEBUG org.asynchttpclient.netty.request.NettyRequestSender - Using open Channel [id: 0x6fb70381, L:/127.0.0.1:51096 - R:localhost/127.0.0.1:63771] for POST '/session/7c817c437fa0315c21388a234b8d9be9/element/eedf4b86-c51e-4fb2-84e0-ae319f705156/click'
00:40:02.071 [AsyncHttpClient-1-5] DEBUG org.asynchttpclient.netty.handler.HttpHandler - 

Request DefaultHttpRequest(decodeResult: success, version: HTTP/1.1)
POST /session/7c817c437fa0315c21388a234b8d9be9/element/eedf4b86-c51e-4fb2-84e0-ae319f705156/click HTTP/1.1
User-Agent: selenium/4.1.2 (java windows)
Content-Length: 50
Content-Type: application/json; charset=utf-8
host: localhost:63771
accept: */*

Response DefaultHttpResponse(decodeResult: success, version: HTTP/1.1)
HTTP/1.1 200 OK
Content-Type: application/json; charset=utf-8
cache-control: no-cache
content-length: 14

00:40:02.072 [AsyncHttpClient-1-5] DEBUG org.asynchttpclient.netty.channel.ChannelManager - Adding key: http://localhost:63771 for channel [id: 0x6fb70381, L:/127.0.0.1:51096 - R:localhost/127.0.0.1:63771]
  &amp#27;[32mWhen &amp#27;[0m&amp#27;[32mI click detail product&amp#27;[0m                                  &amp#27;[90m# stepdefinitions.GiveRatingStep.iClickDetail()&amp#27;[0m
00:40:02.081 [Forwarding screenshot on session 7c817c437fa0315c21388a234b8d9be9 to remote] DEBUG org.asynchttpclient.netty.request.NettyRequestSender - Using pooled Channel '[id: 0x6fb70381, L:/127.0.0.1:51096 - R:localhost/127.0.0.1:63771]' for 'GET' to 'http://localhost:63771/session/7c817c437fa0315c21388a234b8d9be9/screenshot'
00:40:02.081 [Forwarding screenshot on session 7c817c437fa0315c21388a234b8d9be9 to remote] DEBUG org.asynchttpclient.netty.request.NettyRequestSender - Using open Channel [id: 0x6fb70381, L:/127.0.0.1:51096 - R:localhost/127.0.0.1:63771] for GET '/session/7c817c437fa0315c21388a234b8d9be9/screenshot'
00:40:02.603 [AsyncHttpClient-1-1] DEBUG org.asynchttpclient.netty.channel.DefaultChannelPool - Entry count for : http://localhost:51097 : 1
00:40:02.674 [AsyncHttpClient-1-5] DEBUG org.asynchttpclient.netty.handler.HttpHandler - 

Request DefaultFullHttpRequest(decodeResult: success, version: HTTP/1.1, content: EmptyByteBufBE)
GET /session/7c817c437fa0315c21388a234b8d9be9/screenshot HTTP/1.1
User-Agent: selenium/4.1.2 (java windows)
Cache-Control: no-cache
Content-Type: application/json; charset=utf-8
host: localhost:63771
accept: */*

Response DefaultHttpResponse(decodeResult: success, version: HTTP/1.1)
HTTP/1.1 200 OK
Content-Type: application/json; charset=utf-8
cache-control: no-cache
content-length: 22868

00:40:02.675 [AsyncHttpClient-1-5] DEBUG org.asynchttpclient.netty.channel.ChannelManager - Adding key: http://localhost:63771 for channel [id: 0x6fb70381, L:/127.0.0.1:51096 - R:localhost/127.0.0.1:63771]
00:40:02.677 [main] DEBUG net.serenitybdd.core.photography.Darkroom - Send negative for processing for target\site\serenity\5db50c4c1f84205fa340adaf4b9a165a875f1a5627569b0218f3eb0825a3e770.png
00:40:02.677 [Darkroom Processing Line] DEBUG net.serenitybdd.core.photography.DarkroomProcessingLine - Processing screenshot image in /var/screenshots/screenshot-7541799011626290576
00:40:02.677 [Darkroom Processing Line] DEBUG net.serenitybdd.core.photography.DarkroomProcessingLine - Saving screenshot to target\site\serenity\5db50c4c1f84205fa340adaf4b9a165a875f1a5627569b0218f3eb0825a3e770.png
00:40:02.687 [Forwarding findElement on session 7c817c437fa0315c21388a234b8d9be9 to remote] DEBUG org.asynchttpclient.netty.request.NettyRequestSender - Using pooled Channel '[id: 0x6fb70381, L:/127.0.0.1:51096 - R:localhost/127.0.0.1:63771]' for 'POST' to 'http://localhost:63771/session/7c817c437fa0315c21388a234b8d9be9/element'
00:40:02.687 [Forwarding findElement on session 7c817c437fa0315c21388a234b8d9be9 to remote] DEBUG org.asynchttpclient.netty.request.NettyRequestSender - Using open Channel [id: 0x6fb70381, L:/127.0.0.1:51096 - R:localhost/127.0.0.1:63771] for POST '/session/7c817c437fa0315c21388a234b8d9be9/element'
00:40:03.700 [AsyncHttpClient-1-1] DEBUG org.asynchttpclient.netty.channel.DefaultChannelPool - Entry count for : http://localhost:51097 : 1
00:40:03.832 [AsyncHttpClient-1-5] DEBUG org.asynchttpclient.netty.handler.HttpHandler - 

Request DefaultHttpRequest(decodeResult: success, version: HTTP/1.1)
POST /session/7c817c437fa0315c21388a234b8d9be9/element HTTP/1.1
User-Agent: selenium/4.1.2 (java windows)
Content-Length: 111
Content-Type: application/json; charset=utf-8
host: localhost:63771
accept: */*

Response DefaultHttpResponse(decodeResult: success, version: HTTP/1.1)
HTTP/1.1 200 OK
Content-Type: application/json; charset=utf-8
cache-control: no-cache
content-length: 88

00:40:03.832 [AsyncHttpClient-1-5] DEBUG org.asynchttpclient.netty.channel.ChannelManager - Adding key: http://localhost:63771 for channel [id: 0x6fb70381, L:/127.0.0.1:51096 - R:localhost/127.0.0.1:63771]
00:40:03.834 [Forwarding getElementTagName on session 7c817c437fa0315c21388a234b8d9be9 to remote] DEBUG org.asynchttpclient.netty.request.NettyRequestSender - Using pooled Channel '[id: 0x6fb70381, L:/127.0.0.1:51096 - R:localhost/127.0.0.1:63771]' for 'GET' to 'http://localhost:63771/session/7c817c437fa0315c21388a234b8d9be9/element/01dfff1d-2f42-4774-ac33-3005d8c4ade7/name'
00:40:03.834 [Forwarding getElementTagName on session 7c817c437fa0315c21388a234b8d9be9 to remote] DEBUG org.asynchttpclient.netty.request.NettyRequestSender - Using open Channel [id: 0x6fb70381, L:/127.0.0.1:51096 - R:localhost/127.0.0.1:63771] for GET '/session/7c817c437fa0315c21388a234b8d9be9/element/01dfff1d-2f42-4774-ac33-3005d8c4ade7/name'
00:40:03.839 [AsyncHttpClient-1-5] DEBUG org.asynchttpclient.netty.handler.HttpHandler - 

Request DefaultFullHttpRequest(decodeResult: success, version: HTTP/1.1, content: EmptyByteBufBE)
GET /session/7c817c437fa0315c21388a234b8d9be9/element/01dfff1d-2f42-4774-ac33-3005d8c4ade7/name HTTP/1.1
User-Agent: selenium/4.1.2 (java windows)
Cache-Control: no-cache
Content-Type: application/json; charset=utf-8
host: localhost:63771
accept: */*

Response DefaultHttpResponse(decodeResult: success, version: HTTP/1.1)
HTTP/1.1 200 OK
Content-Type: application/json; charset=utf-8
cache-control: no-cache
content-length: 18

00:40:03.839 [AsyncHttpClient-1-5] DEBUG org.asynchttpclient.netty.channel.ChannelManager - Adding key: http://localhost:63771 for channel [id: 0x6fb70381, L:/127.0.0.1:51096 - R:localhost/127.0.0.1:63771]
00:40:03.841 [Forwarding getElementTagName on session 7c817c437fa0315c21388a234b8d9be9 to remote] DEBUG org.asynchttpclient.netty.request.NettyRequestSender - Using pooled Channel '[id: 0x6fb70381, L:/127.0.0.1:51096 - R:localhost/127.0.0.1:63771]' for 'GET' to 'http://localhost:63771/session/7c817c437fa0315c21388a234b8d9be9/element/01dfff1d-2f42-4774-ac33-3005d8c4ade7/name'
00:40:03.842 [Forwarding getElementTagName on session 7c817c437fa0315c21388a234b8d9be9 to remote] DEBUG org.asynchttpclient.netty.request.NettyRequestSender - Using open Channel [id: 0x6fb70381, L:/127.0.0.1:51096 - R:localhost/127.0.0.1:63771] for GET '/session/7c817c437fa0315c21388a234b8d9be9/element/01dfff1d-2f42-4774-ac33-3005d8c4ade7/name'
00:40:03.848 [AsyncHttpClient-1-5] DEBUG org.asynchttpclient.netty.handler.HttpHandler - 

Request DefaultFullHttpRequest(decodeResult: success, version: HTTP/1.1, content: EmptyByteBufBE)
GET /session/7c817c437fa0315c21388a234b8d9be9/element/01dfff1d-2f42-4774-ac33-3005d8c4ade7/name HTTP/1.1
User-Agent: selenium/4.1.2 (java windows)
Cache-Control: no-cache
Content-Type: application/json; charset=utf-8
host: localhost:63771
accept: */*

Response DefaultHttpResponse(decodeResult: success, version: HTTP/1.1)
HTTP/1.1 200 OK
Content-Type: application/json; charset=utf-8
cache-control: no-cache
content-length: 18

00:40:03.848 [AsyncHttpClient-1-5] DEBUG org.asynchttpclient.netty.channel.ChannelManager - Adding key: http://localhost:63771 for channel [id: 0x6fb70381, L:/127.0.0.1:51096 - R:localhost/127.0.0.1:63771]
00:40:03.851 [Forwarding isElementEnabled on session 7c817c437fa0315c21388a234b8d9be9 to remote] DEBUG org.asynchttpclient.netty.request.NettyRequestSender - Using pooled Channel '[id: 0x6fb70381, L:/127.0.0.1:51096 - R:localhost/127.0.0.1:63771]' for 'GET' to 'http://localhost:63771/session/7c817c437fa0315c21388a234b8d9be9/element/01dfff1d-2f42-4774-ac33-3005d8c4ade7/enabled'
00:40:03.851 [Forwarding isElementEnabled on session 7c817c437fa0315c21388a234b8d9be9 to remote] DEBUG org.asynchttpclient.netty.request.NettyRequestSender - Using open Channel [id: 0x6fb70381, L:/127.0.0.1:51096 - R:localhost/127.0.0.1:63771] for GET '/session/7c817c437fa0315c21388a234b8d9be9/element/01dfff1d-2f42-4774-ac33-3005d8c4ade7/enabled'
00:40:03.873 [AsyncHttpClient-1-5] DEBUG org.asynchttpclient.netty.handler.HttpHandler - 

Request DefaultFullHttpRequest(decodeResult: success, version: HTTP/1.1, content: EmptyByteBufBE)
GET /session/7c817c437fa0315c21388a234b8d9be9/element/01dfff1d-2f42-4774-ac33-3005d8c4ade7/enabled HTTP/1.1
User-Agent: selenium/4.1.2 (java windows)
Cache-Control: no-cache
Content-Type: application/json; charset=utf-8
host: localhost:63771
accept: */*

Response DefaultHttpResponse(decodeResult: success, version: HTTP/1.1)
HTTP/1.1 200 OK
Content-Type: application/json; charset=utf-8
cache-control: no-cache
content-length: 14

00:40:03.873 [AsyncHttpClient-1-5] DEBUG org.asynchttpclient.netty.channel.ChannelManager - Adding key: http://localhost:63771 for channel [id: 0x6fb70381, L:/127.0.0.1:51096 - R:localhost/127.0.0.1:63771]
00:40:03.879 [Forwarding isElementEnabled on session 7c817c437fa0315c21388a234b8d9be9 to remote] DEBUG org.asynchttpclient.netty.request.NettyRequestSender - Using pooled Channel '[id: 0x6fb70381, L:/127.0.0.1:51096 - R:localhost/127.0.0.1:63771]' for 'GET' to 'http://localhost:63771/session/7c817c437fa0315c21388a234b8d9be9/element/01dfff1d-2f42-4774-ac33-3005d8c4ade7/enabled'
00:40:03.879 [Forwarding isElementEnabled on session 7c817c437fa0315c21388a234b8d9be9 to remote] DEBUG org.asynchttpclient.netty.request.NettyRequestSender - Using open Channel [id: 0x6fb70381, L:/127.0.0.1:51096 - R:localhost/127.0.0.1:63771] for GET '/session/7c817c437fa0315c21388a234b8d9be9/element/01dfff1d-2f42-4774-ac33-3005d8c4ade7/enabled'
00:40:03.890 [AsyncHttpClient-1-5] DEBUG org.asynchttpclient.netty.handler.HttpHandler - 

Request DefaultFullHttpRequest(decodeResult: success, version: HTTP/1.1, content: EmptyByteBufBE)
GET /session/7c817c437fa0315c21388a234b8d9be9/element/01dfff1d-2f42-4774-ac33-3005d8c4ade7/enabled HTTP/1.1
User-Agent: selenium/4.1.2 (java windows)
Cache-Control: no-cache
Content-Type: application/json; charset=utf-8
host: localhost:63771
accept: */*

Response DefaultHttpResponse(decodeResult: success, version: HTTP/1.1)
HTTP/1.1 200 OK
Content-Type: application/json; charset=utf-8
cache-control: no-cache
content-length: 14

00:40:03.890 [AsyncHttpClient-1-5] DEBUG org.asynchttpclient.netty.channel.ChannelManager - Adding key: http://localhost:63771 for channel [id: 0x6fb70381, L:/127.0.0.1:51096 - R:localhost/127.0.0.1:63771]
00:40:03.894 [Forwarding findElement on session 7c817c437fa0315c21388a234b8d9be9 to remote] DEBUG org.asynchttpclient.netty.request.NettyRequestSender - Using pooled Channel '[id: 0x6fb70381, L:/127.0.0.1:51096 - R:localhost/127.0.0.1:63771]' for 'POST' to 'http://localhost:63771/session/7c817c437fa0315c21388a234b8d9be9/element'
00:40:03.894 [Forwarding findElement on session 7c817c437fa0315c21388a234b8d9be9 to remote] DEBUG org.asynchttpclient.netty.request.NettyRequestSender - Using open Channel [id: 0x6fb70381, L:/127.0.0.1:51096 - R:localhost/127.0.0.1:63771] for POST '/session/7c817c437fa0315c21388a234b8d9be9/element'
00:40:03.905 [AsyncHttpClient-1-5] DEBUG org.asynchttpclient.netty.handler.HttpHandler - 

Request DefaultHttpRequest(decodeResult: success, version: HTTP/1.1)
POST /session/7c817c437fa0315c21388a234b8d9be9/element HTTP/1.1
User-Agent: selenium/4.1.2 (java windows)
Content-Length: 111
Content-Type: application/json; charset=utf-8
host: localhost:63771
accept: */*

Response DefaultHttpResponse(decodeResult: success, version: HTTP/1.1)
HTTP/1.1 200 OK
Content-Type: application/json; charset=utf-8
cache-control: no-cache
content-length: 88

00:40:03.905 [AsyncHttpClient-1-5] DEBUG org.asynchttpclient.netty.channel.ChannelManager - Adding key: http://localhost:63771 for channel [id: 0x6fb70381, L:/127.0.0.1:51096 - R:localhost/127.0.0.1:63771]
00:40:03.907 [Forwarding clickElement on session 7c817c437fa0315c21388a234b8d9be9 to remote] DEBUG org.asynchttpclient.netty.request.NettyRequestSender - Using pooled Channel '[id: 0x6fb70381, L:/127.0.0.1:51096 - R:localhost/127.0.0.1:63771]' for 'POST' to 'http://localhost:63771/session/7c817c437fa0315c21388a234b8d9be9/element/01dfff1d-2f42-4774-ac33-3005d8c4ade7/click'
00:40:03.908 [Forwarding clickElement on session 7c817c437fa0315c21388a234b8d9be9 to remote] DEBUG org.asynchttpclient.netty.request.NettyRequestSender - Using open Channel [id: 0x6fb70381, L:/127.0.0.1:51096 - R:localhost/127.0.0.1:63771] for POST '/session/7c817c437fa0315c21388a234b8d9be9/element/01dfff1d-2f42-4774-ac33-3005d8c4ade7/click'
00:40:03.986 [AsyncHttpClient-1-5] DEBUG org.asynchttpclient.netty.handler.HttpHandler - 

Request DefaultHttpRequest(decodeResult: success, version: HTTP/1.1)
POST /session/7c817c437fa0315c21388a234b8d9be9/element/01dfff1d-2f42-4774-ac33-3005d8c4ade7/click HTTP/1.1
User-Agent: selenium/4.1.2 (java windows)
Content-Length: 50
Content-Type: application/json; charset=utf-8
host: localhost:63771
accept: */*

Response DefaultHttpResponse(decodeResult: success, version: HTTP/1.1)
HTTP/1.1 200 OK
Content-Type: application/json; charset=utf-8
cache-control: no-cache
content-length: 14

00:40:03.986 [AsyncHttpClient-1-5] DEBUG org.asynchttpclient.netty.channel.ChannelManager - Adding key: http://localhost:63771 for channel [id: 0x6fb70381, L:/127.0.0.1:51096 - R:localhost/127.0.0.1:63771]
  &amp#27;[32mAnd &amp#27;[0m&amp#27;[32mI give rating for product&amp#27;[0m                                &amp#27;[90m# stepdefinitions.GiveRatingStep.iGiveRating()&amp#27;[0m
00:40:03.997 [Forwarding screenshot on session 7c817c437fa0315c21388a234b8d9be9 to remote] DEBUG org.asynchttpclient.netty.request.NettyRequestSender - Using pooled Channel '[id: 0x6fb70381, L:/127.0.0.1:51096 - R:localhost/127.0.0.1:63771]' for 'GET' to 'http://localhost:63771/session/7c817c437fa0315c21388a234b8d9be9/screenshot'
00:40:03.997 [Forwarding screenshot on session 7c817c437fa0315c21388a234b8d9be9 to remote] DEBUG org.asynchttpclient.netty.request.NettyRequestSender - Using open Channel [id: 0x6fb70381, L:/127.0.0.1:51096 - R:localhost/127.0.0.1:63771] for GET '/session/7c817c437fa0315c21388a234b8d9be9/screenshot'
00:40:04.160 [AsyncHttpClient-1-5] DEBUG org.asynchttpclient.netty.handler.HttpHandler - 

Request DefaultFullHttpRequest(decodeResult: success, version: HTTP/1.1, content: EmptyByteBufBE)
GET /session/7c817c437fa0315c21388a234b8d9be9/screenshot HTTP/1.1
User-Agent: selenium/4.1.2 (java windows)
Cache-Control: no-cache
Content-Type: application/json; charset=utf-8
host: localhost:63771
accept: */*

Response DefaultHttpResponse(decodeResult: success, version: HTTP/1.1)
HTTP/1.1 200 OK
Content-Type: application/json; charset=utf-8
cache-control: no-cache
content-length: 20712

00:40:04.160 [AsyncHttpClient-1-5] DEBUG org.asynchttpclient.netty.channel.ChannelManager - Adding key: http://localhost:63771 for channel [id: 0x6fb70381, L:/127.0.0.1:51096 - R:localhost/127.0.0.1:63771]
00:40:04.164 [main] DEBUG net.serenitybdd.core.photography.Darkroom - Send negative for processing for target\site\serenity\ce541d4bcfd67b2a8565826f929e17a22ac7a32768bb6f14d3cb6bb9818c3aa3.png
00:40:04.165 [Darkroom Processing Line] DEBUG net.serenitybdd.core.photography.DarkroomProcessingLine - Processing screenshot image in /var/screenshots/screenshot-16951563950841554356
00:40:04.165 [Darkroom Processing Line] DEBUG net.serenitybdd.core.photography.DarkroomProcessingLine - Saving screenshot to target\site\serenity\ce541d4bcfd67b2a8565826f929e17a22ac7a32768bb6f14d3cb6bb9818c3aa3.png
00:40:04.174 [Forwarding findElement on session 7c817c437fa0315c21388a234b8d9be9 to remote] DEBUG org.asynchttpclient.netty.request.NettyRequestSender - Using pooled Channel '[id: 0x6fb70381, L:/127.0.0.1:51096 - R:localhost/127.0.0.1:63771]' for 'POST' to 'http://localhost:63771/session/7c817c437fa0315c21388a234b8d9be9/element'
00:40:04.174 [Forwarding findElement on session 7c817c437fa0315c21388a234b8d9be9 to remote] DEBUG org.asynchttpclient.netty.request.NettyRequestSender - Using open Channel [id: 0x6fb70381, L:/127.0.0.1:51096 - R:localhost/127.0.0.1:63771] for POST '/session/7c817c437fa0315c21388a234b8d9be9/element'
00:40:04.682 [AsyncHttpClient-1-5] DEBUG org.asynchttpclient.netty.handler.HttpHandler - 

Request DefaultHttpRequest(decodeResult: success, version: HTTP/1.1)
POST /session/7c817c437fa0315c21388a234b8d9be9/element HTTP/1.1
User-Agent: selenium/4.1.2 (java windows)
Content-Length: 96
Content-Type: application/json; charset=utf-8
host: localhost:63771
accept: */*

Response DefaultHttpResponse(decodeResult: success, version: HTTP/1.1)
HTTP/1.1 200 OK
Content-Type: application/json; charset=utf-8
cache-control: no-cache
content-length: 88

00:40:04.682 [AsyncHttpClient-1-5] DEBUG org.asynchttpclient.netty.channel.ChannelManager - Adding key: http://localhost:63771 for channel [id: 0x6fb70381, L:/127.0.0.1:51096 - R:localhost/127.0.0.1:63771]
  &amp#27;[32mThen &amp#27;[0m&amp#27;[32mRating count added&amp#27;[0m                                      &amp#27;[90m# stepdefinitions.GiveRatingStep.ratingCountAdded()&amp#27;[0m
00:40:04.689 [Forwarding screenshot on session 7c817c437fa0315c21388a234b8d9be9 to remote] DEBUG org.asynchttpclient.netty.request.NettyRequestSender - Using pooled Channel '[id: 0x6fb70381, L:/127.0.0.1:51096 - R:localhost/127.0.0.1:63771]' for 'GET' to 'http://localhost:63771/session/7c817c437fa0315c21388a234b8d9be9/screenshot'
00:40:04.690 [Forwarding screenshot on session 7c817c437fa0315c21388a234b8d9be9 to remote] DEBUG org.asynchttpclient.netty.request.NettyRequestSender - Using open Channel [id: 0x6fb70381, L:/127.0.0.1:51096 - R:localhost/127.0.0.1:63771] for GET '/session/7c817c437fa0315c21388a234b8d9be9/screenshot'
00:40:04.803 [AsyncHttpClient-1-1] DEBUG org.asynchttpclient.netty.channel.DefaultChannelPool - Entry count for : http://localhost:51097 : 1
00:40:04.839 [AsyncHttpClient-1-5] DEBUG org.asynchttpclient.netty.handler.HttpHandler - 

Request DefaultFullHttpRequest(decodeResult: success, version: HTTP/1.1, content: EmptyByteBufBE)
GET /session/7c817c437fa0315c21388a234b8d9be9/screenshot HTTP/1.1
User-Agent: selenium/4.1.2 (java windows)
Cache-Control: no-cache
Content-Type: application/json; charset=utf-8
host: localhost:63771
accept: */*

Response DefaultHttpResponse(decodeResult: success, version: HTTP/1.1)
HTTP/1.1 200 OK
Content-Type: application/json; charset=utf-8
cache-control: no-cache
content-length: 45152

00:40:04.840 [AsyncHttpClient-1-5] DEBUG org.asynchttpclient.netty.channel.ChannelManager - Adding key: http://localhost:63771 for channel [id: 0x6fb70381, L:/127.0.0.1:51096 - R:localhost/127.0.0.1:63771]
00:40:04.842 [main] DEBUG net.serenitybdd.core.photography.Darkroom - Send negative for processing for target\site\serenity\15bdd0f9fb25f462c19b4320d63826ad0d62d180e998d649d8ec71b6ee73e3ae.png
00:40:04.844 [Darkroom Processing Line] DEBUG net.serenitybdd.core.photography.DarkroomProcessingLine - Processing screenshot image in /var/screenshots/screenshot-15624270471433006745
00:40:04.844 [Darkroom Processing Line] DEBUG net.serenitybdd.core.photography.DarkroomProcessingLine - Saving screenshot to target\site\serenity\15bdd0f9fb25f462c19b4320d63826ad0d62d180e998d649d8ec71b6ee73e3ae.png
00:40:04.844 [main] INFO  - 
  _____   ___   ___   _____     ___     _     ___   ___   ___   ___  
 |_   _| | __| / __| |_   _|   | _ \   /_\   / __| / __| | __| |   \ 
   | |   | _|  \__ \   | |     |  _/  / _ \  \__ \ \__ \ | _|  | |) |
   |_|   |___| |___/   |_|     |_|   /_/ \_\ |___/ |___/ |___| |___/ 

As a user, i can see details product and give rating
----------------------------------------------------------------------
00:40:04.846 [AsyncHttpClient-1-7] DEBUG org.asynchttpclient.netty.handler.WebSocketHandler - Channel Closed: [id: 0x38def24c, L:/127.0.0.1:51111 ! R:localhost/127.0.0.1:51097] with attribute NettyResponseFuture{currentRetry=5,
	isDone=1,
	isCancelled=0,
	asyncHandler=org.asynchttpclient.ws.WebSocketUpgradeHandler@261520cb,
	nettyRequest=org.asynchttpclient.netty.request.NettyRequest@6317ba6d,
	future=java.util.concurrent.CompletableFuture@25e18527[Completed normally],
	uri=ws://localhost:51097/devtools/browser/fcbdf8be-4494-41ec-8a24-4ca705f03462,
	keepAlive=true,
	redirectCount=0,
	timeoutsHolder=null,
	inAuth=0,
	touch=1652463595306}
00:40:04.846 [AsyncHttpClient-1-7] DEBUG org.asynchttpclient.netty.channel.ChannelManager - Closing Channel [id: 0x38def24c, L:/127.0.0.1:51111 ! R:localhost/127.0.0.1:51097] 
00:40:04.847 [Driver Command Executor] DEBUG org.asynchttpclient.netty.request.NettyRequestSender - Using pooled Channel '[id: 0x6fb70381, L:/127.0.0.1:51096 - R:localhost/127.0.0.1:63771]' for 'DELETE' to 'http://localhost:63771/session/7c817c437fa0315c21388a234b8d9be9'
00:40:04.847 [Driver Command Executor] DEBUG org.asynchttpclient.netty.request.NettyRequestSender - Using open Channel [id: 0x6fb70381, L:/127.0.0.1:51096 - R:localhost/127.0.0.1:63771] for DELETE '/session/7c817c437fa0315c21388a234b8d9be9'
00:40:04.927 [AsyncHttpClient-1-6] DEBUG org.asynchttpclient.netty.handler.HttpHandler - Unexpected I/O exception on channel [id: 0x3cd4ec9d, L:/127.0.0.1:51110 - R:localhost/127.0.0.1:51097]
java.io.IOException: An existing connection was forcibly closed by the remote host
	at java.base/sun.nio.ch.SocketDispatcher.read0(Native Method)
	at java.base/sun.nio.ch.SocketDispatcher.read(SocketDispatcher.java:43)
	at java.base/sun.nio.ch.IOUtil.readIntoNativeBuffer(IOUtil.java:276)
	at java.base/sun.nio.ch.IOUtil.read(IOUtil.java:233)
	at java.base/sun.nio.ch.IOUtil.read(IOUtil.java:223)
	at java.base/sun.nio.ch.SocketChannelImpl.read(SocketChannelImpl.java:358)
	at io.netty.buffer.PooledByteBuf.setBytes(PooledByteBuf.java:258)
	at io.netty.buffer.AbstractByteBuf.writeBytes(AbstractByteBuf.java:1132)
	at io.netty.channel.socket.nio.NioSocketChannel.doReadBytes(NioSocketChannel.java:350)
	at io.netty.channel.nio.AbstractNioByteChannel$NioByteUnsafe.read(AbstractNioByteChannel.java:151)
	at io.netty.channel.nio.NioEventLoop.processSelectedKey(NioEventLoop.java:722)
	at io.netty.channel.nio.NioEventLoop.processSelectedKeysOptimized(NioEventLoop.java:658)
	at io.netty.channel.nio.NioEventLoop.processSelectedKeys(NioEventLoop.java:584)
	at io.netty.channel.nio.NioEventLoop.run(NioEventLoop.java:496)
	at io.netty.util.concurrent.SingleThreadEventExecutor$4.run(SingleThreadEventExecutor.java:986)
	at io.netty.util.internal.ThreadExecutorMap$2.run(ThreadExecutorMap.java:74)
	at io.netty.util.concurrent.FastThreadLocalRunnable.run(FastThreadLocalRunnable.java:30)
	at java.base/java.lang.Thread.run(Thread.java:834)
00:40:04.927 [AsyncHttpClient-1-6] DEBUG org.asynchttpclient.netty.channel.ChannelManager - Closing Channel [id: 0x3cd4ec9d, L:/127.0.0.1:51110 - R:localhost/127.0.0.1:51097] 
00:40:04.927 [AsyncHttpClient-1-6] DEBUG org.asynchttpclient.netty.handler.HttpHandler - Channel Closed: [id: 0x3cd4ec9d, L:/127.0.0.1:51110 ! R:localhost/127.0.0.1:51097] with attribute DISCARD
00:40:04.951 [AsyncHttpClient-1-5] DEBUG org.asynchttpclient.netty.handler.HttpHandler - 

Request DefaultFullHttpRequest(decodeResult: success, version: HTTP/1.1, content: EmptyByteBufBE)
DELETE /session/7c817c437fa0315c21388a234b8d9be9 HTTP/1.1
User-Agent: selenium/4.1.2 (java windows)
Content-Type: application/json; charset=utf-8
host: localhost:63771
accept: */*

Response DefaultHttpResponse(decodeResult: success, version: HTTP/1.1)
HTTP/1.1 200 OK
Content-Type: application/json; charset=utf-8
cache-control: no-cache
content-length: 14

00:40:04.951 [AsyncHttpClient-1-5] DEBUG org.asynchttpclient.netty.channel.ChannelManager - Adding key: http://localhost:63771 for channel [id: 0x6fb70381, L:/127.0.0.1:51096 - R:localhost/127.0.0.1:63771]
00:40:05.128 [AsyncHttpClient-1-5] DEBUG org.asynchttpclient.netty.handler.HttpHandler - Channel Closed: [id: 0x6fb70381, L:/127.0.0.1:51096 ! R:localhost/127.0.0.1:63771] with attribute DISCARD
]]></system-out>
    <system-err><![CDATA[Starting ChromeDriver 101.0.4951.41 (93c720db8323b3ec10d056025ab95c23a31997c9-refs/branch-heads/4951@{#904}) on port 63771
Only local connections are allowed.
Please see https://chromedriver.chromium.org/security-considerations for suggestions on keeping ChromeDriver safe.
ChromeDriver was started successfully.
May 14, 2022 12:39:55 AM org.openqa.selenium.remote.ProtocolHandshake createSession
INFO: Detected dialect: W3C
May 14, 2022 12:39:55 AM org.openqa.selenium.devtools.CdpVersionFinder findNearestMatch
WARNING: Unable to find an exact match for CDP version 101, so returning the closest version found: 97
May 14, 2022 12:39:55 AM org.openqa.selenium.devtools.CdpVersionFinder findNearestMatch
INFO: Found CDP implementation for version 101 of 97
]]></system-err>
  </testcase>
  <testcase name="As a user, i have able to login" classname="Login" time="7.115">
    <system-out><![CDATA[00:40:05.662 [main] INFO io.cucumber.core.plugin.SerenityReporter - Running feature from file:///D:/Mini%20Project-QE%20Alta/Web%20Automation/FrontEnd-AltaShop/src/test/resources/features/Login.feature
00:40:05.667 [main] DEBUG net.thucydides.core.steps.StepEventBus - Test suite started for story net.thucydides.core.model.Story@23282f08
00:40:05.668 [main] INFO  - Test Suite Started: Login

Scenario: As a user, i have able to login           &amp#27;[90m# src/test/resources/features/Login.feature:3&amp#27;[0m
00:40:05.682 [main] INFO io.cucumber.core.plugin.SerenityReporter - Running feature from file:///D:/Mini%20Project-QE%20Alta/Web%20Automation/FrontEnd-AltaShop/src/test/resources/features/Login.feature
00:40:05.685 [main] INFO  - 
  _____   ___   ___   _____     ___   _____     _     ___   _____   ___   ___  
 |_   _| | __| / __| |_   _|   / __| |_   _|   /_\   | _ \ |_   _| | __| |   \ 
   | |   | _|  \__ \   | |     \__ \   | |    / _ \  |   /   | |   | _|  | |) |
   |_|   |___| |___/   |_|     |___/   |_|   /_/ \_\ |_|_\   |_|   |___| |___/ 

As a user, i have able to login(login;as-a-user--i-have-able-to-login)
--------------------------------------------------------------------------------
00:40:05.743 [main] DEBUG net.thucydides.core.steps.StepInterceptor - STARTING STEP: LoginStep.iAmAtLoginPage - onLoginPage
00:40:05.744 [main] INFO net.serenitybdd.core.webdriver.driverproviders.ChromeDriverProvider - Using automatically driver download
00:40:05.895 [AsyncHttpClient-1-1] DEBUG org.asynchttpclient.netty.channel.DefaultChannelPool - Entry count for : http://localhost:63771 : 1
00:40:05.895 [AsyncHttpClient-1-1] DEBUG org.asynchttpclient.netty.channel.DefaultChannelPool - Entry count for : http://localhost:51097 : 1
00:40:05.895 [AsyncHttpClient-1-1] DEBUG org.asynchttpclient.netty.channel.DefaultChannelPool - Adding Candidate expired Channel [id: 0x6fb70381, L:/127.0.0.1:51096 ! R:localhost/127.0.0.1:63771] isIdleTimeoutExpired=false isRemotelyClosed=true isTtlExpired=false
00:40:05.895 [AsyncHttpClient-1-1] DEBUG org.asynchttpclient.netty.channel.DefaultChannelPool - Closing Idle Channel [id: 0x6fb70381, L:/127.0.0.1:51096 ! R:localhost/127.0.0.1:63771]
00:40:05.895 [AsyncHttpClient-1-1] DEBUG org.asynchttpclient.netty.channel.DefaultChannelPool - Adding Candidate expired Channel [id: 0x3cd4ec9d, L:/127.0.0.1:51110 ! R:localhost/127.0.0.1:51097] isIdleTimeoutExpired=false isRemotelyClosed=true isTtlExpired=false
00:40:05.895 [AsyncHttpClient-1-1] DEBUG org.asynchttpclient.netty.channel.DefaultChannelPool - Closing Idle Channel [id: 0x3cd4ec9d, L:/127.0.0.1:51110 ! R:localhost/127.0.0.1:51097]
00:40:05.896 [AsyncHttpClient-1-1] DEBUG org.asynchttpclient.netty.channel.DefaultChannelPool - Closed 2 connections out of 2 in 1 ms
00:40:05.946 [main] DEBUG io.github.bonigarcia.wdm.cache.ResolutionCache - Resolution chrome=101 in cache (valid until 01:39:29 14/05/2022 ICT)
00:40:05.954 [main] DEBUG io.github.bonigarcia.wdm.cache.ResolutionCache - Resolution chrome101=101.0.4951.41 in cache (valid until 18:09:12 14/05/2022 ICT)
00:40:05.958 [main] INFO io.github.bonigarcia.wdm.WebDriverManager - Using chromedriver 101.0.4951.41 (resolved driver for Chrome 101)
00:40:05.988 [main] DEBUG io.github.bonigarcia.wdm.WebDriverManager - Driver chromedriver 101.0.4951.41 found in cache
00:40:05.989 [main] INFO io.github.bonigarcia.wdm.WebDriverManager - Exporting webdriver.chrome.driver as C:\Users\Siti Nurlatipah\.cache\selenium\chromedriver\win32\101.0.4951.41\chromedriver.exe
00:40:06.231 [main] DEBUG net.serenitybdd.core.webdriver.driverproviders.ProvideNewDriver - Instantiating driver
00:40:06.231 [main] DEBUG net.serenitybdd.core.webdriver.driverproviders.ProvideNewDriver - Driver capabilities: Capabilities {acceptInsecureCerts: false, base.url: https://qa.alta.id, browserName: chrome, chrome.driver: src/test/resources/webdrive..., driver: chrome, goog:chromeOptions: {args: [], extensions: []}}
00:40:06.787 [AsyncHttpClient-1-8] DEBUG org.asynchttpclient.netty.channel.NettyConnectListener - Using new Channel '[id: 0xb9137a75, L:/127.0.0.1:51154 - R:localhost/127.0.0.1:60994]' for 'POST' to '/session'
00:40:08.162 [AsyncHttpClient-1-8] DEBUG org.asynchttpclient.netty.handler.HttpHandler - 

Request DefaultHttpRequest(decodeResult: success, version: HTTP/1.1)
POST /session HTTP/1.1
User-Agent: selenium/4.1.2 (java windows)
Content-Length: 595
Content-Type: application/json; charset=utf-8
host: localhost:60994
accept: */*

Response DefaultHttpResponse(decodeResult: success, version: HTTP/1.1)
HTTP/1.1 200 OK
Content-Type: application/json; charset=utf-8
cache-control: no-cache
content-length: 792

00:40:08.163 [AsyncHttpClient-1-8] DEBUG org.asynchttpclient.netty.channel.ChannelManager - Adding key: http://localhost:60994 for channel [id: 0xb9137a75, L:/127.0.0.1:51154 - R:localhost/127.0.0.1:60994]
00:40:08.176 [AsyncHttpClient-1-9] DEBUG org.asynchttpclient.netty.channel.NettyConnectListener - Using new Channel '[id: 0x4ef2f854, L:/127.0.0.1:51162 - R:localhost/127.0.0.1:51155]' for 'GET' to '/json/version'
00:40:08.184 [AsyncHttpClient-1-9] DEBUG org.asynchttpclient.netty.handler.HttpHandler - 

Request DefaultFullHttpRequest(decodeResult: success, version: HTTP/1.1, content: EmptyByteBufBE)
GET /json/version HTTP/1.1
User-Agent: selenium/4.1.2 (java windows)
host: localhost:51155
accept: */*

Response DefaultHttpResponse(decodeResult: success, version: HTTP/1.1)
HTTP/1.1 200 OK
Content-Type: application/json; charset=UTF-8
content-length: 427

00:40:08.185 [AsyncHttpClient-1-9] DEBUG org.asynchttpclient.netty.channel.ChannelManager - Adding key: http://localhost:51155 for channel [id: 0x4ef2f854, L:/127.0.0.1:51162 - R:localhost/127.0.0.1:51155]
00:40:08.188 [AsyncHttpClient-1-2] DEBUG org.asynchttpclient.netty.channel.NettyConnectListener - Using new Channel '[id: 0xcf0c63ad, L:/127.0.0.1:51163 - R:localhost/127.0.0.1:51155]' for 'GET' to '/devtools/browser/b5f4af14-3104-423a-9281-5ad5897c8e06'
00:40:08.189 [AsyncHttpClient-1-2] DEBUG org.asynchttpclient.netty.handler.WebSocketHandler - 

Request DefaultFullHttpRequest(decodeResult: success, version: HTTP/1.1, content: EmptyByteBufBE)
GET /devtools/browser/b5f4af14-3104-423a-9281-5ad5897c8e06 HTTP/1.1
upgrade: websocket
connection: upgrade
sec-websocket-key: uPpzgvFCpA9rFBuvgA3sOw==
sec-websocket-version: 13
origin: http://localhost:51155
host: localhost:51155
accept: */*
user-agent: AHC/2.1

Response DefaultHttpResponse(decodeResult: success, version: HTTP/1.1)
HTTP/1.1 101 WebSocket Protocol Handshake
Upgrade: WebSocket
Connection: Upgrade
Sec-WebSocket-Accept: uoiwMxkZw6Rk5dU6bR4srxa3RYs=

00:40:08.195 [Forwarding get on session 5f650f9216620efb51bd89e38755aff1 to remote] DEBUG org.asynchttpclient.netty.request.NettyRequestSender - Using pooled Channel '[id: 0xb9137a75, L:/127.0.0.1:51154 - R:localhost/127.0.0.1:60994]' for 'POST' to 'http://localhost:60994/session/5f650f9216620efb51bd89e38755aff1/url'
00:40:08.195 [Forwarding get on session 5f650f9216620efb51bd89e38755aff1 to remote] DEBUG org.asynchttpclient.netty.request.NettyRequestSender - Using open Channel [id: 0xb9137a75, L:/127.0.0.1:51154 - R:localhost/127.0.0.1:60994] for POST '/session/5f650f9216620efb51bd89e38755aff1/url'
00:40:09.196 [AsyncHttpClient-1-1] DEBUG org.asynchttpclient.netty.channel.DefaultChannelPool - Entry count for : http://localhost:51155 : 1
00:40:10.300 [AsyncHttpClient-1-1] DEBUG org.asynchttpclient.netty.channel.DefaultChannelPool - Entry count for : http://localhost:51155 : 1
00:40:10.582 [AsyncHttpClient-1-8] DEBUG org.asynchttpclient.netty.handler.HttpHandler - 

Request DefaultHttpRequest(decodeResult: success, version: HTTP/1.1)
POST /session/5f650f9216620efb51bd89e38755aff1/url HTTP/1.1
User-Agent: selenium/4.1.2 (java windows)
Content-Length: 64
Content-Type: application/json; charset=utf-8
host: localhost:60994
accept: */*

Response DefaultHttpResponse(decodeResult: success, version: HTTP/1.1)
HTTP/1.1 200 OK
Content-Type: application/json; charset=utf-8
cache-control: no-cache
content-length: 14

00:40:10.582 [AsyncHttpClient-1-8] DEBUG org.asynchttpclient.netty.channel.ChannelManager - Adding key: http://localhost:60994 for channel [id: 0xb9137a75, L:/127.0.0.1:51154 - R:localhost/127.0.0.1:60994]
00:40:10.590 [Forwarding setTimeout on session 5f650f9216620efb51bd89e38755aff1 to remote] DEBUG org.asynchttpclient.netty.request.NettyRequestSender - Using pooled Channel '[id: 0xb9137a75, L:/127.0.0.1:51154 - R:localhost/127.0.0.1:60994]' for 'POST' to 'http://localhost:60994/session/5f650f9216620efb51bd89e38755aff1/timeouts'
00:40:10.590 [Forwarding setTimeout on session 5f650f9216620efb51bd89e38755aff1 to remote] DEBUG org.asynchttpclient.netty.request.NettyRequestSender - Using open Channel [id: 0xb9137a75, L:/127.0.0.1:51154 - R:localhost/127.0.0.1:60994] for POST '/session/5f650f9216620efb51bd89e38755aff1/timeouts'
00:40:10.593 [AsyncHttpClient-1-8] DEBUG org.asynchttpclient.netty.handler.HttpHandler - 

Request DefaultHttpRequest(decodeResult: success, version: HTTP/1.1)
POST /session/5f650f9216620efb51bd89e38755aff1/timeouts HTTP/1.1
User-Agent: selenium/4.1.2 (java windows)
Content-Length: 22
Content-Type: application/json; charset=utf-8
host: localhost:60994
accept: */*

Response DefaultHttpResponse(decodeResult: success, version: HTTP/1.1)
HTTP/1.1 200 OK
Content-Type: application/json; charset=utf-8
cache-control: no-cache
content-length: 14

00:40:10.593 [AsyncHttpClient-1-8] DEBUG org.asynchttpclient.netty.channel.ChannelManager - Adding key: http://localhost:60994 for channel [id: 0xb9137a75, L:/127.0.0.1:51154 - R:localhost/127.0.0.1:60994]
00:40:10.598 [Forwarding getCurrentUrl on session 5f650f9216620efb51bd89e38755aff1 to remote] DEBUG org.asynchttpclient.netty.request.NettyRequestSender - Using pooled Channel '[id: 0xb9137a75, L:/127.0.0.1:51154 - R:localhost/127.0.0.1:60994]' for 'GET' to 'http://localhost:60994/session/5f650f9216620efb51bd89e38755aff1/url'
00:40:10.598 [Forwarding getCurrentUrl on session 5f650f9216620efb51bd89e38755aff1 to remote] DEBUG org.asynchttpclient.netty.request.NettyRequestSender - Using open Channel [id: 0xb9137a75, L:/127.0.0.1:51154 - R:localhost/127.0.0.1:60994] for GET '/session/5f650f9216620efb51bd89e38755aff1/url'
00:40:10.606 [AsyncHttpClient-1-8] DEBUG org.asynchttpclient.netty.handler.HttpHandler - 

Request DefaultFullHttpRequest(decodeResult: success, version: HTTP/1.1, content: EmptyByteBufBE)
GET /session/5f650f9216620efb51bd89e38755aff1/url HTTP/1.1
User-Agent: selenium/4.1.2 (java windows)
Cache-Control: no-cache
Content-Type: application/json; charset=utf-8
host: localhost:60994
accept: */*

Response DefaultHttpResponse(decodeResult: success, version: HTTP/1.1)
HTTP/1.1 200 OK
Content-Type: application/json; charset=utf-8
cache-control: no-cache
content-length: 41

00:40:10.606 [AsyncHttpClient-1-8] DEBUG org.asynchttpclient.netty.channel.ChannelManager - Adding key: http://localhost:60994 for channel [id: 0xb9137a75, L:/127.0.0.1:51154 - R:localhost/127.0.0.1:60994]
00:40:10.613 [main] DEBUG net.serenitybdd.core.photography.Darkroom - Opening darkroom
00:40:10.614 [Darkroom Processing Line] DEBUG net.serenitybdd.core.photography.DarkroomProcessingLine - Darkroom processing line starting up
00:40:10.614 [Forwarding screenshot on session 5f650f9216620efb51bd89e38755aff1 to remote] DEBUG org.asynchttpclient.netty.request.NettyRequestSender - Using pooled Channel '[id: 0xb9137a75, L:/127.0.0.1:51154 - R:localhost/127.0.0.1:60994]' for 'GET' to 'http://localhost:60994/session/5f650f9216620efb51bd89e38755aff1/screenshot'
00:40:10.614 [Forwarding screenshot on session 5f650f9216620efb51bd89e38755aff1 to remote] DEBUG org.asynchttpclient.netty.request.NettyRequestSender - Using open Channel [id: 0xb9137a75, L:/127.0.0.1:51154 - R:localhost/127.0.0.1:60994] for GET '/session/5f650f9216620efb51bd89e38755aff1/screenshot'
00:40:10.769 [AsyncHttpClient-1-8] DEBUG org.asynchttpclient.netty.handler.HttpHandler - 

Request DefaultFullHttpRequest(decodeResult: success, version: HTTP/1.1, content: EmptyByteBufBE)
GET /session/5f650f9216620efb51bd89e38755aff1/screenshot HTTP/1.1
User-Agent: selenium/4.1.2 (java windows)
Cache-Control: no-cache
Content-Type: application/json; charset=utf-8
host: localhost:60994
accept: */*

Response DefaultHttpResponse(decodeResult: success, version: HTTP/1.1)
HTTP/1.1 200 OK
Content-Type: application/json; charset=utf-8
cache-control: no-cache
content-length: 37840

00:40:10.770 [AsyncHttpClient-1-8] DEBUG org.asynchttpclient.netty.channel.ChannelManager - Adding key: http://localhost:60994 for channel [id: 0xb9137a75, L:/127.0.0.1:51154 - R:localhost/127.0.0.1:60994]
00:40:10.772 [main] DEBUG net.serenitybdd.core.photography.Darkroom - Send negative for processing for target\site\serenity\6f2f89e8c5a543dd0a10df9cc2fb4dfa2a13d528c2d3ad44cda943733ef50e85.png
00:40:10.772 [main] DEBUG net.thucydides.core.steps.StepInterceptor - STEP DONE: onLoginPage
  &amp#27;[32mGiven &amp#27;[0m&amp#27;[32m&amp#27;[0m&amp#27;[32m&amp#27;[1mI&amp#27;[0m&amp#27;[32m am at login-page&amp#27;[0m                          &amp#27;[90m# stepdefinitions.LoginStep.iAmAtLoginPage(java.lang.String)&amp#27;[0m
00:40:10.792 [main] DEBUG net.thucydides.core.steps.StepInterceptor - STARTING STEP: LoginStep.iTypeMyEmail - typeMyEmail
00:40:10.794 [Forwarding findElement on session 5f650f9216620efb51bd89e38755aff1 to remote] DEBUG org.asynchttpclient.netty.request.NettyRequestSender - Using pooled Channel '[id: 0xb9137a75, L:/127.0.0.1:51154 - R:localhost/127.0.0.1:60994]' for 'POST' to 'http://localhost:60994/session/5f650f9216620efb51bd89e38755aff1/element'
00:40:10.795 [Forwarding findElement on session 5f650f9216620efb51bd89e38755aff1 to remote] DEBUG org.asynchttpclient.netty.request.NettyRequestSender - Using open Channel [id: 0xb9137a75, L:/127.0.0.1:51154 - R:localhost/127.0.0.1:60994] for POST '/session/5f650f9216620efb51bd89e38755aff1/element'
00:40:10.808 [AsyncHttpClient-1-8] DEBUG org.asynchttpclient.netty.handler.HttpHandler - 

Request DefaultHttpRequest(decodeResult: success, version: HTTP/1.1)
POST /session/5f650f9216620efb51bd89e38755aff1/element HTTP/1.1
User-Agent: selenium/4.1.2 (java windows)
Content-Length: 84
Content-Type: application/json; charset=utf-8
host: localhost:60994
accept: */*

Response DefaultHttpResponse(decodeResult: success, version: HTTP/1.1)
HTTP/1.1 200 OK
Content-Type: application/json; charset=utf-8
cache-control: no-cache
content-length: 88

00:40:10.808 [AsyncHttpClient-1-8] DEBUG org.asynchttpclient.netty.channel.ChannelManager - Adding key: http://localhost:60994 for channel [id: 0xb9137a75, L:/127.0.0.1:51154 - R:localhost/127.0.0.1:60994]
00:40:10.810 [Forwarding sendKeysToElement on session 5f650f9216620efb51bd89e38755aff1 to remote] DEBUG org.asynchttpclient.netty.request.NettyRequestSender - Using pooled Channel '[id: 0xb9137a75, L:/127.0.0.1:51154 - R:localhost/127.0.0.1:60994]' for 'POST' to 'http://localhost:60994/session/5f650f9216620efb51bd89e38755aff1/element/a5e8412d-7899-4fab-99b4-c505afbe6e45/value'
00:40:10.810 [Forwarding sendKeysToElement on session 5f650f9216620efb51bd89e38755aff1 to remote] DEBUG org.asynchttpclient.netty.request.NettyRequestSender - Using open Channel [id: 0xb9137a75, L:/127.0.0.1:51154 - R:localhost/127.0.0.1:60994] for POST '/session/5f650f9216620efb51bd89e38755aff1/element/a5e8412d-7899-4fab-99b4-c505afbe6e45/value'
00:40:11.008 [AsyncHttpClient-1-8] DEBUG org.asynchttpclient.netty.handler.HttpHandler - 

Request DefaultHttpRequest(decodeResult: success, version: HTTP/1.1)
POST /session/5f650f9216620efb51bd89e38755aff1/element/a5e8412d-7899-4fab-99b4-c505afbe6e45/value HTTP/1.1
User-Agent: selenium/4.1.2 (java windows)
Content-Length: 361
Content-Type: application/json; charset=utf-8
host: localhost:60994
accept: */*

Response DefaultHttpResponse(decodeResult: success, version: HTTP/1.1)
HTTP/1.1 200 OK
Content-Type: application/json; charset=utf-8
cache-control: no-cache
content-length: 14

00:40:11.008 [AsyncHttpClient-1-8] DEBUG org.asynchttpclient.netty.channel.ChannelManager - Adding key: http://localhost:60994 for channel [id: 0xb9137a75, L:/127.0.0.1:51154 - R:localhost/127.0.0.1:60994]
00:40:11.013 [Forwarding screenshot on session 5f650f9216620efb51bd89e38755aff1 to remote] DEBUG org.asynchttpclient.netty.request.NettyRequestSender - Using pooled Channel '[id: 0xb9137a75, L:/127.0.0.1:51154 - R:localhost/127.0.0.1:60994]' for 'GET' to 'http://localhost:60994/session/5f650f9216620efb51bd89e38755aff1/screenshot'
00:40:11.013 [Forwarding screenshot on session 5f650f9216620efb51bd89e38755aff1 to remote] DEBUG org.asynchttpclient.netty.request.NettyRequestSender - Using open Channel [id: 0xb9137a75, L:/127.0.0.1:51154 - R:localhost/127.0.0.1:60994] for GET '/session/5f650f9216620efb51bd89e38755aff1/screenshot'
00:40:11.169 [AsyncHttpClient-1-8] DEBUG org.asynchttpclient.netty.handler.HttpHandler - 

Request DefaultFullHttpRequest(decodeResult: success, version: HTTP/1.1, content: EmptyByteBufBE)
GET /session/5f650f9216620efb51bd89e38755aff1/screenshot HTTP/1.1
User-Agent: selenium/4.1.2 (java windows)
Cache-Control: no-cache
Content-Type: application/json; charset=utf-8
host: localhost:60994
accept: */*

Response DefaultHttpResponse(decodeResult: success, version: HTTP/1.1)
HTTP/1.1 200 OK
Content-Type: application/json; charset=utf-8
cache-control: no-cache
content-length: 47760

00:40:11.170 [AsyncHttpClient-1-8] DEBUG org.asynchttpclient.netty.channel.ChannelManager - Adding key: http://localhost:60994 for channel [id: 0xb9137a75, L:/127.0.0.1:51154 - R:localhost/127.0.0.1:60994]
00:40:11.172 [main] DEBUG net.serenitybdd.core.photography.Darkroom - Send negative for processing for target\site\serenity\d751b488e03ea21a79f0705c5d4a66035d457fa126fa3832d92acf838e97fa1f.png
00:40:11.172 [main] DEBUG net.thucydides.core.steps.StepInterceptor - STEP DONE: typeMyEmail
  &amp#27;[32mWhen &amp#27;[0m&amp#27;[32mI type my email &amp#27;[0m&amp#27;[32m&amp#27;[1mlandon.mcdermott@hotmail.com&amp#27;[0m &amp#27;[90m# stepdefinitions.LoginStep.iTypeMyEmail(java.lang.String)&amp#27;[0m
00:40:11.172 [Darkroom Processing Line] DEBUG net.serenitybdd.core.photography.DarkroomProcessingLine - Processing screenshot image in /var/screenshots/screenshot-5794745204589765171
00:40:11.172 [Darkroom Processing Line] DEBUG net.serenitybdd.core.photography.DarkroomProcessingLine - Saving screenshot to target\site\serenity\d751b488e03ea21a79f0705c5d4a66035d457fa126fa3832d92acf838e97fa1f.png
00:40:11.190 [main] DEBUG net.thucydides.core.steps.StepInterceptor - STARTING STEP: LoginStep.iTypeMyPassword - typeMyPassword
00:40:11.191 [Forwarding findElement on session 5f650f9216620efb51bd89e38755aff1 to remote] DEBUG org.asynchttpclient.netty.request.NettyRequestSender - Using pooled Channel '[id: 0xb9137a75, L:/127.0.0.1:51154 - R:localhost/127.0.0.1:60994]' for 'POST' to 'http://localhost:60994/session/5f650f9216620efb51bd89e38755aff1/element'
00:40:11.191 [Forwarding findElement on session 5f650f9216620efb51bd89e38755aff1 to remote] DEBUG org.asynchttpclient.netty.request.NettyRequestSender - Using open Channel [id: 0xb9137a75, L:/127.0.0.1:51154 - R:localhost/127.0.0.1:60994] for POST '/session/5f650f9216620efb51bd89e38755aff1/element'
00:40:11.202 [AsyncHttpClient-1-8] DEBUG org.asynchttpclient.netty.handler.HttpHandler - 

Request DefaultHttpRequest(decodeResult: success, version: HTTP/1.1)
POST /session/5f650f9216620efb51bd89e38755aff1/element HTTP/1.1
User-Agent: selenium/4.1.2 (java windows)
Content-Length: 87
Content-Type: application/json; charset=utf-8
host: localhost:60994
accept: */*

Response DefaultHttpResponse(decodeResult: success, version: HTTP/1.1)
HTTP/1.1 200 OK
Content-Type: application/json; charset=utf-8
cache-control: no-cache
content-length: 88

00:40:11.203 [AsyncHttpClient-1-8] DEBUG org.asynchttpclient.netty.channel.ChannelManager - Adding key: http://localhost:60994 for channel [id: 0xb9137a75, L:/127.0.0.1:51154 - R:localhost/127.0.0.1:60994]
00:40:11.204 [Forwarding sendKeysToElement on session 5f650f9216620efb51bd89e38755aff1 to remote] DEBUG org.asynchttpclient.netty.request.NettyRequestSender - Using pooled Channel '[id: 0xb9137a75, L:/127.0.0.1:51154 - R:localhost/127.0.0.1:60994]' for 'POST' to 'http://localhost:60994/session/5f650f9216620efb51bd89e38755aff1/element/02b43263-d795-4100-9821-5149011bb1b2/value'
00:40:11.204 [Forwarding sendKeysToElement on session 5f650f9216620efb51bd89e38755aff1 to remote] DEBUG org.asynchttpclient.netty.request.NettyRequestSender - Using open Channel [id: 0xb9137a75, L:/127.0.0.1:51154 - R:localhost/127.0.0.1:60994] for POST '/session/5f650f9216620efb51bd89e38755aff1/element/02b43263-d795-4100-9821-5149011bb1b2/value'
00:40:11.271 [AsyncHttpClient-1-8] DEBUG org.asynchttpclient.netty.handler.HttpHandler - 

Request DefaultHttpRequest(decodeResult: success, version: HTTP/1.1)
POST /session/5f650f9216620efb51bd89e38755aff1/element/02b43263-d795-4100-9821-5149011bb1b2/value HTTP/1.1
User-Agent: selenium/4.1.2 (java windows)
Content-Length: 131
Content-Type: application/json; charset=utf-8
host: localhost:60994
accept: */*

Response DefaultHttpResponse(decodeResult: success, version: HTTP/1.1)
HTTP/1.1 200 OK
Content-Type: application/json; charset=utf-8
cache-control: no-cache
content-length: 14

00:40:11.272 [AsyncHttpClient-1-8] DEBUG org.asynchttpclient.netty.channel.ChannelManager - Adding key: http://localhost:60994 for channel [id: 0xb9137a75, L:/127.0.0.1:51154 - R:localhost/127.0.0.1:60994]
00:40:11.276 [Forwarding screenshot on session 5f650f9216620efb51bd89e38755aff1 to remote] DEBUG org.asynchttpclient.netty.request.NettyRequestSender - Using pooled Channel '[id: 0xb9137a75, L:/127.0.0.1:51154 - R:localhost/127.0.0.1:60994]' for 'GET' to 'http://localhost:60994/session/5f650f9216620efb51bd89e38755aff1/screenshot'
00:40:11.276 [Forwarding screenshot on session 5f650f9216620efb51bd89e38755aff1 to remote] DEBUG org.asynchttpclient.netty.request.NettyRequestSender - Using open Channel [id: 0xb9137a75, L:/127.0.0.1:51154 - R:localhost/127.0.0.1:60994] for GET '/session/5f650f9216620efb51bd89e38755aff1/screenshot'
00:40:11.397 [AsyncHttpClient-1-1] DEBUG org.asynchttpclient.netty.channel.DefaultChannelPool - Entry count for : http://localhost:51155 : 1
00:40:11.420 [AsyncHttpClient-1-8] DEBUG org.asynchttpclient.netty.handler.HttpHandler - 

Request DefaultFullHttpRequest(decodeResult: success, version: HTTP/1.1, content: EmptyByteBufBE)
GET /session/5f650f9216620efb51bd89e38755aff1/screenshot HTTP/1.1
User-Agent: selenium/4.1.2 (java windows)
Cache-Control: no-cache
Content-Type: application/json; charset=utf-8
host: localhost:60994
accept: */*

Response DefaultHttpResponse(decodeResult: success, version: HTTP/1.1)
HTTP/1.1 200 OK
Content-Type: application/json; charset=utf-8
cache-control: no-cache
content-length: 49784

00:40:11.420 [AsyncHttpClient-1-8] DEBUG org.asynchttpclient.netty.channel.ChannelManager - Adding key: http://localhost:60994 for channel [id: 0xb9137a75, L:/127.0.0.1:51154 - R:localhost/127.0.0.1:60994]
00:40:11.422 [main] DEBUG net.serenitybdd.core.photography.Darkroom - Send negative for processing for target\site\serenity\682d9844730376f63dc5c4d67fe202da468ccbb7ec3cdddef31eac2123da3586.png
00:40:11.423 [main] DEBUG net.thucydides.core.steps.StepInterceptor - STEP DONE: typeMyPassword
  &amp#27;[32mAnd &amp#27;[0m&amp#27;[32mI type my password &amp#27;[0m&amp#27;[32m&amp#27;[1maiueo&amp#27;[0m                      &amp#27;[90m# stepdefinitions.LoginStep.iTypeMyPassword(java.lang.String)&amp#27;[0m
00:40:11.423 [Darkroom Processing Line] DEBUG net.serenitybdd.core.photography.DarkroomProcessingLine - Processing screenshot image in /var/screenshots/screenshot-10834154463900204913
00:40:11.423 [Darkroom Processing Line] DEBUG net.serenitybdd.core.photography.DarkroomProcessingLine - Saving screenshot to target\site\serenity\682d9844730376f63dc5c4d67fe202da468ccbb7ec3cdddef31eac2123da3586.png
00:40:11.440 [main] DEBUG net.thucydides.core.steps.StepInterceptor - STARTING STEP: LoginStep.iClickLoginButton - clickLoginButton
00:40:11.442 [Forwarding findElement on session 5f650f9216620efb51bd89e38755aff1 to remote] DEBUG org.asynchttpclient.netty.request.NettyRequestSender - Using pooled Channel '[id: 0xb9137a75, L:/127.0.0.1:51154 - R:localhost/127.0.0.1:60994]' for 'POST' to 'http://localhost:60994/session/5f650f9216620efb51bd89e38755aff1/element'
00:40:11.442 [Forwarding findElement on session 5f650f9216620efb51bd89e38755aff1 to remote] DEBUG org.asynchttpclient.netty.request.NettyRequestSender - Using open Channel [id: 0xb9137a75, L:/127.0.0.1:51154 - R:localhost/127.0.0.1:60994] for POST '/session/5f650f9216620efb51bd89e38755aff1/element'
00:40:11.455 [AsyncHttpClient-1-8] DEBUG org.asynchttpclient.netty.handler.HttpHandler - 

Request DefaultHttpRequest(decodeResult: success, version: HTTP/1.1)
POST /session/5f650f9216620efb51bd89e38755aff1/element HTTP/1.1
User-Agent: selenium/4.1.2 (java windows)
Content-Length: 155
Content-Type: application/json; charset=utf-8
host: localhost:60994
accept: */*

Response DefaultHttpResponse(decodeResult: success, version: HTTP/1.1)
HTTP/1.1 200 OK
Content-Type: application/json; charset=utf-8
cache-control: no-cache
content-length: 88

00:40:11.455 [AsyncHttpClient-1-8] DEBUG org.asynchttpclient.netty.channel.ChannelManager - Adding key: http://localhost:60994 for channel [id: 0xb9137a75, L:/127.0.0.1:51154 - R:localhost/127.0.0.1:60994]
00:40:11.457 [Forwarding getElementTagName on session 5f650f9216620efb51bd89e38755aff1 to remote] DEBUG org.asynchttpclient.netty.request.NettyRequestSender - Using pooled Channel '[id: 0xb9137a75, L:/127.0.0.1:51154 - R:localhost/127.0.0.1:60994]' for 'GET' to 'http://localhost:60994/session/5f650f9216620efb51bd89e38755aff1/element/37f138ee-2d4e-47a8-97c3-4ea8a39e3e75/name'
00:40:11.457 [Forwarding getElementTagName on session 5f650f9216620efb51bd89e38755aff1 to remote] DEBUG org.asynchttpclient.netty.request.NettyRequestSender - Using open Channel [id: 0xb9137a75, L:/127.0.0.1:51154 - R:localhost/127.0.0.1:60994] for GET '/session/5f650f9216620efb51bd89e38755aff1/element/37f138ee-2d4e-47a8-97c3-4ea8a39e3e75/name'
00:40:11.460 [AsyncHttpClient-1-8] DEBUG org.asynchttpclient.netty.handler.HttpHandler - 

Request DefaultFullHttpRequest(decodeResult: success, version: HTTP/1.1, content: EmptyByteBufBE)
GET /session/5f650f9216620efb51bd89e38755aff1/element/37f138ee-2d4e-47a8-97c3-4ea8a39e3e75/name HTTP/1.1
User-Agent: selenium/4.1.2 (java windows)
Cache-Control: no-cache
Content-Type: application/json; charset=utf-8
host: localhost:60994
accept: */*

Response DefaultHttpResponse(decodeResult: success, version: HTTP/1.1)
HTTP/1.1 200 OK
Content-Type: application/json; charset=utf-8
cache-control: no-cache
content-length: 18

00:40:11.461 [AsyncHttpClient-1-8] DEBUG org.asynchttpclient.netty.channel.ChannelManager - Adding key: http://localhost:60994 for channel [id: 0xb9137a75, L:/127.0.0.1:51154 - R:localhost/127.0.0.1:60994]
00:40:11.462 [Forwarding getElementTagName on session 5f650f9216620efb51bd89e38755aff1 to remote] DEBUG org.asynchttpclient.netty.request.NettyRequestSender - Using pooled Channel '[id: 0xb9137a75, L:/127.0.0.1:51154 - R:localhost/127.0.0.1:60994]' for 'GET' to 'http://localhost:60994/session/5f650f9216620efb51bd89e38755aff1/element/37f138ee-2d4e-47a8-97c3-4ea8a39e3e75/name'
00:40:11.462 [Forwarding getElementTagName on session 5f650f9216620efb51bd89e38755aff1 to remote] DEBUG org.asynchttpclient.netty.request.NettyRequestSender - Using open Channel [id: 0xb9137a75, L:/127.0.0.1:51154 - R:localhost/127.0.0.1:60994] for GET '/session/5f650f9216620efb51bd89e38755aff1/element/37f138ee-2d4e-47a8-97c3-4ea8a39e3e75/name'
00:40:11.465 [AsyncHttpClient-1-8] DEBUG org.asynchttpclient.netty.handler.HttpHandler - 

Request DefaultFullHttpRequest(decodeResult: success, version: HTTP/1.1, content: EmptyByteBufBE)
GET /session/5f650f9216620efb51bd89e38755aff1/element/37f138ee-2d4e-47a8-97c3-4ea8a39e3e75/name HTTP/1.1
User-Agent: selenium/4.1.2 (java windows)
Cache-Control: no-cache
Content-Type: application/json; charset=utf-8
host: localhost:60994
accept: */*

Response DefaultHttpResponse(decodeResult: success, version: HTTP/1.1)
HTTP/1.1 200 OK
Content-Type: application/json; charset=utf-8
cache-control: no-cache
content-length: 18

00:40:11.465 [AsyncHttpClient-1-8] DEBUG org.asynchttpclient.netty.channel.ChannelManager - Adding key: http://localhost:60994 for channel [id: 0xb9137a75, L:/127.0.0.1:51154 - R:localhost/127.0.0.1:60994]
00:40:11.467 [Forwarding isElementEnabled on session 5f650f9216620efb51bd89e38755aff1 to remote] DEBUG org.asynchttpclient.netty.request.NettyRequestSender - Using pooled Channel '[id: 0xb9137a75, L:/127.0.0.1:51154 - R:localhost/127.0.0.1:60994]' for 'GET' to 'http://localhost:60994/session/5f650f9216620efb51bd89e38755aff1/element/37f138ee-2d4e-47a8-97c3-4ea8a39e3e75/enabled'
00:40:11.468 [Forwarding isElementEnabled on session 5f650f9216620efb51bd89e38755aff1 to remote] DEBUG org.asynchttpclient.netty.request.NettyRequestSender - Using open Channel [id: 0xb9137a75, L:/127.0.0.1:51154 - R:localhost/127.0.0.1:60994] for GET '/session/5f650f9216620efb51bd89e38755aff1/element/37f138ee-2d4e-47a8-97c3-4ea8a39e3e75/enabled'
00:40:11.477 [AsyncHttpClient-1-8] DEBUG org.asynchttpclient.netty.handler.HttpHandler - 

Request DefaultFullHttpRequest(decodeResult: success, version: HTTP/1.1, content: EmptyByteBufBE)
GET /session/5f650f9216620efb51bd89e38755aff1/element/37f138ee-2d4e-47a8-97c3-4ea8a39e3e75/enabled HTTP/1.1
User-Agent: selenium/4.1.2 (java windows)
Cache-Control: no-cache
Content-Type: application/json; charset=utf-8
host: localhost:60994
accept: */*

Response DefaultHttpResponse(decodeResult: success, version: HTTP/1.1)
HTTP/1.1 200 OK
Content-Type: application/json; charset=utf-8
cache-control: no-cache
content-length: 14

00:40:11.477 [AsyncHttpClient-1-8] DEBUG org.asynchttpclient.netty.channel.ChannelManager - Adding key: http://localhost:60994 for channel [id: 0xb9137a75, L:/127.0.0.1:51154 - R:localhost/127.0.0.1:60994]
00:40:11.479 [Forwarding isElementEnabled on session 5f650f9216620efb51bd89e38755aff1 to remote] DEBUG org.asynchttpclient.netty.request.NettyRequestSender - Using pooled Channel '[id: 0xb9137a75, L:/127.0.0.1:51154 - R:localhost/127.0.0.1:60994]' for 'GET' to 'http://localhost:60994/session/5f650f9216620efb51bd89e38755aff1/element/37f138ee-2d4e-47a8-97c3-4ea8a39e3e75/enabled'
00:40:11.479 [Forwarding isElementEnabled on session 5f650f9216620efb51bd89e38755aff1 to remote] DEBUG org.asynchttpclient.netty.request.NettyRequestSender - Using open Channel [id: 0xb9137a75, L:/127.0.0.1:51154 - R:localhost/127.0.0.1:60994] for GET '/session/5f650f9216620efb51bd89e38755aff1/element/37f138ee-2d4e-47a8-97c3-4ea8a39e3e75/enabled'
00:40:11.490 [AsyncHttpClient-1-8] DEBUG org.asynchttpclient.netty.handler.HttpHandler - 

Request DefaultFullHttpRequest(decodeResult: success, version: HTTP/1.1, content: EmptyByteBufBE)
GET /session/5f650f9216620efb51bd89e38755aff1/element/37f138ee-2d4e-47a8-97c3-4ea8a39e3e75/enabled HTTP/1.1
User-Agent: selenium/4.1.2 (java windows)
Cache-Control: no-cache
Content-Type: application/json; charset=utf-8
host: localhost:60994
accept: */*

Response DefaultHttpResponse(decodeResult: success, version: HTTP/1.1)
HTTP/1.1 200 OK
Content-Type: application/json; charset=utf-8
cache-control: no-cache
content-length: 14

00:40:11.490 [AsyncHttpClient-1-8] DEBUG org.asynchttpclient.netty.channel.ChannelManager - Adding key: http://localhost:60994 for channel [id: 0xb9137a75, L:/127.0.0.1:51154 - R:localhost/127.0.0.1:60994]
00:40:11.493 [Forwarding findElement on session 5f650f9216620efb51bd89e38755aff1 to remote] DEBUG org.asynchttpclient.netty.request.NettyRequestSender - Using pooled Channel '[id: 0xb9137a75, L:/127.0.0.1:51154 - R:localhost/127.0.0.1:60994]' for 'POST' to 'http://localhost:60994/session/5f650f9216620efb51bd89e38755aff1/element'
00:40:11.493 [Forwarding findElement on session 5f650f9216620efb51bd89e38755aff1 to remote] DEBUG org.asynchttpclient.netty.request.NettyRequestSender - Using open Channel [id: 0xb9137a75, L:/127.0.0.1:51154 - R:localhost/127.0.0.1:60994] for POST '/session/5f650f9216620efb51bd89e38755aff1/element'
00:40:11.500 [AsyncHttpClient-1-8] DEBUG org.asynchttpclient.netty.handler.HttpHandler - 

Request DefaultHttpRequest(decodeResult: success, version: HTTP/1.1)
POST /session/5f650f9216620efb51bd89e38755aff1/element HTTP/1.1
User-Agent: selenium/4.1.2 (java windows)
Content-Length: 155
Content-Type: application/json; charset=utf-8
host: localhost:60994
accept: */*

Response DefaultHttpResponse(decodeResult: success, version: HTTP/1.1)
HTTP/1.1 200 OK
Content-Type: application/json; charset=utf-8
cache-control: no-cache
content-length: 88

00:40:11.500 [AsyncHttpClient-1-8] DEBUG org.asynchttpclient.netty.channel.ChannelManager - Adding key: http://localhost:60994 for channel [id: 0xb9137a75, L:/127.0.0.1:51154 - R:localhost/127.0.0.1:60994]
00:40:11.505 [Forwarding clickElement on session 5f650f9216620efb51bd89e38755aff1 to remote] DEBUG org.asynchttpclient.netty.request.NettyRequestSender - Using pooled Channel '[id: 0xb9137a75, L:/127.0.0.1:51154 - R:localhost/127.0.0.1:60994]' for 'POST' to 'http://localhost:60994/session/5f650f9216620efb51bd89e38755aff1/element/37f138ee-2d4e-47a8-97c3-4ea8a39e3e75/click'
00:40:11.505 [Forwarding clickElement on session 5f650f9216620efb51bd89e38755aff1 to remote] DEBUG org.asynchttpclient.netty.request.NettyRequestSender - Using open Channel [id: 0xb9137a75, L:/127.0.0.1:51154 - R:localhost/127.0.0.1:60994] for POST '/session/5f650f9216620efb51bd89e38755aff1/element/37f138ee-2d4e-47a8-97c3-4ea8a39e3e75/click'
00:40:11.564 [AsyncHttpClient-1-8] DEBUG org.asynchttpclient.netty.handler.HttpHandler - 

Request DefaultHttpRequest(decodeResult: success, version: HTTP/1.1)
POST /session/5f650f9216620efb51bd89e38755aff1/element/37f138ee-2d4e-47a8-97c3-4ea8a39e3e75/click HTTP/1.1
User-Agent: selenium/4.1.2 (java windows)
Content-Length: 50
Content-Type: application/json; charset=utf-8
host: localhost:60994
accept: */*

Response DefaultHttpResponse(decodeResult: success, version: HTTP/1.1)
HTTP/1.1 200 OK
Content-Type: application/json; charset=utf-8
cache-control: no-cache
content-length: 14

00:40:11.564 [AsyncHttpClient-1-8] DEBUG org.asynchttpclient.netty.channel.ChannelManager - Adding key: http://localhost:60994 for channel [id: 0xb9137a75, L:/127.0.0.1:51154 - R:localhost/127.0.0.1:60994]
00:40:11.573 [Forwarding screenshot on session 5f650f9216620efb51bd89e38755aff1 to remote] DEBUG org.asynchttpclient.netty.request.NettyRequestSender - Using pooled Channel '[id: 0xb9137a75, L:/127.0.0.1:51154 - R:localhost/127.0.0.1:60994]' for 'GET' to 'http://localhost:60994/session/5f650f9216620efb51bd89e38755aff1/screenshot'
00:40:11.573 [Forwarding screenshot on session 5f650f9216620efb51bd89e38755aff1 to remote] DEBUG org.asynchttpclient.netty.request.NettyRequestSender - Using open Channel [id: 0xb9137a75, L:/127.0.0.1:51154 - R:localhost/127.0.0.1:60994] for GET '/session/5f650f9216620efb51bd89e38755aff1/screenshot'
00:40:11.816 [AsyncHttpClient-1-8] DEBUG org.asynchttpclient.netty.handler.HttpHandler - 

Request DefaultFullHttpRequest(decodeResult: success, version: HTTP/1.1, content: EmptyByteBufBE)
GET /session/5f650f9216620efb51bd89e38755aff1/screenshot HTTP/1.1
User-Agent: selenium/4.1.2 (java windows)
Cache-Control: no-cache
Content-Type: application/json; charset=utf-8
host: localhost:60994
accept: */*

Response DefaultHttpResponse(decodeResult: success, version: HTTP/1.1)
HTTP/1.1 200 OK
Content-Type: application/json; charset=utf-8
cache-control: no-cache
content-length: 48880

00:40:11.816 [AsyncHttpClient-1-8] DEBUG org.asynchttpclient.netty.channel.ChannelManager - Adding key: http://localhost:60994 for channel [id: 0xb9137a75, L:/127.0.0.1:51154 - R:localhost/127.0.0.1:60994]
00:40:11.819 [main] DEBUG net.serenitybdd.core.photography.Darkroom - Send negative for processing for target\site\serenity\c1a74b283dba6dd68e6d8997962e1b45a40cdd29c251cad4c07f906b601e1bd1.png
00:40:11.820 [main] DEBUG net.thucydides.core.steps.StepInterceptor - STEP DONE: clickLoginButton
  &amp#27;[32mAnd &amp#27;[0m&amp#27;[32mI click Login button&amp#27;[0m                          &amp#27;[90m# stepdefinitions.LoginStep.iClickLoginButton()&amp#27;[0m
00:40:11.820 [Darkroom Processing Line] DEBUG net.serenitybdd.core.photography.DarkroomProcessingLine - Processing screenshot image in /var/screenshots/screenshot-10114990922950775547
00:40:11.820 [Darkroom Processing Line] DEBUG net.serenitybdd.core.photography.DarkroomProcessingLine - Saving screenshot to target\site\serenity\c1a74b283dba6dd68e6d8997962e1b45a40cdd29c251cad4c07f906b601e1bd1.png
00:40:11.833 [main] DEBUG net.thucydides.core.steps.StepInterceptor - STARTING STEP: LoginStep.iOnHomePage - validateOnHomePage
00:40:11.838 [Forwarding findElement on session 5f650f9216620efb51bd89e38755aff1 to remote] DEBUG org.asynchttpclient.netty.request.NettyRequestSender - Using pooled Channel '[id: 0xb9137a75, L:/127.0.0.1:51154 - R:localhost/127.0.0.1:60994]' for 'POST' to 'http://localhost:60994/session/5f650f9216620efb51bd89e38755aff1/element'
00:40:11.838 [Forwarding findElement on session 5f650f9216620efb51bd89e38755aff1 to remote] DEBUG org.asynchttpclient.netty.request.NettyRequestSender - Using open Channel [id: 0xb9137a75, L:/127.0.0.1:51154 - R:localhost/127.0.0.1:60994] for POST '/session/5f650f9216620efb51bd89e38755aff1/element'
00:40:11.850 [AsyncHttpClient-1-8] DEBUG org.asynchttpclient.netty.handler.HttpHandler - 

Request DefaultHttpRequest(decodeResult: success, version: HTTP/1.1)
POST /session/5f650f9216620efb51bd89e38755aff1/element HTTP/1.1
User-Agent: selenium/4.1.2 (java windows)
Content-Length: 136
Content-Type: application/json; charset=utf-8
host: localhost:60994
accept: */*

Response DefaultHttpResponse(decodeResult: success, version: HTTP/1.1)
HTTP/1.1 200 OK
Content-Type: application/json; charset=utf-8
cache-control: no-cache
content-length: 88

00:40:11.850 [AsyncHttpClient-1-8] DEBUG org.asynchttpclient.netty.channel.ChannelManager - Adding key: http://localhost:60994 for channel [id: 0xb9137a75, L:/127.0.0.1:51154 - R:localhost/127.0.0.1:60994]
00:40:11.856 [Forwarding isElementDisplayed on session 5f650f9216620efb51bd89e38755aff1 to remote] DEBUG org.asynchttpclient.netty.request.NettyRequestSender - Using pooled Channel '[id: 0xb9137a75, L:/127.0.0.1:51154 - R:localhost/127.0.0.1:60994]' for 'POST' to 'http://localhost:60994/session/5f650f9216620efb51bd89e38755aff1/execute/sync'
00:40:11.856 [Forwarding isElementDisplayed on session 5f650f9216620efb51bd89e38755aff1 to remote] DEBUG org.asynchttpclient.netty.request.NettyRequestSender - Using open Channel [id: 0xb9137a75, L:/127.0.0.1:51154 - R:localhost/127.0.0.1:60994] for POST '/session/5f650f9216620efb51bd89e38755aff1/execute/sync'
00:40:11.871 [AsyncHttpClient-1-8] DEBUG org.asynchttpclient.netty.handler.HttpHandler - 

Request DefaultHttpRequest(decodeResult: success, version: HTTP/1.1)
POST /session/5f650f9216620efb51bd89e38755aff1/execute/sync HTTP/1.1
User-Agent: selenium/4.1.2 (java windows)
Content-Length: 48780
Content-Type: application/json; charset=utf-8
host: localhost:60994
accept: */*

Response DefaultHttpResponse(decodeResult: success, version: HTTP/1.1)
HTTP/1.1 200 OK
Content-Type: application/json; charset=utf-8
cache-control: no-cache
content-length: 14

00:40:11.871 [AsyncHttpClient-1-8] DEBUG org.asynchttpclient.netty.channel.ChannelManager - Adding key: http://localhost:60994 for channel [id: 0xb9137a75, L:/127.0.0.1:51154 - R:localhost/127.0.0.1:60994]
00:40:11.875 [Forwarding screenshot on session 5f650f9216620efb51bd89e38755aff1 to remote] DEBUG org.asynchttpclient.netty.request.NettyRequestSender - Using pooled Channel '[id: 0xb9137a75, L:/127.0.0.1:51154 - R:localhost/127.0.0.1:60994]' for 'GET' to 'http://localhost:60994/session/5f650f9216620efb51bd89e38755aff1/screenshot'
00:40:11.875 [Forwarding screenshot on session 5f650f9216620efb51bd89e38755aff1 to remote] DEBUG org.asynchttpclient.netty.request.NettyRequestSender - Using open Channel [id: 0xb9137a75, L:/127.0.0.1:51154 - R:localhost/127.0.0.1:60994] for GET '/session/5f650f9216620efb51bd89e38755aff1/screenshot'
00:40:12.016 [AsyncHttpClient-1-8] DEBUG org.asynchttpclient.netty.handler.HttpHandler - 

Request DefaultFullHttpRequest(decodeResult: success, version: HTTP/1.1, content: EmptyByteBufBE)
GET /session/5f650f9216620efb51bd89e38755aff1/screenshot HTTP/1.1
User-Agent: selenium/4.1.2 (java windows)
Cache-Control: no-cache
Content-Type: application/json; charset=utf-8
host: localhost:60994
accept: */*

Response DefaultHttpResponse(decodeResult: success, version: HTTP/1.1)
HTTP/1.1 200 OK
Content-Type: application/json; charset=utf-8
cache-control: no-cache
content-length: 47188

00:40:12.017 [AsyncHttpClient-1-8] DEBUG org.asynchttpclient.netty.channel.ChannelManager - Adding key: http://localhost:60994 for channel [id: 0xb9137a75, L:/127.0.0.1:51154 - R:localhost/127.0.0.1:60994]
00:40:12.019 [main] DEBUG net.serenitybdd.core.photography.Darkroom - Send negative for processing for target\site\serenity\a2abc1dc29166aa24de4858d4af7306500db6181d55d73da15486c85cb006b27.png
00:40:12.020 [main] DEBUG net.thucydides.core.steps.StepInterceptor - STEP DONE: validateOnHomePage
  &amp#27;[32mThen &amp#27;[0m&amp#27;[32mI on home page&amp#27;[0m                               &amp#27;[90m# stepdefinitions.LoginStep.iOnHomePage()&amp#27;[0m
00:40:12.020 [Darkroom Processing Line] DEBUG net.serenitybdd.core.photography.DarkroomProcessingLine - Processing screenshot image in /var/screenshots/screenshot-13205670320234210995
00:40:12.020 [Darkroom Processing Line] DEBUG net.serenitybdd.core.photography.DarkroomProcessingLine - Saving screenshot to target\site\serenity\a2abc1dc29166aa24de4858d4af7306500db6181d55d73da15486c85cb006b27.png
00:40:12.026 [main] INFO  - 
  _____   ___   ___   _____     ___     _     ___   ___   ___   ___  
 |_   _| | __| / __| |_   _|   | _ \   /_\   / __| / __| | __| |   \ 
   | |   | _|  \__ \   | |     |  _/  / _ \  \__ \ \__ \ | _|  | |) |
   |_|   |___| |___/   |_|     |_|   /_/ \_\ |___/ |___/ |___| |___/ 

As a user, i have able to login
----------------------------------------------------------------------
00:40:12.028 [AsyncHttpClient-1-2] DEBUG org.asynchttpclient.netty.handler.WebSocketHandler - Channel Closed: [id: 0xcf0c63ad, L:/127.0.0.1:51163 ! R:localhost/127.0.0.1:51155] with attribute NettyResponseFuture{currentRetry=5,
	isDone=1,
	isCancelled=0,
	asyncHandler=org.asynchttpclient.ws.WebSocketUpgradeHandler@4018dd6c,
	nettyRequest=org.asynchttpclient.netty.request.NettyRequest@d199f6c,
	future=java.util.concurrent.CompletableFuture@12ef05c3[Completed normally],
	uri=ws://localhost:51155/devtools/browser/b5f4af14-3104-423a-9281-5ad5897c8e06,
	keepAlive=true,
	redirectCount=0,
	timeoutsHolder=null,
	inAuth=0,
	touch=1652463608190}
00:40:12.028 [AsyncHttpClient-1-2] DEBUG org.asynchttpclient.netty.channel.ChannelManager - Closing Channel [id: 0xcf0c63ad, L:/127.0.0.1:51163 ! R:localhost/127.0.0.1:51155] 
00:40:12.028 [Driver Command Executor] DEBUG org.asynchttpclient.netty.request.NettyRequestSender - Using pooled Channel '[id: 0xb9137a75, L:/127.0.0.1:51154 - R:localhost/127.0.0.1:60994]' for 'DELETE' to 'http://localhost:60994/session/5f650f9216620efb51bd89e38755aff1'
00:40:12.029 [Driver Command Executor] DEBUG org.asynchttpclient.netty.request.NettyRequestSender - Using open Channel [id: 0xb9137a75, L:/127.0.0.1:51154 - R:localhost/127.0.0.1:60994] for DELETE '/session/5f650f9216620efb51bd89e38755aff1'
00:40:12.106 [AsyncHttpClient-1-9] DEBUG org.asynchttpclient.netty.handler.HttpHandler - Unexpected I/O exception on channel [id: 0x4ef2f854, L:/127.0.0.1:51162 - R:localhost/127.0.0.1:51155]
java.io.IOException: An existing connection was forcibly closed by the remote host
	at java.base/sun.nio.ch.SocketDispatcher.read0(Native Method)
	at java.base/sun.nio.ch.SocketDispatcher.read(SocketDispatcher.java:43)
	at java.base/sun.nio.ch.IOUtil.readIntoNativeBuffer(IOUtil.java:276)
	at java.base/sun.nio.ch.IOUtil.read(IOUtil.java:233)
	at java.base/sun.nio.ch.IOUtil.read(IOUtil.java:223)
	at java.base/sun.nio.ch.SocketChannelImpl.read(SocketChannelImpl.java:358)
	at io.netty.buffer.PooledByteBuf.setBytes(PooledByteBuf.java:258)
	at io.netty.buffer.AbstractByteBuf.writeBytes(AbstractByteBuf.java:1132)
	at io.netty.channel.socket.nio.NioSocketChannel.doReadBytes(NioSocketChannel.java:350)
	at io.netty.channel.nio.AbstractNioByteChannel$NioByteUnsafe.read(AbstractNioByteChannel.java:151)
	at io.netty.channel.nio.NioEventLoop.processSelectedKey(NioEventLoop.java:722)
	at io.netty.channel.nio.NioEventLoop.processSelectedKeysOptimized(NioEventLoop.java:658)
	at io.netty.channel.nio.NioEventLoop.processSelectedKeys(NioEventLoop.java:584)
	at io.netty.channel.nio.NioEventLoop.run(NioEventLoop.java:496)
	at io.netty.util.concurrent.SingleThreadEventExecutor$4.run(SingleThreadEventExecutor.java:986)
	at io.netty.util.internal.ThreadExecutorMap$2.run(ThreadExecutorMap.java:74)
	at io.netty.util.concurrent.FastThreadLocalRunnable.run(FastThreadLocalRunnable.java:30)
	at java.base/java.lang.Thread.run(Thread.java:834)
00:40:12.106 [AsyncHttpClient-1-9] DEBUG org.asynchttpclient.netty.channel.ChannelManager - Closing Channel [id: 0x4ef2f854, L:/127.0.0.1:51162 - R:localhost/127.0.0.1:51155] 
00:40:12.106 [AsyncHttpClient-1-9] DEBUG org.asynchttpclient.netty.handler.HttpHandler - Channel Closed: [id: 0x4ef2f854, L:/127.0.0.1:51162 ! R:localhost/127.0.0.1:51155] with attribute DISCARD
00:40:12.123 [AsyncHttpClient-1-8] DEBUG org.asynchttpclient.netty.handler.HttpHandler - 

Request DefaultFullHttpRequest(decodeResult: success, version: HTTP/1.1, content: EmptyByteBufBE)
DELETE /session/5f650f9216620efb51bd89e38755aff1 HTTP/1.1
User-Agent: selenium/4.1.2 (java windows)
Content-Type: application/json; charset=utf-8
host: localhost:60994
accept: */*

Response DefaultHttpResponse(decodeResult: success, version: HTTP/1.1)
HTTP/1.1 200 OK
Content-Type: application/json; charset=utf-8
cache-control: no-cache
content-length: 14

00:40:12.124 [AsyncHttpClient-1-8] DEBUG org.asynchttpclient.netty.channel.ChannelManager - Adding key: http://localhost:60994 for channel [id: 0xb9137a75, L:/127.0.0.1:51154 - R:localhost/127.0.0.1:60994]
00:40:12.254 [AsyncHttpClient-1-8] DEBUG org.asynchttpclient.netty.handler.HttpHandler - Channel Closed: [id: 0xb9137a75, L:/127.0.0.1:51154 ! R:localhost/127.0.0.1:60994] with attribute DISCARD
00:40:12.495 [AsyncHttpClient-1-1] DEBUG org.asynchttpclient.netty.channel.DefaultChannelPool - Entry count for : http://localhost:51155 : 1
00:40:12.495 [AsyncHttpClient-1-1] DEBUG org.asynchttpclient.netty.channel.DefaultChannelPool - Entry count for : http://localhost:60994 : 1
00:40:12.495 [AsyncHttpClient-1-1] DEBUG org.asynchttpclient.netty.channel.DefaultChannelPool - Adding Candidate expired Channel [id: 0x4ef2f854, L:/127.0.0.1:51162 ! R:localhost/127.0.0.1:51155] isIdleTimeoutExpired=false isRemotelyClosed=true isTtlExpired=false
00:40:12.495 [AsyncHttpClient-1-1] DEBUG org.asynchttpclient.netty.channel.DefaultChannelPool - Closing Idle Channel [id: 0x4ef2f854, L:/127.0.0.1:51162 ! R:localhost/127.0.0.1:51155]
00:40:12.495 [AsyncHttpClient-1-1] DEBUG org.asynchttpclient.netty.channel.DefaultChannelPool - Adding Candidate expired Channel [id: 0xb9137a75, L:/127.0.0.1:51154 ! R:localhost/127.0.0.1:60994] isIdleTimeoutExpired=false isRemotelyClosed=true isTtlExpired=false
00:40:12.495 [AsyncHttpClient-1-1] DEBUG org.asynchttpclient.netty.channel.DefaultChannelPool - Closing Idle Channel [id: 0xb9137a75, L:/127.0.0.1:51154 ! R:localhost/127.0.0.1:60994]
00:40:12.495 [AsyncHttpClient-1-1] DEBUG org.asynchttpclient.netty.channel.DefaultChannelPool - Closed 2 connections out of 2 in 0 ms
]]></system-out>
    <system-err><![CDATA[Starting ChromeDriver 101.0.4951.41 (93c720db8323b3ec10d056025ab95c23a31997c9-refs/branch-heads/4951@{#904}) on port 60994
Only local connections are allowed.
Please see https://chromedriver.chromium.org/security-considerations for suggestions on keeping ChromeDriver safe.
ChromeDriver was started successfully.
May 14, 2022 12:40:08 AM org.openqa.selenium.remote.ProtocolHandshake createSession
INFO: Detected dialect: W3C
May 14, 2022 12:40:08 AM org.openqa.selenium.devtools.CdpVersionFinder findNearestMatch
WARNING: Unable to find an exact match for CDP version 101, so returning the closest version found: 97
May 14, 2022 12:40:08 AM org.openqa.selenium.devtools.CdpVersionFinder findNearestMatch
INFO: Found CDP implementation for version 101 of 97
]]></system-err>
  </testcase>
  <testcase name="As a user, i have not able to login because password is wrong" classname="Login" time="7.525">
    <system-out><![CDATA[
Scenario: As a user, i have not able to login because password is wrong &amp#27;[90m# src/test/resources/features/Login.feature:10&amp#27;[0m
00:40:12.796 [main] INFO io.cucumber.core.plugin.SerenityReporter - Running feature from file:///D:/Mini%20Project-QE%20Alta/Web%20Automation/FrontEnd-AltaShop/src/test/resources/features/Login.feature
00:40:12.800 [main] INFO  - 
  _____   ___   ___   _____     ___   _____     _     ___   _____   ___   ___  
 |_   _| | __| / __| |_   _|   / __| |_   _|   /_\   | _ \ |_   _| | __| |   \ 
   | |   | _|  \__ \   | |     \__ \   | |    / _ \  |   /   | |   | _|  | |) |
   |_|   |___| |___/   |_|     |___/   |_|   /_/ \_\ |_|_\   |_|   |___| |___/ 

As a user, i have not able to login because password is wrong(login;as-a-user--i-have-not-able-to-login-because-password-is-wrong)
--------------------------------------------------------------------------------
00:40:12.830 [main] DEBUG net.thucydides.core.steps.StepInterceptor - STARTING STEP: LoginStep.iAmOnLoginPage - onLoginPage
00:40:12.831 [main] INFO net.serenitybdd.core.webdriver.driverproviders.ChromeDriverProvider - Using automatically driver download
00:40:12.953 [main] DEBUG io.github.bonigarcia.wdm.cache.ResolutionCache - Resolution chrome=101 in cache (valid until 01:39:29 14/05/2022 ICT)
00:40:12.958 [main] DEBUG io.github.bonigarcia.wdm.cache.ResolutionCache - Resolution chrome101=101.0.4951.41 in cache (valid until 18:09:12 14/05/2022 ICT)
00:40:12.961 [main] INFO io.github.bonigarcia.wdm.WebDriverManager - Using chromedriver 101.0.4951.41 (resolved driver for Chrome 101)
00:40:12.976 [main] DEBUG io.github.bonigarcia.wdm.WebDriverManager - Driver chromedriver 101.0.4951.41 found in cache
00:40:12.977 [main] INFO io.github.bonigarcia.wdm.WebDriverManager - Exporting webdriver.chrome.driver as C:\Users\Siti Nurlatipah\.cache\selenium\chromedriver\win32\101.0.4951.41\chromedriver.exe
00:40:13.103 [main] DEBUG net.serenitybdd.core.webdriver.driverproviders.ProvideNewDriver - Instantiating driver
00:40:13.103 [main] DEBUG net.serenitybdd.core.webdriver.driverproviders.ProvideNewDriver - Driver capabilities: Capabilities {acceptInsecureCerts: false, base.url: https://qa.alta.id, browserName: chrome, chrome.driver: src/test/resources/webdrive..., driver: chrome, goog:chromeOptions: {args: [], extensions: []}}
00:40:13.645 [AsyncHttpClient-1-3] DEBUG org.asynchttpclient.netty.channel.NettyConnectListener - Using new Channel '[id: 0xade7ad54, L:/127.0.0.1:51184 - R:localhost/127.0.0.1:56987]' for 'POST' to '/session'
00:40:14.610 [AsyncHttpClient-1-3] DEBUG org.asynchttpclient.netty.handler.HttpHandler - 

Request DefaultHttpRequest(decodeResult: success, version: HTTP/1.1)
POST /session HTTP/1.1
User-Agent: selenium/4.1.2 (java windows)
Content-Length: 595
Content-Type: application/json; charset=utf-8
host: localhost:56987
accept: */*

Response DefaultHttpResponse(decodeResult: success, version: HTTP/1.1)
HTTP/1.1 200 OK
Content-Type: application/json; charset=utf-8
cache-control: no-cache
content-length: 792

00:40:14.610 [AsyncHttpClient-1-3] DEBUG org.asynchttpclient.netty.channel.ChannelManager - Adding key: http://localhost:56987 for channel [id: 0xade7ad54, L:/127.0.0.1:51184 - R:localhost/127.0.0.1:56987]
00:40:14.619 [AsyncHttpClient-1-4] DEBUG org.asynchttpclient.netty.channel.NettyConnectListener - Using new Channel '[id: 0xa1ab56a8, L:/127.0.0.1:51192 - R:localhost/127.0.0.1:51185]' for 'GET' to '/json/version'
00:40:14.619 [AsyncHttpClient-1-4] DEBUG org.asynchttpclient.netty.handler.HttpHandler - 

Request DefaultFullHttpRequest(decodeResult: success, version: HTTP/1.1, content: EmptyByteBufBE)
GET /json/version HTTP/1.1
User-Agent: selenium/4.1.2 (java windows)
host: localhost:51185
accept: */*

Response DefaultHttpResponse(decodeResult: success, version: HTTP/1.1)
HTTP/1.1 200 OK
Content-Type: application/json; charset=UTF-8
content-length: 427

00:40:14.620 [AsyncHttpClient-1-4] DEBUG org.asynchttpclient.netty.channel.ChannelManager - Adding key: http://localhost:51185 for channel [id: 0xa1ab56a8, L:/127.0.0.1:51192 - R:localhost/127.0.0.1:51185]
00:40:14.623 [AsyncHttpClient-1-5] DEBUG org.asynchttpclient.netty.channel.NettyConnectListener - Using new Channel '[id: 0xd01ba1a7, L:/127.0.0.1:51193 - R:localhost/127.0.0.1:51185]' for 'GET' to '/devtools/browser/be37246c-6b95-492d-bf94-5a4058217f6d'
00:40:14.624 [AsyncHttpClient-1-5] DEBUG org.asynchttpclient.netty.handler.WebSocketHandler - 

Request DefaultFullHttpRequest(decodeResult: success, version: HTTP/1.1, content: EmptyByteBufBE)
GET /devtools/browser/be37246c-6b95-492d-bf94-5a4058217f6d HTTP/1.1
upgrade: websocket
connection: upgrade
sec-websocket-key: y2p0UBJ/o0FCLA+uXfzX+g==
sec-websocket-version: 13
origin: http://localhost:51185
host: localhost:51185
accept: */*
user-agent: AHC/2.1

Response DefaultHttpResponse(decodeResult: success, version: HTTP/1.1)
HTTP/1.1 101 WebSocket Protocol Handshake
Upgrade: WebSocket
Connection: Upgrade
Sec-WebSocket-Accept: mnG1gPL+n5opGakuXpq3oaFD8PQ=

00:40:14.630 [Forwarding get on session 5f7f4aa2c420fcdddde2ba74349db912 to remote] DEBUG org.asynchttpclient.netty.request.NettyRequestSender - Using pooled Channel '[id: 0xade7ad54, L:/127.0.0.1:51184 - R:localhost/127.0.0.1:56987]' for 'POST' to 'http://localhost:56987/session/5f7f4aa2c420fcdddde2ba74349db912/url'
00:40:14.630 [Forwarding get on session 5f7f4aa2c420fcdddde2ba74349db912 to remote] DEBUG org.asynchttpclient.netty.request.NettyRequestSender - Using open Channel [id: 0xade7ad54, L:/127.0.0.1:51184 - R:localhost/127.0.0.1:56987] for POST '/session/5f7f4aa2c420fcdddde2ba74349db912/url'
00:40:14.702 [AsyncHttpClient-1-1] DEBUG org.asynchttpclient.netty.channel.DefaultChannelPool - Entry count for : http://localhost:51185 : 1
00:40:15.796 [AsyncHttpClient-1-1] DEBUG org.asynchttpclient.netty.channel.DefaultChannelPool - Entry count for : http://localhost:51185 : 1
00:40:16.896 [AsyncHttpClient-1-1] DEBUG org.asynchttpclient.netty.channel.DefaultChannelPool - Entry count for : http://localhost:51185 : 1
00:40:17.073 [AsyncHttpClient-1-3] DEBUG org.asynchttpclient.netty.handler.HttpHandler - 

Request DefaultHttpRequest(decodeResult: success, version: HTTP/1.1)
POST /session/5f7f4aa2c420fcdddde2ba74349db912/url HTTP/1.1
User-Agent: selenium/4.1.2 (java windows)
Content-Length: 64
Content-Type: application/json; charset=utf-8
host: localhost:56987
accept: */*

Response DefaultHttpResponse(decodeResult: success, version: HTTP/1.1)
HTTP/1.1 200 OK
Content-Type: application/json; charset=utf-8
cache-control: no-cache
content-length: 14

00:40:17.074 [AsyncHttpClient-1-3] DEBUG org.asynchttpclient.netty.channel.ChannelManager - Adding key: http://localhost:56987 for channel [id: 0xade7ad54, L:/127.0.0.1:51184 - R:localhost/127.0.0.1:56987]
00:40:17.078 [Forwarding setTimeout on session 5f7f4aa2c420fcdddde2ba74349db912 to remote] DEBUG org.asynchttpclient.netty.request.NettyRequestSender - Using pooled Channel '[id: 0xade7ad54, L:/127.0.0.1:51184 - R:localhost/127.0.0.1:56987]' for 'POST' to 'http://localhost:56987/session/5f7f4aa2c420fcdddde2ba74349db912/timeouts'
00:40:17.078 [Forwarding setTimeout on session 5f7f4aa2c420fcdddde2ba74349db912 to remote] DEBUG org.asynchttpclient.netty.request.NettyRequestSender - Using open Channel [id: 0xade7ad54, L:/127.0.0.1:51184 - R:localhost/127.0.0.1:56987] for POST '/session/5f7f4aa2c420fcdddde2ba74349db912/timeouts'
00:40:17.081 [AsyncHttpClient-1-3] DEBUG org.asynchttpclient.netty.handler.HttpHandler - 

Request DefaultHttpRequest(decodeResult: success, version: HTTP/1.1)
POST /session/5f7f4aa2c420fcdddde2ba74349db912/timeouts HTTP/1.1
User-Agent: selenium/4.1.2 (java windows)
Content-Length: 22
Content-Type: application/json; charset=utf-8
host: localhost:56987
accept: */*

Response DefaultHttpResponse(decodeResult: success, version: HTTP/1.1)
HTTP/1.1 200 OK
Content-Type: application/json; charset=utf-8
cache-control: no-cache
content-length: 14

00:40:17.081 [AsyncHttpClient-1-3] DEBUG org.asynchttpclient.netty.channel.ChannelManager - Adding key: http://localhost:56987 for channel [id: 0xade7ad54, L:/127.0.0.1:51184 - R:localhost/127.0.0.1:56987]
00:40:17.086 [Forwarding getCurrentUrl on session 5f7f4aa2c420fcdddde2ba74349db912 to remote] DEBUG org.asynchttpclient.netty.request.NettyRequestSender - Using pooled Channel '[id: 0xade7ad54, L:/127.0.0.1:51184 - R:localhost/127.0.0.1:56987]' for 'GET' to 'http://localhost:56987/session/5f7f4aa2c420fcdddde2ba74349db912/url'
00:40:17.086 [Forwarding getCurrentUrl on session 5f7f4aa2c420fcdddde2ba74349db912 to remote] DEBUG org.asynchttpclient.netty.request.NettyRequestSender - Using open Channel [id: 0xade7ad54, L:/127.0.0.1:51184 - R:localhost/127.0.0.1:56987] for GET '/session/5f7f4aa2c420fcdddde2ba74349db912/url'
00:40:17.093 [AsyncHttpClient-1-3] DEBUG org.asynchttpclient.netty.handler.HttpHandler - 

Request DefaultFullHttpRequest(decodeResult: success, version: HTTP/1.1, content: EmptyByteBufBE)
GET /session/5f7f4aa2c420fcdddde2ba74349db912/url HTTP/1.1
User-Agent: selenium/4.1.2 (java windows)
Cache-Control: no-cache
Content-Type: application/json; charset=utf-8
host: localhost:56987
accept: */*

Response DefaultHttpResponse(decodeResult: success, version: HTTP/1.1)
HTTP/1.1 200 OK
Content-Type: application/json; charset=utf-8
cache-control: no-cache
content-length: 41

00:40:17.093 [AsyncHttpClient-1-3] DEBUG org.asynchttpclient.netty.channel.ChannelManager - Adding key: http://localhost:56987 for channel [id: 0xade7ad54, L:/127.0.0.1:51184 - R:localhost/127.0.0.1:56987]
00:40:17.101 [Forwarding screenshot on session 5f7f4aa2c420fcdddde2ba74349db912 to remote] DEBUG org.asynchttpclient.netty.request.NettyRequestSender - Using pooled Channel '[id: 0xade7ad54, L:/127.0.0.1:51184 - R:localhost/127.0.0.1:56987]' for 'GET' to 'http://localhost:56987/session/5f7f4aa2c420fcdddde2ba74349db912/screenshot'
00:40:17.101 [Forwarding screenshot on session 5f7f4aa2c420fcdddde2ba74349db912 to remote] DEBUG org.asynchttpclient.netty.request.NettyRequestSender - Using open Channel [id: 0xade7ad54, L:/127.0.0.1:51184 - R:localhost/127.0.0.1:56987] for GET '/session/5f7f4aa2c420fcdddde2ba74349db912/screenshot'
00:40:17.259 [AsyncHttpClient-1-3] DEBUG org.asynchttpclient.netty.handler.HttpHandler - 

Request DefaultFullHttpRequest(decodeResult: success, version: HTTP/1.1, content: EmptyByteBufBE)
GET /session/5f7f4aa2c420fcdddde2ba74349db912/screenshot HTTP/1.1
User-Agent: selenium/4.1.2 (java windows)
Cache-Control: no-cache
Content-Type: application/json; charset=utf-8
host: localhost:56987
accept: */*

Response DefaultHttpResponse(decodeResult: success, version: HTTP/1.1)
HTTP/1.1 200 OK
Content-Type: application/json; charset=utf-8
cache-control: no-cache
content-length: 37840

00:40:17.259 [AsyncHttpClient-1-3] DEBUG org.asynchttpclient.netty.channel.ChannelManager - Adding key: http://localhost:56987 for channel [id: 0xade7ad54, L:/127.0.0.1:51184 - R:localhost/127.0.0.1:56987]
00:40:17.261 [main] DEBUG net.serenitybdd.core.photography.Darkroom - Send negative for processing for target\site\serenity\6f2f89e8c5a543dd0a10df9cc2fb4dfa2a13d528c2d3ad44cda943733ef50e85.png
00:40:17.261 [main] DEBUG net.thucydides.core.steps.StepInterceptor - STEP DONE: onLoginPage
  &amp#27;[32mGiven &amp#27;[0m&amp#27;[32m&amp#27;[0m&amp#27;[32m&amp#27;[1mI&amp#27;[0m&amp#27;[32m am on loginpage&amp#27;[0m                                               &amp#27;[90m# stepdefinitions.LoginStep.iAmOnLoginPage(java.lang.String)&amp#27;[0m
00:40:17.275 [main] DEBUG net.thucydides.core.steps.StepInterceptor - STARTING STEP: LoginStep.iTypeValidEmail - typeMyEmail
00:40:17.277 [Forwarding findElement on session 5f7f4aa2c420fcdddde2ba74349db912 to remote] DEBUG org.asynchttpclient.netty.request.NettyRequestSender - Using pooled Channel '[id: 0xade7ad54, L:/127.0.0.1:51184 - R:localhost/127.0.0.1:56987]' for 'POST' to 'http://localhost:56987/session/5f7f4aa2c420fcdddde2ba74349db912/element'
00:40:17.277 [Forwarding findElement on session 5f7f4aa2c420fcdddde2ba74349db912 to remote] DEBUG org.asynchttpclient.netty.request.NettyRequestSender - Using open Channel [id: 0xade7ad54, L:/127.0.0.1:51184 - R:localhost/127.0.0.1:56987] for POST '/session/5f7f4aa2c420fcdddde2ba74349db912/element'
00:40:17.291 [AsyncHttpClient-1-3] DEBUG org.asynchttpclient.netty.handler.HttpHandler - 

Request DefaultHttpRequest(decodeResult: success, version: HTTP/1.1)
POST /session/5f7f4aa2c420fcdddde2ba74349db912/element HTTP/1.1
User-Agent: selenium/4.1.2 (java windows)
Content-Length: 84
Content-Type: application/json; charset=utf-8
host: localhost:56987
accept: */*

Response DefaultHttpResponse(decodeResult: success, version: HTTP/1.1)
HTTP/1.1 200 OK
Content-Type: application/json; charset=utf-8
cache-control: no-cache
content-length: 88

00:40:17.291 [AsyncHttpClient-1-3] DEBUG org.asynchttpclient.netty.channel.ChannelManager - Adding key: http://localhost:56987 for channel [id: 0xade7ad54, L:/127.0.0.1:51184 - R:localhost/127.0.0.1:56987]
00:40:17.293 [Forwarding sendKeysToElement on session 5f7f4aa2c420fcdddde2ba74349db912 to remote] DEBUG org.asynchttpclient.netty.request.NettyRequestSender - Using pooled Channel '[id: 0xade7ad54, L:/127.0.0.1:51184 - R:localhost/127.0.0.1:56987]' for 'POST' to 'http://localhost:56987/session/5f7f4aa2c420fcdddde2ba74349db912/element/93a5e735-9087-4a7f-adb9-125d0d68084f/value'
00:40:17.293 [Forwarding sendKeysToElement on session 5f7f4aa2c420fcdddde2ba74349db912 to remote] DEBUG org.asynchttpclient.netty.request.NettyRequestSender - Using open Channel [id: 0xade7ad54, L:/127.0.0.1:51184 - R:localhost/127.0.0.1:56987] for POST '/session/5f7f4aa2c420fcdddde2ba74349db912/element/93a5e735-9087-4a7f-adb9-125d0d68084f/value'
00:40:17.480 [AsyncHttpClient-1-3] DEBUG org.asynchttpclient.netty.handler.HttpHandler - 

Request DefaultHttpRequest(decodeResult: success, version: HTTP/1.1)
POST /session/5f7f4aa2c420fcdddde2ba74349db912/element/93a5e735-9087-4a7f-adb9-125d0d68084f/value HTTP/1.1
User-Agent: selenium/4.1.2 (java windows)
Content-Length: 361
Content-Type: application/json; charset=utf-8
host: localhost:56987
accept: */*

Response DefaultHttpResponse(decodeResult: success, version: HTTP/1.1)
HTTP/1.1 200 OK
Content-Type: application/json; charset=utf-8
cache-control: no-cache
content-length: 14

00:40:17.480 [AsyncHttpClient-1-3] DEBUG org.asynchttpclient.netty.channel.ChannelManager - Adding key: http://localhost:56987 for channel [id: 0xade7ad54, L:/127.0.0.1:51184 - R:localhost/127.0.0.1:56987]
00:40:17.486 [Forwarding screenshot on session 5f7f4aa2c420fcdddde2ba74349db912 to remote] DEBUG org.asynchttpclient.netty.request.NettyRequestSender - Using pooled Channel '[id: 0xade7ad54, L:/127.0.0.1:51184 - R:localhost/127.0.0.1:56987]' for 'GET' to 'http://localhost:56987/session/5f7f4aa2c420fcdddde2ba74349db912/screenshot'
00:40:17.486 [Forwarding screenshot on session 5f7f4aa2c420fcdddde2ba74349db912 to remote] DEBUG org.asynchttpclient.netty.request.NettyRequestSender - Using open Channel [id: 0xade7ad54, L:/127.0.0.1:51184 - R:localhost/127.0.0.1:56987] for GET '/session/5f7f4aa2c420fcdddde2ba74349db912/screenshot'
00:40:17.658 [AsyncHttpClient-1-3] DEBUG org.asynchttpclient.netty.handler.HttpHandler - 

Request DefaultFullHttpRequest(decodeResult: success, version: HTTP/1.1, content: EmptyByteBufBE)
GET /session/5f7f4aa2c420fcdddde2ba74349db912/screenshot HTTP/1.1
User-Agent: selenium/4.1.2 (java windows)
Cache-Control: no-cache
Content-Type: application/json; charset=utf-8
host: localhost:56987
accept: */*

Response DefaultHttpResponse(decodeResult: success, version: HTTP/1.1)
HTTP/1.1 200 OK
Content-Type: application/json; charset=utf-8
cache-control: no-cache
content-length: 47732

00:40:17.658 [AsyncHttpClient-1-3] DEBUG org.asynchttpclient.netty.channel.ChannelManager - Adding key: http://localhost:56987 for channel [id: 0xade7ad54, L:/127.0.0.1:51184 - R:localhost/127.0.0.1:56987]
00:40:17.659 [main] DEBUG net.serenitybdd.core.photography.Darkroom - Send negative for processing for target\site\serenity\29cc9706dec2d6e9a6e222d88d88c055c217e0dd3043ffcf50ca1cb25a499329.png
00:40:17.660 [main] DEBUG net.thucydides.core.steps.StepInterceptor - STEP DONE: typeMyEmail
  &amp#27;[32mWhen &amp#27;[0m&amp#27;[32mI type valid email &amp#27;[0m&amp#27;[32m&amp#27;[1mlandon.mcdermott@hotmail.com&amp#27;[0m                  &amp#27;[90m# stepdefinitions.LoginStep.iTypeValidEmail(java.lang.String)&amp#27;[0m
00:40:17.660 [Darkroom Processing Line] DEBUG net.serenitybdd.core.photography.DarkroomProcessingLine - Processing screenshot image in /var/screenshots/screenshot-12810583578546388928
00:40:17.660 [Darkroom Processing Line] DEBUG net.serenitybdd.core.photography.DarkroomProcessingLine - Saving screenshot to target\site\serenity\29cc9706dec2d6e9a6e222d88d88c055c217e0dd3043ffcf50ca1cb25a499329.png
00:40:17.673 [main] DEBUG net.thucydides.core.steps.StepInterceptor - STARTING STEP: LoginStep.iTypeUnvalidPassword - typeMyPassword
00:40:17.675 [Forwarding findElement on session 5f7f4aa2c420fcdddde2ba74349db912 to remote] DEBUG org.asynchttpclient.netty.request.NettyRequestSender - Using pooled Channel '[id: 0xade7ad54, L:/127.0.0.1:51184 - R:localhost/127.0.0.1:56987]' for 'POST' to 'http://localhost:56987/session/5f7f4aa2c420fcdddde2ba74349db912/element'
00:40:17.675 [Forwarding findElement on session 5f7f4aa2c420fcdddde2ba74349db912 to remote] DEBUG org.asynchttpclient.netty.request.NettyRequestSender - Using open Channel [id: 0xade7ad54, L:/127.0.0.1:51184 - R:localhost/127.0.0.1:56987] for POST '/session/5f7f4aa2c420fcdddde2ba74349db912/element'
00:40:17.686 [AsyncHttpClient-1-3] DEBUG org.asynchttpclient.netty.handler.HttpHandler - 

Request DefaultHttpRequest(decodeResult: success, version: HTTP/1.1)
POST /session/5f7f4aa2c420fcdddde2ba74349db912/element HTTP/1.1
User-Agent: selenium/4.1.2 (java windows)
Content-Length: 87
Content-Type: application/json; charset=utf-8
host: localhost:56987
accept: */*

Response DefaultHttpResponse(decodeResult: success, version: HTTP/1.1)
HTTP/1.1 200 OK
Content-Type: application/json; charset=utf-8
cache-control: no-cache
content-length: 88

00:40:17.686 [AsyncHttpClient-1-3] DEBUG org.asynchttpclient.netty.channel.ChannelManager - Adding key: http://localhost:56987 for channel [id: 0xade7ad54, L:/127.0.0.1:51184 - R:localhost/127.0.0.1:56987]
00:40:17.688 [Forwarding sendKeysToElement on session 5f7f4aa2c420fcdddde2ba74349db912 to remote] DEBUG org.asynchttpclient.netty.request.NettyRequestSender - Using pooled Channel '[id: 0xade7ad54, L:/127.0.0.1:51184 - R:localhost/127.0.0.1:56987]' for 'POST' to 'http://localhost:56987/session/5f7f4aa2c420fcdddde2ba74349db912/element/a927956f-6396-4da6-bf1c-97c7af912a06/value'
00:40:17.688 [Forwarding sendKeysToElement on session 5f7f4aa2c420fcdddde2ba74349db912 to remote] DEBUG org.asynchttpclient.netty.request.NettyRequestSender - Using open Channel [id: 0xade7ad54, L:/127.0.0.1:51184 - R:localhost/127.0.0.1:56987] for POST '/session/5f7f4aa2c420fcdddde2ba74349db912/element/a927956f-6396-4da6-bf1c-97c7af912a06/value'
00:40:17.769 [AsyncHttpClient-1-3] DEBUG org.asynchttpclient.netty.handler.HttpHandler - 

Request DefaultHttpRequest(decodeResult: success, version: HTTP/1.1)
POST /session/5f7f4aa2c420fcdddde2ba74349db912/element/a927956f-6396-4da6-bf1c-97c7af912a06/value HTTP/1.1
User-Agent: selenium/4.1.2 (java windows)
Content-Length: 151
Content-Type: application/json; charset=utf-8
host: localhost:56987
accept: */*

Response DefaultHttpResponse(decodeResult: success, version: HTTP/1.1)
HTTP/1.1 200 OK
Content-Type: application/json; charset=utf-8
cache-control: no-cache
content-length: 14

00:40:17.769 [AsyncHttpClient-1-3] DEBUG org.asynchttpclient.netty.channel.ChannelManager - Adding key: http://localhost:56987 for channel [id: 0xade7ad54, L:/127.0.0.1:51184 - R:localhost/127.0.0.1:56987]
00:40:17.773 [Forwarding screenshot on session 5f7f4aa2c420fcdddde2ba74349db912 to remote] DEBUG org.asynchttpclient.netty.request.NettyRequestSender - Using pooled Channel '[id: 0xade7ad54, L:/127.0.0.1:51184 - R:localhost/127.0.0.1:56987]' for 'GET' to 'http://localhost:56987/session/5f7f4aa2c420fcdddde2ba74349db912/screenshot'
00:40:17.774 [Forwarding screenshot on session 5f7f4aa2c420fcdddde2ba74349db912 to remote] DEBUG org.asynchttpclient.netty.request.NettyRequestSender - Using open Channel [id: 0xade7ad54, L:/127.0.0.1:51184 - R:localhost/127.0.0.1:56987] for GET '/session/5f7f4aa2c420fcdddde2ba74349db912/screenshot'
00:40:17.921 [AsyncHttpClient-1-3] DEBUG org.asynchttpclient.netty.handler.HttpHandler - 

Request DefaultFullHttpRequest(decodeResult: success, version: HTTP/1.1, content: EmptyByteBufBE)
GET /session/5f7f4aa2c420fcdddde2ba74349db912/screenshot HTTP/1.1
User-Agent: selenium/4.1.2 (java windows)
Cache-Control: no-cache
Content-Type: application/json; charset=utf-8
host: localhost:56987
accept: */*

Response DefaultHttpResponse(decodeResult: success, version: HTTP/1.1)
HTTP/1.1 200 OK
Content-Type: application/json; charset=utf-8
cache-control: no-cache
content-length: 51020

00:40:17.922 [AsyncHttpClient-1-3] DEBUG org.asynchttpclient.netty.channel.ChannelManager - Adding key: http://localhost:56987 for channel [id: 0xade7ad54, L:/127.0.0.1:51184 - R:localhost/127.0.0.1:56987]
00:40:17.924 [main] DEBUG net.serenitybdd.core.photography.Darkroom - Send negative for processing for target\site\serenity\fdb02044489081329a8fcaf01582ca362dbdcd07d70a854f686f3b323d948fd8.png
00:40:17.924 [main] DEBUG net.thucydides.core.steps.StepInterceptor - STEP DONE: typeMyPassword
  &amp#27;[32mAnd &amp#27;[0m&amp#27;[32mI type unvalid password &amp#27;[0m&amp#27;[32m&amp#27;[1mabcdefg&amp#27;[0m                                   &amp#27;[90m# stepdefinitions.LoginStep.iTypeUnvalidPassword(java.lang.String)&amp#27;[0m
00:40:17.924 [Darkroom Processing Line] DEBUG net.serenitybdd.core.photography.DarkroomProcessingLine - Processing screenshot image in /var/screenshots/screenshot-11557051984354381556
00:40:17.924 [Darkroom Processing Line] DEBUG net.serenitybdd.core.photography.DarkroomProcessingLine - Saving screenshot to target\site\serenity\fdb02044489081329a8fcaf01582ca362dbdcd07d70a854f686f3b323d948fd8.png
00:40:17.940 [main] DEBUG net.thucydides.core.steps.StepInterceptor - STARTING STEP: LoginStep.iClickALoginButton - clickLoginButton
00:40:17.946 [Forwarding findElement on session 5f7f4aa2c420fcdddde2ba74349db912 to remote] DEBUG org.asynchttpclient.netty.request.NettyRequestSender - Using pooled Channel '[id: 0xade7ad54, L:/127.0.0.1:51184 - R:localhost/127.0.0.1:56987]' for 'POST' to 'http://localhost:56987/session/5f7f4aa2c420fcdddde2ba74349db912/element'
00:40:17.946 [Forwarding findElement on session 5f7f4aa2c420fcdddde2ba74349db912 to remote] DEBUG org.asynchttpclient.netty.request.NettyRequestSender - Using open Channel [id: 0xade7ad54, L:/127.0.0.1:51184 - R:localhost/127.0.0.1:56987] for POST '/session/5f7f4aa2c420fcdddde2ba74349db912/element'
00:40:17.960 [AsyncHttpClient-1-3] DEBUG org.asynchttpclient.netty.handler.HttpHandler - 

Request DefaultHttpRequest(decodeResult: success, version: HTTP/1.1)
POST /session/5f7f4aa2c420fcdddde2ba74349db912/element HTTP/1.1
User-Agent: selenium/4.1.2 (java windows)
Content-Length: 155
Content-Type: application/json; charset=utf-8
host: localhost:56987
accept: */*

Response DefaultHttpResponse(decodeResult: success, version: HTTP/1.1)
HTTP/1.1 200 OK
Content-Type: application/json; charset=utf-8
cache-control: no-cache
content-length: 88

00:40:17.960 [AsyncHttpClient-1-3] DEBUG org.asynchttpclient.netty.channel.ChannelManager - Adding key: http://localhost:56987 for channel [id: 0xade7ad54, L:/127.0.0.1:51184 - R:localhost/127.0.0.1:56987]
00:40:17.962 [Forwarding getElementTagName on session 5f7f4aa2c420fcdddde2ba74349db912 to remote] DEBUG org.asynchttpclient.netty.request.NettyRequestSender - Using pooled Channel '[id: 0xade7ad54, L:/127.0.0.1:51184 - R:localhost/127.0.0.1:56987]' for 'GET' to 'http://localhost:56987/session/5f7f4aa2c420fcdddde2ba74349db912/element/143f3861-497e-4c61-8689-a2dda20591ba/name'
00:40:17.962 [Forwarding getElementTagName on session 5f7f4aa2c420fcdddde2ba74349db912 to remote] DEBUG org.asynchttpclient.netty.request.NettyRequestSender - Using open Channel [id: 0xade7ad54, L:/127.0.0.1:51184 - R:localhost/127.0.0.1:56987] for GET '/session/5f7f4aa2c420fcdddde2ba74349db912/element/143f3861-497e-4c61-8689-a2dda20591ba/name'
00:40:17.965 [AsyncHttpClient-1-3] DEBUG org.asynchttpclient.netty.handler.HttpHandler - 

Request DefaultFullHttpRequest(decodeResult: success, version: HTTP/1.1, content: EmptyByteBufBE)
GET /session/5f7f4aa2c420fcdddde2ba74349db912/element/143f3861-497e-4c61-8689-a2dda20591ba/name HTTP/1.1
User-Agent: selenium/4.1.2 (java windows)
Cache-Control: no-cache
Content-Type: application/json; charset=utf-8
host: localhost:56987
accept: */*

Response DefaultHttpResponse(decodeResult: success, version: HTTP/1.1)
HTTP/1.1 200 OK
Content-Type: application/json; charset=utf-8
cache-control: no-cache
content-length: 18

00:40:17.966 [AsyncHttpClient-1-3] DEBUG org.asynchttpclient.netty.channel.ChannelManager - Adding key: http://localhost:56987 for channel [id: 0xade7ad54, L:/127.0.0.1:51184 - R:localhost/127.0.0.1:56987]
00:40:17.968 [Forwarding getElementTagName on session 5f7f4aa2c420fcdddde2ba74349db912 to remote] DEBUG org.asynchttpclient.netty.request.NettyRequestSender - Using pooled Channel '[id: 0xade7ad54, L:/127.0.0.1:51184 - R:localhost/127.0.0.1:56987]' for 'GET' to 'http://localhost:56987/session/5f7f4aa2c420fcdddde2ba74349db912/element/143f3861-497e-4c61-8689-a2dda20591ba/name'
00:40:17.969 [Forwarding getElementTagName on session 5f7f4aa2c420fcdddde2ba74349db912 to remote] DEBUG org.asynchttpclient.netty.request.NettyRequestSender - Using open Channel [id: 0xade7ad54, L:/127.0.0.1:51184 - R:localhost/127.0.0.1:56987] for GET '/session/5f7f4aa2c420fcdddde2ba74349db912/element/143f3861-497e-4c61-8689-a2dda20591ba/name'
00:40:17.972 [AsyncHttpClient-1-3] DEBUG org.asynchttpclient.netty.handler.HttpHandler - 

Request DefaultFullHttpRequest(decodeResult: success, version: HTTP/1.1, content: EmptyByteBufBE)
GET /session/5f7f4aa2c420fcdddde2ba74349db912/element/143f3861-497e-4c61-8689-a2dda20591ba/name HTTP/1.1
User-Agent: selenium/4.1.2 (java windows)
Cache-Control: no-cache
Content-Type: application/json; charset=utf-8
host: localhost:56987
accept: */*

Response DefaultHttpResponse(decodeResult: success, version: HTTP/1.1)
HTTP/1.1 200 OK
Content-Type: application/json; charset=utf-8
cache-control: no-cache
content-length: 18

00:40:17.972 [AsyncHttpClient-1-3] DEBUG org.asynchttpclient.netty.channel.ChannelManager - Adding key: http://localhost:56987 for channel [id: 0xade7ad54, L:/127.0.0.1:51184 - R:localhost/127.0.0.1:56987]
00:40:17.975 [Forwarding isElementEnabled on session 5f7f4aa2c420fcdddde2ba74349db912 to remote] DEBUG org.asynchttpclient.netty.request.NettyRequestSender - Using pooled Channel '[id: 0xade7ad54, L:/127.0.0.1:51184 - R:localhost/127.0.0.1:56987]' for 'GET' to 'http://localhost:56987/session/5f7f4aa2c420fcdddde2ba74349db912/element/143f3861-497e-4c61-8689-a2dda20591ba/enabled'
00:40:17.975 [Forwarding isElementEnabled on session 5f7f4aa2c420fcdddde2ba74349db912 to remote] DEBUG org.asynchttpclient.netty.request.NettyRequestSender - Using open Channel [id: 0xade7ad54, L:/127.0.0.1:51184 - R:localhost/127.0.0.1:56987] for GET '/session/5f7f4aa2c420fcdddde2ba74349db912/element/143f3861-497e-4c61-8689-a2dda20591ba/enabled'
00:40:17.982 [AsyncHttpClient-1-3] DEBUG org.asynchttpclient.netty.handler.HttpHandler - 

Request DefaultFullHttpRequest(decodeResult: success, version: HTTP/1.1, content: EmptyByteBufBE)
GET /session/5f7f4aa2c420fcdddde2ba74349db912/element/143f3861-497e-4c61-8689-a2dda20591ba/enabled HTTP/1.1
User-Agent: selenium/4.1.2 (java windows)
Cache-Control: no-cache
Content-Type: application/json; charset=utf-8
host: localhost:56987
accept: */*

Response DefaultHttpResponse(decodeResult: success, version: HTTP/1.1)
HTTP/1.1 200 OK
Content-Type: application/json; charset=utf-8
cache-control: no-cache
content-length: 14

00:40:17.983 [AsyncHttpClient-1-3] DEBUG org.asynchttpclient.netty.channel.ChannelManager - Adding key: http://localhost:56987 for channel [id: 0xade7ad54, L:/127.0.0.1:51184 - R:localhost/127.0.0.1:56987]
00:40:17.985 [Forwarding isElementEnabled on session 5f7f4aa2c420fcdddde2ba74349db912 to remote] DEBUG org.asynchttpclient.netty.request.NettyRequestSender - Using pooled Channel '[id: 0xade7ad54, L:/127.0.0.1:51184 - R:localhost/127.0.0.1:56987]' for 'GET' to 'http://localhost:56987/session/5f7f4aa2c420fcdddde2ba74349db912/element/143f3861-497e-4c61-8689-a2dda20591ba/enabled'
00:40:17.985 [Forwarding isElementEnabled on session 5f7f4aa2c420fcdddde2ba74349db912 to remote] DEBUG org.asynchttpclient.netty.request.NettyRequestSender - Using open Channel [id: 0xade7ad54, L:/127.0.0.1:51184 - R:localhost/127.0.0.1:56987] for GET '/session/5f7f4aa2c420fcdddde2ba74349db912/element/143f3861-497e-4c61-8689-a2dda20591ba/enabled'
00:40:17.991 [AsyncHttpClient-1-3] DEBUG org.asynchttpclient.netty.handler.HttpHandler - 

Request DefaultFullHttpRequest(decodeResult: success, version: HTTP/1.1, content: EmptyByteBufBE)
GET /session/5f7f4aa2c420fcdddde2ba74349db912/element/143f3861-497e-4c61-8689-a2dda20591ba/enabled HTTP/1.1
User-Agent: selenium/4.1.2 (java windows)
Cache-Control: no-cache
Content-Type: application/json; charset=utf-8
host: localhost:56987
accept: */*

Response DefaultHttpResponse(decodeResult: success, version: HTTP/1.1)
HTTP/1.1 200 OK
Content-Type: application/json; charset=utf-8
cache-control: no-cache
content-length: 14

00:40:17.992 [AsyncHttpClient-1-3] DEBUG org.asynchttpclient.netty.channel.ChannelManager - Adding key: http://localhost:56987 for channel [id: 0xade7ad54, L:/127.0.0.1:51184 - R:localhost/127.0.0.1:56987]
00:40:18.003 [Forwarding findElement on session 5f7f4aa2c420fcdddde2ba74349db912 to remote] DEBUG org.asynchttpclient.netty.request.NettyRequestSender - Using pooled Channel '[id: 0xade7ad54, L:/127.0.0.1:51184 - R:localhost/127.0.0.1:56987]' for 'POST' to 'http://localhost:56987/session/5f7f4aa2c420fcdddde2ba74349db912/element'
00:40:18.003 [Forwarding findElement on session 5f7f4aa2c420fcdddde2ba74349db912 to remote] DEBUG org.asynchttpclient.netty.request.NettyRequestSender - Using open Channel [id: 0xade7ad54, L:/127.0.0.1:51184 - R:localhost/127.0.0.1:56987] for POST '/session/5f7f4aa2c420fcdddde2ba74349db912/element'
00:40:18.004 [AsyncHttpClient-1-1] DEBUG org.asynchttpclient.netty.channel.DefaultChannelPool - Entry count for : http://localhost:51185 : 1
00:40:18.015 [AsyncHttpClient-1-3] DEBUG org.asynchttpclient.netty.handler.HttpHandler - 

Request DefaultHttpRequest(decodeResult: success, version: HTTP/1.1)
POST /session/5f7f4aa2c420fcdddde2ba74349db912/element HTTP/1.1
User-Agent: selenium/4.1.2 (java windows)
Content-Length: 155
Content-Type: application/json; charset=utf-8
host: localhost:56987
accept: */*

Response DefaultHttpResponse(decodeResult: success, version: HTTP/1.1)
HTTP/1.1 200 OK
Content-Type: application/json; charset=utf-8
cache-control: no-cache
content-length: 88

00:40:18.015 [AsyncHttpClient-1-3] DEBUG org.asynchttpclient.netty.channel.ChannelManager - Adding key: http://localhost:56987 for channel [id: 0xade7ad54, L:/127.0.0.1:51184 - R:localhost/127.0.0.1:56987]
00:40:18.016 [Forwarding clickElement on session 5f7f4aa2c420fcdddde2ba74349db912 to remote] DEBUG org.asynchttpclient.netty.request.NettyRequestSender - Using pooled Channel '[id: 0xade7ad54, L:/127.0.0.1:51184 - R:localhost/127.0.0.1:56987]' for 'POST' to 'http://localhost:56987/session/5f7f4aa2c420fcdddde2ba74349db912/element/143f3861-497e-4c61-8689-a2dda20591ba/click'
00:40:18.017 [Forwarding clickElement on session 5f7f4aa2c420fcdddde2ba74349db912 to remote] DEBUG org.asynchttpclient.netty.request.NettyRequestSender - Using open Channel [id: 0xade7ad54, L:/127.0.0.1:51184 - R:localhost/127.0.0.1:56987] for POST '/session/5f7f4aa2c420fcdddde2ba74349db912/element/143f3861-497e-4c61-8689-a2dda20591ba/click'
00:40:18.081 [AsyncHttpClient-1-3] DEBUG org.asynchttpclient.netty.handler.HttpHandler - 

Request DefaultHttpRequest(decodeResult: success, version: HTTP/1.1)
POST /session/5f7f4aa2c420fcdddde2ba74349db912/element/143f3861-497e-4c61-8689-a2dda20591ba/click HTTP/1.1
User-Agent: selenium/4.1.2 (java windows)
Content-Length: 50
Content-Type: application/json; charset=utf-8
host: localhost:56987
accept: */*

Response DefaultHttpResponse(decodeResult: success, version: HTTP/1.1)
HTTP/1.1 200 OK
Content-Type: application/json; charset=utf-8
cache-control: no-cache
content-length: 14

00:40:18.082 [AsyncHttpClient-1-3] DEBUG org.asynchttpclient.netty.channel.ChannelManager - Adding key: http://localhost:56987 for channel [id: 0xade7ad54, L:/127.0.0.1:51184 - R:localhost/127.0.0.1:56987]
00:40:18.091 [Forwarding screenshot on session 5f7f4aa2c420fcdddde2ba74349db912 to remote] DEBUG org.asynchttpclient.netty.request.NettyRequestSender - Using pooled Channel '[id: 0xade7ad54, L:/127.0.0.1:51184 - R:localhost/127.0.0.1:56987]' for 'GET' to 'http://localhost:56987/session/5f7f4aa2c420fcdddde2ba74349db912/screenshot'
00:40:18.091 [Forwarding screenshot on session 5f7f4aa2c420fcdddde2ba74349db912 to remote] DEBUG org.asynchttpclient.netty.request.NettyRequestSender - Using open Channel [id: 0xade7ad54, L:/127.0.0.1:51184 - R:localhost/127.0.0.1:56987] for GET '/session/5f7f4aa2c420fcdddde2ba74349db912/screenshot'
00:40:18.332 [AsyncHttpClient-1-3] DEBUG org.asynchttpclient.netty.handler.HttpHandler - 

Request DefaultFullHttpRequest(decodeResult: success, version: HTTP/1.1, content: EmptyByteBufBE)
GET /session/5f7f4aa2c420fcdddde2ba74349db912/screenshot HTTP/1.1
User-Agent: selenium/4.1.2 (java windows)
Cache-Control: no-cache
Content-Type: application/json; charset=utf-8
host: localhost:56987
accept: */*

Response DefaultHttpResponse(decodeResult: success, version: HTTP/1.1)
HTTP/1.1 200 OK
Content-Type: application/json; charset=utf-8
cache-control: no-cache
content-length: 50320

00:40:18.334 [AsyncHttpClient-1-3] DEBUG org.asynchttpclient.netty.channel.ChannelManager - Adding key: http://localhost:56987 for channel [id: 0xade7ad54, L:/127.0.0.1:51184 - R:localhost/127.0.0.1:56987]
00:40:18.336 [main] DEBUG net.serenitybdd.core.photography.Darkroom - Send negative for processing for target\site\serenity\6dc0d800c1268bbd3bb28bac3f97312176f7c1bc92cfb4a06fa908a97eabcae1.png
00:40:18.336 [main] DEBUG net.thucydides.core.steps.StepInterceptor - STEP DONE: clickLoginButton
  &amp#27;[32mAnd &amp#27;[0m&amp#27;[32mI click a Login button&amp#27;[0m                                            &amp#27;[90m# stepdefinitions.LoginStep.iClickALoginButton()&amp#27;[0m
00:40:18.337 [Darkroom Processing Line] DEBUG net.serenitybdd.core.photography.DarkroomProcessingLine - Processing screenshot image in /var/screenshots/screenshot-13229017320376181304
00:40:18.337 [Darkroom Processing Line] DEBUG net.serenitybdd.core.photography.DarkroomProcessingLine - Saving screenshot to target\site\serenity\6dc0d800c1268bbd3bb28bac3f97312176f7c1bc92cfb4a06fa908a97eabcae1.png
00:40:18.356 [main] DEBUG net.thucydides.core.steps.StepInterceptor - STARTING STEP: LoginStep.iGotErrorMassage - gotErrorMassage
00:40:18.359 [Forwarding findElement on session 5f7f4aa2c420fcdddde2ba74349db912 to remote] DEBUG org.asynchttpclient.netty.request.NettyRequestSender - Using pooled Channel '[id: 0xade7ad54, L:/127.0.0.1:51184 - R:localhost/127.0.0.1:56987]' for 'POST' to 'http://localhost:56987/session/5f7f4aa2c420fcdddde2ba74349db912/element'
00:40:18.359 [Forwarding findElement on session 5f7f4aa2c420fcdddde2ba74349db912 to remote] DEBUG org.asynchttpclient.netty.request.NettyRequestSender - Using open Channel [id: 0xade7ad54, L:/127.0.0.1:51184 - R:localhost/127.0.0.1:56987] for POST '/session/5f7f4aa2c420fcdddde2ba74349db912/element'
00:40:18.362 [AsyncHttpClient-1-3] DEBUG org.asynchttpclient.netty.handler.HttpHandler - 

Request DefaultHttpRequest(decodeResult: success, version: HTTP/1.1)
POST /session/5f7f4aa2c420fcdddde2ba74349db912/element HTTP/1.1
User-Agent: selenium/4.1.2 (java windows)
Content-Length: 53
Content-Type: application/json; charset=utf-8
host: localhost:56987
accept: */*

Response DefaultHttpResponse(decodeResult: success, version: HTTP/1.1)
HTTP/1.1 400 Bad Request
Content-Type: application/json; charset=utf-8
cache-control: no-cache
content-length: 957

00:40:18.362 [AsyncHttpClient-1-3] DEBUG org.asynchttpclient.netty.channel.ChannelManager - Adding key: http://localhost:56987 for channel [id: 0xade7ad54, L:/127.0.0.1:51184 - R:localhost/127.0.0.1:56987]
00:40:18.374 [Forwarding findElement on session 5f7f4aa2c420fcdddde2ba74349db912 to remote] DEBUG org.asynchttpclient.netty.request.NettyRequestSender - Using pooled Channel '[id: 0xade7ad54, L:/127.0.0.1:51184 - R:localhost/127.0.0.1:56987]' for 'POST' to 'http://localhost:56987/session/5f7f4aa2c420fcdddde2ba74349db912/element'
00:40:18.374 [Forwarding findElement on session 5f7f4aa2c420fcdddde2ba74349db912 to remote] DEBUG org.asynchttpclient.netty.request.NettyRequestSender - Using open Channel [id: 0xade7ad54, L:/127.0.0.1:51184 - R:localhost/127.0.0.1:56987] for POST '/session/5f7f4aa2c420fcdddde2ba74349db912/element'
00:40:18.834 [AsyncHttpClient-1-3] DEBUG org.asynchttpclient.netty.handler.HttpHandler - 

Request DefaultHttpRequest(decodeResult: success, version: HTTP/1.1)
POST /session/5f7f4aa2c420fcdddde2ba74349db912/element HTTP/1.1
User-Agent: selenium/4.1.2 (java windows)
Content-Length: 63
Content-Type: application/json; charset=utf-8
host: localhost:56987
accept: */*

Response DefaultHttpResponse(decodeResult: success, version: HTTP/1.1)
HTTP/1.1 200 OK
Content-Type: application/json; charset=utf-8
cache-control: no-cache
content-length: 88

00:40:18.835 [AsyncHttpClient-1-3] DEBUG org.asynchttpclient.netty.channel.ChannelManager - Adding key: http://localhost:56987 for channel [id: 0xade7ad54, L:/127.0.0.1:51184 - R:localhost/127.0.0.1:56987]
00:40:18.839 [Forwarding isElementDisplayed on session 5f7f4aa2c420fcdddde2ba74349db912 to remote] DEBUG org.asynchttpclient.netty.request.NettyRequestSender - Using pooled Channel '[id: 0xade7ad54, L:/127.0.0.1:51184 - R:localhost/127.0.0.1:56987]' for 'POST' to 'http://localhost:56987/session/5f7f4aa2c420fcdddde2ba74349db912/execute/sync'
00:40:18.839 [Forwarding isElementDisplayed on session 5f7f4aa2c420fcdddde2ba74349db912 to remote] DEBUG org.asynchttpclient.netty.request.NettyRequestSender - Using open Channel [id: 0xade7ad54, L:/127.0.0.1:51184 - R:localhost/127.0.0.1:56987] for POST '/session/5f7f4aa2c420fcdddde2ba74349db912/execute/sync'
00:40:18.857 [AsyncHttpClient-1-3] DEBUG org.asynchttpclient.netty.handler.HttpHandler - 

Request DefaultHttpRequest(decodeResult: success, version: HTTP/1.1)
POST /session/5f7f4aa2c420fcdddde2ba74349db912/execute/sync HTTP/1.1
User-Agent: selenium/4.1.2 (java windows)
Content-Length: 48780
Content-Type: application/json; charset=utf-8
host: localhost:56987
accept: */*

Response DefaultHttpResponse(decodeResult: success, version: HTTP/1.1)
HTTP/1.1 200 OK
Content-Type: application/json; charset=utf-8
cache-control: no-cache
content-length: 14

00:40:18.857 [AsyncHttpClient-1-3] DEBUG org.asynchttpclient.netty.channel.ChannelManager - Adding key: http://localhost:56987 for channel [id: 0xade7ad54, L:/127.0.0.1:51184 - R:localhost/127.0.0.1:56987]
00:40:18.861 [Forwarding screenshot on session 5f7f4aa2c420fcdddde2ba74349db912 to remote] DEBUG org.asynchttpclient.netty.request.NettyRequestSender - Using pooled Channel '[id: 0xade7ad54, L:/127.0.0.1:51184 - R:localhost/127.0.0.1:56987]' for 'GET' to 'http://localhost:56987/session/5f7f4aa2c420fcdddde2ba74349db912/screenshot'
00:40:18.861 [Forwarding screenshot on session 5f7f4aa2c420fcdddde2ba74349db912 to remote] DEBUG org.asynchttpclient.netty.request.NettyRequestSender - Using open Channel [id: 0xade7ad54, L:/127.0.0.1:51184 - R:localhost/127.0.0.1:56987] for GET '/session/5f7f4aa2c420fcdddde2ba74349db912/screenshot'
00:40:19.056 [AsyncHttpClient-1-3] DEBUG org.asynchttpclient.netty.handler.HttpHandler - 

Request DefaultFullHttpRequest(decodeResult: success, version: HTTP/1.1, content: EmptyByteBufBE)
GET /session/5f7f4aa2c420fcdddde2ba74349db912/screenshot HTTP/1.1
User-Agent: selenium/4.1.2 (java windows)
Cache-Control: no-cache
Content-Type: application/json; charset=utf-8
host: localhost:56987
accept: */*

Response DefaultHttpResponse(decodeResult: success, version: HTTP/1.1)
HTTP/1.1 200 OK
Content-Type: application/json; charset=utf-8
cache-control: no-cache
content-length: 59632

00:40:19.058 [AsyncHttpClient-1-3] DEBUG org.asynchttpclient.netty.channel.ChannelManager - Adding key: http://localhost:56987 for channel [id: 0xade7ad54, L:/127.0.0.1:51184 - R:localhost/127.0.0.1:56987]
00:40:19.060 [main] DEBUG net.serenitybdd.core.photography.Darkroom - Send negative for processing for target\site\serenity\77592058f56ecc31eaa39762d076683aca711dccd8d3904ed353715dc909f065.png
00:40:19.061 [main] DEBUG net.thucydides.core.steps.StepInterceptor - STEP DONE: gotErrorMassage
  &amp#27;[32mThen &amp#27;[0m&amp#27;[32mI got error massage &amp#27;[0m&amp#27;[32m&amp#27;[1m"record not found"&amp#27;[0m                           &amp#27;[90m# stepdefinitions.LoginStep.iGotErrorMassage(java.lang.String)&amp#27;[0m
00:40:19.061 [Darkroom Processing Line] DEBUG net.serenitybdd.core.photography.DarkroomProcessingLine - Processing screenshot image in /var/screenshots/screenshot-11375941804862482074
00:40:19.061 [Darkroom Processing Line] DEBUG net.serenitybdd.core.photography.DarkroomProcessingLine - Saving screenshot to target\site\serenity\77592058f56ecc31eaa39762d076683aca711dccd8d3904ed353715dc909f065.png
00:40:19.071 [main] INFO  - 
  _____   ___   ___   _____     ___     _     ___   ___   ___   ___  
 |_   _| | __| / __| |_   _|   | _ \   /_\   / __| / __| | __| |   \ 
   | |   | _|  \__ \   | |     |  _/  / _ \  \__ \ \__ \ | _|  | |) |
   |_|   |___| |___/   |_|     |_|   /_/ \_\ |___/ |___/ |___| |___/ 

As a user, i have not able to login because password is wrong
----------------------------------------------------------------------
00:40:19.072 [AsyncHttpClient-1-5] DEBUG org.asynchttpclient.netty.handler.WebSocketHandler - Channel Closed: [id: 0xd01ba1a7, L:/127.0.0.1:51193 ! R:localhost/127.0.0.1:51185] with attribute NettyResponseFuture{currentRetry=5,
	isDone=1,
	isCancelled=0,
	asyncHandler=org.asynchttpclient.ws.WebSocketUpgradeHandler@52be1e68,
	nettyRequest=org.asynchttpclient.netty.request.NettyRequest@6b9b7e8,
	future=java.util.concurrent.CompletableFuture@6a958845[Completed normally],
	uri=ws://localhost:51185/devtools/browser/be37246c-6b95-492d-bf94-5a4058217f6d,
	keepAlive=true,
	redirectCount=0,
	timeoutsHolder=null,
	inAuth=0,
	touch=1652463614624}
00:40:19.072 [AsyncHttpClient-1-5] DEBUG org.asynchttpclient.netty.channel.ChannelManager - Closing Channel [id: 0xd01ba1a7, L:/127.0.0.1:51193 ! R:localhost/127.0.0.1:51185] 
00:40:19.076 [Driver Command Executor] DEBUG org.asynchttpclient.netty.request.NettyRequestSender - Using pooled Channel '[id: 0xade7ad54, L:/127.0.0.1:51184 - R:localhost/127.0.0.1:56987]' for 'DELETE' to 'http://localhost:56987/session/5f7f4aa2c420fcdddde2ba74349db912'
00:40:19.076 [Driver Command Executor] DEBUG org.asynchttpclient.netty.request.NettyRequestSender - Using open Channel [id: 0xade7ad54, L:/127.0.0.1:51184 - R:localhost/127.0.0.1:56987] for DELETE '/session/5f7f4aa2c420fcdddde2ba74349db912'
00:40:19.107 [AsyncHttpClient-1-1] DEBUG org.asynchttpclient.netty.channel.DefaultChannelPool - Entry count for : http://localhost:51185 : 1
00:40:19.211 [AsyncHttpClient-1-4] DEBUG org.asynchttpclient.netty.handler.HttpHandler - Unexpected I/O exception on channel [id: 0xa1ab56a8, L:/127.0.0.1:51192 - R:localhost/127.0.0.1:51185]
java.io.IOException: An existing connection was forcibly closed by the remote host
	at java.base/sun.nio.ch.SocketDispatcher.read0(Native Method)
	at java.base/sun.nio.ch.SocketDispatcher.read(SocketDispatcher.java:43)
	at java.base/sun.nio.ch.IOUtil.readIntoNativeBuffer(IOUtil.java:276)
	at java.base/sun.nio.ch.IOUtil.read(IOUtil.java:233)
	at java.base/sun.nio.ch.IOUtil.read(IOUtil.java:223)
	at java.base/sun.nio.ch.SocketChannelImpl.read(SocketChannelImpl.java:358)
	at io.netty.buffer.PooledByteBuf.setBytes(PooledByteBuf.java:258)
	at io.netty.buffer.AbstractByteBuf.writeBytes(AbstractByteBuf.java:1132)
	at io.netty.channel.socket.nio.NioSocketChannel.doReadBytes(NioSocketChannel.java:350)
	at io.netty.channel.nio.AbstractNioByteChannel$NioByteUnsafe.read(AbstractNioByteChannel.java:151)
	at io.netty.channel.nio.NioEventLoop.processSelectedKey(NioEventLoop.java:722)
	at io.netty.channel.nio.NioEventLoop.processSelectedKeysOptimized(NioEventLoop.java:658)
	at io.netty.channel.nio.NioEventLoop.processSelectedKeys(NioEventLoop.java:584)
	at io.netty.channel.nio.NioEventLoop.run(NioEventLoop.java:496)
	at io.netty.util.concurrent.SingleThreadEventExecutor$4.run(SingleThreadEventExecutor.java:986)
	at io.netty.util.internal.ThreadExecutorMap$2.run(ThreadExecutorMap.java:74)
	at io.netty.util.concurrent.FastThreadLocalRunnable.run(FastThreadLocalRunnable.java:30)
	at java.base/java.lang.Thread.run(Thread.java:834)
00:40:19.211 [AsyncHttpClient-1-4] DEBUG org.asynchttpclient.netty.channel.ChannelManager - Closing Channel [id: 0xa1ab56a8, L:/127.0.0.1:51192 - R:localhost/127.0.0.1:51185] 
00:40:19.211 [AsyncHttpClient-1-4] DEBUG org.asynchttpclient.netty.handler.HttpHandler - Channel Closed: [id: 0xa1ab56a8, L:/127.0.0.1:51192 ! R:localhost/127.0.0.1:51185] with attribute DISCARD
00:40:19.229 [AsyncHttpClient-1-3] DEBUG org.asynchttpclient.netty.handler.HttpHandler - 

Request DefaultFullHttpRequest(decodeResult: success, version: HTTP/1.1, content: EmptyByteBufBE)
DELETE /session/5f7f4aa2c420fcdddde2ba74349db912 HTTP/1.1
User-Agent: selenium/4.1.2 (java windows)
Content-Type: application/json; charset=utf-8
host: localhost:56987
accept: */*

Response DefaultHttpResponse(decodeResult: success, version: HTTP/1.1)
HTTP/1.1 200 OK
Content-Type: application/json; charset=utf-8
cache-control: no-cache
content-length: 14

00:40:19.229 [AsyncHttpClient-1-3] DEBUG org.asynchttpclient.netty.channel.ChannelManager - Adding key: http://localhost:56987 for channel [id: 0xade7ad54, L:/127.0.0.1:51184 - R:localhost/127.0.0.1:56987]
00:40:20.198 [AsyncHttpClient-1-1] DEBUG org.asynchttpclient.netty.channel.DefaultChannelPool - Entry count for : http://localhost:51185 : 1
00:40:20.198 [AsyncHttpClient-1-1] DEBUG org.asynchttpclient.netty.channel.DefaultChannelPool - Entry count for : http://localhost:56987 : 1
00:40:20.198 [AsyncHttpClient-1-1] DEBUG org.asynchttpclient.netty.channel.DefaultChannelPool - Adding Candidate expired Channel [id: 0xa1ab56a8, L:/127.0.0.1:51192 ! R:localhost/127.0.0.1:51185] isIdleTimeoutExpired=false isRemotelyClosed=true isTtlExpired=false
00:40:20.198 [AsyncHttpClient-1-1] DEBUG org.asynchttpclient.netty.channel.DefaultChannelPool - Closing Idle Channel [id: 0xa1ab56a8, L:/127.0.0.1:51192 ! R:localhost/127.0.0.1:51185]
00:40:20.198 [AsyncHttpClient-1-1] DEBUG org.asynchttpclient.netty.channel.DefaultChannelPool - Closed 1 connections out of 2 in 0 ms
00:40:20.251 [AsyncHttpClient-1-3] DEBUG org.asynchttpclient.netty.handler.HttpHandler - Unexpected I/O exception on channel [id: 0xade7ad54, L:/127.0.0.1:51184 - R:localhost/127.0.0.1:56987]
java.io.IOException: An existing connection was forcibly closed by the remote host
	at java.base/sun.nio.ch.SocketDispatcher.read0(Native Method)
	at java.base/sun.nio.ch.SocketDispatcher.read(SocketDispatcher.java:43)
	at java.base/sun.nio.ch.IOUtil.readIntoNativeBuffer(IOUtil.java:276)
	at java.base/sun.nio.ch.IOUtil.read(IOUtil.java:233)
	at java.base/sun.nio.ch.IOUtil.read(IOUtil.java:223)
	at java.base/sun.nio.ch.SocketChannelImpl.read(SocketChannelImpl.java:358)
	at io.netty.buffer.PooledByteBuf.setBytes(PooledByteBuf.java:258)
	at io.netty.buffer.AbstractByteBuf.writeBytes(AbstractByteBuf.java:1132)
	at io.netty.channel.socket.nio.NioSocketChannel.doReadBytes(NioSocketChannel.java:350)
	at io.netty.channel.nio.AbstractNioByteChannel$NioByteUnsafe.read(AbstractNioByteChannel.java:151)
	at io.netty.channel.nio.NioEventLoop.processSelectedKey(NioEventLoop.java:722)
	at io.netty.channel.nio.NioEventLoop.processSelectedKeysOptimized(NioEventLoop.java:658)
	at io.netty.channel.nio.NioEventLoop.processSelectedKeys(NioEventLoop.java:584)
	at io.netty.channel.nio.NioEventLoop.run(NioEventLoop.java:496)
	at io.netty.util.concurrent.SingleThreadEventExecutor$4.run(SingleThreadEventExecutor.java:986)
	at io.netty.util.internal.ThreadExecutorMap$2.run(ThreadExecutorMap.java:74)
	at io.netty.util.concurrent.FastThreadLocalRunnable.run(FastThreadLocalRunnable.java:30)
	at java.base/java.lang.Thread.run(Thread.java:834)
00:40:20.251 [AsyncHttpClient-1-3] DEBUG org.asynchttpclient.netty.channel.ChannelManager - Closing Channel [id: 0xade7ad54, L:/127.0.0.1:51184 - R:localhost/127.0.0.1:56987] 
00:40:20.251 [AsyncHttpClient-1-3] DEBUG org.asynchttpclient.netty.handler.HttpHandler - Channel Closed: [id: 0xade7ad54, L:/127.0.0.1:51184 ! R:localhost/127.0.0.1:56987] with attribute DISCARD
]]></system-out>
    <system-err><![CDATA[Starting ChromeDriver 101.0.4951.41 (93c720db8323b3ec10d056025ab95c23a31997c9-refs/branch-heads/4951@{#904}) on port 56987
Only local connections are allowed.
Please see https://chromedriver.chromium.org/security-considerations for suggestions on keeping ChromeDriver safe.
ChromeDriver was started successfully.
May 14, 2022 12:40:14 AM org.openqa.selenium.remote.ProtocolHandshake createSession
INFO: Detected dialect: W3C
May 14, 2022 12:40:14 AM org.openqa.selenium.devtools.CdpVersionFinder findNearestMatch
WARNING: Unable to find an exact match for CDP version 101, so returning the closest version found: 97
May 14, 2022 12:40:14 AM org.openqa.selenium.devtools.CdpVersionFinder findNearestMatch
INFO: Found CDP implementation for version 101 of 97
]]></system-err>
  </testcase>
  <testcase name="As a user, i have not able to login because email is wrong" classname="Login" time="7.099">
    <system-out><![CDATA[
Scenario: As a user, i have not able to login because email is wrong &amp#27;[90m# src/test/resources/features/Login.feature:17&amp#27;[0m
00:40:20.324 [main] INFO io.cucumber.core.plugin.SerenityReporter - Running feature from file:///D:/Mini%20Project-QE%20Alta/Web%20Automation/FrontEnd-AltaShop/src/test/resources/features/Login.feature
00:40:20.328 [main] INFO  - 
  _____   ___   ___   _____     ___   _____     _     ___   _____   ___   ___  
 |_   _| | __| / __| |_   _|   / __| |_   _|   /_\   | _ \ |_   _| | __| |   \ 
   | |   | _|  \__ \   | |     \__ \   | |    / _ \  |   /   | |   | _|  | |) |
   |_|   |___| |___/   |_|     |___/   |_|   /_/ \_\ |_|_\   |_|   |___| |___/ 

As a user, i have not able to login because email is wrong(login;as-a-user--i-have-not-able-to-login-because-email-is-wrong)
--------------------------------------------------------------------------------
00:40:20.358 [main] DEBUG net.thucydides.core.steps.StepInterceptor - STARTING STEP: LoginStep.iOnLoginPage - onLoginPage
00:40:20.359 [main] INFO net.serenitybdd.core.webdriver.driverproviders.ChromeDriverProvider - Using automatically driver download
00:40:20.533 [main] DEBUG io.github.bonigarcia.wdm.cache.ResolutionCache - Resolution chrome=101 in cache (valid until 01:39:29 14/05/2022 ICT)
00:40:20.538 [main] DEBUG io.github.bonigarcia.wdm.cache.ResolutionCache - Resolution chrome101=101.0.4951.41 in cache (valid until 18:09:12 14/05/2022 ICT)
00:40:20.541 [main] INFO io.github.bonigarcia.wdm.WebDriverManager - Using chromedriver 101.0.4951.41 (resolved driver for Chrome 101)
00:40:20.561 [main] DEBUG io.github.bonigarcia.wdm.WebDriverManager - Driver chromedriver 101.0.4951.41 found in cache
00:40:20.562 [main] INFO io.github.bonigarcia.wdm.WebDriverManager - Exporting webdriver.chrome.driver as C:\Users\Siti Nurlatipah\.cache\selenium\chromedriver\win32\101.0.4951.41\chromedriver.exe
00:40:20.809 [main] DEBUG net.serenitybdd.core.webdriver.driverproviders.ProvideNewDriver - Instantiating driver
00:40:20.809 [main] DEBUG net.serenitybdd.core.webdriver.driverproviders.ProvideNewDriver - Driver capabilities: Capabilities {acceptInsecureCerts: false, base.url: https://qa.alta.id, browserName: chrome, chrome.driver: src/test/resources/webdrive..., driver: chrome, goog:chromeOptions: {args: [], extensions: []}}
00:40:21.311 [AsyncHttpClient-1-1] DEBUG org.asynchttpclient.netty.channel.DefaultChannelPool - Entry count for : http://localhost:56987 : 1
00:40:21.311 [AsyncHttpClient-1-1] DEBUG org.asynchttpclient.netty.channel.DefaultChannelPool - Adding Candidate expired Channel [id: 0xade7ad54, L:/127.0.0.1:51184 ! R:localhost/127.0.0.1:56987] isIdleTimeoutExpired=false isRemotelyClosed=true isTtlExpired=false
00:40:21.311 [AsyncHttpClient-1-1] DEBUG org.asynchttpclient.netty.channel.DefaultChannelPool - Closing Idle Channel [id: 0xade7ad54, L:/127.0.0.1:51184 ! R:localhost/127.0.0.1:56987]
00:40:21.311 [AsyncHttpClient-1-1] DEBUG org.asynchttpclient.netty.channel.DefaultChannelPool - Closed 1 connections out of 1 in 0 ms
00:40:21.353 [AsyncHttpClient-1-6] DEBUG org.asynchttpclient.netty.channel.NettyConnectListener - Using new Channel '[id: 0x0a5e9166, L:/127.0.0.1:51213 - R:localhost/127.0.0.1:50563]' for 'POST' to '/session'
00:40:22.273 [AsyncHttpClient-1-6] DEBUG org.asynchttpclient.netty.handler.HttpHandler - 

Request DefaultHttpRequest(decodeResult: success, version: HTTP/1.1)
POST /session HTTP/1.1
User-Agent: selenium/4.1.2 (java windows)
Content-Length: 595
Content-Type: application/json; charset=utf-8
host: localhost:50563
accept: */*

Response DefaultHttpResponse(decodeResult: success, version: HTTP/1.1)
HTTP/1.1 200 OK
Content-Type: application/json; charset=utf-8
cache-control: no-cache
content-length: 790

00:40:22.273 [AsyncHttpClient-1-6] DEBUG org.asynchttpclient.netty.channel.ChannelManager - Adding key: http://localhost:50563 for channel [id: 0x0a5e9166, L:/127.0.0.1:51213 - R:localhost/127.0.0.1:50563]
00:40:22.282 [AsyncHttpClient-1-7] DEBUG org.asynchttpclient.netty.channel.NettyConnectListener - Using new Channel '[id: 0x2048a748, L:/127.0.0.1:51221 - R:localhost/127.0.0.1:51215]' for 'GET' to '/json/version'
00:40:22.283 [AsyncHttpClient-1-7] DEBUG org.asynchttpclient.netty.handler.HttpHandler - 

Request DefaultFullHttpRequest(decodeResult: success, version: HTTP/1.1, content: EmptyByteBufBE)
GET /json/version HTTP/1.1
User-Agent: selenium/4.1.2 (java windows)
host: localhost:51215
accept: */*

Response DefaultHttpResponse(decodeResult: success, version: HTTP/1.1)
HTTP/1.1 200 OK
Content-Type: application/json; charset=UTF-8
content-length: 427

00:40:22.284 [AsyncHttpClient-1-7] DEBUG org.asynchttpclient.netty.channel.ChannelManager - Adding key: http://localhost:51215 for channel [id: 0x2048a748, L:/127.0.0.1:51221 - R:localhost/127.0.0.1:51215]
00:40:22.288 [AsyncHttpClient-1-8] DEBUG org.asynchttpclient.netty.channel.NettyConnectListener - Using new Channel '[id: 0xae01dc69, L:/127.0.0.1:51222 - R:localhost/127.0.0.1:51215]' for 'GET' to '/devtools/browser/89ce0ab0-b00e-4bff-a294-213dff78fbc4'
00:40:22.288 [AsyncHttpClient-1-8] DEBUG org.asynchttpclient.netty.handler.WebSocketHandler - 

Request DefaultFullHttpRequest(decodeResult: success, version: HTTP/1.1, content: EmptyByteBufBE)
GET /devtools/browser/89ce0ab0-b00e-4bff-a294-213dff78fbc4 HTTP/1.1
upgrade: websocket
connection: upgrade
sec-websocket-key: X6z/uefvo5zew86JeSYfPA==
sec-websocket-version: 13
origin: http://localhost:51215
host: localhost:51215
accept: */*
user-agent: AHC/2.1

Response DefaultHttpResponse(decodeResult: success, version: HTTP/1.1)
HTTP/1.1 101 WebSocket Protocol Handshake
Upgrade: WebSocket
Connection: Upgrade
Sec-WebSocket-Accept: 8AgBNy1C9m5Ef1oymfHLeesEvnI=

00:40:22.294 [Forwarding get on session b93dea8bd98e25ee6b60c6a2a17b6a7b to remote] DEBUG org.asynchttpclient.netty.request.NettyRequestSender - Using pooled Channel '[id: 0x0a5e9166, L:/127.0.0.1:51213 - R:localhost/127.0.0.1:50563]' for 'POST' to 'http://localhost:50563/session/b93dea8bd98e25ee6b60c6a2a17b6a7b/url'
00:40:22.295 [Forwarding get on session b93dea8bd98e25ee6b60c6a2a17b6a7b to remote] DEBUG org.asynchttpclient.netty.request.NettyRequestSender - Using open Channel [id: 0x0a5e9166, L:/127.0.0.1:51213 - R:localhost/127.0.0.1:50563] for POST '/session/b93dea8bd98e25ee6b60c6a2a17b6a7b/url'
00:40:22.396 [AsyncHttpClient-1-1] DEBUG org.asynchttpclient.netty.channel.DefaultChannelPool - Entry count for : http://localhost:51215 : 1
00:40:23.500 [AsyncHttpClient-1-1] DEBUG org.asynchttpclient.netty.channel.DefaultChannelPool - Entry count for : http://localhost:51215 : 1
00:40:24.596 [AsyncHttpClient-1-1] DEBUG org.asynchttpclient.netty.channel.DefaultChannelPool - Entry count for : http://localhost:51215 : 1
00:40:24.644 [AsyncHttpClient-1-6] DEBUG org.asynchttpclient.netty.handler.HttpHandler - 

Request DefaultHttpRequest(decodeResult: success, version: HTTP/1.1)
POST /session/b93dea8bd98e25ee6b60c6a2a17b6a7b/url HTTP/1.1
User-Agent: selenium/4.1.2 (java windows)
Content-Length: 64
Content-Type: application/json; charset=utf-8
host: localhost:50563
accept: */*

Response DefaultHttpResponse(decodeResult: success, version: HTTP/1.1)
HTTP/1.1 200 OK
Content-Type: application/json; charset=utf-8
cache-control: no-cache
content-length: 14

00:40:24.644 [AsyncHttpClient-1-6] DEBUG org.asynchttpclient.netty.channel.ChannelManager - Adding key: http://localhost:50563 for channel [id: 0x0a5e9166, L:/127.0.0.1:51213 - R:localhost/127.0.0.1:50563]
00:40:24.646 [Forwarding setTimeout on session b93dea8bd98e25ee6b60c6a2a17b6a7b to remote] DEBUG org.asynchttpclient.netty.request.NettyRequestSender - Using pooled Channel '[id: 0x0a5e9166, L:/127.0.0.1:51213 - R:localhost/127.0.0.1:50563]' for 'POST' to 'http://localhost:50563/session/b93dea8bd98e25ee6b60c6a2a17b6a7b/timeouts'
00:40:24.646 [Forwarding setTimeout on session b93dea8bd98e25ee6b60c6a2a17b6a7b to remote] DEBUG org.asynchttpclient.netty.request.NettyRequestSender - Using open Channel [id: 0x0a5e9166, L:/127.0.0.1:51213 - R:localhost/127.0.0.1:50563] for POST '/session/b93dea8bd98e25ee6b60c6a2a17b6a7b/timeouts'
00:40:24.648 [AsyncHttpClient-1-6] DEBUG org.asynchttpclient.netty.handler.HttpHandler - 

Request DefaultHttpRequest(decodeResult: success, version: HTTP/1.1)
POST /session/b93dea8bd98e25ee6b60c6a2a17b6a7b/timeouts HTTP/1.1
User-Agent: selenium/4.1.2 (java windows)
Content-Length: 22
Content-Type: application/json; charset=utf-8
host: localhost:50563
accept: */*

Response DefaultHttpResponse(decodeResult: success, version: HTTP/1.1)
HTTP/1.1 200 OK
Content-Type: application/json; charset=utf-8
cache-control: no-cache
content-length: 14

00:40:24.648 [AsyncHttpClient-1-6] DEBUG org.asynchttpclient.netty.channel.ChannelManager - Adding key: http://localhost:50563 for channel [id: 0x0a5e9166, L:/127.0.0.1:51213 - R:localhost/127.0.0.1:50563]
00:40:24.656 [Forwarding getCurrentUrl on session b93dea8bd98e25ee6b60c6a2a17b6a7b to remote] DEBUG org.asynchttpclient.netty.request.NettyRequestSender - Using pooled Channel '[id: 0x0a5e9166, L:/127.0.0.1:51213 - R:localhost/127.0.0.1:50563]' for 'GET' to 'http://localhost:50563/session/b93dea8bd98e25ee6b60c6a2a17b6a7b/url'
00:40:24.656 [Forwarding getCurrentUrl on session b93dea8bd98e25ee6b60c6a2a17b6a7b to remote] DEBUG org.asynchttpclient.netty.request.NettyRequestSender - Using open Channel [id: 0x0a5e9166, L:/127.0.0.1:51213 - R:localhost/127.0.0.1:50563] for GET '/session/b93dea8bd98e25ee6b60c6a2a17b6a7b/url'
00:40:24.662 [AsyncHttpClient-1-6] DEBUG org.asynchttpclient.netty.handler.HttpHandler - 

Request DefaultFullHttpRequest(decodeResult: success, version: HTTP/1.1, content: EmptyByteBufBE)
GET /session/b93dea8bd98e25ee6b60c6a2a17b6a7b/url HTTP/1.1
User-Agent: selenium/4.1.2 (java windows)
Cache-Control: no-cache
Content-Type: application/json; charset=utf-8
host: localhost:50563
accept: */*

Response DefaultHttpResponse(decodeResult: success, version: HTTP/1.1)
HTTP/1.1 200 OK
Content-Type: application/json; charset=utf-8
cache-control: no-cache
content-length: 41

00:40:24.663 [AsyncHttpClient-1-6] DEBUG org.asynchttpclient.netty.channel.ChannelManager - Adding key: http://localhost:50563 for channel [id: 0x0a5e9166, L:/127.0.0.1:51213 - R:localhost/127.0.0.1:50563]
00:40:24.671 [Forwarding screenshot on session b93dea8bd98e25ee6b60c6a2a17b6a7b to remote] DEBUG org.asynchttpclient.netty.request.NettyRequestSender - Using pooled Channel '[id: 0x0a5e9166, L:/127.0.0.1:51213 - R:localhost/127.0.0.1:50563]' for 'GET' to 'http://localhost:50563/session/b93dea8bd98e25ee6b60c6a2a17b6a7b/screenshot'
00:40:24.671 [Forwarding screenshot on session b93dea8bd98e25ee6b60c6a2a17b6a7b to remote] DEBUG org.asynchttpclient.netty.request.NettyRequestSender - Using open Channel [id: 0x0a5e9166, L:/127.0.0.1:51213 - R:localhost/127.0.0.1:50563] for GET '/session/b93dea8bd98e25ee6b60c6a2a17b6a7b/screenshot'
00:40:24.859 [AsyncHttpClient-1-6] DEBUG org.asynchttpclient.netty.handler.HttpHandler - 

Request DefaultFullHttpRequest(decodeResult: success, version: HTTP/1.1, content: EmptyByteBufBE)
GET /session/b93dea8bd98e25ee6b60c6a2a17b6a7b/screenshot HTTP/1.1
User-Agent: selenium/4.1.2 (java windows)
Cache-Control: no-cache
Content-Type: application/json; charset=utf-8
host: localhost:50563
accept: */*

Response DefaultHttpResponse(decodeResult: success, version: HTTP/1.1)
HTTP/1.1 200 OK
Content-Type: application/json; charset=utf-8
cache-control: no-cache
content-length: 37840

00:40:24.860 [AsyncHttpClient-1-6] DEBUG org.asynchttpclient.netty.channel.ChannelManager - Adding key: http://localhost:50563 for channel [id: 0x0a5e9166, L:/127.0.0.1:51213 - R:localhost/127.0.0.1:50563]
00:40:24.863 [main] DEBUG net.serenitybdd.core.photography.Darkroom - Send negative for processing for target\site\serenity\6f2f89e8c5a543dd0a10df9cc2fb4dfa2a13d528c2d3ad44cda943733ef50e85.png
00:40:24.863 [main] DEBUG net.thucydides.core.steps.StepInterceptor - STEP DONE: onLoginPage
  &amp#27;[32mGiven &amp#27;[0m&amp#27;[32m&amp#27;[0m&amp#27;[32m&amp#27;[1mI&amp#27;[0m&amp#27;[32m on login page&amp#27;[0m                                              &amp#27;[90m# stepdefinitions.LoginStep.iOnLoginPage(java.lang.String)&amp#27;[0m
00:40:24.884 [main] DEBUG net.thucydides.core.steps.StepInterceptor - STARTING STEP: LoginStep.iTypeUnvalidEmail - typeMyEmail
00:40:24.886 [Forwarding findElement on session b93dea8bd98e25ee6b60c6a2a17b6a7b to remote] DEBUG org.asynchttpclient.netty.request.NettyRequestSender - Using pooled Channel '[id: 0x0a5e9166, L:/127.0.0.1:51213 - R:localhost/127.0.0.1:50563]' for 'POST' to 'http://localhost:50563/session/b93dea8bd98e25ee6b60c6a2a17b6a7b/element'
00:40:24.886 [Forwarding findElement on session b93dea8bd98e25ee6b60c6a2a17b6a7b to remote] DEBUG org.asynchttpclient.netty.request.NettyRequestSender - Using open Channel [id: 0x0a5e9166, L:/127.0.0.1:51213 - R:localhost/127.0.0.1:50563] for POST '/session/b93dea8bd98e25ee6b60c6a2a17b6a7b/element'
00:40:24.899 [AsyncHttpClient-1-6] DEBUG org.asynchttpclient.netty.handler.HttpHandler - 

Request DefaultHttpRequest(decodeResult: success, version: HTTP/1.1)
POST /session/b93dea8bd98e25ee6b60c6a2a17b6a7b/element HTTP/1.1
User-Agent: selenium/4.1.2 (java windows)
Content-Length: 84
Content-Type: application/json; charset=utf-8
host: localhost:50563
accept: */*

Response DefaultHttpResponse(decodeResult: success, version: HTTP/1.1)
HTTP/1.1 200 OK
Content-Type: application/json; charset=utf-8
cache-control: no-cache
content-length: 88

00:40:24.900 [AsyncHttpClient-1-6] DEBUG org.asynchttpclient.netty.channel.ChannelManager - Adding key: http://localhost:50563 for channel [id: 0x0a5e9166, L:/127.0.0.1:51213 - R:localhost/127.0.0.1:50563]
00:40:24.901 [Forwarding sendKeysToElement on session b93dea8bd98e25ee6b60c6a2a17b6a7b to remote] DEBUG org.asynchttpclient.netty.request.NettyRequestSender - Using pooled Channel '[id: 0x0a5e9166, L:/127.0.0.1:51213 - R:localhost/127.0.0.1:50563]' for 'POST' to 'http://localhost:50563/session/b93dea8bd98e25ee6b60c6a2a17b6a7b/element/72a58e84-bc3f-4343-b05c-b508f106161c/value'
00:40:24.902 [Forwarding sendKeysToElement on session b93dea8bd98e25ee6b60c6a2a17b6a7b to remote] DEBUG org.asynchttpclient.netty.request.NettyRequestSender - Using open Channel [id: 0x0a5e9166, L:/127.0.0.1:51213 - R:localhost/127.0.0.1:50563] for POST '/session/b93dea8bd98e25ee6b60c6a2a17b6a7b/element/72a58e84-bc3f-4343-b05c-b508f106161c/value'
00:40:25.046 [AsyncHttpClient-1-6] DEBUG org.asynchttpclient.netty.handler.HttpHandler - 

Request DefaultHttpRequest(decodeResult: success, version: HTTP/1.1)
POST /session/b93dea8bd98e25ee6b60c6a2a17b6a7b/element/72a58e84-bc3f-4343-b05c-b508f106161c/value HTTP/1.1
User-Agent: selenium/4.1.2 (java windows)
Content-Length: 241
Content-Type: application/json; charset=utf-8
host: localhost:50563
accept: */*

Response DefaultHttpResponse(decodeResult: success, version: HTTP/1.1)
HTTP/1.1 200 OK
Content-Type: application/json; charset=utf-8
cache-control: no-cache
content-length: 14

00:40:25.046 [AsyncHttpClient-1-6] DEBUG org.asynchttpclient.netty.channel.ChannelManager - Adding key: http://localhost:50563 for channel [id: 0x0a5e9166, L:/127.0.0.1:51213 - R:localhost/127.0.0.1:50563]
00:40:25.053 [Forwarding screenshot on session b93dea8bd98e25ee6b60c6a2a17b6a7b to remote] DEBUG org.asynchttpclient.netty.request.NettyRequestSender - Using pooled Channel '[id: 0x0a5e9166, L:/127.0.0.1:51213 - R:localhost/127.0.0.1:50563]' for 'GET' to 'http://localhost:50563/session/b93dea8bd98e25ee6b60c6a2a17b6a7b/screenshot'
00:40:25.053 [Forwarding screenshot on session b93dea8bd98e25ee6b60c6a2a17b6a7b to remote] DEBUG org.asynchttpclient.netty.request.NettyRequestSender - Using open Channel [id: 0x0a5e9166, L:/127.0.0.1:51213 - R:localhost/127.0.0.1:50563] for GET '/session/b93dea8bd98e25ee6b60c6a2a17b6a7b/screenshot'
00:40:25.221 [AsyncHttpClient-1-6] DEBUG org.asynchttpclient.netty.handler.HttpHandler - 

Request DefaultFullHttpRequest(decodeResult: success, version: HTTP/1.1, content: EmptyByteBufBE)
GET /session/b93dea8bd98e25ee6b60c6a2a17b6a7b/screenshot HTTP/1.1
User-Agent: selenium/4.1.2 (java windows)
Cache-Control: no-cache
Content-Type: application/json; charset=utf-8
host: localhost:50563
accept: */*

Response DefaultHttpResponse(decodeResult: success, version: HTTP/1.1)
HTTP/1.1 200 OK
Content-Type: application/json; charset=utf-8
cache-control: no-cache
content-length: 45948

00:40:25.222 [AsyncHttpClient-1-6] DEBUG org.asynchttpclient.netty.channel.ChannelManager - Adding key: http://localhost:50563 for channel [id: 0x0a5e9166, L:/127.0.0.1:51213 - R:localhost/127.0.0.1:50563]
00:40:25.223 [main] DEBUG net.serenitybdd.core.photography.Darkroom - Send negative for processing for target\site\serenity\ff304d0f3b49c591d7f0efcfe660534302ed83b77cc40a087ab46ab4e8da64cf.png
00:40:25.223 [main] DEBUG net.thucydides.core.steps.StepInterceptor - STEP DONE: typeMyEmail
  &amp#27;[32mWhen &amp#27;[0m&amp#27;[32mI type unvalid email &amp#27;[0m&amp#27;[32m&amp#27;[1maisyah@gmail.com&amp#27;[0m                         &amp#27;[90m# stepdefinitions.LoginStep.iTypeUnvalidEmail(java.lang.String)&amp#27;[0m
00:40:25.224 [Darkroom Processing Line] DEBUG net.serenitybdd.core.photography.DarkroomProcessingLine - Processing screenshot image in /var/screenshots/screenshot-7194228689398394553
00:40:25.224 [Darkroom Processing Line] DEBUG net.serenitybdd.core.photography.DarkroomProcessingLine - Saving screenshot to target\site\serenity\ff304d0f3b49c591d7f0efcfe660534302ed83b77cc40a087ab46ab4e8da64cf.png
00:40:25.237 [main] DEBUG net.thucydides.core.steps.StepInterceptor - STARTING STEP: LoginStep.iTypeValidPassword - typeMyPassword
00:40:25.241 [Forwarding findElement on session b93dea8bd98e25ee6b60c6a2a17b6a7b to remote] DEBUG org.asynchttpclient.netty.request.NettyRequestSender - Using pooled Channel '[id: 0x0a5e9166, L:/127.0.0.1:51213 - R:localhost/127.0.0.1:50563]' for 'POST' to 'http://localhost:50563/session/b93dea8bd98e25ee6b60c6a2a17b6a7b/element'
00:40:25.241 [Forwarding findElement on session b93dea8bd98e25ee6b60c6a2a17b6a7b to remote] DEBUG org.asynchttpclient.netty.request.NettyRequestSender - Using open Channel [id: 0x0a5e9166, L:/127.0.0.1:51213 - R:localhost/127.0.0.1:50563] for POST '/session/b93dea8bd98e25ee6b60c6a2a17b6a7b/element'
00:40:25.255 [AsyncHttpClient-1-6] DEBUG org.asynchttpclient.netty.handler.HttpHandler - 

Request DefaultHttpRequest(decodeResult: success, version: HTTP/1.1)
POST /session/b93dea8bd98e25ee6b60c6a2a17b6a7b/element HTTP/1.1
User-Agent: selenium/4.1.2 (java windows)
Content-Length: 87
Content-Type: application/json; charset=utf-8
host: localhost:50563
accept: */*

Response DefaultHttpResponse(decodeResult: success, version: HTTP/1.1)
HTTP/1.1 200 OK
Content-Type: application/json; charset=utf-8
cache-control: no-cache
content-length: 88

00:40:25.255 [AsyncHttpClient-1-6] DEBUG org.asynchttpclient.netty.channel.ChannelManager - Adding key: http://localhost:50563 for channel [id: 0x0a5e9166, L:/127.0.0.1:51213 - R:localhost/127.0.0.1:50563]
00:40:25.257 [Forwarding sendKeysToElement on session b93dea8bd98e25ee6b60c6a2a17b6a7b to remote] DEBUG org.asynchttpclient.netty.request.NettyRequestSender - Using pooled Channel '[id: 0x0a5e9166, L:/127.0.0.1:51213 - R:localhost/127.0.0.1:50563]' for 'POST' to 'http://localhost:50563/session/b93dea8bd98e25ee6b60c6a2a17b6a7b/element/8ca1cbb1-8193-4c91-ba3d-782fcbaa3c10/value'
00:40:25.257 [Forwarding sendKeysToElement on session b93dea8bd98e25ee6b60c6a2a17b6a7b to remote] DEBUG org.asynchttpclient.netty.request.NettyRequestSender - Using open Channel [id: 0x0a5e9166, L:/127.0.0.1:51213 - R:localhost/127.0.0.1:50563] for POST '/session/b93dea8bd98e25ee6b60c6a2a17b6a7b/element/8ca1cbb1-8193-4c91-ba3d-782fcbaa3c10/value'
00:40:25.347 [AsyncHttpClient-1-6] DEBUG org.asynchttpclient.netty.handler.HttpHandler - 

Request DefaultHttpRequest(decodeResult: success, version: HTTP/1.1)
POST /session/b93dea8bd98e25ee6b60c6a2a17b6a7b/element/8ca1cbb1-8193-4c91-ba3d-782fcbaa3c10/value HTTP/1.1
User-Agent: selenium/4.1.2 (java windows)
Content-Length: 131
Content-Type: application/json; charset=utf-8
host: localhost:50563
accept: */*

Response DefaultHttpResponse(decodeResult: success, version: HTTP/1.1)
HTTP/1.1 200 OK
Content-Type: application/json; charset=utf-8
cache-control: no-cache
content-length: 14

00:40:25.347 [AsyncHttpClient-1-6] DEBUG org.asynchttpclient.netty.channel.ChannelManager - Adding key: http://localhost:50563 for channel [id: 0x0a5e9166, L:/127.0.0.1:51213 - R:localhost/127.0.0.1:50563]
00:40:25.353 [Forwarding screenshot on session b93dea8bd98e25ee6b60c6a2a17b6a7b to remote] DEBUG org.asynchttpclient.netty.request.NettyRequestSender - Using pooled Channel '[id: 0x0a5e9166, L:/127.0.0.1:51213 - R:localhost/127.0.0.1:50563]' for 'GET' to 'http://localhost:50563/session/b93dea8bd98e25ee6b60c6a2a17b6a7b/screenshot'
00:40:25.353 [Forwarding screenshot on session b93dea8bd98e25ee6b60c6a2a17b6a7b to remote] DEBUG org.asynchttpclient.netty.request.NettyRequestSender - Using open Channel [id: 0x0a5e9166, L:/127.0.0.1:51213 - R:localhost/127.0.0.1:50563] for GET '/session/b93dea8bd98e25ee6b60c6a2a17b6a7b/screenshot'
00:40:25.514 [AsyncHttpClient-1-6] DEBUG org.asynchttpclient.netty.handler.HttpHandler - 

Request DefaultFullHttpRequest(decodeResult: success, version: HTTP/1.1, content: EmptyByteBufBE)
GET /session/b93dea8bd98e25ee6b60c6a2a17b6a7b/screenshot HTTP/1.1
User-Agent: selenium/4.1.2 (java windows)
Cache-Control: no-cache
Content-Type: application/json; charset=utf-8
host: localhost:50563
accept: */*

Response DefaultHttpResponse(decodeResult: success, version: HTTP/1.1)
HTTP/1.1 200 OK
Content-Type: application/json; charset=utf-8
cache-control: no-cache
content-length: 47736

00:40:25.514 [AsyncHttpClient-1-6] DEBUG org.asynchttpclient.netty.channel.ChannelManager - Adding key: http://localhost:50563 for channel [id: 0x0a5e9166, L:/127.0.0.1:51213 - R:localhost/127.0.0.1:50563]
00:40:25.517 [main] DEBUG net.serenitybdd.core.photography.Darkroom - Send negative for processing for target\site\serenity\7f5f7d0859a113dceb23cf87ad6d00c4010b3b83e76943f89f44ceac840082f1.png
00:40:25.518 [main] DEBUG net.thucydides.core.steps.StepInterceptor - STEP DONE: typeMyPassword
00:40:25.518 [Darkroom Processing Line] DEBUG net.serenitybdd.core.photography.DarkroomProcessingLine - Processing screenshot image in /var/screenshots/screenshot-6569335678670041973
  &amp#27;[32mAnd &amp#27;[0m&amp#27;[32mI type valid password &amp#27;[0m&amp#27;[32m&amp#27;[1maiueo&amp#27;[0m                                    &amp#27;[90m# stepdefinitions.LoginStep.iTypeValidPassword(java.lang.String)&amp#27;[0m
00:40:25.518 [Darkroom Processing Line] DEBUG net.serenitybdd.core.photography.DarkroomProcessingLine - Saving screenshot to target\site\serenity\7f5f7d0859a113dceb23cf87ad6d00c4010b3b83e76943f89f44ceac840082f1.png
00:40:25.531 [main] DEBUG net.thucydides.core.steps.StepInterceptor - STARTING STEP: LoginStep.iClickLoginBttn - clickLoginButton
00:40:25.538 [Forwarding findElement on session b93dea8bd98e25ee6b60c6a2a17b6a7b to remote] DEBUG org.asynchttpclient.netty.request.NettyRequestSender - Using pooled Channel '[id: 0x0a5e9166, L:/127.0.0.1:51213 - R:localhost/127.0.0.1:50563]' for 'POST' to 'http://localhost:50563/session/b93dea8bd98e25ee6b60c6a2a17b6a7b/element'
00:40:25.538 [Forwarding findElement on session b93dea8bd98e25ee6b60c6a2a17b6a7b to remote] DEBUG org.asynchttpclient.netty.request.NettyRequestSender - Using open Channel [id: 0x0a5e9166, L:/127.0.0.1:51213 - R:localhost/127.0.0.1:50563] for POST '/session/b93dea8bd98e25ee6b60c6a2a17b6a7b/element'
00:40:25.549 [AsyncHttpClient-1-6] DEBUG org.asynchttpclient.netty.handler.HttpHandler - 

Request DefaultHttpRequest(decodeResult: success, version: HTTP/1.1)
POST /session/b93dea8bd98e25ee6b60c6a2a17b6a7b/element HTTP/1.1
User-Agent: selenium/4.1.2 (java windows)
Content-Length: 155
Content-Type: application/json; charset=utf-8
host: localhost:50563
accept: */*

Response DefaultHttpResponse(decodeResult: success, version: HTTP/1.1)
HTTP/1.1 200 OK
Content-Type: application/json; charset=utf-8
cache-control: no-cache
content-length: 88

00:40:25.549 [AsyncHttpClient-1-6] DEBUG org.asynchttpclient.netty.channel.ChannelManager - Adding key: http://localhost:50563 for channel [id: 0x0a5e9166, L:/127.0.0.1:51213 - R:localhost/127.0.0.1:50563]
00:40:25.552 [Forwarding getElementTagName on session b93dea8bd98e25ee6b60c6a2a17b6a7b to remote] DEBUG org.asynchttpclient.netty.request.NettyRequestSender - Using pooled Channel '[id: 0x0a5e9166, L:/127.0.0.1:51213 - R:localhost/127.0.0.1:50563]' for 'GET' to 'http://localhost:50563/session/b93dea8bd98e25ee6b60c6a2a17b6a7b/element/64fc817f-f4cf-4b78-bf8b-581ab3f07e4f/name'
00:40:25.552 [Forwarding getElementTagName on session b93dea8bd98e25ee6b60c6a2a17b6a7b to remote] DEBUG org.asynchttpclient.netty.request.NettyRequestSender - Using open Channel [id: 0x0a5e9166, L:/127.0.0.1:51213 - R:localhost/127.0.0.1:50563] for GET '/session/b93dea8bd98e25ee6b60c6a2a17b6a7b/element/64fc817f-f4cf-4b78-bf8b-581ab3f07e4f/name'
00:40:25.556 [AsyncHttpClient-1-6] DEBUG org.asynchttpclient.netty.handler.HttpHandler - 

Request DefaultFullHttpRequest(decodeResult: success, version: HTTP/1.1, content: EmptyByteBufBE)
GET /session/b93dea8bd98e25ee6b60c6a2a17b6a7b/element/64fc817f-f4cf-4b78-bf8b-581ab3f07e4f/name HTTP/1.1
User-Agent: selenium/4.1.2 (java windows)
Cache-Control: no-cache
Content-Type: application/json; charset=utf-8
host: localhost:50563
accept: */*

Response DefaultHttpResponse(decodeResult: success, version: HTTP/1.1)
HTTP/1.1 200 OK
Content-Type: application/json; charset=utf-8
cache-control: no-cache
content-length: 18

00:40:25.556 [AsyncHttpClient-1-6] DEBUG org.asynchttpclient.netty.channel.ChannelManager - Adding key: http://localhost:50563 for channel [id: 0x0a5e9166, L:/127.0.0.1:51213 - R:localhost/127.0.0.1:50563]
00:40:25.557 [Forwarding getElementTagName on session b93dea8bd98e25ee6b60c6a2a17b6a7b to remote] DEBUG org.asynchttpclient.netty.request.NettyRequestSender - Using pooled Channel '[id: 0x0a5e9166, L:/127.0.0.1:51213 - R:localhost/127.0.0.1:50563]' for 'GET' to 'http://localhost:50563/session/b93dea8bd98e25ee6b60c6a2a17b6a7b/element/64fc817f-f4cf-4b78-bf8b-581ab3f07e4f/name'
00:40:25.557 [Forwarding getElementTagName on session b93dea8bd98e25ee6b60c6a2a17b6a7b to remote] DEBUG org.asynchttpclient.netty.request.NettyRequestSender - Using open Channel [id: 0x0a5e9166, L:/127.0.0.1:51213 - R:localhost/127.0.0.1:50563] for GET '/session/b93dea8bd98e25ee6b60c6a2a17b6a7b/element/64fc817f-f4cf-4b78-bf8b-581ab3f07e4f/name'
00:40:25.561 [AsyncHttpClient-1-6] DEBUG org.asynchttpclient.netty.handler.HttpHandler - 

Request DefaultFullHttpRequest(decodeResult: success, version: HTTP/1.1, content: EmptyByteBufBE)
GET /session/b93dea8bd98e25ee6b60c6a2a17b6a7b/element/64fc817f-f4cf-4b78-bf8b-581ab3f07e4f/name HTTP/1.1
User-Agent: selenium/4.1.2 (java windows)
Cache-Control: no-cache
Content-Type: application/json; charset=utf-8
host: localhost:50563
accept: */*

Response DefaultHttpResponse(decodeResult: success, version: HTTP/1.1)
HTTP/1.1 200 OK
Content-Type: application/json; charset=utf-8
cache-control: no-cache
content-length: 18

00:40:25.561 [AsyncHttpClient-1-6] DEBUG org.asynchttpclient.netty.channel.ChannelManager - Adding key: http://localhost:50563 for channel [id: 0x0a5e9166, L:/127.0.0.1:51213 - R:localhost/127.0.0.1:50563]
00:40:25.564 [Forwarding isElementEnabled on session b93dea8bd98e25ee6b60c6a2a17b6a7b to remote] DEBUG org.asynchttpclient.netty.request.NettyRequestSender - Using pooled Channel '[id: 0x0a5e9166, L:/127.0.0.1:51213 - R:localhost/127.0.0.1:50563]' for 'GET' to 'http://localhost:50563/session/b93dea8bd98e25ee6b60c6a2a17b6a7b/element/64fc817f-f4cf-4b78-bf8b-581ab3f07e4f/enabled'
00:40:25.564 [Forwarding isElementEnabled on session b93dea8bd98e25ee6b60c6a2a17b6a7b to remote] DEBUG org.asynchttpclient.netty.request.NettyRequestSender - Using open Channel [id: 0x0a5e9166, L:/127.0.0.1:51213 - R:localhost/127.0.0.1:50563] for GET '/session/b93dea8bd98e25ee6b60c6a2a17b6a7b/element/64fc817f-f4cf-4b78-bf8b-581ab3f07e4f/enabled'
00:40:25.573 [AsyncHttpClient-1-6] DEBUG org.asynchttpclient.netty.handler.HttpHandler - 

Request DefaultFullHttpRequest(decodeResult: success, version: HTTP/1.1, content: EmptyByteBufBE)
GET /session/b93dea8bd98e25ee6b60c6a2a17b6a7b/element/64fc817f-f4cf-4b78-bf8b-581ab3f07e4f/enabled HTTP/1.1
User-Agent: selenium/4.1.2 (java windows)
Cache-Control: no-cache
Content-Type: application/json; charset=utf-8
host: localhost:50563
accept: */*

Response DefaultHttpResponse(decodeResult: success, version: HTTP/1.1)
HTTP/1.1 200 OK
Content-Type: application/json; charset=utf-8
cache-control: no-cache
content-length: 14

00:40:25.573 [AsyncHttpClient-1-6] DEBUG org.asynchttpclient.netty.channel.ChannelManager - Adding key: http://localhost:50563 for channel [id: 0x0a5e9166, L:/127.0.0.1:51213 - R:localhost/127.0.0.1:50563]
00:40:25.574 [Forwarding isElementEnabled on session b93dea8bd98e25ee6b60c6a2a17b6a7b to remote] DEBUG org.asynchttpclient.netty.request.NettyRequestSender - Using pooled Channel '[id: 0x0a5e9166, L:/127.0.0.1:51213 - R:localhost/127.0.0.1:50563]' for 'GET' to 'http://localhost:50563/session/b93dea8bd98e25ee6b60c6a2a17b6a7b/element/64fc817f-f4cf-4b78-bf8b-581ab3f07e4f/enabled'
00:40:25.574 [Forwarding isElementEnabled on session b93dea8bd98e25ee6b60c6a2a17b6a7b to remote] DEBUG org.asynchttpclient.netty.request.NettyRequestSender - Using open Channel [id: 0x0a5e9166, L:/127.0.0.1:51213 - R:localhost/127.0.0.1:50563] for GET '/session/b93dea8bd98e25ee6b60c6a2a17b6a7b/element/64fc817f-f4cf-4b78-bf8b-581ab3f07e4f/enabled'
00:40:25.581 [AsyncHttpClient-1-6] DEBUG org.asynchttpclient.netty.handler.HttpHandler - 

Request DefaultFullHttpRequest(decodeResult: success, version: HTTP/1.1, content: EmptyByteBufBE)
GET /session/b93dea8bd98e25ee6b60c6a2a17b6a7b/element/64fc817f-f4cf-4b78-bf8b-581ab3f07e4f/enabled HTTP/1.1
User-Agent: selenium/4.1.2 (java windows)
Cache-Control: no-cache
Content-Type: application/json; charset=utf-8
host: localhost:50563
accept: */*

Response DefaultHttpResponse(decodeResult: success, version: HTTP/1.1)
HTTP/1.1 200 OK
Content-Type: application/json; charset=utf-8
cache-control: no-cache
content-length: 14

00:40:25.581 [AsyncHttpClient-1-6] DEBUG org.asynchttpclient.netty.channel.ChannelManager - Adding key: http://localhost:50563 for channel [id: 0x0a5e9166, L:/127.0.0.1:51213 - R:localhost/127.0.0.1:50563]
00:40:25.586 [Forwarding findElement on session b93dea8bd98e25ee6b60c6a2a17b6a7b to remote] DEBUG org.asynchttpclient.netty.request.NettyRequestSender - Using pooled Channel '[id: 0x0a5e9166, L:/127.0.0.1:51213 - R:localhost/127.0.0.1:50563]' for 'POST' to 'http://localhost:50563/session/b93dea8bd98e25ee6b60c6a2a17b6a7b/element'
00:40:25.586 [Forwarding findElement on session b93dea8bd98e25ee6b60c6a2a17b6a7b to remote] DEBUG org.asynchttpclient.netty.request.NettyRequestSender - Using open Channel [id: 0x0a5e9166, L:/127.0.0.1:51213 - R:localhost/127.0.0.1:50563] for POST '/session/b93dea8bd98e25ee6b60c6a2a17b6a7b/element'
00:40:25.598 [AsyncHttpClient-1-6] DEBUG org.asynchttpclient.netty.handler.HttpHandler - 

Request DefaultHttpRequest(decodeResult: success, version: HTTP/1.1)
POST /session/b93dea8bd98e25ee6b60c6a2a17b6a7b/element HTTP/1.1
User-Agent: selenium/4.1.2 (java windows)
Content-Length: 155
Content-Type: application/json; charset=utf-8
host: localhost:50563
accept: */*

Response DefaultHttpResponse(decodeResult: success, version: HTTP/1.1)
HTTP/1.1 200 OK
Content-Type: application/json; charset=utf-8
cache-control: no-cache
content-length: 88

00:40:25.598 [AsyncHttpClient-1-6] DEBUG org.asynchttpclient.netty.channel.ChannelManager - Adding key: http://localhost:50563 for channel [id: 0x0a5e9166, L:/127.0.0.1:51213 - R:localhost/127.0.0.1:50563]
00:40:25.601 [Forwarding clickElement on session b93dea8bd98e25ee6b60c6a2a17b6a7b to remote] DEBUG org.asynchttpclient.netty.request.NettyRequestSender - Using pooled Channel '[id: 0x0a5e9166, L:/127.0.0.1:51213 - R:localhost/127.0.0.1:50563]' for 'POST' to 'http://localhost:50563/session/b93dea8bd98e25ee6b60c6a2a17b6a7b/element/64fc817f-f4cf-4b78-bf8b-581ab3f07e4f/click'
00:40:25.601 [Forwarding clickElement on session b93dea8bd98e25ee6b60c6a2a17b6a7b to remote] DEBUG org.asynchttpclient.netty.request.NettyRequestSender - Using open Channel [id: 0x0a5e9166, L:/127.0.0.1:51213 - R:localhost/127.0.0.1:50563] for POST '/session/b93dea8bd98e25ee6b60c6a2a17b6a7b/element/64fc817f-f4cf-4b78-bf8b-581ab3f07e4f/click'
00:40:25.678 [AsyncHttpClient-1-6] DEBUG org.asynchttpclient.netty.handler.HttpHandler - 

Request DefaultHttpRequest(decodeResult: success, version: HTTP/1.1)
POST /session/b93dea8bd98e25ee6b60c6a2a17b6a7b/element/64fc817f-f4cf-4b78-bf8b-581ab3f07e4f/click HTTP/1.1
User-Agent: selenium/4.1.2 (java windows)
Content-Length: 50
Content-Type: application/json; charset=utf-8
host: localhost:50563
accept: */*

Response DefaultHttpResponse(decodeResult: success, version: HTTP/1.1)
HTTP/1.1 200 OK
Content-Type: application/json; charset=utf-8
cache-control: no-cache
content-length: 14

00:40:25.678 [AsyncHttpClient-1-6] DEBUG org.asynchttpclient.netty.channel.ChannelManager - Adding key: http://localhost:50563 for channel [id: 0x0a5e9166, L:/127.0.0.1:51213 - R:localhost/127.0.0.1:50563]
00:40:25.689 [Forwarding screenshot on session b93dea8bd98e25ee6b60c6a2a17b6a7b to remote] DEBUG org.asynchttpclient.netty.request.NettyRequestSender - Using pooled Channel '[id: 0x0a5e9166, L:/127.0.0.1:51213 - R:localhost/127.0.0.1:50563]' for 'GET' to 'http://localhost:50563/session/b93dea8bd98e25ee6b60c6a2a17b6a7b/screenshot'
00:40:25.689 [Forwarding screenshot on session b93dea8bd98e25ee6b60c6a2a17b6a7b to remote] DEBUG org.asynchttpclient.netty.request.NettyRequestSender - Using open Channel [id: 0x0a5e9166, L:/127.0.0.1:51213 - R:localhost/127.0.0.1:50563] for GET '/session/b93dea8bd98e25ee6b60c6a2a17b6a7b/screenshot'
00:40:25.700 [AsyncHttpClient-1-1] DEBUG org.asynchttpclient.netty.channel.DefaultChannelPool - Entry count for : http://localhost:51215 : 1
00:40:26.103 [AsyncHttpClient-1-6] DEBUG org.asynchttpclient.netty.handler.HttpHandler - 

Request DefaultFullHttpRequest(decodeResult: success, version: HTTP/1.1, content: EmptyByteBufBE)
GET /session/b93dea8bd98e25ee6b60c6a2a17b6a7b/screenshot HTTP/1.1
User-Agent: selenium/4.1.2 (java windows)
Cache-Control: no-cache
Content-Type: application/json; charset=utf-8
host: localhost:50563
accept: */*

Response DefaultHttpResponse(decodeResult: success, version: HTTP/1.1)
HTTP/1.1 200 OK
Content-Type: application/json; charset=utf-8
cache-control: no-cache
content-length: 46312

00:40:26.104 [AsyncHttpClient-1-6] DEBUG org.asynchttpclient.netty.channel.ChannelManager - Adding key: http://localhost:50563 for channel [id: 0x0a5e9166, L:/127.0.0.1:51213 - R:localhost/127.0.0.1:50563]
00:40:26.106 [main] DEBUG net.serenitybdd.core.photography.Darkroom - Send negative for processing for target\site\serenity\31677809842141eb8ed2ebb750f4b7ca2646e7132f6ecc3d11f98328f0e1a3ab.png
00:40:26.106 [main] DEBUG net.thucydides.core.steps.StepInterceptor - STEP DONE: clickLoginButton
  &amp#27;[32mAnd &amp#27;[0m&amp#27;[32mI click login button&amp#27;[0m                                           &amp#27;[90m# stepdefinitions.LoginStep.iClickLoginBttn()&amp#27;[0m
00:40:26.106 [Darkroom Processing Line] DEBUG net.serenitybdd.core.photography.DarkroomProcessingLine - Processing screenshot image in /var/screenshots/screenshot-15098957516852803198
00:40:26.106 [Darkroom Processing Line] DEBUG net.serenitybdd.core.photography.DarkroomProcessingLine - Saving screenshot to target\site\serenity\31677809842141eb8ed2ebb750f4b7ca2646e7132f6ecc3d11f98328f0e1a3ab.png
00:40:26.124 [main] DEBUG net.thucydides.core.steps.StepInterceptor - STARTING STEP: LoginStep.iGotErrorMssage - gotErrorMassage
00:40:26.126 [Forwarding findElement on session b93dea8bd98e25ee6b60c6a2a17b6a7b to remote] DEBUG org.asynchttpclient.netty.request.NettyRequestSender - Using pooled Channel '[id: 0x0a5e9166, L:/127.0.0.1:51213 - R:localhost/127.0.0.1:50563]' for 'POST' to 'http://localhost:50563/session/b93dea8bd98e25ee6b60c6a2a17b6a7b/element'
00:40:26.126 [Forwarding findElement on session b93dea8bd98e25ee6b60c6a2a17b6a7b to remote] DEBUG org.asynchttpclient.netty.request.NettyRequestSender - Using open Channel [id: 0x0a5e9166, L:/127.0.0.1:51213 - R:localhost/127.0.0.1:50563] for POST '/session/b93dea8bd98e25ee6b60c6a2a17b6a7b/element'
00:40:26.129 [AsyncHttpClient-1-6] DEBUG org.asynchttpclient.netty.handler.HttpHandler - 

Request DefaultHttpRequest(decodeResult: success, version: HTTP/1.1)
POST /session/b93dea8bd98e25ee6b60c6a2a17b6a7b/element HTTP/1.1
User-Agent: selenium/4.1.2 (java windows)
Content-Length: 53
Content-Type: application/json; charset=utf-8
host: localhost:50563
accept: */*

Response DefaultHttpResponse(decodeResult: success, version: HTTP/1.1)
HTTP/1.1 400 Bad Request
Content-Type: application/json; charset=utf-8
cache-control: no-cache
content-length: 957

00:40:26.129 [AsyncHttpClient-1-6] DEBUG org.asynchttpclient.netty.channel.ChannelManager - Adding key: http://localhost:50563 for channel [id: 0x0a5e9166, L:/127.0.0.1:51213 - R:localhost/127.0.0.1:50563]
00:40:26.131 [Forwarding findElement on session b93dea8bd98e25ee6b60c6a2a17b6a7b to remote] DEBUG org.asynchttpclient.netty.request.NettyRequestSender - Using pooled Channel '[id: 0x0a5e9166, L:/127.0.0.1:51213 - R:localhost/127.0.0.1:50563]' for 'POST' to 'http://localhost:50563/session/b93dea8bd98e25ee6b60c6a2a17b6a7b/element'
00:40:26.131 [Forwarding findElement on session b93dea8bd98e25ee6b60c6a2a17b6a7b to remote] DEBUG org.asynchttpclient.netty.request.NettyRequestSender - Using open Channel [id: 0x0a5e9166, L:/127.0.0.1:51213 - R:localhost/127.0.0.1:50563] for POST '/session/b93dea8bd98e25ee6b60c6a2a17b6a7b/element'
00:40:26.415 [AsyncHttpClient-1-6] DEBUG org.asynchttpclient.netty.handler.HttpHandler - 

Request DefaultHttpRequest(decodeResult: success, version: HTTP/1.1)
POST /session/b93dea8bd98e25ee6b60c6a2a17b6a7b/element HTTP/1.1
User-Agent: selenium/4.1.2 (java windows)
Content-Length: 63
Content-Type: application/json; charset=utf-8
host: localhost:50563
accept: */*

Response DefaultHttpResponse(decodeResult: success, version: HTTP/1.1)
HTTP/1.1 200 OK
Content-Type: application/json; charset=utf-8
cache-control: no-cache
content-length: 88

00:40:26.415 [AsyncHttpClient-1-6] DEBUG org.asynchttpclient.netty.channel.ChannelManager - Adding key: http://localhost:50563 for channel [id: 0x0a5e9166, L:/127.0.0.1:51213 - R:localhost/127.0.0.1:50563]
00:40:26.421 [Forwarding isElementDisplayed on session b93dea8bd98e25ee6b60c6a2a17b6a7b to remote] DEBUG org.asynchttpclient.netty.request.NettyRequestSender - Using pooled Channel '[id: 0x0a5e9166, L:/127.0.0.1:51213 - R:localhost/127.0.0.1:50563]' for 'POST' to 'http://localhost:50563/session/b93dea8bd98e25ee6b60c6a2a17b6a7b/execute/sync'
00:40:26.421 [Forwarding isElementDisplayed on session b93dea8bd98e25ee6b60c6a2a17b6a7b to remote] DEBUG org.asynchttpclient.netty.request.NettyRequestSender - Using open Channel [id: 0x0a5e9166, L:/127.0.0.1:51213 - R:localhost/127.0.0.1:50563] for POST '/session/b93dea8bd98e25ee6b60c6a2a17b6a7b/execute/sync'
00:40:26.446 [AsyncHttpClient-1-6] DEBUG org.asynchttpclient.netty.handler.HttpHandler - 

Request DefaultHttpRequest(decodeResult: success, version: HTTP/1.1)
POST /session/b93dea8bd98e25ee6b60c6a2a17b6a7b/execute/sync HTTP/1.1
User-Agent: selenium/4.1.2 (java windows)
Content-Length: 48780
Content-Type: application/json; charset=utf-8
host: localhost:50563
accept: */*

Response DefaultHttpResponse(decodeResult: success, version: HTTP/1.1)
HTTP/1.1 200 OK
Content-Type: application/json; charset=utf-8
cache-control: no-cache
content-length: 14

00:40:26.446 [AsyncHttpClient-1-6] DEBUG org.asynchttpclient.netty.channel.ChannelManager - Adding key: http://localhost:50563 for channel [id: 0x0a5e9166, L:/127.0.0.1:51213 - R:localhost/127.0.0.1:50563]
00:40:26.451 [Forwarding screenshot on session b93dea8bd98e25ee6b60c6a2a17b6a7b to remote] DEBUG org.asynchttpclient.netty.request.NettyRequestSender - Using pooled Channel '[id: 0x0a5e9166, L:/127.0.0.1:51213 - R:localhost/127.0.0.1:50563]' for 'GET' to 'http://localhost:50563/session/b93dea8bd98e25ee6b60c6a2a17b6a7b/screenshot'
00:40:26.451 [Forwarding screenshot on session b93dea8bd98e25ee6b60c6a2a17b6a7b to remote] DEBUG org.asynchttpclient.netty.request.NettyRequestSender - Using open Channel [id: 0x0a5e9166, L:/127.0.0.1:51213 - R:localhost/127.0.0.1:50563] for GET '/session/b93dea8bd98e25ee6b60c6a2a17b6a7b/screenshot'
00:40:26.643 [AsyncHttpClient-1-6] DEBUG org.asynchttpclient.netty.handler.HttpHandler - 

Request DefaultFullHttpRequest(decodeResult: success, version: HTTP/1.1, content: EmptyByteBufBE)
GET /session/b93dea8bd98e25ee6b60c6a2a17b6a7b/screenshot HTTP/1.1
User-Agent: selenium/4.1.2 (java windows)
Cache-Control: no-cache
Content-Type: application/json; charset=utf-8
host: localhost:50563
accept: */*

Response DefaultHttpResponse(decodeResult: success, version: HTTP/1.1)
HTTP/1.1 200 OK
Content-Type: application/json; charset=utf-8
cache-control: no-cache
content-length: 56604

00:40:26.644 [AsyncHttpClient-1-6] DEBUG org.asynchttpclient.netty.channel.ChannelManager - Adding key: http://localhost:50563 for channel [id: 0x0a5e9166, L:/127.0.0.1:51213 - R:localhost/127.0.0.1:50563]
00:40:26.646 [main] DEBUG net.serenitybdd.core.photography.Darkroom - Send negative for processing for target\site\serenity\93d3538f1ef7709ca6a4c534992d28b601828a50ade05caae99f4419bc0c3966.png
00:40:26.646 [main] DEBUG net.thucydides.core.steps.StepInterceptor - STEP DONE: gotErrorMassage
  &amp#27;[32mThen &amp#27;[0m&amp#27;[32mI got Error Massage &amp#27;[0m&amp#27;[32m&amp#27;[1m"record not found"&amp#27;[0m                        &amp#27;[90m# stepdefinitions.LoginStep.iGotErrorMssage(java.lang.String)&amp#27;[0m
00:40:26.647 [Darkroom Processing Line] DEBUG net.serenitybdd.core.photography.DarkroomProcessingLine - Processing screenshot image in /var/screenshots/screenshot-1214267754334142019
00:40:26.647 [Darkroom Processing Line] DEBUG net.serenitybdd.core.photography.DarkroomProcessingLine - Saving screenshot to target\site\serenity\93d3538f1ef7709ca6a4c534992d28b601828a50ade05caae99f4419bc0c3966.png
00:40:26.656 [main] INFO  - 
  _____   ___   ___   _____     ___     _     ___   ___   ___   ___  
 |_   _| | __| / __| |_   _|   | _ \   /_\   / __| / __| | __| |   \ 
   | |   | _|  \__ \   | |     |  _/  / _ \  \__ \ \__ \ | _|  | |) |
   |_|   |___| |___/   |_|     |_|   /_/ \_\ |___/ |___/ |___| |___/ 

As a user, i have not able to login because email is wrong
----------------------------------------------------------------------
00:40:26.658 [AsyncHttpClient-1-8] DEBUG org.asynchttpclient.netty.handler.WebSocketHandler - Channel Closed: [id: 0xae01dc69, L:/127.0.0.1:51222 ! R:localhost/127.0.0.1:51215] with attribute NettyResponseFuture{currentRetry=5,
	isDone=1,
	isCancelled=0,
	asyncHandler=org.asynchttpclient.ws.WebSocketUpgradeHandler@690d58ae,
	nettyRequest=org.asynchttpclient.netty.request.NettyRequest@7edbc017,
	future=java.util.concurrent.CompletableFuture@1162e875[Completed normally],
	uri=ws://localhost:51215/devtools/browser/89ce0ab0-b00e-4bff-a294-213dff78fbc4,
	keepAlive=true,
	redirectCount=0,
	timeoutsHolder=null,
	inAuth=0,
	touch=1652463622289}
00:40:26.658 [AsyncHttpClient-1-8] DEBUG org.asynchttpclient.netty.channel.ChannelManager - Closing Channel [id: 0xae01dc69, L:/127.0.0.1:51222 ! R:localhost/127.0.0.1:51215] 
00:40:26.659 [Driver Command Executor] DEBUG org.asynchttpclient.netty.request.NettyRequestSender - Using pooled Channel '[id: 0x0a5e9166, L:/127.0.0.1:51213 - R:localhost/127.0.0.1:50563]' for 'DELETE' to 'http://localhost:50563/session/b93dea8bd98e25ee6b60c6a2a17b6a7b'
00:40:26.659 [Driver Command Executor] DEBUG org.asynchttpclient.netty.request.NettyRequestSender - Using open Channel [id: 0x0a5e9166, L:/127.0.0.1:51213 - R:localhost/127.0.0.1:50563] for DELETE '/session/b93dea8bd98e25ee6b60c6a2a17b6a7b'
00:40:26.719 [AsyncHttpClient-1-7] DEBUG org.asynchttpclient.netty.handler.HttpHandler - Unexpected I/O exception on channel [id: 0x2048a748, L:/127.0.0.1:51221 - R:localhost/127.0.0.1:51215]
java.io.IOException: An existing connection was forcibly closed by the remote host
	at java.base/sun.nio.ch.SocketDispatcher.read0(Native Method)
	at java.base/sun.nio.ch.SocketDispatcher.read(SocketDispatcher.java:43)
	at java.base/sun.nio.ch.IOUtil.readIntoNativeBuffer(IOUtil.java:276)
	at java.base/sun.nio.ch.IOUtil.read(IOUtil.java:233)
	at java.base/sun.nio.ch.IOUtil.read(IOUtil.java:223)
	at java.base/sun.nio.ch.SocketChannelImpl.read(SocketChannelImpl.java:358)
	at io.netty.buffer.PooledByteBuf.setBytes(PooledByteBuf.java:258)
	at io.netty.buffer.AbstractByteBuf.writeBytes(AbstractByteBuf.java:1132)
	at io.netty.channel.socket.nio.NioSocketChannel.doReadBytes(NioSocketChannel.java:350)
	at io.netty.channel.nio.AbstractNioByteChannel$NioByteUnsafe.read(AbstractNioByteChannel.java:151)
	at io.netty.channel.nio.NioEventLoop.processSelectedKey(NioEventLoop.java:722)
	at io.netty.channel.nio.NioEventLoop.processSelectedKeysOptimized(NioEventLoop.java:658)
	at io.netty.channel.nio.NioEventLoop.processSelectedKeys(NioEventLoop.java:584)
	at io.netty.channel.nio.NioEventLoop.run(NioEventLoop.java:496)
	at io.netty.util.concurrent.SingleThreadEventExecutor$4.run(SingleThreadEventExecutor.java:986)
	at io.netty.util.internal.ThreadExecutorMap$2.run(ThreadExecutorMap.java:74)
	at io.netty.util.concurrent.FastThreadLocalRunnable.run(FastThreadLocalRunnable.java:30)
	at java.base/java.lang.Thread.run(Thread.java:834)
00:40:26.720 [AsyncHttpClient-1-7] DEBUG org.asynchttpclient.netty.channel.ChannelManager - Closing Channel [id: 0x2048a748, L:/127.0.0.1:51221 - R:localhost/127.0.0.1:51215] 
00:40:26.720 [AsyncHttpClient-1-7] DEBUG org.asynchttpclient.netty.handler.HttpHandler - Channel Closed: [id: 0x2048a748, L:/127.0.0.1:51221 ! R:localhost/127.0.0.1:51215] with attribute DISCARD
00:40:26.748 [AsyncHttpClient-1-6] DEBUG org.asynchttpclient.netty.handler.HttpHandler - 

Request DefaultFullHttpRequest(decodeResult: success, version: HTTP/1.1, content: EmptyByteBufBE)
DELETE /session/b93dea8bd98e25ee6b60c6a2a17b6a7b HTTP/1.1
User-Agent: selenium/4.1.2 (java windows)
Content-Type: application/json; charset=utf-8
host: localhost:50563
accept: */*

Response DefaultHttpResponse(decodeResult: success, version: HTTP/1.1)
HTTP/1.1 200 OK
Content-Type: application/json; charset=utf-8
cache-control: no-cache
content-length: 14

00:40:26.749 [AsyncHttpClient-1-6] DEBUG org.asynchttpclient.netty.channel.ChannelManager - Adding key: http://localhost:50563 for channel [id: 0x0a5e9166, L:/127.0.0.1:51213 - R:localhost/127.0.0.1:50563]
00:40:26.796 [AsyncHttpClient-1-1] DEBUG org.asynchttpclient.netty.channel.DefaultChannelPool - Entry count for : http://localhost:51215 : 1
00:40:26.796 [AsyncHttpClient-1-1] DEBUG org.asynchttpclient.netty.channel.DefaultChannelPool - Entry count for : http://localhost:50563 : 1
00:40:26.796 [AsyncHttpClient-1-1] DEBUG org.asynchttpclient.netty.channel.DefaultChannelPool - Adding Candidate expired Channel [id: 0x2048a748, L:/127.0.0.1:51221 ! R:localhost/127.0.0.1:51215] isIdleTimeoutExpired=false isRemotelyClosed=true isTtlExpired=false
00:40:26.796 [AsyncHttpClient-1-1] DEBUG org.asynchttpclient.netty.channel.DefaultChannelPool - Closing Idle Channel [id: 0x2048a748, L:/127.0.0.1:51221 ! R:localhost/127.0.0.1:51215]
00:40:26.796 [AsyncHttpClient-1-1] DEBUG org.asynchttpclient.netty.channel.DefaultChannelPool - Closed 1 connections out of 2 in 0 ms
00:40:26.886 [AsyncHttpClient-1-6] DEBUG org.asynchttpclient.netty.handler.HttpHandler - Channel Closed: [id: 0x0a5e9166, L:/127.0.0.1:51213 ! R:localhost/127.0.0.1:50563] with attribute DISCARD
]]></system-out>
    <system-err><![CDATA[Starting ChromeDriver 101.0.4951.41 (93c720db8323b3ec10d056025ab95c23a31997c9-refs/branch-heads/4951@{#904}) on port 50563
Only local connections are allowed.
Please see https://chromedriver.chromium.org/security-considerations for suggestions on keeping ChromeDriver safe.
ChromeDriver was started successfully.
May 14, 2022 12:40:22 AM org.openqa.selenium.remote.ProtocolHandshake createSession
INFO: Detected dialect: W3C
May 14, 2022 12:40:22 AM org.openqa.selenium.devtools.CdpVersionFinder findNearestMatch
WARNING: Unable to find an exact match for CDP version 101, so returning the closest version found: 97
May 14, 2022 12:40:22 AM org.openqa.selenium.devtools.CdpVersionFinder findNearestMatch
INFO: Found CDP implementation for version 101 of 97
]]></system-err>
  </testcase>
  <testcase name="As a user, i can logout of account" classname="Logout" time="14.396">
    <error type="net.thucydides.core.webdriver.exceptions.ElementShouldBeEnabledException"><![CDATA[net.thucydides.core.webdriver.exceptions.ElementShouldBeEnabledException: Expected enabled element was not enabled
Caused by: org.openqa.selenium.TimeoutException: Expected condition failed: waiting for By.xpath: //*[@id="list-item-2317"]/div[1] to be enabled (tried for 5 second(s) with 100 milliseconds interval)
Caused by: org.openqa.selenium.NoSuchElementException: 
no such element: Unable to locate element: {"method":"xpath","selector":"//*[@id="list-item-2317"]/div[1]"}
  (Session info: chrome=101.0.4951.54)
For documentation on this error, please visit: https://selenium.dev/exceptions/#no_such_element
Build info: version: '4.1.2', revision: '9a5a329c5a'
System info: host: 'LAPTOP-9MG0RTAB', ip: '192.168.130.2', os.name: 'Windows 10', os.arch: 'amd64', os.version: '10.0', java.version: '11.0.14'
Driver info: org.openqa.selenium.chrome.ChromeDriver
Command: [fc564d5653b3a8f5196f5a82905edbf1, findElement {using=xpath, value=//*[@id="list-item-2317"]/div[1]}]
Capabilities {acceptInsecureCerts: false, browserName: chrome, browserVersion: 101.0.4951.54, chrome: {chromedriverVersion: 101.0.4951.41 (93c720db8323..., userDataDir: C:\Users\SITINU~1\AppData\L...}, goog:chromeOptions: {debuggerAddress: localhost:51247}, javascriptEnabled: true, networkConnectionEnabled: false, pageLoadStrategy: normal, platform: WINDOWS, platformName: WINDOWS, proxy: Proxy(), se:cdp: ws://localhost:51247/devtoo..., se:cdpVersion: 101.0.4951.54, setWindowRect: true, strictFileInteractability: false, timeouts: {implicit: 0, pageLoad: 300000, script: 30000}, unhandledPromptBehavior: dismiss and notify, webauthn:extension:credBlob: true, webauthn:extension:largeBlob: true, webauthn:virtualAuthenticators: true}
Session ID: fc564d5653b3a8f5196f5a82905edbf1
]]></error>
    <system-out><![CDATA[00:40:27.410 [main] INFO io.cucumber.core.plugin.SerenityReporter - Running feature from file:///D:/Mini%20Project-QE%20Alta/Web%20Automation/FrontEnd-AltaShop/src/test/resources/features/Logout.feature
00:40:27.416 [main] DEBUG net.thucydides.core.steps.StepEventBus - Test suite started for story net.thucydides.core.model.Story@7960de68
00:40:27.417 [main] INFO  - Test Suite Started: Logout

Scenario: As a user, i can logout of account         &amp#27;[90m# src/test/resources/features/Logout.feature:3&amp#27;[0m
00:40:27.432 [main] INFO io.cucumber.core.plugin.SerenityReporter - Running feature from file:///D:/Mini%20Project-QE%20Alta/Web%20Automation/FrontEnd-AltaShop/src/test/resources/features/Logout.feature
00:40:27.435 [main] INFO  - 
  _____   ___   ___   _____     ___   _____     _     ___   _____   ___   ___  
 |_   _| | __| / __| |_   _|   / __| |_   _|   /_\   | _ \ |_   _| | __| |   \ 
   | |   | _|  \__ \   | |     \__ \   | |    / _ \  |   /   | |   | _|  | |) |
   |_|   |___| |___/   |_|     |___/   |_|   /_/ \_\ |_|_\   |_|   |___| |___/ 

As a user, i can logout of account(logout;as-a-user--i-can-logout-of-account)
--------------------------------------------------------------------------------
00:40:27.622 [main] DEBUG net.thucydides.core.steps.StepInterceptor - STARTING STEP: LogoutStep.onLoginPage - onLoginPage
00:40:27.623 [main] INFO net.serenitybdd.core.webdriver.driverproviders.ChromeDriverProvider - Using automatically driver download
00:40:27.783 [main] DEBUG io.github.bonigarcia.wdm.cache.ResolutionCache - Resolution chrome=101 in cache (valid until 01:39:29 14/05/2022 ICT)
00:40:27.790 [main] DEBUG io.github.bonigarcia.wdm.cache.ResolutionCache - Resolution chrome101=101.0.4951.41 in cache (valid until 18:09:12 14/05/2022 ICT)
00:40:27.794 [main] INFO io.github.bonigarcia.wdm.WebDriverManager - Using chromedriver 101.0.4951.41 (resolved driver for Chrome 101)
00:40:27.820 [main] DEBUG io.github.bonigarcia.wdm.WebDriverManager - Driver chromedriver 101.0.4951.41 found in cache
00:40:27.820 [main] INFO io.github.bonigarcia.wdm.WebDriverManager - Exporting webdriver.chrome.driver as C:\Users\Siti Nurlatipah\.cache\selenium\chromedriver\win32\101.0.4951.41\chromedriver.exe
00:40:27.900 [AsyncHttpClient-1-1] DEBUG org.asynchttpclient.netty.channel.DefaultChannelPool - Entry count for : http://localhost:50563 : 1
00:40:27.900 [AsyncHttpClient-1-1] DEBUG org.asynchttpclient.netty.channel.DefaultChannelPool - Adding Candidate expired Channel [id: 0x0a5e9166, L:/127.0.0.1:51213 ! R:localhost/127.0.0.1:50563] isIdleTimeoutExpired=false isRemotelyClosed=true isTtlExpired=false
00:40:27.900 [AsyncHttpClient-1-1] DEBUG org.asynchttpclient.netty.channel.DefaultChannelPool - Closing Idle Channel [id: 0x0a5e9166, L:/127.0.0.1:51213 ! R:localhost/127.0.0.1:50563]
00:40:27.900 [AsyncHttpClient-1-1] DEBUG org.asynchttpclient.netty.channel.DefaultChannelPool - Closed 1 connections out of 1 in 0 ms
00:40:28.055 [main] DEBUG net.serenitybdd.core.webdriver.driverproviders.ProvideNewDriver - Instantiating driver
00:40:28.055 [main] DEBUG net.serenitybdd.core.webdriver.driverproviders.ProvideNewDriver - Driver capabilities: Capabilities {acceptInsecureCerts: false, base.url: https://qa.alta.id, browserName: chrome, chrome.driver: src/test/resources/webdrive..., driver: chrome, goog:chromeOptions: {args: [], extensions: []}}
00:40:28.599 [AsyncHttpClient-1-9] DEBUG org.asynchttpclient.netty.channel.NettyConnectListener - Using new Channel '[id: 0x0b5a5fdc, L:/127.0.0.1:51246 - R:localhost/127.0.0.1:62281]' for 'POST' to '/session'
00:40:29.525 [AsyncHttpClient-1-9] DEBUG org.asynchttpclient.netty.handler.HttpHandler - 

Request DefaultHttpRequest(decodeResult: success, version: HTTP/1.1)
POST /session HTTP/1.1
User-Agent: selenium/4.1.2 (java windows)
Content-Length: 595
Content-Type: application/json; charset=utf-8
host: localhost:62281
accept: */*

Response DefaultHttpResponse(decodeResult: success, version: HTTP/1.1)
HTTP/1.1 200 OK
Content-Type: application/json; charset=utf-8
cache-control: no-cache
content-length: 793

00:40:29.525 [AsyncHttpClient-1-9] DEBUG org.asynchttpclient.netty.channel.ChannelManager - Adding key: http://localhost:62281 for channel [id: 0x0b5a5fdc, L:/127.0.0.1:51246 - R:localhost/127.0.0.1:62281]
00:40:29.537 [AsyncHttpClient-1-2] DEBUG org.asynchttpclient.netty.channel.NettyConnectListener - Using new Channel '[id: 0xe84871d5, L:/127.0.0.1:51252 - R:localhost/127.0.0.1:51247]' for 'GET' to '/json/version'
00:40:29.546 [AsyncHttpClient-1-2] DEBUG org.asynchttpclient.netty.handler.HttpHandler - 

Request DefaultFullHttpRequest(decodeResult: success, version: HTTP/1.1, content: EmptyByteBufBE)
GET /json/version HTTP/1.1
User-Agent: selenium/4.1.2 (java windows)
host: localhost:51247
accept: */*

Response DefaultHttpResponse(decodeResult: success, version: HTTP/1.1)
HTTP/1.1 200 OK
Content-Type: application/json; charset=UTF-8
content-length: 427

00:40:29.546 [AsyncHttpClient-1-2] DEBUG org.asynchttpclient.netty.channel.ChannelManager - Adding key: http://localhost:51247 for channel [id: 0xe84871d5, L:/127.0.0.1:51252 - R:localhost/127.0.0.1:51247]
00:40:29.550 [AsyncHttpClient-1-3] DEBUG org.asynchttpclient.netty.channel.NettyConnectListener - Using new Channel '[id: 0x16f62de5, L:/127.0.0.1:51253 - R:localhost/127.0.0.1:51247]' for 'GET' to '/devtools/browser/75d07e5d-5471-4eba-85ea-2a5cab7f2f0d'
00:40:29.554 [AsyncHttpClient-1-3] DEBUG org.asynchttpclient.netty.handler.WebSocketHandler - 

Request DefaultFullHttpRequest(decodeResult: success, version: HTTP/1.1, content: EmptyByteBufBE)
GET /devtools/browser/75d07e5d-5471-4eba-85ea-2a5cab7f2f0d HTTP/1.1
upgrade: websocket
connection: upgrade
sec-websocket-key: pttTpurXvrnQtd/VBncIig==
sec-websocket-version: 13
origin: http://localhost:51247
host: localhost:51247
accept: */*
user-agent: AHC/2.1

Response DefaultHttpResponse(decodeResult: success, version: HTTP/1.1)
HTTP/1.1 101 WebSocket Protocol Handshake
Upgrade: WebSocket
Connection: Upgrade
Sec-WebSocket-Accept: SHqpr8ILkYQ14LKJzKd1b/BzVE8=

00:40:29.561 [Forwarding get on session fc564d5653b3a8f5196f5a82905edbf1 to remote] DEBUG org.asynchttpclient.netty.request.NettyRequestSender - Using pooled Channel '[id: 0x0b5a5fdc, L:/127.0.0.1:51246 - R:localhost/127.0.0.1:62281]' for 'POST' to 'http://localhost:62281/session/fc564d5653b3a8f5196f5a82905edbf1/url'
00:40:29.561 [Forwarding get on session fc564d5653b3a8f5196f5a82905edbf1 to remote] DEBUG org.asynchttpclient.netty.request.NettyRequestSender - Using open Channel [id: 0x0b5a5fdc, L:/127.0.0.1:51246 - R:localhost/127.0.0.1:62281] for POST '/session/fc564d5653b3a8f5196f5a82905edbf1/url'
00:40:30.096 [AsyncHttpClient-1-1] DEBUG org.asynchttpclient.netty.channel.DefaultChannelPool - Entry count for : http://localhost:51247 : 1
00:40:31.195 [AsyncHttpClient-1-1] DEBUG org.asynchttpclient.netty.channel.DefaultChannelPool - Entry count for : http://localhost:51247 : 1
00:40:31.856 [AsyncHttpClient-1-9] DEBUG org.asynchttpclient.netty.handler.HttpHandler - 

Request DefaultHttpRequest(decodeResult: success, version: HTTP/1.1)
POST /session/fc564d5653b3a8f5196f5a82905edbf1/url HTTP/1.1
User-Agent: selenium/4.1.2 (java windows)
Content-Length: 64
Content-Type: application/json; charset=utf-8
host: localhost:62281
accept: */*

Response DefaultHttpResponse(decodeResult: success, version: HTTP/1.1)
HTTP/1.1 200 OK
Content-Type: application/json; charset=utf-8
cache-control: no-cache
content-length: 14

00:40:31.856 [AsyncHttpClient-1-9] DEBUG org.asynchttpclient.netty.channel.ChannelManager - Adding key: http://localhost:62281 for channel [id: 0x0b5a5fdc, L:/127.0.0.1:51246 - R:localhost/127.0.0.1:62281]
00:40:31.859 [Forwarding setTimeout on session fc564d5653b3a8f5196f5a82905edbf1 to remote] DEBUG org.asynchttpclient.netty.request.NettyRequestSender - Using pooled Channel '[id: 0x0b5a5fdc, L:/127.0.0.1:51246 - R:localhost/127.0.0.1:62281]' for 'POST' to 'http://localhost:62281/session/fc564d5653b3a8f5196f5a82905edbf1/timeouts'
00:40:31.860 [Forwarding setTimeout on session fc564d5653b3a8f5196f5a82905edbf1 to remote] DEBUG org.asynchttpclient.netty.request.NettyRequestSender - Using open Channel [id: 0x0b5a5fdc, L:/127.0.0.1:51246 - R:localhost/127.0.0.1:62281] for POST '/session/fc564d5653b3a8f5196f5a82905edbf1/timeouts'
00:40:31.861 [AsyncHttpClient-1-9] DEBUG org.asynchttpclient.netty.handler.HttpHandler - 

Request DefaultHttpRequest(decodeResult: success, version: HTTP/1.1)
POST /session/fc564d5653b3a8f5196f5a82905edbf1/timeouts HTTP/1.1
User-Agent: selenium/4.1.2 (java windows)
Content-Length: 22
Content-Type: application/json; charset=utf-8
host: localhost:62281
accept: */*

Response DefaultHttpResponse(decodeResult: success, version: HTTP/1.1)
HTTP/1.1 200 OK
Content-Type: application/json; charset=utf-8
cache-control: no-cache
content-length: 14

00:40:31.861 [AsyncHttpClient-1-9] DEBUG org.asynchttpclient.netty.channel.ChannelManager - Adding key: http://localhost:62281 for channel [id: 0x0b5a5fdc, L:/127.0.0.1:51246 - R:localhost/127.0.0.1:62281]
00:40:31.868 [Forwarding getCurrentUrl on session fc564d5653b3a8f5196f5a82905edbf1 to remote] DEBUG org.asynchttpclient.netty.request.NettyRequestSender - Using pooled Channel '[id: 0x0b5a5fdc, L:/127.0.0.1:51246 - R:localhost/127.0.0.1:62281]' for 'GET' to 'http://localhost:62281/session/fc564d5653b3a8f5196f5a82905edbf1/url'
00:40:31.868 [Forwarding getCurrentUrl on session fc564d5653b3a8f5196f5a82905edbf1 to remote] DEBUG org.asynchttpclient.netty.request.NettyRequestSender - Using open Channel [id: 0x0b5a5fdc, L:/127.0.0.1:51246 - R:localhost/127.0.0.1:62281] for GET '/session/fc564d5653b3a8f5196f5a82905edbf1/url'
00:40:31.876 [AsyncHttpClient-1-9] DEBUG org.asynchttpclient.netty.handler.HttpHandler - 

Request DefaultFullHttpRequest(decodeResult: success, version: HTTP/1.1, content: EmptyByteBufBE)
GET /session/fc564d5653b3a8f5196f5a82905edbf1/url HTTP/1.1
User-Agent: selenium/4.1.2 (java windows)
Cache-Control: no-cache
Content-Type: application/json; charset=utf-8
host: localhost:62281
accept: */*

Response DefaultHttpResponse(decodeResult: success, version: HTTP/1.1)
HTTP/1.1 200 OK
Content-Type: application/json; charset=utf-8
cache-control: no-cache
content-length: 41

00:40:31.876 [AsyncHttpClient-1-9] DEBUG org.asynchttpclient.netty.channel.ChannelManager - Adding key: http://localhost:62281 for channel [id: 0x0b5a5fdc, L:/127.0.0.1:51246 - R:localhost/127.0.0.1:62281]
00:40:31.885 [main] DEBUG net.serenitybdd.core.photography.Darkroom - Opening darkroom
00:40:31.886 [Darkroom Processing Line] DEBUG net.serenitybdd.core.photography.DarkroomProcessingLine - Darkroom processing line starting up
00:40:31.886 [Forwarding screenshot on session fc564d5653b3a8f5196f5a82905edbf1 to remote] DEBUG org.asynchttpclient.netty.request.NettyRequestSender - Using pooled Channel '[id: 0x0b5a5fdc, L:/127.0.0.1:51246 - R:localhost/127.0.0.1:62281]' for 'GET' to 'http://localhost:62281/session/fc564d5653b3a8f5196f5a82905edbf1/screenshot'
00:40:31.886 [Forwarding screenshot on session fc564d5653b3a8f5196f5a82905edbf1 to remote] DEBUG org.asynchttpclient.netty.request.NettyRequestSender - Using open Channel [id: 0x0b5a5fdc, L:/127.0.0.1:51246 - R:localhost/127.0.0.1:62281] for GET '/session/fc564d5653b3a8f5196f5a82905edbf1/screenshot'
00:40:32.089 [AsyncHttpClient-1-9] DEBUG org.asynchttpclient.netty.handler.HttpHandler - 

Request DefaultFullHttpRequest(decodeResult: success, version: HTTP/1.1, content: EmptyByteBufBE)
GET /session/fc564d5653b3a8f5196f5a82905edbf1/screenshot HTTP/1.1
User-Agent: selenium/4.1.2 (java windows)
Cache-Control: no-cache
Content-Type: application/json; charset=utf-8
host: localhost:62281
accept: */*

Response DefaultHttpResponse(decodeResult: success, version: HTTP/1.1)
HTTP/1.1 200 OK
Content-Type: application/json; charset=utf-8
cache-control: no-cache
content-length: 37840

00:40:32.090 [AsyncHttpClient-1-9] DEBUG org.asynchttpclient.netty.channel.ChannelManager - Adding key: http://localhost:62281 for channel [id: 0x0b5a5fdc, L:/127.0.0.1:51246 - R:localhost/127.0.0.1:62281]
00:40:32.093 [main] DEBUG net.serenitybdd.core.photography.Darkroom - Send negative for processing for target\site\serenity\6f2f89e8c5a543dd0a10df9cc2fb4dfa2a13d528c2d3ad44cda943733ef50e85.png
00:40:32.093 [main] DEBUG net.thucydides.core.steps.StepInterceptor - STEP DONE: onLoginPage
  &amp#27;[32mGiven &amp#27;[0m&amp#27;[32m&amp#27;[0m&amp#27;[32m&amp#27;[1mI&amp#27;[0m&amp#27;[32m on login-page&amp#27;[0m                              &amp#27;[90m# stepdefinitions.LogoutStep.onLoginPage(java.lang.String)&amp#27;[0m
00:40:32.117 [main] DEBUG net.thucydides.core.steps.StepInterceptor - STARTING STEP: LogoutStep.inputMyEmail - typeMyEmail
00:40:32.125 [Forwarding findElement on session fc564d5653b3a8f5196f5a82905edbf1 to remote] DEBUG org.asynchttpclient.netty.request.NettyRequestSender - Using pooled Channel '[id: 0x0b5a5fdc, L:/127.0.0.1:51246 - R:localhost/127.0.0.1:62281]' for 'POST' to 'http://localhost:62281/session/fc564d5653b3a8f5196f5a82905edbf1/element'
00:40:32.125 [Forwarding findElement on session fc564d5653b3a8f5196f5a82905edbf1 to remote] DEBUG org.asynchttpclient.netty.request.NettyRequestSender - Using open Channel [id: 0x0b5a5fdc, L:/127.0.0.1:51246 - R:localhost/127.0.0.1:62281] for POST '/session/fc564d5653b3a8f5196f5a82905edbf1/element'
00:40:32.145 [AsyncHttpClient-1-9] DEBUG org.asynchttpclient.netty.handler.HttpHandler - 

Request DefaultHttpRequest(decodeResult: success, version: HTTP/1.1)
POST /session/fc564d5653b3a8f5196f5a82905edbf1/element HTTP/1.1
User-Agent: selenium/4.1.2 (java windows)
Content-Length: 84
Content-Type: application/json; charset=utf-8
host: localhost:62281
accept: */*

Response DefaultHttpResponse(decodeResult: success, version: HTTP/1.1)
HTTP/1.1 200 OK
Content-Type: application/json; charset=utf-8
cache-control: no-cache
content-length: 88

00:40:32.145 [AsyncHttpClient-1-9] DEBUG org.asynchttpclient.netty.channel.ChannelManager - Adding key: http://localhost:62281 for channel [id: 0x0b5a5fdc, L:/127.0.0.1:51246 - R:localhost/127.0.0.1:62281]
00:40:32.148 [Forwarding sendKeysToElement on session fc564d5653b3a8f5196f5a82905edbf1 to remote] DEBUG org.asynchttpclient.netty.request.NettyRequestSender - Using pooled Channel '[id: 0x0b5a5fdc, L:/127.0.0.1:51246 - R:localhost/127.0.0.1:62281]' for 'POST' to 'http://localhost:62281/session/fc564d5653b3a8f5196f5a82905edbf1/element/20d1e883-6de3-4896-8bf3-06a45b033beb/value'
00:40:32.149 [Forwarding sendKeysToElement on session fc564d5653b3a8f5196f5a82905edbf1 to remote] DEBUG org.asynchttpclient.netty.request.NettyRequestSender - Using open Channel [id: 0x0b5a5fdc, L:/127.0.0.1:51246 - R:localhost/127.0.0.1:62281] for POST '/session/fc564d5653b3a8f5196f5a82905edbf1/element/20d1e883-6de3-4896-8bf3-06a45b033beb/value'
00:40:32.297 [AsyncHttpClient-1-1] DEBUG org.asynchttpclient.netty.channel.DefaultChannelPool - Entry count for : http://localhost:51247 : 1
00:40:32.417 [AsyncHttpClient-1-9] DEBUG org.asynchttpclient.netty.handler.HttpHandler - 

Request DefaultHttpRequest(decodeResult: success, version: HTTP/1.1)
POST /session/fc564d5653b3a8f5196f5a82905edbf1/element/20d1e883-6de3-4896-8bf3-06a45b033beb/value HTTP/1.1
User-Agent: selenium/4.1.2 (java windows)
Content-Length: 361
Content-Type: application/json; charset=utf-8
host: localhost:62281
accept: */*

Response DefaultHttpResponse(decodeResult: success, version: HTTP/1.1)
HTTP/1.1 200 OK
Content-Type: application/json; charset=utf-8
cache-control: no-cache
content-length: 14

00:40:32.418 [AsyncHttpClient-1-9] DEBUG org.asynchttpclient.netty.channel.ChannelManager - Adding key: http://localhost:62281 for channel [id: 0x0b5a5fdc, L:/127.0.0.1:51246 - R:localhost/127.0.0.1:62281]
00:40:32.423 [Forwarding screenshot on session fc564d5653b3a8f5196f5a82905edbf1 to remote] DEBUG org.asynchttpclient.netty.request.NettyRequestSender - Using pooled Channel '[id: 0x0b5a5fdc, L:/127.0.0.1:51246 - R:localhost/127.0.0.1:62281]' for 'GET' to 'http://localhost:62281/session/fc564d5653b3a8f5196f5a82905edbf1/screenshot'
00:40:32.423 [Forwarding screenshot on session fc564d5653b3a8f5196f5a82905edbf1 to remote] DEBUG org.asynchttpclient.netty.request.NettyRequestSender - Using open Channel [id: 0x0b5a5fdc, L:/127.0.0.1:51246 - R:localhost/127.0.0.1:62281] for GET '/session/fc564d5653b3a8f5196f5a82905edbf1/screenshot'
00:40:32.613 [AsyncHttpClient-1-9] DEBUG org.asynchttpclient.netty.handler.HttpHandler - 

Request DefaultFullHttpRequest(decodeResult: success, version: HTTP/1.1, content: EmptyByteBufBE)
GET /session/fc564d5653b3a8f5196f5a82905edbf1/screenshot HTTP/1.1
User-Agent: selenium/4.1.2 (java windows)
Cache-Control: no-cache
Content-Type: application/json; charset=utf-8
host: localhost:62281
accept: */*

Response DefaultHttpResponse(decodeResult: success, version: HTTP/1.1)
HTTP/1.1 200 OK
Content-Type: application/json; charset=utf-8
cache-control: no-cache
content-length: 47780

00:40:32.613 [AsyncHttpClient-1-9] DEBUG org.asynchttpclient.netty.channel.ChannelManager - Adding key: http://localhost:62281 for channel [id: 0x0b5a5fdc, L:/127.0.0.1:51246 - R:localhost/127.0.0.1:62281]
00:40:32.616 [main] DEBUG net.serenitybdd.core.photography.Darkroom - Send negative for processing for target\site\serenity\f420203ea73ecccc27febbdee012f66ac10b59982c89e796cf0efe44ca44a94f.png
00:40:32.616 [main] DEBUG net.thucydides.core.steps.StepInterceptor - STEP DONE: typeMyEmail
  &amp#27;[32mWhen &amp#27;[0m&amp#27;[32mI input my email &amp#27;[0m&amp#27;[32m&amp#27;[1mlandon.mcdermott@hotmail.com&amp#27;[0m &amp#27;[90m# stepdefinitions.LogoutStep.inputMyEmail(java.lang.String)&amp#27;[0m
00:40:32.617 [Darkroom Processing Line] DEBUG net.serenitybdd.core.photography.DarkroomProcessingLine - Processing screenshot image in /var/screenshots/screenshot-3994003118653659040
00:40:32.617 [Darkroom Processing Line] DEBUG net.serenitybdd.core.photography.DarkroomProcessingLine - Saving screenshot to target\site\serenity\f420203ea73ecccc27febbdee012f66ac10b59982c89e796cf0efe44ca44a94f.png
00:40:32.633 [main] DEBUG net.thucydides.core.steps.StepInterceptor - STARTING STEP: LogoutStep.inputMyPassword - typeMyPassword
00:40:32.635 [Forwarding findElement on session fc564d5653b3a8f5196f5a82905edbf1 to remote] DEBUG org.asynchttpclient.netty.request.NettyRequestSender - Using pooled Channel '[id: 0x0b5a5fdc, L:/127.0.0.1:51246 - R:localhost/127.0.0.1:62281]' for 'POST' to 'http://localhost:62281/session/fc564d5653b3a8f5196f5a82905edbf1/element'
00:40:32.635 [Forwarding findElement on session fc564d5653b3a8f5196f5a82905edbf1 to remote] DEBUG org.asynchttpclient.netty.request.NettyRequestSender - Using open Channel [id: 0x0b5a5fdc, L:/127.0.0.1:51246 - R:localhost/127.0.0.1:62281] for POST '/session/fc564d5653b3a8f5196f5a82905edbf1/element'
00:40:32.645 [AsyncHttpClient-1-9] DEBUG org.asynchttpclient.netty.handler.HttpHandler - 

Request DefaultHttpRequest(decodeResult: success, version: HTTP/1.1)
POST /session/fc564d5653b3a8f5196f5a82905edbf1/element HTTP/1.1
User-Agent: selenium/4.1.2 (java windows)
Content-Length: 87
Content-Type: application/json; charset=utf-8
host: localhost:62281
accept: */*

Response DefaultHttpResponse(decodeResult: success, version: HTTP/1.1)
HTTP/1.1 200 OK
Content-Type: application/json; charset=utf-8
cache-control: no-cache
content-length: 88

00:40:32.646 [AsyncHttpClient-1-9] DEBUG org.asynchttpclient.netty.channel.ChannelManager - Adding key: http://localhost:62281 for channel [id: 0x0b5a5fdc, L:/127.0.0.1:51246 - R:localhost/127.0.0.1:62281]
00:40:32.647 [Forwarding sendKeysToElement on session fc564d5653b3a8f5196f5a82905edbf1 to remote] DEBUG org.asynchttpclient.netty.request.NettyRequestSender - Using pooled Channel '[id: 0x0b5a5fdc, L:/127.0.0.1:51246 - R:localhost/127.0.0.1:62281]' for 'POST' to 'http://localhost:62281/session/fc564d5653b3a8f5196f5a82905edbf1/element/6ed34a55-a09f-4097-a817-38a6bb538a96/value'
00:40:32.647 [Forwarding sendKeysToElement on session fc564d5653b3a8f5196f5a82905edbf1 to remote] DEBUG org.asynchttpclient.netty.request.NettyRequestSender - Using open Channel [id: 0x0b5a5fdc, L:/127.0.0.1:51246 - R:localhost/127.0.0.1:62281] for POST '/session/fc564d5653b3a8f5196f5a82905edbf1/element/6ed34a55-a09f-4097-a817-38a6bb538a96/value'
00:40:32.712 [AsyncHttpClient-1-9] DEBUG org.asynchttpclient.netty.handler.HttpHandler - 

Request DefaultHttpRequest(decodeResult: success, version: HTTP/1.1)
POST /session/fc564d5653b3a8f5196f5a82905edbf1/element/6ed34a55-a09f-4097-a817-38a6bb538a96/value HTTP/1.1
User-Agent: selenium/4.1.2 (java windows)
Content-Length: 131
Content-Type: application/json; charset=utf-8
host: localhost:62281
accept: */*

Response DefaultHttpResponse(decodeResult: success, version: HTTP/1.1)
HTTP/1.1 200 OK
Content-Type: application/json; charset=utf-8
cache-control: no-cache
content-length: 14

00:40:32.712 [AsyncHttpClient-1-9] DEBUG org.asynchttpclient.netty.channel.ChannelManager - Adding key: http://localhost:62281 for channel [id: 0x0b5a5fdc, L:/127.0.0.1:51246 - R:localhost/127.0.0.1:62281]
00:40:32.718 [Forwarding screenshot on session fc564d5653b3a8f5196f5a82905edbf1 to remote] DEBUG org.asynchttpclient.netty.request.NettyRequestSender - Using pooled Channel '[id: 0x0b5a5fdc, L:/127.0.0.1:51246 - R:localhost/127.0.0.1:62281]' for 'GET' to 'http://localhost:62281/session/fc564d5653b3a8f5196f5a82905edbf1/screenshot'
00:40:32.718 [Forwarding screenshot on session fc564d5653b3a8f5196f5a82905edbf1 to remote] DEBUG org.asynchttpclient.netty.request.NettyRequestSender - Using open Channel [id: 0x0b5a5fdc, L:/127.0.0.1:51246 - R:localhost/127.0.0.1:62281] for GET '/session/fc564d5653b3a8f5196f5a82905edbf1/screenshot'
00:40:32.919 [AsyncHttpClient-1-9] DEBUG org.asynchttpclient.netty.handler.HttpHandler - 

Request DefaultFullHttpRequest(decodeResult: success, version: HTTP/1.1, content: EmptyByteBufBE)
GET /session/fc564d5653b3a8f5196f5a82905edbf1/screenshot HTTP/1.1
User-Agent: selenium/4.1.2 (java windows)
Cache-Control: no-cache
Content-Type: application/json; charset=utf-8
host: localhost:62281
accept: */*

Response DefaultHttpResponse(decodeResult: success, version: HTTP/1.1)
HTTP/1.1 200 OK
Content-Type: application/json; charset=utf-8
cache-control: no-cache
content-length: 49512

00:40:32.920 [AsyncHttpClient-1-9] DEBUG org.asynchttpclient.netty.channel.ChannelManager - Adding key: http://localhost:62281 for channel [id: 0x0b5a5fdc, L:/127.0.0.1:51246 - R:localhost/127.0.0.1:62281]
00:40:32.923 [main] DEBUG net.serenitybdd.core.photography.Darkroom - Send negative for processing for target\site\serenity\f479b1813f2136f12ccd510d442ce9458eb9d01b615ba9195b2d0c9b59934d25.png
00:40:32.923 [main] DEBUG net.thucydides.core.steps.StepInterceptor - STEP DONE: typeMyPassword
00:40:32.924 [Darkroom Processing Line] DEBUG net.serenitybdd.core.photography.DarkroomProcessingLine - Processing screenshot image in /var/screenshots/screenshot-5862209070757013309
00:40:32.924 [Darkroom Processing Line] DEBUG net.serenitybdd.core.photography.DarkroomProcessingLine - Saving screenshot to target\site\serenity\f479b1813f2136f12ccd510d442ce9458eb9d01b615ba9195b2d0c9b59934d25.png
00:40:32.929 [main] DEBUG net.thucydides.core.steps.StepInterceptor - STARTING STEP: LogoutStep.inputMyPassword - clickLoginButton
00:40:32.933 [Forwarding findElement on session fc564d5653b3a8f5196f5a82905edbf1 to remote] DEBUG org.asynchttpclient.netty.request.NettyRequestSender - Using pooled Channel '[id: 0x0b5a5fdc, L:/127.0.0.1:51246 - R:localhost/127.0.0.1:62281]' for 'POST' to 'http://localhost:62281/session/fc564d5653b3a8f5196f5a82905edbf1/element'
00:40:32.934 [Forwarding findElement on session fc564d5653b3a8f5196f5a82905edbf1 to remote] DEBUG org.asynchttpclient.netty.request.NettyRequestSender - Using open Channel [id: 0x0b5a5fdc, L:/127.0.0.1:51246 - R:localhost/127.0.0.1:62281] for POST '/session/fc564d5653b3a8f5196f5a82905edbf1/element'
00:40:32.945 [AsyncHttpClient-1-9] DEBUG org.asynchttpclient.netty.handler.HttpHandler - 

Request DefaultHttpRequest(decodeResult: success, version: HTTP/1.1)
POST /session/fc564d5653b3a8f5196f5a82905edbf1/element HTTP/1.1
User-Agent: selenium/4.1.2 (java windows)
Content-Length: 155
Content-Type: application/json; charset=utf-8
host: localhost:62281
accept: */*

Response DefaultHttpResponse(decodeResult: success, version: HTTP/1.1)
HTTP/1.1 200 OK
Content-Type: application/json; charset=utf-8
cache-control: no-cache
content-length: 88

00:40:32.945 [AsyncHttpClient-1-9] DEBUG org.asynchttpclient.netty.channel.ChannelManager - Adding key: http://localhost:62281 for channel [id: 0x0b5a5fdc, L:/127.0.0.1:51246 - R:localhost/127.0.0.1:62281]
00:40:32.946 [Forwarding getElementTagName on session fc564d5653b3a8f5196f5a82905edbf1 to remote] DEBUG org.asynchttpclient.netty.request.NettyRequestSender - Using pooled Channel '[id: 0x0b5a5fdc, L:/127.0.0.1:51246 - R:localhost/127.0.0.1:62281]' for 'GET' to 'http://localhost:62281/session/fc564d5653b3a8f5196f5a82905edbf1/element/6c56e02c-3053-420d-8d03-b9f5eef0a185/name'
00:40:32.946 [Forwarding getElementTagName on session fc564d5653b3a8f5196f5a82905edbf1 to remote] DEBUG org.asynchttpclient.netty.request.NettyRequestSender - Using open Channel [id: 0x0b5a5fdc, L:/127.0.0.1:51246 - R:localhost/127.0.0.1:62281] for GET '/session/fc564d5653b3a8f5196f5a82905edbf1/element/6c56e02c-3053-420d-8d03-b9f5eef0a185/name'
00:40:32.953 [AsyncHttpClient-1-9] DEBUG org.asynchttpclient.netty.handler.HttpHandler - 

Request DefaultFullHttpRequest(decodeResult: success, version: HTTP/1.1, content: EmptyByteBufBE)
GET /session/fc564d5653b3a8f5196f5a82905edbf1/element/6c56e02c-3053-420d-8d03-b9f5eef0a185/name HTTP/1.1
User-Agent: selenium/4.1.2 (java windows)
Cache-Control: no-cache
Content-Type: application/json; charset=utf-8
host: localhost:62281
accept: */*

Response DefaultHttpResponse(decodeResult: success, version: HTTP/1.1)
HTTP/1.1 200 OK
Content-Type: application/json; charset=utf-8
cache-control: no-cache
content-length: 18

00:40:32.954 [AsyncHttpClient-1-9] DEBUG org.asynchttpclient.netty.channel.ChannelManager - Adding key: http://localhost:62281 for channel [id: 0x0b5a5fdc, L:/127.0.0.1:51246 - R:localhost/127.0.0.1:62281]
00:40:32.955 [Forwarding getElementTagName on session fc564d5653b3a8f5196f5a82905edbf1 to remote] DEBUG org.asynchttpclient.netty.request.NettyRequestSender - Using pooled Channel '[id: 0x0b5a5fdc, L:/127.0.0.1:51246 - R:localhost/127.0.0.1:62281]' for 'GET' to 'http://localhost:62281/session/fc564d5653b3a8f5196f5a82905edbf1/element/6c56e02c-3053-420d-8d03-b9f5eef0a185/name'
00:40:32.955 [Forwarding getElementTagName on session fc564d5653b3a8f5196f5a82905edbf1 to remote] DEBUG org.asynchttpclient.netty.request.NettyRequestSender - Using open Channel [id: 0x0b5a5fdc, L:/127.0.0.1:51246 - R:localhost/127.0.0.1:62281] for GET '/session/fc564d5653b3a8f5196f5a82905edbf1/element/6c56e02c-3053-420d-8d03-b9f5eef0a185/name'
00:40:32.958 [AsyncHttpClient-1-9] DEBUG org.asynchttpclient.netty.handler.HttpHandler - 

Request DefaultFullHttpRequest(decodeResult: success, version: HTTP/1.1, content: EmptyByteBufBE)
GET /session/fc564d5653b3a8f5196f5a82905edbf1/element/6c56e02c-3053-420d-8d03-b9f5eef0a185/name HTTP/1.1
User-Agent: selenium/4.1.2 (java windows)
Cache-Control: no-cache
Content-Type: application/json; charset=utf-8
host: localhost:62281
accept: */*

Response DefaultHttpResponse(decodeResult: success, version: HTTP/1.1)
HTTP/1.1 200 OK
Content-Type: application/json; charset=utf-8
cache-control: no-cache
content-length: 18

00:40:32.959 [AsyncHttpClient-1-9] DEBUG org.asynchttpclient.netty.channel.ChannelManager - Adding key: http://localhost:62281 for channel [id: 0x0b5a5fdc, L:/127.0.0.1:51246 - R:localhost/127.0.0.1:62281]
00:40:32.960 [Forwarding isElementEnabled on session fc564d5653b3a8f5196f5a82905edbf1 to remote] DEBUG org.asynchttpclient.netty.request.NettyRequestSender - Using pooled Channel '[id: 0x0b5a5fdc, L:/127.0.0.1:51246 - R:localhost/127.0.0.1:62281]' for 'GET' to 'http://localhost:62281/session/fc564d5653b3a8f5196f5a82905edbf1/element/6c56e02c-3053-420d-8d03-b9f5eef0a185/enabled'
00:40:32.961 [Forwarding isElementEnabled on session fc564d5653b3a8f5196f5a82905edbf1 to remote] DEBUG org.asynchttpclient.netty.request.NettyRequestSender - Using open Channel [id: 0x0b5a5fdc, L:/127.0.0.1:51246 - R:localhost/127.0.0.1:62281] for GET '/session/fc564d5653b3a8f5196f5a82905edbf1/element/6c56e02c-3053-420d-8d03-b9f5eef0a185/enabled'
00:40:32.972 [AsyncHttpClient-1-9] DEBUG org.asynchttpclient.netty.handler.HttpHandler - 

Request DefaultFullHttpRequest(decodeResult: success, version: HTTP/1.1, content: EmptyByteBufBE)
GET /session/fc564d5653b3a8f5196f5a82905edbf1/element/6c56e02c-3053-420d-8d03-b9f5eef0a185/enabled HTTP/1.1
User-Agent: selenium/4.1.2 (java windows)
Cache-Control: no-cache
Content-Type: application/json; charset=utf-8
host: localhost:62281
accept: */*

Response DefaultHttpResponse(decodeResult: success, version: HTTP/1.1)
HTTP/1.1 200 OK
Content-Type: application/json; charset=utf-8
cache-control: no-cache
content-length: 14

00:40:32.972 [AsyncHttpClient-1-9] DEBUG org.asynchttpclient.netty.channel.ChannelManager - Adding key: http://localhost:62281 for channel [id: 0x0b5a5fdc, L:/127.0.0.1:51246 - R:localhost/127.0.0.1:62281]
00:40:32.973 [Forwarding isElementEnabled on session fc564d5653b3a8f5196f5a82905edbf1 to remote] DEBUG org.asynchttpclient.netty.request.NettyRequestSender - Using pooled Channel '[id: 0x0b5a5fdc, L:/127.0.0.1:51246 - R:localhost/127.0.0.1:62281]' for 'GET' to 'http://localhost:62281/session/fc564d5653b3a8f5196f5a82905edbf1/element/6c56e02c-3053-420d-8d03-b9f5eef0a185/enabled'
00:40:32.974 [Forwarding isElementEnabled on session fc564d5653b3a8f5196f5a82905edbf1 to remote] DEBUG org.asynchttpclient.netty.request.NettyRequestSender - Using open Channel [id: 0x0b5a5fdc, L:/127.0.0.1:51246 - R:localhost/127.0.0.1:62281] for GET '/session/fc564d5653b3a8f5196f5a82905edbf1/element/6c56e02c-3053-420d-8d03-b9f5eef0a185/enabled'
00:40:33.001 [AsyncHttpClient-1-9] DEBUG org.asynchttpclient.netty.handler.HttpHandler - 

Request DefaultFullHttpRequest(decodeResult: success, version: HTTP/1.1, content: EmptyByteBufBE)
GET /session/fc564d5653b3a8f5196f5a82905edbf1/element/6c56e02c-3053-420d-8d03-b9f5eef0a185/enabled HTTP/1.1
User-Agent: selenium/4.1.2 (java windows)
Cache-Control: no-cache
Content-Type: application/json; charset=utf-8
host: localhost:62281
accept: */*

Response DefaultHttpResponse(decodeResult: success, version: HTTP/1.1)
HTTP/1.1 200 OK
Content-Type: application/json; charset=utf-8
cache-control: no-cache
content-length: 14

00:40:33.001 [AsyncHttpClient-1-9] DEBUG org.asynchttpclient.netty.channel.ChannelManager - Adding key: http://localhost:62281 for channel [id: 0x0b5a5fdc, L:/127.0.0.1:51246 - R:localhost/127.0.0.1:62281]
00:40:33.005 [Forwarding findElement on session fc564d5653b3a8f5196f5a82905edbf1 to remote] DEBUG org.asynchttpclient.netty.request.NettyRequestSender - Using pooled Channel '[id: 0x0b5a5fdc, L:/127.0.0.1:51246 - R:localhost/127.0.0.1:62281]' for 'POST' to 'http://localhost:62281/session/fc564d5653b3a8f5196f5a82905edbf1/element'
00:40:33.005 [Forwarding findElement on session fc564d5653b3a8f5196f5a82905edbf1 to remote] DEBUG org.asynchttpclient.netty.request.NettyRequestSender - Using open Channel [id: 0x0b5a5fdc, L:/127.0.0.1:51246 - R:localhost/127.0.0.1:62281] for POST '/session/fc564d5653b3a8f5196f5a82905edbf1/element'
00:40:33.020 [AsyncHttpClient-1-9] DEBUG org.asynchttpclient.netty.handler.HttpHandler - 

Request DefaultHttpRequest(decodeResult: success, version: HTTP/1.1)
POST /session/fc564d5653b3a8f5196f5a82905edbf1/element HTTP/1.1
User-Agent: selenium/4.1.2 (java windows)
Content-Length: 155
Content-Type: application/json; charset=utf-8
host: localhost:62281
accept: */*

Response DefaultHttpResponse(decodeResult: success, version: HTTP/1.1)
HTTP/1.1 200 OK
Content-Type: application/json; charset=utf-8
cache-control: no-cache
content-length: 88

00:40:33.020 [AsyncHttpClient-1-9] DEBUG org.asynchttpclient.netty.channel.ChannelManager - Adding key: http://localhost:62281 for channel [id: 0x0b5a5fdc, L:/127.0.0.1:51246 - R:localhost/127.0.0.1:62281]
00:40:33.023 [Forwarding clickElement on session fc564d5653b3a8f5196f5a82905edbf1 to remote] DEBUG org.asynchttpclient.netty.request.NettyRequestSender - Using pooled Channel '[id: 0x0b5a5fdc, L:/127.0.0.1:51246 - R:localhost/127.0.0.1:62281]' for 'POST' to 'http://localhost:62281/session/fc564d5653b3a8f5196f5a82905edbf1/element/6c56e02c-3053-420d-8d03-b9f5eef0a185/click'
00:40:33.023 [Forwarding clickElement on session fc564d5653b3a8f5196f5a82905edbf1 to remote] DEBUG org.asynchttpclient.netty.request.NettyRequestSender - Using open Channel [id: 0x0b5a5fdc, L:/127.0.0.1:51246 - R:localhost/127.0.0.1:62281] for POST '/session/fc564d5653b3a8f5196f5a82905edbf1/element/6c56e02c-3053-420d-8d03-b9f5eef0a185/click'
00:40:33.110 [AsyncHttpClient-1-9] DEBUG org.asynchttpclient.netty.handler.HttpHandler - 

Request DefaultHttpRequest(decodeResult: success, version: HTTP/1.1)
POST /session/fc564d5653b3a8f5196f5a82905edbf1/element/6c56e02c-3053-420d-8d03-b9f5eef0a185/click HTTP/1.1
User-Agent: selenium/4.1.2 (java windows)
Content-Length: 50
Content-Type: application/json; charset=utf-8
host: localhost:62281
accept: */*

Response DefaultHttpResponse(decodeResult: success, version: HTTP/1.1)
HTTP/1.1 200 OK
Content-Type: application/json; charset=utf-8
cache-control: no-cache
content-length: 14

00:40:33.110 [AsyncHttpClient-1-9] DEBUG org.asynchttpclient.netty.channel.ChannelManager - Adding key: http://localhost:62281 for channel [id: 0x0b5a5fdc, L:/127.0.0.1:51246 - R:localhost/127.0.0.1:62281]
00:40:33.120 [Forwarding screenshot on session fc564d5653b3a8f5196f5a82905edbf1 to remote] DEBUG org.asynchttpclient.netty.request.NettyRequestSender - Using pooled Channel '[id: 0x0b5a5fdc, L:/127.0.0.1:51246 - R:localhost/127.0.0.1:62281]' for 'GET' to 'http://localhost:62281/session/fc564d5653b3a8f5196f5a82905edbf1/screenshot'
00:40:33.120 [Forwarding screenshot on session fc564d5653b3a8f5196f5a82905edbf1 to remote] DEBUG org.asynchttpclient.netty.request.NettyRequestSender - Using open Channel [id: 0x0b5a5fdc, L:/127.0.0.1:51246 - R:localhost/127.0.0.1:62281] for GET '/session/fc564d5653b3a8f5196f5a82905edbf1/screenshot'
00:40:33.403 [AsyncHttpClient-1-1] DEBUG org.asynchttpclient.netty.channel.DefaultChannelPool - Entry count for : http://localhost:51247 : 1
00:40:33.444 [AsyncHttpClient-1-9] DEBUG org.asynchttpclient.netty.handler.HttpHandler - 

Request DefaultFullHttpRequest(decodeResult: success, version: HTTP/1.1, content: EmptyByteBufBE)
GET /session/fc564d5653b3a8f5196f5a82905edbf1/screenshot HTTP/1.1
User-Agent: selenium/4.1.2 (java windows)
Cache-Control: no-cache
Content-Type: application/json; charset=utf-8
host: localhost:62281
accept: */*

Response DefaultHttpResponse(decodeResult: success, version: HTTP/1.1)
HTTP/1.1 200 OK
Content-Type: application/json; charset=utf-8
cache-control: no-cache
content-length: 48424

00:40:33.444 [AsyncHttpClient-1-9] DEBUG org.asynchttpclient.netty.channel.ChannelManager - Adding key: http://localhost:62281 for channel [id: 0x0b5a5fdc, L:/127.0.0.1:51246 - R:localhost/127.0.0.1:62281]
00:40:33.446 [main] DEBUG net.serenitybdd.core.photography.Darkroom - Send negative for processing for target\site\serenity\171a248672842c7221b7904234eb974005ae2184b6f1e6a001d33b5fbd846f97.png
00:40:33.446 [main] DEBUG net.thucydides.core.steps.StepInterceptor - STEP DONE: clickLoginButton
  &amp#27;[32mAnd &amp#27;[0m&amp#27;[32mI input my password &amp#27;[0m&amp#27;[32m&amp#27;[1maiueo&amp#27;[0m                      &amp#27;[90m# stepdefinitions.LogoutStep.inputMyPassword(java.lang.String)&amp#27;[0m
00:40:33.447 [Darkroom Processing Line] DEBUG net.serenitybdd.core.photography.DarkroomProcessingLine - Processing screenshot image in /var/screenshots/screenshot-12133769878053128182
00:40:33.447 [Darkroom Processing Line] DEBUG net.serenitybdd.core.photography.DarkroomProcessingLine - Saving screenshot to target\site\serenity\171a248672842c7221b7904234eb974005ae2184b6f1e6a001d33b5fbd846f97.png
00:40:33.464 [main] DEBUG net.thucydides.core.steps.StepInterceptor - STARTING STEP: LogoutStep.iOnLandingPage - validateOnHomePage
00:40:33.467 [Forwarding findElement on session fc564d5653b3a8f5196f5a82905edbf1 to remote] DEBUG org.asynchttpclient.netty.request.NettyRequestSender - Using pooled Channel '[id: 0x0b5a5fdc, L:/127.0.0.1:51246 - R:localhost/127.0.0.1:62281]' for 'POST' to 'http://localhost:62281/session/fc564d5653b3a8f5196f5a82905edbf1/element'
00:40:33.467 [Forwarding findElement on session fc564d5653b3a8f5196f5a82905edbf1 to remote] DEBUG org.asynchttpclient.netty.request.NettyRequestSender - Using open Channel [id: 0x0b5a5fdc, L:/127.0.0.1:51246 - R:localhost/127.0.0.1:62281] for POST '/session/fc564d5653b3a8f5196f5a82905edbf1/element'
00:40:33.481 [AsyncHttpClient-1-9] DEBUG org.asynchttpclient.netty.handler.HttpHandler - 

Request DefaultHttpRequest(decodeResult: success, version: HTTP/1.1)
POST /session/fc564d5653b3a8f5196f5a82905edbf1/element HTTP/1.1
User-Agent: selenium/4.1.2 (java windows)
Content-Length: 136
Content-Type: application/json; charset=utf-8
host: localhost:62281
accept: */*

Response DefaultHttpResponse(decodeResult: success, version: HTTP/1.1)
HTTP/1.1 200 OK
Content-Type: application/json; charset=utf-8
cache-control: no-cache
content-length: 88

00:40:33.482 [AsyncHttpClient-1-9] DEBUG org.asynchttpclient.netty.channel.ChannelManager - Adding key: http://localhost:62281 for channel [id: 0x0b5a5fdc, L:/127.0.0.1:51246 - R:localhost/127.0.0.1:62281]
00:40:33.487 [Forwarding isElementDisplayed on session fc564d5653b3a8f5196f5a82905edbf1 to remote] DEBUG org.asynchttpclient.netty.request.NettyRequestSender - Using pooled Channel '[id: 0x0b5a5fdc, L:/127.0.0.1:51246 - R:localhost/127.0.0.1:62281]' for 'POST' to 'http://localhost:62281/session/fc564d5653b3a8f5196f5a82905edbf1/execute/sync'
00:40:33.487 [Forwarding isElementDisplayed on session fc564d5653b3a8f5196f5a82905edbf1 to remote] DEBUG org.asynchttpclient.netty.request.NettyRequestSender - Using open Channel [id: 0x0b5a5fdc, L:/127.0.0.1:51246 - R:localhost/127.0.0.1:62281] for POST '/session/fc564d5653b3a8f5196f5a82905edbf1/execute/sync'
00:40:33.502 [AsyncHttpClient-1-9] DEBUG org.asynchttpclient.netty.handler.HttpHandler - 

Request DefaultHttpRequest(decodeResult: success, version: HTTP/1.1)
POST /session/fc564d5653b3a8f5196f5a82905edbf1/execute/sync HTTP/1.1
User-Agent: selenium/4.1.2 (java windows)
Content-Length: 48780
Content-Type: application/json; charset=utf-8
host: localhost:62281
accept: */*

Response DefaultHttpResponse(decodeResult: success, version: HTTP/1.1)
HTTP/1.1 200 OK
Content-Type: application/json; charset=utf-8
cache-control: no-cache
content-length: 14

00:40:33.503 [AsyncHttpClient-1-9] DEBUG org.asynchttpclient.netty.channel.ChannelManager - Adding key: http://localhost:62281 for channel [id: 0x0b5a5fdc, L:/127.0.0.1:51246 - R:localhost/127.0.0.1:62281]
00:40:33.506 [Forwarding screenshot on session fc564d5653b3a8f5196f5a82905edbf1 to remote] DEBUG org.asynchttpclient.netty.request.NettyRequestSender - Using pooled Channel '[id: 0x0b5a5fdc, L:/127.0.0.1:51246 - R:localhost/127.0.0.1:62281]' for 'GET' to 'http://localhost:62281/session/fc564d5653b3a8f5196f5a82905edbf1/screenshot'
00:40:33.506 [Forwarding screenshot on session fc564d5653b3a8f5196f5a82905edbf1 to remote] DEBUG org.asynchttpclient.netty.request.NettyRequestSender - Using open Channel [id: 0x0b5a5fdc, L:/127.0.0.1:51246 - R:localhost/127.0.0.1:62281] for GET '/session/fc564d5653b3a8f5196f5a82905edbf1/screenshot'
00:40:33.686 [AsyncHttpClient-1-9] DEBUG org.asynchttpclient.netty.handler.HttpHandler - 

Request DefaultFullHttpRequest(decodeResult: success, version: HTTP/1.1, content: EmptyByteBufBE)
GET /session/fc564d5653b3a8f5196f5a82905edbf1/screenshot HTTP/1.1
User-Agent: selenium/4.1.2 (java windows)
Cache-Control: no-cache
Content-Type: application/json; charset=utf-8
host: localhost:62281
accept: */*

Response DefaultHttpResponse(decodeResult: success, version: HTTP/1.1)
HTTP/1.1 200 OK
Content-Type: application/json; charset=utf-8
cache-control: no-cache
content-length: 47172

00:40:33.687 [AsyncHttpClient-1-9] DEBUG org.asynchttpclient.netty.channel.ChannelManager - Adding key: http://localhost:62281 for channel [id: 0x0b5a5fdc, L:/127.0.0.1:51246 - R:localhost/127.0.0.1:62281]
00:40:33.688 [main] DEBUG net.serenitybdd.core.photography.Darkroom - Send negative for processing for target\site\serenity\1e6fbfce8733f773052eebe3dd8f26124a5effbe2feb8cbff1529e251fbb29da.png
00:40:33.689 [main] DEBUG net.thucydides.core.steps.StepInterceptor - STEP DONE: validateOnHomePage
  &amp#27;[32mAnd &amp#27;[0m&amp#27;[32mI on landing page&amp#27;[0m                              &amp#27;[90m# stepdefinitions.LogoutStep.iOnLandingPage()&amp#27;[0m
00:40:33.690 [Darkroom Processing Line] DEBUG net.serenitybdd.core.photography.DarkroomProcessingLine - Processing screenshot image in /var/screenshots/screenshot-14177263356102076681
00:40:33.690 [Darkroom Processing Line] DEBUG net.serenitybdd.core.photography.DarkroomProcessingLine - Saving screenshot to target\site\serenity\1e6fbfce8733f773052eebe3dd8f26124a5effbe2feb8cbff1529e251fbb29da.png
00:40:33.710 [main] DEBUG net.thucydides.core.steps.StepInterceptor - STARTING STEP: LogoutStep.iClickPepopleIcon - clickPeopleButton
00:40:33.712 [Forwarding findElement on session fc564d5653b3a8f5196f5a82905edbf1 to remote] DEBUG org.asynchttpclient.netty.request.NettyRequestSender - Using pooled Channel '[id: 0x0b5a5fdc, L:/127.0.0.1:51246 - R:localhost/127.0.0.1:62281]' for 'POST' to 'http://localhost:62281/session/fc564d5653b3a8f5196f5a82905edbf1/element'
00:40:33.712 [Forwarding findElement on session fc564d5653b3a8f5196f5a82905edbf1 to remote] DEBUG org.asynchttpclient.netty.request.NettyRequestSender - Using open Channel [id: 0x0b5a5fdc, L:/127.0.0.1:51246 - R:localhost/127.0.0.1:62281] for POST '/session/fc564d5653b3a8f5196f5a82905edbf1/element'
00:40:33.729 [AsyncHttpClient-1-9] DEBUG org.asynchttpclient.netty.handler.HttpHandler - 

Request DefaultHttpRequest(decodeResult: success, version: HTTP/1.1)
POST /session/fc564d5653b3a8f5196f5a82905edbf1/element HTTP/1.1
User-Agent: selenium/4.1.2 (java windows)
Content-Length: 111
Content-Type: application/json; charset=utf-8
host: localhost:62281
accept: */*

Response DefaultHttpResponse(decodeResult: success, version: HTTP/1.1)
HTTP/1.1 200 OK
Content-Type: application/json; charset=utf-8
cache-control: no-cache
content-length: 88

00:40:33.729 [AsyncHttpClient-1-9] DEBUG org.asynchttpclient.netty.channel.ChannelManager - Adding key: http://localhost:62281 for channel [id: 0x0b5a5fdc, L:/127.0.0.1:51246 - R:localhost/127.0.0.1:62281]
00:40:33.730 [Forwarding getElementTagName on session fc564d5653b3a8f5196f5a82905edbf1 to remote] DEBUG org.asynchttpclient.netty.request.NettyRequestSender - Using pooled Channel '[id: 0x0b5a5fdc, L:/127.0.0.1:51246 - R:localhost/127.0.0.1:62281]' for 'GET' to 'http://localhost:62281/session/fc564d5653b3a8f5196f5a82905edbf1/element/53ad30fe-836d-462d-b3dc-64ee212acb69/name'
00:40:33.731 [Forwarding getElementTagName on session fc564d5653b3a8f5196f5a82905edbf1 to remote] DEBUG org.asynchttpclient.netty.request.NettyRequestSender - Using open Channel [id: 0x0b5a5fdc, L:/127.0.0.1:51246 - R:localhost/127.0.0.1:62281] for GET '/session/fc564d5653b3a8f5196f5a82905edbf1/element/53ad30fe-836d-462d-b3dc-64ee212acb69/name'
00:40:33.737 [AsyncHttpClient-1-9] DEBUG org.asynchttpclient.netty.handler.HttpHandler - 

Request DefaultFullHttpRequest(decodeResult: success, version: HTTP/1.1, content: EmptyByteBufBE)
GET /session/fc564d5653b3a8f5196f5a82905edbf1/element/53ad30fe-836d-462d-b3dc-64ee212acb69/name HTTP/1.1
User-Agent: selenium/4.1.2 (java windows)
Cache-Control: no-cache
Content-Type: application/json; charset=utf-8
host: localhost:62281
accept: */*

Response DefaultHttpResponse(decodeResult: success, version: HTTP/1.1)
HTTP/1.1 200 OK
Content-Type: application/json; charset=utf-8
cache-control: no-cache
content-length: 18

00:40:33.737 [AsyncHttpClient-1-9] DEBUG org.asynchttpclient.netty.channel.ChannelManager - Adding key: http://localhost:62281 for channel [id: 0x0b5a5fdc, L:/127.0.0.1:51246 - R:localhost/127.0.0.1:62281]
00:40:33.739 [Forwarding getElementTagName on session fc564d5653b3a8f5196f5a82905edbf1 to remote] DEBUG org.asynchttpclient.netty.request.NettyRequestSender - Using pooled Channel '[id: 0x0b5a5fdc, L:/127.0.0.1:51246 - R:localhost/127.0.0.1:62281]' for 'GET' to 'http://localhost:62281/session/fc564d5653b3a8f5196f5a82905edbf1/element/53ad30fe-836d-462d-b3dc-64ee212acb69/name'
00:40:33.739 [Forwarding getElementTagName on session fc564d5653b3a8f5196f5a82905edbf1 to remote] DEBUG org.asynchttpclient.netty.request.NettyRequestSender - Using open Channel [id: 0x0b5a5fdc, L:/127.0.0.1:51246 - R:localhost/127.0.0.1:62281] for GET '/session/fc564d5653b3a8f5196f5a82905edbf1/element/53ad30fe-836d-462d-b3dc-64ee212acb69/name'
00:40:33.743 [AsyncHttpClient-1-9] DEBUG org.asynchttpclient.netty.handler.HttpHandler - 

Request DefaultFullHttpRequest(decodeResult: success, version: HTTP/1.1, content: EmptyByteBufBE)
GET /session/fc564d5653b3a8f5196f5a82905edbf1/element/53ad30fe-836d-462d-b3dc-64ee212acb69/name HTTP/1.1
User-Agent: selenium/4.1.2 (java windows)
Cache-Control: no-cache
Content-Type: application/json; charset=utf-8
host: localhost:62281
accept: */*

Response DefaultHttpResponse(decodeResult: success, version: HTTP/1.1)
HTTP/1.1 200 OK
Content-Type: application/json; charset=utf-8
cache-control: no-cache
content-length: 18

00:40:33.743 [AsyncHttpClient-1-9] DEBUG org.asynchttpclient.netty.channel.ChannelManager - Adding key: http://localhost:62281 for channel [id: 0x0b5a5fdc, L:/127.0.0.1:51246 - R:localhost/127.0.0.1:62281]
00:40:33.745 [Forwarding isElementEnabled on session fc564d5653b3a8f5196f5a82905edbf1 to remote] DEBUG org.asynchttpclient.netty.request.NettyRequestSender - Using pooled Channel '[id: 0x0b5a5fdc, L:/127.0.0.1:51246 - R:localhost/127.0.0.1:62281]' for 'GET' to 'http://localhost:62281/session/fc564d5653b3a8f5196f5a82905edbf1/element/53ad30fe-836d-462d-b3dc-64ee212acb69/enabled'
00:40:33.745 [Forwarding isElementEnabled on session fc564d5653b3a8f5196f5a82905edbf1 to remote] DEBUG org.asynchttpclient.netty.request.NettyRequestSender - Using open Channel [id: 0x0b5a5fdc, L:/127.0.0.1:51246 - R:localhost/127.0.0.1:62281] for GET '/session/fc564d5653b3a8f5196f5a82905edbf1/element/53ad30fe-836d-462d-b3dc-64ee212acb69/enabled'
00:40:33.754 [AsyncHttpClient-1-9] DEBUG org.asynchttpclient.netty.handler.HttpHandler - 

Request DefaultFullHttpRequest(decodeResult: success, version: HTTP/1.1, content: EmptyByteBufBE)
GET /session/fc564d5653b3a8f5196f5a82905edbf1/element/53ad30fe-836d-462d-b3dc-64ee212acb69/enabled HTTP/1.1
User-Agent: selenium/4.1.2 (java windows)
Cache-Control: no-cache
Content-Type: application/json; charset=utf-8
host: localhost:62281
accept: */*

Response DefaultHttpResponse(decodeResult: success, version: HTTP/1.1)
HTTP/1.1 200 OK
Content-Type: application/json; charset=utf-8
cache-control: no-cache
content-length: 14

00:40:33.754 [AsyncHttpClient-1-9] DEBUG org.asynchttpclient.netty.channel.ChannelManager - Adding key: http://localhost:62281 for channel [id: 0x0b5a5fdc, L:/127.0.0.1:51246 - R:localhost/127.0.0.1:62281]
00:40:33.755 [Forwarding isElementEnabled on session fc564d5653b3a8f5196f5a82905edbf1 to remote] DEBUG org.asynchttpclient.netty.request.NettyRequestSender - Using pooled Channel '[id: 0x0b5a5fdc, L:/127.0.0.1:51246 - R:localhost/127.0.0.1:62281]' for 'GET' to 'http://localhost:62281/session/fc564d5653b3a8f5196f5a82905edbf1/element/53ad30fe-836d-462d-b3dc-64ee212acb69/enabled'
00:40:33.755 [Forwarding isElementEnabled on session fc564d5653b3a8f5196f5a82905edbf1 to remote] DEBUG org.asynchttpclient.netty.request.NettyRequestSender - Using open Channel [id: 0x0b5a5fdc, L:/127.0.0.1:51246 - R:localhost/127.0.0.1:62281] for GET '/session/fc564d5653b3a8f5196f5a82905edbf1/element/53ad30fe-836d-462d-b3dc-64ee212acb69/enabled'
00:40:33.775 [AsyncHttpClient-1-9] DEBUG org.asynchttpclient.netty.handler.HttpHandler - 

Request DefaultFullHttpRequest(decodeResult: success, version: HTTP/1.1, content: EmptyByteBufBE)
GET /session/fc564d5653b3a8f5196f5a82905edbf1/element/53ad30fe-836d-462d-b3dc-64ee212acb69/enabled HTTP/1.1
User-Agent: selenium/4.1.2 (java windows)
Cache-Control: no-cache
Content-Type: application/json; charset=utf-8
host: localhost:62281
accept: */*

Response DefaultHttpResponse(decodeResult: success, version: HTTP/1.1)
HTTP/1.1 200 OK
Content-Type: application/json; charset=utf-8
cache-control: no-cache
content-length: 14

00:40:33.775 [AsyncHttpClient-1-9] DEBUG org.asynchttpclient.netty.channel.ChannelManager - Adding key: http://localhost:62281 for channel [id: 0x0b5a5fdc, L:/127.0.0.1:51246 - R:localhost/127.0.0.1:62281]
00:40:33.777 [Forwarding findElement on session fc564d5653b3a8f5196f5a82905edbf1 to remote] DEBUG org.asynchttpclient.netty.request.NettyRequestSender - Using pooled Channel '[id: 0x0b5a5fdc, L:/127.0.0.1:51246 - R:localhost/127.0.0.1:62281]' for 'POST' to 'http://localhost:62281/session/fc564d5653b3a8f5196f5a82905edbf1/element'
00:40:33.777 [Forwarding findElement on session fc564d5653b3a8f5196f5a82905edbf1 to remote] DEBUG org.asynchttpclient.netty.request.NettyRequestSender - Using open Channel [id: 0x0b5a5fdc, L:/127.0.0.1:51246 - R:localhost/127.0.0.1:62281] for POST '/session/fc564d5653b3a8f5196f5a82905edbf1/element'
00:40:33.785 [AsyncHttpClient-1-9] DEBUG org.asynchttpclient.netty.handler.HttpHandler - 

Request DefaultHttpRequest(decodeResult: success, version: HTTP/1.1)
POST /session/fc564d5653b3a8f5196f5a82905edbf1/element HTTP/1.1
User-Agent: selenium/4.1.2 (java windows)
Content-Length: 111
Content-Type: application/json; charset=utf-8
host: localhost:62281
accept: */*

Response DefaultHttpResponse(decodeResult: success, version: HTTP/1.1)
HTTP/1.1 200 OK
Content-Type: application/json; charset=utf-8
cache-control: no-cache
content-length: 88

00:40:33.785 [AsyncHttpClient-1-9] DEBUG org.asynchttpclient.netty.channel.ChannelManager - Adding key: http://localhost:62281 for channel [id: 0x0b5a5fdc, L:/127.0.0.1:51246 - R:localhost/127.0.0.1:62281]
00:40:33.786 [Forwarding clickElement on session fc564d5653b3a8f5196f5a82905edbf1 to remote] DEBUG org.asynchttpclient.netty.request.NettyRequestSender - Using pooled Channel '[id: 0x0b5a5fdc, L:/127.0.0.1:51246 - R:localhost/127.0.0.1:62281]' for 'POST' to 'http://localhost:62281/session/fc564d5653b3a8f5196f5a82905edbf1/element/53ad30fe-836d-462d-b3dc-64ee212acb69/click'
00:40:33.787 [Forwarding clickElement on session fc564d5653b3a8f5196f5a82905edbf1 to remote] DEBUG org.asynchttpclient.netty.request.NettyRequestSender - Using open Channel [id: 0x0b5a5fdc, L:/127.0.0.1:51246 - R:localhost/127.0.0.1:62281] for POST '/session/fc564d5653b3a8f5196f5a82905edbf1/element/53ad30fe-836d-462d-b3dc-64ee212acb69/click'
00:40:33.825 [AsyncHttpClient-1-9] DEBUG org.asynchttpclient.netty.handler.HttpHandler - 

Request DefaultHttpRequest(decodeResult: success, version: HTTP/1.1)
POST /session/fc564d5653b3a8f5196f5a82905edbf1/element/53ad30fe-836d-462d-b3dc-64ee212acb69/click HTTP/1.1
User-Agent: selenium/4.1.2 (java windows)
Content-Length: 50
Content-Type: application/json; charset=utf-8
host: localhost:62281
accept: */*

Response DefaultHttpResponse(decodeResult: success, version: HTTP/1.1)
HTTP/1.1 200 OK
Content-Type: application/json; charset=utf-8
cache-control: no-cache
content-length: 14

00:40:33.825 [AsyncHttpClient-1-9] DEBUG org.asynchttpclient.netty.channel.ChannelManager - Adding key: http://localhost:62281 for channel [id: 0x0b5a5fdc, L:/127.0.0.1:51246 - R:localhost/127.0.0.1:62281]
00:40:33.831 [Forwarding screenshot on session fc564d5653b3a8f5196f5a82905edbf1 to remote] DEBUG org.asynchttpclient.netty.request.NettyRequestSender - Using pooled Channel '[id: 0x0b5a5fdc, L:/127.0.0.1:51246 - R:localhost/127.0.0.1:62281]' for 'GET' to 'http://localhost:62281/session/fc564d5653b3a8f5196f5a82905edbf1/screenshot'
00:40:33.831 [Forwarding screenshot on session fc564d5653b3a8f5196f5a82905edbf1 to remote] DEBUG org.asynchttpclient.netty.request.NettyRequestSender - Using open Channel [id: 0x0b5a5fdc, L:/127.0.0.1:51246 - R:localhost/127.0.0.1:62281] for GET '/session/fc564d5653b3a8f5196f5a82905edbf1/screenshot'
00:40:34.261 [AsyncHttpClient-1-9] DEBUG org.asynchttpclient.netty.handler.HttpHandler - 

Request DefaultFullHttpRequest(decodeResult: success, version: HTTP/1.1, content: EmptyByteBufBE)
GET /session/fc564d5653b3a8f5196f5a82905edbf1/screenshot HTTP/1.1
User-Agent: selenium/4.1.2 (java windows)
Cache-Control: no-cache
Content-Type: application/json; charset=utf-8
host: localhost:62281
accept: */*

Response DefaultHttpResponse(decodeResult: success, version: HTTP/1.1)
HTTP/1.1 200 OK
Content-Type: application/json; charset=utf-8
cache-control: no-cache
content-length: 31980

00:40:34.263 [AsyncHttpClient-1-9] DEBUG org.asynchttpclient.netty.channel.ChannelManager - Adding key: http://localhost:62281 for channel [id: 0x0b5a5fdc, L:/127.0.0.1:51246 - R:localhost/127.0.0.1:62281]
00:40:34.269 [main] DEBUG net.serenitybdd.core.photography.Darkroom - Send negative for processing for target\site\serenity\05c762004ebbb3bf7fd83439e0701ec7c8de9ed79ded0c1adcd6c2e89cc0c7f7.png
00:40:34.270 [main] DEBUG net.thucydides.core.steps.StepInterceptor - STEP DONE: clickPeopleButton
  &amp#27;[32mAnd &amp#27;[0m&amp#27;[32mI click people-icon&amp#27;[0m                            &amp#27;[90m# stepdefinitions.LogoutStep.iClickPepopleIcon()&amp#27;[0m
00:40:34.271 [Darkroom Processing Line] DEBUG net.serenitybdd.core.photography.DarkroomProcessingLine - Processing screenshot image in /var/screenshots/screenshot-5369822450220402251
00:40:34.271 [Darkroom Processing Line] DEBUG net.serenitybdd.core.photography.DarkroomProcessingLine - Saving screenshot to target\site\serenity\05c762004ebbb3bf7fd83439e0701ec7c8de9ed79ded0c1adcd6c2e89cc0c7f7.png
00:40:34.309 [main] DEBUG net.thucydides.core.steps.StepInterceptor - STARTING STEP: LogoutStep.iClickLogoutButton - klikLogoutButton
00:40:34.312 [Forwarding findElement on session fc564d5653b3a8f5196f5a82905edbf1 to remote] DEBUG org.asynchttpclient.netty.request.NettyRequestSender - Using pooled Channel '[id: 0x0b5a5fdc, L:/127.0.0.1:51246 - R:localhost/127.0.0.1:62281]' for 'POST' to 'http://localhost:62281/session/fc564d5653b3a8f5196f5a82905edbf1/element'
00:40:34.312 [Forwarding findElement on session fc564d5653b3a8f5196f5a82905edbf1 to remote] DEBUG org.asynchttpclient.netty.request.NettyRequestSender - Using open Channel [id: 0x0b5a5fdc, L:/127.0.0.1:51246 - R:localhost/127.0.0.1:62281] for POST '/session/fc564d5653b3a8f5196f5a82905edbf1/element'
00:40:34.501 [AsyncHttpClient-1-1] DEBUG org.asynchttpclient.netty.channel.DefaultChannelPool - Entry count for : http://localhost:51247 : 1
00:40:35.595 [AsyncHttpClient-1-1] DEBUG org.asynchttpclient.netty.channel.DefaultChannelPool - Entry count for : http://localhost:51247 : 1
00:40:36.703 [AsyncHttpClient-1-1] DEBUG org.asynchttpclient.netty.channel.DefaultChannelPool - Entry count for : http://localhost:51247 : 1
00:40:37.600 [AsyncHttpClient-1-9] DEBUG org.asynchttpclient.netty.handler.HttpHandler - 

Request DefaultHttpRequest(decodeResult: success, version: HTTP/1.1)
POST /session/fc564d5653b3a8f5196f5a82905edbf1/element HTTP/1.1
User-Agent: selenium/4.1.2 (java windows)
Content-Length: 86
Content-Type: application/json; charset=utf-8
host: localhost:62281
accept: */*

Response DefaultHttpResponse(decodeResult: success, version: HTTP/1.1)
HTTP/1.1 404 Not Found
Content-Type: application/json; charset=utf-8
cache-control: no-cache
content-length: 1040

00:40:37.601 [AsyncHttpClient-1-9] DEBUG org.asynchttpclient.netty.channel.ChannelManager - Adding key: http://localhost:62281 for channel [id: 0x0b5a5fdc, L:/127.0.0.1:51246 - R:localhost/127.0.0.1:62281]
00:40:37.713 [Forwarding findElement on session fc564d5653b3a8f5196f5a82905edbf1 to remote] DEBUG org.asynchttpclient.netty.request.NettyRequestSender - Using pooled Channel '[id: 0x0b5a5fdc, L:/127.0.0.1:51246 - R:localhost/127.0.0.1:62281]' for 'POST' to 'http://localhost:62281/session/fc564d5653b3a8f5196f5a82905edbf1/element'
00:40:37.713 [Forwarding findElement on session fc564d5653b3a8f5196f5a82905edbf1 to remote] DEBUG org.asynchttpclient.netty.request.NettyRequestSender - Using open Channel [id: 0x0b5a5fdc, L:/127.0.0.1:51246 - R:localhost/127.0.0.1:62281] for POST '/session/fc564d5653b3a8f5196f5a82905edbf1/element'
00:40:37.805 [AsyncHttpClient-1-1] DEBUG org.asynchttpclient.netty.channel.DefaultChannelPool - Entry count for : http://localhost:51247 : 1
00:40:38.906 [AsyncHttpClient-1-1] DEBUG org.asynchttpclient.netty.channel.DefaultChannelPool - Entry count for : http://localhost:51247 : 1
00:40:39.756 [AsyncHttpClient-1-9] DEBUG org.asynchttpclient.netty.handler.HttpHandler - 

Request DefaultHttpRequest(decodeResult: success, version: HTTP/1.1)
POST /session/fc564d5653b3a8f5196f5a82905edbf1/element HTTP/1.1
User-Agent: selenium/4.1.2 (java windows)
Content-Length: 86
Content-Type: application/json; charset=utf-8
host: localhost:62281
accept: */*

Response DefaultHttpResponse(decodeResult: success, version: HTTP/1.1)
HTTP/1.1 404 Not Found
Content-Type: application/json; charset=utf-8
cache-control: no-cache
content-length: 1040

00:40:39.757 [AsyncHttpClient-1-9] DEBUG org.asynchttpclient.netty.channel.ChannelManager - Adding key: http://localhost:62281 for channel [id: 0x0b5a5fdc, L:/127.0.0.1:51246 - R:localhost/127.0.0.1:62281]
00:40:39.771 [Forwarding screenshot on session fc564d5653b3a8f5196f5a82905edbf1 to remote] DEBUG org.asynchttpclient.netty.request.NettyRequestSender - Using pooled Channel '[id: 0x0b5a5fdc, L:/127.0.0.1:51246 - R:localhost/127.0.0.1:62281]' for 'GET' to 'http://localhost:62281/session/fc564d5653b3a8f5196f5a82905edbf1/screenshot'
00:40:39.771 [Forwarding screenshot on session fc564d5653b3a8f5196f5a82905edbf1 to remote] DEBUG org.asynchttpclient.netty.request.NettyRequestSender - Using open Channel [id: 0x0b5a5fdc, L:/127.0.0.1:51246 - R:localhost/127.0.0.1:62281] for GET '/session/fc564d5653b3a8f5196f5a82905edbf1/screenshot'
00:40:39.943 [AsyncHttpClient-1-9] DEBUG org.asynchttpclient.netty.handler.HttpHandler - 

Request DefaultFullHttpRequest(decodeResult: success, version: HTTP/1.1, content: EmptyByteBufBE)
GET /session/fc564d5653b3a8f5196f5a82905edbf1/screenshot HTTP/1.1
User-Agent: selenium/4.1.2 (java windows)
Cache-Control: no-cache
Content-Type: application/json; charset=utf-8
host: localhost:62281
accept: */*

Response DefaultHttpResponse(decodeResult: success, version: HTTP/1.1)
HTTP/1.1 200 OK
Content-Type: application/json; charset=utf-8
cache-control: no-cache
content-length: 84108

00:40:39.943 [AsyncHttpClient-1-9] DEBUG org.asynchttpclient.netty.channel.ChannelManager - Adding key: http://localhost:62281 for channel [id: 0x0b5a5fdc, L:/127.0.0.1:51246 - R:localhost/127.0.0.1:62281]
00:40:39.946 [main] DEBUG net.serenitybdd.core.photography.Darkroom - Send negative for processing for target\site\serenity\701fb4e773d299b9f8e506357abb3a5310d2778889be254726f34bdcb568d5b1.png
00:40:39.947 [Darkroom Processing Line] DEBUG net.serenitybdd.core.photography.DarkroomProcessingLine - Processing screenshot image in /var/screenshots/screenshot-9910446545630141064
00:40:39.947 [Darkroom Processing Line] DEBUG net.serenitybdd.core.photography.DarkroomProcessingLine - Saving screenshot to target\site\serenity\701fb4e773d299b9f8e506357abb3a5310d2778889be254726f34bdcb568d5b1.png
00:40:39.951 [Forwarding getPageSource on session fc564d5653b3a8f5196f5a82905edbf1 to remote] DEBUG org.asynchttpclient.netty.request.NettyRequestSender - Using pooled Channel '[id: 0x0b5a5fdc, L:/127.0.0.1:51246 - R:localhost/127.0.0.1:62281]' for 'POST' to 'http://localhost:62281/session/fc564d5653b3a8f5196f5a82905edbf1/execute/sync'
00:40:39.951 [Forwarding getPageSource on session fc564d5653b3a8f5196f5a82905edbf1 to remote] DEBUG org.asynchttpclient.netty.request.NettyRequestSender - Using open Channel [id: 0x0b5a5fdc, L:/127.0.0.1:51246 - R:localhost/127.0.0.1:62281] for POST '/session/fc564d5653b3a8f5196f5a82905edbf1/execute/sync'
00:40:40.000 [AsyncHttpClient-1-1] DEBUG org.asynchttpclient.netty.channel.DefaultChannelPool - Entry count for : http://localhost:51247 : 1
00:40:40.024 [AsyncHttpClient-1-9] DEBUG org.asynchttpclient.netty.handler.HttpHandler - 

Request DefaultHttpRequest(decodeResult: success, version: HTTP/1.1)
POST /session/fc564d5653b3a8f5196f5a82905edbf1/execute/sync HTTP/1.1
User-Agent: selenium/4.1.2 (java windows)
Content-Length: 176
Content-Type: application/json; charset=utf-8
host: localhost:62281
accept: */*

Response DefaultHttpResponse(decodeResult: success, version: HTTP/1.1)
HTTP/1.1 200 OK
Content-Type: application/json; charset=utf-8
cache-control: no-cache
content-length: 717292

00:40:40.030 [AsyncHttpClient-1-9] DEBUG org.asynchttpclient.netty.channel.ChannelManager - Adding key: http://localhost:62281 for channel [id: 0x0b5a5fdc, L:/127.0.0.1:51246 - R:localhost/127.0.0.1:62281]
00:40:40.478 [Forwarding getCurrentUrl on session fc564d5653b3a8f5196f5a82905edbf1 to remote] DEBUG org.asynchttpclient.netty.request.NettyRequestSender - Using pooled Channel '[id: 0x0b5a5fdc, L:/127.0.0.1:51246 - R:localhost/127.0.0.1:62281]' for 'GET' to 'http://localhost:62281/session/fc564d5653b3a8f5196f5a82905edbf1/url'
00:40:40.478 [Forwarding getCurrentUrl on session fc564d5653b3a8f5196f5a82905edbf1 to remote] DEBUG org.asynchttpclient.netty.request.NettyRequestSender - Using open Channel [id: 0x0b5a5fdc, L:/127.0.0.1:51246 - R:localhost/127.0.0.1:62281] for GET '/session/fc564d5653b3a8f5196f5a82905edbf1/url'
00:40:40.485 [AsyncHttpClient-1-9] DEBUG org.asynchttpclient.netty.handler.HttpHandler - 

Request DefaultFullHttpRequest(decodeResult: success, version: HTTP/1.1, content: EmptyByteBufBE)
GET /session/fc564d5653b3a8f5196f5a82905edbf1/url HTTP/1.1
User-Agent: selenium/4.1.2 (java windows)
Cache-Control: no-cache
Content-Type: application/json; charset=utf-8
host: localhost:62281
accept: */*

Response DefaultHttpResponse(decodeResult: success, version: HTTP/1.1)
HTTP/1.1 200 OK
Content-Type: application/json; charset=utf-8
cache-control: no-cache
content-length: 31

00:40:40.485 [AsyncHttpClient-1-9] DEBUG org.asynchttpclient.netty.channel.ChannelManager - Adding key: http://localhost:62281 for channel [id: 0x0b5a5fdc, L:/127.0.0.1:51246 - R:localhost/127.0.0.1:62281]
  &amp#27;[31mAnd &amp#27;[0m&amp#27;[31mI click logout button&amp#27;[0m                          &amp#27;[90m# stepdefinitions.LogoutStep.iClickLogoutButton()&amp#27;[0m
      &amp#27;[31mnet.thucydides.core.webdriver.exceptions.ElementShouldBeEnabledException: Expected enabled element was not enabled
	at net.serenitybdd.core.pages.WebElementFacadeImpl.waitUntilEnabled(WebElementFacadeImpl.java:1100)
	at net.serenitybdd.core.pages.WebElementFacadeImpl.waitUntilElementAvailable(WebElementFacadeImpl.java:888)
	at net.serenitybdd.core.pages.WebElementFacadeImpl.click(WebElementFacadeImpl.java:1182)
	at net.serenitybdd.core.pages.WebElementFacadeImpl.click(WebElementFacadeImpl.java:1201)
	at FrontEnd.AltaShop@1.0-SNAPSHOT/starter.Logout.klikLogoutButton(Logout.java:14)
	at FrontEnd.AltaShop@1.0-SNAPSHOT/starter.Logout$ByteBuddy$V9t384ra.klikLogoutButton$accessor$Hx4c7GGp(Unknown Source)
	at java.base/jdk.internal.reflect.NativeMethodAccessorImpl.invoke0(Native Method)
	at java.base/jdk.internal.reflect.NativeMethodAccessorImpl.invoke(NativeMethodAccessorImpl.java:62)
	at java.base/jdk.internal.reflect.DelegatingMethodAccessorImpl.invoke(DelegatingMethodAccessorImpl.java:43)
	at java.base/java.lang.reflect.Method.invoke(Method.java:566)
	at net.thucydides.core.steps.StepInterceptor.invokeMethod(StepInterceptor.java:503)
	at net.thucydides.core.steps.StepInterceptor.executeTestStepMethod(StepInterceptor.java:483)
	at net.thucydides.core.steps.StepInterceptor.runTestStep(StepInterceptor.java:457)
	at net.thucydides.core.steps.StepInterceptor.runOrSkipMethod(StepInterceptor.java:209)
	at net.thucydides.core.steps.StepInterceptor.testStepResult(StepInterceptor.java:196)
	at net.thucydides.core.steps.StepInterceptor.intercept(StepInterceptor.java:84)
	at net.thucydides.core.steps.ProxyConfiguration$InterceptorDispatcher.intercept(ProxyConfiguration.java:51)
	at FrontEnd.AltaShop@1.0-SNAPSHOT/starter.Logout$ByteBuddy$V9t384ra.klikLogoutButton(Unknown Source)
	at FrontEnd.AltaShop@1.0-SNAPSHOT/stepdefinitions.LogoutStep.iClickLogoutButton(LogoutStep.java:34)
	at âœ½.I click logout button(file:///D:/Mini%20Project-QE%20Alta/Web%20Automation/FrontEnd-AltaShop/src/test/resources/features/Logout.feature:9)
Caused by: org.openqa.selenium.TimeoutException: Expected condition failed: waiting for By.xpath: //*[@id="list-item-2317"]/div[1] to be enabled (tried for 5 second(s) with 100 milliseconds interval)
	at org.openqa.selenium.support.ui.FluentWait.timeoutException(FluentWait.java:263)
	at org.openqa.selenium.support.ui.FluentWait.until(FluentWait.java:231)
	at net.serenitybdd.core.pages.WebElementFacadeImpl.waitUntilEnabled(WebElementFacadeImpl.java:1097)
	at net.serenitybdd.core.pages.WebElementFacadeImpl.waitUntilElementAvailable(WebElementFacadeImpl.java:888)
	at net.serenitybdd.core.pages.WebElementFacadeImpl.click(WebElementFacadeImpl.java:1182)
	at net.serenitybdd.core.pages.WebElementFacadeImpl.click(WebElementFacadeImpl.java:1201)
	at FrontEnd.AltaShop@1.0-SNAPSHOT/starter.Logout.klikLogoutButton(Logout.java:14)
	at FrontEnd.AltaShop@1.0-SNAPSHOT/starter.Logout$ByteBuddy$V9t384ra.klikLogoutButton$accessor$Hx4c7GGp(Unknown Source)
	at java.base/jdk.internal.reflect.NativeMethodAccessorImpl.invoke0(Native Method)
	at java.base/jdk.internal.reflect.NativeMethodAccessorImpl.invoke(NativeMethodAccessorImpl.java:62)
	at java.base/jdk.internal.reflect.DelegatingMethodAccessorImpl.invoke(DelegatingMethodAccessorImpl.java:43)
	at java.base/java.lang.reflect.Method.invoke(Method.java:566)
	at net.thucydides.core.steps.StepInterceptor.invokeMethod(StepInterceptor.java:503)
	at net.thucydides.core.steps.StepInterceptor.executeTestStepMethod(StepInterceptor.java:483)
	at net.thucydides.core.steps.StepInterceptor.runTestStep(StepInterceptor.java:457)
	at net.thucydides.core.steps.StepInterceptor.runOrSkipMethod(StepInterceptor.java:209)
	at net.thucydides.core.steps.StepInterceptor.testStepResult(StepInterceptor.java:196)
	at net.thucydides.core.steps.StepInterceptor.intercept(StepInterceptor.java:84)
	at net.thucydides.core.steps.ProxyConfiguration$InterceptorDispatcher.intercept(ProxyConfiguration.java:51)
	at FrontEnd.AltaShop@1.0-SNAPSHOT/starter.Logout$ByteBuddy$V9t384ra.klikLogoutButton(Unknown Source)
	at FrontEnd.AltaShop@1.0-SNAPSHOT/stepdefinitions.LogoutStep.iClickLogoutButton(LogoutStep.java:34)
	at java.base/jdk.internal.reflect.NativeMethodAccessorImpl.invoke0(Native Method)
	at java.base/jdk.internal.reflect.NativeMethodAccessorImpl.invoke(NativeMethodAccessorImpl.java:62)
	at java.base/jdk.internal.reflect.DelegatingMethodAccessorImpl.invoke(DelegatingMethodAccessorImpl.java:43)
	at java.base/java.lang.reflect.Method.invoke(Method.java:566)
	at io.cucumber.java.Invoker.doInvoke(Invoker.java:66)
	at io.cucumber.java.Invoker.invoke(Invoker.java:24)
	at io.cucumber.java.AbstractGlueDefinition.invokeMethod(AbstractGlueDefinition.java:47)
	at io.cucumber.java.JavaStepDefinition.execute(JavaStepDefinition.java:29)
	at io.cucumber.core.runner.CoreStepDefinition.execute(CoreStepDefinition.java:66)
	at io.cucumber.core.runner.PickleStepDefinitionMatch.runStep(PickleStepDefinitionMatch.java:63)
	at io.cucumber.core.runner.ExecutionMode$1.execute(ExecutionMode.java:10)
	at io.cucumber.core.runner.TestStep.executeStep(TestStep.java:86)
	at io.cucumber.core.runner.TestStep.run(TestStep.java:57)
	at io.cucumber.core.runner.PickleStepTestStep.run(PickleStepTestStep.java:51)
	at io.cucumber.core.runner.TestCase.run(TestCase.java:95)
	at io.cucumber.core.runner.Runner.runPickle(Runner.java:75)
	at io.cucumber.junit.PickleRunners$NoStepDescriptions.lambda$run$0(PickleRunners.java:151)
	at io.cucumber.core.runtime.CucumberExecutionContext.lambda$runTestCase$3(CucumberExecutionContext.java:151)
	at io.cucumber.core.runtime.RethrowingThrowableCollector.executeAndThrow(RethrowingThrowableCollector.java:23)
	at io.cucumber.core.runtime.CucumberExecutionContext.runTestCase(CucumberExecutionContext.java:151)
	at io.cucumber.junit.PickleRunners$NoStepDescriptions.run(PickleRunners.java:148)
	at io.cucumber.junit.FeatureRunner.runChild(FeatureRunner.java:144)
	at io.cucumber.junit.FeatureRunner.runChild(FeatureRunner.java:28)
	at org.junit.runners.ParentRunner$4.run(ParentRunner.java:331)
	at org.junit.runners.ParentRunner$1.schedule(ParentRunner.java:79)
	at org.junit.runners.ParentRunner.runChildren(ParentRunner.java:329)
	at org.junit.runners.ParentRunner.access$100(ParentRunner.java:66)
	at org.junit.runners.ParentRunner$2.evaluate(ParentRunner.java:293)
	at org.junit.runners.ParentRunner$3.evaluate(ParentRunner.java:306)
	at org.junit.runners.ParentRunner.run(ParentRunner.java:413)
	at io.cucumber.junit.FeatureRunner.run(FeatureRunner.java:137)
	at io.cucumber.junit.CucumberSerenityRunner.runChild(CucumberSerenityRunner.java:258)
	at io.cucumber.junit.CucumberSerenityRunner.runChild(CucumberSerenityRunner.java:58)
	at org.junit.runners.ParentRunner$4.run(ParentRunner.java:331)
	at org.junit.runners.ParentRunner$1.schedule(ParentRunner.java:79)
	at org.junit.runners.ParentRunner.runChildren(ParentRunner.java:329)
	at org.junit.runners.ParentRunner.access$100(ParentRunner.java:66)
	at org.junit.runners.ParentRunner$2.evaluate(ParentRunner.java:293)
	at io.cucumber.junit.CucumberSerenityRunner$RunCucumber.evaluate(CucumberSerenityRunner.java:287)
	at org.junit.runners.ParentRunner$3.evaluate(ParentRunner.java:306)
	at org.junit.runners.ParentRunner.run(ParentRunner.java:413)
	at org.junit.runner.JUnitCore.run(JUnitCore.java:137)
	at org.junit.runner.JUnitCore.run(JUnitCore.java:115)
	at org.junit.vintage.engine.execution.RunnerExecutor.execute(RunnerExecutor.java:42)
	at org.junit.vintage.engine.VintageTestEngine.executeAllChildren(VintageTestEngine.java:80)
	at org.junit.vintage.engine.VintageTestEngine.execute(VintageTestEngine.java:72)
	at org.junit.platform.launcher.core.EngineExecutionOrchestrator.execute(EngineExecutionOrchestrator.java:107)
	at org.junit.platform.launcher.core.EngineExecutionOrchestrator.execute(EngineExecutionOrchestrator.java:88)
	at org.junit.platform.launcher.core.EngineExecutionOrchestrator.lambda$execute$0(EngineExecutionOrchestrator.java:54)
	at org.junit.platform.launcher.core.EngineExecutionOrchestrator.withInterceptedStreams(EngineExecutionOrchestrator.java:67)
	at org.junit.platform.launcher.core.EngineExecutionOrchestrator.execute(EngineExecutionOrchestrator.java:52)
	at org.junit.platform.launcher.core.DefaultLauncher.execute(DefaultLauncher.java:114)
	at org.junit.platform.launcher.core.DefaultLauncher.execute(DefaultLauncher.java:86)
	at org.junit.platform.launcher.core.DefaultLauncherSession$DelegatingLauncher.execute(DefaultLauncherSession.java:86)
	at org.junit.platform.launcher.core.SessionPerRequestLauncher.execute(SessionPerRequestLauncher.java:53)
	at org.apache.maven.surefire.junitplatform.JUnitPlatformProvider.execute(JUnitPlatformProvider.java:188)
	at org.apache.maven.surefire.junitplatform.JUnitPlatformProvider.invokeAllTests(JUnitPlatformProvider.java:154)
	at org.apache.maven.surefire.junitplatform.JUnitPlatformProvider.invoke(JUnitPlatformProvider.java:128)
	at org.apache.maven.surefire.booter.ForkedBooter.runSuitesInProcess(ForkedBooter.java:428)
	at org.apache.maven.surefire.booter.ForkedBooter.execute(ForkedBooter.java:162)
	at org.apache.maven.surefire.booter.ForkedBooter.run(ForkedBooter.java:562)
	at org.apache.maven.surefire.booter.ForkedBooter.main(ForkedBooter.java:548)
Caused by: org.openqa.selenium.NoSuchElementException: no such element: Unable to locate element: {"method":"xpath","selector":"//*[@id="list-item-2317"]/div[1]"}
  (Session info: chrome=101.0.4951.54)
For documentation on this error, please visit: https://selenium.dev/exceptions/#no_such_element
Build info: version: '4.1.2', revision: '9a5a329c5a'
System info: host: 'LAPTOP-9MG0RTAB', ip: '192.168.130.2', os.name: 'Windows 10', os.arch: 'amd64', os.version: '10.0', java.version: '11.0.14'
Driver info: org.openqa.selenium.chrome.ChromeDriver
Command: [fc564d5653b3a8f5196f5a82905edbf1, findElement {using=xpath, value=//*[@id="list-item-2317"]/div[1]}]
Capabilities {acceptInsecureCerts: false, browserName: chrome, browserVersion: 101.0.4951.54, chrome: {chromedriverVersion: 101.0.4951.41 (93c720db8323..., userDataDir: C:\Users\SITINU~1\AppData\L...}, goog:chromeOptions: {debuggerAddress: localhost:51247}, javascriptEnabled: true, networkConnectionEnabled: false, pageLoadStrategy: normal, platform: WINDOWS, platformName: WINDOWS, proxy: Proxy(), se:cdp: ws://localhost:51247/devtoo..., se:cdpVersion: 101.0.4951.54, setWindowRect: true, strictFileInteractability: false, timeouts: {implicit: 0, pageLoad: 300000, script: 30000}, unhandledPromptBehavior: dismiss and notify, webauthn:extension:credBlob: true, webauthn:extension:largeBlob: true, webauthn:virtualAuthenticators: true}
Session ID: fc564d5653b3a8f5196f5a82905edbf1
	at java.base/jdk.internal.reflect.NativeConstructorAccessorImpl.newInstance0(Native Method)
	at java.base/jdk.internal.reflect.NativeConstructorAccessorImpl.newInstance(NativeConstructorAccessorImpl.java:62)
	at java.base/jdk.internal.reflect.DelegatingConstructorAccessorImpl.newInstance(DelegatingConstructorAccessorImpl.java:45)
	at java.base/java.lang.reflect.Constructor.newInstance(Constructor.java:490)
	at org.openqa.selenium.remote.codec.w3c.W3CHttpResponseCodec.createException(W3CHttpResponseCodec.java:200)
	at org.openqa.selenium.remote.codec.w3c.W3CHttpResponseCodec.decode(W3CHttpResponseCodec.java:133)
	at org.openqa.selenium.remote.codec.w3c.W3CHttpResponseCodec.decode(W3CHttpResponseCodec.java:53)
	at org.openqa.selenium.remote.HttpCommandExecutor.execute(HttpCommandExecutor.java:184)
	at org.openqa.selenium.remote.service.DriverCommandExecutor.invokeExecute(DriverCommandExecutor.java:167)
	at org.openqa.selenium.remote.service.DriverCommandExecutor.execute(DriverCommandExecutor.java:142)
	at org.openqa.selenium.remote.RemoteWebDriver.execute(RemoteWebDriver.java:558)
	at org.openqa.selenium.remote.ElementLocation$ElementFinder$2.findElement(ElementLocation.java:162)
	at org.openqa.selenium.remote.ElementLocation.findElement(ElementLocation.java:60)
	at org.openqa.selenium.remote.RemoteWebDriver.findElement(RemoteWebDriver.java:382)
	at org.openqa.selenium.remote.RemoteWebDriver.findElement(RemoteWebDriver.java:374)
	at net.thucydides.core.webdriver.WebDriverFacade.findElement(WebDriverFacade.java:224)
	at net.serenitybdd.core.pages.WebElementResolverByLocator.resolveForDriver(WebElementResolverByLocator.java:25)
	at net.serenitybdd.core.pages.WebElementFacadeImpl.getResolvedElement(WebElementFacadeImpl.java:191)
	at net.serenitybdd.core.pages.WebElementFacadeImpl.getElement(WebElementFacadeImpl.java:186)
	at net.serenitybdd.core.pages.WebElementExpectations$3.apply(WebElementExpectations.java:63)
	at net.serenitybdd.core.pages.WebElementExpectations$3.apply(WebElementExpectations.java:55)
	at org.openqa.selenium.support.ui.FluentWait.until(FluentWait.java:208)
	... 81 more
&amp#27;[0m
  &amp#27;[36mThen &amp#27;[0m&amp#27;[36mI on LoginPage&amp#27;[0m                                &amp#27;[90m# stepdefinitions.LogoutStep.onLoginPage()&amp#27;[0m
00:40:40.568 [main] ERROR  - 
  _____   ___   ___   _____     ___     _     ___   _      ___   ___  
 |_   _| | __| / __| |_   _|   | __|   /_\   |_ _| | |    | __| |   \ 
   | |   | _|  \__ \   | |     | _|   / _ \   | |  | |__  | _|  | |) |
   |_|   |___| |___/   |_|     |_|   /_/ \_\ |___| |____| |___| |___/ 

As a user, i can logout of account
-----------------------------------------------------------------------
00:40:40.573 [main] DEBUG  - RELATED ISSUES: 
00:40:40.578 [main] ERROR  -     Test failed at step: Klik logout button
00:40:40.578 [main] ERROR  -     Expected enabled element was not enabled
00:40:40.583 [AsyncHttpClient-1-3] DEBUG org.asynchttpclient.netty.handler.WebSocketHandler - Channel Closed: [id: 0x16f62de5, L:/127.0.0.1:51253 ! R:localhost/127.0.0.1:51247] with attribute NettyResponseFuture{currentRetry=5,
	isDone=1,
	isCancelled=0,
	asyncHandler=org.asynchttpclient.ws.WebSocketUpgradeHandler@13bd83be,
	nettyRequest=org.asynchttpclient.netty.request.NettyRequest@1edc1a5e,
	future=java.util.concurrent.CompletableFuture@57722d18[Completed normally],
	uri=ws://localhost:51247/devtools/browser/75d07e5d-5471-4eba-85ea-2a5cab7f2f0d,
	keepAlive=true,
	redirectCount=0,
	timeoutsHolder=null,
	inAuth=0,
	touch=1652463629555}
00:40:40.583 [AsyncHttpClient-1-3] DEBUG org.asynchttpclient.netty.channel.ChannelManager - Closing Channel [id: 0x16f62de5, L:/127.0.0.1:51253 ! R:localhost/127.0.0.1:51247] 
00:40:40.589 [Driver Command Executor] DEBUG org.asynchttpclient.netty.request.NettyRequestSender - Using pooled Channel '[id: 0x0b5a5fdc, L:/127.0.0.1:51246 - R:localhost/127.0.0.1:62281]' for 'DELETE' to 'http://localhost:62281/session/fc564d5653b3a8f5196f5a82905edbf1'
00:40:40.589 [Driver Command Executor] DEBUG org.asynchttpclient.netty.request.NettyRequestSender - Using open Channel [id: 0x0b5a5fdc, L:/127.0.0.1:51246 - R:localhost/127.0.0.1:62281] for DELETE '/session/fc564d5653b3a8f5196f5a82905edbf1'
00:40:40.707 [AsyncHttpClient-1-2] DEBUG org.asynchttpclient.netty.handler.HttpHandler - Unexpected I/O exception on channel [id: 0xe84871d5, L:/127.0.0.1:51252 - R:localhost/127.0.0.1:51247]
java.io.IOException: An existing connection was forcibly closed by the remote host
	at java.base/sun.nio.ch.SocketDispatcher.read0(Native Method)
	at java.base/sun.nio.ch.SocketDispatcher.read(SocketDispatcher.java:43)
	at java.base/sun.nio.ch.IOUtil.readIntoNativeBuffer(IOUtil.java:276)
	at java.base/sun.nio.ch.IOUtil.read(IOUtil.java:233)
	at java.base/sun.nio.ch.IOUtil.read(IOUtil.java:223)
	at java.base/sun.nio.ch.SocketChannelImpl.read(SocketChannelImpl.java:358)
	at io.netty.buffer.PooledByteBuf.setBytes(PooledByteBuf.java:258)
	at io.netty.buffer.AbstractByteBuf.writeBytes(AbstractByteBuf.java:1132)
	at io.netty.channel.socket.nio.NioSocketChannel.doReadBytes(NioSocketChannel.java:350)
	at io.netty.channel.nio.AbstractNioByteChannel$NioByteUnsafe.read(AbstractNioByteChannel.java:151)
	at io.netty.channel.nio.NioEventLoop.processSelectedKey(NioEventLoop.java:722)
	at io.netty.channel.nio.NioEventLoop.processSelectedKeysOptimized(NioEventLoop.java:658)
	at io.netty.channel.nio.NioEventLoop.processSelectedKeys(NioEventLoop.java:584)
	at io.netty.channel.nio.NioEventLoop.run(NioEventLoop.java:496)
	at io.netty.util.concurrent.SingleThreadEventExecutor$4.run(SingleThreadEventExecutor.java:986)
	at io.netty.util.internal.ThreadExecutorMap$2.run(ThreadExecutorMap.java:74)
	at io.netty.util.concurrent.FastThreadLocalRunnable.run(FastThreadLocalRunnable.java:30)
	at java.base/java.lang.Thread.run(Thread.java:834)
00:40:40.707 [AsyncHttpClient-1-2] DEBUG org.asynchttpclient.netty.channel.ChannelManager - Closing Channel [id: 0xe84871d5, L:/127.0.0.1:51252 - R:localhost/127.0.0.1:51247] 
00:40:40.707 [AsyncHttpClient-1-2] DEBUG org.asynchttpclient.netty.handler.HttpHandler - Channel Closed: [id: 0xe84871d5, L:/127.0.0.1:51252 ! R:localhost/127.0.0.1:51247] with attribute DISCARD
00:40:40.735 [AsyncHttpClient-1-9] DEBUG org.asynchttpclient.netty.handler.HttpHandler - 

Request DefaultFullHttpRequest(decodeResult: success, version: HTTP/1.1, content: EmptyByteBufBE)
DELETE /session/fc564d5653b3a8f5196f5a82905edbf1 HTTP/1.1
User-Agent: selenium/4.1.2 (java windows)
Content-Type: application/json; charset=utf-8
host: localhost:62281
accept: */*

Response DefaultHttpResponse(decodeResult: success, version: HTTP/1.1)
HTTP/1.1 200 OK
Content-Type: application/json; charset=utf-8
cache-control: no-cache
content-length: 14

00:40:40.735 [AsyncHttpClient-1-9] DEBUG org.asynchttpclient.netty.channel.ChannelManager - Adding key: http://localhost:62281 for channel [id: 0x0b5a5fdc, L:/127.0.0.1:51246 - R:localhost/127.0.0.1:62281]
00:40:41.097 [AsyncHttpClient-1-1] DEBUG org.asynchttpclient.netty.channel.DefaultChannelPool - Entry count for : http://localhost:62281 : 1
00:40:41.097 [AsyncHttpClient-1-1] DEBUG org.asynchttpclient.netty.channel.DefaultChannelPool - Entry count for : http://localhost:51247 : 1
00:40:41.097 [AsyncHttpClient-1-1] DEBUG org.asynchttpclient.netty.channel.DefaultChannelPool - Adding Candidate expired Channel [id: 0xe84871d5, L:/127.0.0.1:51252 ! R:localhost/127.0.0.1:51247] isIdleTimeoutExpired=false isRemotelyClosed=true isTtlExpired=false
00:40:41.097 [AsyncHttpClient-1-1] DEBUG org.asynchttpclient.netty.channel.DefaultChannelPool - Closing Idle Channel [id: 0xe84871d5, L:/127.0.0.1:51252 ! R:localhost/127.0.0.1:51247]
00:40:41.097 [AsyncHttpClient-1-1] DEBUG org.asynchttpclient.netty.channel.DefaultChannelPool - Closed 1 connections out of 2 in 0 ms
00:40:41.753 [AsyncHttpClient-1-9] DEBUG org.asynchttpclient.netty.handler.HttpHandler - Unexpected I/O exception on channel [id: 0x0b5a5fdc, L:/127.0.0.1:51246 - R:localhost/127.0.0.1:62281]
java.io.IOException: An existing connection was forcibly closed by the remote host
	at java.base/sun.nio.ch.SocketDispatcher.read0(Native Method)
	at java.base/sun.nio.ch.SocketDispatcher.read(SocketDispatcher.java:43)
	at java.base/sun.nio.ch.IOUtil.readIntoNativeBuffer(IOUtil.java:276)
	at java.base/sun.nio.ch.IOUtil.read(IOUtil.java:233)
	at java.base/sun.nio.ch.IOUtil.read(IOUtil.java:223)
	at java.base/sun.nio.ch.SocketChannelImpl.read(SocketChannelImpl.java:358)
	at io.netty.buffer.PooledByteBuf.setBytes(PooledByteBuf.java:258)
	at io.netty.buffer.AbstractByteBuf.writeBytes(AbstractByteBuf.java:1132)
	at io.netty.channel.socket.nio.NioSocketChannel.doReadBytes(NioSocketChannel.java:350)
	at io.netty.channel.nio.AbstractNioByteChannel$NioByteUnsafe.read(AbstractNioByteChannel.java:151)
	at io.netty.channel.nio.NioEventLoop.processSelectedKey(NioEventLoop.java:722)
	at io.netty.channel.nio.NioEventLoop.processSelectedKeysOptimized(NioEventLoop.java:658)
	at io.netty.channel.nio.NioEventLoop.processSelectedKeys(NioEventLoop.java:584)
	at io.netty.channel.nio.NioEventLoop.run(NioEventLoop.java:496)
	at io.netty.util.concurrent.SingleThreadEventExecutor$4.run(SingleThreadEventExecutor.java:986)
	at io.netty.util.internal.ThreadExecutorMap$2.run(ThreadExecutorMap.java:74)
	at io.netty.util.concurrent.FastThreadLocalRunnable.run(FastThreadLocalRunnable.java:30)
	at java.base/java.lang.Thread.run(Thread.java:834)
00:40:41.753 [AsyncHttpClient-1-9] DEBUG org.asynchttpclient.netty.channel.ChannelManager - Closing Channel [id: 0x0b5a5fdc, L:/127.0.0.1:51246 - R:localhost/127.0.0.1:62281] 
00:40:41.754 [AsyncHttpClient-1-9] DEBUG org.asynchttpclient.netty.handler.HttpHandler - Channel Closed: [id: 0x0b5a5fdc, L:/127.0.0.1:51246 ! R:localhost/127.0.0.1:62281] with attribute DISCARD
]]></system-out>
    <system-err><![CDATA[Starting ChromeDriver 101.0.4951.41 (93c720db8323b3ec10d056025ab95c23a31997c9-refs/branch-heads/4951@{#904}) on port 62281
Only local connections are allowed.
Please see https://chromedriver.chromium.org/security-considerations for suggestions on keeping ChromeDriver safe.
ChromeDriver was started successfully.
May 14, 2022 12:40:29 AM org.openqa.selenium.remote.ProtocolHandshake createSession
INFO: Detected dialect: W3C
May 14, 2022 12:40:29 AM org.openqa.selenium.devtools.CdpVersionFinder findNearestMatch
WARNING: Unable to find an exact match for CDP version 101, so returning the closest version found: 97
May 14, 2022 12:40:29 AM org.openqa.selenium.devtools.CdpVersionFinder findNearestMatch
INFO: Found CDP implementation for version 101 of 97
]]></system-err>
  </testcase>
  <testcase name="As a user, i have able to order and pay product" classname="Order" time="15.616">
    <system-out><![CDATA[00:40:41.823 [main] INFO io.cucumber.core.plugin.SerenityReporter - Running feature from file:///D:/Mini%20Project-QE%20Alta/Web%20Automation/FrontEnd-AltaShop/src/test/resources/features/Order.feature
00:40:41.828 [main] DEBUG net.thucydides.core.steps.StepEventBus - Test suite started for story net.thucydides.core.model.Story@cc4b76a8
00:40:41.829 [main] INFO  - Test Suite Started: Order

Scenario: As a user, i have able to order and pay product &amp#27;[90m# src/test/resources/features/Order.feature:3&amp#27;[0m
00:40:41.844 [main] INFO io.cucumber.core.plugin.SerenityReporter - Running feature from file:///D:/Mini%20Project-QE%20Alta/Web%20Automation/FrontEnd-AltaShop/src/test/resources/features/Order.feature
00:40:41.850 [main] INFO  - 
  _____   ___   ___   _____     ___   _____     _     ___   _____   ___   ___  
 |_   _| | __| / __| |_   _|   / __| |_   _|   /_\   | _ \ |_   _| | __| |   \ 
   | |   | _|  \__ \   | |     \__ \   | |    / _ \  |   /   | |   | _|  | |) |
   |_|   |___| |___/   |_|     |___/   |_|   /_/ \_\ |_|_\   |_|   |___| |___/ 

As a user, i have able to order and pay product(order;as-a-user--i-have-able-to-order-and-pay-product)
--------------------------------------------------------------------------------
00:40:42.105 [main] DEBUG net.thucydides.core.steps.StepInterceptor - STARTING STEP: OrderStep.iAmAtOrderPage - onOrderPage
00:40:42.107 [main] INFO net.serenitybdd.core.webdriver.driverproviders.ChromeDriverProvider - Using automatically driver download
00:40:42.197 [AsyncHttpClient-1-1] DEBUG org.asynchttpclient.netty.channel.DefaultChannelPool - Entry count for : http://localhost:62281 : 1
00:40:42.197 [AsyncHttpClient-1-1] DEBUG org.asynchttpclient.netty.channel.DefaultChannelPool - Adding Candidate expired Channel [id: 0x0b5a5fdc, L:/127.0.0.1:51246 ! R:localhost/127.0.0.1:62281] isIdleTimeoutExpired=false isRemotelyClosed=true isTtlExpired=false
00:40:42.197 [AsyncHttpClient-1-1] DEBUG org.asynchttpclient.netty.channel.DefaultChannelPool - Closing Idle Channel [id: 0x0b5a5fdc, L:/127.0.0.1:51246 ! R:localhost/127.0.0.1:62281]
00:40:42.197 [AsyncHttpClient-1-1] DEBUG org.asynchttpclient.netty.channel.DefaultChannelPool - Closed 1 connections out of 1 in 0 ms
00:40:42.385 [main] DEBUG io.github.bonigarcia.wdm.cache.ResolutionCache - Resolution chrome=101 in cache (valid until 01:39:29 14/05/2022 ICT)
00:40:42.400 [main] DEBUG io.github.bonigarcia.wdm.cache.ResolutionCache - Resolution chrome101=101.0.4951.41 in cache (valid until 18:09:12 14/05/2022 ICT)
00:40:42.406 [main] INFO io.github.bonigarcia.wdm.WebDriverManager - Using chromedriver 101.0.4951.41 (resolved driver for Chrome 101)
00:40:42.448 [main] DEBUG io.github.bonigarcia.wdm.WebDriverManager - Driver chromedriver 101.0.4951.41 found in cache
00:40:42.451 [main] INFO io.github.bonigarcia.wdm.WebDriverManager - Exporting webdriver.chrome.driver as C:\Users\Siti Nurlatipah\.cache\selenium\chromedriver\win32\101.0.4951.41\chromedriver.exe
00:40:42.831 [main] DEBUG net.serenitybdd.core.webdriver.driverproviders.ProvideNewDriver - Instantiating driver
00:40:42.831 [main] DEBUG net.serenitybdd.core.webdriver.driverproviders.ProvideNewDriver - Driver capabilities: Capabilities {acceptInsecureCerts: false, base.url: https://qa.alta.id, browserName: chrome, chrome.driver: src/test/resources/webdrive..., driver: chrome, goog:chromeOptions: {args: [], extensions: []}}
00:40:43.391 [AsyncHttpClient-1-4] DEBUG org.asynchttpclient.netty.channel.NettyConnectListener - Using new Channel '[id: 0xd02a6eba, L:/127.0.0.1:51282 - R:localhost/127.0.0.1:55389]' for 'POST' to '/session'
00:40:44.469 [AsyncHttpClient-1-4] DEBUG org.asynchttpclient.netty.handler.HttpHandler - 

Request DefaultHttpRequest(decodeResult: success, version: HTTP/1.1)
POST /session HTTP/1.1
User-Agent: selenium/4.1.2 (java windows)
Content-Length: 595
Content-Type: application/json; charset=utf-8
host: localhost:55389
accept: */*

Response DefaultHttpResponse(decodeResult: success, version: HTTP/1.1)
HTTP/1.1 200 OK
Content-Type: application/json; charset=utf-8
cache-control: no-cache
content-length: 793

00:40:44.469 [AsyncHttpClient-1-4] DEBUG org.asynchttpclient.netty.channel.ChannelManager - Adding key: http://localhost:55389 for channel [id: 0xd02a6eba, L:/127.0.0.1:51282 - R:localhost/127.0.0.1:55389]
00:40:44.479 [AsyncHttpClient-1-5] DEBUG org.asynchttpclient.netty.channel.NettyConnectListener - Using new Channel '[id: 0x43034da4, L:/127.0.0.1:51289 - R:localhost/127.0.0.1:51283]' for 'GET' to '/json/version'
00:40:44.482 [AsyncHttpClient-1-5] DEBUG org.asynchttpclient.netty.handler.HttpHandler - 

Request DefaultFullHttpRequest(decodeResult: success, version: HTTP/1.1, content: EmptyByteBufBE)
GET /json/version HTTP/1.1
User-Agent: selenium/4.1.2 (java windows)
host: localhost:51283
accept: */*

Response DefaultHttpResponse(decodeResult: success, version: HTTP/1.1)
HTTP/1.1 200 OK
Content-Type: application/json; charset=UTF-8
content-length: 427

00:40:44.482 [AsyncHttpClient-1-5] DEBUG org.asynchttpclient.netty.channel.ChannelManager - Adding key: http://localhost:51283 for channel [id: 0x43034da4, L:/127.0.0.1:51289 - R:localhost/127.0.0.1:51283]
00:40:44.485 [AsyncHttpClient-1-6] DEBUG org.asynchttpclient.netty.channel.NettyConnectListener - Using new Channel '[id: 0xc942402f, L:/127.0.0.1:51290 - R:localhost/127.0.0.1:51283]' for 'GET' to '/devtools/browser/d01dc983-c3d3-458b-aa71-ecc8b7795824'
00:40:44.486 [AsyncHttpClient-1-6] DEBUG org.asynchttpclient.netty.handler.WebSocketHandler - 

Request DefaultFullHttpRequest(decodeResult: success, version: HTTP/1.1, content: EmptyByteBufBE)
GET /devtools/browser/d01dc983-c3d3-458b-aa71-ecc8b7795824 HTTP/1.1
upgrade: websocket
connection: upgrade
sec-websocket-key: PuAjTnqWmwqkgnXm83YrhQ==
sec-websocket-version: 13
origin: http://localhost:51283
host: localhost:51283
accept: */*
user-agent: AHC/2.1

Response DefaultHttpResponse(decodeResult: success, version: HTTP/1.1)
HTTP/1.1 101 WebSocket Protocol Handshake
Upgrade: WebSocket
Connection: Upgrade
Sec-WebSocket-Accept: 852UI0fHddKWLqi2HQqc9mJbPVE=

00:40:44.499 [Forwarding get on session 2c59d17c9552528190a4d9e707c6a459 to remote] DEBUG org.asynchttpclient.netty.request.NettyRequestSender - Using pooled Channel '[id: 0xd02a6eba, L:/127.0.0.1:51282 - R:localhost/127.0.0.1:55389]' for 'POST' to 'http://localhost:55389/session/2c59d17c9552528190a4d9e707c6a459/url'
00:40:44.499 [Forwarding get on session 2c59d17c9552528190a4d9e707c6a459 to remote] DEBUG org.asynchttpclient.netty.request.NettyRequestSender - Using open Channel [id: 0xd02a6eba, L:/127.0.0.1:51282 - R:localhost/127.0.0.1:55389] for POST '/session/2c59d17c9552528190a4d9e707c6a459/url'
00:40:45.496 [AsyncHttpClient-1-1] DEBUG org.asynchttpclient.netty.channel.DefaultChannelPool - Entry count for : http://localhost:51283 : 1
00:40:46.597 [AsyncHttpClient-1-1] DEBUG org.asynchttpclient.netty.channel.DefaultChannelPool - Entry count for : http://localhost:51283 : 1
00:40:47.126 [AsyncHttpClient-1-4] DEBUG org.asynchttpclient.netty.handler.HttpHandler - 

Request DefaultHttpRequest(decodeResult: success, version: HTTP/1.1)
POST /session/2c59d17c9552528190a4d9e707c6a459/url HTTP/1.1
User-Agent: selenium/4.1.2 (java windows)
Content-Length: 54
Content-Type: application/json; charset=utf-8
host: localhost:55389
accept: */*

Response DefaultHttpResponse(decodeResult: success, version: HTTP/1.1)
HTTP/1.1 200 OK
Content-Type: application/json; charset=utf-8
cache-control: no-cache
content-length: 14

00:40:47.127 [AsyncHttpClient-1-4] DEBUG org.asynchttpclient.netty.channel.ChannelManager - Adding key: http://localhost:55389 for channel [id: 0xd02a6eba, L:/127.0.0.1:51282 - R:localhost/127.0.0.1:55389]
00:40:47.134 [Forwarding setTimeout on session 2c59d17c9552528190a4d9e707c6a459 to remote] DEBUG org.asynchttpclient.netty.request.NettyRequestSender - Using pooled Channel '[id: 0xd02a6eba, L:/127.0.0.1:51282 - R:localhost/127.0.0.1:55389]' for 'POST' to 'http://localhost:55389/session/2c59d17c9552528190a4d9e707c6a459/timeouts'
00:40:47.134 [Forwarding setTimeout on session 2c59d17c9552528190a4d9e707c6a459 to remote] DEBUG org.asynchttpclient.netty.request.NettyRequestSender - Using open Channel [id: 0xd02a6eba, L:/127.0.0.1:51282 - R:localhost/127.0.0.1:55389] for POST '/session/2c59d17c9552528190a4d9e707c6a459/timeouts'
00:40:47.138 [AsyncHttpClient-1-4] DEBUG org.asynchttpclient.netty.handler.HttpHandler - 

Request DefaultHttpRequest(decodeResult: success, version: HTTP/1.1)
POST /session/2c59d17c9552528190a4d9e707c6a459/timeouts HTTP/1.1
User-Agent: selenium/4.1.2 (java windows)
Content-Length: 22
Content-Type: application/json; charset=utf-8
host: localhost:55389
accept: */*

Response DefaultHttpResponse(decodeResult: success, version: HTTP/1.1)
HTTP/1.1 200 OK
Content-Type: application/json; charset=utf-8
cache-control: no-cache
content-length: 14

00:40:47.138 [AsyncHttpClient-1-4] DEBUG org.asynchttpclient.netty.channel.ChannelManager - Adding key: http://localhost:55389 for channel [id: 0xd02a6eba, L:/127.0.0.1:51282 - R:localhost/127.0.0.1:55389]
00:40:47.143 [Forwarding getCurrentUrl on session 2c59d17c9552528190a4d9e707c6a459 to remote] DEBUG org.asynchttpclient.netty.request.NettyRequestSender - Using pooled Channel '[id: 0xd02a6eba, L:/127.0.0.1:51282 - R:localhost/127.0.0.1:55389]' for 'GET' to 'http://localhost:55389/session/2c59d17c9552528190a4d9e707c6a459/url'
00:40:47.143 [Forwarding getCurrentUrl on session 2c59d17c9552528190a4d9e707c6a459 to remote] DEBUG org.asynchttpclient.netty.request.NettyRequestSender - Using open Channel [id: 0xd02a6eba, L:/127.0.0.1:51282 - R:localhost/127.0.0.1:55389] for GET '/session/2c59d17c9552528190a4d9e707c6a459/url'
00:40:47.153 [AsyncHttpClient-1-4] DEBUG org.asynchttpclient.netty.handler.HttpHandler - 

Request DefaultFullHttpRequest(decodeResult: success, version: HTTP/1.1, content: EmptyByteBufBE)
GET /session/2c59d17c9552528190a4d9e707c6a459/url HTTP/1.1
User-Agent: selenium/4.1.2 (java windows)
Cache-Control: no-cache
Content-Type: application/json; charset=utf-8
host: localhost:55389
accept: */*

Response DefaultHttpResponse(decodeResult: success, version: HTTP/1.1)
HTTP/1.1 200 OK
Content-Type: application/json; charset=utf-8
cache-control: no-cache
content-length: 36

00:40:47.153 [AsyncHttpClient-1-4] DEBUG org.asynchttpclient.netty.channel.ChannelManager - Adding key: http://localhost:55389 for channel [id: 0xd02a6eba, L:/127.0.0.1:51282 - R:localhost/127.0.0.1:55389]
00:40:47.161 [main] DEBUG net.serenitybdd.core.photography.Darkroom - Opening darkroom
00:40:47.162 [Darkroom Processing Line] DEBUG net.serenitybdd.core.photography.DarkroomProcessingLine - Darkroom processing line starting up
00:40:47.164 [Forwarding screenshot on session 2c59d17c9552528190a4d9e707c6a459 to remote] DEBUG org.asynchttpclient.netty.request.NettyRequestSender - Using pooled Channel '[id: 0xd02a6eba, L:/127.0.0.1:51282 - R:localhost/127.0.0.1:55389]' for 'GET' to 'http://localhost:55389/session/2c59d17c9552528190a4d9e707c6a459/screenshot'
00:40:47.164 [Forwarding screenshot on session 2c59d17c9552528190a4d9e707c6a459 to remote] DEBUG org.asynchttpclient.netty.request.NettyRequestSender - Using open Channel [id: 0xd02a6eba, L:/127.0.0.1:51282 - R:localhost/127.0.0.1:55389] for GET '/session/2c59d17c9552528190a4d9e707c6a459/screenshot'
00:40:47.369 [AsyncHttpClient-1-4] DEBUG org.asynchttpclient.netty.handler.HttpHandler - 

Request DefaultFullHttpRequest(decodeResult: success, version: HTTP/1.1, content: EmptyByteBufBE)
GET /session/2c59d17c9552528190a4d9e707c6a459/screenshot HTTP/1.1
User-Agent: selenium/4.1.2 (java windows)
Cache-Control: no-cache
Content-Type: application/json; charset=utf-8
host: localhost:55389
accept: */*

Response DefaultHttpResponse(decodeResult: success, version: HTTP/1.1)
HTTP/1.1 200 OK
Content-Type: application/json; charset=utf-8
cache-control: no-cache
content-length: 25748

00:40:47.371 [AsyncHttpClient-1-4] DEBUG org.asynchttpclient.netty.channel.ChannelManager - Adding key: http://localhost:55389 for channel [id: 0xd02a6eba, L:/127.0.0.1:51282 - R:localhost/127.0.0.1:55389]
00:40:47.373 [main] DEBUG net.serenitybdd.core.photography.Darkroom - Send negative for processing for target\site\serenity\a5ed35558b9c8876cb917d3517cdaac46cf9e88aae94b994d1332402afe9e096.png
00:40:47.373 [main] DEBUG net.thucydides.core.steps.StepInterceptor - STEP DONE: onOrderPage
  &amp#27;[32mGiven &amp#27;[0m&amp#27;[32m&amp#27;[0m&amp#27;[32m&amp#27;[1mI&amp#27;[0m&amp#27;[32m am at order page&amp#27;[0m                                &amp#27;[90m# stepdefinitions.OrderStep.iAmAtOrderPage(java.lang.String)&amp#27;[0m
00:40:47.373 [Darkroom Processing Line] DEBUG net.serenitybdd.core.photography.DarkroomProcessingLine - Processing screenshot image in /var/screenshots/screenshot-15087997184369414117
00:40:47.373 [Darkroom Processing Line] DEBUG net.serenitybdd.core.photography.DarkroomProcessingLine - Saving screenshot to target\site\serenity\a5ed35558b9c8876cb917d3517cdaac46cf9e88aae94b994d1332402afe9e096.png
00:40:47.398 [main] DEBUG net.thucydides.core.steps.StepInterceptor - STARTING STEP: OrderStep.iClickBayarButton - toLoginPage
00:40:47.404 [Forwarding findElement on session 2c59d17c9552528190a4d9e707c6a459 to remote] DEBUG org.asynchttpclient.netty.request.NettyRequestSender - Using pooled Channel '[id: 0xd02a6eba, L:/127.0.0.1:51282 - R:localhost/127.0.0.1:55389]' for 'POST' to 'http://localhost:55389/session/2c59d17c9552528190a4d9e707c6a459/element'
00:40:47.404 [Forwarding findElement on session 2c59d17c9552528190a4d9e707c6a459 to remote] DEBUG org.asynchttpclient.netty.request.NettyRequestSender - Using open Channel [id: 0xd02a6eba, L:/127.0.0.1:51282 - R:localhost/127.0.0.1:55389] for POST '/session/2c59d17c9552528190a4d9e707c6a459/element'
00:40:47.421 [AsyncHttpClient-1-4] DEBUG org.asynchttpclient.netty.handler.HttpHandler - 

Request DefaultHttpRequest(decodeResult: success, version: HTTP/1.1)
POST /session/2c59d17c9552528190a4d9e707c6a459/element HTTP/1.1
User-Agent: selenium/4.1.2 (java windows)
Content-Length: 125
Content-Type: application/json; charset=utf-8
host: localhost:55389
accept: */*

Response DefaultHttpResponse(decodeResult: success, version: HTTP/1.1)
HTTP/1.1 200 OK
Content-Type: application/json; charset=utf-8
cache-control: no-cache
content-length: 88

00:40:47.421 [AsyncHttpClient-1-4] DEBUG org.asynchttpclient.netty.channel.ChannelManager - Adding key: http://localhost:55389 for channel [id: 0xd02a6eba, L:/127.0.0.1:51282 - R:localhost/127.0.0.1:55389]
00:40:47.423 [Forwarding getElementTagName on session 2c59d17c9552528190a4d9e707c6a459 to remote] DEBUG org.asynchttpclient.netty.request.NettyRequestSender - Using pooled Channel '[id: 0xd02a6eba, L:/127.0.0.1:51282 - R:localhost/127.0.0.1:55389]' for 'GET' to 'http://localhost:55389/session/2c59d17c9552528190a4d9e707c6a459/element/9bd2e6e6-c982-40d9-899e-974195287266/name'
00:40:47.423 [Forwarding getElementTagName on session 2c59d17c9552528190a4d9e707c6a459 to remote] DEBUG org.asynchttpclient.netty.request.NettyRequestSender - Using open Channel [id: 0xd02a6eba, L:/127.0.0.1:51282 - R:localhost/127.0.0.1:55389] for GET '/session/2c59d17c9552528190a4d9e707c6a459/element/9bd2e6e6-c982-40d9-899e-974195287266/name'
00:40:47.428 [AsyncHttpClient-1-4] DEBUG org.asynchttpclient.netty.handler.HttpHandler - 

Request DefaultFullHttpRequest(decodeResult: success, version: HTTP/1.1, content: EmptyByteBufBE)
GET /session/2c59d17c9552528190a4d9e707c6a459/element/9bd2e6e6-c982-40d9-899e-974195287266/name HTTP/1.1
User-Agent: selenium/4.1.2 (java windows)
Cache-Control: no-cache
Content-Type: application/json; charset=utf-8
host: localhost:55389
accept: */*

Response DefaultHttpResponse(decodeResult: success, version: HTTP/1.1)
HTTP/1.1 200 OK
Content-Type: application/json; charset=utf-8
cache-control: no-cache
content-length: 13

00:40:47.428 [AsyncHttpClient-1-4] DEBUG org.asynchttpclient.netty.channel.ChannelManager - Adding key: http://localhost:55389 for channel [id: 0xd02a6eba, L:/127.0.0.1:51282 - R:localhost/127.0.0.1:55389]
00:40:47.430 [Forwarding getElementTagName on session 2c59d17c9552528190a4d9e707c6a459 to remote] DEBUG org.asynchttpclient.netty.request.NettyRequestSender - Using pooled Channel '[id: 0xd02a6eba, L:/127.0.0.1:51282 - R:localhost/127.0.0.1:55389]' for 'GET' to 'http://localhost:55389/session/2c59d17c9552528190a4d9e707c6a459/element/9bd2e6e6-c982-40d9-899e-974195287266/name'
00:40:47.431 [Forwarding getElementTagName on session 2c59d17c9552528190a4d9e707c6a459 to remote] DEBUG org.asynchttpclient.netty.request.NettyRequestSender - Using open Channel [id: 0xd02a6eba, L:/127.0.0.1:51282 - R:localhost/127.0.0.1:55389] for GET '/session/2c59d17c9552528190a4d9e707c6a459/element/9bd2e6e6-c982-40d9-899e-974195287266/name'
00:40:47.435 [AsyncHttpClient-1-4] DEBUG org.asynchttpclient.netty.handler.HttpHandler - 

Request DefaultFullHttpRequest(decodeResult: success, version: HTTP/1.1, content: EmptyByteBufBE)
GET /session/2c59d17c9552528190a4d9e707c6a459/element/9bd2e6e6-c982-40d9-899e-974195287266/name HTTP/1.1
User-Agent: selenium/4.1.2 (java windows)
Cache-Control: no-cache
Content-Type: application/json; charset=utf-8
host: localhost:55389
accept: */*

Response DefaultHttpResponse(decodeResult: success, version: HTTP/1.1)
HTTP/1.1 200 OK
Content-Type: application/json; charset=utf-8
cache-control: no-cache
content-length: 13

00:40:47.435 [AsyncHttpClient-1-4] DEBUG org.asynchttpclient.netty.channel.ChannelManager - Adding key: http://localhost:55389 for channel [id: 0xd02a6eba, L:/127.0.0.1:51282 - R:localhost/127.0.0.1:55389]
00:40:47.437 [Forwarding findElement on session 2c59d17c9552528190a4d9e707c6a459 to remote] DEBUG org.asynchttpclient.netty.request.NettyRequestSender - Using pooled Channel '[id: 0xd02a6eba, L:/127.0.0.1:51282 - R:localhost/127.0.0.1:55389]' for 'POST' to 'http://localhost:55389/session/2c59d17c9552528190a4d9e707c6a459/element'
00:40:47.437 [Forwarding findElement on session 2c59d17c9552528190a4d9e707c6a459 to remote] DEBUG org.asynchttpclient.netty.request.NettyRequestSender - Using open Channel [id: 0xd02a6eba, L:/127.0.0.1:51282 - R:localhost/127.0.0.1:55389] for POST '/session/2c59d17c9552528190a4d9e707c6a459/element'
00:40:47.446 [AsyncHttpClient-1-4] DEBUG org.asynchttpclient.netty.handler.HttpHandler - 

Request DefaultHttpRequest(decodeResult: success, version: HTTP/1.1)
POST /session/2c59d17c9552528190a4d9e707c6a459/element HTTP/1.1
User-Agent: selenium/4.1.2 (java windows)
Content-Length: 125
Content-Type: application/json; charset=utf-8
host: localhost:55389
accept: */*

Response DefaultHttpResponse(decodeResult: success, version: HTTP/1.1)
HTTP/1.1 200 OK
Content-Type: application/json; charset=utf-8
cache-control: no-cache
content-length: 88

00:40:47.446 [AsyncHttpClient-1-4] DEBUG org.asynchttpclient.netty.channel.ChannelManager - Adding key: http://localhost:55389 for channel [id: 0xd02a6eba, L:/127.0.0.1:51282 - R:localhost/127.0.0.1:55389]
00:40:47.447 [Forwarding clickElement on session 2c59d17c9552528190a4d9e707c6a459 to remote] DEBUG org.asynchttpclient.netty.request.NettyRequestSender - Using pooled Channel '[id: 0xd02a6eba, L:/127.0.0.1:51282 - R:localhost/127.0.0.1:55389]' for 'POST' to 'http://localhost:55389/session/2c59d17c9552528190a4d9e707c6a459/element/9bd2e6e6-c982-40d9-899e-974195287266/click'
00:40:47.447 [Forwarding clickElement on session 2c59d17c9552528190a4d9e707c6a459 to remote] DEBUG org.asynchttpclient.netty.request.NettyRequestSender - Using open Channel [id: 0xd02a6eba, L:/127.0.0.1:51282 - R:localhost/127.0.0.1:55389] for POST '/session/2c59d17c9552528190a4d9e707c6a459/element/9bd2e6e6-c982-40d9-899e-974195287266/click'
00:40:47.493 [AsyncHttpClient-1-4] DEBUG org.asynchttpclient.netty.handler.HttpHandler - 

Request DefaultHttpRequest(decodeResult: success, version: HTTP/1.1)
POST /session/2c59d17c9552528190a4d9e707c6a459/element/9bd2e6e6-c982-40d9-899e-974195287266/click HTTP/1.1
User-Agent: selenium/4.1.2 (java windows)
Content-Length: 50
Content-Type: application/json; charset=utf-8
host: localhost:55389
accept: */*

Response DefaultHttpResponse(decodeResult: success, version: HTTP/1.1)
HTTP/1.1 200 OK
Content-Type: application/json; charset=utf-8
cache-control: no-cache
content-length: 14

00:40:47.493 [AsyncHttpClient-1-4] DEBUG org.asynchttpclient.netty.channel.ChannelManager - Adding key: http://localhost:55389 for channel [id: 0xd02a6eba, L:/127.0.0.1:51282 - R:localhost/127.0.0.1:55389]
00:40:47.504 [Forwarding screenshot on session 2c59d17c9552528190a4d9e707c6a459 to remote] DEBUG org.asynchttpclient.netty.request.NettyRequestSender - Using pooled Channel '[id: 0xd02a6eba, L:/127.0.0.1:51282 - R:localhost/127.0.0.1:55389]' for 'GET' to 'http://localhost:55389/session/2c59d17c9552528190a4d9e707c6a459/screenshot'
00:40:47.504 [Forwarding screenshot on session 2c59d17c9552528190a4d9e707c6a459 to remote] DEBUG org.asynchttpclient.netty.request.NettyRequestSender - Using open Channel [id: 0xd02a6eba, L:/127.0.0.1:51282 - R:localhost/127.0.0.1:55389] for GET '/session/2c59d17c9552528190a4d9e707c6a459/screenshot'
00:40:47.696 [AsyncHttpClient-1-1] DEBUG org.asynchttpclient.netty.channel.DefaultChannelPool - Entry count for : http://localhost:51283 : 1
00:40:47.773 [AsyncHttpClient-1-4] DEBUG org.asynchttpclient.netty.handler.HttpHandler - 

Request DefaultFullHttpRequest(decodeResult: success, version: HTTP/1.1, content: EmptyByteBufBE)
GET /session/2c59d17c9552528190a4d9e707c6a459/screenshot HTTP/1.1
User-Agent: selenium/4.1.2 (java windows)
Cache-Control: no-cache
Content-Type: application/json; charset=utf-8
host: localhost:55389
accept: */*

Response DefaultHttpResponse(decodeResult: success, version: HTTP/1.1)
HTTP/1.1 200 OK
Content-Type: application/json; charset=utf-8
cache-control: no-cache
content-length: 40928

00:40:47.774 [AsyncHttpClient-1-4] DEBUG org.asynchttpclient.netty.channel.ChannelManager - Adding key: http://localhost:55389 for channel [id: 0xd02a6eba, L:/127.0.0.1:51282 - R:localhost/127.0.0.1:55389]
00:40:47.777 [main] DEBUG net.serenitybdd.core.photography.Darkroom - Send negative for processing for target\site\serenity\1986cfd4f395b4ffd4412aae8ecb1865e8010c41261a7c102f38b7b05886cc26.png
00:40:47.778 [main] DEBUG net.thucydides.core.steps.StepInterceptor - STEP DONE: toLoginPage
  &amp#27;[32mWhen &amp#27;[0m&amp#27;[32mI click login icon&amp#27;[0m                                 &amp#27;[90m# stepdefinitions.OrderStep.iClickBayarButton()&amp#27;[0m
00:40:47.778 [Darkroom Processing Line] DEBUG net.serenitybdd.core.photography.DarkroomProcessingLine - Processing screenshot image in /var/screenshots/screenshot-6161384294094484178
00:40:47.778 [Darkroom Processing Line] DEBUG net.serenitybdd.core.photography.DarkroomProcessingLine - Saving screenshot to target\site\serenity\1986cfd4f395b4ffd4412aae8ecb1865e8010c41261a7c102f38b7b05886cc26.png
00:40:47.801 [main] DEBUG net.thucydides.core.steps.StepInterceptor - STARTING STEP: OrderStep.inputEmail - typeMyEmail
00:40:47.803 [Forwarding findElement on session 2c59d17c9552528190a4d9e707c6a459 to remote] DEBUG org.asynchttpclient.netty.request.NettyRequestSender - Using pooled Channel '[id: 0xd02a6eba, L:/127.0.0.1:51282 - R:localhost/127.0.0.1:55389]' for 'POST' to 'http://localhost:55389/session/2c59d17c9552528190a4d9e707c6a459/element'
00:40:47.803 [Forwarding findElement on session 2c59d17c9552528190a4d9e707c6a459 to remote] DEBUG org.asynchttpclient.netty.request.NettyRequestSender - Using open Channel [id: 0xd02a6eba, L:/127.0.0.1:51282 - R:localhost/127.0.0.1:55389] for POST '/session/2c59d17c9552528190a4d9e707c6a459/element'
00:40:47.818 [AsyncHttpClient-1-4] DEBUG org.asynchttpclient.netty.handler.HttpHandler - 

Request DefaultHttpRequest(decodeResult: success, version: HTTP/1.1)
POST /session/2c59d17c9552528190a4d9e707c6a459/element HTTP/1.1
User-Agent: selenium/4.1.2 (java windows)
Content-Length: 84
Content-Type: application/json; charset=utf-8
host: localhost:55389
accept: */*

Response DefaultHttpResponse(decodeResult: success, version: HTTP/1.1)
HTTP/1.1 200 OK
Content-Type: application/json; charset=utf-8
cache-control: no-cache
content-length: 88

00:40:47.818 [AsyncHttpClient-1-4] DEBUG org.asynchttpclient.netty.channel.ChannelManager - Adding key: http://localhost:55389 for channel [id: 0xd02a6eba, L:/127.0.0.1:51282 - R:localhost/127.0.0.1:55389]
00:40:47.820 [Forwarding sendKeysToElement on session 2c59d17c9552528190a4d9e707c6a459 to remote] DEBUG org.asynchttpclient.netty.request.NettyRequestSender - Using pooled Channel '[id: 0xd02a6eba, L:/127.0.0.1:51282 - R:localhost/127.0.0.1:55389]' for 'POST' to 'http://localhost:55389/session/2c59d17c9552528190a4d9e707c6a459/element/60f64af6-0a63-44b7-88f5-8e7112a78697/value'
00:40:47.820 [Forwarding sendKeysToElement on session 2c59d17c9552528190a4d9e707c6a459 to remote] DEBUG org.asynchttpclient.netty.request.NettyRequestSender - Using open Channel [id: 0xd02a6eba, L:/127.0.0.1:51282 - R:localhost/127.0.0.1:55389] for POST '/session/2c59d17c9552528190a4d9e707c6a459/element/60f64af6-0a63-44b7-88f5-8e7112a78697/value'
00:40:48.043 [AsyncHttpClient-1-4] DEBUG org.asynchttpclient.netty.handler.HttpHandler - 

Request DefaultHttpRequest(decodeResult: success, version: HTTP/1.1)
POST /session/2c59d17c9552528190a4d9e707c6a459/element/60f64af6-0a63-44b7-88f5-8e7112a78697/value HTTP/1.1
User-Agent: selenium/4.1.2 (java windows)
Content-Length: 361
Content-Type: application/json; charset=utf-8
host: localhost:55389
accept: */*

Response DefaultHttpResponse(decodeResult: success, version: HTTP/1.1)
HTTP/1.1 200 OK
Content-Type: application/json; charset=utf-8
cache-control: no-cache
content-length: 14

00:40:48.044 [AsyncHttpClient-1-4] DEBUG org.asynchttpclient.netty.channel.ChannelManager - Adding key: http://localhost:55389 for channel [id: 0xd02a6eba, L:/127.0.0.1:51282 - R:localhost/127.0.0.1:55389]
00:40:48.051 [Forwarding screenshot on session 2c59d17c9552528190a4d9e707c6a459 to remote] DEBUG org.asynchttpclient.netty.request.NettyRequestSender - Using pooled Channel '[id: 0xd02a6eba, L:/127.0.0.1:51282 - R:localhost/127.0.0.1:55389]' for 'GET' to 'http://localhost:55389/session/2c59d17c9552528190a4d9e707c6a459/screenshot'
00:40:48.051 [Forwarding screenshot on session 2c59d17c9552528190a4d9e707c6a459 to remote] DEBUG org.asynchttpclient.netty.request.NettyRequestSender - Using open Channel [id: 0xd02a6eba, L:/127.0.0.1:51282 - R:localhost/127.0.0.1:55389] for GET '/session/2c59d17c9552528190a4d9e707c6a459/screenshot'
00:40:48.331 [AsyncHttpClient-1-4] DEBUG org.asynchttpclient.netty.handler.HttpHandler - 

Request DefaultFullHttpRequest(decodeResult: success, version: HTTP/1.1, content: EmptyByteBufBE)
GET /session/2c59d17c9552528190a4d9e707c6a459/screenshot HTTP/1.1
User-Agent: selenium/4.1.2 (java windows)
Cache-Control: no-cache
Content-Type: application/json; charset=utf-8
host: localhost:55389
accept: */*

Response DefaultHttpResponse(decodeResult: success, version: HTTP/1.1)
HTTP/1.1 200 OK
Content-Type: application/json; charset=utf-8
cache-control: no-cache
content-length: 49496

00:40:48.332 [AsyncHttpClient-1-4] DEBUG org.asynchttpclient.netty.channel.ChannelManager - Adding key: http://localhost:55389 for channel [id: 0xd02a6eba, L:/127.0.0.1:51282 - R:localhost/127.0.0.1:55389]
00:40:48.337 [main] DEBUG net.serenitybdd.core.photography.Darkroom - Send negative for processing for target\site\serenity\07c7f0de8c3c54fe8a1963958a2243d0fb870137db1cfded1db65c936f59fa56.png
00:40:48.337 [main] DEBUG net.thucydides.core.steps.StepInterceptor - STEP DONE: typeMyEmail
  &amp#27;[32mAnd &amp#27;[0m&amp#27;[32mI input email &amp#27;[0m&amp#27;[32m&amp#27;[1mlandon.mcdermott@hotmail.com&amp#27;[0m          &amp#27;[90m# stepdefinitions.OrderStep.inputEmail(java.lang.String)&amp#27;[0m
00:40:48.338 [Darkroom Processing Line] DEBUG net.serenitybdd.core.photography.DarkroomProcessingLine - Processing screenshot image in /var/screenshots/screenshot-1443877569260513436
00:40:48.338 [Darkroom Processing Line] DEBUG net.serenitybdd.core.photography.DarkroomProcessingLine - Saving screenshot to target\site\serenity\07c7f0de8c3c54fe8a1963958a2243d0fb870137db1cfded1db65c936f59fa56.png
00:40:48.367 [main] DEBUG net.thucydides.core.steps.StepInterceptor - STARTING STEP: OrderStep.inputPassword - typeMyPassword
00:40:48.370 [Forwarding findElement on session 2c59d17c9552528190a4d9e707c6a459 to remote] DEBUG org.asynchttpclient.netty.request.NettyRequestSender - Using pooled Channel '[id: 0xd02a6eba, L:/127.0.0.1:51282 - R:localhost/127.0.0.1:55389]' for 'POST' to 'http://localhost:55389/session/2c59d17c9552528190a4d9e707c6a459/element'
00:40:48.370 [Forwarding findElement on session 2c59d17c9552528190a4d9e707c6a459 to remote] DEBUG org.asynchttpclient.netty.request.NettyRequestSender - Using open Channel [id: 0xd02a6eba, L:/127.0.0.1:51282 - R:localhost/127.0.0.1:55389] for POST '/session/2c59d17c9552528190a4d9e707c6a459/element'
00:40:48.393 [AsyncHttpClient-1-4] DEBUG org.asynchttpclient.netty.handler.HttpHandler - 

Request DefaultHttpRequest(decodeResult: success, version: HTTP/1.1)
POST /session/2c59d17c9552528190a4d9e707c6a459/element HTTP/1.1
User-Agent: selenium/4.1.2 (java windows)
Content-Length: 87
Content-Type: application/json; charset=utf-8
host: localhost:55389
accept: */*

Response DefaultHttpResponse(decodeResult: success, version: HTTP/1.1)
HTTP/1.1 200 OK
Content-Type: application/json; charset=utf-8
cache-control: no-cache
content-length: 88

00:40:48.393 [AsyncHttpClient-1-4] DEBUG org.asynchttpclient.netty.channel.ChannelManager - Adding key: http://localhost:55389 for channel [id: 0xd02a6eba, L:/127.0.0.1:51282 - R:localhost/127.0.0.1:55389]
00:40:48.398 [Forwarding sendKeysToElement on session 2c59d17c9552528190a4d9e707c6a459 to remote] DEBUG org.asynchttpclient.netty.request.NettyRequestSender - Using pooled Channel '[id: 0xd02a6eba, L:/127.0.0.1:51282 - R:localhost/127.0.0.1:55389]' for 'POST' to 'http://localhost:55389/session/2c59d17c9552528190a4d9e707c6a459/element/1aa9b207-0d6d-4577-aa06-422a963119fe/value'
00:40:48.398 [Forwarding sendKeysToElement on session 2c59d17c9552528190a4d9e707c6a459 to remote] DEBUG org.asynchttpclient.netty.request.NettyRequestSender - Using open Channel [id: 0xd02a6eba, L:/127.0.0.1:51282 - R:localhost/127.0.0.1:55389] for POST '/session/2c59d17c9552528190a4d9e707c6a459/element/1aa9b207-0d6d-4577-aa06-422a963119fe/value'
00:40:48.605 [AsyncHttpClient-1-4] DEBUG org.asynchttpclient.netty.handler.HttpHandler - 

Request DefaultHttpRequest(decodeResult: success, version: HTTP/1.1)
POST /session/2c59d17c9552528190a4d9e707c6a459/element/1aa9b207-0d6d-4577-aa06-422a963119fe/value HTTP/1.1
User-Agent: selenium/4.1.2 (java windows)
Content-Length: 131
Content-Type: application/json; charset=utf-8
host: localhost:55389
accept: */*

Response DefaultHttpResponse(decodeResult: success, version: HTTP/1.1)
HTTP/1.1 200 OK
Content-Type: application/json; charset=utf-8
cache-control: no-cache
content-length: 14

00:40:48.606 [AsyncHttpClient-1-4] DEBUG org.asynchttpclient.netty.channel.ChannelManager - Adding key: http://localhost:55389 for channel [id: 0xd02a6eba, L:/127.0.0.1:51282 - R:localhost/127.0.0.1:55389]
00:40:48.611 [Forwarding screenshot on session 2c59d17c9552528190a4d9e707c6a459 to remote] DEBUG org.asynchttpclient.netty.request.NettyRequestSender - Using pooled Channel '[id: 0xd02a6eba, L:/127.0.0.1:51282 - R:localhost/127.0.0.1:55389]' for 'GET' to 'http://localhost:55389/session/2c59d17c9552528190a4d9e707c6a459/screenshot'
00:40:48.611 [Forwarding screenshot on session 2c59d17c9552528190a4d9e707c6a459 to remote] DEBUG org.asynchttpclient.netty.request.NettyRequestSender - Using open Channel [id: 0xd02a6eba, L:/127.0.0.1:51282 - R:localhost/127.0.0.1:55389] for GET '/session/2c59d17c9552528190a4d9e707c6a459/screenshot'
00:40:48.773 [AsyncHttpClient-1-4] DEBUG org.asynchttpclient.netty.handler.HttpHandler - 

Request DefaultFullHttpRequest(decodeResult: success, version: HTTP/1.1, content: EmptyByteBufBE)
GET /session/2c59d17c9552528190a4d9e707c6a459/screenshot HTTP/1.1
User-Agent: selenium/4.1.2 (java windows)
Cache-Control: no-cache
Content-Type: application/json; charset=utf-8
host: localhost:55389
accept: */*

Response DefaultHttpResponse(decodeResult: success, version: HTTP/1.1)
HTTP/1.1 200 OK
Content-Type: application/json; charset=utf-8
cache-control: no-cache
content-length: 50840

00:40:48.773 [AsyncHttpClient-1-4] DEBUG org.asynchttpclient.netty.channel.ChannelManager - Adding key: http://localhost:55389 for channel [id: 0xd02a6eba, L:/127.0.0.1:51282 - R:localhost/127.0.0.1:55389]
00:40:48.775 [main] DEBUG net.serenitybdd.core.photography.Darkroom - Send negative for processing for target\site\serenity\4b11d0ee75042a4b39c3ef4ed60c738cd332d7d352a3ffabfa53b13c527264be.png
00:40:48.775 [main] DEBUG net.thucydides.core.steps.StepInterceptor - STEP DONE: typeMyPassword
00:40:48.775 [Darkroom Processing Line] DEBUG net.serenitybdd.core.photography.DarkroomProcessingLine - Processing screenshot image in /var/screenshots/screenshot-16914332692344503887
00:40:48.775 [Darkroom Processing Line] DEBUG net.serenitybdd.core.photography.DarkroomProcessingLine - Saving screenshot to target\site\serenity\4b11d0ee75042a4b39c3ef4ed60c738cd332d7d352a3ffabfa53b13c527264be.png
00:40:48.781 [main] DEBUG net.thucydides.core.steps.StepInterceptor - STARTING STEP: OrderStep.inputPassword - clickLoginButton
00:40:48.786 [Forwarding findElement on session 2c59d17c9552528190a4d9e707c6a459 to remote] DEBUG org.asynchttpclient.netty.request.NettyRequestSender - Using pooled Channel '[id: 0xd02a6eba, L:/127.0.0.1:51282 - R:localhost/127.0.0.1:55389]' for 'POST' to 'http://localhost:55389/session/2c59d17c9552528190a4d9e707c6a459/element'
00:40:48.786 [Forwarding findElement on session 2c59d17c9552528190a4d9e707c6a459 to remote] DEBUG org.asynchttpclient.netty.request.NettyRequestSender - Using open Channel [id: 0xd02a6eba, L:/127.0.0.1:51282 - R:localhost/127.0.0.1:55389] for POST '/session/2c59d17c9552528190a4d9e707c6a459/element'
00:40:48.795 [AsyncHttpClient-1-4] DEBUG org.asynchttpclient.netty.handler.HttpHandler - 

Request DefaultHttpRequest(decodeResult: success, version: HTTP/1.1)
POST /session/2c59d17c9552528190a4d9e707c6a459/element HTTP/1.1
User-Agent: selenium/4.1.2 (java windows)
Content-Length: 155
Content-Type: application/json; charset=utf-8
host: localhost:55389
accept: */*

Response DefaultHttpResponse(decodeResult: success, version: HTTP/1.1)
HTTP/1.1 200 OK
Content-Type: application/json; charset=utf-8
cache-control: no-cache
content-length: 88

00:40:48.796 [AsyncHttpClient-1-4] DEBUG org.asynchttpclient.netty.channel.ChannelManager - Adding key: http://localhost:55389 for channel [id: 0xd02a6eba, L:/127.0.0.1:51282 - R:localhost/127.0.0.1:55389]
00:40:48.796 [AsyncHttpClient-1-1] DEBUG org.asynchttpclient.netty.channel.DefaultChannelPool - Entry count for : http://localhost:51283 : 1
00:40:48.796 [AsyncHttpClient-1-1] DEBUG org.asynchttpclient.netty.channel.DefaultChannelPool - Entry count for : http://localhost:55389 : 1
00:40:48.798 [Forwarding getElementTagName on session 2c59d17c9552528190a4d9e707c6a459 to remote] DEBUG org.asynchttpclient.netty.request.NettyRequestSender - Using pooled Channel '[id: 0xd02a6eba, L:/127.0.0.1:51282 - R:localhost/127.0.0.1:55389]' for 'GET' to 'http://localhost:55389/session/2c59d17c9552528190a4d9e707c6a459/element/01da8993-e20d-4b34-ba99-18fc02df3357/name'
00:40:48.798 [Forwarding getElementTagName on session 2c59d17c9552528190a4d9e707c6a459 to remote] DEBUG org.asynchttpclient.netty.request.NettyRequestSender - Using open Channel [id: 0xd02a6eba, L:/127.0.0.1:51282 - R:localhost/127.0.0.1:55389] for GET '/session/2c59d17c9552528190a4d9e707c6a459/element/01da8993-e20d-4b34-ba99-18fc02df3357/name'
00:40:48.803 [AsyncHttpClient-1-4] DEBUG org.asynchttpclient.netty.handler.HttpHandler - 

Request DefaultFullHttpRequest(decodeResult: success, version: HTTP/1.1, content: EmptyByteBufBE)
GET /session/2c59d17c9552528190a4d9e707c6a459/element/01da8993-e20d-4b34-ba99-18fc02df3357/name HTTP/1.1
User-Agent: selenium/4.1.2 (java windows)
Cache-Control: no-cache
Content-Type: application/json; charset=utf-8
host: localhost:55389
accept: */*

Response DefaultHttpResponse(decodeResult: success, version: HTTP/1.1)
HTTP/1.1 200 OK
Content-Type: application/json; charset=utf-8
cache-control: no-cache
content-length: 18

00:40:48.804 [AsyncHttpClient-1-4] DEBUG org.asynchttpclient.netty.channel.ChannelManager - Adding key: http://localhost:55389 for channel [id: 0xd02a6eba, L:/127.0.0.1:51282 - R:localhost/127.0.0.1:55389]
00:40:48.805 [Forwarding getElementTagName on session 2c59d17c9552528190a4d9e707c6a459 to remote] DEBUG org.asynchttpclient.netty.request.NettyRequestSender - Using pooled Channel '[id: 0xd02a6eba, L:/127.0.0.1:51282 - R:localhost/127.0.0.1:55389]' for 'GET' to 'http://localhost:55389/session/2c59d17c9552528190a4d9e707c6a459/element/01da8993-e20d-4b34-ba99-18fc02df3357/name'
00:40:48.805 [Forwarding getElementTagName on session 2c59d17c9552528190a4d9e707c6a459 to remote] DEBUG org.asynchttpclient.netty.request.NettyRequestSender - Using open Channel [id: 0xd02a6eba, L:/127.0.0.1:51282 - R:localhost/127.0.0.1:55389] for GET '/session/2c59d17c9552528190a4d9e707c6a459/element/01da8993-e20d-4b34-ba99-18fc02df3357/name'
00:40:48.808 [AsyncHttpClient-1-4] DEBUG org.asynchttpclient.netty.handler.HttpHandler - 

Request DefaultFullHttpRequest(decodeResult: success, version: HTTP/1.1, content: EmptyByteBufBE)
GET /session/2c59d17c9552528190a4d9e707c6a459/element/01da8993-e20d-4b34-ba99-18fc02df3357/name HTTP/1.1
User-Agent: selenium/4.1.2 (java windows)
Cache-Control: no-cache
Content-Type: application/json; charset=utf-8
host: localhost:55389
accept: */*

Response DefaultHttpResponse(decodeResult: success, version: HTTP/1.1)
HTTP/1.1 200 OK
Content-Type: application/json; charset=utf-8
cache-control: no-cache
content-length: 18

00:40:48.808 [AsyncHttpClient-1-4] DEBUG org.asynchttpclient.netty.channel.ChannelManager - Adding key: http://localhost:55389 for channel [id: 0xd02a6eba, L:/127.0.0.1:51282 - R:localhost/127.0.0.1:55389]
00:40:48.809 [Forwarding isElementEnabled on session 2c59d17c9552528190a4d9e707c6a459 to remote] DEBUG org.asynchttpclient.netty.request.NettyRequestSender - Using pooled Channel '[id: 0xd02a6eba, L:/127.0.0.1:51282 - R:localhost/127.0.0.1:55389]' for 'GET' to 'http://localhost:55389/session/2c59d17c9552528190a4d9e707c6a459/element/01da8993-e20d-4b34-ba99-18fc02df3357/enabled'
00:40:48.810 [Forwarding isElementEnabled on session 2c59d17c9552528190a4d9e707c6a459 to remote] DEBUG org.asynchttpclient.netty.request.NettyRequestSender - Using open Channel [id: 0xd02a6eba, L:/127.0.0.1:51282 - R:localhost/127.0.0.1:55389] for GET '/session/2c59d17c9552528190a4d9e707c6a459/element/01da8993-e20d-4b34-ba99-18fc02df3357/enabled'
00:40:48.822 [AsyncHttpClient-1-4] DEBUG org.asynchttpclient.netty.handler.HttpHandler - 

Request DefaultFullHttpRequest(decodeResult: success, version: HTTP/1.1, content: EmptyByteBufBE)
GET /session/2c59d17c9552528190a4d9e707c6a459/element/01da8993-e20d-4b34-ba99-18fc02df3357/enabled HTTP/1.1
User-Agent: selenium/4.1.2 (java windows)
Cache-Control: no-cache
Content-Type: application/json; charset=utf-8
host: localhost:55389
accept: */*

Response DefaultHttpResponse(decodeResult: success, version: HTTP/1.1)
HTTP/1.1 200 OK
Content-Type: application/json; charset=utf-8
cache-control: no-cache
content-length: 14

00:40:48.822 [AsyncHttpClient-1-4] DEBUG org.asynchttpclient.netty.channel.ChannelManager - Adding key: http://localhost:55389 for channel [id: 0xd02a6eba, L:/127.0.0.1:51282 - R:localhost/127.0.0.1:55389]
00:40:48.823 [Forwarding isElementEnabled on session 2c59d17c9552528190a4d9e707c6a459 to remote] DEBUG org.asynchttpclient.netty.request.NettyRequestSender - Using pooled Channel '[id: 0xd02a6eba, L:/127.0.0.1:51282 - R:localhost/127.0.0.1:55389]' for 'GET' to 'http://localhost:55389/session/2c59d17c9552528190a4d9e707c6a459/element/01da8993-e20d-4b34-ba99-18fc02df3357/enabled'
00:40:48.823 [Forwarding isElementEnabled on session 2c59d17c9552528190a4d9e707c6a459 to remote] DEBUG org.asynchttpclient.netty.request.NettyRequestSender - Using open Channel [id: 0xd02a6eba, L:/127.0.0.1:51282 - R:localhost/127.0.0.1:55389] for GET '/session/2c59d17c9552528190a4d9e707c6a459/element/01da8993-e20d-4b34-ba99-18fc02df3357/enabled'
00:40:48.839 [AsyncHttpClient-1-4] DEBUG org.asynchttpclient.netty.handler.HttpHandler - 

Request DefaultFullHttpRequest(decodeResult: success, version: HTTP/1.1, content: EmptyByteBufBE)
GET /session/2c59d17c9552528190a4d9e707c6a459/element/01da8993-e20d-4b34-ba99-18fc02df3357/enabled HTTP/1.1
User-Agent: selenium/4.1.2 (java windows)
Cache-Control: no-cache
Content-Type: application/json; charset=utf-8
host: localhost:55389
accept: */*

Response DefaultHttpResponse(decodeResult: success, version: HTTP/1.1)
HTTP/1.1 200 OK
Content-Type: application/json; charset=utf-8
cache-control: no-cache
content-length: 14

00:40:48.839 [AsyncHttpClient-1-4] DEBUG org.asynchttpclient.netty.channel.ChannelManager - Adding key: http://localhost:55389 for channel [id: 0xd02a6eba, L:/127.0.0.1:51282 - R:localhost/127.0.0.1:55389]
00:40:48.842 [Forwarding findElement on session 2c59d17c9552528190a4d9e707c6a459 to remote] DEBUG org.asynchttpclient.netty.request.NettyRequestSender - Using pooled Channel '[id: 0xd02a6eba, L:/127.0.0.1:51282 - R:localhost/127.0.0.1:55389]' for 'POST' to 'http://localhost:55389/session/2c59d17c9552528190a4d9e707c6a459/element'
00:40:48.842 [Forwarding findElement on session 2c59d17c9552528190a4d9e707c6a459 to remote] DEBUG org.asynchttpclient.netty.request.NettyRequestSender - Using open Channel [id: 0xd02a6eba, L:/127.0.0.1:51282 - R:localhost/127.0.0.1:55389] for POST '/session/2c59d17c9552528190a4d9e707c6a459/element'
00:40:48.852 [AsyncHttpClient-1-4] DEBUG org.asynchttpclient.netty.handler.HttpHandler - 

Request DefaultHttpRequest(decodeResult: success, version: HTTP/1.1)
POST /session/2c59d17c9552528190a4d9e707c6a459/element HTTP/1.1
User-Agent: selenium/4.1.2 (java windows)
Content-Length: 155
Content-Type: application/json; charset=utf-8
host: localhost:55389
accept: */*

Response DefaultHttpResponse(decodeResult: success, version: HTTP/1.1)
HTTP/1.1 200 OK
Content-Type: application/json; charset=utf-8
cache-control: no-cache
content-length: 88

00:40:48.853 [AsyncHttpClient-1-4] DEBUG org.asynchttpclient.netty.channel.ChannelManager - Adding key: http://localhost:55389 for channel [id: 0xd02a6eba, L:/127.0.0.1:51282 - R:localhost/127.0.0.1:55389]
00:40:48.854 [Forwarding clickElement on session 2c59d17c9552528190a4d9e707c6a459 to remote] DEBUG org.asynchttpclient.netty.request.NettyRequestSender - Using pooled Channel '[id: 0xd02a6eba, L:/127.0.0.1:51282 - R:localhost/127.0.0.1:55389]' for 'POST' to 'http://localhost:55389/session/2c59d17c9552528190a4d9e707c6a459/element/01da8993-e20d-4b34-ba99-18fc02df3357/click'
00:40:48.854 [Forwarding clickElement on session 2c59d17c9552528190a4d9e707c6a459 to remote] DEBUG org.asynchttpclient.netty.request.NettyRequestSender - Using open Channel [id: 0xd02a6eba, L:/127.0.0.1:51282 - R:localhost/127.0.0.1:55389] for POST '/session/2c59d17c9552528190a4d9e707c6a459/element/01da8993-e20d-4b34-ba99-18fc02df3357/click'
00:40:48.901 [AsyncHttpClient-1-4] DEBUG org.asynchttpclient.netty.handler.HttpHandler - 

Request DefaultHttpRequest(decodeResult: success, version: HTTP/1.1)
POST /session/2c59d17c9552528190a4d9e707c6a459/element/01da8993-e20d-4b34-ba99-18fc02df3357/click HTTP/1.1
User-Agent: selenium/4.1.2 (java windows)
Content-Length: 50
Content-Type: application/json; charset=utf-8
host: localhost:55389
accept: */*

Response DefaultHttpResponse(decodeResult: success, version: HTTP/1.1)
HTTP/1.1 200 OK
Content-Type: application/json; charset=utf-8
cache-control: no-cache
content-length: 14

00:40:48.901 [AsyncHttpClient-1-4] DEBUG org.asynchttpclient.netty.channel.ChannelManager - Adding key: http://localhost:55389 for channel [id: 0xd02a6eba, L:/127.0.0.1:51282 - R:localhost/127.0.0.1:55389]
00:40:48.908 [Forwarding screenshot on session 2c59d17c9552528190a4d9e707c6a459 to remote] DEBUG org.asynchttpclient.netty.request.NettyRequestSender - Using pooled Channel '[id: 0xd02a6eba, L:/127.0.0.1:51282 - R:localhost/127.0.0.1:55389]' for 'GET' to 'http://localhost:55389/session/2c59d17c9552528190a4d9e707c6a459/screenshot'
00:40:48.908 [Forwarding screenshot on session 2c59d17c9552528190a4d9e707c6a459 to remote] DEBUG org.asynchttpclient.netty.request.NettyRequestSender - Using open Channel [id: 0xd02a6eba, L:/127.0.0.1:51282 - R:localhost/127.0.0.1:55389] for GET '/session/2c59d17c9552528190a4d9e707c6a459/screenshot'
00:40:49.173 [AsyncHttpClient-1-4] DEBUG org.asynchttpclient.netty.handler.HttpHandler - 

Request DefaultFullHttpRequest(decodeResult: success, version: HTTP/1.1, content: EmptyByteBufBE)
GET /session/2c59d17c9552528190a4d9e707c6a459/screenshot HTTP/1.1
User-Agent: selenium/4.1.2 (java windows)
Cache-Control: no-cache
Content-Type: application/json; charset=utf-8
host: localhost:55389
accept: */*

Response DefaultHttpResponse(decodeResult: success, version: HTTP/1.1)
HTTP/1.1 200 OK
Content-Type: application/json; charset=utf-8
cache-control: no-cache
content-length: 50464

00:40:49.173 [AsyncHttpClient-1-4] DEBUG org.asynchttpclient.netty.channel.ChannelManager - Adding key: http://localhost:55389 for channel [id: 0xd02a6eba, L:/127.0.0.1:51282 - R:localhost/127.0.0.1:55389]
00:40:49.175 [main] DEBUG net.serenitybdd.core.photography.Darkroom - Send negative for processing for target\site\serenity\ec943ce2f138ff3057a586e98a735a82e261e5fec3fa0d53f32b6c3b2e30e077.png
00:40:49.175 [main] DEBUG net.thucydides.core.steps.StepInterceptor - STEP DONE: clickLoginButton
  &amp#27;[32mAnd &amp#27;[0m&amp#27;[32mI input password &amp#27;[0m&amp#27;[32m&amp#27;[1maiueo&amp#27;[0m                              &amp#27;[90m# stepdefinitions.OrderStep.inputPassword(java.lang.String)&amp#27;[0m
00:40:49.175 [Darkroom Processing Line] DEBUG net.serenitybdd.core.photography.DarkroomProcessingLine - Processing screenshot image in /var/screenshots/screenshot-2760808400162067144
00:40:49.175 [Darkroom Processing Line] DEBUG net.serenitybdd.core.photography.DarkroomProcessingLine - Saving screenshot to target\site\serenity\ec943ce2f138ff3057a586e98a735a82e261e5fec3fa0d53f32b6c3b2e30e077.png
00:40:49.192 [main] DEBUG net.thucydides.core.steps.StepInterceptor - STARTING STEP: OrderStep.iBuyMousepad - buyMousePad
00:40:49.198 [Forwarding findElement on session 2c59d17c9552528190a4d9e707c6a459 to remote] DEBUG org.asynchttpclient.netty.request.NettyRequestSender - Using pooled Channel '[id: 0xd02a6eba, L:/127.0.0.1:51282 - R:localhost/127.0.0.1:55389]' for 'POST' to 'http://localhost:55389/session/2c59d17c9552528190a4d9e707c6a459/element'
00:40:49.198 [Forwarding findElement on session 2c59d17c9552528190a4d9e707c6a459 to remote] DEBUG org.asynchttpclient.netty.request.NettyRequestSender - Using open Channel [id: 0xd02a6eba, L:/127.0.0.1:51282 - R:localhost/127.0.0.1:55389] for POST '/session/2c59d17c9552528190a4d9e707c6a459/element'
00:40:49.910 [AsyncHttpClient-1-1] DEBUG org.asynchttpclient.netty.channel.DefaultChannelPool - Entry count for : http://localhost:51283 : 1
00:40:51.004 [AsyncHttpClient-1-1] DEBUG org.asynchttpclient.netty.channel.DefaultChannelPool - Entry count for : http://localhost:51283 : 1
00:40:52.105 [AsyncHttpClient-1-1] DEBUG org.asynchttpclient.netty.channel.DefaultChannelPool - Entry count for : http://localhost:51283 : 1
00:40:53.201 [AsyncHttpClient-1-1] DEBUG org.asynchttpclient.netty.channel.DefaultChannelPool - Entry count for : http://localhost:51283 : 1
00:40:53.877 [AsyncHttpClient-1-4] DEBUG org.asynchttpclient.netty.handler.HttpHandler - 

Request DefaultHttpRequest(decodeResult: success, version: HTTP/1.1)
POST /session/2c59d17c9552528190a4d9e707c6a459/element HTTP/1.1
User-Agent: selenium/4.1.2 (java windows)
Content-Length: 84
Content-Type: application/json; charset=utf-8
host: localhost:55389
accept: */*

Response DefaultHttpResponse(decodeResult: success, version: HTTP/1.1)
HTTP/1.1 200 OK
Content-Type: application/json; charset=utf-8
cache-control: no-cache
content-length: 88

00:40:53.877 [AsyncHttpClient-1-4] DEBUG org.asynchttpclient.netty.channel.ChannelManager - Adding key: http://localhost:55389 for channel [id: 0xd02a6eba, L:/127.0.0.1:51282 - R:localhost/127.0.0.1:55389]
00:40:53.882 [Forwarding getElementTagName on session 2c59d17c9552528190a4d9e707c6a459 to remote] DEBUG org.asynchttpclient.netty.request.NettyRequestSender - Using pooled Channel '[id: 0xd02a6eba, L:/127.0.0.1:51282 - R:localhost/127.0.0.1:55389]' for 'GET' to 'http://localhost:55389/session/2c59d17c9552528190a4d9e707c6a459/element/27441db3-9b7b-42a7-94bf-e5b37fcc1549/name'
00:40:53.883 [Forwarding getElementTagName on session 2c59d17c9552528190a4d9e707c6a459 to remote] DEBUG org.asynchttpclient.netty.request.NettyRequestSender - Using open Channel [id: 0xd02a6eba, L:/127.0.0.1:51282 - R:localhost/127.0.0.1:55389] for GET '/session/2c59d17c9552528190a4d9e707c6a459/element/27441db3-9b7b-42a7-94bf-e5b37fcc1549/name'
00:40:53.889 [AsyncHttpClient-1-4] DEBUG org.asynchttpclient.netty.handler.HttpHandler - 

Request DefaultFullHttpRequest(decodeResult: success, version: HTTP/1.1, content: EmptyByteBufBE)
GET /session/2c59d17c9552528190a4d9e707c6a459/element/27441db3-9b7b-42a7-94bf-e5b37fcc1549/name HTTP/1.1
User-Agent: selenium/4.1.2 (java windows)
Cache-Control: no-cache
Content-Type: application/json; charset=utf-8
host: localhost:55389
accept: */*

Response DefaultHttpResponse(decodeResult: success, version: HTTP/1.1)
HTTP/1.1 200 OK
Content-Type: application/json; charset=utf-8
cache-control: no-cache
content-length: 18

00:40:53.889 [AsyncHttpClient-1-4] DEBUG org.asynchttpclient.netty.channel.ChannelManager - Adding key: http://localhost:55389 for channel [id: 0xd02a6eba, L:/127.0.0.1:51282 - R:localhost/127.0.0.1:55389]
00:40:53.890 [Forwarding getElementTagName on session 2c59d17c9552528190a4d9e707c6a459 to remote] DEBUG org.asynchttpclient.netty.request.NettyRequestSender - Using pooled Channel '[id: 0xd02a6eba, L:/127.0.0.1:51282 - R:localhost/127.0.0.1:55389]' for 'GET' to 'http://localhost:55389/session/2c59d17c9552528190a4d9e707c6a459/element/27441db3-9b7b-42a7-94bf-e5b37fcc1549/name'
00:40:53.891 [Forwarding getElementTagName on session 2c59d17c9552528190a4d9e707c6a459 to remote] DEBUG org.asynchttpclient.netty.request.NettyRequestSender - Using open Channel [id: 0xd02a6eba, L:/127.0.0.1:51282 - R:localhost/127.0.0.1:55389] for GET '/session/2c59d17c9552528190a4d9e707c6a459/element/27441db3-9b7b-42a7-94bf-e5b37fcc1549/name'
00:40:53.895 [AsyncHttpClient-1-4] DEBUG org.asynchttpclient.netty.handler.HttpHandler - 

Request DefaultFullHttpRequest(decodeResult: success, version: HTTP/1.1, content: EmptyByteBufBE)
GET /session/2c59d17c9552528190a4d9e707c6a459/element/27441db3-9b7b-42a7-94bf-e5b37fcc1549/name HTTP/1.1
User-Agent: selenium/4.1.2 (java windows)
Cache-Control: no-cache
Content-Type: application/json; charset=utf-8
host: localhost:55389
accept: */*

Response DefaultHttpResponse(decodeResult: success, version: HTTP/1.1)
HTTP/1.1 200 OK
Content-Type: application/json; charset=utf-8
cache-control: no-cache
content-length: 18

00:40:53.896 [AsyncHttpClient-1-4] DEBUG org.asynchttpclient.netty.channel.ChannelManager - Adding key: http://localhost:55389 for channel [id: 0xd02a6eba, L:/127.0.0.1:51282 - R:localhost/127.0.0.1:55389]
00:40:53.899 [Forwarding isElementEnabled on session 2c59d17c9552528190a4d9e707c6a459 to remote] DEBUG org.asynchttpclient.netty.request.NettyRequestSender - Using pooled Channel '[id: 0xd02a6eba, L:/127.0.0.1:51282 - R:localhost/127.0.0.1:55389]' for 'GET' to 'http://localhost:55389/session/2c59d17c9552528190a4d9e707c6a459/element/27441db3-9b7b-42a7-94bf-e5b37fcc1549/enabled'
00:40:53.899 [Forwarding isElementEnabled on session 2c59d17c9552528190a4d9e707c6a459 to remote] DEBUG org.asynchttpclient.netty.request.NettyRequestSender - Using open Channel [id: 0xd02a6eba, L:/127.0.0.1:51282 - R:localhost/127.0.0.1:55389] for GET '/session/2c59d17c9552528190a4d9e707c6a459/element/27441db3-9b7b-42a7-94bf-e5b37fcc1549/enabled'
00:40:53.906 [AsyncHttpClient-1-4] DEBUG org.asynchttpclient.netty.handler.HttpHandler - 

Request DefaultFullHttpRequest(decodeResult: success, version: HTTP/1.1, content: EmptyByteBufBE)
GET /session/2c59d17c9552528190a4d9e707c6a459/element/27441db3-9b7b-42a7-94bf-e5b37fcc1549/enabled HTTP/1.1
User-Agent: selenium/4.1.2 (java windows)
Cache-Control: no-cache
Content-Type: application/json; charset=utf-8
host: localhost:55389
accept: */*

Response DefaultHttpResponse(decodeResult: success, version: HTTP/1.1)
HTTP/1.1 200 OK
Content-Type: application/json; charset=utf-8
cache-control: no-cache
content-length: 14

00:40:53.907 [AsyncHttpClient-1-4] DEBUG org.asynchttpclient.netty.channel.ChannelManager - Adding key: http://localhost:55389 for channel [id: 0xd02a6eba, L:/127.0.0.1:51282 - R:localhost/127.0.0.1:55389]
00:40:53.908 [Forwarding isElementEnabled on session 2c59d17c9552528190a4d9e707c6a459 to remote] DEBUG org.asynchttpclient.netty.request.NettyRequestSender - Using pooled Channel '[id: 0xd02a6eba, L:/127.0.0.1:51282 - R:localhost/127.0.0.1:55389]' for 'GET' to 'http://localhost:55389/session/2c59d17c9552528190a4d9e707c6a459/element/27441db3-9b7b-42a7-94bf-e5b37fcc1549/enabled'
00:40:53.908 [Forwarding isElementEnabled on session 2c59d17c9552528190a4d9e707c6a459 to remote] DEBUG org.asynchttpclient.netty.request.NettyRequestSender - Using open Channel [id: 0xd02a6eba, L:/127.0.0.1:51282 - R:localhost/127.0.0.1:55389] for GET '/session/2c59d17c9552528190a4d9e707c6a459/element/27441db3-9b7b-42a7-94bf-e5b37fcc1549/enabled'
00:40:53.915 [AsyncHttpClient-1-4] DEBUG org.asynchttpclient.netty.handler.HttpHandler - 

Request DefaultFullHttpRequest(decodeResult: success, version: HTTP/1.1, content: EmptyByteBufBE)
GET /session/2c59d17c9552528190a4d9e707c6a459/element/27441db3-9b7b-42a7-94bf-e5b37fcc1549/enabled HTTP/1.1
User-Agent: selenium/4.1.2 (java windows)
Cache-Control: no-cache
Content-Type: application/json; charset=utf-8
host: localhost:55389
accept: */*

Response DefaultHttpResponse(decodeResult: success, version: HTTP/1.1)
HTTP/1.1 200 OK
Content-Type: application/json; charset=utf-8
cache-control: no-cache
content-length: 14

00:40:53.915 [AsyncHttpClient-1-4] DEBUG org.asynchttpclient.netty.channel.ChannelManager - Adding key: http://localhost:55389 for channel [id: 0xd02a6eba, L:/127.0.0.1:51282 - R:localhost/127.0.0.1:55389]
00:40:53.917 [Forwarding findElement on session 2c59d17c9552528190a4d9e707c6a459 to remote] DEBUG org.asynchttpclient.netty.request.NettyRequestSender - Using pooled Channel '[id: 0xd02a6eba, L:/127.0.0.1:51282 - R:localhost/127.0.0.1:55389]' for 'POST' to 'http://localhost:55389/session/2c59d17c9552528190a4d9e707c6a459/element'
00:40:53.917 [Forwarding findElement on session 2c59d17c9552528190a4d9e707c6a459 to remote] DEBUG org.asynchttpclient.netty.request.NettyRequestSender - Using open Channel [id: 0xd02a6eba, L:/127.0.0.1:51282 - R:localhost/127.0.0.1:55389] for POST '/session/2c59d17c9552528190a4d9e707c6a459/element'
00:40:53.932 [AsyncHttpClient-1-4] DEBUG org.asynchttpclient.netty.handler.HttpHandler - 

Request DefaultHttpRequest(decodeResult: success, version: HTTP/1.1)
POST /session/2c59d17c9552528190a4d9e707c6a459/element HTTP/1.1
User-Agent: selenium/4.1.2 (java windows)
Content-Length: 84
Content-Type: application/json; charset=utf-8
host: localhost:55389
accept: */*

Response DefaultHttpResponse(decodeResult: success, version: HTTP/1.1)
HTTP/1.1 200 OK
Content-Type: application/json; charset=utf-8
cache-control: no-cache
content-length: 88

00:40:53.933 [AsyncHttpClient-1-4] DEBUG org.asynchttpclient.netty.channel.ChannelManager - Adding key: http://localhost:55389 for channel [id: 0xd02a6eba, L:/127.0.0.1:51282 - R:localhost/127.0.0.1:55389]
00:40:53.934 [Forwarding clickElement on session 2c59d17c9552528190a4d9e707c6a459 to remote] DEBUG org.asynchttpclient.netty.request.NettyRequestSender - Using pooled Channel '[id: 0xd02a6eba, L:/127.0.0.1:51282 - R:localhost/127.0.0.1:55389]' for 'POST' to 'http://localhost:55389/session/2c59d17c9552528190a4d9e707c6a459/element/27441db3-9b7b-42a7-94bf-e5b37fcc1549/click'
00:40:53.934 [Forwarding clickElement on session 2c59d17c9552528190a4d9e707c6a459 to remote] DEBUG org.asynchttpclient.netty.request.NettyRequestSender - Using open Channel [id: 0xd02a6eba, L:/127.0.0.1:51282 - R:localhost/127.0.0.1:55389] for POST '/session/2c59d17c9552528190a4d9e707c6a459/element/27441db3-9b7b-42a7-94bf-e5b37fcc1549/click'
00:40:54.059 [AsyncHttpClient-1-4] DEBUG org.asynchttpclient.netty.handler.HttpHandler - 

Request DefaultHttpRequest(decodeResult: success, version: HTTP/1.1)
POST /session/2c59d17c9552528190a4d9e707c6a459/element/27441db3-9b7b-42a7-94bf-e5b37fcc1549/click HTTP/1.1
User-Agent: selenium/4.1.2 (java windows)
Content-Length: 50
Content-Type: application/json; charset=utf-8
host: localhost:55389
accept: */*

Response DefaultHttpResponse(decodeResult: success, version: HTTP/1.1)
HTTP/1.1 200 OK
Content-Type: application/json; charset=utf-8
cache-control: no-cache
content-length: 14

00:40:54.059 [AsyncHttpClient-1-4] DEBUG org.asynchttpclient.netty.channel.ChannelManager - Adding key: http://localhost:55389 for channel [id: 0xd02a6eba, L:/127.0.0.1:51282 - R:localhost/127.0.0.1:55389]
00:40:54.069 [Forwarding screenshot on session 2c59d17c9552528190a4d9e707c6a459 to remote] DEBUG org.asynchttpclient.netty.request.NettyRequestSender - Using pooled Channel '[id: 0xd02a6eba, L:/127.0.0.1:51282 - R:localhost/127.0.0.1:55389]' for 'GET' to 'http://localhost:55389/session/2c59d17c9552528190a4d9e707c6a459/screenshot'
00:40:54.069 [Forwarding screenshot on session 2c59d17c9552528190a4d9e707c6a459 to remote] DEBUG org.asynchttpclient.netty.request.NettyRequestSender - Using open Channel [id: 0xd02a6eba, L:/127.0.0.1:51282 - R:localhost/127.0.0.1:55389] for GET '/session/2c59d17c9552528190a4d9e707c6a459/screenshot'
00:40:54.305 [AsyncHttpClient-1-1] DEBUG org.asynchttpclient.netty.channel.DefaultChannelPool - Entry count for : http://localhost:51283 : 1
00:40:54.377 [AsyncHttpClient-1-4] DEBUG org.asynchttpclient.netty.handler.HttpHandler - 

Request DefaultFullHttpRequest(decodeResult: success, version: HTTP/1.1, content: EmptyByteBufBE)
GET /session/2c59d17c9552528190a4d9e707c6a459/screenshot HTTP/1.1
User-Agent: selenium/4.1.2 (java windows)
Cache-Control: no-cache
Content-Type: application/json; charset=utf-8
host: localhost:55389
accept: */*

Response DefaultHttpResponse(decodeResult: success, version: HTTP/1.1)
HTTP/1.1 200 OK
Content-Type: application/json; charset=utf-8
cache-control: no-cache
content-length: 87348

00:40:54.377 [AsyncHttpClient-1-4] DEBUG org.asynchttpclient.netty.channel.ChannelManager - Adding key: http://localhost:55389 for channel [id: 0xd02a6eba, L:/127.0.0.1:51282 - R:localhost/127.0.0.1:55389]
00:40:54.383 [main] DEBUG net.serenitybdd.core.photography.Darkroom - Send negative for processing for target\site\serenity\95c906befec1170b7fc189d907db62d6cc1348381eda7f3713bcd5b4b998d13b.png
00:40:54.384 [main] DEBUG net.thucydides.core.steps.StepInterceptor - STEP DONE: buyMousePad
00:40:54.385 [Darkroom Processing Line] DEBUG net.serenitybdd.core.photography.DarkroomProcessingLine - Processing screenshot image in /var/screenshots/screenshot-7521468652255308122
00:40:54.385 [Darkroom Processing Line] DEBUG net.serenitybdd.core.photography.DarkroomProcessingLine - Saving screenshot to target\site\serenity\95c906befec1170b7fc189d907db62d6cc1348381eda7f3713bcd5b4b998d13b.png
00:40:54.392 [main] DEBUG net.thucydides.core.steps.StepInterceptor - STARTING STEP: OrderStep.iBuyMousepad - shopChartButton
00:40:54.399 [Forwarding findElement on session 2c59d17c9552528190a4d9e707c6a459 to remote] DEBUG org.asynchttpclient.netty.request.NettyRequestSender - Using pooled Channel '[id: 0xd02a6eba, L:/127.0.0.1:51282 - R:localhost/127.0.0.1:55389]' for 'POST' to 'http://localhost:55389/session/2c59d17c9552528190a4d9e707c6a459/element'
00:40:54.399 [Forwarding findElement on session 2c59d17c9552528190a4d9e707c6a459 to remote] DEBUG org.asynchttpclient.netty.request.NettyRequestSender - Using open Channel [id: 0xd02a6eba, L:/127.0.0.1:51282 - R:localhost/127.0.0.1:55389] for POST '/session/2c59d17c9552528190a4d9e707c6a459/element'
00:40:54.425 [AsyncHttpClient-1-4] DEBUG org.asynchttpclient.netty.handler.HttpHandler - 

Request DefaultHttpRequest(decodeResult: success, version: HTTP/1.1)
POST /session/2c59d17c9552528190a4d9e707c6a459/element HTTP/1.1
User-Agent: selenium/4.1.2 (java windows)
Content-Length: 108
Content-Type: application/json; charset=utf-8
host: localhost:55389
accept: */*

Response DefaultHttpResponse(decodeResult: success, version: HTTP/1.1)
HTTP/1.1 200 OK
Content-Type: application/json; charset=utf-8
cache-control: no-cache
content-length: 88

00:40:54.425 [AsyncHttpClient-1-4] DEBUG org.asynchttpclient.netty.channel.ChannelManager - Adding key: http://localhost:55389 for channel [id: 0xd02a6eba, L:/127.0.0.1:51282 - R:localhost/127.0.0.1:55389]
00:40:54.427 [Forwarding getElementTagName on session 2c59d17c9552528190a4d9e707c6a459 to remote] DEBUG org.asynchttpclient.netty.request.NettyRequestSender - Using pooled Channel '[id: 0xd02a6eba, L:/127.0.0.1:51282 - R:localhost/127.0.0.1:55389]' for 'GET' to 'http://localhost:55389/session/2c59d17c9552528190a4d9e707c6a459/element/eefcd29a-87d6-4122-95c2-a5e54271e75c/name'
00:40:54.427 [Forwarding getElementTagName on session 2c59d17c9552528190a4d9e707c6a459 to remote] DEBUG org.asynchttpclient.netty.request.NettyRequestSender - Using open Channel [id: 0xd02a6eba, L:/127.0.0.1:51282 - R:localhost/127.0.0.1:55389] for GET '/session/2c59d17c9552528190a4d9e707c6a459/element/eefcd29a-87d6-4122-95c2-a5e54271e75c/name'
00:40:54.439 [AsyncHttpClient-1-4] DEBUG org.asynchttpclient.netty.handler.HttpHandler - 

Request DefaultFullHttpRequest(decodeResult: success, version: HTTP/1.1, content: EmptyByteBufBE)
GET /session/2c59d17c9552528190a4d9e707c6a459/element/eefcd29a-87d6-4122-95c2-a5e54271e75c/name HTTP/1.1
User-Agent: selenium/4.1.2 (java windows)
Cache-Control: no-cache
Content-Type: application/json; charset=utf-8
host: localhost:55389
accept: */*

Response DefaultHttpResponse(decodeResult: success, version: HTTP/1.1)
HTTP/1.1 200 OK
Content-Type: application/json; charset=utf-8
cache-control: no-cache
content-length: 18

00:40:54.439 [AsyncHttpClient-1-4] DEBUG org.asynchttpclient.netty.channel.ChannelManager - Adding key: http://localhost:55389 for channel [id: 0xd02a6eba, L:/127.0.0.1:51282 - R:localhost/127.0.0.1:55389]
00:40:54.441 [Forwarding getElementTagName on session 2c59d17c9552528190a4d9e707c6a459 to remote] DEBUG org.asynchttpclient.netty.request.NettyRequestSender - Using pooled Channel '[id: 0xd02a6eba, L:/127.0.0.1:51282 - R:localhost/127.0.0.1:55389]' for 'GET' to 'http://localhost:55389/session/2c59d17c9552528190a4d9e707c6a459/element/eefcd29a-87d6-4122-95c2-a5e54271e75c/name'
00:40:54.441 [Forwarding getElementTagName on session 2c59d17c9552528190a4d9e707c6a459 to remote] DEBUG org.asynchttpclient.netty.request.NettyRequestSender - Using open Channel [id: 0xd02a6eba, L:/127.0.0.1:51282 - R:localhost/127.0.0.1:55389] for GET '/session/2c59d17c9552528190a4d9e707c6a459/element/eefcd29a-87d6-4122-95c2-a5e54271e75c/name'
00:40:54.448 [AsyncHttpClient-1-4] DEBUG org.asynchttpclient.netty.handler.HttpHandler - 

Request DefaultFullHttpRequest(decodeResult: success, version: HTTP/1.1, content: EmptyByteBufBE)
GET /session/2c59d17c9552528190a4d9e707c6a459/element/eefcd29a-87d6-4122-95c2-a5e54271e75c/name HTTP/1.1
User-Agent: selenium/4.1.2 (java windows)
Cache-Control: no-cache
Content-Type: application/json; charset=utf-8
host: localhost:55389
accept: */*

Response DefaultHttpResponse(decodeResult: success, version: HTTP/1.1)
HTTP/1.1 200 OK
Content-Type: application/json; charset=utf-8
cache-control: no-cache
content-length: 18

00:40:54.448 [AsyncHttpClient-1-4] DEBUG org.asynchttpclient.netty.channel.ChannelManager - Adding key: http://localhost:55389 for channel [id: 0xd02a6eba, L:/127.0.0.1:51282 - R:localhost/127.0.0.1:55389]
00:40:54.453 [Forwarding isElementEnabled on session 2c59d17c9552528190a4d9e707c6a459 to remote] DEBUG org.asynchttpclient.netty.request.NettyRequestSender - Using pooled Channel '[id: 0xd02a6eba, L:/127.0.0.1:51282 - R:localhost/127.0.0.1:55389]' for 'GET' to 'http://localhost:55389/session/2c59d17c9552528190a4d9e707c6a459/element/eefcd29a-87d6-4122-95c2-a5e54271e75c/enabled'
00:40:54.453 [Forwarding isElementEnabled on session 2c59d17c9552528190a4d9e707c6a459 to remote] DEBUG org.asynchttpclient.netty.request.NettyRequestSender - Using open Channel [id: 0xd02a6eba, L:/127.0.0.1:51282 - R:localhost/127.0.0.1:55389] for GET '/session/2c59d17c9552528190a4d9e707c6a459/element/eefcd29a-87d6-4122-95c2-a5e54271e75c/enabled'
00:40:54.466 [AsyncHttpClient-1-4] DEBUG org.asynchttpclient.netty.handler.HttpHandler - 

Request DefaultFullHttpRequest(decodeResult: success, version: HTTP/1.1, content: EmptyByteBufBE)
GET /session/2c59d17c9552528190a4d9e707c6a459/element/eefcd29a-87d6-4122-95c2-a5e54271e75c/enabled HTTP/1.1
User-Agent: selenium/4.1.2 (java windows)
Cache-Control: no-cache
Content-Type: application/json; charset=utf-8
host: localhost:55389
accept: */*

Response DefaultHttpResponse(decodeResult: success, version: HTTP/1.1)
HTTP/1.1 200 OK
Content-Type: application/json; charset=utf-8
cache-control: no-cache
content-length: 14

00:40:54.467 [AsyncHttpClient-1-4] DEBUG org.asynchttpclient.netty.channel.ChannelManager - Adding key: http://localhost:55389 for channel [id: 0xd02a6eba, L:/127.0.0.1:51282 - R:localhost/127.0.0.1:55389]
00:40:54.468 [Forwarding isElementEnabled on session 2c59d17c9552528190a4d9e707c6a459 to remote] DEBUG org.asynchttpclient.netty.request.NettyRequestSender - Using pooled Channel '[id: 0xd02a6eba, L:/127.0.0.1:51282 - R:localhost/127.0.0.1:55389]' for 'GET' to 'http://localhost:55389/session/2c59d17c9552528190a4d9e707c6a459/element/eefcd29a-87d6-4122-95c2-a5e54271e75c/enabled'
00:40:54.468 [Forwarding isElementEnabled on session 2c59d17c9552528190a4d9e707c6a459 to remote] DEBUG org.asynchttpclient.netty.request.NettyRequestSender - Using open Channel [id: 0xd02a6eba, L:/127.0.0.1:51282 - R:localhost/127.0.0.1:55389] for GET '/session/2c59d17c9552528190a4d9e707c6a459/element/eefcd29a-87d6-4122-95c2-a5e54271e75c/enabled'
00:40:54.475 [AsyncHttpClient-1-4] DEBUG org.asynchttpclient.netty.handler.HttpHandler - 

Request DefaultFullHttpRequest(decodeResult: success, version: HTTP/1.1, content: EmptyByteBufBE)
GET /session/2c59d17c9552528190a4d9e707c6a459/element/eefcd29a-87d6-4122-95c2-a5e54271e75c/enabled HTTP/1.1
User-Agent: selenium/4.1.2 (java windows)
Cache-Control: no-cache
Content-Type: application/json; charset=utf-8
host: localhost:55389
accept: */*

Response DefaultHttpResponse(decodeResult: success, version: HTTP/1.1)
HTTP/1.1 200 OK
Content-Type: application/json; charset=utf-8
cache-control: no-cache
content-length: 14

00:40:54.475 [AsyncHttpClient-1-4] DEBUG org.asynchttpclient.netty.channel.ChannelManager - Adding key: http://localhost:55389 for channel [id: 0xd02a6eba, L:/127.0.0.1:51282 - R:localhost/127.0.0.1:55389]
00:40:54.477 [Forwarding findElement on session 2c59d17c9552528190a4d9e707c6a459 to remote] DEBUG org.asynchttpclient.netty.request.NettyRequestSender - Using pooled Channel '[id: 0xd02a6eba, L:/127.0.0.1:51282 - R:localhost/127.0.0.1:55389]' for 'POST' to 'http://localhost:55389/session/2c59d17c9552528190a4d9e707c6a459/element'
00:40:54.477 [Forwarding findElement on session 2c59d17c9552528190a4d9e707c6a459 to remote] DEBUG org.asynchttpclient.netty.request.NettyRequestSender - Using open Channel [id: 0xd02a6eba, L:/127.0.0.1:51282 - R:localhost/127.0.0.1:55389] for POST '/session/2c59d17c9552528190a4d9e707c6a459/element'
00:40:54.500 [AsyncHttpClient-1-4] DEBUG org.asynchttpclient.netty.handler.HttpHandler - 

Request DefaultHttpRequest(decodeResult: success, version: HTTP/1.1)
POST /session/2c59d17c9552528190a4d9e707c6a459/element HTTP/1.1
User-Agent: selenium/4.1.2 (java windows)
Content-Length: 108
Content-Type: application/json; charset=utf-8
host: localhost:55389
accept: */*

Response DefaultHttpResponse(decodeResult: success, version: HTTP/1.1)
HTTP/1.1 200 OK
Content-Type: application/json; charset=utf-8
cache-control: no-cache
content-length: 88

00:40:54.500 [AsyncHttpClient-1-4] DEBUG org.asynchttpclient.netty.channel.ChannelManager - Adding key: http://localhost:55389 for channel [id: 0xd02a6eba, L:/127.0.0.1:51282 - R:localhost/127.0.0.1:55389]
00:40:54.502 [Forwarding clickElement on session 2c59d17c9552528190a4d9e707c6a459 to remote] DEBUG org.asynchttpclient.netty.request.NettyRequestSender - Using pooled Channel '[id: 0xd02a6eba, L:/127.0.0.1:51282 - R:localhost/127.0.0.1:55389]' for 'POST' to 'http://localhost:55389/session/2c59d17c9552528190a4d9e707c6a459/element/eefcd29a-87d6-4122-95c2-a5e54271e75c/click'
00:40:54.502 [Forwarding clickElement on session 2c59d17c9552528190a4d9e707c6a459 to remote] DEBUG org.asynchttpclient.netty.request.NettyRequestSender - Using open Channel [id: 0xd02a6eba, L:/127.0.0.1:51282 - R:localhost/127.0.0.1:55389] for POST '/session/2c59d17c9552528190a4d9e707c6a459/element/eefcd29a-87d6-4122-95c2-a5e54271e75c/click'
00:40:54.837 [AsyncHttpClient-1-4] DEBUG org.asynchttpclient.netty.handler.HttpHandler - 

Request DefaultHttpRequest(decodeResult: success, version: HTTP/1.1)
POST /session/2c59d17c9552528190a4d9e707c6a459/element/eefcd29a-87d6-4122-95c2-a5e54271e75c/click HTTP/1.1
User-Agent: selenium/4.1.2 (java windows)
Content-Length: 50
Content-Type: application/json; charset=utf-8
host: localhost:55389
accept: */*

Response DefaultHttpResponse(decodeResult: success, version: HTTP/1.1)
HTTP/1.1 200 OK
Content-Type: application/json; charset=utf-8
cache-control: no-cache
content-length: 14

00:40:54.837 [AsyncHttpClient-1-4] DEBUG org.asynchttpclient.netty.channel.ChannelManager - Adding key: http://localhost:55389 for channel [id: 0xd02a6eba, L:/127.0.0.1:51282 - R:localhost/127.0.0.1:55389]
00:40:54.848 [Forwarding screenshot on session 2c59d17c9552528190a4d9e707c6a459 to remote] DEBUG org.asynchttpclient.netty.request.NettyRequestSender - Using pooled Channel '[id: 0xd02a6eba, L:/127.0.0.1:51282 - R:localhost/127.0.0.1:55389]' for 'GET' to 'http://localhost:55389/session/2c59d17c9552528190a4d9e707c6a459/screenshot'
00:40:54.848 [Forwarding screenshot on session 2c59d17c9552528190a4d9e707c6a459 to remote] DEBUG org.asynchttpclient.netty.request.NettyRequestSender - Using open Channel [id: 0xd02a6eba, L:/127.0.0.1:51282 - R:localhost/127.0.0.1:55389] for GET '/session/2c59d17c9552528190a4d9e707c6a459/screenshot'
00:40:55.056 [AsyncHttpClient-1-4] DEBUG org.asynchttpclient.netty.handler.HttpHandler - 

Request DefaultFullHttpRequest(decodeResult: success, version: HTTP/1.1, content: EmptyByteBufBE)
GET /session/2c59d17c9552528190a4d9e707c6a459/screenshot HTTP/1.1
User-Agent: selenium/4.1.2 (java windows)
Cache-Control: no-cache
Content-Type: application/json; charset=utf-8
host: localhost:55389
accept: */*

Response DefaultHttpResponse(decodeResult: success, version: HTTP/1.1)
HTTP/1.1 200 OK
Content-Type: application/json; charset=utf-8
cache-control: no-cache
content-length: 46888

00:40:55.056 [AsyncHttpClient-1-4] DEBUG org.asynchttpclient.netty.channel.ChannelManager - Adding key: http://localhost:55389 for channel [id: 0xd02a6eba, L:/127.0.0.1:51282 - R:localhost/127.0.0.1:55389]
00:40:55.058 [main] DEBUG net.serenitybdd.core.photography.Darkroom - Send negative for processing for target\site\serenity\0f12cd307602be5af85ccd392a2a18cd9b5533c235a1063084702a68d46a1d6c.png
00:40:55.059 [main] DEBUG net.thucydides.core.steps.StepInterceptor - STEP DONE: shopChartButton
  &amp#27;[32mAnd &amp#27;[0m&amp#27;[32mI buy &amp#27;[0m&amp#27;[32m&amp#27;[1mMousepad&amp#27;[0m                                      &amp#27;[90m# stepdefinitions.OrderStep.iBuyMousepad(java.lang.String)&amp#27;[0m
00:40:55.059 [Darkroom Processing Line] DEBUG net.serenitybdd.core.photography.DarkroomProcessingLine - Processing screenshot image in /var/screenshots/screenshot-4911993980528339508
00:40:55.059 [Darkroom Processing Line] DEBUG net.serenitybdd.core.photography.DarkroomProcessingLine - Saving screenshot to target\site\serenity\0f12cd307602be5af85ccd392a2a18cd9b5533c235a1063084702a68d46a1d6c.png
00:40:55.079 [main] DEBUG net.thucydides.core.steps.StepInterceptor - STARTING STEP: OrderStep.iClickBayar - bayar
00:40:55.083 [Forwarding findElement on session 2c59d17c9552528190a4d9e707c6a459 to remote] DEBUG org.asynchttpclient.netty.request.NettyRequestSender - Using pooled Channel '[id: 0xd02a6eba, L:/127.0.0.1:51282 - R:localhost/127.0.0.1:55389]' for 'POST' to 'http://localhost:55389/session/2c59d17c9552528190a4d9e707c6a459/element'
00:40:55.083 [Forwarding findElement on session 2c59d17c9552528190a4d9e707c6a459 to remote] DEBUG org.asynchttpclient.netty.request.NettyRequestSender - Using open Channel [id: 0xd02a6eba, L:/127.0.0.1:51282 - R:localhost/127.0.0.1:55389] for POST '/session/2c59d17c9552528190a4d9e707c6a459/element'
00:40:55.139 [AsyncHttpClient-1-4] DEBUG org.asynchttpclient.netty.handler.HttpHandler - 

Request DefaultHttpRequest(decodeResult: success, version: HTTP/1.1)
POST /session/2c59d17c9552528190a4d9e707c6a459/element HTTP/1.1
User-Agent: selenium/4.1.2 (java windows)
Content-Length: 59
Content-Type: application/json; charset=utf-8
host: localhost:55389
accept: */*

Response DefaultHttpResponse(decodeResult: success, version: HTTP/1.1)
HTTP/1.1 200 OK
Content-Type: application/json; charset=utf-8
cache-control: no-cache
content-length: 88

00:40:55.139 [AsyncHttpClient-1-4] DEBUG org.asynchttpclient.netty.channel.ChannelManager - Adding key: http://localhost:55389 for channel [id: 0xd02a6eba, L:/127.0.0.1:51282 - R:localhost/127.0.0.1:55389]
00:40:55.141 [Forwarding getElementTagName on session 2c59d17c9552528190a4d9e707c6a459 to remote] DEBUG org.asynchttpclient.netty.request.NettyRequestSender - Using pooled Channel '[id: 0xd02a6eba, L:/127.0.0.1:51282 - R:localhost/127.0.0.1:55389]' for 'GET' to 'http://localhost:55389/session/2c59d17c9552528190a4d9e707c6a459/element/104b7540-b9b8-4681-a8ca-c7da9a0fde9d/name'
00:40:55.141 [Forwarding getElementTagName on session 2c59d17c9552528190a4d9e707c6a459 to remote] DEBUG org.asynchttpclient.netty.request.NettyRequestSender - Using open Channel [id: 0xd02a6eba, L:/127.0.0.1:51282 - R:localhost/127.0.0.1:55389] for GET '/session/2c59d17c9552528190a4d9e707c6a459/element/104b7540-b9b8-4681-a8ca-c7da9a0fde9d/name'
00:40:55.155 [AsyncHttpClient-1-4] DEBUG org.asynchttpclient.netty.handler.HttpHandler - 

Request DefaultFullHttpRequest(decodeResult: success, version: HTTP/1.1, content: EmptyByteBufBE)
GET /session/2c59d17c9552528190a4d9e707c6a459/element/104b7540-b9b8-4681-a8ca-c7da9a0fde9d/name HTTP/1.1
User-Agent: selenium/4.1.2 (java windows)
Cache-Control: no-cache
Content-Type: application/json; charset=utf-8
host: localhost:55389
accept: */*

Response DefaultHttpResponse(decodeResult: success, version: HTTP/1.1)
HTTP/1.1 200 OK
Content-Type: application/json; charset=utf-8
cache-control: no-cache
content-length: 18

00:40:55.156 [AsyncHttpClient-1-4] DEBUG org.asynchttpclient.netty.channel.ChannelManager - Adding key: http://localhost:55389 for channel [id: 0xd02a6eba, L:/127.0.0.1:51282 - R:localhost/127.0.0.1:55389]
00:40:55.157 [Forwarding getElementTagName on session 2c59d17c9552528190a4d9e707c6a459 to remote] DEBUG org.asynchttpclient.netty.request.NettyRequestSender - Using pooled Channel '[id: 0xd02a6eba, L:/127.0.0.1:51282 - R:localhost/127.0.0.1:55389]' for 'GET' to 'http://localhost:55389/session/2c59d17c9552528190a4d9e707c6a459/element/104b7540-b9b8-4681-a8ca-c7da9a0fde9d/name'
00:40:55.157 [Forwarding getElementTagName on session 2c59d17c9552528190a4d9e707c6a459 to remote] DEBUG org.asynchttpclient.netty.request.NettyRequestSender - Using open Channel [id: 0xd02a6eba, L:/127.0.0.1:51282 - R:localhost/127.0.0.1:55389] for GET '/session/2c59d17c9552528190a4d9e707c6a459/element/104b7540-b9b8-4681-a8ca-c7da9a0fde9d/name'
00:40:55.169 [AsyncHttpClient-1-4] DEBUG org.asynchttpclient.netty.handler.HttpHandler - 

Request DefaultFullHttpRequest(decodeResult: success, version: HTTP/1.1, content: EmptyByteBufBE)
GET /session/2c59d17c9552528190a4d9e707c6a459/element/104b7540-b9b8-4681-a8ca-c7da9a0fde9d/name HTTP/1.1
User-Agent: selenium/4.1.2 (java windows)
Cache-Control: no-cache
Content-Type: application/json; charset=utf-8
host: localhost:55389
accept: */*

Response DefaultHttpResponse(decodeResult: success, version: HTTP/1.1)
HTTP/1.1 200 OK
Content-Type: application/json; charset=utf-8
cache-control: no-cache
content-length: 18

00:40:55.169 [AsyncHttpClient-1-4] DEBUG org.asynchttpclient.netty.channel.ChannelManager - Adding key: http://localhost:55389 for channel [id: 0xd02a6eba, L:/127.0.0.1:51282 - R:localhost/127.0.0.1:55389]
00:40:55.174 [Forwarding isElementEnabled on session 2c59d17c9552528190a4d9e707c6a459 to remote] DEBUG org.asynchttpclient.netty.request.NettyRequestSender - Using pooled Channel '[id: 0xd02a6eba, L:/127.0.0.1:51282 - R:localhost/127.0.0.1:55389]' for 'GET' to 'http://localhost:55389/session/2c59d17c9552528190a4d9e707c6a459/element/104b7540-b9b8-4681-a8ca-c7da9a0fde9d/enabled'
00:40:55.174 [Forwarding isElementEnabled on session 2c59d17c9552528190a4d9e707c6a459 to remote] DEBUG org.asynchttpclient.netty.request.NettyRequestSender - Using open Channel [id: 0xd02a6eba, L:/127.0.0.1:51282 - R:localhost/127.0.0.1:55389] for GET '/session/2c59d17c9552528190a4d9e707c6a459/element/104b7540-b9b8-4681-a8ca-c7da9a0fde9d/enabled'
00:40:55.198 [AsyncHttpClient-1-4] DEBUG org.asynchttpclient.netty.handler.HttpHandler - 

Request DefaultFullHttpRequest(decodeResult: success, version: HTTP/1.1, content: EmptyByteBufBE)
GET /session/2c59d17c9552528190a4d9e707c6a459/element/104b7540-b9b8-4681-a8ca-c7da9a0fde9d/enabled HTTP/1.1
User-Agent: selenium/4.1.2 (java windows)
Cache-Control: no-cache
Content-Type: application/json; charset=utf-8
host: localhost:55389
accept: */*

Response DefaultHttpResponse(decodeResult: success, version: HTTP/1.1)
HTTP/1.1 200 OK
Content-Type: application/json; charset=utf-8
cache-control: no-cache
content-length: 14

00:40:55.198 [AsyncHttpClient-1-4] DEBUG org.asynchttpclient.netty.channel.ChannelManager - Adding key: http://localhost:55389 for channel [id: 0xd02a6eba, L:/127.0.0.1:51282 - R:localhost/127.0.0.1:55389]
00:40:55.202 [Forwarding isElementEnabled on session 2c59d17c9552528190a4d9e707c6a459 to remote] DEBUG org.asynchttpclient.netty.request.NettyRequestSender - Using pooled Channel '[id: 0xd02a6eba, L:/127.0.0.1:51282 - R:localhost/127.0.0.1:55389]' for 'GET' to 'http://localhost:55389/session/2c59d17c9552528190a4d9e707c6a459/element/104b7540-b9b8-4681-a8ca-c7da9a0fde9d/enabled'
00:40:55.202 [Forwarding isElementEnabled on session 2c59d17c9552528190a4d9e707c6a459 to remote] DEBUG org.asynchttpclient.netty.request.NettyRequestSender - Using open Channel [id: 0xd02a6eba, L:/127.0.0.1:51282 - R:localhost/127.0.0.1:55389] for GET '/session/2c59d17c9552528190a4d9e707c6a459/element/104b7540-b9b8-4681-a8ca-c7da9a0fde9d/enabled'
00:40:55.209 [AsyncHttpClient-1-4] DEBUG org.asynchttpclient.netty.handler.HttpHandler - 

Request DefaultFullHttpRequest(decodeResult: success, version: HTTP/1.1, content: EmptyByteBufBE)
GET /session/2c59d17c9552528190a4d9e707c6a459/element/104b7540-b9b8-4681-a8ca-c7da9a0fde9d/enabled HTTP/1.1
User-Agent: selenium/4.1.2 (java windows)
Cache-Control: no-cache
Content-Type: application/json; charset=utf-8
host: localhost:55389
accept: */*

Response DefaultHttpResponse(decodeResult: success, version: HTTP/1.1)
HTTP/1.1 200 OK
Content-Type: application/json; charset=utf-8
cache-control: no-cache
content-length: 14

00:40:55.210 [AsyncHttpClient-1-4] DEBUG org.asynchttpclient.netty.channel.ChannelManager - Adding key: http://localhost:55389 for channel [id: 0xd02a6eba, L:/127.0.0.1:51282 - R:localhost/127.0.0.1:55389]
00:40:55.213 [Forwarding findElement on session 2c59d17c9552528190a4d9e707c6a459 to remote] DEBUG org.asynchttpclient.netty.request.NettyRequestSender - Using pooled Channel '[id: 0xd02a6eba, L:/127.0.0.1:51282 - R:localhost/127.0.0.1:55389]' for 'POST' to 'http://localhost:55389/session/2c59d17c9552528190a4d9e707c6a459/element'
00:40:55.213 [Forwarding findElement on session 2c59d17c9552528190a4d9e707c6a459 to remote] DEBUG org.asynchttpclient.netty.request.NettyRequestSender - Using open Channel [id: 0xd02a6eba, L:/127.0.0.1:51282 - R:localhost/127.0.0.1:55389] for POST '/session/2c59d17c9552528190a4d9e707c6a459/element'
00:40:55.223 [AsyncHttpClient-1-4] DEBUG org.asynchttpclient.netty.handler.HttpHandler - 

Request DefaultHttpRequest(decodeResult: success, version: HTTP/1.1)
POST /session/2c59d17c9552528190a4d9e707c6a459/element HTTP/1.1
User-Agent: selenium/4.1.2 (java windows)
Content-Length: 59
Content-Type: application/json; charset=utf-8
host: localhost:55389
accept: */*

Response DefaultHttpResponse(decodeResult: success, version: HTTP/1.1)
HTTP/1.1 200 OK
Content-Type: application/json; charset=utf-8
cache-control: no-cache
content-length: 88

00:40:55.223 [AsyncHttpClient-1-4] DEBUG org.asynchttpclient.netty.channel.ChannelManager - Adding key: http://localhost:55389 for channel [id: 0xd02a6eba, L:/127.0.0.1:51282 - R:localhost/127.0.0.1:55389]
00:40:55.225 [Forwarding clickElement on session 2c59d17c9552528190a4d9e707c6a459 to remote] DEBUG org.asynchttpclient.netty.request.NettyRequestSender - Using pooled Channel '[id: 0xd02a6eba, L:/127.0.0.1:51282 - R:localhost/127.0.0.1:55389]' for 'POST' to 'http://localhost:55389/session/2c59d17c9552528190a4d9e707c6a459/element/104b7540-b9b8-4681-a8ca-c7da9a0fde9d/click'
00:40:55.225 [Forwarding clickElement on session 2c59d17c9552528190a4d9e707c6a459 to remote] DEBUG org.asynchttpclient.netty.request.NettyRequestSender - Using open Channel [id: 0xd02a6eba, L:/127.0.0.1:51282 - R:localhost/127.0.0.1:55389] for POST '/session/2c59d17c9552528190a4d9e707c6a459/element/104b7540-b9b8-4681-a8ca-c7da9a0fde9d/click'
00:40:55.291 [AsyncHttpClient-1-4] DEBUG org.asynchttpclient.netty.handler.HttpHandler - 

Request DefaultHttpRequest(decodeResult: success, version: HTTP/1.1)
POST /session/2c59d17c9552528190a4d9e707c6a459/element/104b7540-b9b8-4681-a8ca-c7da9a0fde9d/click HTTP/1.1
User-Agent: selenium/4.1.2 (java windows)
Content-Length: 50
Content-Type: application/json; charset=utf-8
host: localhost:55389
accept: */*

Response DefaultHttpResponse(decodeResult: success, version: HTTP/1.1)
HTTP/1.1 200 OK
Content-Type: application/json; charset=utf-8
cache-control: no-cache
content-length: 14

00:40:55.291 [AsyncHttpClient-1-4] DEBUG org.asynchttpclient.netty.channel.ChannelManager - Adding key: http://localhost:55389 for channel [id: 0xd02a6eba, L:/127.0.0.1:51282 - R:localhost/127.0.0.1:55389]
00:40:55.301 [Forwarding screenshot on session 2c59d17c9552528190a4d9e707c6a459 to remote] DEBUG org.asynchttpclient.netty.request.NettyRequestSender - Using pooled Channel '[id: 0xd02a6eba, L:/127.0.0.1:51282 - R:localhost/127.0.0.1:55389]' for 'GET' to 'http://localhost:55389/session/2c59d17c9552528190a4d9e707c6a459/screenshot'
00:40:55.301 [Forwarding screenshot on session 2c59d17c9552528190a4d9e707c6a459 to remote] DEBUG org.asynchttpclient.netty.request.NettyRequestSender - Using open Channel [id: 0xd02a6eba, L:/127.0.0.1:51282 - R:localhost/127.0.0.1:55389] for GET '/session/2c59d17c9552528190a4d9e707c6a459/screenshot'
00:40:55.395 [AsyncHttpClient-1-1] DEBUG org.asynchttpclient.netty.channel.DefaultChannelPool - Entry count for : http://localhost:51283 : 1
00:40:55.557 [AsyncHttpClient-1-4] DEBUG org.asynchttpclient.netty.handler.HttpHandler - 

Request DefaultFullHttpRequest(decodeResult: success, version: HTTP/1.1, content: EmptyByteBufBE)
GET /session/2c59d17c9552528190a4d9e707c6a459/screenshot HTTP/1.1
User-Agent: selenium/4.1.2 (java windows)
Cache-Control: no-cache
Content-Type: application/json; charset=utf-8
host: localhost:55389
accept: */*

Response DefaultHttpResponse(decodeResult: success, version: HTTP/1.1)
HTTP/1.1 200 OK
Content-Type: application/json; charset=utf-8
cache-control: no-cache
content-length: 46024

00:40:55.557 [AsyncHttpClient-1-4] DEBUG org.asynchttpclient.netty.channel.ChannelManager - Adding key: http://localhost:55389 for channel [id: 0xd02a6eba, L:/127.0.0.1:51282 - R:localhost/127.0.0.1:55389]
00:40:55.559 [main] DEBUG net.serenitybdd.core.photography.Darkroom - Send negative for processing for target\site\serenity\2c9f0b126198764d3246588f6767eb0bf739a796b6883e73d39528067e47a4d9.png
00:40:55.560 [main] DEBUG net.thucydides.core.steps.StepInterceptor - STEP DONE: bayar
  &amp#27;[32mAnd &amp#27;[0m&amp#27;[32mI click bayar&amp#27;[0m                                       &amp#27;[90m# stepdefinitions.OrderStep.iClickBayar()&amp#27;[0m
00:40:55.560 [Darkroom Processing Line] DEBUG net.serenitybdd.core.photography.DarkroomProcessingLine - Processing screenshot image in /var/screenshots/screenshot-4289899308327734487
00:40:55.560 [Darkroom Processing Line] DEBUG net.serenitybdd.core.photography.DarkroomProcessingLine - Saving screenshot to target\site\serenity\2c9f0b126198764d3246588f6767eb0bf739a796b6883e73d39528067e47a4d9.png
00:40:55.576 [main] DEBUG net.thucydides.core.steps.StepInterceptor - STARTING STEP: OrderStep.iOnTransactionPage - validateOnTransactionPage
00:40:55.578 [Forwarding findElement on session 2c59d17c9552528190a4d9e707c6a459 to remote] DEBUG org.asynchttpclient.netty.request.NettyRequestSender - Using pooled Channel '[id: 0xd02a6eba, L:/127.0.0.1:51282 - R:localhost/127.0.0.1:55389]' for 'POST' to 'http://localhost:55389/session/2c59d17c9552528190a4d9e707c6a459/element'
00:40:55.578 [Forwarding findElement on session 2c59d17c9552528190a4d9e707c6a459 to remote] DEBUG org.asynchttpclient.netty.request.NettyRequestSender - Using open Channel [id: 0xd02a6eba, L:/127.0.0.1:51282 - R:localhost/127.0.0.1:55389] for POST '/session/2c59d17c9552528190a4d9e707c6a459/element'
00:40:55.592 [AsyncHttpClient-1-4] DEBUG org.asynchttpclient.netty.handler.HttpHandler - 

Request DefaultHttpRequest(decodeResult: success, version: HTTP/1.1)
POST /session/2c59d17c9552528190a4d9e707c6a459/element HTTP/1.1
User-Agent: selenium/4.1.2 (java windows)
Content-Length: 171
Content-Type: application/json; charset=utf-8
host: localhost:55389
accept: */*

Response DefaultHttpResponse(decodeResult: success, version: HTTP/1.1)
HTTP/1.1 200 OK
Content-Type: application/json; charset=utf-8
cache-control: no-cache
content-length: 88

00:40:55.592 [AsyncHttpClient-1-4] DEBUG org.asynchttpclient.netty.channel.ChannelManager - Adding key: http://localhost:55389 for channel [id: 0xd02a6eba, L:/127.0.0.1:51282 - R:localhost/127.0.0.1:55389]
00:40:55.597 [Forwarding isElementDisplayed on session 2c59d17c9552528190a4d9e707c6a459 to remote] DEBUG org.asynchttpclient.netty.request.NettyRequestSender - Using pooled Channel '[id: 0xd02a6eba, L:/127.0.0.1:51282 - R:localhost/127.0.0.1:55389]' for 'POST' to 'http://localhost:55389/session/2c59d17c9552528190a4d9e707c6a459/execute/sync'
00:40:55.597 [Forwarding isElementDisplayed on session 2c59d17c9552528190a4d9e707c6a459 to remote] DEBUG org.asynchttpclient.netty.request.NettyRequestSender - Using open Channel [id: 0xd02a6eba, L:/127.0.0.1:51282 - R:localhost/127.0.0.1:55389] for POST '/session/2c59d17c9552528190a4d9e707c6a459/execute/sync'
00:40:55.615 [AsyncHttpClient-1-4] DEBUG org.asynchttpclient.netty.handler.HttpHandler - 

Request DefaultHttpRequest(decodeResult: success, version: HTTP/1.1)
POST /session/2c59d17c9552528190a4d9e707c6a459/execute/sync HTTP/1.1
User-Agent: selenium/4.1.2 (java windows)
Content-Length: 48780
Content-Type: application/json; charset=utf-8
host: localhost:55389
accept: */*

Response DefaultHttpResponse(decodeResult: success, version: HTTP/1.1)
HTTP/1.1 200 OK
Content-Type: application/json; charset=utf-8
cache-control: no-cache
content-length: 14

00:40:55.615 [AsyncHttpClient-1-4] DEBUG org.asynchttpclient.netty.channel.ChannelManager - Adding key: http://localhost:55389 for channel [id: 0xd02a6eba, L:/127.0.0.1:51282 - R:localhost/127.0.0.1:55389]
00:40:55.622 [Forwarding screenshot on session 2c59d17c9552528190a4d9e707c6a459 to remote] DEBUG org.asynchttpclient.netty.request.NettyRequestSender - Using pooled Channel '[id: 0xd02a6eba, L:/127.0.0.1:51282 - R:localhost/127.0.0.1:55389]' for 'GET' to 'http://localhost:55389/session/2c59d17c9552528190a4d9e707c6a459/screenshot'
00:40:55.622 [Forwarding screenshot on session 2c59d17c9552528190a4d9e707c6a459 to remote] DEBUG org.asynchttpclient.netty.request.NettyRequestSender - Using open Channel [id: 0xd02a6eba, L:/127.0.0.1:51282 - R:localhost/127.0.0.1:55389] for GET '/session/2c59d17c9552528190a4d9e707c6a459/screenshot'
00:40:56.476 [AsyncHttpClient-1-4] DEBUG org.asynchttpclient.netty.handler.HttpHandler - 

Request DefaultFullHttpRequest(decodeResult: success, version: HTTP/1.1, content: EmptyByteBufBE)
GET /session/2c59d17c9552528190a4d9e707c6a459/screenshot HTTP/1.1
User-Agent: selenium/4.1.2 (java windows)
Cache-Control: no-cache
Content-Type: application/json; charset=utf-8
host: localhost:55389
accept: */*

Response DefaultHttpResponse(decodeResult: success, version: HTTP/1.1)
HTTP/1.1 200 OK
Content-Type: application/json; charset=utf-8
cache-control: no-cache
content-length: 45256

00:40:56.477 [AsyncHttpClient-1-4] DEBUG org.asynchttpclient.netty.channel.ChannelManager - Adding key: http://localhost:55389 for channel [id: 0xd02a6eba, L:/127.0.0.1:51282 - R:localhost/127.0.0.1:55389]
00:40:56.481 [main] DEBUG net.serenitybdd.core.photography.Darkroom - Send negative for processing for target\site\serenity\fd86722d5f3ff17223786754073b3c6004fa79b27ed711dc4b49b1af48ecf35e.png
00:40:56.482 [main] DEBUG net.thucydides.core.steps.StepInterceptor - STEP DONE: validateOnTransactionPage
  &amp#27;[32mThen &amp#27;[0m&amp#27;[32mI on transaction page&amp#27;[0m                              &amp#27;[90m# stepdefinitions.OrderStep.iOnTransactionPage()&amp#27;[0m
00:40:56.485 [Darkroom Processing Line] DEBUG net.serenitybdd.core.photography.DarkroomProcessingLine - Processing screenshot image in /var/screenshots/screenshot-7468558377382418727
00:40:56.485 [Darkroom Processing Line] DEBUG net.serenitybdd.core.photography.DarkroomProcessingLine - Saving screenshot to target\site\serenity\fd86722d5f3ff17223786754073b3c6004fa79b27ed711dc4b49b1af48ecf35e.png
00:40:56.493 [main] INFO  - 
  _____   ___   ___   _____     ___     _     ___   ___   ___   ___  
 |_   _| | __| / __| |_   _|   | _ \   /_\   / __| / __| | __| |   \ 
   | |   | _|  \__ \   | |     |  _/  / _ \  \__ \ \__ \ | _|  | |) |
   |_|   |___| |___/   |_|     |_|   /_/ \_\ |___/ |___/ |___| |___/ 

As a user, i have able to order and pay product
----------------------------------------------------------------------
00:40:56.498 [AsyncHttpClient-1-1] DEBUG org.asynchttpclient.netty.channel.DefaultChannelPool - Entry count for : http://localhost:51283 : 1
00:40:56.498 [AsyncHttpClient-1-1] DEBUG org.asynchttpclient.netty.channel.DefaultChannelPool - Entry count for : http://localhost:55389 : 1
00:40:56.498 [AsyncHttpClient-1-6] DEBUG org.asynchttpclient.netty.handler.WebSocketHandler - Channel Closed: [id: 0xc942402f, L:/127.0.0.1:51290 ! R:localhost/127.0.0.1:51283] with attribute NettyResponseFuture{currentRetry=5,
	isDone=1,
	isCancelled=0,
	asyncHandler=org.asynchttpclient.ws.WebSocketUpgradeHandler@7962b4d8,
	nettyRequest=org.asynchttpclient.netty.request.NettyRequest@3ff824e6,
	future=java.util.concurrent.CompletableFuture@10c0865c[Completed normally],
	uri=ws://localhost:51283/devtools/browser/d01dc983-c3d3-458b-aa71-ecc8b7795824,
	keepAlive=true,
	redirectCount=0,
	timeoutsHolder=null,
	inAuth=0,
	touch=1652463644487}
00:40:56.499 [AsyncHttpClient-1-6] DEBUG org.asynchttpclient.netty.channel.ChannelManager - Closing Channel [id: 0xc942402f, L:/127.0.0.1:51290 ! R:localhost/127.0.0.1:51283] 
00:40:56.501 [Driver Command Executor] DEBUG org.asynchttpclient.netty.request.NettyRequestSender - Using pooled Channel '[id: 0xd02a6eba, L:/127.0.0.1:51282 - R:localhost/127.0.0.1:55389]' for 'DELETE' to 'http://localhost:55389/session/2c59d17c9552528190a4d9e707c6a459'
00:40:56.501 [Driver Command Executor] DEBUG org.asynchttpclient.netty.request.NettyRequestSender - Using open Channel [id: 0xd02a6eba, L:/127.0.0.1:51282 - R:localhost/127.0.0.1:55389] for DELETE '/session/2c59d17c9552528190a4d9e707c6a459'
00:40:56.710 [AsyncHttpClient-1-5] DEBUG org.asynchttpclient.netty.handler.HttpHandler - Unexpected I/O exception on channel [id: 0x43034da4, L:/127.0.0.1:51289 - R:localhost/127.0.0.1:51283]
java.io.IOException: An existing connection was forcibly closed by the remote host
	at java.base/sun.nio.ch.SocketDispatcher.read0(Native Method)
	at java.base/sun.nio.ch.SocketDispatcher.read(SocketDispatcher.java:43)
	at java.base/sun.nio.ch.IOUtil.readIntoNativeBuffer(IOUtil.java:276)
	at java.base/sun.nio.ch.IOUtil.read(IOUtil.java:233)
	at java.base/sun.nio.ch.IOUtil.read(IOUtil.java:223)
	at java.base/sun.nio.ch.SocketChannelImpl.read(SocketChannelImpl.java:358)
	at io.netty.buffer.PooledByteBuf.setBytes(PooledByteBuf.java:258)
	at io.netty.buffer.AbstractByteBuf.writeBytes(AbstractByteBuf.java:1132)
	at io.netty.channel.socket.nio.NioSocketChannel.doReadBytes(NioSocketChannel.java:350)
	at io.netty.channel.nio.AbstractNioByteChannel$NioByteUnsafe.read(AbstractNioByteChannel.java:151)
	at io.netty.channel.nio.NioEventLoop.processSelectedKey(NioEventLoop.java:722)
	at io.netty.channel.nio.NioEventLoop.processSelectedKeysOptimized(NioEventLoop.java:658)
	at io.netty.channel.nio.NioEventLoop.processSelectedKeys(NioEventLoop.java:584)
	at io.netty.channel.nio.NioEventLoop.run(NioEventLoop.java:496)
	at io.netty.util.concurrent.SingleThreadEventExecutor$4.run(SingleThreadEventExecutor.java:986)
	at io.netty.util.internal.ThreadExecutorMap$2.run(ThreadExecutorMap.java:74)
	at io.netty.util.concurrent.FastThreadLocalRunnable.run(FastThreadLocalRunnable.java:30)
	at java.base/java.lang.Thread.run(Thread.java:834)
00:40:56.710 [AsyncHttpClient-1-5] DEBUG org.asynchttpclient.netty.channel.ChannelManager - Closing Channel [id: 0x43034da4, L:/127.0.0.1:51289 - R:localhost/127.0.0.1:51283] 
00:40:56.711 [AsyncHttpClient-1-5] DEBUG org.asynchttpclient.netty.handler.HttpHandler - Channel Closed: [id: 0x43034da4, L:/127.0.0.1:51289 ! R:localhost/127.0.0.1:51283] with attribute DISCARD
00:40:56.764 [AsyncHttpClient-1-4] DEBUG org.asynchttpclient.netty.handler.HttpHandler - 

Request DefaultFullHttpRequest(decodeResult: success, version: HTTP/1.1, content: EmptyByteBufBE)
DELETE /session/2c59d17c9552528190a4d9e707c6a459 HTTP/1.1
User-Agent: selenium/4.1.2 (java windows)
Content-Type: application/json; charset=utf-8
host: localhost:55389
accept: */*

Response DefaultHttpResponse(decodeResult: success, version: HTTP/1.1)
HTTP/1.1 200 OK
Content-Type: application/json; charset=utf-8
cache-control: no-cache
content-length: 14

00:40:56.764 [AsyncHttpClient-1-4] DEBUG org.asynchttpclient.netty.channel.ChannelManager - Adding key: http://localhost:55389 for channel [id: 0xd02a6eba, L:/127.0.0.1:51282 - R:localhost/127.0.0.1:55389]
00:40:56.915 [AsyncHttpClient-1-4] DEBUG org.asynchttpclient.netty.handler.HttpHandler - Channel Closed: [id: 0xd02a6eba, L:/127.0.0.1:51282 ! R:localhost/127.0.0.1:55389] with attribute DISCARD
]]></system-out>
    <system-err><![CDATA[Starting ChromeDriver 101.0.4951.41 (93c720db8323b3ec10d056025ab95c23a31997c9-refs/branch-heads/4951@{#904}) on port 55389
Only local connections are allowed.
Please see https://chromedriver.chromium.org/security-considerations for suggestions on keeping ChromeDriver safe.
ChromeDriver was started successfully.
May 14, 2022 12:40:44 AM org.openqa.selenium.remote.ProtocolHandshake createSession
INFO: Detected dialect: W3C
May 14, 2022 12:40:44 AM org.openqa.selenium.devtools.CdpVersionFinder findNearestMatch
WARNING: Unable to find an exact match for CDP version 101, so returning the closest version found: 97
May 14, 2022 12:40:44 AM org.openqa.selenium.devtools.CdpVersionFinder findNearestMatch
INFO: Found CDP implementation for version 101 of 97
]]></system-err>
  </testcase>
  <testcase name="As a user, i have able to create account" classname="Register #1" time="8.984">
    <system-out><![CDATA[00:40:57.446 [main] INFO io.cucumber.core.plugin.SerenityReporter - Running feature from file:///D:/Mini%20Project-QE%20Alta/Web%20Automation/FrontEnd-AltaShop/src/test/resources/features/Register.feature
00:40:57.453 [main] DEBUG net.thucydides.core.steps.StepEventBus - Test suite started for story net.thucydides.core.model.Story@30e75088
00:40:57.453 [main] INFO  - Test Suite Started: Register

Scenario: As a user, i have able to create account &amp#27;[90m# src/test/resources/features/Register.feature:3&amp#27;[0m
00:40:57.471 [main] INFO io.cucumber.core.plugin.SerenityReporter - Running feature from file:///D:/Mini%20Project-QE%20Alta/Web%20Automation/FrontEnd-AltaShop/src/test/resources/features/Register.feature
00:40:57.475 [main] INFO  - 
  _____   ___   ___   _____     ___   _____     _     ___   _____   ___   ___  
 |_   _| | __| / __| |_   _|   / __| |_   _|   /_\   | _ \ |_   _| | __| |   \ 
   | |   | _|  \__ \   | |     \__ \   | |    / _ \  |   /   | |   | _|  | |) |
   |_|   |___| |___/   |_|     |___/   |_|   /_/ \_\ |_|_\   |_|   |___| |___/ 

As a user, i have able to create account(register;as-a-user--i-have-able-to-create-account)
--------------------------------------------------------------------------------
00:40:57.663 [AsyncHttpClient-1-1] DEBUG org.asynchttpclient.netty.channel.DefaultChannelPool - Entry count for : http://localhost:51283 : 1
00:40:57.663 [AsyncHttpClient-1-1] DEBUG org.asynchttpclient.netty.channel.DefaultChannelPool - Entry count for : http://localhost:55389 : 1
00:40:57.663 [AsyncHttpClient-1-1] DEBUG org.asynchttpclient.netty.channel.DefaultChannelPool - Adding Candidate expired Channel [id: 0x43034da4, L:/127.0.0.1:51289 ! R:localhost/127.0.0.1:51283] isIdleTimeoutExpired=false isRemotelyClosed=true isTtlExpired=false
00:40:57.663 [AsyncHttpClient-1-1] DEBUG org.asynchttpclient.netty.channel.DefaultChannelPool - Closing Idle Channel [id: 0x43034da4, L:/127.0.0.1:51289 ! R:localhost/127.0.0.1:51283]
00:40:57.663 [AsyncHttpClient-1-1] DEBUG org.asynchttpclient.netty.channel.DefaultChannelPool - Adding Candidate expired Channel [id: 0xd02a6eba, L:/127.0.0.1:51282 ! R:localhost/127.0.0.1:55389] isIdleTimeoutExpired=false isRemotelyClosed=true isTtlExpired=false
00:40:57.664 [AsyncHttpClient-1-1] DEBUG org.asynchttpclient.netty.channel.DefaultChannelPool - Closing Idle Channel [id: 0xd02a6eba, L:/127.0.0.1:51282 ! R:localhost/127.0.0.1:55389]
00:40:57.664 [AsyncHttpClient-1-1] DEBUG org.asynchttpclient.netty.channel.DefaultChannelPool - Closed 2 connections out of 2 in 1 ms
00:40:57.805 [main] DEBUG net.thucydides.core.steps.StepInterceptor - STARTING STEP: RegisterStep.iAmAtRegisterPage - onRegisterPage
00:40:57.807 [main] INFO net.serenitybdd.core.webdriver.driverproviders.ChromeDriverProvider - Using automatically driver download
00:40:57.984 [main] DEBUG io.github.bonigarcia.wdm.cache.ResolutionCache - Resolution chrome=101 in cache (valid until 01:39:29 14/05/2022 ICT)
00:40:57.990 [main] DEBUG io.github.bonigarcia.wdm.cache.ResolutionCache - Resolution chrome101=101.0.4951.41 in cache (valid until 18:09:12 14/05/2022 ICT)
00:40:57.992 [main] INFO io.github.bonigarcia.wdm.WebDriverManager - Using chromedriver 101.0.4951.41 (resolved driver for Chrome 101)
00:40:58.048 [main] DEBUG io.github.bonigarcia.wdm.WebDriverManager - Driver chromedriver 101.0.4951.41 found in cache
00:40:58.048 [main] INFO io.github.bonigarcia.wdm.WebDriverManager - Exporting webdriver.chrome.driver as C:\Users\Siti Nurlatipah\.cache\selenium\chromedriver\win32\101.0.4951.41\chromedriver.exe
00:40:58.174 [main] DEBUG net.serenitybdd.core.webdriver.driverproviders.ProvideNewDriver - Instantiating driver
00:40:58.174 [main] DEBUG net.serenitybdd.core.webdriver.driverproviders.ProvideNewDriver - Driver capabilities: Capabilities {acceptInsecureCerts: false, base.url: https://qa.alta.id, browserName: chrome, chrome.driver: src/test/resources/webdrive..., driver: chrome, goog:chromeOptions: {args: [], extensions: []}}
00:40:58.713 [AsyncHttpClient-1-7] DEBUG org.asynchttpclient.netty.channel.NettyConnectListener - Using new Channel '[id: 0xbe444f56, L:/127.0.0.1:51347 - R:localhost/127.0.0.1:55613]' for 'POST' to '/session'
00:41:00.270 [AsyncHttpClient-1-7] DEBUG org.asynchttpclient.netty.handler.HttpHandler - 

Request DefaultHttpRequest(decodeResult: success, version: HTTP/1.1)
POST /session HTTP/1.1
User-Agent: selenium/4.1.2 (java windows)
Content-Length: 595
Content-Type: application/json; charset=utf-8
host: localhost:55613
accept: */*

Response DefaultHttpResponse(decodeResult: success, version: HTTP/1.1)
HTTP/1.1 200 OK
Content-Type: application/json; charset=utf-8
cache-control: no-cache
content-length: 791

00:41:00.271 [AsyncHttpClient-1-7] DEBUG org.asynchttpclient.netty.channel.ChannelManager - Adding key: http://localhost:55613 for channel [id: 0xbe444f56, L:/127.0.0.1:51347 - R:localhost/127.0.0.1:55613]
00:41:00.284 [AsyncHttpClient-1-8] DEBUG org.asynchttpclient.netty.channel.NettyConnectListener - Using new Channel '[id: 0xfcd50936, L:/127.0.0.1:51361 - R:localhost/127.0.0.1:51351]' for 'GET' to '/json/version'
00:41:00.314 [AsyncHttpClient-1-8] DEBUG org.asynchttpclient.netty.handler.HttpHandler - 

Request DefaultFullHttpRequest(decodeResult: success, version: HTTP/1.1, content: EmptyByteBufBE)
GET /json/version HTTP/1.1
User-Agent: selenium/4.1.2 (java windows)
host: localhost:51351
accept: */*

Response DefaultHttpResponse(decodeResult: success, version: HTTP/1.1)
HTTP/1.1 200 OK
Content-Type: application/json; charset=UTF-8
content-length: 427

00:41:00.315 [AsyncHttpClient-1-8] DEBUG org.asynchttpclient.netty.channel.ChannelManager - Adding key: http://localhost:51351 for channel [id: 0xfcd50936, L:/127.0.0.1:51361 - R:localhost/127.0.0.1:51351]
00:41:00.318 [AsyncHttpClient-1-9] DEBUG org.asynchttpclient.netty.channel.NettyConnectListener - Using new Channel '[id: 0x787f0914, L:/127.0.0.1:51362 - R:localhost/127.0.0.1:51351]' for 'GET' to '/devtools/browser/70576355-58c2-4a0a-99b0-8a8c236228ed'
00:41:00.325 [AsyncHttpClient-1-9] DEBUG org.asynchttpclient.netty.handler.WebSocketHandler - 

Request DefaultFullHttpRequest(decodeResult: success, version: HTTP/1.1, content: EmptyByteBufBE)
GET /devtools/browser/70576355-58c2-4a0a-99b0-8a8c236228ed HTTP/1.1
upgrade: websocket
connection: upgrade
sec-websocket-key: 9VLhekNXVGwvoeaaVkwIaQ==
sec-websocket-version: 13
origin: http://localhost:51351
host: localhost:51351
accept: */*
user-agent: AHC/2.1

Response DefaultHttpResponse(decodeResult: success, version: HTTP/1.1)
HTTP/1.1 101 WebSocket Protocol Handshake
Upgrade: WebSocket
Connection: Upgrade
Sec-WebSocket-Accept: ZLlBwR0m+N5EMnRBESQCJn6g88k=

00:41:00.332 [Forwarding get on session a9c8d5144b0b5dc583e27ecb2c374528 to remote] DEBUG org.asynchttpclient.netty.request.NettyRequestSender - Using pooled Channel '[id: 0xbe444f56, L:/127.0.0.1:51347 - R:localhost/127.0.0.1:55613]' for 'POST' to 'http://localhost:55613/session/a9c8d5144b0b5dc583e27ecb2c374528/url'
00:41:00.332 [Forwarding get on session a9c8d5144b0b5dc583e27ecb2c374528 to remote] DEBUG org.asynchttpclient.netty.request.NettyRequestSender - Using open Channel [id: 0xbe444f56, L:/127.0.0.1:51347 - R:localhost/127.0.0.1:55613] for POST '/session/a9c8d5144b0b5dc583e27ecb2c374528/url'
00:41:00.895 [AsyncHttpClient-1-1] DEBUG org.asynchttpclient.netty.channel.DefaultChannelPool - Entry count for : http://localhost:51351 : 1
00:41:02.001 [AsyncHttpClient-1-1] DEBUG org.asynchttpclient.netty.channel.DefaultChannelPool - Entry count for : http://localhost:51351 : 1
00:41:02.767 [AsyncHttpClient-1-7] DEBUG org.asynchttpclient.netty.handler.HttpHandler - 

Request DefaultHttpRequest(decodeResult: success, version: HTTP/1.1)
POST /session/a9c8d5144b0b5dc583e27ecb2c374528/url HTTP/1.1
User-Agent: selenium/4.1.2 (java windows)
Content-Length: 67
Content-Type: application/json; charset=utf-8
host: localhost:55613
accept: */*

Response DefaultHttpResponse(decodeResult: success, version: HTTP/1.1)
HTTP/1.1 200 OK
Content-Type: application/json; charset=utf-8
cache-control: no-cache
content-length: 14

00:41:02.768 [AsyncHttpClient-1-7] DEBUG org.asynchttpclient.netty.channel.ChannelManager - Adding key: http://localhost:55613 for channel [id: 0xbe444f56, L:/127.0.0.1:51347 - R:localhost/127.0.0.1:55613]
00:41:02.771 [Forwarding setTimeout on session a9c8d5144b0b5dc583e27ecb2c374528 to remote] DEBUG org.asynchttpclient.netty.request.NettyRequestSender - Using pooled Channel '[id: 0xbe444f56, L:/127.0.0.1:51347 - R:localhost/127.0.0.1:55613]' for 'POST' to 'http://localhost:55613/session/a9c8d5144b0b5dc583e27ecb2c374528/timeouts'
00:41:02.771 [Forwarding setTimeout on session a9c8d5144b0b5dc583e27ecb2c374528 to remote] DEBUG org.asynchttpclient.netty.request.NettyRequestSender - Using open Channel [id: 0xbe444f56, L:/127.0.0.1:51347 - R:localhost/127.0.0.1:55613] for POST '/session/a9c8d5144b0b5dc583e27ecb2c374528/timeouts'
00:41:02.774 [AsyncHttpClient-1-7] DEBUG org.asynchttpclient.netty.handler.HttpHandler - 

Request DefaultHttpRequest(decodeResult: success, version: HTTP/1.1)
POST /session/a9c8d5144b0b5dc583e27ecb2c374528/timeouts HTTP/1.1
User-Agent: selenium/4.1.2 (java windows)
Content-Length: 22
Content-Type: application/json; charset=utf-8
host: localhost:55613
accept: */*

Response DefaultHttpResponse(decodeResult: success, version: HTTP/1.1)
HTTP/1.1 200 OK
Content-Type: application/json; charset=utf-8
cache-control: no-cache
content-length: 14

00:41:02.774 [AsyncHttpClient-1-7] DEBUG org.asynchttpclient.netty.channel.ChannelManager - Adding key: http://localhost:55613 for channel [id: 0xbe444f56, L:/127.0.0.1:51347 - R:localhost/127.0.0.1:55613]
00:41:02.785 [Forwarding getCurrentUrl on session a9c8d5144b0b5dc583e27ecb2c374528 to remote] DEBUG org.asynchttpclient.netty.request.NettyRequestSender - Using pooled Channel '[id: 0xbe444f56, L:/127.0.0.1:51347 - R:localhost/127.0.0.1:55613]' for 'GET' to 'http://localhost:55613/session/a9c8d5144b0b5dc583e27ecb2c374528/url'
00:41:02.785 [Forwarding getCurrentUrl on session a9c8d5144b0b5dc583e27ecb2c374528 to remote] DEBUG org.asynchttpclient.netty.request.NettyRequestSender - Using open Channel [id: 0xbe444f56, L:/127.0.0.1:51347 - R:localhost/127.0.0.1:55613] for GET '/session/a9c8d5144b0b5dc583e27ecb2c374528/url'
00:41:02.797 [AsyncHttpClient-1-7] DEBUG org.asynchttpclient.netty.handler.HttpHandler - 

Request DefaultFullHttpRequest(decodeResult: success, version: HTTP/1.1, content: EmptyByteBufBE)
GET /session/a9c8d5144b0b5dc583e27ecb2c374528/url HTTP/1.1
User-Agent: selenium/4.1.2 (java windows)
Cache-Control: no-cache
Content-Type: application/json; charset=utf-8
host: localhost:55613
accept: */*

Response DefaultHttpResponse(decodeResult: success, version: HTTP/1.1)
HTTP/1.1 200 OK
Content-Type: application/json; charset=utf-8
cache-control: no-cache
content-length: 44

00:41:02.798 [AsyncHttpClient-1-7] DEBUG org.asynchttpclient.netty.channel.ChannelManager - Adding key: http://localhost:55613 for channel [id: 0xbe444f56, L:/127.0.0.1:51347 - R:localhost/127.0.0.1:55613]
00:41:02.808 [main] DEBUG net.serenitybdd.core.photography.Darkroom - Opening darkroom
00:41:02.809 [Darkroom Processing Line] DEBUG net.serenitybdd.core.photography.DarkroomProcessingLine - Darkroom processing line starting up
00:41:02.809 [Forwarding screenshot on session a9c8d5144b0b5dc583e27ecb2c374528 to remote] DEBUG org.asynchttpclient.netty.request.NettyRequestSender - Using pooled Channel '[id: 0xbe444f56, L:/127.0.0.1:51347 - R:localhost/127.0.0.1:55613]' for 'GET' to 'http://localhost:55613/session/a9c8d5144b0b5dc583e27ecb2c374528/screenshot'
00:41:02.809 [Forwarding screenshot on session a9c8d5144b0b5dc583e27ecb2c374528 to remote] DEBUG org.asynchttpclient.netty.request.NettyRequestSender - Using open Channel [id: 0xbe444f56, L:/127.0.0.1:51347 - R:localhost/127.0.0.1:55613] for GET '/session/a9c8d5144b0b5dc583e27ecb2c374528/screenshot'
00:41:02.995 [AsyncHttpClient-1-7] DEBUG org.asynchttpclient.netty.handler.HttpHandler - 

Request DefaultFullHttpRequest(decodeResult: success, version: HTTP/1.1, content: EmptyByteBufBE)
GET /session/a9c8d5144b0b5dc583e27ecb2c374528/screenshot HTTP/1.1
User-Agent: selenium/4.1.2 (java windows)
Cache-Control: no-cache
Content-Type: application/json; charset=utf-8
host: localhost:55613
accept: */*

Response DefaultHttpResponse(decodeResult: success, version: HTTP/1.1)
HTTP/1.1 200 OK
Content-Type: application/json; charset=utf-8
cache-control: no-cache
content-length: 44716

00:41:02.996 [AsyncHttpClient-1-7] DEBUG org.asynchttpclient.netty.channel.ChannelManager - Adding key: http://localhost:55613 for channel [id: 0xbe444f56, L:/127.0.0.1:51347 - R:localhost/127.0.0.1:55613]
00:41:02.997 [main] DEBUG net.serenitybdd.core.photography.Darkroom - Send negative for processing for target\site\serenity\33ddfa6718aa2f09fc0e18bea197612047bccd0f362db96346f936c9007dfd9e.png
00:41:02.998 [main] DEBUG net.thucydides.core.steps.StepInterceptor - STEP DONE: onRegisterPage
  &amp#27;[32mGiven &amp#27;[0m&amp#27;[32m&amp#27;[0m&amp#27;[32m&amp#27;[1mI&amp#27;[0m&amp#27;[32m am at register page&amp#27;[0m                      &amp#27;[90m# stepdefinitions.RegisterStep.iAmAtRegisterPage(java.lang.String)&amp#27;[0m
00:41:02.998 [Darkroom Processing Line] DEBUG net.serenitybdd.core.photography.DarkroomProcessingLine - Processing screenshot image in /var/screenshots/screenshot-18318889929235894676
00:41:02.998 [Darkroom Processing Line] DEBUG net.serenitybdd.core.photography.DarkroomProcessingLine - Saving screenshot to target\site\serenity\33ddfa6718aa2f09fc0e18bea197612047bccd0f362db96346f936c9007dfd9e.png
00:41:03.013 [main] DEBUG net.thucydides.core.steps.StepInterceptor - STARTING STEP: RegisterStep.iTypeFullname - typeFullname
00:41:03.015 [Forwarding findElement on session a9c8d5144b0b5dc583e27ecb2c374528 to remote] DEBUG org.asynchttpclient.netty.request.NettyRequestSender - Using pooled Channel '[id: 0xbe444f56, L:/127.0.0.1:51347 - R:localhost/127.0.0.1:55613]' for 'POST' to 'http://localhost:55613/session/a9c8d5144b0b5dc583e27ecb2c374528/element'
00:41:03.015 [Forwarding findElement on session a9c8d5144b0b5dc583e27ecb2c374528 to remote] DEBUG org.asynchttpclient.netty.request.NettyRequestSender - Using open Channel [id: 0xbe444f56, L:/127.0.0.1:51347 - R:localhost/127.0.0.1:55613] for POST '/session/a9c8d5144b0b5dc583e27ecb2c374528/element'
00:41:03.026 [AsyncHttpClient-1-7] DEBUG org.asynchttpclient.netty.handler.HttpHandler - 

Request DefaultHttpRequest(decodeResult: success, version: HTTP/1.1)
POST /session/a9c8d5144b0b5dc583e27ecb2c374528/element HTTP/1.1
User-Agent: selenium/4.1.2 (java windows)
Content-Length: 91
Content-Type: application/json; charset=utf-8
host: localhost:55613
accept: */*

Response DefaultHttpResponse(decodeResult: success, version: HTTP/1.1)
HTTP/1.1 200 OK
Content-Type: application/json; charset=utf-8
cache-control: no-cache
content-length: 88

00:41:03.026 [AsyncHttpClient-1-7] DEBUG org.asynchttpclient.netty.channel.ChannelManager - Adding key: http://localhost:55613 for channel [id: 0xbe444f56, L:/127.0.0.1:51347 - R:localhost/127.0.0.1:55613]
00:41:03.029 [Forwarding sendKeysToElement on session a9c8d5144b0b5dc583e27ecb2c374528 to remote] DEBUG org.asynchttpclient.netty.request.NettyRequestSender - Using pooled Channel '[id: 0xbe444f56, L:/127.0.0.1:51347 - R:localhost/127.0.0.1:55613]' for 'POST' to 'http://localhost:55613/session/a9c8d5144b0b5dc583e27ecb2c374528/element/74449aae-12ab-42b7-84ee-acb85191e152/value'
00:41:03.029 [Forwarding sendKeysToElement on session a9c8d5144b0b5dc583e27ecb2c374528 to remote] DEBUG org.asynchttpclient.netty.request.NettyRequestSender - Using open Channel [id: 0xbe444f56, L:/127.0.0.1:51347 - R:localhost/127.0.0.1:55613] for POST '/session/a9c8d5144b0b5dc583e27ecb2c374528/element/74449aae-12ab-42b7-84ee-acb85191e152/value'
00:41:03.113 [AsyncHttpClient-1-1] DEBUG org.asynchttpclient.netty.channel.DefaultChannelPool - Entry count for : http://localhost:51351 : 1
00:41:03.241 [AsyncHttpClient-1-7] DEBUG org.asynchttpclient.netty.handler.HttpHandler - 

Request DefaultHttpRequest(decodeResult: success, version: HTTP/1.1)
POST /session/a9c8d5144b0b5dc583e27ecb2c374528/element/74449aae-12ab-42b7-84ee-acb85191e152/value HTTP/1.1
User-Agent: selenium/4.1.2 (java windows)
Content-Length: 211
Content-Type: application/json; charset=utf-8
host: localhost:55613
accept: */*

Response DefaultHttpResponse(decodeResult: success, version: HTTP/1.1)
HTTP/1.1 200 OK
Content-Type: application/json; charset=utf-8
cache-control: no-cache
content-length: 14

00:41:03.241 [AsyncHttpClient-1-7] DEBUG org.asynchttpclient.netty.channel.ChannelManager - Adding key: http://localhost:55613 for channel [id: 0xbe444f56, L:/127.0.0.1:51347 - R:localhost/127.0.0.1:55613]
00:41:03.254 [Forwarding screenshot on session a9c8d5144b0b5dc583e27ecb2c374528 to remote] DEBUG org.asynchttpclient.netty.request.NettyRequestSender - Using pooled Channel '[id: 0xbe444f56, L:/127.0.0.1:51347 - R:localhost/127.0.0.1:55613]' for 'GET' to 'http://localhost:55613/session/a9c8d5144b0b5dc583e27ecb2c374528/screenshot'
00:41:03.254 [Forwarding screenshot on session a9c8d5144b0b5dc583e27ecb2c374528 to remote] DEBUG org.asynchttpclient.netty.request.NettyRequestSender - Using open Channel [id: 0xbe444f56, L:/127.0.0.1:51347 - R:localhost/127.0.0.1:55613] for GET '/session/a9c8d5144b0b5dc583e27ecb2c374528/screenshot'
00:41:03.554 [AsyncHttpClient-1-7] DEBUG org.asynchttpclient.netty.handler.HttpHandler - 

Request DefaultFullHttpRequest(decodeResult: success, version: HTTP/1.1, content: EmptyByteBufBE)
GET /session/a9c8d5144b0b5dc583e27ecb2c374528/screenshot HTTP/1.1
User-Agent: selenium/4.1.2 (java windows)
Cache-Control: no-cache
Content-Type: application/json; charset=utf-8
host: localhost:55613
accept: */*

Response DefaultHttpResponse(decodeResult: success, version: HTTP/1.1)
HTTP/1.1 200 OK
Content-Type: application/json; charset=utf-8
cache-control: no-cache
content-length: 48012

00:41:03.554 [AsyncHttpClient-1-7] DEBUG org.asynchttpclient.netty.channel.ChannelManager - Adding key: http://localhost:55613 for channel [id: 0xbe444f56, L:/127.0.0.1:51347 - R:localhost/127.0.0.1:55613]
00:41:03.556 [main] DEBUG net.serenitybdd.core.photography.Darkroom - Send negative for processing for target\site\serenity\60baad7a966ad5b9d1cb8186ae229e280ae44bdf32d55103b48e2e2c96b22d92.png
00:41:03.556 [main] DEBUG net.thucydides.core.steps.StepInterceptor - STEP DONE: typeFullname
  &amp#27;[32mWhen &amp#27;[0m&amp#27;[32mI type fullname &amp#27;[0m&amp#27;[32m&amp#27;[1mMei Apriliani&amp#27;[0m               &amp#27;[90m# stepdefinitions.RegisterStep.iTypeFullname(java.lang.String)&amp#27;[0m
00:41:03.556 [Darkroom Processing Line] DEBUG net.serenitybdd.core.photography.DarkroomProcessingLine - Processing screenshot image in /var/screenshots/screenshot-6718651584683722651
00:41:03.556 [Darkroom Processing Line] DEBUG net.serenitybdd.core.photography.DarkroomProcessingLine - Saving screenshot to target\site\serenity\60baad7a966ad5b9d1cb8186ae229e280ae44bdf32d55103b48e2e2c96b22d92.png
00:41:04.082 [Forwarding screenshot on session a9c8d5144b0b5dc583e27ecb2c374528 to remote] DEBUG org.asynchttpclient.netty.request.NettyRequestSender - Using pooled Channel '[id: 0xbe444f56, L:/127.0.0.1:51347 - R:localhost/127.0.0.1:55613]' for 'GET' to 'http://localhost:55613/session/a9c8d5144b0b5dc583e27ecb2c374528/screenshot'
00:41:04.082 [Forwarding screenshot on session a9c8d5144b0b5dc583e27ecb2c374528 to remote] DEBUG org.asynchttpclient.netty.request.NettyRequestSender - Using open Channel [id: 0xbe444f56, L:/127.0.0.1:51347 - R:localhost/127.0.0.1:55613] for GET '/session/a9c8d5144b0b5dc583e27ecb2c374528/screenshot'
00:41:04.204 [AsyncHttpClient-1-1] DEBUG org.asynchttpclient.netty.channel.DefaultChannelPool - Entry count for : http://localhost:51351 : 1
00:41:04.319 [AsyncHttpClient-1-7] DEBUG org.asynchttpclient.netty.handler.HttpHandler - 

Request DefaultFullHttpRequest(decodeResult: success, version: HTTP/1.1, content: EmptyByteBufBE)
GET /session/a9c8d5144b0b5dc583e27ecb2c374528/screenshot HTTP/1.1
User-Agent: selenium/4.1.2 (java windows)
Cache-Control: no-cache
Content-Type: application/json; charset=utf-8
host: localhost:55613
accept: */*

Response DefaultHttpResponse(decodeResult: success, version: HTTP/1.1)
HTTP/1.1 200 OK
Content-Type: application/json; charset=utf-8
cache-control: no-cache
content-length: 46952

00:41:04.319 [AsyncHttpClient-1-7] DEBUG org.asynchttpclient.netty.channel.ChannelManager - Adding key: http://localhost:55613 for channel [id: 0xbe444f56, L:/127.0.0.1:51347 - R:localhost/127.0.0.1:55613]
00:41:04.321 [main] DEBUG net.serenitybdd.core.photography.Darkroom - Send negative for processing for target\site\serenity\5a0d77f8332dbf9b73177121776d831634f71c1d7d861b15c837e2d38e6ce87f.png
00:41:04.322 [main] DEBUG net.thucydides.core.steps.StepInterceptor - STARTING STEP: RegisterStep.iTypeEmail - typeEmail
00:41:04.322 [Darkroom Processing Line] DEBUG net.serenitybdd.core.photography.DarkroomProcessingLine - Processing screenshot image in /var/screenshots/screenshot-16612257251911706809
00:41:04.322 [Darkroom Processing Line] DEBUG net.serenitybdd.core.photography.DarkroomProcessingLine - Saving screenshot to target\site\serenity\5a0d77f8332dbf9b73177121776d831634f71c1d7d861b15c837e2d38e6ce87f.png
00:41:04.325 [Forwarding findElement on session a9c8d5144b0b5dc583e27ecb2c374528 to remote] DEBUG org.asynchttpclient.netty.request.NettyRequestSender - Using pooled Channel '[id: 0xbe444f56, L:/127.0.0.1:51347 - R:localhost/127.0.0.1:55613]' for 'POST' to 'http://localhost:55613/session/a9c8d5144b0b5dc583e27ecb2c374528/element'
00:41:04.325 [Forwarding findElement on session a9c8d5144b0b5dc583e27ecb2c374528 to remote] DEBUG org.asynchttpclient.netty.request.NettyRequestSender - Using open Channel [id: 0xbe444f56, L:/127.0.0.1:51347 - R:localhost/127.0.0.1:55613] for POST '/session/a9c8d5144b0b5dc583e27ecb2c374528/element'
00:41:04.341 [AsyncHttpClient-1-7] DEBUG org.asynchttpclient.netty.handler.HttpHandler - 

Request DefaultHttpRequest(decodeResult: success, version: HTTP/1.1)
POST /session/a9c8d5144b0b5dc583e27ecb2c374528/element HTTP/1.1
User-Agent: selenium/4.1.2 (java windows)
Content-Length: 84
Content-Type: application/json; charset=utf-8
host: localhost:55613
accept: */*

Response DefaultHttpResponse(decodeResult: success, version: HTTP/1.1)
HTTP/1.1 200 OK
Content-Type: application/json; charset=utf-8
cache-control: no-cache
content-length: 88

00:41:04.341 [AsyncHttpClient-1-7] DEBUG org.asynchttpclient.netty.channel.ChannelManager - Adding key: http://localhost:55613 for channel [id: 0xbe444f56, L:/127.0.0.1:51347 - R:localhost/127.0.0.1:55613]
00:41:04.347 [Forwarding sendKeysToElement on session a9c8d5144b0b5dc583e27ecb2c374528 to remote] DEBUG org.asynchttpclient.netty.request.NettyRequestSender - Using pooled Channel '[id: 0xbe444f56, L:/127.0.0.1:51347 - R:localhost/127.0.0.1:55613]' for 'POST' to 'http://localhost:55613/session/a9c8d5144b0b5dc583e27ecb2c374528/element/0ab597a5-b960-44ce-a6ae-111a3b996864/value'
00:41:04.347 [Forwarding sendKeysToElement on session a9c8d5144b0b5dc583e27ecb2c374528 to remote] DEBUG org.asynchttpclient.netty.request.NettyRequestSender - Using open Channel [id: 0xbe444f56, L:/127.0.0.1:51347 - R:localhost/127.0.0.1:55613] for POST '/session/a9c8d5144b0b5dc583e27ecb2c374528/element/0ab597a5-b960-44ce-a6ae-111a3b996864/value'
00:41:04.523 [AsyncHttpClient-1-7] DEBUG org.asynchttpclient.netty.handler.HttpHandler - 

Request DefaultHttpRequest(decodeResult: success, version: HTTP/1.1)
POST /session/a9c8d5144b0b5dc583e27ecb2c374528/element/0ab597a5-b960-44ce-a6ae-111a3b996864/value HTTP/1.1
User-Agent: selenium/4.1.2 (java windows)
Content-Length: 351
Content-Type: application/json; charset=utf-8
host: localhost:55613
accept: */*

Response DefaultHttpResponse(decodeResult: success, version: HTTP/1.1)
HTTP/1.1 200 OK
Content-Type: application/json; charset=utf-8
cache-control: no-cache
content-length: 14

00:41:04.524 [AsyncHttpClient-1-7] DEBUG org.asynchttpclient.netty.channel.ChannelManager - Adding key: http://localhost:55613 for channel [id: 0xbe444f56, L:/127.0.0.1:51347 - R:localhost/127.0.0.1:55613]
00:41:04.529 [Forwarding screenshot on session a9c8d5144b0b5dc583e27ecb2c374528 to remote] DEBUG org.asynchttpclient.netty.request.NettyRequestSender - Using pooled Channel '[id: 0xbe444f56, L:/127.0.0.1:51347 - R:localhost/127.0.0.1:55613]' for 'GET' to 'http://localhost:55613/session/a9c8d5144b0b5dc583e27ecb2c374528/screenshot'
00:41:04.529 [Forwarding screenshot on session a9c8d5144b0b5dc583e27ecb2c374528 to remote] DEBUG org.asynchttpclient.netty.request.NettyRequestSender - Using open Channel [id: 0xbe444f56, L:/127.0.0.1:51347 - R:localhost/127.0.0.1:55613] for GET '/session/a9c8d5144b0b5dc583e27ecb2c374528/screenshot'
00:41:04.687 [AsyncHttpClient-1-7] DEBUG org.asynchttpclient.netty.handler.HttpHandler - 

Request DefaultFullHttpRequest(decodeResult: success, version: HTTP/1.1, content: EmptyByteBufBE)
GET /session/a9c8d5144b0b5dc583e27ecb2c374528/screenshot HTTP/1.1
User-Agent: selenium/4.1.2 (java windows)
Cache-Control: no-cache
Content-Type: application/json; charset=utf-8
host: localhost:55613
accept: */*

Response DefaultHttpResponse(decodeResult: success, version: HTTP/1.1)
HTTP/1.1 200 OK
Content-Type: application/json; charset=utf-8
cache-control: no-cache
content-length: 56172

00:41:04.687 [AsyncHttpClient-1-7] DEBUG org.asynchttpclient.netty.channel.ChannelManager - Adding key: http://localhost:55613 for channel [id: 0xbe444f56, L:/127.0.0.1:51347 - R:localhost/127.0.0.1:55613]
00:41:04.689 [main] DEBUG net.serenitybdd.core.photography.Darkroom - Send negative for processing for target\site\serenity\6d5b77fb30102f63e0c495c44d28746b1bd6720f67bca35dbcd3380c4c187aa9.png
00:41:04.689 [main] DEBUG net.thucydides.core.steps.StepInterceptor - STEP DONE: typeEmail
  &amp#27;[32mAnd &amp#27;[0m&amp#27;[32mI type email&amp#27;[0m                                 &amp#27;[90m# stepdefinitions.RegisterStep.iTypeEmail()&amp#27;[0m
00:41:04.689 [Darkroom Processing Line] DEBUG net.serenitybdd.core.photography.DarkroomProcessingLine - Processing screenshot image in /var/screenshots/screenshot-3723521780352659221
00:41:04.689 [Darkroom Processing Line] DEBUG net.serenitybdd.core.photography.DarkroomProcessingLine - Saving screenshot to target\site\serenity\6d5b77fb30102f63e0c495c44d28746b1bd6720f67bca35dbcd3380c4c187aa9.png
00:41:04.706 [main] DEBUG net.thucydides.core.steps.StepInterceptor - STARTING STEP: RegisterStep.iTypePassword - typePassword
00:41:04.707 [Forwarding findElement on session a9c8d5144b0b5dc583e27ecb2c374528 to remote] DEBUG org.asynchttpclient.netty.request.NettyRequestSender - Using pooled Channel '[id: 0xbe444f56, L:/127.0.0.1:51347 - R:localhost/127.0.0.1:55613]' for 'POST' to 'http://localhost:55613/session/a9c8d5144b0b5dc583e27ecb2c374528/element'
00:41:04.707 [Forwarding findElement on session a9c8d5144b0b5dc583e27ecb2c374528 to remote] DEBUG org.asynchttpclient.netty.request.NettyRequestSender - Using open Channel [id: 0xbe444f56, L:/127.0.0.1:51347 - R:localhost/127.0.0.1:55613] for POST '/session/a9c8d5144b0b5dc583e27ecb2c374528/element'
00:41:04.718 [AsyncHttpClient-1-7] DEBUG org.asynchttpclient.netty.handler.HttpHandler - 

Request DefaultHttpRequest(decodeResult: success, version: HTTP/1.1)
POST /session/a9c8d5144b0b5dc583e27ecb2c374528/element HTTP/1.1
User-Agent: selenium/4.1.2 (java windows)
Content-Length: 87
Content-Type: application/json; charset=utf-8
host: localhost:55613
accept: */*

Response DefaultHttpResponse(decodeResult: success, version: HTTP/1.1)
HTTP/1.1 200 OK
Content-Type: application/json; charset=utf-8
cache-control: no-cache
content-length: 88

00:41:04.718 [AsyncHttpClient-1-7] DEBUG org.asynchttpclient.netty.channel.ChannelManager - Adding key: http://localhost:55613 for channel [id: 0xbe444f56, L:/127.0.0.1:51347 - R:localhost/127.0.0.1:55613]
00:41:04.719 [Forwarding sendKeysToElement on session a9c8d5144b0b5dc583e27ecb2c374528 to remote] DEBUG org.asynchttpclient.netty.request.NettyRequestSender - Using pooled Channel '[id: 0xbe444f56, L:/127.0.0.1:51347 - R:localhost/127.0.0.1:55613]' for 'POST' to 'http://localhost:55613/session/a9c8d5144b0b5dc583e27ecb2c374528/element/e2182b14-4d60-49cc-a632-75b832096896/value'
00:41:04.719 [Forwarding sendKeysToElement on session a9c8d5144b0b5dc583e27ecb2c374528 to remote] DEBUG org.asynchttpclient.netty.request.NettyRequestSender - Using open Channel [id: 0xbe444f56, L:/127.0.0.1:51347 - R:localhost/127.0.0.1:55613] for POST '/session/a9c8d5144b0b5dc583e27ecb2c374528/element/e2182b14-4d60-49cc-a632-75b832096896/value'
00:41:04.782 [AsyncHttpClient-1-7] DEBUG org.asynchttpclient.netty.handler.HttpHandler - 

Request DefaultHttpRequest(decodeResult: success, version: HTTP/1.1)
POST /session/a9c8d5144b0b5dc583e27ecb2c374528/element/e2182b14-4d60-49cc-a632-75b832096896/value HTTP/1.1
User-Agent: selenium/4.1.2 (java windows)
Content-Length: 131
Content-Type: application/json; charset=utf-8
host: localhost:55613
accept: */*

Response DefaultHttpResponse(decodeResult: success, version: HTTP/1.1)
HTTP/1.1 200 OK
Content-Type: application/json; charset=utf-8
cache-control: no-cache
content-length: 14

00:41:04.783 [AsyncHttpClient-1-7] DEBUG org.asynchttpclient.netty.channel.ChannelManager - Adding key: http://localhost:55613 for channel [id: 0xbe444f56, L:/127.0.0.1:51347 - R:localhost/127.0.0.1:55613]
00:41:04.787 [Forwarding screenshot on session a9c8d5144b0b5dc583e27ecb2c374528 to remote] DEBUG org.asynchttpclient.netty.request.NettyRequestSender - Using pooled Channel '[id: 0xbe444f56, L:/127.0.0.1:51347 - R:localhost/127.0.0.1:55613]' for 'GET' to 'http://localhost:55613/session/a9c8d5144b0b5dc583e27ecb2c374528/screenshot'
00:41:04.787 [Forwarding screenshot on session a9c8d5144b0b5dc583e27ecb2c374528 to remote] DEBUG org.asynchttpclient.netty.request.NettyRequestSender - Using open Channel [id: 0xbe444f56, L:/127.0.0.1:51347 - R:localhost/127.0.0.1:55613] for GET '/session/a9c8d5144b0b5dc583e27ecb2c374528/screenshot'
00:41:04.955 [AsyncHttpClient-1-7] DEBUG org.asynchttpclient.netty.handler.HttpHandler - 

Request DefaultFullHttpRequest(decodeResult: success, version: HTTP/1.1, content: EmptyByteBufBE)
GET /session/a9c8d5144b0b5dc583e27ecb2c374528/screenshot HTTP/1.1
User-Agent: selenium/4.1.2 (java windows)
Cache-Control: no-cache
Content-Type: application/json; charset=utf-8
host: localhost:55613
accept: */*

Response DefaultHttpResponse(decodeResult: success, version: HTTP/1.1)
HTTP/1.1 200 OK
Content-Type: application/json; charset=utf-8
cache-control: no-cache
content-length: 57760

00:41:04.955 [AsyncHttpClient-1-7] DEBUG org.asynchttpclient.netty.channel.ChannelManager - Adding key: http://localhost:55613 for channel [id: 0xbe444f56, L:/127.0.0.1:51347 - R:localhost/127.0.0.1:55613]
00:41:04.957 [main] DEBUG net.serenitybdd.core.photography.Darkroom - Send negative for processing for target\site\serenity\9b7c8ff0157321af4e47a292bd584323768b4756fb2dacf7babf01e5dc25763f.png
00:41:04.957 [main] DEBUG net.thucydides.core.steps.StepInterceptor - STEP DONE: typePassword
  &amp#27;[32mAnd &amp#27;[0m&amp#27;[32mI type password &amp#27;[0m&amp#27;[32m&amp#27;[1maiueo&amp#27;[0m                        &amp#27;[90m# stepdefinitions.RegisterStep.iTypePassword(java.lang.String)&amp#27;[0m
00:41:04.958 [Darkroom Processing Line] DEBUG net.serenitybdd.core.photography.DarkroomProcessingLine - Processing screenshot image in /var/screenshots/screenshot-7631041782752049311
00:41:04.958 [Darkroom Processing Line] DEBUG net.serenitybdd.core.photography.DarkroomProcessingLine - Saving screenshot to target\site\serenity\9b7c8ff0157321af4e47a292bd584323768b4756fb2dacf7babf01e5dc25763f.png
00:41:04.971 [main] DEBUG net.thucydides.core.steps.StepInterceptor - STARTING STEP: RegisterStep.iClickLoginButton - clickRegisterButton
00:41:04.973 [Forwarding findElement on session a9c8d5144b0b5dc583e27ecb2c374528 to remote] DEBUG org.asynchttpclient.netty.request.NettyRequestSender - Using pooled Channel '[id: 0xbe444f56, L:/127.0.0.1:51347 - R:localhost/127.0.0.1:55613]' for 'POST' to 'http://localhost:55613/session/a9c8d5144b0b5dc583e27ecb2c374528/element'
00:41:04.973 [Forwarding findElement on session a9c8d5144b0b5dc583e27ecb2c374528 to remote] DEBUG org.asynchttpclient.netty.request.NettyRequestSender - Using open Channel [id: 0xbe444f56, L:/127.0.0.1:51347 - R:localhost/127.0.0.1:55613] for POST '/session/a9c8d5144b0b5dc583e27ecb2c374528/element'
00:41:04.986 [AsyncHttpClient-1-7] DEBUG org.asynchttpclient.netty.handler.HttpHandler - 

Request DefaultHttpRequest(decodeResult: success, version: HTTP/1.1)
POST /session/a9c8d5144b0b5dc583e27ecb2c374528/element HTTP/1.1
User-Agent: selenium/4.1.2 (java windows)
Content-Length: 155
Content-Type: application/json; charset=utf-8
host: localhost:55613
accept: */*

Response DefaultHttpResponse(decodeResult: success, version: HTTP/1.1)
HTTP/1.1 200 OK
Content-Type: application/json; charset=utf-8
cache-control: no-cache
content-length: 88

00:41:04.986 [AsyncHttpClient-1-7] DEBUG org.asynchttpclient.netty.channel.ChannelManager - Adding key: http://localhost:55613 for channel [id: 0xbe444f56, L:/127.0.0.1:51347 - R:localhost/127.0.0.1:55613]
00:41:04.988 [Forwarding getElementTagName on session a9c8d5144b0b5dc583e27ecb2c374528 to remote] DEBUG org.asynchttpclient.netty.request.NettyRequestSender - Using pooled Channel '[id: 0xbe444f56, L:/127.0.0.1:51347 - R:localhost/127.0.0.1:55613]' for 'GET' to 'http://localhost:55613/session/a9c8d5144b0b5dc583e27ecb2c374528/element/1dd48033-f1db-48f3-a03a-941474488fb3/name'
00:41:04.988 [Forwarding getElementTagName on session a9c8d5144b0b5dc583e27ecb2c374528 to remote] DEBUG org.asynchttpclient.netty.request.NettyRequestSender - Using open Channel [id: 0xbe444f56, L:/127.0.0.1:51347 - R:localhost/127.0.0.1:55613] for GET '/session/a9c8d5144b0b5dc583e27ecb2c374528/element/1dd48033-f1db-48f3-a03a-941474488fb3/name'
00:41:04.992 [AsyncHttpClient-1-7] DEBUG org.asynchttpclient.netty.handler.HttpHandler - 

Request DefaultFullHttpRequest(decodeResult: success, version: HTTP/1.1, content: EmptyByteBufBE)
GET /session/a9c8d5144b0b5dc583e27ecb2c374528/element/1dd48033-f1db-48f3-a03a-941474488fb3/name HTTP/1.1
User-Agent: selenium/4.1.2 (java windows)
Cache-Control: no-cache
Content-Type: application/json; charset=utf-8
host: localhost:55613
accept: */*

Response DefaultHttpResponse(decodeResult: success, version: HTTP/1.1)
HTTP/1.1 200 OK
Content-Type: application/json; charset=utf-8
cache-control: no-cache
content-length: 18

00:41:04.992 [AsyncHttpClient-1-7] DEBUG org.asynchttpclient.netty.channel.ChannelManager - Adding key: http://localhost:55613 for channel [id: 0xbe444f56, L:/127.0.0.1:51347 - R:localhost/127.0.0.1:55613]
00:41:04.998 [Forwarding getElementTagName on session a9c8d5144b0b5dc583e27ecb2c374528 to remote] DEBUG org.asynchttpclient.netty.request.NettyRequestSender - Using pooled Channel '[id: 0xbe444f56, L:/127.0.0.1:51347 - R:localhost/127.0.0.1:55613]' for 'GET' to 'http://localhost:55613/session/a9c8d5144b0b5dc583e27ecb2c374528/element/1dd48033-f1db-48f3-a03a-941474488fb3/name'
00:41:04.998 [Forwarding getElementTagName on session a9c8d5144b0b5dc583e27ecb2c374528 to remote] DEBUG org.asynchttpclient.netty.request.NettyRequestSender - Using open Channel [id: 0xbe444f56, L:/127.0.0.1:51347 - R:localhost/127.0.0.1:55613] for GET '/session/a9c8d5144b0b5dc583e27ecb2c374528/element/1dd48033-f1db-48f3-a03a-941474488fb3/name'
00:41:05.003 [AsyncHttpClient-1-7] DEBUG org.asynchttpclient.netty.handler.HttpHandler - 

Request DefaultFullHttpRequest(decodeResult: success, version: HTTP/1.1, content: EmptyByteBufBE)
GET /session/a9c8d5144b0b5dc583e27ecb2c374528/element/1dd48033-f1db-48f3-a03a-941474488fb3/name HTTP/1.1
User-Agent: selenium/4.1.2 (java windows)
Cache-Control: no-cache
Content-Type: application/json; charset=utf-8
host: localhost:55613
accept: */*

Response DefaultHttpResponse(decodeResult: success, version: HTTP/1.1)
HTTP/1.1 200 OK
Content-Type: application/json; charset=utf-8
cache-control: no-cache
content-length: 18

00:41:05.003 [AsyncHttpClient-1-7] DEBUG org.asynchttpclient.netty.channel.ChannelManager - Adding key: http://localhost:55613 for channel [id: 0xbe444f56, L:/127.0.0.1:51347 - R:localhost/127.0.0.1:55613]
00:41:05.005 [Forwarding isElementEnabled on session a9c8d5144b0b5dc583e27ecb2c374528 to remote] DEBUG org.asynchttpclient.netty.request.NettyRequestSender - Using pooled Channel '[id: 0xbe444f56, L:/127.0.0.1:51347 - R:localhost/127.0.0.1:55613]' for 'GET' to 'http://localhost:55613/session/a9c8d5144b0b5dc583e27ecb2c374528/element/1dd48033-f1db-48f3-a03a-941474488fb3/enabled'
00:41:05.005 [Forwarding isElementEnabled on session a9c8d5144b0b5dc583e27ecb2c374528 to remote] DEBUG org.asynchttpclient.netty.request.NettyRequestSender - Using open Channel [id: 0xbe444f56, L:/127.0.0.1:51347 - R:localhost/127.0.0.1:55613] for GET '/session/a9c8d5144b0b5dc583e27ecb2c374528/element/1dd48033-f1db-48f3-a03a-941474488fb3/enabled'
00:41:05.015 [AsyncHttpClient-1-7] DEBUG org.asynchttpclient.netty.handler.HttpHandler - 

Request DefaultFullHttpRequest(decodeResult: success, version: HTTP/1.1, content: EmptyByteBufBE)
GET /session/a9c8d5144b0b5dc583e27ecb2c374528/element/1dd48033-f1db-48f3-a03a-941474488fb3/enabled HTTP/1.1
User-Agent: selenium/4.1.2 (java windows)
Cache-Control: no-cache
Content-Type: application/json; charset=utf-8
host: localhost:55613
accept: */*

Response DefaultHttpResponse(decodeResult: success, version: HTTP/1.1)
HTTP/1.1 200 OK
Content-Type: application/json; charset=utf-8
cache-control: no-cache
content-length: 14

00:41:05.016 [AsyncHttpClient-1-7] DEBUG org.asynchttpclient.netty.channel.ChannelManager - Adding key: http://localhost:55613 for channel [id: 0xbe444f56, L:/127.0.0.1:51347 - R:localhost/127.0.0.1:55613]
00:41:05.017 [Forwarding isElementEnabled on session a9c8d5144b0b5dc583e27ecb2c374528 to remote] DEBUG org.asynchttpclient.netty.request.NettyRequestSender - Using pooled Channel '[id: 0xbe444f56, L:/127.0.0.1:51347 - R:localhost/127.0.0.1:55613]' for 'GET' to 'http://localhost:55613/session/a9c8d5144b0b5dc583e27ecb2c374528/element/1dd48033-f1db-48f3-a03a-941474488fb3/enabled'
00:41:05.017 [Forwarding isElementEnabled on session a9c8d5144b0b5dc583e27ecb2c374528 to remote] DEBUG org.asynchttpclient.netty.request.NettyRequestSender - Using open Channel [id: 0xbe444f56, L:/127.0.0.1:51347 - R:localhost/127.0.0.1:55613] for GET '/session/a9c8d5144b0b5dc583e27ecb2c374528/element/1dd48033-f1db-48f3-a03a-941474488fb3/enabled'
00:41:05.022 [AsyncHttpClient-1-7] DEBUG org.asynchttpclient.netty.handler.HttpHandler - 

Request DefaultFullHttpRequest(decodeResult: success, version: HTTP/1.1, content: EmptyByteBufBE)
GET /session/a9c8d5144b0b5dc583e27ecb2c374528/element/1dd48033-f1db-48f3-a03a-941474488fb3/enabled HTTP/1.1
User-Agent: selenium/4.1.2 (java windows)
Cache-Control: no-cache
Content-Type: application/json; charset=utf-8
host: localhost:55613
accept: */*

Response DefaultHttpResponse(decodeResult: success, version: HTTP/1.1)
HTTP/1.1 200 OK
Content-Type: application/json; charset=utf-8
cache-control: no-cache
content-length: 14

00:41:05.022 [AsyncHttpClient-1-7] DEBUG org.asynchttpclient.netty.channel.ChannelManager - Adding key: http://localhost:55613 for channel [id: 0xbe444f56, L:/127.0.0.1:51347 - R:localhost/127.0.0.1:55613]
00:41:05.024 [Forwarding findElement on session a9c8d5144b0b5dc583e27ecb2c374528 to remote] DEBUG org.asynchttpclient.netty.request.NettyRequestSender - Using pooled Channel '[id: 0xbe444f56, L:/127.0.0.1:51347 - R:localhost/127.0.0.1:55613]' for 'POST' to 'http://localhost:55613/session/a9c8d5144b0b5dc583e27ecb2c374528/element'
00:41:05.024 [Forwarding findElement on session a9c8d5144b0b5dc583e27ecb2c374528 to remote] DEBUG org.asynchttpclient.netty.request.NettyRequestSender - Using open Channel [id: 0xbe444f56, L:/127.0.0.1:51347 - R:localhost/127.0.0.1:55613] for POST '/session/a9c8d5144b0b5dc583e27ecb2c374528/element'
00:41:05.033 [AsyncHttpClient-1-7] DEBUG org.asynchttpclient.netty.handler.HttpHandler - 

Request DefaultHttpRequest(decodeResult: success, version: HTTP/1.1)
POST /session/a9c8d5144b0b5dc583e27ecb2c374528/element HTTP/1.1
User-Agent: selenium/4.1.2 (java windows)
Content-Length: 155
Content-Type: application/json; charset=utf-8
host: localhost:55613
accept: */*

Response DefaultHttpResponse(decodeResult: success, version: HTTP/1.1)
HTTP/1.1 200 OK
Content-Type: application/json; charset=utf-8
cache-control: no-cache
content-length: 88

00:41:05.033 [AsyncHttpClient-1-7] DEBUG org.asynchttpclient.netty.channel.ChannelManager - Adding key: http://localhost:55613 for channel [id: 0xbe444f56, L:/127.0.0.1:51347 - R:localhost/127.0.0.1:55613]
00:41:05.034 [Forwarding clickElement on session a9c8d5144b0b5dc583e27ecb2c374528 to remote] DEBUG org.asynchttpclient.netty.request.NettyRequestSender - Using pooled Channel '[id: 0xbe444f56, L:/127.0.0.1:51347 - R:localhost/127.0.0.1:55613]' for 'POST' to 'http://localhost:55613/session/a9c8d5144b0b5dc583e27ecb2c374528/element/1dd48033-f1db-48f3-a03a-941474488fb3/click'
00:41:05.034 [Forwarding clickElement on session a9c8d5144b0b5dc583e27ecb2c374528 to remote] DEBUG org.asynchttpclient.netty.request.NettyRequestSender - Using open Channel [id: 0xbe444f56, L:/127.0.0.1:51347 - R:localhost/127.0.0.1:55613] for POST '/session/a9c8d5144b0b5dc583e27ecb2c374528/element/1dd48033-f1db-48f3-a03a-941474488fb3/click'
00:41:05.101 [AsyncHttpClient-1-7] DEBUG org.asynchttpclient.netty.handler.HttpHandler - 

Request DefaultHttpRequest(decodeResult: success, version: HTTP/1.1)
POST /session/a9c8d5144b0b5dc583e27ecb2c374528/element/1dd48033-f1db-48f3-a03a-941474488fb3/click HTTP/1.1
User-Agent: selenium/4.1.2 (java windows)
Content-Length: 50
Content-Type: application/json; charset=utf-8
host: localhost:55613
accept: */*

Response DefaultHttpResponse(decodeResult: success, version: HTTP/1.1)
HTTP/1.1 200 OK
Content-Type: application/json; charset=utf-8
cache-control: no-cache
content-length: 14

00:41:05.101 [AsyncHttpClient-1-7] DEBUG org.asynchttpclient.netty.channel.ChannelManager - Adding key: http://localhost:55613 for channel [id: 0xbe444f56, L:/127.0.0.1:51347 - R:localhost/127.0.0.1:55613]
00:41:05.106 [Forwarding screenshot on session a9c8d5144b0b5dc583e27ecb2c374528 to remote] DEBUG org.asynchttpclient.netty.request.NettyRequestSender - Using pooled Channel '[id: 0xbe444f56, L:/127.0.0.1:51347 - R:localhost/127.0.0.1:55613]' for 'GET' to 'http://localhost:55613/session/a9c8d5144b0b5dc583e27ecb2c374528/screenshot'
00:41:05.106 [Forwarding screenshot on session a9c8d5144b0b5dc583e27ecb2c374528 to remote] DEBUG org.asynchttpclient.netty.request.NettyRequestSender - Using open Channel [id: 0xbe444f56, L:/127.0.0.1:51347 - R:localhost/127.0.0.1:55613] for GET '/session/a9c8d5144b0b5dc583e27ecb2c374528/screenshot'
00:41:05.296 [AsyncHttpClient-1-1] DEBUG org.asynchttpclient.netty.channel.DefaultChannelPool - Entry count for : http://localhost:51351 : 1
00:41:05.340 [AsyncHttpClient-1-7] DEBUG org.asynchttpclient.netty.handler.HttpHandler - 

Request DefaultFullHttpRequest(decodeResult: success, version: HTTP/1.1, content: EmptyByteBufBE)
GET /session/a9c8d5144b0b5dc583e27ecb2c374528/screenshot HTTP/1.1
User-Agent: selenium/4.1.2 (java windows)
Cache-Control: no-cache
Content-Type: application/json; charset=utf-8
host: localhost:55613
accept: */*

Response DefaultHttpResponse(decodeResult: success, version: HTTP/1.1)
HTTP/1.1 200 OK
Content-Type: application/json; charset=utf-8
cache-control: no-cache
content-length: 57180

00:41:05.340 [AsyncHttpClient-1-7] DEBUG org.asynchttpclient.netty.channel.ChannelManager - Adding key: http://localhost:55613 for channel [id: 0xbe444f56, L:/127.0.0.1:51347 - R:localhost/127.0.0.1:55613]
00:41:05.342 [main] DEBUG net.serenitybdd.core.photography.Darkroom - Send negative for processing for target\site\serenity\db7240e04d0bb2d5f56d1d204b62eb274eac713b08c8940a10fb3ca73051ff9b.png
00:41:05.344 [main] DEBUG net.thucydides.core.steps.StepInterceptor - STEP DONE: clickRegisterButton
  &amp#27;[32mAnd &amp#27;[0m&amp#27;[32mI click Register button&amp#27;[0m                      &amp#27;[90m# stepdefinitions.RegisterStep.iClickLoginButton()&amp#27;[0m
00:41:05.345 [Darkroom Processing Line] DEBUG net.serenitybdd.core.photography.DarkroomProcessingLine - Processing screenshot image in /var/screenshots/screenshot-4541758071391846383
00:41:05.345 [Darkroom Processing Line] DEBUG net.serenitybdd.core.photography.DarkroomProcessingLine - Saving screenshot to target\site\serenity\db7240e04d0bb2d5f56d1d204b62eb274eac713b08c8940a10fb3ca73051ff9b.png
00:41:05.367 [main] DEBUG net.thucydides.core.steps.StepInterceptor - STARTING STEP: RegisterStep.iOnLoginPage - validateOnLoginPage
00:41:05.371 [Forwarding findElement on session a9c8d5144b0b5dc583e27ecb2c374528 to remote] DEBUG org.asynchttpclient.netty.request.NettyRequestSender - Using pooled Channel '[id: 0xbe444f56, L:/127.0.0.1:51347 - R:localhost/127.0.0.1:55613]' for 'POST' to 'http://localhost:55613/session/a9c8d5144b0b5dc583e27ecb2c374528/element'
00:41:05.372 [Forwarding findElement on session a9c8d5144b0b5dc583e27ecb2c374528 to remote] DEBUG org.asynchttpclient.netty.request.NettyRequestSender - Using open Channel [id: 0xbe444f56, L:/127.0.0.1:51347 - R:localhost/127.0.0.1:55613] for POST '/session/a9c8d5144b0b5dc583e27ecb2c374528/element'
00:41:05.396 [AsyncHttpClient-1-7] DEBUG org.asynchttpclient.netty.handler.HttpHandler - 

Request DefaultHttpRequest(decodeResult: success, version: HTTP/1.1)
POST /session/a9c8d5144b0b5dc583e27ecb2c374528/element HTTP/1.1
User-Agent: selenium/4.1.2 (java windows)
Content-Length: 76
Content-Type: application/json; charset=utf-8
host: localhost:55613
accept: */*

Response DefaultHttpResponse(decodeResult: success, version: HTTP/1.1)
HTTP/1.1 200 OK
Content-Type: application/json; charset=utf-8
cache-control: no-cache
content-length: 88

00:41:05.396 [AsyncHttpClient-1-7] DEBUG org.asynchttpclient.netty.channel.ChannelManager - Adding key: http://localhost:55613 for channel [id: 0xbe444f56, L:/127.0.0.1:51347 - R:localhost/127.0.0.1:55613]
00:41:05.404 [Forwarding isElementDisplayed on session a9c8d5144b0b5dc583e27ecb2c374528 to remote] DEBUG org.asynchttpclient.netty.request.NettyRequestSender - Using pooled Channel '[id: 0xbe444f56, L:/127.0.0.1:51347 - R:localhost/127.0.0.1:55613]' for 'POST' to 'http://localhost:55613/session/a9c8d5144b0b5dc583e27ecb2c374528/execute/sync'
00:41:05.404 [Forwarding isElementDisplayed on session a9c8d5144b0b5dc583e27ecb2c374528 to remote] DEBUG org.asynchttpclient.netty.request.NettyRequestSender - Using open Channel [id: 0xbe444f56, L:/127.0.0.1:51347 - R:localhost/127.0.0.1:55613] for POST '/session/a9c8d5144b0b5dc583e27ecb2c374528/execute/sync'
00:41:05.420 [AsyncHttpClient-1-7] DEBUG org.asynchttpclient.netty.handler.HttpHandler - 

Request DefaultHttpRequest(decodeResult: success, version: HTTP/1.1)
POST /session/a9c8d5144b0b5dc583e27ecb2c374528/execute/sync HTTP/1.1
User-Agent: selenium/4.1.2 (java windows)
Content-Length: 48780
Content-Type: application/json; charset=utf-8
host: localhost:55613
accept: */*

Response DefaultHttpResponse(decodeResult: success, version: HTTP/1.1)
HTTP/1.1 200 OK
Content-Type: application/json; charset=utf-8
cache-control: no-cache
content-length: 14

00:41:05.420 [AsyncHttpClient-1-7] DEBUG org.asynchttpclient.netty.channel.ChannelManager - Adding key: http://localhost:55613 for channel [id: 0xbe444f56, L:/127.0.0.1:51347 - R:localhost/127.0.0.1:55613]
00:41:05.424 [Forwarding screenshot on session a9c8d5144b0b5dc583e27ecb2c374528 to remote] DEBUG org.asynchttpclient.netty.request.NettyRequestSender - Using pooled Channel '[id: 0xbe444f56, L:/127.0.0.1:51347 - R:localhost/127.0.0.1:55613]' for 'GET' to 'http://localhost:55613/session/a9c8d5144b0b5dc583e27ecb2c374528/screenshot'
00:41:05.424 [Forwarding screenshot on session a9c8d5144b0b5dc583e27ecb2c374528 to remote] DEBUG org.asynchttpclient.netty.request.NettyRequestSender - Using open Channel [id: 0xbe444f56, L:/127.0.0.1:51347 - R:localhost/127.0.0.1:55613] for GET '/session/a9c8d5144b0b5dc583e27ecb2c374528/screenshot'
00:41:05.618 [AsyncHttpClient-1-7] DEBUG org.asynchttpclient.netty.handler.HttpHandler - 

Request DefaultFullHttpRequest(decodeResult: success, version: HTTP/1.1, content: EmptyByteBufBE)
GET /session/a9c8d5144b0b5dc583e27ecb2c374528/screenshot HTTP/1.1
User-Agent: selenium/4.1.2 (java windows)
Cache-Control: no-cache
Content-Type: application/json; charset=utf-8
host: localhost:55613
accept: */*

Response DefaultHttpResponse(decodeResult: success, version: HTTP/1.1)
HTTP/1.1 200 OK
Content-Type: application/json; charset=utf-8
cache-control: no-cache
content-length: 55288

00:41:05.618 [AsyncHttpClient-1-7] DEBUG org.asynchttpclient.netty.channel.ChannelManager - Adding key: http://localhost:55613 for channel [id: 0xbe444f56, L:/127.0.0.1:51347 - R:localhost/127.0.0.1:55613]
00:41:05.620 [main] DEBUG net.serenitybdd.core.photography.Darkroom - Send negative for processing for target\site\serenity\55b6decce18ea9ad0bd4b4b13c2ef17497f261d72f2cda95b9e1eef3840f0fe7.png
00:41:05.620 [main] DEBUG net.thucydides.core.steps.StepInterceptor - STEP DONE: validateOnLoginPage
  &amp#27;[32mThen &amp#27;[0m&amp#27;[32mI on Login Page&amp#27;[0m                             &amp#27;[90m# stepdefinitions.RegisterStep.iOnLoginPage()&amp#27;[0m
00:41:05.620 [Darkroom Processing Line] DEBUG net.serenitybdd.core.photography.DarkroomProcessingLine - Processing screenshot image in /var/screenshots/screenshot-15902356128920150972
00:41:05.620 [Darkroom Processing Line] DEBUG net.serenitybdd.core.photography.DarkroomProcessingLine - Saving screenshot to target\site\serenity\55b6decce18ea9ad0bd4b4b13c2ef17497f261d72f2cda95b9e1eef3840f0fe7.png
00:41:05.628 [main] INFO  - 
  _____   ___   ___   _____     ___     _     ___   ___   ___   ___  
 |_   _| | __| / __| |_   _|   | _ \   /_\   / __| / __| | __| |   \ 
   | |   | _|  \__ \   | |     |  _/  / _ \  \__ \ \__ \ | _|  | |) |
   |_|   |___| |___/   |_|     |_|   /_/ \_\ |___/ |___/ |___| |___/ 

As a user, i have able to create account
----------------------------------------------------------------------
00:41:05.630 [AsyncHttpClient-1-9] DEBUG org.asynchttpclient.netty.handler.WebSocketHandler - Channel Closed: [id: 0x787f0914, L:/127.0.0.1:51362 ! R:localhost/127.0.0.1:51351] with attribute NettyResponseFuture{currentRetry=5,
	isDone=1,
	isCancelled=0,
	asyncHandler=org.asynchttpclient.ws.WebSocketUpgradeHandler@30f16fb5,
	nettyRequest=org.asynchttpclient.netty.request.NettyRequest@2c4858df,
	future=java.util.concurrent.CompletableFuture@170b46b[Completed normally],
	uri=ws://localhost:51351/devtools/browser/70576355-58c2-4a0a-99b0-8a8c236228ed,
	keepAlive=true,
	redirectCount=0,
	timeoutsHolder=null,
	inAuth=0,
	touch=1652463660325}
00:41:05.630 [AsyncHttpClient-1-9] DEBUG org.asynchttpclient.netty.channel.ChannelManager - Closing Channel [id: 0x787f0914, L:/127.0.0.1:51362 ! R:localhost/127.0.0.1:51351] 
00:41:05.632 [Driver Command Executor] DEBUG org.asynchttpclient.netty.request.NettyRequestSender - Using pooled Channel '[id: 0xbe444f56, L:/127.0.0.1:51347 - R:localhost/127.0.0.1:55613]' for 'DELETE' to 'http://localhost:55613/session/a9c8d5144b0b5dc583e27ecb2c374528'
00:41:05.632 [Driver Command Executor] DEBUG org.asynchttpclient.netty.request.NettyRequestSender - Using open Channel [id: 0xbe444f56, L:/127.0.0.1:51347 - R:localhost/127.0.0.1:55613] for DELETE '/session/a9c8d5144b0b5dc583e27ecb2c374528'
00:41:05.770 [AsyncHttpClient-1-8] DEBUG org.asynchttpclient.netty.handler.HttpHandler - Unexpected I/O exception on channel [id: 0xfcd50936, L:/127.0.0.1:51361 - R:localhost/127.0.0.1:51351]
java.io.IOException: An existing connection was forcibly closed by the remote host
	at java.base/sun.nio.ch.SocketDispatcher.read0(Native Method)
	at java.base/sun.nio.ch.SocketDispatcher.read(SocketDispatcher.java:43)
	at java.base/sun.nio.ch.IOUtil.readIntoNativeBuffer(IOUtil.java:276)
	at java.base/sun.nio.ch.IOUtil.read(IOUtil.java:233)
	at java.base/sun.nio.ch.IOUtil.read(IOUtil.java:223)
	at java.base/sun.nio.ch.SocketChannelImpl.read(SocketChannelImpl.java:358)
	at io.netty.buffer.PooledByteBuf.setBytes(PooledByteBuf.java:258)
	at io.netty.buffer.AbstractByteBuf.writeBytes(AbstractByteBuf.java:1132)
	at io.netty.channel.socket.nio.NioSocketChannel.doReadBytes(NioSocketChannel.java:350)
	at io.netty.channel.nio.AbstractNioByteChannel$NioByteUnsafe.read(AbstractNioByteChannel.java:151)
	at io.netty.channel.nio.NioEventLoop.processSelectedKey(NioEventLoop.java:722)
	at io.netty.channel.nio.NioEventLoop.processSelectedKeysOptimized(NioEventLoop.java:658)
	at io.netty.channel.nio.NioEventLoop.processSelectedKeys(NioEventLoop.java:584)
	at io.netty.channel.nio.NioEventLoop.run(NioEventLoop.java:496)
	at io.netty.util.concurrent.SingleThreadEventExecutor$4.run(SingleThreadEventExecutor.java:986)
	at io.netty.util.internal.ThreadExecutorMap$2.run(ThreadExecutorMap.java:74)
	at io.netty.util.concurrent.FastThreadLocalRunnable.run(FastThreadLocalRunnable.java:30)
	at java.base/java.lang.Thread.run(Thread.java:834)
00:41:05.770 [AsyncHttpClient-1-8] DEBUG org.asynchttpclient.netty.channel.ChannelManager - Closing Channel [id: 0xfcd50936, L:/127.0.0.1:51361 - R:localhost/127.0.0.1:51351] 
00:41:05.771 [AsyncHttpClient-1-8] DEBUG org.asynchttpclient.netty.handler.HttpHandler - Channel Closed: [id: 0xfcd50936, L:/127.0.0.1:51361 ! R:localhost/127.0.0.1:51351] with attribute DISCARD
00:41:05.787 [AsyncHttpClient-1-7] DEBUG org.asynchttpclient.netty.handler.HttpHandler - 

Request DefaultFullHttpRequest(decodeResult: success, version: HTTP/1.1, content: EmptyByteBufBE)
DELETE /session/a9c8d5144b0b5dc583e27ecb2c374528 HTTP/1.1
User-Agent: selenium/4.1.2 (java windows)
Content-Type: application/json; charset=utf-8
host: localhost:55613
accept: */*

Response DefaultHttpResponse(decodeResult: success, version: HTTP/1.1)
HTTP/1.1 200 OK
Content-Type: application/json; charset=utf-8
cache-control: no-cache
content-length: 14

00:41:05.788 [AsyncHttpClient-1-7] DEBUG org.asynchttpclient.netty.channel.ChannelManager - Adding key: http://localhost:55613 for channel [id: 0xbe444f56, L:/127.0.0.1:51347 - R:localhost/127.0.0.1:55613]
00:41:05.910 [AsyncHttpClient-1-7] DEBUG org.asynchttpclient.netty.handler.HttpHandler - Channel Closed: [id: 0xbe444f56, L:/127.0.0.1:51347 ! R:localhost/127.0.0.1:55613] with attribute DISCARD
00:41:06.403 [AsyncHttpClient-1-1] DEBUG org.asynchttpclient.netty.channel.DefaultChannelPool - Entry count for : http://localhost:51351 : 1
00:41:06.403 [AsyncHttpClient-1-1] DEBUG org.asynchttpclient.netty.channel.DefaultChannelPool - Entry count for : http://localhost:55613 : 1
00:41:06.403 [AsyncHttpClient-1-1] DEBUG org.asynchttpclient.netty.channel.DefaultChannelPool - Adding Candidate expired Channel [id: 0xfcd50936, L:/127.0.0.1:51361 ! R:localhost/127.0.0.1:51351] isIdleTimeoutExpired=false isRemotelyClosed=true isTtlExpired=false
00:41:06.403 [AsyncHttpClient-1-1] DEBUG org.asynchttpclient.netty.channel.DefaultChannelPool - Closing Idle Channel [id: 0xfcd50936, L:/127.0.0.1:51361 ! R:localhost/127.0.0.1:51351]
00:41:06.403 [AsyncHttpClient-1-1] DEBUG org.asynchttpclient.netty.channel.DefaultChannelPool - Adding Candidate expired Channel [id: 0xbe444f56, L:/127.0.0.1:51347 ! R:localhost/127.0.0.1:55613] isIdleTimeoutExpired=false isRemotelyClosed=true isTtlExpired=false
00:41:06.403 [AsyncHttpClient-1-1] DEBUG org.asynchttpclient.netty.channel.DefaultChannelPool - Closing Idle Channel [id: 0xbe444f56, L:/127.0.0.1:51347 ! R:localhost/127.0.0.1:55613]
00:41:06.403 [AsyncHttpClient-1-1] DEBUG org.asynchttpclient.netty.channel.DefaultChannelPool - Closed 2 connections out of 2 in 0 ms
]]></system-out>
    <system-err><![CDATA[Starting ChromeDriver 101.0.4951.41 (93c720db8323b3ec10d056025ab95c23a31997c9-refs/branch-heads/4951@{#904}) on port 55613
Only local connections are allowed.
Please see https://chromedriver.chromium.org/security-considerations for suggestions on keeping ChromeDriver safe.
ChromeDriver was started successfully.
May 14, 2022 12:41:00 AM org.openqa.selenium.remote.ProtocolHandshake createSession
INFO: Detected dialect: W3C
May 14, 2022 12:41:00 AM org.openqa.selenium.devtools.CdpVersionFinder findNearestMatch
WARNING: Unable to find an exact match for CDP version 101, so returning the closest version found: 97
May 14, 2022 12:41:00 AM org.openqa.selenium.devtools.CdpVersionFinder findNearestMatch
INFO: Found CDP implementation for version 101 of 97
]]></system-err>
  </testcase>
  <testcase name="As a user, i have not able to create account" classname="Register #1" time="8.731">
    <system-out><![CDATA[
Scenario: As a user, i have not able to create account &amp#27;[90m# src/test/resources/features/Register.feature:11&amp#27;[0m
00:41:06.455 [main] INFO io.cucumber.core.plugin.SerenityReporter - Running feature from file:///D:/Mini%20Project-QE%20Alta/Web%20Automation/FrontEnd-AltaShop/src/test/resources/features/Register.feature
00:41:06.459 [main] INFO  - 
  _____   ___   ___   _____     ___   _____     _     ___   _____   ___   ___  
 |_   _| | __| / __| |_   _|   / __| |_   _|   /_\   | _ \ |_   _| | __| |   \ 
   | |   | _|  \__ \   | |     \__ \   | |    / _ \  |   /   | |   | _|  | |) |
   |_|   |___| |___/   |_|     |___/   |_|   /_/ \_\ |_|_\   |_|   |___| |___/ 

As a user, i have not able to create account(register;as-a-user--i-have-not-able-to-create-account)
--------------------------------------------------------------------------------
00:41:06.479 [main] DEBUG net.thucydides.core.steps.StepInterceptor - STARTING STEP: RegisterStep.iAmOnRegisterPage - onRegisterPage
00:41:06.480 [main] INFO net.serenitybdd.core.webdriver.driverproviders.ChromeDriverProvider - Using automatically driver download
00:41:06.646 [main] DEBUG io.github.bonigarcia.wdm.cache.ResolutionCache - Resolution chrome=101 in cache (valid until 01:39:29 14/05/2022 ICT)
00:41:06.651 [main] DEBUG io.github.bonigarcia.wdm.cache.ResolutionCache - Resolution chrome101=101.0.4951.41 in cache (valid until 18:09:12 14/05/2022 ICT)
00:41:06.653 [main] INFO io.github.bonigarcia.wdm.WebDriverManager - Using chromedriver 101.0.4951.41 (resolved driver for Chrome 101)
00:41:06.669 [main] DEBUG io.github.bonigarcia.wdm.WebDriverManager - Driver chromedriver 101.0.4951.41 found in cache
00:41:06.669 [main] INFO io.github.bonigarcia.wdm.WebDriverManager - Exporting webdriver.chrome.driver as C:\Users\Siti Nurlatipah\.cache\selenium\chromedriver\win32\101.0.4951.41\chromedriver.exe
00:41:06.955 [main] DEBUG net.serenitybdd.core.webdriver.driverproviders.ProvideNewDriver - Instantiating driver
00:41:06.955 [main] DEBUG net.serenitybdd.core.webdriver.driverproviders.ProvideNewDriver - Driver capabilities: Capabilities {acceptInsecureCerts: false, base.url: https://qa.alta.id, browserName: chrome, chrome.driver: src/test/resources/webdrive..., driver: chrome, goog:chromeOptions: {args: [], extensions: []}}
00:41:07.501 [AsyncHttpClient-1-2] DEBUG org.asynchttpclient.netty.channel.NettyConnectListener - Using new Channel '[id: 0x3e2e85ca, L:/127.0.0.1:51395 - R:localhost/127.0.0.1:54776]' for 'POST' to '/session'
00:41:08.529 [AsyncHttpClient-1-2] DEBUG org.asynchttpclient.netty.handler.HttpHandler - 

Request DefaultHttpRequest(decodeResult: success, version: HTTP/1.1)
POST /session HTTP/1.1
User-Agent: selenium/4.1.2 (java windows)
Content-Length: 595
Content-Type: application/json; charset=utf-8
host: localhost:54776
accept: */*

Response DefaultHttpResponse(decodeResult: success, version: HTTP/1.1)
HTTP/1.1 200 OK
Content-Type: application/json; charset=utf-8
cache-control: no-cache
content-length: 792

00:41:08.529 [AsyncHttpClient-1-2] DEBUG org.asynchttpclient.netty.channel.ChannelManager - Adding key: http://localhost:54776 for channel [id: 0x3e2e85ca, L:/127.0.0.1:51395 - R:localhost/127.0.0.1:54776]
00:41:08.536 [AsyncHttpClient-1-3] DEBUG org.asynchttpclient.netty.channel.NettyConnectListener - Using new Channel '[id: 0x186434c7, L:/127.0.0.1:51404 - R:localhost/127.0.0.1:51396]' for 'GET' to '/json/version'
00:41:08.536 [AsyncHttpClient-1-3] DEBUG org.asynchttpclient.netty.handler.HttpHandler - 

Request DefaultFullHttpRequest(decodeResult: success, version: HTTP/1.1, content: EmptyByteBufBE)
GET /json/version HTTP/1.1
User-Agent: selenium/4.1.2 (java windows)
host: localhost:51396
accept: */*

Response DefaultHttpResponse(decodeResult: success, version: HTTP/1.1)
HTTP/1.1 200 OK
Content-Type: application/json; charset=UTF-8
content-length: 427

00:41:08.536 [AsyncHttpClient-1-3] DEBUG org.asynchttpclient.netty.channel.ChannelManager - Adding key: http://localhost:51396 for channel [id: 0x186434c7, L:/127.0.0.1:51404 - R:localhost/127.0.0.1:51396]
00:41:08.539 [AsyncHttpClient-1-4] DEBUG org.asynchttpclient.netty.channel.NettyConnectListener - Using new Channel '[id: 0x50279a09, L:/127.0.0.1:51405 - R:localhost/127.0.0.1:51396]' for 'GET' to '/devtools/browser/3d3cdd66-3f21-4637-afc7-1d9743d496cc'
00:41:08.539 [AsyncHttpClient-1-4] DEBUG org.asynchttpclient.netty.handler.WebSocketHandler - 

Request DefaultFullHttpRequest(decodeResult: success, version: HTTP/1.1, content: EmptyByteBufBE)
GET /devtools/browser/3d3cdd66-3f21-4637-afc7-1d9743d496cc HTTP/1.1
upgrade: websocket
connection: upgrade
sec-websocket-key: 7caX79UJZgLqt1k88DHovg==
sec-websocket-version: 13
origin: http://localhost:51396
host: localhost:51396
accept: */*
user-agent: AHC/2.1

Response DefaultHttpResponse(decodeResult: success, version: HTTP/1.1)
HTTP/1.1 101 WebSocket Protocol Handshake
Upgrade: WebSocket
Connection: Upgrade
Sec-WebSocket-Accept: HUyVCRh8vgUWi/CcnuQ+025l0g0=

00:41:08.545 [Forwarding get on session 067e8f4fc95a142e278331546357dd03 to remote] DEBUG org.asynchttpclient.netty.request.NettyRequestSender - Using pooled Channel '[id: 0x3e2e85ca, L:/127.0.0.1:51395 - R:localhost/127.0.0.1:54776]' for 'POST' to 'http://localhost:54776/session/067e8f4fc95a142e278331546357dd03/url'
00:41:08.545 [Forwarding get on session 067e8f4fc95a142e278331546357dd03 to remote] DEBUG org.asynchttpclient.netty.request.NettyRequestSender - Using open Channel [id: 0x3e2e85ca, L:/127.0.0.1:51395 - R:localhost/127.0.0.1:54776] for POST '/session/067e8f4fc95a142e278331546357dd03/url'
00:41:08.597 [AsyncHttpClient-1-1] DEBUG org.asynchttpclient.netty.channel.DefaultChannelPool - Entry count for : http://localhost:51396 : 1
00:41:09.697 [AsyncHttpClient-1-1] DEBUG org.asynchttpclient.netty.channel.DefaultChannelPool - Entry count for : http://localhost:51396 : 1
00:41:10.822 [AsyncHttpClient-1-1] DEBUG org.asynchttpclient.netty.channel.DefaultChannelPool - Entry count for : http://localhost:51396 : 1
00:41:11.478 [AsyncHttpClient-1-2] DEBUG org.asynchttpclient.netty.handler.HttpHandler - 

Request DefaultHttpRequest(decodeResult: success, version: HTTP/1.1)
POST /session/067e8f4fc95a142e278331546357dd03/url HTTP/1.1
User-Agent: selenium/4.1.2 (java windows)
Content-Length: 67
Content-Type: application/json; charset=utf-8
host: localhost:54776
accept: */*

Response DefaultHttpResponse(decodeResult: success, version: HTTP/1.1)
HTTP/1.1 200 OK
Content-Type: application/json; charset=utf-8
cache-control: no-cache
content-length: 14

00:41:11.478 [AsyncHttpClient-1-2] DEBUG org.asynchttpclient.netty.channel.ChannelManager - Adding key: http://localhost:54776 for channel [id: 0x3e2e85ca, L:/127.0.0.1:51395 - R:localhost/127.0.0.1:54776]
00:41:11.481 [Forwarding setTimeout on session 067e8f4fc95a142e278331546357dd03 to remote] DEBUG org.asynchttpclient.netty.request.NettyRequestSender - Using pooled Channel '[id: 0x3e2e85ca, L:/127.0.0.1:51395 - R:localhost/127.0.0.1:54776]' for 'POST' to 'http://localhost:54776/session/067e8f4fc95a142e278331546357dd03/timeouts'
00:41:11.481 [Forwarding setTimeout on session 067e8f4fc95a142e278331546357dd03 to remote] DEBUG org.asynchttpclient.netty.request.NettyRequestSender - Using open Channel [id: 0x3e2e85ca, L:/127.0.0.1:51395 - R:localhost/127.0.0.1:54776] for POST '/session/067e8f4fc95a142e278331546357dd03/timeouts'
00:41:11.482 [AsyncHttpClient-1-2] DEBUG org.asynchttpclient.netty.handler.HttpHandler - 

Request DefaultHttpRequest(decodeResult: success, version: HTTP/1.1)
POST /session/067e8f4fc95a142e278331546357dd03/timeouts HTTP/1.1
User-Agent: selenium/4.1.2 (java windows)
Content-Length: 22
Content-Type: application/json; charset=utf-8
host: localhost:54776
accept: */*

Response DefaultHttpResponse(decodeResult: success, version: HTTP/1.1)
HTTP/1.1 200 OK
Content-Type: application/json; charset=utf-8
cache-control: no-cache
content-length: 14

00:41:11.482 [AsyncHttpClient-1-2] DEBUG org.asynchttpclient.netty.channel.ChannelManager - Adding key: http://localhost:54776 for channel [id: 0x3e2e85ca, L:/127.0.0.1:51395 - R:localhost/127.0.0.1:54776]
00:41:11.485 [Forwarding getCurrentUrl on session 067e8f4fc95a142e278331546357dd03 to remote] DEBUG org.asynchttpclient.netty.request.NettyRequestSender - Using pooled Channel '[id: 0x3e2e85ca, L:/127.0.0.1:51395 - R:localhost/127.0.0.1:54776]' for 'GET' to 'http://localhost:54776/session/067e8f4fc95a142e278331546357dd03/url'
00:41:11.485 [Forwarding getCurrentUrl on session 067e8f4fc95a142e278331546357dd03 to remote] DEBUG org.asynchttpclient.netty.request.NettyRequestSender - Using open Channel [id: 0x3e2e85ca, L:/127.0.0.1:51395 - R:localhost/127.0.0.1:54776] for GET '/session/067e8f4fc95a142e278331546357dd03/url'
00:41:11.488 [AsyncHttpClient-1-2] DEBUG org.asynchttpclient.netty.handler.HttpHandler - 

Request DefaultFullHttpRequest(decodeResult: success, version: HTTP/1.1, content: EmptyByteBufBE)
GET /session/067e8f4fc95a142e278331546357dd03/url HTTP/1.1
User-Agent: selenium/4.1.2 (java windows)
Cache-Control: no-cache
Content-Type: application/json; charset=utf-8
host: localhost:54776
accept: */*

Response DefaultHttpResponse(decodeResult: success, version: HTTP/1.1)
HTTP/1.1 200 OK
Content-Type: application/json; charset=utf-8
cache-control: no-cache
content-length: 44

00:41:11.489 [AsyncHttpClient-1-2] DEBUG org.asynchttpclient.netty.channel.ChannelManager - Adding key: http://localhost:54776 for channel [id: 0x3e2e85ca, L:/127.0.0.1:51395 - R:localhost/127.0.0.1:54776]
00:41:11.498 [Forwarding screenshot on session 067e8f4fc95a142e278331546357dd03 to remote] DEBUG org.asynchttpclient.netty.request.NettyRequestSender - Using pooled Channel '[id: 0x3e2e85ca, L:/127.0.0.1:51395 - R:localhost/127.0.0.1:54776]' for 'GET' to 'http://localhost:54776/session/067e8f4fc95a142e278331546357dd03/screenshot'
00:41:11.499 [Forwarding screenshot on session 067e8f4fc95a142e278331546357dd03 to remote] DEBUG org.asynchttpclient.netty.request.NettyRequestSender - Using open Channel [id: 0x3e2e85ca, L:/127.0.0.1:51395 - R:localhost/127.0.0.1:54776] for GET '/session/067e8f4fc95a142e278331546357dd03/screenshot'
00:41:11.658 [AsyncHttpClient-1-2] DEBUG org.asynchttpclient.netty.handler.HttpHandler - 

Request DefaultFullHttpRequest(decodeResult: success, version: HTTP/1.1, content: EmptyByteBufBE)
GET /session/067e8f4fc95a142e278331546357dd03/screenshot HTTP/1.1
User-Agent: selenium/4.1.2 (java windows)
Cache-Control: no-cache
Content-Type: application/json; charset=utf-8
host: localhost:54776
accept: */*

Response DefaultHttpResponse(decodeResult: success, version: HTTP/1.1)
HTTP/1.1 200 OK
Content-Type: application/json; charset=utf-8
cache-control: no-cache
content-length: 44716

00:41:11.659 [AsyncHttpClient-1-2] DEBUG org.asynchttpclient.netty.channel.ChannelManager - Adding key: http://localhost:54776 for channel [id: 0x3e2e85ca, L:/127.0.0.1:51395 - R:localhost/127.0.0.1:54776]
00:41:11.662 [main] DEBUG net.serenitybdd.core.photography.Darkroom - Send negative for processing for target\site\serenity\33ddfa6718aa2f09fc0e18bea197612047bccd0f362db96346f936c9007dfd9e.png
00:41:11.662 [main] DEBUG net.thucydides.core.steps.StepInterceptor - STEP DONE: onRegisterPage
  &amp#27;[32mGiven &amp#27;[0m&amp#27;[32m&amp#27;[0m&amp#27;[32m&amp#27;[1mI&amp#27;[0m&amp#27;[32m am on register page&amp#27;[0m                          &amp#27;[90m# stepdefinitions.RegisterStep.iAmOnRegisterPage(java.lang.String)&amp#27;[0m
00:41:11.680 [main] DEBUG net.thucydides.core.steps.StepInterceptor - STARTING STEP: RegisterStep.iTypeMyFullname - typeFullname
00:41:11.681 [Forwarding findElement on session 067e8f4fc95a142e278331546357dd03 to remote] DEBUG org.asynchttpclient.netty.request.NettyRequestSender - Using pooled Channel '[id: 0x3e2e85ca, L:/127.0.0.1:51395 - R:localhost/127.0.0.1:54776]' for 'POST' to 'http://localhost:54776/session/067e8f4fc95a142e278331546357dd03/element'
00:41:11.682 [Forwarding findElement on session 067e8f4fc95a142e278331546357dd03 to remote] DEBUG org.asynchttpclient.netty.request.NettyRequestSender - Using open Channel [id: 0x3e2e85ca, L:/127.0.0.1:51395 - R:localhost/127.0.0.1:54776] for POST '/session/067e8f4fc95a142e278331546357dd03/element'
00:41:11.696 [AsyncHttpClient-1-2] DEBUG org.asynchttpclient.netty.handler.HttpHandler - 

Request DefaultHttpRequest(decodeResult: success, version: HTTP/1.1)
POST /session/067e8f4fc95a142e278331546357dd03/element HTTP/1.1
User-Agent: selenium/4.1.2 (java windows)
Content-Length: 91
Content-Type: application/json; charset=utf-8
host: localhost:54776
accept: */*

Response DefaultHttpResponse(decodeResult: success, version: HTTP/1.1)
HTTP/1.1 200 OK
Content-Type: application/json; charset=utf-8
cache-control: no-cache
content-length: 88

00:41:11.696 [AsyncHttpClient-1-2] DEBUG org.asynchttpclient.netty.channel.ChannelManager - Adding key: http://localhost:54776 for channel [id: 0x3e2e85ca, L:/127.0.0.1:51395 - R:localhost/127.0.0.1:54776]
00:41:11.697 [Forwarding sendKeysToElement on session 067e8f4fc95a142e278331546357dd03 to remote] DEBUG org.asynchttpclient.netty.request.NettyRequestSender - Using pooled Channel '[id: 0x3e2e85ca, L:/127.0.0.1:51395 - R:localhost/127.0.0.1:54776]' for 'POST' to 'http://localhost:54776/session/067e8f4fc95a142e278331546357dd03/element/a91c23d6-17da-4903-b386-bb0b63baf891/value'
00:41:11.697 [Forwarding sendKeysToElement on session 067e8f4fc95a142e278331546357dd03 to remote] DEBUG org.asynchttpclient.netty.request.NettyRequestSender - Using open Channel [id: 0x3e2e85ca, L:/127.0.0.1:51395 - R:localhost/127.0.0.1:54776] for POST '/session/067e8f4fc95a142e278331546357dd03/element/a91c23d6-17da-4903-b386-bb0b63baf891/value'
00:41:11.825 [AsyncHttpClient-1-2] DEBUG org.asynchttpclient.netty.handler.HttpHandler - 

Request DefaultHttpRequest(decodeResult: success, version: HTTP/1.1)
POST /session/067e8f4fc95a142e278331546357dd03/element/a91c23d6-17da-4903-b386-bb0b63baf891/value HTTP/1.1
User-Agent: selenium/4.1.2 (java windows)
Content-Length: 141
Content-Type: application/json; charset=utf-8
host: localhost:54776
accept: */*

Response DefaultHttpResponse(decodeResult: success, version: HTTP/1.1)
HTTP/1.1 200 OK
Content-Type: application/json; charset=utf-8
cache-control: no-cache
content-length: 14

00:41:11.825 [AsyncHttpClient-1-2] DEBUG org.asynchttpclient.netty.channel.ChannelManager - Adding key: http://localhost:54776 for channel [id: 0x3e2e85ca, L:/127.0.0.1:51395 - R:localhost/127.0.0.1:54776]
00:41:11.836 [Forwarding screenshot on session 067e8f4fc95a142e278331546357dd03 to remote] DEBUG org.asynchttpclient.netty.request.NettyRequestSender - Using pooled Channel '[id: 0x3e2e85ca, L:/127.0.0.1:51395 - R:localhost/127.0.0.1:54776]' for 'GET' to 'http://localhost:54776/session/067e8f4fc95a142e278331546357dd03/screenshot'
00:41:11.836 [Forwarding screenshot on session 067e8f4fc95a142e278331546357dd03 to remote] DEBUG org.asynchttpclient.netty.request.NettyRequestSender - Using open Channel [id: 0x3e2e85ca, L:/127.0.0.1:51395 - R:localhost/127.0.0.1:54776] for GET '/session/067e8f4fc95a142e278331546357dd03/screenshot'
00:41:11.896 [AsyncHttpClient-1-1] DEBUG org.asynchttpclient.netty.channel.DefaultChannelPool - Entry count for : http://localhost:51396 : 1
00:41:12.145 [AsyncHttpClient-1-2] DEBUG org.asynchttpclient.netty.handler.HttpHandler - 

Request DefaultFullHttpRequest(decodeResult: success, version: HTTP/1.1, content: EmptyByteBufBE)
GET /session/067e8f4fc95a142e278331546357dd03/screenshot HTTP/1.1
User-Agent: selenium/4.1.2 (java windows)
Cache-Control: no-cache
Content-Type: application/json; charset=utf-8
host: localhost:54776
accept: */*

Response DefaultHttpResponse(decodeResult: success, version: HTTP/1.1)
HTTP/1.1 200 OK
Content-Type: application/json; charset=utf-8
cache-control: no-cache
content-length: 47600

00:41:12.146 [AsyncHttpClient-1-2] DEBUG org.asynchttpclient.netty.channel.ChannelManager - Adding key: http://localhost:54776 for channel [id: 0x3e2e85ca, L:/127.0.0.1:51395 - R:localhost/127.0.0.1:54776]
00:41:12.149 [main] DEBUG net.serenitybdd.core.photography.Darkroom - Send negative for processing for target\site\serenity\998091d9a0f172f0297461950b61b91598e52749a0fff95bc164d06067e93c3d.png
00:41:12.150 [main] DEBUG net.thucydides.core.steps.StepInterceptor - STEP DONE: typeFullname
  &amp#27;[32mWhen &amp#27;[0m&amp#27;[32mI type My fullname &amp#27;[0m&amp#27;[32m&amp#27;[1mAisyah&amp#27;[0m                       &amp#27;[90m# stepdefinitions.RegisterStep.iTypeMyFullname(java.lang.String)&amp#27;[0m
00:41:12.151 [Darkroom Processing Line] DEBUG net.serenitybdd.core.photography.DarkroomProcessingLine - Processing screenshot image in /var/screenshots/screenshot-8101397457012063367
00:41:12.151 [Darkroom Processing Line] DEBUG net.serenitybdd.core.photography.DarkroomProcessingLine - Saving screenshot to target\site\serenity\998091d9a0f172f0297461950b61b91598e52749a0fff95bc164d06067e93c3d.png
00:41:12.195 [main] DEBUG net.thucydides.core.steps.StepInterceptor - STARTING STEP: RegisterStep.iTypeMyPassword - typePassword
00:41:12.199 [Forwarding findElement on session 067e8f4fc95a142e278331546357dd03 to remote] DEBUG org.asynchttpclient.netty.request.NettyRequestSender - Using pooled Channel '[id: 0x3e2e85ca, L:/127.0.0.1:51395 - R:localhost/127.0.0.1:54776]' for 'POST' to 'http://localhost:54776/session/067e8f4fc95a142e278331546357dd03/element'
00:41:12.199 [Forwarding findElement on session 067e8f4fc95a142e278331546357dd03 to remote] DEBUG org.asynchttpclient.netty.request.NettyRequestSender - Using open Channel [id: 0x3e2e85ca, L:/127.0.0.1:51395 - R:localhost/127.0.0.1:54776] for POST '/session/067e8f4fc95a142e278331546357dd03/element'
00:41:12.233 [AsyncHttpClient-1-2] DEBUG org.asynchttpclient.netty.handler.HttpHandler - 

Request DefaultHttpRequest(decodeResult: success, version: HTTP/1.1)
POST /session/067e8f4fc95a142e278331546357dd03/element HTTP/1.1
User-Agent: selenium/4.1.2 (java windows)
Content-Length: 87
Content-Type: application/json; charset=utf-8
host: localhost:54776
accept: */*

Response DefaultHttpResponse(decodeResult: success, version: HTTP/1.1)
HTTP/1.1 200 OK
Content-Type: application/json; charset=utf-8
cache-control: no-cache
content-length: 88

00:41:12.234 [AsyncHttpClient-1-2] DEBUG org.asynchttpclient.netty.channel.ChannelManager - Adding key: http://localhost:54776 for channel [id: 0x3e2e85ca, L:/127.0.0.1:51395 - R:localhost/127.0.0.1:54776]
00:41:12.237 [Forwarding sendKeysToElement on session 067e8f4fc95a142e278331546357dd03 to remote] DEBUG org.asynchttpclient.netty.request.NettyRequestSender - Using pooled Channel '[id: 0x3e2e85ca, L:/127.0.0.1:51395 - R:localhost/127.0.0.1:54776]' for 'POST' to 'http://localhost:54776/session/067e8f4fc95a142e278331546357dd03/element/db5c08d6-5412-4f84-9b3f-84c50f56b4f2/value'
00:41:12.238 [Forwarding sendKeysToElement on session 067e8f4fc95a142e278331546357dd03 to remote] DEBUG org.asynchttpclient.netty.request.NettyRequestSender - Using open Channel [id: 0x3e2e85ca, L:/127.0.0.1:51395 - R:localhost/127.0.0.1:54776] for POST '/session/067e8f4fc95a142e278331546357dd03/element/db5c08d6-5412-4f84-9b3f-84c50f56b4f2/value'
00:41:12.486 [AsyncHttpClient-1-2] DEBUG org.asynchttpclient.netty.handler.HttpHandler - 

Request DefaultHttpRequest(decodeResult: success, version: HTTP/1.1)
POST /session/067e8f4fc95a142e278331546357dd03/element/db5c08d6-5412-4f84-9b3f-84c50f56b4f2/value HTTP/1.1
User-Agent: selenium/4.1.2 (java windows)
Content-Length: 151
Content-Type: application/json; charset=utf-8
host: localhost:54776
accept: */*

Response DefaultHttpResponse(decodeResult: success, version: HTTP/1.1)
HTTP/1.1 200 OK
Content-Type: application/json; charset=utf-8
cache-control: no-cache
content-length: 14

00:41:12.487 [AsyncHttpClient-1-2] DEBUG org.asynchttpclient.netty.channel.ChannelManager - Adding key: http://localhost:54776 for channel [id: 0x3e2e85ca, L:/127.0.0.1:51395 - R:localhost/127.0.0.1:54776]
00:41:12.499 [Forwarding screenshot on session 067e8f4fc95a142e278331546357dd03 to remote] DEBUG org.asynchttpclient.netty.request.NettyRequestSender - Using pooled Channel '[id: 0x3e2e85ca, L:/127.0.0.1:51395 - R:localhost/127.0.0.1:54776]' for 'GET' to 'http://localhost:54776/session/067e8f4fc95a142e278331546357dd03/screenshot'
00:41:12.500 [Forwarding screenshot on session 067e8f4fc95a142e278331546357dd03 to remote] DEBUG org.asynchttpclient.netty.request.NettyRequestSender - Using open Channel [id: 0x3e2e85ca, L:/127.0.0.1:51395 - R:localhost/127.0.0.1:54776] for GET '/session/067e8f4fc95a142e278331546357dd03/screenshot'
00:41:12.675 [AsyncHttpClient-1-2] DEBUG org.asynchttpclient.netty.handler.HttpHandler - 

Request DefaultFullHttpRequest(decodeResult: success, version: HTTP/1.1, content: EmptyByteBufBE)
GET /session/067e8f4fc95a142e278331546357dd03/screenshot HTTP/1.1
User-Agent: selenium/4.1.2 (java windows)
Cache-Control: no-cache
Content-Type: application/json; charset=utf-8
host: localhost:54776
accept: */*

Response DefaultHttpResponse(decodeResult: success, version: HTTP/1.1)
HTTP/1.1 200 OK
Content-Type: application/json; charset=utf-8
cache-control: no-cache
content-length: 49752

00:41:12.676 [AsyncHttpClient-1-2] DEBUG org.asynchttpclient.netty.channel.ChannelManager - Adding key: http://localhost:54776 for channel [id: 0x3e2e85ca, L:/127.0.0.1:51395 - R:localhost/127.0.0.1:54776]
00:41:12.680 [main] DEBUG net.serenitybdd.core.photography.Darkroom - Send negative for processing for target\site\serenity\1c3d3741c8af0771f12ed1637bae414a44816ca3d8d57b96ca2b4592a7fbdb6b.png
00:41:12.680 [main] DEBUG net.thucydides.core.steps.StepInterceptor - STEP DONE: typePassword
00:41:12.680 [Darkroom Processing Line] DEBUG net.serenitybdd.core.photography.DarkroomProcessingLine - Processing screenshot image in /var/screenshots/screenshot-7624726334043844514
00:41:12.680 [Darkroom Processing Line] DEBUG net.serenitybdd.core.photography.DarkroomProcessingLine - Saving screenshot to target\site\serenity\1c3d3741c8af0771f12ed1637bae414a44816ca3d8d57b96ca2b4592a7fbdb6b.png
  &amp#27;[32mAnd &amp#27;[0m&amp#27;[32mI type My password &amp#27;[0m&amp#27;[32m&amp#27;[1m123qwer&amp#27;[0m                       &amp#27;[90m# stepdefinitions.RegisterStep.iTypeMyPassword(java.lang.String)&amp#27;[0m
00:41:12.700 [main] DEBUG net.thucydides.core.steps.StepInterceptor - STARTING STEP: RegisterStep.iClickRegisterButton - clickRegisterButton
00:41:12.703 [Forwarding findElement on session 067e8f4fc95a142e278331546357dd03 to remote] DEBUG org.asynchttpclient.netty.request.NettyRequestSender - Using pooled Channel '[id: 0x3e2e85ca, L:/127.0.0.1:51395 - R:localhost/127.0.0.1:54776]' for 'POST' to 'http://localhost:54776/session/067e8f4fc95a142e278331546357dd03/element'
00:41:12.703 [Forwarding findElement on session 067e8f4fc95a142e278331546357dd03 to remote] DEBUG org.asynchttpclient.netty.request.NettyRequestSender - Using open Channel [id: 0x3e2e85ca, L:/127.0.0.1:51395 - R:localhost/127.0.0.1:54776] for POST '/session/067e8f4fc95a142e278331546357dd03/element'
00:41:12.717 [AsyncHttpClient-1-2] DEBUG org.asynchttpclient.netty.handler.HttpHandler - 

Request DefaultHttpRequest(decodeResult: success, version: HTTP/1.1)
POST /session/067e8f4fc95a142e278331546357dd03/element HTTP/1.1
User-Agent: selenium/4.1.2 (java windows)
Content-Length: 155
Content-Type: application/json; charset=utf-8
host: localhost:54776
accept: */*

Response DefaultHttpResponse(decodeResult: success, version: HTTP/1.1)
HTTP/1.1 200 OK
Content-Type: application/json; charset=utf-8
cache-control: no-cache
content-length: 88

00:41:12.718 [AsyncHttpClient-1-2] DEBUG org.asynchttpclient.netty.channel.ChannelManager - Adding key: http://localhost:54776 for channel [id: 0x3e2e85ca, L:/127.0.0.1:51395 - R:localhost/127.0.0.1:54776]
00:41:12.719 [Forwarding getElementTagName on session 067e8f4fc95a142e278331546357dd03 to remote] DEBUG org.asynchttpclient.netty.request.NettyRequestSender - Using pooled Channel '[id: 0x3e2e85ca, L:/127.0.0.1:51395 - R:localhost/127.0.0.1:54776]' for 'GET' to 'http://localhost:54776/session/067e8f4fc95a142e278331546357dd03/element/a655c15b-6a88-4066-a939-e94eaffd6ff4/name'
00:41:12.719 [Forwarding getElementTagName on session 067e8f4fc95a142e278331546357dd03 to remote] DEBUG org.asynchttpclient.netty.request.NettyRequestSender - Using open Channel [id: 0x3e2e85ca, L:/127.0.0.1:51395 - R:localhost/127.0.0.1:54776] for GET '/session/067e8f4fc95a142e278331546357dd03/element/a655c15b-6a88-4066-a939-e94eaffd6ff4/name'
00:41:12.724 [AsyncHttpClient-1-2] DEBUG org.asynchttpclient.netty.handler.HttpHandler - 

Request DefaultFullHttpRequest(decodeResult: success, version: HTTP/1.1, content: EmptyByteBufBE)
GET /session/067e8f4fc95a142e278331546357dd03/element/a655c15b-6a88-4066-a939-e94eaffd6ff4/name HTTP/1.1
User-Agent: selenium/4.1.2 (java windows)
Cache-Control: no-cache
Content-Type: application/json; charset=utf-8
host: localhost:54776
accept: */*

Response DefaultHttpResponse(decodeResult: success, version: HTTP/1.1)
HTTP/1.1 200 OK
Content-Type: application/json; charset=utf-8
cache-control: no-cache
content-length: 18

00:41:12.724 [AsyncHttpClient-1-2] DEBUG org.asynchttpclient.netty.channel.ChannelManager - Adding key: http://localhost:54776 for channel [id: 0x3e2e85ca, L:/127.0.0.1:51395 - R:localhost/127.0.0.1:54776]
00:41:12.728 [Forwarding getElementTagName on session 067e8f4fc95a142e278331546357dd03 to remote] DEBUG org.asynchttpclient.netty.request.NettyRequestSender - Using pooled Channel '[id: 0x3e2e85ca, L:/127.0.0.1:51395 - R:localhost/127.0.0.1:54776]' for 'GET' to 'http://localhost:54776/session/067e8f4fc95a142e278331546357dd03/element/a655c15b-6a88-4066-a939-e94eaffd6ff4/name'
00:41:12.728 [Forwarding getElementTagName on session 067e8f4fc95a142e278331546357dd03 to remote] DEBUG org.asynchttpclient.netty.request.NettyRequestSender - Using open Channel [id: 0x3e2e85ca, L:/127.0.0.1:51395 - R:localhost/127.0.0.1:54776] for GET '/session/067e8f4fc95a142e278331546357dd03/element/a655c15b-6a88-4066-a939-e94eaffd6ff4/name'
00:41:12.733 [AsyncHttpClient-1-2] DEBUG org.asynchttpclient.netty.handler.HttpHandler - 

Request DefaultFullHttpRequest(decodeResult: success, version: HTTP/1.1, content: EmptyByteBufBE)
GET /session/067e8f4fc95a142e278331546357dd03/element/a655c15b-6a88-4066-a939-e94eaffd6ff4/name HTTP/1.1
User-Agent: selenium/4.1.2 (java windows)
Cache-Control: no-cache
Content-Type: application/json; charset=utf-8
host: localhost:54776
accept: */*

Response DefaultHttpResponse(decodeResult: success, version: HTTP/1.1)
HTTP/1.1 200 OK
Content-Type: application/json; charset=utf-8
cache-control: no-cache
content-length: 18

00:41:12.733 [AsyncHttpClient-1-2] DEBUG org.asynchttpclient.netty.channel.ChannelManager - Adding key: http://localhost:54776 for channel [id: 0x3e2e85ca, L:/127.0.0.1:51395 - R:localhost/127.0.0.1:54776]
00:41:12.738 [Forwarding isElementEnabled on session 067e8f4fc95a142e278331546357dd03 to remote] DEBUG org.asynchttpclient.netty.request.NettyRequestSender - Using pooled Channel '[id: 0x3e2e85ca, L:/127.0.0.1:51395 - R:localhost/127.0.0.1:54776]' for 'GET' to 'http://localhost:54776/session/067e8f4fc95a142e278331546357dd03/element/a655c15b-6a88-4066-a939-e94eaffd6ff4/enabled'
00:41:12.739 [Forwarding isElementEnabled on session 067e8f4fc95a142e278331546357dd03 to remote] DEBUG org.asynchttpclient.netty.request.NettyRequestSender - Using open Channel [id: 0x3e2e85ca, L:/127.0.0.1:51395 - R:localhost/127.0.0.1:54776] for GET '/session/067e8f4fc95a142e278331546357dd03/element/a655c15b-6a88-4066-a939-e94eaffd6ff4/enabled'
00:41:12.753 [AsyncHttpClient-1-2] DEBUG org.asynchttpclient.netty.handler.HttpHandler - 

Request DefaultFullHttpRequest(decodeResult: success, version: HTTP/1.1, content: EmptyByteBufBE)
GET /session/067e8f4fc95a142e278331546357dd03/element/a655c15b-6a88-4066-a939-e94eaffd6ff4/enabled HTTP/1.1
User-Agent: selenium/4.1.2 (java windows)
Cache-Control: no-cache
Content-Type: application/json; charset=utf-8
host: localhost:54776
accept: */*

Response DefaultHttpResponse(decodeResult: success, version: HTTP/1.1)
HTTP/1.1 200 OK
Content-Type: application/json; charset=utf-8
cache-control: no-cache
content-length: 14

00:41:12.753 [AsyncHttpClient-1-2] DEBUG org.asynchttpclient.netty.channel.ChannelManager - Adding key: http://localhost:54776 for channel [id: 0x3e2e85ca, L:/127.0.0.1:51395 - R:localhost/127.0.0.1:54776]
00:41:12.755 [Forwarding isElementEnabled on session 067e8f4fc95a142e278331546357dd03 to remote] DEBUG org.asynchttpclient.netty.request.NettyRequestSender - Using pooled Channel '[id: 0x3e2e85ca, L:/127.0.0.1:51395 - R:localhost/127.0.0.1:54776]' for 'GET' to 'http://localhost:54776/session/067e8f4fc95a142e278331546357dd03/element/a655c15b-6a88-4066-a939-e94eaffd6ff4/enabled'
00:41:12.755 [Forwarding isElementEnabled on session 067e8f4fc95a142e278331546357dd03 to remote] DEBUG org.asynchttpclient.netty.request.NettyRequestSender - Using open Channel [id: 0x3e2e85ca, L:/127.0.0.1:51395 - R:localhost/127.0.0.1:54776] for GET '/session/067e8f4fc95a142e278331546357dd03/element/a655c15b-6a88-4066-a939-e94eaffd6ff4/enabled'
00:41:12.763 [AsyncHttpClient-1-2] DEBUG org.asynchttpclient.netty.handler.HttpHandler - 

Request DefaultFullHttpRequest(decodeResult: success, version: HTTP/1.1, content: EmptyByteBufBE)
GET /session/067e8f4fc95a142e278331546357dd03/element/a655c15b-6a88-4066-a939-e94eaffd6ff4/enabled HTTP/1.1
User-Agent: selenium/4.1.2 (java windows)
Cache-Control: no-cache
Content-Type: application/json; charset=utf-8
host: localhost:54776
accept: */*

Response DefaultHttpResponse(decodeResult: success, version: HTTP/1.1)
HTTP/1.1 200 OK
Content-Type: application/json; charset=utf-8
cache-control: no-cache
content-length: 14

00:41:12.763 [AsyncHttpClient-1-2] DEBUG org.asynchttpclient.netty.channel.ChannelManager - Adding key: http://localhost:54776 for channel [id: 0x3e2e85ca, L:/127.0.0.1:51395 - R:localhost/127.0.0.1:54776]
00:41:12.765 [Forwarding findElement on session 067e8f4fc95a142e278331546357dd03 to remote] DEBUG org.asynchttpclient.netty.request.NettyRequestSender - Using pooled Channel '[id: 0x3e2e85ca, L:/127.0.0.1:51395 - R:localhost/127.0.0.1:54776]' for 'POST' to 'http://localhost:54776/session/067e8f4fc95a142e278331546357dd03/element'
00:41:12.765 [Forwarding findElement on session 067e8f4fc95a142e278331546357dd03 to remote] DEBUG org.asynchttpclient.netty.request.NettyRequestSender - Using open Channel [id: 0x3e2e85ca, L:/127.0.0.1:51395 - R:localhost/127.0.0.1:54776] for POST '/session/067e8f4fc95a142e278331546357dd03/element'
00:41:12.784 [AsyncHttpClient-1-2] DEBUG org.asynchttpclient.netty.handler.HttpHandler - 

Request DefaultHttpRequest(decodeResult: success, version: HTTP/1.1)
POST /session/067e8f4fc95a142e278331546357dd03/element HTTP/1.1
User-Agent: selenium/4.1.2 (java windows)
Content-Length: 155
Content-Type: application/json; charset=utf-8
host: localhost:54776
accept: */*

Response DefaultHttpResponse(decodeResult: success, version: HTTP/1.1)
HTTP/1.1 200 OK
Content-Type: application/json; charset=utf-8
cache-control: no-cache
content-length: 88

00:41:12.784 [AsyncHttpClient-1-2] DEBUG org.asynchttpclient.netty.channel.ChannelManager - Adding key: http://localhost:54776 for channel [id: 0x3e2e85ca, L:/127.0.0.1:51395 - R:localhost/127.0.0.1:54776]
00:41:12.785 [Forwarding clickElement on session 067e8f4fc95a142e278331546357dd03 to remote] DEBUG org.asynchttpclient.netty.request.NettyRequestSender - Using pooled Channel '[id: 0x3e2e85ca, L:/127.0.0.1:51395 - R:localhost/127.0.0.1:54776]' for 'POST' to 'http://localhost:54776/session/067e8f4fc95a142e278331546357dd03/element/a655c15b-6a88-4066-a939-e94eaffd6ff4/click'
00:41:12.785 [Forwarding clickElement on session 067e8f4fc95a142e278331546357dd03 to remote] DEBUG org.asynchttpclient.netty.request.NettyRequestSender - Using open Channel [id: 0x3e2e85ca, L:/127.0.0.1:51395 - R:localhost/127.0.0.1:54776] for POST '/session/067e8f4fc95a142e278331546357dd03/element/a655c15b-6a88-4066-a939-e94eaffd6ff4/click'
00:41:12.847 [AsyncHttpClient-1-2] DEBUG org.asynchttpclient.netty.handler.HttpHandler - 

Request DefaultHttpRequest(decodeResult: success, version: HTTP/1.1)
POST /session/067e8f4fc95a142e278331546357dd03/element/a655c15b-6a88-4066-a939-e94eaffd6ff4/click HTTP/1.1
User-Agent: selenium/4.1.2 (java windows)
Content-Length: 50
Content-Type: application/json; charset=utf-8
host: localhost:54776
accept: */*

Response DefaultHttpResponse(decodeResult: success, version: HTTP/1.1)
HTTP/1.1 200 OK
Content-Type: application/json; charset=utf-8
cache-control: no-cache
content-length: 14

00:41:12.847 [AsyncHttpClient-1-2] DEBUG org.asynchttpclient.netty.channel.ChannelManager - Adding key: http://localhost:54776 for channel [id: 0x3e2e85ca, L:/127.0.0.1:51395 - R:localhost/127.0.0.1:54776]
00:41:12.856 [Forwarding screenshot on session 067e8f4fc95a142e278331546357dd03 to remote] DEBUG org.asynchttpclient.netty.request.NettyRequestSender - Using pooled Channel '[id: 0x3e2e85ca, L:/127.0.0.1:51395 - R:localhost/127.0.0.1:54776]' for 'GET' to 'http://localhost:54776/session/067e8f4fc95a142e278331546357dd03/screenshot'
00:41:12.856 [Forwarding screenshot on session 067e8f4fc95a142e278331546357dd03 to remote] DEBUG org.asynchttpclient.netty.request.NettyRequestSender - Using open Channel [id: 0x3e2e85ca, L:/127.0.0.1:51395 - R:localhost/127.0.0.1:54776] for GET '/session/067e8f4fc95a142e278331546357dd03/screenshot'
00:41:13.000 [AsyncHttpClient-1-1] DEBUG org.asynchttpclient.netty.channel.DefaultChannelPool - Entry count for : http://localhost:51396 : 1
00:41:13.159 [AsyncHttpClient-1-2] DEBUG org.asynchttpclient.netty.handler.HttpHandler - 

Request DefaultFullHttpRequest(decodeResult: success, version: HTTP/1.1, content: EmptyByteBufBE)
GET /session/067e8f4fc95a142e278331546357dd03/screenshot HTTP/1.1
User-Agent: selenium/4.1.2 (java windows)
Cache-Control: no-cache
Content-Type: application/json; charset=utf-8
host: localhost:54776
accept: */*

Response DefaultHttpResponse(decodeResult: success, version: HTTP/1.1)
HTTP/1.1 200 OK
Content-Type: application/json; charset=utf-8
cache-control: no-cache
content-length: 48908

00:41:13.160 [AsyncHttpClient-1-2] DEBUG org.asynchttpclient.netty.channel.ChannelManager - Adding key: http://localhost:54776 for channel [id: 0x3e2e85ca, L:/127.0.0.1:51395 - R:localhost/127.0.0.1:54776]
00:41:13.161 [main] DEBUG net.serenitybdd.core.photography.Darkroom - Send negative for processing for target\site\serenity\15e169e215cec754f49a0eb962e6a97906bd550ba13ff91c6d14cd47ec6295dc.png
00:41:13.162 [main] DEBUG net.thucydides.core.steps.StepInterceptor - STEP DONE: clickRegisterButton
  &amp#27;[32mAnd &amp#27;[0m&amp#27;[32mI click a Register button&amp#27;[0m                        &amp#27;[90m# stepdefinitions.RegisterStep.iClickRegisterButton()&amp#27;[0m
00:41:13.162 [Darkroom Processing Line] DEBUG net.serenitybdd.core.photography.DarkroomProcessingLine - Processing screenshot image in /var/screenshots/screenshot-13231866757285647224
00:41:13.162 [Darkroom Processing Line] DEBUG net.serenitybdd.core.photography.DarkroomProcessingLine - Saving screenshot to target\site\serenity\15e169e215cec754f49a0eb962e6a97906bd550ba13ff91c6d14cd47ec6295dc.png
00:41:13.179 [main] DEBUG net.thucydides.core.steps.StepInterceptor - STARTING STEP: RegisterStep.iGotErrorMassage - iGotErrorMassage
00:41:13.180 [Forwarding findElement on session 067e8f4fc95a142e278331546357dd03 to remote] DEBUG org.asynchttpclient.netty.request.NettyRequestSender - Using pooled Channel '[id: 0x3e2e85ca, L:/127.0.0.1:51395 - R:localhost/127.0.0.1:54776]' for 'POST' to 'http://localhost:54776/session/067e8f4fc95a142e278331546357dd03/element'
00:41:13.180 [Forwarding findElement on session 067e8f4fc95a142e278331546357dd03 to remote] DEBUG org.asynchttpclient.netty.request.NettyRequestSender - Using open Channel [id: 0x3e2e85ca, L:/127.0.0.1:51395 - R:localhost/127.0.0.1:54776] for POST '/session/067e8f4fc95a142e278331546357dd03/element'
00:41:13.183 [AsyncHttpClient-1-2] DEBUG org.asynchttpclient.netty.handler.HttpHandler - 

Request DefaultHttpRequest(decodeResult: success, version: HTTP/1.1)
POST /session/067e8f4fc95a142e278331546357dd03/element HTTP/1.1
User-Agent: selenium/4.1.2 (java windows)
Content-Length: 53
Content-Type: application/json; charset=utf-8
host: localhost:54776
accept: */*

Response DefaultHttpResponse(decodeResult: success, version: HTTP/1.1)
HTTP/1.1 400 Bad Request
Content-Type: application/json; charset=utf-8
cache-control: no-cache
content-length: 957

00:41:13.183 [AsyncHttpClient-1-2] DEBUG org.asynchttpclient.netty.channel.ChannelManager - Adding key: http://localhost:54776 for channel [id: 0x3e2e85ca, L:/127.0.0.1:51395 - R:localhost/127.0.0.1:54776]
00:41:13.185 [Forwarding findElement on session 067e8f4fc95a142e278331546357dd03 to remote] DEBUG org.asynchttpclient.netty.request.NettyRequestSender - Using pooled Channel '[id: 0x3e2e85ca, L:/127.0.0.1:51395 - R:localhost/127.0.0.1:54776]' for 'POST' to 'http://localhost:54776/session/067e8f4fc95a142e278331546357dd03/element'
00:41:13.185 [Forwarding findElement on session 067e8f4fc95a142e278331546357dd03 to remote] DEBUG org.asynchttpclient.netty.request.NettyRequestSender - Using open Channel [id: 0x3e2e85ca, L:/127.0.0.1:51395 - R:localhost/127.0.0.1:54776] for POST '/session/067e8f4fc95a142e278331546357dd03/element'
00:41:14.103 [AsyncHttpClient-1-1] DEBUG org.asynchttpclient.netty.channel.DefaultChannelPool - Entry count for : http://localhost:51396 : 1
00:41:14.139 [AsyncHttpClient-1-2] DEBUG org.asynchttpclient.netty.handler.HttpHandler - 

Request DefaultHttpRequest(decodeResult: success, version: HTTP/1.1)
POST /session/067e8f4fc95a142e278331546357dd03/element HTTP/1.1
User-Agent: selenium/4.1.2 (java windows)
Content-Length: 63
Content-Type: application/json; charset=utf-8
host: localhost:54776
accept: */*

Response DefaultHttpResponse(decodeResult: success, version: HTTP/1.1)
HTTP/1.1 200 OK
Content-Type: application/json; charset=utf-8
cache-control: no-cache
content-length: 88

00:41:14.139 [AsyncHttpClient-1-2] DEBUG org.asynchttpclient.netty.channel.ChannelManager - Adding key: http://localhost:54776 for channel [id: 0x3e2e85ca, L:/127.0.0.1:51395 - R:localhost/127.0.0.1:54776]
00:41:14.143 [Forwarding isElementDisplayed on session 067e8f4fc95a142e278331546357dd03 to remote] DEBUG org.asynchttpclient.netty.request.NettyRequestSender - Using pooled Channel '[id: 0x3e2e85ca, L:/127.0.0.1:51395 - R:localhost/127.0.0.1:54776]' for 'POST' to 'http://localhost:54776/session/067e8f4fc95a142e278331546357dd03/execute/sync'
00:41:14.143 [Forwarding isElementDisplayed on session 067e8f4fc95a142e278331546357dd03 to remote] DEBUG org.asynchttpclient.netty.request.NettyRequestSender - Using open Channel [id: 0x3e2e85ca, L:/127.0.0.1:51395 - R:localhost/127.0.0.1:54776] for POST '/session/067e8f4fc95a142e278331546357dd03/execute/sync'
00:41:14.157 [AsyncHttpClient-1-2] DEBUG org.asynchttpclient.netty.handler.HttpHandler - 

Request DefaultHttpRequest(decodeResult: success, version: HTTP/1.1)
POST /session/067e8f4fc95a142e278331546357dd03/execute/sync HTTP/1.1
User-Agent: selenium/4.1.2 (java windows)
Content-Length: 48780
Content-Type: application/json; charset=utf-8
host: localhost:54776
accept: */*

Response DefaultHttpResponse(decodeResult: success, version: HTTP/1.1)
HTTP/1.1 200 OK
Content-Type: application/json; charset=utf-8
cache-control: no-cache
content-length: 14

00:41:14.157 [AsyncHttpClient-1-2] DEBUG org.asynchttpclient.netty.channel.ChannelManager - Adding key: http://localhost:54776 for channel [id: 0x3e2e85ca, L:/127.0.0.1:51395 - R:localhost/127.0.0.1:54776]
00:41:14.162 [Forwarding screenshot on session 067e8f4fc95a142e278331546357dd03 to remote] DEBUG org.asynchttpclient.netty.request.NettyRequestSender - Using pooled Channel '[id: 0x3e2e85ca, L:/127.0.0.1:51395 - R:localhost/127.0.0.1:54776]' for 'GET' to 'http://localhost:54776/session/067e8f4fc95a142e278331546357dd03/screenshot'
00:41:14.163 [Forwarding screenshot on session 067e8f4fc95a142e278331546357dd03 to remote] DEBUG org.asynchttpclient.netty.request.NettyRequestSender - Using open Channel [id: 0x3e2e85ca, L:/127.0.0.1:51395 - R:localhost/127.0.0.1:54776] for GET '/session/067e8f4fc95a142e278331546357dd03/screenshot'
00:41:14.369 [AsyncHttpClient-1-2] DEBUG org.asynchttpclient.netty.handler.HttpHandler - 

Request DefaultFullHttpRequest(decodeResult: success, version: HTTP/1.1, content: EmptyByteBufBE)
GET /session/067e8f4fc95a142e278331546357dd03/screenshot HTTP/1.1
User-Agent: selenium/4.1.2 (java windows)
Cache-Control: no-cache
Content-Type: application/json; charset=utf-8
host: localhost:54776
accept: */*

Response DefaultHttpResponse(decodeResult: success, version: HTTP/1.1)
HTTP/1.1 200 OK
Content-Type: application/json; charset=utf-8
cache-control: no-cache
content-length: 51436

00:41:14.369 [AsyncHttpClient-1-2] DEBUG org.asynchttpclient.netty.channel.ChannelManager - Adding key: http://localhost:54776 for channel [id: 0x3e2e85ca, L:/127.0.0.1:51395 - R:localhost/127.0.0.1:54776]
00:41:14.371 [main] DEBUG net.serenitybdd.core.photography.Darkroom - Send negative for processing for target\site\serenity\d88b18a52b363f5d6d63915158aee8639c9ac82c6a8b5915fc0435ce14cdd4e6.png
00:41:14.371 [main] DEBUG net.thucydides.core.steps.StepInterceptor - STEP DONE: iGotErrorMassage
  &amp#27;[32mThen &amp#27;[0m&amp#27;[32mI got error massage&amp#27;[0m                             &amp#27;[90m# stepdefinitions.RegisterStep.iGotErrorMassage()&amp#27;[0m
00:41:14.371 [Darkroom Processing Line] DEBUG net.serenitybdd.core.photography.DarkroomProcessingLine - Processing screenshot image in /var/screenshots/screenshot-2359461368844580549
00:41:14.371 [Darkroom Processing Line] DEBUG net.serenitybdd.core.photography.DarkroomProcessingLine - Saving screenshot to target\site\serenity\d88b18a52b363f5d6d63915158aee8639c9ac82c6a8b5915fc0435ce14cdd4e6.png
00:41:14.379 [main] INFO  - 
  _____   ___   ___   _____     ___     _     ___   ___   ___   ___  
 |_   _| | __| / __| |_   _|   | _ \   /_\   / __| / __| | __| |   \ 
   | |   | _|  \__ \   | |     |  _/  / _ \  \__ \ \__ \ | _|  | |) |
   |_|   |___| |___/   |_|     |_|   /_/ \_\ |___/ |___/ |___| |___/ 

As a user, i have not able to create account
----------------------------------------------------------------------
00:41:14.380 [AsyncHttpClient-1-4] DEBUG org.asynchttpclient.netty.handler.WebSocketHandler - Channel Closed: [id: 0x50279a09, L:/127.0.0.1:51405 ! R:localhost/127.0.0.1:51396] with attribute NettyResponseFuture{currentRetry=5,
	isDone=1,
	isCancelled=0,
	asyncHandler=org.asynchttpclient.ws.WebSocketUpgradeHandler@68284ab1,
	nettyRequest=org.asynchttpclient.netty.request.NettyRequest@3fc15f65,
	future=java.util.concurrent.CompletableFuture@57870bef[Completed normally],
	uri=ws://localhost:51396/devtools/browser/3d3cdd66-3f21-4637-afc7-1d9743d496cc,
	keepAlive=true,
	redirectCount=0,
	timeoutsHolder=null,
	inAuth=0,
	touch=1652463668540}
00:41:14.380 [AsyncHttpClient-1-4] DEBUG org.asynchttpclient.netty.channel.ChannelManager - Closing Channel [id: 0x50279a09, L:/127.0.0.1:51405 ! R:localhost/127.0.0.1:51396] 
00:41:14.381 [Driver Command Executor] DEBUG org.asynchttpclient.netty.request.NettyRequestSender - Using pooled Channel '[id: 0x3e2e85ca, L:/127.0.0.1:51395 - R:localhost/127.0.0.1:54776]' for 'DELETE' to 'http://localhost:54776/session/067e8f4fc95a142e278331546357dd03'
00:41:14.381 [Driver Command Executor] DEBUG org.asynchttpclient.netty.request.NettyRequestSender - Using open Channel [id: 0x3e2e85ca, L:/127.0.0.1:51395 - R:localhost/127.0.0.1:54776] for DELETE '/session/067e8f4fc95a142e278331546357dd03'
00:41:14.460 [AsyncHttpClient-1-3] DEBUG org.asynchttpclient.netty.handler.HttpHandler - Unexpected I/O exception on channel [id: 0x186434c7, L:/127.0.0.1:51404 - R:localhost/127.0.0.1:51396]
java.io.IOException: An existing connection was forcibly closed by the remote host
	at java.base/sun.nio.ch.SocketDispatcher.read0(Native Method)
	at java.base/sun.nio.ch.SocketDispatcher.read(SocketDispatcher.java:43)
	at java.base/sun.nio.ch.IOUtil.readIntoNativeBuffer(IOUtil.java:276)
	at java.base/sun.nio.ch.IOUtil.read(IOUtil.java:233)
	at java.base/sun.nio.ch.IOUtil.read(IOUtil.java:223)
	at java.base/sun.nio.ch.SocketChannelImpl.read(SocketChannelImpl.java:358)
	at io.netty.buffer.PooledByteBuf.setBytes(PooledByteBuf.java:258)
	at io.netty.buffer.AbstractByteBuf.writeBytes(AbstractByteBuf.java:1132)
	at io.netty.channel.socket.nio.NioSocketChannel.doReadBytes(NioSocketChannel.java:350)
	at io.netty.channel.nio.AbstractNioByteChannel$NioByteUnsafe.read(AbstractNioByteChannel.java:151)
	at io.netty.channel.nio.NioEventLoop.processSelectedKey(NioEventLoop.java:722)
	at io.netty.channel.nio.NioEventLoop.processSelectedKeysOptimized(NioEventLoop.java:658)
	at io.netty.channel.nio.NioEventLoop.processSelectedKeys(NioEventLoop.java:584)
	at io.netty.channel.nio.NioEventLoop.run(NioEventLoop.java:496)
	at io.netty.util.concurrent.SingleThreadEventExecutor$4.run(SingleThreadEventExecutor.java:986)
	at io.netty.util.internal.ThreadExecutorMap$2.run(ThreadExecutorMap.java:74)
	at io.netty.util.concurrent.FastThreadLocalRunnable.run(FastThreadLocalRunnable.java:30)
	at java.base/java.lang.Thread.run(Thread.java:834)
00:41:14.460 [AsyncHttpClient-1-3] DEBUG org.asynchttpclient.netty.channel.ChannelManager - Closing Channel [id: 0x186434c7, L:/127.0.0.1:51404 - R:localhost/127.0.0.1:51396] 
00:41:14.460 [AsyncHttpClient-1-3] DEBUG org.asynchttpclient.netty.handler.HttpHandler - Channel Closed: [id: 0x186434c7, L:/127.0.0.1:51404 ! R:localhost/127.0.0.1:51396] with attribute DISCARD
00:41:14.500 [AsyncHttpClient-1-2] DEBUG org.asynchttpclient.netty.handler.HttpHandler - 

Request DefaultFullHttpRequest(decodeResult: success, version: HTTP/1.1, content: EmptyByteBufBE)
DELETE /session/067e8f4fc95a142e278331546357dd03 HTTP/1.1
User-Agent: selenium/4.1.2 (java windows)
Content-Type: application/json; charset=utf-8
host: localhost:54776
accept: */*

Response DefaultHttpResponse(decodeResult: success, version: HTTP/1.1)
HTTP/1.1 200 OK
Content-Type: application/json; charset=utf-8
cache-control: no-cache
content-length: 14

00:41:14.500 [AsyncHttpClient-1-2] DEBUG org.asynchttpclient.netty.channel.ChannelManager - Adding key: http://localhost:54776 for channel [id: 0x3e2e85ca, L:/127.0.0.1:51395 - R:localhost/127.0.0.1:54776]
00:41:14.644 [AsyncHttpClient-1-2] DEBUG org.asynchttpclient.netty.handler.HttpHandler - Channel Closed: [id: 0x3e2e85ca, L:/127.0.0.1:51395 ! R:localhost/127.0.0.1:54776] with attribute DISCARD
]]></system-out>
    <system-err><![CDATA[Starting ChromeDriver 101.0.4951.41 (93c720db8323b3ec10d056025ab95c23a31997c9-refs/branch-heads/4951@{#904}) on port 54776
Only local connections are allowed.
Please see https://chromedriver.chromium.org/security-considerations for suggestions on keeping ChromeDriver safe.
ChromeDriver was started successfully.
May 14, 2022 12:41:08 AM org.openqa.selenium.remote.ProtocolHandshake createSession
INFO: Detected dialect: W3C
May 14, 2022 12:41:08 AM org.openqa.selenium.devtools.CdpVersionFinder findNearestMatch
WARNING: Unable to find an exact match for CDP version 101, so returning the closest version found: 97
May 14, 2022 12:41:08 AM org.openqa.selenium.devtools.CdpVersionFinder findNearestMatch
INFO: Found CDP implementation for version 101 of 97
]]></system-err>
  </testcase>
  <testcase name="As a user, i can short the price of product" classname="Register #2" time="10.174">
    <system-out><![CDATA[00:41:15.172 [main] INFO io.cucumber.core.plugin.SerenityReporter - Running feature from file:///D:/Mini%20Project-QE%20Alta/Web%20Automation/FrontEnd-AltaShop/src/test/resources/features/Transaction.feature
00:41:15.177 [main] DEBUG net.thucydides.core.steps.StepEventBus - Test suite started for story net.thucydides.core.model.Story@557d0d83
00:41:15.178 [main] INFO  - Test Suite Started: Register

Scenario: As a user, i can short the price of product &amp#27;[90m# src/test/resources/features/Transaction.feature:3&amp#27;[0m
00:41:15.200 [main] INFO io.cucumber.core.plugin.SerenityReporter - Running feature from file:///D:/Mini%20Project-QE%20Alta/Web%20Automation/FrontEnd-AltaShop/src/test/resources/features/Transaction.feature
00:41:15.206 [AsyncHttpClient-1-1] DEBUG org.asynchttpclient.netty.channel.DefaultChannelPool - Entry count for : http://localhost:51396 : 1
00:41:15.206 [main] INFO  - 
  _____   ___   ___   _____     ___   _____     _     ___   _____   ___   ___  
 |_   _| | __| / __| |_   _|   / __| |_   _|   /_\   | _ \ |_   _| | __| |   \ 
   | |   | _|  \__ \   | |     \__ \   | |    / _ \  |   /   | |   | _|  | |) |
   |_|   |___| |___/   |_|     |___/   |_|   /_/ \_\ |_|_\   |_|   |___| |___/ 

As a user, i can short the price of product(register;as-a-user--i-can-short-the-price-of-product)
--------------------------------------------------------------------------------
00:41:15.206 [AsyncHttpClient-1-1] DEBUG org.asynchttpclient.netty.channel.DefaultChannelPool - Entry count for : http://localhost:54776 : 1
00:41:15.206 [AsyncHttpClient-1-1] DEBUG org.asynchttpclient.netty.channel.DefaultChannelPool - Adding Candidate expired Channel [id: 0x186434c7, L:/127.0.0.1:51404 ! R:localhost/127.0.0.1:51396] isIdleTimeoutExpired=false isRemotelyClosed=true isTtlExpired=false
00:41:15.206 [AsyncHttpClient-1-1] DEBUG org.asynchttpclient.netty.channel.DefaultChannelPool - Closing Idle Channel [id: 0x186434c7, L:/127.0.0.1:51404 ! R:localhost/127.0.0.1:51396]
00:41:15.206 [AsyncHttpClient-1-1] DEBUG org.asynchttpclient.netty.channel.DefaultChannelPool - Adding Candidate expired Channel [id: 0x3e2e85ca, L:/127.0.0.1:51395 ! R:localhost/127.0.0.1:54776] isIdleTimeoutExpired=false isRemotelyClosed=true isTtlExpired=false
00:41:15.206 [AsyncHttpClient-1-1] DEBUG org.asynchttpclient.netty.channel.DefaultChannelPool - Closing Idle Channel [id: 0x3e2e85ca, L:/127.0.0.1:51395 ! R:localhost/127.0.0.1:54776]
00:41:15.207 [AsyncHttpClient-1-1] DEBUG org.asynchttpclient.netty.channel.DefaultChannelPool - Closed 2 connections out of 2 in 1 ms
00:41:15.259 [main] DEBUG net.thucydides.core.steps.StepInterceptor - STARTING STEP: TransactionStep.iAmAtOrderPage - onTransactionPage
00:41:15.261 [main] INFO net.serenitybdd.core.webdriver.driverproviders.ChromeDriverProvider - Using automatically driver download
00:41:15.454 [main] DEBUG io.github.bonigarcia.wdm.cache.ResolutionCache - Resolution chrome=101 in cache (valid until 01:39:29 14/05/2022 ICT)
00:41:15.461 [main] DEBUG io.github.bonigarcia.wdm.cache.ResolutionCache - Resolution chrome101=101.0.4951.41 in cache (valid until 18:09:12 14/05/2022 ICT)
00:41:15.465 [main] INFO io.github.bonigarcia.wdm.WebDriverManager - Using chromedriver 101.0.4951.41 (resolved driver for Chrome 101)
00:41:15.486 [main] DEBUG io.github.bonigarcia.wdm.WebDriverManager - Driver chromedriver 101.0.4951.41 found in cache
00:41:15.487 [main] INFO io.github.bonigarcia.wdm.WebDriverManager - Exporting webdriver.chrome.driver as C:\Users\Siti Nurlatipah\.cache\selenium\chromedriver\win32\101.0.4951.41\chromedriver.exe
00:41:15.624 [main] DEBUG net.serenitybdd.core.webdriver.driverproviders.ProvideNewDriver - Instantiating driver
00:41:15.624 [main] DEBUG net.serenitybdd.core.webdriver.driverproviders.ProvideNewDriver - Driver capabilities: Capabilities {acceptInsecureCerts: false, base.url: https://qa.alta.id, browserName: chrome, chrome.driver: src/test/resources/webdrive..., driver: chrome, goog:chromeOptions: {args: [], extensions: []}}
00:41:16.172 [AsyncHttpClient-1-5] DEBUG org.asynchttpclient.netty.channel.NettyConnectListener - Using new Channel '[id: 0x7967eae9, L:/127.0.0.1:51430 - R:localhost/127.0.0.1:61512]' for 'POST' to '/session'
00:41:17.187 [AsyncHttpClient-1-5] DEBUG org.asynchttpclient.netty.handler.HttpHandler - 

Request DefaultHttpRequest(decodeResult: success, version: HTTP/1.1)
POST /session HTTP/1.1
User-Agent: selenium/4.1.2 (java windows)
Content-Length: 595
Content-Type: application/json; charset=utf-8
host: localhost:61512
accept: */*

Response DefaultHttpResponse(decodeResult: success, version: HTTP/1.1)
HTTP/1.1 200 OK
Content-Type: application/json; charset=utf-8
cache-control: no-cache
content-length: 792

00:41:17.187 [AsyncHttpClient-1-5] DEBUG org.asynchttpclient.netty.channel.ChannelManager - Adding key: http://localhost:61512 for channel [id: 0x7967eae9, L:/127.0.0.1:51430 - R:localhost/127.0.0.1:61512]
00:41:17.200 [AsyncHttpClient-1-6] DEBUG org.asynchttpclient.netty.channel.NettyConnectListener - Using new Channel '[id: 0x56b02ea7, L:/127.0.0.1:51437 - R:localhost/127.0.0.1:51431]' for 'GET' to '/json/version'
00:41:17.202 [AsyncHttpClient-1-6] DEBUG org.asynchttpclient.netty.handler.HttpHandler - 

Request DefaultFullHttpRequest(decodeResult: success, version: HTTP/1.1, content: EmptyByteBufBE)
GET /json/version HTTP/1.1
User-Agent: selenium/4.1.2 (java windows)
host: localhost:51431
accept: */*

Response DefaultHttpResponse(decodeResult: success, version: HTTP/1.1)
HTTP/1.1 200 OK
Content-Type: application/json; charset=UTF-8
content-length: 427

00:41:17.202 [AsyncHttpClient-1-6] DEBUG org.asynchttpclient.netty.channel.ChannelManager - Adding key: http://localhost:51431 for channel [id: 0x56b02ea7, L:/127.0.0.1:51437 - R:localhost/127.0.0.1:51431]
00:41:17.205 [AsyncHttpClient-1-7] DEBUG org.asynchttpclient.netty.channel.NettyConnectListener - Using new Channel '[id: 0xc7c186c6, L:/127.0.0.1:51438 - R:localhost/127.0.0.1:51431]' for 'GET' to '/devtools/browser/2b62685f-74fd-49a8-ad87-6b7245273484'
00:41:17.206 [AsyncHttpClient-1-7] DEBUG org.asynchttpclient.netty.handler.WebSocketHandler - 

Request DefaultFullHttpRequest(decodeResult: success, version: HTTP/1.1, content: EmptyByteBufBE)
GET /devtools/browser/2b62685f-74fd-49a8-ad87-6b7245273484 HTTP/1.1
upgrade: websocket
connection: upgrade
sec-websocket-key: ijtIU2Sp3lnV9/t4+t1jxg==
sec-websocket-version: 13
origin: http://localhost:51431
host: localhost:51431
accept: */*
user-agent: AHC/2.1

Response DefaultHttpResponse(decodeResult: success, version: HTTP/1.1)
HTTP/1.1 101 WebSocket Protocol Handshake
Upgrade: WebSocket
Connection: Upgrade
Sec-WebSocket-Accept: TOjkV9VVSvYgGHyK4RC2RB2DAcY=

00:41:17.211 [Forwarding get on session ceddbd11231537ec58b2e45cabb57b79 to remote] DEBUG org.asynchttpclient.netty.request.NettyRequestSender - Using pooled Channel '[id: 0x7967eae9, L:/127.0.0.1:51430 - R:localhost/127.0.0.1:61512]' for 'POST' to 'http://localhost:61512/session/ceddbd11231537ec58b2e45cabb57b79/url'
00:41:17.211 [Forwarding get on session ceddbd11231537ec58b2e45cabb57b79 to remote] DEBUG org.asynchttpclient.netty.request.NettyRequestSender - Using open Channel [id: 0x7967eae9, L:/127.0.0.1:51430 - R:localhost/127.0.0.1:61512] for POST '/session/ceddbd11231537ec58b2e45cabb57b79/url'
00:41:17.396 [AsyncHttpClient-1-1] DEBUG org.asynchttpclient.netty.channel.DefaultChannelPool - Entry count for : http://localhost:51431 : 1
00:41:18.507 [AsyncHttpClient-1-1] DEBUG org.asynchttpclient.netty.channel.DefaultChannelPool - Entry count for : http://localhost:51431 : 1
00:41:19.597 [AsyncHttpClient-1-1] DEBUG org.asynchttpclient.netty.channel.DefaultChannelPool - Entry count for : http://localhost:51431 : 1
00:41:20.702 [AsyncHttpClient-1-1] DEBUG org.asynchttpclient.netty.channel.DefaultChannelPool - Entry count for : http://localhost:51431 : 1
00:41:21.054 [AsyncHttpClient-1-5] DEBUG org.asynchttpclient.netty.handler.HttpHandler - 

Request DefaultHttpRequest(decodeResult: success, version: HTTP/1.1)
POST /session/ceddbd11231537ec58b2e45cabb57b79/url HTTP/1.1
User-Agent: selenium/4.1.2 (java windows)
Content-Length: 60
Content-Type: application/json; charset=utf-8
host: localhost:61512
accept: */*

Response DefaultHttpResponse(decodeResult: success, version: HTTP/1.1)
HTTP/1.1 200 OK
Content-Type: application/json; charset=utf-8
cache-control: no-cache
content-length: 14

00:41:21.055 [AsyncHttpClient-1-5] DEBUG org.asynchttpclient.netty.channel.ChannelManager - Adding key: http://localhost:61512 for channel [id: 0x7967eae9, L:/127.0.0.1:51430 - R:localhost/127.0.0.1:61512]
00:41:21.056 [Forwarding setTimeout on session ceddbd11231537ec58b2e45cabb57b79 to remote] DEBUG org.asynchttpclient.netty.request.NettyRequestSender - Using pooled Channel '[id: 0x7967eae9, L:/127.0.0.1:51430 - R:localhost/127.0.0.1:61512]' for 'POST' to 'http://localhost:61512/session/ceddbd11231537ec58b2e45cabb57b79/timeouts'
00:41:21.056 [Forwarding setTimeout on session ceddbd11231537ec58b2e45cabb57b79 to remote] DEBUG org.asynchttpclient.netty.request.NettyRequestSender - Using open Channel [id: 0x7967eae9, L:/127.0.0.1:51430 - R:localhost/127.0.0.1:61512] for POST '/session/ceddbd11231537ec58b2e45cabb57b79/timeouts'
00:41:21.057 [AsyncHttpClient-1-5] DEBUG org.asynchttpclient.netty.handler.HttpHandler - 

Request DefaultHttpRequest(decodeResult: success, version: HTTP/1.1)
POST /session/ceddbd11231537ec58b2e45cabb57b79/timeouts HTTP/1.1
User-Agent: selenium/4.1.2 (java windows)
Content-Length: 22
Content-Type: application/json; charset=utf-8
host: localhost:61512
accept: */*

Response DefaultHttpResponse(decodeResult: success, version: HTTP/1.1)
HTTP/1.1 200 OK
Content-Type: application/json; charset=utf-8
cache-control: no-cache
content-length: 14

00:41:21.057 [AsyncHttpClient-1-5] DEBUG org.asynchttpclient.netty.channel.ChannelManager - Adding key: http://localhost:61512 for channel [id: 0x7967eae9, L:/127.0.0.1:51430 - R:localhost/127.0.0.1:61512]
00:41:21.059 [Forwarding getCurrentUrl on session ceddbd11231537ec58b2e45cabb57b79 to remote] DEBUG org.asynchttpclient.netty.request.NettyRequestSender - Using pooled Channel '[id: 0x7967eae9, L:/127.0.0.1:51430 - R:localhost/127.0.0.1:61512]' for 'GET' to 'http://localhost:61512/session/ceddbd11231537ec58b2e45cabb57b79/url'
00:41:21.059 [Forwarding getCurrentUrl on session ceddbd11231537ec58b2e45cabb57b79 to remote] DEBUG org.asynchttpclient.netty.request.NettyRequestSender - Using open Channel [id: 0x7967eae9, L:/127.0.0.1:51430 - R:localhost/127.0.0.1:61512] for GET '/session/ceddbd11231537ec58b2e45cabb57b79/url'
00:41:21.064 [AsyncHttpClient-1-5] DEBUG org.asynchttpclient.netty.handler.HttpHandler - 

Request DefaultFullHttpRequest(decodeResult: success, version: HTTP/1.1, content: EmptyByteBufBE)
GET /session/ceddbd11231537ec58b2e45cabb57b79/url HTTP/1.1
User-Agent: selenium/4.1.2 (java windows)
Cache-Control: no-cache
Content-Type: application/json; charset=utf-8
host: localhost:61512
accept: */*

Response DefaultHttpResponse(decodeResult: success, version: HTTP/1.1)
HTTP/1.1 200 OK
Content-Type: application/json; charset=utf-8
cache-control: no-cache
content-length: 42

00:41:21.065 [AsyncHttpClient-1-5] DEBUG org.asynchttpclient.netty.channel.ChannelManager - Adding key: http://localhost:61512 for channel [id: 0x7967eae9, L:/127.0.0.1:51430 - R:localhost/127.0.0.1:61512]
00:41:21.071 [main] DEBUG net.serenitybdd.core.photography.Darkroom - Opening darkroom
00:41:21.071 [Darkroom Processing Line] DEBUG net.serenitybdd.core.photography.DarkroomProcessingLine - Darkroom processing line starting up
00:41:21.072 [Forwarding screenshot on session ceddbd11231537ec58b2e45cabb57b79 to remote] DEBUG org.asynchttpclient.netty.request.NettyRequestSender - Using pooled Channel '[id: 0x7967eae9, L:/127.0.0.1:51430 - R:localhost/127.0.0.1:61512]' for 'GET' to 'http://localhost:61512/session/ceddbd11231537ec58b2e45cabb57b79/screenshot'
00:41:21.072 [Forwarding screenshot on session ceddbd11231537ec58b2e45cabb57b79 to remote] DEBUG org.asynchttpclient.netty.request.NettyRequestSender - Using open Channel [id: 0x7967eae9, L:/127.0.0.1:51430 - R:localhost/127.0.0.1:61512] for GET '/session/ceddbd11231537ec58b2e45cabb57b79/screenshot'
00:41:21.238 [AsyncHttpClient-1-5] DEBUG org.asynchttpclient.netty.handler.HttpHandler - 

Request DefaultFullHttpRequest(decodeResult: success, version: HTTP/1.1, content: EmptyByteBufBE)
GET /session/ceddbd11231537ec58b2e45cabb57b79/screenshot HTTP/1.1
User-Agent: selenium/4.1.2 (java windows)
Cache-Control: no-cache
Content-Type: application/json; charset=utf-8
host: localhost:61512
accept: */*

Response DefaultHttpResponse(decodeResult: success, version: HTTP/1.1)
HTTP/1.1 200 OK
Content-Type: application/json; charset=utf-8
cache-control: no-cache
content-length: 44696

00:41:21.239 [AsyncHttpClient-1-5] DEBUG org.asynchttpclient.netty.channel.ChannelManager - Adding key: http://localhost:61512 for channel [id: 0x7967eae9, L:/127.0.0.1:51430 - R:localhost/127.0.0.1:61512]
00:41:21.240 [main] DEBUG net.serenitybdd.core.photography.Darkroom - Send negative for processing for target\site\serenity\b94df4f61f8de06725b5a25075a27f3d1cabfef1a1d6f1abc925838a9152be0a.png
00:41:21.240 [main] DEBUG net.thucydides.core.steps.StepInterceptor - STEP DONE: onTransactionPage
  &amp#27;[32mGiven &amp#27;[0m&amp#27;[32m&amp#27;[0m&amp#27;[32m&amp#27;[1mI&amp#27;[0m&amp#27;[32m am at transaction page&amp#27;[0m                      &amp#27;[90m# stepdefinitions.TransactionStep.iAmAtOrderPage(java.lang.String)&amp#27;[0m
00:41:21.241 [Darkroom Processing Line] DEBUG net.serenitybdd.core.photography.DarkroomProcessingLine - Processing screenshot image in /var/screenshots/screenshot-17432677274134980186
00:41:21.241 [Darkroom Processing Line] DEBUG net.serenitybdd.core.photography.DarkroomProcessingLine - Saving screenshot to target\site\serenity\b94df4f61f8de06725b5a25075a27f3d1cabfef1a1d6f1abc925838a9152be0a.png
00:41:21.261 [main] DEBUG net.thucydides.core.steps.StepInterceptor - STARTING STEP: TransactionStep.iClickBayarButton - toLoginPage
00:41:21.268 [Forwarding findElement on session ceddbd11231537ec58b2e45cabb57b79 to remote] DEBUG org.asynchttpclient.netty.request.NettyRequestSender - Using pooled Channel '[id: 0x7967eae9, L:/127.0.0.1:51430 - R:localhost/127.0.0.1:61512]' for 'POST' to 'http://localhost:61512/session/ceddbd11231537ec58b2e45cabb57b79/element'
00:41:21.268 [Forwarding findElement on session ceddbd11231537ec58b2e45cabb57b79 to remote] DEBUG org.asynchttpclient.netty.request.NettyRequestSender - Using open Channel [id: 0x7967eae9, L:/127.0.0.1:51430 - R:localhost/127.0.0.1:61512] for POST '/session/ceddbd11231537ec58b2e45cabb57b79/element'
00:41:21.288 [AsyncHttpClient-1-5] DEBUG org.asynchttpclient.netty.handler.HttpHandler - 

Request DefaultHttpRequest(decodeResult: success, version: HTTP/1.1)
POST /session/ceddbd11231537ec58b2e45cabb57b79/element HTTP/1.1
User-Agent: selenium/4.1.2 (java windows)
Content-Length: 125
Content-Type: application/json; charset=utf-8
host: localhost:61512
accept: */*

Response DefaultHttpResponse(decodeResult: success, version: HTTP/1.1)
HTTP/1.1 200 OK
Content-Type: application/json; charset=utf-8
cache-control: no-cache
content-length: 88

00:41:21.289 [AsyncHttpClient-1-5] DEBUG org.asynchttpclient.netty.channel.ChannelManager - Adding key: http://localhost:61512 for channel [id: 0x7967eae9, L:/127.0.0.1:51430 - R:localhost/127.0.0.1:61512]
00:41:21.290 [Forwarding getElementTagName on session ceddbd11231537ec58b2e45cabb57b79 to remote] DEBUG org.asynchttpclient.netty.request.NettyRequestSender - Using pooled Channel '[id: 0x7967eae9, L:/127.0.0.1:51430 - R:localhost/127.0.0.1:61512]' for 'GET' to 'http://localhost:61512/session/ceddbd11231537ec58b2e45cabb57b79/element/289401f6-ab1c-435a-b04f-eb03b3212645/name'
00:41:21.290 [Forwarding getElementTagName on session ceddbd11231537ec58b2e45cabb57b79 to remote] DEBUG org.asynchttpclient.netty.request.NettyRequestSender - Using open Channel [id: 0x7967eae9, L:/127.0.0.1:51430 - R:localhost/127.0.0.1:61512] for GET '/session/ceddbd11231537ec58b2e45cabb57b79/element/289401f6-ab1c-435a-b04f-eb03b3212645/name'
00:41:21.299 [AsyncHttpClient-1-5] DEBUG org.asynchttpclient.netty.handler.HttpHandler - 

Request DefaultFullHttpRequest(decodeResult: success, version: HTTP/1.1, content: EmptyByteBufBE)
GET /session/ceddbd11231537ec58b2e45cabb57b79/element/289401f6-ab1c-435a-b04f-eb03b3212645/name HTTP/1.1
User-Agent: selenium/4.1.2 (java windows)
Cache-Control: no-cache
Content-Type: application/json; charset=utf-8
host: localhost:61512
accept: */*

Response DefaultHttpResponse(decodeResult: success, version: HTTP/1.1)
HTTP/1.1 200 OK
Content-Type: application/json; charset=utf-8
cache-control: no-cache
content-length: 13

00:41:21.299 [AsyncHttpClient-1-5] DEBUG org.asynchttpclient.netty.channel.ChannelManager - Adding key: http://localhost:61512 for channel [id: 0x7967eae9, L:/127.0.0.1:51430 - R:localhost/127.0.0.1:61512]
00:41:21.301 [Forwarding getElementTagName on session ceddbd11231537ec58b2e45cabb57b79 to remote] DEBUG org.asynchttpclient.netty.request.NettyRequestSender - Using pooled Channel '[id: 0x7967eae9, L:/127.0.0.1:51430 - R:localhost/127.0.0.1:61512]' for 'GET' to 'http://localhost:61512/session/ceddbd11231537ec58b2e45cabb57b79/element/289401f6-ab1c-435a-b04f-eb03b3212645/name'
00:41:21.301 [Forwarding getElementTagName on session ceddbd11231537ec58b2e45cabb57b79 to remote] DEBUG org.asynchttpclient.netty.request.NettyRequestSender - Using open Channel [id: 0x7967eae9, L:/127.0.0.1:51430 - R:localhost/127.0.0.1:61512] for GET '/session/ceddbd11231537ec58b2e45cabb57b79/element/289401f6-ab1c-435a-b04f-eb03b3212645/name'
00:41:21.306 [AsyncHttpClient-1-5] DEBUG org.asynchttpclient.netty.handler.HttpHandler - 

Request DefaultFullHttpRequest(decodeResult: success, version: HTTP/1.1, content: EmptyByteBufBE)
GET /session/ceddbd11231537ec58b2e45cabb57b79/element/289401f6-ab1c-435a-b04f-eb03b3212645/name HTTP/1.1
User-Agent: selenium/4.1.2 (java windows)
Cache-Control: no-cache
Content-Type: application/json; charset=utf-8
host: localhost:61512
accept: */*

Response DefaultHttpResponse(decodeResult: success, version: HTTP/1.1)
HTTP/1.1 200 OK
Content-Type: application/json; charset=utf-8
cache-control: no-cache
content-length: 13

00:41:21.306 [AsyncHttpClient-1-5] DEBUG org.asynchttpclient.netty.channel.ChannelManager - Adding key: http://localhost:61512 for channel [id: 0x7967eae9, L:/127.0.0.1:51430 - R:localhost/127.0.0.1:61512]
00:41:21.311 [Forwarding findElement on session ceddbd11231537ec58b2e45cabb57b79 to remote] DEBUG org.asynchttpclient.netty.request.NettyRequestSender - Using pooled Channel '[id: 0x7967eae9, L:/127.0.0.1:51430 - R:localhost/127.0.0.1:61512]' for 'POST' to 'http://localhost:61512/session/ceddbd11231537ec58b2e45cabb57b79/element'
00:41:21.311 [Forwarding findElement on session ceddbd11231537ec58b2e45cabb57b79 to remote] DEBUG org.asynchttpclient.netty.request.NettyRequestSender - Using open Channel [id: 0x7967eae9, L:/127.0.0.1:51430 - R:localhost/127.0.0.1:61512] for POST '/session/ceddbd11231537ec58b2e45cabb57b79/element'
00:41:21.327 [AsyncHttpClient-1-5] DEBUG org.asynchttpclient.netty.handler.HttpHandler - 

Request DefaultHttpRequest(decodeResult: success, version: HTTP/1.1)
POST /session/ceddbd11231537ec58b2e45cabb57b79/element HTTP/1.1
User-Agent: selenium/4.1.2 (java windows)
Content-Length: 125
Content-Type: application/json; charset=utf-8
host: localhost:61512
accept: */*

Response DefaultHttpResponse(decodeResult: success, version: HTTP/1.1)
HTTP/1.1 200 OK
Content-Type: application/json; charset=utf-8
cache-control: no-cache
content-length: 88

00:41:21.327 [AsyncHttpClient-1-5] DEBUG org.asynchttpclient.netty.channel.ChannelManager - Adding key: http://localhost:61512 for channel [id: 0x7967eae9, L:/127.0.0.1:51430 - R:localhost/127.0.0.1:61512]
00:41:21.329 [Forwarding clickElement on session ceddbd11231537ec58b2e45cabb57b79 to remote] DEBUG org.asynchttpclient.netty.request.NettyRequestSender - Using pooled Channel '[id: 0x7967eae9, L:/127.0.0.1:51430 - R:localhost/127.0.0.1:61512]' for 'POST' to 'http://localhost:61512/session/ceddbd11231537ec58b2e45cabb57b79/element/289401f6-ab1c-435a-b04f-eb03b3212645/click'
00:41:21.329 [Forwarding clickElement on session ceddbd11231537ec58b2e45cabb57b79 to remote] DEBUG org.asynchttpclient.netty.request.NettyRequestSender - Using open Channel [id: 0x7967eae9, L:/127.0.0.1:51430 - R:localhost/127.0.0.1:61512] for POST '/session/ceddbd11231537ec58b2e45cabb57b79/element/289401f6-ab1c-435a-b04f-eb03b3212645/click'
00:41:21.463 [AsyncHttpClient-1-5] DEBUG org.asynchttpclient.netty.handler.HttpHandler - 

Request DefaultHttpRequest(decodeResult: success, version: HTTP/1.1)
POST /session/ceddbd11231537ec58b2e45cabb57b79/element/289401f6-ab1c-435a-b04f-eb03b3212645/click HTTP/1.1
User-Agent: selenium/4.1.2 (java windows)
Content-Length: 50
Content-Type: application/json; charset=utf-8
host: localhost:61512
accept: */*

Response DefaultHttpResponse(decodeResult: success, version: HTTP/1.1)
HTTP/1.1 200 OK
Content-Type: application/json; charset=utf-8
cache-control: no-cache
content-length: 14

00:41:21.463 [AsyncHttpClient-1-5] DEBUG org.asynchttpclient.netty.channel.ChannelManager - Adding key: http://localhost:61512 for channel [id: 0x7967eae9, L:/127.0.0.1:51430 - R:localhost/127.0.0.1:61512]
00:41:21.494 [Forwarding screenshot on session ceddbd11231537ec58b2e45cabb57b79 to remote] DEBUG org.asynchttpclient.netty.request.NettyRequestSender - Using pooled Channel '[id: 0x7967eae9, L:/127.0.0.1:51430 - R:localhost/127.0.0.1:61512]' for 'GET' to 'http://localhost:61512/session/ceddbd11231537ec58b2e45cabb57b79/screenshot'
00:41:21.495 [Forwarding screenshot on session ceddbd11231537ec58b2e45cabb57b79 to remote] DEBUG org.asynchttpclient.netty.request.NettyRequestSender - Using open Channel [id: 0x7967eae9, L:/127.0.0.1:51430 - R:localhost/127.0.0.1:61512] for GET '/session/ceddbd11231537ec58b2e45cabb57b79/screenshot'
00:41:21.804 [AsyncHttpClient-1-1] DEBUG org.asynchttpclient.netty.channel.DefaultChannelPool - Entry count for : http://localhost:51431 : 1
00:41:22.127 [AsyncHttpClient-1-5] DEBUG org.asynchttpclient.netty.handler.HttpHandler - 

Request DefaultFullHttpRequest(decodeResult: success, version: HTTP/1.1, content: EmptyByteBufBE)
GET /session/ceddbd11231537ec58b2e45cabb57b79/screenshot HTTP/1.1
User-Agent: selenium/4.1.2 (java windows)
Cache-Control: no-cache
Content-Type: application/json; charset=utf-8
host: localhost:61512
accept: */*

Response DefaultHttpResponse(decodeResult: success, version: HTTP/1.1)
HTTP/1.1 200 OK
Content-Type: application/json; charset=utf-8
cache-control: no-cache
content-length: 39520

00:41:22.127 [AsyncHttpClient-1-5] DEBUG org.asynchttpclient.netty.channel.ChannelManager - Adding key: http://localhost:61512 for channel [id: 0x7967eae9, L:/127.0.0.1:51430 - R:localhost/127.0.0.1:61512]
00:41:22.129 [main] DEBUG net.serenitybdd.core.photography.Darkroom - Send negative for processing for target\site\serenity\1288ad2728c710f67d550c819c438d21557d4755e33a862f2b4f8299bee42c2a.png
00:41:22.130 [main] DEBUG net.thucydides.core.steps.StepInterceptor - STEP DONE: toLoginPage
  &amp#27;[32mWhen &amp#27;[0m&amp#27;[32mI click login-button&amp#27;[0m                           &amp#27;[90m# stepdefinitions.TransactionStep.iClickBayarButton()&amp#27;[0m
00:41:22.130 [Darkroom Processing Line] DEBUG net.serenitybdd.core.photography.DarkroomProcessingLine - Processing screenshot image in /var/screenshots/screenshot-6435491250814840592
00:41:22.130 [Darkroom Processing Line] DEBUG net.serenitybdd.core.photography.DarkroomProcessingLine - Saving screenshot to target\site\serenity\1288ad2728c710f67d550c819c438d21557d4755e33a862f2b4f8299bee42c2a.png
00:41:22.158 [main] DEBUG net.thucydides.core.steps.StepInterceptor - STARTING STEP: TransactionStep.inputEmail - typeMyEmail
00:41:22.162 [Forwarding findElement on session ceddbd11231537ec58b2e45cabb57b79 to remote] DEBUG org.asynchttpclient.netty.request.NettyRequestSender - Using pooled Channel '[id: 0x7967eae9, L:/127.0.0.1:51430 - R:localhost/127.0.0.1:61512]' for 'POST' to 'http://localhost:61512/session/ceddbd11231537ec58b2e45cabb57b79/element'
00:41:22.162 [Forwarding findElement on session ceddbd11231537ec58b2e45cabb57b79 to remote] DEBUG org.asynchttpclient.netty.request.NettyRequestSender - Using open Channel [id: 0x7967eae9, L:/127.0.0.1:51430 - R:localhost/127.0.0.1:61512] for POST '/session/ceddbd11231537ec58b2e45cabb57b79/element'
00:41:22.186 [AsyncHttpClient-1-5] DEBUG org.asynchttpclient.netty.handler.HttpHandler - 

Request DefaultHttpRequest(decodeResult: success, version: HTTP/1.1)
POST /session/ceddbd11231537ec58b2e45cabb57b79/element HTTP/1.1
User-Agent: selenium/4.1.2 (java windows)
Content-Length: 84
Content-Type: application/json; charset=utf-8
host: localhost:61512
accept: */*

Response DefaultHttpResponse(decodeResult: success, version: HTTP/1.1)
HTTP/1.1 200 OK
Content-Type: application/json; charset=utf-8
cache-control: no-cache
content-length: 88

00:41:22.186 [AsyncHttpClient-1-5] DEBUG org.asynchttpclient.netty.channel.ChannelManager - Adding key: http://localhost:61512 for channel [id: 0x7967eae9, L:/127.0.0.1:51430 - R:localhost/127.0.0.1:61512]
00:41:22.190 [Forwarding sendKeysToElement on session ceddbd11231537ec58b2e45cabb57b79 to remote] DEBUG org.asynchttpclient.netty.request.NettyRequestSender - Using pooled Channel '[id: 0x7967eae9, L:/127.0.0.1:51430 - R:localhost/127.0.0.1:61512]' for 'POST' to 'http://localhost:61512/session/ceddbd11231537ec58b2e45cabb57b79/element/501e178c-9bbd-4959-a7b0-ff16865dc0fa/value'
00:41:22.191 [Forwarding sendKeysToElement on session ceddbd11231537ec58b2e45cabb57b79 to remote] DEBUG org.asynchttpclient.netty.request.NettyRequestSender - Using open Channel [id: 0x7967eae9, L:/127.0.0.1:51430 - R:localhost/127.0.0.1:61512] for POST '/session/ceddbd11231537ec58b2e45cabb57b79/element/501e178c-9bbd-4959-a7b0-ff16865dc0fa/value'
00:41:22.519 [AsyncHttpClient-1-5] DEBUG org.asynchttpclient.netty.handler.HttpHandler - 

Request DefaultHttpRequest(decodeResult: success, version: HTTP/1.1)
POST /session/ceddbd11231537ec58b2e45cabb57b79/element/501e178c-9bbd-4959-a7b0-ff16865dc0fa/value HTTP/1.1
User-Agent: selenium/4.1.2 (java windows)
Content-Length: 361
Content-Type: application/json; charset=utf-8
host: localhost:61512
accept: */*

Response DefaultHttpResponse(decodeResult: success, version: HTTP/1.1)
HTTP/1.1 200 OK
Content-Type: application/json; charset=utf-8
cache-control: no-cache
content-length: 14

00:41:22.519 [AsyncHttpClient-1-5] DEBUG org.asynchttpclient.netty.channel.ChannelManager - Adding key: http://localhost:61512 for channel [id: 0x7967eae9, L:/127.0.0.1:51430 - R:localhost/127.0.0.1:61512]
00:41:22.526 [Forwarding screenshot on session ceddbd11231537ec58b2e45cabb57b79 to remote] DEBUG org.asynchttpclient.netty.request.NettyRequestSender - Using pooled Channel '[id: 0x7967eae9, L:/127.0.0.1:51430 - R:localhost/127.0.0.1:61512]' for 'GET' to 'http://localhost:61512/session/ceddbd11231537ec58b2e45cabb57b79/screenshot'
00:41:22.526 [Forwarding screenshot on session ceddbd11231537ec58b2e45cabb57b79 to remote] DEBUG org.asynchttpclient.netty.request.NettyRequestSender - Using open Channel [id: 0x7967eae9, L:/127.0.0.1:51430 - R:localhost/127.0.0.1:61512] for GET '/session/ceddbd11231537ec58b2e45cabb57b79/screenshot'
00:41:22.716 [AsyncHttpClient-1-5] DEBUG org.asynchttpclient.netty.handler.HttpHandler - 

Request DefaultFullHttpRequest(decodeResult: success, version: HTTP/1.1, content: EmptyByteBufBE)
GET /session/ceddbd11231537ec58b2e45cabb57b79/screenshot HTTP/1.1
User-Agent: selenium/4.1.2 (java windows)
Cache-Control: no-cache
Content-Type: application/json; charset=utf-8
host: localhost:61512
accept: */*

Response DefaultHttpResponse(decodeResult: success, version: HTTP/1.1)
HTTP/1.1 200 OK
Content-Type: application/json; charset=utf-8
cache-control: no-cache
content-length: 48972

00:41:22.717 [AsyncHttpClient-1-5] DEBUG org.asynchttpclient.netty.channel.ChannelManager - Adding key: http://localhost:61512 for channel [id: 0x7967eae9, L:/127.0.0.1:51430 - R:localhost/127.0.0.1:61512]
00:41:22.719 [main] DEBUG net.serenitybdd.core.photography.Darkroom - Send negative for processing for target\site\serenity\551685bafbf63e3314810e9ccd87460802beae913f0fcbf13e54dfc9e09f86a7.png
00:41:22.719 [main] DEBUG net.thucydides.core.steps.StepInterceptor - STEP DONE: typeMyEmail
  &amp#27;[32mAnd &amp#27;[0m&amp#27;[32mI type the email &amp#27;[0m&amp#27;[32m&amp#27;[1mlandon.mcdermott@hotmail.com&amp#27;[0m   &amp#27;[90m# stepdefinitions.TransactionStep.inputEmail(java.lang.String)&amp#27;[0m
00:41:22.720 [Darkroom Processing Line] DEBUG net.serenitybdd.core.photography.DarkroomProcessingLine - Processing screenshot image in /var/screenshots/screenshot-3054407417081176546
00:41:22.720 [Darkroom Processing Line] DEBUG net.serenitybdd.core.photography.DarkroomProcessingLine - Saving screenshot to target\site\serenity\551685bafbf63e3314810e9ccd87460802beae913f0fcbf13e54dfc9e09f86a7.png
00:41:22.733 [main] DEBUG net.thucydides.core.steps.StepInterceptor - STARTING STEP: TransactionStep.inputPassword - typeMyPassword
00:41:22.736 [Forwarding findElement on session ceddbd11231537ec58b2e45cabb57b79 to remote] DEBUG org.asynchttpclient.netty.request.NettyRequestSender - Using pooled Channel '[id: 0x7967eae9, L:/127.0.0.1:51430 - R:localhost/127.0.0.1:61512]' for 'POST' to 'http://localhost:61512/session/ceddbd11231537ec58b2e45cabb57b79/element'
00:41:22.736 [Forwarding findElement on session ceddbd11231537ec58b2e45cabb57b79 to remote] DEBUG org.asynchttpclient.netty.request.NettyRequestSender - Using open Channel [id: 0x7967eae9, L:/127.0.0.1:51430 - R:localhost/127.0.0.1:61512] for POST '/session/ceddbd11231537ec58b2e45cabb57b79/element'
00:41:22.764 [AsyncHttpClient-1-5] DEBUG org.asynchttpclient.netty.handler.HttpHandler - 

Request DefaultHttpRequest(decodeResult: success, version: HTTP/1.1)
POST /session/ceddbd11231537ec58b2e45cabb57b79/element HTTP/1.1
User-Agent: selenium/4.1.2 (java windows)
Content-Length: 87
Content-Type: application/json; charset=utf-8
host: localhost:61512
accept: */*

Response DefaultHttpResponse(decodeResult: success, version: HTTP/1.1)
HTTP/1.1 200 OK
Content-Type: application/json; charset=utf-8
cache-control: no-cache
content-length: 88

00:41:22.765 [AsyncHttpClient-1-5] DEBUG org.asynchttpclient.netty.channel.ChannelManager - Adding key: http://localhost:61512 for channel [id: 0x7967eae9, L:/127.0.0.1:51430 - R:localhost/127.0.0.1:61512]
00:41:22.766 [Forwarding sendKeysToElement on session ceddbd11231537ec58b2e45cabb57b79 to remote] DEBUG org.asynchttpclient.netty.request.NettyRequestSender - Using pooled Channel '[id: 0x7967eae9, L:/127.0.0.1:51430 - R:localhost/127.0.0.1:61512]' for 'POST' to 'http://localhost:61512/session/ceddbd11231537ec58b2e45cabb57b79/element/8c2f0d61-0bf9-4bbb-83c9-af08b54fa5d9/value'
00:41:22.766 [Forwarding sendKeysToElement on session ceddbd11231537ec58b2e45cabb57b79 to remote] DEBUG org.asynchttpclient.netty.request.NettyRequestSender - Using open Channel [id: 0x7967eae9, L:/127.0.0.1:51430 - R:localhost/127.0.0.1:61512] for POST '/session/ceddbd11231537ec58b2e45cabb57b79/element/8c2f0d61-0bf9-4bbb-83c9-af08b54fa5d9/value'
00:41:22.896 [AsyncHttpClient-1-1] DEBUG org.asynchttpclient.netty.channel.DefaultChannelPool - Entry count for : http://localhost:51431 : 1
00:41:22.903 [AsyncHttpClient-1-5] DEBUG org.asynchttpclient.netty.handler.HttpHandler - 

Request DefaultHttpRequest(decodeResult: success, version: HTTP/1.1)
POST /session/ceddbd11231537ec58b2e45cabb57b79/element/8c2f0d61-0bf9-4bbb-83c9-af08b54fa5d9/value HTTP/1.1
User-Agent: selenium/4.1.2 (java windows)
Content-Length: 131
Content-Type: application/json; charset=utf-8
host: localhost:61512
accept: */*

Response DefaultHttpResponse(decodeResult: success, version: HTTP/1.1)
HTTP/1.1 200 OK
Content-Type: application/json; charset=utf-8
cache-control: no-cache
content-length: 14

00:41:22.903 [AsyncHttpClient-1-5] DEBUG org.asynchttpclient.netty.channel.ChannelManager - Adding key: http://localhost:61512 for channel [id: 0x7967eae9, L:/127.0.0.1:51430 - R:localhost/127.0.0.1:61512]
00:41:22.914 [Forwarding screenshot on session ceddbd11231537ec58b2e45cabb57b79 to remote] DEBUG org.asynchttpclient.netty.request.NettyRequestSender - Using pooled Channel '[id: 0x7967eae9, L:/127.0.0.1:51430 - R:localhost/127.0.0.1:61512]' for 'GET' to 'http://localhost:61512/session/ceddbd11231537ec58b2e45cabb57b79/screenshot'
00:41:22.914 [Forwarding screenshot on session ceddbd11231537ec58b2e45cabb57b79 to remote] DEBUG org.asynchttpclient.netty.request.NettyRequestSender - Using open Channel [id: 0x7967eae9, L:/127.0.0.1:51430 - R:localhost/127.0.0.1:61512] for GET '/session/ceddbd11231537ec58b2e45cabb57b79/screenshot'
00:41:23.157 [AsyncHttpClient-1-5] DEBUG org.asynchttpclient.netty.handler.HttpHandler - 

Request DefaultFullHttpRequest(decodeResult: success, version: HTTP/1.1, content: EmptyByteBufBE)
GET /session/ceddbd11231537ec58b2e45cabb57b79/screenshot HTTP/1.1
User-Agent: selenium/4.1.2 (java windows)
Cache-Control: no-cache
Content-Type: application/json; charset=utf-8
host: localhost:61512
accept: */*

Response DefaultHttpResponse(decodeResult: success, version: HTTP/1.1)
HTTP/1.1 200 OK
Content-Type: application/json; charset=utf-8
cache-control: no-cache
content-length: 51064

00:41:23.157 [AsyncHttpClient-1-5] DEBUG org.asynchttpclient.netty.channel.ChannelManager - Adding key: http://localhost:61512 for channel [id: 0x7967eae9, L:/127.0.0.1:51430 - R:localhost/127.0.0.1:61512]
00:41:23.162 [main] DEBUG net.serenitybdd.core.photography.Darkroom - Send negative for processing for target\site\serenity\a0d4340221e21435adddfe5109a7ee1ef7445f0f2449ad1476eb18fd81bfb75c.png
00:41:23.162 [main] DEBUG net.thucydides.core.steps.StepInterceptor - STEP DONE: typeMyPassword
00:41:23.163 [Darkroom Processing Line] DEBUG net.serenitybdd.core.photography.DarkroomProcessingLine - Processing screenshot image in /var/screenshots/screenshot-7315297690816103163
00:41:23.163 [Darkroom Processing Line] DEBUG net.serenitybdd.core.photography.DarkroomProcessingLine - Saving screenshot to target\site\serenity\a0d4340221e21435adddfe5109a7ee1ef7445f0f2449ad1476eb18fd81bfb75c.png
00:41:23.172 [main] DEBUG net.thucydides.core.steps.StepInterceptor - STARTING STEP: TransactionStep.inputPassword - clickLoginButton
00:41:23.179 [Forwarding findElement on session ceddbd11231537ec58b2e45cabb57b79 to remote] DEBUG org.asynchttpclient.netty.request.NettyRequestSender - Using pooled Channel '[id: 0x7967eae9, L:/127.0.0.1:51430 - R:localhost/127.0.0.1:61512]' for 'POST' to 'http://localhost:61512/session/ceddbd11231537ec58b2e45cabb57b79/element'
00:41:23.179 [Forwarding findElement on session ceddbd11231537ec58b2e45cabb57b79 to remote] DEBUG org.asynchttpclient.netty.request.NettyRequestSender - Using open Channel [id: 0x7967eae9, L:/127.0.0.1:51430 - R:localhost/127.0.0.1:61512] for POST '/session/ceddbd11231537ec58b2e45cabb57b79/element'
00:41:23.200 [AsyncHttpClient-1-5] DEBUG org.asynchttpclient.netty.handler.HttpHandler - 

Request DefaultHttpRequest(decodeResult: success, version: HTTP/1.1)
POST /session/ceddbd11231537ec58b2e45cabb57b79/element HTTP/1.1
User-Agent: selenium/4.1.2 (java windows)
Content-Length: 155
Content-Type: application/json; charset=utf-8
host: localhost:61512
accept: */*

Response DefaultHttpResponse(decodeResult: success, version: HTTP/1.1)
HTTP/1.1 200 OK
Content-Type: application/json; charset=utf-8
cache-control: no-cache
content-length: 88

00:41:23.200 [AsyncHttpClient-1-5] DEBUG org.asynchttpclient.netty.channel.ChannelManager - Adding key: http://localhost:61512 for channel [id: 0x7967eae9, L:/127.0.0.1:51430 - R:localhost/127.0.0.1:61512]
00:41:23.202 [Forwarding getElementTagName on session ceddbd11231537ec58b2e45cabb57b79 to remote] DEBUG org.asynchttpclient.netty.request.NettyRequestSender - Using pooled Channel '[id: 0x7967eae9, L:/127.0.0.1:51430 - R:localhost/127.0.0.1:61512]' for 'GET' to 'http://localhost:61512/session/ceddbd11231537ec58b2e45cabb57b79/element/6ef12cdf-ed56-4f8b-8e38-9897ceb10684/name'
00:41:23.202 [Forwarding getElementTagName on session ceddbd11231537ec58b2e45cabb57b79 to remote] DEBUG org.asynchttpclient.netty.request.NettyRequestSender - Using open Channel [id: 0x7967eae9, L:/127.0.0.1:51430 - R:localhost/127.0.0.1:61512] for GET '/session/ceddbd11231537ec58b2e45cabb57b79/element/6ef12cdf-ed56-4f8b-8e38-9897ceb10684/name'
00:41:23.210 [AsyncHttpClient-1-5] DEBUG org.asynchttpclient.netty.handler.HttpHandler - 

Request DefaultFullHttpRequest(decodeResult: success, version: HTTP/1.1, content: EmptyByteBufBE)
GET /session/ceddbd11231537ec58b2e45cabb57b79/element/6ef12cdf-ed56-4f8b-8e38-9897ceb10684/name HTTP/1.1
User-Agent: selenium/4.1.2 (java windows)
Cache-Control: no-cache
Content-Type: application/json; charset=utf-8
host: localhost:61512
accept: */*

Response DefaultHttpResponse(decodeResult: success, version: HTTP/1.1)
HTTP/1.1 200 OK
Content-Type: application/json; charset=utf-8
cache-control: no-cache
content-length: 18

00:41:23.210 [AsyncHttpClient-1-5] DEBUG org.asynchttpclient.netty.channel.ChannelManager - Adding key: http://localhost:61512 for channel [id: 0x7967eae9, L:/127.0.0.1:51430 - R:localhost/127.0.0.1:61512]
00:41:23.213 [Forwarding getElementTagName on session ceddbd11231537ec58b2e45cabb57b79 to remote] DEBUG org.asynchttpclient.netty.request.NettyRequestSender - Using pooled Channel '[id: 0x7967eae9, L:/127.0.0.1:51430 - R:localhost/127.0.0.1:61512]' for 'GET' to 'http://localhost:61512/session/ceddbd11231537ec58b2e45cabb57b79/element/6ef12cdf-ed56-4f8b-8e38-9897ceb10684/name'
00:41:23.213 [Forwarding getElementTagName on session ceddbd11231537ec58b2e45cabb57b79 to remote] DEBUG org.asynchttpclient.netty.request.NettyRequestSender - Using open Channel [id: 0x7967eae9, L:/127.0.0.1:51430 - R:localhost/127.0.0.1:61512] for GET '/session/ceddbd11231537ec58b2e45cabb57b79/element/6ef12cdf-ed56-4f8b-8e38-9897ceb10684/name'
00:41:23.217 [AsyncHttpClient-1-5] DEBUG org.asynchttpclient.netty.handler.HttpHandler - 

Request DefaultFullHttpRequest(decodeResult: success, version: HTTP/1.1, content: EmptyByteBufBE)
GET /session/ceddbd11231537ec58b2e45cabb57b79/element/6ef12cdf-ed56-4f8b-8e38-9897ceb10684/name HTTP/1.1
User-Agent: selenium/4.1.2 (java windows)
Cache-Control: no-cache
Content-Type: application/json; charset=utf-8
host: localhost:61512
accept: */*

Response DefaultHttpResponse(decodeResult: success, version: HTTP/1.1)
HTTP/1.1 200 OK
Content-Type: application/json; charset=utf-8
cache-control: no-cache
content-length: 18

00:41:23.217 [AsyncHttpClient-1-5] DEBUG org.asynchttpclient.netty.channel.ChannelManager - Adding key: http://localhost:61512 for channel [id: 0x7967eae9, L:/127.0.0.1:51430 - R:localhost/127.0.0.1:61512]
00:41:23.220 [Forwarding isElementEnabled on session ceddbd11231537ec58b2e45cabb57b79 to remote] DEBUG org.asynchttpclient.netty.request.NettyRequestSender - Using pooled Channel '[id: 0x7967eae9, L:/127.0.0.1:51430 - R:localhost/127.0.0.1:61512]' for 'GET' to 'http://localhost:61512/session/ceddbd11231537ec58b2e45cabb57b79/element/6ef12cdf-ed56-4f8b-8e38-9897ceb10684/enabled'
00:41:23.220 [Forwarding isElementEnabled on session ceddbd11231537ec58b2e45cabb57b79 to remote] DEBUG org.asynchttpclient.netty.request.NettyRequestSender - Using open Channel [id: 0x7967eae9, L:/127.0.0.1:51430 - R:localhost/127.0.0.1:61512] for GET '/session/ceddbd11231537ec58b2e45cabb57b79/element/6ef12cdf-ed56-4f8b-8e38-9897ceb10684/enabled'
00:41:23.234 [AsyncHttpClient-1-5] DEBUG org.asynchttpclient.netty.handler.HttpHandler - 

Request DefaultFullHttpRequest(decodeResult: success, version: HTTP/1.1, content: EmptyByteBufBE)
GET /session/ceddbd11231537ec58b2e45cabb57b79/element/6ef12cdf-ed56-4f8b-8e38-9897ceb10684/enabled HTTP/1.1
User-Agent: selenium/4.1.2 (java windows)
Cache-Control: no-cache
Content-Type: application/json; charset=utf-8
host: localhost:61512
accept: */*

Response DefaultHttpResponse(decodeResult: success, version: HTTP/1.1)
HTTP/1.1 200 OK
Content-Type: application/json; charset=utf-8
cache-control: no-cache
content-length: 14

00:41:23.234 [AsyncHttpClient-1-5] DEBUG org.asynchttpclient.netty.channel.ChannelManager - Adding key: http://localhost:61512 for channel [id: 0x7967eae9, L:/127.0.0.1:51430 - R:localhost/127.0.0.1:61512]
00:41:23.235 [Forwarding isElementEnabled on session ceddbd11231537ec58b2e45cabb57b79 to remote] DEBUG org.asynchttpclient.netty.request.NettyRequestSender - Using pooled Channel '[id: 0x7967eae9, L:/127.0.0.1:51430 - R:localhost/127.0.0.1:61512]' for 'GET' to 'http://localhost:61512/session/ceddbd11231537ec58b2e45cabb57b79/element/6ef12cdf-ed56-4f8b-8e38-9897ceb10684/enabled'
00:41:23.235 [Forwarding isElementEnabled on session ceddbd11231537ec58b2e45cabb57b79 to remote] DEBUG org.asynchttpclient.netty.request.NettyRequestSender - Using open Channel [id: 0x7967eae9, L:/127.0.0.1:51430 - R:localhost/127.0.0.1:61512] for GET '/session/ceddbd11231537ec58b2e45cabb57b79/element/6ef12cdf-ed56-4f8b-8e38-9897ceb10684/enabled'
00:41:23.244 [AsyncHttpClient-1-5] DEBUG org.asynchttpclient.netty.handler.HttpHandler - 

Request DefaultFullHttpRequest(decodeResult: success, version: HTTP/1.1, content: EmptyByteBufBE)
GET /session/ceddbd11231537ec58b2e45cabb57b79/element/6ef12cdf-ed56-4f8b-8e38-9897ceb10684/enabled HTTP/1.1
User-Agent: selenium/4.1.2 (java windows)
Cache-Control: no-cache
Content-Type: application/json; charset=utf-8
host: localhost:61512
accept: */*

Response DefaultHttpResponse(decodeResult: success, version: HTTP/1.1)
HTTP/1.1 200 OK
Content-Type: application/json; charset=utf-8
cache-control: no-cache
content-length: 14

00:41:23.244 [AsyncHttpClient-1-5] DEBUG org.asynchttpclient.netty.channel.ChannelManager - Adding key: http://localhost:61512 for channel [id: 0x7967eae9, L:/127.0.0.1:51430 - R:localhost/127.0.0.1:61512]
00:41:23.246 [Forwarding findElement on session ceddbd11231537ec58b2e45cabb57b79 to remote] DEBUG org.asynchttpclient.netty.request.NettyRequestSender - Using pooled Channel '[id: 0x7967eae9, L:/127.0.0.1:51430 - R:localhost/127.0.0.1:61512]' for 'POST' to 'http://localhost:61512/session/ceddbd11231537ec58b2e45cabb57b79/element'
00:41:23.246 [Forwarding findElement on session ceddbd11231537ec58b2e45cabb57b79 to remote] DEBUG org.asynchttpclient.netty.request.NettyRequestSender - Using open Channel [id: 0x7967eae9, L:/127.0.0.1:51430 - R:localhost/127.0.0.1:61512] for POST '/session/ceddbd11231537ec58b2e45cabb57b79/element'
00:41:23.256 [AsyncHttpClient-1-5] DEBUG org.asynchttpclient.netty.handler.HttpHandler - 

Request DefaultHttpRequest(decodeResult: success, version: HTTP/1.1)
POST /session/ceddbd11231537ec58b2e45cabb57b79/element HTTP/1.1
User-Agent: selenium/4.1.2 (java windows)
Content-Length: 155
Content-Type: application/json; charset=utf-8
host: localhost:61512
accept: */*

Response DefaultHttpResponse(decodeResult: success, version: HTTP/1.1)
HTTP/1.1 200 OK
Content-Type: application/json; charset=utf-8
cache-control: no-cache
content-length: 88

00:41:23.257 [AsyncHttpClient-1-5] DEBUG org.asynchttpclient.netty.channel.ChannelManager - Adding key: http://localhost:61512 for channel [id: 0x7967eae9, L:/127.0.0.1:51430 - R:localhost/127.0.0.1:61512]
00:41:23.260 [Forwarding clickElement on session ceddbd11231537ec58b2e45cabb57b79 to remote] DEBUG org.asynchttpclient.netty.request.NettyRequestSender - Using pooled Channel '[id: 0x7967eae9, L:/127.0.0.1:51430 - R:localhost/127.0.0.1:61512]' for 'POST' to 'http://localhost:61512/session/ceddbd11231537ec58b2e45cabb57b79/element/6ef12cdf-ed56-4f8b-8e38-9897ceb10684/click'
00:41:23.260 [Forwarding clickElement on session ceddbd11231537ec58b2e45cabb57b79 to remote] DEBUG org.asynchttpclient.netty.request.NettyRequestSender - Using open Channel [id: 0x7967eae9, L:/127.0.0.1:51430 - R:localhost/127.0.0.1:61512] for POST '/session/ceddbd11231537ec58b2e45cabb57b79/element/6ef12cdf-ed56-4f8b-8e38-9897ceb10684/click'
00:41:23.333 [AsyncHttpClient-1-5] DEBUG org.asynchttpclient.netty.handler.HttpHandler - 

Request DefaultHttpRequest(decodeResult: success, version: HTTP/1.1)
POST /session/ceddbd11231537ec58b2e45cabb57b79/element/6ef12cdf-ed56-4f8b-8e38-9897ceb10684/click HTTP/1.1
User-Agent: selenium/4.1.2 (java windows)
Content-Length: 50
Content-Type: application/json; charset=utf-8
host: localhost:61512
accept: */*

Response DefaultHttpResponse(decodeResult: success, version: HTTP/1.1)
HTTP/1.1 200 OK
Content-Type: application/json; charset=utf-8
cache-control: no-cache
content-length: 14

00:41:23.333 [AsyncHttpClient-1-5] DEBUG org.asynchttpclient.netty.channel.ChannelManager - Adding key: http://localhost:61512 for channel [id: 0x7967eae9, L:/127.0.0.1:51430 - R:localhost/127.0.0.1:61512]
00:41:23.339 [Forwarding screenshot on session ceddbd11231537ec58b2e45cabb57b79 to remote] DEBUG org.asynchttpclient.netty.request.NettyRequestSender - Using pooled Channel '[id: 0x7967eae9, L:/127.0.0.1:51430 - R:localhost/127.0.0.1:61512]' for 'GET' to 'http://localhost:61512/session/ceddbd11231537ec58b2e45cabb57b79/screenshot'
00:41:23.340 [Forwarding screenshot on session ceddbd11231537ec58b2e45cabb57b79 to remote] DEBUG org.asynchttpclient.netty.request.NettyRequestSender - Using open Channel [id: 0x7967eae9, L:/127.0.0.1:51430 - R:localhost/127.0.0.1:61512] for GET '/session/ceddbd11231537ec58b2e45cabb57b79/screenshot'
00:41:23.571 [AsyncHttpClient-1-5] DEBUG org.asynchttpclient.netty.handler.HttpHandler - 

Request DefaultFullHttpRequest(decodeResult: success, version: HTTP/1.1, content: EmptyByteBufBE)
GET /session/ceddbd11231537ec58b2e45cabb57b79/screenshot HTTP/1.1
User-Agent: selenium/4.1.2 (java windows)
Cache-Control: no-cache
Content-Type: application/json; charset=utf-8
host: localhost:61512
accept: */*

Response DefaultHttpResponse(decodeResult: success, version: HTTP/1.1)
HTTP/1.1 200 OK
Content-Type: application/json; charset=utf-8
cache-control: no-cache
content-length: 50616

00:41:23.571 [AsyncHttpClient-1-5] DEBUG org.asynchttpclient.netty.channel.ChannelManager - Adding key: http://localhost:61512 for channel [id: 0x7967eae9, L:/127.0.0.1:51430 - R:localhost/127.0.0.1:61512]
00:41:23.576 [main] DEBUG net.serenitybdd.core.photography.Darkroom - Send negative for processing for target\site\serenity\6a390e9fd87ed3ee212e5bb645190c51844f3f612332ee60bdb95c5d2b0d200b.png
00:41:23.576 [main] DEBUG net.thucydides.core.steps.StepInterceptor - STEP DONE: clickLoginButton
  &amp#27;[32mAnd &amp#27;[0m&amp#27;[32mI type the password &amp#27;[0m&amp#27;[32m&amp#27;[1maiueo&amp#27;[0m                       &amp#27;[90m# stepdefinitions.TransactionStep.inputPassword(java.lang.String)&amp#27;[0m
00:41:23.576 [Darkroom Processing Line] DEBUG net.serenitybdd.core.photography.DarkroomProcessingLine - Processing screenshot image in /var/screenshots/screenshot-863458668467486287
00:41:23.576 [Darkroom Processing Line] DEBUG net.serenitybdd.core.photography.DarkroomProcessingLine - Saving screenshot to target\site\serenity\6a390e9fd87ed3ee212e5bb645190c51844f3f612332ee60bdb95c5d2b0d200b.png
00:41:23.609 [main] DEBUG net.thucydides.core.steps.StepInterceptor - STARTING STEP: TransactionStep.goToTransactionPage - onTransactionPage
00:41:23.613 [Forwarding get on session ceddbd11231537ec58b2e45cabb57b79 to remote] DEBUG org.asynchttpclient.netty.request.NettyRequestSender - Using pooled Channel '[id: 0x7967eae9, L:/127.0.0.1:51430 - R:localhost/127.0.0.1:61512]' for 'POST' to 'http://localhost:61512/session/ceddbd11231537ec58b2e45cabb57b79/url'
00:41:23.613 [Forwarding get on session ceddbd11231537ec58b2e45cabb57b79 to remote] DEBUG org.asynchttpclient.netty.request.NettyRequestSender - Using open Channel [id: 0x7967eae9, L:/127.0.0.1:51430 - R:localhost/127.0.0.1:61512] for POST '/session/ceddbd11231537ec58b2e45cabb57b79/url'
00:41:23.894 [AsyncHttpClient-1-5] DEBUG org.asynchttpclient.netty.handler.HttpHandler - 

Request DefaultHttpRequest(decodeResult: success, version: HTTP/1.1)
POST /session/ceddbd11231537ec58b2e45cabb57b79/url HTTP/1.1
User-Agent: selenium/4.1.2 (java windows)
Content-Length: 60
Content-Type: application/json; charset=utf-8
host: localhost:61512
accept: */*

Response DefaultHttpResponse(decodeResult: success, version: HTTP/1.1)
HTTP/1.1 200 OK
Content-Type: application/json; charset=utf-8
cache-control: no-cache
content-length: 14

00:41:23.895 [AsyncHttpClient-1-5] DEBUG org.asynchttpclient.netty.channel.ChannelManager - Adding key: http://localhost:61512 for channel [id: 0x7967eae9, L:/127.0.0.1:51430 - R:localhost/127.0.0.1:61512]
00:41:23.899 [Forwarding getCurrentUrl on session ceddbd11231537ec58b2e45cabb57b79 to remote] DEBUG org.asynchttpclient.netty.request.NettyRequestSender - Using pooled Channel '[id: 0x7967eae9, L:/127.0.0.1:51430 - R:localhost/127.0.0.1:61512]' for 'GET' to 'http://localhost:61512/session/ceddbd11231537ec58b2e45cabb57b79/url'
00:41:23.899 [Forwarding getCurrentUrl on session ceddbd11231537ec58b2e45cabb57b79 to remote] DEBUG org.asynchttpclient.netty.request.NettyRequestSender - Using open Channel [id: 0x7967eae9, L:/127.0.0.1:51430 - R:localhost/127.0.0.1:61512] for GET '/session/ceddbd11231537ec58b2e45cabb57b79/url'
00:41:23.903 [AsyncHttpClient-1-5] DEBUG org.asynchttpclient.netty.handler.HttpHandler - 

Request DefaultFullHttpRequest(decodeResult: success, version: HTTP/1.1, content: EmptyByteBufBE)
GET /session/ceddbd11231537ec58b2e45cabb57b79/url HTTP/1.1
User-Agent: selenium/4.1.2 (java windows)
Cache-Control: no-cache
Content-Type: application/json; charset=utf-8
host: localhost:61512
accept: */*

Response DefaultHttpResponse(decodeResult: success, version: HTTP/1.1)
HTTP/1.1 200 OK
Content-Type: application/json; charset=utf-8
cache-control: no-cache
content-length: 42

00:41:23.903 [AsyncHttpClient-1-5] DEBUG org.asynchttpclient.netty.channel.ChannelManager - Adding key: http://localhost:61512 for channel [id: 0x7967eae9, L:/127.0.0.1:51430 - R:localhost/127.0.0.1:61512]
00:41:23.911 [Forwarding screenshot on session ceddbd11231537ec58b2e45cabb57b79 to remote] DEBUG org.asynchttpclient.netty.request.NettyRequestSender - Using pooled Channel '[id: 0x7967eae9, L:/127.0.0.1:51430 - R:localhost/127.0.0.1:61512]' for 'GET' to 'http://localhost:61512/session/ceddbd11231537ec58b2e45cabb57b79/screenshot'
00:41:23.911 [Forwarding screenshot on session ceddbd11231537ec58b2e45cabb57b79 to remote] DEBUG org.asynchttpclient.netty.request.NettyRequestSender - Using open Channel [id: 0x7967eae9, L:/127.0.0.1:51430 - R:localhost/127.0.0.1:61512] for GET '/session/ceddbd11231537ec58b2e45cabb57b79/screenshot'
00:41:23.996 [AsyncHttpClient-1-1] DEBUG org.asynchttpclient.netty.channel.DefaultChannelPool - Entry count for : http://localhost:51431 : 1
00:41:24.070 [AsyncHttpClient-1-5] DEBUG org.asynchttpclient.netty.handler.HttpHandler - 

Request DefaultFullHttpRequest(decodeResult: success, version: HTTP/1.1, content: EmptyByteBufBE)
GET /session/ceddbd11231537ec58b2e45cabb57b79/screenshot HTTP/1.1
User-Agent: selenium/4.1.2 (java windows)
Cache-Control: no-cache
Content-Type: application/json; charset=utf-8
host: localhost:61512
accept: */*

Response DefaultHttpResponse(decodeResult: success, version: HTTP/1.1)
HTTP/1.1 200 OK
Content-Type: application/json; charset=utf-8
cache-control: no-cache
content-length: 44696

00:41:24.070 [AsyncHttpClient-1-5] DEBUG org.asynchttpclient.netty.channel.ChannelManager - Adding key: http://localhost:61512 for channel [id: 0x7967eae9, L:/127.0.0.1:51430 - R:localhost/127.0.0.1:61512]
00:41:24.072 [main] DEBUG net.serenitybdd.core.photography.Darkroom - Send negative for processing for target\site\serenity\b94df4f61f8de06725b5a25075a27f3d1cabfef1a1d6f1abc925838a9152be0a.png
00:41:24.072 [main] DEBUG net.thucydides.core.steps.StepInterceptor - STEP DONE: onTransactionPage
  &amp#27;[32mAnd &amp#27;[0m&amp#27;[32mI go to transaction page&amp#27;[0m                        &amp#27;[90m# stepdefinitions.TransactionStep.goToTransactionPage()&amp#27;[0m
00:41:24.092 [main] DEBUG net.thucydides.core.steps.StepInterceptor - STARTING STEP: TransactionStep.clickPriceField - shortPrice
00:41:24.096 [Forwarding findElement on session ceddbd11231537ec58b2e45cabb57b79 to remote] DEBUG org.asynchttpclient.netty.request.NettyRequestSender - Using pooled Channel '[id: 0x7967eae9, L:/127.0.0.1:51430 - R:localhost/127.0.0.1:61512]' for 'POST' to 'http://localhost:61512/session/ceddbd11231537ec58b2e45cabb57b79/element'
00:41:24.096 [Forwarding findElement on session ceddbd11231537ec58b2e45cabb57b79 to remote] DEBUG org.asynchttpclient.netty.request.NettyRequestSender - Using open Channel [id: 0x7967eae9, L:/127.0.0.1:51430 - R:localhost/127.0.0.1:61512] for POST '/session/ceddbd11231537ec58b2e45cabb57b79/element'
00:41:24.099 [AsyncHttpClient-1-5] DEBUG org.asynchttpclient.netty.handler.HttpHandler - 

Request DefaultHttpRequest(decodeResult: success, version: HTTP/1.1)
POST /session/ceddbd11231537ec58b2e45cabb57b79/element HTTP/1.1
User-Agent: selenium/4.1.2 (java windows)
Content-Length: 56
Content-Type: application/json; charset=utf-8
host: localhost:61512
accept: */*

Response DefaultHttpResponse(decodeResult: success, version: HTTP/1.1)
HTTP/1.1 400 Bad Request
Content-Type: application/json; charset=utf-8
cache-control: no-cache
content-length: 957

00:41:24.099 [AsyncHttpClient-1-5] DEBUG org.asynchttpclient.netty.channel.ChannelManager - Adding key: http://localhost:61512 for channel [id: 0x7967eae9, L:/127.0.0.1:51430 - R:localhost/127.0.0.1:61512]
00:41:24.101 [Forwarding findElement on session ceddbd11231537ec58b2e45cabb57b79 to remote] DEBUG org.asynchttpclient.netty.request.NettyRequestSender - Using pooled Channel '[id: 0x7967eae9, L:/127.0.0.1:51430 - R:localhost/127.0.0.1:61512]' for 'POST' to 'http://localhost:61512/session/ceddbd11231537ec58b2e45cabb57b79/element'
00:41:24.101 [Forwarding findElement on session ceddbd11231537ec58b2e45cabb57b79 to remote] DEBUG org.asynchttpclient.netty.request.NettyRequestSender - Using open Channel [id: 0x7967eae9, L:/127.0.0.1:51430 - R:localhost/127.0.0.1:61512] for POST '/session/ceddbd11231537ec58b2e45cabb57b79/element'
00:41:24.112 [AsyncHttpClient-1-5] DEBUG org.asynchttpclient.netty.handler.HttpHandler - 

Request DefaultHttpRequest(decodeResult: success, version: HTTP/1.1)
POST /session/ceddbd11231537ec58b2e45cabb57b79/element HTTP/1.1
User-Agent: selenium/4.1.2 (java windows)
Content-Length: 70
Content-Type: application/json; charset=utf-8
host: localhost:61512
accept: */*

Response DefaultHttpResponse(decodeResult: success, version: HTTP/1.1)
HTTP/1.1 200 OK
Content-Type: application/json; charset=utf-8
cache-control: no-cache
content-length: 88

00:41:24.112 [AsyncHttpClient-1-5] DEBUG org.asynchttpclient.netty.channel.ChannelManager - Adding key: http://localhost:61512 for channel [id: 0x7967eae9, L:/127.0.0.1:51430 - R:localhost/127.0.0.1:61512]
00:41:24.113 [Forwarding getElementTagName on session ceddbd11231537ec58b2e45cabb57b79 to remote] DEBUG org.asynchttpclient.netty.request.NettyRequestSender - Using pooled Channel '[id: 0x7967eae9, L:/127.0.0.1:51430 - R:localhost/127.0.0.1:61512]' for 'GET' to 'http://localhost:61512/session/ceddbd11231537ec58b2e45cabb57b79/element/2e648f1b-7702-4825-9171-03f5b0787ca3/name'
00:41:24.113 [Forwarding getElementTagName on session ceddbd11231537ec58b2e45cabb57b79 to remote] DEBUG org.asynchttpclient.netty.request.NettyRequestSender - Using open Channel [id: 0x7967eae9, L:/127.0.0.1:51430 - R:localhost/127.0.0.1:61512] for GET '/session/ceddbd11231537ec58b2e45cabb57b79/element/2e648f1b-7702-4825-9171-03f5b0787ca3/name'
00:41:24.118 [AsyncHttpClient-1-5] DEBUG org.asynchttpclient.netty.handler.HttpHandler - 

Request DefaultFullHttpRequest(decodeResult: success, version: HTTP/1.1, content: EmptyByteBufBE)
GET /session/ceddbd11231537ec58b2e45cabb57b79/element/2e648f1b-7702-4825-9171-03f5b0787ca3/name HTTP/1.1
User-Agent: selenium/4.1.2 (java windows)
Cache-Control: no-cache
Content-Type: application/json; charset=utf-8
host: localhost:61512
accept: */*

Response DefaultHttpResponse(decodeResult: success, version: HTTP/1.1)
HTTP/1.1 200 OK
Content-Type: application/json; charset=utf-8
cache-control: no-cache
content-length: 17

00:41:24.118 [AsyncHttpClient-1-5] DEBUG org.asynchttpclient.netty.channel.ChannelManager - Adding key: http://localhost:61512 for channel [id: 0x7967eae9, L:/127.0.0.1:51430 - R:localhost/127.0.0.1:61512]
00:41:24.119 [Forwarding getElementTagName on session ceddbd11231537ec58b2e45cabb57b79 to remote] DEBUG org.asynchttpclient.netty.request.NettyRequestSender - Using pooled Channel '[id: 0x7967eae9, L:/127.0.0.1:51430 - R:localhost/127.0.0.1:61512]' for 'GET' to 'http://localhost:61512/session/ceddbd11231537ec58b2e45cabb57b79/element/2e648f1b-7702-4825-9171-03f5b0787ca3/name'
00:41:24.120 [Forwarding getElementTagName on session ceddbd11231537ec58b2e45cabb57b79 to remote] DEBUG org.asynchttpclient.netty.request.NettyRequestSender - Using open Channel [id: 0x7967eae9, L:/127.0.0.1:51430 - R:localhost/127.0.0.1:61512] for GET '/session/ceddbd11231537ec58b2e45cabb57b79/element/2e648f1b-7702-4825-9171-03f5b0787ca3/name'
00:41:24.123 [AsyncHttpClient-1-5] DEBUG org.asynchttpclient.netty.handler.HttpHandler - 

Request DefaultFullHttpRequest(decodeResult: success, version: HTTP/1.1, content: EmptyByteBufBE)
GET /session/ceddbd11231537ec58b2e45cabb57b79/element/2e648f1b-7702-4825-9171-03f5b0787ca3/name HTTP/1.1
User-Agent: selenium/4.1.2 (java windows)
Cache-Control: no-cache
Content-Type: application/json; charset=utf-8
host: localhost:61512
accept: */*

Response DefaultHttpResponse(decodeResult: success, version: HTTP/1.1)
HTTP/1.1 200 OK
Content-Type: application/json; charset=utf-8
cache-control: no-cache
content-length: 17

00:41:24.123 [AsyncHttpClient-1-5] DEBUG org.asynchttpclient.netty.channel.ChannelManager - Adding key: http://localhost:61512 for channel [id: 0x7967eae9, L:/127.0.0.1:51430 - R:localhost/127.0.0.1:61512]
00:41:24.126 [Forwarding findElement on session ceddbd11231537ec58b2e45cabb57b79 to remote] DEBUG org.asynchttpclient.netty.request.NettyRequestSender - Using pooled Channel '[id: 0x7967eae9, L:/127.0.0.1:51430 - R:localhost/127.0.0.1:61512]' for 'POST' to 'http://localhost:61512/session/ceddbd11231537ec58b2e45cabb57b79/element'
00:41:24.126 [Forwarding findElement on session ceddbd11231537ec58b2e45cabb57b79 to remote] DEBUG org.asynchttpclient.netty.request.NettyRequestSender - Using open Channel [id: 0x7967eae9, L:/127.0.0.1:51430 - R:localhost/127.0.0.1:61512] for POST '/session/ceddbd11231537ec58b2e45cabb57b79/element'
00:41:24.133 [AsyncHttpClient-1-5] DEBUG org.asynchttpclient.netty.handler.HttpHandler - 

Request DefaultHttpRequest(decodeResult: success, version: HTTP/1.1)
POST /session/ceddbd11231537ec58b2e45cabb57b79/element HTTP/1.1
User-Agent: selenium/4.1.2 (java windows)
Content-Length: 70
Content-Type: application/json; charset=utf-8
host: localhost:61512
accept: */*

Response DefaultHttpResponse(decodeResult: success, version: HTTP/1.1)
HTTP/1.1 200 OK
Content-Type: application/json; charset=utf-8
cache-control: no-cache
content-length: 88

00:41:24.133 [AsyncHttpClient-1-5] DEBUG org.asynchttpclient.netty.channel.ChannelManager - Adding key: http://localhost:61512 for channel [id: 0x7967eae9, L:/127.0.0.1:51430 - R:localhost/127.0.0.1:61512]
00:41:24.134 [Forwarding clickElement on session ceddbd11231537ec58b2e45cabb57b79 to remote] DEBUG org.asynchttpclient.netty.request.NettyRequestSender - Using pooled Channel '[id: 0x7967eae9, L:/127.0.0.1:51430 - R:localhost/127.0.0.1:61512]' for 'POST' to 'http://localhost:61512/session/ceddbd11231537ec58b2e45cabb57b79/element/2e648f1b-7702-4825-9171-03f5b0787ca3/click'
00:41:24.134 [Forwarding clickElement on session ceddbd11231537ec58b2e45cabb57b79 to remote] DEBUG org.asynchttpclient.netty.request.NettyRequestSender - Using open Channel [id: 0x7967eae9, L:/127.0.0.1:51430 - R:localhost/127.0.0.1:61512] for POST '/session/ceddbd11231537ec58b2e45cabb57b79/element/2e648f1b-7702-4825-9171-03f5b0787ca3/click'
00:41:24.176 [AsyncHttpClient-1-5] DEBUG org.asynchttpclient.netty.handler.HttpHandler - 

Request DefaultHttpRequest(decodeResult: success, version: HTTP/1.1)
POST /session/ceddbd11231537ec58b2e45cabb57b79/element/2e648f1b-7702-4825-9171-03f5b0787ca3/click HTTP/1.1
User-Agent: selenium/4.1.2 (java windows)
Content-Length: 50
Content-Type: application/json; charset=utf-8
host: localhost:61512
accept: */*

Response DefaultHttpResponse(decodeResult: success, version: HTTP/1.1)
HTTP/1.1 200 OK
Content-Type: application/json; charset=utf-8
cache-control: no-cache
content-length: 14

00:41:24.176 [AsyncHttpClient-1-5] DEBUG org.asynchttpclient.netty.channel.ChannelManager - Adding key: http://localhost:61512 for channel [id: 0x7967eae9, L:/127.0.0.1:51430 - R:localhost/127.0.0.1:61512]
00:41:24.183 [Forwarding screenshot on session ceddbd11231537ec58b2e45cabb57b79 to remote] DEBUG org.asynchttpclient.netty.request.NettyRequestSender - Using pooled Channel '[id: 0x7967eae9, L:/127.0.0.1:51430 - R:localhost/127.0.0.1:61512]' for 'GET' to 'http://localhost:61512/session/ceddbd11231537ec58b2e45cabb57b79/screenshot'
00:41:24.184 [Forwarding screenshot on session ceddbd11231537ec58b2e45cabb57b79 to remote] DEBUG org.asynchttpclient.netty.request.NettyRequestSender - Using open Channel [id: 0x7967eae9, L:/127.0.0.1:51430 - R:localhost/127.0.0.1:61512] for GET '/session/ceddbd11231537ec58b2e45cabb57b79/screenshot'
00:41:24.352 [AsyncHttpClient-1-5] DEBUG org.asynchttpclient.netty.handler.HttpHandler - 

Request DefaultFullHttpRequest(decodeResult: success, version: HTTP/1.1, content: EmptyByteBufBE)
GET /session/ceddbd11231537ec58b2e45cabb57b79/screenshot HTTP/1.1
User-Agent: selenium/4.1.2 (java windows)
Cache-Control: no-cache
Content-Type: application/json; charset=utf-8
host: localhost:61512
accept: */*

Response DefaultHttpResponse(decodeResult: success, version: HTTP/1.1)
HTTP/1.1 200 OK
Content-Type: application/json; charset=utf-8
cache-control: no-cache
content-length: 45696

00:41:24.352 [AsyncHttpClient-1-5] DEBUG org.asynchttpclient.netty.channel.ChannelManager - Adding key: http://localhost:61512 for channel [id: 0x7967eae9, L:/127.0.0.1:51430 - R:localhost/127.0.0.1:61512]
00:41:24.354 [main] DEBUG net.serenitybdd.core.photography.Darkroom - Send negative for processing for target\site\serenity\5442df06de9e18e366d4df07b4dbed6d4f85bab0e5e6b7cf1665c22ee580139d.png
00:41:24.354 [main] DEBUG net.thucydides.core.steps.StepInterceptor - STEP DONE: shortPrice
  &amp#27;[32mAnd &amp#27;[0m&amp#27;[32mI click price field&amp#27;[0m                             &amp#27;[90m# stepdefinitions.TransactionStep.clickPriceField()&amp#27;[0m
00:41:24.354 [Darkroom Processing Line] DEBUG net.serenitybdd.core.photography.DarkroomProcessingLine - Processing screenshot image in /var/screenshots/screenshot-4505612167671875953
00:41:24.354 [Darkroom Processing Line] DEBUG net.serenitybdd.core.photography.DarkroomProcessingLine - Saving screenshot to target\site\serenity\5442df06de9e18e366d4df07b4dbed6d4f85bab0e5e6b7cf1665c22ee580139d.png
00:41:24.383 [main] DEBUG net.thucydides.core.steps.StepInterceptor - STARTING STEP: TransactionStep.iOnTransactionPage - tableListShort
00:41:24.386 [Forwarding findElement on session ceddbd11231537ec58b2e45cabb57b79 to remote] DEBUG org.asynchttpclient.netty.request.NettyRequestSender - Using pooled Channel '[id: 0x7967eae9, L:/127.0.0.1:51430 - R:localhost/127.0.0.1:61512]' for 'POST' to 'http://localhost:61512/session/ceddbd11231537ec58b2e45cabb57b79/element'
00:41:24.386 [Forwarding findElement on session ceddbd11231537ec58b2e45cabb57b79 to remote] DEBUG org.asynchttpclient.netty.request.NettyRequestSender - Using open Channel [id: 0x7967eae9, L:/127.0.0.1:51430 - R:localhost/127.0.0.1:61512] for POST '/session/ceddbd11231537ec58b2e45cabb57b79/element'
00:41:24.411 [AsyncHttpClient-1-5] DEBUG org.asynchttpclient.netty.handler.HttpHandler - 

Request DefaultHttpRequest(decodeResult: success, version: HTTP/1.1)
POST /session/ceddbd11231537ec58b2e45cabb57b79/element HTTP/1.1
User-Agent: selenium/4.1.2 (java windows)
Content-Length: 152
Content-Type: application/json; charset=utf-8
host: localhost:61512
accept: */*

Response DefaultHttpResponse(decodeResult: success, version: HTTP/1.1)
HTTP/1.1 200 OK
Content-Type: application/json; charset=utf-8
cache-control: no-cache
content-length: 88

00:41:24.411 [AsyncHttpClient-1-5] DEBUG org.asynchttpclient.netty.channel.ChannelManager - Adding key: http://localhost:61512 for channel [id: 0x7967eae9, L:/127.0.0.1:51430 - R:localhost/127.0.0.1:61512]
00:41:24.417 [Forwarding screenshot on session ceddbd11231537ec58b2e45cabb57b79 to remote] DEBUG org.asynchttpclient.netty.request.NettyRequestSender - Using pooled Channel '[id: 0x7967eae9, L:/127.0.0.1:51430 - R:localhost/127.0.0.1:61512]' for 'GET' to 'http://localhost:61512/session/ceddbd11231537ec58b2e45cabb57b79/screenshot'
00:41:24.417 [Forwarding screenshot on session ceddbd11231537ec58b2e45cabb57b79 to remote] DEBUG org.asynchttpclient.netty.request.NettyRequestSender - Using open Channel [id: 0x7967eae9, L:/127.0.0.1:51430 - R:localhost/127.0.0.1:61512] for GET '/session/ceddbd11231537ec58b2e45cabb57b79/screenshot'
00:41:24.570 [AsyncHttpClient-1-5] DEBUG org.asynchttpclient.netty.handler.HttpHandler - 

Request DefaultFullHttpRequest(decodeResult: success, version: HTTP/1.1, content: EmptyByteBufBE)
GET /session/ceddbd11231537ec58b2e45cabb57b79/screenshot HTTP/1.1
User-Agent: selenium/4.1.2 (java windows)
Cache-Control: no-cache
Content-Type: application/json; charset=utf-8
host: localhost:61512
accept: */*

Response DefaultHttpResponse(decodeResult: success, version: HTTP/1.1)
HTTP/1.1 200 OK
Content-Type: application/json; charset=utf-8
cache-control: no-cache
content-length: 45724

00:41:24.570 [AsyncHttpClient-1-5] DEBUG org.asynchttpclient.netty.channel.ChannelManager - Adding key: http://localhost:61512 for channel [id: 0x7967eae9, L:/127.0.0.1:51430 - R:localhost/127.0.0.1:61512]
00:41:24.571 [main] DEBUG net.serenitybdd.core.photography.Darkroom - Send negative for processing for target\site\serenity\4a6025a92457a83609e16a246469795be399feaa9368400459ccbb75e52be749.png
00:41:24.572 [main] DEBUG net.thucydides.core.steps.StepInterceptor - STEP DONE: tableListShort
  &amp#27;[32mThen &amp#27;[0m&amp#27;[32mThe table start from lowlest price&amp#27;[0m             &amp#27;[90m# stepdefinitions.TransactionStep.iOnTransactionPage()&amp#27;[0m
00:41:24.572 [Darkroom Processing Line] DEBUG net.serenitybdd.core.photography.DarkroomProcessingLine - Processing screenshot image in /var/screenshots/screenshot-1296078482539362627
00:41:24.572 [Darkroom Processing Line] DEBUG net.serenitybdd.core.photography.DarkroomProcessingLine - Saving screenshot to target\site\serenity\4a6025a92457a83609e16a246469795be399feaa9368400459ccbb75e52be749.png
00:41:24.577 [main] INFO  - 
  _____   ___   ___   _____     ___     _     ___   ___   ___   ___  
 |_   _| | __| / __| |_   _|   | _ \   /_\   / __| / __| | __| |   \ 
   | |   | _|  \__ \   | |     |  _/  / _ \  \__ \ \__ \ | _|  | |) |
   |_|   |___| |___/   |_|     |_|   /_/ \_\ |___/ |___/ |___| |___/ 

As a user, i can short the price of product
----------------------------------------------------------------------
00:41:24.578 [AsyncHttpClient-1-7] DEBUG org.asynchttpclient.netty.handler.WebSocketHandler - Channel Closed: [id: 0xc7c186c6, L:/127.0.0.1:51438 ! R:localhost/127.0.0.1:51431] with attribute NettyResponseFuture{currentRetry=5,
	isDone=1,
	isCancelled=0,
	asyncHandler=org.asynchttpclient.ws.WebSocketUpgradeHandler@3d39cf8f,
	nettyRequest=org.asynchttpclient.netty.request.NettyRequest@485ab85e,
	future=java.util.concurrent.CompletableFuture@7ecf20d4[Completed normally],
	uri=ws://localhost:51431/devtools/browser/2b62685f-74fd-49a8-ad87-6b7245273484,
	keepAlive=true,
	redirectCount=0,
	timeoutsHolder=null,
	inAuth=0,
	touch=1652463677207}
00:41:24.578 [AsyncHttpClient-1-7] DEBUG org.asynchttpclient.netty.channel.ChannelManager - Closing Channel [id: 0xc7c186c6, L:/127.0.0.1:51438 ! R:localhost/127.0.0.1:51431] 
00:41:24.578 [Driver Command Executor] DEBUG org.asynchttpclient.netty.request.NettyRequestSender - Using pooled Channel '[id: 0x7967eae9, L:/127.0.0.1:51430 - R:localhost/127.0.0.1:61512]' for 'DELETE' to 'http://localhost:61512/session/ceddbd11231537ec58b2e45cabb57b79'
00:41:24.578 [Driver Command Executor] DEBUG org.asynchttpclient.netty.request.NettyRequestSender - Using open Channel [id: 0x7967eae9, L:/127.0.0.1:51430 - R:localhost/127.0.0.1:61512] for DELETE '/session/ceddbd11231537ec58b2e45cabb57b79'
00:41:24.628 [AsyncHttpClient-1-6] DEBUG org.asynchttpclient.netty.handler.HttpHandler - Unexpected I/O exception on channel [id: 0x56b02ea7, L:/127.0.0.1:51437 - R:localhost/127.0.0.1:51431]
java.io.IOException: An existing connection was forcibly closed by the remote host
	at java.base/sun.nio.ch.SocketDispatcher.read0(Native Method)
	at java.base/sun.nio.ch.SocketDispatcher.read(SocketDispatcher.java:43)
	at java.base/sun.nio.ch.IOUtil.readIntoNativeBuffer(IOUtil.java:276)
	at java.base/sun.nio.ch.IOUtil.read(IOUtil.java:233)
	at java.base/sun.nio.ch.IOUtil.read(IOUtil.java:223)
	at java.base/sun.nio.ch.SocketChannelImpl.read(SocketChannelImpl.java:358)
	at io.netty.buffer.PooledByteBuf.setBytes(PooledByteBuf.java:258)
	at io.netty.buffer.AbstractByteBuf.writeBytes(AbstractByteBuf.java:1132)
	at io.netty.channel.socket.nio.NioSocketChannel.doReadBytes(NioSocketChannel.java:350)
	at io.netty.channel.nio.AbstractNioByteChannel$NioByteUnsafe.read(AbstractNioByteChannel.java:151)
	at io.netty.channel.nio.NioEventLoop.processSelectedKey(NioEventLoop.java:722)
	at io.netty.channel.nio.NioEventLoop.processSelectedKeysOptimized(NioEventLoop.java:658)
	at io.netty.channel.nio.NioEventLoop.processSelectedKeys(NioEventLoop.java:584)
	at io.netty.channel.nio.NioEventLoop.run(NioEventLoop.java:496)
	at io.netty.util.concurrent.SingleThreadEventExecutor$4.run(SingleThreadEventExecutor.java:986)
	at io.netty.util.internal.ThreadExecutorMap$2.run(ThreadExecutorMap.java:74)
	at io.netty.util.concurrent.FastThreadLocalRunnable.run(FastThreadLocalRunnable.java:30)
	at java.base/java.lang.Thread.run(Thread.java:834)
00:41:24.628 [AsyncHttpClient-1-6] DEBUG org.asynchttpclient.netty.channel.ChannelManager - Closing Channel [id: 0x56b02ea7, L:/127.0.0.1:51437 - R:localhost/127.0.0.1:51431] 
00:41:24.629 [AsyncHttpClient-1-6] DEBUG org.asynchttpclient.netty.handler.HttpHandler - Channel Closed: [id: 0x56b02ea7, L:/127.0.0.1:51437 ! R:localhost/127.0.0.1:51431] with attribute DISCARD
00:41:24.647 [AsyncHttpClient-1-5] DEBUG org.asynchttpclient.netty.handler.HttpHandler - 

Request DefaultFullHttpRequest(decodeResult: success, version: HTTP/1.1, content: EmptyByteBufBE)
DELETE /session/ceddbd11231537ec58b2e45cabb57b79 HTTP/1.1
User-Agent: selenium/4.1.2 (java windows)
Content-Type: application/json; charset=utf-8
host: localhost:61512
accept: */*

Response DefaultHttpResponse(decodeResult: success, version: HTTP/1.1)
HTTP/1.1 200 OK
Content-Type: application/json; charset=utf-8
cache-control: no-cache
content-length: 14

00:41:24.647 [AsyncHttpClient-1-5] DEBUG org.asynchttpclient.netty.channel.ChannelManager - Adding key: http://localhost:61512 for channel [id: 0x7967eae9, L:/127.0.0.1:51430 - R:localhost/127.0.0.1:61512]
00:41:24.824 [AsyncHttpClient-1-5] DEBUG org.asynchttpclient.netty.handler.HttpHandler - Channel Closed: [id: 0x7967eae9, L:/127.0.0.1:51430 ! R:localhost/127.0.0.1:61512] with attribute DISCARD
00:41:25.100 [AsyncHttpClient-1-1] DEBUG org.asynchttpclient.netty.channel.DefaultChannelPool - Entry count for : http://localhost:51431 : 1
00:41:25.100 [AsyncHttpClient-1-1] DEBUG org.asynchttpclient.netty.channel.DefaultChannelPool - Entry count for : http://localhost:61512 : 1
00:41:25.100 [AsyncHttpClient-1-1] DEBUG org.asynchttpclient.netty.channel.DefaultChannelPool - Adding Candidate expired Channel [id: 0x56b02ea7, L:/127.0.0.1:51437 ! R:localhost/127.0.0.1:51431] isIdleTimeoutExpired=false isRemotelyClosed=true isTtlExpired=false
00:41:25.100 [AsyncHttpClient-1-1] DEBUG org.asynchttpclient.netty.channel.DefaultChannelPool - Closing Idle Channel [id: 0x56b02ea7, L:/127.0.0.1:51437 ! R:localhost/127.0.0.1:51431]
00:41:25.100 [AsyncHttpClient-1-1] DEBUG org.asynchttpclient.netty.channel.DefaultChannelPool - Adding Candidate expired Channel [id: 0x7967eae9, L:/127.0.0.1:51430 ! R:localhost/127.0.0.1:61512] isIdleTimeoutExpired=false isRemotelyClosed=true isTtlExpired=false
00:41:25.100 [AsyncHttpClient-1-1] DEBUG org.asynchttpclient.netty.channel.DefaultChannelPool - Closing Idle Channel [id: 0x7967eae9, L:/127.0.0.1:51430 ! R:localhost/127.0.0.1:61512]
00:41:25.100 [AsyncHttpClient-1-1] DEBUG org.asynchttpclient.netty.channel.DefaultChannelPool - Closed 2 connections out of 2 in 0 ms
]]></system-out>
    <system-err><![CDATA[Starting ChromeDriver 101.0.4951.41 (93c720db8323b3ec10d056025ab95c23a31997c9-refs/branch-heads/4951@{#904}) on port 61512
Only local connections are allowed.
Please see https://chromedriver.chromium.org/security-considerations for suggestions on keeping ChromeDriver safe.
ChromeDriver was started successfully.
May 14, 2022 12:41:17 AM org.openqa.selenium.remote.ProtocolHandshake createSession
INFO: Detected dialect: W3C
May 14, 2022 12:41:17 AM org.openqa.selenium.devtools.CdpVersionFinder findNearestMatch
WARNING: Unable to find an exact match for CDP version 101, so returning the closest version found: 97
May 14, 2022 12:41:17 AM org.openqa.selenium.devtools.CdpVersionFinder findNearestMatch
INFO: Found CDP implementation for version 101 of 97
]]></system-err>
  </testcase>
</testsuite>