<?xml version="1.0" encoding="UTF-8"?>
<testsuite xmlns:xsi="http://www.w3.org/2001/XMLSchema-instance" xsi:noNamespaceSchemaLocation="https://maven.apache.org/surefire/maven-failsafe-plugin/xsd/failsafe-test-report-3.0.xsd" version="3.0" name="CucumberTestSuite" time="1,215.794" tests="11" errors="7" skipped="0" failures="0">
  <properties>
    <property name="sun.desktop" value="windows"/>
    <property name="awt.toolkit" value="sun.awt.windows.WToolkit"/>
    <property name="java.specification.version" value="11"/>
    <property name="webdriver.chrome.driver" value="D:\Mini Project-QE Alta\Web Automation\FrontEnd-AltaShop\src\test\resources\webdriver\chromedriver"/>
    <property name="sun.cpu.isalist" value="amd64"/>
    <property name="sun.jnu.encoding" value="Cp1252"/>
    <property name="java.class.path" value="D:\Mini Project-QE Alta\Web Automation\FrontEnd-AltaShop\target\test-classes;C:\Users\Siti Nurlatipah\.m2\repository\net\serenity-bdd\serenity-core\3.2.1\serenity-core-3.2.1.jar;C:\Users\Siti Nurlatipah\.m2\repository\net\serenity-bdd\serenity-model\3.2.1\serenity-model-3.2.1.jar;C:\Users\Siti Nurlatipah\.m2\repository\org\apache\commons\commons-text\1.9\commons-text-1.9.jar;C:\Users\Siti Nurlatipah\.m2\repository\commons-net\commons-net\3.8.0\commons-net-3.8.0.jar;C:\Users\Siti Nurlatipah\.m2\repository\com\google\guava\guava\31.1-jre\guava-31.1-jre.jar;C:\Users\Siti Nurlatipah\.m2\repository\com\google\guava\failureaccess\1.0.1\failureaccess-1.0.1.jar;C:\Users\Siti Nurlatipah\.m2\repository\com\google\guava\listenablefuture\9999.0-empty-to-avoid-conflict-with-guava\listenablefuture-9999.0-empty-to-avoid-conflict-with-guava.jar;C:\Users\Siti Nurlatipah\.m2\repository\com\google\code\findbugs\jsr305\3.0.2\jsr305-3.0.2.jar;C:\Users\Siti Nurlatipah\.m2\repository\org\checkerframework\checker-qual\3.12.0\checker-qual-3.12.0.jar;C:\Users\Siti Nurlatipah\.m2\repository\com\google\errorprone\error_prone_annotations\2.11.0\error_prone_annotations-2.11.0.jar;C:\Users\Siti Nurlatipah\.m2\repository\com\google\j2objc\j2objc-annotations\1.3\j2objc-annotations-1.3.jar;C:\Users\Siti Nurlatipah\.m2\repository\com\google\inject\guice\5.1.0\guice-5.1.0.jar;C:\Users\Siti Nurlatipah\.m2\repository\javax\inject\javax.inject\1\javax.inject-1.jar;C:\Users\Siti Nurlatipah\.m2\repository\aopalliance\aopalliance\1.0\aopalliance-1.0.jar;C:\Users\Siti Nurlatipah\.m2\repository\org\jsoup\jsoup\1.14.3\jsoup-1.14.3.jar;C:\Users\Siti Nurlatipah\.m2\repository\com\thoughtworks\xstream\xstream\1.4.19\xstream-1.4.19.jar;C:\Users\Siti Nurlatipah\.m2\repository\io\github\x-stream\mxparser\1.2.2\mxparser-1.2.2.jar;C:\Users\Siti Nurlatipah\.m2\repository\xmlpull\xmlpull\1.1.3.1\xmlpull-1.1.3.1.jar;C:\Users\Siti Nurlatipah\.m2\repository\io\cucumber\cucumber-java\7.2.3\cucumber-java-7.2.3.jar;C:\Users\Siti Nurlatipah\.m2\repository\com\typesafe\config\1.4.2\config-1.4.2.jar;C:\Users\Siti Nurlatipah\.m2\repository\org\imgscalr\imgscalr-lib\4.2\imgscalr-lib-4.2.jar;C:\Users\Siti Nurlatipah\.m2\repository\org\awaitility\awaitility\4.2.0\awaitility-4.2.0.jar;C:\Users\Siti Nurlatipah\.m2\repository\org\freemarker\freemarker\2.3.31\freemarker-2.3.31.jar;C:\Users\Siti Nurlatipah\.m2\repository\io\github\classgraph\classgraph\4.8.138\classgraph-4.8.138.jar;C:\Users\Siti Nurlatipah\.m2\repository\net\sourceforge\jexcelapi\jxl\2.6.12\jxl-2.6.12.jar;C:\Users\Siti Nurlatipah\.m2\repository\net\bytebuddy\byte-buddy\1.12.8\byte-buddy-1.12.8.jar;C:\Users\Siti Nurlatipah\.m2\repository\net\bytebuddy\byte-buddy-agent\1.12.8\byte-buddy-agent-1.12.8.jar;C:\Users\Siti Nurlatipah\.m2\repository\org\objenesis\objenesis\3.1\objenesis-3.1.jar;C:\Users\Siti Nurlatipah\.m2\repository\net\serenity-bdd\serenity-reports\3.2.1\serenity-reports-3.2.1.jar;C:\Users\Siti Nurlatipah\.m2\repository\net\serenity-bdd\serenity-stats\3.2.1\serenity-stats-3.2.1.jar;C:\Users\Siti Nurlatipah\.m2\repository\net\serenity-bdd\serenity-reports-configuration\3.2.1\serenity-reports-configuration-3.2.1.jar;C:\Users\Siti Nurlatipah\.m2\repository\com\vladsch\flexmark\flexmark-all\0.34.30\flexmark-all-0.34.30.jar;C:\Users\Siti Nurlatipah\.m2\repository\com\vladsch\flexmark\flexmark\0.34.30\flexmark-0.34.30.jar;C:\Users\Siti Nurlatipah\.m2\repository\com\vladsch\flexmark\flexmark-ext-abbreviation\0.34.30\flexmark-ext-abbreviation-0.34.30.jar;C:\Users\Siti Nurlatipah\.m2\repository\com\vladsch\flexmark\flexmark-ext-admonition\0.34.30\flexmark-ext-admonition-0.34.30.jar;C:\Users\Siti Nurlatipah\.m2\repository\com\vladsch\flexmark\flexmark-ext-anchorlink\0.34.30\flexmark-ext-anchorlink-0.34.30.jar;C:\Users\Siti Nurlatipah\.m2\repository\com\vladsch\flexmark\flexmark-ext-aside\0.34.30\flexmark-ext-aside-0.34.30.jar;C:\Users\Siti Nurlatipah\.m2\repository\com\vladsch\flexmark\flexmark-ext-attributes\0.34.30\flexmark-ext-attributes-0.34.30.jar;C:\Users\Siti Nurlatipah\.m2\repository\com\vladsch\flexmark\flexmark-ext-autolink\0.34.30\flexmark-ext-autolink-0.34.30.jar;C:\Users\Siti Nurlatipah\.m2\repository\org\nibor\autolink\autolink\0.6.0\autolink-0.6.0.jar;C:\Users\Siti Nurlatipah\.m2\repository\com\vladsch\flexmark\flexmark-ext-definition\0.34.30\flexmark-ext-definition-0.34.30.jar;C:\Users\Siti Nurlatipah\.m2\repository\com\vladsch\flexmark\flexmark-ext-emoji\0.34.30\flexmark-ext-emoji-0.34.30.jar;C:\Users\Siti Nurlatipah\.m2\repository\com\vladsch\flexmark\flexmark-ext-enumerated-reference\0.34.30\flexmark-ext-enumerated-reference-0.34.30.jar;C:\Users\Siti Nurlatipah\.m2\repository\com\vladsch\flexmark\flexmark-ext-escaped-character\0.34.30\flexmark-ext-escaped-character-0.34.30.jar;C:\Users\Siti Nurlatipah\.m2\repository\com\vladsch\flexmark\flexmark-ext-footnotes\0.34.30\flexmark-ext-footnotes-0.34.30.jar;C:\Users\Siti Nurlatipah\.m2\repository\com\vladsch\flexmark\flexmark-ext-gfm-issues\0.34.30\flexmark-ext-gfm-issues-0.34.30.jar;C:\Users\Siti Nurlatipah\.m2\repository\com\vladsch\flexmark\flexmark-ext-gfm-strikethrough\0.34.30\flexmark-ext-gfm-strikethrough-0.34.30.jar;C:\Users\Siti Nurlatipah\.m2\repository\com\vladsch\flexmark\flexmark-ext-gfm-tables\0.34.30\flexmark-ext-gfm-tables-0.34.30.jar;C:\Users\Siti Nurlatipah\.m2\repository\com\vladsch\flexmark\flexmark-ext-gfm-tasklist\0.34.30\flexmark-ext-gfm-tasklist-0.34.30.jar;C:\Users\Siti Nurlatipah\.m2\repository\com\vladsch\flexmark\flexmark-ext-gfm-users\0.34.30\flexmark-ext-gfm-users-0.34.30.jar;C:\Users\Siti Nurlatipah\.m2\repository\com\vladsch\flexmark\flexmark-ext-gitlab\0.34.30\flexmark-ext-gitlab-0.34.30.jar;C:\Users\Siti Nurlatipah\.m2\repository\com\vladsch\flexmark\flexmark-ext-jekyll-front-matter\0.34.30\flexmark-ext-jekyll-front-matter-0.34.30.jar;C:\Users\Siti Nurlatipah\.m2\repository\com\vladsch\flexmark\flexmark-ext-jekyll-tag\0.34.30\flexmark-ext-jekyll-tag-0.34.30.jar;C:\Users\Siti Nurlatipah\.m2\repository\com\vladsch\flexmark\flexmark-ext-media-tags\0.34.30\flexmark-ext-media-tags-0.34.30.jar;C:\Users\Siti Nurlatipah\.m2\repository\com\vladsch\flexmark\flexmark-test-util\0.34.30\flexmark-test-util-0.34.30.jar;C:\Users\Siti Nurlatipah\.m2\repository\com\vladsch\flexmark\flexmark-ext-ins\0.34.30\flexmark-ext-ins-0.34.30.jar;C:\Users\Siti Nurlatipah\.m2\repository\com\vladsch\flexmark\flexmark-ext-xwiki-macros\0.34.30\flexmark-ext-xwiki-macros-0.34.30.jar;C:\Users\Siti Nurlatipah\.m2\repository\com\vladsch\flexmark\flexmark-ext-superscript\0.34.30\flexmark-ext-superscript-0.34.30.jar;C:\Users\Siti Nurlatipah\.m2\repository\com\vladsch\flexmark\flexmark-ext-tables\0.34.30\flexmark-ext-tables-0.34.30.jar;C:\Users\Siti Nurlatipah\.m2\repository\com\vladsch\flexmark\flexmark-ext-toc\0.34.30\flexmark-ext-toc-0.34.30.jar;C:\Users\Siti Nurlatipah\.m2\repository\com\vladsch\flexmark\flexmark-ext-typographic\0.34.30\flexmark-ext-typographic-0.34.30.jar;C:\Users\Siti Nurlatipah\.m2\repository\com\vladsch\flexmark\flexmark-ext-wikilink\0.34.30\flexmark-ext-wikilink-0.34.30.jar;C:\Users\Siti Nurlatipah\.m2\repository\com\vladsch\flexmark\flexmark-ext-yaml-front-matter\0.34.30\flexmark-ext-yaml-front-matter-0.34.30.jar;C:\Users\Siti Nurlatipah\.m2\repository\com\vladsch\flexmark\flexmark-ext-youtube-embedded\0.34.30\flexmark-ext-youtube-embedded-0.34.30.jar;C:\Users\Siti Nurlatipah\.m2\repository\com\vladsch\flexmark\flexmark-formatter\0.34.30\flexmark-formatter-0.34.30.jar;C:\Users\Siti Nurlatipah\.m2\repository\com\vladsch\flexmark\flexmark-html-parser\0.34.30\flexmark-html-parser-0.34.30.jar;C:\Users\Siti Nurlatipah\.m2\repository\com\vladsch\flexmark\flexmark-jira-converter\0.34.30\flexmark-jira-converter-0.34.30.jar;C:\Users\Siti Nurlatipah\.m2\repository\com\vladsch\flexmark\flexmark-pdf-converter\0.34.30\flexmark-pdf-converter-0.34.30.jar;C:\Users\Siti Nurlatipah\.m2\repository\com\openhtmltopdf\openhtmltopdf-core\0.0.1-RC13\openhtmltopdf-core-0.0.1-RC13.jar;C:\Users\Siti Nurlatipah\.m2\repository\com\openhtmltopdf\openhtmltopdf-pdfbox\0.0.1-RC13\openhtmltopdf-pdfbox-0.0.1-RC13.jar;C:\Users\Siti Nurlatipah\.m2\repository\org\apache\pdfbox\pdfbox\2.0.8\pdfbox-2.0.8.jar;C:\Users\Siti Nurlatipah\.m2\repository\org\apache\pdfbox\fontbox\2.0.8\fontbox-2.0.8.jar;C:\Users\Siti Nurlatipah\.m2\repository\commons-logging\commons-logging\1.2\commons-logging-1.2.jar;C:\Users\Siti Nurlatipah\.m2\repository\org\apache\pdfbox\xmpbox\2.0.8\xmpbox-2.0.8.jar;C:\Users\Siti Nurlatipah\.m2\repository\de\rototor\pdfbox\graphics2d\0.12\graphics2d-0.12.jar;C:\Users\Siti Nurlatipah\.m2\repository\com\openhtmltopdf\openhtmltopdf-rtl-support\0.0.1-RC13\openhtmltopdf-rtl-support-0.0.1-RC13.jar;C:\Users\Siti Nurlatipah\.m2\repository\com\ibm\icu\icu4j\59.1\icu4j-59.1.jar;C:\Users\Siti Nurlatipah\.m2\repository\com\openhtmltopdf\openhtmltopdf-jsoup-dom-converter\0.0.1-RC13\openhtmltopdf-jsoup-dom-converter-0.0.1-RC13.jar;C:\Users\Siti Nurlatipah\.m2\repository\com\vladsch\flexmark\flexmark-profile-pegdown\0.34.30\flexmark-profile-pegdown-0.34.30.jar;C:\Users\Siti Nurlatipah\.m2\repository\com\vladsch\flexmark\flexmark-util\0.34.30\flexmark-util-0.34.30.jar;C:\Users\Siti Nurlatipah\.m2\repository\com\vladsch\flexmark\flexmark-youtrack-converter\0.34.30\flexmark-youtrack-converter-0.34.30.jar;C:\Users\Siti Nurlatipah\.m2\repository\es\nitaur\markdown\txtmark\0.16\txtmark-0.16.jar;C:\Users\Siti Nurlatipah\.m2\repository\net\serenity-bdd\serenity-report-resources\3.2.1\serenity-report-resources-3.2.1.jar;C:\Users\Siti Nurlatipah\.m2\repository\com\google\code\gson\gson\2.9.0\gson-2.9.0.jar;C:\Users\Siti Nurlatipah\.m2\repository\com\fasterxml\jackson\core\jackson-core\2.13.2\jackson-core-2.13.2.jar;C:\Users\Siti Nurlatipah\.m2\repository\com\fasterxml\jackson\core\jackson-databind\2.13.2\jackson-databind-2.13.2.jar;C:\Users\Siti Nurlatipah\.m2\repository\com\fasterxml\jackson\core\jackson-annotations\2.13.2\jackson-annotations-2.13.2.jar;C:\Users\Siti Nurlatipah\.m2\repository\commons-codec\commons-codec\1.15\commons-codec-1.15.jar;C:\Users\Siti Nurlatipah\.m2\repository\commons-io\commons-io\2.11.0\commons-io-2.11.0.jar;C:\Users\Siti Nurlatipah\.m2\repository\org\seleniumhq\selenium\selenium-java\4.1.2\selenium-java-4.1.2.jar;C:\Users\Siti Nurlatipah\.m2\repository\org\seleniumhq\selenium\selenium-devtools-v85\4.1.2\selenium-devtools-v85-4.1.2.jar;C:\Users\Siti Nurlatipah\.m2\repository\org\seleniumhq\selenium\selenium-devtools-v95\4.1.2\selenium-devtools-v95-4.1.2.jar;C:\Users\Siti Nurlatipah\.m2\repository\org\seleniumhq\selenium\selenium-devtools-v96\4.1.2\selenium-devtools-v96-4.1.2.jar;C:\Users\Siti Nurlatipah\.m2\repository\org\seleniumhq\selenium\selenium-devtools-v97\4.1.2\selenium-devtools-v97-4.1.2.jar;C:\Users\Siti Nurlatipah\.m2\repository\org\seleniumhq\selenium\selenium-firefox-xpi-driver\4.1.2\selenium-firefox-xpi-driver-4.1.2.jar;C:\Users\Siti Nurlatipah\.m2\repository\org\seleniumhq\selenium\selenium-opera-driver\4.1.2\selenium-opera-driver-4.1.2.jar;C:\Users\Siti Nurlatipah\.m2\repository\org\seleniumhq\selenium\selenium-remote-driver\4.1.2\selenium-remote-driver-4.1.2.jar;C:\Users\Siti Nurlatipah\.m2\repository\com\beust\jcommander\1.82\jcommander-1.82.jar;C:\Users\Siti Nurlatipah\.m2\repository\io\netty\netty-buffer\4.1.73.Final\netty-buffer-4.1.73.Final.jar;C:\Users\Siti Nurlatipah\.m2\repository\io\netty\netty-codec-http\4.1.73.Final\netty-codec-http-4.1.73.Final.jar;C:\Users\Siti Nurlatipah\.m2\repository\io\netty\netty-codec\4.1.73.Final\netty-codec-4.1.73.Final.jar;C:\Users\Siti Nurlatipah\.m2\repository\io\netty\netty-handler\4.1.73.Final\netty-handler-4.1.73.Final.jar;C:\Users\Siti Nurlatipah\.m2\repository\io\netty\netty-tcnative-classes\2.0.46.Final\netty-tcnative-classes-2.0.46.Final.jar;C:\Users\Siti Nurlatipah\.m2\repository\io\netty\netty-common\4.1.73.Final\netty-common-4.1.73.Final.jar;C:\Users\Siti Nurlatipah\.m2\repository\io\netty\netty-transport-classes-epoll\4.1.73.Final\netty-transport-classes-epoll-4.1.73.Final.jar;C:\Users\Siti Nurlatipah\.m2\repository\io\netty\netty-transport-classes-kqueue\4.1.73.Final\netty-transport-classes-kqueue-4.1.73.Final.jar;C:\Users\Siti Nurlatipah\.m2\repository\io\netty\netty-transport-native-epoll\4.1.73.Final\netty-transport-native-epoll-4.1.73.Final.jar;C:\Users\Siti Nurlatipah\.m2\repository\io\netty\netty-transport-native-kqueue\4.1.73.Final\netty-transport-native-kqueue-4.1.73.Final.jar;C:\Users\Siti Nurlatipah\.m2\repository\io\netty\netty-transport-native-unix-common\4.1.73.Final\netty-transport-native-unix-common-4.1.73.Final.jar;C:\Users\Siti Nurlatipah\.m2\repository\io\netty\netty-transport\4.1.73.Final\netty-transport-4.1.73.Final.jar;C:\Users\Siti Nurlatipah\.m2\repository\io\netty\netty-resolver\4.1.73.Final\netty-resolver-4.1.73.Final.jar;C:\Users\Siti Nurlatipah\.m2\repository\io\opentelemetry\opentelemetry-api\1.10.1\opentelemetry-api-1.10.1.jar;C:\Users\Siti Nurlatipah\.m2\repository\io\opentelemetry\opentelemetry-context\1.10.1\opentelemetry-context-1.10.1.jar;C:\Users\Siti Nurlatipah\.m2\repository\io\opentelemetry\opentelemetry-exporter-logging\1.10.1\opentelemetry-exporter-logging-1.10.1.jar;C:\Users\Siti Nurlatipah\.m2\repository\io\opentelemetry\opentelemetry-sdk-metrics\1.10.1-alpha\opentelemetry-sdk-metrics-1.10.1-alpha.jar;C:\Users\Siti Nurlatipah\.m2\repository\io\opentelemetry\opentelemetry-sdk-logs\1.10.1-alpha\opentelemetry-sdk-logs-1.10.1-alpha.jar;C:\Users\Siti Nurlatipah\.m2\repository\io\opentelemetry\opentelemetry-sdk-common\1.10.1\opentelemetry-sdk-common-1.10.1.jar;C:\Users\Siti Nurlatipah\.m2\repository\io\opentelemetry\opentelemetry-sdk-extension-autoconfigure-spi\1.10.1\opentelemetry-sdk-extension-autoconfigure-spi-1.10.1.jar;C:\Users\Siti Nurlatipah\.m2\repository\io\opentelemetry\opentelemetry-sdk-extension-autoconfigure\1.10.1-alpha\opentelemetry-sdk-extension-autoconfigure-1.10.1-alpha.jar;C:\Users\Siti Nurlatipah\.m2\repository\io\opentelemetry\opentelemetry-sdk-trace\1.10.1\opentelemetry-sdk-trace-1.10.1.jar;C:\Users\Siti Nurlatipah\.m2\repository\io\opentelemetry\opentelemetry-sdk\1.10.1\opentelemetry-sdk-1.10.1.jar;C:\Users\Siti Nurlatipah\.m2\repository\io\opentelemetry\opentelemetry-semconv\1.10.1-alpha\opentelemetry-semconv-1.10.1-alpha.jar;C:\Users\Siti Nurlatipah\.m2\repository\io\ous\jtoml\2.0.0\jtoml-2.0.0.jar;C:\Users\Siti Nurlatipah\.m2\repository\org\apache\commons\commons-exec\1.3\commons-exec-1.3.jar;C:\Users\Siti Nurlatipah\.m2\repository\org\asynchttpclient\async-http-client\2.12.3\async-http-client-2.12.3.jar;C:\Users\Siti Nurlatipah\.m2\repository\org\asynchttpclient\async-http-client-netty-utils\2.12.3\async-http-client-netty-utils-2.12.3.jar;C:\Users\Siti Nurlatipah\.m2\repository\io\netty\netty-codec-socks\4.1.60.Final\netty-codec-socks-4.1.60.Final.jar;C:\Users\Siti Nurlatipah\.m2\repository\io\netty\netty-handler-proxy\4.1.60.Final\netty-handler-proxy-4.1.60.Final.jar;C:\Users\Siti Nurlatipah\.m2\repository\io\netty\netty-transport-native-epoll\4.1.60.Final\netty-transport-native-epoll-4.1.60.Final-linux-x86_64.jar;C:\Users\Siti Nurlatipah\.m2\repository\io\netty\netty-transport-native-kqueue\4.1.60.Final\netty-transport-native-kqueue-4.1.60.Final-osx-x86_64.jar;C:\Users\Siti Nurlatipah\.m2\repository\org\reactivestreams\reactive-streams\1.0.3\reactive-streams-1.0.3.jar;C:\Users\Siti Nurlatipah\.m2\repository\com\typesafe\netty\netty-reactive-streams\2.0.4\netty-reactive-streams-2.0.4.jar;C:\Users\Siti Nurlatipah\.m2\repository\org\seleniumhq\selenium\selenium-http\4.1.2\selenium-http-4.1.2.jar;C:\Users\Siti Nurlatipah\.m2\repository\net\jodah\failsafe\2.4.4\failsafe-2.4.4.jar;C:\Users\Siti Nurlatipah\.m2\repository\org\seleniumhq\selenium\selenium-safari-driver\4.1.2\selenium-safari-driver-4.1.2.jar;C:\Users\Siti Nurlatipah\.m2\repository\org\seleniumhq\selenium\selenium-api\4.1.2\selenium-api-4.1.2.jar;C:\Users\Siti Nurlatipah\.m2\repository\org\seleniumhq\selenium\selenium-support\4.1.2\selenium-support-4.1.2.jar;C:\Users\Siti Nurlatipah\.m2\repository\com\google\auto\service\auto-service-annotations\1.0.1\auto-service-annotations-1.0.1.jar;C:\Users\Siti Nurlatipah\.m2\repository\com\google\auto\service\auto-service\1.0.1\auto-service-1.0.1.jar;C:\Users\Siti Nurlatipah\.m2\repository\com\google\auto\auto-common\1.2\auto-common-1.2.jar;C:\Users\Siti Nurlatipah\.m2\repository\org\seleniumhq\selenium\selenium-json\4.1.2\selenium-json-4.1.2.jar;C:\Users\Siti Nurlatipah\.m2\repository\org\seleniumhq\selenium\selenium-chrome-driver\4.1.2\selenium-chrome-driver-4.1.2.jar;C:\Users\Siti Nurlatipah\.m2\repository\org\seleniumhq\selenium\selenium-chromium-driver\4.1.2\selenium-chromium-driver-4.1.2.jar;C:\Users\Siti Nurlatipah\.m2\repository\org\seleniumhq\selenium\selenium-firefox-driver\4.1.2\selenium-firefox-driver-4.1.2.jar;C:\Users\Siti Nurlatipah\.m2\repository\org\seleniumhq\selenium\selenium-edge-driver\4.1.2\selenium-edge-driver-4.1.2.jar;C:\Users\Siti Nurlatipah\.m2\repository\org\seleniumhq\selenium\selenium-ie-driver\4.1.2\selenium-ie-driver-4.1.2.jar;C:\Users\Siti Nurlatipah\.m2\repository\org\projectlombok\lombok\1.18.20\lombok-1.18.20.jar;C:\Users\Siti Nurlatipah\.m2\repository\io\appium\java-client\8.0.0\java-client-8.0.0.jar;C:\Users\Siti Nurlatipah\.m2\repository\commons-validator\commons-validator\1.7\commons-validator-1.7.jar;C:\Users\Siti Nurlatipah\.m2\repository\commons-digester\commons-digester\2.1\commons-digester-2.1.jar;C:\Users\Siti Nurlatipah\.m2\repository\org\aspectj\aspectjweaver\1.9.8\aspectjweaver-1.9.8.jar;C:\Users\Siti Nurlatipah\.m2\repository\org\codehaus\groovy\groovy\3.0.10\groovy-3.0.10.jar;C:\Users\Siti Nurlatipah\.m2\repository\net\sf\opencsv\opencsv\2.0\opencsv-2.0.jar;C:\Users\Siti Nurlatipah\.m2\repository\commons-beanutils\commons-beanutils\1.9.4\commons-beanutils-1.9.4.jar;C:\Users\Siti Nurlatipah\.m2\repository\org\apache\commons\commons-lang3\3.12.0\commons-lang3-3.12.0.jar;C:\Users\Siti Nurlatipah\.m2\repository\commons-collections\commons-collections\3.2.2\commons-collections-3.2.2.jar;C:\Users\Siti Nurlatipah\.m2\repository\org\fluentlenium\fluentlenium-core\0.10.2\fluentlenium-core-0.10.2.jar;C:\Users\Siti Nurlatipah\.m2\repository\io\github\bonigarcia\webdrivermanager\5.1.0\webdrivermanager-5.1.0.jar;C:\Users\Siti Nurlatipah\.m2\repository\com\github\docker-java\docker-java\3.2.13\docker-java-3.2.13.jar;C:\Users\Siti Nurlatipah\.m2\repository\com\github\docker-java\docker-java-core\3.2.13\docker-java-core-3.2.13.jar;C:\Users\Siti Nurlatipah\.m2\repository\com\github\docker-java\docker-java-api\3.2.13\docker-java-api-3.2.13.jar;C:\Users\Siti Nurlatipah\.m2\repository\org\apache\commons\commons-compress\1.21\commons-compress-1.21.jar;C:\Users\Siti Nurlatipah\.m2\repository\org\bouncycastle\bcpkix-jdk15on\1.64\bcpkix-jdk15on-1.64.jar;C:\Users\Siti Nurlatipah\.m2\repository\org\bouncycastle\bcprov-jdk15on\1.64\bcprov-jdk15on-1.64.jar;C:\Users\Siti Nurlatipah\.m2\repository\org\slf4j\jcl-over-slf4j\1.7.30\jcl-over-slf4j-1.7.30.jar;C:\Users\Siti Nurlatipah\.m2\repository\com\github\docker-java\docker-java-transport-httpclient5\3.2.13\docker-java-transport-httpclient5-3.2.13.jar;C:\Users\Siti Nurlatipah\.m2\repository\com\github\docker-java\docker-java-transport\3.2.13\docker-java-transport-3.2.13.jar;C:\Users\Siti Nurlatipah\.m2\repository\org\apache\httpcomponents\client5\httpclient5\5.0.3\httpclient5-5.0.3.jar;C:\Users\Siti Nurlatipah\.m2\repository\org\apache\httpcomponents\core5\httpcore5\5.0.2\httpcore5-5.0.2.jar;C:\Users\Siti Nurlatipah\.m2\repository\net\java\dev\jna\jna\5.8.0\jna-5.8.0.jar;C:\Users\Siti Nurlatipah\.m2\repository\org\brotli\dec\0.1.2\dec-0.1.2.jar;C:\Users\Siti Nurlatipah\.m2\repository\com\jhlabs\filters\2.0.235\filters-2.0.235.jar;C:\Users\Siti Nurlatipah\.m2\repository\com\paulhammant\ngwebdriver\1.1.6\ngwebdriver-1.1.6.jar;C:\Users\Siti Nurlatipah\.m2\repository\joda-time\joda-time\2.8.2\joda-time-2.8.2.jar;C:\Users\Siti Nurlatipah\.m2\repository\org\hamcrest\hamcrest\2.2\hamcrest-2.2.jar;C:\Users\Siti Nurlatipah\.m2\repository\com\google\jimfs\jimfs\1.2\jimfs-1.2.jar;C:\Users\Siti Nurlatipah\.m2\repository\org\mockito\mockito-core\3.3.3\mockito-core-3.3.3.jar;C:\Users\Siti Nurlatipah\.m2\repository\javax\xml\bind\jaxb-api\2.3.1\jaxb-api-2.3.1.jar;C:\Users\Siti Nurlatipah\.m2\repository\javax\activation\javax.activation-api\1.2.0\javax.activation-api-1.2.0.jar;C:\Users\Siti Nurlatipah\.m2\repository\com\sun\xml\bind\jaxb-core\2.3.0.1\jaxb-core-2.3.0.1.jar;C:\Users\Siti Nurlatipah\.m2\repository\com\sun\xml\bind\jaxb-impl\2.3.3\jaxb-impl-2.3.3.jar;C:\Users\Siti Nurlatipah\.m2\repository\jakarta\xml\bind\jakarta.xml.bind-api\2.3.3\jakarta.xml.bind-api-2.3.3.jar;C:\Users\Siti Nurlatipah\.m2\repository\com\sun\activation\jakarta.activation\1.2.2\jakarta.activation-1.2.2.jar;C:\Users\Siti Nurlatipah\.m2\repository\javax\activation\activation\1.1.1\activation-1.1.1.jar;C:\Users\Siti Nurlatipah\.m2\repository\net\serenity-bdd\serenity-cucumber\3.2.1\serenity-cucumber-3.2.1.jar;C:\Users\Siti Nurlatipah\.m2\repository\io\cucumber\cucumber-core\7.2.3\cucumber-core-7.2.3.jar;C:\Users\Siti Nurlatipah\.m2\repository\io\cucumber\cucumber-gherkin\7.2.3\cucumber-gherkin-7.2.3.jar;C:\Users\Siti Nurlatipah\.m2\repository\io\cucumber\cucumber-gherkin-messages\7.2.3\cucumber-gherkin-messages-7.2.3.jar;C:\Users\Siti Nurlatipah\.m2\repository\io\cucumber\messages\17.1.1\messages-17.1.1.jar;C:\Users\Siti Nurlatipah\.m2\repository\io\cucumber\tag-expressions\4.1.0\tag-expressions-4.1.0.jar;C:\Users\Siti Nurlatipah\.m2\repository\io\cucumber\cucumber-expressions\15.0.1\cucumber-expressions-15.0.1.jar;C:\Users\Siti Nurlatipah\.m2\repository\io\cucumber\datatable\7.2.3\datatable-7.2.3.jar;C:\Users\Siti Nurlatipah\.m2\repository\io\cucumber\cucumber-plugin\7.2.3\cucumber-plugin-7.2.3.jar;C:\Users\Siti Nurlatipah\.m2\repository\io\cucumber\docstring\7.2.3\docstring-7.2.3.jar;C:\Users\Siti Nurlatipah\.m2\repository\io\cucumber\html-formatter\17.0.0\html-formatter-17.0.0.jar;C:\Users\Siti Nurlatipah\.m2\repository\io\cucumber\ci-environment\8.1.0\ci-environment-8.1.0.jar;C:\Users\Siti Nurlatipah\.m2\repository\io\cucumber\cucumber-junit\7.2.3\cucumber-junit-7.2.3.jar;C:\Users\Siti Nurlatipah\.m2\repository\org\apache\commons\commons-csv\1.5\commons-csv-1.5.jar;C:\Users\Siti Nurlatipah\.m2\repository\net\serenity-bdd\serenity-screenplay\3.2.1\serenity-screenplay-3.2.1.jar;C:\Users\Siti Nurlatipah\.m2\repository\net\serenity-bdd\serenity-screenplay-webdriver\3.2.1\serenity-screenplay-webdriver-3.2.1.jar;C:\Users\Siti Nurlatipah\.m2\repository\net\serenity-bdd\serenity-ensure\3.2.1\serenity-ensure-3.2.1.jar;C:\Users\Siti Nurlatipah\.m2\repository\net\serenity-bdd\serenity-junit\3.2.1\serenity-junit-3.2.1.jar;C:\Users\Siti Nurlatipah\.m2\repository\org\jetbrains\kotlin\kotlin-stdlib\1.6.0\kotlin-stdlib-1.6.0.jar;C:\Users\Siti Nurlatipah\.m2\repository\org\jetbrains\annotations\13.0\annotations-13.0.jar;C:\Users\Siti Nurlatipah\.m2\repository\org\jetbrains\kotlin\kotlin-stdlib-common\1.6.0\kotlin-stdlib-common-1.6.0.jar;C:\Users\Siti Nurlatipah\.m2\repository\org\junit\platform\junit-platform-launcher\1.8.1\junit-platform-launcher-1.8.1.jar;C:\Users\Siti Nurlatipah\.m2\repository\org\junit\platform\junit-platform-engine\1.8.1\junit-platform-engine-1.8.1.jar;C:\Users\Siti Nurlatipah\.m2\repository\org\opentest4j\opentest4j\1.2.0\opentest4j-1.2.0.jar;C:\Users\Siti Nurlatipah\.m2\repository\org\junit\platform\junit-platform-commons\1.8.1\junit-platform-commons-1.8.1.jar;C:\Users\Siti Nurlatipah\.m2\repository\org\apiguardian\apiguardian-api\1.1.2\apiguardian-api-1.1.2.jar;C:\Users\Siti Nurlatipah\.m2\repository\org\junit\jupiter\junit-jupiter-engine\5.8.2\junit-jupiter-engine-5.8.2.jar;C:\Users\Siti Nurlatipah\.m2\repository\org\junit\jupiter\junit-jupiter-api\5.8.2\junit-jupiter-api-5.8.2.jar;C:\Users\Siti Nurlatipah\.m2\repository\com\github\javafaker\javafaker\1.0.2\javafaker-1.0.2.jar;C:\Users\Siti Nurlatipah\.m2\repository\org\yaml\snakeyaml\1.23\snakeyaml-1.23-android.jar;C:\Users\Siti Nurlatipah\.m2\repository\com\github\mifmif\generex\1.0.2\generex-1.0.2.jar;C:\Users\Siti Nurlatipah\.m2\repository\dk\brics\automaton\automaton\1.11-8\automaton-1.11-8.jar;C:\Users\Siti Nurlatipah\.m2\repository\org\junit\vintage\junit-vintage-engine\5.8.2\junit-vintage-engine-5.8.2.jar;C:\Users\Siti Nurlatipah\.m2\repository\junit\junit\4.13.2\junit-4.13.2.jar;C:\Users\Siti Nurlatipah\.m2\repository\org\hamcrest\hamcrest-core\1.3\hamcrest-core-1.3.jar;C:\Users\Siti Nurlatipah\.m2\repository\ch\qos\logback\logback-classic\1.2.10\logback-classic-1.2.10.jar;C:\Users\Siti Nurlatipah\.m2\repository\ch\qos\logback\logback-core\1.2.10\logback-core-1.2.10.jar;C:\Users\Siti Nurlatipah\.m2\repository\org\slf4j\slf4j-api\1.7.32\slf4j-api-1.7.32.jar;C:\Users\Siti Nurlatipah\.m2\repository\org\assertj\assertj-core\3.6.2\assertj-core-3.6.2.jar;"/>
    <property name="java.vm.vendor" value="Oracle Corporation"/>
    <property name="sun.arch.data.model" value="64"/>
    <property name="user.variant" value=""/>
    <property name="java.vendor.url" value="https://openjdk.java.net/"/>
    <property name="user.timezone" value="Asia/Bangkok"/>
    <property name="log4j2.formatMsgNoLookups" value="true"/>
    <property name="java.vm.specification.version" value="11"/>
    <property name="os.name" value="Windows 10"/>
    <property name="sun.java.launcher" value="SUN_STANDARD"/>
    <property name="user.country" value="ID"/>
    <property name="sun.boot.library.path" value="C:\Program Files\Java\jdk-11.0.14\bin"/>
    <property name="sun.java.command" value="org.apache.maven.surefire.booter.ForkedBooter C:\Users\Siti Nurlatipah\AppData\Local\Temp\surefire2920677122190935890 2022-05-20T22-58-49_006-jvmRun1 surefire15301208157186421242tmp surefire_08075052596457033104tmp"/>
    <property name="jdk.debug" value="release"/>
    <property name="surefire.test.class.path" value="D:\Mini Project-QE Alta\Web Automation\FrontEnd-AltaShop\target\test-classes;C:\Users\Siti Nurlatipah\.m2\repository\net\serenity-bdd\serenity-core\3.2.1\serenity-core-3.2.1.jar;C:\Users\Siti Nurlatipah\.m2\repository\net\serenity-bdd\serenity-model\3.2.1\serenity-model-3.2.1.jar;C:\Users\Siti Nurlatipah\.m2\repository\org\apache\commons\commons-text\1.9\commons-text-1.9.jar;C:\Users\Siti Nurlatipah\.m2\repository\commons-net\commons-net\3.8.0\commons-net-3.8.0.jar;C:\Users\Siti Nurlatipah\.m2\repository\com\google\guava\guava\31.1-jre\guava-31.1-jre.jar;C:\Users\Siti Nurlatipah\.m2\repository\com\google\guava\failureaccess\1.0.1\failureaccess-1.0.1.jar;C:\Users\Siti Nurlatipah\.m2\repository\com\google\guava\listenablefuture\9999.0-empty-to-avoid-conflict-with-guava\listenablefuture-9999.0-empty-to-avoid-conflict-with-guava.jar;C:\Users\Siti Nurlatipah\.m2\repository\com\google\code\findbugs\jsr305\3.0.2\jsr305-3.0.2.jar;C:\Users\Siti Nurlatipah\.m2\repository\org\checkerframework\checker-qual\3.12.0\checker-qual-3.12.0.jar;C:\Users\Siti Nurlatipah\.m2\repository\com\google\errorprone\error_prone_annotations\2.11.0\error_prone_annotations-2.11.0.jar;C:\Users\Siti Nurlatipah\.m2\repository\com\google\j2objc\j2objc-annotations\1.3\j2objc-annotations-1.3.jar;C:\Users\Siti Nurlatipah\.m2\repository\com\google\inject\guice\5.1.0\guice-5.1.0.jar;C:\Users\Siti Nurlatipah\.m2\repository\javax\inject\javax.inject\1\javax.inject-1.jar;C:\Users\Siti Nurlatipah\.m2\repository\aopalliance\aopalliance\1.0\aopalliance-1.0.jar;C:\Users\Siti Nurlatipah\.m2\repository\org\jsoup\jsoup\1.14.3\jsoup-1.14.3.jar;C:\Users\Siti Nurlatipah\.m2\repository\com\thoughtworks\xstream\xstream\1.4.19\xstream-1.4.19.jar;C:\Users\Siti Nurlatipah\.m2\repository\io\github\x-stream\mxparser\1.2.2\mxparser-1.2.2.jar;C:\Users\Siti Nurlatipah\.m2\repository\xmlpull\xmlpull\1.1.3.1\xmlpull-1.1.3.1.jar;C:\Users\Siti Nurlatipah\.m2\repository\io\cucumber\cucumber-java\7.2.3\cucumber-java-7.2.3.jar;C:\Users\Siti Nurlatipah\.m2\repository\com\typesafe\config\1.4.2\config-1.4.2.jar;C:\Users\Siti Nurlatipah\.m2\repository\org\imgscalr\imgscalr-lib\4.2\imgscalr-lib-4.2.jar;C:\Users\Siti Nurlatipah\.m2\repository\org\awaitility\awaitility\4.2.0\awaitility-4.2.0.jar;C:\Users\Siti Nurlatipah\.m2\repository\org\freemarker\freemarker\2.3.31\freemarker-2.3.31.jar;C:\Users\Siti Nurlatipah\.m2\repository\io\github\classgraph\classgraph\4.8.138\classgraph-4.8.138.jar;C:\Users\Siti Nurlatipah\.m2\repository\net\sourceforge\jexcelapi\jxl\2.6.12\jxl-2.6.12.jar;C:\Users\Siti Nurlatipah\.m2\repository\net\bytebuddy\byte-buddy\1.12.8\byte-buddy-1.12.8.jar;C:\Users\Siti Nurlatipah\.m2\repository\net\bytebuddy\byte-buddy-agent\1.12.8\byte-buddy-agent-1.12.8.jar;C:\Users\Siti Nurlatipah\.m2\repository\org\objenesis\objenesis\3.1\objenesis-3.1.jar;C:\Users\Siti Nurlatipah\.m2\repository\net\serenity-bdd\serenity-reports\3.2.1\serenity-reports-3.2.1.jar;C:\Users\Siti Nurlatipah\.m2\repository\net\serenity-bdd\serenity-stats\3.2.1\serenity-stats-3.2.1.jar;C:\Users\Siti Nurlatipah\.m2\repository\net\serenity-bdd\serenity-reports-configuration\3.2.1\serenity-reports-configuration-3.2.1.jar;C:\Users\Siti Nurlatipah\.m2\repository\com\vladsch\flexmark\flexmark-all\0.34.30\flexmark-all-0.34.30.jar;C:\Users\Siti Nurlatipah\.m2\repository\com\vladsch\flexmark\flexmark\0.34.30\flexmark-0.34.30.jar;C:\Users\Siti Nurlatipah\.m2\repository\com\vladsch\flexmark\flexmark-ext-abbreviation\0.34.30\flexmark-ext-abbreviation-0.34.30.jar;C:\Users\Siti Nurlatipah\.m2\repository\com\vladsch\flexmark\flexmark-ext-admonition\0.34.30\flexmark-ext-admonition-0.34.30.jar;C:\Users\Siti Nurlatipah\.m2\repository\com\vladsch\flexmark\flexmark-ext-anchorlink\0.34.30\flexmark-ext-anchorlink-0.34.30.jar;C:\Users\Siti Nurlatipah\.m2\repository\com\vladsch\flexmark\flexmark-ext-aside\0.34.30\flexmark-ext-aside-0.34.30.jar;C:\Users\Siti Nurlatipah\.m2\repository\com\vladsch\flexmark\flexmark-ext-attributes\0.34.30\flexmark-ext-attributes-0.34.30.jar;C:\Users\Siti Nurlatipah\.m2\repository\com\vladsch\flexmark\flexmark-ext-autolink\0.34.30\flexmark-ext-autolink-0.34.30.jar;C:\Users\Siti Nurlatipah\.m2\repository\org\nibor\autolink\autolink\0.6.0\autolink-0.6.0.jar;C:\Users\Siti Nurlatipah\.m2\repository\com\vladsch\flexmark\flexmark-ext-definition\0.34.30\flexmark-ext-definition-0.34.30.jar;C:\Users\Siti Nurlatipah\.m2\repository\com\vladsch\flexmark\flexmark-ext-emoji\0.34.30\flexmark-ext-emoji-0.34.30.jar;C:\Users\Siti Nurlatipah\.m2\repository\com\vladsch\flexmark\flexmark-ext-enumerated-reference\0.34.30\flexmark-ext-enumerated-reference-0.34.30.jar;C:\Users\Siti Nurlatipah\.m2\repository\com\vladsch\flexmark\flexmark-ext-escaped-character\0.34.30\flexmark-ext-escaped-character-0.34.30.jar;C:\Users\Siti Nurlatipah\.m2\repository\com\vladsch\flexmark\flexmark-ext-footnotes\0.34.30\flexmark-ext-footnotes-0.34.30.jar;C:\Users\Siti Nurlatipah\.m2\repository\com\vladsch\flexmark\flexmark-ext-gfm-issues\0.34.30\flexmark-ext-gfm-issues-0.34.30.jar;C:\Users\Siti Nurlatipah\.m2\repository\com\vladsch\flexmark\flexmark-ext-gfm-strikethrough\0.34.30\flexmark-ext-gfm-strikethrough-0.34.30.jar;C:\Users\Siti Nurlatipah\.m2\repository\com\vladsch\flexmark\flexmark-ext-gfm-tables\0.34.30\flexmark-ext-gfm-tables-0.34.30.jar;C:\Users\Siti Nurlatipah\.m2\repository\com\vladsch\flexmark\flexmark-ext-gfm-tasklist\0.34.30\flexmark-ext-gfm-tasklist-0.34.30.jar;C:\Users\Siti Nurlatipah\.m2\repository\com\vladsch\flexmark\flexmark-ext-gfm-users\0.34.30\flexmark-ext-gfm-users-0.34.30.jar;C:\Users\Siti Nurlatipah\.m2\repository\com\vladsch\flexmark\flexmark-ext-gitlab\0.34.30\flexmark-ext-gitlab-0.34.30.jar;C:\Users\Siti Nurlatipah\.m2\repository\com\vladsch\flexmark\flexmark-ext-jekyll-front-matter\0.34.30\flexmark-ext-jekyll-front-matter-0.34.30.jar;C:\Users\Siti Nurlatipah\.m2\repository\com\vladsch\flexmark\flexmark-ext-jekyll-tag\0.34.30\flexmark-ext-jekyll-tag-0.34.30.jar;C:\Users\Siti Nurlatipah\.m2\repository\com\vladsch\flexmark\flexmark-ext-media-tags\0.34.30\flexmark-ext-media-tags-0.34.30.jar;C:\Users\Siti Nurlatipah\.m2\repository\com\vladsch\flexmark\flexmark-test-util\0.34.30\flexmark-test-util-0.34.30.jar;C:\Users\Siti Nurlatipah\.m2\repository\com\vladsch\flexmark\flexmark-ext-ins\0.34.30\flexmark-ext-ins-0.34.30.jar;C:\Users\Siti Nurlatipah\.m2\repository\com\vladsch\flexmark\flexmark-ext-xwiki-macros\0.34.30\flexmark-ext-xwiki-macros-0.34.30.jar;C:\Users\Siti Nurlatipah\.m2\repository\com\vladsch\flexmark\flexmark-ext-superscript\0.34.30\flexmark-ext-superscript-0.34.30.jar;C:\Users\Siti Nurlatipah\.m2\repository\com\vladsch\flexmark\flexmark-ext-tables\0.34.30\flexmark-ext-tables-0.34.30.jar;C:\Users\Siti Nurlatipah\.m2\repository\com\vladsch\flexmark\flexmark-ext-toc\0.34.30\flexmark-ext-toc-0.34.30.jar;C:\Users\Siti Nurlatipah\.m2\repository\com\vladsch\flexmark\flexmark-ext-typographic\0.34.30\flexmark-ext-typographic-0.34.30.jar;C:\Users\Siti Nurlatipah\.m2\repository\com\vladsch\flexmark\flexmark-ext-wikilink\0.34.30\flexmark-ext-wikilink-0.34.30.jar;C:\Users\Siti Nurlatipah\.m2\repository\com\vladsch\flexmark\flexmark-ext-yaml-front-matter\0.34.30\flexmark-ext-yaml-front-matter-0.34.30.jar;C:\Users\Siti Nurlatipah\.m2\repository\com\vladsch\flexmark\flexmark-ext-youtube-embedded\0.34.30\flexmark-ext-youtube-embedded-0.34.30.jar;C:\Users\Siti Nurlatipah\.m2\repository\com\vladsch\flexmark\flexmark-formatter\0.34.30\flexmark-formatter-0.34.30.jar;C:\Users\Siti Nurlatipah\.m2\repository\com\vladsch\flexmark\flexmark-html-parser\0.34.30\flexmark-html-parser-0.34.30.jar;C:\Users\Siti Nurlatipah\.m2\repository\com\vladsch\flexmark\flexmark-jira-converter\0.34.30\flexmark-jira-converter-0.34.30.jar;C:\Users\Siti Nurlatipah\.m2\repository\com\vladsch\flexmark\flexmark-pdf-converter\0.34.30\flexmark-pdf-converter-0.34.30.jar;C:\Users\Siti Nurlatipah\.m2\repository\com\openhtmltopdf\openhtmltopdf-core\0.0.1-RC13\openhtmltopdf-core-0.0.1-RC13.jar;C:\Users\Siti Nurlatipah\.m2\repository\com\openhtmltopdf\openhtmltopdf-pdfbox\0.0.1-RC13\openhtmltopdf-pdfbox-0.0.1-RC13.jar;C:\Users\Siti Nurlatipah\.m2\repository\org\apache\pdfbox\pdfbox\2.0.8\pdfbox-2.0.8.jar;C:\Users\Siti Nurlatipah\.m2\repository\org\apache\pdfbox\fontbox\2.0.8\fontbox-2.0.8.jar;C:\Users\Siti Nurlatipah\.m2\repository\commons-logging\commons-logging\1.2\commons-logging-1.2.jar;C:\Users\Siti Nurlatipah\.m2\repository\org\apache\pdfbox\xmpbox\2.0.8\xmpbox-2.0.8.jar;C:\Users\Siti Nurlatipah\.m2\repository\de\rototor\pdfbox\graphics2d\0.12\graphics2d-0.12.jar;C:\Users\Siti Nurlatipah\.m2\repository\com\openhtmltopdf\openhtmltopdf-rtl-support\0.0.1-RC13\openhtmltopdf-rtl-support-0.0.1-RC13.jar;C:\Users\Siti Nurlatipah\.m2\repository\com\ibm\icu\icu4j\59.1\icu4j-59.1.jar;C:\Users\Siti Nurlatipah\.m2\repository\com\openhtmltopdf\openhtmltopdf-jsoup-dom-converter\0.0.1-RC13\openhtmltopdf-jsoup-dom-converter-0.0.1-RC13.jar;C:\Users\Siti Nurlatipah\.m2\repository\com\vladsch\flexmark\flexmark-profile-pegdown\0.34.30\flexmark-profile-pegdown-0.34.30.jar;C:\Users\Siti Nurlatipah\.m2\repository\com\vladsch\flexmark\flexmark-util\0.34.30\flexmark-util-0.34.30.jar;C:\Users\Siti Nurlatipah\.m2\repository\com\vladsch\flexmark\flexmark-youtrack-converter\0.34.30\flexmark-youtrack-converter-0.34.30.jar;C:\Users\Siti Nurlatipah\.m2\repository\es\nitaur\markdown\txtmark\0.16\txtmark-0.16.jar;C:\Users\Siti Nurlatipah\.m2\repository\net\serenity-bdd\serenity-report-resources\3.2.1\serenity-report-resources-3.2.1.jar;C:\Users\Siti Nurlatipah\.m2\repository\com\google\code\gson\gson\2.9.0\gson-2.9.0.jar;C:\Users\Siti Nurlatipah\.m2\repository\com\fasterxml\jackson\core\jackson-core\2.13.2\jackson-core-2.13.2.jar;C:\Users\Siti Nurlatipah\.m2\repository\com\fasterxml\jackson\core\jackson-databind\2.13.2\jackson-databind-2.13.2.jar;C:\Users\Siti Nurlatipah\.m2\repository\com\fasterxml\jackson\core\jackson-annotations\2.13.2\jackson-annotations-2.13.2.jar;C:\Users\Siti Nurlatipah\.m2\repository\commons-codec\commons-codec\1.15\commons-codec-1.15.jar;C:\Users\Siti Nurlatipah\.m2\repository\commons-io\commons-io\2.11.0\commons-io-2.11.0.jar;C:\Users\Siti Nurlatipah\.m2\repository\org\seleniumhq\selenium\selenium-java\4.1.2\selenium-java-4.1.2.jar;C:\Users\Siti Nurlatipah\.m2\repository\org\seleniumhq\selenium\selenium-devtools-v85\4.1.2\selenium-devtools-v85-4.1.2.jar;C:\Users\Siti Nurlatipah\.m2\repository\org\seleniumhq\selenium\selenium-devtools-v95\4.1.2\selenium-devtools-v95-4.1.2.jar;C:\Users\Siti Nurlatipah\.m2\repository\org\seleniumhq\selenium\selenium-devtools-v96\4.1.2\selenium-devtools-v96-4.1.2.jar;C:\Users\Siti Nurlatipah\.m2\repository\org\seleniumhq\selenium\selenium-devtools-v97\4.1.2\selenium-devtools-v97-4.1.2.jar;C:\Users\Siti Nurlatipah\.m2\repository\org\seleniumhq\selenium\selenium-firefox-xpi-driver\4.1.2\selenium-firefox-xpi-driver-4.1.2.jar;C:\Users\Siti Nurlatipah\.m2\repository\org\seleniumhq\selenium\selenium-opera-driver\4.1.2\selenium-opera-driver-4.1.2.jar;C:\Users\Siti Nurlatipah\.m2\repository\org\seleniumhq\selenium\selenium-remote-driver\4.1.2\selenium-remote-driver-4.1.2.jar;C:\Users\Siti Nurlatipah\.m2\repository\com\beust\jcommander\1.82\jcommander-1.82.jar;C:\Users\Siti Nurlatipah\.m2\repository\io\netty\netty-buffer\4.1.73.Final\netty-buffer-4.1.73.Final.jar;C:\Users\Siti Nurlatipah\.m2\repository\io\netty\netty-codec-http\4.1.73.Final\netty-codec-http-4.1.73.Final.jar;C:\Users\Siti Nurlatipah\.m2\repository\io\netty\netty-codec\4.1.73.Final\netty-codec-4.1.73.Final.jar;C:\Users\Siti Nurlatipah\.m2\repository\io\netty\netty-handler\4.1.73.Final\netty-handler-4.1.73.Final.jar;C:\Users\Siti Nurlatipah\.m2\repository\io\netty\netty-tcnative-classes\2.0.46.Final\netty-tcnative-classes-2.0.46.Final.jar;C:\Users\Siti Nurlatipah\.m2\repository\io\netty\netty-common\4.1.73.Final\netty-common-4.1.73.Final.jar;C:\Users\Siti Nurlatipah\.m2\repository\io\netty\netty-transport-classes-epoll\4.1.73.Final\netty-transport-classes-epoll-4.1.73.Final.jar;C:\Users\Siti Nurlatipah\.m2\repository\io\netty\netty-transport-classes-kqueue\4.1.73.Final\netty-transport-classes-kqueue-4.1.73.Final.jar;C:\Users\Siti Nurlatipah\.m2\repository\io\netty\netty-transport-native-epoll\4.1.73.Final\netty-transport-native-epoll-4.1.73.Final.jar;C:\Users\Siti Nurlatipah\.m2\repository\io\netty\netty-transport-native-kqueue\4.1.73.Final\netty-transport-native-kqueue-4.1.73.Final.jar;C:\Users\Siti Nurlatipah\.m2\repository\io\netty\netty-transport-native-unix-common\4.1.73.Final\netty-transport-native-unix-common-4.1.73.Final.jar;C:\Users\Siti Nurlatipah\.m2\repository\io\netty\netty-transport\4.1.73.Final\netty-transport-4.1.73.Final.jar;C:\Users\Siti Nurlatipah\.m2\repository\io\netty\netty-resolver\4.1.73.Final\netty-resolver-4.1.73.Final.jar;C:\Users\Siti Nurlatipah\.m2\repository\io\opentelemetry\opentelemetry-api\1.10.1\opentelemetry-api-1.10.1.jar;C:\Users\Siti Nurlatipah\.m2\repository\io\opentelemetry\opentelemetry-context\1.10.1\opentelemetry-context-1.10.1.jar;C:\Users\Siti Nurlatipah\.m2\repository\io\opentelemetry\opentelemetry-exporter-logging\1.10.1\opentelemetry-exporter-logging-1.10.1.jar;C:\Users\Siti Nurlatipah\.m2\repository\io\opentelemetry\opentelemetry-sdk-metrics\1.10.1-alpha\opentelemetry-sdk-metrics-1.10.1-alpha.jar;C:\Users\Siti Nurlatipah\.m2\repository\io\opentelemetry\opentelemetry-sdk-logs\1.10.1-alpha\opentelemetry-sdk-logs-1.10.1-alpha.jar;C:\Users\Siti Nurlatipah\.m2\repository\io\opentelemetry\opentelemetry-sdk-common\1.10.1\opentelemetry-sdk-common-1.10.1.jar;C:\Users\Siti Nurlatipah\.m2\repository\io\opentelemetry\opentelemetry-sdk-extension-autoconfigure-spi\1.10.1\opentelemetry-sdk-extension-autoconfigure-spi-1.10.1.jar;C:\Users\Siti Nurlatipah\.m2\repository\io\opentelemetry\opentelemetry-sdk-extension-autoconfigure\1.10.1-alpha\opentelemetry-sdk-extension-autoconfigure-1.10.1-alpha.jar;C:\Users\Siti Nurlatipah\.m2\repository\io\opentelemetry\opentelemetry-sdk-trace\1.10.1\opentelemetry-sdk-trace-1.10.1.jar;C:\Users\Siti Nurlatipah\.m2\repository\io\opentelemetry\opentelemetry-sdk\1.10.1\opentelemetry-sdk-1.10.1.jar;C:\Users\Siti Nurlatipah\.m2\repository\io\opentelemetry\opentelemetry-semconv\1.10.1-alpha\opentelemetry-semconv-1.10.1-alpha.jar;C:\Users\Siti Nurlatipah\.m2\repository\io\ous\jtoml\2.0.0\jtoml-2.0.0.jar;C:\Users\Siti Nurlatipah\.m2\repository\org\apache\commons\commons-exec\1.3\commons-exec-1.3.jar;C:\Users\Siti Nurlatipah\.m2\repository\org\asynchttpclient\async-http-client\2.12.3\async-http-client-2.12.3.jar;C:\Users\Siti Nurlatipah\.m2\repository\org\asynchttpclient\async-http-client-netty-utils\2.12.3\async-http-client-netty-utils-2.12.3.jar;C:\Users\Siti Nurlatipah\.m2\repository\io\netty\netty-codec-socks\4.1.60.Final\netty-codec-socks-4.1.60.Final.jar;C:\Users\Siti Nurlatipah\.m2\repository\io\netty\netty-handler-proxy\4.1.60.Final\netty-handler-proxy-4.1.60.Final.jar;C:\Users\Siti Nurlatipah\.m2\repository\io\netty\netty-transport-native-epoll\4.1.60.Final\netty-transport-native-epoll-4.1.60.Final-linux-x86_64.jar;C:\Users\Siti Nurlatipah\.m2\repository\io\netty\netty-transport-native-kqueue\4.1.60.Final\netty-transport-native-kqueue-4.1.60.Final-osx-x86_64.jar;C:\Users\Siti Nurlatipah\.m2\repository\org\reactivestreams\reactive-streams\1.0.3\reactive-streams-1.0.3.jar;C:\Users\Siti Nurlatipah\.m2\repository\com\typesafe\netty\netty-reactive-streams\2.0.4\netty-reactive-streams-2.0.4.jar;C:\Users\Siti Nurlatipah\.m2\repository\org\seleniumhq\selenium\selenium-http\4.1.2\selenium-http-4.1.2.jar;C:\Users\Siti Nurlatipah\.m2\repository\net\jodah\failsafe\2.4.4\failsafe-2.4.4.jar;C:\Users\Siti Nurlatipah\.m2\repository\org\seleniumhq\selenium\selenium-safari-driver\4.1.2\selenium-safari-driver-4.1.2.jar;C:\Users\Siti Nurlatipah\.m2\repository\org\seleniumhq\selenium\selenium-api\4.1.2\selenium-api-4.1.2.jar;C:\Users\Siti Nurlatipah\.m2\repository\org\seleniumhq\selenium\selenium-support\4.1.2\selenium-support-4.1.2.jar;C:\Users\Siti Nurlatipah\.m2\repository\com\google\auto\service\auto-service-annotations\1.0.1\auto-service-annotations-1.0.1.jar;C:\Users\Siti Nurlatipah\.m2\repository\com\google\auto\service\auto-service\1.0.1\auto-service-1.0.1.jar;C:\Users\Siti Nurlatipah\.m2\repository\com\google\auto\auto-common\1.2\auto-common-1.2.jar;C:\Users\Siti Nurlatipah\.m2\repository\org\seleniumhq\selenium\selenium-json\4.1.2\selenium-json-4.1.2.jar;C:\Users\Siti Nurlatipah\.m2\repository\org\seleniumhq\selenium\selenium-chrome-driver\4.1.2\selenium-chrome-driver-4.1.2.jar;C:\Users\Siti Nurlatipah\.m2\repository\org\seleniumhq\selenium\selenium-chromium-driver\4.1.2\selenium-chromium-driver-4.1.2.jar;C:\Users\Siti Nurlatipah\.m2\repository\org\seleniumhq\selenium\selenium-firefox-driver\4.1.2\selenium-firefox-driver-4.1.2.jar;C:\Users\Siti Nurlatipah\.m2\repository\org\seleniumhq\selenium\selenium-edge-driver\4.1.2\selenium-edge-driver-4.1.2.jar;C:\Users\Siti Nurlatipah\.m2\repository\org\seleniumhq\selenium\selenium-ie-driver\4.1.2\selenium-ie-driver-4.1.2.jar;C:\Users\Siti Nurlatipah\.m2\repository\org\projectlombok\lombok\1.18.20\lombok-1.18.20.jar;C:\Users\Siti Nurlatipah\.m2\repository\io\appium\java-client\8.0.0\java-client-8.0.0.jar;C:\Users\Siti Nurlatipah\.m2\repository\commons-validator\commons-validator\1.7\commons-validator-1.7.jar;C:\Users\Siti Nurlatipah\.m2\repository\commons-digester\commons-digester\2.1\commons-digester-2.1.jar;C:\Users\Siti Nurlatipah\.m2\repository\org\aspectj\aspectjweaver\1.9.8\aspectjweaver-1.9.8.jar;C:\Users\Siti Nurlatipah\.m2\repository\org\codehaus\groovy\groovy\3.0.10\groovy-3.0.10.jar;C:\Users\Siti Nurlatipah\.m2\repository\net\sf\opencsv\opencsv\2.0\opencsv-2.0.jar;C:\Users\Siti Nurlatipah\.m2\repository\commons-beanutils\commons-beanutils\1.9.4\commons-beanutils-1.9.4.jar;C:\Users\Siti Nurlatipah\.m2\repository\org\apache\commons\commons-lang3\3.12.0\commons-lang3-3.12.0.jar;C:\Users\Siti Nurlatipah\.m2\repository\commons-collections\commons-collections\3.2.2\commons-collections-3.2.2.jar;C:\Users\Siti Nurlatipah\.m2\repository\org\fluentlenium\fluentlenium-core\0.10.2\fluentlenium-core-0.10.2.jar;C:\Users\Siti Nurlatipah\.m2\repository\io\github\bonigarcia\webdrivermanager\5.1.0\webdrivermanager-5.1.0.jar;C:\Users\Siti Nurlatipah\.m2\repository\com\github\docker-java\docker-java\3.2.13\docker-java-3.2.13.jar;C:\Users\Siti Nurlatipah\.m2\repository\com\github\docker-java\docker-java-core\3.2.13\docker-java-core-3.2.13.jar;C:\Users\Siti Nurlatipah\.m2\repository\com\github\docker-java\docker-java-api\3.2.13\docker-java-api-3.2.13.jar;C:\Users\Siti Nurlatipah\.m2\repository\org\apache\commons\commons-compress\1.21\commons-compress-1.21.jar;C:\Users\Siti Nurlatipah\.m2\repository\org\bouncycastle\bcpkix-jdk15on\1.64\bcpkix-jdk15on-1.64.jar;C:\Users\Siti Nurlatipah\.m2\repository\org\bouncycastle\bcprov-jdk15on\1.64\bcprov-jdk15on-1.64.jar;C:\Users\Siti Nurlatipah\.m2\repository\org\slf4j\jcl-over-slf4j\1.7.30\jcl-over-slf4j-1.7.30.jar;C:\Users\Siti Nurlatipah\.m2\repository\com\github\docker-java\docker-java-transport-httpclient5\3.2.13\docker-java-transport-httpclient5-3.2.13.jar;C:\Users\Siti Nurlatipah\.m2\repository\com\github\docker-java\docker-java-transport\3.2.13\docker-java-transport-3.2.13.jar;C:\Users\Siti Nurlatipah\.m2\repository\org\apache\httpcomponents\client5\httpclient5\5.0.3\httpclient5-5.0.3.jar;C:\Users\Siti Nurlatipah\.m2\repository\org\apache\httpcomponents\core5\httpcore5\5.0.2\httpcore5-5.0.2.jar;C:\Users\Siti Nurlatipah\.m2\repository\net\java\dev\jna\jna\5.8.0\jna-5.8.0.jar;C:\Users\Siti Nurlatipah\.m2\repository\org\brotli\dec\0.1.2\dec-0.1.2.jar;C:\Users\Siti Nurlatipah\.m2\repository\com\jhlabs\filters\2.0.235\filters-2.0.235.jar;C:\Users\Siti Nurlatipah\.m2\repository\com\paulhammant\ngwebdriver\1.1.6\ngwebdriver-1.1.6.jar;C:\Users\Siti Nurlatipah\.m2\repository\joda-time\joda-time\2.8.2\joda-time-2.8.2.jar;C:\Users\Siti Nurlatipah\.m2\repository\org\hamcrest\hamcrest\2.2\hamcrest-2.2.jar;C:\Users\Siti Nurlatipah\.m2\repository\com\google\jimfs\jimfs\1.2\jimfs-1.2.jar;C:\Users\Siti Nurlatipah\.m2\repository\org\mockito\mockito-core\3.3.3\mockito-core-3.3.3.jar;C:\Users\Siti Nurlatipah\.m2\repository\javax\xml\bind\jaxb-api\2.3.1\jaxb-api-2.3.1.jar;C:\Users\Siti Nurlatipah\.m2\repository\javax\activation\javax.activation-api\1.2.0\javax.activation-api-1.2.0.jar;C:\Users\Siti Nurlatipah\.m2\repository\com\sun\xml\bind\jaxb-core\2.3.0.1\jaxb-core-2.3.0.1.jar;C:\Users\Siti Nurlatipah\.m2\repository\com\sun\xml\bind\jaxb-impl\2.3.3\jaxb-impl-2.3.3.jar;C:\Users\Siti Nurlatipah\.m2\repository\jakarta\xml\bind\jakarta.xml.bind-api\2.3.3\jakarta.xml.bind-api-2.3.3.jar;C:\Users\Siti Nurlatipah\.m2\repository\com\sun\activation\jakarta.activation\1.2.2\jakarta.activation-1.2.2.jar;C:\Users\Siti Nurlatipah\.m2\repository\javax\activation\activation\1.1.1\activation-1.1.1.jar;C:\Users\Siti Nurlatipah\.m2\repository\net\serenity-bdd\serenity-cucumber\3.2.1\serenity-cucumber-3.2.1.jar;C:\Users\Siti Nurlatipah\.m2\repository\io\cucumber\cucumber-core\7.2.3\cucumber-core-7.2.3.jar;C:\Users\Siti Nurlatipah\.m2\repository\io\cucumber\cucumber-gherkin\7.2.3\cucumber-gherkin-7.2.3.jar;C:\Users\Siti Nurlatipah\.m2\repository\io\cucumber\cucumber-gherkin-messages\7.2.3\cucumber-gherkin-messages-7.2.3.jar;C:\Users\Siti Nurlatipah\.m2\repository\io\cucumber\messages\17.1.1\messages-17.1.1.jar;C:\Users\Siti Nurlatipah\.m2\repository\io\cucumber\tag-expressions\4.1.0\tag-expressions-4.1.0.jar;C:\Users\Siti Nurlatipah\.m2\repository\io\cucumber\cucumber-expressions\15.0.1\cucumber-expressions-15.0.1.jar;C:\Users\Siti Nurlatipah\.m2\repository\io\cucumber\datatable\7.2.3\datatable-7.2.3.jar;C:\Users\Siti Nurlatipah\.m2\repository\io\cucumber\cucumber-plugin\7.2.3\cucumber-plugin-7.2.3.jar;C:\Users\Siti Nurlatipah\.m2\repository\io\cucumber\docstring\7.2.3\docstring-7.2.3.jar;C:\Users\Siti Nurlatipah\.m2\repository\io\cucumber\html-formatter\17.0.0\html-formatter-17.0.0.jar;C:\Users\Siti Nurlatipah\.m2\repository\io\cucumber\ci-environment\8.1.0\ci-environment-8.1.0.jar;C:\Users\Siti Nurlatipah\.m2\repository\io\cucumber\cucumber-junit\7.2.3\cucumber-junit-7.2.3.jar;C:\Users\Siti Nurlatipah\.m2\repository\org\apache\commons\commons-csv\1.5\commons-csv-1.5.jar;C:\Users\Siti Nurlatipah\.m2\repository\net\serenity-bdd\serenity-screenplay\3.2.1\serenity-screenplay-3.2.1.jar;C:\Users\Siti Nurlatipah\.m2\repository\net\serenity-bdd\serenity-screenplay-webdriver\3.2.1\serenity-screenplay-webdriver-3.2.1.jar;C:\Users\Siti Nurlatipah\.m2\repository\net\serenity-bdd\serenity-ensure\3.2.1\serenity-ensure-3.2.1.jar;C:\Users\Siti Nurlatipah\.m2\repository\net\serenity-bdd\serenity-junit\3.2.1\serenity-junit-3.2.1.jar;C:\Users\Siti Nurlatipah\.m2\repository\org\jetbrains\kotlin\kotlin-stdlib\1.6.0\kotlin-stdlib-1.6.0.jar;C:\Users\Siti Nurlatipah\.m2\repository\org\jetbrains\annotations\13.0\annotations-13.0.jar;C:\Users\Siti Nurlatipah\.m2\repository\org\jetbrains\kotlin\kotlin-stdlib-common\1.6.0\kotlin-stdlib-common-1.6.0.jar;C:\Users\Siti Nurlatipah\.m2\repository\org\junit\platform\junit-platform-launcher\1.8.1\junit-platform-launcher-1.8.1.jar;C:\Users\Siti Nurlatipah\.m2\repository\org\junit\platform\junit-platform-engine\1.8.1\junit-platform-engine-1.8.1.jar;C:\Users\Siti Nurlatipah\.m2\repository\org\opentest4j\opentest4j\1.2.0\opentest4j-1.2.0.jar;C:\Users\Siti Nurlatipah\.m2\repository\org\junit\platform\junit-platform-commons\1.8.1\junit-platform-commons-1.8.1.jar;C:\Users\Siti Nurlatipah\.m2\repository\org\apiguardian\apiguardian-api\1.1.2\apiguardian-api-1.1.2.jar;C:\Users\Siti Nurlatipah\.m2\repository\org\junit\jupiter\junit-jupiter-engine\5.8.2\junit-jupiter-engine-5.8.2.jar;C:\Users\Siti Nurlatipah\.m2\repository\org\junit\jupiter\junit-jupiter-api\5.8.2\junit-jupiter-api-5.8.2.jar;C:\Users\Siti Nurlatipah\.m2\repository\com\github\javafaker\javafaker\1.0.2\javafaker-1.0.2.jar;C:\Users\Siti Nurlatipah\.m2\repository\org\yaml\snakeyaml\1.23\snakeyaml-1.23-android.jar;C:\Users\Siti Nurlatipah\.m2\repository\com\github\mifmif\generex\1.0.2\generex-1.0.2.jar;C:\Users\Siti Nurlatipah\.m2\repository\dk\brics\automaton\automaton\1.11-8\automaton-1.11-8.jar;C:\Users\Siti Nurlatipah\.m2\repository\org\junit\vintage\junit-vintage-engine\5.8.2\junit-vintage-engine-5.8.2.jar;C:\Users\Siti Nurlatipah\.m2\repository\junit\junit\4.13.2\junit-4.13.2.jar;C:\Users\Siti Nurlatipah\.m2\repository\org\hamcrest\hamcrest-core\1.3\hamcrest-core-1.3.jar;C:\Users\Siti Nurlatipah\.m2\repository\ch\qos\logback\logback-classic\1.2.10\logback-classic-1.2.10.jar;C:\Users\Siti Nurlatipah\.m2\repository\ch\qos\logback\logback-core\1.2.10\logback-core-1.2.10.jar;C:\Users\Siti Nurlatipah\.m2\repository\org\slf4j\slf4j-api\1.7.32\slf4j-api-1.7.32.jar;C:\Users\Siti Nurlatipah\.m2\repository\org\assertj\assertj-core\3.6.2\assertj-core-3.6.2.jar;"/>
    <property name="sun.cpu.endian" value="little"/>
    <property name="user.home" value="C:\Users\Siti Nurlatipah"/>
    <property name="user.language" value="en"/>
    <property name="java.specification.vendor" value="Oracle Corporation"/>
    <property name="jdk.module.path" value="D:\Mini Project-QE Alta\Web Automation\FrontEnd-AltaShop\target\FrontEnd-AltaShop-1.0-SNAPSHOT.jar"/>
    <property name="java.version.date" value="2022-01-18"/>
    <property name="java.home" value="C:\Program Files\Java\jdk-11.0.14"/>
    <property name="file.separator" value="\"/>
    <property name="basedir" value="D:\Mini Project-QE Alta\Web Automation\FrontEnd-AltaShop"/>
    <property name="java.vm.compressedOopsMode" value="32-bit"/>
    <property name="line.separator" value="&#10;"/>
    <property name="java.specification.name" value="Java Platform API Specification"/>
    <property name="java.vm.specification.vendor" value="Oracle Corporation"/>
    <property name="java.awt.graphicsenv" value="sun.awt.Win32GraphicsEnvironment"/>
    <property name="surefire.real.class.path" value="C:\Users\Siti Nurlatipah\.m2\repository\org\apache\maven\surefire\surefire-booter\3.0.0-M5\surefire-booter-3.0.0-M5.jar;C:\Users\Siti Nurlatipah\.m2\repository\org\apache\maven\surefire\surefire-api\3.0.0-M5\surefire-api-3.0.0-M5.jar;C:\Users\Siti Nurlatipah\.m2\repository\org\apache\maven\surefire\surefire-logger-api\3.0.0-M5\surefire-logger-api-3.0.0-M5.jar;C:\Users\Siti Nurlatipah\.m2\repository\org\apache\maven\surefire\surefire-shared-utils\3.0.0-M4\surefire-shared-utils-3.0.0-M4.jar;C:\Users\Siti Nurlatipah\.m2\repository\org\apache\maven\surefire\surefire-extensions-spi\3.0.0-M5\surefire-extensions-spi-3.0.0-M5.jar;D:\Mini Project-QE Alta\Web Automation\FrontEnd-AltaShop\target\test-classes;C:\Users\Siti Nurlatipah\.m2\repository\net\serenity-bdd\serenity-core\3.2.1\serenity-core-3.2.1.jar;C:\Users\Siti Nurlatipah\.m2\repository\net\serenity-bdd\serenity-model\3.2.1\serenity-model-3.2.1.jar;C:\Users\Siti Nurlatipah\.m2\repository\org\apache\commons\commons-text\1.9\commons-text-1.9.jar;C:\Users\Siti Nurlatipah\.m2\repository\commons-net\commons-net\3.8.0\commons-net-3.8.0.jar;C:\Users\Siti Nurlatipah\.m2\repository\com\google\guava\guava\31.1-jre\guava-31.1-jre.jar;C:\Users\Siti Nurlatipah\.m2\repository\com\google\guava\failureaccess\1.0.1\failureaccess-1.0.1.jar;C:\Users\Siti Nurlatipah\.m2\repository\com\google\guava\listenablefuture\9999.0-empty-to-avoid-conflict-with-guava\listenablefuture-9999.0-empty-to-avoid-conflict-with-guava.jar;C:\Users\Siti Nurlatipah\.m2\repository\com\google\code\findbugs\jsr305\3.0.2\jsr305-3.0.2.jar;C:\Users\Siti Nurlatipah\.m2\repository\org\checkerframework\checker-qual\3.12.0\checker-qual-3.12.0.jar;C:\Users\Siti Nurlatipah\.m2\repository\com\google\errorprone\error_prone_annotations\2.11.0\error_prone_annotations-2.11.0.jar;C:\Users\Siti Nurlatipah\.m2\repository\com\google\j2objc\j2objc-annotations\1.3\j2objc-annotations-1.3.jar;C:\Users\Siti Nurlatipah\.m2\repository\com\google\inject\guice\5.1.0\guice-5.1.0.jar;C:\Users\Siti Nurlatipah\.m2\repository\javax\inject\javax.inject\1\javax.inject-1.jar;C:\Users\Siti Nurlatipah\.m2\repository\aopalliance\aopalliance\1.0\aopalliance-1.0.jar;C:\Users\Siti Nurlatipah\.m2\repository\org\jsoup\jsoup\1.14.3\jsoup-1.14.3.jar;C:\Users\Siti Nurlatipah\.m2\repository\com\thoughtworks\xstream\xstream\1.4.19\xstream-1.4.19.jar;C:\Users\Siti Nurlatipah\.m2\repository\io\github\x-stream\mxparser\1.2.2\mxparser-1.2.2.jar;C:\Users\Siti Nurlatipah\.m2\repository\xmlpull\xmlpull\1.1.3.1\xmlpull-1.1.3.1.jar;C:\Users\Siti Nurlatipah\.m2\repository\io\cucumber\cucumber-java\7.2.3\cucumber-java-7.2.3.jar;C:\Users\Siti Nurlatipah\.m2\repository\com\typesafe\config\1.4.2\config-1.4.2.jar;C:\Users\Siti Nurlatipah\.m2\repository\org\imgscalr\imgscalr-lib\4.2\imgscalr-lib-4.2.jar;C:\Users\Siti Nurlatipah\.m2\repository\org\awaitility\awaitility\4.2.0\awaitility-4.2.0.jar;C:\Users\Siti Nurlatipah\.m2\repository\org\freemarker\freemarker\2.3.31\freemarker-2.3.31.jar;C:\Users\Siti Nurlatipah\.m2\repository\io\github\classgraph\classgraph\4.8.138\classgraph-4.8.138.jar;C:\Users\Siti Nurlatipah\.m2\repository\net\sourceforge\jexcelapi\jxl\2.6.12\jxl-2.6.12.jar;C:\Users\Siti Nurlatipah\.m2\repository\net\bytebuddy\byte-buddy\1.12.8\byte-buddy-1.12.8.jar;C:\Users\Siti Nurlatipah\.m2\repository\net\bytebuddy\byte-buddy-agent\1.12.8\byte-buddy-agent-1.12.8.jar;C:\Users\Siti Nurlatipah\.m2\repository\org\objenesis\objenesis\3.1\objenesis-3.1.jar;C:\Users\Siti Nurlatipah\.m2\repository\net\serenity-bdd\serenity-reports\3.2.1\serenity-reports-3.2.1.jar;C:\Users\Siti Nurlatipah\.m2\repository\net\serenity-bdd\serenity-stats\3.2.1\serenity-stats-3.2.1.jar;C:\Users\Siti Nurlatipah\.m2\repository\net\serenity-bdd\serenity-reports-configuration\3.2.1\serenity-reports-configuration-3.2.1.jar;C:\Users\Siti Nurlatipah\.m2\repository\com\vladsch\flexmark\flexmark-all\0.34.30\flexmark-all-0.34.30.jar;C:\Users\Siti Nurlatipah\.m2\repository\com\vladsch\flexmark\flexmark\0.34.30\flexmark-0.34.30.jar;C:\Users\Siti Nurlatipah\.m2\repository\com\vladsch\flexmark\flexmark-ext-abbreviation\0.34.30\flexmark-ext-abbreviation-0.34.30.jar;C:\Users\Siti Nurlatipah\.m2\repository\com\vladsch\flexmark\flexmark-ext-admonition\0.34.30\flexmark-ext-admonition-0.34.30.jar;C:\Users\Siti Nurlatipah\.m2\repository\com\vladsch\flexmark\flexmark-ext-anchorlink\0.34.30\flexmark-ext-anchorlink-0.34.30.jar;C:\Users\Siti Nurlatipah\.m2\repository\com\vladsch\flexmark\flexmark-ext-aside\0.34.30\flexmark-ext-aside-0.34.30.jar;C:\Users\Siti Nurlatipah\.m2\repository\com\vladsch\flexmark\flexmark-ext-attributes\0.34.30\flexmark-ext-attributes-0.34.30.jar;C:\Users\Siti Nurlatipah\.m2\repository\com\vladsch\flexmark\flexmark-ext-autolink\0.34.30\flexmark-ext-autolink-0.34.30.jar;C:\Users\Siti Nurlatipah\.m2\repository\org\nibor\autolink\autolink\0.6.0\autolink-0.6.0.jar;C:\Users\Siti Nurlatipah\.m2\repository\com\vladsch\flexmark\flexmark-ext-definition\0.34.30\flexmark-ext-definition-0.34.30.jar;C:\Users\Siti Nurlatipah\.m2\repository\com\vladsch\flexmark\flexmark-ext-emoji\0.34.30\flexmark-ext-emoji-0.34.30.jar;C:\Users\Siti Nurlatipah\.m2\repository\com\vladsch\flexmark\flexmark-ext-enumerated-reference\0.34.30\flexmark-ext-enumerated-reference-0.34.30.jar;C:\Users\Siti Nurlatipah\.m2\repository\com\vladsch\flexmark\flexmark-ext-escaped-character\0.34.30\flexmark-ext-escaped-character-0.34.30.jar;C:\Users\Siti Nurlatipah\.m2\repository\com\vladsch\flexmark\flexmark-ext-footnotes\0.34.30\flexmark-ext-footnotes-0.34.30.jar;C:\Users\Siti Nurlatipah\.m2\repository\com\vladsch\flexmark\flexmark-ext-gfm-issues\0.34.30\flexmark-ext-gfm-issues-0.34.30.jar;C:\Users\Siti Nurlatipah\.m2\repository\com\vladsch\flexmark\flexmark-ext-gfm-strikethrough\0.34.30\flexmark-ext-gfm-strikethrough-0.34.30.jar;C:\Users\Siti Nurlatipah\.m2\repository\com\vladsch\flexmark\flexmark-ext-gfm-tables\0.34.30\flexmark-ext-gfm-tables-0.34.30.jar;C:\Users\Siti Nurlatipah\.m2\repository\com\vladsch\flexmark\flexmark-ext-gfm-tasklist\0.34.30\flexmark-ext-gfm-tasklist-0.34.30.jar;C:\Users\Siti Nurlatipah\.m2\repository\com\vladsch\flexmark\flexmark-ext-gfm-users\0.34.30\flexmark-ext-gfm-users-0.34.30.jar;C:\Users\Siti Nurlatipah\.m2\repository\com\vladsch\flexmark\flexmark-ext-gitlab\0.34.30\flexmark-ext-gitlab-0.34.30.jar;C:\Users\Siti Nurlatipah\.m2\repository\com\vladsch\flexmark\flexmark-ext-jekyll-front-matter\0.34.30\flexmark-ext-jekyll-front-matter-0.34.30.jar;C:\Users\Siti Nurlatipah\.m2\repository\com\vladsch\flexmark\flexmark-ext-jekyll-tag\0.34.30\flexmark-ext-jekyll-tag-0.34.30.jar;C:\Users\Siti Nurlatipah\.m2\repository\com\vladsch\flexmark\flexmark-ext-media-tags\0.34.30\flexmark-ext-media-tags-0.34.30.jar;C:\Users\Siti Nurlatipah\.m2\repository\com\vladsch\flexmark\flexmark-test-util\0.34.30\flexmark-test-util-0.34.30.jar;C:\Users\Siti Nurlatipah\.m2\repository\com\vladsch\flexmark\flexmark-ext-ins\0.34.30\flexmark-ext-ins-0.34.30.jar;C:\Users\Siti Nurlatipah\.m2\repository\com\vladsch\flexmark\flexmark-ext-xwiki-macros\0.34.30\flexmark-ext-xwiki-macros-0.34.30.jar;C:\Users\Siti Nurlatipah\.m2\repository\com\vladsch\flexmark\flexmark-ext-superscript\0.34.30\flexmark-ext-superscript-0.34.30.jar;C:\Users\Siti Nurlatipah\.m2\repository\com\vladsch\flexmark\flexmark-ext-tables\0.34.30\flexmark-ext-tables-0.34.30.jar;C:\Users\Siti Nurlatipah\.m2\repository\com\vladsch\flexmark\flexmark-ext-toc\0.34.30\flexmark-ext-toc-0.34.30.jar;C:\Users\Siti Nurlatipah\.m2\repository\com\vladsch\flexmark\flexmark-ext-typographic\0.34.30\flexmark-ext-typographic-0.34.30.jar;C:\Users\Siti Nurlatipah\.m2\repository\com\vladsch\flexmark\flexmark-ext-wikilink\0.34.30\flexmark-ext-wikilink-0.34.30.jar;C:\Users\Siti Nurlatipah\.m2\repository\com\vladsch\flexmark\flexmark-ext-yaml-front-matter\0.34.30\flexmark-ext-yaml-front-matter-0.34.30.jar;C:\Users\Siti Nurlatipah\.m2\repository\com\vladsch\flexmark\flexmark-ext-youtube-embedded\0.34.30\flexmark-ext-youtube-embedded-0.34.30.jar;C:\Users\Siti Nurlatipah\.m2\repository\com\vladsch\flexmark\flexmark-formatter\0.34.30\flexmark-formatter-0.34.30.jar;C:\Users\Siti Nurlatipah\.m2\repository\com\vladsch\flexmark\flexmark-html-parser\0.34.30\flexmark-html-parser-0.34.30.jar;C:\Users\Siti Nurlatipah\.m2\repository\com\vladsch\flexmark\flexmark-jira-converter\0.34.30\flexmark-jira-converter-0.34.30.jar;C:\Users\Siti Nurlatipah\.m2\repository\com\vladsch\flexmark\flexmark-pdf-converter\0.34.30\flexmark-pdf-converter-0.34.30.jar;C:\Users\Siti Nurlatipah\.m2\repository\com\openhtmltopdf\openhtmltopdf-core\0.0.1-RC13\openhtmltopdf-core-0.0.1-RC13.jar;C:\Users\Siti Nurlatipah\.m2\repository\com\openhtmltopdf\openhtmltopdf-pdfbox\0.0.1-RC13\openhtmltopdf-pdfbox-0.0.1-RC13.jar;C:\Users\Siti Nurlatipah\.m2\repository\org\apache\pdfbox\pdfbox\2.0.8\pdfbox-2.0.8.jar;C:\Users\Siti Nurlatipah\.m2\repository\org\apache\pdfbox\fontbox\2.0.8\fontbox-2.0.8.jar;C:\Users\Siti Nurlatipah\.m2\repository\commons-logging\commons-logging\1.2\commons-logging-1.2.jar;C:\Users\Siti Nurlatipah\.m2\repository\org\apache\pdfbox\xmpbox\2.0.8\xmpbox-2.0.8.jar;C:\Users\Siti Nurlatipah\.m2\repository\de\rototor\pdfbox\graphics2d\0.12\graphics2d-0.12.jar;C:\Users\Siti Nurlatipah\.m2\repository\com\openhtmltopdf\openhtmltopdf-rtl-support\0.0.1-RC13\openhtmltopdf-rtl-support-0.0.1-RC13.jar;C:\Users\Siti Nurlatipah\.m2\repository\com\ibm\icu\icu4j\59.1\icu4j-59.1.jar;C:\Users\Siti Nurlatipah\.m2\repository\com\openhtmltopdf\openhtmltopdf-jsoup-dom-converter\0.0.1-RC13\openhtmltopdf-jsoup-dom-converter-0.0.1-RC13.jar;C:\Users\Siti Nurlatipah\.m2\repository\com\vladsch\flexmark\flexmark-profile-pegdown\0.34.30\flexmark-profile-pegdown-0.34.30.jar;C:\Users\Siti Nurlatipah\.m2\repository\com\vladsch\flexmark\flexmark-util\0.34.30\flexmark-util-0.34.30.jar;C:\Users\Siti Nurlatipah\.m2\repository\com\vladsch\flexmark\flexmark-youtrack-converter\0.34.30\flexmark-youtrack-converter-0.34.30.jar;C:\Users\Siti Nurlatipah\.m2\repository\es\nitaur\markdown\txtmark\0.16\txtmark-0.16.jar;C:\Users\Siti Nurlatipah\.m2\repository\net\serenity-bdd\serenity-report-resources\3.2.1\serenity-report-resources-3.2.1.jar;C:\Users\Siti Nurlatipah\.m2\repository\com\google\code\gson\gson\2.9.0\gson-2.9.0.jar;C:\Users\Siti Nurlatipah\.m2\repository\com\fasterxml\jackson\core\jackson-core\2.13.2\jackson-core-2.13.2.jar;C:\Users\Siti Nurlatipah\.m2\repository\com\fasterxml\jackson\core\jackson-databind\2.13.2\jackson-databind-2.13.2.jar;C:\Users\Siti Nurlatipah\.m2\repository\com\fasterxml\jackson\core\jackson-annotations\2.13.2\jackson-annotations-2.13.2.jar;C:\Users\Siti Nurlatipah\.m2\repository\commons-codec\commons-codec\1.15\commons-codec-1.15.jar;C:\Users\Siti Nurlatipah\.m2\repository\commons-io\commons-io\2.11.0\commons-io-2.11.0.jar;C:\Users\Siti Nurlatipah\.m2\repository\org\seleniumhq\selenium\selenium-java\4.1.2\selenium-java-4.1.2.jar;C:\Users\Siti Nurlatipah\.m2\repository\org\seleniumhq\selenium\selenium-devtools-v85\4.1.2\selenium-devtools-v85-4.1.2.jar;C:\Users\Siti Nurlatipah\.m2\repository\org\seleniumhq\selenium\selenium-devtools-v95\4.1.2\selenium-devtools-v95-4.1.2.jar;C:\Users\Siti Nurlatipah\.m2\repository\org\seleniumhq\selenium\selenium-devtools-v96\4.1.2\selenium-devtools-v96-4.1.2.jar;C:\Users\Siti Nurlatipah\.m2\repository\org\seleniumhq\selenium\selenium-devtools-v97\4.1.2\selenium-devtools-v97-4.1.2.jar;C:\Users\Siti Nurlatipah\.m2\repository\org\seleniumhq\selenium\selenium-firefox-xpi-driver\4.1.2\selenium-firefox-xpi-driver-4.1.2.jar;C:\Users\Siti Nurlatipah\.m2\repository\org\seleniumhq\selenium\selenium-opera-driver\4.1.2\selenium-opera-driver-4.1.2.jar;C:\Users\Siti Nurlatipah\.m2\repository\org\seleniumhq\selenium\selenium-remote-driver\4.1.2\selenium-remote-driver-4.1.2.jar;C:\Users\Siti Nurlatipah\.m2\repository\com\beust\jcommander\1.82\jcommander-1.82.jar;C:\Users\Siti Nurlatipah\.m2\repository\io\netty\netty-buffer\4.1.73.Final\netty-buffer-4.1.73.Final.jar;C:\Users\Siti Nurlatipah\.m2\repository\io\netty\netty-codec-http\4.1.73.Final\netty-codec-http-4.1.73.Final.jar;C:\Users\Siti Nurlatipah\.m2\repository\io\netty\netty-codec\4.1.73.Final\netty-codec-4.1.73.Final.jar;C:\Users\Siti Nurlatipah\.m2\repository\io\netty\netty-handler\4.1.73.Final\netty-handler-4.1.73.Final.jar;C:\Users\Siti Nurlatipah\.m2\repository\io\netty\netty-tcnative-classes\2.0.46.Final\netty-tcnative-classes-2.0.46.Final.jar;C:\Users\Siti Nurlatipah\.m2\repository\io\netty\netty-common\4.1.73.Final\netty-common-4.1.73.Final.jar;C:\Users\Siti Nurlatipah\.m2\repository\io\netty\netty-transport-classes-epoll\4.1.73.Final\netty-transport-classes-epoll-4.1.73.Final.jar;C:\Users\Siti Nurlatipah\.m2\repository\io\netty\netty-transport-classes-kqueue\4.1.73.Final\netty-transport-classes-kqueue-4.1.73.Final.jar;C:\Users\Siti Nurlatipah\.m2\repository\io\netty\netty-transport-native-epoll\4.1.73.Final\netty-transport-native-epoll-4.1.73.Final.jar;C:\Users\Siti Nurlatipah\.m2\repository\io\netty\netty-transport-native-kqueue\4.1.73.Final\netty-transport-native-kqueue-4.1.73.Final.jar;C:\Users\Siti Nurlatipah\.m2\repository\io\netty\netty-transport-native-unix-common\4.1.73.Final\netty-transport-native-unix-common-4.1.73.Final.jar;C:\Users\Siti Nurlatipah\.m2\repository\io\netty\netty-transport\4.1.73.Final\netty-transport-4.1.73.Final.jar;C:\Users\Siti Nurlatipah\.m2\repository\io\netty\netty-resolver\4.1.73.Final\netty-resolver-4.1.73.Final.jar;C:\Users\Siti Nurlatipah\.m2\repository\io\opentelemetry\opentelemetry-api\1.10.1\opentelemetry-api-1.10.1.jar;C:\Users\Siti Nurlatipah\.m2\repository\io\opentelemetry\opentelemetry-context\1.10.1\opentelemetry-context-1.10.1.jar;C:\Users\Siti Nurlatipah\.m2\repository\io\opentelemetry\opentelemetry-exporter-logging\1.10.1\opentelemetry-exporter-logging-1.10.1.jar;C:\Users\Siti Nurlatipah\.m2\repository\io\opentelemetry\opentelemetry-sdk-metrics\1.10.1-alpha\opentelemetry-sdk-metrics-1.10.1-alpha.jar;C:\Users\Siti Nurlatipah\.m2\repository\io\opentelemetry\opentelemetry-sdk-logs\1.10.1-alpha\opentelemetry-sdk-logs-1.10.1-alpha.jar;C:\Users\Siti Nurlatipah\.m2\repository\io\opentelemetry\opentelemetry-sdk-common\1.10.1\opentelemetry-sdk-common-1.10.1.jar;C:\Users\Siti Nurlatipah\.m2\repository\io\opentelemetry\opentelemetry-sdk-extension-autoconfigure-spi\1.10.1\opentelemetry-sdk-extension-autoconfigure-spi-1.10.1.jar;C:\Users\Siti Nurlatipah\.m2\repository\io\opentelemetry\opentelemetry-sdk-extension-autoconfigure\1.10.1-alpha\opentelemetry-sdk-extension-autoconfigure-1.10.1-alpha.jar;C:\Users\Siti Nurlatipah\.m2\repository\io\opentelemetry\opentelemetry-sdk-trace\1.10.1\opentelemetry-sdk-trace-1.10.1.jar;C:\Users\Siti Nurlatipah\.m2\repository\io\opentelemetry\opentelemetry-sdk\1.10.1\opentelemetry-sdk-1.10.1.jar;C:\Users\Siti Nurlatipah\.m2\repository\io\opentelemetry\opentelemetry-semconv\1.10.1-alpha\opentelemetry-semconv-1.10.1-alpha.jar;C:\Users\Siti Nurlatipah\.m2\repository\io\ous\jtoml\2.0.0\jtoml-2.0.0.jar;C:\Users\Siti Nurlatipah\.m2\repository\org\apache\commons\commons-exec\1.3\commons-exec-1.3.jar;C:\Users\Siti Nurlatipah\.m2\repository\org\asynchttpclient\async-http-client\2.12.3\async-http-client-2.12.3.jar;C:\Users\Siti Nurlatipah\.m2\repository\org\asynchttpclient\async-http-client-netty-utils\2.12.3\async-http-client-netty-utils-2.12.3.jar;C:\Users\Siti Nurlatipah\.m2\repository\io\netty\netty-codec-socks\4.1.60.Final\netty-codec-socks-4.1.60.Final.jar;C:\Users\Siti Nurlatipah\.m2\repository\io\netty\netty-handler-proxy\4.1.60.Final\netty-handler-proxy-4.1.60.Final.jar;C:\Users\Siti Nurlatipah\.m2\repository\io\netty\netty-transport-native-epoll\4.1.60.Final\netty-transport-native-epoll-4.1.60.Final-linux-x86_64.jar;C:\Users\Siti Nurlatipah\.m2\repository\io\netty\netty-transport-native-kqueue\4.1.60.Final\netty-transport-native-kqueue-4.1.60.Final-osx-x86_64.jar;C:\Users\Siti Nurlatipah\.m2\repository\org\reactivestreams\reactive-streams\1.0.3\reactive-streams-1.0.3.jar;C:\Users\Siti Nurlatipah\.m2\repository\com\typesafe\netty\netty-reactive-streams\2.0.4\netty-reactive-streams-2.0.4.jar;C:\Users\Siti Nurlatipah\.m2\repository\org\seleniumhq\selenium\selenium-http\4.1.2\selenium-http-4.1.2.jar;C:\Users\Siti Nurlatipah\.m2\repository\net\jodah\failsafe\2.4.4\failsafe-2.4.4.jar;C:\Users\Siti Nurlatipah\.m2\repository\org\seleniumhq\selenium\selenium-safari-driver\4.1.2\selenium-safari-driver-4.1.2.jar;C:\Users\Siti Nurlatipah\.m2\repository\org\seleniumhq\selenium\selenium-api\4.1.2\selenium-api-4.1.2.jar;C:\Users\Siti Nurlatipah\.m2\repository\org\seleniumhq\selenium\selenium-support\4.1.2\selenium-support-4.1.2.jar;C:\Users\Siti Nurlatipah\.m2\repository\com\google\auto\service\auto-service-annotations\1.0.1\auto-service-annotations-1.0.1.jar;C:\Users\Siti Nurlatipah\.m2\repository\com\google\auto\service\auto-service\1.0.1\auto-service-1.0.1.jar;C:\Users\Siti Nurlatipah\.m2\repository\com\google\auto\auto-common\1.2\auto-common-1.2.jar;C:\Users\Siti Nurlatipah\.m2\repository\org\seleniumhq\selenium\selenium-json\4.1.2\selenium-json-4.1.2.jar;C:\Users\Siti Nurlatipah\.m2\repository\org\seleniumhq\selenium\selenium-chrome-driver\4.1.2\selenium-chrome-driver-4.1.2.jar;C:\Users\Siti Nurlatipah\.m2\repository\org\seleniumhq\selenium\selenium-chromium-driver\4.1.2\selenium-chromium-driver-4.1.2.jar;C:\Users\Siti Nurlatipah\.m2\repository\org\seleniumhq\selenium\selenium-firefox-driver\4.1.2\selenium-firefox-driver-4.1.2.jar;C:\Users\Siti Nurlatipah\.m2\repository\org\seleniumhq\selenium\selenium-edge-driver\4.1.2\selenium-edge-driver-4.1.2.jar;C:\Users\Siti Nurlatipah\.m2\repository\org\seleniumhq\selenium\selenium-ie-driver\4.1.2\selenium-ie-driver-4.1.2.jar;C:\Users\Siti Nurlatipah\.m2\repository\org\projectlombok\lombok\1.18.20\lombok-1.18.20.jar;C:\Users\Siti Nurlatipah\.m2\repository\io\appium\java-client\8.0.0\java-client-8.0.0.jar;C:\Users\Siti Nurlatipah\.m2\repository\commons-validator\commons-validator\1.7\commons-validator-1.7.jar;C:\Users\Siti Nurlatipah\.m2\repository\commons-digester\commons-digester\2.1\commons-digester-2.1.jar;C:\Users\Siti Nurlatipah\.m2\repository\org\aspectj\aspectjweaver\1.9.8\aspectjweaver-1.9.8.jar;C:\Users\Siti Nurlatipah\.m2\repository\org\codehaus\groovy\groovy\3.0.10\groovy-3.0.10.jar;C:\Users\Siti Nurlatipah\.m2\repository\net\sf\opencsv\opencsv\2.0\opencsv-2.0.jar;C:\Users\Siti Nurlatipah\.m2\repository\commons-beanutils\commons-beanutils\1.9.4\commons-beanutils-1.9.4.jar;C:\Users\Siti Nurlatipah\.m2\repository\org\apache\commons\commons-lang3\3.12.0\commons-lang3-3.12.0.jar;C:\Users\Siti Nurlatipah\.m2\repository\commons-collections\commons-collections\3.2.2\commons-collections-3.2.2.jar;C:\Users\Siti Nurlatipah\.m2\repository\org\fluentlenium\fluentlenium-core\0.10.2\fluentlenium-core-0.10.2.jar;C:\Users\Siti Nurlatipah\.m2\repository\io\github\bonigarcia\webdrivermanager\5.1.0\webdrivermanager-5.1.0.jar;C:\Users\Siti Nurlatipah\.m2\repository\com\github\docker-java\docker-java\3.2.13\docker-java-3.2.13.jar;C:\Users\Siti Nurlatipah\.m2\repository\com\github\docker-java\docker-java-core\3.2.13\docker-java-core-3.2.13.jar;C:\Users\Siti Nurlatipah\.m2\repository\com\github\docker-java\docker-java-api\3.2.13\docker-java-api-3.2.13.jar;C:\Users\Siti Nurlatipah\.m2\repository\org\apache\commons\commons-compress\1.21\commons-compress-1.21.jar;C:\Users\Siti Nurlatipah\.m2\repository\org\bouncycastle\bcpkix-jdk15on\1.64\bcpkix-jdk15on-1.64.jar;C:\Users\Siti Nurlatipah\.m2\repository\org\bouncycastle\bcprov-jdk15on\1.64\bcprov-jdk15on-1.64.jar;C:\Users\Siti Nurlatipah\.m2\repository\org\slf4j\jcl-over-slf4j\1.7.30\jcl-over-slf4j-1.7.30.jar;C:\Users\Siti Nurlatipah\.m2\repository\com\github\docker-java\docker-java-transport-httpclient5\3.2.13\docker-java-transport-httpclient5-3.2.13.jar;C:\Users\Siti Nurlatipah\.m2\repository\com\github\docker-java\docker-java-transport\3.2.13\docker-java-transport-3.2.13.jar;C:\Users\Siti Nurlatipah\.m2\repository\org\apache\httpcomponents\client5\httpclient5\5.0.3\httpclient5-5.0.3.jar;C:\Users\Siti Nurlatipah\.m2\repository\org\apache\httpcomponents\core5\httpcore5\5.0.2\httpcore5-5.0.2.jar;C:\Users\Siti Nurlatipah\.m2\repository\net\java\dev\jna\jna\5.8.0\jna-5.8.0.jar;C:\Users\Siti Nurlatipah\.m2\repository\org\brotli\dec\0.1.2\dec-0.1.2.jar;C:\Users\Siti Nurlatipah\.m2\repository\com\jhlabs\filters\2.0.235\filters-2.0.235.jar;C:\Users\Siti Nurlatipah\.m2\repository\com\paulhammant\ngwebdriver\1.1.6\ngwebdriver-1.1.6.jar;C:\Users\Siti Nurlatipah\.m2\repository\joda-time\joda-time\2.8.2\joda-time-2.8.2.jar;C:\Users\Siti Nurlatipah\.m2\repository\org\hamcrest\hamcrest\2.2\hamcrest-2.2.jar;C:\Users\Siti Nurlatipah\.m2\repository\com\google\jimfs\jimfs\1.2\jimfs-1.2.jar;C:\Users\Siti Nurlatipah\.m2\repository\org\mockito\mockito-core\3.3.3\mockito-core-3.3.3.jar;C:\Users\Siti Nurlatipah\.m2\repository\javax\xml\bind\jaxb-api\2.3.1\jaxb-api-2.3.1.jar;C:\Users\Siti Nurlatipah\.m2\repository\javax\activation\javax.activation-api\1.2.0\javax.activation-api-1.2.0.jar;C:\Users\Siti Nurlatipah\.m2\repository\com\sun\xml\bind\jaxb-core\2.3.0.1\jaxb-core-2.3.0.1.jar;C:\Users\Siti Nurlatipah\.m2\repository\com\sun\xml\bind\jaxb-impl\2.3.3\jaxb-impl-2.3.3.jar;C:\Users\Siti Nurlatipah\.m2\repository\jakarta\xml\bind\jakarta.xml.bind-api\2.3.3\jakarta.xml.bind-api-2.3.3.jar;C:\Users\Siti Nurlatipah\.m2\repository\com\sun\activation\jakarta.activation\1.2.2\jakarta.activation-1.2.2.jar;C:\Users\Siti Nurlatipah\.m2\repository\javax\activation\activation\1.1.1\activation-1.1.1.jar;C:\Users\Siti Nurlatipah\.m2\repository\net\serenity-bdd\serenity-cucumber\3.2.1\serenity-cucumber-3.2.1.jar;C:\Users\Siti Nurlatipah\.m2\repository\io\cucumber\cucumber-core\7.2.3\cucumber-core-7.2.3.jar;C:\Users\Siti Nurlatipah\.m2\repository\io\cucumber\cucumber-gherkin\7.2.3\cucumber-gherkin-7.2.3.jar;C:\Users\Siti Nurlatipah\.m2\repository\io\cucumber\cucumber-gherkin-messages\7.2.3\cucumber-gherkin-messages-7.2.3.jar;C:\Users\Siti Nurlatipah\.m2\repository\io\cucumber\messages\17.1.1\messages-17.1.1.jar;C:\Users\Siti Nurlatipah\.m2\repository\io\cucumber\tag-expressions\4.1.0\tag-expressions-4.1.0.jar;C:\Users\Siti Nurlatipah\.m2\repository\io\cucumber\cucumber-expressions\15.0.1\cucumber-expressions-15.0.1.jar;C:\Users\Siti Nurlatipah\.m2\repository\io\cucumber\datatable\7.2.3\datatable-7.2.3.jar;C:\Users\Siti Nurlatipah\.m2\repository\io\cucumber\cucumber-plugin\7.2.3\cucumber-plugin-7.2.3.jar;C:\Users\Siti Nurlatipah\.m2\repository\io\cucumber\docstring\7.2.3\docstring-7.2.3.jar;C:\Users\Siti Nurlatipah\.m2\repository\io\cucumber\html-formatter\17.0.0\html-formatter-17.0.0.jar;C:\Users\Siti Nurlatipah\.m2\repository\io\cucumber\ci-environment\8.1.0\ci-environment-8.1.0.jar;C:\Users\Siti Nurlatipah\.m2\repository\io\cucumber\cucumber-junit\7.2.3\cucumber-junit-7.2.3.jar;C:\Users\Siti Nurlatipah\.m2\repository\org\apache\commons\commons-csv\1.5\commons-csv-1.5.jar;C:\Users\Siti Nurlatipah\.m2\repository\net\serenity-bdd\serenity-screenplay\3.2.1\serenity-screenplay-3.2.1.jar;C:\Users\Siti Nurlatipah\.m2\repository\net\serenity-bdd\serenity-screenplay-webdriver\3.2.1\serenity-screenplay-webdriver-3.2.1.jar;C:\Users\Siti Nurlatipah\.m2\repository\net\serenity-bdd\serenity-ensure\3.2.1\serenity-ensure-3.2.1.jar;C:\Users\Siti Nurlatipah\.m2\repository\net\serenity-bdd\serenity-junit\3.2.1\serenity-junit-3.2.1.jar;C:\Users\Siti Nurlatipah\.m2\repository\org\jetbrains\kotlin\kotlin-stdlib\1.6.0\kotlin-stdlib-1.6.0.jar;C:\Users\Siti Nurlatipah\.m2\repository\org\jetbrains\annotations\13.0\annotations-13.0.jar;C:\Users\Siti Nurlatipah\.m2\repository\org\jetbrains\kotlin\kotlin-stdlib-common\1.6.0\kotlin-stdlib-common-1.6.0.jar;C:\Users\Siti Nurlatipah\.m2\repository\org\junit\platform\junit-platform-launcher\1.8.1\junit-platform-launcher-1.8.1.jar;C:\Users\Siti Nurlatipah\.m2\repository\org\junit\platform\junit-platform-engine\1.8.1\junit-platform-engine-1.8.1.jar;C:\Users\Siti Nurlatipah\.m2\repository\org\opentest4j\opentest4j\1.2.0\opentest4j-1.2.0.jar;C:\Users\Siti Nurlatipah\.m2\repository\org\junit\platform\junit-platform-commons\1.8.1\junit-platform-commons-1.8.1.jar;C:\Users\Siti Nurlatipah\.m2\repository\org\apiguardian\apiguardian-api\1.1.2\apiguardian-api-1.1.2.jar;C:\Users\Siti Nurlatipah\.m2\repository\org\junit\jupiter\junit-jupiter-engine\5.8.2\junit-jupiter-engine-5.8.2.jar;C:\Users\Siti Nurlatipah\.m2\repository\org\junit\jupiter\junit-jupiter-api\5.8.2\junit-jupiter-api-5.8.2.jar;C:\Users\Siti Nurlatipah\.m2\repository\com\github\javafaker\javafaker\1.0.2\javafaker-1.0.2.jar;C:\Users\Siti Nurlatipah\.m2\repository\org\yaml\snakeyaml\1.23\snakeyaml-1.23-android.jar;C:\Users\Siti Nurlatipah\.m2\repository\com\github\mifmif\generex\1.0.2\generex-1.0.2.jar;C:\Users\Siti Nurlatipah\.m2\repository\dk\brics\automaton\automaton\1.11-8\automaton-1.11-8.jar;C:\Users\Siti Nurlatipah\.m2\repository\org\junit\vintage\junit-vintage-engine\5.8.2\junit-vintage-engine-5.8.2.jar;C:\Users\Siti Nurlatipah\.m2\repository\junit\junit\4.13.2\junit-4.13.2.jar;C:\Users\Siti Nurlatipah\.m2\repository\org\hamcrest\hamcrest-core\1.3\hamcrest-core-1.3.jar;C:\Users\Siti Nurlatipah\.m2\repository\ch\qos\logback\logback-classic\1.2.10\logback-classic-1.2.10.jar;C:\Users\Siti Nurlatipah\.m2\repository\ch\qos\logback\logback-core\1.2.10\logback-core-1.2.10.jar;C:\Users\Siti Nurlatipah\.m2\repository\org\slf4j\slf4j-api\1.7.32\slf4j-api-1.7.32.jar;C:\Users\Siti Nurlatipah\.m2\repository\org\assertj\assertj-core\3.6.2\assertj-core-3.6.2.jar;C:\Users\Siti Nurlatipah\.m2\repository\org\apache\maven\surefire\surefire-junit-platform\3.0.0-M5\surefire-junit-platform-3.0.0-M5.jar;C:\Users\Siti Nurlatipah\.m2\repository\org\apache\maven\surefire\common-java5\3.0.0-M5\common-java5-3.0.0-M5.jar"/>
    <property name="user.script" value=""/>
    <property name="java.protocol.handler.pkgs" value="com.google.common"/>
    <property name="sun.management.compiler" value="HotSpot 64-Bit Tiered Compilers"/>
    <property name="java.runtime.version" value="11.0.14+8-LTS-263"/>
    <property name="user.name" value="Siti Nurlatipah"/>
    <property name="path.separator" value=";"/>
    <property name="os.version" value="10.0"/>
    <property name="java.runtime.name" value="Java(TM) SE Runtime Environment"/>
    <property name="file.encoding" value="Cp1252"/>
    <property name="java.vm.name" value="Java HotSpot(TM) 64-Bit Server VM"/>
    <property name="java.vendor.version" value="18.9"/>
    <property name="localRepository" value="C:\Users\Siti Nurlatipah\.m2\repository"/>
    <property name="java.vendor.url.bug" value="https://bugreport.java.com/bugreport/"/>
    <property name="java.io.tmpdir" value="C:\Users\SITINU~1\AppData\Local\Temp\"/>
    <property name="java.version" value="11.0.14"/>
    <property name="user.dir" value="D:\Mini Project-QE Alta\Web Automation\FrontEnd-AltaShop"/>
    <property name="os.arch" value="amd64"/>
    <property name="java.vm.specification.name" value="Java Virtual Machine Specification"/>
    <property name="java.awt.printerjob" value="sun.awt.windows.WPrinterJob"/>
    <property name="sun.os.patch.level" value=""/>
    <property name="java.library.path" value="C:\Program Files\Java\jdk-11.0.14\bin;C:\windows\Sun\Java\bin;C:\windows\system32;C:\windows;C:\Program Files\Common Files\Oracle\Java\javapath;C:\windows\system32;C:\windows;C:\windows\System32\Wbem;C:\windows\System32\WindowsPowerShell\v1.0\;C:\windows\System32\OpenSSH\;C:\Program Files\Git\cmd;C:\Program Files\apache-maven-3.8.5\bin;C:\Program Files\Java\jdk1.8.0_221\bin;C:\Users\Siti Nurlatipah\webdriver;C:\Program Files\nodejs\;C:\Users\Siti Nurlatipah\AppData\Local\Android\Sdk\platform-tools;C:\Users\Siti Nurlatipah\AppData\Local\Android\Sdk\emulator;C:\Users\Siti Nurlatipah\AppData\Local\Microsoft\WindowsApps;C:\Users\Siti Nurlatipah\AppData\Local\Programs\Microsoft VS Code\bin;C:\Program Files\Java\jdk-11.0.14;C:\Users\Siti Nurlatipah\AppData\Roaming\npm;C:\Users\Siti Nurlatipah\AppData\Local\Android\Sdk\emulator;C:\Users\Siti Nurlatipah\AppData\Local\Android\Sdk\platform-tools;C:\Program Files\Java\jdk-11.0.14\bin;C:\Program Files\apache-maven-3.8.5\bin;;."/>
    <property name="java.vendor" value="Oracle Corporation"/>
    <property name="java.vm.info" value="mixed mode"/>
    <property name="java.vm.version" value="11.0.14+8-LTS-263"/>
    <property name="sun.io.unicode.encoding" value="UnicodeLittle"/>
    <property name="java.class.version" value="55.0"/>
  </properties>
  <testcase name="As a user, i have able to buy a product and add to chart" classname="Buy Product" time="104.369">
    <error type="net.thucydides.core.webdriver.exceptions.ElementShouldBeEnabledException"><![CDATA[net.thucydides.core.webdriver.exceptions.ElementShouldBeEnabledException: Expected enabled element was not enabled
Caused by: org.openqa.selenium.TimeoutException: Expected condition failed: waiting for By.xpath: (//div/*[@class="mt-3"]//button[2])[1] to be enabled (tried for 5 second(s) with 100 milliseconds interval)
Caused by: org.openqa.selenium.NoSuchElementException: 
no such element: Unable to locate element: {"method":"xpath","selector":"(//div/*[@class="mt-3"]//button[2])[1]"}
  (Session info: chrome=101.0.4951.67)
For documentation on this error, please visit: https://selenium.dev/exceptions/#no_such_element
Build info: version: '4.1.2', revision: '9a5a329c5a'
System info: host: 'LAPTOP-9MG0RTAB', ip: '192.168.172.95', os.name: 'Windows 10', os.arch: 'amd64', os.version: '10.0', java.version: '11.0.14'
Driver info: org.openqa.selenium.chrome.ChromeDriver
Command: [dd6a130c298afc2f5f67d3fef6ee7e63, findElement {using=xpath, value=(//div/*[@class="mt-3"]//button[2])[1]}]
Capabilities {acceptInsecureCerts: false, browserName: chrome, browserVersion: 101.0.4951.67, chrome: {chromedriverVersion: 101.0.4951.41 (93c720db8323..., userDataDir: C:\Users\SITINU~1\AppData\L...}, goog:chromeOptions: {debuggerAddress: localhost:63754}, javascriptEnabled: true, networkConnectionEnabled: false, pageLoadStrategy: normal, platform: WINDOWS, platformName: WINDOWS, proxy: Proxy(), se:cdp: ws://localhost:63754/devtoo..., se:cdpVersion: 101.0.4951.67, setWindowRect: true, strictFileInteractability: false, timeouts: {implicit: 0, pageLoad: 300000, script: 30000}, unhandledPromptBehavior: dismiss and notify, webauthn:extension:credBlob: true, webauthn:extension:largeBlob: true, webauthn:virtualAuthenticators: true}
Session ID: dd6a130c298afc2f5f67d3fef6ee7e63
]]></error>
    <system-out><![CDATA[22:58:59.261 [main] INFO io.cucumber.core.plugin.SerenityReporter - Running feature from file:///D:/Mini%20Project-QE%20Alta/Web%20Automation/FrontEnd-AltaShop/src/test/resources/features/BuyProducts.feature
22:58:59.720 [main] INFO  - 

-------------------------------------------------------------------------------------
     _______. _______ .______       _______ .__   __.  __  .___________.____    ____ 
    /       ||   ____||   _  \     |   ____||  \ |  | |  | |           |\   \  /   / 
   |   (----`|  |__   |  |_)  |    |  |__   |   \|  | |  | `---|  |----` \   \/   /  
    \   \    |   __|  |      /     |   __|  |  . `  | |  |     |  |       \_    _/   
.----)   |   |  |____ |  |\  \----.|  |____ |  |\   | |  |     |  |         |  |     
|_______/    |_______|| _| `._____||_______||__| \__| |__|     |__|         |__|    
                                                                                     
 News and tutorials at http://www.serenity-bdd.info                                  
 Documentation at https://wakaleo.gitbooks.io/the-serenity-book/content/             
 Join the Serenity Community on Gitter: https://gitter.im/serenity-bdd/serenity-core 
 Serenity BDD Support and Training at http://serenity-bdd.info/#/trainingandsupport  
-------------------------------------------------------------------------------------

22:58:59.727 [main] DEBUG net.thucydides.core.steps.StepEventBus - Test suite started for story net.thucydides.core.model.Story@b6b7434a
22:58:59.734 [main] INFO  - Test Suite Started: Buy Product
22:58:59.786 [main] INFO io.cucumber.core.plugin.SerenityReporter - Running feature from file:///D:/Mini%20Project-QE%20Alta/Web%20Automation/FrontEnd-AltaShop/src/test/resources/features/Homepage.feature
22:58:59.796 [main] DEBUG net.thucydides.core.steps.StepEventBus - Test suite started for story net.thucydides.core.model.Story@2c76fee8
22:58:59.803 [main] INFO  - Test Suite Started: Homepage
22:58:59.804 [main] INFO io.cucumber.core.plugin.SerenityReporter - Running feature from file:///D:/Mini%20Project-QE%20Alta/Web%20Automation/FrontEnd-AltaShop/src/test/resources/features/Login.feature
22:58:59.816 [main] DEBUG net.thucydides.core.steps.StepEventBus - Test suite started for story net.thucydides.core.model.Story@23282f08
22:58:59.818 [main] INFO  - Test Suite Started: Login
22:58:59.819 [main] INFO io.cucumber.core.plugin.SerenityReporter - Running feature from file:///D:/Mini%20Project-QE%20Alta/Web%20Automation/FrontEnd-AltaShop/src/test/resources/features/Logout.feature
22:58:59.834 [main] DEBUG net.thucydides.core.steps.StepEventBus - Test suite started for story net.thucydides.core.model.Story@7960de68
22:58:59.836 [main] INFO  - Test Suite Started: Logout
22:58:59.836 [main] INFO io.cucumber.core.plugin.SerenityReporter - Running feature from file:///D:/Mini%20Project-QE%20Alta/Web%20Automation/FrontEnd-AltaShop/src/test/resources/features/Order.feature
22:58:59.845 [main] DEBUG net.thucydides.core.steps.StepEventBus - Test suite started for story net.thucydides.core.model.Story@cc4b76a8
22:58:59.846 [main] INFO  - Test Suite Started: Order
22:58:59.847 [main] INFO io.cucumber.core.plugin.SerenityReporter - Running feature from file:///D:/Mini%20Project-QE%20Alta/Web%20Automation/FrontEnd-AltaShop/src/test/resources/features/Register.feature
22:58:59.857 [main] DEBUG net.thucydides.core.steps.StepEventBus - Test suite started for story net.thucydides.core.model.Story@30e75088
22:58:59.859 [main] INFO  - Test Suite Started: Register
22:58:59.859 [main] INFO io.cucumber.core.plugin.SerenityReporter - Running feature from file:///D:/Mini%20Project-QE%20Alta/Web%20Automation/FrontEnd-AltaShop/src/test/resources/features/Transaction.feature
22:58:59.868 [main] DEBUG net.thucydides.core.steps.StepEventBus - Test suite started for story net.thucydides.core.model.Story@557d0d83
22:58:59.870 [main] INFO  - Test Suite Started: Register
22:58:59.871 [main] INFO io.cucumber.core.plugin.SerenityReporter - Running feature from file:///D:/Mini%20Project-QE%20Alta/Web%20Automation/FrontEnd-AltaShop/src/test/resources/features/BuyProducts.feature
22:58:59.881 [main] DEBUG net.thucydides.core.steps.StepEventBus - Test suite started for story net.thucydides.core.model.Story@b6b7434a
22:58:59.883 [main] INFO  - Test Suite Started: Buy Product

Scenario: As a user, i have able to buy a product and add to chart &amp#27;[90m# src/test/resources/features/BuyProducts.feature:3&amp#27;[0m
22:59:00.190 [main] INFO io.cucumber.core.plugin.SerenityReporter - Running feature from file:///D:/Mini%20Project-QE%20Alta/Web%20Automation/FrontEnd-AltaShop/src/test/resources/features/BuyProducts.feature
22:59:00.461 [main] INFO  - 
  _____   ___   ___   _____     ___   _____     _     ___   _____   ___   ___  
 |_   _| | __| / __| |_   _|   / __| |_   _|   /_\   | _ \ |_   _| | __| |   \ 
   | |   | _|  \__ \   | |     \__ \   | |    / _ \  |   /   | |   | _|  | |) |
   |_|   |___| |___/   |_|     |___/   |_|   /_/ \_\ |_|_\   |_|   |___| |___/ 

As a user, i have able to buy a product and add to chart(buy-product;as-a-user--i-have-able-to-buy-a-product-and-add-to-chart)
--------------------------------------------------------------------------------
22:59:02.878 [main] DEBUG net.thucydides.core.steps.StepInterceptor - STARTING STEP: BuyProductsStep.iAtLoginPage - onLoginPage
22:59:02.954 [main] INFO net.serenitybdd.core.webdriver.driverproviders.ChromeDriverProvider - Using automatically driver download
22:59:04.419 [main] DEBUG org.apache.hc.client5.http.impl.classic.InternalHttpClient - ex-00000001: preparing request execution
22:59:04.429 [main] DEBUG org.apache.hc.client5.http.protocol.RequestAddCookies - Cookie spec selected: strict
22:59:04.442 [main] DEBUG org.apache.hc.client5.http.protocol.RequestAuthCache - Auth cache not set in the context
22:59:04.442 [main] DEBUG org.apache.hc.client5.http.impl.classic.ProtocolExec - ex-00000001: target auth state: UNCHALLENGED
22:59:04.443 [main] DEBUG org.apache.hc.client5.http.impl.classic.ProtocolExec - ex-00000001: proxy auth state: UNCHALLENGED
22:59:04.444 [main] DEBUG org.apache.hc.client5.http.impl.classic.ConnectExec - ex-00000001: acquiring connection with route {s}->https://raw.githubusercontent.com:443
22:59:04.444 [main] DEBUG org.apache.hc.client5.http.impl.classic.InternalHttpClient - ex-00000001: acquiring endpoint (3 MINUTES)
22:59:04.447 [main] DEBUG org.apache.hc.client5.http.impl.io.PoolingHttpClientConnectionManager - ex-00000001: endpoint lease request (3 MINUTES) [route: {s}->https://raw.githubusercontent.com:443][total available: 0; route allocated: 0 of 5; total allocated: 0 of 25]
22:59:04.460 [main] DEBUG org.apache.hc.client5.http.impl.io.PoolingHttpClientConnectionManager - ex-00000001: endpoint leased [route: {s}->https://raw.githubusercontent.com:443][total available: 0; route allocated: 1 of 5; total allocated: 1 of 25]
22:59:04.485 [main] DEBUG org.apache.hc.client5.http.impl.io.PoolingHttpClientConnectionManager - ex-00000001: acquired ep-00000000
22:59:04.485 [main] DEBUG org.apache.hc.client5.http.impl.classic.InternalHttpClient - ex-00000001: acquired endpoint ep-00000000
22:59:04.485 [main] DEBUG org.apache.hc.client5.http.impl.classic.ConnectExec - ex-00000001: opening connection {s}->https://raw.githubusercontent.com:443
22:59:04.486 [main] DEBUG org.apache.hc.client5.http.impl.classic.InternalHttpClient - ep-00000000: connecting endpoint (30 SECONDS)
22:59:04.486 [main] DEBUG org.apache.hc.client5.http.impl.io.PoolingHttpClientConnectionManager - ep-00000000: connecting endpoint to https://raw.githubusercontent.com:443 (30 SECONDS)
22:59:04.660 [main] DEBUG org.apache.hc.client5.http.impl.io.DefaultHttpClientConnectionOperator - http-outgoing-0: connecting to raw.githubusercontent.com/185.199.110.133:443
22:59:04.660 [main] DEBUG org.apache.hc.client5.http.ssl.SSLConnectionSocketFactory - Connecting socket to raw.githubusercontent.com/185.199.110.133:443 with timeout 30 SECONDS
22:59:04.986 [main] DEBUG org.apache.hc.client5.http.ssl.SSLConnectionSocketFactory - Enabled protocols: [TLSv1.3, TLSv1.2]
22:59:04.986 [main] DEBUG org.apache.hc.client5.http.ssl.SSLConnectionSocketFactory - Enabled cipher suites: [TLS_AES_256_GCM_SHA384, TLS_AES_128_GCM_SHA256, TLS_ECDHE_ECDSA_WITH_AES_256_GCM_SHA384, TLS_ECDHE_ECDSA_WITH_AES_128_GCM_SHA256, TLS_ECDHE_RSA_WITH_AES_256_GCM_SHA384, TLS_ECDHE_RSA_WITH_AES_128_GCM_SHA256, TLS_DHE_RSA_WITH_AES_256_GCM_SHA384, TLS_DHE_DSS_WITH_AES_256_GCM_SHA384, TLS_DHE_RSA_WITH_AES_128_GCM_SHA256, TLS_DHE_DSS_WITH_AES_128_GCM_SHA256, TLS_ECDHE_ECDSA_WITH_AES_256_CBC_SHA384, TLS_ECDHE_RSA_WITH_AES_256_CBC_SHA384, TLS_ECDHE_ECDSA_WITH_AES_128_CBC_SHA256, TLS_ECDHE_RSA_WITH_AES_128_CBC_SHA256, TLS_DHE_RSA_WITH_AES_256_CBC_SHA256, TLS_DHE_DSS_WITH_AES_256_CBC_SHA256, TLS_DHE_RSA_WITH_AES_128_CBC_SHA256, TLS_DHE_DSS_WITH_AES_128_CBC_SHA256, TLS_ECDH_ECDSA_WITH_AES_256_GCM_SHA384, TLS_ECDH_RSA_WITH_AES_256_GCM_SHA384, TLS_ECDH_ECDSA_WITH_AES_128_GCM_SHA256, TLS_ECDH_RSA_WITH_AES_128_GCM_SHA256, TLS_ECDH_ECDSA_WITH_AES_256_CBC_SHA384, TLS_ECDH_RSA_WITH_AES_256_CBC_SHA384, TLS_ECDH_ECDSA_WITH_AES_128_CBC_SHA256, TLS_ECDH_RSA_WITH_AES_128_CBC_SHA256, TLS_ECDHE_ECDSA_WITH_AES_256_CBC_SHA, TLS_ECDHE_RSA_WITH_AES_256_CBC_SHA, TLS_ECDHE_ECDSA_WITH_AES_128_CBC_SHA, TLS_ECDHE_RSA_WITH_AES_128_CBC_SHA, TLS_DHE_RSA_WITH_AES_256_CBC_SHA, TLS_DHE_DSS_WITH_AES_256_CBC_SHA, TLS_DHE_RSA_WITH_AES_128_CBC_SHA, TLS_DHE_DSS_WITH_AES_128_CBC_SHA, TLS_ECDH_ECDSA_WITH_AES_256_CBC_SHA, TLS_ECDH_RSA_WITH_AES_256_CBC_SHA, TLS_ECDH_ECDSA_WITH_AES_128_CBC_SHA, TLS_ECDH_RSA_WITH_AES_128_CBC_SHA, TLS_RSA_WITH_AES_256_GCM_SHA384, TLS_RSA_WITH_AES_128_GCM_SHA256, TLS_RSA_WITH_AES_256_CBC_SHA256, TLS_RSA_WITH_AES_128_CBC_SHA256, TLS_RSA_WITH_AES_256_CBC_SHA, TLS_RSA_WITH_AES_128_CBC_SHA, TLS_EMPTY_RENEGOTIATION_INFO_SCSV]
22:59:04.987 [main] DEBUG org.apache.hc.client5.http.ssl.SSLConnectionSocketFactory - Starting handshake
22:59:05.775 [main] DEBUG org.apache.hc.client5.http.ssl.SSLConnectionSocketFactory - Secure session established
22:59:05.775 [main] DEBUG org.apache.hc.client5.http.ssl.SSLConnectionSocketFactory -  negotiated protocol: TLSv1.3
22:59:05.775 [main] DEBUG org.apache.hc.client5.http.ssl.SSLConnectionSocketFactory -  negotiated cipher suite: TLS_AES_256_GCM_SHA384
22:59:05.776 [main] DEBUG org.apache.hc.client5.http.ssl.SSLConnectionSocketFactory -  peer principal: CN=*.github.io, O="GitHub, Inc.", L=San Francisco, ST=California, C=US
22:59:05.779 [main] DEBUG org.apache.hc.client5.http.ssl.SSLConnectionSocketFactory -  peer alternative names: [*.github.io, github.com, *.github.com, www.github.com, github.io, githubusercontent.com, *.githubusercontent.com]
22:59:05.779 [main] DEBUG org.apache.hc.client5.http.ssl.SSLConnectionSocketFactory -  issuer principal: CN=DigiCert TLS RSA SHA256 2020 CA1, O=DigiCert Inc, C=US
22:59:05.781 [main] DEBUG org.apache.hc.client5.http.impl.io.DefaultHttpClientConnectionOperator - http-outgoing-0: connection established 192.168.172.95:63696<->185.199.110.133:443
22:59:05.785 [main] DEBUG org.apache.hc.client5.http.impl.io.PoolingHttpClientConnectionManager - ep-00000000: connected http-outgoing-0
22:59:05.785 [main] DEBUG org.apache.hc.client5.http.impl.classic.InternalHttpClient - ep-00000000: endpoint connected
22:59:05.787 [main] DEBUG org.apache.hc.client5.http.impl.classic.MainClientExec - ex-00000001: executing GET /bonigarcia/webdrivermanager/master/src/main/resources/commands.properties HTTP/1.1
22:59:05.789 [main] DEBUG org.apache.hc.client5.http.impl.classic.InternalHttpClient - ep-00000000: start execution ex-00000001
22:59:05.789 [main] DEBUG org.apache.hc.client5.http.impl.io.PoolingHttpClientConnectionManager - ep-00000000: executing exchange ex-00000001 over http-outgoing-0
22:59:05.790 [main] DEBUG org.apache.hc.client5.http.headers - http-outgoing-0 >> GET /bonigarcia/webdrivermanager/master/src/main/resources/commands.properties HTTP/1.1
22:59:05.791 [main] DEBUG org.apache.hc.client5.http.headers - http-outgoing-0 >> user-agent: Apache-HttpClient/5.0
22:59:05.791 [main] DEBUG org.apache.hc.client5.http.headers - http-outgoing-0 >> accept-encoding: gzip, deflate, br
22:59:05.791 [main] DEBUG org.apache.hc.client5.http.headers - http-outgoing-0 >> cache-control: max-age=0
22:59:05.791 [main] DEBUG org.apache.hc.client5.http.headers - http-outgoing-0 >> connection: keep-alive
22:59:05.791 [main] DEBUG org.apache.hc.client5.http.headers - http-outgoing-0 >> Host: raw.githubusercontent.com
22:59:05.792 [main] DEBUG org.apache.hc.client5.http.wire - http-outgoing-0 >> "GET /bonigarcia/webdrivermanager/master/src/main/resources/commands.properties HTTP/1.1[\r][\n]"
22:59:05.792 [main] DEBUG org.apache.hc.client5.http.wire - http-outgoing-0 >> "user-agent: Apache-HttpClient/5.0[\r][\n]"
22:59:05.792 [main] DEBUG org.apache.hc.client5.http.wire - http-outgoing-0 >> "accept-encoding: gzip, deflate, br[\r][\n]"
22:59:05.793 [main] DEBUG org.apache.hc.client5.http.wire - http-outgoing-0 >> "cache-control: max-age=0[\r][\n]"
22:59:05.794 [main] DEBUG org.apache.hc.client5.http.wire - http-outgoing-0 >> "connection: keep-alive[\r][\n]"
22:59:05.794 [main] DEBUG org.apache.hc.client5.http.wire - http-outgoing-0 >> "Host: raw.githubusercontent.com[\r][\n]"
22:59:05.794 [main] DEBUG org.apache.hc.client5.http.wire - http-outgoing-0 >> "[\r][\n]"
22:59:07.475 [main] DEBUG org.apache.hc.client5.http.wire - http-outgoing-0 << "HTTP/1.1 200 OK[\r][\n]"
22:59:07.475 [main] DEBUG org.apache.hc.client5.http.wire - http-outgoing-0 << "Connection: keep-alive[\r][\n]"
22:59:07.475 [main] DEBUG org.apache.hc.client5.http.wire - http-outgoing-0 << "Content-Length: 723[\r][\n]"
22:59:07.475 [main] DEBUG org.apache.hc.client5.http.wire - http-outgoing-0 << "Cache-Control: max-age=300[\r][\n]"
22:59:07.475 [main] DEBUG org.apache.hc.client5.http.wire - http-outgoing-0 << "Content-Security-Policy: default-src 'none'; style-src 'unsafe-inline'; sandbox[\r][\n]"
22:59:07.476 [main] DEBUG org.apache.hc.client5.http.wire - http-outgoing-0 << "Content-Type: text/plain; charset=utf-8[\r][\n]"
22:59:07.476 [main] DEBUG org.apache.hc.client5.http.wire - http-outgoing-0 << "ETag: W/"e82b438271e9e8680c688b0b680efd0bdd22faa6d6f0a32fc1fd8accc486b67e"[\r][\n]"
22:59:07.476 [main] DEBUG org.apache.hc.client5.http.wire - http-outgoing-0 << "Strict-Transport-Security: max-age=31536000[\r][\n]"
22:59:07.476 [main] DEBUG org.apache.hc.client5.http.wire - http-outgoing-0 << "X-Content-Type-Options: nosniff[\r][\n]"
22:59:07.476 [main] DEBUG org.apache.hc.client5.http.wire - http-outgoing-0 << "X-Frame-Options: deny[\r][\n]"
22:59:07.476 [main] DEBUG org.apache.hc.client5.http.wire - http-outgoing-0 << "X-XSS-Protection: 1; mode=block[\r][\n]"
22:59:07.476 [main] DEBUG org.apache.hc.client5.http.wire - http-outgoing-0 << "X-GitHub-Request-Id: 3374:5D11:E3835:12A035:6284182F[\r][\n]"
22:59:07.476 [main] DEBUG org.apache.hc.client5.http.wire - http-outgoing-0 << "Content-Encoding: gzip[\r][\n]"
22:59:07.476 [main] DEBUG org.apache.hc.client5.http.wire - http-outgoing-0 << "Accept-Ranges: bytes[\r][\n]"
22:59:07.476 [main] DEBUG org.apache.hc.client5.http.wire - http-outgoing-0 << "Date: Fri, 20 May 2022 15:57:32 GMT[\r][\n]"
22:59:07.476 [main] DEBUG org.apache.hc.client5.http.wire - http-outgoing-0 << "Via: 1.1 varnish[\r][\n]"
22:59:07.476 [main] DEBUG org.apache.hc.client5.http.wire - http-outgoing-0 << "X-Served-By: cache-qpg1280-QPG[\r][\n]"
22:59:07.477 [main] DEBUG org.apache.hc.client5.http.wire - http-outgoing-0 << "X-Cache: HIT[\r][\n]"
22:59:07.477 [main] DEBUG org.apache.hc.client5.http.wire - http-outgoing-0 << "X-Cache-Hits: 3[\r][\n]"
22:59:07.477 [main] DEBUG org.apache.hc.client5.http.wire - http-outgoing-0 << "X-Timer: S1653062253.903677,VS0,VE0[\r][\n]"
22:59:07.477 [main] DEBUG org.apache.hc.client5.http.wire - http-outgoing-0 << "Vary: Authorization,Accept-Encoding,Origin[\r][\n]"
22:59:07.477 [main] DEBUG org.apache.hc.client5.http.wire - http-outgoing-0 << "Access-Control-Allow-Origin: *[\r][\n]"
22:59:07.477 [main] DEBUG org.apache.hc.client5.http.wire - http-outgoing-0 << "X-Fastly-Request-ID: 98f22d248b9a74cddd1fce782509bfb1aced8979[\r][\n]"
22:59:07.477 [main] DEBUG org.apache.hc.client5.http.wire - http-outgoing-0 << "Expires: Fri, 20 May 2022 16:02:32 GMT[\r][\n]"
22:59:07.477 [main] DEBUG org.apache.hc.client5.http.wire - http-outgoing-0 << "Source-Age: 165[\r][\n]"
22:59:07.477 [main] DEBUG org.apache.hc.client5.http.wire - http-outgoing-0 << "[\r][\n]"
22:59:07.484 [main] DEBUG org.apache.hc.client5.http.headers - http-outgoing-0 << HTTP/1.1 200 OK
22:59:07.485 [main] DEBUG org.apache.hc.client5.http.headers - http-outgoing-0 << Connection: keep-alive
22:59:07.485 [main] DEBUG org.apache.hc.client5.http.headers - http-outgoing-0 << Content-Length: 723
22:59:07.485 [main] DEBUG org.apache.hc.client5.http.headers - http-outgoing-0 << Cache-Control: max-age=300
22:59:07.485 [main] DEBUG org.apache.hc.client5.http.headers - http-outgoing-0 << Content-Security-Policy: default-src 'none'; style-src 'unsafe-inline'; sandbox
22:59:07.485 [main] DEBUG org.apache.hc.client5.http.headers - http-outgoing-0 << Content-Type: text/plain; charset=utf-8
22:59:07.485 [main] DEBUG org.apache.hc.client5.http.headers - http-outgoing-0 << ETag: W/"e82b438271e9e8680c688b0b680efd0bdd22faa6d6f0a32fc1fd8accc486b67e"
22:59:07.485 [main] DEBUG org.apache.hc.client5.http.headers - http-outgoing-0 << Strict-Transport-Security: max-age=31536000
22:59:07.485 [main] DEBUG org.apache.hc.client5.http.headers - http-outgoing-0 << X-Content-Type-Options: nosniff
22:59:07.485 [main] DEBUG org.apache.hc.client5.http.headers - http-outgoing-0 << X-Frame-Options: deny
22:59:07.486 [main] DEBUG org.apache.hc.client5.http.headers - http-outgoing-0 << X-XSS-Protection: 1; mode=block
22:59:07.486 [main] DEBUG org.apache.hc.client5.http.headers - http-outgoing-0 << X-GitHub-Request-Id: 3374:5D11:E3835:12A035:6284182F
22:59:07.486 [main] DEBUG org.apache.hc.client5.http.headers - http-outgoing-0 << Content-Encoding: gzip
22:59:07.486 [main] DEBUG org.apache.hc.client5.http.headers - http-outgoing-0 << Accept-Ranges: bytes
22:59:07.486 [main] DEBUG org.apache.hc.client5.http.headers - http-outgoing-0 << Date: Fri, 20 May 2022 15:57:32 GMT
22:59:07.486 [main] DEBUG org.apache.hc.client5.http.headers - http-outgoing-0 << Via: 1.1 varnish
22:59:07.486 [main] DEBUG org.apache.hc.client5.http.headers - http-outgoing-0 << X-Served-By: cache-qpg1280-QPG
22:59:07.486 [main] DEBUG org.apache.hc.client5.http.headers - http-outgoing-0 << X-Cache: HIT
22:59:07.486 [main] DEBUG org.apache.hc.client5.http.headers - http-outgoing-0 << X-Cache-Hits: 3
22:59:07.486 [main] DEBUG org.apache.hc.client5.http.headers - http-outgoing-0 << X-Timer: S1653062253.903677,VS0,VE0
22:59:07.486 [main] DEBUG org.apache.hc.client5.http.headers - http-outgoing-0 << Vary: Authorization,Accept-Encoding,Origin
22:59:07.486 [main] DEBUG org.apache.hc.client5.http.headers - http-outgoing-0 << Access-Control-Allow-Origin: *
22:59:07.486 [main] DEBUG org.apache.hc.client5.http.headers - http-outgoing-0 << X-Fastly-Request-ID: 98f22d248b9a74cddd1fce782509bfb1aced8979
22:59:07.486 [main] DEBUG org.apache.hc.client5.http.headers - http-outgoing-0 << Expires: Fri, 20 May 2022 16:02:32 GMT
22:59:07.487 [main] DEBUG org.apache.hc.client5.http.headers - http-outgoing-0 << Source-Age: 165
22:59:07.497 [main] DEBUG org.apache.hc.client5.http.impl.classic.MainClientExec - ex-00000001: connection can be kept alive for 3 MINUTES
22:59:10.691 [main] DEBUG org.apache.hc.client5.http.wire - http-outgoing-0 << "[0x1f][0xffffff8b][0x8][0x0][0x0][0x0][0x0][0x0][0x0][0x3][0xffffffb5]V]o[0xffffffda]0[0x14]}[0xffffffe7]W\[0xffffff81]*[0xffffffb5][0x12][0x1f][[M[0xffffffd3]$[0x1e]hF[0xffffffbb]i [0x18][0xffffffb4][0xffffffdd]&[0xfffffff9][0xffffffc5]$7[0xffffffc1]R[0x12]#;[0xffffff94]v[0xffffffbf]~[0xffffffb6][0xfffffff3]1[0xffffff92][0xffffff9a][0xffffffc1][0x1a]x[0xffffffcb][0xffffffb5][0xffffffaf][0xffffffcf]9[0xffffffbe][0xfffffff7]8v[0xb][0x1c][0x1e]E4[0xfffffff6]$x4[0xffffffa1][0xb]*[0xffffffb1][0xffffffd1][0xffffff82][0xfffffffb]%[0xffffff93][0xffffffe0][0xffffffb3][0x10][0xffffffc1][0xffffffe5]qBY,!Y[0xffffffea] KM8,[0x10][0xfffffff0][0x19][0xffffffdd]u[0xffffff82][0x1e][0xffffffb0][0xffffffd8]L[0xffffffcb]%[0xffffff86][0xffffffa1][0xe][0xffffffb8][0xfffffff0]P[0xffffffe8]$[0xf][0x13]t[0x13]3[0xfffffff9][0xffffff84]B2[0xffffffae][0xffffffe6]|@[0xfffffff5][0x1d][0x8][0xffffffc4][0x18][0x16][0xffffff82]o[0xffffffa4][0xffffff9a]P[0xffffff94][0xffffffe7][0xffffffce]R[0xfffffff0][0x8][0xffffffdb]p[0xffffffcb][0x4][0xfffffffa][0xfffffffc][0xffffffb9][\r][0xffffff93][0x15][\n]"
22:59:10.692 [main] DEBUG org.apache.hc.client5.http.wire - http-outgoing-0 << "[0xffffffda][0xffffff86][0xffffffa1][0x17][0xffffffa8]Q3[0xffffffcb][0xffffffd6][0xffffffd1][0xffffff85][0xffffffc6][0xfffffff7][0xffffff98][0xffffffef][0xffffffa3][0xffffffc0]8[0x1][0xffffffae]s[0x12][0x16][0x7] _d[0xffffff82][0xffffff91][0xffffff84][0xfffffff3][0x1f],[0xfffffff6][0x14]j[0x1b]F,^+[0xffffff98]1ua2[0xffffffbf]h([0xffffff8e][0xffffff94][0xffffffa2][0xffffff91]m[0xffffffa3][0xffffffeb][0xffffff9a][0xffffffb0][0xffffffbb]I[0x17]t[0xffffffdf][0xffffffbd][0xffffffef][0xffffffbb][0xffffff91][0xffffffd7]U[0xffffffbb][0xffffff82][0xffffff9e][0x3][0xffffff9b][0xffffff88][0xffffffb9][0xffffffa6]$[0xffffffa6][0xc][0xffffff9b][0xffffffa5][0xffffffe2][0xffffff83][0xffffff98]F[0xffffffd8]o[0xffffff9e]Mg[0xffffff93][0xffffffbb][0xffffffd9]`|[0xfffffffb]u4[0xffffff9c][0x7f]"}B[0xffffffce][0x8][0xffffffb9][0xffffffe3]<[0x8][0xffffff91][0xffffff90][0xffffff94][0xffffff82][0xffffff90][0xffffffc1]j[0x15]2WI[0xffffffe3]1![0x19][0xffffff91]BnB[0xffffff80][0x9]<f[0xffffffb5][0xffffffe8]=[0xffffffd1]p[0xffffffbd][[0xffffffcf][0xffffffe5][0x1b][0xfffffff4][0xffffff9c][0xffffffff][0xfffffffc][0xfffffff8][0xffffffe1][0xffffffe2][0xffffff94][0xffffffa2][0xffffffae][0xe][0x14]5[0xffffff9a]8[0xffffff83][0xffffffd1]`:[0xfffffffd]<[0xffffffb8][0x1f][0xffffff9c]R[0xffffffcf]u[0x7f]6[0xffffffbc][0xffffff83][0xffffffef][0xf][0xffffffc3][0xffffffd9]/[0xfffffff8][0xfffffff2][0xffffffcd]y s[0xffffffee]'[0x1b]*0g[0xffffffcb][0xffffffc8]nF7H][0xffffff83][0xffffff97]{[0xffffffb1]Q[0x5][\r][0xffffffb5]c[0xffffffb4][0xf][0x2][0xffffffb3][0xffffffb4][0xffffff93][0xe]C[0xffffffa7][0xffffffb3]kAD][0xffffff9d][0xffffffde][0xffffffdb][0xffffffda][0xffffff88][0xffffffec][0xffffffa5][0xffffffbc][0xffffff99][0xffffffd9][0xffffffba]t[0xffffffb5][0xffffffea]9[0xffffffea][0x10])[0xffffffb7][0xffffffca][0xffffff9e][0xfffffff2][0xffffffe2]d^N[0xffffffd8]FW[0x16][0xffffffcd][0xffffffdc]_[0x10][0xfffffff9]i|[0x1c][0xffffff93][0xffffff8e][0xfffffff9]o[0x16][0xffffff86]4'!$G[0xffffffdf]W[0xfffffff4]W*j[[0xfffffff3]xR[0xffffffae][0xffffffb6][0xc][0xffffffd0],; #[0xffffffa9][0xffffff92]5[0xffffffb5][0x7][0xffffff9c][0xffffffb5][0xffffffd0][0x7f][0xffffff90][0xffffffc7]jgs[0xfffffffc][0xffffffc2][0xb][0xffffffd9][0x0]t[0xffffff9e]^'Y[0xfffffffb][0xffffff9f][0xffffffb1][0xffffffd8]:[0xffffffbf][0xffffff8d][0xffffffa5][0xffffff9a][0xffffffad][0x7f]m[0x5]&[0xffffffaa][0xffffffa0]^[0xffffff9b][0xffffffcb][0x5]f[0xffffffae][0xffffffe0]RU[0xffffff82][0x10]MS9l[0xffffff91]4t[0xfffffffb][0xffffff8a]][0xffffffd6][0xfffffff4][0xffffff96][0xffffffa6][0xffffff9f]P[0xffffffce][0xffffffd5][0xffffffce][0xffffff93][0xffffffff][0xffffff97][0xffffffcc]p[0xfffffffd][0xfffffff3][0xffffffe8][0x1b][0xffffffcc][0xffffffa2][0xffffffd9]Q[0xffffffbe][0xffffffb2][0xffffffa3][0xffffffc7]m'[0xffffffdf][0xffffffe4][[0xfffffffb]^[0xffffffb0][0xffffff9a][0xffffffbe][0xffffffda][0xffffffda]_[0xffffffce][0xffffff80][0xffffffd2][0xffffffc1]7[0xffffffb7]][0xffffffc1]b[0xffffffee][0xffffffb5][0xffffffff]w[0xffffff83][0xffffffed][0xffffffa7];[0x15]<[0x10]4[0xffffff92][0xffffff84][0x18][\n]"
22:59:10.693 [main] DEBUG org.apache.hc.client5.http.wire - http-outgoing-0 << "BB[0xffffffba][0xffffff8e]][0xffffffb5]jo[0xffffffb9]+"[0xffffffea][0xffffffb4][0xffffffff]h"[0xffffffea]\?5[0xffffffa9][0xffffffaf]k[0xffffffec][0xffffffff]P[0xffffffea][\n]"
22:59:10.694 [main] DEBUG org.apache.hc.client5.http.wire - http-outgoing-0 << "w[0xffffffe1]K[0x13][0xffffffda][0xffffffec][0xffffff98][0xffffffe6]Y[0xfffffffd]h8m6[0xffffff9c]T[0xffffffc1][0xfffffff2][0xffffffa7][0xffffff91]z_[0xffffff95]o85p[0x1c][0x13][0xffffffe6][0xfffffff0]5[0xffffffee][0xfffffffc][0xffffff92][0xffffff96][0xffffffda][0xfffffff7][0xffffffcf][0xffffffb1][0x5][0x1d][0xffffffea]K[0xffffff9b]9[0xffffff8e][0xffffffad]e[0xfffffff7][0xffffff93][0xffffffa8]`[0xffffffda][0xffffffff][0x1a][0xffffffd2][0xffffff88][0xffffff85][0xfffffffd][0xfffffff2][0xffffff91]N[0xfffffff6]`[0xffffffdf]2[0xffffffcf][0xffffffae]E[0xffffff97][0xffffffc5][0xffffffa2][0xffffff9d][0xffffffef]'[0xffffff9d]mun.[0xffffffd3]f^[0xffffffc7][0xffffff82][0xffffffda][0xffffff82]9[0xfffffff5][0xffffffa9]`[0x5][0xffffffbc]4[0xffffffa1][0x1d]<M[0xffffffb5]A[0xffffffa7]3[[0xffffffc0][0x7f][0x0][0xffffffc1][0xffffffd0]$[0xffffff85][0x1d][\r][0x0][0x0]"
22:59:10.698 [main] DEBUG org.apache.hc.client5.http.impl.classic.InternalHttpClient - ep-00000000: releasing valid endpoint
22:59:10.698 [main] DEBUG org.apache.hc.client5.http.impl.io.PoolingHttpClientConnectionManager - ep-00000000: releasing endpoint
22:59:10.699 [main] DEBUG org.apache.hc.client5.http.impl.io.PoolingHttpClientConnectionManager - ep-00000000: connection http-outgoing-0 can be kept alive for 3 MINUTES
22:59:10.701 [main] DEBUG org.apache.hc.client5.http.impl.io.PoolingHttpClientConnectionManager - ep-00000000: connection released [route: {s}->https://raw.githubusercontent.com:443][total available: 1; route allocated: 1 of 5; total allocated: 1 of 25]
22:59:10.701 [main] DEBUG io.github.bonigarcia.wdm.versions.VersionDetector - Detecting chrome version using online commands.properties
22:59:10.708 [main] DEBUG io.github.bonigarcia.wdm.versions.Shell - Running command on the shell: [cmd.exe, /C, wmic, datafile, where, name="%PROGRAMFILES:\=\\%\\Google\\Chrome\\Application\\chrome.exe", get, Version, /value]
22:59:11.093 [main] DEBUG io.github.bonigarcia.wdm.versions.Shell - Result: Version=101.0.4951.67
22:59:11.119 [main] DEBUG org.apache.hc.client5.http.impl.classic.InternalHttpClient - ex-00000002: preparing request execution
22:59:11.119 [main] DEBUG org.apache.hc.client5.http.protocol.RequestAddCookies - Cookie spec selected: strict
22:59:11.119 [main] DEBUG org.apache.hc.client5.http.protocol.RequestAuthCache - Auth cache not set in the context
22:59:11.120 [main] DEBUG org.apache.hc.client5.http.impl.classic.ProtocolExec - ex-00000002: target auth state: UNCHALLENGED
22:59:11.120 [main] DEBUG org.apache.hc.client5.http.impl.classic.ProtocolExec - ex-00000002: proxy auth state: UNCHALLENGED
22:59:11.120 [main] DEBUG org.apache.hc.client5.http.impl.classic.ConnectExec - ex-00000002: acquiring connection with route {s}->https://chromedriver.storage.googleapis.com:443
22:59:11.120 [main] DEBUG org.apache.hc.client5.http.impl.classic.InternalHttpClient - ex-00000002: acquiring endpoint (3 MINUTES)
22:59:11.120 [main] DEBUG org.apache.hc.client5.http.impl.io.PoolingHttpClientConnectionManager - ex-00000002: endpoint lease request (3 MINUTES) [route: {s}->https://chromedriver.storage.googleapis.com:443][total available: 1; route allocated: 0 of 5; total allocated: 1 of 25]
22:59:11.121 [main] DEBUG org.apache.hc.client5.http.impl.io.PoolingHttpClientConnectionManager - ex-00000002: endpoint leased [route: {s}->https://chromedriver.storage.googleapis.com:443][total available: 1; route allocated: 1 of 5; total allocated: 2 of 25]
22:59:11.121 [main] DEBUG org.apache.hc.client5.http.impl.io.PoolingHttpClientConnectionManager - ex-00000002: acquired ep-00000001
22:59:11.121 [main] DEBUG org.apache.hc.client5.http.impl.classic.InternalHttpClient - ex-00000002: acquired endpoint ep-00000001
22:59:11.121 [main] DEBUG org.apache.hc.client5.http.impl.classic.ConnectExec - ex-00000002: opening connection {s}->https://chromedriver.storage.googleapis.com:443
22:59:11.121 [main] DEBUG org.apache.hc.client5.http.impl.classic.InternalHttpClient - ep-00000001: connecting endpoint (30 SECONDS)
22:59:11.121 [main] DEBUG org.apache.hc.client5.http.impl.io.PoolingHttpClientConnectionManager - ep-00000001: connecting endpoint to https://chromedriver.storage.googleapis.com:443 (30 SECONDS)
22:59:11.207 [main] DEBUG org.apache.hc.client5.http.impl.io.DefaultHttpClientConnectionOperator - http-outgoing-1: connecting to chromedriver.storage.googleapis.com/34.101.5.16:443
22:59:11.207 [main] DEBUG org.apache.hc.client5.http.ssl.SSLConnectionSocketFactory - Connecting socket to chromedriver.storage.googleapis.com/34.101.5.16:443 with timeout 30 SECONDS
22:59:11.497 [main] DEBUG org.apache.hc.client5.http.ssl.SSLConnectionSocketFactory - Enabled protocols: [TLSv1.3, TLSv1.2]
22:59:11.497 [main] DEBUG org.apache.hc.client5.http.ssl.SSLConnectionSocketFactory - Enabled cipher suites: [TLS_AES_256_GCM_SHA384, TLS_AES_128_GCM_SHA256, TLS_ECDHE_ECDSA_WITH_AES_256_GCM_SHA384, TLS_ECDHE_ECDSA_WITH_AES_128_GCM_SHA256, TLS_ECDHE_RSA_WITH_AES_256_GCM_SHA384, TLS_ECDHE_RSA_WITH_AES_128_GCM_SHA256, TLS_DHE_RSA_WITH_AES_256_GCM_SHA384, TLS_DHE_DSS_WITH_AES_256_GCM_SHA384, TLS_DHE_RSA_WITH_AES_128_GCM_SHA256, TLS_DHE_DSS_WITH_AES_128_GCM_SHA256, TLS_ECDHE_ECDSA_WITH_AES_256_CBC_SHA384, TLS_ECDHE_RSA_WITH_AES_256_CBC_SHA384, TLS_ECDHE_ECDSA_WITH_AES_128_CBC_SHA256, TLS_ECDHE_RSA_WITH_AES_128_CBC_SHA256, TLS_DHE_RSA_WITH_AES_256_CBC_SHA256, TLS_DHE_DSS_WITH_AES_256_CBC_SHA256, TLS_DHE_RSA_WITH_AES_128_CBC_SHA256, TLS_DHE_DSS_WITH_AES_128_CBC_SHA256, TLS_ECDH_ECDSA_WITH_AES_256_GCM_SHA384, TLS_ECDH_RSA_WITH_AES_256_GCM_SHA384, TLS_ECDH_ECDSA_WITH_AES_128_GCM_SHA256, TLS_ECDH_RSA_WITH_AES_128_GCM_SHA256, TLS_ECDH_ECDSA_WITH_AES_256_CBC_SHA384, TLS_ECDH_RSA_WITH_AES_256_CBC_SHA384, TLS_ECDH_ECDSA_WITH_AES_128_CBC_SHA256, TLS_ECDH_RSA_WITH_AES_128_CBC_SHA256, TLS_ECDHE_ECDSA_WITH_AES_256_CBC_SHA, TLS_ECDHE_RSA_WITH_AES_256_CBC_SHA, TLS_ECDHE_ECDSA_WITH_AES_128_CBC_SHA, TLS_ECDHE_RSA_WITH_AES_128_CBC_SHA, TLS_DHE_RSA_WITH_AES_256_CBC_SHA, TLS_DHE_DSS_WITH_AES_256_CBC_SHA, TLS_DHE_RSA_WITH_AES_128_CBC_SHA, TLS_DHE_DSS_WITH_AES_128_CBC_SHA, TLS_ECDH_ECDSA_WITH_AES_256_CBC_SHA, TLS_ECDH_RSA_WITH_AES_256_CBC_SHA, TLS_ECDH_ECDSA_WITH_AES_128_CBC_SHA, TLS_ECDH_RSA_WITH_AES_128_CBC_SHA, TLS_RSA_WITH_AES_256_GCM_SHA384, TLS_RSA_WITH_AES_128_GCM_SHA256, TLS_RSA_WITH_AES_256_CBC_SHA256, TLS_RSA_WITH_AES_128_CBC_SHA256, TLS_RSA_WITH_AES_256_CBC_SHA, TLS_RSA_WITH_AES_128_CBC_SHA, TLS_EMPTY_RENEGOTIATION_INFO_SCSV]
22:59:11.498 [main] DEBUG org.apache.hc.client5.http.ssl.SSLConnectionSocketFactory - Starting handshake
22:59:12.248 [main] DEBUG org.apache.hc.client5.http.ssl.SSLConnectionSocketFactory - Secure session established
22:59:12.249 [main] DEBUG org.apache.hc.client5.http.ssl.SSLConnectionSocketFactory -  negotiated protocol: TLSv1.3
22:59:12.249 [main] DEBUG org.apache.hc.client5.http.ssl.SSLConnectionSocketFactory -  negotiated cipher suite: TLS_AES_256_GCM_SHA384
22:59:12.249 [main] DEBUG org.apache.hc.client5.http.ssl.SSLConnectionSocketFactory -  peer principal: CN=*.storage.googleapis.com
22:59:12.249 [main] DEBUG org.apache.hc.client5.http.ssl.SSLConnectionSocketFactory -  peer alternative names: [*.storage.googleapis.com, *.googleapis.com, commondatastorage.googleapis.com, *.commondatastorage.googleapis.com, storage.googleapis.com, storage.mtls.googleapis.com, *.appspot.com.storage.googleapis.com, *.content-storage.googleapis.com, *.content-storage-p2.googleapis.com, *.content-storage-upload.googleapis.com, *.content-storage-download.googleapis.com, *.storage-upload.googleapis.com, *.storage-download.googleapis.com]
22:59:12.249 [main] DEBUG org.apache.hc.client5.http.ssl.SSLConnectionSocketFactory -  issuer principal: CN=GTS CA 1C3, O=Google Trust Services LLC, C=US
22:59:12.249 [main] DEBUG org.apache.hc.client5.http.impl.io.DefaultHttpClientConnectionOperator - http-outgoing-1: connection established 192.168.172.95:63703<->34.101.5.16:443
22:59:12.249 [main] DEBUG org.apache.hc.client5.http.impl.io.PoolingHttpClientConnectionManager - ep-00000001: connected http-outgoing-1
22:59:12.250 [main] DEBUG org.apache.hc.client5.http.impl.classic.InternalHttpClient - ep-00000001: endpoint connected
22:59:12.250 [main] DEBUG org.apache.hc.client5.http.impl.classic.MainClientExec - ex-00000002: executing GET /LATEST_RELEASE_101 HTTP/1.1
22:59:12.250 [main] DEBUG org.apache.hc.client5.http.impl.classic.InternalHttpClient - ep-00000001: start execution ex-00000002
22:59:12.250 [main] DEBUG org.apache.hc.client5.http.impl.io.PoolingHttpClientConnectionManager - ep-00000001: executing exchange ex-00000002 over http-outgoing-1
22:59:12.250 [main] DEBUG org.apache.hc.client5.http.headers - http-outgoing-1 >> GET /LATEST_RELEASE_101 HTTP/1.1
22:59:12.250 [main] DEBUG org.apache.hc.client5.http.headers - http-outgoing-1 >> user-agent: Apache-HttpClient/5.0
22:59:12.250 [main] DEBUG org.apache.hc.client5.http.headers - http-outgoing-1 >> accept-encoding: gzip, deflate, br
22:59:12.250 [main] DEBUG org.apache.hc.client5.http.headers - http-outgoing-1 >> cache-control: max-age=0
22:59:12.250 [main] DEBUG org.apache.hc.client5.http.headers - http-outgoing-1 >> connection: keep-alive
22:59:12.250 [main] DEBUG org.apache.hc.client5.http.headers - http-outgoing-1 >> Host: chromedriver.storage.googleapis.com
22:59:12.251 [main] DEBUG org.apache.hc.client5.http.wire - http-outgoing-1 >> "GET /LATEST_RELEASE_101 HTTP/1.1[\r][\n]"
22:59:12.251 [main] DEBUG org.apache.hc.client5.http.wire - http-outgoing-1 >> "user-agent: Apache-HttpClient/5.0[\r][\n]"
22:59:12.251 [main] DEBUG org.apache.hc.client5.http.wire - http-outgoing-1 >> "accept-encoding: gzip, deflate, br[\r][\n]"
22:59:12.251 [main] DEBUG org.apache.hc.client5.http.wire - http-outgoing-1 >> "cache-control: max-age=0[\r][\n]"
22:59:12.251 [main] DEBUG org.apache.hc.client5.http.wire - http-outgoing-1 >> "connection: keep-alive[\r][\n]"
22:59:12.251 [main] DEBUG org.apache.hc.client5.http.wire - http-outgoing-1 >> "Host: chromedriver.storage.googleapis.com[\r][\n]"
22:59:12.251 [main] DEBUG org.apache.hc.client5.http.wire - http-outgoing-1 >> "[\r][\n]"
22:59:13.457 [main] DEBUG org.apache.hc.client5.http.wire - http-outgoing-1 << "HTTP/1.1 200 OK[\r][\n]"
22:59:13.458 [main] DEBUG org.apache.hc.client5.http.wire - http-outgoing-1 << "X-GUploader-UploadID: ADPycdvucBkN4SXXVXmmqteK8-Op1i9Tj0l5qMrIptmx8iZJpF8oSIegge3cscjfLoRTEkJ_SpMAMM02w8auecozBFhLqWr4S7I_[\r][\n]"
22:59:13.458 [main] DEBUG org.apache.hc.client5.http.wire - http-outgoing-1 << "x-goog-generation: 1651042960642521[\r][\n]"
22:59:13.458 [main] DEBUG org.apache.hc.client5.http.wire - http-outgoing-1 << "x-goog-metageneration: 1[\r][\n]"
22:59:13.458 [main] DEBUG org.apache.hc.client5.http.wire - http-outgoing-1 << "x-goog-stored-content-encoding: identity[\r][\n]"
22:59:13.458 [main] DEBUG org.apache.hc.client5.http.wire - http-outgoing-1 << "x-goog-stored-content-length: 13[\r][\n]"
22:59:13.459 [main] DEBUG org.apache.hc.client5.http.wire - http-outgoing-1 << "x-goog-hash: crc32c=/STjMw==[\r][\n]"
22:59:13.459 [main] DEBUG org.apache.hc.client5.http.wire - http-outgoing-1 << "x-goog-hash: md5=TI/RrWwfmTd7fF5pgl1BgQ==[\r][\n]"
22:59:13.459 [main] DEBUG org.apache.hc.client5.http.wire - http-outgoing-1 << "x-goog-storage-class: STANDARD[\r][\n]"
22:59:13.459 [main] DEBUG org.apache.hc.client5.http.wire - http-outgoing-1 << "Accept-Ranges: bytes[\r][\n]"
22:59:13.459 [main] DEBUG org.apache.hc.client5.http.wire - http-outgoing-1 << "Content-Length: 13[\r][\n]"
22:59:13.459 [main] DEBUG org.apache.hc.client5.http.wire - http-outgoing-1 << "Server: UploadServer[\r][\n]"
22:59:13.459 [main] DEBUG org.apache.hc.client5.http.wire - http-outgoing-1 << "Date: Fri, 20 May 2022 15:04:30 GMT[\r][\n]"
22:59:13.459 [main] DEBUG org.apache.hc.client5.http.wire - http-outgoing-1 << "Expires: Fri, 20 May 2022 16:04:30 GMT[\r][\n]"
22:59:13.459 [main] DEBUG org.apache.hc.client5.http.wire - http-outgoing-1 << "Cache-Control: public, max-age=3600[\r][\n]"
22:59:13.460 [main] DEBUG org.apache.hc.client5.http.wire - http-outgoing-1 << "Age: 3189[\r][\n]"
22:59:13.460 [main] DEBUG org.apache.hc.client5.http.wire - http-outgoing-1 << "Last-Modified: Wed, 27 Apr 2022 07:02:40 GMT[\r][\n]"
22:59:13.460 [main] DEBUG org.apache.hc.client5.http.wire - http-outgoing-1 << "ETag: "4c8fd1ad6c1f99377b7c5e69825d4181"[\r][\n]"
22:59:13.460 [main] DEBUG org.apache.hc.client5.http.wire - http-outgoing-1 << "Content-Type: text/plain[\r][\n]"
22:59:13.460 [main] DEBUG org.apache.hc.client5.http.wire - http-outgoing-1 << "Alt-Svc: h3=":443"; ma=2592000,h3-29=":443"; ma=2592000,h3-Q050=":443"; ma=2592000,h3-Q046=":443"; ma=2592000,h3-Q043=":443"; ma=2592000,quic=":443"; ma=2592000; v="46,43"[\r][\n]"
22:59:13.460 [main] DEBUG org.apache.hc.client5.http.wire - http-outgoing-1 << "[\r][\n]"
22:59:13.460 [main] DEBUG org.apache.hc.client5.http.wire - http-outgoing-1 << "101.0.4951.41"
22:59:13.461 [main] DEBUG org.apache.hc.client5.http.headers - http-outgoing-1 << HTTP/1.1 200 OK
22:59:13.462 [main] DEBUG org.apache.hc.client5.http.headers - http-outgoing-1 << X-GUploader-UploadID: ADPycdvucBkN4SXXVXmmqteK8-Op1i9Tj0l5qMrIptmx8iZJpF8oSIegge3cscjfLoRTEkJ_SpMAMM02w8auecozBFhLqWr4S7I_
22:59:13.462 [main] DEBUG org.apache.hc.client5.http.headers - http-outgoing-1 << x-goog-generation: 1651042960642521
22:59:13.462 [main] DEBUG org.apache.hc.client5.http.headers - http-outgoing-1 << x-goog-metageneration: 1
22:59:13.462 [main] DEBUG org.apache.hc.client5.http.headers - http-outgoing-1 << x-goog-stored-content-encoding: identity
22:59:13.462 [main] DEBUG org.apache.hc.client5.http.headers - http-outgoing-1 << x-goog-stored-content-length: 13
22:59:13.462 [main] DEBUG org.apache.hc.client5.http.headers - http-outgoing-1 << x-goog-hash: crc32c=/STjMw==
22:59:13.462 [main] DEBUG org.apache.hc.client5.http.headers - http-outgoing-1 << x-goog-hash: md5=TI/RrWwfmTd7fF5pgl1BgQ==
22:59:13.462 [main] DEBUG org.apache.hc.client5.http.headers - http-outgoing-1 << x-goog-storage-class: STANDARD
22:59:13.462 [main] DEBUG org.apache.hc.client5.http.headers - http-outgoing-1 << Accept-Ranges: bytes
22:59:13.463 [main] DEBUG org.apache.hc.client5.http.headers - http-outgoing-1 << Content-Length: 13
22:59:13.463 [main] DEBUG org.apache.hc.client5.http.headers - http-outgoing-1 << Server: UploadServer
22:59:13.463 [main] DEBUG org.apache.hc.client5.http.headers - http-outgoing-1 << Date: Fri, 20 May 2022 15:04:30 GMT
22:59:13.463 [main] DEBUG org.apache.hc.client5.http.headers - http-outgoing-1 << Expires: Fri, 20 May 2022 16:04:30 GMT
22:59:13.463 [main] DEBUG org.apache.hc.client5.http.headers - http-outgoing-1 << Cache-Control: public, max-age=3600
22:59:13.463 [main] DEBUG org.apache.hc.client5.http.headers - http-outgoing-1 << Age: 3189
22:59:13.463 [main] DEBUG org.apache.hc.client5.http.headers - http-outgoing-1 << Last-Modified: Wed, 27 Apr 2022 07:02:40 GMT
22:59:13.463 [main] DEBUG org.apache.hc.client5.http.headers - http-outgoing-1 << ETag: "4c8fd1ad6c1f99377b7c5e69825d4181"
22:59:13.463 [main] DEBUG org.apache.hc.client5.http.headers - http-outgoing-1 << Content-Type: text/plain
22:59:13.464 [main] DEBUG org.apache.hc.client5.http.headers - http-outgoing-1 << Alt-Svc: h3=":443"; ma=2592000,h3-29=":443"; ma=2592000,h3-Q050=":443"; ma=2592000,h3-Q046=":443"; ma=2592000,h3-Q043=":443"; ma=2592000,quic=":443"; ma=2592000; v="46,43"
22:59:13.464 [main] DEBUG org.apache.hc.client5.http.impl.classic.MainClientExec - ex-00000002: connection can be kept alive for 3 MINUTES
22:59:13.465 [main] DEBUG org.apache.hc.client5.http.impl.classic.InternalHttpClient - ep-00000001: releasing valid endpoint
22:59:13.465 [main] DEBUG org.apache.hc.client5.http.impl.io.PoolingHttpClientConnectionManager - ep-00000001: releasing endpoint
22:59:13.466 [main] DEBUG org.apache.hc.client5.http.impl.io.PoolingHttpClientConnectionManager - ep-00000001: connection http-outgoing-1 can be kept alive for 3 MINUTES
22:59:13.466 [main] DEBUG org.apache.hc.client5.http.impl.io.PoolingHttpClientConnectionManager - ep-00000001: connection released [route: {s}->https://chromedriver.storage.googleapis.com:443][total available: 2; route allocated: 1 of 5; total allocated: 2 of 25]
22:59:13.466 [main] DEBUG io.github.bonigarcia.wdm.versions.VersionDetector - Latest version of chromedriver according to https://chromedriver.storage.googleapis.com/LATEST_RELEASE_101 is 101.0.4951.41
22:59:13.466 [main] INFO io.github.bonigarcia.wdm.WebDriverManager - Using chromedriver 101.0.4951.41 (resolved driver for Chrome 101)
22:59:13.505 [main] DEBUG io.github.bonigarcia.wdm.cache.ResolutionCache - Storing resolution chrome=101 in cache (valid until 23:59:13 20/05/2022 ICT)
22:59:13.518 [main] DEBUG io.github.bonigarcia.wdm.cache.ResolutionCache - Storing resolution chrome101=101.0.4951.41 in cache (valid until 22:59:13 21/05/2022 ICT)
22:59:13.554 [main] DEBUG io.github.bonigarcia.wdm.WebDriverManager - Driver chromedriver 101.0.4951.41 found in cache
22:59:13.556 [main] INFO io.github.bonigarcia.wdm.WebDriverManager - Exporting webdriver.chrome.driver as C:\Users\Siti Nurlatipah\.cache\selenium\chromedriver\win32\101.0.4951.41\chromedriver.exe
22:59:14.794 [main] DEBUG net.thucydides.core.reflection.ClassFinder - Could not load class .CucumberTestSuite
22:59:14.794 [main] DEBUG net.thucydides.core.reflection.ClassFinder - Could not load class .starter.BuyProducts
22:59:14.794 [main] DEBUG net.thucydides.core.reflection.ClassFinder - Could not load class .starter.Homepage
22:59:14.795 [main] DEBUG net.thucydides.core.reflection.ClassFinder - Could not load class .starter.Login
22:59:14.795 [main] DEBUG net.thucydides.core.reflection.ClassFinder - Could not load class .starter.Logout
22:59:14.795 [main] DEBUG net.thucydides.core.reflection.ClassFinder - Could not load class .starter.Order
22:59:14.795 [main] DEBUG net.thucydides.core.reflection.ClassFinder - Could not load class .starter.Register
22:59:14.795 [main] DEBUG net.thucydides.core.reflection.ClassFinder - Could not load class .starter.Transaction
22:59:14.795 [main] DEBUG net.thucydides.core.reflection.ClassFinder - Could not load class .stepdefinitions.BuyProductsStep
22:59:14.795 [main] DEBUG net.thucydides.core.reflection.ClassFinder - Could not load class .stepdefinitions.GiveRatingStep
22:59:14.795 [main] DEBUG net.thucydides.core.reflection.ClassFinder - Could not load class .stepdefinitions.LoginStep
22:59:14.795 [main] DEBUG net.thucydides.core.reflection.ClassFinder - Could not load class .stepdefinitions.LogoutStep
22:59:14.795 [main] DEBUG net.thucydides.core.reflection.ClassFinder - Could not load class .stepdefinitions.OrderStep
22:59:14.796 [main] DEBUG net.thucydides.core.reflection.ClassFinder - Could not load class .stepdefinitions.RegisterStep
22:59:14.796 [main] DEBUG net.thucydides.core.reflection.ClassFinder - Could not load class .stepdefinitions.TransactionStep
22:59:14.797 [main] DEBUG net.thucydides.core.reflection.ClassFinder - Could not load class META-INF.versions.9.com.sun.istack.logging.StackHelper
22:59:14.799 [main] DEBUG net.thucydides.core.reflection.ClassFinder - Could not load class META-INF.versions.9.com.sun.xml.bind.v2.runtime.reflect.opt.AccessorInjector
22:59:14.801 [main] DEBUG net.thucydides.core.reflection.ClassFinder - Could not load class META-INF.versions.9.com.sun.xml.bind.v2.runtime.reflect.opt.Injector
22:59:14.802 [main] DEBUG net.thucydides.core.reflection.ClassFinder - Could not load class META-INF.versions.9.com.sun.xml.bind.v2.runtime.reflect.opt.OptimizedAccessorFactory
22:59:14.805 [main] DEBUG net.thucydides.core.reflection.ClassFinder - Could not load class META-INF.versions.9.com.sun.xml.bind.v2.runtime.reflect.opt.OptimizedTransducedAccessorFactory
22:59:14.807 [main] DEBUG net.thucydides.core.reflection.ClassFinder - Could not load class META-INF.versions.9.io.opentelemetry.sdk.internal.CurrentJavaVersionSpecific
22:59:14.812 [main] DEBUG net.thucydides.core.reflection.ClassFinder - Could not load class META-INF.versions.9.io.opentelemetry.sdk.internal.Java9VersionSpecific
22:59:14.814 [main] DEBUG net.thucydides.core.reflection.ClassFinder - Could not load class META-INF.versions.9.javax.xml.bind.ModuleUtil
22:59:14.815 [main] DEBUG net.thucydides.core.reflection.ClassFinder - Could not load class META-INF.versions.9.module-info
22:59:14.817 [main] DEBUG net.thucydides.core.reflection.ClassFinder - Could not load class META-INF.versions.9.org.junit.platform.commons.util.ModuleUtils
22:59:15.806 [main] DEBUG net.thucydides.core.reflection.ClassFinder - Could not load class com.google.gson.internal.
22:59:16.435 [main] DEBUG net.thucydides.core.reflection.ClassFinder - Could not load class com.sun.xml.bind.v2.runtime.output.FastInfosetStreamWriterOutput
22:59:17.610 [main] DEBUG net.thucydides.core.reflection.ClassFinder - Could not load class module-info
22:59:26.566 [main] DEBUG io.netty.util.internal.logging.InternalLoggerFactory - Using SLF4J as the default logging framework
22:59:26.577 [main] DEBUG io.netty.util.ResourceLeakDetector - -Dio.netty.leakDetection.level: simple
22:59:26.577 [main] DEBUG io.netty.util.ResourceLeakDetector - -Dio.netty.leakDetection.targetRecords: 4
22:59:26.587 [main] DEBUG io.netty.util.ResourceLeakDetectorFactory - Loaded default ResourceLeakDetector: io.netty.util.ResourceLeakDetector@773bfe56
22:59:26.648 [main] DEBUG io.netty.util.internal.PlatformDependent0 - -Dio.netty.noUnsafe: false
22:59:26.649 [main] DEBUG io.netty.util.internal.PlatformDependent0 - Java version: 11
22:59:26.652 [main] DEBUG io.netty.util.internal.PlatformDependent0 - sun.misc.Unsafe.theUnsafe: available
22:59:26.654 [main] DEBUG io.netty.util.internal.PlatformDependent0 - sun.misc.Unsafe.copyMemory: available
22:59:26.662 [main] DEBUG io.netty.util.internal.PlatformDependent0 - java.nio.Buffer.address: available
22:59:26.664 [main] DEBUG io.netty.util.internal.PlatformDependent0 - direct buffer constructor: unavailable: Reflective setAccessible(true) disabled
22:59:26.668 [main] DEBUG io.netty.util.internal.PlatformDependent0 - java.nio.Bits.unaligned: available, true
22:59:26.677 [main] DEBUG io.netty.util.internal.PlatformDependent0 - jdk.internal.misc.Unsafe.allocateUninitializedArray(int): unavailable: class io.netty.util.internal.PlatformDependent0$6 cannot access class jdk.internal.misc.Unsafe (in module java.base) because module java.base does not export jdk.internal.misc to unnamed module @2970a5bc
22:59:26.695 [main] DEBUG io.netty.util.internal.PlatformDependent0 - java.nio.DirectByteBuffer.<init>(long, int): unavailable
22:59:26.696 [main] DEBUG io.netty.util.internal.PlatformDependent - sun.misc.Unsafe: available
22:59:26.702 [main] DEBUG io.netty.util.internal.PlatformDependent - maxDirectMemory: 1579155456 bytes (maybe)
22:59:26.703 [main] DEBUG io.netty.util.internal.PlatformDependent - -Dio.netty.tmpdir: C:\Users\SITINU~1\AppData\Local\Temp (java.io.tmpdir)
22:59:26.704 [main] DEBUG io.netty.util.internal.PlatformDependent - -Dio.netty.bitMode: 64 (sun.arch.data.model)
22:59:26.704 [main] DEBUG io.netty.util.internal.PlatformDependent - Platform: Windows
22:59:26.707 [main] DEBUG io.netty.util.internal.PlatformDependent - -Dio.netty.maxDirectMemory: -1 bytes
22:59:26.707 [main] DEBUG io.netty.util.internal.PlatformDependent - -Dio.netty.uninitializedArrayAllocationThreshold: -1
22:59:26.711 [main] DEBUG io.netty.util.internal.CleanerJava9 - java.nio.ByteBuffer.cleaner(): available
22:59:26.711 [main] DEBUG io.netty.util.internal.PlatformDependent - -Dio.netty.noPreferDirect: false
22:59:26.741 [main] DEBUG io.netty.util.internal.PlatformDependent - org.jctools-core.MpscChunkedArrayQueue: available
22:59:26.812 [main] DEBUG io.netty.util.internal.InternalThreadLocalMap - -Dio.netty.threadLocalMap.stringBuilder.initialSize: 1024
22:59:26.812 [main] DEBUG io.netty.util.internal.InternalThreadLocalMap - -Dio.netty.threadLocalMap.stringBuilder.maxSize: 4096
22:59:26.859 [main] DEBUG io.netty.handler.ssl.JdkSslContext - Default protocols (JDK): [TLSv1.3, TLSv1.2] 
22:59:26.860 [main] DEBUG io.netty.handler.ssl.JdkSslContext - Default cipher suites (JDK): [TLS_ECDHE_ECDSA_WITH_AES_256_GCM_SHA384, TLS_ECDHE_ECDSA_WITH_AES_128_GCM_SHA256, TLS_ECDHE_RSA_WITH_AES_128_GCM_SHA256, TLS_ECDHE_RSA_WITH_AES_256_GCM_SHA384, TLS_ECDHE_RSA_WITH_AES_128_CBC_SHA, TLS_ECDHE_RSA_WITH_AES_256_CBC_SHA, TLS_RSA_WITH_AES_128_GCM_SHA256, TLS_RSA_WITH_AES_128_CBC_SHA, TLS_RSA_WITH_AES_256_CBC_SHA, TLS_AES_128_GCM_SHA256, TLS_AES_256_GCM_SHA384]
22:59:26.945 [main] DEBUG io.netty.channel.MultithreadEventLoopGroup - -Dio.netty.eventLoopThreads: 8
22:59:26.978 [main] DEBUG io.netty.channel.nio.NioEventLoop - -Dio.netty.noKeySetOptimization: false
22:59:26.978 [main] DEBUG io.netty.channel.nio.NioEventLoop - -Dio.netty.selectorAutoRebuildThreshold: 512
22:59:27.078 [main] DEBUG io.netty.buffer.PooledByteBufAllocator - -Dio.netty.allocator.numHeapArenas: 8
22:59:27.078 [main] DEBUG io.netty.buffer.PooledByteBufAllocator - -Dio.netty.allocator.numDirectArenas: 8
22:59:27.078 [main] DEBUG io.netty.buffer.PooledByteBufAllocator - -Dio.netty.allocator.pageSize: 8192
22:59:27.078 [main] DEBUG io.netty.buffer.PooledByteBufAllocator - -Dio.netty.allocator.maxOrder: 11
22:59:27.078 [main] DEBUG io.netty.buffer.PooledByteBufAllocator - -Dio.netty.allocator.chunkSize: 16777216
22:59:27.078 [main] DEBUG io.netty.buffer.PooledByteBufAllocator - -Dio.netty.allocator.smallCacheSize: 256
22:59:27.078 [main] DEBUG io.netty.buffer.PooledByteBufAllocator - -Dio.netty.allocator.normalCacheSize: 64
22:59:27.078 [main] DEBUG io.netty.buffer.PooledByteBufAllocator - -Dio.netty.allocator.maxCachedBufferCapacity: 32768
22:59:27.078 [main] DEBUG io.netty.buffer.PooledByteBufAllocator - -Dio.netty.allocator.cacheTrimInterval: 8192
22:59:27.078 [main] DEBUG io.netty.buffer.PooledByteBufAllocator - -Dio.netty.allocator.cacheTrimIntervalMillis: 0
22:59:27.078 [main] DEBUG io.netty.buffer.PooledByteBufAllocator - -Dio.netty.allocator.useCacheForAllThreads: true
22:59:27.078 [main] DEBUG io.netty.buffer.PooledByteBufAllocator - -Dio.netty.allocator.maxCachedByteBuffersPerChunk: 1023
22:59:27.098 [main] DEBUG io.netty.buffer.ByteBufUtil - -Dio.netty.allocator.type: pooled
22:59:27.099 [main] DEBUG io.netty.buffer.ByteBufUtil - -Dio.netty.threadLocalDirectBufferSize: 0
22:59:27.099 [main] DEBUG io.netty.buffer.ByteBufUtil - -Dio.netty.maxThreadLocalCharBufferSize: 16384
22:59:27.500 [main] DEBUG net.serenitybdd.core.webdriver.driverproviders.ProvideNewDriver - Instantiating driver
22:59:27.501 [main] DEBUG net.serenitybdd.core.webdriver.driverproviders.ProvideNewDriver - Driver capabilities: Capabilities {acceptInsecureCerts: false, base.url: https://qa.alta.id, browserName: chrome, chrome.driver: src/test/resources/webdrive..., driver: chrome, goog:chromeOptions: {args: [], extensions: []}}
22:59:29.618 [Forwarding newSession on session null to remote] DEBUG io.netty.channel.DefaultChannelId - -Dio.netty.processId: 4164 (auto-detected)
22:59:29.624 [Forwarding newSession on session null to remote] DEBUG io.netty.util.NetUtil - -Djava.net.preferIPv4Stack: false
22:59:29.624 [Forwarding newSession on session null to remote] DEBUG io.netty.util.NetUtil - -Djava.net.preferIPv6Addresses: false
22:59:29.934 [Forwarding newSession on session null to remote] DEBUG io.netty.util.NetUtilInitializations - Loopback interface: lo (Software Loopback Interface 1, 127.0.0.1)
22:59:29.938 [Forwarding newSession on session null to remote] DEBUG io.netty.util.NetUtil - Failed to get SOMAXCONN from sysctl and file \proc\sys\net\core\somaxconn. Default: 200
22:59:30.238 [Forwarding newSession on session null to remote] DEBUG io.netty.channel.DefaultChannelId - -Dio.netty.machineId: a4:97:b1:ff:fe:c8:9c:0f (auto-detected)
22:59:30.348 [AsyncHttpClient-1-2] DEBUG io.netty.buffer.AbstractByteBuf - -Dio.netty.buffer.checkAccessible: true
22:59:30.349 [AsyncHttpClient-1-2] DEBUG io.netty.buffer.AbstractByteBuf - -Dio.netty.buffer.checkBounds: true
22:59:30.349 [AsyncHttpClient-1-2] DEBUG io.netty.util.ResourceLeakDetectorFactory - Loaded default ResourceLeakDetector: io.netty.util.ResourceLeakDetector@5f74850
22:59:30.377 [AsyncHttpClient-1-2] DEBUG org.asynchttpclient.netty.channel.NettyConnectListener - Using new Channel '[id: 0x49595386, L:/127.0.0.1:63752 - R:localhost/127.0.0.1:57377]' for 'POST' to '/session'
22:59:30.417 [AsyncHttpClient-1-2] DEBUG io.netty.util.Recycler - -Dio.netty.recycler.maxCapacityPerThread: 4096
22:59:30.417 [AsyncHttpClient-1-2] DEBUG io.netty.util.Recycler - -Dio.netty.recycler.ratio: 8
22:59:30.417 [AsyncHttpClient-1-2] DEBUG io.netty.util.Recycler - -Dio.netty.recycler.chunkSize: 32
22:59:30.417 [AsyncHttpClient-1-2] DEBUG io.netty.util.Recycler - -Dio.netty.recycler.blocking: false
22:59:32.562 [AsyncHttpClient-1-2] DEBUG io.netty.handler.codec.compression.Brotli - brotli4j not in the classpath; Brotli support will be unavailable.
22:59:32.563 [AsyncHttpClient-1-2] DEBUG org.asynchttpclient.netty.handler.HttpHandler - 

Request DefaultHttpRequest(decodeResult: success, version: HTTP/1.1)
POST /session HTTP/1.1
User-Agent: selenium/4.1.2 (java windows)
Content-Length: 595
Content-Type: application/json; charset=utf-8
host: localhost:57377
accept: */*

Response DefaultHttpResponse(decodeResult: success, version: HTTP/1.1)
HTTP/1.1 200 OK
Content-Type: application/json; charset=utf-8
cache-control: no-cache
content-length: 793

22:59:32.592 [AsyncHttpClient-1-2] DEBUG org.asynchttpclient.netty.channel.ChannelManager - Adding key: http://localhost:57377 for channel [id: 0x49595386, L:/127.0.0.1:63752 - R:localhost/127.0.0.1:57377]
22:59:32.800 [AsyncHttpClient-1-3] DEBUG org.asynchttpclient.netty.channel.NettyConnectListener - Using new Channel '[id: 0x112ec7b0, L:/127.0.0.1:63763 - R:localhost/127.0.0.1:63754]' for 'GET' to '/json/version'
22:59:32.818 [AsyncHttpClient-1-3] DEBUG org.asynchttpclient.netty.handler.HttpHandler - 

Request DefaultFullHttpRequest(decodeResult: success, version: HTTP/1.1, content: EmptyByteBufBE)
GET /json/version HTTP/1.1
User-Agent: selenium/4.1.2 (java windows)
host: localhost:63754
accept: */*

Response DefaultHttpResponse(decodeResult: success, version: HTTP/1.1)
HTTP/1.1 200 OK
Content-Type: application/json; charset=UTF-8
content-length: 427

22:59:32.819 [AsyncHttpClient-1-3] DEBUG org.asynchttpclient.netty.channel.ChannelManager - Adding key: http://localhost:63754 for channel [id: 0x112ec7b0, L:/127.0.0.1:63763 - R:localhost/127.0.0.1:63754]
22:59:32.839 [main] DEBUG io.netty.util.internal.ThreadLocalRandom - -Dio.netty.initialSeedUniquifier: 0x15dde141b05a5a95
22:59:32.854 [AsyncHttpClient-1-4] DEBUG org.asynchttpclient.netty.channel.NettyConnectListener - Using new Channel '[id: 0x5ba0b924, L:/127.0.0.1:63764 - R:localhost/127.0.0.1:63754]' for 'GET' to '/devtools/browser/981285ce-4dd6-46af-b6be-f3bebdbde233'
22:59:32.962 [AsyncHttpClient-1-4] DEBUG org.asynchttpclient.netty.handler.WebSocketHandler - 

Request DefaultFullHttpRequest(decodeResult: success, version: HTTP/1.1, content: EmptyByteBufBE)
GET /devtools/browser/981285ce-4dd6-46af-b6be-f3bebdbde233 HTTP/1.1
upgrade: websocket
connection: upgrade
sec-websocket-key: p0+AlBeXDK2zdjVaT0PJ+Q==
sec-websocket-version: 13
origin: http://localhost:63754
host: localhost:63754
accept: */*
user-agent: AHC/2.1

Response DefaultHttpResponse(decodeResult: success, version: HTTP/1.1)
HTTP/1.1 101 WebSocket Protocol Handshake
Upgrade: WebSocket
Connection: Upgrade
Sec-WebSocket-Accept: E65e66mL+E+XK1GunfGLUx514ZI=

22:59:33.458 [AsyncHttpClient-1-1] DEBUG org.asynchttpclient.netty.channel.DefaultChannelPool - Entry count for : http://localhost:57377 : 1
22:59:33.458 [AsyncHttpClient-1-1] DEBUG org.asynchttpclient.netty.channel.DefaultChannelPool - Entry count for : http://localhost:63754 : 1
22:59:34.370 [main] DEBUG net.thucydides.core.reflection.ClassFinder - Could not load class .CucumberTestSuite
22:59:34.370 [main] DEBUG net.thucydides.core.reflection.ClassFinder - Could not load class .starter.BuyProducts
22:59:34.370 [main] DEBUG net.thucydides.core.reflection.ClassFinder - Could not load class .starter.Homepage
22:59:34.370 [main] DEBUG net.thucydides.core.reflection.ClassFinder - Could not load class .starter.Login
22:59:34.370 [main] DEBUG net.thucydides.core.reflection.ClassFinder - Could not load class .starter.Logout
22:59:34.371 [main] DEBUG net.thucydides.core.reflection.ClassFinder - Could not load class .starter.Order
22:59:34.371 [main] DEBUG net.thucydides.core.reflection.ClassFinder - Could not load class .starter.Register
22:59:34.372 [main] DEBUG net.thucydides.core.reflection.ClassFinder - Could not load class .starter.Transaction
22:59:34.372 [main] DEBUG net.thucydides.core.reflection.ClassFinder - Could not load class .stepdefinitions.BuyProductsStep
22:59:34.372 [main] DEBUG net.thucydides.core.reflection.ClassFinder - Could not load class .stepdefinitions.GiveRatingStep
22:59:34.372 [main] DEBUG net.thucydides.core.reflection.ClassFinder - Could not load class .stepdefinitions.LoginStep
22:59:34.372 [main] DEBUG net.thucydides.core.reflection.ClassFinder - Could not load class .stepdefinitions.LogoutStep
22:59:34.373 [main] DEBUG net.thucydides.core.reflection.ClassFinder - Could not load class .stepdefinitions.OrderStep
22:59:34.373 [main] DEBUG net.thucydides.core.reflection.ClassFinder - Could not load class .stepdefinitions.RegisterStep
22:59:34.373 [main] DEBUG net.thucydides.core.reflection.ClassFinder - Could not load class .stepdefinitions.TransactionStep
22:59:34.374 [main] DEBUG net.thucydides.core.reflection.ClassFinder - Could not load class META-INF.versions.9.com.sun.istack.logging.StackHelper
22:59:34.376 [main] DEBUG net.thucydides.core.reflection.ClassFinder - Could not load class META-INF.versions.9.com.sun.xml.bind.v2.runtime.reflect.opt.AccessorInjector
22:59:34.379 [main] DEBUG net.thucydides.core.reflection.ClassFinder - Could not load class META-INF.versions.9.com.sun.xml.bind.v2.runtime.reflect.opt.Injector
22:59:34.380 [main] DEBUG net.thucydides.core.reflection.ClassFinder - Could not load class META-INF.versions.9.com.sun.xml.bind.v2.runtime.reflect.opt.OptimizedAccessorFactory
22:59:34.382 [main] DEBUG net.thucydides.core.reflection.ClassFinder - Could not load class META-INF.versions.9.com.sun.xml.bind.v2.runtime.reflect.opt.OptimizedTransducedAccessorFactory
22:59:34.385 [main] DEBUG net.thucydides.core.reflection.ClassFinder - Could not load class META-INF.versions.9.io.opentelemetry.sdk.internal.CurrentJavaVersionSpecific
22:59:34.388 [main] DEBUG net.thucydides.core.reflection.ClassFinder - Could not load class META-INF.versions.9.io.opentelemetry.sdk.internal.Java9VersionSpecific
22:59:34.391 [main] DEBUG net.thucydides.core.reflection.ClassFinder - Could not load class META-INF.versions.9.javax.xml.bind.ModuleUtil
22:59:34.391 [main] DEBUG net.thucydides.core.reflection.ClassFinder - Could not load class META-INF.versions.9.module-info
22:59:34.394 [main] DEBUG net.thucydides.core.reflection.ClassFinder - Could not load class META-INF.versions.9.org.junit.platform.commons.util.ModuleUtils
22:59:34.401 [main] DEBUG net.thucydides.core.reflection.ClassFinder - Could not load class com.google.gson.internal.
22:59:34.406 [main] DEBUG net.thucydides.core.reflection.ClassFinder - Could not load class com.sun.xml.bind.v2.runtime.output.FastInfosetStreamWriterOutput
22:59:34.416 [main] DEBUG net.thucydides.core.reflection.ClassFinder - Could not load class module-info
22:59:34.500 [Forwarding get on session dd6a130c298afc2f5f67d3fef6ee7e63 to remote] DEBUG org.asynchttpclient.netty.request.NettyRequestSender - Using pooled Channel '[id: 0x49595386, L:/127.0.0.1:63752 - R:localhost/127.0.0.1:57377]' for 'POST' to 'http://localhost:57377/session/dd6a130c298afc2f5f67d3fef6ee7e63/url'
22:59:34.500 [Forwarding get on session dd6a130c298afc2f5f67d3fef6ee7e63 to remote] DEBUG org.asynchttpclient.netty.request.NettyRequestSender - Using open Channel [id: 0x49595386, L:/127.0.0.1:63752 - R:localhost/127.0.0.1:57377] for POST '/session/dd6a130c298afc2f5f67d3fef6ee7e63/url'
22:59:34.592 [AsyncHttpClient-1-1] DEBUG org.asynchttpclient.netty.channel.DefaultChannelPool - Entry count for : http://localhost:63754 : 1
22:59:35.657 [AsyncHttpClient-1-1] DEBUG org.asynchttpclient.netty.channel.DefaultChannelPool - Entry count for : http://localhost:63754 : 1
22:59:36.756 [AsyncHttpClient-1-1] DEBUG org.asynchttpclient.netty.channel.DefaultChannelPool - Entry count for : http://localhost:63754 : 1
22:59:37.864 [AsyncHttpClient-1-1] DEBUG org.asynchttpclient.netty.channel.DefaultChannelPool - Entry count for : http://localhost:63754 : 1
22:59:38.958 [AsyncHttpClient-1-1] DEBUG org.asynchttpclient.netty.channel.DefaultChannelPool - Entry count for : http://localhost:63754 : 1
22:59:40.056 [AsyncHttpClient-1-1] DEBUG org.asynchttpclient.netty.channel.DefaultChannelPool - Entry count for : http://localhost:63754 : 1
22:59:41.160 [AsyncHttpClient-1-1] DEBUG org.asynchttpclient.netty.channel.DefaultChannelPool - Entry count for : http://localhost:63754 : 1
22:59:42.257 [AsyncHttpClient-1-1] DEBUG org.asynchttpclient.netty.channel.DefaultChannelPool - Entry count for : http://localhost:63754 : 1
22:59:43.360 [AsyncHttpClient-1-1] DEBUG org.asynchttpclient.netty.channel.DefaultChannelPool - Entry count for : http://localhost:63754 : 1
22:59:44.457 [AsyncHttpClient-1-1] DEBUG org.asynchttpclient.netty.channel.DefaultChannelPool - Entry count for : http://localhost:63754 : 1
22:59:45.556 [AsyncHttpClient-1-1] DEBUG org.asynchttpclient.netty.channel.DefaultChannelPool - Entry count for : http://localhost:63754 : 1
22:59:46.659 [AsyncHttpClient-1-1] DEBUG org.asynchttpclient.netty.channel.DefaultChannelPool - Entry count for : http://localhost:63754 : 1
22:59:47.763 [AsyncHttpClient-1-1] DEBUG org.asynchttpclient.netty.channel.DefaultChannelPool - Entry count for : http://localhost:63754 : 1
22:59:48.861 [AsyncHttpClient-1-1] DEBUG org.asynchttpclient.netty.channel.DefaultChannelPool - Entry count for : http://localhost:63754 : 1
22:59:49.957 [AsyncHttpClient-1-1] DEBUG org.asynchttpclient.netty.channel.DefaultChannelPool - Entry count for : http://localhost:63754 : 1
22:59:51.056 [AsyncHttpClient-1-1] DEBUG org.asynchttpclient.netty.channel.DefaultChannelPool - Entry count for : http://localhost:63754 : 1
22:59:52.157 [AsyncHttpClient-1-1] DEBUG org.asynchttpclient.netty.channel.DefaultChannelPool - Entry count for : http://localhost:63754 : 1
22:59:53.257 [AsyncHttpClient-1-1] DEBUG org.asynchttpclient.netty.channel.DefaultChannelPool - Entry count for : http://localhost:63754 : 1
22:59:54.358 [AsyncHttpClient-1-1] DEBUG org.asynchttpclient.netty.channel.DefaultChannelPool - Entry count for : http://localhost:63754 : 1
22:59:55.458 [AsyncHttpClient-1-1] DEBUG org.asynchttpclient.netty.channel.DefaultChannelPool - Entry count for : http://localhost:63754 : 1
22:59:56.559 [AsyncHttpClient-1-1] DEBUG org.asynchttpclient.netty.channel.DefaultChannelPool - Entry count for : http://localhost:63754 : 1
22:59:57.665 [AsyncHttpClient-1-1] DEBUG org.asynchttpclient.netty.channel.DefaultChannelPool - Entry count for : http://localhost:63754 : 1
22:59:58.757 [AsyncHttpClient-1-1] DEBUG org.asynchttpclient.netty.channel.DefaultChannelPool - Entry count for : http://localhost:63754 : 1
22:59:59.857 [AsyncHttpClient-1-1] DEBUG org.asynchttpclient.netty.channel.DefaultChannelPool - Entry count for : http://localhost:63754 : 1
23:00:00.956 [AsyncHttpClient-1-1] DEBUG org.asynchttpclient.netty.channel.DefaultChannelPool - Entry count for : http://localhost:63754 : 1
23:00:02.064 [AsyncHttpClient-1-1] DEBUG org.asynchttpclient.netty.channel.DefaultChannelPool - Entry count for : http://localhost:63754 : 1
23:00:03.157 [AsyncHttpClient-1-1] DEBUG org.asynchttpclient.netty.channel.DefaultChannelPool - Entry count for : http://localhost:63754 : 1
23:00:04.263 [AsyncHttpClient-1-1] DEBUG org.asynchttpclient.netty.channel.DefaultChannelPool - Entry count for : http://localhost:63754 : 1
23:00:05.364 [AsyncHttpClient-1-1] DEBUG org.asynchttpclient.netty.channel.DefaultChannelPool - Entry count for : http://localhost:63754 : 1
23:00:06.456 [AsyncHttpClient-1-1] DEBUG org.asynchttpclient.netty.channel.DefaultChannelPool - Entry count for : http://localhost:63754 : 1
23:00:07.556 [AsyncHttpClient-1-1] DEBUG org.asynchttpclient.netty.channel.DefaultChannelPool - Entry count for : http://localhost:63754 : 1
23:00:08.662 [AsyncHttpClient-1-1] DEBUG org.asynchttpclient.netty.channel.DefaultChannelPool - Entry count for : http://localhost:63754 : 1
23:00:09.757 [AsyncHttpClient-1-1] DEBUG org.asynchttpclient.netty.channel.DefaultChannelPool - Entry count for : http://localhost:63754 : 1
23:00:10.867 [AsyncHttpClient-1-1] DEBUG org.asynchttpclient.netty.channel.DefaultChannelPool - Entry count for : http://localhost:63754 : 1
23:00:11.962 [AsyncHttpClient-1-1] DEBUG org.asynchttpclient.netty.channel.DefaultChannelPool - Entry count for : http://localhost:63754 : 1
23:00:13.057 [AsyncHttpClient-1-1] DEBUG org.asynchttpclient.netty.channel.DefaultChannelPool - Entry count for : http://localhost:63754 : 1
23:00:14.163 [AsyncHttpClient-1-1] DEBUG org.asynchttpclient.netty.channel.DefaultChannelPool - Entry count for : http://localhost:63754 : 1
23:00:15.258 [AsyncHttpClient-1-1] DEBUG org.asynchttpclient.netty.channel.DefaultChannelPool - Entry count for : http://localhost:63754 : 1
23:00:16.363 [AsyncHttpClient-1-1] DEBUG org.asynchttpclient.netty.channel.DefaultChannelPool - Entry count for : http://localhost:63754 : 1
23:00:17.457 [AsyncHttpClient-1-1] DEBUG org.asynchttpclient.netty.channel.DefaultChannelPool - Entry count for : http://localhost:63754 : 1
23:00:18.558 [AsyncHttpClient-1-1] DEBUG org.asynchttpclient.netty.channel.DefaultChannelPool - Entry count for : http://localhost:63754 : 1
23:00:19.656 [AsyncHttpClient-1-1] DEBUG org.asynchttpclient.netty.channel.DefaultChannelPool - Entry count for : http://localhost:63754 : 1
23:00:20.757 [AsyncHttpClient-1-1] DEBUG org.asynchttpclient.netty.channel.DefaultChannelPool - Entry count for : http://localhost:63754 : 1
23:00:21.857 [AsyncHttpClient-1-1] DEBUG org.asynchttpclient.netty.channel.DefaultChannelPool - Entry count for : http://localhost:63754 : 1
23:00:22.958 [AsyncHttpClient-1-1] DEBUG org.asynchttpclient.netty.channel.DefaultChannelPool - Entry count for : http://localhost:63754 : 1
23:00:24.058 [AsyncHttpClient-1-1] DEBUG org.asynchttpclient.netty.channel.DefaultChannelPool - Entry count for : http://localhost:63754 : 1
23:00:25.163 [AsyncHttpClient-1-1] DEBUG org.asynchttpclient.netty.channel.DefaultChannelPool - Entry count for : http://localhost:63754 : 1
23:00:26.257 [AsyncHttpClient-1-1] DEBUG org.asynchttpclient.netty.channel.DefaultChannelPool - Entry count for : http://localhost:63754 : 1
23:00:27.357 [AsyncHttpClient-1-1] DEBUG org.asynchttpclient.netty.channel.DefaultChannelPool - Entry count for : http://localhost:63754 : 1
23:00:28.458 [AsyncHttpClient-1-1] DEBUG org.asynchttpclient.netty.channel.DefaultChannelPool - Entry count for : http://localhost:63754 : 1
23:00:29.556 [AsyncHttpClient-1-1] DEBUG org.asynchttpclient.netty.channel.DefaultChannelPool - Entry count for : http://localhost:63754 : 1
23:00:30.658 [AsyncHttpClient-1-1] DEBUG org.asynchttpclient.netty.channel.DefaultChannelPool - Entry count for : http://localhost:63754 : 1
23:00:31.763 [AsyncHttpClient-1-1] DEBUG org.asynchttpclient.netty.channel.DefaultChannelPool - Entry count for : http://localhost:63754 : 1
23:00:32.662 [AsyncHttpClient-1-2] DEBUG org.asynchttpclient.netty.handler.HttpHandler - 

Request DefaultHttpRequest(decodeResult: success, version: HTTP/1.1)
POST /session/dd6a130c298afc2f5f67d3fef6ee7e63/url HTTP/1.1
User-Agent: selenium/4.1.2 (java windows)
Content-Length: 64
Content-Type: application/json; charset=utf-8
host: localhost:57377
accept: */*

Response DefaultHttpResponse(decodeResult: success, version: HTTP/1.1)
HTTP/1.1 200 OK
Content-Type: application/json; charset=utf-8
cache-control: no-cache
content-length: 14

23:00:32.663 [AsyncHttpClient-1-2] DEBUG org.asynchttpclient.netty.channel.ChannelManager - Adding key: http://localhost:57377 for channel [id: 0x49595386, L:/127.0.0.1:63752 - R:localhost/127.0.0.1:57377]
23:00:32.679 [Forwarding setTimeout on session dd6a130c298afc2f5f67d3fef6ee7e63 to remote] DEBUG org.asynchttpclient.netty.request.NettyRequestSender - Using pooled Channel '[id: 0x49595386, L:/127.0.0.1:63752 - R:localhost/127.0.0.1:57377]' for 'POST' to 'http://localhost:57377/session/dd6a130c298afc2f5f67d3fef6ee7e63/timeouts'
23:00:32.679 [Forwarding setTimeout on session dd6a130c298afc2f5f67d3fef6ee7e63 to remote] DEBUG org.asynchttpclient.netty.request.NettyRequestSender - Using open Channel [id: 0x49595386, L:/127.0.0.1:63752 - R:localhost/127.0.0.1:57377] for POST '/session/dd6a130c298afc2f5f67d3fef6ee7e63/timeouts'
23:00:32.682 [AsyncHttpClient-1-2] DEBUG org.asynchttpclient.netty.handler.HttpHandler - 

Request DefaultHttpRequest(decodeResult: success, version: HTTP/1.1)
POST /session/dd6a130c298afc2f5f67d3fef6ee7e63/timeouts HTTP/1.1
User-Agent: selenium/4.1.2 (java windows)
Content-Length: 22
Content-Type: application/json; charset=utf-8
host: localhost:57377
accept: */*

Response DefaultHttpResponse(decodeResult: success, version: HTTP/1.1)
HTTP/1.1 200 OK
Content-Type: application/json; charset=utf-8
cache-control: no-cache
content-length: 14

23:00:32.683 [AsyncHttpClient-1-2] DEBUG org.asynchttpclient.netty.channel.ChannelManager - Adding key: http://localhost:57377 for channel [id: 0x49595386, L:/127.0.0.1:63752 - R:localhost/127.0.0.1:57377]
23:00:32.707 [Forwarding getCurrentUrl on session dd6a130c298afc2f5f67d3fef6ee7e63 to remote] DEBUG org.asynchttpclient.netty.request.NettyRequestSender - Using pooled Channel '[id: 0x49595386, L:/127.0.0.1:63752 - R:localhost/127.0.0.1:57377]' for 'GET' to 'http://localhost:57377/session/dd6a130c298afc2f5f67d3fef6ee7e63/url'
23:00:32.708 [Forwarding getCurrentUrl on session dd6a130c298afc2f5f67d3fef6ee7e63 to remote] DEBUG org.asynchttpclient.netty.request.NettyRequestSender - Using open Channel [id: 0x49595386, L:/127.0.0.1:63752 - R:localhost/127.0.0.1:57377] for GET '/session/dd6a130c298afc2f5f67d3fef6ee7e63/url'
23:00:32.750 [AsyncHttpClient-1-2] DEBUG org.asynchttpclient.netty.handler.HttpHandler - 

Request DefaultFullHttpRequest(decodeResult: success, version: HTTP/1.1, content: EmptyByteBufBE)
GET /session/dd6a130c298afc2f5f67d3fef6ee7e63/url HTTP/1.1
User-Agent: selenium/4.1.2 (java windows)
Cache-Control: no-cache
Content-Type: application/json; charset=utf-8
host: localhost:57377
accept: */*

Response DefaultHttpResponse(decodeResult: success, version: HTTP/1.1)
HTTP/1.1 200 OK
Content-Type: application/json; charset=utf-8
cache-control: no-cache
content-length: 41

23:00:32.751 [AsyncHttpClient-1-2] DEBUG org.asynchttpclient.netty.channel.ChannelManager - Adding key: http://localhost:57377 for channel [id: 0x49595386, L:/127.0.0.1:63752 - R:localhost/127.0.0.1:57377]
23:00:32.842 [main] DEBUG net.serenitybdd.core.photography.Darkroom - Opening darkroom
23:00:32.846 [Forwarding screenshot on session dd6a130c298afc2f5f67d3fef6ee7e63 to remote] DEBUG org.asynchttpclient.netty.request.NettyRequestSender - Using pooled Channel '[id: 0x49595386, L:/127.0.0.1:63752 - R:localhost/127.0.0.1:57377]' for 'GET' to 'http://localhost:57377/session/dd6a130c298afc2f5f67d3fef6ee7e63/screenshot'
23:00:32.847 [Forwarding screenshot on session dd6a130c298afc2f5f67d3fef6ee7e63 to remote] DEBUG org.asynchttpclient.netty.request.NettyRequestSender - Using open Channel [id: 0x49595386, L:/127.0.0.1:63752 - R:localhost/127.0.0.1:57377] for GET '/session/dd6a130c298afc2f5f67d3fef6ee7e63/screenshot'
23:00:32.852 [Darkroom Processing Line] DEBUG net.serenitybdd.core.photography.DarkroomProcessingLine - Darkroom processing line starting up
23:00:32.857 [AsyncHttpClient-1-1] DEBUG org.asynchttpclient.netty.channel.DefaultChannelPool - Entry count for : http://localhost:63754 : 1
23:00:32.858 [AsyncHttpClient-1-1] DEBUG org.asynchttpclient.netty.channel.DefaultChannelPool - Adding Candidate expired Channel [id: 0x112ec7b0, L:/127.0.0.1:63763 - R:localhost/127.0.0.1:63754] isIdleTimeoutExpired=true isRemotelyClosed=false isTtlExpired=false
23:00:32.860 [AsyncHttpClient-1-1] DEBUG org.asynchttpclient.netty.channel.DefaultChannelPool - Closing Idle Channel [id: 0x112ec7b0, L:/127.0.0.1:63763 - R:localhost/127.0.0.1:63754]
23:00:32.865 [AsyncHttpClient-1-1] DEBUG org.asynchttpclient.netty.channel.DefaultChannelPool - Closed 1 connections out of 1 in 7 ms
23:00:32.868 [AsyncHttpClient-1-3] DEBUG org.asynchttpclient.netty.handler.HttpHandler - Channel Closed: [id: 0x112ec7b0, L:/127.0.0.1:63763 ! R:localhost/127.0.0.1:63754] with attribute DISCARD
23:00:33.076 [AsyncHttpClient-1-2] DEBUG org.asynchttpclient.netty.handler.HttpHandler - 

Request DefaultFullHttpRequest(decodeResult: success, version: HTTP/1.1, content: EmptyByteBufBE)
GET /session/dd6a130c298afc2f5f67d3fef6ee7e63/screenshot HTTP/1.1
User-Agent: selenium/4.1.2 (java windows)
Cache-Control: no-cache
Content-Type: application/json; charset=utf-8
host: localhost:57377
accept: */*

Response DefaultHttpResponse(decodeResult: success, version: HTTP/1.1)
HTTP/1.1 200 OK
Content-Type: application/json; charset=utf-8
cache-control: no-cache
content-length: 37840

23:00:33.079 [AsyncHttpClient-1-2] DEBUG org.asynchttpclient.netty.channel.ChannelManager - Adding key: http://localhost:57377 for channel [id: 0x49595386, L:/127.0.0.1:63752 - R:localhost/127.0.0.1:57377]
23:00:33.233 [main] DEBUG net.serenitybdd.core.photography.Darkroom - Send negative for processing for target\site\serenity\6f2f89e8c5a543dd0a10df9cc2fb4dfa2a13d528c2d3ad44cda943733ef50e85.png
23:00:33.235 [Darkroom Processing Line] DEBUG net.serenitybdd.core.photography.DarkroomProcessingLine - Processing screenshot image in /var/screenshots/screenshot-5979494520822919805
23:00:33.235 [Darkroom Processing Line] DEBUG net.serenitybdd.core.photography.DarkroomProcessingLine - Saving screenshot to target\site\serenity\6f2f89e8c5a543dd0a10df9cc2fb4dfa2a13d528c2d3ad44cda943733ef50e85.png
23:00:33.241 [main] DEBUG net.thucydides.core.steps.StepInterceptor - STEP DONE: onLoginPage
  &amp#27;[32mGiven &amp#27;[0m&amp#27;[32m&amp#27;[0m&amp#27;[32m&amp#27;[1mI&amp#27;[0m&amp#27;[32m at login page&amp#27;[0m                                            &amp#27;[90m# stepdefinitions.BuyProductsStep.iAtLoginPage(java.lang.String)&amp#27;[0m
23:00:33.300 [Forwarding screenshot on session dd6a130c298afc2f5f67d3fef6ee7e63 to remote] DEBUG org.asynchttpclient.netty.request.NettyRequestSender - Using pooled Channel '[id: 0x49595386, L:/127.0.0.1:63752 - R:localhost/127.0.0.1:57377]' for 'GET' to 'http://localhost:57377/session/dd6a130c298afc2f5f67d3fef6ee7e63/screenshot'
23:00:33.301 [Forwarding screenshot on session dd6a130c298afc2f5f67d3fef6ee7e63 to remote] DEBUG org.asynchttpclient.netty.request.NettyRequestSender - Using open Channel [id: 0x49595386, L:/127.0.0.1:63752 - R:localhost/127.0.0.1:57377] for GET '/session/dd6a130c298afc2f5f67d3fef6ee7e63/screenshot'
23:00:33.439 [AsyncHttpClient-1-2] DEBUG org.asynchttpclient.netty.handler.HttpHandler - 

Request DefaultFullHttpRequest(decodeResult: success, version: HTTP/1.1, content: EmptyByteBufBE)
GET /session/dd6a130c298afc2f5f67d3fef6ee7e63/screenshot HTTP/1.1
User-Agent: selenium/4.1.2 (java windows)
Cache-Control: no-cache
Content-Type: application/json; charset=utf-8
host: localhost:57377
accept: */*

Response DefaultHttpResponse(decodeResult: success, version: HTTP/1.1)
HTTP/1.1 200 OK
Content-Type: application/json; charset=utf-8
cache-control: no-cache
content-length: 37840

23:00:33.440 [AsyncHttpClient-1-2] DEBUG org.asynchttpclient.netty.channel.ChannelManager - Adding key: http://localhost:57377 for channel [id: 0x49595386, L:/127.0.0.1:63752 - R:localhost/127.0.0.1:57377]
23:00:33.450 [main] DEBUG net.serenitybdd.core.photography.Darkroom - Send negative for processing for target\site\serenity\6f2f89e8c5a543dd0a10df9cc2fb4dfa2a13d528c2d3ad44cda943733ef50e85.png
23:00:33.453 [main] DEBUG net.thucydides.core.steps.StepInterceptor - STARTING STEP: BuyProductsStep.iEnterEmail - typeMyEmail
23:00:33.459 [Forwarding findElement on session dd6a130c298afc2f5f67d3fef6ee7e63 to remote] DEBUG org.asynchttpclient.netty.request.NettyRequestSender - Using pooled Channel '[id: 0x49595386, L:/127.0.0.1:63752 - R:localhost/127.0.0.1:57377]' for 'POST' to 'http://localhost:57377/session/dd6a130c298afc2f5f67d3fef6ee7e63/element'
23:00:33.459 [Forwarding findElement on session dd6a130c298afc2f5f67d3fef6ee7e63 to remote] DEBUG org.asynchttpclient.netty.request.NettyRequestSender - Using open Channel [id: 0x49595386, L:/127.0.0.1:63752 - R:localhost/127.0.0.1:57377] for POST '/session/dd6a130c298afc2f5f67d3fef6ee7e63/element'
23:00:33.487 [AsyncHttpClient-1-2] DEBUG org.asynchttpclient.netty.handler.HttpHandler - 

Request DefaultHttpRequest(decodeResult: success, version: HTTP/1.1)
POST /session/dd6a130c298afc2f5f67d3fef6ee7e63/element HTTP/1.1
User-Agent: selenium/4.1.2 (java windows)
Content-Length: 84
Content-Type: application/json; charset=utf-8
host: localhost:57377
accept: */*

Response DefaultHttpResponse(decodeResult: success, version: HTTP/1.1)
HTTP/1.1 200 OK
Content-Type: application/json; charset=utf-8
cache-control: no-cache
content-length: 88

23:00:33.487 [AsyncHttpClient-1-2] DEBUG org.asynchttpclient.netty.channel.ChannelManager - Adding key: http://localhost:57377 for channel [id: 0x49595386, L:/127.0.0.1:63752 - R:localhost/127.0.0.1:57377]
23:00:33.494 [Forwarding sendKeysToElement on session dd6a130c298afc2f5f67d3fef6ee7e63 to remote] DEBUG org.asynchttpclient.netty.request.NettyRequestSender - Using pooled Channel '[id: 0x49595386, L:/127.0.0.1:63752 - R:localhost/127.0.0.1:57377]' for 'POST' to 'http://localhost:57377/session/dd6a130c298afc2f5f67d3fef6ee7e63/element/9109ca6c-35cb-4f45-9570-5cff69c8b825/value'
23:00:33.494 [Forwarding sendKeysToElement on session dd6a130c298afc2f5f67d3fef6ee7e63 to remote] DEBUG org.asynchttpclient.netty.request.NettyRequestSender - Using open Channel [id: 0x49595386, L:/127.0.0.1:63752 - R:localhost/127.0.0.1:57377] for POST '/session/dd6a130c298afc2f5f67d3fef6ee7e63/element/9109ca6c-35cb-4f45-9570-5cff69c8b825/value'
23:00:33.857 [AsyncHttpClient-1-2] DEBUG org.asynchttpclient.netty.handler.HttpHandler - 

Request DefaultHttpRequest(decodeResult: success, version: HTTP/1.1)
POST /session/dd6a130c298afc2f5f67d3fef6ee7e63/element/9109ca6c-35cb-4f45-9570-5cff69c8b825/value HTTP/1.1
User-Agent: selenium/4.1.2 (java windows)
Content-Length: 361
Content-Type: application/json; charset=utf-8
host: localhost:57377
accept: */*

Response DefaultHttpResponse(decodeResult: success, version: HTTP/1.1)
HTTP/1.1 200 OK
Content-Type: application/json; charset=utf-8
cache-control: no-cache
content-length: 14

23:00:33.858 [AsyncHttpClient-1-2] DEBUG org.asynchttpclient.netty.channel.ChannelManager - Adding key: http://localhost:57377 for channel [id: 0x49595386, L:/127.0.0.1:63752 - R:localhost/127.0.0.1:57377]
23:00:33.867 [Forwarding screenshot on session dd6a130c298afc2f5f67d3fef6ee7e63 to remote] DEBUG org.asynchttpclient.netty.request.NettyRequestSender - Using pooled Channel '[id: 0x49595386, L:/127.0.0.1:63752 - R:localhost/127.0.0.1:57377]' for 'GET' to 'http://localhost:57377/session/dd6a130c298afc2f5f67d3fef6ee7e63/screenshot'
23:00:33.867 [Forwarding screenshot on session dd6a130c298afc2f5f67d3fef6ee7e63 to remote] DEBUG org.asynchttpclient.netty.request.NettyRequestSender - Using open Channel [id: 0x49595386, L:/127.0.0.1:63752 - R:localhost/127.0.0.1:57377] for GET '/session/dd6a130c298afc2f5f67d3fef6ee7e63/screenshot'
23:00:34.150 [AsyncHttpClient-1-2] DEBUG org.asynchttpclient.netty.handler.HttpHandler - 

Request DefaultFullHttpRequest(decodeResult: success, version: HTTP/1.1, content: EmptyByteBufBE)
GET /session/dd6a130c298afc2f5f67d3fef6ee7e63/screenshot HTTP/1.1
User-Agent: selenium/4.1.2 (java windows)
Cache-Control: no-cache
Content-Type: application/json; charset=utf-8
host: localhost:57377
accept: */*

Response DefaultHttpResponse(decodeResult: success, version: HTTP/1.1)
HTTP/1.1 200 OK
Content-Type: application/json; charset=utf-8
cache-control: no-cache
content-length: 47252

23:00:34.152 [AsyncHttpClient-1-2] DEBUG org.asynchttpclient.netty.channel.ChannelManager - Adding key: http://localhost:57377 for channel [id: 0x49595386, L:/127.0.0.1:63752 - R:localhost/127.0.0.1:57377]
23:00:34.158 [main] DEBUG net.serenitybdd.core.photography.Darkroom - Send negative for processing for target\site\serenity\bbda1f16dc76a1e684c969b6018daac883bc3d39e4a03ddfa1cccd6dbd4842ef.png
23:00:34.159 [main] DEBUG net.thucydides.core.steps.StepInterceptor - STEP DONE: typeMyEmail
23:00:34.159 [Darkroom Processing Line] DEBUG net.serenitybdd.core.photography.DarkroomProcessingLine - Processing screenshot image in /var/screenshots/screenshot-8020452850992274936
23:00:34.159 [Darkroom Processing Line] DEBUG net.serenitybdd.core.photography.DarkroomProcessingLine - Saving screenshot to target\site\serenity\bbda1f16dc76a1e684c969b6018daac883bc3d39e4a03ddfa1cccd6dbd4842ef.png
  &amp#27;[32mWhen &amp#27;[0m&amp#27;[32mI enter email &amp#27;[0m&amp#27;[32m&amp#27;[1mlandon.mcdermott@hotmail.com&amp#27;[0m                  &amp#27;[90m# stepdefinitions.BuyProductsStep.iEnterEmail(java.lang.String)&amp#27;[0m
23:00:34.199 [main] DEBUG net.thucydides.core.steps.StepInterceptor - STARTING STEP: BuyProductsStep.iEnterPassword - typeMyPassword
23:00:34.205 [Forwarding findElement on session dd6a130c298afc2f5f67d3fef6ee7e63 to remote] DEBUG org.asynchttpclient.netty.request.NettyRequestSender - Using pooled Channel '[id: 0x49595386, L:/127.0.0.1:63752 - R:localhost/127.0.0.1:57377]' for 'POST' to 'http://localhost:57377/session/dd6a130c298afc2f5f67d3fef6ee7e63/element'
23:00:34.205 [Forwarding findElement on session dd6a130c298afc2f5f67d3fef6ee7e63 to remote] DEBUG org.asynchttpclient.netty.request.NettyRequestSender - Using open Channel [id: 0x49595386, L:/127.0.0.1:63752 - R:localhost/127.0.0.1:57377] for POST '/session/dd6a130c298afc2f5f67d3fef6ee7e63/element'
23:00:34.227 [AsyncHttpClient-1-2] DEBUG org.asynchttpclient.netty.handler.HttpHandler - 

Request DefaultHttpRequest(decodeResult: success, version: HTTP/1.1)
POST /session/dd6a130c298afc2f5f67d3fef6ee7e63/element HTTP/1.1
User-Agent: selenium/4.1.2 (java windows)
Content-Length: 87
Content-Type: application/json; charset=utf-8
host: localhost:57377
accept: */*

Response DefaultHttpResponse(decodeResult: success, version: HTTP/1.1)
HTTP/1.1 200 OK
Content-Type: application/json; charset=utf-8
cache-control: no-cache
content-length: 88

23:00:34.228 [AsyncHttpClient-1-2] DEBUG org.asynchttpclient.netty.channel.ChannelManager - Adding key: http://localhost:57377 for channel [id: 0x49595386, L:/127.0.0.1:63752 - R:localhost/127.0.0.1:57377]
23:00:34.232 [Forwarding sendKeysToElement on session dd6a130c298afc2f5f67d3fef6ee7e63 to remote] DEBUG org.asynchttpclient.netty.request.NettyRequestSender - Using pooled Channel '[id: 0x49595386, L:/127.0.0.1:63752 - R:localhost/127.0.0.1:57377]' for 'POST' to 'http://localhost:57377/session/dd6a130c298afc2f5f67d3fef6ee7e63/element/657ca153-13ad-4708-a4b2-9a2a14a92ecf/value'
23:00:34.233 [Forwarding sendKeysToElement on session dd6a130c298afc2f5f67d3fef6ee7e63 to remote] DEBUG org.asynchttpclient.netty.request.NettyRequestSender - Using open Channel [id: 0x49595386, L:/127.0.0.1:63752 - R:localhost/127.0.0.1:57377] for POST '/session/dd6a130c298afc2f5f67d3fef6ee7e63/element/657ca153-13ad-4708-a4b2-9a2a14a92ecf/value'
23:00:34.382 [AsyncHttpClient-1-2] DEBUG org.asynchttpclient.netty.handler.HttpHandler - 

Request DefaultHttpRequest(decodeResult: success, version: HTTP/1.1)
POST /session/dd6a130c298afc2f5f67d3fef6ee7e63/element/657ca153-13ad-4708-a4b2-9a2a14a92ecf/value HTTP/1.1
User-Agent: selenium/4.1.2 (java windows)
Content-Length: 131
Content-Type: application/json; charset=utf-8
host: localhost:57377
accept: */*

Response DefaultHttpResponse(decodeResult: success, version: HTTP/1.1)
HTTP/1.1 200 OK
Content-Type: application/json; charset=utf-8
cache-control: no-cache
content-length: 14

23:00:34.382 [AsyncHttpClient-1-2] DEBUG org.asynchttpclient.netty.channel.ChannelManager - Adding key: http://localhost:57377 for channel [id: 0x49595386, L:/127.0.0.1:63752 - R:localhost/127.0.0.1:57377]
23:00:34.395 [Forwarding screenshot on session dd6a130c298afc2f5f67d3fef6ee7e63 to remote] DEBUG org.asynchttpclient.netty.request.NettyRequestSender - Using pooled Channel '[id: 0x49595386, L:/127.0.0.1:63752 - R:localhost/127.0.0.1:57377]' for 'GET' to 'http://localhost:57377/session/dd6a130c298afc2f5f67d3fef6ee7e63/screenshot'
23:00:34.396 [Forwarding screenshot on session dd6a130c298afc2f5f67d3fef6ee7e63 to remote] DEBUG org.asynchttpclient.netty.request.NettyRequestSender - Using open Channel [id: 0x49595386, L:/127.0.0.1:63752 - R:localhost/127.0.0.1:57377] for GET '/session/dd6a130c298afc2f5f67d3fef6ee7e63/screenshot'
23:00:34.587 [AsyncHttpClient-1-2] DEBUG org.asynchttpclient.netty.handler.HttpHandler - 

Request DefaultFullHttpRequest(decodeResult: success, version: HTTP/1.1, content: EmptyByteBufBE)
GET /session/dd6a130c298afc2f5f67d3fef6ee7e63/screenshot HTTP/1.1
User-Agent: selenium/4.1.2 (java windows)
Cache-Control: no-cache
Content-Type: application/json; charset=utf-8
host: localhost:57377
accept: */*

Response DefaultHttpResponse(decodeResult: success, version: HTTP/1.1)
HTTP/1.1 200 OK
Content-Type: application/json; charset=utf-8
cache-control: no-cache
content-length: 49160

23:00:34.588 [AsyncHttpClient-1-2] DEBUG org.asynchttpclient.netty.channel.ChannelManager - Adding key: http://localhost:57377 for channel [id: 0x49595386, L:/127.0.0.1:63752 - R:localhost/127.0.0.1:57377]
23:00:34.593 [main] DEBUG net.serenitybdd.core.photography.Darkroom - Send negative for processing for target\site\serenity\c56111a0c2a53132f07d269190c18b20640022b87179eb23f1b0fbf6c330b30d.png
23:00:34.593 [main] DEBUG net.thucydides.core.steps.StepInterceptor - STEP DONE: typeMyPassword
23:00:34.593 [Darkroom Processing Line] DEBUG net.serenitybdd.core.photography.DarkroomProcessingLine - Processing screenshot image in /var/screenshots/screenshot-12027403130040501166
23:00:34.593 [Darkroom Processing Line] DEBUG net.serenitybdd.core.photography.DarkroomProcessingLine - Saving screenshot to target\site\serenity\c56111a0c2a53132f07d269190c18b20640022b87179eb23f1b0fbf6c330b30d.png
23:00:34.606 [main] DEBUG net.thucydides.core.steps.StepInterceptor - STARTING STEP: BuyProductsStep.iEnterPassword - clickLoginButton
23:00:34.617 [Forwarding findElement on session dd6a130c298afc2f5f67d3fef6ee7e63 to remote] DEBUG org.asynchttpclient.netty.request.NettyRequestSender - Using pooled Channel '[id: 0x49595386, L:/127.0.0.1:63752 - R:localhost/127.0.0.1:57377]' for 'POST' to 'http://localhost:57377/session/dd6a130c298afc2f5f67d3fef6ee7e63/element'
23:00:34.617 [Forwarding findElement on session dd6a130c298afc2f5f67d3fef6ee7e63 to remote] DEBUG org.asynchttpclient.netty.request.NettyRequestSender - Using open Channel [id: 0x49595386, L:/127.0.0.1:63752 - R:localhost/127.0.0.1:57377] for POST '/session/dd6a130c298afc2f5f67d3fef6ee7e63/element'
23:00:34.639 [AsyncHttpClient-1-2] DEBUG org.asynchttpclient.netty.handler.HttpHandler - 

Request DefaultHttpRequest(decodeResult: success, version: HTTP/1.1)
POST /session/dd6a130c298afc2f5f67d3fef6ee7e63/element HTTP/1.1
User-Agent: selenium/4.1.2 (java windows)
Content-Length: 155
Content-Type: application/json; charset=utf-8
host: localhost:57377
accept: */*

Response DefaultHttpResponse(decodeResult: success, version: HTTP/1.1)
HTTP/1.1 200 OK
Content-Type: application/json; charset=utf-8
cache-control: no-cache
content-length: 88

23:00:34.639 [AsyncHttpClient-1-2] DEBUG org.asynchttpclient.netty.channel.ChannelManager - Adding key: http://localhost:57377 for channel [id: 0x49595386, L:/127.0.0.1:63752 - R:localhost/127.0.0.1:57377]
23:00:34.643 [Forwarding getElementTagName on session dd6a130c298afc2f5f67d3fef6ee7e63 to remote] DEBUG org.asynchttpclient.netty.request.NettyRequestSender - Using pooled Channel '[id: 0x49595386, L:/127.0.0.1:63752 - R:localhost/127.0.0.1:57377]' for 'GET' to 'http://localhost:57377/session/dd6a130c298afc2f5f67d3fef6ee7e63/element/4d24a81d-722c-4718-a490-147d683ba2b9/name'
23:00:34.643 [Forwarding getElementTagName on session dd6a130c298afc2f5f67d3fef6ee7e63 to remote] DEBUG org.asynchttpclient.netty.request.NettyRequestSender - Using open Channel [id: 0x49595386, L:/127.0.0.1:63752 - R:localhost/127.0.0.1:57377] for GET '/session/dd6a130c298afc2f5f67d3fef6ee7e63/element/4d24a81d-722c-4718-a490-147d683ba2b9/name'
23:00:34.651 [AsyncHttpClient-1-2] DEBUG org.asynchttpclient.netty.handler.HttpHandler - 

Request DefaultFullHttpRequest(decodeResult: success, version: HTTP/1.1, content: EmptyByteBufBE)
GET /session/dd6a130c298afc2f5f67d3fef6ee7e63/element/4d24a81d-722c-4718-a490-147d683ba2b9/name HTTP/1.1
User-Agent: selenium/4.1.2 (java windows)
Cache-Control: no-cache
Content-Type: application/json; charset=utf-8
host: localhost:57377
accept: */*

Response DefaultHttpResponse(decodeResult: success, version: HTTP/1.1)
HTTP/1.1 200 OK
Content-Type: application/json; charset=utf-8
cache-control: no-cache
content-length: 18

23:00:34.653 [AsyncHttpClient-1-2] DEBUG org.asynchttpclient.netty.channel.ChannelManager - Adding key: http://localhost:57377 for channel [id: 0x49595386, L:/127.0.0.1:63752 - R:localhost/127.0.0.1:57377]
23:00:34.657 [Forwarding getElementTagName on session dd6a130c298afc2f5f67d3fef6ee7e63 to remote] DEBUG org.asynchttpclient.netty.request.NettyRequestSender - Using pooled Channel '[id: 0x49595386, L:/127.0.0.1:63752 - R:localhost/127.0.0.1:57377]' for 'GET' to 'http://localhost:57377/session/dd6a130c298afc2f5f67d3fef6ee7e63/element/4d24a81d-722c-4718-a490-147d683ba2b9/name'
23:00:34.657 [Forwarding getElementTagName on session dd6a130c298afc2f5f67d3fef6ee7e63 to remote] DEBUG org.asynchttpclient.netty.request.NettyRequestSender - Using open Channel [id: 0x49595386, L:/127.0.0.1:63752 - R:localhost/127.0.0.1:57377] for GET '/session/dd6a130c298afc2f5f67d3fef6ee7e63/element/4d24a81d-722c-4718-a490-147d683ba2b9/name'
23:00:34.664 [AsyncHttpClient-1-2] DEBUG org.asynchttpclient.netty.handler.HttpHandler - 

Request DefaultFullHttpRequest(decodeResult: success, version: HTTP/1.1, content: EmptyByteBufBE)
GET /session/dd6a130c298afc2f5f67d3fef6ee7e63/element/4d24a81d-722c-4718-a490-147d683ba2b9/name HTTP/1.1
User-Agent: selenium/4.1.2 (java windows)
Cache-Control: no-cache
Content-Type: application/json; charset=utf-8
host: localhost:57377
accept: */*

Response DefaultHttpResponse(decodeResult: success, version: HTTP/1.1)
HTTP/1.1 200 OK
Content-Type: application/json; charset=utf-8
cache-control: no-cache
content-length: 18

23:00:34.665 [AsyncHttpClient-1-2] DEBUG org.asynchttpclient.netty.channel.ChannelManager - Adding key: http://localhost:57377 for channel [id: 0x49595386, L:/127.0.0.1:63752 - R:localhost/127.0.0.1:57377]
23:00:34.675 [Forwarding isElementEnabled on session dd6a130c298afc2f5f67d3fef6ee7e63 to remote] DEBUG org.asynchttpclient.netty.request.NettyRequestSender - Using pooled Channel '[id: 0x49595386, L:/127.0.0.1:63752 - R:localhost/127.0.0.1:57377]' for 'GET' to 'http://localhost:57377/session/dd6a130c298afc2f5f67d3fef6ee7e63/element/4d24a81d-722c-4718-a490-147d683ba2b9/enabled'
23:00:34.675 [Forwarding isElementEnabled on session dd6a130c298afc2f5f67d3fef6ee7e63 to remote] DEBUG org.asynchttpclient.netty.request.NettyRequestSender - Using open Channel [id: 0x49595386, L:/127.0.0.1:63752 - R:localhost/127.0.0.1:57377] for GET '/session/dd6a130c298afc2f5f67d3fef6ee7e63/element/4d24a81d-722c-4718-a490-147d683ba2b9/enabled'
23:00:34.689 [AsyncHttpClient-1-2] DEBUG org.asynchttpclient.netty.handler.HttpHandler - 

Request DefaultFullHttpRequest(decodeResult: success, version: HTTP/1.1, content: EmptyByteBufBE)
GET /session/dd6a130c298afc2f5f67d3fef6ee7e63/element/4d24a81d-722c-4718-a490-147d683ba2b9/enabled HTTP/1.1
User-Agent: selenium/4.1.2 (java windows)
Cache-Control: no-cache
Content-Type: application/json; charset=utf-8
host: localhost:57377
accept: */*

Response DefaultHttpResponse(decodeResult: success, version: HTTP/1.1)
HTTP/1.1 200 OK
Content-Type: application/json; charset=utf-8
cache-control: no-cache
content-length: 14

23:00:34.689 [AsyncHttpClient-1-2] DEBUG org.asynchttpclient.netty.channel.ChannelManager - Adding key: http://localhost:57377 for channel [id: 0x49595386, L:/127.0.0.1:63752 - R:localhost/127.0.0.1:57377]
23:00:34.692 [Forwarding isElementEnabled on session dd6a130c298afc2f5f67d3fef6ee7e63 to remote] DEBUG org.asynchttpclient.netty.request.NettyRequestSender - Using pooled Channel '[id: 0x49595386, L:/127.0.0.1:63752 - R:localhost/127.0.0.1:57377]' for 'GET' to 'http://localhost:57377/session/dd6a130c298afc2f5f67d3fef6ee7e63/element/4d24a81d-722c-4718-a490-147d683ba2b9/enabled'
23:00:34.693 [Forwarding isElementEnabled on session dd6a130c298afc2f5f67d3fef6ee7e63 to remote] DEBUG org.asynchttpclient.netty.request.NettyRequestSender - Using open Channel [id: 0x49595386, L:/127.0.0.1:63752 - R:localhost/127.0.0.1:57377] for GET '/session/dd6a130c298afc2f5f67d3fef6ee7e63/element/4d24a81d-722c-4718-a490-147d683ba2b9/enabled'
23:00:34.705 [AsyncHttpClient-1-2] DEBUG org.asynchttpclient.netty.handler.HttpHandler - 

Request DefaultFullHttpRequest(decodeResult: success, version: HTTP/1.1, content: EmptyByteBufBE)
GET /session/dd6a130c298afc2f5f67d3fef6ee7e63/element/4d24a81d-722c-4718-a490-147d683ba2b9/enabled HTTP/1.1
User-Agent: selenium/4.1.2 (java windows)
Cache-Control: no-cache
Content-Type: application/json; charset=utf-8
host: localhost:57377
accept: */*

Response DefaultHttpResponse(decodeResult: success, version: HTTP/1.1)
HTTP/1.1 200 OK
Content-Type: application/json; charset=utf-8
cache-control: no-cache
content-length: 14

23:00:34.705 [AsyncHttpClient-1-2] DEBUG org.asynchttpclient.netty.channel.ChannelManager - Adding key: http://localhost:57377 for channel [id: 0x49595386, L:/127.0.0.1:63752 - R:localhost/127.0.0.1:57377]
23:00:34.710 [Forwarding findElement on session dd6a130c298afc2f5f67d3fef6ee7e63 to remote] DEBUG org.asynchttpclient.netty.request.NettyRequestSender - Using pooled Channel '[id: 0x49595386, L:/127.0.0.1:63752 - R:localhost/127.0.0.1:57377]' for 'POST' to 'http://localhost:57377/session/dd6a130c298afc2f5f67d3fef6ee7e63/element'
23:00:34.710 [Forwarding findElement on session dd6a130c298afc2f5f67d3fef6ee7e63 to remote] DEBUG org.asynchttpclient.netty.request.NettyRequestSender - Using open Channel [id: 0x49595386, L:/127.0.0.1:63752 - R:localhost/127.0.0.1:57377] for POST '/session/dd6a130c298afc2f5f67d3fef6ee7e63/element'
23:00:34.722 [AsyncHttpClient-1-2] DEBUG org.asynchttpclient.netty.handler.HttpHandler - 

Request DefaultHttpRequest(decodeResult: success, version: HTTP/1.1)
POST /session/dd6a130c298afc2f5f67d3fef6ee7e63/element HTTP/1.1
User-Agent: selenium/4.1.2 (java windows)
Content-Length: 155
Content-Type: application/json; charset=utf-8
host: localhost:57377
accept: */*

Response DefaultHttpResponse(decodeResult: success, version: HTTP/1.1)
HTTP/1.1 200 OK
Content-Type: application/json; charset=utf-8
cache-control: no-cache
content-length: 88

23:00:34.722 [AsyncHttpClient-1-2] DEBUG org.asynchttpclient.netty.channel.ChannelManager - Adding key: http://localhost:57377 for channel [id: 0x49595386, L:/127.0.0.1:63752 - R:localhost/127.0.0.1:57377]
23:00:34.725 [Forwarding clickElement on session dd6a130c298afc2f5f67d3fef6ee7e63 to remote] DEBUG org.asynchttpclient.netty.request.NettyRequestSender - Using pooled Channel '[id: 0x49595386, L:/127.0.0.1:63752 - R:localhost/127.0.0.1:57377]' for 'POST' to 'http://localhost:57377/session/dd6a130c298afc2f5f67d3fef6ee7e63/element/4d24a81d-722c-4718-a490-147d683ba2b9/click'
23:00:34.726 [Forwarding clickElement on session dd6a130c298afc2f5f67d3fef6ee7e63 to remote] DEBUG org.asynchttpclient.netty.request.NettyRequestSender - Using open Channel [id: 0x49595386, L:/127.0.0.1:63752 - R:localhost/127.0.0.1:57377] for POST '/session/dd6a130c298afc2f5f67d3fef6ee7e63/element/4d24a81d-722c-4718-a490-147d683ba2b9/click'
23:00:34.802 [AsyncHttpClient-1-2] DEBUG org.asynchttpclient.netty.handler.HttpHandler - 

Request DefaultHttpRequest(decodeResult: success, version: HTTP/1.1)
POST /session/dd6a130c298afc2f5f67d3fef6ee7e63/element/4d24a81d-722c-4718-a490-147d683ba2b9/click HTTP/1.1
User-Agent: selenium/4.1.2 (java windows)
Content-Length: 50
Content-Type: application/json; charset=utf-8
host: localhost:57377
accept: */*

Response DefaultHttpResponse(decodeResult: success, version: HTTP/1.1)
HTTP/1.1 200 OK
Content-Type: application/json; charset=utf-8
cache-control: no-cache
content-length: 14

23:00:34.802 [AsyncHttpClient-1-2] DEBUG org.asynchttpclient.netty.channel.ChannelManager - Adding key: http://localhost:57377 for channel [id: 0x49595386, L:/127.0.0.1:63752 - R:localhost/127.0.0.1:57377]
23:00:34.816 [Forwarding screenshot on session dd6a130c298afc2f5f67d3fef6ee7e63 to remote] DEBUG org.asynchttpclient.netty.request.NettyRequestSender - Using pooled Channel '[id: 0x49595386, L:/127.0.0.1:63752 - R:localhost/127.0.0.1:57377]' for 'GET' to 'http://localhost:57377/session/dd6a130c298afc2f5f67d3fef6ee7e63/screenshot'
23:00:34.816 [Forwarding screenshot on session dd6a130c298afc2f5f67d3fef6ee7e63 to remote] DEBUG org.asynchttpclient.netty.request.NettyRequestSender - Using open Channel [id: 0x49595386, L:/127.0.0.1:63752 - R:localhost/127.0.0.1:57377] for GET '/session/dd6a130c298afc2f5f67d3fef6ee7e63/screenshot'
23:00:35.208 [AsyncHttpClient-1-2] DEBUG org.asynchttpclient.netty.handler.HttpHandler - 

Request DefaultFullHttpRequest(decodeResult: success, version: HTTP/1.1, content: EmptyByteBufBE)
GET /session/dd6a130c298afc2f5f67d3fef6ee7e63/screenshot HTTP/1.1
User-Agent: selenium/4.1.2 (java windows)
Cache-Control: no-cache
Content-Type: application/json; charset=utf-8
host: localhost:57377
accept: */*

Response DefaultHttpResponse(decodeResult: success, version: HTTP/1.1)
HTTP/1.1 200 OK
Content-Type: application/json; charset=utf-8
cache-control: no-cache
content-length: 48040

23:00:35.209 [AsyncHttpClient-1-2] DEBUG org.asynchttpclient.netty.channel.ChannelManager - Adding key: http://localhost:57377 for channel [id: 0x49595386, L:/127.0.0.1:63752 - R:localhost/127.0.0.1:57377]
23:00:35.212 [main] DEBUG net.serenitybdd.core.photography.Darkroom - Send negative for processing for target\site\serenity\cb3548906d37354d46b8b5ce2611695ef6ebfb5ccd54ce9467551d2126819e9b.png
23:00:35.213 [main] DEBUG net.thucydides.core.steps.StepInterceptor - STEP DONE: clickLoginButton
  &amp#27;[32mAnd &amp#27;[0m&amp#27;[32mI enter password &amp#27;[0m&amp#27;[32m&amp#27;[1maiueo&amp#27;[0m                                       &amp#27;[90m# stepdefinitions.BuyProductsStep.iEnterPassword(java.lang.String)&amp#27;[0m
23:00:35.213 [Darkroom Processing Line] DEBUG net.serenitybdd.core.photography.DarkroomProcessingLine - Processing screenshot image in /var/screenshots/screenshot-9919843818827832948
23:00:35.213 [Darkroom Processing Line] DEBUG net.serenitybdd.core.photography.DarkroomProcessingLine - Saving screenshot to target\site\serenity\cb3548906d37354d46b8b5ce2611695ef6ebfb5ccd54ce9467551d2126819e9b.png
23:00:35.241 [main] DEBUG net.thucydides.core.steps.StepInterceptor - STARTING STEP: BuyProductsStep.iBuyTensiElektrik - buyTensiDarah
23:00:35.246 [Forwarding findElement on session dd6a130c298afc2f5f67d3fef6ee7e63 to remote] DEBUG org.asynchttpclient.netty.request.NettyRequestSender - Using pooled Channel '[id: 0x49595386, L:/127.0.0.1:63752 - R:localhost/127.0.0.1:57377]' for 'POST' to 'http://localhost:57377/session/dd6a130c298afc2f5f67d3fef6ee7e63/element'
23:00:35.246 [Forwarding findElement on session dd6a130c298afc2f5f67d3fef6ee7e63 to remote] DEBUG org.asynchttpclient.netty.request.NettyRequestSender - Using open Channel [id: 0x49595386, L:/127.0.0.1:63752 - R:localhost/127.0.0.1:57377] for POST '/session/dd6a130c298afc2f5f67d3fef6ee7e63/element'
23:00:37.310 [AsyncHttpClient-1-2] DEBUG org.asynchttpclient.netty.handler.HttpHandler - 

Request DefaultHttpRequest(decodeResult: success, version: HTTP/1.1)
POST /session/dd6a130c298afc2f5f67d3fef6ee7e63/element HTTP/1.1
User-Agent: selenium/4.1.2 (java windows)
Content-Length: 102
Content-Type: application/json; charset=utf-8
host: localhost:57377
accept: */*

Response DefaultHttpResponse(decodeResult: success, version: HTTP/1.1)
HTTP/1.1 404 Not Found
Content-Type: application/json; charset=utf-8
cache-control: no-cache
content-length: 1046

23:00:37.310 [AsyncHttpClient-1-2] DEBUG org.asynchttpclient.netty.channel.ChannelManager - Adding key: http://localhost:57377 for channel [id: 0x49595386, L:/127.0.0.1:63752 - R:localhost/127.0.0.1:57377]
23:00:37.445 [Forwarding findElement on session dd6a130c298afc2f5f67d3fef6ee7e63 to remote] DEBUG org.asynchttpclient.netty.request.NettyRequestSender - Using pooled Channel '[id: 0x49595386, L:/127.0.0.1:63752 - R:localhost/127.0.0.1:57377]' for 'POST' to 'http://localhost:57377/session/dd6a130c298afc2f5f67d3fef6ee7e63/element'
23:00:37.445 [Forwarding findElement on session dd6a130c298afc2f5f67d3fef6ee7e63 to remote] DEBUG org.asynchttpclient.netty.request.NettyRequestSender - Using open Channel [id: 0x49595386, L:/127.0.0.1:63752 - R:localhost/127.0.0.1:57377] for POST '/session/dd6a130c298afc2f5f67d3fef6ee7e63/element'
23:00:39.480 [AsyncHttpClient-1-2] DEBUG org.asynchttpclient.netty.handler.HttpHandler - 

Request DefaultHttpRequest(decodeResult: success, version: HTTP/1.1)
POST /session/dd6a130c298afc2f5f67d3fef6ee7e63/element HTTP/1.1
User-Agent: selenium/4.1.2 (java windows)
Content-Length: 102
Content-Type: application/json; charset=utf-8
host: localhost:57377
accept: */*

Response DefaultHttpResponse(decodeResult: success, version: HTTP/1.1)
HTTP/1.1 404 Not Found
Content-Type: application/json; charset=utf-8
cache-control: no-cache
content-length: 1046

23:00:39.480 [AsyncHttpClient-1-2] DEBUG org.asynchttpclient.netty.channel.ChannelManager - Adding key: http://localhost:57377 for channel [id: 0x49595386, L:/127.0.0.1:63752 - R:localhost/127.0.0.1:57377]
23:00:39.607 [Forwarding findElement on session dd6a130c298afc2f5f67d3fef6ee7e63 to remote] DEBUG org.asynchttpclient.netty.request.NettyRequestSender - Using pooled Channel '[id: 0x49595386, L:/127.0.0.1:63752 - R:localhost/127.0.0.1:57377]' for 'POST' to 'http://localhost:57377/session/dd6a130c298afc2f5f67d3fef6ee7e63/element'
23:00:39.608 [Forwarding findElement on session dd6a130c298afc2f5f67d3fef6ee7e63 to remote] DEBUG org.asynchttpclient.netty.request.NettyRequestSender - Using open Channel [id: 0x49595386, L:/127.0.0.1:63752 - R:localhost/127.0.0.1:57377] for POST '/session/dd6a130c298afc2f5f67d3fef6ee7e63/element'
23:00:41.687 [AsyncHttpClient-1-2] DEBUG org.asynchttpclient.netty.handler.HttpHandler - 

Request DefaultHttpRequest(decodeResult: success, version: HTTP/1.1)
POST /session/dd6a130c298afc2f5f67d3fef6ee7e63/element HTTP/1.1
User-Agent: selenium/4.1.2 (java windows)
Content-Length: 102
Content-Type: application/json; charset=utf-8
host: localhost:57377
accept: */*

Response DefaultHttpResponse(decodeResult: success, version: HTTP/1.1)
HTTP/1.1 404 Not Found
Content-Type: application/json; charset=utf-8
cache-control: no-cache
content-length: 1046

23:00:41.687 [AsyncHttpClient-1-2] DEBUG org.asynchttpclient.netty.channel.ChannelManager - Adding key: http://localhost:57377 for channel [id: 0x49595386, L:/127.0.0.1:63752 - R:localhost/127.0.0.1:57377]
23:00:41.715 [Forwarding screenshot on session dd6a130c298afc2f5f67d3fef6ee7e63 to remote] DEBUG org.asynchttpclient.netty.request.NettyRequestSender - Using pooled Channel '[id: 0x49595386, L:/127.0.0.1:63752 - R:localhost/127.0.0.1:57377]' for 'GET' to 'http://localhost:57377/session/dd6a130c298afc2f5f67d3fef6ee7e63/screenshot'
23:00:41.715 [Forwarding screenshot on session dd6a130c298afc2f5f67d3fef6ee7e63 to remote] DEBUG org.asynchttpclient.netty.request.NettyRequestSender - Using open Channel [id: 0x49595386, L:/127.0.0.1:63752 - R:localhost/127.0.0.1:57377] for GET '/session/dd6a130c298afc2f5f67d3fef6ee7e63/screenshot'
23:00:41.982 [AsyncHttpClient-1-2] DEBUG org.asynchttpclient.netty.handler.HttpHandler - 

Request DefaultFullHttpRequest(decodeResult: success, version: HTTP/1.1, content: EmptyByteBufBE)
GET /session/dd6a130c298afc2f5f67d3fef6ee7e63/screenshot HTTP/1.1
User-Agent: selenium/4.1.2 (java windows)
Cache-Control: no-cache
Content-Type: application/json; charset=utf-8
host: localhost:57377
accept: */*

Response DefaultHttpResponse(decodeResult: success, version: HTTP/1.1)
HTTP/1.1 200 OK
Content-Type: application/json; charset=utf-8
cache-control: no-cache
content-length: 26156

23:00:41.983 [AsyncHttpClient-1-2] DEBUG org.asynchttpclient.netty.channel.ChannelManager - Adding key: http://localhost:57377 for channel [id: 0x49595386, L:/127.0.0.1:63752 - R:localhost/127.0.0.1:57377]
23:00:41.992 [main] DEBUG net.serenitybdd.core.photography.Darkroom - Send negative for processing for target\site\serenity\27a6930d5ae3e4ee8f0273d43f5bae9910d01892279377a63483aa0b4d4bd05b.png
23:00:41.993 [Darkroom Processing Line] DEBUG net.serenitybdd.core.photography.DarkroomProcessingLine - Processing screenshot image in /var/screenshots/screenshot-1844679830510048601
23:00:41.993 [Darkroom Processing Line] DEBUG net.serenitybdd.core.photography.DarkroomProcessingLine - Saving screenshot to target\site\serenity\27a6930d5ae3e4ee8f0273d43f5bae9910d01892279377a63483aa0b4d4bd05b.png
23:00:42.008 [Forwarding getPageSource on session dd6a130c298afc2f5f67d3fef6ee7e63 to remote] DEBUG org.asynchttpclient.netty.request.NettyRequestSender - Using pooled Channel '[id: 0x49595386, L:/127.0.0.1:63752 - R:localhost/127.0.0.1:57377]' for 'POST' to 'http://localhost:57377/session/dd6a130c298afc2f5f67d3fef6ee7e63/execute/sync'
23:00:42.009 [Forwarding getPageSource on session dd6a130c298afc2f5f67d3fef6ee7e63 to remote] DEBUG org.asynchttpclient.netty.request.NettyRequestSender - Using open Channel [id: 0x49595386, L:/127.0.0.1:63752 - R:localhost/127.0.0.1:57377] for POST '/session/dd6a130c298afc2f5f67d3fef6ee7e63/execute/sync'
23:00:42.026 [AsyncHttpClient-1-2] DEBUG org.asynchttpclient.netty.handler.HttpHandler - 

Request DefaultHttpRequest(decodeResult: success, version: HTTP/1.1)
POST /session/dd6a130c298afc2f5f67d3fef6ee7e63/execute/sync HTTP/1.1
User-Agent: selenium/4.1.2 (java windows)
Content-Length: 176
Content-Type: application/json; charset=utf-8
host: localhost:57377
accept: */*

Response DefaultHttpResponse(decodeResult: success, version: HTTP/1.1)
HTTP/1.1 200 OK
Content-Type: application/json; charset=utf-8
cache-control: no-cache
content-length: 28798

23:00:42.027 [AsyncHttpClient-1-2] DEBUG org.asynchttpclient.netty.channel.ChannelManager - Adding key: http://localhost:57377 for channel [id: 0x49595386, L:/127.0.0.1:63752 - R:localhost/127.0.0.1:57377]
23:00:42.262 [Forwarding getCurrentUrl on session dd6a130c298afc2f5f67d3fef6ee7e63 to remote] DEBUG org.asynchttpclient.netty.request.NettyRequestSender - Using pooled Channel '[id: 0x49595386, L:/127.0.0.1:63752 - R:localhost/127.0.0.1:57377]' for 'GET' to 'http://localhost:57377/session/dd6a130c298afc2f5f67d3fef6ee7e63/url'
23:00:42.263 [Forwarding getCurrentUrl on session dd6a130c298afc2f5f67d3fef6ee7e63 to remote] DEBUG org.asynchttpclient.netty.request.NettyRequestSender - Using open Channel [id: 0x49595386, L:/127.0.0.1:63752 - R:localhost/127.0.0.1:57377] for GET '/session/dd6a130c298afc2f5f67d3fef6ee7e63/url'
23:00:42.273 [AsyncHttpClient-1-2] DEBUG org.asynchttpclient.netty.handler.HttpHandler - 

Request DefaultFullHttpRequest(decodeResult: success, version: HTTP/1.1, content: EmptyByteBufBE)
GET /session/dd6a130c298afc2f5f67d3fef6ee7e63/url HTTP/1.1
User-Agent: selenium/4.1.2 (java windows)
Cache-Control: no-cache
Content-Type: application/json; charset=utf-8
host: localhost:57377
accept: */*

Response DefaultHttpResponse(decodeResult: success, version: HTTP/1.1)
HTTP/1.1 200 OK
Content-Type: application/json; charset=utf-8
cache-control: no-cache
content-length: 31

23:00:42.273 [AsyncHttpClient-1-2] DEBUG org.asynchttpclient.netty.channel.ChannelManager - Adding key: http://localhost:57377 for channel [id: 0x49595386, L:/127.0.0.1:63752 - R:localhost/127.0.0.1:57377]
  &amp#27;[31mAnd &amp#27;[0m&amp#27;[31mFirst I buy &amp#27;[0m&amp#27;[31m&amp#27;[1mTensi Darah Eelktrik&amp#27;[0m                             &amp#27;[90m# stepdefinitions.BuyProductsStep.iBuyTensiElektrik(java.lang.String)&amp#27;[0m
      &amp#27;[31mnet.thucydides.core.webdriver.exceptions.ElementShouldBeEnabledException: Expected enabled element was not enabled
	at net.serenitybdd.core.pages.WebElementFacadeImpl.waitUntilEnabled(WebElementFacadeImpl.java:1100)
	at net.serenitybdd.core.pages.WebElementFacadeImpl.waitUntilElementAvailable(WebElementFacadeImpl.java:888)
	at net.serenitybdd.core.pages.WebElementFacadeImpl.click(WebElementFacadeImpl.java:1182)
	at net.serenitybdd.core.pages.WebElementFacadeImpl.click(WebElementFacadeImpl.java:1201)
	at FrontEnd.AltaShop@1.0-SNAPSHOT/starter.BuyProducts.buyTensiDarah(BuyProducts.java:16)
	at FrontEnd.AltaShop@1.0-SNAPSHOT/starter.BuyProducts$ByteBuddy$GenhiUJH.buyTensiDarah$accessor$wlLpQZSU(Unknown Source)
	at java.base/jdk.internal.reflect.NativeMethodAccessorImpl.invoke0(Native Method)
	at java.base/jdk.internal.reflect.NativeMethodAccessorImpl.invoke(NativeMethodAccessorImpl.java:62)
	at java.base/jdk.internal.reflect.DelegatingMethodAccessorImpl.invoke(DelegatingMethodAccessorImpl.java:43)
	at java.base/java.lang.reflect.Method.invoke(Method.java:566)
	at net.thucydides.core.steps.StepInterceptor.invokeMethod(StepInterceptor.java:503)
	at net.thucydides.core.steps.StepInterceptor.executeTestStepMethod(StepInterceptor.java:483)
	at net.thucydides.core.steps.StepInterceptor.runTestStep(StepInterceptor.java:457)
	at net.thucydides.core.steps.StepInterceptor.runOrSkipMethod(StepInterceptor.java:209)
	at net.thucydides.core.steps.StepInterceptor.testStepResult(StepInterceptor.java:196)
	at net.thucydides.core.steps.StepInterceptor.intercept(StepInterceptor.java:84)
	at net.thucydides.core.steps.ProxyConfiguration$InterceptorDispatcher.intercept(ProxyConfiguration.java:51)
	at FrontEnd.AltaShop@1.0-SNAPSHOT/starter.BuyProducts$ByteBuddy$GenhiUJH.buyTensiDarah(Unknown Source)
	at FrontEnd.AltaShop@1.0-SNAPSHOT/stepdefinitions.BuyProductsStep.iBuyTensiElektrik(BuyProductsStep.java:31)
	at âœ½.First I buy Tensi Darah Eelktrik(file:///D:/Mini%20Project-QE%20Alta/Web%20Automation/FrontEnd-AltaShop/src/test/resources/features/BuyProducts.feature:7)
Caused by: org.openqa.selenium.TimeoutException: Expected condition failed: waiting for By.xpath: (//div/*[@class="mt-3"]//button[2])[1] to be enabled (tried for 5 second(s) with 100 milliseconds interval)
	at org.openqa.selenium.support.ui.FluentWait.timeoutException(FluentWait.java:263)
	at org.openqa.selenium.support.ui.FluentWait.until(FluentWait.java:231)
	at net.serenitybdd.core.pages.WebElementFacadeImpl.waitUntilEnabled(WebElementFacadeImpl.java:1097)
	at net.serenitybdd.core.pages.WebElementFacadeImpl.waitUntilElementAvailable(WebElementFacadeImpl.java:888)
	at net.serenitybdd.core.pages.WebElementFacadeImpl.click(WebElementFacadeImpl.java:1182)
	at net.serenitybdd.core.pages.WebElementFacadeImpl.click(WebElementFacadeImpl.java:1201)
	at FrontEnd.AltaShop@1.0-SNAPSHOT/starter.BuyProducts.buyTensiDarah(BuyProducts.java:16)
	at FrontEnd.AltaShop@1.0-SNAPSHOT/starter.BuyProducts$ByteBuddy$GenhiUJH.buyTensiDarah$accessor$wlLpQZSU(Unknown Source)
	at java.base/jdk.internal.reflect.NativeMethodAccessorImpl.invoke0(Native Method)
	at java.base/jdk.internal.reflect.NativeMethodAccessorImpl.invoke(NativeMethodAccessorImpl.java:62)
	at java.base/jdk.internal.reflect.DelegatingMethodAccessorImpl.invoke(DelegatingMethodAccessorImpl.java:43)
	at java.base/java.lang.reflect.Method.invoke(Method.java:566)
	at net.thucydides.core.steps.StepInterceptor.invokeMethod(StepInterceptor.java:503)
	at net.thucydides.core.steps.StepInterceptor.executeTestStepMethod(StepInterceptor.java:483)
	at net.thucydides.core.steps.StepInterceptor.runTestStep(StepInterceptor.java:457)
	at net.thucydides.core.steps.StepInterceptor.runOrSkipMethod(StepInterceptor.java:209)
	at net.thucydides.core.steps.StepInterceptor.testStepResult(StepInterceptor.java:196)
	at net.thucydides.core.steps.StepInterceptor.intercept(StepInterceptor.java:84)
	at net.thucydides.core.steps.ProxyConfiguration$InterceptorDispatcher.intercept(ProxyConfiguration.java:51)
	at FrontEnd.AltaShop@1.0-SNAPSHOT/starter.BuyProducts$ByteBuddy$GenhiUJH.buyTensiDarah(Unknown Source)
	at FrontEnd.AltaShop@1.0-SNAPSHOT/stepdefinitions.BuyProductsStep.iBuyTensiElektrik(BuyProductsStep.java:31)
	at java.base/jdk.internal.reflect.NativeMethodAccessorImpl.invoke0(Native Method)
	at java.base/jdk.internal.reflect.NativeMethodAccessorImpl.invoke(NativeMethodAccessorImpl.java:62)
	at java.base/jdk.internal.reflect.DelegatingMethodAccessorImpl.invoke(DelegatingMethodAccessorImpl.java:43)
	at java.base/java.lang.reflect.Method.invoke(Method.java:566)
	at io.cucumber.java.Invoker.doInvoke(Invoker.java:66)
	at io.cucumber.java.Invoker.invoke(Invoker.java:24)
	at io.cucumber.java.AbstractGlueDefinition.invokeMethod(AbstractGlueDefinition.java:47)
	at io.cucumber.java.JavaStepDefinition.execute(JavaStepDefinition.java:29)
	at io.cucumber.core.runner.CoreStepDefinition.execute(CoreStepDefinition.java:66)
	at io.cucumber.core.runner.PickleStepDefinitionMatch.runStep(PickleStepDefinitionMatch.java:63)
	at io.cucumber.core.runner.ExecutionMode$1.execute(ExecutionMode.java:10)
	at io.cucumber.core.runner.TestStep.executeStep(TestStep.java:86)
	at io.cucumber.core.runner.TestStep.run(TestStep.java:57)
	at io.cucumber.core.runner.PickleStepTestStep.run(PickleStepTestStep.java:51)
	at io.cucumber.core.runner.TestCase.run(TestCase.java:95)
	at io.cucumber.core.runner.Runner.runPickle(Runner.java:75)
	at io.cucumber.junit.PickleRunners$NoStepDescriptions.lambda$run$0(PickleRunners.java:151)
	at io.cucumber.core.runtime.CucumberExecutionContext.lambda$runTestCase$3(CucumberExecutionContext.java:151)
	at io.cucumber.core.runtime.RethrowingThrowableCollector.executeAndThrow(RethrowingThrowableCollector.java:23)
	at io.cucumber.core.runtime.CucumberExecutionContext.runTestCase(CucumberExecutionContext.java:151)
	at io.cucumber.junit.PickleRunners$NoStepDescriptions.run(PickleRunners.java:148)
	at io.cucumber.junit.FeatureRunner.runChild(FeatureRunner.java:144)
	at io.cucumber.junit.FeatureRunner.runChild(FeatureRunner.java:28)
	at org.junit.runners.ParentRunner$4.run(ParentRunner.java:331)
	at org.junit.runners.ParentRunner$1.schedule(ParentRunner.java:79)
	at org.junit.runners.ParentRunner.runChildren(ParentRunner.java:329)
	at org.junit.runners.ParentRunner.access$100(ParentRunner.java:66)
	at org.junit.runners.ParentRunner$2.evaluate(ParentRunner.java:293)
	at org.junit.runners.ParentRunner$3.evaluate(ParentRunner.java:306)
	at org.junit.runners.ParentRunner.run(ParentRunner.java:413)
	at io.cucumber.junit.FeatureRunner.run(FeatureRunner.java:137)
	at io.cucumber.junit.CucumberSerenityRunner.runChild(CucumberSerenityRunner.java:258)
	at io.cucumber.junit.CucumberSerenityRunner.runChild(CucumberSerenityRunner.java:58)
	at org.junit.runners.ParentRunner$4.run(ParentRunner.java:331)
	at org.junit.runners.ParentRunner$1.schedule(ParentRunner.java:79)
	at org.junit.runners.ParentRunner.runChildren(ParentRunner.java:329)
	at org.junit.runners.ParentRunner.access$100(ParentRunner.java:66)
	at org.junit.runners.ParentRunner$2.evaluate(ParentRunner.java:293)
	at io.cucumber.junit.CucumberSerenityRunner$RunCucumber.evaluate(CucumberSerenityRunner.java:287)
	at org.junit.runners.ParentRunner$3.evaluate(ParentRunner.java:306)
	at org.junit.runners.ParentRunner.run(ParentRunner.java:413)
	at org.junit.runner.JUnitCore.run(JUnitCore.java:137)
	at org.junit.runner.JUnitCore.run(JUnitCore.java:115)
	at org.junit.vintage.engine.execution.RunnerExecutor.execute(RunnerExecutor.java:42)
	at org.junit.vintage.engine.VintageTestEngine.executeAllChildren(VintageTestEngine.java:80)
	at org.junit.vintage.engine.VintageTestEngine.execute(VintageTestEngine.java:72)
	at org.junit.platform.launcher.core.EngineExecutionOrchestrator.execute(EngineExecutionOrchestrator.java:107)
	at org.junit.platform.launcher.core.EngineExecutionOrchestrator.execute(EngineExecutionOrchestrator.java:88)
	at org.junit.platform.launcher.core.EngineExecutionOrchestrator.lambda$execute$0(EngineExecutionOrchestrator.java:54)
	at org.junit.platform.launcher.core.EngineExecutionOrchestrator.withInterceptedStreams(EngineExecutionOrchestrator.java:67)
	at org.junit.platform.launcher.core.EngineExecutionOrchestrator.execute(EngineExecutionOrchestrator.java:52)
	at org.junit.platform.launcher.core.DefaultLauncher.execute(DefaultLauncher.java:114)
	at org.junit.platform.launcher.core.DefaultLauncher.execute(DefaultLauncher.java:86)
	at org.junit.platform.launcher.core.DefaultLauncherSession$DelegatingLauncher.execute(DefaultLauncherSession.java:86)
	at org.junit.platform.launcher.core.SessionPerRequestLauncher.execute(SessionPerRequestLauncher.java:53)
	at org.apache.maven.surefire.junitplatform.JUnitPlatformProvider.execute(JUnitPlatformProvider.java:188)
	at org.apache.maven.surefire.junitplatform.JUnitPlatformProvider.invokeAllTests(JUnitPlatformProvider.java:154)
	at org.apache.maven.surefire.junitplatform.JUnitPlatformProvider.invoke(JUnitPlatformProvider.java:128)
	at org.apache.maven.surefire.booter.ForkedBooter.runSuitesInProcess(ForkedBooter.java:428)
	at org.apache.maven.surefire.booter.ForkedBooter.execute(ForkedBooter.java:162)
	at org.apache.maven.surefire.booter.ForkedBooter.run(ForkedBooter.java:562)
	at org.apache.maven.surefire.booter.ForkedBooter.main(ForkedBooter.java:548)
Caused by: org.openqa.selenium.NoSuchElementException: no such element: Unable to locate element: {"method":"xpath","selector":"(//div/*[@class="mt-3"]//button[2])[1]"}
  (Session info: chrome=101.0.4951.67)
For documentation on this error, please visit: https://selenium.dev/exceptions/#no_such_element
Build info: version: '4.1.2', revision: '9a5a329c5a'
System info: host: 'LAPTOP-9MG0RTAB', ip: '192.168.172.95', os.name: 'Windows 10', os.arch: 'amd64', os.version: '10.0', java.version: '11.0.14'
Driver info: org.openqa.selenium.chrome.ChromeDriver
Command: [dd6a130c298afc2f5f67d3fef6ee7e63, findElement {using=xpath, value=(//div/*[@class="mt-3"]//button[2])[1]}]
Capabilities {acceptInsecureCerts: false, browserName: chrome, browserVersion: 101.0.4951.67, chrome: {chromedriverVersion: 101.0.4951.41 (93c720db8323..., userDataDir: C:\Users\SITINU~1\AppData\L...}, goog:chromeOptions: {debuggerAddress: localhost:63754}, javascriptEnabled: true, networkConnectionEnabled: false, pageLoadStrategy: normal, platform: WINDOWS, platformName: WINDOWS, proxy: Proxy(), se:cdp: ws://localhost:63754/devtoo..., se:cdpVersion: 101.0.4951.67, setWindowRect: true, strictFileInteractability: false, timeouts: {implicit: 0, pageLoad: 300000, script: 30000}, unhandledPromptBehavior: dismiss and notify, webauthn:extension:credBlob: true, webauthn:extension:largeBlob: true, webauthn:virtualAuthenticators: true}
Session ID: dd6a130c298afc2f5f67d3fef6ee7e63
	at java.base/jdk.internal.reflect.NativeConstructorAccessorImpl.newInstance0(Native Method)
	at java.base/jdk.internal.reflect.NativeConstructorAccessorImpl.newInstance(NativeConstructorAccessorImpl.java:62)
	at java.base/jdk.internal.reflect.DelegatingConstructorAccessorImpl.newInstance(DelegatingConstructorAccessorImpl.java:45)
	at java.base/java.lang.reflect.Constructor.newInstance(Constructor.java:490)
	at org.openqa.selenium.remote.codec.w3c.W3CHttpResponseCodec.createException(W3CHttpResponseCodec.java:200)
	at org.openqa.selenium.remote.codec.w3c.W3CHttpResponseCodec.decode(W3CHttpResponseCodec.java:133)
	at org.openqa.selenium.remote.codec.w3c.W3CHttpResponseCodec.decode(W3CHttpResponseCodec.java:53)
	at org.openqa.selenium.remote.HttpCommandExecutor.execute(HttpCommandExecutor.java:184)
	at org.openqa.selenium.remote.service.DriverCommandExecutor.invokeExecute(DriverCommandExecutor.java:167)
	at org.openqa.selenium.remote.service.DriverCommandExecutor.execute(DriverCommandExecutor.java:142)
	at org.openqa.selenium.remote.RemoteWebDriver.execute(RemoteWebDriver.java:558)
	at org.openqa.selenium.remote.ElementLocation$ElementFinder$2.findElement(ElementLocation.java:162)
	at org.openqa.selenium.remote.ElementLocation.findElement(ElementLocation.java:60)
	at org.openqa.selenium.remote.RemoteWebDriver.findElement(RemoteWebDriver.java:382)
	at org.openqa.selenium.remote.RemoteWebDriver.findElement(RemoteWebDriver.java:374)
	at net.thucydides.core.webdriver.WebDriverFacade.findElement(WebDriverFacade.java:224)
	at net.serenitybdd.core.pages.WebElementResolverByLocator.resolveForDriver(WebElementResolverByLocator.java:25)
	at net.serenitybdd.core.pages.WebElementFacadeImpl.getResolvedElement(WebElementFacadeImpl.java:191)
	at net.serenitybdd.core.pages.WebElementFacadeImpl.getElement(WebElementFacadeImpl.java:186)
	at net.serenitybdd.core.pages.WebElementExpectations$3.apply(WebElementExpectations.java:63)
	at net.serenitybdd.core.pages.WebElementExpectations$3.apply(WebElementExpectations.java:55)
	at org.openqa.selenium.support.ui.FluentWait.until(FluentWait.java:208)
	... 81 more
&amp#27;[0m
  &amp#27;[36mAnd &amp#27;[0m&amp#27;[36mSecond I buy &amp#27;[0m&amp#27;[36m&amp#27;[1mCamera&amp#27;[0m                                          &amp#27;[90m# stepdefinitions.BuyProductsStep.iBuyCamera(java.lang.String)&amp#27;[0m
  &amp#27;[36mAnd &amp#27;[0m&amp#27;[36mThird I buy &amp#27;[0m&amp#27;[36m&amp#27;[1mCincin Emas&amp#27;[0m                                      &amp#27;[90m# stepdefinitions.BuyProductsStep.iBuyCincinEmas(java.lang.String)&amp#27;[0m
  &amp#27;[36mAnd &amp#27;[0m&amp#27;[36mI click chart button&amp#27;[0m                                         &amp#27;[90m# stepdefinitions.BuyProductsStep.iclickChartButton()&amp#27;[0m
  &amp#27;[36mThen &amp#27;[0m&amp#27;[36mI on order page and The product I bought it is here&amp#27;[0m         &amp#27;[90m# stepdefinitions.BuyProductsStep.onOrderPageAndTheProductIsHere()&amp#27;[0m
23:00:42.670 [main] ERROR  - 
  _____   ___   ___   _____     ___     _     ___   _      ___   ___  
 |_   _| | __| / __| |_   _|   | __|   /_\   |_ _| | |    | __| |   \ 
   | |   | _|  \__ \   | |     | _|   / _ \   | |  | |__  | _|  | |) |
   |_|   |___| |___/   |_|     |_|   /_/ \_\ |___| |____| |___| |___/ 

As a user, i have able to buy a product and add to chart
-----------------------------------------------------------------------
23:00:42.678 [main] DEBUG  - RELATED ISSUES: 
23:00:42.683 [main] ERROR  -     Test failed at step: Buy tensi darah: Tensi Darah Eelktrik
23:00:42.689 [main] ERROR  -     Expected enabled element was not enabled
23:00:42.764 [AsyncHttpClient-1-1] DEBUG org.asynchttpclient.netty.channel.DefaultChannelPool - Entry count for : http://localhost:57377 : 1
23:00:43.029 [AsyncHttpClient-1-4] DEBUG org.asynchttpclient.netty.handler.WebSocketHandler - Channel Closed: [id: 0x5ba0b924, L:/127.0.0.1:63764 ! R:localhost/127.0.0.1:63754] with attribute NettyResponseFuture{currentRetry=5,
	isDone=1,
	isCancelled=0,
	asyncHandler=org.asynchttpclient.ws.WebSocketUpgradeHandler@6f70ffc,
	nettyRequest=org.asynchttpclient.netty.request.NettyRequest@3d60d252,
	future=java.util.concurrent.CompletableFuture@2e775ad1[Completed normally],
	uri=ws://localhost:63754/devtools/browser/981285ce-4dd6-46af-b6be-f3bebdbde233,
	keepAlive=true,
	redirectCount=0,
	timeoutsHolder=null,
	inAuth=0,
	touch=1653062373003}
23:00:43.029 [Driver Command Executor] DEBUG org.asynchttpclient.netty.request.NettyRequestSender - Using pooled Channel '[id: 0x49595386, L:/127.0.0.1:63752 - R:localhost/127.0.0.1:57377]' for 'DELETE' to 'http://localhost:57377/session/dd6a130c298afc2f5f67d3fef6ee7e63'
23:00:43.029 [Driver Command Executor] DEBUG org.asynchttpclient.netty.request.NettyRequestSender - Using open Channel [id: 0x49595386, L:/127.0.0.1:63752 - R:localhost/127.0.0.1:57377] for DELETE '/session/dd6a130c298afc2f5f67d3fef6ee7e63'
23:00:43.030 [AsyncHttpClient-1-4] DEBUG org.asynchttpclient.netty.channel.ChannelManager - Closing Channel [id: 0x5ba0b924, L:/127.0.0.1:63764 ! R:localhost/127.0.0.1:63754] 
23:00:43.244 [AsyncHttpClient-1-2] DEBUG org.asynchttpclient.netty.handler.HttpHandler - 

Request DefaultFullHttpRequest(decodeResult: success, version: HTTP/1.1, content: EmptyByteBufBE)
DELETE /session/dd6a130c298afc2f5f67d3fef6ee7e63 HTTP/1.1
User-Agent: selenium/4.1.2 (java windows)
Content-Type: application/json; charset=utf-8
host: localhost:57377
accept: */*

Response DefaultHttpResponse(decodeResult: success, version: HTTP/1.1)
HTTP/1.1 200 OK
Content-Type: application/json; charset=utf-8
cache-control: no-cache
content-length: 14

23:00:43.245 [AsyncHttpClient-1-2] DEBUG org.asynchttpclient.netty.channel.ChannelManager - Adding key: http://localhost:57377 for channel [id: 0x49595386, L:/127.0.0.1:63752 - R:localhost/127.0.0.1:57377]
23:00:43.721 [AsyncHttpClient-1-2] DEBUG org.asynchttpclient.netty.handler.HttpHandler - Channel Closed: [id: 0x49595386, L:/127.0.0.1:63752 ! R:localhost/127.0.0.1:57377] with attribute DISCARD
23:00:43.858 [AsyncHttpClient-1-1] DEBUG org.asynchttpclient.netty.channel.DefaultChannelPool - Entry count for : http://localhost:57377 : 1
23:00:43.858 [AsyncHttpClient-1-1] DEBUG org.asynchttpclient.netty.channel.DefaultChannelPool - Adding Candidate expired Channel [id: 0x49595386, L:/127.0.0.1:63752 ! R:localhost/127.0.0.1:57377] isIdleTimeoutExpired=false isRemotelyClosed=true isTtlExpired=false
23:00:43.858 [AsyncHttpClient-1-1] DEBUG org.asynchttpclient.netty.channel.DefaultChannelPool - Closing Idle Channel [id: 0x49595386, L:/127.0.0.1:63752 ! R:localhost/127.0.0.1:57377]
23:00:43.858 [AsyncHttpClient-1-1] DEBUG org.asynchttpclient.netty.channel.DefaultChannelPool - Closed 1 connections out of 1 in 0 ms
]]></system-out>
    <system-err><![CDATA[Starting ChromeDriver 101.0.4951.41 (93c720db8323b3ec10d056025ab95c23a31997c9-refs/branch-heads/4951@{#904}) on port 57377
Only local connections are allowed.
Please see https://chromedriver.chromium.org/security-considerations for suggestions on keeping ChromeDriver safe.
ChromeDriver was started successfully.
May 20, 2022 10:59:32 PM org.openqa.selenium.remote.ProtocolHandshake createSession
INFO: Detected dialect: W3C
May 20, 2022 10:59:33 PM org.openqa.selenium.devtools.CdpVersionFinder findNearestMatch
WARNING: Unable to find an exact match for CDP version 101, so returning the closest version found: 97
May 20, 2022 10:59:33 PM org.openqa.selenium.devtools.CdpVersionFinder findNearestMatch
INFO: Found CDP implementation for version 101 of 97
]]></system-err>
  </testcase>
  <testcase name="As a user, i have not able to buy a product and add to chart" classname="Buy Product" time="0.513">
    <system-out><![CDATA[
Scenario: As a user, i have not able to buy a product and add to chart &amp#27;[90m# src/test/resources/features/BuyProducts.feature:14&amp#27;[0m
23:00:44.326 [main] INFO io.cucumber.core.plugin.SerenityReporter - Running feature from file:///D:/Mini%20Project-QE%20Alta/Web%20Automation/FrontEnd-AltaShop/src/test/resources/features/BuyProducts.feature
23:00:44.364 [main] INFO  - 
  _____   ___   ___   _____     ___   _____     _     ___   _____   ___   ___  
 |_   _| | __| / __| |_   _|   / __| |_   _|   /_\   | _ \ |_   _| | __| |   \ 
   | |   | _|  \__ \   | |     \__ \   | |    / _ \  |   /   | |   | _|  | |) |
   |_|   |___| |___/   |_|     |___/   |_|   /_/ \_\ |_|_\   |_|   |___| |___/ 

As a user, i have not able to buy a product and add to chart(buy-product;as-a-user--i-have-not-able-to-buy-a-product-and-add-to-chart)
--------------------------------------------------------------------------------
23:00:44.560 [main] DEBUG net.thucydides.core.steps.StepInterceptor - STARTING STEP: BuyProductsStep.iAmAtHomePage - validateOnHomePage
23:00:44.573 [main] DEBUG net.thucydides.core.steps.StepInterceptor - STEP DONE: validateOnHomePage
  &amp#27;[32mGiven &amp#27;[0m&amp#27;[32m&amp#27;[0m&amp#27;[32m&amp#27;[1mI&amp#27;[0m&amp#27;[32m am at home page&amp#27;[0m                                              &amp#27;[90m# stepdefinitions.BuyProductsStep.iAmAtHomePage(java.lang.String)&amp#27;[0m
23:00:44.664 [main] DEBUG net.thucydides.core.steps.StepInterceptor - STARTING STEP: BuyProductsStep.iBeliTensiDarah - buyTensiDarah
23:00:44.681 [main] DEBUG net.thucydides.core.steps.StepInterceptor - STEP DONE: buyTensiDarah
  &amp#27;[32mWhen &amp#27;[0m&amp#27;[32mFirst I click beli button on &amp#27;[0m&amp#27;[32m&amp#27;[1mTensi Darah Eelktrik&amp#27;[0m               &amp#27;[90m# stepdefinitions.BuyProductsStep.iBeliTensiDarah(java.lang.String)&amp#27;[0m
23:00:44.702 [main] DEBUG net.thucydides.core.steps.StepInterceptor - STARTING STEP: BuyProductsStep.iBeliCamera - buyCamera
23:00:44.709 [main] DEBUG net.thucydides.core.steps.StepInterceptor - STEP DONE: buyCamera
  &amp#27;[32mAnd &amp#27;[0m&amp#27;[32mSecond I click beli button on &amp#27;[0m&amp#27;[32m&amp#27;[1mCamera&amp#27;[0m                             &amp#27;[90m# stepdefinitions.BuyProductsStep.iBeliCamera(java.lang.String)&amp#27;[0m
23:00:44.724 [main] DEBUG net.thucydides.core.steps.StepInterceptor - STARTING STEP: BuyProductsStep.iBeliCincinEmas - buyCincinEmas
23:00:44.733 [main] DEBUG net.thucydides.core.steps.StepInterceptor - STEP DONE: buyCincinEmas
  &amp#27;[32mAnd &amp#27;[0m&amp#27;[32mThird I click beli button on &amp#27;[0m&amp#27;[32m&amp#27;[1mCincin Emas&amp#27;[0m                         &amp#27;[90m# stepdefinitions.BuyProductsStep.iBeliCincinEmas(java.lang.String)&amp#27;[0m
23:00:44.767 [main] DEBUG net.thucydides.core.steps.StepInterceptor - STARTING STEP: BuyProductsStep.numberOfChartincreased - chartIncreased
23:00:44.773 [main] DEBUG net.thucydides.core.steps.StepInterceptor - STEP DONE: chartIncreased
  &amp#27;[32mThen &amp#27;[0m&amp#27;[32mThe number of chart increased&amp#27;[0m                                   &amp#27;[90m# stepdefinitions.BuyProductsStep.numberOfChartincreased()&amp#27;[0m
23:00:44.787 [main] INFO  - 
  _____   ___   ___   _____     ___     _     ___   ___   ___   ___  
 |_   _| | __| / __| |_   _|   | _ \   /_\   / __| / __| | __| |   \ 
   | |   | _|  \__ \   | |     |  _/  / _ \  \__ \ \__ \ | _|  | |) |
   |_|   |___| |___/   |_|     |_|   /_/ \_\ |___/ |___/ |___| |___/ 

As a user, i have not able to buy a product and add to chart
----------------------------------------------------------------------
]]></system-out>
  </testcase>
  <testcase name="As a user, i can see details product and give rating" classname="Homepage" time="60.655">
    <system-out><![CDATA[23:00:44.796 [main] INFO io.cucumber.core.plugin.SerenityReporter - Running feature from file:///D:/Mini%20Project-QE%20Alta/Web%20Automation/FrontEnd-AltaShop/src/test/resources/features/Homepage.feature
23:00:44.806 [main] DEBUG net.thucydides.core.steps.StepEventBus - Test suite started for story net.thucydides.core.model.Story@2c76fee8
23:00:44.808 [main] INFO  - Test Suite Started: Homepage

Scenario: As a user, i can see details product and give rating &amp#27;[90m# src/test/resources/features/Homepage.feature:3&amp#27;[0m
23:00:44.842 [main] INFO io.cucumber.core.plugin.SerenityReporter - Running feature from file:///D:/Mini%20Project-QE%20Alta/Web%20Automation/FrontEnd-AltaShop/src/test/resources/features/Homepage.feature
23:00:44.849 [main] INFO  - 
  _____   ___   ___   _____     ___   _____     _     ___   _____   ___   ___  
 |_   _| | __| / __| |_   _|   / __| |_   _|   /_\   | _ \ |_   _| | __| |   \ 
   | |   | _|  \__ \   | |     \__ \   | |    / _ \  |   /   | |   | _|  | |) |
   |_|   |___| |___/   |_|     |___/   |_|   /_/ \_\ |_|_\   |_|   |___| |___/ 

As a user, i can see details product and give rating(homepage;as-a-user--i-can-see-details-product-and-give-rating)
--------------------------------------------------------------------------------
23:00:44.891 [main] INFO net.serenitybdd.core.webdriver.driverproviders.ChromeDriverProvider - Using automatically driver download
23:00:47.498 [main] DEBUG io.github.bonigarcia.wdm.cache.ResolutionCache - Resolution chrome=101 in cache (valid until 23:59:13 20/05/2022 ICT)
23:00:47.516 [main] DEBUG io.github.bonigarcia.wdm.cache.ResolutionCache - Resolution chrome101=101.0.4951.41 in cache (valid until 22:59:13 21/05/2022 ICT)
23:00:47.521 [main] INFO io.github.bonigarcia.wdm.WebDriverManager - Using chromedriver 101.0.4951.41 (resolved driver for Chrome 101)
23:00:47.798 [main] DEBUG io.github.bonigarcia.wdm.WebDriverManager - Driver chromedriver 101.0.4951.41 found in cache
23:00:47.801 [main] INFO io.github.bonigarcia.wdm.WebDriverManager - Exporting webdriver.chrome.driver as C:\Users\Siti Nurlatipah\.cache\selenium\chromedriver\win32\101.0.4951.41\chromedriver.exe
23:00:48.550 [main] DEBUG net.serenitybdd.core.webdriver.driverproviders.ProvideNewDriver - Instantiating driver
23:00:48.550 [main] DEBUG net.serenitybdd.core.webdriver.driverproviders.ProvideNewDriver - Driver capabilities: Capabilities {acceptInsecureCerts: false, base.url: https://qa.alta.id, browserName: chrome, chrome.driver: src/test/resources/webdrive..., driver: chrome, goog:chromeOptions: {args: [], extensions: []}}
23:00:49.828 [AsyncHttpClient-1-5] DEBUG org.asynchttpclient.netty.channel.NettyConnectListener - Using new Channel '[id: 0x59fd9563, L:/127.0.0.1:63907 - R:localhost/127.0.0.1:55064]' for 'POST' to '/session'
23:00:52.174 [AsyncHttpClient-1-5] DEBUG org.asynchttpclient.netty.handler.HttpHandler - 

Request DefaultHttpRequest(decodeResult: success, version: HTTP/1.1)
POST /session HTTP/1.1
User-Agent: selenium/4.1.2 (java windows)
Content-Length: 595
Content-Type: application/json; charset=utf-8
host: localhost:55064
accept: */*

Response DefaultHttpResponse(decodeResult: success, version: HTTP/1.1)
HTTP/1.1 200 OK
Content-Type: application/json; charset=utf-8
cache-control: no-cache
content-length: 792

23:00:52.175 [AsyncHttpClient-1-5] DEBUG org.asynchttpclient.netty.channel.ChannelManager - Adding key: http://localhost:55064 for channel [id: 0x59fd9563, L:/127.0.0.1:63907 - R:localhost/127.0.0.1:55064]
23:00:52.198 [AsyncHttpClient-1-6] DEBUG org.asynchttpclient.netty.channel.NettyConnectListener - Using new Channel '[id: 0x8c11bfab, L:/127.0.0.1:63919 - R:localhost/127.0.0.1:63910]' for 'GET' to '/json/version'
23:00:52.212 [AsyncHttpClient-1-6] DEBUG org.asynchttpclient.netty.handler.HttpHandler - 

Request DefaultFullHttpRequest(decodeResult: success, version: HTTP/1.1, content: EmptyByteBufBE)
GET /json/version HTTP/1.1
User-Agent: selenium/4.1.2 (java windows)
host: localhost:63910
accept: */*

Response DefaultHttpResponse(decodeResult: success, version: HTTP/1.1)
HTTP/1.1 200 OK
Content-Type: application/json; charset=UTF-8
content-length: 427

23:00:52.215 [AsyncHttpClient-1-6] DEBUG org.asynchttpclient.netty.channel.ChannelManager - Adding key: http://localhost:63910 for channel [id: 0x8c11bfab, L:/127.0.0.1:63919 - R:localhost/127.0.0.1:63910]
23:00:52.225 [AsyncHttpClient-1-7] DEBUG org.asynchttpclient.netty.channel.NettyConnectListener - Using new Channel '[id: 0x88c11a07, L:/127.0.0.1:63920 - R:localhost/127.0.0.1:63910]' for 'GET' to '/devtools/browser/26d618f4-e612-482c-9785-f39e187ee77e'
23:00:52.239 [AsyncHttpClient-1-7] DEBUG org.asynchttpclient.netty.handler.WebSocketHandler - 

Request DefaultFullHttpRequest(decodeResult: success, version: HTTP/1.1, content: EmptyByteBufBE)
GET /devtools/browser/26d618f4-e612-482c-9785-f39e187ee77e HTTP/1.1
upgrade: websocket
connection: upgrade
sec-websocket-key: MDtN7FjzOFSfi3j1DNkihA==
sec-websocket-version: 13
origin: http://localhost:63910
host: localhost:63910
accept: */*
user-agent: AHC/2.1

Response DefaultHttpResponse(decodeResult: success, version: HTTP/1.1)
HTTP/1.1 101 WebSocket Protocol Handshake
Upgrade: WebSocket
Connection: Upgrade
Sec-WebSocket-Accept: PjWBIcJMtTLNF9DVNolE1UeDA5Y=

23:00:52.271 [Forwarding get on session 40765f9df89db676cc4846f810625318 to remote] DEBUG org.asynchttpclient.netty.request.NettyRequestSender - Using pooled Channel '[id: 0x59fd9563, L:/127.0.0.1:63907 - R:localhost/127.0.0.1:55064]' for 'POST' to 'http://localhost:55064/session/40765f9df89db676cc4846f810625318/url'
23:00:52.271 [Forwarding get on session 40765f9df89db676cc4846f810625318 to remote] DEBUG org.asynchttpclient.netty.request.NettyRequestSender - Using open Channel [id: 0x59fd9563, L:/127.0.0.1:63907 - R:localhost/127.0.0.1:55064] for POST '/session/40765f9df89db676cc4846f810625318/url'
23:00:52.857 [AsyncHttpClient-1-1] DEBUG org.asynchttpclient.netty.channel.DefaultChannelPool - Entry count for : http://localhost:63910 : 1
23:00:53.966 [AsyncHttpClient-1-1] DEBUG org.asynchttpclient.netty.channel.DefaultChannelPool - Entry count for : http://localhost:63910 : 1
23:00:55.058 [AsyncHttpClient-1-1] DEBUG org.asynchttpclient.netty.channel.DefaultChannelPool - Entry count for : http://localhost:63910 : 1
23:00:56.163 [AsyncHttpClient-1-1] DEBUG org.asynchttpclient.netty.channel.DefaultChannelPool - Entry count for : http://localhost:63910 : 1
23:00:57.258 [AsyncHttpClient-1-1] DEBUG org.asynchttpclient.netty.channel.DefaultChannelPool - Entry count for : http://localhost:63910 : 1
23:00:58.362 [AsyncHttpClient-1-1] DEBUG org.asynchttpclient.netty.channel.DefaultChannelPool - Entry count for : http://localhost:63910 : 1
23:00:59.456 [AsyncHttpClient-1-1] DEBUG org.asynchttpclient.netty.channel.DefaultChannelPool - Entry count for : http://localhost:63910 : 1
23:01:00.563 [AsyncHttpClient-1-1] DEBUG org.asynchttpclient.netty.channel.DefaultChannelPool - Entry count for : http://localhost:63910 : 1
23:01:01.656 [AsyncHttpClient-1-1] DEBUG org.asynchttpclient.netty.channel.DefaultChannelPool - Entry count for : http://localhost:63910 : 1
23:01:02.760 [AsyncHttpClient-1-1] DEBUG org.asynchttpclient.netty.channel.DefaultChannelPool - Entry count for : http://localhost:63910 : 1
23:01:03.857 [AsyncHttpClient-1-1] DEBUG org.asynchttpclient.netty.channel.DefaultChannelPool - Entry count for : http://localhost:63910 : 1
23:01:04.962 [AsyncHttpClient-1-1] DEBUG org.asynchttpclient.netty.channel.DefaultChannelPool - Entry count for : http://localhost:63910 : 1
23:01:06.056 [AsyncHttpClient-1-1] DEBUG org.asynchttpclient.netty.channel.DefaultChannelPool - Entry count for : http://localhost:63910 : 1
23:01:07.166 [AsyncHttpClient-1-1] DEBUG org.asynchttpclient.netty.channel.DefaultChannelPool - Entry count for : http://localhost:63910 : 1
23:01:08.261 [AsyncHttpClient-1-1] DEBUG org.asynchttpclient.netty.channel.DefaultChannelPool - Entry count for : http://localhost:63910 : 1
23:01:09.356 [AsyncHttpClient-1-1] DEBUG org.asynchttpclient.netty.channel.DefaultChannelPool - Entry count for : http://localhost:63910 : 1
23:01:10.459 [AsyncHttpClient-1-1] DEBUG org.asynchttpclient.netty.channel.DefaultChannelPool - Entry count for : http://localhost:63910 : 1
23:01:11.558 [AsyncHttpClient-1-1] DEBUG org.asynchttpclient.netty.channel.DefaultChannelPool - Entry count for : http://localhost:63910 : 1
23:01:12.664 [AsyncHttpClient-1-1] DEBUG org.asynchttpclient.netty.channel.DefaultChannelPool - Entry count for : http://localhost:63910 : 1
23:01:13.756 [AsyncHttpClient-1-1] DEBUG org.asynchttpclient.netty.channel.DefaultChannelPool - Entry count for : http://localhost:63910 : 1
23:01:14.862 [AsyncHttpClient-1-1] DEBUG org.asynchttpclient.netty.channel.DefaultChannelPool - Entry count for : http://localhost:63910 : 1
23:01:15.957 [AsyncHttpClient-1-1] DEBUG org.asynchttpclient.netty.channel.DefaultChannelPool - Entry count for : http://localhost:63910 : 1
23:01:17.059 [AsyncHttpClient-1-1] DEBUG org.asynchttpclient.netty.channel.DefaultChannelPool - Entry count for : http://localhost:63910 : 1
23:01:18.158 [AsyncHttpClient-1-1] DEBUG org.asynchttpclient.netty.channel.DefaultChannelPool - Entry count for : http://localhost:63910 : 1
23:01:19.258 [AsyncHttpClient-1-1] DEBUG org.asynchttpclient.netty.channel.DefaultChannelPool - Entry count for : http://localhost:63910 : 1
23:01:20.362 [AsyncHttpClient-1-1] DEBUG org.asynchttpclient.netty.channel.DefaultChannelPool - Entry count for : http://localhost:63910 : 1
23:01:21.457 [AsyncHttpClient-1-1] DEBUG org.asynchttpclient.netty.channel.DefaultChannelPool - Entry count for : http://localhost:63910 : 1
23:01:22.564 [AsyncHttpClient-1-1] DEBUG org.asynchttpclient.netty.channel.DefaultChannelPool - Entry count for : http://localhost:63910 : 1
23:01:23.657 [AsyncHttpClient-1-1] DEBUG org.asynchttpclient.netty.channel.DefaultChannelPool - Entry count for : http://localhost:63910 : 1
23:01:24.758 [AsyncHttpClient-1-1] DEBUG org.asynchttpclient.netty.channel.DefaultChannelPool - Entry count for : http://localhost:63910 : 1
23:01:25.864 [AsyncHttpClient-1-1] DEBUG org.asynchttpclient.netty.channel.DefaultChannelPool - Entry count for : http://localhost:63910 : 1
23:01:26.957 [AsyncHttpClient-1-1] DEBUG org.asynchttpclient.netty.channel.DefaultChannelPool - Entry count for : http://localhost:63910 : 1
23:01:28.062 [AsyncHttpClient-1-1] DEBUG org.asynchttpclient.netty.channel.DefaultChannelPool - Entry count for : http://localhost:63910 : 1
23:01:29.157 [AsyncHttpClient-1-1] DEBUG org.asynchttpclient.netty.channel.DefaultChannelPool - Entry count for : http://localhost:63910 : 1
23:01:30.260 [AsyncHttpClient-1-1] DEBUG org.asynchttpclient.netty.channel.DefaultChannelPool - Entry count for : http://localhost:63910 : 1
23:01:31.357 [AsyncHttpClient-1-1] DEBUG org.asynchttpclient.netty.channel.DefaultChannelPool - Entry count for : http://localhost:63910 : 1
23:01:32.559 [AsyncHttpClient-1-1] DEBUG org.asynchttpclient.netty.channel.DefaultChannelPool - Entry count for : http://localhost:63910 : 1
23:01:33.662 [AsyncHttpClient-1-1] DEBUG org.asynchttpclient.netty.channel.DefaultChannelPool - Entry count for : http://localhost:63910 : 1
23:01:34.757 [AsyncHttpClient-1-1] DEBUG org.asynchttpclient.netty.channel.DefaultChannelPool - Entry count for : http://localhost:63910 : 1
23:01:35.857 [AsyncHttpClient-1-1] DEBUG org.asynchttpclient.netty.channel.DefaultChannelPool - Entry count for : http://localhost:63910 : 1
23:01:36.957 [AsyncHttpClient-1-1] DEBUG org.asynchttpclient.netty.channel.DefaultChannelPool - Entry count for : http://localhost:63910 : 1
23:01:38.056 [AsyncHttpClient-1-1] DEBUG org.asynchttpclient.netty.channel.DefaultChannelPool - Entry count for : http://localhost:63910 : 1
23:01:39.162 [AsyncHttpClient-1-1] DEBUG org.asynchttpclient.netty.channel.DefaultChannelPool - Entry count for : http://localhost:63910 : 1
23:01:40.136 [AsyncHttpClient-1-5] DEBUG org.asynchttpclient.netty.handler.HttpHandler - 

Request DefaultHttpRequest(decodeResult: success, version: HTTP/1.1)
POST /session/40765f9df89db676cc4846f810625318/url HTTP/1.1
User-Agent: selenium/4.1.2 (java windows)
Content-Length: 43
Content-Type: application/json; charset=utf-8
host: localhost:55064
accept: */*

Response DefaultHttpResponse(decodeResult: success, version: HTTP/1.1)
HTTP/1.1 200 OK
Content-Type: application/json; charset=utf-8
cache-control: no-cache
content-length: 14

23:01:40.136 [AsyncHttpClient-1-5] DEBUG org.asynchttpclient.netty.channel.ChannelManager - Adding key: http://localhost:55064 for channel [id: 0x59fd9563, L:/127.0.0.1:63907 - R:localhost/127.0.0.1:55064]
23:01:40.141 [Forwarding setTimeout on session 40765f9df89db676cc4846f810625318 to remote] DEBUG org.asynchttpclient.netty.request.NettyRequestSender - Using pooled Channel '[id: 0x59fd9563, L:/127.0.0.1:63907 - R:localhost/127.0.0.1:55064]' for 'POST' to 'http://localhost:55064/session/40765f9df89db676cc4846f810625318/timeouts'
23:01:40.141 [Forwarding setTimeout on session 40765f9df89db676cc4846f810625318 to remote] DEBUG org.asynchttpclient.netty.request.NettyRequestSender - Using open Channel [id: 0x59fd9563, L:/127.0.0.1:63907 - R:localhost/127.0.0.1:55064] for POST '/session/40765f9df89db676cc4846f810625318/timeouts'
23:01:40.145 [AsyncHttpClient-1-5] DEBUG org.asynchttpclient.netty.handler.HttpHandler - 

Request DefaultHttpRequest(decodeResult: success, version: HTTP/1.1)
POST /session/40765f9df89db676cc4846f810625318/timeouts HTTP/1.1
User-Agent: selenium/4.1.2 (java windows)
Content-Length: 22
Content-Type: application/json; charset=utf-8
host: localhost:55064
accept: */*

Response DefaultHttpResponse(decodeResult: success, version: HTTP/1.1)
HTTP/1.1 200 OK
Content-Type: application/json; charset=utf-8
cache-control: no-cache
content-length: 14

23:01:40.146 [AsyncHttpClient-1-5] DEBUG org.asynchttpclient.netty.channel.ChannelManager - Adding key: http://localhost:55064 for channel [id: 0x59fd9563, L:/127.0.0.1:63907 - R:localhost/127.0.0.1:55064]
23:01:40.149 [Forwarding getCurrentUrl on session 40765f9df89db676cc4846f810625318 to remote] DEBUG org.asynchttpclient.netty.request.NettyRequestSender - Using pooled Channel '[id: 0x59fd9563, L:/127.0.0.1:63907 - R:localhost/127.0.0.1:55064]' for 'GET' to 'http://localhost:55064/session/40765f9df89db676cc4846f810625318/url'
23:01:40.149 [Forwarding getCurrentUrl on session 40765f9df89db676cc4846f810625318 to remote] DEBUG org.asynchttpclient.netty.request.NettyRequestSender - Using open Channel [id: 0x59fd9563, L:/127.0.0.1:63907 - R:localhost/127.0.0.1:55064] for GET '/session/40765f9df89db676cc4846f810625318/url'
23:01:40.156 [AsyncHttpClient-1-5] DEBUG org.asynchttpclient.netty.handler.HttpHandler - 

Request DefaultFullHttpRequest(decodeResult: success, version: HTTP/1.1, content: EmptyByteBufBE)
GET /session/40765f9df89db676cc4846f810625318/url HTTP/1.1
User-Agent: selenium/4.1.2 (java windows)
Cache-Control: no-cache
Content-Type: application/json; charset=utf-8
host: localhost:55064
accept: */*

Response DefaultHttpResponse(decodeResult: success, version: HTTP/1.1)
HTTP/1.1 200 OK
Content-Type: application/json; charset=utf-8
cache-control: no-cache
content-length: 31

23:01:40.157 [AsyncHttpClient-1-5] DEBUG org.asynchttpclient.netty.channel.ChannelManager - Adding key: http://localhost:55064 for channel [id: 0x59fd9563, L:/127.0.0.1:63907 - R:localhost/127.0.0.1:55064]
23:01:40.162 [Forwarding getCurrentUrl on session 40765f9df89db676cc4846f810625318 to remote] DEBUG org.asynchttpclient.netty.request.NettyRequestSender - Using pooled Channel '[id: 0x59fd9563, L:/127.0.0.1:63907 - R:localhost/127.0.0.1:55064]' for 'GET' to 'http://localhost:55064/session/40765f9df89db676cc4846f810625318/url'
23:01:40.162 [Forwarding getCurrentUrl on session 40765f9df89db676cc4846f810625318 to remote] DEBUG org.asynchttpclient.netty.request.NettyRequestSender - Using open Channel [id: 0x59fd9563, L:/127.0.0.1:63907 - R:localhost/127.0.0.1:55064] for GET '/session/40765f9df89db676cc4846f810625318/url'
23:01:40.167 [AsyncHttpClient-1-5] DEBUG org.asynchttpclient.netty.handler.HttpHandler - 

Request DefaultFullHttpRequest(decodeResult: success, version: HTTP/1.1, content: EmptyByteBufBE)
GET /session/40765f9df89db676cc4846f810625318/url HTTP/1.1
User-Agent: selenium/4.1.2 (java windows)
Cache-Control: no-cache
Content-Type: application/json; charset=utf-8
host: localhost:55064
accept: */*

Response DefaultHttpResponse(decodeResult: success, version: HTTP/1.1)
HTTP/1.1 200 OK
Content-Type: application/json; charset=utf-8
cache-control: no-cache
content-length: 31

23:01:40.168 [AsyncHttpClient-1-5] DEBUG org.asynchttpclient.netty.channel.ChannelManager - Adding key: http://localhost:55064 for channel [id: 0x59fd9563, L:/127.0.0.1:63907 - R:localhost/127.0.0.1:55064]
  &amp#27;[32mGiven &amp#27;[0m&amp#27;[32mI at homepage&amp#27;[0m                                          &amp#27;[90m# stepdefinitions.GiveRatingStep.iAtHomepage()&amp#27;[0m
23:01:40.176 [main] DEBUG net.serenitybdd.core.photography.Darkroom - Opening darkroom
23:01:40.177 [Darkroom Processing Line] DEBUG net.serenitybdd.core.photography.DarkroomProcessingLine - Darkroom processing line starting up
23:01:40.178 [Forwarding screenshot on session 40765f9df89db676cc4846f810625318 to remote] DEBUG org.asynchttpclient.netty.request.NettyRequestSender - Using pooled Channel '[id: 0x59fd9563, L:/127.0.0.1:63907 - R:localhost/127.0.0.1:55064]' for 'GET' to 'http://localhost:55064/session/40765f9df89db676cc4846f810625318/screenshot'
23:01:40.178 [Forwarding screenshot on session 40765f9df89db676cc4846f810625318 to remote] DEBUG org.asynchttpclient.netty.request.NettyRequestSender - Using open Channel [id: 0x59fd9563, L:/127.0.0.1:63907 - R:localhost/127.0.0.1:55064] for GET '/session/40765f9df89db676cc4846f810625318/screenshot'
23:01:40.257 [AsyncHttpClient-1-1] DEBUG org.asynchttpclient.netty.channel.DefaultChannelPool - Entry count for : http://localhost:63910 : 1
23:01:40.367 [AsyncHttpClient-1-5] DEBUG org.asynchttpclient.netty.handler.HttpHandler - 

Request DefaultFullHttpRequest(decodeResult: success, version: HTTP/1.1, content: EmptyByteBufBE)
GET /session/40765f9df89db676cc4846f810625318/screenshot HTTP/1.1
User-Agent: selenium/4.1.2 (java windows)
Cache-Control: no-cache
Content-Type: application/json; charset=utf-8
host: localhost:55064
accept: */*

Response DefaultHttpResponse(decodeResult: success, version: HTTP/1.1)
HTTP/1.1 200 OK
Content-Type: application/json; charset=utf-8
cache-control: no-cache
content-length: 83708

23:01:40.369 [AsyncHttpClient-1-5] DEBUG org.asynchttpclient.netty.channel.ChannelManager - Adding key: http://localhost:55064 for channel [id: 0x59fd9563, L:/127.0.0.1:63907 - R:localhost/127.0.0.1:55064]
23:01:40.375 [main] DEBUG net.serenitybdd.core.photography.Darkroom - Send negative for processing for target\site\serenity\ca2da551c79707ca8cd8d2ac86a2094da7fe66e82ea47ac3cba57f5c22ccdf3e.png
23:01:40.376 [Darkroom Processing Line] DEBUG net.serenitybdd.core.photography.DarkroomProcessingLine - Processing screenshot image in /var/screenshots/screenshot-1212787704140430513
23:01:40.376 [Darkroom Processing Line] DEBUG net.serenitybdd.core.photography.DarkroomProcessingLine - Saving screenshot to target\site\serenity\ca2da551c79707ca8cd8d2ac86a2094da7fe66e82ea47ac3cba57f5c22ccdf3e.png
23:01:40.394 [Forwarding findElement on session 40765f9df89db676cc4846f810625318 to remote] DEBUG org.asynchttpclient.netty.request.NettyRequestSender - Using pooled Channel '[id: 0x59fd9563, L:/127.0.0.1:63907 - R:localhost/127.0.0.1:55064]' for 'POST' to 'http://localhost:55064/session/40765f9df89db676cc4846f810625318/element'
23:01:40.395 [Forwarding findElement on session 40765f9df89db676cc4846f810625318 to remote] DEBUG org.asynchttpclient.netty.request.NettyRequestSender - Using open Channel [id: 0x59fd9563, L:/127.0.0.1:63907 - R:localhost/127.0.0.1:55064] for POST '/session/40765f9df89db676cc4846f810625318/element'
23:01:40.466 [AsyncHttpClient-1-5] DEBUG org.asynchttpclient.netty.handler.HttpHandler - 

Request DefaultHttpRequest(decodeResult: success, version: HTTP/1.1)
POST /session/40765f9df89db676cc4846f810625318/element HTTP/1.1
User-Agent: selenium/4.1.2 (java windows)
Content-Length: 102
Content-Type: application/json; charset=utf-8
host: localhost:55064
accept: */*

Response DefaultHttpResponse(decodeResult: success, version: HTTP/1.1)
HTTP/1.1 200 OK
Content-Type: application/json; charset=utf-8
cache-control: no-cache
content-length: 88

23:01:40.467 [AsyncHttpClient-1-5] DEBUG org.asynchttpclient.netty.channel.ChannelManager - Adding key: http://localhost:55064 for channel [id: 0x59fd9563, L:/127.0.0.1:63907 - R:localhost/127.0.0.1:55064]
23:01:40.473 [Forwarding getElementTagName on session 40765f9df89db676cc4846f810625318 to remote] DEBUG org.asynchttpclient.netty.request.NettyRequestSender - Using pooled Channel '[id: 0x59fd9563, L:/127.0.0.1:63907 - R:localhost/127.0.0.1:55064]' for 'GET' to 'http://localhost:55064/session/40765f9df89db676cc4846f810625318/element/f2533b51-1b4b-49ed-a4ea-ed75cbaf447d/name'
23:01:40.473 [Forwarding getElementTagName on session 40765f9df89db676cc4846f810625318 to remote] DEBUG org.asynchttpclient.netty.request.NettyRequestSender - Using open Channel [id: 0x59fd9563, L:/127.0.0.1:63907 - R:localhost/127.0.0.1:55064] for GET '/session/40765f9df89db676cc4846f810625318/element/f2533b51-1b4b-49ed-a4ea-ed75cbaf447d/name'
23:01:40.491 [AsyncHttpClient-1-5] DEBUG org.asynchttpclient.netty.handler.HttpHandler - 

Request DefaultFullHttpRequest(decodeResult: success, version: HTTP/1.1, content: EmptyByteBufBE)
GET /session/40765f9df89db676cc4846f810625318/element/f2533b51-1b4b-49ed-a4ea-ed75cbaf447d/name HTTP/1.1
User-Agent: selenium/4.1.2 (java windows)
Cache-Control: no-cache
Content-Type: application/json; charset=utf-8
host: localhost:55064
accept: */*

Response DefaultHttpResponse(decodeResult: success, version: HTTP/1.1)
HTTP/1.1 200 OK
Content-Type: application/json; charset=utf-8
cache-control: no-cache
content-length: 18

23:01:40.492 [AsyncHttpClient-1-5] DEBUG org.asynchttpclient.netty.channel.ChannelManager - Adding key: http://localhost:55064 for channel [id: 0x59fd9563, L:/127.0.0.1:63907 - R:localhost/127.0.0.1:55064]
23:01:40.495 [Forwarding getElementTagName on session 40765f9df89db676cc4846f810625318 to remote] DEBUG org.asynchttpclient.netty.request.NettyRequestSender - Using pooled Channel '[id: 0x59fd9563, L:/127.0.0.1:63907 - R:localhost/127.0.0.1:55064]' for 'GET' to 'http://localhost:55064/session/40765f9df89db676cc4846f810625318/element/f2533b51-1b4b-49ed-a4ea-ed75cbaf447d/name'
23:01:40.496 [Forwarding getElementTagName on session 40765f9df89db676cc4846f810625318 to remote] DEBUG org.asynchttpclient.netty.request.NettyRequestSender - Using open Channel [id: 0x59fd9563, L:/127.0.0.1:63907 - R:localhost/127.0.0.1:55064] for GET '/session/40765f9df89db676cc4846f810625318/element/f2533b51-1b4b-49ed-a4ea-ed75cbaf447d/name'
23:01:40.504 [AsyncHttpClient-1-5] DEBUG org.asynchttpclient.netty.handler.HttpHandler - 

Request DefaultFullHttpRequest(decodeResult: success, version: HTTP/1.1, content: EmptyByteBufBE)
GET /session/40765f9df89db676cc4846f810625318/element/f2533b51-1b4b-49ed-a4ea-ed75cbaf447d/name HTTP/1.1
User-Agent: selenium/4.1.2 (java windows)
Cache-Control: no-cache
Content-Type: application/json; charset=utf-8
host: localhost:55064
accept: */*

Response DefaultHttpResponse(decodeResult: success, version: HTTP/1.1)
HTTP/1.1 200 OK
Content-Type: application/json; charset=utf-8
cache-control: no-cache
content-length: 18

23:01:40.505 [AsyncHttpClient-1-5] DEBUG org.asynchttpclient.netty.channel.ChannelManager - Adding key: http://localhost:55064 for channel [id: 0x59fd9563, L:/127.0.0.1:63907 - R:localhost/127.0.0.1:55064]
23:01:40.510 [Forwarding isElementEnabled on session 40765f9df89db676cc4846f810625318 to remote] DEBUG org.asynchttpclient.netty.request.NettyRequestSender - Using pooled Channel '[id: 0x59fd9563, L:/127.0.0.1:63907 - R:localhost/127.0.0.1:55064]' for 'GET' to 'http://localhost:55064/session/40765f9df89db676cc4846f810625318/element/f2533b51-1b4b-49ed-a4ea-ed75cbaf447d/enabled'
23:01:40.510 [Forwarding isElementEnabled on session 40765f9df89db676cc4846f810625318 to remote] DEBUG org.asynchttpclient.netty.request.NettyRequestSender - Using open Channel [id: 0x59fd9563, L:/127.0.0.1:63907 - R:localhost/127.0.0.1:55064] for GET '/session/40765f9df89db676cc4846f810625318/element/f2533b51-1b4b-49ed-a4ea-ed75cbaf447d/enabled'
23:01:40.528 [AsyncHttpClient-1-5] DEBUG org.asynchttpclient.netty.handler.HttpHandler - 

Request DefaultFullHttpRequest(decodeResult: success, version: HTTP/1.1, content: EmptyByteBufBE)
GET /session/40765f9df89db676cc4846f810625318/element/f2533b51-1b4b-49ed-a4ea-ed75cbaf447d/enabled HTTP/1.1
User-Agent: selenium/4.1.2 (java windows)
Cache-Control: no-cache
Content-Type: application/json; charset=utf-8
host: localhost:55064
accept: */*

Response DefaultHttpResponse(decodeResult: success, version: HTTP/1.1)
HTTP/1.1 200 OK
Content-Type: application/json; charset=utf-8
cache-control: no-cache
content-length: 14

23:01:40.528 [AsyncHttpClient-1-5] DEBUG org.asynchttpclient.netty.channel.ChannelManager - Adding key: http://localhost:55064 for channel [id: 0x59fd9563, L:/127.0.0.1:63907 - R:localhost/127.0.0.1:55064]
23:01:40.532 [Forwarding isElementEnabled on session 40765f9df89db676cc4846f810625318 to remote] DEBUG org.asynchttpclient.netty.request.NettyRequestSender - Using pooled Channel '[id: 0x59fd9563, L:/127.0.0.1:63907 - R:localhost/127.0.0.1:55064]' for 'GET' to 'http://localhost:55064/session/40765f9df89db676cc4846f810625318/element/f2533b51-1b4b-49ed-a4ea-ed75cbaf447d/enabled'
23:01:40.533 [Forwarding isElementEnabled on session 40765f9df89db676cc4846f810625318 to remote] DEBUG org.asynchttpclient.netty.request.NettyRequestSender - Using open Channel [id: 0x59fd9563, L:/127.0.0.1:63907 - R:localhost/127.0.0.1:55064] for GET '/session/40765f9df89db676cc4846f810625318/element/f2533b51-1b4b-49ed-a4ea-ed75cbaf447d/enabled'
23:01:40.554 [AsyncHttpClient-1-5] DEBUG org.asynchttpclient.netty.handler.HttpHandler - 

Request DefaultFullHttpRequest(decodeResult: success, version: HTTP/1.1, content: EmptyByteBufBE)
GET /session/40765f9df89db676cc4846f810625318/element/f2533b51-1b4b-49ed-a4ea-ed75cbaf447d/enabled HTTP/1.1
User-Agent: selenium/4.1.2 (java windows)
Cache-Control: no-cache
Content-Type: application/json; charset=utf-8
host: localhost:55064
accept: */*

Response DefaultHttpResponse(decodeResult: success, version: HTTP/1.1)
HTTP/1.1 200 OK
Content-Type: application/json; charset=utf-8
cache-control: no-cache
content-length: 14

23:01:40.554 [AsyncHttpClient-1-5] DEBUG org.asynchttpclient.netty.channel.ChannelManager - Adding key: http://localhost:55064 for channel [id: 0x59fd9563, L:/127.0.0.1:63907 - R:localhost/127.0.0.1:55064]
23:01:40.561 [Forwarding findElement on session 40765f9df89db676cc4846f810625318 to remote] DEBUG org.asynchttpclient.netty.request.NettyRequestSender - Using pooled Channel '[id: 0x59fd9563, L:/127.0.0.1:63907 - R:localhost/127.0.0.1:55064]' for 'POST' to 'http://localhost:55064/session/40765f9df89db676cc4846f810625318/element'
23:01:40.561 [Forwarding findElement on session 40765f9df89db676cc4846f810625318 to remote] DEBUG org.asynchttpclient.netty.request.NettyRequestSender - Using open Channel [id: 0x59fd9563, L:/127.0.0.1:63907 - R:localhost/127.0.0.1:55064] for POST '/session/40765f9df89db676cc4846f810625318/element'
23:01:40.592 [AsyncHttpClient-1-5] DEBUG org.asynchttpclient.netty.handler.HttpHandler - 

Request DefaultHttpRequest(decodeResult: success, version: HTTP/1.1)
POST /session/40765f9df89db676cc4846f810625318/element HTTP/1.1
User-Agent: selenium/4.1.2 (java windows)
Content-Length: 102
Content-Type: application/json; charset=utf-8
host: localhost:55064
accept: */*

Response DefaultHttpResponse(decodeResult: success, version: HTTP/1.1)
HTTP/1.1 200 OK
Content-Type: application/json; charset=utf-8
cache-control: no-cache
content-length: 88

23:01:40.593 [AsyncHttpClient-1-5] DEBUG org.asynchttpclient.netty.channel.ChannelManager - Adding key: http://localhost:55064 for channel [id: 0x59fd9563, L:/127.0.0.1:63907 - R:localhost/127.0.0.1:55064]
23:01:40.596 [Forwarding clickElement on session 40765f9df89db676cc4846f810625318 to remote] DEBUG org.asynchttpclient.netty.request.NettyRequestSender - Using pooled Channel '[id: 0x59fd9563, L:/127.0.0.1:63907 - R:localhost/127.0.0.1:55064]' for 'POST' to 'http://localhost:55064/session/40765f9df89db676cc4846f810625318/element/f2533b51-1b4b-49ed-a4ea-ed75cbaf447d/click'
23:01:40.596 [Forwarding clickElement on session 40765f9df89db676cc4846f810625318 to remote] DEBUG org.asynchttpclient.netty.request.NettyRequestSender - Using open Channel [id: 0x59fd9563, L:/127.0.0.1:63907 - R:localhost/127.0.0.1:55064] for POST '/session/40765f9df89db676cc4846f810625318/element/f2533b51-1b4b-49ed-a4ea-ed75cbaf447d/click'
23:01:40.747 [AsyncHttpClient-1-5] DEBUG org.asynchttpclient.netty.handler.HttpHandler - 

Request DefaultHttpRequest(decodeResult: success, version: HTTP/1.1)
POST /session/40765f9df89db676cc4846f810625318/element/f2533b51-1b4b-49ed-a4ea-ed75cbaf447d/click HTTP/1.1
User-Agent: selenium/4.1.2 (java windows)
Content-Length: 50
Content-Type: application/json; charset=utf-8
host: localhost:55064
accept: */*

Response DefaultHttpResponse(decodeResult: success, version: HTTP/1.1)
HTTP/1.1 200 OK
Content-Type: application/json; charset=utf-8
cache-control: no-cache
content-length: 14

23:01:40.748 [AsyncHttpClient-1-5] DEBUG org.asynchttpclient.netty.channel.ChannelManager - Adding key: http://localhost:55064 for channel [id: 0x59fd9563, L:/127.0.0.1:63907 - R:localhost/127.0.0.1:55064]
  &amp#27;[32mWhen &amp#27;[0m&amp#27;[32mI click detail product&amp#27;[0m                                  &amp#27;[90m# stepdefinitions.GiveRatingStep.iClickDetail()&amp#27;[0m
23:01:40.777 [Forwarding screenshot on session 40765f9df89db676cc4846f810625318 to remote] DEBUG org.asynchttpclient.netty.request.NettyRequestSender - Using pooled Channel '[id: 0x59fd9563, L:/127.0.0.1:63907 - R:localhost/127.0.0.1:55064]' for 'GET' to 'http://localhost:55064/session/40765f9df89db676cc4846f810625318/screenshot'
23:01:40.778 [Forwarding screenshot on session 40765f9df89db676cc4846f810625318 to remote] DEBUG org.asynchttpclient.netty.request.NettyRequestSender - Using open Channel [id: 0x59fd9563, L:/127.0.0.1:63907 - R:localhost/127.0.0.1:55064] for GET '/session/40765f9df89db676cc4846f810625318/screenshot'
23:01:41.357 [AsyncHttpClient-1-1] DEBUG org.asynchttpclient.netty.channel.DefaultChannelPool - Entry count for : http://localhost:63910 : 1
23:01:41.541 [AsyncHttpClient-1-5] DEBUG org.asynchttpclient.netty.handler.HttpHandler - 

Request DefaultFullHttpRequest(decodeResult: success, version: HTTP/1.1, content: EmptyByteBufBE)
GET /session/40765f9df89db676cc4846f810625318/screenshot HTTP/1.1
User-Agent: selenium/4.1.2 (java windows)
Cache-Control: no-cache
Content-Type: application/json; charset=utf-8
host: localhost:55064
accept: */*

Response DefaultHttpResponse(decodeResult: success, version: HTTP/1.1)
HTTP/1.1 200 OK
Content-Type: application/json; charset=utf-8
cache-control: no-cache
content-length: 20928

23:01:41.543 [AsyncHttpClient-1-5] DEBUG org.asynchttpclient.netty.channel.ChannelManager - Adding key: http://localhost:55064 for channel [id: 0x59fd9563, L:/127.0.0.1:63907 - R:localhost/127.0.0.1:55064]
23:01:41.547 [main] DEBUG net.serenitybdd.core.photography.Darkroom - Send negative for processing for target\site\serenity\094303fdd401e30b38ab1411b3796c85c8083de80e9bbb2c9d00373fc69c1cc8.png
23:01:41.549 [Darkroom Processing Line] DEBUG net.serenitybdd.core.photography.DarkroomProcessingLine - Processing screenshot image in /var/screenshots/screenshot-475510110224855397
23:01:41.549 [Darkroom Processing Line] DEBUG net.serenitybdd.core.photography.DarkroomProcessingLine - Saving screenshot to target\site\serenity\094303fdd401e30b38ab1411b3796c85c8083de80e9bbb2c9d00373fc69c1cc8.png
23:01:41.570 [Forwarding findElement on session 40765f9df89db676cc4846f810625318 to remote] DEBUG org.asynchttpclient.netty.request.NettyRequestSender - Using pooled Channel '[id: 0x59fd9563, L:/127.0.0.1:63907 - R:localhost/127.0.0.1:55064]' for 'POST' to 'http://localhost:55064/session/40765f9df89db676cc4846f810625318/element'
23:01:41.570 [Forwarding findElement on session 40765f9df89db676cc4846f810625318 to remote] DEBUG org.asynchttpclient.netty.request.NettyRequestSender - Using open Channel [id: 0x59fd9563, L:/127.0.0.1:63907 - R:localhost/127.0.0.1:55064] for POST '/session/40765f9df89db676cc4846f810625318/element'
23:01:42.465 [AsyncHttpClient-1-1] DEBUG org.asynchttpclient.netty.channel.DefaultChannelPool - Entry count for : http://localhost:63910 : 1
23:01:43.557 [AsyncHttpClient-1-1] DEBUG org.asynchttpclient.netty.channel.DefaultChannelPool - Entry count for : http://localhost:63910 : 1
23:01:43.598 [AsyncHttpClient-1-5] DEBUG org.asynchttpclient.netty.handler.HttpHandler - 

Request DefaultHttpRequest(decodeResult: success, version: HTTP/1.1)
POST /session/40765f9df89db676cc4846f810625318/element HTTP/1.1
User-Agent: selenium/4.1.2 (java windows)
Content-Length: 111
Content-Type: application/json; charset=utf-8
host: localhost:55064
accept: */*

Response DefaultHttpResponse(decodeResult: success, version: HTTP/1.1)
HTTP/1.1 404 Not Found
Content-Type: application/json; charset=utf-8
cache-control: no-cache
content-length: 1060

23:01:43.599 [AsyncHttpClient-1-5] DEBUG org.asynchttpclient.netty.channel.ChannelManager - Adding key: http://localhost:55064 for channel [id: 0x59fd9563, L:/127.0.0.1:63907 - R:localhost/127.0.0.1:55064]
23:01:43.720 [Forwarding findElement on session 40765f9df89db676cc4846f810625318 to remote] DEBUG org.asynchttpclient.netty.request.NettyRequestSender - Using pooled Channel '[id: 0x59fd9563, L:/127.0.0.1:63907 - R:localhost/127.0.0.1:55064]' for 'POST' to 'http://localhost:55064/session/40765f9df89db676cc4846f810625318/element'
23:01:43.720 [Forwarding findElement on session 40765f9df89db676cc4846f810625318 to remote] DEBUG org.asynchttpclient.netty.request.NettyRequestSender - Using open Channel [id: 0x59fd9563, L:/127.0.0.1:63907 - R:localhost/127.0.0.1:55064] for POST '/session/40765f9df89db676cc4846f810625318/element'
23:01:43.738 [AsyncHttpClient-1-5] DEBUG org.asynchttpclient.netty.handler.HttpHandler - 

Request DefaultHttpRequest(decodeResult: success, version: HTTP/1.1)
POST /session/40765f9df89db676cc4846f810625318/element HTTP/1.1
User-Agent: selenium/4.1.2 (java windows)
Content-Length: 111
Content-Type: application/json; charset=utf-8
host: localhost:55064
accept: */*

Response DefaultHttpResponse(decodeResult: success, version: HTTP/1.1)
HTTP/1.1 200 OK
Content-Type: application/json; charset=utf-8
cache-control: no-cache
content-length: 88

23:01:43.738 [AsyncHttpClient-1-5] DEBUG org.asynchttpclient.netty.channel.ChannelManager - Adding key: http://localhost:55064 for channel [id: 0x59fd9563, L:/127.0.0.1:63907 - R:localhost/127.0.0.1:55064]
23:01:43.741 [Forwarding getElementTagName on session 40765f9df89db676cc4846f810625318 to remote] DEBUG org.asynchttpclient.netty.request.NettyRequestSender - Using pooled Channel '[id: 0x59fd9563, L:/127.0.0.1:63907 - R:localhost/127.0.0.1:55064]' for 'GET' to 'http://localhost:55064/session/40765f9df89db676cc4846f810625318/element/400d458d-839b-4cb8-801d-dfed92a5fd27/name'
23:01:43.741 [Forwarding getElementTagName on session 40765f9df89db676cc4846f810625318 to remote] DEBUG org.asynchttpclient.netty.request.NettyRequestSender - Using open Channel [id: 0x59fd9563, L:/127.0.0.1:63907 - R:localhost/127.0.0.1:55064] for GET '/session/40765f9df89db676cc4846f810625318/element/400d458d-839b-4cb8-801d-dfed92a5fd27/name'
23:01:43.752 [AsyncHttpClient-1-5] DEBUG org.asynchttpclient.netty.handler.HttpHandler - 

Request DefaultFullHttpRequest(decodeResult: success, version: HTTP/1.1, content: EmptyByteBufBE)
GET /session/40765f9df89db676cc4846f810625318/element/400d458d-839b-4cb8-801d-dfed92a5fd27/name HTTP/1.1
User-Agent: selenium/4.1.2 (java windows)
Cache-Control: no-cache
Content-Type: application/json; charset=utf-8
host: localhost:55064
accept: */*

Response DefaultHttpResponse(decodeResult: success, version: HTTP/1.1)
HTTP/1.1 200 OK
Content-Type: application/json; charset=utf-8
cache-control: no-cache
content-length: 18

23:01:43.753 [AsyncHttpClient-1-5] DEBUG org.asynchttpclient.netty.channel.ChannelManager - Adding key: http://localhost:55064 for channel [id: 0x59fd9563, L:/127.0.0.1:63907 - R:localhost/127.0.0.1:55064]
23:01:43.755 [Forwarding getElementTagName on session 40765f9df89db676cc4846f810625318 to remote] DEBUG org.asynchttpclient.netty.request.NettyRequestSender - Using pooled Channel '[id: 0x59fd9563, L:/127.0.0.1:63907 - R:localhost/127.0.0.1:55064]' for 'GET' to 'http://localhost:55064/session/40765f9df89db676cc4846f810625318/element/400d458d-839b-4cb8-801d-dfed92a5fd27/name'
23:01:43.755 [Forwarding getElementTagName on session 40765f9df89db676cc4846f810625318 to remote] DEBUG org.asynchttpclient.netty.request.NettyRequestSender - Using open Channel [id: 0x59fd9563, L:/127.0.0.1:63907 - R:localhost/127.0.0.1:55064] for GET '/session/40765f9df89db676cc4846f810625318/element/400d458d-839b-4cb8-801d-dfed92a5fd27/name'
23:01:43.764 [AsyncHttpClient-1-5] DEBUG org.asynchttpclient.netty.handler.HttpHandler - 

Request DefaultFullHttpRequest(decodeResult: success, version: HTTP/1.1, content: EmptyByteBufBE)
GET /session/40765f9df89db676cc4846f810625318/element/400d458d-839b-4cb8-801d-dfed92a5fd27/name HTTP/1.1
User-Agent: selenium/4.1.2 (java windows)
Cache-Control: no-cache
Content-Type: application/json; charset=utf-8
host: localhost:55064
accept: */*

Response DefaultHttpResponse(decodeResult: success, version: HTTP/1.1)
HTTP/1.1 200 OK
Content-Type: application/json; charset=utf-8
cache-control: no-cache
content-length: 18

23:01:43.765 [AsyncHttpClient-1-5] DEBUG org.asynchttpclient.netty.channel.ChannelManager - Adding key: http://localhost:55064 for channel [id: 0x59fd9563, L:/127.0.0.1:63907 - R:localhost/127.0.0.1:55064]
23:01:43.769 [Forwarding isElementEnabled on session 40765f9df89db676cc4846f810625318 to remote] DEBUG org.asynchttpclient.netty.request.NettyRequestSender - Using pooled Channel '[id: 0x59fd9563, L:/127.0.0.1:63907 - R:localhost/127.0.0.1:55064]' for 'GET' to 'http://localhost:55064/session/40765f9df89db676cc4846f810625318/element/400d458d-839b-4cb8-801d-dfed92a5fd27/enabled'
23:01:43.769 [Forwarding isElementEnabled on session 40765f9df89db676cc4846f810625318 to remote] DEBUG org.asynchttpclient.netty.request.NettyRequestSender - Using open Channel [id: 0x59fd9563, L:/127.0.0.1:63907 - R:localhost/127.0.0.1:55064] for GET '/session/40765f9df89db676cc4846f810625318/element/400d458d-839b-4cb8-801d-dfed92a5fd27/enabled'
23:01:43.782 [AsyncHttpClient-1-5] DEBUG org.asynchttpclient.netty.handler.HttpHandler - 

Request DefaultFullHttpRequest(decodeResult: success, version: HTTP/1.1, content: EmptyByteBufBE)
GET /session/40765f9df89db676cc4846f810625318/element/400d458d-839b-4cb8-801d-dfed92a5fd27/enabled HTTP/1.1
User-Agent: selenium/4.1.2 (java windows)
Cache-Control: no-cache
Content-Type: application/json; charset=utf-8
host: localhost:55064
accept: */*

Response DefaultHttpResponse(decodeResult: success, version: HTTP/1.1)
HTTP/1.1 200 OK
Content-Type: application/json; charset=utf-8
cache-control: no-cache
content-length: 14

23:01:43.783 [AsyncHttpClient-1-5] DEBUG org.asynchttpclient.netty.channel.ChannelManager - Adding key: http://localhost:55064 for channel [id: 0x59fd9563, L:/127.0.0.1:63907 - R:localhost/127.0.0.1:55064]
23:01:43.785 [Forwarding isElementEnabled on session 40765f9df89db676cc4846f810625318 to remote] DEBUG org.asynchttpclient.netty.request.NettyRequestSender - Using pooled Channel '[id: 0x59fd9563, L:/127.0.0.1:63907 - R:localhost/127.0.0.1:55064]' for 'GET' to 'http://localhost:55064/session/40765f9df89db676cc4846f810625318/element/400d458d-839b-4cb8-801d-dfed92a5fd27/enabled'
23:01:43.785 [Forwarding isElementEnabled on session 40765f9df89db676cc4846f810625318 to remote] DEBUG org.asynchttpclient.netty.request.NettyRequestSender - Using open Channel [id: 0x59fd9563, L:/127.0.0.1:63907 - R:localhost/127.0.0.1:55064] for GET '/session/40765f9df89db676cc4846f810625318/element/400d458d-839b-4cb8-801d-dfed92a5fd27/enabled'
23:01:43.796 [AsyncHttpClient-1-5] DEBUG org.asynchttpclient.netty.handler.HttpHandler - 

Request DefaultFullHttpRequest(decodeResult: success, version: HTTP/1.1, content: EmptyByteBufBE)
GET /session/40765f9df89db676cc4846f810625318/element/400d458d-839b-4cb8-801d-dfed92a5fd27/enabled HTTP/1.1
User-Agent: selenium/4.1.2 (java windows)
Cache-Control: no-cache
Content-Type: application/json; charset=utf-8
host: localhost:55064
accept: */*

Response DefaultHttpResponse(decodeResult: success, version: HTTP/1.1)
HTTP/1.1 200 OK
Content-Type: application/json; charset=utf-8
cache-control: no-cache
content-length: 14

23:01:43.796 [AsyncHttpClient-1-5] DEBUG org.asynchttpclient.netty.channel.ChannelManager - Adding key: http://localhost:55064 for channel [id: 0x59fd9563, L:/127.0.0.1:63907 - R:localhost/127.0.0.1:55064]
23:01:43.800 [Forwarding findElement on session 40765f9df89db676cc4846f810625318 to remote] DEBUG org.asynchttpclient.netty.request.NettyRequestSender - Using pooled Channel '[id: 0x59fd9563, L:/127.0.0.1:63907 - R:localhost/127.0.0.1:55064]' for 'POST' to 'http://localhost:55064/session/40765f9df89db676cc4846f810625318/element'
23:01:43.800 [Forwarding findElement on session 40765f9df89db676cc4846f810625318 to remote] DEBUG org.asynchttpclient.netty.request.NettyRequestSender - Using open Channel [id: 0x59fd9563, L:/127.0.0.1:63907 - R:localhost/127.0.0.1:55064] for POST '/session/40765f9df89db676cc4846f810625318/element'
23:01:43.811 [AsyncHttpClient-1-5] DEBUG org.asynchttpclient.netty.handler.HttpHandler - 

Request DefaultHttpRequest(decodeResult: success, version: HTTP/1.1)
POST /session/40765f9df89db676cc4846f810625318/element HTTP/1.1
User-Agent: selenium/4.1.2 (java windows)
Content-Length: 111
Content-Type: application/json; charset=utf-8
host: localhost:55064
accept: */*

Response DefaultHttpResponse(decodeResult: success, version: HTTP/1.1)
HTTP/1.1 200 OK
Content-Type: application/json; charset=utf-8
cache-control: no-cache
content-length: 88

23:01:43.811 [AsyncHttpClient-1-5] DEBUG org.asynchttpclient.netty.channel.ChannelManager - Adding key: http://localhost:55064 for channel [id: 0x59fd9563, L:/127.0.0.1:63907 - R:localhost/127.0.0.1:55064]
23:01:43.814 [Forwarding clickElement on session 40765f9df89db676cc4846f810625318 to remote] DEBUG org.asynchttpclient.netty.request.NettyRequestSender - Using pooled Channel '[id: 0x59fd9563, L:/127.0.0.1:63907 - R:localhost/127.0.0.1:55064]' for 'POST' to 'http://localhost:55064/session/40765f9df89db676cc4846f810625318/element/400d458d-839b-4cb8-801d-dfed92a5fd27/click'
23:01:43.814 [Forwarding clickElement on session 40765f9df89db676cc4846f810625318 to remote] DEBUG org.asynchttpclient.netty.request.NettyRequestSender - Using open Channel [id: 0x59fd9563, L:/127.0.0.1:63907 - R:localhost/127.0.0.1:55064] for POST '/session/40765f9df89db676cc4846f810625318/element/400d458d-839b-4cb8-801d-dfed92a5fd27/click'
23:01:43.875 [AsyncHttpClient-1-5] DEBUG org.asynchttpclient.netty.handler.HttpHandler - 

Request DefaultHttpRequest(decodeResult: success, version: HTTP/1.1)
POST /session/40765f9df89db676cc4846f810625318/element/400d458d-839b-4cb8-801d-dfed92a5fd27/click HTTP/1.1
User-Agent: selenium/4.1.2 (java windows)
Content-Length: 50
Content-Type: application/json; charset=utf-8
host: localhost:55064
accept: */*

Response DefaultHttpResponse(decodeResult: success, version: HTTP/1.1)
HTTP/1.1 200 OK
Content-Type: application/json; charset=utf-8
cache-control: no-cache
content-length: 14

23:01:43.876 [AsyncHttpClient-1-5] DEBUG org.asynchttpclient.netty.channel.ChannelManager - Adding key: http://localhost:55064 for channel [id: 0x59fd9563, L:/127.0.0.1:63907 - R:localhost/127.0.0.1:55064]
  &amp#27;[32mAnd &amp#27;[0m&amp#27;[32mI give rating for product&amp#27;[0m                                &amp#27;[90m# stepdefinitions.GiveRatingStep.iGiveRating()&amp#27;[0m
23:01:43.895 [Forwarding screenshot on session 40765f9df89db676cc4846f810625318 to remote] DEBUG org.asynchttpclient.netty.request.NettyRequestSender - Using pooled Channel '[id: 0x59fd9563, L:/127.0.0.1:63907 - R:localhost/127.0.0.1:55064]' for 'GET' to 'http://localhost:55064/session/40765f9df89db676cc4846f810625318/screenshot'
23:01:43.895 [Forwarding screenshot on session 40765f9df89db676cc4846f810625318 to remote] DEBUG org.asynchttpclient.netty.request.NettyRequestSender - Using open Channel [id: 0x59fd9563, L:/127.0.0.1:63907 - R:localhost/127.0.0.1:55064] for GET '/session/40765f9df89db676cc4846f810625318/screenshot'
23:01:44.161 [AsyncHttpClient-1-5] DEBUG org.asynchttpclient.netty.handler.HttpHandler - 

Request DefaultFullHttpRequest(decodeResult: success, version: HTTP/1.1, content: EmptyByteBufBE)
GET /session/40765f9df89db676cc4846f810625318/screenshot HTTP/1.1
User-Agent: selenium/4.1.2 (java windows)
Cache-Control: no-cache
Content-Type: application/json; charset=utf-8
host: localhost:55064
accept: */*

Response DefaultHttpResponse(decodeResult: success, version: HTTP/1.1)
HTTP/1.1 200 OK
Content-Type: application/json; charset=utf-8
cache-control: no-cache
content-length: 43144

23:01:44.162 [AsyncHttpClient-1-5] DEBUG org.asynchttpclient.netty.channel.ChannelManager - Adding key: http://localhost:55064 for channel [id: 0x59fd9563, L:/127.0.0.1:63907 - R:localhost/127.0.0.1:55064]
23:01:44.165 [main] DEBUG net.serenitybdd.core.photography.Darkroom - Send negative for processing for target\site\serenity\5efc9886224719c65445f9c9f91bdf3ce008b79dcfdf6d71dbe84e141df3846a.png
23:01:44.165 [Darkroom Processing Line] DEBUG net.serenitybdd.core.photography.DarkroomProcessingLine - Processing screenshot image in /var/screenshots/screenshot-1434476711940745267
23:01:44.165 [Darkroom Processing Line] DEBUG net.serenitybdd.core.photography.DarkroomProcessingLine - Saving screenshot to target\site\serenity\5efc9886224719c65445f9c9f91bdf3ce008b79dcfdf6d71dbe84e141df3846a.png
23:01:44.181 [Forwarding findElement on session 40765f9df89db676cc4846f810625318 to remote] DEBUG org.asynchttpclient.netty.request.NettyRequestSender - Using pooled Channel '[id: 0x59fd9563, L:/127.0.0.1:63907 - R:localhost/127.0.0.1:55064]' for 'POST' to 'http://localhost:55064/session/40765f9df89db676cc4846f810625318/element'
23:01:44.181 [Forwarding findElement on session 40765f9df89db676cc4846f810625318 to remote] DEBUG org.asynchttpclient.netty.request.NettyRequestSender - Using open Channel [id: 0x59fd9563, L:/127.0.0.1:63907 - R:localhost/127.0.0.1:55064] for POST '/session/40765f9df89db676cc4846f810625318/element'
23:01:44.200 [AsyncHttpClient-1-5] DEBUG org.asynchttpclient.netty.handler.HttpHandler - 

Request DefaultHttpRequest(decodeResult: success, version: HTTP/1.1)
POST /session/40765f9df89db676cc4846f810625318/element HTTP/1.1
User-Agent: selenium/4.1.2 (java windows)
Content-Length: 96
Content-Type: application/json; charset=utf-8
host: localhost:55064
accept: */*

Response DefaultHttpResponse(decodeResult: success, version: HTTP/1.1)
HTTP/1.1 200 OK
Content-Type: application/json; charset=utf-8
cache-control: no-cache
content-length: 88

23:01:44.200 [AsyncHttpClient-1-5] DEBUG org.asynchttpclient.netty.channel.ChannelManager - Adding key: http://localhost:55064 for channel [id: 0x59fd9563, L:/127.0.0.1:63907 - R:localhost/127.0.0.1:55064]
  &amp#27;[32mThen &amp#27;[0m&amp#27;[32mRating count added&amp#27;[0m                                      &amp#27;[90m# stepdefinitions.GiveRatingStep.ratingCountAdded()&amp#27;[0m
23:01:44.216 [Forwarding screenshot on session 40765f9df89db676cc4846f810625318 to remote] DEBUG org.asynchttpclient.netty.request.NettyRequestSender - Using pooled Channel '[id: 0x59fd9563, L:/127.0.0.1:63907 - R:localhost/127.0.0.1:55064]' for 'GET' to 'http://localhost:55064/session/40765f9df89db676cc4846f810625318/screenshot'
23:01:44.216 [Forwarding screenshot on session 40765f9df89db676cc4846f810625318 to remote] DEBUG org.asynchttpclient.netty.request.NettyRequestSender - Using open Channel [id: 0x59fd9563, L:/127.0.0.1:63907 - R:localhost/127.0.0.1:55064] for GET '/session/40765f9df89db676cc4846f810625318/screenshot'
23:01:44.480 [AsyncHttpClient-1-5] DEBUG org.asynchttpclient.netty.handler.HttpHandler - 

Request DefaultFullHttpRequest(decodeResult: success, version: HTTP/1.1, content: EmptyByteBufBE)
GET /session/40765f9df89db676cc4846f810625318/screenshot HTTP/1.1
User-Agent: selenium/4.1.2 (java windows)
Cache-Control: no-cache
Content-Type: application/json; charset=utf-8
host: localhost:55064
accept: */*

Response DefaultHttpResponse(decodeResult: success, version: HTTP/1.1)
HTTP/1.1 200 OK
Content-Type: application/json; charset=utf-8
cache-control: no-cache
content-length: 42892

23:01:44.482 [AsyncHttpClient-1-5] DEBUG org.asynchttpclient.netty.channel.ChannelManager - Adding key: http://localhost:55064 for channel [id: 0x59fd9563, L:/127.0.0.1:63907 - R:localhost/127.0.0.1:55064]
23:01:44.485 [main] DEBUG net.serenitybdd.core.photography.Darkroom - Send negative for processing for target\site\serenity\341c0bfb054afa3426fae08df03ace034e81d9144a7856b49280ff81bcd34557.png
23:01:44.486 [Darkroom Processing Line] DEBUG net.serenitybdd.core.photography.DarkroomProcessingLine - Processing screenshot image in /var/screenshots/screenshot-100018471157363378
23:01:44.486 [Darkroom Processing Line] DEBUG net.serenitybdd.core.photography.DarkroomProcessingLine - Saving screenshot to target\site\serenity\341c0bfb054afa3426fae08df03ace034e81d9144a7856b49280ff81bcd34557.png
23:01:44.487 [main] INFO  - 
  _____   ___   ___   _____     ___     _     ___   ___   ___   ___  
 |_   _| | __| / __| |_   _|   | _ \   /_\   / __| / __| | __| |   \ 
   | |   | _|  \__ \   | |     |  _/  / _ \  \__ \ \__ \ | _|  | |) |
   |_|   |___| |___/   |_|     |_|   /_/ \_\ |___/ |___/ |___| |___/ 

As a user, i can see details product and give rating
----------------------------------------------------------------------
23:01:44.493 [AsyncHttpClient-1-7] DEBUG org.asynchttpclient.netty.handler.WebSocketHandler - Channel Closed: [id: 0x88c11a07, L:/127.0.0.1:63920 ! R:localhost/127.0.0.1:63910] with attribute NettyResponseFuture{currentRetry=5,
	isDone=1,
	isCancelled=0,
	asyncHandler=org.asynchttpclient.ws.WebSocketUpgradeHandler@5d640058,
	nettyRequest=org.asynchttpclient.netty.request.NettyRequest@18668590,
	future=java.util.concurrent.CompletableFuture@2c97689f[Completed normally],
	uri=ws://localhost:63910/devtools/browser/26d618f4-e612-482c-9785-f39e187ee77e,
	keepAlive=true,
	redirectCount=0,
	timeoutsHolder=null,
	inAuth=0,
	touch=1653062452242}
23:01:44.494 [AsyncHttpClient-1-7] DEBUG org.asynchttpclient.netty.channel.ChannelManager - Closing Channel [id: 0x88c11a07, L:/127.0.0.1:63920 ! R:localhost/127.0.0.1:63910] 
23:01:44.496 [Driver Command Executor] DEBUG org.asynchttpclient.netty.request.NettyRequestSender - Using pooled Channel '[id: 0x59fd9563, L:/127.0.0.1:63907 - R:localhost/127.0.0.1:55064]' for 'DELETE' to 'http://localhost:55064/session/40765f9df89db676cc4846f810625318'
23:01:44.496 [Driver Command Executor] DEBUG org.asynchttpclient.netty.request.NettyRequestSender - Using open Channel [id: 0x59fd9563, L:/127.0.0.1:63907 - R:localhost/127.0.0.1:55064] for DELETE '/session/40765f9df89db676cc4846f810625318'
23:01:44.602 [AsyncHttpClient-1-6] DEBUG org.asynchttpclient.netty.handler.HttpHandler - Unexpected I/O exception on channel [id: 0x8c11bfab, L:/127.0.0.1:63919 - R:localhost/127.0.0.1:63910]
java.io.IOException: An existing connection was forcibly closed by the remote host
	at java.base/sun.nio.ch.SocketDispatcher.read0(Native Method)
	at java.base/sun.nio.ch.SocketDispatcher.read(SocketDispatcher.java:43)
	at java.base/sun.nio.ch.IOUtil.readIntoNativeBuffer(IOUtil.java:276)
	at java.base/sun.nio.ch.IOUtil.read(IOUtil.java:233)
	at java.base/sun.nio.ch.IOUtil.read(IOUtil.java:223)
	at java.base/sun.nio.ch.SocketChannelImpl.read(SocketChannelImpl.java:358)
	at io.netty.buffer.PooledByteBuf.setBytes(PooledByteBuf.java:258)
	at io.netty.buffer.AbstractByteBuf.writeBytes(AbstractByteBuf.java:1132)
	at io.netty.channel.socket.nio.NioSocketChannel.doReadBytes(NioSocketChannel.java:350)
	at io.netty.channel.nio.AbstractNioByteChannel$NioByteUnsafe.read(AbstractNioByteChannel.java:151)
	at io.netty.channel.nio.NioEventLoop.processSelectedKey(NioEventLoop.java:722)
	at io.netty.channel.nio.NioEventLoop.processSelectedKeysOptimized(NioEventLoop.java:658)
	at io.netty.channel.nio.NioEventLoop.processSelectedKeys(NioEventLoop.java:584)
	at io.netty.channel.nio.NioEventLoop.run(NioEventLoop.java:496)
	at io.netty.util.concurrent.SingleThreadEventExecutor$4.run(SingleThreadEventExecutor.java:986)
	at io.netty.util.internal.ThreadExecutorMap$2.run(ThreadExecutorMap.java:74)
	at io.netty.util.concurrent.FastThreadLocalRunnable.run(FastThreadLocalRunnable.java:30)
	at java.base/java.lang.Thread.run(Thread.java:834)
23:01:44.603 [AsyncHttpClient-1-6] DEBUG org.asynchttpclient.netty.channel.ChannelManager - Closing Channel [id: 0x8c11bfab, L:/127.0.0.1:63919 - R:localhost/127.0.0.1:63910] 
23:01:44.606 [AsyncHttpClient-1-6] DEBUG org.asynchttpclient.netty.handler.HttpHandler - Channel Closed: [id: 0x8c11bfab, L:/127.0.0.1:63919 ! R:localhost/127.0.0.1:63910] with attribute DISCARD
23:01:44.644 [AsyncHttpClient-1-5] DEBUG org.asynchttpclient.netty.handler.HttpHandler - 

Request DefaultFullHttpRequest(decodeResult: success, version: HTTP/1.1, content: EmptyByteBufBE)
DELETE /session/40765f9df89db676cc4846f810625318 HTTP/1.1
User-Agent: selenium/4.1.2 (java windows)
Content-Type: application/json; charset=utf-8
host: localhost:55064
accept: */*

Response DefaultHttpResponse(decodeResult: success, version: HTTP/1.1)
HTTP/1.1 200 OK
Content-Type: application/json; charset=utf-8
cache-control: no-cache
content-length: 14

23:01:44.644 [AsyncHttpClient-1-5] DEBUG org.asynchttpclient.netty.channel.ChannelManager - Adding key: http://localhost:55064 for channel [id: 0x59fd9563, L:/127.0.0.1:63907 - R:localhost/127.0.0.1:55064]
23:01:44.657 [AsyncHttpClient-1-1] DEBUG org.asynchttpclient.netty.channel.DefaultChannelPool - Entry count for : http://localhost:55064 : 1
23:01:44.657 [AsyncHttpClient-1-1] DEBUG org.asynchttpclient.netty.channel.DefaultChannelPool - Entry count for : http://localhost:63910 : 1
23:01:44.657 [AsyncHttpClient-1-1] DEBUG org.asynchttpclient.netty.channel.DefaultChannelPool - Adding Candidate expired Channel [id: 0x8c11bfab, L:/127.0.0.1:63919 ! R:localhost/127.0.0.1:63910] isIdleTimeoutExpired=false isRemotelyClosed=true isTtlExpired=false
23:01:44.657 [AsyncHttpClient-1-1] DEBUG org.asynchttpclient.netty.channel.DefaultChannelPool - Closing Idle Channel [id: 0x8c11bfab, L:/127.0.0.1:63919 ! R:localhost/127.0.0.1:63910]
23:01:44.658 [AsyncHttpClient-1-1] DEBUG org.asynchttpclient.netty.channel.DefaultChannelPool - Closed 1 connections out of 2 in 1 ms
23:01:44.919 [AsyncHttpClient-1-5] DEBUG org.asynchttpclient.netty.handler.HttpHandler - Channel Closed: [id: 0x59fd9563, L:/127.0.0.1:63907 ! R:localhost/127.0.0.1:55064] with attribute DISCARD
]]></system-out>
    <system-err><![CDATA[Starting ChromeDriver 101.0.4951.41 (93c720db8323b3ec10d056025ab95c23a31997c9-refs/branch-heads/4951@{#904}) on port 55064
Only local connections are allowed.
Please see https://chromedriver.chromium.org/security-considerations for suggestions on keeping ChromeDriver safe.
ChromeDriver was started successfully.
May 20, 2022 11:00:52 PM org.openqa.selenium.remote.ProtocolHandshake createSession
INFO: Detected dialect: W3C
May 20, 2022 11:00:52 PM org.openqa.selenium.devtools.CdpVersionFinder findNearestMatch
WARNING: Unable to find an exact match for CDP version 101, so returning the closest version found: 97
May 20, 2022 11:00:52 PM org.openqa.selenium.devtools.CdpVersionFinder findNearestMatch
INFO: Found CDP implementation for version 101 of 97
]]></system-err>
  </testcase>
  <testcase name="As a user, i have able to login" classname="Login" time="104.425">
    <error type="org.openqa.selenium.NoSuchElementException"><![CDATA[org.openqa.selenium.NoSuchElementException: 
no such element: Unable to locate element: {"method":"xpath","selector":"(//div/*[@role="button"])[2]"}
  (Session info: chrome=101.0.4951.67)
For documentation on this error, please visit: https://selenium.dev/exceptions/#no_such_element
Build info: version: '4.1.2', revision: '9a5a329c5a'
System info: host: 'LAPTOP-9MG0RTAB', ip: '192.168.172.95', os.name: 'Windows 10', os.arch: 'amd64', os.version: '10.0', java.version: '11.0.14'
Driver info: org.openqa.selenium.chrome.ChromeDriver
Command: [4e886dc3a05b2c267197ecbf51eeec52, findElement {using=xpath, value=(//div/*[@role="button"])[2]}]
Capabilities {acceptInsecureCerts: false, browserName: chrome, browserVersion: 101.0.4951.67, chrome: {chromedriverVersion: 101.0.4951.41 (93c720db8323..., userDataDir: C:\Users\SITINU~1\AppData\L...}, goog:chromeOptions: {debuggerAddress: localhost:63988}, javascriptEnabled: true, networkConnectionEnabled: false, pageLoadStrategy: normal, platform: WINDOWS, platformName: WINDOWS, proxy: Proxy(), se:cdp: ws://localhost:63988/devtoo..., se:cdpVersion: 101.0.4951.67, setWindowRect: true, strictFileInteractability: false, timeouts: {implicit: 0, pageLoad: 300000, script: 30000}, unhandledPromptBehavior: dismiss and notify, webauthn:extension:credBlob: true, webauthn:extension:largeBlob: true, webauthn:virtualAuthenticators: true}
Session ID: 4e886dc3a05b2c267197ecbf51eeec52
]]></error>
    <system-out><![CDATA[23:01:45.467 [main] INFO io.cucumber.core.plugin.SerenityReporter - Running feature from file:///D:/Mini%20Project-QE%20Alta/Web%20Automation/FrontEnd-AltaShop/src/test/resources/features/Login.feature
23:01:45.476 [main] DEBUG net.thucydides.core.steps.StepEventBus - Test suite started for story net.thucydides.core.model.Story@23282f08
23:01:45.479 [main] INFO  - Test Suite Started: Login

Scenario: As a user, i have able to login           &amp#27;[90m# src/test/resources/features/Login.feature:3&amp#27;[0m
23:01:45.539 [main] INFO io.cucumber.core.plugin.SerenityReporter - Running feature from file:///D:/Mini%20Project-QE%20Alta/Web%20Automation/FrontEnd-AltaShop/src/test/resources/features/Login.feature
23:01:45.548 [main] INFO  - 
  _____   ___   ___   _____     ___   _____     _     ___   _____   ___   ___  
 |_   _| | __| / __| |_   _|   / __| |_   _|   /_\   | _ \ |_   _| | __| |   \ 
   | |   | _|  \__ \   | |     \__ \   | |    / _ \  |   /   | |   | _|  | |) |
   |_|   |___| |___/   |_|     |___/   |_|   /_/ \_\ |_|_\   |_|   |___| |___/ 

As a user, i have able to login(login;as-a-user--i-have-able-to-login)
--------------------------------------------------------------------------------
23:01:45.637 [main] DEBUG net.thucydides.core.steps.StepInterceptor - STARTING STEP: LoginStep.iAmAtLoginPage - onLoginPage
23:01:45.640 [main] INFO net.serenitybdd.core.webdriver.driverproviders.ChromeDriverProvider - Using automatically driver download
23:01:45.760 [AsyncHttpClient-1-1] DEBUG org.asynchttpclient.netty.channel.DefaultChannelPool - Entry count for : http://localhost:55064 : 1
23:01:45.760 [AsyncHttpClient-1-1] DEBUG org.asynchttpclient.netty.channel.DefaultChannelPool - Adding Candidate expired Channel [id: 0x59fd9563, L:/127.0.0.1:63907 ! R:localhost/127.0.0.1:55064] isIdleTimeoutExpired=false isRemotelyClosed=true isTtlExpired=false
23:01:45.761 [AsyncHttpClient-1-1] DEBUG org.asynchttpclient.netty.channel.DefaultChannelPool - Closing Idle Channel [id: 0x59fd9563, L:/127.0.0.1:63907 ! R:localhost/127.0.0.1:55064]
23:01:45.761 [AsyncHttpClient-1-1] DEBUG org.asynchttpclient.netty.channel.DefaultChannelPool - Closed 1 connections out of 1 in 1 ms
23:01:46.002 [main] DEBUG io.github.bonigarcia.wdm.cache.ResolutionCache - Resolution chrome=101 in cache (valid until 23:59:13 20/05/2022 ICT)
23:01:46.015 [main] DEBUG io.github.bonigarcia.wdm.cache.ResolutionCache - Resolution chrome101=101.0.4951.41 in cache (valid until 22:59:13 21/05/2022 ICT)
23:01:46.021 [main] INFO io.github.bonigarcia.wdm.WebDriverManager - Using chromedriver 101.0.4951.41 (resolved driver for Chrome 101)
23:01:46.069 [main] DEBUG io.github.bonigarcia.wdm.WebDriverManager - Driver chromedriver 101.0.4951.41 found in cache
23:01:46.070 [main] INFO io.github.bonigarcia.wdm.WebDriverManager - Exporting webdriver.chrome.driver as C:\Users\Siti Nurlatipah\.cache\selenium\chromedriver\win32\101.0.4951.41\chromedriver.exe
23:01:46.314 [main] DEBUG net.serenitybdd.core.webdriver.driverproviders.ProvideNewDriver - Instantiating driver
23:01:46.314 [main] DEBUG net.serenitybdd.core.webdriver.driverproviders.ProvideNewDriver - Driver capabilities: Capabilities {acceptInsecureCerts: false, base.url: https://qa.alta.id, browserName: chrome, chrome.driver: src/test/resources/webdrive..., driver: chrome, goog:chromeOptions: {args: [], extensions: []}}
23:01:46.877 [AsyncHttpClient-1-8] DEBUG org.asynchttpclient.netty.channel.NettyConnectListener - Using new Channel '[id: 0xa0d3c8a8, L:/127.0.0.1:63987 - R:localhost/127.0.0.1:65034]' for 'POST' to '/session'
23:01:48.613 [AsyncHttpClient-1-8] DEBUG org.asynchttpclient.netty.handler.HttpHandler - 

Request DefaultHttpRequest(decodeResult: success, version: HTTP/1.1)
POST /session HTTP/1.1
User-Agent: selenium/4.1.2 (java windows)
Content-Length: 595
Content-Type: application/json; charset=utf-8
host: localhost:65034
accept: */*

Response DefaultHttpResponse(decodeResult: success, version: HTTP/1.1)
HTTP/1.1 200 OK
Content-Type: application/json; charset=utf-8
cache-control: no-cache
content-length: 790

23:01:48.613 [AsyncHttpClient-1-8] DEBUG org.asynchttpclient.netty.channel.ChannelManager - Adding key: http://localhost:65034 for channel [id: 0xa0d3c8a8, L:/127.0.0.1:63987 - R:localhost/127.0.0.1:65034]
23:01:48.653 [AsyncHttpClient-1-9] DEBUG org.asynchttpclient.netty.channel.NettyConnectListener - Using new Channel '[id: 0xfe753832, L:/127.0.0.1:63994 - R:localhost/127.0.0.1:63988]' for 'GET' to '/json/version'
23:01:48.669 [AsyncHttpClient-1-9] DEBUG org.asynchttpclient.netty.handler.HttpHandler - 

Request DefaultFullHttpRequest(decodeResult: success, version: HTTP/1.1, content: EmptyByteBufBE)
GET /json/version HTTP/1.1
User-Agent: selenium/4.1.2 (java windows)
host: localhost:63988
accept: */*

Response DefaultHttpResponse(decodeResult: success, version: HTTP/1.1)
HTTP/1.1 200 OK
Content-Type: application/json; charset=UTF-8
content-length: 427

23:01:48.670 [AsyncHttpClient-1-9] DEBUG org.asynchttpclient.netty.channel.ChannelManager - Adding key: http://localhost:63988 for channel [id: 0xfe753832, L:/127.0.0.1:63994 - R:localhost/127.0.0.1:63988]
23:01:48.680 [AsyncHttpClient-1-2] DEBUG org.asynchttpclient.netty.channel.NettyConnectListener - Using new Channel '[id: 0x3d0ec934, L:/127.0.0.1:63995 - R:localhost/127.0.0.1:63988]' for 'GET' to '/devtools/browser/83cac1ae-16e9-46c4-bad7-511313ca8d9e'
23:01:48.682 [AsyncHttpClient-1-2] DEBUG org.asynchttpclient.netty.handler.WebSocketHandler - 

Request DefaultFullHttpRequest(decodeResult: success, version: HTTP/1.1, content: EmptyByteBufBE)
GET /devtools/browser/83cac1ae-16e9-46c4-bad7-511313ca8d9e HTTP/1.1
upgrade: websocket
connection: upgrade
sec-websocket-key: LCV5tSZNgbdF6GD+wSs4hA==
sec-websocket-version: 13
origin: http://localhost:63988
host: localhost:63988
accept: */*
user-agent: AHC/2.1

Response DefaultHttpResponse(decodeResult: success, version: HTTP/1.1)
HTTP/1.1 101 WebSocket Protocol Handshake
Upgrade: WebSocket
Connection: Upgrade
Sec-WebSocket-Accept: VxmAGa/QHbkf28BJXZbGWCS+NcI=

23:01:48.698 [Forwarding get on session 4e886dc3a05b2c267197ecbf51eeec52 to remote] DEBUG org.asynchttpclient.netty.request.NettyRequestSender - Using pooled Channel '[id: 0xa0d3c8a8, L:/127.0.0.1:63987 - R:localhost/127.0.0.1:65034]' for 'POST' to 'http://localhost:65034/session/4e886dc3a05b2c267197ecbf51eeec52/url'
23:01:48.699 [Forwarding get on session 4e886dc3a05b2c267197ecbf51eeec52 to remote] DEBUG org.asynchttpclient.netty.request.NettyRequestSender - Using open Channel [id: 0xa0d3c8a8, L:/127.0.0.1:63987 - R:localhost/127.0.0.1:65034] for POST '/session/4e886dc3a05b2c267197ecbf51eeec52/url'
23:01:49.056 [AsyncHttpClient-1-1] DEBUG org.asynchttpclient.netty.channel.DefaultChannelPool - Entry count for : http://localhost:63988 : 1
23:01:50.157 [AsyncHttpClient-1-1] DEBUG org.asynchttpclient.netty.channel.DefaultChannelPool - Entry count for : http://localhost:63988 : 1
23:01:51.264 [AsyncHttpClient-1-1] DEBUG org.asynchttpclient.netty.channel.DefaultChannelPool - Entry count for : http://localhost:63988 : 1
23:01:52.357 [AsyncHttpClient-1-1] DEBUG org.asynchttpclient.netty.channel.DefaultChannelPool - Entry count for : http://localhost:63988 : 1
23:01:53.457 [AsyncHttpClient-1-1] DEBUG org.asynchttpclient.netty.channel.DefaultChannelPool - Entry count for : http://localhost:63988 : 1
23:01:54.557 [AsyncHttpClient-1-1] DEBUG org.asynchttpclient.netty.channel.DefaultChannelPool - Entry count for : http://localhost:63988 : 1
23:01:55.657 [AsyncHttpClient-1-1] DEBUG org.asynchttpclient.netty.channel.DefaultChannelPool - Entry count for : http://localhost:63988 : 1
23:01:56.757 [AsyncHttpClient-1-1] DEBUG org.asynchttpclient.netty.channel.DefaultChannelPool - Entry count for : http://localhost:63988 : 1
23:01:57.861 [AsyncHttpClient-1-1] DEBUG org.asynchttpclient.netty.channel.DefaultChannelPool - Entry count for : http://localhost:63988 : 1
23:01:58.963 [AsyncHttpClient-1-1] DEBUG org.asynchttpclient.netty.channel.DefaultChannelPool - Entry count for : http://localhost:63988 : 1
23:02:00.065 [AsyncHttpClient-1-1] DEBUG org.asynchttpclient.netty.channel.DefaultChannelPool - Entry count for : http://localhost:63988 : 1
23:02:01.156 [AsyncHttpClient-1-1] DEBUG org.asynchttpclient.netty.channel.DefaultChannelPool - Entry count for : http://localhost:63988 : 1
23:02:02.262 [AsyncHttpClient-1-1] DEBUG org.asynchttpclient.netty.channel.DefaultChannelPool - Entry count for : http://localhost:63988 : 1
23:02:03.357 [AsyncHttpClient-1-1] DEBUG org.asynchttpclient.netty.channel.DefaultChannelPool - Entry count for : http://localhost:63988 : 1
23:02:04.460 [AsyncHttpClient-1-1] DEBUG org.asynchttpclient.netty.channel.DefaultChannelPool - Entry count for : http://localhost:63988 : 1
23:02:05.557 [AsyncHttpClient-1-1] DEBUG org.asynchttpclient.netty.channel.DefaultChannelPool - Entry count for : http://localhost:63988 : 1
23:02:06.658 [AsyncHttpClient-1-1] DEBUG org.asynchttpclient.netty.channel.DefaultChannelPool - Entry count for : http://localhost:63988 : 1
23:02:07.757 [AsyncHttpClient-1-1] DEBUG org.asynchttpclient.netty.channel.DefaultChannelPool - Entry count for : http://localhost:63988 : 1
23:02:08.860 [AsyncHttpClient-1-1] DEBUG org.asynchttpclient.netty.channel.DefaultChannelPool - Entry count for : http://localhost:63988 : 1
23:02:09.957 [AsyncHttpClient-1-1] DEBUG org.asynchttpclient.netty.channel.DefaultChannelPool - Entry count for : http://localhost:63988 : 1
23:02:11.060 [AsyncHttpClient-1-1] DEBUG org.asynchttpclient.netty.channel.DefaultChannelPool - Entry count for : http://localhost:63988 : 1
23:02:12.158 [AsyncHttpClient-1-1] DEBUG org.asynchttpclient.netty.channel.DefaultChannelPool - Entry count for : http://localhost:63988 : 1
23:02:13.262 [AsyncHttpClient-1-1] DEBUG org.asynchttpclient.netty.channel.DefaultChannelPool - Entry count for : http://localhost:63988 : 1
23:02:14.358 [AsyncHttpClient-1-1] DEBUG org.asynchttpclient.netty.channel.DefaultChannelPool - Entry count for : http://localhost:63988 : 1
23:02:15.457 [AsyncHttpClient-1-1] DEBUG org.asynchttpclient.netty.channel.DefaultChannelPool - Entry count for : http://localhost:63988 : 1
23:02:16.556 [AsyncHttpClient-1-1] DEBUG org.asynchttpclient.netty.channel.DefaultChannelPool - Entry count for : http://localhost:63988 : 1
23:02:17.657 [AsyncHttpClient-1-1] DEBUG org.asynchttpclient.netty.channel.DefaultChannelPool - Entry count for : http://localhost:63988 : 1
23:02:18.759 [AsyncHttpClient-1-1] DEBUG org.asynchttpclient.netty.channel.DefaultChannelPool - Entry count for : http://localhost:63988 : 1
23:02:19.856 [AsyncHttpClient-1-1] DEBUG org.asynchttpclient.netty.channel.DefaultChannelPool - Entry count for : http://localhost:63988 : 1
23:02:20.959 [AsyncHttpClient-1-1] DEBUG org.asynchttpclient.netty.channel.DefaultChannelPool - Entry count for : http://localhost:63988 : 1
23:02:22.063 [AsyncHttpClient-1-1] DEBUG org.asynchttpclient.netty.channel.DefaultChannelPool - Entry count for : http://localhost:63988 : 1
23:02:23.157 [AsyncHttpClient-1-1] DEBUG org.asynchttpclient.netty.channel.DefaultChannelPool - Entry count for : http://localhost:63988 : 1
23:02:24.258 [AsyncHttpClient-1-1] DEBUG org.asynchttpclient.netty.channel.DefaultChannelPool - Entry count for : http://localhost:63988 : 1
23:02:25.363 [AsyncHttpClient-1-1] DEBUG org.asynchttpclient.netty.channel.DefaultChannelPool - Entry count for : http://localhost:63988 : 1
23:02:26.456 [AsyncHttpClient-1-1] DEBUG org.asynchttpclient.netty.channel.DefaultChannelPool - Entry count for : http://localhost:63988 : 1
23:02:27.562 [AsyncHttpClient-1-1] DEBUG org.asynchttpclient.netty.channel.DefaultChannelPool - Entry count for : http://localhost:63988 : 1
23:02:28.663 [AsyncHttpClient-1-1] DEBUG org.asynchttpclient.netty.channel.DefaultChannelPool - Entry count for : http://localhost:63988 : 1
23:02:29.757 [AsyncHttpClient-1-1] DEBUG org.asynchttpclient.netty.channel.DefaultChannelPool - Entry count for : http://localhost:63988 : 1
23:02:30.859 [AsyncHttpClient-1-1] DEBUG org.asynchttpclient.netty.channel.DefaultChannelPool - Entry count for : http://localhost:63988 : 1
23:02:31.957 [AsyncHttpClient-1-1] DEBUG org.asynchttpclient.netty.channel.DefaultChannelPool - Entry count for : http://localhost:63988 : 1
23:02:33.057 [AsyncHttpClient-1-1] DEBUG org.asynchttpclient.netty.channel.DefaultChannelPool - Entry count for : http://localhost:63988 : 1
23:02:34.157 [AsyncHttpClient-1-1] DEBUG org.asynchttpclient.netty.channel.DefaultChannelPool - Entry count for : http://localhost:63988 : 1
23:02:35.257 [AsyncHttpClient-1-1] DEBUG org.asynchttpclient.netty.channel.DefaultChannelPool - Entry count for : http://localhost:63988 : 1
23:02:36.356 [AsyncHttpClient-1-1] DEBUG org.asynchttpclient.netty.channel.DefaultChannelPool - Entry count for : http://localhost:63988 : 1
23:02:37.460 [AsyncHttpClient-1-1] DEBUG org.asynchttpclient.netty.channel.DefaultChannelPool - Entry count for : http://localhost:63988 : 1
23:02:38.565 [AsyncHttpClient-1-1] DEBUG org.asynchttpclient.netty.channel.DefaultChannelPool - Entry count for : http://localhost:63988 : 1
23:02:39.657 [AsyncHttpClient-1-1] DEBUG org.asynchttpclient.netty.channel.DefaultChannelPool - Entry count for : http://localhost:63988 : 1
23:02:40.760 [AsyncHttpClient-1-1] DEBUG org.asynchttpclient.netty.channel.DefaultChannelPool - Entry count for : http://localhost:63988 : 1
23:02:41.858 [AsyncHttpClient-1-1] DEBUG org.asynchttpclient.netty.channel.DefaultChannelPool - Entry count for : http://localhost:63988 : 1
23:02:42.956 [AsyncHttpClient-1-1] DEBUG org.asynchttpclient.netty.channel.DefaultChannelPool - Entry count for : http://localhost:63988 : 1
23:02:44.057 [AsyncHttpClient-1-1] DEBUG org.asynchttpclient.netty.channel.DefaultChannelPool - Entry count for : http://localhost:63988 : 1
23:02:45.163 [AsyncHttpClient-1-1] DEBUG org.asynchttpclient.netty.channel.DefaultChannelPool - Entry count for : http://localhost:63988 : 1
23:02:46.256 [AsyncHttpClient-1-1] DEBUG org.asynchttpclient.netty.channel.DefaultChannelPool - Entry count for : http://localhost:63988 : 1
23:02:47.361 [AsyncHttpClient-1-1] DEBUG org.asynchttpclient.netty.channel.DefaultChannelPool - Entry count for : http://localhost:63988 : 1
23:02:48.456 [AsyncHttpClient-1-1] DEBUG org.asynchttpclient.netty.channel.DefaultChannelPool - Entry count for : http://localhost:63988 : 1
23:02:49.559 [AsyncHttpClient-1-1] DEBUG org.asynchttpclient.netty.channel.DefaultChannelPool - Entry count for : http://localhost:63988 : 1
23:02:49.559 [AsyncHttpClient-1-1] DEBUG org.asynchttpclient.netty.channel.DefaultChannelPool - Adding Candidate expired Channel [id: 0xfe753832, L:/127.0.0.1:63994 - R:localhost/127.0.0.1:63988] isIdleTimeoutExpired=true isRemotelyClosed=false isTtlExpired=false
23:02:49.559 [AsyncHttpClient-1-1] DEBUG org.asynchttpclient.netty.channel.DefaultChannelPool - Closing Idle Channel [id: 0xfe753832, L:/127.0.0.1:63994 - R:localhost/127.0.0.1:63988]
23:02:49.561 [AsyncHttpClient-1-1] DEBUG org.asynchttpclient.netty.channel.DefaultChannelPool - Closed 1 connections out of 1 in 2 ms
23:02:49.561 [AsyncHttpClient-1-9] DEBUG org.asynchttpclient.netty.handler.HttpHandler - Channel Closed: [id: 0xfe753832, L:/127.0.0.1:63994 ! R:localhost/127.0.0.1:63988] with attribute DISCARD
23:03:23.844 [AsyncHttpClient-1-8] DEBUG org.asynchttpclient.netty.handler.HttpHandler - 

Request DefaultHttpRequest(decodeResult: success, version: HTTP/1.1)
POST /session/4e886dc3a05b2c267197ecbf51eeec52/url HTTP/1.1
User-Agent: selenium/4.1.2 (java windows)
Content-Length: 64
Content-Type: application/json; charset=utf-8
host: localhost:65034
accept: */*

Response DefaultHttpResponse(decodeResult: success, version: HTTP/1.1)
HTTP/1.1 200 OK
Content-Type: application/json; charset=utf-8
cache-control: no-cache
content-length: 14

23:03:23.846 [AsyncHttpClient-1-8] DEBUG org.asynchttpclient.netty.channel.ChannelManager - Adding key: http://localhost:65034 for channel [id: 0xa0d3c8a8, L:/127.0.0.1:63987 - R:localhost/127.0.0.1:65034]
23:03:23.859 [Forwarding setTimeout on session 4e886dc3a05b2c267197ecbf51eeec52 to remote] DEBUG org.asynchttpclient.netty.request.NettyRequestSender - Using pooled Channel '[id: 0xa0d3c8a8, L:/127.0.0.1:63987 - R:localhost/127.0.0.1:65034]' for 'POST' to 'http://localhost:65034/session/4e886dc3a05b2c267197ecbf51eeec52/timeouts'
23:03:23.859 [Forwarding setTimeout on session 4e886dc3a05b2c267197ecbf51eeec52 to remote] DEBUG org.asynchttpclient.netty.request.NettyRequestSender - Using open Channel [id: 0xa0d3c8a8, L:/127.0.0.1:63987 - R:localhost/127.0.0.1:65034] for POST '/session/4e886dc3a05b2c267197ecbf51eeec52/timeouts'
23:03:23.864 [AsyncHttpClient-1-8] DEBUG org.asynchttpclient.netty.handler.HttpHandler - 

Request DefaultHttpRequest(decodeResult: success, version: HTTP/1.1)
POST /session/4e886dc3a05b2c267197ecbf51eeec52/timeouts HTTP/1.1
User-Agent: selenium/4.1.2 (java windows)
Content-Length: 22
Content-Type: application/json; charset=utf-8
host: localhost:65034
accept: */*

Response DefaultHttpResponse(decodeResult: success, version: HTTP/1.1)
HTTP/1.1 200 OK
Content-Type: application/json; charset=utf-8
cache-control: no-cache
content-length: 14

23:03:23.864 [AsyncHttpClient-1-8] DEBUG org.asynchttpclient.netty.channel.ChannelManager - Adding key: http://localhost:65034 for channel [id: 0xa0d3c8a8, L:/127.0.0.1:63987 - R:localhost/127.0.0.1:65034]
23:03:23.871 [Forwarding getCurrentUrl on session 4e886dc3a05b2c267197ecbf51eeec52 to remote] DEBUG org.asynchttpclient.netty.request.NettyRequestSender - Using pooled Channel '[id: 0xa0d3c8a8, L:/127.0.0.1:63987 - R:localhost/127.0.0.1:65034]' for 'GET' to 'http://localhost:65034/session/4e886dc3a05b2c267197ecbf51eeec52/url'
23:03:23.871 [Forwarding getCurrentUrl on session 4e886dc3a05b2c267197ecbf51eeec52 to remote] DEBUG org.asynchttpclient.netty.request.NettyRequestSender - Using open Channel [id: 0xa0d3c8a8, L:/127.0.0.1:63987 - R:localhost/127.0.0.1:65034] for GET '/session/4e886dc3a05b2c267197ecbf51eeec52/url'
23:03:23.885 [AsyncHttpClient-1-8] DEBUG org.asynchttpclient.netty.handler.HttpHandler - 

Request DefaultFullHttpRequest(decodeResult: success, version: HTTP/1.1, content: EmptyByteBufBE)
GET /session/4e886dc3a05b2c267197ecbf51eeec52/url HTTP/1.1
User-Agent: selenium/4.1.2 (java windows)
Cache-Control: no-cache
Content-Type: application/json; charset=utf-8
host: localhost:65034
accept: */*

Response DefaultHttpResponse(decodeResult: success, version: HTTP/1.1)
HTTP/1.1 200 OK
Content-Type: application/json; charset=utf-8
cache-control: no-cache
content-length: 41

23:03:23.886 [AsyncHttpClient-1-8] DEBUG org.asynchttpclient.netty.channel.ChannelManager - Adding key: http://localhost:65034 for channel [id: 0xa0d3c8a8, L:/127.0.0.1:63987 - R:localhost/127.0.0.1:65034]
23:03:23.899 [main] DEBUG net.serenitybdd.core.photography.Darkroom - Opening darkroom
23:03:23.900 [Darkroom Processing Line] DEBUG net.serenitybdd.core.photography.DarkroomProcessingLine - Darkroom processing line starting up
23:03:23.901 [Forwarding screenshot on session 4e886dc3a05b2c267197ecbf51eeec52 to remote] DEBUG org.asynchttpclient.netty.request.NettyRequestSender - Using pooled Channel '[id: 0xa0d3c8a8, L:/127.0.0.1:63987 - R:localhost/127.0.0.1:65034]' for 'GET' to 'http://localhost:65034/session/4e886dc3a05b2c267197ecbf51eeec52/screenshot'
23:03:23.902 [Forwarding screenshot on session 4e886dc3a05b2c267197ecbf51eeec52 to remote] DEBUG org.asynchttpclient.netty.request.NettyRequestSender - Using open Channel [id: 0xa0d3c8a8, L:/127.0.0.1:63987 - R:localhost/127.0.0.1:65034] for GET '/session/4e886dc3a05b2c267197ecbf51eeec52/screenshot'
23:03:24.074 [AsyncHttpClient-1-8] DEBUG org.asynchttpclient.netty.handler.HttpHandler - 

Request DefaultFullHttpRequest(decodeResult: success, version: HTTP/1.1, content: EmptyByteBufBE)
GET /session/4e886dc3a05b2c267197ecbf51eeec52/screenshot HTTP/1.1
User-Agent: selenium/4.1.2 (java windows)
Cache-Control: no-cache
Content-Type: application/json; charset=utf-8
host: localhost:65034
accept: */*

Response DefaultHttpResponse(decodeResult: success, version: HTTP/1.1)
HTTP/1.1 200 OK
Content-Type: application/json; charset=utf-8
cache-control: no-cache
content-length: 37840

23:03:24.075 [AsyncHttpClient-1-8] DEBUG org.asynchttpclient.netty.channel.ChannelManager - Adding key: http://localhost:65034 for channel [id: 0xa0d3c8a8, L:/127.0.0.1:63987 - R:localhost/127.0.0.1:65034]
23:03:24.079 [main] DEBUG net.serenitybdd.core.photography.Darkroom - Send negative for processing for target\site\serenity\6f2f89e8c5a543dd0a10df9cc2fb4dfa2a13d528c2d3ad44cda943733ef50e85.png
23:03:24.079 [main] DEBUG net.thucydides.core.steps.StepInterceptor - STEP DONE: onLoginPage
  &amp#27;[32mGiven &amp#27;[0m&amp#27;[32m&amp#27;[0m&amp#27;[32m&amp#27;[1mI&amp#27;[0m&amp#27;[32m am at login-page&amp#27;[0m                          &amp#27;[90m# stepdefinitions.LoginStep.iAmAtLoginPage(java.lang.String)&amp#27;[0m
23:03:24.101 [main] DEBUG net.thucydides.core.steps.StepInterceptor - STARTING STEP: LoginStep.iTypeMyEmail - typeMyEmail
23:03:24.105 [Forwarding findElement on session 4e886dc3a05b2c267197ecbf51eeec52 to remote] DEBUG org.asynchttpclient.netty.request.NettyRequestSender - Using pooled Channel '[id: 0xa0d3c8a8, L:/127.0.0.1:63987 - R:localhost/127.0.0.1:65034]' for 'POST' to 'http://localhost:65034/session/4e886dc3a05b2c267197ecbf51eeec52/element'
23:03:24.105 [Forwarding findElement on session 4e886dc3a05b2c267197ecbf51eeec52 to remote] DEBUG org.asynchttpclient.netty.request.NettyRequestSender - Using open Channel [id: 0xa0d3c8a8, L:/127.0.0.1:63987 - R:localhost/127.0.0.1:65034] for POST '/session/4e886dc3a05b2c267197ecbf51eeec52/element'
23:03:24.123 [AsyncHttpClient-1-8] DEBUG org.asynchttpclient.netty.handler.HttpHandler - 

Request DefaultHttpRequest(decodeResult: success, version: HTTP/1.1)
POST /session/4e886dc3a05b2c267197ecbf51eeec52/element HTTP/1.1
User-Agent: selenium/4.1.2 (java windows)
Content-Length: 84
Content-Type: application/json; charset=utf-8
host: localhost:65034
accept: */*

Response DefaultHttpResponse(decodeResult: success, version: HTTP/1.1)
HTTP/1.1 200 OK
Content-Type: application/json; charset=utf-8
cache-control: no-cache
content-length: 88

23:03:24.124 [AsyncHttpClient-1-8] DEBUG org.asynchttpclient.netty.channel.ChannelManager - Adding key: http://localhost:65034 for channel [id: 0xa0d3c8a8, L:/127.0.0.1:63987 - R:localhost/127.0.0.1:65034]
23:03:24.128 [Forwarding sendKeysToElement on session 4e886dc3a05b2c267197ecbf51eeec52 to remote] DEBUG org.asynchttpclient.netty.request.NettyRequestSender - Using pooled Channel '[id: 0xa0d3c8a8, L:/127.0.0.1:63987 - R:localhost/127.0.0.1:65034]' for 'POST' to 'http://localhost:65034/session/4e886dc3a05b2c267197ecbf51eeec52/element/8db0681a-7f67-4fbd-96c4-e73bf1f43904/value'
23:03:24.128 [Forwarding sendKeysToElement on session 4e886dc3a05b2c267197ecbf51eeec52 to remote] DEBUG org.asynchttpclient.netty.request.NettyRequestSender - Using open Channel [id: 0xa0d3c8a8, L:/127.0.0.1:63987 - R:localhost/127.0.0.1:65034] for POST '/session/4e886dc3a05b2c267197ecbf51eeec52/element/8db0681a-7f67-4fbd-96c4-e73bf1f43904/value'
23:03:24.480 [AsyncHttpClient-1-8] DEBUG org.asynchttpclient.netty.handler.HttpHandler - 

Request DefaultHttpRequest(decodeResult: success, version: HTTP/1.1)
POST /session/4e886dc3a05b2c267197ecbf51eeec52/element/8db0681a-7f67-4fbd-96c4-e73bf1f43904/value HTTP/1.1
User-Agent: selenium/4.1.2 (java windows)
Content-Length: 361
Content-Type: application/json; charset=utf-8
host: localhost:65034
accept: */*

Response DefaultHttpResponse(decodeResult: success, version: HTTP/1.1)
HTTP/1.1 200 OK
Content-Type: application/json; charset=utf-8
cache-control: no-cache
content-length: 14

23:03:24.480 [AsyncHttpClient-1-8] DEBUG org.asynchttpclient.netty.channel.ChannelManager - Adding key: http://localhost:65034 for channel [id: 0xa0d3c8a8, L:/127.0.0.1:63987 - R:localhost/127.0.0.1:65034]
23:03:24.489 [Forwarding screenshot on session 4e886dc3a05b2c267197ecbf51eeec52 to remote] DEBUG org.asynchttpclient.netty.request.NettyRequestSender - Using pooled Channel '[id: 0xa0d3c8a8, L:/127.0.0.1:63987 - R:localhost/127.0.0.1:65034]' for 'GET' to 'http://localhost:65034/session/4e886dc3a05b2c267197ecbf51eeec52/screenshot'
23:03:24.489 [Forwarding screenshot on session 4e886dc3a05b2c267197ecbf51eeec52 to remote] DEBUG org.asynchttpclient.netty.request.NettyRequestSender - Using open Channel [id: 0xa0d3c8a8, L:/127.0.0.1:63987 - R:localhost/127.0.0.1:65034] for GET '/session/4e886dc3a05b2c267197ecbf51eeec52/screenshot'
23:03:24.743 [AsyncHttpClient-1-8] DEBUG org.asynchttpclient.netty.handler.HttpHandler - 

Request DefaultFullHttpRequest(decodeResult: success, version: HTTP/1.1, content: EmptyByteBufBE)
GET /session/4e886dc3a05b2c267197ecbf51eeec52/screenshot HTTP/1.1
User-Agent: selenium/4.1.2 (java windows)
Cache-Control: no-cache
Content-Type: application/json; charset=utf-8
host: localhost:65034
accept: */*

Response DefaultHttpResponse(decodeResult: success, version: HTTP/1.1)
HTTP/1.1 200 OK
Content-Type: application/json; charset=utf-8
cache-control: no-cache
content-length: 47260

23:03:24.745 [AsyncHttpClient-1-8] DEBUG org.asynchttpclient.netty.channel.ChannelManager - Adding key: http://localhost:65034 for channel [id: 0xa0d3c8a8, L:/127.0.0.1:63987 - R:localhost/127.0.0.1:65034]
23:03:24.750 [main] DEBUG net.serenitybdd.core.photography.Darkroom - Send negative for processing for target\site\serenity\ce0d0938f77a6ec32d80f421e11bc7248ed6e1b5f1d377f17ac51b77b8e0984d.png
23:03:24.751 [main] DEBUG net.thucydides.core.steps.StepInterceptor - STEP DONE: typeMyEmail
  &amp#27;[32mWhen &amp#27;[0m&amp#27;[32mI type my email &amp#27;[0m&amp#27;[32m&amp#27;[1mlandon.mcdermott@hotmail.com&amp#27;[0m &amp#27;[90m# stepdefinitions.LoginStep.iTypeMyEmail(java.lang.String)&amp#27;[0m
23:03:24.751 [Darkroom Processing Line] DEBUG net.serenitybdd.core.photography.DarkroomProcessingLine - Processing screenshot image in /var/screenshots/screenshot-8902728336765413278
23:03:24.751 [Darkroom Processing Line] DEBUG net.serenitybdd.core.photography.DarkroomProcessingLine - Saving screenshot to target\site\serenity\ce0d0938f77a6ec32d80f421e11bc7248ed6e1b5f1d377f17ac51b77b8e0984d.png
23:03:24.764 [AsyncHttpClient-1-1] DEBUG org.asynchttpclient.netty.channel.DefaultChannelPool - Entry count for : http://localhost:65034 : 1
23:03:24.784 [main] DEBUG net.thucydides.core.steps.StepInterceptor - STARTING STEP: LoginStep.iTypeMyPassword - typeMyPassword
23:03:24.787 [Forwarding findElement on session 4e886dc3a05b2c267197ecbf51eeec52 to remote] DEBUG org.asynchttpclient.netty.request.NettyRequestSender - Using pooled Channel '[id: 0xa0d3c8a8, L:/127.0.0.1:63987 - R:localhost/127.0.0.1:65034]' for 'POST' to 'http://localhost:65034/session/4e886dc3a05b2c267197ecbf51eeec52/element'
23:03:24.788 [Forwarding findElement on session 4e886dc3a05b2c267197ecbf51eeec52 to remote] DEBUG org.asynchttpclient.netty.request.NettyRequestSender - Using open Channel [id: 0xa0d3c8a8, L:/127.0.0.1:63987 - R:localhost/127.0.0.1:65034] for POST '/session/4e886dc3a05b2c267197ecbf51eeec52/element'
23:03:24.807 [AsyncHttpClient-1-8] DEBUG org.asynchttpclient.netty.handler.HttpHandler - 

Request DefaultHttpRequest(decodeResult: success, version: HTTP/1.1)
POST /session/4e886dc3a05b2c267197ecbf51eeec52/element HTTP/1.1
User-Agent: selenium/4.1.2 (java windows)
Content-Length: 87
Content-Type: application/json; charset=utf-8
host: localhost:65034
accept: */*

Response DefaultHttpResponse(decodeResult: success, version: HTTP/1.1)
HTTP/1.1 200 OK
Content-Type: application/json; charset=utf-8
cache-control: no-cache
content-length: 88

23:03:24.807 [AsyncHttpClient-1-8] DEBUG org.asynchttpclient.netty.channel.ChannelManager - Adding key: http://localhost:65034 for channel [id: 0xa0d3c8a8, L:/127.0.0.1:63987 - R:localhost/127.0.0.1:65034]
23:03:24.811 [Forwarding sendKeysToElement on session 4e886dc3a05b2c267197ecbf51eeec52 to remote] DEBUG org.asynchttpclient.netty.request.NettyRequestSender - Using pooled Channel '[id: 0xa0d3c8a8, L:/127.0.0.1:63987 - R:localhost/127.0.0.1:65034]' for 'POST' to 'http://localhost:65034/session/4e886dc3a05b2c267197ecbf51eeec52/element/9cf91283-4220-4140-9987-4a6820ec4db8/value'
23:03:24.812 [Forwarding sendKeysToElement on session 4e886dc3a05b2c267197ecbf51eeec52 to remote] DEBUG org.asynchttpclient.netty.request.NettyRequestSender - Using open Channel [id: 0xa0d3c8a8, L:/127.0.0.1:63987 - R:localhost/127.0.0.1:65034] for POST '/session/4e886dc3a05b2c267197ecbf51eeec52/element/9cf91283-4220-4140-9987-4a6820ec4db8/value'
23:03:24.959 [AsyncHttpClient-1-8] DEBUG org.asynchttpclient.netty.handler.HttpHandler - 

Request DefaultHttpRequest(decodeResult: success, version: HTTP/1.1)
POST /session/4e886dc3a05b2c267197ecbf51eeec52/element/9cf91283-4220-4140-9987-4a6820ec4db8/value HTTP/1.1
User-Agent: selenium/4.1.2 (java windows)
Content-Length: 131
Content-Type: application/json; charset=utf-8
host: localhost:65034
accept: */*

Response DefaultHttpResponse(decodeResult: success, version: HTTP/1.1)
HTTP/1.1 200 OK
Content-Type: application/json; charset=utf-8
cache-control: no-cache
content-length: 14

23:03:24.960 [AsyncHttpClient-1-8] DEBUG org.asynchttpclient.netty.channel.ChannelManager - Adding key: http://localhost:65034 for channel [id: 0xa0d3c8a8, L:/127.0.0.1:63987 - R:localhost/127.0.0.1:65034]
23:03:24.975 [Forwarding screenshot on session 4e886dc3a05b2c267197ecbf51eeec52 to remote] DEBUG org.asynchttpclient.netty.request.NettyRequestSender - Using pooled Channel '[id: 0xa0d3c8a8, L:/127.0.0.1:63987 - R:localhost/127.0.0.1:65034]' for 'GET' to 'http://localhost:65034/session/4e886dc3a05b2c267197ecbf51eeec52/screenshot'
23:03:24.975 [Forwarding screenshot on session 4e886dc3a05b2c267197ecbf51eeec52 to remote] DEBUG org.asynchttpclient.netty.request.NettyRequestSender - Using open Channel [id: 0xa0d3c8a8, L:/127.0.0.1:63987 - R:localhost/127.0.0.1:65034] for GET '/session/4e886dc3a05b2c267197ecbf51eeec52/screenshot'
23:03:25.194 [AsyncHttpClient-1-8] DEBUG org.asynchttpclient.netty.handler.HttpHandler - 

Request DefaultFullHttpRequest(decodeResult: success, version: HTTP/1.1, content: EmptyByteBufBE)
GET /session/4e886dc3a05b2c267197ecbf51eeec52/screenshot HTTP/1.1
User-Agent: selenium/4.1.2 (java windows)
Cache-Control: no-cache
Content-Type: application/json; charset=utf-8
host: localhost:65034
accept: */*

Response DefaultHttpResponse(decodeResult: success, version: HTTP/1.1)
HTTP/1.1 200 OK
Content-Type: application/json; charset=utf-8
cache-control: no-cache
content-length: 49112

23:03:25.195 [AsyncHttpClient-1-8] DEBUG org.asynchttpclient.netty.channel.ChannelManager - Adding key: http://localhost:65034 for channel [id: 0xa0d3c8a8, L:/127.0.0.1:63987 - R:localhost/127.0.0.1:65034]
23:03:25.199 [main] DEBUG net.serenitybdd.core.photography.Darkroom - Send negative for processing for target\site\serenity\9b27c02c848f1fbe1a35056220dcf91d1f9609b5a9ff3bd0cc491def3caaf19c.png
23:03:25.199 [main] DEBUG net.thucydides.core.steps.StepInterceptor - STEP DONE: typeMyPassword
  &amp#27;[32mAnd &amp#27;[0m&amp#27;[32mI type my password &amp#27;[0m&amp#27;[32m&amp#27;[1maiueo&amp#27;[0m                      &amp#27;[90m# stepdefinitions.LoginStep.iTypeMyPassword(java.lang.String)&amp#27;[0m
23:03:25.202 [Darkroom Processing Line] DEBUG net.serenitybdd.core.photography.DarkroomProcessingLine - Processing screenshot image in /var/screenshots/screenshot-17598546679111565685
23:03:25.202 [Darkroom Processing Line] DEBUG net.serenitybdd.core.photography.DarkroomProcessingLine - Saving screenshot to target\site\serenity\9b27c02c848f1fbe1a35056220dcf91d1f9609b5a9ff3bd0cc491def3caaf19c.png
23:03:25.237 [main] DEBUG net.thucydides.core.steps.StepInterceptor - STARTING STEP: LoginStep.iClickLoginButton - clickLoginButton
23:03:25.245 [Forwarding findElement on session 4e886dc3a05b2c267197ecbf51eeec52 to remote] DEBUG org.asynchttpclient.netty.request.NettyRequestSender - Using pooled Channel '[id: 0xa0d3c8a8, L:/127.0.0.1:63987 - R:localhost/127.0.0.1:65034]' for 'POST' to 'http://localhost:65034/session/4e886dc3a05b2c267197ecbf51eeec52/element'
23:03:25.245 [Forwarding findElement on session 4e886dc3a05b2c267197ecbf51eeec52 to remote] DEBUG org.asynchttpclient.netty.request.NettyRequestSender - Using open Channel [id: 0xa0d3c8a8, L:/127.0.0.1:63987 - R:localhost/127.0.0.1:65034] for POST '/session/4e886dc3a05b2c267197ecbf51eeec52/element'
23:03:25.270 [AsyncHttpClient-1-8] DEBUG org.asynchttpclient.netty.handler.HttpHandler - 

Request DefaultHttpRequest(decodeResult: success, version: HTTP/1.1)
POST /session/4e886dc3a05b2c267197ecbf51eeec52/element HTTP/1.1
User-Agent: selenium/4.1.2 (java windows)
Content-Length: 155
Content-Type: application/json; charset=utf-8
host: localhost:65034
accept: */*

Response DefaultHttpResponse(decodeResult: success, version: HTTP/1.1)
HTTP/1.1 200 OK
Content-Type: application/json; charset=utf-8
cache-control: no-cache
content-length: 88

23:03:25.270 [AsyncHttpClient-1-8] DEBUG org.asynchttpclient.netty.channel.ChannelManager - Adding key: http://localhost:65034 for channel [id: 0xa0d3c8a8, L:/127.0.0.1:63987 - R:localhost/127.0.0.1:65034]
23:03:25.274 [Forwarding getElementTagName on session 4e886dc3a05b2c267197ecbf51eeec52 to remote] DEBUG org.asynchttpclient.netty.request.NettyRequestSender - Using pooled Channel '[id: 0xa0d3c8a8, L:/127.0.0.1:63987 - R:localhost/127.0.0.1:65034]' for 'GET' to 'http://localhost:65034/session/4e886dc3a05b2c267197ecbf51eeec52/element/5861fc8b-1471-4fd1-8423-6e93554cf468/name'
23:03:25.274 [Forwarding getElementTagName on session 4e886dc3a05b2c267197ecbf51eeec52 to remote] DEBUG org.asynchttpclient.netty.request.NettyRequestSender - Using open Channel [id: 0xa0d3c8a8, L:/127.0.0.1:63987 - R:localhost/127.0.0.1:65034] for GET '/session/4e886dc3a05b2c267197ecbf51eeec52/element/5861fc8b-1471-4fd1-8423-6e93554cf468/name'
23:03:25.299 [AsyncHttpClient-1-8] DEBUG org.asynchttpclient.netty.handler.HttpHandler - 

Request DefaultFullHttpRequest(decodeResult: success, version: HTTP/1.1, content: EmptyByteBufBE)
GET /session/4e886dc3a05b2c267197ecbf51eeec52/element/5861fc8b-1471-4fd1-8423-6e93554cf468/name HTTP/1.1
User-Agent: selenium/4.1.2 (java windows)
Cache-Control: no-cache
Content-Type: application/json; charset=utf-8
host: localhost:65034
accept: */*

Response DefaultHttpResponse(decodeResult: success, version: HTTP/1.1)
HTTP/1.1 200 OK
Content-Type: application/json; charset=utf-8
cache-control: no-cache
content-length: 18

23:03:25.300 [AsyncHttpClient-1-8] DEBUG org.asynchttpclient.netty.channel.ChannelManager - Adding key: http://localhost:65034 for channel [id: 0xa0d3c8a8, L:/127.0.0.1:63987 - R:localhost/127.0.0.1:65034]
23:03:25.304 [Forwarding getElementTagName on session 4e886dc3a05b2c267197ecbf51eeec52 to remote] DEBUG org.asynchttpclient.netty.request.NettyRequestSender - Using pooled Channel '[id: 0xa0d3c8a8, L:/127.0.0.1:63987 - R:localhost/127.0.0.1:65034]' for 'GET' to 'http://localhost:65034/session/4e886dc3a05b2c267197ecbf51eeec52/element/5861fc8b-1471-4fd1-8423-6e93554cf468/name'
23:03:25.304 [Forwarding getElementTagName on session 4e886dc3a05b2c267197ecbf51eeec52 to remote] DEBUG org.asynchttpclient.netty.request.NettyRequestSender - Using open Channel [id: 0xa0d3c8a8, L:/127.0.0.1:63987 - R:localhost/127.0.0.1:65034] for GET '/session/4e886dc3a05b2c267197ecbf51eeec52/element/5861fc8b-1471-4fd1-8423-6e93554cf468/name'
23:03:25.314 [AsyncHttpClient-1-8] DEBUG org.asynchttpclient.netty.handler.HttpHandler - 

Request DefaultFullHttpRequest(decodeResult: success, version: HTTP/1.1, content: EmptyByteBufBE)
GET /session/4e886dc3a05b2c267197ecbf51eeec52/element/5861fc8b-1471-4fd1-8423-6e93554cf468/name HTTP/1.1
User-Agent: selenium/4.1.2 (java windows)
Cache-Control: no-cache
Content-Type: application/json; charset=utf-8
host: localhost:65034
accept: */*

Response DefaultHttpResponse(decodeResult: success, version: HTTP/1.1)
HTTP/1.1 200 OK
Content-Type: application/json; charset=utf-8
cache-control: no-cache
content-length: 18

23:03:25.314 [AsyncHttpClient-1-8] DEBUG org.asynchttpclient.netty.channel.ChannelManager - Adding key: http://localhost:65034 for channel [id: 0xa0d3c8a8, L:/127.0.0.1:63987 - R:localhost/127.0.0.1:65034]
23:03:25.320 [Forwarding isElementEnabled on session 4e886dc3a05b2c267197ecbf51eeec52 to remote] DEBUG org.asynchttpclient.netty.request.NettyRequestSender - Using pooled Channel '[id: 0xa0d3c8a8, L:/127.0.0.1:63987 - R:localhost/127.0.0.1:65034]' for 'GET' to 'http://localhost:65034/session/4e886dc3a05b2c267197ecbf51eeec52/element/5861fc8b-1471-4fd1-8423-6e93554cf468/enabled'
23:03:25.321 [Forwarding isElementEnabled on session 4e886dc3a05b2c267197ecbf51eeec52 to remote] DEBUG org.asynchttpclient.netty.request.NettyRequestSender - Using open Channel [id: 0xa0d3c8a8, L:/127.0.0.1:63987 - R:localhost/127.0.0.1:65034] for GET '/session/4e886dc3a05b2c267197ecbf51eeec52/element/5861fc8b-1471-4fd1-8423-6e93554cf468/enabled'
23:03:25.339 [AsyncHttpClient-1-8] DEBUG org.asynchttpclient.netty.handler.HttpHandler - 

Request DefaultFullHttpRequest(decodeResult: success, version: HTTP/1.1, content: EmptyByteBufBE)
GET /session/4e886dc3a05b2c267197ecbf51eeec52/element/5861fc8b-1471-4fd1-8423-6e93554cf468/enabled HTTP/1.1
User-Agent: selenium/4.1.2 (java windows)
Cache-Control: no-cache
Content-Type: application/json; charset=utf-8
host: localhost:65034
accept: */*

Response DefaultHttpResponse(decodeResult: success, version: HTTP/1.1)
HTTP/1.1 200 OK
Content-Type: application/json; charset=utf-8
cache-control: no-cache
content-length: 14

23:03:25.340 [AsyncHttpClient-1-8] DEBUG org.asynchttpclient.netty.channel.ChannelManager - Adding key: http://localhost:65034 for channel [id: 0xa0d3c8a8, L:/127.0.0.1:63987 - R:localhost/127.0.0.1:65034]
23:03:25.344 [Forwarding isElementEnabled on session 4e886dc3a05b2c267197ecbf51eeec52 to remote] DEBUG org.asynchttpclient.netty.request.NettyRequestSender - Using pooled Channel '[id: 0xa0d3c8a8, L:/127.0.0.1:63987 - R:localhost/127.0.0.1:65034]' for 'GET' to 'http://localhost:65034/session/4e886dc3a05b2c267197ecbf51eeec52/element/5861fc8b-1471-4fd1-8423-6e93554cf468/enabled'
23:03:25.344 [Forwarding isElementEnabled on session 4e886dc3a05b2c267197ecbf51eeec52 to remote] DEBUG org.asynchttpclient.netty.request.NettyRequestSender - Using open Channel [id: 0xa0d3c8a8, L:/127.0.0.1:63987 - R:localhost/127.0.0.1:65034] for GET '/session/4e886dc3a05b2c267197ecbf51eeec52/element/5861fc8b-1471-4fd1-8423-6e93554cf468/enabled'
23:03:25.359 [AsyncHttpClient-1-8] DEBUG org.asynchttpclient.netty.handler.HttpHandler - 

Request DefaultFullHttpRequest(decodeResult: success, version: HTTP/1.1, content: EmptyByteBufBE)
GET /session/4e886dc3a05b2c267197ecbf51eeec52/element/5861fc8b-1471-4fd1-8423-6e93554cf468/enabled HTTP/1.1
User-Agent: selenium/4.1.2 (java windows)
Cache-Control: no-cache
Content-Type: application/json; charset=utf-8
host: localhost:65034
accept: */*

Response DefaultHttpResponse(decodeResult: success, version: HTTP/1.1)
HTTP/1.1 200 OK
Content-Type: application/json; charset=utf-8
cache-control: no-cache
content-length: 14

23:03:25.360 [AsyncHttpClient-1-8] DEBUG org.asynchttpclient.netty.channel.ChannelManager - Adding key: http://localhost:65034 for channel [id: 0xa0d3c8a8, L:/127.0.0.1:63987 - R:localhost/127.0.0.1:65034]
23:03:25.367 [Forwarding findElement on session 4e886dc3a05b2c267197ecbf51eeec52 to remote] DEBUG org.asynchttpclient.netty.request.NettyRequestSender - Using pooled Channel '[id: 0xa0d3c8a8, L:/127.0.0.1:63987 - R:localhost/127.0.0.1:65034]' for 'POST' to 'http://localhost:65034/session/4e886dc3a05b2c267197ecbf51eeec52/element'
23:03:25.368 [Forwarding findElement on session 4e886dc3a05b2c267197ecbf51eeec52 to remote] DEBUG org.asynchttpclient.netty.request.NettyRequestSender - Using open Channel [id: 0xa0d3c8a8, L:/127.0.0.1:63987 - R:localhost/127.0.0.1:65034] for POST '/session/4e886dc3a05b2c267197ecbf51eeec52/element'
23:03:25.383 [AsyncHttpClient-1-8] DEBUG org.asynchttpclient.netty.handler.HttpHandler - 

Request DefaultHttpRequest(decodeResult: success, version: HTTP/1.1)
POST /session/4e886dc3a05b2c267197ecbf51eeec52/element HTTP/1.1
User-Agent: selenium/4.1.2 (java windows)
Content-Length: 155
Content-Type: application/json; charset=utf-8
host: localhost:65034
accept: */*

Response DefaultHttpResponse(decodeResult: success, version: HTTP/1.1)
HTTP/1.1 200 OK
Content-Type: application/json; charset=utf-8
cache-control: no-cache
content-length: 88

23:03:25.384 [AsyncHttpClient-1-8] DEBUG org.asynchttpclient.netty.channel.ChannelManager - Adding key: http://localhost:65034 for channel [id: 0xa0d3c8a8, L:/127.0.0.1:63987 - R:localhost/127.0.0.1:65034]
23:03:25.387 [Forwarding clickElement on session 4e886dc3a05b2c267197ecbf51eeec52 to remote] DEBUG org.asynchttpclient.netty.request.NettyRequestSender - Using pooled Channel '[id: 0xa0d3c8a8, L:/127.0.0.1:63987 - R:localhost/127.0.0.1:65034]' for 'POST' to 'http://localhost:65034/session/4e886dc3a05b2c267197ecbf51eeec52/element/5861fc8b-1471-4fd1-8423-6e93554cf468/click'
23:03:25.387 [Forwarding clickElement on session 4e886dc3a05b2c267197ecbf51eeec52 to remote] DEBUG org.asynchttpclient.netty.request.NettyRequestSender - Using open Channel [id: 0xa0d3c8a8, L:/127.0.0.1:63987 - R:localhost/127.0.0.1:65034] for POST '/session/4e886dc3a05b2c267197ecbf51eeec52/element/5861fc8b-1471-4fd1-8423-6e93554cf468/click'
23:03:25.485 [AsyncHttpClient-1-8] DEBUG org.asynchttpclient.netty.handler.HttpHandler - 

Request DefaultHttpRequest(decodeResult: success, version: HTTP/1.1)
POST /session/4e886dc3a05b2c267197ecbf51eeec52/element/5861fc8b-1471-4fd1-8423-6e93554cf468/click HTTP/1.1
User-Agent: selenium/4.1.2 (java windows)
Content-Length: 50
Content-Type: application/json; charset=utf-8
host: localhost:65034
accept: */*

Response DefaultHttpResponse(decodeResult: success, version: HTTP/1.1)
HTTP/1.1 200 OK
Content-Type: application/json; charset=utf-8
cache-control: no-cache
content-length: 14

23:03:25.485 [AsyncHttpClient-1-8] DEBUG org.asynchttpclient.netty.channel.ChannelManager - Adding key: http://localhost:65034 for channel [id: 0xa0d3c8a8, L:/127.0.0.1:63987 - R:localhost/127.0.0.1:65034]
23:03:25.498 [Forwarding screenshot on session 4e886dc3a05b2c267197ecbf51eeec52 to remote] DEBUG org.asynchttpclient.netty.request.NettyRequestSender - Using pooled Channel '[id: 0xa0d3c8a8, L:/127.0.0.1:63987 - R:localhost/127.0.0.1:65034]' for 'GET' to 'http://localhost:65034/session/4e886dc3a05b2c267197ecbf51eeec52/screenshot'
23:03:25.498 [Forwarding screenshot on session 4e886dc3a05b2c267197ecbf51eeec52 to remote] DEBUG org.asynchttpclient.netty.request.NettyRequestSender - Using open Channel [id: 0xa0d3c8a8, L:/127.0.0.1:63987 - R:localhost/127.0.0.1:65034] for GET '/session/4e886dc3a05b2c267197ecbf51eeec52/screenshot'
23:03:25.920 [AsyncHttpClient-1-8] DEBUG org.asynchttpclient.netty.handler.HttpHandler - 

Request DefaultFullHttpRequest(decodeResult: success, version: HTTP/1.1, content: EmptyByteBufBE)
GET /session/4e886dc3a05b2c267197ecbf51eeec52/screenshot HTTP/1.1
User-Agent: selenium/4.1.2 (java windows)
Cache-Control: no-cache
Content-Type: application/json; charset=utf-8
host: localhost:65034
accept: */*

Response DefaultHttpResponse(decodeResult: success, version: HTTP/1.1)
HTTP/1.1 200 OK
Content-Type: application/json; charset=utf-8
cache-control: no-cache
content-length: 48228

23:03:25.921 [AsyncHttpClient-1-8] DEBUG org.asynchttpclient.netty.channel.ChannelManager - Adding key: http://localhost:65034 for channel [id: 0xa0d3c8a8, L:/127.0.0.1:63987 - R:localhost/127.0.0.1:65034]
23:03:25.925 [main] DEBUG net.serenitybdd.core.photography.Darkroom - Send negative for processing for target\site\serenity\bbbe7681874cd5aeb80300383ec4644b770caebadf2c2c64ba3e424f1fe8b6ec.png
23:03:25.926 [main] DEBUG net.thucydides.core.steps.StepInterceptor - STEP DONE: clickLoginButton
23:03:25.926 [Darkroom Processing Line] DEBUG net.serenitybdd.core.photography.DarkroomProcessingLine - Processing screenshot image in /var/screenshots/screenshot-13472707282765239668
  &amp#27;[32mAnd &amp#27;[0m&amp#27;[32mI click Login button&amp#27;[0m                          &amp#27;[90m# stepdefinitions.LoginStep.iClickLoginButton()&amp#27;[0m
23:03:25.926 [Darkroom Processing Line] DEBUG net.serenitybdd.core.photography.DarkroomProcessingLine - Saving screenshot to target\site\serenity\bbbe7681874cd5aeb80300383ec4644b770caebadf2c2c64ba3e424f1fe8b6ec.png
23:03:25.969 [main] DEBUG net.thucydides.core.steps.StepInterceptor - STARTING STEP: LoginStep.iOnHomePage - validateOnHomePage
23:03:25.976 [Forwarding findElement on session 4e886dc3a05b2c267197ecbf51eeec52 to remote] DEBUG org.asynchttpclient.netty.request.NettyRequestSender - Using pooled Channel '[id: 0xa0d3c8a8, L:/127.0.0.1:63987 - R:localhost/127.0.0.1:65034]' for 'POST' to 'http://localhost:65034/session/4e886dc3a05b2c267197ecbf51eeec52/element'
23:03:25.976 [Forwarding findElement on session 4e886dc3a05b2c267197ecbf51eeec52 to remote] DEBUG org.asynchttpclient.netty.request.NettyRequestSender - Using open Channel [id: 0xa0d3c8a8, L:/127.0.0.1:63987 - R:localhost/127.0.0.1:65034] for POST '/session/4e886dc3a05b2c267197ecbf51eeec52/element'
23:03:28.021 [AsyncHttpClient-1-8] DEBUG org.asynchttpclient.netty.handler.HttpHandler - 

Request DefaultHttpRequest(decodeResult: success, version: HTTP/1.1)
POST /session/4e886dc3a05b2c267197ecbf51eeec52/element HTTP/1.1
User-Agent: selenium/4.1.2 (java windows)
Content-Length: 82
Content-Type: application/json; charset=utf-8
host: localhost:65034
accept: */*

Response DefaultHttpResponse(decodeResult: success, version: HTTP/1.1)
HTTP/1.1 404 Not Found
Content-Type: application/json; charset=utf-8
cache-control: no-cache
content-length: 1036

23:03:28.021 [AsyncHttpClient-1-8] DEBUG org.asynchttpclient.netty.channel.ChannelManager - Adding key: http://localhost:65034 for channel [id: 0xa0d3c8a8, L:/127.0.0.1:63987 - R:localhost/127.0.0.1:65034]
23:03:28.032 [Forwarding screenshot on session 4e886dc3a05b2c267197ecbf51eeec52 to remote] DEBUG org.asynchttpclient.netty.request.NettyRequestSender - Using pooled Channel '[id: 0xa0d3c8a8, L:/127.0.0.1:63987 - R:localhost/127.0.0.1:65034]' for 'GET' to 'http://localhost:65034/session/4e886dc3a05b2c267197ecbf51eeec52/screenshot'
23:03:28.032 [Forwarding screenshot on session 4e886dc3a05b2c267197ecbf51eeec52 to remote] DEBUG org.asynchttpclient.netty.request.NettyRequestSender - Using open Channel [id: 0xa0d3c8a8, L:/127.0.0.1:63987 - R:localhost/127.0.0.1:65034] for GET '/session/4e886dc3a05b2c267197ecbf51eeec52/screenshot'
23:03:28.176 [AsyncHttpClient-1-8] DEBUG org.asynchttpclient.netty.handler.HttpHandler - 

Request DefaultFullHttpRequest(decodeResult: success, version: HTTP/1.1, content: EmptyByteBufBE)
GET /session/4e886dc3a05b2c267197ecbf51eeec52/screenshot HTTP/1.1
User-Agent: selenium/4.1.2 (java windows)
Cache-Control: no-cache
Content-Type: application/json; charset=utf-8
host: localhost:65034
accept: */*

Response DefaultHttpResponse(decodeResult: success, version: HTTP/1.1)
HTTP/1.1 200 OK
Content-Type: application/json; charset=utf-8
cache-control: no-cache
content-length: 47128

23:03:28.177 [AsyncHttpClient-1-8] DEBUG org.asynchttpclient.netty.channel.ChannelManager - Adding key: http://localhost:65034 for channel [id: 0xa0d3c8a8, L:/127.0.0.1:63987 - R:localhost/127.0.0.1:65034]
23:03:28.180 [main] DEBUG net.serenitybdd.core.photography.Darkroom - Send negative for processing for target\site\serenity\d7f661c2e531cd4d5e5fc391cdcd1ad937d8502247b058ba3a78c7fe9306be29.png
23:03:28.184 [Forwarding getPageSource on session 4e886dc3a05b2c267197ecbf51eeec52 to remote] DEBUG org.asynchttpclient.netty.request.NettyRequestSender - Using pooled Channel '[id: 0xa0d3c8a8, L:/127.0.0.1:63987 - R:localhost/127.0.0.1:65034]' for 'POST' to 'http://localhost:65034/session/4e886dc3a05b2c267197ecbf51eeec52/execute/sync'
23:03:28.184 [Forwarding getPageSource on session 4e886dc3a05b2c267197ecbf51eeec52 to remote] DEBUG org.asynchttpclient.netty.request.NettyRequestSender - Using open Channel [id: 0xa0d3c8a8, L:/127.0.0.1:63987 - R:localhost/127.0.0.1:65034] for POST '/session/4e886dc3a05b2c267197ecbf51eeec52/execute/sync'
23:03:28.184 [Darkroom Processing Line] DEBUG net.serenitybdd.core.photography.DarkroomProcessingLine - Processing screenshot image in /var/screenshots/screenshot-14386069627199408129
23:03:28.185 [Darkroom Processing Line] DEBUG net.serenitybdd.core.photography.DarkroomProcessingLine - Saving screenshot to target\site\serenity\d7f661c2e531cd4d5e5fc391cdcd1ad937d8502247b058ba3a78c7fe9306be29.png
23:03:28.204 [AsyncHttpClient-1-8] DEBUG org.asynchttpclient.netty.handler.HttpHandler - 

Request DefaultHttpRequest(decodeResult: success, version: HTTP/1.1)
POST /session/4e886dc3a05b2c267197ecbf51eeec52/execute/sync HTTP/1.1
User-Agent: selenium/4.1.2 (java windows)
Content-Length: 176
Content-Type: application/json; charset=utf-8
host: localhost:65034
accept: */*

Response DefaultHttpResponse(decodeResult: success, version: HTTP/1.1)
HTTP/1.1 200 OK
Content-Type: application/json; charset=utf-8
cache-control: no-cache
content-length: 21788

23:03:28.204 [AsyncHttpClient-1-8] DEBUG org.asynchttpclient.netty.channel.ChannelManager - Adding key: http://localhost:65034 for channel [id: 0xa0d3c8a8, L:/127.0.0.1:63987 - R:localhost/127.0.0.1:65034]
23:03:28.220 [Forwarding getCurrentUrl on session 4e886dc3a05b2c267197ecbf51eeec52 to remote] DEBUG org.asynchttpclient.netty.request.NettyRequestSender - Using pooled Channel '[id: 0xa0d3c8a8, L:/127.0.0.1:63987 - R:localhost/127.0.0.1:65034]' for 'GET' to 'http://localhost:65034/session/4e886dc3a05b2c267197ecbf51eeec52/url'
23:03:28.220 [Forwarding getCurrentUrl on session 4e886dc3a05b2c267197ecbf51eeec52 to remote] DEBUG org.asynchttpclient.netty.request.NettyRequestSender - Using open Channel [id: 0xa0d3c8a8, L:/127.0.0.1:63987 - R:localhost/127.0.0.1:65034] for GET '/session/4e886dc3a05b2c267197ecbf51eeec52/url'
23:03:28.226 [AsyncHttpClient-1-8] DEBUG org.asynchttpclient.netty.handler.HttpHandler - 

Request DefaultFullHttpRequest(decodeResult: success, version: HTTP/1.1, content: EmptyByteBufBE)
GET /session/4e886dc3a05b2c267197ecbf51eeec52/url HTTP/1.1
User-Agent: selenium/4.1.2 (java windows)
Cache-Control: no-cache
Content-Type: application/json; charset=utf-8
host: localhost:65034
accept: */*

Response DefaultHttpResponse(decodeResult: success, version: HTTP/1.1)
HTTP/1.1 200 OK
Content-Type: application/json; charset=utf-8
cache-control: no-cache
content-length: 41

23:03:28.227 [AsyncHttpClient-1-8] DEBUG org.asynchttpclient.netty.channel.ChannelManager - Adding key: http://localhost:65034 for channel [id: 0xa0d3c8a8, L:/127.0.0.1:63987 - R:localhost/127.0.0.1:65034]
  &amp#27;[31mThen &amp#27;[0m&amp#27;[31mI on home page&amp#27;[0m                               &amp#27;[90m# stepdefinitions.LoginStep.iOnHomePage()&amp#27;[0m
      &amp#27;[31morg.openqa.selenium.NoSuchElementException: no such element: Unable to locate element: {"method":"xpath","selector":"(//div/*[@role="button"])[2]"}
  (Session info: chrome=101.0.4951.67)
For documentation on this error, please visit: https://selenium.dev/exceptions/#no_such_element
Build info: version: '4.1.2', revision: '9a5a329c5a'
System info: host: 'LAPTOP-9MG0RTAB', ip: '192.168.172.95', os.name: 'Windows 10', os.arch: 'amd64', os.version: '10.0', java.version: '11.0.14'
Driver info: org.openqa.selenium.chrome.ChromeDriver
Command: [4e886dc3a05b2c267197ecbf51eeec52, findElement {using=xpath, value=(//div/*[@role="button"])[2]}]
Capabilities {acceptInsecureCerts: false, browserName: chrome, browserVersion: 101.0.4951.67, chrome: {chromedriverVersion: 101.0.4951.41 (93c720db8323..., userDataDir: C:\Users\SITINU~1\AppData\L...}, goog:chromeOptions: {debuggerAddress: localhost:63988}, javascriptEnabled: true, networkConnectionEnabled: false, pageLoadStrategy: normal, platform: WINDOWS, platformName: WINDOWS, proxy: Proxy(), se:cdp: ws://localhost:63988/devtoo..., se:cdpVersion: 101.0.4951.67, setWindowRect: true, strictFileInteractability: false, timeouts: {implicit: 0, pageLoad: 300000, script: 30000}, unhandledPromptBehavior: dismiss and notify, webauthn:extension:credBlob: true, webauthn:extension:largeBlob: true, webauthn:virtualAuthenticators: true}
Session ID: 4e886dc3a05b2c267197ecbf51eeec52
	at java.base/jdk.internal.reflect.NativeConstructorAccessorImpl.newInstance0(Native Method)
	at java.base/jdk.internal.reflect.NativeConstructorAccessorImpl.newInstance(NativeConstructorAccessorImpl.java:62)
	at java.base/jdk.internal.reflect.DelegatingConstructorAccessorImpl.newInstance(DelegatingConstructorAccessorImpl.java:45)
	at java.base/java.lang.reflect.Constructor.newInstance(Constructor.java:490)
	at org.openqa.selenium.remote.codec.w3c.W3CHttpResponseCodec.createException(W3CHttpResponseCodec.java:200)
	at org.openqa.selenium.remote.codec.w3c.W3CHttpResponseCodec.decode(W3CHttpResponseCodec.java:133)
	at org.openqa.selenium.remote.codec.w3c.W3CHttpResponseCodec.decode(W3CHttpResponseCodec.java:53)
	at org.openqa.selenium.remote.HttpCommandExecutor.execute(HttpCommandExecutor.java:184)
	at org.openqa.selenium.remote.service.DriverCommandExecutor.invokeExecute(DriverCommandExecutor.java:167)
	at org.openqa.selenium.remote.service.DriverCommandExecutor.execute(DriverCommandExecutor.java:142)
	at org.openqa.selenium.remote.RemoteWebDriver.execute(RemoteWebDriver.java:558)
	at org.openqa.selenium.remote.ElementLocation$ElementFinder$2.findElement(ElementLocation.java:162)
	at org.openqa.selenium.remote.ElementLocation.findElement(ElementLocation.java:60)
	at org.openqa.selenium.remote.RemoteWebDriver.findElement(RemoteWebDriver.java:382)
	at org.openqa.selenium.remote.RemoteWebDriver.findElement(RemoteWebDriver.java:374)
	at net.thucydides.core.webdriver.WebDriverFacade.findElement(WebDriverFacade.java:224)
	at net.serenitybdd.core.pages.WebElementResolverByLocator.resolveForDriver(WebElementResolverByLocator.java:25)
	at net.serenitybdd.core.pages.WebElementFacadeImpl.getResolvedElement(WebElementFacadeImpl.java:191)
	at net.serenitybdd.core.pages.WebElementFacadeImpl.getElement(WebElementFacadeImpl.java:186)
	at net.serenitybdd.core.pages.WebElementFacadeImpl.isDisplayed(WebElementFacadeImpl.java:1289)
	at FrontEnd.AltaShop@1.0-SNAPSHOT/starter.Login.validateOnHomePage(Login.java:26)
	at FrontEnd.AltaShop@1.0-SNAPSHOT/starter.Login$ByteBuddy$4S5zUvLO.validateOnHomePage$accessor$FZsfF9ZW(Unknown Source)
	at java.base/jdk.internal.reflect.NativeMethodAccessorImpl.invoke0(Native Method)
	at java.base/jdk.internal.reflect.NativeMethodAccessorImpl.invoke(NativeMethodAccessorImpl.java:62)
	at java.base/jdk.internal.reflect.DelegatingMethodAccessorImpl.invoke(DelegatingMethodAccessorImpl.java:43)
	at java.base/java.lang.reflect.Method.invoke(Method.java:566)
	at net.thucydides.core.steps.StepInterceptor.invokeMethod(StepInterceptor.java:503)
	at net.thucydides.core.steps.StepInterceptor.executeTestStepMethod(StepInterceptor.java:483)
	at net.thucydides.core.steps.StepInterceptor.runTestStep(StepInterceptor.java:457)
	at net.thucydides.core.steps.StepInterceptor.runOrSkipMethod(StepInterceptor.java:209)
	at net.thucydides.core.steps.StepInterceptor.testStepResult(StepInterceptor.java:196)
	at net.thucydides.core.steps.StepInterceptor.intercept(StepInterceptor.java:84)
	at net.thucydides.core.steps.ProxyConfiguration$InterceptorDispatcher.intercept(ProxyConfiguration.java:51)
	at FrontEnd.AltaShop@1.0-SNAPSHOT/starter.Login$ByteBuddy$4S5zUvLO.validateOnHomePage(Unknown Source)
	at FrontEnd.AltaShop@1.0-SNAPSHOT/stepdefinitions.LoginStep.iOnHomePage(LoginStep.java:32)
	at âœ½.I on home page(file:///D:/Mini%20Project-QE%20Alta/Web%20Automation/FrontEnd-AltaShop/src/test/resources/features/Login.feature:8)
&amp#27;[0m
23:03:28.252 [main] ERROR  - 
  _____   ___   ___   _____     ___   ___   ___    ___    ___ 
 |_   _| | __| / __| |_   _|   | __| | _ \ | _ \  / _ \  | _ \
   | |   | _|  \__ \   | |     | _|  |   / |   / | (_) | |   /
   |_|   |___| |___/   |_|     |___| |_|_\ |_|_\  \___/  |_|_\

As a user, i have able to login
---------------------------------------------------------------
23:03:28.252 [main] DEBUG  - RELATED ISSUES: 
23:03:28.253 [main] ERROR  -     Test failed at step: Validate on home page
23:03:28.253 [main] ERROR  -     no such element: Unable to locate element: {"method":"xpath","selector":"(//div/*[@role="button"])[2]"}
23:03:28.257 [AsyncHttpClient-1-2] DEBUG org.asynchttpclient.netty.handler.WebSocketHandler - Channel Closed: [id: 0x3d0ec934, L:/127.0.0.1:63995 ! R:localhost/127.0.0.1:63988] with attribute NettyResponseFuture{currentRetry=5,
	isDone=1,
	isCancelled=0,
	asyncHandler=org.asynchttpclient.ws.WebSocketUpgradeHandler@86d0f3d,
	nettyRequest=org.asynchttpclient.netty.request.NettyRequest@5ff55983,
	future=java.util.concurrent.CompletableFuture@335af40a[Completed normally],
	uri=ws://localhost:63988/devtools/browser/83cac1ae-16e9-46c4-bad7-511313ca8d9e,
	keepAlive=true,
	redirectCount=0,
	timeoutsHolder=null,
	inAuth=0,
	touch=1653062508683}
23:03:28.257 [AsyncHttpClient-1-2] DEBUG org.asynchttpclient.netty.channel.ChannelManager - Closing Channel [id: 0x3d0ec934, L:/127.0.0.1:63995 ! R:localhost/127.0.0.1:63988] 
23:03:28.259 [Driver Command Executor] DEBUG org.asynchttpclient.netty.request.NettyRequestSender - Using pooled Channel '[id: 0xa0d3c8a8, L:/127.0.0.1:63987 - R:localhost/127.0.0.1:65034]' for 'DELETE' to 'http://localhost:65034/session/4e886dc3a05b2c267197ecbf51eeec52'
23:03:28.260 [Driver Command Executor] DEBUG org.asynchttpclient.netty.request.NettyRequestSender - Using open Channel [id: 0xa0d3c8a8, L:/127.0.0.1:63987 - R:localhost/127.0.0.1:65034] for DELETE '/session/4e886dc3a05b2c267197ecbf51eeec52'
23:03:28.452 [AsyncHttpClient-1-8] DEBUG org.asynchttpclient.netty.handler.HttpHandler - 

Request DefaultFullHttpRequest(decodeResult: success, version: HTTP/1.1, content: EmptyByteBufBE)
DELETE /session/4e886dc3a05b2c267197ecbf51eeec52 HTTP/1.1
User-Agent: selenium/4.1.2 (java windows)
Content-Type: application/json; charset=utf-8
host: localhost:65034
accept: */*

Response DefaultHttpResponse(decodeResult: success, version: HTTP/1.1)
HTTP/1.1 200 OK
Content-Type: application/json; charset=utf-8
cache-control: no-cache
content-length: 14

23:03:28.452 [AsyncHttpClient-1-8] DEBUG org.asynchttpclient.netty.channel.ChannelManager - Adding key: http://localhost:65034 for channel [id: 0xa0d3c8a8, L:/127.0.0.1:63987 - R:localhost/127.0.0.1:65034]
23:03:29.158 [AsyncHttpClient-1-1] DEBUG org.asynchttpclient.netty.channel.DefaultChannelPool - Entry count for : http://localhost:65034 : 1
23:03:29.362 [AsyncHttpClient-1-8] DEBUG org.asynchttpclient.netty.handler.HttpHandler - Channel Closed: [id: 0xa0d3c8a8, L:/127.0.0.1:63987 ! R:localhost/127.0.0.1:65034] with attribute DISCARD
]]></system-out>
    <system-err><![CDATA[Starting ChromeDriver 101.0.4951.41 (93c720db8323b3ec10d056025ab95c23a31997c9-refs/branch-heads/4951@{#904}) on port 65034
Only local connections are allowed.
Please see https://chromedriver.chromium.org/security-considerations for suggestions on keeping ChromeDriver safe.
ChromeDriver was started successfully.
May 20, 2022 11:01:48 PM org.openqa.selenium.remote.ProtocolHandshake createSession
INFO: Detected dialect: W3C
May 20, 2022 11:01:48 PM org.openqa.selenium.devtools.CdpVersionFinder findNearestMatch
WARNING: Unable to find an exact match for CDP version 101, so returning the closest version found: 97
May 20, 2022 11:01:48 PM org.openqa.selenium.devtools.CdpVersionFinder findNearestMatch
INFO: Found CDP implementation for version 101 of 97
]]></system-err>
  </testcase>
  <testcase name="As a user, i have not able to login because password is wrong" classname="Login" time="65.757">
    <error type="org.openqa.selenium.NoSuchElementException"><![CDATA[org.openqa.selenium.NoSuchElementException: 
no such element: Unable to locate element: {"method":"css selector","selector":".v\-alert__wrapper"}
  (Session info: chrome=101.0.4951.67)
For documentation on this error, please visit: https://selenium.dev/exceptions/#no_such_element
Build info: version: '4.1.2', revision: '9a5a329c5a'
System info: host: 'LAPTOP-9MG0RTAB', ip: '192.168.172.95', os.name: 'Windows 10', os.arch: 'amd64', os.version: '10.0', java.version: '11.0.14'
Driver info: org.openqa.selenium.chrome.ChromeDriver
Command: [32f40b768b9493ebee0585f948b5dd40, findElement {using=css selector, value=.v\-alert__wrapper}]
Capabilities {acceptInsecureCerts: false, browserName: chrome, browserVersion: 101.0.4951.67, chrome: {chromedriverVersion: 101.0.4951.41 (93c720db8323..., userDataDir: C:\Users\SITINU~1\AppData\L...}, goog:chromeOptions: {debuggerAddress: localhost:64091}, javascriptEnabled: true, networkConnectionEnabled: false, pageLoadStrategy: normal, platform: WINDOWS, platformName: WINDOWS, proxy: Proxy(), se:cdp: ws://localhost:64091/devtoo..., se:cdpVersion: 101.0.4951.67, setWindowRect: true, strictFileInteractability: false, timeouts: {implicit: 0, pageLoad: 300000, script: 30000}, unhandledPromptBehavior: dismiss and notify, webauthn:extension:credBlob: true, webauthn:extension:largeBlob: true, webauthn:virtualAuthenticators: true}
Session ID: 32f40b768b9493ebee0585f948b5dd40
]]></error>
    <system-out><![CDATA[
Scenario: As a user, i have not able to login because password is wrong &amp#27;[90m# src/test/resources/features/Login.feature:10&amp#27;[0m
23:03:29.940 [main] INFO io.cucumber.core.plugin.SerenityReporter - Running feature from file:///D:/Mini%20Project-QE%20Alta/Web%20Automation/FrontEnd-AltaShop/src/test/resources/features/Login.feature
23:03:29.950 [main] INFO  - 
  _____   ___   ___   _____     ___   _____     _     ___   _____   ___   ___  
 |_   _| | __| / __| |_   _|   / __| |_   _|   /_\   | _ \ |_   _| | __| |   \ 
   | |   | _|  \__ \   | |     \__ \   | |    / _ \  |   /   | |   | _|  | |) |
   |_|   |___| |___/   |_|     |___/   |_|   /_/ \_\ |_|_\   |_|   |___| |___/ 

As a user, i have not able to login because password is wrong(login;as-a-user--i-have-not-able-to-login-because-password-is-wrong)
--------------------------------------------------------------------------------
23:03:29.999 [main] DEBUG net.thucydides.core.steps.StepInterceptor - STARTING STEP: LoginStep.iAmOnLoginPage - onLoginPage
23:03:30.001 [main] INFO net.serenitybdd.core.webdriver.driverproviders.ChromeDriverProvider - Using automatically driver download
23:03:30.206 [main] DEBUG io.github.bonigarcia.wdm.cache.ResolutionCache - Resolution chrome=101 in cache (valid until 23:59:13 20/05/2022 ICT)
23:03:30.238 [main] DEBUG io.github.bonigarcia.wdm.cache.ResolutionCache - Resolution chrome101=101.0.4951.41 in cache (valid until 22:59:13 21/05/2022 ICT)
23:03:30.242 [main] INFO io.github.bonigarcia.wdm.WebDriverManager - Using chromedriver 101.0.4951.41 (resolved driver for Chrome 101)
23:03:30.265 [AsyncHttpClient-1-1] DEBUG org.asynchttpclient.netty.channel.DefaultChannelPool - Entry count for : http://localhost:65034 : 1
23:03:30.265 [AsyncHttpClient-1-1] DEBUG org.asynchttpclient.netty.channel.DefaultChannelPool - Adding Candidate expired Channel [id: 0xa0d3c8a8, L:/127.0.0.1:63987 ! R:localhost/127.0.0.1:65034] isIdleTimeoutExpired=false isRemotelyClosed=true isTtlExpired=false
23:03:30.265 [AsyncHttpClient-1-1] DEBUG org.asynchttpclient.netty.channel.DefaultChannelPool - Closing Idle Channel [id: 0xa0d3c8a8, L:/127.0.0.1:63987 ! R:localhost/127.0.0.1:65034]
23:03:30.265 [AsyncHttpClient-1-1] DEBUG org.asynchttpclient.netty.channel.DefaultChannelPool - Closed 1 connections out of 1 in 0 ms
23:03:30.273 [main] DEBUG io.github.bonigarcia.wdm.WebDriverManager - Driver chromedriver 101.0.4951.41 found in cache
23:03:30.274 [main] INFO io.github.bonigarcia.wdm.WebDriverManager - Exporting webdriver.chrome.driver as C:\Users\Siti Nurlatipah\.cache\selenium\chromedriver\win32\101.0.4951.41\chromedriver.exe
23:03:30.483 [main] DEBUG net.serenitybdd.core.webdriver.driverproviders.ProvideNewDriver - Instantiating driver
23:03:30.483 [main] DEBUG net.serenitybdd.core.webdriver.driverproviders.ProvideNewDriver - Driver capabilities: Capabilities {acceptInsecureCerts: false, base.url: https://qa.alta.id, browserName: chrome, chrome.driver: src/test/resources/webdrive..., driver: chrome, goog:chromeOptions: {args: [], extensions: []}}
23:03:31.051 [AsyncHttpClient-1-3] DEBUG org.asynchttpclient.netty.channel.NettyConnectListener - Using new Channel '[id: 0xce4c7deb, L:/127.0.0.1:64090 - R:localhost/127.0.0.1:62134]' for 'POST' to '/session'
23:03:32.923 [AsyncHttpClient-1-3] DEBUG org.asynchttpclient.netty.handler.HttpHandler - 

Request DefaultHttpRequest(decodeResult: success, version: HTTP/1.1)
POST /session HTTP/1.1
User-Agent: selenium/4.1.2 (java windows)
Content-Length: 595
Content-Type: application/json; charset=utf-8
host: localhost:62134
accept: */*

Response DefaultHttpResponse(decodeResult: success, version: HTTP/1.1)
HTTP/1.1 200 OK
Content-Type: application/json; charset=utf-8
cache-control: no-cache
content-length: 793

23:03:32.924 [AsyncHttpClient-1-3] DEBUG org.asynchttpclient.netty.channel.ChannelManager - Adding key: http://localhost:62134 for channel [id: 0xce4c7deb, L:/127.0.0.1:64090 - R:localhost/127.0.0.1:62134]
23:03:32.946 [AsyncHttpClient-1-4] DEBUG org.asynchttpclient.netty.channel.NettyConnectListener - Using new Channel '[id: 0x414c1658, L:/127.0.0.1:64098 - R:localhost/127.0.0.1:64091]' for 'GET' to '/json/version'
23:03:32.949 [AsyncHttpClient-1-4] DEBUG org.asynchttpclient.netty.handler.HttpHandler - 

Request DefaultFullHttpRequest(decodeResult: success, version: HTTP/1.1, content: EmptyByteBufBE)
GET /json/version HTTP/1.1
User-Agent: selenium/4.1.2 (java windows)
host: localhost:64091
accept: */*

Response DefaultHttpResponse(decodeResult: success, version: HTTP/1.1)
HTTP/1.1 200 OK
Content-Type: application/json; charset=UTF-8
content-length: 427

23:03:32.950 [AsyncHttpClient-1-4] DEBUG org.asynchttpclient.netty.channel.ChannelManager - Adding key: http://localhost:64091 for channel [id: 0x414c1658, L:/127.0.0.1:64098 - R:localhost/127.0.0.1:64091]
23:03:32.967 [AsyncHttpClient-1-5] DEBUG org.asynchttpclient.netty.channel.NettyConnectListener - Using new Channel '[id: 0x0c70e8ac, L:/127.0.0.1:64100 - R:localhost/127.0.0.1:64091]' for 'GET' to '/devtools/browser/6807589b-be93-4f4e-977b-36e0ab80871d'
23:03:32.970 [AsyncHttpClient-1-5] DEBUG org.asynchttpclient.netty.handler.WebSocketHandler - 

Request DefaultFullHttpRequest(decodeResult: success, version: HTTP/1.1, content: EmptyByteBufBE)
GET /devtools/browser/6807589b-be93-4f4e-977b-36e0ab80871d HTTP/1.1
upgrade: websocket
connection: upgrade
sec-websocket-key: 4GuPEFN5v3Y9h6Q/EGVyBg==
sec-websocket-version: 13
origin: http://localhost:64091
host: localhost:64091
accept: */*
user-agent: AHC/2.1

Response DefaultHttpResponse(decodeResult: success, version: HTTP/1.1)
HTTP/1.1 101 WebSocket Protocol Handshake
Upgrade: WebSocket
Connection: Upgrade
Sec-WebSocket-Accept: 8p8IzEQvsbumrV4A8VBmt7FcVYY=

23:03:32.989 [Forwarding get on session 32f40b768b9493ebee0585f948b5dd40 to remote] DEBUG org.asynchttpclient.netty.request.NettyRequestSender - Using pooled Channel '[id: 0xce4c7deb, L:/127.0.0.1:64090 - R:localhost/127.0.0.1:62134]' for 'POST' to 'http://localhost:62134/session/32f40b768b9493ebee0585f948b5dd40/url'
23:03:32.989 [Forwarding get on session 32f40b768b9493ebee0585f948b5dd40 to remote] DEBUG org.asynchttpclient.netty.request.NettyRequestSender - Using open Channel [id: 0xce4c7deb, L:/127.0.0.1:64090 - R:localhost/127.0.0.1:62134] for POST '/session/32f40b768b9493ebee0585f948b5dd40/url'
23:03:33.557 [AsyncHttpClient-1-1] DEBUG org.asynchttpclient.netty.channel.DefaultChannelPool - Entry count for : http://localhost:64091 : 1
23:03:34.657 [AsyncHttpClient-1-1] DEBUG org.asynchttpclient.netty.channel.DefaultChannelPool - Entry count for : http://localhost:64091 : 1
23:03:35.757 [AsyncHttpClient-1-1] DEBUG org.asynchttpclient.netty.channel.DefaultChannelPool - Entry count for : http://localhost:64091 : 1
23:03:36.862 [AsyncHttpClient-1-1] DEBUG org.asynchttpclient.netty.channel.DefaultChannelPool - Entry count for : http://localhost:64091 : 1
23:03:37.957 [AsyncHttpClient-1-1] DEBUG org.asynchttpclient.netty.channel.DefaultChannelPool - Entry count for : http://localhost:64091 : 1
23:03:39.061 [AsyncHttpClient-1-1] DEBUG org.asynchttpclient.netty.channel.DefaultChannelPool - Entry count for : http://localhost:64091 : 1
23:03:40.157 [AsyncHttpClient-1-1] DEBUG org.asynchttpclient.netty.channel.DefaultChannelPool - Entry count for : http://localhost:64091 : 1
23:03:41.264 [AsyncHttpClient-1-1] DEBUG org.asynchttpclient.netty.channel.DefaultChannelPool - Entry count for : http://localhost:64091 : 1
23:03:42.360 [AsyncHttpClient-1-1] DEBUG org.asynchttpclient.netty.channel.DefaultChannelPool - Entry count for : http://localhost:64091 : 1
23:03:43.460 [AsyncHttpClient-1-1] DEBUG org.asynchttpclient.netty.channel.DefaultChannelPool - Entry count for : http://localhost:64091 : 1
23:03:44.556 [AsyncHttpClient-1-1] DEBUG org.asynchttpclient.netty.channel.DefaultChannelPool - Entry count for : http://localhost:64091 : 1
23:03:45.659 [AsyncHttpClient-1-1] DEBUG org.asynchttpclient.netty.channel.DefaultChannelPool - Entry count for : http://localhost:64091 : 1
23:03:46.758 [AsyncHttpClient-1-1] DEBUG org.asynchttpclient.netty.channel.DefaultChannelPool - Entry count for : http://localhost:64091 : 1
23:03:47.858 [AsyncHttpClient-1-1] DEBUG org.asynchttpclient.netty.channel.DefaultChannelPool - Entry count for : http://localhost:64091 : 1
23:03:48.957 [AsyncHttpClient-1-1] DEBUG org.asynchttpclient.netty.channel.DefaultChannelPool - Entry count for : http://localhost:64091 : 1
23:03:50.056 [AsyncHttpClient-1-1] DEBUG org.asynchttpclient.netty.channel.DefaultChannelPool - Entry count for : http://localhost:64091 : 1
23:03:51.166 [AsyncHttpClient-1-1] DEBUG org.asynchttpclient.netty.channel.DefaultChannelPool - Entry count for : http://localhost:64091 : 1
23:03:52.258 [AsyncHttpClient-1-1] DEBUG org.asynchttpclient.netty.channel.DefaultChannelPool - Entry count for : http://localhost:64091 : 1
23:03:53.366 [AsyncHttpClient-1-1] DEBUG org.asynchttpclient.netty.channel.DefaultChannelPool - Entry count for : http://localhost:64091 : 1
23:03:54.458 [AsyncHttpClient-1-1] DEBUG org.asynchttpclient.netty.channel.DefaultChannelPool - Entry count for : http://localhost:64091 : 1
23:03:55.560 [AsyncHttpClient-1-1] DEBUG org.asynchttpclient.netty.channel.DefaultChannelPool - Entry count for : http://localhost:64091 : 1
23:03:56.665 [AsyncHttpClient-1-1] DEBUG org.asynchttpclient.netty.channel.DefaultChannelPool - Entry count for : http://localhost:64091 : 1
23:03:57.757 [AsyncHttpClient-1-1] DEBUG org.asynchttpclient.netty.channel.DefaultChannelPool - Entry count for : http://localhost:64091 : 1
23:03:58.861 [AsyncHttpClient-1-1] DEBUG org.asynchttpclient.netty.channel.DefaultChannelPool - Entry count for : http://localhost:64091 : 1
23:03:59.956 [AsyncHttpClient-1-1] DEBUG org.asynchttpclient.netty.channel.DefaultChannelPool - Entry count for : http://localhost:64091 : 1
23:04:01.059 [AsyncHttpClient-1-1] DEBUG org.asynchttpclient.netty.channel.DefaultChannelPool - Entry count for : http://localhost:64091 : 1
23:04:02.157 [AsyncHttpClient-1-1] DEBUG org.asynchttpclient.netty.channel.DefaultChannelPool - Entry count for : http://localhost:64091 : 1
23:04:03.260 [AsyncHttpClient-1-1] DEBUG org.asynchttpclient.netty.channel.DefaultChannelPool - Entry count for : http://localhost:64091 : 1
23:04:04.366 [AsyncHttpClient-1-1] DEBUG org.asynchttpclient.netty.channel.DefaultChannelPool - Entry count for : http://localhost:64091 : 1
23:04:05.458 [AsyncHttpClient-1-1] DEBUG org.asynchttpclient.netty.channel.DefaultChannelPool - Entry count for : http://localhost:64091 : 1
23:04:06.557 [AsyncHttpClient-1-1] DEBUG org.asynchttpclient.netty.channel.DefaultChannelPool - Entry count for : http://localhost:64091 : 1
23:04:07.656 [AsyncHttpClient-1-1] DEBUG org.asynchttpclient.netty.channel.DefaultChannelPool - Entry count for : http://localhost:64091 : 1
23:04:08.759 [AsyncHttpClient-1-1] DEBUG org.asynchttpclient.netty.channel.DefaultChannelPool - Entry count for : http://localhost:64091 : 1
23:04:09.863 [AsyncHttpClient-1-1] DEBUG org.asynchttpclient.netty.channel.DefaultChannelPool - Entry count for : http://localhost:64091 : 1
23:04:10.957 [AsyncHttpClient-1-1] DEBUG org.asynchttpclient.netty.channel.DefaultChannelPool - Entry count for : http://localhost:64091 : 1
23:04:12.057 [AsyncHttpClient-1-1] DEBUG org.asynchttpclient.netty.channel.DefaultChannelPool - Entry count for : http://localhost:64091 : 1
23:04:13.160 [AsyncHttpClient-1-1] DEBUG org.asynchttpclient.netty.channel.DefaultChannelPool - Entry count for : http://localhost:64091 : 1
23:04:14.263 [AsyncHttpClient-1-1] DEBUG org.asynchttpclient.netty.channel.DefaultChannelPool - Entry count for : http://localhost:64091 : 1
23:04:15.356 [AsyncHttpClient-1-1] DEBUG org.asynchttpclient.netty.channel.DefaultChannelPool - Entry count for : http://localhost:64091 : 1
23:04:16.456 [AsyncHttpClient-1-1] DEBUG org.asynchttpclient.netty.channel.DefaultChannelPool - Entry count for : http://localhost:64091 : 1
23:04:17.557 [AsyncHttpClient-1-1] DEBUG org.asynchttpclient.netty.channel.DefaultChannelPool - Entry count for : http://localhost:64091 : 1
23:04:18.656 [AsyncHttpClient-1-1] DEBUG org.asynchttpclient.netty.channel.DefaultChannelPool - Entry count for : http://localhost:64091 : 1
23:04:19.763 [AsyncHttpClient-1-1] DEBUG org.asynchttpclient.netty.channel.DefaultChannelPool - Entry count for : http://localhost:64091 : 1
23:04:20.857 [AsyncHttpClient-1-1] DEBUG org.asynchttpclient.netty.channel.DefaultChannelPool - Entry count for : http://localhost:64091 : 1
23:04:21.960 [AsyncHttpClient-1-1] DEBUG org.asynchttpclient.netty.channel.DefaultChannelPool - Entry count for : http://localhost:64091 : 1
23:04:23.064 [AsyncHttpClient-1-1] DEBUG org.asynchttpclient.netty.channel.DefaultChannelPool - Entry count for : http://localhost:64091 : 1
23:04:24.158 [AsyncHttpClient-1-1] DEBUG org.asynchttpclient.netty.channel.DefaultChannelPool - Entry count for : http://localhost:64091 : 1
23:04:25.256 [AsyncHttpClient-1-1] DEBUG org.asynchttpclient.netty.channel.DefaultChannelPool - Entry count for : http://localhost:64091 : 1
23:04:26.356 [AsyncHttpClient-1-1] DEBUG org.asynchttpclient.netty.channel.DefaultChannelPool - Entry count for : http://localhost:64091 : 1
23:04:27.462 [AsyncHttpClient-1-1] DEBUG org.asynchttpclient.netty.channel.DefaultChannelPool - Entry count for : http://localhost:64091 : 1
23:04:28.557 [AsyncHttpClient-1-1] DEBUG org.asynchttpclient.netty.channel.DefaultChannelPool - Entry count for : http://localhost:64091 : 1
23:04:28.764 [AsyncHttpClient-1-3] DEBUG org.asynchttpclient.netty.handler.HttpHandler - 

Request DefaultHttpRequest(decodeResult: success, version: HTTP/1.1)
POST /session/32f40b768b9493ebee0585f948b5dd40/url HTTP/1.1
User-Agent: selenium/4.1.2 (java windows)
Content-Length: 64
Content-Type: application/json; charset=utf-8
host: localhost:62134
accept: */*

Response DefaultHttpResponse(decodeResult: success, version: HTTP/1.1)
HTTP/1.1 200 OK
Content-Type: application/json; charset=utf-8
cache-control: no-cache
content-length: 14

23:04:28.764 [AsyncHttpClient-1-3] DEBUG org.asynchttpclient.netty.channel.ChannelManager - Adding key: http://localhost:62134 for channel [id: 0xce4c7deb, L:/127.0.0.1:64090 - R:localhost/127.0.0.1:62134]
23:04:28.768 [Forwarding setTimeout on session 32f40b768b9493ebee0585f948b5dd40 to remote] DEBUG org.asynchttpclient.netty.request.NettyRequestSender - Using pooled Channel '[id: 0xce4c7deb, L:/127.0.0.1:64090 - R:localhost/127.0.0.1:62134]' for 'POST' to 'http://localhost:62134/session/32f40b768b9493ebee0585f948b5dd40/timeouts'
23:04:28.768 [Forwarding setTimeout on session 32f40b768b9493ebee0585f948b5dd40 to remote] DEBUG org.asynchttpclient.netty.request.NettyRequestSender - Using open Channel [id: 0xce4c7deb, L:/127.0.0.1:64090 - R:localhost/127.0.0.1:62134] for POST '/session/32f40b768b9493ebee0585f948b5dd40/timeouts'
23:04:28.771 [AsyncHttpClient-1-3] DEBUG org.asynchttpclient.netty.handler.HttpHandler - 

Request DefaultHttpRequest(decodeResult: success, version: HTTP/1.1)
POST /session/32f40b768b9493ebee0585f948b5dd40/timeouts HTTP/1.1
User-Agent: selenium/4.1.2 (java windows)
Content-Length: 22
Content-Type: application/json; charset=utf-8
host: localhost:62134
accept: */*

Response DefaultHttpResponse(decodeResult: success, version: HTTP/1.1)
HTTP/1.1 200 OK
Content-Type: application/json; charset=utf-8
cache-control: no-cache
content-length: 14

23:04:28.772 [AsyncHttpClient-1-3] DEBUG org.asynchttpclient.netty.channel.ChannelManager - Adding key: http://localhost:62134 for channel [id: 0xce4c7deb, L:/127.0.0.1:64090 - R:localhost/127.0.0.1:62134]
23:04:28.782 [Forwarding getCurrentUrl on session 32f40b768b9493ebee0585f948b5dd40 to remote] DEBUG org.asynchttpclient.netty.request.NettyRequestSender - Using pooled Channel '[id: 0xce4c7deb, L:/127.0.0.1:64090 - R:localhost/127.0.0.1:62134]' for 'GET' to 'http://localhost:62134/session/32f40b768b9493ebee0585f948b5dd40/url'
23:04:28.782 [Forwarding getCurrentUrl on session 32f40b768b9493ebee0585f948b5dd40 to remote] DEBUG org.asynchttpclient.netty.request.NettyRequestSender - Using open Channel [id: 0xce4c7deb, L:/127.0.0.1:64090 - R:localhost/127.0.0.1:62134] for GET '/session/32f40b768b9493ebee0585f948b5dd40/url'
23:04:28.792 [AsyncHttpClient-1-3] DEBUG org.asynchttpclient.netty.handler.HttpHandler - 

Request DefaultFullHttpRequest(decodeResult: success, version: HTTP/1.1, content: EmptyByteBufBE)
GET /session/32f40b768b9493ebee0585f948b5dd40/url HTTP/1.1
User-Agent: selenium/4.1.2 (java windows)
Cache-Control: no-cache
Content-Type: application/json; charset=utf-8
host: localhost:62134
accept: */*

Response DefaultHttpResponse(decodeResult: success, version: HTTP/1.1)
HTTP/1.1 200 OK
Content-Type: application/json; charset=utf-8
cache-control: no-cache
content-length: 41

23:04:28.792 [AsyncHttpClient-1-3] DEBUG org.asynchttpclient.netty.channel.ChannelManager - Adding key: http://localhost:62134 for channel [id: 0xce4c7deb, L:/127.0.0.1:64090 - R:localhost/127.0.0.1:62134]
23:04:28.806 [Forwarding screenshot on session 32f40b768b9493ebee0585f948b5dd40 to remote] DEBUG org.asynchttpclient.netty.request.NettyRequestSender - Using pooled Channel '[id: 0xce4c7deb, L:/127.0.0.1:64090 - R:localhost/127.0.0.1:62134]' for 'GET' to 'http://localhost:62134/session/32f40b768b9493ebee0585f948b5dd40/screenshot'
23:04:28.806 [Forwarding screenshot on session 32f40b768b9493ebee0585f948b5dd40 to remote] DEBUG org.asynchttpclient.netty.request.NettyRequestSender - Using open Channel [id: 0xce4c7deb, L:/127.0.0.1:64090 - R:localhost/127.0.0.1:62134] for GET '/session/32f40b768b9493ebee0585f948b5dd40/screenshot'
23:04:29.041 [AsyncHttpClient-1-3] DEBUG org.asynchttpclient.netty.handler.HttpHandler - 

Request DefaultFullHttpRequest(decodeResult: success, version: HTTP/1.1, content: EmptyByteBufBE)
GET /session/32f40b768b9493ebee0585f948b5dd40/screenshot HTTP/1.1
User-Agent: selenium/4.1.2 (java windows)
Cache-Control: no-cache
Content-Type: application/json; charset=utf-8
host: localhost:62134
accept: */*

Response DefaultHttpResponse(decodeResult: success, version: HTTP/1.1)
HTTP/1.1 200 OK
Content-Type: application/json; charset=utf-8
cache-control: no-cache
content-length: 37840

23:04:29.044 [AsyncHttpClient-1-3] DEBUG org.asynchttpclient.netty.channel.ChannelManager - Adding key: http://localhost:62134 for channel [id: 0xce4c7deb, L:/127.0.0.1:64090 - R:localhost/127.0.0.1:62134]
23:04:29.047 [main] DEBUG net.serenitybdd.core.photography.Darkroom - Send negative for processing for target\site\serenity\6f2f89e8c5a543dd0a10df9cc2fb4dfa2a13d528c2d3ad44cda943733ef50e85.png
23:04:29.048 [main] DEBUG net.thucydides.core.steps.StepInterceptor - STEP DONE: onLoginPage
  &amp#27;[32mGiven &amp#27;[0m&amp#27;[32m&amp#27;[0m&amp#27;[32m&amp#27;[1mI&amp#27;[0m&amp#27;[32m am on loginpage&amp#27;[0m                                               &amp#27;[90m# stepdefinitions.LoginStep.iAmOnLoginPage(java.lang.String)&amp#27;[0m
23:04:29.073 [main] DEBUG net.thucydides.core.steps.StepInterceptor - STARTING STEP: LoginStep.iTypeValidEmail - typeMyEmail
23:04:29.076 [Forwarding findElement on session 32f40b768b9493ebee0585f948b5dd40 to remote] DEBUG org.asynchttpclient.netty.request.NettyRequestSender - Using pooled Channel '[id: 0xce4c7deb, L:/127.0.0.1:64090 - R:localhost/127.0.0.1:62134]' for 'POST' to 'http://localhost:62134/session/32f40b768b9493ebee0585f948b5dd40/element'
23:04:29.076 [Forwarding findElement on session 32f40b768b9493ebee0585f948b5dd40 to remote] DEBUG org.asynchttpclient.netty.request.NettyRequestSender - Using open Channel [id: 0xce4c7deb, L:/127.0.0.1:64090 - R:localhost/127.0.0.1:62134] for POST '/session/32f40b768b9493ebee0585f948b5dd40/element'
23:04:29.098 [AsyncHttpClient-1-3] DEBUG org.asynchttpclient.netty.handler.HttpHandler - 

Request DefaultHttpRequest(decodeResult: success, version: HTTP/1.1)
POST /session/32f40b768b9493ebee0585f948b5dd40/element HTTP/1.1
User-Agent: selenium/4.1.2 (java windows)
Content-Length: 84
Content-Type: application/json; charset=utf-8
host: localhost:62134
accept: */*

Response DefaultHttpResponse(decodeResult: success, version: HTTP/1.1)
HTTP/1.1 200 OK
Content-Type: application/json; charset=utf-8
cache-control: no-cache
content-length: 88

23:04:29.098 [AsyncHttpClient-1-3] DEBUG org.asynchttpclient.netty.channel.ChannelManager - Adding key: http://localhost:62134 for channel [id: 0xce4c7deb, L:/127.0.0.1:64090 - R:localhost/127.0.0.1:62134]
23:04:29.105 [Forwarding sendKeysToElement on session 32f40b768b9493ebee0585f948b5dd40 to remote] DEBUG org.asynchttpclient.netty.request.NettyRequestSender - Using pooled Channel '[id: 0xce4c7deb, L:/127.0.0.1:64090 - R:localhost/127.0.0.1:62134]' for 'POST' to 'http://localhost:62134/session/32f40b768b9493ebee0585f948b5dd40/element/2be786f8-bb30-4fb3-ba13-5e03c3ab68fb/value'
23:04:29.105 [Forwarding sendKeysToElement on session 32f40b768b9493ebee0585f948b5dd40 to remote] DEBUG org.asynchttpclient.netty.request.NettyRequestSender - Using open Channel [id: 0xce4c7deb, L:/127.0.0.1:64090 - R:localhost/127.0.0.1:62134] for POST '/session/32f40b768b9493ebee0585f948b5dd40/element/2be786f8-bb30-4fb3-ba13-5e03c3ab68fb/value'
23:04:29.500 [AsyncHttpClient-1-3] DEBUG org.asynchttpclient.netty.handler.HttpHandler - 

Request DefaultHttpRequest(decodeResult: success, version: HTTP/1.1)
POST /session/32f40b768b9493ebee0585f948b5dd40/element/2be786f8-bb30-4fb3-ba13-5e03c3ab68fb/value HTTP/1.1
User-Agent: selenium/4.1.2 (java windows)
Content-Length: 361
Content-Type: application/json; charset=utf-8
host: localhost:62134
accept: */*

Response DefaultHttpResponse(decodeResult: success, version: HTTP/1.1)
HTTP/1.1 200 OK
Content-Type: application/json; charset=utf-8
cache-control: no-cache
content-length: 14

23:04:29.501 [AsyncHttpClient-1-3] DEBUG org.asynchttpclient.netty.channel.ChannelManager - Adding key: http://localhost:62134 for channel [id: 0xce4c7deb, L:/127.0.0.1:64090 - R:localhost/127.0.0.1:62134]
23:04:29.512 [Forwarding screenshot on session 32f40b768b9493ebee0585f948b5dd40 to remote] DEBUG org.asynchttpclient.netty.request.NettyRequestSender - Using pooled Channel '[id: 0xce4c7deb, L:/127.0.0.1:64090 - R:localhost/127.0.0.1:62134]' for 'GET' to 'http://localhost:62134/session/32f40b768b9493ebee0585f948b5dd40/screenshot'
23:04:29.512 [Forwarding screenshot on session 32f40b768b9493ebee0585f948b5dd40 to remote] DEBUG org.asynchttpclient.netty.request.NettyRequestSender - Using open Channel [id: 0xce4c7deb, L:/127.0.0.1:64090 - R:localhost/127.0.0.1:62134] for GET '/session/32f40b768b9493ebee0585f948b5dd40/screenshot'
23:04:29.661 [AsyncHttpClient-1-1] DEBUG org.asynchttpclient.netty.channel.DefaultChannelPool - Entry count for : http://localhost:64091 : 1
23:04:29.747 [AsyncHttpClient-1-3] DEBUG org.asynchttpclient.netty.handler.HttpHandler - 

Request DefaultFullHttpRequest(decodeResult: success, version: HTTP/1.1, content: EmptyByteBufBE)
GET /session/32f40b768b9493ebee0585f948b5dd40/screenshot HTTP/1.1
User-Agent: selenium/4.1.2 (java windows)
Cache-Control: no-cache
Content-Type: application/json; charset=utf-8
host: localhost:62134
accept: */*

Response DefaultHttpResponse(decodeResult: success, version: HTTP/1.1)
HTTP/1.1 200 OK
Content-Type: application/json; charset=utf-8
cache-control: no-cache
content-length: 47252

23:04:29.748 [AsyncHttpClient-1-3] DEBUG org.asynchttpclient.netty.channel.ChannelManager - Adding key: http://localhost:62134 for channel [id: 0xce4c7deb, L:/127.0.0.1:64090 - R:localhost/127.0.0.1:62134]
23:04:29.750 [main] DEBUG net.serenitybdd.core.photography.Darkroom - Send negative for processing for target\site\serenity\36c9bf814f565d8e303043995bd150b5562405a935c1095f1dc240e263ccf134.png
23:04:29.752 [main] DEBUG net.thucydides.core.steps.StepInterceptor - STEP DONE: typeMyEmail
  &amp#27;[32mWhen &amp#27;[0m&amp#27;[32mI type valid email &amp#27;[0m&amp#27;[32m&amp#27;[1mlandon.mcdermott@hotmail.com&amp#27;[0m                  &amp#27;[90m# stepdefinitions.LoginStep.iTypeValidEmail(java.lang.String)&amp#27;[0m
23:04:29.753 [Darkroom Processing Line] DEBUG net.serenitybdd.core.photography.DarkroomProcessingLine - Processing screenshot image in /var/screenshots/screenshot-4198464906938907736
23:04:29.753 [Darkroom Processing Line] DEBUG net.serenitybdd.core.photography.DarkroomProcessingLine - Saving screenshot to target\site\serenity\36c9bf814f565d8e303043995bd150b5562405a935c1095f1dc240e263ccf134.png
23:04:29.784 [main] DEBUG net.thucydides.core.steps.StepInterceptor - STARTING STEP: LoginStep.iTypeUnvalidPassword - typeMyPassword
23:04:29.793 [Forwarding findElement on session 32f40b768b9493ebee0585f948b5dd40 to remote] DEBUG org.asynchttpclient.netty.request.NettyRequestSender - Using pooled Channel '[id: 0xce4c7deb, L:/127.0.0.1:64090 - R:localhost/127.0.0.1:62134]' for 'POST' to 'http://localhost:62134/session/32f40b768b9493ebee0585f948b5dd40/element'
23:04:29.793 [Forwarding findElement on session 32f40b768b9493ebee0585f948b5dd40 to remote] DEBUG org.asynchttpclient.netty.request.NettyRequestSender - Using open Channel [id: 0xce4c7deb, L:/127.0.0.1:64090 - R:localhost/127.0.0.1:62134] for POST '/session/32f40b768b9493ebee0585f948b5dd40/element'
23:04:29.818 [AsyncHttpClient-1-3] DEBUG org.asynchttpclient.netty.handler.HttpHandler - 

Request DefaultHttpRequest(decodeResult: success, version: HTTP/1.1)
POST /session/32f40b768b9493ebee0585f948b5dd40/element HTTP/1.1
User-Agent: selenium/4.1.2 (java windows)
Content-Length: 87
Content-Type: application/json; charset=utf-8
host: localhost:62134
accept: */*

Response DefaultHttpResponse(decodeResult: success, version: HTTP/1.1)
HTTP/1.1 200 OK
Content-Type: application/json; charset=utf-8
cache-control: no-cache
content-length: 88

23:04:29.818 [AsyncHttpClient-1-3] DEBUG org.asynchttpclient.netty.channel.ChannelManager - Adding key: http://localhost:62134 for channel [id: 0xce4c7deb, L:/127.0.0.1:64090 - R:localhost/127.0.0.1:62134]
23:04:29.824 [Forwarding sendKeysToElement on session 32f40b768b9493ebee0585f948b5dd40 to remote] DEBUG org.asynchttpclient.netty.request.NettyRequestSender - Using pooled Channel '[id: 0xce4c7deb, L:/127.0.0.1:64090 - R:localhost/127.0.0.1:62134]' for 'POST' to 'http://localhost:62134/session/32f40b768b9493ebee0585f948b5dd40/element/0dbe17d3-2c18-4d04-b343-9d34ee0ec490/value'
23:04:29.824 [Forwarding sendKeysToElement on session 32f40b768b9493ebee0585f948b5dd40 to remote] DEBUG org.asynchttpclient.netty.request.NettyRequestSender - Using open Channel [id: 0xce4c7deb, L:/127.0.0.1:64090 - R:localhost/127.0.0.1:62134] for POST '/session/32f40b768b9493ebee0585f948b5dd40/element/0dbe17d3-2c18-4d04-b343-9d34ee0ec490/value'
23:04:30.028 [AsyncHttpClient-1-3] DEBUG org.asynchttpclient.netty.handler.HttpHandler - 

Request DefaultHttpRequest(decodeResult: success, version: HTTP/1.1)
POST /session/32f40b768b9493ebee0585f948b5dd40/element/0dbe17d3-2c18-4d04-b343-9d34ee0ec490/value HTTP/1.1
User-Agent: selenium/4.1.2 (java windows)
Content-Length: 151
Content-Type: application/json; charset=utf-8
host: localhost:62134
accept: */*

Response DefaultHttpResponse(decodeResult: success, version: HTTP/1.1)
HTTP/1.1 200 OK
Content-Type: application/json; charset=utf-8
cache-control: no-cache
content-length: 14

23:04:30.028 [AsyncHttpClient-1-3] DEBUG org.asynchttpclient.netty.channel.ChannelManager - Adding key: http://localhost:62134 for channel [id: 0xce4c7deb, L:/127.0.0.1:64090 - R:localhost/127.0.0.1:62134]
23:04:30.042 [Forwarding screenshot on session 32f40b768b9493ebee0585f948b5dd40 to remote] DEBUG org.asynchttpclient.netty.request.NettyRequestSender - Using pooled Channel '[id: 0xce4c7deb, L:/127.0.0.1:64090 - R:localhost/127.0.0.1:62134]' for 'GET' to 'http://localhost:62134/session/32f40b768b9493ebee0585f948b5dd40/screenshot'
23:04:30.042 [Forwarding screenshot on session 32f40b768b9493ebee0585f948b5dd40 to remote] DEBUG org.asynchttpclient.netty.request.NettyRequestSender - Using open Channel [id: 0xce4c7deb, L:/127.0.0.1:64090 - R:localhost/127.0.0.1:62134] for GET '/session/32f40b768b9493ebee0585f948b5dd40/screenshot'
23:04:30.341 [AsyncHttpClient-1-3] DEBUG org.asynchttpclient.netty.handler.HttpHandler - 

Request DefaultFullHttpRequest(decodeResult: success, version: HTTP/1.1, content: EmptyByteBufBE)
GET /session/32f40b768b9493ebee0585f948b5dd40/screenshot HTTP/1.1
User-Agent: selenium/4.1.2 (java windows)
Cache-Control: no-cache
Content-Type: application/json; charset=utf-8
host: localhost:62134
accept: */*

Response DefaultHttpResponse(decodeResult: success, version: HTTP/1.1)
HTTP/1.1 200 OK
Content-Type: application/json; charset=utf-8
cache-control: no-cache
content-length: 50356

23:04:30.342 [AsyncHttpClient-1-3] DEBUG org.asynchttpclient.netty.channel.ChannelManager - Adding key: http://localhost:62134 for channel [id: 0xce4c7deb, L:/127.0.0.1:64090 - R:localhost/127.0.0.1:62134]
23:04:30.347 [main] DEBUG net.serenitybdd.core.photography.Darkroom - Send negative for processing for target\site\serenity\19d884a10430738306cefd9cedd6db95b7c74d09140af44bdb27d45c39028769.png
23:04:30.348 [main] DEBUG net.thucydides.core.steps.StepInterceptor - STEP DONE: typeMyPassword
  &amp#27;[32mAnd &amp#27;[0m&amp#27;[32mI type unvalid password &amp#27;[0m&amp#27;[32m&amp#27;[1mabcdefg&amp#27;[0m                                   &amp#27;[90m# stepdefinitions.LoginStep.iTypeUnvalidPassword(java.lang.String)&amp#27;[0m
23:04:30.358 [Darkroom Processing Line] DEBUG net.serenitybdd.core.photography.DarkroomProcessingLine - Processing screenshot image in /var/screenshots/screenshot-7913807558117700384
23:04:30.358 [Darkroom Processing Line] DEBUG net.serenitybdd.core.photography.DarkroomProcessingLine - Saving screenshot to target\site\serenity\19d884a10430738306cefd9cedd6db95b7c74d09140af44bdb27d45c39028769.png
23:04:30.437 [Forwarding screenshot on session 32f40b768b9493ebee0585f948b5dd40 to remote] DEBUG org.asynchttpclient.netty.request.NettyRequestSender - Using pooled Channel '[id: 0xce4c7deb, L:/127.0.0.1:64090 - R:localhost/127.0.0.1:62134]' for 'GET' to 'http://localhost:62134/session/32f40b768b9493ebee0585f948b5dd40/screenshot'
23:04:30.437 [Forwarding screenshot on session 32f40b768b9493ebee0585f948b5dd40 to remote] DEBUG org.asynchttpclient.netty.request.NettyRequestSender - Using open Channel [id: 0xce4c7deb, L:/127.0.0.1:64090 - R:localhost/127.0.0.1:62134] for GET '/session/32f40b768b9493ebee0585f948b5dd40/screenshot'
23:04:30.663 [AsyncHttpClient-1-3] DEBUG org.asynchttpclient.netty.handler.HttpHandler - 

Request DefaultFullHttpRequest(decodeResult: success, version: HTTP/1.1, content: EmptyByteBufBE)
GET /session/32f40b768b9493ebee0585f948b5dd40/screenshot HTTP/1.1
User-Agent: selenium/4.1.2 (java windows)
Cache-Control: no-cache
Content-Type: application/json; charset=utf-8
host: localhost:62134
accept: */*

Response DefaultHttpResponse(decodeResult: success, version: HTTP/1.1)
HTTP/1.1 200 OK
Content-Type: application/json; charset=utf-8
cache-control: no-cache
content-length: 49528

23:04:30.663 [AsyncHttpClient-1-3] DEBUG org.asynchttpclient.netty.channel.ChannelManager - Adding key: http://localhost:62134 for channel [id: 0xce4c7deb, L:/127.0.0.1:64090 - R:localhost/127.0.0.1:62134]
23:04:30.667 [main] DEBUG net.serenitybdd.core.photography.Darkroom - Send negative for processing for target\site\serenity\960c24d088dc0a2026690924f6114368b414ef3f859507bdcd1eeeacaa41eb88.png
23:04:30.668 [main] DEBUG net.thucydides.core.steps.StepInterceptor - STARTING STEP: LoginStep.iClickALoginButton - clickLoginButton
23:04:30.668 [Darkroom Processing Line] DEBUG net.serenitybdd.core.photography.DarkroomProcessingLine - Processing screenshot image in /var/screenshots/screenshot-799363423759558136
23:04:30.668 [Darkroom Processing Line] DEBUG net.serenitybdd.core.photography.DarkroomProcessingLine - Saving screenshot to target\site\serenity\960c24d088dc0a2026690924f6114368b414ef3f859507bdcd1eeeacaa41eb88.png
23:04:30.677 [Forwarding findElement on session 32f40b768b9493ebee0585f948b5dd40 to remote] DEBUG org.asynchttpclient.netty.request.NettyRequestSender - Using pooled Channel '[id: 0xce4c7deb, L:/127.0.0.1:64090 - R:localhost/127.0.0.1:62134]' for 'POST' to 'http://localhost:62134/session/32f40b768b9493ebee0585f948b5dd40/element'
23:04:30.677 [Forwarding findElement on session 32f40b768b9493ebee0585f948b5dd40 to remote] DEBUG org.asynchttpclient.netty.request.NettyRequestSender - Using open Channel [id: 0xce4c7deb, L:/127.0.0.1:64090 - R:localhost/127.0.0.1:62134] for POST '/session/32f40b768b9493ebee0585f948b5dd40/element'
23:04:30.699 [AsyncHttpClient-1-3] DEBUG org.asynchttpclient.netty.handler.HttpHandler - 

Request DefaultHttpRequest(decodeResult: success, version: HTTP/1.1)
POST /session/32f40b768b9493ebee0585f948b5dd40/element HTTP/1.1
User-Agent: selenium/4.1.2 (java windows)
Content-Length: 155
Content-Type: application/json; charset=utf-8
host: localhost:62134
accept: */*

Response DefaultHttpResponse(decodeResult: success, version: HTTP/1.1)
HTTP/1.1 200 OK
Content-Type: application/json; charset=utf-8
cache-control: no-cache
content-length: 88

23:04:30.700 [AsyncHttpClient-1-3] DEBUG org.asynchttpclient.netty.channel.ChannelManager - Adding key: http://localhost:62134 for channel [id: 0xce4c7deb, L:/127.0.0.1:64090 - R:localhost/127.0.0.1:62134]
23:04:30.703 [Forwarding getElementTagName on session 32f40b768b9493ebee0585f948b5dd40 to remote] DEBUG org.asynchttpclient.netty.request.NettyRequestSender - Using pooled Channel '[id: 0xce4c7deb, L:/127.0.0.1:64090 - R:localhost/127.0.0.1:62134]' for 'GET' to 'http://localhost:62134/session/32f40b768b9493ebee0585f948b5dd40/element/8d6a658c-015d-4857-9ae4-aa8d4421df88/name'
23:04:30.704 [Forwarding getElementTagName on session 32f40b768b9493ebee0585f948b5dd40 to remote] DEBUG org.asynchttpclient.netty.request.NettyRequestSender - Using open Channel [id: 0xce4c7deb, L:/127.0.0.1:64090 - R:localhost/127.0.0.1:62134] for GET '/session/32f40b768b9493ebee0585f948b5dd40/element/8d6a658c-015d-4857-9ae4-aa8d4421df88/name'
23:04:30.712 [AsyncHttpClient-1-3] DEBUG org.asynchttpclient.netty.handler.HttpHandler - 

Request DefaultFullHttpRequest(decodeResult: success, version: HTTP/1.1, content: EmptyByteBufBE)
GET /session/32f40b768b9493ebee0585f948b5dd40/element/8d6a658c-015d-4857-9ae4-aa8d4421df88/name HTTP/1.1
User-Agent: selenium/4.1.2 (java windows)
Cache-Control: no-cache
Content-Type: application/json; charset=utf-8
host: localhost:62134
accept: */*

Response DefaultHttpResponse(decodeResult: success, version: HTTP/1.1)
HTTP/1.1 200 OK
Content-Type: application/json; charset=utf-8
cache-control: no-cache
content-length: 18

23:04:30.712 [AsyncHttpClient-1-3] DEBUG org.asynchttpclient.netty.channel.ChannelManager - Adding key: http://localhost:62134 for channel [id: 0xce4c7deb, L:/127.0.0.1:64090 - R:localhost/127.0.0.1:62134]
23:04:30.715 [Forwarding getElementTagName on session 32f40b768b9493ebee0585f948b5dd40 to remote] DEBUG org.asynchttpclient.netty.request.NettyRequestSender - Using pooled Channel '[id: 0xce4c7deb, L:/127.0.0.1:64090 - R:localhost/127.0.0.1:62134]' for 'GET' to 'http://localhost:62134/session/32f40b768b9493ebee0585f948b5dd40/element/8d6a658c-015d-4857-9ae4-aa8d4421df88/name'
23:04:30.716 [Forwarding getElementTagName on session 32f40b768b9493ebee0585f948b5dd40 to remote] DEBUG org.asynchttpclient.netty.request.NettyRequestSender - Using open Channel [id: 0xce4c7deb, L:/127.0.0.1:64090 - R:localhost/127.0.0.1:62134] for GET '/session/32f40b768b9493ebee0585f948b5dd40/element/8d6a658c-015d-4857-9ae4-aa8d4421df88/name'
23:04:30.724 [AsyncHttpClient-1-3] DEBUG org.asynchttpclient.netty.handler.HttpHandler - 

Request DefaultFullHttpRequest(decodeResult: success, version: HTTP/1.1, content: EmptyByteBufBE)
GET /session/32f40b768b9493ebee0585f948b5dd40/element/8d6a658c-015d-4857-9ae4-aa8d4421df88/name HTTP/1.1
User-Agent: selenium/4.1.2 (java windows)
Cache-Control: no-cache
Content-Type: application/json; charset=utf-8
host: localhost:62134
accept: */*

Response DefaultHttpResponse(decodeResult: success, version: HTTP/1.1)
HTTP/1.1 200 OK
Content-Type: application/json; charset=utf-8
cache-control: no-cache
content-length: 18

23:04:30.724 [AsyncHttpClient-1-3] DEBUG org.asynchttpclient.netty.channel.ChannelManager - Adding key: http://localhost:62134 for channel [id: 0xce4c7deb, L:/127.0.0.1:64090 - R:localhost/127.0.0.1:62134]
23:04:30.729 [Forwarding isElementEnabled on session 32f40b768b9493ebee0585f948b5dd40 to remote] DEBUG org.asynchttpclient.netty.request.NettyRequestSender - Using pooled Channel '[id: 0xce4c7deb, L:/127.0.0.1:64090 - R:localhost/127.0.0.1:62134]' for 'GET' to 'http://localhost:62134/session/32f40b768b9493ebee0585f948b5dd40/element/8d6a658c-015d-4857-9ae4-aa8d4421df88/enabled'
23:04:30.729 [Forwarding isElementEnabled on session 32f40b768b9493ebee0585f948b5dd40 to remote] DEBUG org.asynchttpclient.netty.request.NettyRequestSender - Using open Channel [id: 0xce4c7deb, L:/127.0.0.1:64090 - R:localhost/127.0.0.1:62134] for GET '/session/32f40b768b9493ebee0585f948b5dd40/element/8d6a658c-015d-4857-9ae4-aa8d4421df88/enabled'
23:04:30.752 [AsyncHttpClient-1-3] DEBUG org.asynchttpclient.netty.handler.HttpHandler - 

Request DefaultFullHttpRequest(decodeResult: success, version: HTTP/1.1, content: EmptyByteBufBE)
GET /session/32f40b768b9493ebee0585f948b5dd40/element/8d6a658c-015d-4857-9ae4-aa8d4421df88/enabled HTTP/1.1
User-Agent: selenium/4.1.2 (java windows)
Cache-Control: no-cache
Content-Type: application/json; charset=utf-8
host: localhost:62134
accept: */*

Response DefaultHttpResponse(decodeResult: success, version: HTTP/1.1)
HTTP/1.1 200 OK
Content-Type: application/json; charset=utf-8
cache-control: no-cache
content-length: 14

23:04:30.753 [AsyncHttpClient-1-3] DEBUG org.asynchttpclient.netty.channel.ChannelManager - Adding key: http://localhost:62134 for channel [id: 0xce4c7deb, L:/127.0.0.1:64090 - R:localhost/127.0.0.1:62134]
23:04:30.757 [Forwarding isElementEnabled on session 32f40b768b9493ebee0585f948b5dd40 to remote] DEBUG org.asynchttpclient.netty.request.NettyRequestSender - Using pooled Channel '[id: 0xce4c7deb, L:/127.0.0.1:64090 - R:localhost/127.0.0.1:62134]' for 'GET' to 'http://localhost:62134/session/32f40b768b9493ebee0585f948b5dd40/element/8d6a658c-015d-4857-9ae4-aa8d4421df88/enabled'
23:04:30.757 [Forwarding isElementEnabled on session 32f40b768b9493ebee0585f948b5dd40 to remote] DEBUG org.asynchttpclient.netty.request.NettyRequestSender - Using open Channel [id: 0xce4c7deb, L:/127.0.0.1:64090 - R:localhost/127.0.0.1:62134] for GET '/session/32f40b768b9493ebee0585f948b5dd40/element/8d6a658c-015d-4857-9ae4-aa8d4421df88/enabled'
23:04:30.767 [AsyncHttpClient-1-1] DEBUG org.asynchttpclient.netty.channel.DefaultChannelPool - Entry count for : http://localhost:64091 : 1
23:04:30.769 [AsyncHttpClient-1-3] DEBUG org.asynchttpclient.netty.handler.HttpHandler - 

Request DefaultFullHttpRequest(decodeResult: success, version: HTTP/1.1, content: EmptyByteBufBE)
GET /session/32f40b768b9493ebee0585f948b5dd40/element/8d6a658c-015d-4857-9ae4-aa8d4421df88/enabled HTTP/1.1
User-Agent: selenium/4.1.2 (java windows)
Cache-Control: no-cache
Content-Type: application/json; charset=utf-8
host: localhost:62134
accept: */*

Response DefaultHttpResponse(decodeResult: success, version: HTTP/1.1)
HTTP/1.1 200 OK
Content-Type: application/json; charset=utf-8
cache-control: no-cache
content-length: 14

23:04:30.769 [AsyncHttpClient-1-3] DEBUG org.asynchttpclient.netty.channel.ChannelManager - Adding key: http://localhost:62134 for channel [id: 0xce4c7deb, L:/127.0.0.1:64090 - R:localhost/127.0.0.1:62134]
23:04:30.774 [Forwarding findElement on session 32f40b768b9493ebee0585f948b5dd40 to remote] DEBUG org.asynchttpclient.netty.request.NettyRequestSender - Using pooled Channel '[id: 0xce4c7deb, L:/127.0.0.1:64090 - R:localhost/127.0.0.1:62134]' for 'POST' to 'http://localhost:62134/session/32f40b768b9493ebee0585f948b5dd40/element'
23:04:30.774 [Forwarding findElement on session 32f40b768b9493ebee0585f948b5dd40 to remote] DEBUG org.asynchttpclient.netty.request.NettyRequestSender - Using open Channel [id: 0xce4c7deb, L:/127.0.0.1:64090 - R:localhost/127.0.0.1:62134] for POST '/session/32f40b768b9493ebee0585f948b5dd40/element'
23:04:30.789 [AsyncHttpClient-1-3] DEBUG org.asynchttpclient.netty.handler.HttpHandler - 

Request DefaultHttpRequest(decodeResult: success, version: HTTP/1.1)
POST /session/32f40b768b9493ebee0585f948b5dd40/element HTTP/1.1
User-Agent: selenium/4.1.2 (java windows)
Content-Length: 155
Content-Type: application/json; charset=utf-8
host: localhost:62134
accept: */*

Response DefaultHttpResponse(decodeResult: success, version: HTTP/1.1)
HTTP/1.1 200 OK
Content-Type: application/json; charset=utf-8
cache-control: no-cache
content-length: 88

23:04:30.790 [AsyncHttpClient-1-3] DEBUG org.asynchttpclient.netty.channel.ChannelManager - Adding key: http://localhost:62134 for channel [id: 0xce4c7deb, L:/127.0.0.1:64090 - R:localhost/127.0.0.1:62134]
23:04:30.795 [Forwarding clickElement on session 32f40b768b9493ebee0585f948b5dd40 to remote] DEBUG org.asynchttpclient.netty.request.NettyRequestSender - Using pooled Channel '[id: 0xce4c7deb, L:/127.0.0.1:64090 - R:localhost/127.0.0.1:62134]' for 'POST' to 'http://localhost:62134/session/32f40b768b9493ebee0585f948b5dd40/element/8d6a658c-015d-4857-9ae4-aa8d4421df88/click'
23:04:30.795 [Forwarding clickElement on session 32f40b768b9493ebee0585f948b5dd40 to remote] DEBUG org.asynchttpclient.netty.request.NettyRequestSender - Using open Channel [id: 0xce4c7deb, L:/127.0.0.1:64090 - R:localhost/127.0.0.1:62134] for POST '/session/32f40b768b9493ebee0585f948b5dd40/element/8d6a658c-015d-4857-9ae4-aa8d4421df88/click'
23:04:30.939 [AsyncHttpClient-1-3] DEBUG org.asynchttpclient.netty.handler.HttpHandler - 

Request DefaultHttpRequest(decodeResult: success, version: HTTP/1.1)
POST /session/32f40b768b9493ebee0585f948b5dd40/element/8d6a658c-015d-4857-9ae4-aa8d4421df88/click HTTP/1.1
User-Agent: selenium/4.1.2 (java windows)
Content-Length: 50
Content-Type: application/json; charset=utf-8
host: localhost:62134
accept: */*

Response DefaultHttpResponse(decodeResult: success, version: HTTP/1.1)
HTTP/1.1 200 OK
Content-Type: application/json; charset=utf-8
cache-control: no-cache
content-length: 14

23:04:30.940 [AsyncHttpClient-1-3] DEBUG org.asynchttpclient.netty.channel.ChannelManager - Adding key: http://localhost:62134 for channel [id: 0xce4c7deb, L:/127.0.0.1:64090 - R:localhost/127.0.0.1:62134]
23:04:30.964 [Forwarding screenshot on session 32f40b768b9493ebee0585f948b5dd40 to remote] DEBUG org.asynchttpclient.netty.request.NettyRequestSender - Using pooled Channel '[id: 0xce4c7deb, L:/127.0.0.1:64090 - R:localhost/127.0.0.1:62134]' for 'GET' to 'http://localhost:62134/session/32f40b768b9493ebee0585f948b5dd40/screenshot'
23:04:30.964 [Forwarding screenshot on session 32f40b768b9493ebee0585f948b5dd40 to remote] DEBUG org.asynchttpclient.netty.request.NettyRequestSender - Using open Channel [id: 0xce4c7deb, L:/127.0.0.1:64090 - R:localhost/127.0.0.1:62134] for GET '/session/32f40b768b9493ebee0585f948b5dd40/screenshot'
23:04:31.458 [AsyncHttpClient-1-3] DEBUG org.asynchttpclient.netty.handler.HttpHandler - 

Request DefaultFullHttpRequest(decodeResult: success, version: HTTP/1.1, content: EmptyByteBufBE)
GET /session/32f40b768b9493ebee0585f948b5dd40/screenshot HTTP/1.1
User-Agent: selenium/4.1.2 (java windows)
Cache-Control: no-cache
Content-Type: application/json; charset=utf-8
host: localhost:62134
accept: */*

Response DefaultHttpResponse(decodeResult: success, version: HTTP/1.1)
HTTP/1.1 200 OK
Content-Type: application/json; charset=utf-8
cache-control: no-cache
content-length: 48768

23:04:31.458 [AsyncHttpClient-1-3] DEBUG org.asynchttpclient.netty.channel.ChannelManager - Adding key: http://localhost:62134 for channel [id: 0xce4c7deb, L:/127.0.0.1:64090 - R:localhost/127.0.0.1:62134]
23:04:31.461 [main] DEBUG net.serenitybdd.core.photography.Darkroom - Send negative for processing for target\site\serenity\018d9cbc1237802e9c616980ec910a0feeafdfc91cff2ed14afe3d630b9ed24b.png
23:04:31.462 [main] DEBUG net.thucydides.core.steps.StepInterceptor - STEP DONE: clickLoginButton
  &amp#27;[32mAnd &amp#27;[0m&amp#27;[32mI click a Login button&amp#27;[0m                                            &amp#27;[90m# stepdefinitions.LoginStep.iClickALoginButton()&amp#27;[0m
23:04:31.462 [Darkroom Processing Line] DEBUG net.serenitybdd.core.photography.DarkroomProcessingLine - Processing screenshot image in /var/screenshots/screenshot-16989399472342872778
23:04:31.462 [Darkroom Processing Line] DEBUG net.serenitybdd.core.photography.DarkroomProcessingLine - Saving screenshot to target\site\serenity\018d9cbc1237802e9c616980ec910a0feeafdfc91cff2ed14afe3d630b9ed24b.png
23:04:31.489 [main] DEBUG net.thucydides.core.steps.StepInterceptor - STARTING STEP: LoginStep.iGotErrorMassage - gotErrorMassage
23:04:31.493 [Forwarding findElement on session 32f40b768b9493ebee0585f948b5dd40 to remote] DEBUG org.asynchttpclient.netty.request.NettyRequestSender - Using pooled Channel '[id: 0xce4c7deb, L:/127.0.0.1:64090 - R:localhost/127.0.0.1:62134]' for 'POST' to 'http://localhost:62134/session/32f40b768b9493ebee0585f948b5dd40/element'
23:04:31.493 [Forwarding findElement on session 32f40b768b9493ebee0585f948b5dd40 to remote] DEBUG org.asynchttpclient.netty.request.NettyRequestSender - Using open Channel [id: 0xce4c7deb, L:/127.0.0.1:64090 - R:localhost/127.0.0.1:62134] for POST '/session/32f40b768b9493ebee0585f948b5dd40/element'
23:04:31.497 [AsyncHttpClient-1-3] DEBUG org.asynchttpclient.netty.handler.HttpHandler - 

Request DefaultHttpRequest(decodeResult: success, version: HTTP/1.1)
POST /session/32f40b768b9493ebee0585f948b5dd40/element HTTP/1.1
User-Agent: selenium/4.1.2 (java windows)
Content-Length: 53
Content-Type: application/json; charset=utf-8
host: localhost:62134
accept: */*

Response DefaultHttpResponse(decodeResult: success, version: HTTP/1.1)
HTTP/1.1 400 Bad Request
Content-Type: application/json; charset=utf-8
cache-control: no-cache
content-length: 957

23:04:31.498 [AsyncHttpClient-1-3] DEBUG org.asynchttpclient.netty.channel.ChannelManager - Adding key: http://localhost:62134 for channel [id: 0xce4c7deb, L:/127.0.0.1:64090 - R:localhost/127.0.0.1:62134]
23:04:31.505 [Forwarding findElement on session 32f40b768b9493ebee0585f948b5dd40 to remote] DEBUG org.asynchttpclient.netty.request.NettyRequestSender - Using pooled Channel '[id: 0xce4c7deb, L:/127.0.0.1:64090 - R:localhost/127.0.0.1:62134]' for 'POST' to 'http://localhost:62134/session/32f40b768b9493ebee0585f948b5dd40/element'
23:04:31.505 [Forwarding findElement on session 32f40b768b9493ebee0585f948b5dd40 to remote] DEBUG org.asynchttpclient.netty.request.NettyRequestSender - Using open Channel [id: 0xce4c7deb, L:/127.0.0.1:64090 - R:localhost/127.0.0.1:62134] for POST '/session/32f40b768b9493ebee0585f948b5dd40/element'
23:04:31.858 [AsyncHttpClient-1-1] DEBUG org.asynchttpclient.netty.channel.DefaultChannelPool - Entry count for : http://localhost:64091 : 1
23:04:32.963 [AsyncHttpClient-1-1] DEBUG org.asynchttpclient.netty.channel.DefaultChannelPool - Entry count for : http://localhost:64091 : 1
23:04:32.963 [AsyncHttpClient-1-1] DEBUG org.asynchttpclient.netty.channel.DefaultChannelPool - Adding Candidate expired Channel [id: 0x414c1658, L:/127.0.0.1:64098 - R:localhost/127.0.0.1:64091] isIdleTimeoutExpired=true isRemotelyClosed=false isTtlExpired=false
23:04:32.963 [AsyncHttpClient-1-1] DEBUG org.asynchttpclient.netty.channel.DefaultChannelPool - Closing Idle Channel [id: 0x414c1658, L:/127.0.0.1:64098 - R:localhost/127.0.0.1:64091]
23:04:32.964 [AsyncHttpClient-1-4] DEBUG org.asynchttpclient.netty.handler.HttpHandler - Channel Closed: [id: 0x414c1658, L:/127.0.0.1:64098 ! R:localhost/127.0.0.1:64091] with attribute DISCARD
23:04:32.965 [AsyncHttpClient-1-1] DEBUG org.asynchttpclient.netty.channel.DefaultChannelPool - Closed 1 connections out of 1 in 2 ms
23:04:33.520 [AsyncHttpClient-1-3] DEBUG org.asynchttpclient.netty.handler.HttpHandler - 

Request DefaultHttpRequest(decodeResult: success, version: HTTP/1.1)
POST /session/32f40b768b9493ebee0585f948b5dd40/element HTTP/1.1
User-Agent: selenium/4.1.2 (java windows)
Content-Length: 63
Content-Type: application/json; charset=utf-8
host: localhost:62134
accept: */*

Response DefaultHttpResponse(decodeResult: success, version: HTTP/1.1)
HTTP/1.1 404 Not Found
Content-Type: application/json; charset=utf-8
cache-control: no-cache
content-length: 1032

23:04:33.521 [AsyncHttpClient-1-3] DEBUG org.asynchttpclient.netty.channel.ChannelManager - Adding key: http://localhost:62134 for channel [id: 0xce4c7deb, L:/127.0.0.1:64090 - R:localhost/127.0.0.1:62134]
23:04:33.529 [Forwarding screenshot on session 32f40b768b9493ebee0585f948b5dd40 to remote] DEBUG org.asynchttpclient.netty.request.NettyRequestSender - Using pooled Channel '[id: 0xce4c7deb, L:/127.0.0.1:64090 - R:localhost/127.0.0.1:62134]' for 'GET' to 'http://localhost:62134/session/32f40b768b9493ebee0585f948b5dd40/screenshot'
23:04:33.529 [Forwarding screenshot on session 32f40b768b9493ebee0585f948b5dd40 to remote] DEBUG org.asynchttpclient.netty.request.NettyRequestSender - Using open Channel [id: 0xce4c7deb, L:/127.0.0.1:64090 - R:localhost/127.0.0.1:62134] for GET '/session/32f40b768b9493ebee0585f948b5dd40/screenshot'
23:04:33.729 [AsyncHttpClient-1-3] DEBUG org.asynchttpclient.netty.handler.HttpHandler - 

Request DefaultFullHttpRequest(decodeResult: success, version: HTTP/1.1, content: EmptyByteBufBE)
GET /session/32f40b768b9493ebee0585f948b5dd40/screenshot HTTP/1.1
User-Agent: selenium/4.1.2 (java windows)
Cache-Control: no-cache
Content-Type: application/json; charset=utf-8
host: localhost:62134
accept: */*

Response DefaultHttpResponse(decodeResult: success, version: HTTP/1.1)
HTTP/1.1 200 OK
Content-Type: application/json; charset=utf-8
cache-control: no-cache
content-length: 48484

23:04:33.730 [AsyncHttpClient-1-3] DEBUG org.asynchttpclient.netty.channel.ChannelManager - Adding key: http://localhost:62134 for channel [id: 0xce4c7deb, L:/127.0.0.1:64090 - R:localhost/127.0.0.1:62134]
23:04:33.751 [main] DEBUG net.serenitybdd.core.photography.Darkroom - Send negative for processing for target\site\serenity\ca8d1189ef3cfa92de1e98100f40eb5a7769cb7abe5836b69aec1f95c99c9eee.png
23:04:33.757 [Forwarding getPageSource on session 32f40b768b9493ebee0585f948b5dd40 to remote] DEBUG org.asynchttpclient.netty.request.NettyRequestSender - Using pooled Channel '[id: 0xce4c7deb, L:/127.0.0.1:64090 - R:localhost/127.0.0.1:62134]' for 'POST' to 'http://localhost:62134/session/32f40b768b9493ebee0585f948b5dd40/execute/sync'
23:04:33.758 [Forwarding getPageSource on session 32f40b768b9493ebee0585f948b5dd40 to remote] DEBUG org.asynchttpclient.netty.request.NettyRequestSender - Using open Channel [id: 0xce4c7deb, L:/127.0.0.1:64090 - R:localhost/127.0.0.1:62134] for POST '/session/32f40b768b9493ebee0585f948b5dd40/execute/sync'
23:04:33.764 [Darkroom Processing Line] DEBUG net.serenitybdd.core.photography.DarkroomProcessingLine - Processing screenshot image in /var/screenshots/screenshot-13022121964432093586
23:04:33.764 [Darkroom Processing Line] DEBUG net.serenitybdd.core.photography.DarkroomProcessingLine - Saving screenshot to target\site\serenity\ca8d1189ef3cfa92de1e98100f40eb5a7769cb7abe5836b69aec1f95c99c9eee.png
23:04:33.831 [AsyncHttpClient-1-3] DEBUG org.asynchttpclient.netty.handler.HttpHandler - 

Request DefaultHttpRequest(decodeResult: success, version: HTTP/1.1)
POST /session/32f40b768b9493ebee0585f948b5dd40/execute/sync HTTP/1.1
User-Agent: selenium/4.1.2 (java windows)
Content-Length: 176
Content-Type: application/json; charset=utf-8
host: localhost:62134
accept: */*

Response DefaultHttpResponse(decodeResult: success, version: HTTP/1.1)
HTTP/1.1 200 OK
Content-Type: application/json; charset=utf-8
cache-control: no-cache
content-length: 21788

23:04:33.832 [AsyncHttpClient-1-3] DEBUG org.asynchttpclient.netty.channel.ChannelManager - Adding key: http://localhost:62134 for channel [id: 0xce4c7deb, L:/127.0.0.1:64090 - R:localhost/127.0.0.1:62134]
23:04:33.845 [Forwarding getCurrentUrl on session 32f40b768b9493ebee0585f948b5dd40 to remote] DEBUG org.asynchttpclient.netty.request.NettyRequestSender - Using pooled Channel '[id: 0xce4c7deb, L:/127.0.0.1:64090 - R:localhost/127.0.0.1:62134]' for 'GET' to 'http://localhost:62134/session/32f40b768b9493ebee0585f948b5dd40/url'
23:04:33.846 [Forwarding getCurrentUrl on session 32f40b768b9493ebee0585f948b5dd40 to remote] DEBUG org.asynchttpclient.netty.request.NettyRequestSender - Using open Channel [id: 0xce4c7deb, L:/127.0.0.1:64090 - R:localhost/127.0.0.1:62134] for GET '/session/32f40b768b9493ebee0585f948b5dd40/url'
23:04:33.874 [AsyncHttpClient-1-3] DEBUG org.asynchttpclient.netty.handler.HttpHandler - 

Request DefaultFullHttpRequest(decodeResult: success, version: HTTP/1.1, content: EmptyByteBufBE)
GET /session/32f40b768b9493ebee0585f948b5dd40/url HTTP/1.1
User-Agent: selenium/4.1.2 (java windows)
Cache-Control: no-cache
Content-Type: application/json; charset=utf-8
host: localhost:62134
accept: */*

Response DefaultHttpResponse(decodeResult: success, version: HTTP/1.1)
HTTP/1.1 200 OK
Content-Type: application/json; charset=utf-8
cache-control: no-cache
content-length: 41

23:04:33.875 [AsyncHttpClient-1-3] DEBUG org.asynchttpclient.netty.channel.ChannelManager - Adding key: http://localhost:62134 for channel [id: 0xce4c7deb, L:/127.0.0.1:64090 - R:localhost/127.0.0.1:62134]
  &amp#27;[31mThen &amp#27;[0m&amp#27;[31mI got error massage &amp#27;[0m&amp#27;[31m&amp#27;[1m"record not found"&amp#27;[0m                           &amp#27;[90m# stepdefinitions.LoginStep.iGotErrorMassage(java.lang.String)&amp#27;[0m
      &amp#27;[31morg.openqa.selenium.NoSuchElementException: no such element: Unable to locate element: {"method":"css selector","selector":".v\-alert__wrapper"}
  (Session info: chrome=101.0.4951.67)
For documentation on this error, please visit: https://selenium.dev/exceptions/#no_such_element
Build info: version: '4.1.2', revision: '9a5a329c5a'
System info: host: 'LAPTOP-9MG0RTAB', ip: '192.168.172.95', os.name: 'Windows 10', os.arch: 'amd64', os.version: '10.0', java.version: '11.0.14'
Driver info: org.openqa.selenium.chrome.ChromeDriver
Command: [32f40b768b9493ebee0585f948b5dd40, findElement {using=css selector, value=.v\-alert__wrapper}]
Capabilities {acceptInsecureCerts: false, browserName: chrome, browserVersion: 101.0.4951.67, chrome: {chromedriverVersion: 101.0.4951.41 (93c720db8323..., userDataDir: C:\Users\SITINU~1\AppData\L...}, goog:chromeOptions: {debuggerAddress: localhost:64091}, javascriptEnabled: true, networkConnectionEnabled: false, pageLoadStrategy: normal, platform: WINDOWS, platformName: WINDOWS, proxy: Proxy(), se:cdp: ws://localhost:64091/devtoo..., se:cdpVersion: 101.0.4951.67, setWindowRect: true, strictFileInteractability: false, timeouts: {implicit: 0, pageLoad: 300000, script: 30000}, unhandledPromptBehavior: dismiss and notify, webauthn:extension:credBlob: true, webauthn:extension:largeBlob: true, webauthn:virtualAuthenticators: true}
Session ID: 32f40b768b9493ebee0585f948b5dd40
	at java.base/jdk.internal.reflect.NativeConstructorAccessorImpl.newInstance0(Native Method)
	at java.base/jdk.internal.reflect.NativeConstructorAccessorImpl.newInstance(NativeConstructorAccessorImpl.java:62)
	at java.base/jdk.internal.reflect.DelegatingConstructorAccessorImpl.newInstance(DelegatingConstructorAccessorImpl.java:45)
	at java.base/java.lang.reflect.Constructor.newInstance(Constructor.java:490)
	at org.openqa.selenium.remote.codec.w3c.W3CHttpResponseCodec.createException(W3CHttpResponseCodec.java:200)
	at org.openqa.selenium.remote.codec.w3c.W3CHttpResponseCodec.decode(W3CHttpResponseCodec.java:133)
	at org.openqa.selenium.remote.codec.w3c.W3CHttpResponseCodec.decode(W3CHttpResponseCodec.java:53)
	at org.openqa.selenium.remote.HttpCommandExecutor.execute(HttpCommandExecutor.java:184)
	at org.openqa.selenium.remote.service.DriverCommandExecutor.invokeExecute(DriverCommandExecutor.java:167)
	at org.openqa.selenium.remote.service.DriverCommandExecutor.execute(DriverCommandExecutor.java:142)
	at org.openqa.selenium.remote.RemoteWebDriver.execute(RemoteWebDriver.java:558)
	at org.openqa.selenium.remote.ElementLocation$ElementFinder$2.findElement(ElementLocation.java:162)
	at org.openqa.selenium.remote.ElementLocation.findElement(ElementLocation.java:60)
	at org.openqa.selenium.remote.RemoteWebDriver.findElement(RemoteWebDriver.java:382)
	at org.openqa.selenium.remote.RemoteWebDriver.findElement(RemoteWebDriver.java:374)
	at org.openqa.selenium.By$PreW3CLocator.findElement(By.java:429)
	at org.openqa.selenium.By$ByClassName.findElement(By.java:298)
	at org.openqa.selenium.remote.ElementLocation$ElementFinder$1.findElement(ElementLocation.java:136)
	at org.openqa.selenium.remote.ElementLocation.findElement(ElementLocation.java:80)
	at org.openqa.selenium.remote.RemoteWebDriver.findElement(RemoteWebDriver.java:382)
	at org.openqa.selenium.remote.RemoteWebDriver.findElement(RemoteWebDriver.java:374)
	at net.thucydides.core.webdriver.WebDriverFacade.findElement(WebDriverFacade.java:224)
	at net.serenitybdd.core.pages.WebElementResolverByLocator.resolveForDriver(WebElementResolverByLocator.java:25)
	at net.serenitybdd.core.pages.WebElementFacadeImpl.getResolvedElement(WebElementFacadeImpl.java:191)
	at net.serenitybdd.core.pages.WebElementFacadeImpl.getElement(WebElementFacadeImpl.java:186)
	at net.serenitybdd.core.pages.WebElementFacadeImpl.isDisplayed(WebElementFacadeImpl.java:1289)
	at FrontEnd.AltaShop@1.0-SNAPSHOT/starter.Login.gotErrorMassage(Login.java:29)
	at FrontEnd.AltaShop@1.0-SNAPSHOT/starter.Login$ByteBuddy$4S5zUvLO.gotErrorMassage$accessor$FZsfF9ZW(Unknown Source)
	at java.base/jdk.internal.reflect.NativeMethodAccessorImpl.invoke0(Native Method)
	at java.base/jdk.internal.reflect.NativeMethodAccessorImpl.invoke(NativeMethodAccessorImpl.java:62)
	at java.base/jdk.internal.reflect.DelegatingMethodAccessorImpl.invoke(DelegatingMethodAccessorImpl.java:43)
	at java.base/java.lang.reflect.Method.invoke(Method.java:566)
	at net.thucydides.core.steps.StepInterceptor.invokeMethod(StepInterceptor.java:503)
	at net.thucydides.core.steps.StepInterceptor.executeTestStepMethod(StepInterceptor.java:483)
	at net.thucydides.core.steps.StepInterceptor.runTestStep(StepInterceptor.java:457)
	at net.thucydides.core.steps.StepInterceptor.runOrSkipMethod(StepInterceptor.java:209)
	at net.thucydides.core.steps.StepInterceptor.testStepResult(StepInterceptor.java:196)
	at net.thucydides.core.steps.StepInterceptor.intercept(StepInterceptor.java:84)
	at net.thucydides.core.steps.ProxyConfiguration$InterceptorDispatcher.intercept(ProxyConfiguration.java:51)
	at FrontEnd.AltaShop@1.0-SNAPSHOT/starter.Login$ByteBuddy$4S5zUvLO.gotErrorMassage(Unknown Source)
	at FrontEnd.AltaShop@1.0-SNAPSHOT/stepdefinitions.LoginStep.iGotErrorMassage(LoginStep.java:53)
	at âœ½.I got error massage "record not found"(file:///D:/Mini%20Project-QE%20Alta/Web%20Automation/FrontEnd-AltaShop/src/test/resources/features/Login.feature:15)
&amp#27;[0m
23:04:33.907 [main] ERROR  - 
  _____   ___   ___   _____     ___   ___   ___    ___    ___ 
 |_   _| | __| / __| |_   _|   | __| | _ \ | _ \  / _ \  | _ \
   | |   | _|  \__ \   | |     | _|  |   / |   / | (_) | |   /
   |_|   |___| |___/   |_|     |___| |_|_\ |_|_\  \___/  |_|_\

As a user, i have not able to login because password is wrong
---------------------------------------------------------------
23:04:33.907 [main] DEBUG  - RELATED ISSUES: 
23:04:33.908 [main] ERROR  -     Test failed at step: Got error massage
23:04:33.909 [main] ERROR  -     no such element: Unable to locate element: {"method":"css selector","selector":".v\-alert__wrapper"}
23:04:33.913 [AsyncHttpClient-1-5] DEBUG org.asynchttpclient.netty.handler.WebSocketHandler - Channel Closed: [id: 0x0c70e8ac, L:/127.0.0.1:64100 ! R:localhost/127.0.0.1:64091] with attribute NettyResponseFuture{currentRetry=5,
	isDone=1,
	isCancelled=0,
	asyncHandler=org.asynchttpclient.ws.WebSocketUpgradeHandler@69605f18,
	nettyRequest=org.asynchttpclient.netty.request.NettyRequest@249187b7,
	future=java.util.concurrent.CompletableFuture@1155b5de[Completed normally],
	uri=ws://localhost:64091/devtools/browser/6807589b-be93-4f4e-977b-36e0ab80871d,
	keepAlive=true,
	redirectCount=0,
	timeoutsHolder=null,
	inAuth=0,
	touch=1653062612972}
23:04:33.913 [AsyncHttpClient-1-5] DEBUG org.asynchttpclient.netty.channel.ChannelManager - Closing Channel [id: 0x0c70e8ac, L:/127.0.0.1:64100 ! R:localhost/127.0.0.1:64091] 
23:04:33.914 [Driver Command Executor] DEBUG org.asynchttpclient.netty.request.NettyRequestSender - Using pooled Channel '[id: 0xce4c7deb, L:/127.0.0.1:64090 - R:localhost/127.0.0.1:62134]' for 'DELETE' to 'http://localhost:62134/session/32f40b768b9493ebee0585f948b5dd40'
23:04:33.914 [Driver Command Executor] DEBUG org.asynchttpclient.netty.request.NettyRequestSender - Using open Channel [id: 0xce4c7deb, L:/127.0.0.1:64090 - R:localhost/127.0.0.1:62134] for DELETE '/session/32f40b768b9493ebee0585f948b5dd40'
23:04:34.464 [AsyncHttpClient-1-3] DEBUG org.asynchttpclient.netty.handler.HttpHandler - 

Request DefaultFullHttpRequest(decodeResult: success, version: HTTP/1.1, content: EmptyByteBufBE)
DELETE /session/32f40b768b9493ebee0585f948b5dd40 HTTP/1.1
User-Agent: selenium/4.1.2 (java windows)
Content-Type: application/json; charset=utf-8
host: localhost:62134
accept: */*

Response DefaultHttpResponse(decodeResult: success, version: HTTP/1.1)
HTTP/1.1 200 OK
Content-Type: application/json; charset=utf-8
cache-control: no-cache
content-length: 14

23:04:34.464 [AsyncHttpClient-1-3] DEBUG org.asynchttpclient.netty.channel.ChannelManager - Adding key: http://localhost:62134 for channel [id: 0xce4c7deb, L:/127.0.0.1:64090 - R:localhost/127.0.0.1:62134]
23:04:35.069 [AsyncHttpClient-1-3] DEBUG org.asynchttpclient.netty.handler.HttpHandler - Channel Closed: [id: 0xce4c7deb, L:/127.0.0.1:64090 ! R:localhost/127.0.0.1:62134] with attribute DISCARD
23:04:35.157 [AsyncHttpClient-1-1] DEBUG org.asynchttpclient.netty.channel.DefaultChannelPool - Entry count for : http://localhost:62134 : 1
23:04:35.157 [AsyncHttpClient-1-1] DEBUG org.asynchttpclient.netty.channel.DefaultChannelPool - Adding Candidate expired Channel [id: 0xce4c7deb, L:/127.0.0.1:64090 ! R:localhost/127.0.0.1:62134] isIdleTimeoutExpired=false isRemotelyClosed=true isTtlExpired=false
23:04:35.157 [AsyncHttpClient-1-1] DEBUG org.asynchttpclient.netty.channel.DefaultChannelPool - Closing Idle Channel [id: 0xce4c7deb, L:/127.0.0.1:64090 ! R:localhost/127.0.0.1:62134]
23:04:35.157 [AsyncHttpClient-1-1] DEBUG org.asynchttpclient.netty.channel.DefaultChannelPool - Closed 1 connections out of 1 in 0 ms
]]></system-out>
    <system-err><![CDATA[Starting ChromeDriver 101.0.4951.41 (93c720db8323b3ec10d056025ab95c23a31997c9-refs/branch-heads/4951@{#904}) on port 62134
Only local connections are allowed.
Please see https://chromedriver.chromium.org/security-considerations for suggestions on keeping ChromeDriver safe.
ChromeDriver was started successfully.
May 20, 2022 11:03:32 PM org.openqa.selenium.remote.ProtocolHandshake createSession
INFO: Detected dialect: W3C
May 20, 2022 11:03:32 PM org.openqa.selenium.devtools.CdpVersionFinder findNearestMatch
WARNING: Unable to find an exact match for CDP version 101, so returning the closest version found: 97
May 20, 2022 11:03:32 PM org.openqa.selenium.devtools.CdpVersionFinder findNearestMatch
INFO: Found CDP implementation for version 101 of 97
]]></system-err>
  </testcase>
  <testcase name="As a user, i have not able to login because email is wrong" classname="Login" time="59.728">
    <error type="org.openqa.selenium.NoSuchElementException"><![CDATA[org.openqa.selenium.NoSuchElementException: 
no such element: Unable to locate element: {"method":"css selector","selector":".v\-alert__wrapper"}
  (Session info: chrome=101.0.4951.67)
For documentation on this error, please visit: https://selenium.dev/exceptions/#no_such_element
Build info: version: '4.1.2', revision: '9a5a329c5a'
System info: host: 'LAPTOP-9MG0RTAB', ip: '192.168.172.95', os.name: 'Windows 10', os.arch: 'amd64', os.version: '10.0', java.version: '11.0.14'
Driver info: org.openqa.selenium.chrome.ChromeDriver
Command: [ac3006fa926bab54a30cfedff9de4b00, findElement {using=css selector, value=.v\-alert__wrapper}]
Capabilities {acceptInsecureCerts: false, browserName: chrome, browserVersion: 101.0.4951.67, chrome: {chromedriverVersion: 101.0.4951.41 (93c720db8323..., userDataDir: C:\Users\SITINU~1\AppData\L...}, goog:chromeOptions: {debuggerAddress: localhost:64159}, javascriptEnabled: true, networkConnectionEnabled: false, pageLoadStrategy: normal, platform: WINDOWS, platformName: WINDOWS, proxy: Proxy(), se:cdp: ws://localhost:64159/devtoo..., se:cdpVersion: 101.0.4951.67, setWindowRect: true, strictFileInteractability: false, timeouts: {implicit: 0, pageLoad: 300000, script: 30000}, unhandledPromptBehavior: dismiss and notify, webauthn:extension:credBlob: true, webauthn:extension:largeBlob: true, webauthn:virtualAuthenticators: true}
Session ID: ac3006fa926bab54a30cfedff9de4b00
]]></error>
    <system-out><![CDATA[
Scenario: As a user, i have not able to login because email is wrong &amp#27;[90m# src/test/resources/features/Login.feature:17&amp#27;[0m
23:04:35.722 [main] INFO io.cucumber.core.plugin.SerenityReporter - Running feature from file:///D:/Mini%20Project-QE%20Alta/Web%20Automation/FrontEnd-AltaShop/src/test/resources/features/Login.feature
23:04:35.742 [main] INFO  - 
  _____   ___   ___   _____     ___   _____     _     ___   _____   ___   ___  
 |_   _| | __| / __| |_   _|   / __| |_   _|   /_\   | _ \ |_   _| | __| |   \ 
   | |   | _|  \__ \   | |     \__ \   | |    / _ \  |   /   | |   | _|  | |) |
   |_|   |___| |___/   |_|     |___/   |_|   /_/ \_\ |_|_\   |_|   |___| |___/ 

As a user, i have not able to login because email is wrong(login;as-a-user--i-have-not-able-to-login-because-email-is-wrong)
--------------------------------------------------------------------------------
23:04:35.793 [main] DEBUG net.thucydides.core.steps.StepInterceptor - STARTING STEP: LoginStep.iOnLoginPage - onLoginPage
23:04:35.798 [main] INFO net.serenitybdd.core.webdriver.driverproviders.ChromeDriverProvider - Using automatically driver download
23:04:36.075 [main] DEBUG io.github.bonigarcia.wdm.cache.ResolutionCache - Resolution chrome=101 in cache (valid until 23:59:13 20/05/2022 ICT)
23:04:36.082 [main] DEBUG io.github.bonigarcia.wdm.cache.ResolutionCache - Resolution chrome101=101.0.4951.41 in cache (valid until 22:59:13 21/05/2022 ICT)
23:04:36.086 [main] INFO io.github.bonigarcia.wdm.WebDriverManager - Using chromedriver 101.0.4951.41 (resolved driver for Chrome 101)
23:04:36.114 [main] DEBUG io.github.bonigarcia.wdm.WebDriverManager - Driver chromedriver 101.0.4951.41 found in cache
23:04:36.115 [main] INFO io.github.bonigarcia.wdm.WebDriverManager - Exporting webdriver.chrome.driver as C:\Users\Siti Nurlatipah\.cache\selenium\chromedriver\win32\101.0.4951.41\chromedriver.exe
23:04:36.310 [main] DEBUG net.serenitybdd.core.webdriver.driverproviders.ProvideNewDriver - Instantiating driver
23:04:36.311 [main] DEBUG net.serenitybdd.core.webdriver.driverproviders.ProvideNewDriver - Driver capabilities: Capabilities {acceptInsecureCerts: false, base.url: https://qa.alta.id, browserName: chrome, chrome.driver: src/test/resources/webdrive..., driver: chrome, goog:chromeOptions: {args: [], extensions: []}}
23:04:36.877 [AsyncHttpClient-1-6] DEBUG org.asynchttpclient.netty.channel.NettyConnectListener - Using new Channel '[id: 0xff279082, L:/127.0.0.1:64157 - R:localhost/127.0.0.1:65340]' for 'POST' to '/session'
23:04:39.097 [AsyncHttpClient-1-6] DEBUG org.asynchttpclient.netty.handler.HttpHandler - 

Request DefaultHttpRequest(decodeResult: success, version: HTTP/1.1)
POST /session HTTP/1.1
User-Agent: selenium/4.1.2 (java windows)
Content-Length: 595
Content-Type: application/json; charset=utf-8
host: localhost:65340
accept: */*

Response DefaultHttpResponse(decodeResult: success, version: HTTP/1.1)
HTTP/1.1 200 OK
Content-Type: application/json; charset=utf-8
cache-control: no-cache
content-length: 792

23:04:39.098 [AsyncHttpClient-1-6] DEBUG org.asynchttpclient.netty.channel.ChannelManager - Adding key: http://localhost:65340 for channel [id: 0xff279082, L:/127.0.0.1:64157 - R:localhost/127.0.0.1:65340]
23:04:39.118 [AsyncHttpClient-1-7] DEBUG org.asynchttpclient.netty.channel.NettyConnectListener - Using new Channel '[id: 0xad884908, L:/127.0.0.1:64166 - R:localhost/127.0.0.1:64159]' for 'GET' to '/json/version'
23:04:39.121 [AsyncHttpClient-1-7] DEBUG org.asynchttpclient.netty.handler.HttpHandler - 

Request DefaultFullHttpRequest(decodeResult: success, version: HTTP/1.1, content: EmptyByteBufBE)
GET /json/version HTTP/1.1
User-Agent: selenium/4.1.2 (java windows)
host: localhost:64159
accept: */*

Response DefaultHttpResponse(decodeResult: success, version: HTTP/1.1)
HTTP/1.1 200 OK
Content-Type: application/json; charset=UTF-8
content-length: 427

23:04:39.122 [AsyncHttpClient-1-7] DEBUG org.asynchttpclient.netty.channel.ChannelManager - Adding key: http://localhost:64159 for channel [id: 0xad884908, L:/127.0.0.1:64166 - R:localhost/127.0.0.1:64159]
23:04:39.130 [AsyncHttpClient-1-8] DEBUG org.asynchttpclient.netty.channel.NettyConnectListener - Using new Channel '[id: 0x474912e2, L:/127.0.0.1:64167 - R:localhost/127.0.0.1:64159]' for 'GET' to '/devtools/browser/d470c3cd-3e75-46ce-9f1d-c2159eaa2aa5'
23:04:39.132 [AsyncHttpClient-1-8] DEBUG org.asynchttpclient.netty.handler.WebSocketHandler - 

Request DefaultFullHttpRequest(decodeResult: success, version: HTTP/1.1, content: EmptyByteBufBE)
GET /devtools/browser/d470c3cd-3e75-46ce-9f1d-c2159eaa2aa5 HTTP/1.1
upgrade: websocket
connection: upgrade
sec-websocket-key: J9B0sC4YYyXl6gPzzOHHqw==
sec-websocket-version: 13
origin: http://localhost:64159
host: localhost:64159
accept: */*
user-agent: AHC/2.1

Response DefaultHttpResponse(decodeResult: success, version: HTTP/1.1)
HTTP/1.1 101 WebSocket Protocol Handshake
Upgrade: WebSocket
Connection: Upgrade
Sec-WebSocket-Accept: i0UaXpN+NHR9hoDweKr1j6kTNp8=

23:04:39.142 [Forwarding get on session ac3006fa926bab54a30cfedff9de4b00 to remote] DEBUG org.asynchttpclient.netty.request.NettyRequestSender - Using pooled Channel '[id: 0xff279082, L:/127.0.0.1:64157 - R:localhost/127.0.0.1:65340]' for 'POST' to 'http://localhost:65340/session/ac3006fa926bab54a30cfedff9de4b00/url'
23:04:39.142 [Forwarding get on session ac3006fa926bab54a30cfedff9de4b00 to remote] DEBUG org.asynchttpclient.netty.request.NettyRequestSender - Using open Channel [id: 0xff279082, L:/127.0.0.1:64157 - R:localhost/127.0.0.1:65340] for POST '/session/ac3006fa926bab54a30cfedff9de4b00/url'
23:04:39.557 [AsyncHttpClient-1-1] DEBUG org.asynchttpclient.netty.channel.DefaultChannelPool - Entry count for : http://localhost:64159 : 1
23:04:40.657 [AsyncHttpClient-1-1] DEBUG org.asynchttpclient.netty.channel.DefaultChannelPool - Entry count for : http://localhost:64159 : 1
23:04:41.757 [AsyncHttpClient-1-1] DEBUG org.asynchttpclient.netty.channel.DefaultChannelPool - Entry count for : http://localhost:64159 : 1
23:04:42.862 [AsyncHttpClient-1-1] DEBUG org.asynchttpclient.netty.channel.DefaultChannelPool - Entry count for : http://localhost:64159 : 1
23:04:43.965 [AsyncHttpClient-1-1] DEBUG org.asynchttpclient.netty.channel.DefaultChannelPool - Entry count for : http://localhost:64159 : 1
23:04:45.060 [AsyncHttpClient-1-1] DEBUG org.asynchttpclient.netty.channel.DefaultChannelPool - Entry count for : http://localhost:64159 : 1
23:04:46.159 [AsyncHttpClient-1-1] DEBUG org.asynchttpclient.netty.channel.DefaultChannelPool - Entry count for : http://localhost:64159 : 1
23:04:47.263 [AsyncHttpClient-1-1] DEBUG org.asynchttpclient.netty.channel.DefaultChannelPool - Entry count for : http://localhost:64159 : 1
23:04:48.357 [AsyncHttpClient-1-1] DEBUG org.asynchttpclient.netty.channel.DefaultChannelPool - Entry count for : http://localhost:64159 : 1
23:04:49.461 [AsyncHttpClient-1-1] DEBUG org.asynchttpclient.netty.channel.DefaultChannelPool - Entry count for : http://localhost:64159 : 1
23:04:50.562 [AsyncHttpClient-1-1] DEBUG org.asynchttpclient.netty.channel.DefaultChannelPool - Entry count for : http://localhost:64159 : 1
23:04:51.657 [AsyncHttpClient-1-1] DEBUG org.asynchttpclient.netty.channel.DefaultChannelPool - Entry count for : http://localhost:64159 : 1
23:04:52.763 [AsyncHttpClient-1-1] DEBUG org.asynchttpclient.netty.channel.DefaultChannelPool - Entry count for : http://localhost:64159 : 1
23:04:53.857 [AsyncHttpClient-1-1] DEBUG org.asynchttpclient.netty.channel.DefaultChannelPool - Entry count for : http://localhost:64159 : 1
23:04:54.959 [AsyncHttpClient-1-1] DEBUG org.asynchttpclient.netty.channel.DefaultChannelPool - Entry count for : http://localhost:64159 : 1
23:04:56.060 [AsyncHttpClient-1-1] DEBUG org.asynchttpclient.netty.channel.DefaultChannelPool - Entry count for : http://localhost:64159 : 1
23:04:57.157 [AsyncHttpClient-1-1] DEBUG org.asynchttpclient.netty.channel.DefaultChannelPool - Entry count for : http://localhost:64159 : 1
23:04:58.265 [AsyncHttpClient-1-1] DEBUG org.asynchttpclient.netty.channel.DefaultChannelPool - Entry count for : http://localhost:64159 : 1
23:04:59.358 [AsyncHttpClient-1-1] DEBUG org.asynchttpclient.netty.channel.DefaultChannelPool - Entry count for : http://localhost:64159 : 1
23:05:00.457 [AsyncHttpClient-1-1] DEBUG org.asynchttpclient.netty.channel.DefaultChannelPool - Entry count for : http://localhost:64159 : 1
23:05:01.556 [AsyncHttpClient-1-1] DEBUG org.asynchttpclient.netty.channel.DefaultChannelPool - Entry count for : http://localhost:64159 : 1
23:05:02.663 [AsyncHttpClient-1-1] DEBUG org.asynchttpclient.netty.channel.DefaultChannelPool - Entry count for : http://localhost:64159 : 1
23:05:03.857 [AsyncHttpClient-1-1] DEBUG org.asynchttpclient.netty.channel.DefaultChannelPool - Entry count for : http://localhost:64159 : 1
23:05:04.969 [AsyncHttpClient-1-1] DEBUG org.asynchttpclient.netty.channel.DefaultChannelPool - Entry count for : http://localhost:64159 : 1
23:05:06.072 [AsyncHttpClient-1-1] DEBUG org.asynchttpclient.netty.channel.DefaultChannelPool - Entry count for : http://localhost:64159 : 1
23:05:07.157 [AsyncHttpClient-1-1] DEBUG org.asynchttpclient.netty.channel.DefaultChannelPool - Entry count for : http://localhost:64159 : 1
23:05:08.263 [AsyncHttpClient-1-1] DEBUG org.asynchttpclient.netty.channel.DefaultChannelPool - Entry count for : http://localhost:64159 : 1
23:05:09.356 [AsyncHttpClient-1-1] DEBUG org.asynchttpclient.netty.channel.DefaultChannelPool - Entry count for : http://localhost:64159 : 1
23:05:10.457 [AsyncHttpClient-1-1] DEBUG org.asynchttpclient.netty.channel.DefaultChannelPool - Entry count for : http://localhost:64159 : 1
23:05:11.562 [AsyncHttpClient-1-1] DEBUG org.asynchttpclient.netty.channel.DefaultChannelPool - Entry count for : http://localhost:64159 : 1
23:05:12.656 [AsyncHttpClient-1-1] DEBUG org.asynchttpclient.netty.channel.DefaultChannelPool - Entry count for : http://localhost:64159 : 1
23:05:13.758 [AsyncHttpClient-1-1] DEBUG org.asynchttpclient.netty.channel.DefaultChannelPool - Entry count for : http://localhost:64159 : 1
23:05:14.861 [AsyncHttpClient-1-1] DEBUG org.asynchttpclient.netty.channel.DefaultChannelPool - Entry count for : http://localhost:64159 : 1
23:05:15.956 [AsyncHttpClient-1-1] DEBUG org.asynchttpclient.netty.channel.DefaultChannelPool - Entry count for : http://localhost:64159 : 1
23:05:17.057 [AsyncHttpClient-1-1] DEBUG org.asynchttpclient.netty.channel.DefaultChannelPool - Entry count for : http://localhost:64159 : 1
23:05:18.157 [AsyncHttpClient-1-1] DEBUG org.asynchttpclient.netty.channel.DefaultChannelPool - Entry count for : http://localhost:64159 : 1
23:05:19.259 [AsyncHttpClient-1-1] DEBUG org.asynchttpclient.netty.channel.DefaultChannelPool - Entry count for : http://localhost:64159 : 1
23:05:20.364 [AsyncHttpClient-1-1] DEBUG org.asynchttpclient.netty.channel.DefaultChannelPool - Entry count for : http://localhost:64159 : 1
23:05:21.458 [AsyncHttpClient-1-1] DEBUG org.asynchttpclient.netty.channel.DefaultChannelPool - Entry count for : http://localhost:64159 : 1
23:05:22.558 [AsyncHttpClient-1-1] DEBUG org.asynchttpclient.netty.channel.DefaultChannelPool - Entry count for : http://localhost:64159 : 1
23:05:23.657 [AsyncHttpClient-1-1] DEBUG org.asynchttpclient.netty.channel.DefaultChannelPool - Entry count for : http://localhost:64159 : 1
23:05:24.762 [AsyncHttpClient-1-1] DEBUG org.asynchttpclient.netty.channel.DefaultChannelPool - Entry count for : http://localhost:64159 : 1
23:05:25.857 [AsyncHttpClient-1-1] DEBUG org.asynchttpclient.netty.channel.DefaultChannelPool - Entry count for : http://localhost:64159 : 1
23:05:26.958 [AsyncHttpClient-1-1] DEBUG org.asynchttpclient.netty.channel.DefaultChannelPool - Entry count for : http://localhost:64159 : 1
23:05:27.141 [AsyncHttpClient-1-6] DEBUG org.asynchttpclient.netty.handler.HttpHandler - 

Request DefaultHttpRequest(decodeResult: success, version: HTTP/1.1)
POST /session/ac3006fa926bab54a30cfedff9de4b00/url HTTP/1.1
User-Agent: selenium/4.1.2 (java windows)
Content-Length: 64
Content-Type: application/json; charset=utf-8
host: localhost:65340
accept: */*

Response DefaultHttpResponse(decodeResult: success, version: HTTP/1.1)
HTTP/1.1 200 OK
Content-Type: application/json; charset=utf-8
cache-control: no-cache
content-length: 14

23:05:27.141 [AsyncHttpClient-1-6] DEBUG org.asynchttpclient.netty.channel.ChannelManager - Adding key: http://localhost:65340 for channel [id: 0xff279082, L:/127.0.0.1:64157 - R:localhost/127.0.0.1:65340]
23:05:27.148 [Forwarding setTimeout on session ac3006fa926bab54a30cfedff9de4b00 to remote] DEBUG org.asynchttpclient.netty.request.NettyRequestSender - Using pooled Channel '[id: 0xff279082, L:/127.0.0.1:64157 - R:localhost/127.0.0.1:65340]' for 'POST' to 'http://localhost:65340/session/ac3006fa926bab54a30cfedff9de4b00/timeouts'
23:05:27.148 [Forwarding setTimeout on session ac3006fa926bab54a30cfedff9de4b00 to remote] DEBUG org.asynchttpclient.netty.request.NettyRequestSender - Using open Channel [id: 0xff279082, L:/127.0.0.1:64157 - R:localhost/127.0.0.1:65340] for POST '/session/ac3006fa926bab54a30cfedff9de4b00/timeouts'
23:05:27.151 [AsyncHttpClient-1-6] DEBUG org.asynchttpclient.netty.handler.HttpHandler - 

Request DefaultHttpRequest(decodeResult: success, version: HTTP/1.1)
POST /session/ac3006fa926bab54a30cfedff9de4b00/timeouts HTTP/1.1
User-Agent: selenium/4.1.2 (java windows)
Content-Length: 22
Content-Type: application/json; charset=utf-8
host: localhost:65340
accept: */*

Response DefaultHttpResponse(decodeResult: success, version: HTTP/1.1)
HTTP/1.1 200 OK
Content-Type: application/json; charset=utf-8
cache-control: no-cache
content-length: 14

23:05:27.152 [AsyncHttpClient-1-6] DEBUG org.asynchttpclient.netty.channel.ChannelManager - Adding key: http://localhost:65340 for channel [id: 0xff279082, L:/127.0.0.1:64157 - R:localhost/127.0.0.1:65340]
23:05:27.158 [Forwarding getCurrentUrl on session ac3006fa926bab54a30cfedff9de4b00 to remote] DEBUG org.asynchttpclient.netty.request.NettyRequestSender - Using pooled Channel '[id: 0xff279082, L:/127.0.0.1:64157 - R:localhost/127.0.0.1:65340]' for 'GET' to 'http://localhost:65340/session/ac3006fa926bab54a30cfedff9de4b00/url'
23:05:27.158 [Forwarding getCurrentUrl on session ac3006fa926bab54a30cfedff9de4b00 to remote] DEBUG org.asynchttpclient.netty.request.NettyRequestSender - Using open Channel [id: 0xff279082, L:/127.0.0.1:64157 - R:localhost/127.0.0.1:65340] for GET '/session/ac3006fa926bab54a30cfedff9de4b00/url'
23:05:27.201 [AsyncHttpClient-1-6] DEBUG org.asynchttpclient.netty.handler.HttpHandler - 

Request DefaultFullHttpRequest(decodeResult: success, version: HTTP/1.1, content: EmptyByteBufBE)
GET /session/ac3006fa926bab54a30cfedff9de4b00/url HTTP/1.1
User-Agent: selenium/4.1.2 (java windows)
Cache-Control: no-cache
Content-Type: application/json; charset=utf-8
host: localhost:65340
accept: */*

Response DefaultHttpResponse(decodeResult: success, version: HTTP/1.1)
HTTP/1.1 200 OK
Content-Type: application/json; charset=utf-8
cache-control: no-cache
content-length: 41

23:05:27.201 [AsyncHttpClient-1-6] DEBUG org.asynchttpclient.netty.channel.ChannelManager - Adding key: http://localhost:65340 for channel [id: 0xff279082, L:/127.0.0.1:64157 - R:localhost/127.0.0.1:65340]
23:05:27.218 [Forwarding screenshot on session ac3006fa926bab54a30cfedff9de4b00 to remote] DEBUG org.asynchttpclient.netty.request.NettyRequestSender - Using pooled Channel '[id: 0xff279082, L:/127.0.0.1:64157 - R:localhost/127.0.0.1:65340]' for 'GET' to 'http://localhost:65340/session/ac3006fa926bab54a30cfedff9de4b00/screenshot'
23:05:27.218 [Forwarding screenshot on session ac3006fa926bab54a30cfedff9de4b00 to remote] DEBUG org.asynchttpclient.netty.request.NettyRequestSender - Using open Channel [id: 0xff279082, L:/127.0.0.1:64157 - R:localhost/127.0.0.1:65340] for GET '/session/ac3006fa926bab54a30cfedff9de4b00/screenshot'
23:05:27.516 [AsyncHttpClient-1-6] DEBUG org.asynchttpclient.netty.handler.HttpHandler - 

Request DefaultFullHttpRequest(decodeResult: success, version: HTTP/1.1, content: EmptyByteBufBE)
GET /session/ac3006fa926bab54a30cfedff9de4b00/screenshot HTTP/1.1
User-Agent: selenium/4.1.2 (java windows)
Cache-Control: no-cache
Content-Type: application/json; charset=utf-8
host: localhost:65340
accept: */*

Response DefaultHttpResponse(decodeResult: success, version: HTTP/1.1)
HTTP/1.1 200 OK
Content-Type: application/json; charset=utf-8
cache-control: no-cache
content-length: 37840

23:05:27.518 [AsyncHttpClient-1-6] DEBUG org.asynchttpclient.netty.channel.ChannelManager - Adding key: http://localhost:65340 for channel [id: 0xff279082, L:/127.0.0.1:64157 - R:localhost/127.0.0.1:65340]
23:05:27.524 [main] DEBUG net.serenitybdd.core.photography.Darkroom - Send negative for processing for target\site\serenity\6f2f89e8c5a543dd0a10df9cc2fb4dfa2a13d528c2d3ad44cda943733ef50e85.png
23:05:27.524 [main] DEBUG net.thucydides.core.steps.StepInterceptor - STEP DONE: onLoginPage
  &amp#27;[32mGiven &amp#27;[0m&amp#27;[32m&amp#27;[0m&amp#27;[32m&amp#27;[1mI&amp#27;[0m&amp#27;[32m on login page&amp#27;[0m                                              &amp#27;[90m# stepdefinitions.LoginStep.iOnLoginPage(java.lang.String)&amp#27;[0m
23:05:27.603 [Forwarding screenshot on session ac3006fa926bab54a30cfedff9de4b00 to remote] DEBUG org.asynchttpclient.netty.request.NettyRequestSender - Using pooled Channel '[id: 0xff279082, L:/127.0.0.1:64157 - R:localhost/127.0.0.1:65340]' for 'GET' to 'http://localhost:65340/session/ac3006fa926bab54a30cfedff9de4b00/screenshot'
23:05:27.604 [Forwarding screenshot on session ac3006fa926bab54a30cfedff9de4b00 to remote] DEBUG org.asynchttpclient.netty.request.NettyRequestSender - Using open Channel [id: 0xff279082, L:/127.0.0.1:64157 - R:localhost/127.0.0.1:65340] for GET '/session/ac3006fa926bab54a30cfedff9de4b00/screenshot'
23:05:27.928 [AsyncHttpClient-1-6] DEBUG org.asynchttpclient.netty.handler.HttpHandler - 

Request DefaultFullHttpRequest(decodeResult: success, version: HTTP/1.1, content: EmptyByteBufBE)
GET /session/ac3006fa926bab54a30cfedff9de4b00/screenshot HTTP/1.1
User-Agent: selenium/4.1.2 (java windows)
Cache-Control: no-cache
Content-Type: application/json; charset=utf-8
host: localhost:65340
accept: */*

Response DefaultHttpResponse(decodeResult: success, version: HTTP/1.1)
HTTP/1.1 200 OK
Content-Type: application/json; charset=utf-8
cache-control: no-cache
content-length: 37840

23:05:27.930 [AsyncHttpClient-1-6] DEBUG org.asynchttpclient.netty.channel.ChannelManager - Adding key: http://localhost:65340 for channel [id: 0xff279082, L:/127.0.0.1:64157 - R:localhost/127.0.0.1:65340]
23:05:27.933 [main] DEBUG net.serenitybdd.core.photography.Darkroom - Send negative for processing for target\site\serenity\6f2f89e8c5a543dd0a10df9cc2fb4dfa2a13d528c2d3ad44cda943733ef50e85.png
23:05:27.963 [main] DEBUG net.thucydides.core.steps.StepInterceptor - STARTING STEP: LoginStep.iTypeUnvalidEmail - typeMyEmail
23:05:27.969 [Forwarding findElement on session ac3006fa926bab54a30cfedff9de4b00 to remote] DEBUG org.asynchttpclient.netty.request.NettyRequestSender - Using pooled Channel '[id: 0xff279082, L:/127.0.0.1:64157 - R:localhost/127.0.0.1:65340]' for 'POST' to 'http://localhost:65340/session/ac3006fa926bab54a30cfedff9de4b00/element'
23:05:27.969 [Forwarding findElement on session ac3006fa926bab54a30cfedff9de4b00 to remote] DEBUG org.asynchttpclient.netty.request.NettyRequestSender - Using open Channel [id: 0xff279082, L:/127.0.0.1:64157 - R:localhost/127.0.0.1:65340] for POST '/session/ac3006fa926bab54a30cfedff9de4b00/element'
23:05:28.020 [AsyncHttpClient-1-6] DEBUG org.asynchttpclient.netty.handler.HttpHandler - 

Request DefaultHttpRequest(decodeResult: success, version: HTTP/1.1)
POST /session/ac3006fa926bab54a30cfedff9de4b00/element HTTP/1.1
User-Agent: selenium/4.1.2 (java windows)
Content-Length: 84
Content-Type: application/json; charset=utf-8
host: localhost:65340
accept: */*

Response DefaultHttpResponse(decodeResult: success, version: HTTP/1.1)
HTTP/1.1 200 OK
Content-Type: application/json; charset=utf-8
cache-control: no-cache
content-length: 88

23:05:28.020 [AsyncHttpClient-1-6] DEBUG org.asynchttpclient.netty.channel.ChannelManager - Adding key: http://localhost:65340 for channel [id: 0xff279082, L:/127.0.0.1:64157 - R:localhost/127.0.0.1:65340]
23:05:28.023 [Forwarding sendKeysToElement on session ac3006fa926bab54a30cfedff9de4b00 to remote] DEBUG org.asynchttpclient.netty.request.NettyRequestSender - Using pooled Channel '[id: 0xff279082, L:/127.0.0.1:64157 - R:localhost/127.0.0.1:65340]' for 'POST' to 'http://localhost:65340/session/ac3006fa926bab54a30cfedff9de4b00/element/3b35c47b-78e8-404e-ab42-0aeb59a64eff/value'
23:05:28.023 [Forwarding sendKeysToElement on session ac3006fa926bab54a30cfedff9de4b00 to remote] DEBUG org.asynchttpclient.netty.request.NettyRequestSender - Using open Channel [id: 0xff279082, L:/127.0.0.1:64157 - R:localhost/127.0.0.1:65340] for POST '/session/ac3006fa926bab54a30cfedff9de4b00/element/3b35c47b-78e8-404e-ab42-0aeb59a64eff/value'
23:05:28.063 [AsyncHttpClient-1-1] DEBUG org.asynchttpclient.netty.channel.DefaultChannelPool - Entry count for : http://localhost:64159 : 1
23:05:28.742 [AsyncHttpClient-1-6] DEBUG org.asynchttpclient.netty.handler.HttpHandler - 

Request DefaultHttpRequest(decodeResult: success, version: HTTP/1.1)
POST /session/ac3006fa926bab54a30cfedff9de4b00/element/3b35c47b-78e8-404e-ab42-0aeb59a64eff/value HTTP/1.1
User-Agent: selenium/4.1.2 (java windows)
Content-Length: 241
Content-Type: application/json; charset=utf-8
host: localhost:65340
accept: */*

Response DefaultHttpResponse(decodeResult: success, version: HTTP/1.1)
HTTP/1.1 200 OK
Content-Type: application/json; charset=utf-8
cache-control: no-cache
content-length: 14

23:05:28.742 [AsyncHttpClient-1-6] DEBUG org.asynchttpclient.netty.channel.ChannelManager - Adding key: http://localhost:65340 for channel [id: 0xff279082, L:/127.0.0.1:64157 - R:localhost/127.0.0.1:65340]
23:05:28.770 [Forwarding screenshot on session ac3006fa926bab54a30cfedff9de4b00 to remote] DEBUG org.asynchttpclient.netty.request.NettyRequestSender - Using pooled Channel '[id: 0xff279082, L:/127.0.0.1:64157 - R:localhost/127.0.0.1:65340]' for 'GET' to 'http://localhost:65340/session/ac3006fa926bab54a30cfedff9de4b00/screenshot'
23:05:28.771 [Forwarding screenshot on session ac3006fa926bab54a30cfedff9de4b00 to remote] DEBUG org.asynchttpclient.netty.request.NettyRequestSender - Using open Channel [id: 0xff279082, L:/127.0.0.1:64157 - R:localhost/127.0.0.1:65340] for GET '/session/ac3006fa926bab54a30cfedff9de4b00/screenshot'
23:05:29.141 [AsyncHttpClient-1-6] DEBUG org.asynchttpclient.netty.handler.HttpHandler - 

Request DefaultFullHttpRequest(decodeResult: success, version: HTTP/1.1, content: EmptyByteBufBE)
GET /session/ac3006fa926bab54a30cfedff9de4b00/screenshot HTTP/1.1
User-Agent: selenium/4.1.2 (java windows)
Cache-Control: no-cache
Content-Type: application/json; charset=utf-8
host: localhost:65340
accept: */*

Response DefaultHttpResponse(decodeResult: success, version: HTTP/1.1)
HTTP/1.1 200 OK
Content-Type: application/json; charset=utf-8
cache-control: no-cache
content-length: 45364

23:05:29.142 [AsyncHttpClient-1-6] DEBUG org.asynchttpclient.netty.channel.ChannelManager - Adding key: http://localhost:65340 for channel [id: 0xff279082, L:/127.0.0.1:64157 - R:localhost/127.0.0.1:65340]
23:05:29.145 [main] DEBUG net.serenitybdd.core.photography.Darkroom - Send negative for processing for target\site\serenity\a8894fa82008eacd406a997d7da1fe2aeecf0fee47b0f4cf97fb780f6bf87414.png
23:05:29.146 [main] DEBUG net.thucydides.core.steps.StepInterceptor - STEP DONE: typeMyEmail
  &amp#27;[32mWhen &amp#27;[0m&amp#27;[32mI type unvalid email &amp#27;[0m&amp#27;[32m&amp#27;[1maisyah@gmail.com&amp#27;[0m                         &amp#27;[90m# stepdefinitions.LoginStep.iTypeUnvalidEmail(java.lang.String)&amp#27;[0m
23:05:29.147 [Darkroom Processing Line] DEBUG net.serenitybdd.core.photography.DarkroomProcessingLine - Processing screenshot image in /var/screenshots/screenshot-12806638361149711012
23:05:29.147 [Darkroom Processing Line] DEBUG net.serenitybdd.core.photography.DarkroomProcessingLine - Saving screenshot to target\site\serenity\a8894fa82008eacd406a997d7da1fe2aeecf0fee47b0f4cf97fb780f6bf87414.png
23:05:29.157 [AsyncHttpClient-1-1] DEBUG org.asynchttpclient.netty.channel.DefaultChannelPool - Entry count for : http://localhost:65340 : 1
23:05:29.157 [AsyncHttpClient-1-1] DEBUG org.asynchttpclient.netty.channel.DefaultChannelPool - Entry count for : http://localhost:64159 : 1
23:05:29.188 [main] DEBUG net.thucydides.core.steps.StepInterceptor - STARTING STEP: LoginStep.iTypeValidPassword - typeMyPassword
23:05:29.196 [Forwarding findElement on session ac3006fa926bab54a30cfedff9de4b00 to remote] DEBUG org.asynchttpclient.netty.request.NettyRequestSender - Using pooled Channel '[id: 0xff279082, L:/127.0.0.1:64157 - R:localhost/127.0.0.1:65340]' for 'POST' to 'http://localhost:65340/session/ac3006fa926bab54a30cfedff9de4b00/element'
23:05:29.197 [Forwarding findElement on session ac3006fa926bab54a30cfedff9de4b00 to remote] DEBUG org.asynchttpclient.netty.request.NettyRequestSender - Using open Channel [id: 0xff279082, L:/127.0.0.1:64157 - R:localhost/127.0.0.1:65340] for POST '/session/ac3006fa926bab54a30cfedff9de4b00/element'
23:05:29.233 [AsyncHttpClient-1-6] DEBUG org.asynchttpclient.netty.handler.HttpHandler - 

Request DefaultHttpRequest(decodeResult: success, version: HTTP/1.1)
POST /session/ac3006fa926bab54a30cfedff9de4b00/element HTTP/1.1
User-Agent: selenium/4.1.2 (java windows)
Content-Length: 87
Content-Type: application/json; charset=utf-8
host: localhost:65340
accept: */*

Response DefaultHttpResponse(decodeResult: success, version: HTTP/1.1)
HTTP/1.1 200 OK
Content-Type: application/json; charset=utf-8
cache-control: no-cache
content-length: 88

23:05:29.234 [AsyncHttpClient-1-6] DEBUG org.asynchttpclient.netty.channel.ChannelManager - Adding key: http://localhost:65340 for channel [id: 0xff279082, L:/127.0.0.1:64157 - R:localhost/127.0.0.1:65340]
23:05:29.239 [Forwarding sendKeysToElement on session ac3006fa926bab54a30cfedff9de4b00 to remote] DEBUG org.asynchttpclient.netty.request.NettyRequestSender - Using pooled Channel '[id: 0xff279082, L:/127.0.0.1:64157 - R:localhost/127.0.0.1:65340]' for 'POST' to 'http://localhost:65340/session/ac3006fa926bab54a30cfedff9de4b00/element/8b655762-437f-49c4-976b-30aade2dc495/value'
23:05:29.239 [Forwarding sendKeysToElement on session ac3006fa926bab54a30cfedff9de4b00 to remote] DEBUG org.asynchttpclient.netty.request.NettyRequestSender - Using open Channel [id: 0xff279082, L:/127.0.0.1:64157 - R:localhost/127.0.0.1:65340] for POST '/session/ac3006fa926bab54a30cfedff9de4b00/element/8b655762-437f-49c4-976b-30aade2dc495/value'
23:05:29.973 [AsyncHttpClient-1-6] DEBUG org.asynchttpclient.netty.handler.HttpHandler - 

Request DefaultHttpRequest(decodeResult: success, version: HTTP/1.1)
POST /session/ac3006fa926bab54a30cfedff9de4b00/element/8b655762-437f-49c4-976b-30aade2dc495/value HTTP/1.1
User-Agent: selenium/4.1.2 (java windows)
Content-Length: 131
Content-Type: application/json; charset=utf-8
host: localhost:65340
accept: */*

Response DefaultHttpResponse(decodeResult: success, version: HTTP/1.1)
HTTP/1.1 200 OK
Content-Type: application/json; charset=utf-8
cache-control: no-cache
content-length: 14

23:05:29.973 [AsyncHttpClient-1-6] DEBUG org.asynchttpclient.netty.channel.ChannelManager - Adding key: http://localhost:65340 for channel [id: 0xff279082, L:/127.0.0.1:64157 - R:localhost/127.0.0.1:65340]
23:05:29.986 [Forwarding screenshot on session ac3006fa926bab54a30cfedff9de4b00 to remote] DEBUG org.asynchttpclient.netty.request.NettyRequestSender - Using pooled Channel '[id: 0xff279082, L:/127.0.0.1:64157 - R:localhost/127.0.0.1:65340]' for 'GET' to 'http://localhost:65340/session/ac3006fa926bab54a30cfedff9de4b00/screenshot'
23:05:29.986 [Forwarding screenshot on session ac3006fa926bab54a30cfedff9de4b00 to remote] DEBUG org.asynchttpclient.netty.request.NettyRequestSender - Using open Channel [id: 0xff279082, L:/127.0.0.1:64157 - R:localhost/127.0.0.1:65340] for GET '/session/ac3006fa926bab54a30cfedff9de4b00/screenshot'
23:05:30.213 [AsyncHttpClient-1-6] DEBUG org.asynchttpclient.netty.handler.HttpHandler - 

Request DefaultFullHttpRequest(decodeResult: success, version: HTTP/1.1, content: EmptyByteBufBE)
GET /session/ac3006fa926bab54a30cfedff9de4b00/screenshot HTTP/1.1
User-Agent: selenium/4.1.2 (java windows)
Cache-Control: no-cache
Content-Type: application/json; charset=utf-8
host: localhost:65340
accept: */*

Response DefaultHttpResponse(decodeResult: success, version: HTTP/1.1)
HTTP/1.1 200 OK
Content-Type: application/json; charset=utf-8
cache-control: no-cache
content-length: 46316

23:05:30.216 [AsyncHttpClient-1-6] DEBUG org.asynchttpclient.netty.channel.ChannelManager - Adding key: http://localhost:65340 for channel [id: 0xff279082, L:/127.0.0.1:64157 - R:localhost/127.0.0.1:65340]
23:05:30.235 [main] DEBUG net.serenitybdd.core.photography.Darkroom - Send negative for processing for target\site\serenity\62220430511269b1db9b7f288b54680b0e49f90e5ff134f994c05b753cf2c78b.png
23:05:30.236 [main] DEBUG net.thucydides.core.steps.StepInterceptor - STEP DONE: typeMyPassword
  &amp#27;[32mAnd &amp#27;[0m&amp#27;[32mI type valid password &amp#27;[0m&amp#27;[32m&amp#27;[1maiueo&amp#27;[0m                                    &amp#27;[90m# stepdefinitions.LoginStep.iTypeValidPassword(java.lang.String)&amp#27;[0m
23:05:30.236 [Darkroom Processing Line] DEBUG net.serenitybdd.core.photography.DarkroomProcessingLine - Processing screenshot image in /var/screenshots/screenshot-14770472896016563818
23:05:30.237 [Darkroom Processing Line] DEBUG net.serenitybdd.core.photography.DarkroomProcessingLine - Saving screenshot to target\site\serenity\62220430511269b1db9b7f288b54680b0e49f90e5ff134f994c05b753cf2c78b.png
23:05:30.292 [Forwarding screenshot on session ac3006fa926bab54a30cfedff9de4b00 to remote] DEBUG org.asynchttpclient.netty.request.NettyRequestSender - Using pooled Channel '[id: 0xff279082, L:/127.0.0.1:64157 - R:localhost/127.0.0.1:65340]' for 'GET' to 'http://localhost:65340/session/ac3006fa926bab54a30cfedff9de4b00/screenshot'
23:05:30.292 [Forwarding screenshot on session ac3006fa926bab54a30cfedff9de4b00 to remote] DEBUG org.asynchttpclient.netty.request.NettyRequestSender - Using open Channel [id: 0xff279082, L:/127.0.0.1:64157 - R:localhost/127.0.0.1:65340] for GET '/session/ac3006fa926bab54a30cfedff9de4b00/screenshot'
23:05:30.315 [AsyncHttpClient-1-1] DEBUG org.asynchttpclient.netty.channel.DefaultChannelPool - Entry count for : http://localhost:64159 : 1
23:05:30.752 [AsyncHttpClient-1-6] DEBUG org.asynchttpclient.netty.handler.HttpHandler - 

Request DefaultFullHttpRequest(decodeResult: success, version: HTTP/1.1, content: EmptyByteBufBE)
GET /session/ac3006fa926bab54a30cfedff9de4b00/screenshot HTTP/1.1
User-Agent: selenium/4.1.2 (java windows)
Cache-Control: no-cache
Content-Type: application/json; charset=utf-8
host: localhost:65340
accept: */*

Response DefaultHttpResponse(decodeResult: success, version: HTTP/1.1)
HTTP/1.1 200 OK
Content-Type: application/json; charset=utf-8
cache-control: no-cache
content-length: 46452

23:05:30.753 [AsyncHttpClient-1-6] DEBUG org.asynchttpclient.netty.channel.ChannelManager - Adding key: http://localhost:65340 for channel [id: 0xff279082, L:/127.0.0.1:64157 - R:localhost/127.0.0.1:65340]
23:05:30.775 [main] DEBUG net.serenitybdd.core.photography.Darkroom - Send negative for processing for target\site\serenity\86fe9745be935ab48b0e770575c338c586b070189fadcb6839c1f814030f3fd7.png
23:05:30.775 [Darkroom Processing Line] DEBUG net.serenitybdd.core.photography.DarkroomProcessingLine - Processing screenshot image in /var/screenshots/screenshot-7240785815828189818
23:05:30.775 [Darkroom Processing Line] DEBUG net.serenitybdd.core.photography.DarkroomProcessingLine - Saving screenshot to target\site\serenity\86fe9745be935ab48b0e770575c338c586b070189fadcb6839c1f814030f3fd7.png
23:05:30.791 [main] DEBUG net.thucydides.core.steps.StepInterceptor - STARTING STEP: LoginStep.iClickLoginBttn - clickLoginButton
23:05:30.802 [Forwarding findElement on session ac3006fa926bab54a30cfedff9de4b00 to remote] DEBUG org.asynchttpclient.netty.request.NettyRequestSender - Using pooled Channel '[id: 0xff279082, L:/127.0.0.1:64157 - R:localhost/127.0.0.1:65340]' for 'POST' to 'http://localhost:65340/session/ac3006fa926bab54a30cfedff9de4b00/element'
23:05:30.802 [Forwarding findElement on session ac3006fa926bab54a30cfedff9de4b00 to remote] DEBUG org.asynchttpclient.netty.request.NettyRequestSender - Using open Channel [id: 0xff279082, L:/127.0.0.1:64157 - R:localhost/127.0.0.1:65340] for POST '/session/ac3006fa926bab54a30cfedff9de4b00/element'
23:05:30.833 [AsyncHttpClient-1-6] DEBUG org.asynchttpclient.netty.handler.HttpHandler - 

Request DefaultHttpRequest(decodeResult: success, version: HTTP/1.1)
POST /session/ac3006fa926bab54a30cfedff9de4b00/element HTTP/1.1
User-Agent: selenium/4.1.2 (java windows)
Content-Length: 155
Content-Type: application/json; charset=utf-8
host: localhost:65340
accept: */*

Response DefaultHttpResponse(decodeResult: success, version: HTTP/1.1)
HTTP/1.1 200 OK
Content-Type: application/json; charset=utf-8
cache-control: no-cache
content-length: 88

23:05:30.834 [AsyncHttpClient-1-6] DEBUG org.asynchttpclient.netty.channel.ChannelManager - Adding key: http://localhost:65340 for channel [id: 0xff279082, L:/127.0.0.1:64157 - R:localhost/127.0.0.1:65340]
23:05:30.840 [Forwarding getElementTagName on session ac3006fa926bab54a30cfedff9de4b00 to remote] DEBUG org.asynchttpclient.netty.request.NettyRequestSender - Using pooled Channel '[id: 0xff279082, L:/127.0.0.1:64157 - R:localhost/127.0.0.1:65340]' for 'GET' to 'http://localhost:65340/session/ac3006fa926bab54a30cfedff9de4b00/element/02509866-75d6-4f24-b914-dff3093c10b9/name'
23:05:30.841 [Forwarding getElementTagName on session ac3006fa926bab54a30cfedff9de4b00 to remote] DEBUG org.asynchttpclient.netty.request.NettyRequestSender - Using open Channel [id: 0xff279082, L:/127.0.0.1:64157 - R:localhost/127.0.0.1:65340] for GET '/session/ac3006fa926bab54a30cfedff9de4b00/element/02509866-75d6-4f24-b914-dff3093c10b9/name'
23:05:30.860 [AsyncHttpClient-1-6] DEBUG org.asynchttpclient.netty.handler.HttpHandler - 

Request DefaultFullHttpRequest(decodeResult: success, version: HTTP/1.1, content: EmptyByteBufBE)
GET /session/ac3006fa926bab54a30cfedff9de4b00/element/02509866-75d6-4f24-b914-dff3093c10b9/name HTTP/1.1
User-Agent: selenium/4.1.2 (java windows)
Cache-Control: no-cache
Content-Type: application/json; charset=utf-8
host: localhost:65340
accept: */*

Response DefaultHttpResponse(decodeResult: success, version: HTTP/1.1)
HTTP/1.1 200 OK
Content-Type: application/json; charset=utf-8
cache-control: no-cache
content-length: 18

23:05:30.861 [AsyncHttpClient-1-6] DEBUG org.asynchttpclient.netty.channel.ChannelManager - Adding key: http://localhost:65340 for channel [id: 0xff279082, L:/127.0.0.1:64157 - R:localhost/127.0.0.1:65340]
23:05:30.867 [Forwarding getElementTagName on session ac3006fa926bab54a30cfedff9de4b00 to remote] DEBUG org.asynchttpclient.netty.request.NettyRequestSender - Using pooled Channel '[id: 0xff279082, L:/127.0.0.1:64157 - R:localhost/127.0.0.1:65340]' for 'GET' to 'http://localhost:65340/session/ac3006fa926bab54a30cfedff9de4b00/element/02509866-75d6-4f24-b914-dff3093c10b9/name'
23:05:30.867 [Forwarding getElementTagName on session ac3006fa926bab54a30cfedff9de4b00 to remote] DEBUG org.asynchttpclient.netty.request.NettyRequestSender - Using open Channel [id: 0xff279082, L:/127.0.0.1:64157 - R:localhost/127.0.0.1:65340] for GET '/session/ac3006fa926bab54a30cfedff9de4b00/element/02509866-75d6-4f24-b914-dff3093c10b9/name'
23:05:30.877 [AsyncHttpClient-1-6] DEBUG org.asynchttpclient.netty.handler.HttpHandler - 

Request DefaultFullHttpRequest(decodeResult: success, version: HTTP/1.1, content: EmptyByteBufBE)
GET /session/ac3006fa926bab54a30cfedff9de4b00/element/02509866-75d6-4f24-b914-dff3093c10b9/name HTTP/1.1
User-Agent: selenium/4.1.2 (java windows)
Cache-Control: no-cache
Content-Type: application/json; charset=utf-8
host: localhost:65340
accept: */*

Response DefaultHttpResponse(decodeResult: success, version: HTTP/1.1)
HTTP/1.1 200 OK
Content-Type: application/json; charset=utf-8
cache-control: no-cache
content-length: 18

23:05:30.879 [AsyncHttpClient-1-6] DEBUG org.asynchttpclient.netty.channel.ChannelManager - Adding key: http://localhost:65340 for channel [id: 0xff279082, L:/127.0.0.1:64157 - R:localhost/127.0.0.1:65340]
23:05:30.886 [Forwarding isElementEnabled on session ac3006fa926bab54a30cfedff9de4b00 to remote] DEBUG org.asynchttpclient.netty.request.NettyRequestSender - Using pooled Channel '[id: 0xff279082, L:/127.0.0.1:64157 - R:localhost/127.0.0.1:65340]' for 'GET' to 'http://localhost:65340/session/ac3006fa926bab54a30cfedff9de4b00/element/02509866-75d6-4f24-b914-dff3093c10b9/enabled'
23:05:30.887 [Forwarding isElementEnabled on session ac3006fa926bab54a30cfedff9de4b00 to remote] DEBUG org.asynchttpclient.netty.request.NettyRequestSender - Using open Channel [id: 0xff279082, L:/127.0.0.1:64157 - R:localhost/127.0.0.1:65340] for GET '/session/ac3006fa926bab54a30cfedff9de4b00/element/02509866-75d6-4f24-b914-dff3093c10b9/enabled'
23:05:30.922 [AsyncHttpClient-1-6] DEBUG org.asynchttpclient.netty.handler.HttpHandler - 

Request DefaultFullHttpRequest(decodeResult: success, version: HTTP/1.1, content: EmptyByteBufBE)
GET /session/ac3006fa926bab54a30cfedff9de4b00/element/02509866-75d6-4f24-b914-dff3093c10b9/enabled HTTP/1.1
User-Agent: selenium/4.1.2 (java windows)
Cache-Control: no-cache
Content-Type: application/json; charset=utf-8
host: localhost:65340
accept: */*

Response DefaultHttpResponse(decodeResult: success, version: HTTP/1.1)
HTTP/1.1 200 OK
Content-Type: application/json; charset=utf-8
cache-control: no-cache
content-length: 14

23:05:30.923 [AsyncHttpClient-1-6] DEBUG org.asynchttpclient.netty.channel.ChannelManager - Adding key: http://localhost:65340 for channel [id: 0xff279082, L:/127.0.0.1:64157 - R:localhost/127.0.0.1:65340]
23:05:30.935 [Forwarding isElementEnabled on session ac3006fa926bab54a30cfedff9de4b00 to remote] DEBUG org.asynchttpclient.netty.request.NettyRequestSender - Using pooled Channel '[id: 0xff279082, L:/127.0.0.1:64157 - R:localhost/127.0.0.1:65340]' for 'GET' to 'http://localhost:65340/session/ac3006fa926bab54a30cfedff9de4b00/element/02509866-75d6-4f24-b914-dff3093c10b9/enabled'
23:05:30.935 [Forwarding isElementEnabled on session ac3006fa926bab54a30cfedff9de4b00 to remote] DEBUG org.asynchttpclient.netty.request.NettyRequestSender - Using open Channel [id: 0xff279082, L:/127.0.0.1:64157 - R:localhost/127.0.0.1:65340] for GET '/session/ac3006fa926bab54a30cfedff9de4b00/element/02509866-75d6-4f24-b914-dff3093c10b9/enabled'
23:05:30.978 [AsyncHttpClient-1-6] DEBUG org.asynchttpclient.netty.handler.HttpHandler - 

Request DefaultFullHttpRequest(decodeResult: success, version: HTTP/1.1, content: EmptyByteBufBE)
GET /session/ac3006fa926bab54a30cfedff9de4b00/element/02509866-75d6-4f24-b914-dff3093c10b9/enabled HTTP/1.1
User-Agent: selenium/4.1.2 (java windows)
Cache-Control: no-cache
Content-Type: application/json; charset=utf-8
host: localhost:65340
accept: */*

Response DefaultHttpResponse(decodeResult: success, version: HTTP/1.1)
HTTP/1.1 200 OK
Content-Type: application/json; charset=utf-8
cache-control: no-cache
content-length: 14

23:05:30.979 [AsyncHttpClient-1-6] DEBUG org.asynchttpclient.netty.channel.ChannelManager - Adding key: http://localhost:65340 for channel [id: 0xff279082, L:/127.0.0.1:64157 - R:localhost/127.0.0.1:65340]
23:05:30.985 [Forwarding findElement on session ac3006fa926bab54a30cfedff9de4b00 to remote] DEBUG org.asynchttpclient.netty.request.NettyRequestSender - Using pooled Channel '[id: 0xff279082, L:/127.0.0.1:64157 - R:localhost/127.0.0.1:65340]' for 'POST' to 'http://localhost:65340/session/ac3006fa926bab54a30cfedff9de4b00/element'
23:05:30.985 [Forwarding findElement on session ac3006fa926bab54a30cfedff9de4b00 to remote] DEBUG org.asynchttpclient.netty.request.NettyRequestSender - Using open Channel [id: 0xff279082, L:/127.0.0.1:64157 - R:localhost/127.0.0.1:65340] for POST '/session/ac3006fa926bab54a30cfedff9de4b00/element'
23:05:31.005 [AsyncHttpClient-1-6] DEBUG org.asynchttpclient.netty.handler.HttpHandler - 

Request DefaultHttpRequest(decodeResult: success, version: HTTP/1.1)
POST /session/ac3006fa926bab54a30cfedff9de4b00/element HTTP/1.1
User-Agent: selenium/4.1.2 (java windows)
Content-Length: 155
Content-Type: application/json; charset=utf-8
host: localhost:65340
accept: */*

Response DefaultHttpResponse(decodeResult: success, version: HTTP/1.1)
HTTP/1.1 200 OK
Content-Type: application/json; charset=utf-8
cache-control: no-cache
content-length: 88

23:05:31.005 [AsyncHttpClient-1-6] DEBUG org.asynchttpclient.netty.channel.ChannelManager - Adding key: http://localhost:65340 for channel [id: 0xff279082, L:/127.0.0.1:64157 - R:localhost/127.0.0.1:65340]
23:05:31.012 [Forwarding clickElement on session ac3006fa926bab54a30cfedff9de4b00 to remote] DEBUG org.asynchttpclient.netty.request.NettyRequestSender - Using pooled Channel '[id: 0xff279082, L:/127.0.0.1:64157 - R:localhost/127.0.0.1:65340]' for 'POST' to 'http://localhost:65340/session/ac3006fa926bab54a30cfedff9de4b00/element/02509866-75d6-4f24-b914-dff3093c10b9/click'
23:05:31.012 [Forwarding clickElement on session ac3006fa926bab54a30cfedff9de4b00 to remote] DEBUG org.asynchttpclient.netty.request.NettyRequestSender - Using open Channel [id: 0xff279082, L:/127.0.0.1:64157 - R:localhost/127.0.0.1:65340] for POST '/session/ac3006fa926bab54a30cfedff9de4b00/element/02509866-75d6-4f24-b914-dff3093c10b9/click'
23:05:31.257 [AsyncHttpClient-1-6] DEBUG org.asynchttpclient.netty.handler.HttpHandler - 

Request DefaultHttpRequest(decodeResult: success, version: HTTP/1.1)
POST /session/ac3006fa926bab54a30cfedff9de4b00/element/02509866-75d6-4f24-b914-dff3093c10b9/click HTTP/1.1
User-Agent: selenium/4.1.2 (java windows)
Content-Length: 50
Content-Type: application/json; charset=utf-8
host: localhost:65340
accept: */*

Response DefaultHttpResponse(decodeResult: success, version: HTTP/1.1)
HTTP/1.1 200 OK
Content-Type: application/json; charset=utf-8
cache-control: no-cache
content-length: 14

23:05:31.258 [AsyncHttpClient-1-6] DEBUG org.asynchttpclient.netty.channel.ChannelManager - Adding key: http://localhost:65340 for channel [id: 0xff279082, L:/127.0.0.1:64157 - R:localhost/127.0.0.1:65340]
23:05:31.275 [Forwarding screenshot on session ac3006fa926bab54a30cfedff9de4b00 to remote] DEBUG org.asynchttpclient.netty.request.NettyRequestSender - Using pooled Channel '[id: 0xff279082, L:/127.0.0.1:64157 - R:localhost/127.0.0.1:65340]' for 'GET' to 'http://localhost:65340/session/ac3006fa926bab54a30cfedff9de4b00/screenshot'
23:05:31.275 [Forwarding screenshot on session ac3006fa926bab54a30cfedff9de4b00 to remote] DEBUG org.asynchttpclient.netty.request.NettyRequestSender - Using open Channel [id: 0xff279082, L:/127.0.0.1:64157 - R:localhost/127.0.0.1:65340] for GET '/session/ac3006fa926bab54a30cfedff9de4b00/screenshot'
23:05:31.366 [AsyncHttpClient-1-1] DEBUG org.asynchttpclient.netty.channel.DefaultChannelPool - Entry count for : http://localhost:64159 : 1
23:05:31.765 [AsyncHttpClient-1-6] DEBUG org.asynchttpclient.netty.handler.HttpHandler - 

Request DefaultFullHttpRequest(decodeResult: success, version: HTTP/1.1, content: EmptyByteBufBE)
GET /session/ac3006fa926bab54a30cfedff9de4b00/screenshot HTTP/1.1
User-Agent: selenium/4.1.2 (java windows)
Cache-Control: no-cache
Content-Type: application/json; charset=utf-8
host: localhost:65340
accept: */*

Response DefaultHttpResponse(decodeResult: success, version: HTTP/1.1)
HTTP/1.1 200 OK
Content-Type: application/json; charset=utf-8
cache-control: no-cache
content-length: 46072

23:05:31.766 [AsyncHttpClient-1-6] DEBUG org.asynchttpclient.netty.channel.ChannelManager - Adding key: http://localhost:65340 for channel [id: 0xff279082, L:/127.0.0.1:64157 - R:localhost/127.0.0.1:65340]
23:05:31.769 [main] DEBUG net.serenitybdd.core.photography.Darkroom - Send negative for processing for target\site\serenity\f84579d76681b1d179c3f4b32fffc890822fb2820d2ccfab364fe84280c7330a.png
23:05:31.769 [main] DEBUG net.thucydides.core.steps.StepInterceptor - STEP DONE: clickLoginButton
  &amp#27;[32mAnd &amp#27;[0m&amp#27;[32mI click login button&amp#27;[0m                                           &amp#27;[90m# stepdefinitions.LoginStep.iClickLoginBttn()&amp#27;[0m
23:05:31.769 [Darkroom Processing Line] DEBUG net.serenitybdd.core.photography.DarkroomProcessingLine - Processing screenshot image in /var/screenshots/screenshot-10182811251518605117
23:05:31.769 [Darkroom Processing Line] DEBUG net.serenitybdd.core.photography.DarkroomProcessingLine - Saving screenshot to target\site\serenity\f84579d76681b1d179c3f4b32fffc890822fb2820d2ccfab364fe84280c7330a.png
23:05:31.802 [main] DEBUG net.thucydides.core.steps.StepInterceptor - STARTING STEP: LoginStep.iGotErrorMssage - gotErrorMassage
23:05:31.812 [Forwarding findElement on session ac3006fa926bab54a30cfedff9de4b00 to remote] DEBUG org.asynchttpclient.netty.request.NettyRequestSender - Using pooled Channel '[id: 0xff279082, L:/127.0.0.1:64157 - R:localhost/127.0.0.1:65340]' for 'POST' to 'http://localhost:65340/session/ac3006fa926bab54a30cfedff9de4b00/element'
23:05:31.812 [Forwarding findElement on session ac3006fa926bab54a30cfedff9de4b00 to remote] DEBUG org.asynchttpclient.netty.request.NettyRequestSender - Using open Channel [id: 0xff279082, L:/127.0.0.1:64157 - R:localhost/127.0.0.1:65340] for POST '/session/ac3006fa926bab54a30cfedff9de4b00/element'
23:05:31.820 [AsyncHttpClient-1-6] DEBUG org.asynchttpclient.netty.handler.HttpHandler - 

Request DefaultHttpRequest(decodeResult: success, version: HTTP/1.1)
POST /session/ac3006fa926bab54a30cfedff9de4b00/element HTTP/1.1
User-Agent: selenium/4.1.2 (java windows)
Content-Length: 53
Content-Type: application/json; charset=utf-8
host: localhost:65340
accept: */*

Response DefaultHttpResponse(decodeResult: success, version: HTTP/1.1)
HTTP/1.1 400 Bad Request
Content-Type: application/json; charset=utf-8
cache-control: no-cache
content-length: 957

23:05:31.820 [AsyncHttpClient-1-6] DEBUG org.asynchttpclient.netty.channel.ChannelManager - Adding key: http://localhost:65340 for channel [id: 0xff279082, L:/127.0.0.1:64157 - R:localhost/127.0.0.1:65340]
23:05:31.832 [Forwarding findElement on session ac3006fa926bab54a30cfedff9de4b00 to remote] DEBUG org.asynchttpclient.netty.request.NettyRequestSender - Using pooled Channel '[id: 0xff279082, L:/127.0.0.1:64157 - R:localhost/127.0.0.1:65340]' for 'POST' to 'http://localhost:65340/session/ac3006fa926bab54a30cfedff9de4b00/element'
23:05:31.832 [Forwarding findElement on session ac3006fa926bab54a30cfedff9de4b00 to remote] DEBUG org.asynchttpclient.netty.request.NettyRequestSender - Using open Channel [id: 0xff279082, L:/127.0.0.1:64157 - R:localhost/127.0.0.1:65340] for POST '/session/ac3006fa926bab54a30cfedff9de4b00/element'
23:05:32.457 [AsyncHttpClient-1-1] DEBUG org.asynchttpclient.netty.channel.DefaultChannelPool - Entry count for : http://localhost:64159 : 1
23:05:33.563 [AsyncHttpClient-1-1] DEBUG org.asynchttpclient.netty.channel.DefaultChannelPool - Entry count for : http://localhost:64159 : 1
23:05:33.897 [AsyncHttpClient-1-6] DEBUG org.asynchttpclient.netty.handler.HttpHandler - 

Request DefaultHttpRequest(decodeResult: success, version: HTTP/1.1)
POST /session/ac3006fa926bab54a30cfedff9de4b00/element HTTP/1.1
User-Agent: selenium/4.1.2 (java windows)
Content-Length: 63
Content-Type: application/json; charset=utf-8
host: localhost:65340
accept: */*

Response DefaultHttpResponse(decodeResult: success, version: HTTP/1.1)
HTTP/1.1 404 Not Found
Content-Type: application/json; charset=utf-8
cache-control: no-cache
content-length: 1032

23:05:33.897 [AsyncHttpClient-1-6] DEBUG org.asynchttpclient.netty.channel.ChannelManager - Adding key: http://localhost:65340 for channel [id: 0xff279082, L:/127.0.0.1:64157 - R:localhost/127.0.0.1:65340]
23:05:33.907 [Forwarding screenshot on session ac3006fa926bab54a30cfedff9de4b00 to remote] DEBUG org.asynchttpclient.netty.request.NettyRequestSender - Using pooled Channel '[id: 0xff279082, L:/127.0.0.1:64157 - R:localhost/127.0.0.1:65340]' for 'GET' to 'http://localhost:65340/session/ac3006fa926bab54a30cfedff9de4b00/screenshot'
23:05:33.908 [Forwarding screenshot on session ac3006fa926bab54a30cfedff9de4b00 to remote] DEBUG org.asynchttpclient.netty.request.NettyRequestSender - Using open Channel [id: 0xff279082, L:/127.0.0.1:64157 - R:localhost/127.0.0.1:65340] for GET '/session/ac3006fa926bab54a30cfedff9de4b00/screenshot'
23:05:34.101 [AsyncHttpClient-1-6] DEBUG org.asynchttpclient.netty.handler.HttpHandler - 

Request DefaultFullHttpRequest(decodeResult: success, version: HTTP/1.1, content: EmptyByteBufBE)
GET /session/ac3006fa926bab54a30cfedff9de4b00/screenshot HTTP/1.1
User-Agent: selenium/4.1.2 (java windows)
Cache-Control: no-cache
Content-Type: application/json; charset=utf-8
host: localhost:65340
accept: */*

Response DefaultHttpResponse(decodeResult: success, version: HTTP/1.1)
HTTP/1.1 200 OK
Content-Type: application/json; charset=utf-8
cache-control: no-cache
content-length: 45280

23:05:34.101 [AsyncHttpClient-1-6] DEBUG org.asynchttpclient.netty.channel.ChannelManager - Adding key: http://localhost:65340 for channel [id: 0xff279082, L:/127.0.0.1:64157 - R:localhost/127.0.0.1:65340]
23:05:34.104 [main] DEBUG net.serenitybdd.core.photography.Darkroom - Send negative for processing for target\site\serenity\2e19c52c598ee046e1347b14afe9e8cbd4ed7599ef0a65ee6c40e0ebf93853f1.png
23:05:34.105 [Darkroom Processing Line] DEBUG net.serenitybdd.core.photography.DarkroomProcessingLine - Processing screenshot image in /var/screenshots/screenshot-8267210748109156043
23:05:34.115 [Darkroom Processing Line] DEBUG net.serenitybdd.core.photography.DarkroomProcessingLine - Saving screenshot to target\site\serenity\2e19c52c598ee046e1347b14afe9e8cbd4ed7599ef0a65ee6c40e0ebf93853f1.png
23:05:34.118 [Forwarding getPageSource on session ac3006fa926bab54a30cfedff9de4b00 to remote] DEBUG org.asynchttpclient.netty.request.NettyRequestSender - Using pooled Channel '[id: 0xff279082, L:/127.0.0.1:64157 - R:localhost/127.0.0.1:65340]' for 'POST' to 'http://localhost:65340/session/ac3006fa926bab54a30cfedff9de4b00/execute/sync'
23:05:34.118 [Forwarding getPageSource on session ac3006fa926bab54a30cfedff9de4b00 to remote] DEBUG org.asynchttpclient.netty.request.NettyRequestSender - Using open Channel [id: 0xff279082, L:/127.0.0.1:64157 - R:localhost/127.0.0.1:65340] for POST '/session/ac3006fa926bab54a30cfedff9de4b00/execute/sync'
23:05:34.145 [AsyncHttpClient-1-6] DEBUG org.asynchttpclient.netty.handler.HttpHandler - 

Request DefaultHttpRequest(decodeResult: success, version: HTTP/1.1)
POST /session/ac3006fa926bab54a30cfedff9de4b00/execute/sync HTTP/1.1
User-Agent: selenium/4.1.2 (java windows)
Content-Length: 176
Content-Type: application/json; charset=utf-8
host: localhost:65340
accept: */*

Response DefaultHttpResponse(decodeResult: success, version: HTTP/1.1)
HTTP/1.1 200 OK
Content-Type: application/json; charset=utf-8
cache-control: no-cache
content-length: 21788

23:05:34.146 [AsyncHttpClient-1-6] DEBUG org.asynchttpclient.netty.channel.ChannelManager - Adding key: http://localhost:65340 for channel [id: 0xff279082, L:/127.0.0.1:64157 - R:localhost/127.0.0.1:65340]
23:05:34.154 [Forwarding getCurrentUrl on session ac3006fa926bab54a30cfedff9de4b00 to remote] DEBUG org.asynchttpclient.netty.request.NettyRequestSender - Using pooled Channel '[id: 0xff279082, L:/127.0.0.1:64157 - R:localhost/127.0.0.1:65340]' for 'GET' to 'http://localhost:65340/session/ac3006fa926bab54a30cfedff9de4b00/url'
23:05:34.154 [Forwarding getCurrentUrl on session ac3006fa926bab54a30cfedff9de4b00 to remote] DEBUG org.asynchttpclient.netty.request.NettyRequestSender - Using open Channel [id: 0xff279082, L:/127.0.0.1:64157 - R:localhost/127.0.0.1:65340] for GET '/session/ac3006fa926bab54a30cfedff9de4b00/url'
23:05:34.166 [AsyncHttpClient-1-6] DEBUG org.asynchttpclient.netty.handler.HttpHandler - 

Request DefaultFullHttpRequest(decodeResult: success, version: HTTP/1.1, content: EmptyByteBufBE)
GET /session/ac3006fa926bab54a30cfedff9de4b00/url HTTP/1.1
User-Agent: selenium/4.1.2 (java windows)
Cache-Control: no-cache
Content-Type: application/json; charset=utf-8
host: localhost:65340
accept: */*

Response DefaultHttpResponse(decodeResult: success, version: HTTP/1.1)
HTTP/1.1 200 OK
Content-Type: application/json; charset=utf-8
cache-control: no-cache
content-length: 41

23:05:34.167 [AsyncHttpClient-1-6] DEBUG org.asynchttpclient.netty.channel.ChannelManager - Adding key: http://localhost:65340 for channel [id: 0xff279082, L:/127.0.0.1:64157 - R:localhost/127.0.0.1:65340]
  &amp#27;[31mThen &amp#27;[0m&amp#27;[31mI got Error Massage &amp#27;[0m&amp#27;[31m&amp#27;[1m"record not found"&amp#27;[0m                        &amp#27;[90m# stepdefinitions.LoginStep.iGotErrorMssage(java.lang.String)&amp#27;[0m
      &amp#27;[31morg.openqa.selenium.NoSuchElementException: no such element: Unable to locate element: {"method":"css selector","selector":".v\-alert__wrapper"}
  (Session info: chrome=101.0.4951.67)
For documentation on this error, please visit: https://selenium.dev/exceptions/#no_such_element
Build info: version: '4.1.2', revision: '9a5a329c5a'
System info: host: 'LAPTOP-9MG0RTAB', ip: '192.168.172.95', os.name: 'Windows 10', os.arch: 'amd64', os.version: '10.0', java.version: '11.0.14'
Driver info: org.openqa.selenium.chrome.ChromeDriver
Command: [ac3006fa926bab54a30cfedff9de4b00, findElement {using=css selector, value=.v\-alert__wrapper}]
Capabilities {acceptInsecureCerts: false, browserName: chrome, browserVersion: 101.0.4951.67, chrome: {chromedriverVersion: 101.0.4951.41 (93c720db8323..., userDataDir: C:\Users\SITINU~1\AppData\L...}, goog:chromeOptions: {debuggerAddress: localhost:64159}, javascriptEnabled: true, networkConnectionEnabled: false, pageLoadStrategy: normal, platform: WINDOWS, platformName: WINDOWS, proxy: Proxy(), se:cdp: ws://localhost:64159/devtoo..., se:cdpVersion: 101.0.4951.67, setWindowRect: true, strictFileInteractability: false, timeouts: {implicit: 0, pageLoad: 300000, script: 30000}, unhandledPromptBehavior: dismiss and notify, webauthn:extension:credBlob: true, webauthn:extension:largeBlob: true, webauthn:virtualAuthenticators: true}
Session ID: ac3006fa926bab54a30cfedff9de4b00
	at java.base/jdk.internal.reflect.NativeConstructorAccessorImpl.newInstance0(Native Method)
	at java.base/jdk.internal.reflect.NativeConstructorAccessorImpl.newInstance(NativeConstructorAccessorImpl.java:62)
	at java.base/jdk.internal.reflect.DelegatingConstructorAccessorImpl.newInstance(DelegatingConstructorAccessorImpl.java:45)
	at java.base/java.lang.reflect.Constructor.newInstance(Constructor.java:490)
	at org.openqa.selenium.remote.codec.w3c.W3CHttpResponseCodec.createException(W3CHttpResponseCodec.java:200)
	at org.openqa.selenium.remote.codec.w3c.W3CHttpResponseCodec.decode(W3CHttpResponseCodec.java:133)
	at org.openqa.selenium.remote.codec.w3c.W3CHttpResponseCodec.decode(W3CHttpResponseCodec.java:53)
	at org.openqa.selenium.remote.HttpCommandExecutor.execute(HttpCommandExecutor.java:184)
	at org.openqa.selenium.remote.service.DriverCommandExecutor.invokeExecute(DriverCommandExecutor.java:167)
	at org.openqa.selenium.remote.service.DriverCommandExecutor.execute(DriverCommandExecutor.java:142)
	at org.openqa.selenium.remote.RemoteWebDriver.execute(RemoteWebDriver.java:558)
	at org.openqa.selenium.remote.ElementLocation$ElementFinder$2.findElement(ElementLocation.java:162)
	at org.openqa.selenium.remote.ElementLocation.findElement(ElementLocation.java:60)
	at org.openqa.selenium.remote.RemoteWebDriver.findElement(RemoteWebDriver.java:382)
	at org.openqa.selenium.remote.RemoteWebDriver.findElement(RemoteWebDriver.java:374)
	at org.openqa.selenium.By$PreW3CLocator.findElement(By.java:429)
	at org.openqa.selenium.By$ByClassName.findElement(By.java:298)
	at org.openqa.selenium.remote.ElementLocation$ElementFinder$1.findElement(ElementLocation.java:136)
	at org.openqa.selenium.remote.ElementLocation.findElement(ElementLocation.java:80)
	at org.openqa.selenium.remote.RemoteWebDriver.findElement(RemoteWebDriver.java:382)
	at org.openqa.selenium.remote.RemoteWebDriver.findElement(RemoteWebDriver.java:374)
	at net.thucydides.core.webdriver.WebDriverFacade.findElement(WebDriverFacade.java:224)
	at net.serenitybdd.core.pages.WebElementResolverByLocator.resolveForDriver(WebElementResolverByLocator.java:25)
	at net.serenitybdd.core.pages.WebElementFacadeImpl.getResolvedElement(WebElementFacadeImpl.java:191)
	at net.serenitybdd.core.pages.WebElementFacadeImpl.getElement(WebElementFacadeImpl.java:186)
	at net.serenitybdd.core.pages.WebElementFacadeImpl.isDisplayed(WebElementFacadeImpl.java:1289)
	at FrontEnd.AltaShop@1.0-SNAPSHOT/starter.Login.gotErrorMassage(Login.java:29)
	at FrontEnd.AltaShop@1.0-SNAPSHOT/starter.Login$ByteBuddy$4S5zUvLO.gotErrorMassage$accessor$FZsfF9ZW(Unknown Source)
	at java.base/jdk.internal.reflect.NativeMethodAccessorImpl.invoke0(Native Method)
	at java.base/jdk.internal.reflect.NativeMethodAccessorImpl.invoke(NativeMethodAccessorImpl.java:62)
	at java.base/jdk.internal.reflect.DelegatingMethodAccessorImpl.invoke(DelegatingMethodAccessorImpl.java:43)
	at java.base/java.lang.reflect.Method.invoke(Method.java:566)
	at net.thucydides.core.steps.StepInterceptor.invokeMethod(StepInterceptor.java:503)
	at net.thucydides.core.steps.StepInterceptor.executeTestStepMethod(StepInterceptor.java:483)
	at net.thucydides.core.steps.StepInterceptor.runTestStep(StepInterceptor.java:457)
	at net.thucydides.core.steps.StepInterceptor.runOrSkipMethod(StepInterceptor.java:209)
	at net.thucydides.core.steps.StepInterceptor.testStepResult(StepInterceptor.java:196)
	at net.thucydides.core.steps.StepInterceptor.intercept(StepInterceptor.java:84)
	at net.thucydides.core.steps.ProxyConfiguration$InterceptorDispatcher.intercept(ProxyConfiguration.java:51)
	at FrontEnd.AltaShop@1.0-SNAPSHOT/starter.Login$ByteBuddy$4S5zUvLO.gotErrorMassage(Unknown Source)
	at FrontEnd.AltaShop@1.0-SNAPSHOT/stepdefinitions.LoginStep.iGotErrorMssage(LoginStep.java:74)
	at âœ½.I got Error Massage "record not found"(file:///D:/Mini%20Project-QE%20Alta/Web%20Automation/FrontEnd-AltaShop/src/test/resources/features/Login.feature:22)
&amp#27;[0m
23:05:34.220 [main] ERROR  - 
  _____   ___   ___   _____     ___   ___   ___    ___    ___ 
 |_   _| | __| / __| |_   _|   | __| | _ \ | _ \  / _ \  | _ \
   | |   | _|  \__ \   | |     | _|  |   / |   / | (_) | |   /
   |_|   |___| |___/   |_|     |___| |_|_\ |_|_\  \___/  |_|_\

As a user, i have not able to login because email is wrong
---------------------------------------------------------------
23:05:34.220 [main] DEBUG  - RELATED ISSUES: 
23:05:34.220 [main] ERROR  -     Test failed at step: Got error massage
23:05:34.221 [main] ERROR  -     no such element: Unable to locate element: {"method":"css selector","selector":".v\-alert__wrapper"}
23:05:34.276 [AsyncHttpClient-1-8] DEBUG org.asynchttpclient.netty.handler.WebSocketHandler - Channel Closed: [id: 0x474912e2, L:/127.0.0.1:64167 ! R:localhost/127.0.0.1:64159] with attribute NettyResponseFuture{currentRetry=5,
	isDone=1,
	isCancelled=0,
	asyncHandler=org.asynchttpclient.ws.WebSocketUpgradeHandler@343101ca,
	nettyRequest=org.asynchttpclient.netty.request.NettyRequest@399186cd,
	future=java.util.concurrent.CompletableFuture@5a29a1f2[Completed normally],
	uri=ws://localhost:64159/devtools/browser/d470c3cd-3e75-46ce-9f1d-c2159eaa2aa5,
	keepAlive=true,
	redirectCount=0,
	timeoutsHolder=null,
	inAuth=0,
	touch=1653062679132}
23:05:34.276 [AsyncHttpClient-1-8] DEBUG org.asynchttpclient.netty.channel.ChannelManager - Closing Channel [id: 0x474912e2, L:/127.0.0.1:64167 ! R:localhost/127.0.0.1:64159] 
23:05:34.279 [Driver Command Executor] DEBUG org.asynchttpclient.netty.request.NettyRequestSender - Using pooled Channel '[id: 0xff279082, L:/127.0.0.1:64157 - R:localhost/127.0.0.1:65340]' for 'DELETE' to 'http://localhost:65340/session/ac3006fa926bab54a30cfedff9de4b00'
23:05:34.279 [Driver Command Executor] DEBUG org.asynchttpclient.netty.request.NettyRequestSender - Using open Channel [id: 0xff279082, L:/127.0.0.1:64157 - R:localhost/127.0.0.1:65340] for DELETE '/session/ac3006fa926bab54a30cfedff9de4b00'
23:05:34.465 [AsyncHttpClient-1-7] DEBUG org.asynchttpclient.netty.handler.HttpHandler - Unexpected I/O exception on channel [id: 0xad884908, L:/127.0.0.1:64166 - R:localhost/127.0.0.1:64159]
java.io.IOException: An existing connection was forcibly closed by the remote host
	at java.base/sun.nio.ch.SocketDispatcher.read0(Native Method)
	at java.base/sun.nio.ch.SocketDispatcher.read(SocketDispatcher.java:43)
	at java.base/sun.nio.ch.IOUtil.readIntoNativeBuffer(IOUtil.java:276)
	at java.base/sun.nio.ch.IOUtil.read(IOUtil.java:233)
	at java.base/sun.nio.ch.IOUtil.read(IOUtil.java:223)
	at java.base/sun.nio.ch.SocketChannelImpl.read(SocketChannelImpl.java:358)
	at io.netty.buffer.PooledByteBuf.setBytes(PooledByteBuf.java:258)
	at io.netty.buffer.AbstractByteBuf.writeBytes(AbstractByteBuf.java:1132)
	at io.netty.channel.socket.nio.NioSocketChannel.doReadBytes(NioSocketChannel.java:350)
	at io.netty.channel.nio.AbstractNioByteChannel$NioByteUnsafe.read(AbstractNioByteChannel.java:151)
	at io.netty.channel.nio.NioEventLoop.processSelectedKey(NioEventLoop.java:722)
	at io.netty.channel.nio.NioEventLoop.processSelectedKeysOptimized(NioEventLoop.java:658)
	at io.netty.channel.nio.NioEventLoop.processSelectedKeys(NioEventLoop.java:584)
	at io.netty.channel.nio.NioEventLoop.run(NioEventLoop.java:496)
	at io.netty.util.concurrent.SingleThreadEventExecutor$4.run(SingleThreadEventExecutor.java:986)
	at io.netty.util.internal.ThreadExecutorMap$2.run(ThreadExecutorMap.java:74)
	at io.netty.util.concurrent.FastThreadLocalRunnable.run(FastThreadLocalRunnable.java:30)
	at java.base/java.lang.Thread.run(Thread.java:834)
23:05:34.465 [AsyncHttpClient-1-7] DEBUG org.asynchttpclient.netty.channel.ChannelManager - Closing Channel [id: 0xad884908, L:/127.0.0.1:64166 - R:localhost/127.0.0.1:64159] 
23:05:34.466 [AsyncHttpClient-1-7] DEBUG org.asynchttpclient.netty.handler.HttpHandler - Channel Closed: [id: 0xad884908, L:/127.0.0.1:64166 ! R:localhost/127.0.0.1:64159] with attribute DISCARD
23:05:34.530 [AsyncHttpClient-1-6] DEBUG org.asynchttpclient.netty.handler.HttpHandler - 

Request DefaultFullHttpRequest(decodeResult: success, version: HTTP/1.1, content: EmptyByteBufBE)
DELETE /session/ac3006fa926bab54a30cfedff9de4b00 HTTP/1.1
User-Agent: selenium/4.1.2 (java windows)
Content-Type: application/json; charset=utf-8
host: localhost:65340
accept: */*

Response DefaultHttpResponse(decodeResult: success, version: HTTP/1.1)
HTTP/1.1 200 OK
Content-Type: application/json; charset=utf-8
cache-control: no-cache
content-length: 14

23:05:34.530 [AsyncHttpClient-1-6] DEBUG org.asynchttpclient.netty.channel.ChannelManager - Adding key: http://localhost:65340 for channel [id: 0xff279082, L:/127.0.0.1:64157 - R:localhost/127.0.0.1:65340]
23:05:34.663 [AsyncHttpClient-1-1] DEBUG org.asynchttpclient.netty.channel.DefaultChannelPool - Entry count for : http://localhost:65340 : 1
23:05:34.663 [AsyncHttpClient-1-1] DEBUG org.asynchttpclient.netty.channel.DefaultChannelPool - Entry count for : http://localhost:64159 : 1
23:05:34.663 [AsyncHttpClient-1-1] DEBUG org.asynchttpclient.netty.channel.DefaultChannelPool - Adding Candidate expired Channel [id: 0xad884908, L:/127.0.0.1:64166 ! R:localhost/127.0.0.1:64159] isIdleTimeoutExpired=false isRemotelyClosed=true isTtlExpired=false
23:05:34.663 [AsyncHttpClient-1-1] DEBUG org.asynchttpclient.netty.channel.DefaultChannelPool - Closing Idle Channel [id: 0xad884908, L:/127.0.0.1:64166 ! R:localhost/127.0.0.1:64159]
23:05:34.663 [AsyncHttpClient-1-1] DEBUG org.asynchttpclient.netty.channel.DefaultChannelPool - Closed 1 connections out of 2 in 0 ms
23:05:34.858 [AsyncHttpClient-1-6] DEBUG org.asynchttpclient.netty.handler.HttpHandler - Channel Closed: [id: 0xff279082, L:/127.0.0.1:64157 ! R:localhost/127.0.0.1:65340] with attribute DISCARD
]]></system-out>
    <system-err><![CDATA[Starting ChromeDriver 101.0.4951.41 (93c720db8323b3ec10d056025ab95c23a31997c9-refs/branch-heads/4951@{#904}) on port 65340
Only local connections are allowed.
Please see https://chromedriver.chromium.org/security-considerations for suggestions on keeping ChromeDriver safe.
ChromeDriver was started successfully.
May 20, 2022 11:04:39 PM org.openqa.selenium.remote.ProtocolHandshake createSession
INFO: Detected dialect: W3C
May 20, 2022 11:04:39 PM org.openqa.selenium.devtools.CdpVersionFinder findNearestMatch
WARNING: Unable to find an exact match for CDP version 101, so returning the closest version found: 97
May 20, 2022 11:04:39 PM org.openqa.selenium.devtools.CdpVersionFinder findNearestMatch
INFO: Found CDP implementation for version 101 of 97
]]></system-err>
  </testcase>
  <testcase name="As a user, i can logout of account" classname="Logout" time="182.172">
    <error type="org.openqa.selenium.NoSuchElementException"><![CDATA[org.openqa.selenium.NoSuchElementException: 
no such element: Unable to locate element: {"method":"xpath","selector":"(//div/*[@role="button"])[2]"}
  (Session info: chrome=101.0.4951.67)
For documentation on this error, please visit: https://selenium.dev/exceptions/#no_such_element
Build info: version: '4.1.2', revision: '9a5a329c5a'
System info: host: 'LAPTOP-9MG0RTAB', ip: '192.168.172.95', os.name: 'Windows 10', os.arch: 'amd64', os.version: '10.0', java.version: '11.0.14'
Driver info: org.openqa.selenium.chrome.ChromeDriver
Command: [9e0262fb516666e3a36b9156ebf40939, findElement {using=xpath, value=(//div/*[@role="button"])[2]}]
Capabilities {acceptInsecureCerts: false, browserName: chrome, browserVersion: 101.0.4951.67, chrome: {chromedriverVersion: 101.0.4951.41 (93c720db8323..., userDataDir: C:\Users\SITINU~1\AppData\L...}, goog:chromeOptions: {debuggerAddress: localhost:64233}, javascriptEnabled: true, networkConnectionEnabled: false, pageLoadStrategy: normal, platform: WINDOWS, platformName: WINDOWS, proxy: Proxy(), se:cdp: ws://localhost:64233/devtoo..., se:cdpVersion: 101.0.4951.67, setWindowRect: true, strictFileInteractability: false, timeouts: {implicit: 0, pageLoad: 300000, script: 30000}, unhandledPromptBehavior: dismiss and notify, webauthn:extension:credBlob: true, webauthn:extension:largeBlob: true, webauthn:virtualAuthenticators: true}
Session ID: 9e0262fb516666e3a36b9156ebf40939
]]></error>
    <system-out><![CDATA[23:05:35.400 [main] INFO io.cucumber.core.plugin.SerenityReporter - Running feature from file:///D:/Mini%20Project-QE%20Alta/Web%20Automation/FrontEnd-AltaShop/src/test/resources/features/Logout.feature
23:05:35.420 [main] DEBUG net.thucydides.core.steps.StepEventBus - Test suite started for story net.thucydides.core.model.Story@7960de68
23:05:35.422 [main] INFO  - Test Suite Started: Logout

Scenario: As a user, i can logout of account         &amp#27;[90m# src/test/resources/features/Logout.feature:3&amp#27;[0m
23:05:35.472 [main] INFO io.cucumber.core.plugin.SerenityReporter - Running feature from file:///D:/Mini%20Project-QE%20Alta/Web%20Automation/FrontEnd-AltaShop/src/test/resources/features/Logout.feature
23:05:35.488 [main] INFO  - 
  _____   ___   ___   _____     ___   _____     _     ___   _____   ___   ___  
 |_   _| | __| / __| |_   _|   / __| |_   _|   /_\   | _ \ |_   _| | __| |   \ 
   | |   | _|  \__ \   | |     \__ \   | |    / _ \  |   /   | |   | _|  | |) |
   |_|   |___| |___/   |_|     |___/   |_|   /_/ \_\ |_|_\   |_|   |___| |___/ 

As a user, i can logout of account(logout;as-a-user--i-can-logout-of-account)
--------------------------------------------------------------------------------
23:05:35.842 [AsyncHttpClient-1-1] DEBUG org.asynchttpclient.netty.channel.DefaultChannelPool - Entry count for : http://localhost:65340 : 1
23:05:35.842 [AsyncHttpClient-1-1] DEBUG org.asynchttpclient.netty.channel.DefaultChannelPool - Adding Candidate expired Channel [id: 0xff279082, L:/127.0.0.1:64157 ! R:localhost/127.0.0.1:65340] isIdleTimeoutExpired=false isRemotelyClosed=true isTtlExpired=false
23:05:35.842 [AsyncHttpClient-1-1] DEBUG org.asynchttpclient.netty.channel.DefaultChannelPool - Closing Idle Channel [id: 0xff279082, L:/127.0.0.1:64157 ! R:localhost/127.0.0.1:65340]
23:05:35.842 [AsyncHttpClient-1-1] DEBUG org.asynchttpclient.netty.channel.DefaultChannelPool - Closed 1 connections out of 1 in 0 ms
23:05:36.528 [main] DEBUG net.thucydides.core.steps.StepInterceptor - STARTING STEP: LogoutStep.onLoginPage - onLoginPage
23:05:36.531 [main] INFO net.serenitybdd.core.webdriver.driverproviders.ChromeDriverProvider - Using automatically driver download
23:05:37.127 [main] DEBUG io.github.bonigarcia.wdm.cache.ResolutionCache - Resolution chrome=101 in cache (valid until 23:59:13 20/05/2022 ICT)
23:05:37.415 [main] DEBUG io.github.bonigarcia.wdm.cache.ResolutionCache - Resolution chrome101=101.0.4951.41 in cache (valid until 22:59:13 21/05/2022 ICT)
23:05:37.422 [main] INFO io.github.bonigarcia.wdm.WebDriverManager - Using chromedriver 101.0.4951.41 (resolved driver for Chrome 101)
23:05:37.468 [main] DEBUG io.github.bonigarcia.wdm.WebDriverManager - Driver chromedriver 101.0.4951.41 found in cache
23:05:37.470 [main] INFO io.github.bonigarcia.wdm.WebDriverManager - Exporting webdriver.chrome.driver as C:\Users\Siti Nurlatipah\.cache\selenium\chromedriver\win32\101.0.4951.41\chromedriver.exe
23:05:37.678 [main] DEBUG net.serenitybdd.core.webdriver.driverproviders.ProvideNewDriver - Instantiating driver
23:05:37.678 [main] DEBUG net.serenitybdd.core.webdriver.driverproviders.ProvideNewDriver - Driver capabilities: Capabilities {acceptInsecureCerts: false, base.url: https://qa.alta.id, browserName: chrome, chrome.driver: src/test/resources/webdrive..., driver: chrome, goog:chromeOptions: {args: [], extensions: []}}
23:05:38.789 [AsyncHttpClient-1-9] DEBUG org.asynchttpclient.netty.channel.NettyConnectListener - Using new Channel '[id: 0xa294c9ff, L:/127.0.0.1:64232 - R:localhost/127.0.0.1:59631]' for 'POST' to '/session'
23:05:41.312 [AsyncHttpClient-1-9] DEBUG org.asynchttpclient.netty.handler.HttpHandler - 

Request DefaultHttpRequest(decodeResult: success, version: HTTP/1.1)
POST /session HTTP/1.1
User-Agent: selenium/4.1.2 (java windows)
Content-Length: 595
Content-Type: application/json; charset=utf-8
host: localhost:59631
accept: */*

Response DefaultHttpResponse(decodeResult: success, version: HTTP/1.1)
HTTP/1.1 200 OK
Content-Type: application/json; charset=utf-8
cache-control: no-cache
content-length: 792

23:05:41.312 [AsyncHttpClient-1-9] DEBUG org.asynchttpclient.netty.channel.ChannelManager - Adding key: http://localhost:59631 for channel [id: 0xa294c9ff, L:/127.0.0.1:64232 - R:localhost/127.0.0.1:59631]
23:05:41.339 [AsyncHttpClient-1-2] DEBUG org.asynchttpclient.netty.channel.NettyConnectListener - Using new Channel '[id: 0xb09b4bd2, L:/127.0.0.1:64245 - R:localhost/127.0.0.1:64233]' for 'GET' to '/json/version'
23:05:41.341 [AsyncHttpClient-1-2] DEBUG org.asynchttpclient.netty.handler.HttpHandler - 

Request DefaultFullHttpRequest(decodeResult: success, version: HTTP/1.1, content: EmptyByteBufBE)
GET /json/version HTTP/1.1
User-Agent: selenium/4.1.2 (java windows)
host: localhost:64233
accept: */*

Response DefaultHttpResponse(decodeResult: success, version: HTTP/1.1)
HTTP/1.1 200 OK
Content-Type: application/json; charset=UTF-8
content-length: 427

23:05:41.341 [AsyncHttpClient-1-2] DEBUG org.asynchttpclient.netty.channel.ChannelManager - Adding key: http://localhost:64233 for channel [id: 0xb09b4bd2, L:/127.0.0.1:64245 - R:localhost/127.0.0.1:64233]
23:05:41.349 [AsyncHttpClient-1-3] DEBUG org.asynchttpclient.netty.channel.NettyConnectListener - Using new Channel '[id: 0x69dfdb96, L:/127.0.0.1:64246 - R:localhost/127.0.0.1:64233]' for 'GET' to '/devtools/browser/024c134e-bc53-4b40-8430-2ba5affd2efc'
23:05:41.351 [AsyncHttpClient-1-3] DEBUG org.asynchttpclient.netty.handler.WebSocketHandler - 

Request DefaultFullHttpRequest(decodeResult: success, version: HTTP/1.1, content: EmptyByteBufBE)
GET /devtools/browser/024c134e-bc53-4b40-8430-2ba5affd2efc HTTP/1.1
upgrade: websocket
connection: upgrade
sec-websocket-key: d/ATKQ7PG7BZUMBjhO4jjA==
sec-websocket-version: 13
origin: http://localhost:64233
host: localhost:64233
accept: */*
user-agent: AHC/2.1

Response DefaultHttpResponse(decodeResult: success, version: HTTP/1.1)
HTTP/1.1 101 WebSocket Protocol Handshake
Upgrade: WebSocket
Connection: Upgrade
Sec-WebSocket-Accept: sCpLfKEMcv+v9O/s46FEPS94ONo=

23:05:41.363 [Forwarding get on session 9e0262fb516666e3a36b9156ebf40939 to remote] DEBUG org.asynchttpclient.netty.request.NettyRequestSender - Using pooled Channel '[id: 0xa294c9ff, L:/127.0.0.1:64232 - R:localhost/127.0.0.1:59631]' for 'POST' to 'http://localhost:59631/session/9e0262fb516666e3a36b9156ebf40939/url'
23:05:41.363 [Forwarding get on session 9e0262fb516666e3a36b9156ebf40939 to remote] DEBUG org.asynchttpclient.netty.request.NettyRequestSender - Using open Channel [id: 0xa294c9ff, L:/127.0.0.1:64232 - R:localhost/127.0.0.1:59631] for POST '/session/9e0262fb516666e3a36b9156ebf40939/url'
23:05:42.358 [AsyncHttpClient-1-1] DEBUG org.asynchttpclient.netty.channel.DefaultChannelPool - Entry count for : http://localhost:64233 : 1
23:05:43.464 [AsyncHttpClient-1-1] DEBUG org.asynchttpclient.netty.channel.DefaultChannelPool - Entry count for : http://localhost:64233 : 1
23:05:44.566 [AsyncHttpClient-1-1] DEBUG org.asynchttpclient.netty.channel.DefaultChannelPool - Entry count for : http://localhost:64233 : 1
23:05:45.667 [AsyncHttpClient-1-1] DEBUG org.asynchttpclient.netty.channel.DefaultChannelPool - Entry count for : http://localhost:64233 : 1
23:05:46.758 [AsyncHttpClient-1-1] DEBUG org.asynchttpclient.netty.channel.DefaultChannelPool - Entry count for : http://localhost:64233 : 1
23:05:47.859 [AsyncHttpClient-1-1] DEBUG org.asynchttpclient.netty.channel.DefaultChannelPool - Entry count for : http://localhost:64233 : 1
23:05:48.957 [AsyncHttpClient-1-1] DEBUG org.asynchttpclient.netty.channel.DefaultChannelPool - Entry count for : http://localhost:64233 : 1
23:05:50.056 [AsyncHttpClient-1-1] DEBUG org.asynchttpclient.netty.channel.DefaultChannelPool - Entry count for : http://localhost:64233 : 1
23:05:51.212 [AsyncHttpClient-1-1] DEBUG org.asynchttpclient.netty.channel.DefaultChannelPool - Entry count for : http://localhost:64233 : 1
23:05:52.258 [AsyncHttpClient-1-1] DEBUG org.asynchttpclient.netty.channel.DefaultChannelPool - Entry count for : http://localhost:64233 : 1
23:05:53.357 [AsyncHttpClient-1-1] DEBUG org.asynchttpclient.netty.channel.DefaultChannelPool - Entry count for : http://localhost:64233 : 1
23:05:54.457 [AsyncHttpClient-1-1] DEBUG org.asynchttpclient.netty.channel.DefaultChannelPool - Entry count for : http://localhost:64233 : 1
23:05:55.560 [AsyncHttpClient-1-1] DEBUG org.asynchttpclient.netty.channel.DefaultChannelPool - Entry count for : http://localhost:64233 : 1
23:05:56.658 [AsyncHttpClient-1-1] DEBUG org.asynchttpclient.netty.channel.DefaultChannelPool - Entry count for : http://localhost:64233 : 1
23:05:57.757 [AsyncHttpClient-1-1] DEBUG org.asynchttpclient.netty.channel.DefaultChannelPool - Entry count for : http://localhost:64233 : 1
23:05:58.856 [AsyncHttpClient-1-1] DEBUG org.asynchttpclient.netty.channel.DefaultChannelPool - Entry count for : http://localhost:64233 : 1
23:05:59.959 [AsyncHttpClient-1-1] DEBUG org.asynchttpclient.netty.channel.DefaultChannelPool - Entry count for : http://localhost:64233 : 1
23:06:01.058 [AsyncHttpClient-1-1] DEBUG org.asynchttpclient.netty.channel.DefaultChannelPool - Entry count for : http://localhost:64233 : 1
23:06:02.162 [AsyncHttpClient-1-1] DEBUG org.asynchttpclient.netty.channel.DefaultChannelPool - Entry count for : http://localhost:64233 : 1
23:06:03.257 [AsyncHttpClient-1-1] DEBUG org.asynchttpclient.netty.channel.DefaultChannelPool - Entry count for : http://localhost:64233 : 1
23:06:04.387 [AsyncHttpClient-1-1] DEBUG org.asynchttpclient.netty.channel.DefaultChannelPool - Entry count for : http://localhost:64233 : 1
23:06:05.457 [AsyncHttpClient-1-1] DEBUG org.asynchttpclient.netty.channel.DefaultChannelPool - Entry count for : http://localhost:64233 : 1
23:06:06.564 [AsyncHttpClient-1-1] DEBUG org.asynchttpclient.netty.channel.DefaultChannelPool - Entry count for : http://localhost:64233 : 1
23:06:07.658 [AsyncHttpClient-1-1] DEBUG org.asynchttpclient.netty.channel.DefaultChannelPool - Entry count for : http://localhost:64233 : 1
23:06:08.757 [AsyncHttpClient-1-1] DEBUG org.asynchttpclient.netty.channel.DefaultChannelPool - Entry count for : http://localhost:64233 : 1
23:06:09.856 [AsyncHttpClient-1-1] DEBUG org.asynchttpclient.netty.channel.DefaultChannelPool - Entry count for : http://localhost:64233 : 1
23:06:10.962 [AsyncHttpClient-1-1] DEBUG org.asynchttpclient.netty.channel.DefaultChannelPool - Entry count for : http://localhost:64233 : 1
23:06:12.056 [AsyncHttpClient-1-1] DEBUG org.asynchttpclient.netty.channel.DefaultChannelPool - Entry count for : http://localhost:64233 : 1
23:06:13.157 [AsyncHttpClient-1-1] DEBUG org.asynchttpclient.netty.channel.DefaultChannelPool - Entry count for : http://localhost:64233 : 1
23:06:14.256 [AsyncHttpClient-1-1] DEBUG org.asynchttpclient.netty.channel.DefaultChannelPool - Entry count for : http://localhost:64233 : 1
23:06:15.362 [AsyncHttpClient-1-1] DEBUG org.asynchttpclient.netty.channel.DefaultChannelPool - Entry count for : http://localhost:64233 : 1
23:06:16.458 [AsyncHttpClient-1-1] DEBUG org.asynchttpclient.netty.channel.DefaultChannelPool - Entry count for : http://localhost:64233 : 1
23:06:17.556 [AsyncHttpClient-1-1] DEBUG org.asynchttpclient.netty.channel.DefaultChannelPool - Entry count for : http://localhost:64233 : 1
23:06:18.657 [AsyncHttpClient-1-1] DEBUG org.asynchttpclient.netty.channel.DefaultChannelPool - Entry count for : http://localhost:64233 : 1
23:06:19.757 [AsyncHttpClient-1-1] DEBUG org.asynchttpclient.netty.channel.DefaultChannelPool - Entry count for : http://localhost:64233 : 1
23:06:20.905 [AsyncHttpClient-1-1] DEBUG org.asynchttpclient.netty.channel.DefaultChannelPool - Entry count for : http://localhost:64233 : 1
23:06:21.960 [AsyncHttpClient-1-1] DEBUG org.asynchttpclient.netty.channel.DefaultChannelPool - Entry count for : http://localhost:64233 : 1
23:06:23.058 [AsyncHttpClient-1-1] DEBUG org.asynchttpclient.netty.channel.DefaultChannelPool - Entry count for : http://localhost:64233 : 1
23:06:24.164 [AsyncHttpClient-1-1] DEBUG org.asynchttpclient.netty.channel.DefaultChannelPool - Entry count for : http://localhost:64233 : 1
23:06:25.257 [AsyncHttpClient-1-1] DEBUG org.asynchttpclient.netty.channel.DefaultChannelPool - Entry count for : http://localhost:64233 : 1
23:06:26.358 [AsyncHttpClient-1-1] DEBUG org.asynchttpclient.netty.channel.DefaultChannelPool - Entry count for : http://localhost:64233 : 1
23:06:27.457 [AsyncHttpClient-1-1] DEBUG org.asynchttpclient.netty.channel.DefaultChannelPool - Entry count for : http://localhost:64233 : 1
23:06:28.556 [AsyncHttpClient-1-1] DEBUG org.asynchttpclient.netty.channel.DefaultChannelPool - Entry count for : http://localhost:64233 : 1
23:06:29.665 [AsyncHttpClient-1-1] DEBUG org.asynchttpclient.netty.channel.DefaultChannelPool - Entry count for : http://localhost:64233 : 1
23:06:30.757 [AsyncHttpClient-1-1] DEBUG org.asynchttpclient.netty.channel.DefaultChannelPool - Entry count for : http://localhost:64233 : 1
23:06:31.859 [AsyncHttpClient-1-1] DEBUG org.asynchttpclient.netty.channel.DefaultChannelPool - Entry count for : http://localhost:64233 : 1
23:06:33.028 [AsyncHttpClient-1-1] DEBUG org.asynchttpclient.netty.channel.DefaultChannelPool - Entry count for : http://localhost:64233 : 1
23:06:34.057 [AsyncHttpClient-1-1] DEBUG org.asynchttpclient.netty.channel.DefaultChannelPool - Entry count for : http://localhost:64233 : 1
23:06:35.161 [AsyncHttpClient-1-1] DEBUG org.asynchttpclient.netty.channel.DefaultChannelPool - Entry count for : http://localhost:64233 : 1
23:06:36.352 [AsyncHttpClient-1-1] DEBUG org.asynchttpclient.netty.channel.DefaultChannelPool - Entry count for : http://localhost:64233 : 1
23:06:37.357 [AsyncHttpClient-1-1] DEBUG org.asynchttpclient.netty.channel.DefaultChannelPool - Entry count for : http://localhost:64233 : 1
23:06:38.465 [AsyncHttpClient-1-1] DEBUG org.asynchttpclient.netty.channel.DefaultChannelPool - Entry count for : http://localhost:64233 : 1
23:06:39.557 [AsyncHttpClient-1-1] DEBUG org.asynchttpclient.netty.channel.DefaultChannelPool - Entry count for : http://localhost:64233 : 1
23:06:40.659 [AsyncHttpClient-1-1] DEBUG org.asynchttpclient.netty.channel.DefaultChannelPool - Entry count for : http://localhost:64233 : 1
23:06:41.756 [AsyncHttpClient-1-1] DEBUG org.asynchttpclient.netty.channel.DefaultChannelPool - Entry count for : http://localhost:64233 : 1
23:06:41.756 [AsyncHttpClient-1-1] DEBUG org.asynchttpclient.netty.channel.DefaultChannelPool - Adding Candidate expired Channel [id: 0xb09b4bd2, L:/127.0.0.1:64245 - R:localhost/127.0.0.1:64233] isIdleTimeoutExpired=true isRemotelyClosed=false isTtlExpired=false
23:06:41.756 [AsyncHttpClient-1-1] DEBUG org.asynchttpclient.netty.channel.DefaultChannelPool - Closing Idle Channel [id: 0xb09b4bd2, L:/127.0.0.1:64245 - R:localhost/127.0.0.1:64233]
23:06:41.757 [AsyncHttpClient-1-2] DEBUG org.asynchttpclient.netty.handler.HttpHandler - Channel Closed: [id: 0xb09b4bd2, L:/127.0.0.1:64245 ! R:localhost/127.0.0.1:64233] with attribute DISCARD
23:06:41.757 [AsyncHttpClient-1-1] DEBUG org.asynchttpclient.netty.channel.DefaultChannelPool - Closed 1 connections out of 1 in 1 ms
23:08:29.108 [AsyncHttpClient-1-9] DEBUG org.asynchttpclient.netty.handler.HttpHandler - 

Request DefaultHttpRequest(decodeResult: success, version: HTTP/1.1)
POST /session/9e0262fb516666e3a36b9156ebf40939/url HTTP/1.1
User-Agent: selenium/4.1.2 (java windows)
Content-Length: 64
Content-Type: application/json; charset=utf-8
host: localhost:59631
accept: */*

Response DefaultHttpResponse(decodeResult: success, version: HTTP/1.1)
HTTP/1.1 200 OK
Content-Type: application/json; charset=utf-8
cache-control: no-cache
content-length: 14

23:08:29.109 [AsyncHttpClient-1-9] DEBUG org.asynchttpclient.netty.channel.ChannelManager - Adding key: http://localhost:59631 for channel [id: 0xa294c9ff, L:/127.0.0.1:64232 - R:localhost/127.0.0.1:59631]
23:08:29.116 [Forwarding setTimeout on session 9e0262fb516666e3a36b9156ebf40939 to remote] DEBUG org.asynchttpclient.netty.request.NettyRequestSender - Using pooled Channel '[id: 0xa294c9ff, L:/127.0.0.1:64232 - R:localhost/127.0.0.1:59631]' for 'POST' to 'http://localhost:59631/session/9e0262fb516666e3a36b9156ebf40939/timeouts'
23:08:29.116 [Forwarding setTimeout on session 9e0262fb516666e3a36b9156ebf40939 to remote] DEBUG org.asynchttpclient.netty.request.NettyRequestSender - Using open Channel [id: 0xa294c9ff, L:/127.0.0.1:64232 - R:localhost/127.0.0.1:59631] for POST '/session/9e0262fb516666e3a36b9156ebf40939/timeouts'
23:08:29.121 [AsyncHttpClient-1-9] DEBUG org.asynchttpclient.netty.handler.HttpHandler - 

Request DefaultHttpRequest(decodeResult: success, version: HTTP/1.1)
POST /session/9e0262fb516666e3a36b9156ebf40939/timeouts HTTP/1.1
User-Agent: selenium/4.1.2 (java windows)
Content-Length: 22
Content-Type: application/json; charset=utf-8
host: localhost:59631
accept: */*

Response DefaultHttpResponse(decodeResult: success, version: HTTP/1.1)
HTTP/1.1 200 OK
Content-Type: application/json; charset=utf-8
cache-control: no-cache
content-length: 14

23:08:29.121 [AsyncHttpClient-1-9] DEBUG org.asynchttpclient.netty.channel.ChannelManager - Adding key: http://localhost:59631 for channel [id: 0xa294c9ff, L:/127.0.0.1:64232 - R:localhost/127.0.0.1:59631]
23:08:29.127 [Forwarding getCurrentUrl on session 9e0262fb516666e3a36b9156ebf40939 to remote] DEBUG org.asynchttpclient.netty.request.NettyRequestSender - Using pooled Channel '[id: 0xa294c9ff, L:/127.0.0.1:64232 - R:localhost/127.0.0.1:59631]' for 'GET' to 'http://localhost:59631/session/9e0262fb516666e3a36b9156ebf40939/url'
23:08:29.127 [Forwarding getCurrentUrl on session 9e0262fb516666e3a36b9156ebf40939 to remote] DEBUG org.asynchttpclient.netty.request.NettyRequestSender - Using open Channel [id: 0xa294c9ff, L:/127.0.0.1:64232 - R:localhost/127.0.0.1:59631] for GET '/session/9e0262fb516666e3a36b9156ebf40939/url'
23:08:29.139 [AsyncHttpClient-1-9] DEBUG org.asynchttpclient.netty.handler.HttpHandler - 

Request DefaultFullHttpRequest(decodeResult: success, version: HTTP/1.1, content: EmptyByteBufBE)
GET /session/9e0262fb516666e3a36b9156ebf40939/url HTTP/1.1
User-Agent: selenium/4.1.2 (java windows)
Cache-Control: no-cache
Content-Type: application/json; charset=utf-8
host: localhost:59631
accept: */*

Response DefaultHttpResponse(decodeResult: success, version: HTTP/1.1)
HTTP/1.1 200 OK
Content-Type: application/json; charset=utf-8
cache-control: no-cache
content-length: 41

23:08:29.139 [AsyncHttpClient-1-9] DEBUG org.asynchttpclient.netty.channel.ChannelManager - Adding key: http://localhost:59631 for channel [id: 0xa294c9ff, L:/127.0.0.1:64232 - R:localhost/127.0.0.1:59631]
23:08:29.150 [main] DEBUG net.serenitybdd.core.photography.Darkroom - Opening darkroom
23:08:29.152 [Forwarding screenshot on session 9e0262fb516666e3a36b9156ebf40939 to remote] DEBUG org.asynchttpclient.netty.request.NettyRequestSender - Using pooled Channel '[id: 0xa294c9ff, L:/127.0.0.1:64232 - R:localhost/127.0.0.1:59631]' for 'GET' to 'http://localhost:59631/session/9e0262fb516666e3a36b9156ebf40939/screenshot'
23:08:29.153 [Forwarding screenshot on session 9e0262fb516666e3a36b9156ebf40939 to remote] DEBUG org.asynchttpclient.netty.request.NettyRequestSender - Using open Channel [id: 0xa294c9ff, L:/127.0.0.1:64232 - R:localhost/127.0.0.1:59631] for GET '/session/9e0262fb516666e3a36b9156ebf40939/screenshot'
23:08:29.152 [Darkroom Processing Line] DEBUG net.serenitybdd.core.photography.DarkroomProcessingLine - Darkroom processing line starting up
23:08:29.430 [AsyncHttpClient-1-9] DEBUG org.asynchttpclient.netty.handler.HttpHandler - 

Request DefaultFullHttpRequest(decodeResult: success, version: HTTP/1.1, content: EmptyByteBufBE)
GET /session/9e0262fb516666e3a36b9156ebf40939/screenshot HTTP/1.1
User-Agent: selenium/4.1.2 (java windows)
Cache-Control: no-cache
Content-Type: application/json; charset=utf-8
host: localhost:59631
accept: */*

Response DefaultHttpResponse(decodeResult: success, version: HTTP/1.1)
HTTP/1.1 200 OK
Content-Type: application/json; charset=utf-8
cache-control: no-cache
content-length: 37840

23:08:29.431 [AsyncHttpClient-1-9] DEBUG org.asynchttpclient.netty.channel.ChannelManager - Adding key: http://localhost:59631 for channel [id: 0xa294c9ff, L:/127.0.0.1:64232 - R:localhost/127.0.0.1:59631]
23:08:29.436 [main] DEBUG net.serenitybdd.core.photography.Darkroom - Send negative for processing for target\site\serenity\6f2f89e8c5a543dd0a10df9cc2fb4dfa2a13d528c2d3ad44cda943733ef50e85.png
23:08:29.437 [main] DEBUG net.thucydides.core.steps.StepInterceptor - STEP DONE: onLoginPage
  &amp#27;[32mGiven &amp#27;[0m&amp#27;[32m&amp#27;[0m&amp#27;[32m&amp#27;[1mI&amp#27;[0m&amp#27;[32m on login-page&amp#27;[0m                              &amp#27;[90m# stepdefinitions.LogoutStep.onLoginPage(java.lang.String)&amp#27;[0m
23:08:29.467 [main] DEBUG net.thucydides.core.steps.StepInterceptor - STARTING STEP: LogoutStep.inputMyEmail - typeMyEmail
23:08:29.478 [Forwarding findElement on session 9e0262fb516666e3a36b9156ebf40939 to remote] DEBUG org.asynchttpclient.netty.request.NettyRequestSender - Using pooled Channel '[id: 0xa294c9ff, L:/127.0.0.1:64232 - R:localhost/127.0.0.1:59631]' for 'POST' to 'http://localhost:59631/session/9e0262fb516666e3a36b9156ebf40939/element'
23:08:29.479 [Forwarding findElement on session 9e0262fb516666e3a36b9156ebf40939 to remote] DEBUG org.asynchttpclient.netty.request.NettyRequestSender - Using open Channel [id: 0xa294c9ff, L:/127.0.0.1:64232 - R:localhost/127.0.0.1:59631] for POST '/session/9e0262fb516666e3a36b9156ebf40939/element'
23:08:29.513 [AsyncHttpClient-1-9] DEBUG org.asynchttpclient.netty.handler.HttpHandler - 

Request DefaultHttpRequest(decodeResult: success, version: HTTP/1.1)
POST /session/9e0262fb516666e3a36b9156ebf40939/element HTTP/1.1
User-Agent: selenium/4.1.2 (java windows)
Content-Length: 84
Content-Type: application/json; charset=utf-8
host: localhost:59631
accept: */*

Response DefaultHttpResponse(decodeResult: success, version: HTTP/1.1)
HTTP/1.1 200 OK
Content-Type: application/json; charset=utf-8
cache-control: no-cache
content-length: 88

23:08:29.513 [AsyncHttpClient-1-9] DEBUG org.asynchttpclient.netty.channel.ChannelManager - Adding key: http://localhost:59631 for channel [id: 0xa294c9ff, L:/127.0.0.1:64232 - R:localhost/127.0.0.1:59631]
23:08:29.519 [Forwarding sendKeysToElement on session 9e0262fb516666e3a36b9156ebf40939 to remote] DEBUG org.asynchttpclient.netty.request.NettyRequestSender - Using pooled Channel '[id: 0xa294c9ff, L:/127.0.0.1:64232 - R:localhost/127.0.0.1:59631]' for 'POST' to 'http://localhost:59631/session/9e0262fb516666e3a36b9156ebf40939/element/a59e9e71-0ca0-4c99-a1d1-2cb05b9fcac7/value'
23:08:29.519 [Forwarding sendKeysToElement on session 9e0262fb516666e3a36b9156ebf40939 to remote] DEBUG org.asynchttpclient.netty.request.NettyRequestSender - Using open Channel [id: 0xa294c9ff, L:/127.0.0.1:64232 - R:localhost/127.0.0.1:59631] for POST '/session/9e0262fb516666e3a36b9156ebf40939/element/a59e9e71-0ca0-4c99-a1d1-2cb05b9fcac7/value'
23:08:30.128 [AsyncHttpClient-1-9] DEBUG org.asynchttpclient.netty.handler.HttpHandler - 

Request DefaultHttpRequest(decodeResult: success, version: HTTP/1.1)
POST /session/9e0262fb516666e3a36b9156ebf40939/element/a59e9e71-0ca0-4c99-a1d1-2cb05b9fcac7/value HTTP/1.1
User-Agent: selenium/4.1.2 (java windows)
Content-Length: 361
Content-Type: application/json; charset=utf-8
host: localhost:59631
accept: */*

Response DefaultHttpResponse(decodeResult: success, version: HTTP/1.1)
HTTP/1.1 200 OK
Content-Type: application/json; charset=utf-8
cache-control: no-cache
content-length: 14

23:08:30.129 [AsyncHttpClient-1-9] DEBUG org.asynchttpclient.netty.channel.ChannelManager - Adding key: http://localhost:59631 for channel [id: 0xa294c9ff, L:/127.0.0.1:64232 - R:localhost/127.0.0.1:59631]
23:08:30.145 [Forwarding screenshot on session 9e0262fb516666e3a36b9156ebf40939 to remote] DEBUG org.asynchttpclient.netty.request.NettyRequestSender - Using pooled Channel '[id: 0xa294c9ff, L:/127.0.0.1:64232 - R:localhost/127.0.0.1:59631]' for 'GET' to 'http://localhost:59631/session/9e0262fb516666e3a36b9156ebf40939/screenshot'
23:08:30.145 [Forwarding screenshot on session 9e0262fb516666e3a36b9156ebf40939 to remote] DEBUG org.asynchttpclient.netty.request.NettyRequestSender - Using open Channel [id: 0xa294c9ff, L:/127.0.0.1:64232 - R:localhost/127.0.0.1:59631] for GET '/session/9e0262fb516666e3a36b9156ebf40939/screenshot'
23:08:30.567 [AsyncHttpClient-1-9] DEBUG org.asynchttpclient.netty.handler.HttpHandler - 

Request DefaultFullHttpRequest(decodeResult: success, version: HTTP/1.1, content: EmptyByteBufBE)
GET /session/9e0262fb516666e3a36b9156ebf40939/screenshot HTTP/1.1
User-Agent: selenium/4.1.2 (java windows)
Cache-Control: no-cache
Content-Type: application/json; charset=utf-8
host: localhost:59631
accept: */*

Response DefaultHttpResponse(decodeResult: success, version: HTTP/1.1)
HTTP/1.1 200 OK
Content-Type: application/json; charset=utf-8
cache-control: no-cache
content-length: 47252

23:08:30.571 [AsyncHttpClient-1-9] DEBUG org.asynchttpclient.netty.channel.ChannelManager - Adding key: http://localhost:59631 for channel [id: 0xa294c9ff, L:/127.0.0.1:64232 - R:localhost/127.0.0.1:59631]
23:08:30.577 [main] DEBUG net.serenitybdd.core.photography.Darkroom - Send negative for processing for target\site\serenity\ebf685c09f61e5109e12366052587d85e70e3fd6d7e068d92cde1bb3145a3445.png
23:08:30.577 [main] DEBUG net.thucydides.core.steps.StepInterceptor - STEP DONE: typeMyEmail
  &amp#27;[32mWhen &amp#27;[0m&amp#27;[32mI input my email &amp#27;[0m&amp#27;[32m&amp#27;[1mlandon.mcdermott@hotmail.com&amp#27;[0m &amp#27;[90m# stepdefinitions.LogoutStep.inputMyEmail(java.lang.String)&amp#27;[0m
23:08:30.580 [Darkroom Processing Line] DEBUG net.serenitybdd.core.photography.DarkroomProcessingLine - Processing screenshot image in /var/screenshots/screenshot-17101446460108340451
23:08:30.580 [Darkroom Processing Line] DEBUG net.serenitybdd.core.photography.DarkroomProcessingLine - Saving screenshot to target\site\serenity\ebf685c09f61e5109e12366052587d85e70e3fd6d7e068d92cde1bb3145a3445.png
23:08:30.675 [Forwarding screenshot on session 9e0262fb516666e3a36b9156ebf40939 to remote] DEBUG org.asynchttpclient.netty.request.NettyRequestSender - Using pooled Channel '[id: 0xa294c9ff, L:/127.0.0.1:64232 - R:localhost/127.0.0.1:59631]' for 'GET' to 'http://localhost:59631/session/9e0262fb516666e3a36b9156ebf40939/screenshot'
23:08:30.675 [Forwarding screenshot on session 9e0262fb516666e3a36b9156ebf40939 to remote] DEBUG org.asynchttpclient.netty.request.NettyRequestSender - Using open Channel [id: 0xa294c9ff, L:/127.0.0.1:64232 - R:localhost/127.0.0.1:59631] for GET '/session/9e0262fb516666e3a36b9156ebf40939/screenshot'
23:08:30.951 [AsyncHttpClient-1-9] DEBUG org.asynchttpclient.netty.handler.HttpHandler - 

Request DefaultFullHttpRequest(decodeResult: success, version: HTTP/1.1, content: EmptyByteBufBE)
GET /session/9e0262fb516666e3a36b9156ebf40939/screenshot HTTP/1.1
User-Agent: selenium/4.1.2 (java windows)
Cache-Control: no-cache
Content-Type: application/json; charset=utf-8
host: localhost:59631
accept: */*

Response DefaultHttpResponse(decodeResult: success, version: HTTP/1.1)
HTTP/1.1 200 OK
Content-Type: application/json; charset=utf-8
cache-control: no-cache
content-length: 47184

23:08:30.954 [AsyncHttpClient-1-9] DEBUG org.asynchttpclient.netty.channel.ChannelManager - Adding key: http://localhost:59631 for channel [id: 0xa294c9ff, L:/127.0.0.1:64232 - R:localhost/127.0.0.1:59631]
23:08:30.960 [main] DEBUG net.serenitybdd.core.photography.Darkroom - Send negative for processing for target\site\serenity\084b19f88f8b116301be548ba6210cb29fe82a369b418f81db18691b4c2d620b.png
23:08:30.961 [main] DEBUG net.thucydides.core.steps.StepInterceptor - STARTING STEP: LogoutStep.inputMyPassword - typeMyPassword
23:08:30.962 [Darkroom Processing Line] DEBUG net.serenitybdd.core.photography.DarkroomProcessingLine - Processing screenshot image in /var/screenshots/screenshot-17955158872061141457
23:08:30.962 [Darkroom Processing Line] DEBUG net.serenitybdd.core.photography.DarkroomProcessingLine - Saving screenshot to target\site\serenity\084b19f88f8b116301be548ba6210cb29fe82a369b418f81db18691b4c2d620b.png
23:08:30.970 [Forwarding findElement on session 9e0262fb516666e3a36b9156ebf40939 to remote] DEBUG org.asynchttpclient.netty.request.NettyRequestSender - Using pooled Channel '[id: 0xa294c9ff, L:/127.0.0.1:64232 - R:localhost/127.0.0.1:59631]' for 'POST' to 'http://localhost:59631/session/9e0262fb516666e3a36b9156ebf40939/element'
23:08:30.970 [Forwarding findElement on session 9e0262fb516666e3a36b9156ebf40939 to remote] DEBUG org.asynchttpclient.netty.request.NettyRequestSender - Using open Channel [id: 0xa294c9ff, L:/127.0.0.1:64232 - R:localhost/127.0.0.1:59631] for POST '/session/9e0262fb516666e3a36b9156ebf40939/element'
23:08:31.055 [AsyncHttpClient-1-9] DEBUG org.asynchttpclient.netty.handler.HttpHandler - 

Request DefaultHttpRequest(decodeResult: success, version: HTTP/1.1)
POST /session/9e0262fb516666e3a36b9156ebf40939/element HTTP/1.1
User-Agent: selenium/4.1.2 (java windows)
Content-Length: 87
Content-Type: application/json; charset=utf-8
host: localhost:59631
accept: */*

Response DefaultHttpResponse(decodeResult: success, version: HTTP/1.1)
HTTP/1.1 200 OK
Content-Type: application/json; charset=utf-8
cache-control: no-cache
content-length: 88

23:08:31.056 [AsyncHttpClient-1-9] DEBUG org.asynchttpclient.netty.channel.ChannelManager - Adding key: http://localhost:59631 for channel [id: 0xa294c9ff, L:/127.0.0.1:64232 - R:localhost/127.0.0.1:59631]
23:08:31.060 [Forwarding sendKeysToElement on session 9e0262fb516666e3a36b9156ebf40939 to remote] DEBUG org.asynchttpclient.netty.request.NettyRequestSender - Using pooled Channel '[id: 0xa294c9ff, L:/127.0.0.1:64232 - R:localhost/127.0.0.1:59631]' for 'POST' to 'http://localhost:59631/session/9e0262fb516666e3a36b9156ebf40939/element/b462781d-cd74-4f2d-bfa9-ba298ccf23c0/value'
23:08:31.060 [Forwarding sendKeysToElement on session 9e0262fb516666e3a36b9156ebf40939 to remote] DEBUG org.asynchttpclient.netty.request.NettyRequestSender - Using open Channel [id: 0xa294c9ff, L:/127.0.0.1:64232 - R:localhost/127.0.0.1:59631] for POST '/session/9e0262fb516666e3a36b9156ebf40939/element/b462781d-cd74-4f2d-bfa9-ba298ccf23c0/value'
23:08:31.672 [AsyncHttpClient-1-9] DEBUG org.asynchttpclient.netty.handler.HttpHandler - 

Request DefaultHttpRequest(decodeResult: success, version: HTTP/1.1)
POST /session/9e0262fb516666e3a36b9156ebf40939/element/b462781d-cd74-4f2d-bfa9-ba298ccf23c0/value HTTP/1.1
User-Agent: selenium/4.1.2 (java windows)
Content-Length: 131
Content-Type: application/json; charset=utf-8
host: localhost:59631
accept: */*

Response DefaultHttpResponse(decodeResult: success, version: HTTP/1.1)
HTTP/1.1 200 OK
Content-Type: application/json; charset=utf-8
cache-control: no-cache
content-length: 14

23:08:31.672 [AsyncHttpClient-1-9] DEBUG org.asynchttpclient.netty.channel.ChannelManager - Adding key: http://localhost:59631 for channel [id: 0xa294c9ff, L:/127.0.0.1:64232 - R:localhost/127.0.0.1:59631]
23:08:31.699 [Forwarding screenshot on session 9e0262fb516666e3a36b9156ebf40939 to remote] DEBUG org.asynchttpclient.netty.request.NettyRequestSender - Using pooled Channel '[id: 0xa294c9ff, L:/127.0.0.1:64232 - R:localhost/127.0.0.1:59631]' for 'GET' to 'http://localhost:59631/session/9e0262fb516666e3a36b9156ebf40939/screenshot'
23:08:31.700 [Forwarding screenshot on session 9e0262fb516666e3a36b9156ebf40939 to remote] DEBUG org.asynchttpclient.netty.request.NettyRequestSender - Using open Channel [id: 0xa294c9ff, L:/127.0.0.1:64232 - R:localhost/127.0.0.1:59631] for GET '/session/9e0262fb516666e3a36b9156ebf40939/screenshot'
23:08:32.459 [AsyncHttpClient-1-9] DEBUG org.asynchttpclient.netty.handler.HttpHandler - 

Request DefaultFullHttpRequest(decodeResult: success, version: HTTP/1.1, content: EmptyByteBufBE)
GET /session/9e0262fb516666e3a36b9156ebf40939/screenshot HTTP/1.1
User-Agent: selenium/4.1.2 (java windows)
Cache-Control: no-cache
Content-Type: application/json; charset=utf-8
host: localhost:59631
accept: */*

Response DefaultHttpResponse(decodeResult: success, version: HTTP/1.1)
HTTP/1.1 200 OK
Content-Type: application/json; charset=utf-8
cache-control: no-cache
content-length: 48164

23:08:32.460 [AsyncHttpClient-1-9] DEBUG org.asynchttpclient.netty.channel.ChannelManager - Adding key: http://localhost:59631 for channel [id: 0xa294c9ff, L:/127.0.0.1:64232 - R:localhost/127.0.0.1:59631]
23:08:32.499 [main] DEBUG net.serenitybdd.core.photography.Darkroom - Send negative for processing for target\site\serenity\9b29fb31c26d77f67945ba59c4ebce527314790b666c481d145a69c5d156695a.png
23:08:32.501 [main] DEBUG net.thucydides.core.steps.StepInterceptor - STEP DONE: typeMyPassword
23:08:32.504 [Darkroom Processing Line] DEBUG net.serenitybdd.core.photography.DarkroomProcessingLine - Processing screenshot image in /var/screenshots/screenshot-10352567878047289517
23:08:32.504 [Darkroom Processing Line] DEBUG net.serenitybdd.core.photography.DarkroomProcessingLine - Saving screenshot to target\site\serenity\9b29fb31c26d77f67945ba59c4ebce527314790b666c481d145a69c5d156695a.png
23:08:32.514 [main] DEBUG net.thucydides.core.steps.StepInterceptor - STARTING STEP: LogoutStep.inputMyPassword - clickLoginButton
23:08:32.521 [Forwarding findElement on session 9e0262fb516666e3a36b9156ebf40939 to remote] DEBUG org.asynchttpclient.netty.request.NettyRequestSender - Using pooled Channel '[id: 0xa294c9ff, L:/127.0.0.1:64232 - R:localhost/127.0.0.1:59631]' for 'POST' to 'http://localhost:59631/session/9e0262fb516666e3a36b9156ebf40939/element'
23:08:32.522 [Forwarding findElement on session 9e0262fb516666e3a36b9156ebf40939 to remote] DEBUG org.asynchttpclient.netty.request.NettyRequestSender - Using open Channel [id: 0xa294c9ff, L:/127.0.0.1:64232 - R:localhost/127.0.0.1:59631] for POST '/session/9e0262fb516666e3a36b9156ebf40939/element'
23:08:32.543 [AsyncHttpClient-1-9] DEBUG org.asynchttpclient.netty.handler.HttpHandler - 

Request DefaultHttpRequest(decodeResult: success, version: HTTP/1.1)
POST /session/9e0262fb516666e3a36b9156ebf40939/element HTTP/1.1
User-Agent: selenium/4.1.2 (java windows)
Content-Length: 155
Content-Type: application/json; charset=utf-8
host: localhost:59631
accept: */*

Response DefaultHttpResponse(decodeResult: success, version: HTTP/1.1)
HTTP/1.1 200 OK
Content-Type: application/json; charset=utf-8
cache-control: no-cache
content-length: 88

23:08:32.543 [AsyncHttpClient-1-9] DEBUG org.asynchttpclient.netty.channel.ChannelManager - Adding key: http://localhost:59631 for channel [id: 0xa294c9ff, L:/127.0.0.1:64232 - R:localhost/127.0.0.1:59631]
23:08:32.546 [Forwarding getElementTagName on session 9e0262fb516666e3a36b9156ebf40939 to remote] DEBUG org.asynchttpclient.netty.request.NettyRequestSender - Using pooled Channel '[id: 0xa294c9ff, L:/127.0.0.1:64232 - R:localhost/127.0.0.1:59631]' for 'GET' to 'http://localhost:59631/session/9e0262fb516666e3a36b9156ebf40939/element/d69efbee-9265-452c-9ab3-a9ce104c2433/name'
23:08:32.547 [Forwarding getElementTagName on session 9e0262fb516666e3a36b9156ebf40939 to remote] DEBUG org.asynchttpclient.netty.request.NettyRequestSender - Using open Channel [id: 0xa294c9ff, L:/127.0.0.1:64232 - R:localhost/127.0.0.1:59631] for GET '/session/9e0262fb516666e3a36b9156ebf40939/element/d69efbee-9265-452c-9ab3-a9ce104c2433/name'
23:08:32.557 [AsyncHttpClient-1-9] DEBUG org.asynchttpclient.netty.handler.HttpHandler - 

Request DefaultFullHttpRequest(decodeResult: success, version: HTTP/1.1, content: EmptyByteBufBE)
GET /session/9e0262fb516666e3a36b9156ebf40939/element/d69efbee-9265-452c-9ab3-a9ce104c2433/name HTTP/1.1
User-Agent: selenium/4.1.2 (java windows)
Cache-Control: no-cache
Content-Type: application/json; charset=utf-8
host: localhost:59631
accept: */*

Response DefaultHttpResponse(decodeResult: success, version: HTTP/1.1)
HTTP/1.1 200 OK
Content-Type: application/json; charset=utf-8
cache-control: no-cache
content-length: 18

23:08:32.557 [AsyncHttpClient-1-9] DEBUG org.asynchttpclient.netty.channel.ChannelManager - Adding key: http://localhost:59631 for channel [id: 0xa294c9ff, L:/127.0.0.1:64232 - R:localhost/127.0.0.1:59631]
23:08:32.559 [Forwarding getElementTagName on session 9e0262fb516666e3a36b9156ebf40939 to remote] DEBUG org.asynchttpclient.netty.request.NettyRequestSender - Using pooled Channel '[id: 0xa294c9ff, L:/127.0.0.1:64232 - R:localhost/127.0.0.1:59631]' for 'GET' to 'http://localhost:59631/session/9e0262fb516666e3a36b9156ebf40939/element/d69efbee-9265-452c-9ab3-a9ce104c2433/name'
23:08:32.560 [Forwarding getElementTagName on session 9e0262fb516666e3a36b9156ebf40939 to remote] DEBUG org.asynchttpclient.netty.request.NettyRequestSender - Using open Channel [id: 0xa294c9ff, L:/127.0.0.1:64232 - R:localhost/127.0.0.1:59631] for GET '/session/9e0262fb516666e3a36b9156ebf40939/element/d69efbee-9265-452c-9ab3-a9ce104c2433/name'
23:08:32.569 [AsyncHttpClient-1-9] DEBUG org.asynchttpclient.netty.handler.HttpHandler - 

Request DefaultFullHttpRequest(decodeResult: success, version: HTTP/1.1, content: EmptyByteBufBE)
GET /session/9e0262fb516666e3a36b9156ebf40939/element/d69efbee-9265-452c-9ab3-a9ce104c2433/name HTTP/1.1
User-Agent: selenium/4.1.2 (java windows)
Cache-Control: no-cache
Content-Type: application/json; charset=utf-8
host: localhost:59631
accept: */*

Response DefaultHttpResponse(decodeResult: success, version: HTTP/1.1)
HTTP/1.1 200 OK
Content-Type: application/json; charset=utf-8
cache-control: no-cache
content-length: 18

23:08:32.570 [AsyncHttpClient-1-9] DEBUG org.asynchttpclient.netty.channel.ChannelManager - Adding key: http://localhost:59631 for channel [id: 0xa294c9ff, L:/127.0.0.1:64232 - R:localhost/127.0.0.1:59631]
23:08:32.574 [Forwarding isElementEnabled on session 9e0262fb516666e3a36b9156ebf40939 to remote] DEBUG org.asynchttpclient.netty.request.NettyRequestSender - Using pooled Channel '[id: 0xa294c9ff, L:/127.0.0.1:64232 - R:localhost/127.0.0.1:59631]' for 'GET' to 'http://localhost:59631/session/9e0262fb516666e3a36b9156ebf40939/element/d69efbee-9265-452c-9ab3-a9ce104c2433/enabled'
23:08:32.574 [Forwarding isElementEnabled on session 9e0262fb516666e3a36b9156ebf40939 to remote] DEBUG org.asynchttpclient.netty.request.NettyRequestSender - Using open Channel [id: 0xa294c9ff, L:/127.0.0.1:64232 - R:localhost/127.0.0.1:59631] for GET '/session/9e0262fb516666e3a36b9156ebf40939/element/d69efbee-9265-452c-9ab3-a9ce104c2433/enabled'
23:08:32.593 [AsyncHttpClient-1-9] DEBUG org.asynchttpclient.netty.handler.HttpHandler - 

Request DefaultFullHttpRequest(decodeResult: success, version: HTTP/1.1, content: EmptyByteBufBE)
GET /session/9e0262fb516666e3a36b9156ebf40939/element/d69efbee-9265-452c-9ab3-a9ce104c2433/enabled HTTP/1.1
User-Agent: selenium/4.1.2 (java windows)
Cache-Control: no-cache
Content-Type: application/json; charset=utf-8
host: localhost:59631
accept: */*

Response DefaultHttpResponse(decodeResult: success, version: HTTP/1.1)
HTTP/1.1 200 OK
Content-Type: application/json; charset=utf-8
cache-control: no-cache
content-length: 14

23:08:32.593 [AsyncHttpClient-1-9] DEBUG org.asynchttpclient.netty.channel.ChannelManager - Adding key: http://localhost:59631 for channel [id: 0xa294c9ff, L:/127.0.0.1:64232 - R:localhost/127.0.0.1:59631]
23:08:32.599 [Forwarding isElementEnabled on session 9e0262fb516666e3a36b9156ebf40939 to remote] DEBUG org.asynchttpclient.netty.request.NettyRequestSender - Using pooled Channel '[id: 0xa294c9ff, L:/127.0.0.1:64232 - R:localhost/127.0.0.1:59631]' for 'GET' to 'http://localhost:59631/session/9e0262fb516666e3a36b9156ebf40939/element/d69efbee-9265-452c-9ab3-a9ce104c2433/enabled'
23:08:32.600 [Forwarding isElementEnabled on session 9e0262fb516666e3a36b9156ebf40939 to remote] DEBUG org.asynchttpclient.netty.request.NettyRequestSender - Using open Channel [id: 0xa294c9ff, L:/127.0.0.1:64232 - R:localhost/127.0.0.1:59631] for GET '/session/9e0262fb516666e3a36b9156ebf40939/element/d69efbee-9265-452c-9ab3-a9ce104c2433/enabled'
23:08:32.615 [AsyncHttpClient-1-9] DEBUG org.asynchttpclient.netty.handler.HttpHandler - 

Request DefaultFullHttpRequest(decodeResult: success, version: HTTP/1.1, content: EmptyByteBufBE)
GET /session/9e0262fb516666e3a36b9156ebf40939/element/d69efbee-9265-452c-9ab3-a9ce104c2433/enabled HTTP/1.1
User-Agent: selenium/4.1.2 (java windows)
Cache-Control: no-cache
Content-Type: application/json; charset=utf-8
host: localhost:59631
accept: */*

Response DefaultHttpResponse(decodeResult: success, version: HTTP/1.1)
HTTP/1.1 200 OK
Content-Type: application/json; charset=utf-8
cache-control: no-cache
content-length: 14

23:08:32.615 [AsyncHttpClient-1-9] DEBUG org.asynchttpclient.netty.channel.ChannelManager - Adding key: http://localhost:59631 for channel [id: 0xa294c9ff, L:/127.0.0.1:64232 - R:localhost/127.0.0.1:59631]
23:08:32.621 [Forwarding findElement on session 9e0262fb516666e3a36b9156ebf40939 to remote] DEBUG org.asynchttpclient.netty.request.NettyRequestSender - Using pooled Channel '[id: 0xa294c9ff, L:/127.0.0.1:64232 - R:localhost/127.0.0.1:59631]' for 'POST' to 'http://localhost:59631/session/9e0262fb516666e3a36b9156ebf40939/element'
23:08:32.621 [Forwarding findElement on session 9e0262fb516666e3a36b9156ebf40939 to remote] DEBUG org.asynchttpclient.netty.request.NettyRequestSender - Using open Channel [id: 0xa294c9ff, L:/127.0.0.1:64232 - R:localhost/127.0.0.1:59631] for POST '/session/9e0262fb516666e3a36b9156ebf40939/element'
23:08:32.640 [AsyncHttpClient-1-9] DEBUG org.asynchttpclient.netty.handler.HttpHandler - 

Request DefaultHttpRequest(decodeResult: success, version: HTTP/1.1)
POST /session/9e0262fb516666e3a36b9156ebf40939/element HTTP/1.1
User-Agent: selenium/4.1.2 (java windows)
Content-Length: 155
Content-Type: application/json; charset=utf-8
host: localhost:59631
accept: */*

Response DefaultHttpResponse(decodeResult: success, version: HTTP/1.1)
HTTP/1.1 200 OK
Content-Type: application/json; charset=utf-8
cache-control: no-cache
content-length: 88

23:08:32.640 [AsyncHttpClient-1-9] DEBUG org.asynchttpclient.netty.channel.ChannelManager - Adding key: http://localhost:59631 for channel [id: 0xa294c9ff, L:/127.0.0.1:64232 - R:localhost/127.0.0.1:59631]
23:08:32.644 [Forwarding clickElement on session 9e0262fb516666e3a36b9156ebf40939 to remote] DEBUG org.asynchttpclient.netty.request.NettyRequestSender - Using pooled Channel '[id: 0xa294c9ff, L:/127.0.0.1:64232 - R:localhost/127.0.0.1:59631]' for 'POST' to 'http://localhost:59631/session/9e0262fb516666e3a36b9156ebf40939/element/d69efbee-9265-452c-9ab3-a9ce104c2433/click'
23:08:32.644 [Forwarding clickElement on session 9e0262fb516666e3a36b9156ebf40939 to remote] DEBUG org.asynchttpclient.netty.request.NettyRequestSender - Using open Channel [id: 0xa294c9ff, L:/127.0.0.1:64232 - R:localhost/127.0.0.1:59631] for POST '/session/9e0262fb516666e3a36b9156ebf40939/element/d69efbee-9265-452c-9ab3-a9ce104c2433/click'
23:08:32.749 [AsyncHttpClient-1-9] DEBUG org.asynchttpclient.netty.handler.HttpHandler - 

Request DefaultHttpRequest(decodeResult: success, version: HTTP/1.1)
POST /session/9e0262fb516666e3a36b9156ebf40939/element/d69efbee-9265-452c-9ab3-a9ce104c2433/click HTTP/1.1
User-Agent: selenium/4.1.2 (java windows)
Content-Length: 50
Content-Type: application/json; charset=utf-8
host: localhost:59631
accept: */*

Response DefaultHttpResponse(decodeResult: success, version: HTTP/1.1)
HTTP/1.1 200 OK
Content-Type: application/json; charset=utf-8
cache-control: no-cache
content-length: 14

23:08:32.749 [AsyncHttpClient-1-9] DEBUG org.asynchttpclient.netty.channel.ChannelManager - Adding key: http://localhost:59631 for channel [id: 0xa294c9ff, L:/127.0.0.1:64232 - R:localhost/127.0.0.1:59631]
23:08:32.765 [Forwarding screenshot on session 9e0262fb516666e3a36b9156ebf40939 to remote] DEBUG org.asynchttpclient.netty.request.NettyRequestSender - Using pooled Channel '[id: 0xa294c9ff, L:/127.0.0.1:64232 - R:localhost/127.0.0.1:59631]' for 'GET' to 'http://localhost:59631/session/9e0262fb516666e3a36b9156ebf40939/screenshot'
23:08:32.771 [Forwarding screenshot on session 9e0262fb516666e3a36b9156ebf40939 to remote] DEBUG org.asynchttpclient.netty.request.NettyRequestSender - Using open Channel [id: 0xa294c9ff, L:/127.0.0.1:64232 - R:localhost/127.0.0.1:59631] for GET '/session/9e0262fb516666e3a36b9156ebf40939/screenshot'
23:08:33.398 [AsyncHttpClient-1-9] DEBUG org.asynchttpclient.netty.handler.HttpHandler - 

Request DefaultFullHttpRequest(decodeResult: success, version: HTTP/1.1, content: EmptyByteBufBE)
GET /session/9e0262fb516666e3a36b9156ebf40939/screenshot HTTP/1.1
User-Agent: selenium/4.1.2 (java windows)
Cache-Control: no-cache
Content-Type: application/json; charset=utf-8
host: localhost:59631
accept: */*

Response DefaultHttpResponse(decodeResult: success, version: HTTP/1.1)
HTTP/1.1 200 OK
Content-Type: application/json; charset=utf-8
cache-control: no-cache
content-length: 47168

23:08:33.400 [AsyncHttpClient-1-9] DEBUG org.asynchttpclient.netty.channel.ChannelManager - Adding key: http://localhost:59631 for channel [id: 0xa294c9ff, L:/127.0.0.1:64232 - R:localhost/127.0.0.1:59631]
23:08:33.404 [main] DEBUG net.serenitybdd.core.photography.Darkroom - Send negative for processing for target\site\serenity\439fadd2c629685be78a9ed64866c093189fb5c2215d0bd70aa8b7eef52503c8.png
23:08:33.405 [main] DEBUG net.thucydides.core.steps.StepInterceptor - STEP DONE: clickLoginButton
  &amp#27;[32mAnd &amp#27;[0m&amp#27;[32mI input my password &amp#27;[0m&amp#27;[32m&amp#27;[1maiueo&amp#27;[0m                      &amp#27;[90m# stepdefinitions.LogoutStep.inputMyPassword(java.lang.String)&amp#27;[0m
23:08:33.405 [Darkroom Processing Line] DEBUG net.serenitybdd.core.photography.DarkroomProcessingLine - Processing screenshot image in /var/screenshots/screenshot-2167629379040158473
23:08:33.406 [Darkroom Processing Line] DEBUG net.serenitybdd.core.photography.DarkroomProcessingLine - Saving screenshot to target\site\serenity\439fadd2c629685be78a9ed64866c093189fb5c2215d0bd70aa8b7eef52503c8.png
23:08:33.443 [main] DEBUG net.thucydides.core.steps.StepInterceptor - STARTING STEP: LogoutStep.iOnLandingPage - validateOnHomePage
23:08:33.446 [Forwarding findElement on session 9e0262fb516666e3a36b9156ebf40939 to remote] DEBUG org.asynchttpclient.netty.request.NettyRequestSender - Using pooled Channel '[id: 0xa294c9ff, L:/127.0.0.1:64232 - R:localhost/127.0.0.1:59631]' for 'POST' to 'http://localhost:59631/session/9e0262fb516666e3a36b9156ebf40939/element'
23:08:33.447 [Forwarding findElement on session 9e0262fb516666e3a36b9156ebf40939 to remote] DEBUG org.asynchttpclient.netty.request.NettyRequestSender - Using open Channel [id: 0xa294c9ff, L:/127.0.0.1:64232 - R:localhost/127.0.0.1:59631] for POST '/session/9e0262fb516666e3a36b9156ebf40939/element'
23:08:35.482 [AsyncHttpClient-1-9] DEBUG org.asynchttpclient.netty.handler.HttpHandler - 

Request DefaultHttpRequest(decodeResult: success, version: HTTP/1.1)
POST /session/9e0262fb516666e3a36b9156ebf40939/element HTTP/1.1
User-Agent: selenium/4.1.2 (java windows)
Content-Length: 82
Content-Type: application/json; charset=utf-8
host: localhost:59631
accept: */*

Response DefaultHttpResponse(decodeResult: success, version: HTTP/1.1)
HTTP/1.1 404 Not Found
Content-Type: application/json; charset=utf-8
cache-control: no-cache
content-length: 1036

23:08:35.483 [AsyncHttpClient-1-9] DEBUG org.asynchttpclient.netty.channel.ChannelManager - Adding key: http://localhost:59631 for channel [id: 0xa294c9ff, L:/127.0.0.1:64232 - R:localhost/127.0.0.1:59631]
23:08:35.492 [Forwarding screenshot on session 9e0262fb516666e3a36b9156ebf40939 to remote] DEBUG org.asynchttpclient.netty.request.NettyRequestSender - Using pooled Channel '[id: 0xa294c9ff, L:/127.0.0.1:64232 - R:localhost/127.0.0.1:59631]' for 'GET' to 'http://localhost:59631/session/9e0262fb516666e3a36b9156ebf40939/screenshot'
23:08:35.492 [Forwarding screenshot on session 9e0262fb516666e3a36b9156ebf40939 to remote] DEBUG org.asynchttpclient.netty.request.NettyRequestSender - Using open Channel [id: 0xa294c9ff, L:/127.0.0.1:64232 - R:localhost/127.0.0.1:59631] for GET '/session/9e0262fb516666e3a36b9156ebf40939/screenshot'
23:08:35.661 [AsyncHttpClient-1-9] DEBUG org.asynchttpclient.netty.handler.HttpHandler - 

Request DefaultFullHttpRequest(decodeResult: success, version: HTTP/1.1, content: EmptyByteBufBE)
GET /session/9e0262fb516666e3a36b9156ebf40939/screenshot HTTP/1.1
User-Agent: selenium/4.1.2 (java windows)
Cache-Control: no-cache
Content-Type: application/json; charset=utf-8
host: localhost:59631
accept: */*

Response DefaultHttpResponse(decodeResult: success, version: HTTP/1.1)
HTTP/1.1 200 OK
Content-Type: application/json; charset=utf-8
cache-control: no-cache
content-length: 47128

23:08:35.662 [AsyncHttpClient-1-9] DEBUG org.asynchttpclient.netty.channel.ChannelManager - Adding key: http://localhost:59631 for channel [id: 0xa294c9ff, L:/127.0.0.1:64232 - R:localhost/127.0.0.1:59631]
23:08:35.664 [main] DEBUG net.serenitybdd.core.photography.Darkroom - Send negative for processing for target\site\serenity\d7f661c2e531cd4d5e5fc391cdcd1ad937d8502247b058ba3a78c7fe9306be29.png
23:08:35.668 [Forwarding getPageSource on session 9e0262fb516666e3a36b9156ebf40939 to remote] DEBUG org.asynchttpclient.netty.request.NettyRequestSender - Using pooled Channel '[id: 0xa294c9ff, L:/127.0.0.1:64232 - R:localhost/127.0.0.1:59631]' for 'POST' to 'http://localhost:59631/session/9e0262fb516666e3a36b9156ebf40939/execute/sync'
23:08:35.668 [Forwarding getPageSource on session 9e0262fb516666e3a36b9156ebf40939 to remote] DEBUG org.asynchttpclient.netty.request.NettyRequestSender - Using open Channel [id: 0xa294c9ff, L:/127.0.0.1:64232 - R:localhost/127.0.0.1:59631] for POST '/session/9e0262fb516666e3a36b9156ebf40939/execute/sync'
23:08:35.680 [AsyncHttpClient-1-9] DEBUG org.asynchttpclient.netty.handler.HttpHandler - 

Request DefaultHttpRequest(decodeResult: success, version: HTTP/1.1)
POST /session/9e0262fb516666e3a36b9156ebf40939/execute/sync HTTP/1.1
User-Agent: selenium/4.1.2 (java windows)
Content-Length: 176
Content-Type: application/json; charset=utf-8
host: localhost:59631
accept: */*

Response DefaultHttpResponse(decodeResult: success, version: HTTP/1.1)
HTTP/1.1 200 OK
Content-Type: application/json; charset=utf-8
cache-control: no-cache
content-length: 21788

23:08:35.680 [AsyncHttpClient-1-9] DEBUG org.asynchttpclient.netty.channel.ChannelManager - Adding key: http://localhost:59631 for channel [id: 0xa294c9ff, L:/127.0.0.1:64232 - R:localhost/127.0.0.1:59631]
23:08:35.688 [Forwarding getCurrentUrl on session 9e0262fb516666e3a36b9156ebf40939 to remote] DEBUG org.asynchttpclient.netty.request.NettyRequestSender - Using pooled Channel '[id: 0xa294c9ff, L:/127.0.0.1:64232 - R:localhost/127.0.0.1:59631]' for 'GET' to 'http://localhost:59631/session/9e0262fb516666e3a36b9156ebf40939/url'
23:08:35.688 [Forwarding getCurrentUrl on session 9e0262fb516666e3a36b9156ebf40939 to remote] DEBUG org.asynchttpclient.netty.request.NettyRequestSender - Using open Channel [id: 0xa294c9ff, L:/127.0.0.1:64232 - R:localhost/127.0.0.1:59631] for GET '/session/9e0262fb516666e3a36b9156ebf40939/url'
23:08:35.699 [AsyncHttpClient-1-9] DEBUG org.asynchttpclient.netty.handler.HttpHandler - 

Request DefaultFullHttpRequest(decodeResult: success, version: HTTP/1.1, content: EmptyByteBufBE)
GET /session/9e0262fb516666e3a36b9156ebf40939/url HTTP/1.1
User-Agent: selenium/4.1.2 (java windows)
Cache-Control: no-cache
Content-Type: application/json; charset=utf-8
host: localhost:59631
accept: */*

Response DefaultHttpResponse(decodeResult: success, version: HTTP/1.1)
HTTP/1.1 200 OK
Content-Type: application/json; charset=utf-8
cache-control: no-cache
content-length: 41

23:08:35.699 [AsyncHttpClient-1-9] DEBUG org.asynchttpclient.netty.channel.ChannelManager - Adding key: http://localhost:59631 for channel [id: 0xa294c9ff, L:/127.0.0.1:64232 - R:localhost/127.0.0.1:59631]
  &amp#27;[31mAnd &amp#27;[0m&amp#27;[31mI on landing page&amp#27;[0m                              &amp#27;[90m# stepdefinitions.LogoutStep.iOnLandingPage()&amp#27;[0m
      &amp#27;[31morg.openqa.selenium.NoSuchElementException: no such element: Unable to locate element: {"method":"xpath","selector":"(//div/*[@role="button"])[2]"}
  (Session info: chrome=101.0.4951.67)
For documentation on this error, please visit: https://selenium.dev/exceptions/#no_such_element
Build info: version: '4.1.2', revision: '9a5a329c5a'
System info: host: 'LAPTOP-9MG0RTAB', ip: '192.168.172.95', os.name: 'Windows 10', os.arch: 'amd64', os.version: '10.0', java.version: '11.0.14'
Driver info: org.openqa.selenium.chrome.ChromeDriver
Command: [9e0262fb516666e3a36b9156ebf40939, findElement {using=xpath, value=(//div/*[@role="button"])[2]}]
Capabilities {acceptInsecureCerts: false, browserName: chrome, browserVersion: 101.0.4951.67, chrome: {chromedriverVersion: 101.0.4951.41 (93c720db8323..., userDataDir: C:\Users\SITINU~1\AppData\L...}, goog:chromeOptions: {debuggerAddress: localhost:64233}, javascriptEnabled: true, networkConnectionEnabled: false, pageLoadStrategy: normal, platform: WINDOWS, platformName: WINDOWS, proxy: Proxy(), se:cdp: ws://localhost:64233/devtoo..., se:cdpVersion: 101.0.4951.67, setWindowRect: true, strictFileInteractability: false, timeouts: {implicit: 0, pageLoad: 300000, script: 30000}, unhandledPromptBehavior: dismiss and notify, webauthn:extension:credBlob: true, webauthn:extension:largeBlob: true, webauthn:virtualAuthenticators: true}
Session ID: 9e0262fb516666e3a36b9156ebf40939
	at java.base/jdk.internal.reflect.NativeConstructorAccessorImpl.newInstance0(Native Method)
	at java.base/jdk.internal.reflect.NativeConstructorAccessorImpl.newInstance(NativeConstructorAccessorImpl.java:62)
	at java.base/jdk.internal.reflect.DelegatingConstructorAccessorImpl.newInstance(DelegatingConstructorAccessorImpl.java:45)
	at java.base/java.lang.reflect.Constructor.newInstance(Constructor.java:490)
	at org.openqa.selenium.remote.codec.w3c.W3CHttpResponseCodec.createException(W3CHttpResponseCodec.java:200)
	at org.openqa.selenium.remote.codec.w3c.W3CHttpResponseCodec.decode(W3CHttpResponseCodec.java:133)
	at org.openqa.selenium.remote.codec.w3c.W3CHttpResponseCodec.decode(W3CHttpResponseCodec.java:53)
	at org.openqa.selenium.remote.HttpCommandExecutor.execute(HttpCommandExecutor.java:184)
	at org.openqa.selenium.remote.service.DriverCommandExecutor.invokeExecute(DriverCommandExecutor.java:167)
	at org.openqa.selenium.remote.service.DriverCommandExecutor.execute(DriverCommandExecutor.java:142)
	at org.openqa.selenium.remote.RemoteWebDriver.execute(RemoteWebDriver.java:558)
	at org.openqa.selenium.remote.ElementLocation$ElementFinder$2.findElement(ElementLocation.java:162)
	at org.openqa.selenium.remote.ElementLocation.findElement(ElementLocation.java:60)
	at org.openqa.selenium.remote.RemoteWebDriver.findElement(RemoteWebDriver.java:382)
	at org.openqa.selenium.remote.RemoteWebDriver.findElement(RemoteWebDriver.java:374)
	at net.thucydides.core.webdriver.WebDriverFacade.findElement(WebDriverFacade.java:224)
	at net.serenitybdd.core.pages.WebElementResolverByLocator.resolveForDriver(WebElementResolverByLocator.java:25)
	at net.serenitybdd.core.pages.WebElementFacadeImpl.getResolvedElement(WebElementFacadeImpl.java:191)
	at net.serenitybdd.core.pages.WebElementFacadeImpl.getElement(WebElementFacadeImpl.java:186)
	at net.serenitybdd.core.pages.WebElementFacadeImpl.isDisplayed(WebElementFacadeImpl.java:1289)
	at FrontEnd.AltaShop@1.0-SNAPSHOT/starter.Login.validateOnHomePage(Login.java:26)
	at FrontEnd.AltaShop@1.0-SNAPSHOT/starter.Login$ByteBuddy$4S5zUvLO.validateOnHomePage$accessor$FZsfF9ZW(Unknown Source)
	at java.base/jdk.internal.reflect.NativeMethodAccessorImpl.invoke0(Native Method)
	at java.base/jdk.internal.reflect.NativeMethodAccessorImpl.invoke(NativeMethodAccessorImpl.java:62)
	at java.base/jdk.internal.reflect.DelegatingMethodAccessorImpl.invoke(DelegatingMethodAccessorImpl.java:43)
	at java.base/java.lang.reflect.Method.invoke(Method.java:566)
	at net.thucydides.core.steps.StepInterceptor.invokeMethod(StepInterceptor.java:503)
	at net.thucydides.core.steps.StepInterceptor.executeTestStepMethod(StepInterceptor.java:483)
	at net.thucydides.core.steps.StepInterceptor.runTestStep(StepInterceptor.java:457)
	at net.thucydides.core.steps.StepInterceptor.runOrSkipMethod(StepInterceptor.java:209)
	at net.thucydides.core.steps.StepInterceptor.testStepResult(StepInterceptor.java:196)
	at net.thucydides.core.steps.StepInterceptor.intercept(StepInterceptor.java:84)
	at net.thucydides.core.steps.ProxyConfiguration$InterceptorDispatcher.intercept(ProxyConfiguration.java:51)
	at FrontEnd.AltaShop@1.0-SNAPSHOT/starter.Login$ByteBuddy$4S5zUvLO.validateOnHomePage(Unknown Source)
	at FrontEnd.AltaShop@1.0-SNAPSHOT/stepdefinitions.LogoutStep.iOnLandingPage(LogoutStep.java:26)
	at âœ½.I on landing page(file:///D:/Mini%20Project-QE%20Alta/Web%20Automation/FrontEnd-AltaShop/src/test/resources/features/Logout.feature:7)
&amp#27;[0m
  &amp#27;[36mAnd &amp#27;[0m&amp#27;[36mI click people-icon&amp#27;[0m                            &amp#27;[90m# stepdefinitions.LogoutStep.iClickPepopleIcon()&amp#27;[0m
  &amp#27;[36mAnd &amp#27;[0m&amp#27;[36mI click logout button&amp#27;[0m                          &amp#27;[90m# stepdefinitions.LogoutStep.iClickLogoutButton()&amp#27;[0m
  &amp#27;[36mThen &amp#27;[0m&amp#27;[36mI on LoginPage&amp#27;[0m                                &amp#27;[90m# stepdefinitions.LogoutStep.onLoginPage()&amp#27;[0m
23:08:35.859 [main] ERROR  - 
  _____   ___   ___   _____     ___   ___   ___    ___    ___ 
 |_   _| | __| / __| |_   _|   | __| | _ \ | _ \  / _ \  | _ \
   | |   | _|  \__ \   | |     | _|  |   / |   / | (_) | |   /
   |_|   |___| |___/   |_|     |___| |_|_\ |_|_\  \___/  |_|_\

As a user, i can logout of account
---------------------------------------------------------------
23:08:35.859 [main] DEBUG  - RELATED ISSUES: 
23:08:35.863 [main] ERROR  -     Test failed at step: Validate on home page
23:08:35.864 [main] ERROR  -     no such element: Unable to locate element: {"method":"xpath","selector":"(//div/*[@role="button"])[2]"}
23:08:35.901 [AsyncHttpClient-1-3] DEBUG org.asynchttpclient.netty.handler.WebSocketHandler - Channel Closed: [id: 0x69dfdb96, L:/127.0.0.1:64246 ! R:localhost/127.0.0.1:64233] with attribute NettyResponseFuture{currentRetry=5,
	isDone=1,
	isCancelled=0,
	asyncHandler=org.asynchttpclient.ws.WebSocketUpgradeHandler@93c03ff,
	nettyRequest=org.asynchttpclient.netty.request.NettyRequest@2d8add80,
	future=java.util.concurrent.CompletableFuture@4f9cf3c[Completed normally],
	uri=ws://localhost:64233/devtools/browser/024c134e-bc53-4b40-8430-2ba5affd2efc,
	keepAlive=true,
	redirectCount=0,
	timeoutsHolder=null,
	inAuth=0,
	touch=1653062741352}
23:08:35.901 [AsyncHttpClient-1-3] DEBUG org.asynchttpclient.netty.channel.ChannelManager - Closing Channel [id: 0x69dfdb96, L:/127.0.0.1:64246 ! R:localhost/127.0.0.1:64233] 
23:08:35.903 [Driver Command Executor] DEBUG org.asynchttpclient.netty.request.NettyRequestSender - Using pooled Channel '[id: 0xa294c9ff, L:/127.0.0.1:64232 - R:localhost/127.0.0.1:59631]' for 'DELETE' to 'http://localhost:59631/session/9e0262fb516666e3a36b9156ebf40939'
23:08:35.904 [Driver Command Executor] DEBUG org.asynchttpclient.netty.request.NettyRequestSender - Using open Channel [id: 0xa294c9ff, L:/127.0.0.1:64232 - R:localhost/127.0.0.1:59631] for DELETE '/session/9e0262fb516666e3a36b9156ebf40939'
23:08:36.154 [AsyncHttpClient-1-9] DEBUG org.asynchttpclient.netty.handler.HttpHandler - 

Request DefaultFullHttpRequest(decodeResult: success, version: HTTP/1.1, content: EmptyByteBufBE)
DELETE /session/9e0262fb516666e3a36b9156ebf40939 HTTP/1.1
User-Agent: selenium/4.1.2 (java windows)
Content-Type: application/json; charset=utf-8
host: localhost:59631
accept: */*

Response DefaultHttpResponse(decodeResult: success, version: HTTP/1.1)
HTTP/1.1 200 OK
Content-Type: application/json; charset=utf-8
cache-control: no-cache
content-length: 14

23:08:36.154 [AsyncHttpClient-1-9] DEBUG org.asynchttpclient.netty.channel.ChannelManager - Adding key: http://localhost:59631 for channel [id: 0xa294c9ff, L:/127.0.0.1:64232 - R:localhost/127.0.0.1:59631]
23:08:36.562 [AsyncHttpClient-1-1] DEBUG org.asynchttpclient.netty.channel.DefaultChannelPool - Entry count for : http://localhost:59631 : 1
23:08:37.066 [AsyncHttpClient-1-9] DEBUG org.asynchttpclient.netty.handler.HttpHandler - Channel Closed: [id: 0xa294c9ff, L:/127.0.0.1:64232 ! R:localhost/127.0.0.1:59631] with attribute DISCARD
]]></system-out>
    <system-err><![CDATA[Starting ChromeDriver 101.0.4951.41 (93c720db8323b3ec10d056025ab95c23a31997c9-refs/branch-heads/4951@{#904}) on port 59631
Only local connections are allowed.
Please see https://chromedriver.chromium.org/security-considerations for suggestions on keeping ChromeDriver safe.
ChromeDriver was started successfully.
May 20, 2022 11:05:41 PM org.openqa.selenium.remote.ProtocolHandshake createSession
INFO: Detected dialect: W3C
May 20, 2022 11:05:41 PM org.openqa.selenium.devtools.CdpVersionFinder findNearestMatch
WARNING: Unable to find an exact match for CDP version 101, so returning the closest version found: 97
May 20, 2022 11:05:41 PM org.openqa.selenium.devtools.CdpVersionFinder findNearestMatch
INFO: Found CDP implementation for version 101 of 97
]]></system-err>
  </testcase>
  <testcase name="As a user, i have able to order and pay product" classname="Order" time="87.41">
    <error type="net.thucydides.core.webdriver.exceptions.ElementShouldBeEnabledException"><![CDATA[net.thucydides.core.webdriver.exceptions.ElementShouldBeEnabledException: Expected enabled element was not enabled
Caused by: org.openqa.selenium.TimeoutException: Expected condition failed: waiting for By.xpath: (//div/*[@class="mt-3"]//button[2])[12] to be enabled (tried for 5 second(s) with 100 milliseconds interval)
Caused by: org.openqa.selenium.NoSuchElementException: 
no such element: Unable to locate element: {"method":"xpath","selector":"(//div/*[@class="mt-3"]//button[2])[12]"}
  (Session info: chrome=101.0.4951.67)
For documentation on this error, please visit: https://selenium.dev/exceptions/#no_such_element
Build info: version: '4.1.2', revision: '9a5a329c5a'
System info: host: 'LAPTOP-9MG0RTAB', ip: '192.168.172.95', os.name: 'Windows 10', os.arch: 'amd64', os.version: '10.0', java.version: '11.0.14'
Driver info: org.openqa.selenium.chrome.ChromeDriver
Command: [bd27a6ced12961df7b50c986e0a92b29, findElement {using=xpath, value=(//div/*[@class="mt-3"]//button[2])[12]}]
Capabilities {acceptInsecureCerts: false, browserName: chrome, browserVersion: 101.0.4951.67, chrome: {chromedriverVersion: 101.0.4951.41 (93c720db8323..., userDataDir: C:\Users\SITINU~1\AppData\L...}, goog:chromeOptions: {debuggerAddress: localhost:64417}, javascriptEnabled: true, networkConnectionEnabled: false, pageLoadStrategy: normal, platform: WINDOWS, platformName: WINDOWS, proxy: Proxy(), se:cdp: ws://localhost:64417/devtoo..., se:cdpVersion: 101.0.4951.67, setWindowRect: true, strictFileInteractability: false, timeouts: {implicit: 0, pageLoad: 300000, script: 30000}, unhandledPromptBehavior: dismiss and notify, webauthn:extension:credBlob: true, webauthn:extension:largeBlob: true, webauthn:virtualAuthenticators: true}
Session ID: bd27a6ced12961df7b50c986e0a92b29
]]></error>
    <system-out><![CDATA[23:08:37.597 [main] INFO io.cucumber.core.plugin.SerenityReporter - Running feature from file:///D:/Mini%20Project-QE%20Alta/Web%20Automation/FrontEnd-AltaShop/src/test/resources/features/Order.feature
23:08:37.605 [main] DEBUG net.thucydides.core.steps.StepEventBus - Test suite started for story net.thucydides.core.model.Story@cc4b76a8
23:08:37.606 [main] INFO  - Test Suite Started: Order

Scenario: As a user, i have able to order and pay product &amp#27;[90m# src/test/resources/features/Order.feature:3&amp#27;[0m
23:08:37.639 [main] INFO io.cucumber.core.plugin.SerenityReporter - Running feature from file:///D:/Mini%20Project-QE%20Alta/Web%20Automation/FrontEnd-AltaShop/src/test/resources/features/Order.feature
23:08:37.645 [main] INFO  - 
  _____   ___   ___   _____     ___   _____     _     ___   _____   ___   ___  
 |_   _| | __| / __| |_   _|   / __| |_   _|   /_\   | _ \ |_   _| | __| |   \ 
   | |   | _|  \__ \   | |     \__ \   | |    / _ \  |   /   | |   | _|  | |) |
   |_|   |___| |___/   |_|     |___/   |_|   /_/ \_\ |_|_\   |_|   |___| |___/ 

As a user, i have able to order and pay product(order;as-a-user--i-have-able-to-order-and-pay-product)
--------------------------------------------------------------------------------
23:08:37.657 [AsyncHttpClient-1-1] DEBUG org.asynchttpclient.netty.channel.DefaultChannelPool - Entry count for : http://localhost:59631 : 1
23:08:37.657 [AsyncHttpClient-1-1] DEBUG org.asynchttpclient.netty.channel.DefaultChannelPool - Adding Candidate expired Channel [id: 0xa294c9ff, L:/127.0.0.1:64232 ! R:localhost/127.0.0.1:59631] isIdleTimeoutExpired=false isRemotelyClosed=true isTtlExpired=false
23:08:37.657 [AsyncHttpClient-1-1] DEBUG org.asynchttpclient.netty.channel.DefaultChannelPool - Closing Idle Channel [id: 0xa294c9ff, L:/127.0.0.1:64232 ! R:localhost/127.0.0.1:59631]
23:08:37.657 [AsyncHttpClient-1-1] DEBUG org.asynchttpclient.netty.channel.DefaultChannelPool - Closed 1 connections out of 1 in 0 ms
23:08:38.872 [main] DEBUG net.thucydides.core.steps.StepInterceptor - STARTING STEP: OrderStep.iAmAtOrderPage - onOrderPage
23:08:38.875 [main] INFO net.serenitybdd.core.webdriver.driverproviders.ChromeDriverProvider - Using automatically driver download
23:08:39.088 [main] DEBUG io.github.bonigarcia.wdm.cache.ResolutionCache - Resolution chrome=101 in cache (valid until 23:59:13 20/05/2022 ICT)
23:08:39.095 [main] DEBUG io.github.bonigarcia.wdm.cache.ResolutionCache - Resolution chrome101=101.0.4951.41 in cache (valid until 22:59:13 21/05/2022 ICT)
23:08:39.102 [main] INFO io.github.bonigarcia.wdm.WebDriverManager - Using chromedriver 101.0.4951.41 (resolved driver for Chrome 101)
23:08:39.161 [main] DEBUG io.github.bonigarcia.wdm.WebDriverManager - Driver chromedriver 101.0.4951.41 found in cache
23:08:39.170 [main] INFO io.github.bonigarcia.wdm.WebDriverManager - Exporting webdriver.chrome.driver as C:\Users\Siti Nurlatipah\.cache\selenium\chromedriver\win32\101.0.4951.41\chromedriver.exe
23:08:39.349 [main] DEBUG net.serenitybdd.core.webdriver.driverproviders.ProvideNewDriver - Instantiating driver
23:08:39.349 [main] DEBUG net.serenitybdd.core.webdriver.driverproviders.ProvideNewDriver - Driver capabilities: Capabilities {acceptInsecureCerts: false, base.url: https://qa.alta.id, browserName: chrome, chrome.driver: src/test/resources/webdrive..., driver: chrome, goog:chromeOptions: {args: [], extensions: []}}
23:08:39.910 [AsyncHttpClient-1-4] DEBUG org.asynchttpclient.netty.channel.NettyConnectListener - Using new Channel '[id: 0x1608886e, L:/127.0.0.1:64416 - R:localhost/127.0.0.1:50995]' for 'POST' to '/session'
23:08:43.012 [AsyncHttpClient-1-4] DEBUG org.asynchttpclient.netty.handler.HttpHandler - 

Request DefaultHttpRequest(decodeResult: success, version: HTTP/1.1)
POST /session HTTP/1.1
User-Agent: selenium/4.1.2 (java windows)
Content-Length: 595
Content-Type: application/json; charset=utf-8
host: localhost:50995
accept: */*

Response DefaultHttpResponse(decodeResult: success, version: HTTP/1.1)
HTTP/1.1 200 OK
Content-Type: application/json; charset=utf-8
cache-control: no-cache
content-length: 792

23:08:43.012 [AsyncHttpClient-1-4] DEBUG org.asynchttpclient.netty.channel.ChannelManager - Adding key: http://localhost:50995 for channel [id: 0x1608886e, L:/127.0.0.1:64416 - R:localhost/127.0.0.1:50995]
23:08:43.033 [AsyncHttpClient-1-5] DEBUG org.asynchttpclient.netty.channel.NettyConnectListener - Using new Channel '[id: 0x9b4fabf3, L:/127.0.0.1:64424 - R:localhost/127.0.0.1:64417]' for 'GET' to '/json/version'
23:08:43.035 [AsyncHttpClient-1-5] DEBUG org.asynchttpclient.netty.handler.HttpHandler - 

Request DefaultFullHttpRequest(decodeResult: success, version: HTTP/1.1, content: EmptyByteBufBE)
GET /json/version HTTP/1.1
User-Agent: selenium/4.1.2 (java windows)
host: localhost:64417
accept: */*

Response DefaultHttpResponse(decodeResult: success, version: HTTP/1.1)
HTTP/1.1 200 OK
Content-Type: application/json; charset=UTF-8
content-length: 427

23:08:43.036 [AsyncHttpClient-1-5] DEBUG org.asynchttpclient.netty.channel.ChannelManager - Adding key: http://localhost:64417 for channel [id: 0x9b4fabf3, L:/127.0.0.1:64424 - R:localhost/127.0.0.1:64417]
23:08:43.045 [AsyncHttpClient-1-6] DEBUG org.asynchttpclient.netty.channel.NettyConnectListener - Using new Channel '[id: 0xe0b58bf6, L:/127.0.0.1:64425 - R:localhost/127.0.0.1:64417]' for 'GET' to '/devtools/browser/000f5cab-01a4-46e4-9cbb-df09bb12fc57'
23:08:43.051 [AsyncHttpClient-1-6] DEBUG org.asynchttpclient.netty.handler.WebSocketHandler - 

Request DefaultFullHttpRequest(decodeResult: success, version: HTTP/1.1, content: EmptyByteBufBE)
GET /devtools/browser/000f5cab-01a4-46e4-9cbb-df09bb12fc57 HTTP/1.1
upgrade: websocket
connection: upgrade
sec-websocket-key: xqblcDvXuKs1hbfTiaUybQ==
sec-websocket-version: 13
origin: http://localhost:64417
host: localhost:64417
accept: */*
user-agent: AHC/2.1

Response DefaultHttpResponse(decodeResult: success, version: HTTP/1.1)
HTTP/1.1 101 WebSocket Protocol Handshake
Upgrade: WebSocket
Connection: Upgrade
Sec-WebSocket-Accept: j3LVeuJDh1eZcorglYERiDowsiI=

23:08:43.061 [Forwarding get on session bd27a6ced12961df7b50c986e0a92b29 to remote] DEBUG org.asynchttpclient.netty.request.NettyRequestSender - Using pooled Channel '[id: 0x1608886e, L:/127.0.0.1:64416 - R:localhost/127.0.0.1:50995]' for 'POST' to 'http://localhost:50995/session/bd27a6ced12961df7b50c986e0a92b29/url'
23:08:43.061 [Forwarding get on session bd27a6ced12961df7b50c986e0a92b29 to remote] DEBUG org.asynchttpclient.netty.request.NettyRequestSender - Using open Channel [id: 0x1608886e, L:/127.0.0.1:64416 - R:localhost/127.0.0.1:50995] for POST '/session/bd27a6ced12961df7b50c986e0a92b29/url'
23:08:43.205 [AsyncHttpClient-1-1] DEBUG org.asynchttpclient.netty.channel.DefaultChannelPool - Entry count for : http://localhost:64417 : 1
23:08:44.261 [AsyncHttpClient-1-1] DEBUG org.asynchttpclient.netty.channel.DefaultChannelPool - Entry count for : http://localhost:64417 : 1
23:08:45.357 [AsyncHttpClient-1-1] DEBUG org.asynchttpclient.netty.channel.DefaultChannelPool - Entry count for : http://localhost:64417 : 1
23:08:46.465 [AsyncHttpClient-1-1] DEBUG org.asynchttpclient.netty.channel.DefaultChannelPool - Entry count for : http://localhost:64417 : 1
23:08:47.556 [AsyncHttpClient-1-1] DEBUG org.asynchttpclient.netty.channel.DefaultChannelPool - Entry count for : http://localhost:64417 : 1
23:08:48.663 [AsyncHttpClient-1-1] DEBUG org.asynchttpclient.netty.channel.DefaultChannelPool - Entry count for : http://localhost:64417 : 1
23:08:49.762 [AsyncHttpClient-1-1] DEBUG org.asynchttpclient.netty.channel.DefaultChannelPool - Entry count for : http://localhost:64417 : 1
23:08:50.929 [AsyncHttpClient-1-1] DEBUG org.asynchttpclient.netty.channel.DefaultChannelPool - Entry count for : http://localhost:64417 : 1
23:08:51.956 [AsyncHttpClient-1-1] DEBUG org.asynchttpclient.netty.channel.DefaultChannelPool - Entry count for : http://localhost:64417 : 1
23:08:53.067 [AsyncHttpClient-1-1] DEBUG org.asynchttpclient.netty.channel.DefaultChannelPool - Entry count for : http://localhost:64417 : 1
23:08:54.158 [AsyncHttpClient-1-1] DEBUG org.asynchttpclient.netty.channel.DefaultChannelPool - Entry count for : http://localhost:64417 : 1
23:08:55.266 [AsyncHttpClient-1-1] DEBUG org.asynchttpclient.netty.channel.DefaultChannelPool - Entry count for : http://localhost:64417 : 1
23:08:56.356 [AsyncHttpClient-1-1] DEBUG org.asynchttpclient.netty.channel.DefaultChannelPool - Entry count for : http://localhost:64417 : 1
23:08:57.462 [AsyncHttpClient-1-1] DEBUG org.asynchttpclient.netty.channel.DefaultChannelPool - Entry count for : http://localhost:64417 : 1
23:08:58.564 [AsyncHttpClient-1-1] DEBUG org.asynchttpclient.netty.channel.DefaultChannelPool - Entry count for : http://localhost:64417 : 1
23:08:59.657 [AsyncHttpClient-1-1] DEBUG org.asynchttpclient.netty.channel.DefaultChannelPool - Entry count for : http://localhost:64417 : 1
23:09:00.756 [AsyncHttpClient-1-1] DEBUG org.asynchttpclient.netty.channel.DefaultChannelPool - Entry count for : http://localhost:64417 : 1
23:09:01.871 [AsyncHttpClient-1-1] DEBUG org.asynchttpclient.netty.channel.DefaultChannelPool - Entry count for : http://localhost:64417 : 1
23:09:02.959 [AsyncHttpClient-1-1] DEBUG org.asynchttpclient.netty.channel.DefaultChannelPool - Entry count for : http://localhost:64417 : 1
23:09:04.069 [AsyncHttpClient-1-1] DEBUG org.asynchttpclient.netty.channel.DefaultChannelPool - Entry count for : http://localhost:64417 : 1
23:09:05.168 [AsyncHttpClient-1-1] DEBUG org.asynchttpclient.netty.channel.DefaultChannelPool - Entry count for : http://localhost:64417 : 1
23:09:06.263 [AsyncHttpClient-1-1] DEBUG org.asynchttpclient.netty.channel.DefaultChannelPool - Entry count for : http://localhost:64417 : 1
23:09:07.359 [AsyncHttpClient-1-1] DEBUG org.asynchttpclient.netty.channel.DefaultChannelPool - Entry count for : http://localhost:64417 : 1
23:09:08.457 [AsyncHttpClient-1-1] DEBUG org.asynchttpclient.netty.channel.DefaultChannelPool - Entry count for : http://localhost:64417 : 1
23:09:09.559 [AsyncHttpClient-1-1] DEBUG org.asynchttpclient.netty.channel.DefaultChannelPool - Entry count for : http://localhost:64417 : 1
23:09:10.670 [AsyncHttpClient-1-1] DEBUG org.asynchttpclient.netty.channel.DefaultChannelPool - Entry count for : http://localhost:64417 : 1
23:09:11.761 [AsyncHttpClient-1-1] DEBUG org.asynchttpclient.netty.channel.DefaultChannelPool - Entry count for : http://localhost:64417 : 1
23:09:12.861 [AsyncHttpClient-1-1] DEBUG org.asynchttpclient.netty.channel.DefaultChannelPool - Entry count for : http://localhost:64417 : 1
23:09:13.956 [AsyncHttpClient-1-1] DEBUG org.asynchttpclient.netty.channel.DefaultChannelPool - Entry count for : http://localhost:64417 : 1
23:09:15.058 [AsyncHttpClient-1-1] DEBUG org.asynchttpclient.netty.channel.DefaultChannelPool - Entry count for : http://localhost:64417 : 1
23:09:16.158 [AsyncHttpClient-1-1] DEBUG org.asynchttpclient.netty.channel.DefaultChannelPool - Entry count for : http://localhost:64417 : 1
23:09:17.262 [AsyncHttpClient-1-1] DEBUG org.asynchttpclient.netty.channel.DefaultChannelPool - Entry count for : http://localhost:64417 : 1
23:09:18.356 [AsyncHttpClient-1-1] DEBUG org.asynchttpclient.netty.channel.DefaultChannelPool - Entry count for : http://localhost:64417 : 1
23:09:19.456 [AsyncHttpClient-1-1] DEBUG org.asynchttpclient.netty.channel.DefaultChannelPool - Entry count for : http://localhost:64417 : 1
23:09:20.566 [AsyncHttpClient-1-1] DEBUG org.asynchttpclient.netty.channel.DefaultChannelPool - Entry count for : http://localhost:64417 : 1
23:09:21.657 [AsyncHttpClient-1-1] DEBUG org.asynchttpclient.netty.channel.DefaultChannelPool - Entry count for : http://localhost:64417 : 1
23:09:22.766 [AsyncHttpClient-1-1] DEBUG org.asynchttpclient.netty.channel.DefaultChannelPool - Entry count for : http://localhost:64417 : 1
23:09:23.867 [AsyncHttpClient-1-1] DEBUG org.asynchttpclient.netty.channel.DefaultChannelPool - Entry count for : http://localhost:64417 : 1
23:09:24.964 [AsyncHttpClient-1-1] DEBUG org.asynchttpclient.netty.channel.DefaultChannelPool - Entry count for : http://localhost:64417 : 1
23:09:26.057 [AsyncHttpClient-1-1] DEBUG org.asynchttpclient.netty.channel.DefaultChannelPool - Entry count for : http://localhost:64417 : 1
23:09:27.158 [AsyncHttpClient-1-1] DEBUG org.asynchttpclient.netty.channel.DefaultChannelPool - Entry count for : http://localhost:64417 : 1
23:09:28.264 [AsyncHttpClient-1-1] DEBUG org.asynchttpclient.netty.channel.DefaultChannelPool - Entry count for : http://localhost:64417 : 1
23:09:29.357 [AsyncHttpClient-1-1] DEBUG org.asynchttpclient.netty.channel.DefaultChannelPool - Entry count for : http://localhost:64417 : 1
23:09:30.465 [AsyncHttpClient-1-1] DEBUG org.asynchttpclient.netty.channel.DefaultChannelPool - Entry count for : http://localhost:64417 : 1
23:09:31.564 [AsyncHttpClient-1-1] DEBUG org.asynchttpclient.netty.channel.DefaultChannelPool - Entry count for : http://localhost:64417 : 1
23:09:32.656 [AsyncHttpClient-1-1] DEBUG org.asynchttpclient.netty.channel.DefaultChannelPool - Entry count for : http://localhost:64417 : 1
23:09:33.756 [AsyncHttpClient-1-1] DEBUG org.asynchttpclient.netty.channel.DefaultChannelPool - Entry count for : http://localhost:64417 : 1
23:09:34.974 [AsyncHttpClient-1-1] DEBUG org.asynchttpclient.netty.channel.DefaultChannelPool - Entry count for : http://localhost:64417 : 1
23:09:36.063 [AsyncHttpClient-1-1] DEBUG org.asynchttpclient.netty.channel.DefaultChannelPool - Entry count for : http://localhost:64417 : 1
23:09:37.175 [AsyncHttpClient-1-1] DEBUG org.asynchttpclient.netty.channel.DefaultChannelPool - Entry count for : http://localhost:64417 : 1
23:09:38.422 [AsyncHttpClient-1-1] DEBUG org.asynchttpclient.netty.channel.DefaultChannelPool - Entry count for : http://localhost:64417 : 1
23:09:39.457 [AsyncHttpClient-1-1] DEBUG org.asynchttpclient.netty.channel.DefaultChannelPool - Entry count for : http://localhost:64417 : 1
23:09:40.562 [AsyncHttpClient-1-1] DEBUG org.asynchttpclient.netty.channel.DefaultChannelPool - Entry count for : http://localhost:64417 : 1
23:09:41.659 [AsyncHttpClient-1-1] DEBUG org.asynchttpclient.netty.channel.DefaultChannelPool - Entry count for : http://localhost:64417 : 1
23:09:42.762 [AsyncHttpClient-1-1] DEBUG org.asynchttpclient.netty.channel.DefaultChannelPool - Entry count for : http://localhost:64417 : 1
23:09:43.857 [AsyncHttpClient-1-1] DEBUG org.asynchttpclient.netty.channel.DefaultChannelPool - Entry count for : http://localhost:64417 : 1
23:09:43.857 [AsyncHttpClient-1-1] DEBUG org.asynchttpclient.netty.channel.DefaultChannelPool - Adding Candidate expired Channel [id: 0x9b4fabf3, L:/127.0.0.1:64424 - R:localhost/127.0.0.1:64417] isIdleTimeoutExpired=true isRemotelyClosed=false isTtlExpired=false
23:09:43.857 [AsyncHttpClient-1-1] DEBUG org.asynchttpclient.netty.channel.DefaultChannelPool - Closing Idle Channel [id: 0x9b4fabf3, L:/127.0.0.1:64424 - R:localhost/127.0.0.1:64417]
23:09:43.857 [AsyncHttpClient-1-1] DEBUG org.asynchttpclient.netty.channel.DefaultChannelPool - Closed 1 connections out of 1 in 0 ms
23:09:43.857 [AsyncHttpClient-1-5] DEBUG org.asynchttpclient.netty.handler.HttpHandler - Channel Closed: [id: 0x9b4fabf3, L:/127.0.0.1:64424 ! R:localhost/127.0.0.1:64417] with attribute DISCARD
23:09:48.772 [AsyncHttpClient-1-4] DEBUG org.asynchttpclient.netty.handler.HttpHandler - 

Request DefaultHttpRequest(decodeResult: success, version: HTTP/1.1)
POST /session/bd27a6ced12961df7b50c986e0a92b29/url HTTP/1.1
User-Agent: selenium/4.1.2 (java windows)
Content-Length: 54
Content-Type: application/json; charset=utf-8
host: localhost:50995
accept: */*

Response DefaultHttpResponse(decodeResult: success, version: HTTP/1.1)
HTTP/1.1 200 OK
Content-Type: application/json; charset=utf-8
cache-control: no-cache
content-length: 14

23:09:48.772 [AsyncHttpClient-1-4] DEBUG org.asynchttpclient.netty.channel.ChannelManager - Adding key: http://localhost:50995 for channel [id: 0x1608886e, L:/127.0.0.1:64416 - R:localhost/127.0.0.1:50995]
23:09:48.776 [Forwarding setTimeout on session bd27a6ced12961df7b50c986e0a92b29 to remote] DEBUG org.asynchttpclient.netty.request.NettyRequestSender - Using pooled Channel '[id: 0x1608886e, L:/127.0.0.1:64416 - R:localhost/127.0.0.1:50995]' for 'POST' to 'http://localhost:50995/session/bd27a6ced12961df7b50c986e0a92b29/timeouts'
23:09:48.777 [Forwarding setTimeout on session bd27a6ced12961df7b50c986e0a92b29 to remote] DEBUG org.asynchttpclient.netty.request.NettyRequestSender - Using open Channel [id: 0x1608886e, L:/127.0.0.1:64416 - R:localhost/127.0.0.1:50995] for POST '/session/bd27a6ced12961df7b50c986e0a92b29/timeouts'
23:09:48.781 [AsyncHttpClient-1-4] DEBUG org.asynchttpclient.netty.handler.HttpHandler - 

Request DefaultHttpRequest(decodeResult: success, version: HTTP/1.1)
POST /session/bd27a6ced12961df7b50c986e0a92b29/timeouts HTTP/1.1
User-Agent: selenium/4.1.2 (java windows)
Content-Length: 22
Content-Type: application/json; charset=utf-8
host: localhost:50995
accept: */*

Response DefaultHttpResponse(decodeResult: success, version: HTTP/1.1)
HTTP/1.1 200 OK
Content-Type: application/json; charset=utf-8
cache-control: no-cache
content-length: 14

23:09:48.782 [AsyncHttpClient-1-4] DEBUG org.asynchttpclient.netty.channel.ChannelManager - Adding key: http://localhost:50995 for channel [id: 0x1608886e, L:/127.0.0.1:64416 - R:localhost/127.0.0.1:50995]
23:09:48.790 [Forwarding getCurrentUrl on session bd27a6ced12961df7b50c986e0a92b29 to remote] DEBUG org.asynchttpclient.netty.request.NettyRequestSender - Using pooled Channel '[id: 0x1608886e, L:/127.0.0.1:64416 - R:localhost/127.0.0.1:50995]' for 'GET' to 'http://localhost:50995/session/bd27a6ced12961df7b50c986e0a92b29/url'
23:09:48.790 [Forwarding getCurrentUrl on session bd27a6ced12961df7b50c986e0a92b29 to remote] DEBUG org.asynchttpclient.netty.request.NettyRequestSender - Using open Channel [id: 0x1608886e, L:/127.0.0.1:64416 - R:localhost/127.0.0.1:50995] for GET '/session/bd27a6ced12961df7b50c986e0a92b29/url'
23:09:48.801 [AsyncHttpClient-1-4] DEBUG org.asynchttpclient.netty.handler.HttpHandler - 

Request DefaultFullHttpRequest(decodeResult: success, version: HTTP/1.1, content: EmptyByteBufBE)
GET /session/bd27a6ced12961df7b50c986e0a92b29/url HTTP/1.1
User-Agent: selenium/4.1.2 (java windows)
Cache-Control: no-cache
Content-Type: application/json; charset=utf-8
host: localhost:50995
accept: */*

Response DefaultHttpResponse(decodeResult: success, version: HTTP/1.1)
HTTP/1.1 200 OK
Content-Type: application/json; charset=utf-8
cache-control: no-cache
content-length: 36

23:09:48.801 [AsyncHttpClient-1-4] DEBUG org.asynchttpclient.netty.channel.ChannelManager - Adding key: http://localhost:50995 for channel [id: 0x1608886e, L:/127.0.0.1:64416 - R:localhost/127.0.0.1:50995]
23:09:48.811 [main] DEBUG net.serenitybdd.core.photography.Darkroom - Opening darkroom
23:09:48.812 [Darkroom Processing Line] DEBUG net.serenitybdd.core.photography.DarkroomProcessingLine - Darkroom processing line starting up
23:09:48.812 [Forwarding screenshot on session bd27a6ced12961df7b50c986e0a92b29 to remote] DEBUG org.asynchttpclient.netty.request.NettyRequestSender - Using pooled Channel '[id: 0x1608886e, L:/127.0.0.1:64416 - R:localhost/127.0.0.1:50995]' for 'GET' to 'http://localhost:50995/session/bd27a6ced12961df7b50c986e0a92b29/screenshot'
23:09:48.812 [Forwarding screenshot on session bd27a6ced12961df7b50c986e0a92b29 to remote] DEBUG org.asynchttpclient.netty.request.NettyRequestSender - Using open Channel [id: 0x1608886e, L:/127.0.0.1:64416 - R:localhost/127.0.0.1:50995] for GET '/session/bd27a6ced12961df7b50c986e0a92b29/screenshot'
23:09:49.061 [AsyncHttpClient-1-4] DEBUG org.asynchttpclient.netty.handler.HttpHandler - 

Request DefaultFullHttpRequest(decodeResult: success, version: HTTP/1.1, content: EmptyByteBufBE)
GET /session/bd27a6ced12961df7b50c986e0a92b29/screenshot HTTP/1.1
User-Agent: selenium/4.1.2 (java windows)
Cache-Control: no-cache
Content-Type: application/json; charset=utf-8
host: localhost:50995
accept: */*

Response DefaultHttpResponse(decodeResult: success, version: HTTP/1.1)
HTTP/1.1 200 OK
Content-Type: application/json; charset=utf-8
cache-control: no-cache
content-length: 25748

23:09:49.062 [AsyncHttpClient-1-4] DEBUG org.asynchttpclient.netty.channel.ChannelManager - Adding key: http://localhost:50995 for channel [id: 0x1608886e, L:/127.0.0.1:64416 - R:localhost/127.0.0.1:50995]
23:09:49.064 [main] DEBUG net.serenitybdd.core.photography.Darkroom - Send negative for processing for target\site\serenity\a5ed35558b9c8876cb917d3517cdaac46cf9e88aae94b994d1332402afe9e096.png
23:09:49.064 [main] DEBUG net.thucydides.core.steps.StepInterceptor - STEP DONE: onOrderPage
  &amp#27;[32mGiven &amp#27;[0m&amp#27;[32m&amp#27;[0m&amp#27;[32m&amp#27;[1mI&amp#27;[0m&amp#27;[32m am at order page&amp#27;[0m                                &amp#27;[90m# stepdefinitions.OrderStep.iAmAtOrderPage(java.lang.String)&amp#27;[0m
23:09:49.065 [Darkroom Processing Line] DEBUG net.serenitybdd.core.photography.DarkroomProcessingLine - Processing screenshot image in /var/screenshots/screenshot-2658173534233784430
23:09:49.065 [Darkroom Processing Line] DEBUG net.serenitybdd.core.photography.DarkroomProcessingLine - Saving screenshot to target\site\serenity\a5ed35558b9c8876cb917d3517cdaac46cf9e88aae94b994d1332402afe9e096.png
23:09:49.094 [main] DEBUG net.thucydides.core.steps.StepInterceptor - STARTING STEP: OrderStep.iClickBayarButton - toLoginPage
23:09:49.099 [Forwarding findElement on session bd27a6ced12961df7b50c986e0a92b29 to remote] DEBUG org.asynchttpclient.netty.request.NettyRequestSender - Using pooled Channel '[id: 0x1608886e, L:/127.0.0.1:64416 - R:localhost/127.0.0.1:50995]' for 'POST' to 'http://localhost:50995/session/bd27a6ced12961df7b50c986e0a92b29/element'
23:09:49.099 [Forwarding findElement on session bd27a6ced12961df7b50c986e0a92b29 to remote] DEBUG org.asynchttpclient.netty.request.NettyRequestSender - Using open Channel [id: 0x1608886e, L:/127.0.0.1:64416 - R:localhost/127.0.0.1:50995] for POST '/session/bd27a6ced12961df7b50c986e0a92b29/element'
23:09:49.132 [AsyncHttpClient-1-4] DEBUG org.asynchttpclient.netty.handler.HttpHandler - 

Request DefaultHttpRequest(decodeResult: success, version: HTTP/1.1)
POST /session/bd27a6ced12961df7b50c986e0a92b29/element HTTP/1.1
User-Agent: selenium/4.1.2 (java windows)
Content-Length: 125
Content-Type: application/json; charset=utf-8
host: localhost:50995
accept: */*

Response DefaultHttpResponse(decodeResult: success, version: HTTP/1.1)
HTTP/1.1 200 OK
Content-Type: application/json; charset=utf-8
cache-control: no-cache
content-length: 88

23:09:49.132 [AsyncHttpClient-1-4] DEBUG org.asynchttpclient.netty.channel.ChannelManager - Adding key: http://localhost:50995 for channel [id: 0x1608886e, L:/127.0.0.1:64416 - R:localhost/127.0.0.1:50995]
23:09:49.135 [Forwarding getElementTagName on session bd27a6ced12961df7b50c986e0a92b29 to remote] DEBUG org.asynchttpclient.netty.request.NettyRequestSender - Using pooled Channel '[id: 0x1608886e, L:/127.0.0.1:64416 - R:localhost/127.0.0.1:50995]' for 'GET' to 'http://localhost:50995/session/bd27a6ced12961df7b50c986e0a92b29/element/ad9ddd65-d179-4571-af8b-74d1c304e43b/name'
23:09:49.135 [Forwarding getElementTagName on session bd27a6ced12961df7b50c986e0a92b29 to remote] DEBUG org.asynchttpclient.netty.request.NettyRequestSender - Using open Channel [id: 0x1608886e, L:/127.0.0.1:64416 - R:localhost/127.0.0.1:50995] for GET '/session/bd27a6ced12961df7b50c986e0a92b29/element/ad9ddd65-d179-4571-af8b-74d1c304e43b/name'
23:09:49.145 [AsyncHttpClient-1-4] DEBUG org.asynchttpclient.netty.handler.HttpHandler - 

Request DefaultFullHttpRequest(decodeResult: success, version: HTTP/1.1, content: EmptyByteBufBE)
GET /session/bd27a6ced12961df7b50c986e0a92b29/element/ad9ddd65-d179-4571-af8b-74d1c304e43b/name HTTP/1.1
User-Agent: selenium/4.1.2 (java windows)
Cache-Control: no-cache
Content-Type: application/json; charset=utf-8
host: localhost:50995
accept: */*

Response DefaultHttpResponse(decodeResult: success, version: HTTP/1.1)
HTTP/1.1 200 OK
Content-Type: application/json; charset=utf-8
cache-control: no-cache
content-length: 13

23:09:49.145 [AsyncHttpClient-1-4] DEBUG org.asynchttpclient.netty.channel.ChannelManager - Adding key: http://localhost:50995 for channel [id: 0x1608886e, L:/127.0.0.1:64416 - R:localhost/127.0.0.1:50995]
23:09:49.148 [Forwarding getElementTagName on session bd27a6ced12961df7b50c986e0a92b29 to remote] DEBUG org.asynchttpclient.netty.request.NettyRequestSender - Using pooled Channel '[id: 0x1608886e, L:/127.0.0.1:64416 - R:localhost/127.0.0.1:50995]' for 'GET' to 'http://localhost:50995/session/bd27a6ced12961df7b50c986e0a92b29/element/ad9ddd65-d179-4571-af8b-74d1c304e43b/name'
23:09:49.148 [Forwarding getElementTagName on session bd27a6ced12961df7b50c986e0a92b29 to remote] DEBUG org.asynchttpclient.netty.request.NettyRequestSender - Using open Channel [id: 0x1608886e, L:/127.0.0.1:64416 - R:localhost/127.0.0.1:50995] for GET '/session/bd27a6ced12961df7b50c986e0a92b29/element/ad9ddd65-d179-4571-af8b-74d1c304e43b/name'
23:09:49.156 [AsyncHttpClient-1-4] DEBUG org.asynchttpclient.netty.handler.HttpHandler - 

Request DefaultFullHttpRequest(decodeResult: success, version: HTTP/1.1, content: EmptyByteBufBE)
GET /session/bd27a6ced12961df7b50c986e0a92b29/element/ad9ddd65-d179-4571-af8b-74d1c304e43b/name HTTP/1.1
User-Agent: selenium/4.1.2 (java windows)
Cache-Control: no-cache
Content-Type: application/json; charset=utf-8
host: localhost:50995
accept: */*

Response DefaultHttpResponse(decodeResult: success, version: HTTP/1.1)
HTTP/1.1 200 OK
Content-Type: application/json; charset=utf-8
cache-control: no-cache
content-length: 13

23:09:49.156 [AsyncHttpClient-1-4] DEBUG org.asynchttpclient.netty.channel.ChannelManager - Adding key: http://localhost:50995 for channel [id: 0x1608886e, L:/127.0.0.1:64416 - R:localhost/127.0.0.1:50995]
23:09:49.160 [Forwarding findElement on session bd27a6ced12961df7b50c986e0a92b29 to remote] DEBUG org.asynchttpclient.netty.request.NettyRequestSender - Using pooled Channel '[id: 0x1608886e, L:/127.0.0.1:64416 - R:localhost/127.0.0.1:50995]' for 'POST' to 'http://localhost:50995/session/bd27a6ced12961df7b50c986e0a92b29/element'
23:09:49.160 [Forwarding findElement on session bd27a6ced12961df7b50c986e0a92b29 to remote] DEBUG org.asynchttpclient.netty.request.NettyRequestSender - Using open Channel [id: 0x1608886e, L:/127.0.0.1:64416 - R:localhost/127.0.0.1:50995] for POST '/session/bd27a6ced12961df7b50c986e0a92b29/element'
23:09:49.177 [AsyncHttpClient-1-4] DEBUG org.asynchttpclient.netty.handler.HttpHandler - 

Request DefaultHttpRequest(decodeResult: success, version: HTTP/1.1)
POST /session/bd27a6ced12961df7b50c986e0a92b29/element HTTP/1.1
User-Agent: selenium/4.1.2 (java windows)
Content-Length: 125
Content-Type: application/json; charset=utf-8
host: localhost:50995
accept: */*

Response DefaultHttpResponse(decodeResult: success, version: HTTP/1.1)
HTTP/1.1 200 OK
Content-Type: application/json; charset=utf-8
cache-control: no-cache
content-length: 88

23:09:49.178 [AsyncHttpClient-1-4] DEBUG org.asynchttpclient.netty.channel.ChannelManager - Adding key: http://localhost:50995 for channel [id: 0x1608886e, L:/127.0.0.1:64416 - R:localhost/127.0.0.1:50995]
23:09:49.181 [Forwarding clickElement on session bd27a6ced12961df7b50c986e0a92b29 to remote] DEBUG org.asynchttpclient.netty.request.NettyRequestSender - Using pooled Channel '[id: 0x1608886e, L:/127.0.0.1:64416 - R:localhost/127.0.0.1:50995]' for 'POST' to 'http://localhost:50995/session/bd27a6ced12961df7b50c986e0a92b29/element/ad9ddd65-d179-4571-af8b-74d1c304e43b/click'
23:09:49.181 [Forwarding clickElement on session bd27a6ced12961df7b50c986e0a92b29 to remote] DEBUG org.asynchttpclient.netty.request.NettyRequestSender - Using open Channel [id: 0x1608886e, L:/127.0.0.1:64416 - R:localhost/127.0.0.1:50995] for POST '/session/bd27a6ced12961df7b50c986e0a92b29/element/ad9ddd65-d179-4571-af8b-74d1c304e43b/click'
23:09:49.274 [AsyncHttpClient-1-4] DEBUG org.asynchttpclient.netty.handler.HttpHandler - 

Request DefaultHttpRequest(decodeResult: success, version: HTTP/1.1)
POST /session/bd27a6ced12961df7b50c986e0a92b29/element/ad9ddd65-d179-4571-af8b-74d1c304e43b/click HTTP/1.1
User-Agent: selenium/4.1.2 (java windows)
Content-Length: 50
Content-Type: application/json; charset=utf-8
host: localhost:50995
accept: */*

Response DefaultHttpResponse(decodeResult: success, version: HTTP/1.1)
HTTP/1.1 200 OK
Content-Type: application/json; charset=utf-8
cache-control: no-cache
content-length: 14

23:09:49.275 [AsyncHttpClient-1-4] DEBUG org.asynchttpclient.netty.channel.ChannelManager - Adding key: http://localhost:50995 for channel [id: 0x1608886e, L:/127.0.0.1:64416 - R:localhost/127.0.0.1:50995]
23:09:49.296 [Forwarding screenshot on session bd27a6ced12961df7b50c986e0a92b29 to remote] DEBUG org.asynchttpclient.netty.request.NettyRequestSender - Using pooled Channel '[id: 0x1608886e, L:/127.0.0.1:64416 - R:localhost/127.0.0.1:50995]' for 'GET' to 'http://localhost:50995/session/bd27a6ced12961df7b50c986e0a92b29/screenshot'
23:09:49.297 [Forwarding screenshot on session bd27a6ced12961df7b50c986e0a92b29 to remote] DEBUG org.asynchttpclient.netty.request.NettyRequestSender - Using open Channel [id: 0x1608886e, L:/127.0.0.1:64416 - R:localhost/127.0.0.1:50995] for GET '/session/bd27a6ced12961df7b50c986e0a92b29/screenshot'
23:09:50.278 [AsyncHttpClient-1-4] DEBUG org.asynchttpclient.netty.handler.HttpHandler - 

Request DefaultFullHttpRequest(decodeResult: success, version: HTTP/1.1, content: EmptyByteBufBE)
GET /session/bd27a6ced12961df7b50c986e0a92b29/screenshot HTTP/1.1
User-Agent: selenium/4.1.2 (java windows)
Cache-Control: no-cache
Content-Type: application/json; charset=utf-8
host: localhost:50995
accept: */*

Response DefaultHttpResponse(decodeResult: success, version: HTTP/1.1)
HTTP/1.1 200 OK
Content-Type: application/json; charset=utf-8
cache-control: no-cache
content-length: 40000

23:09:50.279 [AsyncHttpClient-1-4] DEBUG org.asynchttpclient.netty.channel.ChannelManager - Adding key: http://localhost:50995 for channel [id: 0x1608886e, L:/127.0.0.1:64416 - R:localhost/127.0.0.1:50995]
23:09:50.283 [main] DEBUG net.serenitybdd.core.photography.Darkroom - Send negative for processing for target\site\serenity\a50c33408e91296030176c14aab496fb1182f286e636bb4282137ab8a5e82729.png
23:09:50.284 [main] DEBUG net.thucydides.core.steps.StepInterceptor - STEP DONE: toLoginPage
  &amp#27;[32mWhen &amp#27;[0m&amp#27;[32mI click login icon&amp#27;[0m                                 &amp#27;[90m# stepdefinitions.OrderStep.iClickBayarButton()&amp#27;[0m
23:09:50.302 [Darkroom Processing Line] DEBUG net.serenitybdd.core.photography.DarkroomProcessingLine - Processing screenshot image in /var/screenshots/screenshot-9983400895007780562
23:09:50.302 [Darkroom Processing Line] DEBUG net.serenitybdd.core.photography.DarkroomProcessingLine - Saving screenshot to target\site\serenity\a50c33408e91296030176c14aab496fb1182f286e636bb4282137ab8a5e82729.png
23:09:50.834 [AsyncHttpClient-1-1] DEBUG org.asynchttpclient.netty.channel.DefaultChannelPool - Entry count for : http://localhost:50995 : 1
23:09:50.990 [Forwarding screenshot on session bd27a6ced12961df7b50c986e0a92b29 to remote] DEBUG org.asynchttpclient.netty.request.NettyRequestSender - Using pooled Channel '[id: 0x1608886e, L:/127.0.0.1:64416 - R:localhost/127.0.0.1:50995]' for 'GET' to 'http://localhost:50995/session/bd27a6ced12961df7b50c986e0a92b29/screenshot'
23:09:50.990 [Forwarding screenshot on session bd27a6ced12961df7b50c986e0a92b29 to remote] DEBUG org.asynchttpclient.netty.request.NettyRequestSender - Using open Channel [id: 0x1608886e, L:/127.0.0.1:64416 - R:localhost/127.0.0.1:50995] for GET '/session/bd27a6ced12961df7b50c986e0a92b29/screenshot'
23:09:52.717 [AsyncHttpClient-1-4] DEBUG org.asynchttpclient.netty.handler.HttpHandler - 

Request DefaultFullHttpRequest(decodeResult: success, version: HTTP/1.1, content: EmptyByteBufBE)
GET /session/bd27a6ced12961df7b50c986e0a92b29/screenshot HTTP/1.1
User-Agent: selenium/4.1.2 (java windows)
Cache-Control: no-cache
Content-Type: application/json; charset=utf-8
host: localhost:50995
accept: */*

Response DefaultHttpResponse(decodeResult: success, version: HTTP/1.1)
HTTP/1.1 200 OK
Content-Type: application/json; charset=utf-8
cache-control: no-cache
content-length: 39520

23:09:52.719 [AsyncHttpClient-1-4] DEBUG org.asynchttpclient.netty.channel.ChannelManager - Adding key: http://localhost:50995 for channel [id: 0x1608886e, L:/127.0.0.1:64416 - R:localhost/127.0.0.1:50995]
23:09:52.789 [main] DEBUG net.serenitybdd.core.photography.Darkroom - Send negative for processing for target\site\serenity\1288ad2728c710f67d550c819c438d21557d4755e33a862f2b4f8299bee42c2a.png
23:09:52.790 [main] DEBUG net.thucydides.core.steps.StepInterceptor - STARTING STEP: OrderStep.inputEmail - typeMyEmail
23:09:52.792 [Darkroom Processing Line] DEBUG net.serenitybdd.core.photography.DarkroomProcessingLine - Processing screenshot image in /var/screenshots/screenshot-16433842957995695757
23:09:52.793 [Darkroom Processing Line] DEBUG net.serenitybdd.core.photography.DarkroomProcessingLine - Saving screenshot to target\site\serenity\1288ad2728c710f67d550c819c438d21557d4755e33a862f2b4f8299bee42c2a.png
23:09:52.796 [Forwarding findElement on session bd27a6ced12961df7b50c986e0a92b29 to remote] DEBUG org.asynchttpclient.netty.request.NettyRequestSender - Using pooled Channel '[id: 0x1608886e, L:/127.0.0.1:64416 - R:localhost/127.0.0.1:50995]' for 'POST' to 'http://localhost:50995/session/bd27a6ced12961df7b50c986e0a92b29/element'
23:09:52.796 [Forwarding findElement on session bd27a6ced12961df7b50c986e0a92b29 to remote] DEBUG org.asynchttpclient.netty.request.NettyRequestSender - Using open Channel [id: 0x1608886e, L:/127.0.0.1:64416 - R:localhost/127.0.0.1:50995] for POST '/session/bd27a6ced12961df7b50c986e0a92b29/element'
23:09:52.872 [AsyncHttpClient-1-4] DEBUG org.asynchttpclient.netty.handler.HttpHandler - 

Request DefaultHttpRequest(decodeResult: success, version: HTTP/1.1)
POST /session/bd27a6ced12961df7b50c986e0a92b29/element HTTP/1.1
User-Agent: selenium/4.1.2 (java windows)
Content-Length: 84
Content-Type: application/json; charset=utf-8
host: localhost:50995
accept: */*

Response DefaultHttpResponse(decodeResult: success, version: HTTP/1.1)
HTTP/1.1 200 OK
Content-Type: application/json; charset=utf-8
cache-control: no-cache
content-length: 88

23:09:52.872 [AsyncHttpClient-1-4] DEBUG org.asynchttpclient.netty.channel.ChannelManager - Adding key: http://localhost:50995 for channel [id: 0x1608886e, L:/127.0.0.1:64416 - R:localhost/127.0.0.1:50995]
23:09:52.930 [Forwarding sendKeysToElement on session bd27a6ced12961df7b50c986e0a92b29 to remote] DEBUG org.asynchttpclient.netty.request.NettyRequestSender - Using pooled Channel '[id: 0x1608886e, L:/127.0.0.1:64416 - R:localhost/127.0.0.1:50995]' for 'POST' to 'http://localhost:50995/session/bd27a6ced12961df7b50c986e0a92b29/element/fd23bb5f-9655-4497-a417-6370bbc7adbd/value'
23:09:52.931 [Forwarding sendKeysToElement on session bd27a6ced12961df7b50c986e0a92b29 to remote] DEBUG org.asynchttpclient.netty.request.NettyRequestSender - Using open Channel [id: 0x1608886e, L:/127.0.0.1:64416 - R:localhost/127.0.0.1:50995] for POST '/session/bd27a6ced12961df7b50c986e0a92b29/element/fd23bb5f-9655-4497-a417-6370bbc7adbd/value'
23:09:54.195 [AsyncHttpClient-1-4] DEBUG org.asynchttpclient.netty.handler.HttpHandler - 

Request DefaultHttpRequest(decodeResult: success, version: HTTP/1.1)
POST /session/bd27a6ced12961df7b50c986e0a92b29/element/fd23bb5f-9655-4497-a417-6370bbc7adbd/value HTTP/1.1
User-Agent: selenium/4.1.2 (java windows)
Content-Length: 361
Content-Type: application/json; charset=utf-8
host: localhost:50995
accept: */*

Response DefaultHttpResponse(decodeResult: success, version: HTTP/1.1)
HTTP/1.1 200 OK
Content-Type: application/json; charset=utf-8
cache-control: no-cache
content-length: 14

23:09:54.196 [AsyncHttpClient-1-4] DEBUG org.asynchttpclient.netty.channel.ChannelManager - Adding key: http://localhost:50995 for channel [id: 0x1608886e, L:/127.0.0.1:64416 - R:localhost/127.0.0.1:50995]
23:09:54.231 [Forwarding screenshot on session bd27a6ced12961df7b50c986e0a92b29 to remote] DEBUG org.asynchttpclient.netty.request.NettyRequestSender - Using pooled Channel '[id: 0x1608886e, L:/127.0.0.1:64416 - R:localhost/127.0.0.1:50995]' for 'GET' to 'http://localhost:50995/session/bd27a6ced12961df7b50c986e0a92b29/screenshot'
23:09:54.232 [Forwarding screenshot on session bd27a6ced12961df7b50c986e0a92b29 to remote] DEBUG org.asynchttpclient.netty.request.NettyRequestSender - Using open Channel [id: 0x1608886e, L:/127.0.0.1:64416 - R:localhost/127.0.0.1:50995] for GET '/session/bd27a6ced12961df7b50c986e0a92b29/screenshot'
23:09:54.531 [AsyncHttpClient-1-4] DEBUG org.asynchttpclient.netty.handler.HttpHandler - 

Request DefaultFullHttpRequest(decodeResult: success, version: HTTP/1.1, content: EmptyByteBufBE)
GET /session/bd27a6ced12961df7b50c986e0a92b29/screenshot HTTP/1.1
User-Agent: selenium/4.1.2 (java windows)
Cache-Control: no-cache
Content-Type: application/json; charset=utf-8
host: localhost:50995
accept: */*

Response DefaultHttpResponse(decodeResult: success, version: HTTP/1.1)
HTTP/1.1 200 OK
Content-Type: application/json; charset=utf-8
cache-control: no-cache
content-length: 48972

23:09:54.532 [AsyncHttpClient-1-4] DEBUG org.asynchttpclient.netty.channel.ChannelManager - Adding key: http://localhost:50995 for channel [id: 0x1608886e, L:/127.0.0.1:64416 - R:localhost/127.0.0.1:50995]
23:09:54.536 [main] DEBUG net.serenitybdd.core.photography.Darkroom - Send negative for processing for target\site\serenity\d6570a48989f1dd2de4420b837067f81231c6210dd1c31a60c2724c2e1a70b55.png
23:09:54.536 [main] DEBUG net.thucydides.core.steps.StepInterceptor - STEP DONE: typeMyEmail
  &amp#27;[32mAnd &amp#27;[0m&amp#27;[32mI input email &amp#27;[0m&amp#27;[32m&amp#27;[1mlandon.mcdermott@hotmail.com&amp#27;[0m          &amp#27;[90m# stepdefinitions.OrderStep.inputEmail(java.lang.String)&amp#27;[0m
23:09:54.540 [Darkroom Processing Line] DEBUG net.serenitybdd.core.photography.DarkroomProcessingLine - Processing screenshot image in /var/screenshots/screenshot-315932997549045192
23:09:54.540 [Darkroom Processing Line] DEBUG net.serenitybdd.core.photography.DarkroomProcessingLine - Saving screenshot to target\site\serenity\d6570a48989f1dd2de4420b837067f81231c6210dd1c31a60c2724c2e1a70b55.png
23:09:54.571 [main] DEBUG net.thucydides.core.steps.StepInterceptor - STARTING STEP: OrderStep.inputPassword - typeMyPassword
23:09:54.576 [Forwarding findElement on session bd27a6ced12961df7b50c986e0a92b29 to remote] DEBUG org.asynchttpclient.netty.request.NettyRequestSender - Using pooled Channel '[id: 0x1608886e, L:/127.0.0.1:64416 - R:localhost/127.0.0.1:50995]' for 'POST' to 'http://localhost:50995/session/bd27a6ced12961df7b50c986e0a92b29/element'
23:09:54.577 [Forwarding findElement on session bd27a6ced12961df7b50c986e0a92b29 to remote] DEBUG org.asynchttpclient.netty.request.NettyRequestSender - Using open Channel [id: 0x1608886e, L:/127.0.0.1:64416 - R:localhost/127.0.0.1:50995] for POST '/session/bd27a6ced12961df7b50c986e0a92b29/element'
23:09:54.601 [AsyncHttpClient-1-4] DEBUG org.asynchttpclient.netty.handler.HttpHandler - 

Request DefaultHttpRequest(decodeResult: success, version: HTTP/1.1)
POST /session/bd27a6ced12961df7b50c986e0a92b29/element HTTP/1.1
User-Agent: selenium/4.1.2 (java windows)
Content-Length: 87
Content-Type: application/json; charset=utf-8
host: localhost:50995
accept: */*

Response DefaultHttpResponse(decodeResult: success, version: HTTP/1.1)
HTTP/1.1 200 OK
Content-Type: application/json; charset=utf-8
cache-control: no-cache
content-length: 88

23:09:54.602 [AsyncHttpClient-1-4] DEBUG org.asynchttpclient.netty.channel.ChannelManager - Adding key: http://localhost:50995 for channel [id: 0x1608886e, L:/127.0.0.1:64416 - R:localhost/127.0.0.1:50995]
23:09:54.605 [Forwarding sendKeysToElement on session bd27a6ced12961df7b50c986e0a92b29 to remote] DEBUG org.asynchttpclient.netty.request.NettyRequestSender - Using pooled Channel '[id: 0x1608886e, L:/127.0.0.1:64416 - R:localhost/127.0.0.1:50995]' for 'POST' to 'http://localhost:50995/session/bd27a6ced12961df7b50c986e0a92b29/element/c5db7d1d-248c-41d7-8463-a441995d648e/value'
23:09:54.605 [Forwarding sendKeysToElement on session bd27a6ced12961df7b50c986e0a92b29 to remote] DEBUG org.asynchttpclient.netty.request.NettyRequestSender - Using open Channel [id: 0x1608886e, L:/127.0.0.1:64416 - R:localhost/127.0.0.1:50995] for POST '/session/bd27a6ced12961df7b50c986e0a92b29/element/c5db7d1d-248c-41d7-8463-a441995d648e/value'
23:09:54.772 [AsyncHttpClient-1-4] DEBUG org.asynchttpclient.netty.handler.HttpHandler - 

Request DefaultHttpRequest(decodeResult: success, version: HTTP/1.1)
POST /session/bd27a6ced12961df7b50c986e0a92b29/element/c5db7d1d-248c-41d7-8463-a441995d648e/value HTTP/1.1
User-Agent: selenium/4.1.2 (java windows)
Content-Length: 131
Content-Type: application/json; charset=utf-8
host: localhost:50995
accept: */*

Response DefaultHttpResponse(decodeResult: success, version: HTTP/1.1)
HTTP/1.1 200 OK
Content-Type: application/json; charset=utf-8
cache-control: no-cache
content-length: 14

23:09:54.773 [AsyncHttpClient-1-4] DEBUG org.asynchttpclient.netty.channel.ChannelManager - Adding key: http://localhost:50995 for channel [id: 0x1608886e, L:/127.0.0.1:64416 - R:localhost/127.0.0.1:50995]
23:09:54.795 [Forwarding screenshot on session bd27a6ced12961df7b50c986e0a92b29 to remote] DEBUG org.asynchttpclient.netty.request.NettyRequestSender - Using pooled Channel '[id: 0x1608886e, L:/127.0.0.1:64416 - R:localhost/127.0.0.1:50995]' for 'GET' to 'http://localhost:50995/session/bd27a6ced12961df7b50c986e0a92b29/screenshot'
23:09:54.795 [Forwarding screenshot on session bd27a6ced12961df7b50c986e0a92b29 to remote] DEBUG org.asynchttpclient.netty.request.NettyRequestSender - Using open Channel [id: 0x1608886e, L:/127.0.0.1:64416 - R:localhost/127.0.0.1:50995] for GET '/session/bd27a6ced12961df7b50c986e0a92b29/screenshot'
23:09:55.066 [AsyncHttpClient-1-4] DEBUG org.asynchttpclient.netty.handler.HttpHandler - 

Request DefaultFullHttpRequest(decodeResult: success, version: HTTP/1.1, content: EmptyByteBufBE)
GET /session/bd27a6ced12961df7b50c986e0a92b29/screenshot HTTP/1.1
User-Agent: selenium/4.1.2 (java windows)
Cache-Control: no-cache
Content-Type: application/json; charset=utf-8
host: localhost:50995
accept: */*

Response DefaultHttpResponse(decodeResult: success, version: HTTP/1.1)
HTTP/1.1 200 OK
Content-Type: application/json; charset=utf-8
cache-control: no-cache
content-length: 50728

23:09:55.067 [AsyncHttpClient-1-4] DEBUG org.asynchttpclient.netty.channel.ChannelManager - Adding key: http://localhost:50995 for channel [id: 0x1608886e, L:/127.0.0.1:64416 - R:localhost/127.0.0.1:50995]
23:09:55.075 [main] DEBUG net.serenitybdd.core.photography.Darkroom - Send negative for processing for target\site\serenity\2454b29b2ac22f2a64bfb27d72025e6a1f7ff37945d81b8e1f580b41f607c789.png
23:09:55.076 [main] DEBUG net.thucydides.core.steps.StepInterceptor - STEP DONE: typeMyPassword
23:09:55.078 [Darkroom Processing Line] DEBUG net.serenitybdd.core.photography.DarkroomProcessingLine - Processing screenshot image in /var/screenshots/screenshot-9863509322085259758
23:09:55.078 [Darkroom Processing Line] DEBUG net.serenitybdd.core.photography.DarkroomProcessingLine - Saving screenshot to target\site\serenity\2454b29b2ac22f2a64bfb27d72025e6a1f7ff37945d81b8e1f580b41f607c789.png
23:09:55.096 [main] DEBUG net.thucydides.core.steps.StepInterceptor - STARTING STEP: OrderStep.inputPassword - clickLoginButton
23:09:55.101 [Forwarding findElement on session bd27a6ced12961df7b50c986e0a92b29 to remote] DEBUG org.asynchttpclient.netty.request.NettyRequestSender - Using pooled Channel '[id: 0x1608886e, L:/127.0.0.1:64416 - R:localhost/127.0.0.1:50995]' for 'POST' to 'http://localhost:50995/session/bd27a6ced12961df7b50c986e0a92b29/element'
23:09:55.101 [Forwarding findElement on session bd27a6ced12961df7b50c986e0a92b29 to remote] DEBUG org.asynchttpclient.netty.request.NettyRequestSender - Using open Channel [id: 0x1608886e, L:/127.0.0.1:64416 - R:localhost/127.0.0.1:50995] for POST '/session/bd27a6ced12961df7b50c986e0a92b29/element'
23:09:55.128 [AsyncHttpClient-1-4] DEBUG org.asynchttpclient.netty.handler.HttpHandler - 

Request DefaultHttpRequest(decodeResult: success, version: HTTP/1.1)
POST /session/bd27a6ced12961df7b50c986e0a92b29/element HTTP/1.1
User-Agent: selenium/4.1.2 (java windows)
Content-Length: 155
Content-Type: application/json; charset=utf-8
host: localhost:50995
accept: */*

Response DefaultHttpResponse(decodeResult: success, version: HTTP/1.1)
HTTP/1.1 200 OK
Content-Type: application/json; charset=utf-8
cache-control: no-cache
content-length: 88

23:09:55.128 [AsyncHttpClient-1-4] DEBUG org.asynchttpclient.netty.channel.ChannelManager - Adding key: http://localhost:50995 for channel [id: 0x1608886e, L:/127.0.0.1:64416 - R:localhost/127.0.0.1:50995]
23:09:55.131 [Forwarding getElementTagName on session bd27a6ced12961df7b50c986e0a92b29 to remote] DEBUG org.asynchttpclient.netty.request.NettyRequestSender - Using pooled Channel '[id: 0x1608886e, L:/127.0.0.1:64416 - R:localhost/127.0.0.1:50995]' for 'GET' to 'http://localhost:50995/session/bd27a6ced12961df7b50c986e0a92b29/element/1caf609d-8c93-49f4-b5af-0ff99d813782/name'
23:09:55.131 [Forwarding getElementTagName on session bd27a6ced12961df7b50c986e0a92b29 to remote] DEBUG org.asynchttpclient.netty.request.NettyRequestSender - Using open Channel [id: 0x1608886e, L:/127.0.0.1:64416 - R:localhost/127.0.0.1:50995] for GET '/session/bd27a6ced12961df7b50c986e0a92b29/element/1caf609d-8c93-49f4-b5af-0ff99d813782/name'
23:09:55.147 [AsyncHttpClient-1-4] DEBUG org.asynchttpclient.netty.handler.HttpHandler - 

Request DefaultFullHttpRequest(decodeResult: success, version: HTTP/1.1, content: EmptyByteBufBE)
GET /session/bd27a6ced12961df7b50c986e0a92b29/element/1caf609d-8c93-49f4-b5af-0ff99d813782/name HTTP/1.1
User-Agent: selenium/4.1.2 (java windows)
Cache-Control: no-cache
Content-Type: application/json; charset=utf-8
host: localhost:50995
accept: */*

Response DefaultHttpResponse(decodeResult: success, version: HTTP/1.1)
HTTP/1.1 200 OK
Content-Type: application/json; charset=utf-8
cache-control: no-cache
content-length: 18

23:09:55.148 [AsyncHttpClient-1-4] DEBUG org.asynchttpclient.netty.channel.ChannelManager - Adding key: http://localhost:50995 for channel [id: 0x1608886e, L:/127.0.0.1:64416 - R:localhost/127.0.0.1:50995]
23:09:55.153 [Forwarding getElementTagName on session bd27a6ced12961df7b50c986e0a92b29 to remote] DEBUG org.asynchttpclient.netty.request.NettyRequestSender - Using pooled Channel '[id: 0x1608886e, L:/127.0.0.1:64416 - R:localhost/127.0.0.1:50995]' for 'GET' to 'http://localhost:50995/session/bd27a6ced12961df7b50c986e0a92b29/element/1caf609d-8c93-49f4-b5af-0ff99d813782/name'
23:09:55.154 [Forwarding getElementTagName on session bd27a6ced12961df7b50c986e0a92b29 to remote] DEBUG org.asynchttpclient.netty.request.NettyRequestSender - Using open Channel [id: 0x1608886e, L:/127.0.0.1:64416 - R:localhost/127.0.0.1:50995] for GET '/session/bd27a6ced12961df7b50c986e0a92b29/element/1caf609d-8c93-49f4-b5af-0ff99d813782/name'
23:09:55.165 [AsyncHttpClient-1-4] DEBUG org.asynchttpclient.netty.handler.HttpHandler - 

Request DefaultFullHttpRequest(decodeResult: success, version: HTTP/1.1, content: EmptyByteBufBE)
GET /session/bd27a6ced12961df7b50c986e0a92b29/element/1caf609d-8c93-49f4-b5af-0ff99d813782/name HTTP/1.1
User-Agent: selenium/4.1.2 (java windows)
Cache-Control: no-cache
Content-Type: application/json; charset=utf-8
host: localhost:50995
accept: */*

Response DefaultHttpResponse(decodeResult: success, version: HTTP/1.1)
HTTP/1.1 200 OK
Content-Type: application/json; charset=utf-8
cache-control: no-cache
content-length: 18

23:09:55.165 [AsyncHttpClient-1-4] DEBUG org.asynchttpclient.netty.channel.ChannelManager - Adding key: http://localhost:50995 for channel [id: 0x1608886e, L:/127.0.0.1:64416 - R:localhost/127.0.0.1:50995]
23:09:55.186 [Forwarding isElementEnabled on session bd27a6ced12961df7b50c986e0a92b29 to remote] DEBUG org.asynchttpclient.netty.request.NettyRequestSender - Using pooled Channel '[id: 0x1608886e, L:/127.0.0.1:64416 - R:localhost/127.0.0.1:50995]' for 'GET' to 'http://localhost:50995/session/bd27a6ced12961df7b50c986e0a92b29/element/1caf609d-8c93-49f4-b5af-0ff99d813782/enabled'
23:09:55.186 [Forwarding isElementEnabled on session bd27a6ced12961df7b50c986e0a92b29 to remote] DEBUG org.asynchttpclient.netty.request.NettyRequestSender - Using open Channel [id: 0x1608886e, L:/127.0.0.1:64416 - R:localhost/127.0.0.1:50995] for GET '/session/bd27a6ced12961df7b50c986e0a92b29/element/1caf609d-8c93-49f4-b5af-0ff99d813782/enabled'
23:09:55.232 [AsyncHttpClient-1-4] DEBUG org.asynchttpclient.netty.handler.HttpHandler - 

Request DefaultFullHttpRequest(decodeResult: success, version: HTTP/1.1, content: EmptyByteBufBE)
GET /session/bd27a6ced12961df7b50c986e0a92b29/element/1caf609d-8c93-49f4-b5af-0ff99d813782/enabled HTTP/1.1
User-Agent: selenium/4.1.2 (java windows)
Cache-Control: no-cache
Content-Type: application/json; charset=utf-8
host: localhost:50995
accept: */*

Response DefaultHttpResponse(decodeResult: success, version: HTTP/1.1)
HTTP/1.1 200 OK
Content-Type: application/json; charset=utf-8
cache-control: no-cache
content-length: 14

23:09:55.233 [AsyncHttpClient-1-4] DEBUG org.asynchttpclient.netty.channel.ChannelManager - Adding key: http://localhost:50995 for channel [id: 0x1608886e, L:/127.0.0.1:64416 - R:localhost/127.0.0.1:50995]
23:09:55.236 [Forwarding isElementEnabled on session bd27a6ced12961df7b50c986e0a92b29 to remote] DEBUG org.asynchttpclient.netty.request.NettyRequestSender - Using pooled Channel '[id: 0x1608886e, L:/127.0.0.1:64416 - R:localhost/127.0.0.1:50995]' for 'GET' to 'http://localhost:50995/session/bd27a6ced12961df7b50c986e0a92b29/element/1caf609d-8c93-49f4-b5af-0ff99d813782/enabled'
23:09:55.236 [Forwarding isElementEnabled on session bd27a6ced12961df7b50c986e0a92b29 to remote] DEBUG org.asynchttpclient.netty.request.NettyRequestSender - Using open Channel [id: 0x1608886e, L:/127.0.0.1:64416 - R:localhost/127.0.0.1:50995] for GET '/session/bd27a6ced12961df7b50c986e0a92b29/element/1caf609d-8c93-49f4-b5af-0ff99d813782/enabled'
23:09:55.299 [AsyncHttpClient-1-4] DEBUG org.asynchttpclient.netty.handler.HttpHandler - 

Request DefaultFullHttpRequest(decodeResult: success, version: HTTP/1.1, content: EmptyByteBufBE)
GET /session/bd27a6ced12961df7b50c986e0a92b29/element/1caf609d-8c93-49f4-b5af-0ff99d813782/enabled HTTP/1.1
User-Agent: selenium/4.1.2 (java windows)
Cache-Control: no-cache
Content-Type: application/json; charset=utf-8
host: localhost:50995
accept: */*

Response DefaultHttpResponse(decodeResult: success, version: HTTP/1.1)
HTTP/1.1 200 OK
Content-Type: application/json; charset=utf-8
cache-control: no-cache
content-length: 14

23:09:55.299 [AsyncHttpClient-1-4] DEBUG org.asynchttpclient.netty.channel.ChannelManager - Adding key: http://localhost:50995 for channel [id: 0x1608886e, L:/127.0.0.1:64416 - R:localhost/127.0.0.1:50995]
23:09:55.307 [Forwarding findElement on session bd27a6ced12961df7b50c986e0a92b29 to remote] DEBUG org.asynchttpclient.netty.request.NettyRequestSender - Using pooled Channel '[id: 0x1608886e, L:/127.0.0.1:64416 - R:localhost/127.0.0.1:50995]' for 'POST' to 'http://localhost:50995/session/bd27a6ced12961df7b50c986e0a92b29/element'
23:09:55.308 [Forwarding findElement on session bd27a6ced12961df7b50c986e0a92b29 to remote] DEBUG org.asynchttpclient.netty.request.NettyRequestSender - Using open Channel [id: 0x1608886e, L:/127.0.0.1:64416 - R:localhost/127.0.0.1:50995] for POST '/session/bd27a6ced12961df7b50c986e0a92b29/element'
23:09:55.349 [AsyncHttpClient-1-4] DEBUG org.asynchttpclient.netty.handler.HttpHandler - 

Request DefaultHttpRequest(decodeResult: success, version: HTTP/1.1)
POST /session/bd27a6ced12961df7b50c986e0a92b29/element HTTP/1.1
User-Agent: selenium/4.1.2 (java windows)
Content-Length: 155
Content-Type: application/json; charset=utf-8
host: localhost:50995
accept: */*

Response DefaultHttpResponse(decodeResult: success, version: HTTP/1.1)
HTTP/1.1 200 OK
Content-Type: application/json; charset=utf-8
cache-control: no-cache
content-length: 88

23:09:55.349 [AsyncHttpClient-1-4] DEBUG org.asynchttpclient.netty.channel.ChannelManager - Adding key: http://localhost:50995 for channel [id: 0x1608886e, L:/127.0.0.1:64416 - R:localhost/127.0.0.1:50995]
23:09:55.353 [Forwarding clickElement on session bd27a6ced12961df7b50c986e0a92b29 to remote] DEBUG org.asynchttpclient.netty.request.NettyRequestSender - Using pooled Channel '[id: 0x1608886e, L:/127.0.0.1:64416 - R:localhost/127.0.0.1:50995]' for 'POST' to 'http://localhost:50995/session/bd27a6ced12961df7b50c986e0a92b29/element/1caf609d-8c93-49f4-b5af-0ff99d813782/click'
23:09:55.353 [Forwarding clickElement on session bd27a6ced12961df7b50c986e0a92b29 to remote] DEBUG org.asynchttpclient.netty.request.NettyRequestSender - Using open Channel [id: 0x1608886e, L:/127.0.0.1:64416 - R:localhost/127.0.0.1:50995] for POST '/session/bd27a6ced12961df7b50c986e0a92b29/element/1caf609d-8c93-49f4-b5af-0ff99d813782/click'
23:09:55.485 [AsyncHttpClient-1-4] DEBUG org.asynchttpclient.netty.handler.HttpHandler - 

Request DefaultHttpRequest(decodeResult: success, version: HTTP/1.1)
POST /session/bd27a6ced12961df7b50c986e0a92b29/element/1caf609d-8c93-49f4-b5af-0ff99d813782/click HTTP/1.1
User-Agent: selenium/4.1.2 (java windows)
Content-Length: 50
Content-Type: application/json; charset=utf-8
host: localhost:50995
accept: */*

Response DefaultHttpResponse(decodeResult: success, version: HTTP/1.1)
HTTP/1.1 200 OK
Content-Type: application/json; charset=utf-8
cache-control: no-cache
content-length: 14

23:09:55.485 [AsyncHttpClient-1-4] DEBUG org.asynchttpclient.netty.channel.ChannelManager - Adding key: http://localhost:50995 for channel [id: 0x1608886e, L:/127.0.0.1:64416 - R:localhost/127.0.0.1:50995]
23:09:55.505 [Forwarding screenshot on session bd27a6ced12961df7b50c986e0a92b29 to remote] DEBUG org.asynchttpclient.netty.request.NettyRequestSender - Using pooled Channel '[id: 0x1608886e, L:/127.0.0.1:64416 - R:localhost/127.0.0.1:50995]' for 'GET' to 'http://localhost:50995/session/bd27a6ced12961df7b50c986e0a92b29/screenshot'
23:09:55.505 [Forwarding screenshot on session bd27a6ced12961df7b50c986e0a92b29 to remote] DEBUG org.asynchttpclient.netty.request.NettyRequestSender - Using open Channel [id: 0x1608886e, L:/127.0.0.1:64416 - R:localhost/127.0.0.1:50995] for GET '/session/bd27a6ced12961df7b50c986e0a92b29/screenshot'
23:09:55.955 [AsyncHttpClient-1-4] DEBUG org.asynchttpclient.netty.handler.HttpHandler - 

Request DefaultFullHttpRequest(decodeResult: success, version: HTTP/1.1, content: EmptyByteBufBE)
GET /session/bd27a6ced12961df7b50c986e0a92b29/screenshot HTTP/1.1
User-Agent: selenium/4.1.2 (java windows)
Cache-Control: no-cache
Content-Type: application/json; charset=utf-8
host: localhost:50995
accept: */*

Response DefaultHttpResponse(decodeResult: success, version: HTTP/1.1)
HTTP/1.1 200 OK
Content-Type: application/json; charset=utf-8
cache-control: no-cache
content-length: 47408

23:09:55.956 [AsyncHttpClient-1-4] DEBUG org.asynchttpclient.netty.channel.ChannelManager - Adding key: http://localhost:50995 for channel [id: 0x1608886e, L:/127.0.0.1:64416 - R:localhost/127.0.0.1:50995]
23:09:55.964 [main] DEBUG net.serenitybdd.core.photography.Darkroom - Send negative for processing for target\site\serenity\b28e51dd850663ff8a4d02a3f44b31b1520541919760759a4bedcd876137acdf.png
23:09:55.965 [main] DEBUG net.thucydides.core.steps.StepInterceptor - STEP DONE: clickLoginButton
  &amp#27;[32mAnd &amp#27;[0m&amp#27;[32mI input password &amp#27;[0m&amp#27;[32m&amp#27;[1maiueo&amp#27;[0m                              &amp#27;[90m# stepdefinitions.OrderStep.inputPassword(java.lang.String)&amp#27;[0m
23:09:55.965 [Darkroom Processing Line] DEBUG net.serenitybdd.core.photography.DarkroomProcessingLine - Processing screenshot image in /var/screenshots/screenshot-11711478064181548188
23:09:55.965 [Darkroom Processing Line] DEBUG net.serenitybdd.core.photography.DarkroomProcessingLine - Saving screenshot to target\site\serenity\b28e51dd850663ff8a4d02a3f44b31b1520541919760759a4bedcd876137acdf.png
23:09:56.018 [main] DEBUG net.thucydides.core.steps.StepInterceptor - STARTING STEP: OrderStep.iBuyMousepad - buyMousePad
23:09:56.029 [Forwarding findElement on session bd27a6ced12961df7b50c986e0a92b29 to remote] DEBUG org.asynchttpclient.netty.request.NettyRequestSender - Using pooled Channel '[id: 0x1608886e, L:/127.0.0.1:64416 - R:localhost/127.0.0.1:50995]' for 'POST' to 'http://localhost:50995/session/bd27a6ced12961df7b50c986e0a92b29/element'
23:09:56.029 [Forwarding findElement on session bd27a6ced12961df7b50c986e0a92b29 to remote] DEBUG org.asynchttpclient.netty.request.NettyRequestSender - Using open Channel [id: 0x1608886e, L:/127.0.0.1:64416 - R:localhost/127.0.0.1:50995] for POST '/session/bd27a6ced12961df7b50c986e0a92b29/element'
23:09:58.070 [AsyncHttpClient-1-4] DEBUG org.asynchttpclient.netty.handler.HttpHandler - 

Request DefaultHttpRequest(decodeResult: success, version: HTTP/1.1)
POST /session/bd27a6ced12961df7b50c986e0a92b29/element HTTP/1.1
User-Agent: selenium/4.1.2 (java windows)
Content-Length: 103
Content-Type: application/json; charset=utf-8
host: localhost:50995
accept: */*

Response DefaultHttpResponse(decodeResult: success, version: HTTP/1.1)
HTTP/1.1 404 Not Found
Content-Type: application/json; charset=utf-8
cache-control: no-cache
content-length: 1047

23:09:58.070 [AsyncHttpClient-1-4] DEBUG org.asynchttpclient.netty.channel.ChannelManager - Adding key: http://localhost:50995 for channel [id: 0x1608886e, L:/127.0.0.1:64416 - R:localhost/127.0.0.1:50995]
23:09:58.181 [Forwarding findElement on session bd27a6ced12961df7b50c986e0a92b29 to remote] DEBUG org.asynchttpclient.netty.request.NettyRequestSender - Using pooled Channel '[id: 0x1608886e, L:/127.0.0.1:64416 - R:localhost/127.0.0.1:50995]' for 'POST' to 'http://localhost:50995/session/bd27a6ced12961df7b50c986e0a92b29/element'
23:09:58.181 [Forwarding findElement on session bd27a6ced12961df7b50c986e0a92b29 to remote] DEBUG org.asynchttpclient.netty.request.NettyRequestSender - Using open Channel [id: 0x1608886e, L:/127.0.0.1:64416 - R:localhost/127.0.0.1:50995] for POST '/session/bd27a6ced12961df7b50c986e0a92b29/element'
23:10:00.199 [AsyncHttpClient-1-4] DEBUG org.asynchttpclient.netty.handler.HttpHandler - 

Request DefaultHttpRequest(decodeResult: success, version: HTTP/1.1)
POST /session/bd27a6ced12961df7b50c986e0a92b29/element HTTP/1.1
User-Agent: selenium/4.1.2 (java windows)
Content-Length: 103
Content-Type: application/json; charset=utf-8
host: localhost:50995
accept: */*

Response DefaultHttpResponse(decodeResult: success, version: HTTP/1.1)
HTTP/1.1 404 Not Found
Content-Type: application/json; charset=utf-8
cache-control: no-cache
content-length: 1047

23:10:00.200 [AsyncHttpClient-1-4] DEBUG org.asynchttpclient.netty.channel.ChannelManager - Adding key: http://localhost:50995 for channel [id: 0x1608886e, L:/127.0.0.1:64416 - R:localhost/127.0.0.1:50995]
23:10:00.322 [Forwarding findElement on session bd27a6ced12961df7b50c986e0a92b29 to remote] DEBUG org.asynchttpclient.netty.request.NettyRequestSender - Using pooled Channel '[id: 0x1608886e, L:/127.0.0.1:64416 - R:localhost/127.0.0.1:50995]' for 'POST' to 'http://localhost:50995/session/bd27a6ced12961df7b50c986e0a92b29/element'
23:10:00.322 [Forwarding findElement on session bd27a6ced12961df7b50c986e0a92b29 to remote] DEBUG org.asynchttpclient.netty.request.NettyRequestSender - Using open Channel [id: 0x1608886e, L:/127.0.0.1:64416 - R:localhost/127.0.0.1:50995] for POST '/session/bd27a6ced12961df7b50c986e0a92b29/element'
23:10:02.367 [AsyncHttpClient-1-4] DEBUG org.asynchttpclient.netty.handler.HttpHandler - 

Request DefaultHttpRequest(decodeResult: success, version: HTTP/1.1)
POST /session/bd27a6ced12961df7b50c986e0a92b29/element HTTP/1.1
User-Agent: selenium/4.1.2 (java windows)
Content-Length: 103
Content-Type: application/json; charset=utf-8
host: localhost:50995
accept: */*

Response DefaultHttpResponse(decodeResult: success, version: HTTP/1.1)
HTTP/1.1 404 Not Found
Content-Type: application/json; charset=utf-8
cache-control: no-cache
content-length: 1047

23:10:02.367 [AsyncHttpClient-1-4] DEBUG org.asynchttpclient.netty.channel.ChannelManager - Adding key: http://localhost:50995 for channel [id: 0x1608886e, L:/127.0.0.1:64416 - R:localhost/127.0.0.1:50995]
23:10:02.382 [Forwarding screenshot on session bd27a6ced12961df7b50c986e0a92b29 to remote] DEBUG org.asynchttpclient.netty.request.NettyRequestSender - Using pooled Channel '[id: 0x1608886e, L:/127.0.0.1:64416 - R:localhost/127.0.0.1:50995]' for 'GET' to 'http://localhost:50995/session/bd27a6ced12961df7b50c986e0a92b29/screenshot'
23:10:02.382 [Forwarding screenshot on session bd27a6ced12961df7b50c986e0a92b29 to remote] DEBUG org.asynchttpclient.netty.request.NettyRequestSender - Using open Channel [id: 0x1608886e, L:/127.0.0.1:64416 - R:localhost/127.0.0.1:50995] for GET '/session/bd27a6ced12961df7b50c986e0a92b29/screenshot'
23:10:02.717 [AsyncHttpClient-1-4] DEBUG org.asynchttpclient.netty.handler.HttpHandler - 

Request DefaultFullHttpRequest(decodeResult: success, version: HTTP/1.1, content: EmptyByteBufBE)
GET /session/bd27a6ced12961df7b50c986e0a92b29/screenshot HTTP/1.1
User-Agent: selenium/4.1.2 (java windows)
Cache-Control: no-cache
Content-Type: application/json; charset=utf-8
host: localhost:50995
accept: */*

Response DefaultHttpResponse(decodeResult: success, version: HTTP/1.1)
HTTP/1.1 200 OK
Content-Type: application/json; charset=utf-8
cache-control: no-cache
content-length: 28576

23:10:02.718 [AsyncHttpClient-1-4] DEBUG org.asynchttpclient.netty.channel.ChannelManager - Adding key: http://localhost:50995 for channel [id: 0x1608886e, L:/127.0.0.1:64416 - R:localhost/127.0.0.1:50995]
23:10:02.720 [main] DEBUG net.serenitybdd.core.photography.Darkroom - Send negative for processing for target\site\serenity\c458797f2348a47be8101c9f7891474e765fafe86d5c7e94a6ccdce40bb5049b.png
23:10:02.722 [Darkroom Processing Line] DEBUG net.serenitybdd.core.photography.DarkroomProcessingLine - Processing screenshot image in /var/screenshots/screenshot-9223678208146761671
23:10:02.722 [Darkroom Processing Line] DEBUG net.serenitybdd.core.photography.DarkroomProcessingLine - Saving screenshot to target\site\serenity\c458797f2348a47be8101c9f7891474e765fafe86d5c7e94a6ccdce40bb5049b.png
23:10:02.726 [Forwarding getPageSource on session bd27a6ced12961df7b50c986e0a92b29 to remote] DEBUG org.asynchttpclient.netty.request.NettyRequestSender - Using pooled Channel '[id: 0x1608886e, L:/127.0.0.1:64416 - R:localhost/127.0.0.1:50995]' for 'POST' to 'http://localhost:50995/session/bd27a6ced12961df7b50c986e0a92b29/execute/sync'
23:10:02.726 [Forwarding getPageSource on session bd27a6ced12961df7b50c986e0a92b29 to remote] DEBUG org.asynchttpclient.netty.request.NettyRequestSender - Using open Channel [id: 0x1608886e, L:/127.0.0.1:64416 - R:localhost/127.0.0.1:50995] for POST '/session/bd27a6ced12961df7b50c986e0a92b29/execute/sync'
23:10:02.758 [AsyncHttpClient-1-4] DEBUG org.asynchttpclient.netty.handler.HttpHandler - 

Request DefaultHttpRequest(decodeResult: success, version: HTTP/1.1)
POST /session/bd27a6ced12961df7b50c986e0a92b29/execute/sync HTTP/1.1
User-Agent: selenium/4.1.2 (java windows)
Content-Length: 176
Content-Type: application/json; charset=utf-8
host: localhost:50995
accept: */*

Response DefaultHttpResponse(decodeResult: success, version: HTTP/1.1)
HTTP/1.1 200 OK
Content-Type: application/json; charset=utf-8
cache-control: no-cache
content-length: 28873

23:10:02.759 [AsyncHttpClient-1-4] DEBUG org.asynchttpclient.netty.channel.ChannelManager - Adding key: http://localhost:50995 for channel [id: 0x1608886e, L:/127.0.0.1:64416 - R:localhost/127.0.0.1:50995]
23:10:02.781 [Forwarding getCurrentUrl on session bd27a6ced12961df7b50c986e0a92b29 to remote] DEBUG org.asynchttpclient.netty.request.NettyRequestSender - Using pooled Channel '[id: 0x1608886e, L:/127.0.0.1:64416 - R:localhost/127.0.0.1:50995]' for 'GET' to 'http://localhost:50995/session/bd27a6ced12961df7b50c986e0a92b29/url'
23:10:02.781 [Forwarding getCurrentUrl on session bd27a6ced12961df7b50c986e0a92b29 to remote] DEBUG org.asynchttpclient.netty.request.NettyRequestSender - Using open Channel [id: 0x1608886e, L:/127.0.0.1:64416 - R:localhost/127.0.0.1:50995] for GET '/session/bd27a6ced12961df7b50c986e0a92b29/url'
23:10:02.825 [AsyncHttpClient-1-4] DEBUG org.asynchttpclient.netty.handler.HttpHandler - 

Request DefaultFullHttpRequest(decodeResult: success, version: HTTP/1.1, content: EmptyByteBufBE)
GET /session/bd27a6ced12961df7b50c986e0a92b29/url HTTP/1.1
User-Agent: selenium/4.1.2 (java windows)
Cache-Control: no-cache
Content-Type: application/json; charset=utf-8
host: localhost:50995
accept: */*

Response DefaultHttpResponse(decodeResult: success, version: HTTP/1.1)
HTTP/1.1 200 OK
Content-Type: application/json; charset=utf-8
cache-control: no-cache
content-length: 31

23:10:02.827 [AsyncHttpClient-1-4] DEBUG org.asynchttpclient.netty.channel.ChannelManager - Adding key: http://localhost:50995 for channel [id: 0x1608886e, L:/127.0.0.1:64416 - R:localhost/127.0.0.1:50995]
  &amp#27;[31mAnd &amp#27;[0m&amp#27;[31mI buy &amp#27;[0m&amp#27;[31m&amp#27;[1mMousepad&amp#27;[0m                                      &amp#27;[90m# stepdefinitions.OrderStep.iBuyMousepad(java.lang.String)&amp#27;[0m
      &amp#27;[31mnet.thucydides.core.webdriver.exceptions.ElementShouldBeEnabledException: Expected enabled element was not enabled
	at net.serenitybdd.core.pages.WebElementFacadeImpl.waitUntilEnabled(WebElementFacadeImpl.java:1100)
	at net.serenitybdd.core.pages.WebElementFacadeImpl.waitUntilElementAvailable(WebElementFacadeImpl.java:888)
	at net.serenitybdd.core.pages.WebElementFacadeImpl.click(WebElementFacadeImpl.java:1182)
	at net.serenitybdd.core.pages.WebElementFacadeImpl.click(WebElementFacadeImpl.java:1201)
	at FrontEnd.AltaShop@1.0-SNAPSHOT/starter.Order.buyMousePad(Order.java:15)
	at FrontEnd.AltaShop@1.0-SNAPSHOT/starter.Order$ByteBuddy$0X9kKnxW.buyMousePad$accessor$P9OluCie(Unknown Source)
	at java.base/jdk.internal.reflect.NativeMethodAccessorImpl.invoke0(Native Method)
	at java.base/jdk.internal.reflect.NativeMethodAccessorImpl.invoke(NativeMethodAccessorImpl.java:62)
	at java.base/jdk.internal.reflect.DelegatingMethodAccessorImpl.invoke(DelegatingMethodAccessorImpl.java:43)
	at java.base/java.lang.reflect.Method.invoke(Method.java:566)
	at net.thucydides.core.steps.StepInterceptor.invokeMethod(StepInterceptor.java:503)
	at net.thucydides.core.steps.StepInterceptor.executeTestStepMethod(StepInterceptor.java:483)
	at net.thucydides.core.steps.StepInterceptor.runTestStep(StepInterceptor.java:457)
	at net.thucydides.core.steps.StepInterceptor.runOrSkipMethod(StepInterceptor.java:209)
	at net.thucydides.core.steps.StepInterceptor.testStepResult(StepInterceptor.java:196)
	at net.thucydides.core.steps.StepInterceptor.intercept(StepInterceptor.java:84)
	at net.thucydides.core.steps.ProxyConfiguration$InterceptorDispatcher.intercept(ProxyConfiguration.java:51)
	at FrontEnd.AltaShop@1.0-SNAPSHOT/starter.Order$ByteBuddy$0X9kKnxW.buyMousePad(Unknown Source)
	at FrontEnd.AltaShop@1.0-SNAPSHOT/stepdefinitions.OrderStep.iBuyMousepad(OrderStep.java:39)
	at âœ½.I buy Mousepad(file:///D:/Mini%20Project-QE%20Alta/Web%20Automation/FrontEnd-AltaShop/src/test/resources/features/Order.feature:8)
Caused by: org.openqa.selenium.TimeoutException: Expected condition failed: waiting for By.xpath: (//div/*[@class="mt-3"]//button[2])[12] to be enabled (tried for 5 second(s) with 100 milliseconds interval)
	at org.openqa.selenium.support.ui.FluentWait.timeoutException(FluentWait.java:263)
	at org.openqa.selenium.support.ui.FluentWait.until(FluentWait.java:231)
	at net.serenitybdd.core.pages.WebElementFacadeImpl.waitUntilEnabled(WebElementFacadeImpl.java:1097)
	at net.serenitybdd.core.pages.WebElementFacadeImpl.waitUntilElementAvailable(WebElementFacadeImpl.java:888)
	at net.serenitybdd.core.pages.WebElementFacadeImpl.click(WebElementFacadeImpl.java:1182)
	at net.serenitybdd.core.pages.WebElementFacadeImpl.click(WebElementFacadeImpl.java:1201)
	at FrontEnd.AltaShop@1.0-SNAPSHOT/starter.Order.buyMousePad(Order.java:15)
	at FrontEnd.AltaShop@1.0-SNAPSHOT/starter.Order$ByteBuddy$0X9kKnxW.buyMousePad$accessor$P9OluCie(Unknown Source)
	at java.base/jdk.internal.reflect.NativeMethodAccessorImpl.invoke0(Native Method)
	at java.base/jdk.internal.reflect.NativeMethodAccessorImpl.invoke(NativeMethodAccessorImpl.java:62)
	at java.base/jdk.internal.reflect.DelegatingMethodAccessorImpl.invoke(DelegatingMethodAccessorImpl.java:43)
	at java.base/java.lang.reflect.Method.invoke(Method.java:566)
	at net.thucydides.core.steps.StepInterceptor.invokeMethod(StepInterceptor.java:503)
	at net.thucydides.core.steps.StepInterceptor.executeTestStepMethod(StepInterceptor.java:483)
	at net.thucydides.core.steps.StepInterceptor.runTestStep(StepInterceptor.java:457)
	at net.thucydides.core.steps.StepInterceptor.runOrSkipMethod(StepInterceptor.java:209)
	at net.thucydides.core.steps.StepInterceptor.testStepResult(StepInterceptor.java:196)
	at net.thucydides.core.steps.StepInterceptor.intercept(StepInterceptor.java:84)
	at net.thucydides.core.steps.ProxyConfiguration$InterceptorDispatcher.intercept(ProxyConfiguration.java:51)
	at FrontEnd.AltaShop@1.0-SNAPSHOT/starter.Order$ByteBuddy$0X9kKnxW.buyMousePad(Unknown Source)
	at FrontEnd.AltaShop@1.0-SNAPSHOT/stepdefinitions.OrderStep.iBuyMousepad(OrderStep.java:39)
	at java.base/jdk.internal.reflect.NativeMethodAccessorImpl.invoke0(Native Method)
	at java.base/jdk.internal.reflect.NativeMethodAccessorImpl.invoke(NativeMethodAccessorImpl.java:62)
	at java.base/jdk.internal.reflect.DelegatingMethodAccessorImpl.invoke(DelegatingMethodAccessorImpl.java:43)
	at java.base/java.lang.reflect.Method.invoke(Method.java:566)
	at io.cucumber.java.Invoker.doInvoke(Invoker.java:66)
	at io.cucumber.java.Invoker.invoke(Invoker.java:24)
	at io.cucumber.java.AbstractGlueDefinition.invokeMethod(AbstractGlueDefinition.java:47)
	at io.cucumber.java.JavaStepDefinition.execute(JavaStepDefinition.java:29)
	at io.cucumber.core.runner.CoreStepDefinition.execute(CoreStepDefinition.java:66)
	at io.cucumber.core.runner.PickleStepDefinitionMatch.runStep(PickleStepDefinitionMatch.java:63)
	at io.cucumber.core.runner.ExecutionMode$1.execute(ExecutionMode.java:10)
	at io.cucumber.core.runner.TestStep.executeStep(TestStep.java:86)
	at io.cucumber.core.runner.TestStep.run(TestStep.java:57)
	at io.cucumber.core.runner.PickleStepTestStep.run(PickleStepTestStep.java:51)
	at io.cucumber.core.runner.TestCase.run(TestCase.java:95)
	at io.cucumber.core.runner.Runner.runPickle(Runner.java:75)
	at io.cucumber.junit.PickleRunners$NoStepDescriptions.lambda$run$0(PickleRunners.java:151)
	at io.cucumber.core.runtime.CucumberExecutionContext.lambda$runTestCase$3(CucumberExecutionContext.java:151)
	at io.cucumber.core.runtime.RethrowingThrowableCollector.executeAndThrow(RethrowingThrowableCollector.java:23)
	at io.cucumber.core.runtime.CucumberExecutionContext.runTestCase(CucumberExecutionContext.java:151)
	at io.cucumber.junit.PickleRunners$NoStepDescriptions.run(PickleRunners.java:148)
	at io.cucumber.junit.FeatureRunner.runChild(FeatureRunner.java:144)
	at io.cucumber.junit.FeatureRunner.runChild(FeatureRunner.java:28)
	at org.junit.runners.ParentRunner$4.run(ParentRunner.java:331)
	at org.junit.runners.ParentRunner$1.schedule(ParentRunner.java:79)
	at org.junit.runners.ParentRunner.runChildren(ParentRunner.java:329)
	at org.junit.runners.ParentRunner.access$100(ParentRunner.java:66)
	at org.junit.runners.ParentRunner$2.evaluate(ParentRunner.java:293)
	at org.junit.runners.ParentRunner$3.evaluate(ParentRunner.java:306)
	at org.junit.runners.ParentRunner.run(ParentRunner.java:413)
	at io.cucumber.junit.FeatureRunner.run(FeatureRunner.java:137)
	at io.cucumber.junit.CucumberSerenityRunner.runChild(CucumberSerenityRunner.java:258)
	at io.cucumber.junit.CucumberSerenityRunner.runChild(CucumberSerenityRunner.java:58)
	at org.junit.runners.ParentRunner$4.run(ParentRunner.java:331)
	at org.junit.runners.ParentRunner$1.schedule(ParentRunner.java:79)
	at org.junit.runners.ParentRunner.runChildren(ParentRunner.java:329)
	at org.junit.runners.ParentRunner.access$100(ParentRunner.java:66)
	at org.junit.runners.ParentRunner$2.evaluate(ParentRunner.java:293)
	at io.cucumber.junit.CucumberSerenityRunner$RunCucumber.evaluate(CucumberSerenityRunner.java:287)
	at org.junit.runners.ParentRunner$3.evaluate(ParentRunner.java:306)
	at org.junit.runners.ParentRunner.run(ParentRunner.java:413)
	at org.junit.runner.JUnitCore.run(JUnitCore.java:137)
	at org.junit.runner.JUnitCore.run(JUnitCore.java:115)
	at org.junit.vintage.engine.execution.RunnerExecutor.execute(RunnerExecutor.java:42)
	at org.junit.vintage.engine.VintageTestEngine.executeAllChildren(VintageTestEngine.java:80)
	at org.junit.vintage.engine.VintageTestEngine.execute(VintageTestEngine.java:72)
	at org.junit.platform.launcher.core.EngineExecutionOrchestrator.execute(EngineExecutionOrchestrator.java:107)
	at org.junit.platform.launcher.core.EngineExecutionOrchestrator.execute(EngineExecutionOrchestrator.java:88)
	at org.junit.platform.launcher.core.EngineExecutionOrchestrator.lambda$execute$0(EngineExecutionOrchestrator.java:54)
	at org.junit.platform.launcher.core.EngineExecutionOrchestrator.withInterceptedStreams(EngineExecutionOrchestrator.java:67)
	at org.junit.platform.launcher.core.EngineExecutionOrchestrator.execute(EngineExecutionOrchestrator.java:52)
	at org.junit.platform.launcher.core.DefaultLauncher.execute(DefaultLauncher.java:114)
	at org.junit.platform.launcher.core.DefaultLauncher.execute(DefaultLauncher.java:86)
	at org.junit.platform.launcher.core.DefaultLauncherSession$DelegatingLauncher.execute(DefaultLauncherSession.java:86)
	at org.junit.platform.launcher.core.SessionPerRequestLauncher.execute(SessionPerRequestLauncher.java:53)
	at org.apache.maven.surefire.junitplatform.JUnitPlatformProvider.execute(JUnitPlatformProvider.java:188)
	at org.apache.maven.surefire.junitplatform.JUnitPlatformProvider.invokeAllTests(JUnitPlatformProvider.java:154)
	at org.apache.maven.surefire.junitplatform.JUnitPlatformProvider.invoke(JUnitPlatformProvider.java:128)
	at org.apache.maven.surefire.booter.ForkedBooter.runSuitesInProcess(ForkedBooter.java:428)
	at org.apache.maven.surefire.booter.ForkedBooter.execute(ForkedBooter.java:162)
	at org.apache.maven.surefire.booter.ForkedBooter.run(ForkedBooter.java:562)
	at org.apache.maven.surefire.booter.ForkedBooter.main(ForkedBooter.java:548)
Caused by: org.openqa.selenium.NoSuchElementException: no such element: Unable to locate element: {"method":"xpath","selector":"(//div/*[@class="mt-3"]//button[2])[12]"}
  (Session info: chrome=101.0.4951.67)
For documentation on this error, please visit: https://selenium.dev/exceptions/#no_such_element
Build info: version: '4.1.2', revision: '9a5a329c5a'
System info: host: 'LAPTOP-9MG0RTAB', ip: '192.168.172.95', os.name: 'Windows 10', os.arch: 'amd64', os.version: '10.0', java.version: '11.0.14'
Driver info: org.openqa.selenium.chrome.ChromeDriver
Command: [bd27a6ced12961df7b50c986e0a92b29, findElement {using=xpath, value=(//div/*[@class="mt-3"]//button[2])[12]}]
Capabilities {acceptInsecureCerts: false, browserName: chrome, browserVersion: 101.0.4951.67, chrome: {chromedriverVersion: 101.0.4951.41 (93c720db8323..., userDataDir: C:\Users\SITINU~1\AppData\L...}, goog:chromeOptions: {debuggerAddress: localhost:64417}, javascriptEnabled: true, networkConnectionEnabled: false, pageLoadStrategy: normal, platform: WINDOWS, platformName: WINDOWS, proxy: Proxy(), se:cdp: ws://localhost:64417/devtoo..., se:cdpVersion: 101.0.4951.67, setWindowRect: true, strictFileInteractability: false, timeouts: {implicit: 0, pageLoad: 300000, script: 30000}, unhandledPromptBehavior: dismiss and notify, webauthn:extension:credBlob: true, webauthn:extension:largeBlob: true, webauthn:virtualAuthenticators: true}
Session ID: bd27a6ced12961df7b50c986e0a92b29
	at java.base/jdk.internal.reflect.NativeConstructorAccessorImpl.newInstance0(Native Method)
	at java.base/jdk.internal.reflect.NativeConstructorAccessorImpl.newInstance(NativeConstructorAccessorImpl.java:62)
	at java.base/jdk.internal.reflect.DelegatingConstructorAccessorImpl.newInstance(DelegatingConstructorAccessorImpl.java:45)
	at java.base/java.lang.reflect.Constructor.newInstance(Constructor.java:490)
	at org.openqa.selenium.remote.codec.w3c.W3CHttpResponseCodec.createException(W3CHttpResponseCodec.java:200)
	at org.openqa.selenium.remote.codec.w3c.W3CHttpResponseCodec.decode(W3CHttpResponseCodec.java:133)
	at org.openqa.selenium.remote.codec.w3c.W3CHttpResponseCodec.decode(W3CHttpResponseCodec.java:53)
	at org.openqa.selenium.remote.HttpCommandExecutor.execute(HttpCommandExecutor.java:184)
	at org.openqa.selenium.remote.service.DriverCommandExecutor.invokeExecute(DriverCommandExecutor.java:167)
	at org.openqa.selenium.remote.service.DriverCommandExecutor.execute(DriverCommandExecutor.java:142)
	at org.openqa.selenium.remote.RemoteWebDriver.execute(RemoteWebDriver.java:558)
	at org.openqa.selenium.remote.ElementLocation$ElementFinder$2.findElement(ElementLocation.java:162)
	at org.openqa.selenium.remote.ElementLocation.findElement(ElementLocation.java:60)
	at org.openqa.selenium.remote.RemoteWebDriver.findElement(RemoteWebDriver.java:382)
	at org.openqa.selenium.remote.RemoteWebDriver.findElement(RemoteWebDriver.java:374)
	at net.thucydides.core.webdriver.WebDriverFacade.findElement(WebDriverFacade.java:224)
	at net.serenitybdd.core.pages.WebElementResolverByLocator.resolveForDriver(WebElementResolverByLocator.java:25)
	at net.serenitybdd.core.pages.WebElementFacadeImpl.getResolvedElement(WebElementFacadeImpl.java:191)
	at net.serenitybdd.core.pages.WebElementFacadeImpl.getElement(WebElementFacadeImpl.java:186)
	at net.serenitybdd.core.pages.WebElementExpectations$3.apply(WebElementExpectations.java:63)
	at net.serenitybdd.core.pages.WebElementExpectations$3.apply(WebElementExpectations.java:55)
	at org.openqa.selenium.support.ui.FluentWait.until(FluentWait.java:208)
	... 81 more
&amp#27;[0m
23:10:03.068 [AsyncHttpClient-1-1] DEBUG org.asynchttpclient.netty.channel.DefaultChannelPool - Entry count for : http://localhost:50995 : 1
  &amp#27;[36mAnd &amp#27;[0m&amp#27;[36mI click bayar&amp#27;[0m                                       &amp#27;[90m# stepdefinitions.OrderStep.iClickBayar()&amp#27;[0m
  &amp#27;[36mThen &amp#27;[0m&amp#27;[36mI on transaction page&amp#27;[0m                              &amp#27;[90m# stepdefinitions.OrderStep.iOnTransactionPage()&amp#27;[0m
23:10:03.194 [main] ERROR  - 
  _____   ___   ___   _____     ___     _     ___   _      ___   ___  
 |_   _| | __| / __| |_   _|   | __|   /_\   |_ _| | |    | __| |   \ 
   | |   | _|  \__ \   | |     | _|   / _ \   | |  | |__  | _|  | |) |
   |_|   |___| |___/   |_|     |_|   /_/ \_\ |___| |____| |___| |___/ 

As a user, i have able to order and pay product
-----------------------------------------------------------------------
23:10:03.194 [main] DEBUG  - RELATED ISSUES: 
23:10:03.195 [main] ERROR  -     Test failed at step: Buy mouse pad
23:10:03.196 [main] ERROR  -     Expected enabled element was not enabled
23:10:03.217 [AsyncHttpClient-1-6] DEBUG org.asynchttpclient.netty.handler.WebSocketHandler - Channel Closed: [id: 0xe0b58bf6, L:/127.0.0.1:64425 ! R:localhost/127.0.0.1:64417] with attribute NettyResponseFuture{currentRetry=5,
	isDone=1,
	isCancelled=0,
	asyncHandler=org.asynchttpclient.ws.WebSocketUpgradeHandler@2473e1db,
	nettyRequest=org.asynchttpclient.netty.request.NettyRequest@5706ce41,
	future=java.util.concurrent.CompletableFuture@2a643793[Completed normally],
	uri=ws://localhost:64417/devtools/browser/000f5cab-01a4-46e4-9cbb-df09bb12fc57,
	keepAlive=true,
	redirectCount=0,
	timeoutsHolder=null,
	inAuth=0,
	touch=1653062923052}
23:10:03.217 [AsyncHttpClient-1-6] DEBUG org.asynchttpclient.netty.channel.ChannelManager - Closing Channel [id: 0xe0b58bf6, L:/127.0.0.1:64425 ! R:localhost/127.0.0.1:64417] 
23:10:03.280 [Driver Command Executor] DEBUG org.asynchttpclient.netty.request.NettyRequestSender - Using pooled Channel '[id: 0x1608886e, L:/127.0.0.1:64416 - R:localhost/127.0.0.1:50995]' for 'DELETE' to 'http://localhost:50995/session/bd27a6ced12961df7b50c986e0a92b29'
23:10:03.280 [Driver Command Executor] DEBUG org.asynchttpclient.netty.request.NettyRequestSender - Using open Channel [id: 0x1608886e, L:/127.0.0.1:64416 - R:localhost/127.0.0.1:50995] for DELETE '/session/bd27a6ced12961df7b50c986e0a92b29'
23:10:04.157 [AsyncHttpClient-1-4] DEBUG org.asynchttpclient.netty.handler.HttpHandler - 

Request DefaultFullHttpRequest(decodeResult: success, version: HTTP/1.1, content: EmptyByteBufBE)
DELETE /session/bd27a6ced12961df7b50c986e0a92b29 HTTP/1.1
User-Agent: selenium/4.1.2 (java windows)
Content-Type: application/json; charset=utf-8
host: localhost:50995
accept: */*

Response DefaultHttpResponse(decodeResult: success, version: HTTP/1.1)
HTTP/1.1 200 OK
Content-Type: application/json; charset=utf-8
cache-control: no-cache
content-length: 14

23:10:04.157 [AsyncHttpClient-1-4] DEBUG org.asynchttpclient.netty.channel.ChannelManager - Adding key: http://localhost:50995 for channel [id: 0x1608886e, L:/127.0.0.1:64416 - R:localhost/127.0.0.1:50995]
23:10:04.161 [AsyncHttpClient-1-1] DEBUG org.asynchttpclient.netty.channel.DefaultChannelPool - Entry count for : http://localhost:50995 : 1
23:10:04.494 [AsyncHttpClient-1-4] DEBUG org.asynchttpclient.netty.handler.HttpHandler - Channel Closed: [id: 0x1608886e, L:/127.0.0.1:64416 ! R:localhost/127.0.0.1:50995] with attribute DISCARD
]]></system-out>
    <system-err><![CDATA[Starting ChromeDriver 101.0.4951.41 (93c720db8323b3ec10d056025ab95c23a31997c9-refs/branch-heads/4951@{#904}) on port 50995
Only local connections are allowed.
Please see https://chromedriver.chromium.org/security-considerations for suggestions on keeping ChromeDriver safe.
ChromeDriver was started successfully.
May 20, 2022 11:08:43 PM org.openqa.selenium.remote.ProtocolHandshake createSession
INFO: Detected dialect: W3C
May 20, 2022 11:08:43 PM org.openqa.selenium.devtools.CdpVersionFinder findNearestMatch
WARNING: Unable to find an exact match for CDP version 101, so returning the closest version found: 97
May 20, 2022 11:08:43 PM org.openqa.selenium.devtools.CdpVersionFinder findNearestMatch
INFO: Found CDP implementation for version 101 of 97
]]></system-err>
  </testcase>
  <testcase name="As a user, i have able to create account" classname="Register #1" time="352.676">
    <system-out><![CDATA[23:10:05.020 [main] INFO io.cucumber.core.plugin.SerenityReporter - Running feature from file:///D:/Mini%20Project-QE%20Alta/Web%20Automation/FrontEnd-AltaShop/src/test/resources/features/Register.feature
23:10:05.029 [main] DEBUG net.thucydides.core.steps.StepEventBus - Test suite started for story net.thucydides.core.model.Story@30e75088
23:10:05.030 [main] INFO  - Test Suite Started: Register

Scenario: As a user, i have able to create account &amp#27;[90m# src/test/resources/features/Register.feature:3&amp#27;[0m
23:10:05.052 [main] INFO io.cucumber.core.plugin.SerenityReporter - Running feature from file:///D:/Mini%20Project-QE%20Alta/Web%20Automation/FrontEnd-AltaShop/src/test/resources/features/Register.feature
23:10:05.059 [main] INFO  - 
  _____   ___   ___   _____     ___   _____     _     ___   _____   ___   ___  
 |_   _| | __| / __| |_   _|   / __| |_   _|   /_\   | _ \ |_   _| | __| |   \ 
   | |   | _|  \__ \   | |     \__ \   | |    / _ \  |   /   | |   | _|  | |) |
   |_|   |___| |___/   |_|     |___/   |_|   /_/ \_\ |_|_\   |_|   |___| |___/ 

As a user, i have able to create account(register;as-a-user--i-have-able-to-create-account)
--------------------------------------------------------------------------------
23:10:05.360 [AsyncHttpClient-1-1] DEBUG org.asynchttpclient.netty.channel.DefaultChannelPool - Entry count for : http://localhost:50995 : 1
23:10:05.360 [AsyncHttpClient-1-1] DEBUG org.asynchttpclient.netty.channel.DefaultChannelPool - Adding Candidate expired Channel [id: 0x1608886e, L:/127.0.0.1:64416 ! R:localhost/127.0.0.1:50995] isIdleTimeoutExpired=false isRemotelyClosed=true isTtlExpired=false
23:10:05.361 [AsyncHttpClient-1-1] DEBUG org.asynchttpclient.netty.channel.DefaultChannelPool - Closing Idle Channel [id: 0x1608886e, L:/127.0.0.1:64416 ! R:localhost/127.0.0.1:50995]
23:10:05.363 [AsyncHttpClient-1-1] DEBUG org.asynchttpclient.netty.channel.DefaultChannelPool - Closed 1 connections out of 1 in 3 ms
23:10:05.608 [main] DEBUG net.thucydides.core.steps.StepInterceptor - STARTING STEP: RegisterStep.iAmAtRegisterPage - onRegisterPage
23:10:05.609 [main] INFO net.serenitybdd.core.webdriver.driverproviders.ChromeDriverProvider - Using automatically driver download
23:10:05.847 [main] DEBUG io.github.bonigarcia.wdm.cache.ResolutionCache - Resolution chrome=101 in cache (valid until 23:59:13 20/05/2022 ICT)
23:10:05.859 [main] DEBUG io.github.bonigarcia.wdm.cache.ResolutionCache - Resolution chrome101=101.0.4951.41 in cache (valid until 22:59:13 21/05/2022 ICT)
23:10:05.865 [main] INFO io.github.bonigarcia.wdm.WebDriverManager - Using chromedriver 101.0.4951.41 (resolved driver for Chrome 101)
23:10:05.891 [main] DEBUG io.github.bonigarcia.wdm.WebDriverManager - Driver chromedriver 101.0.4951.41 found in cache
23:10:05.892 [main] INFO io.github.bonigarcia.wdm.WebDriverManager - Exporting webdriver.chrome.driver as C:\Users\Siti Nurlatipah\.cache\selenium\chromedriver\win32\101.0.4951.41\chromedriver.exe
23:10:06.069 [main] DEBUG net.serenitybdd.core.webdriver.driverproviders.ProvideNewDriver - Instantiating driver
23:10:06.069 [main] DEBUG net.serenitybdd.core.webdriver.driverproviders.ProvideNewDriver - Driver capabilities: Capabilities {acceptInsecureCerts: false, base.url: https://qa.alta.id, browserName: chrome, chrome.driver: src/test/resources/webdrive..., driver: chrome, goog:chromeOptions: {args: [], extensions: []}}
23:10:07.222 [AsyncHttpClient-1-7] DEBUG org.asynchttpclient.netty.channel.NettyConnectListener - Using new Channel '[id: 0x88d6b011, L:/127.0.0.1:64543 - R:localhost/127.0.0.1:56680]' for 'POST' to '/session'
23:10:08.805 [AsyncHttpClient-1-7] DEBUG org.asynchttpclient.netty.handler.HttpHandler - 

Request DefaultHttpRequest(decodeResult: success, version: HTTP/1.1)
POST /session HTTP/1.1
User-Agent: selenium/4.1.2 (java windows)
Content-Length: 595
Content-Type: application/json; charset=utf-8
host: localhost:56680
accept: */*

Response DefaultHttpResponse(decodeResult: success, version: HTTP/1.1)
HTTP/1.1 200 OK
Content-Type: application/json; charset=utf-8
cache-control: no-cache
content-length: 792

23:10:08.805 [AsyncHttpClient-1-7] DEBUG org.asynchttpclient.netty.channel.ChannelManager - Adding key: http://localhost:56680 for channel [id: 0x88d6b011, L:/127.0.0.1:64543 - R:localhost/127.0.0.1:56680]
23:10:08.828 [AsyncHttpClient-1-8] DEBUG org.asynchttpclient.netty.channel.NettyConnectListener - Using new Channel '[id: 0xe49dda18, L:/127.0.0.1:64552 - R:localhost/127.0.0.1:64545]' for 'GET' to '/json/version'
23:10:08.830 [AsyncHttpClient-1-8] DEBUG org.asynchttpclient.netty.handler.HttpHandler - 

Request DefaultFullHttpRequest(decodeResult: success, version: HTTP/1.1, content: EmptyByteBufBE)
GET /json/version HTTP/1.1
User-Agent: selenium/4.1.2 (java windows)
host: localhost:64545
accept: */*

Response DefaultHttpResponse(decodeResult: success, version: HTTP/1.1)
HTTP/1.1 200 OK
Content-Type: application/json; charset=UTF-8
content-length: 427

23:10:08.830 [AsyncHttpClient-1-8] DEBUG org.asynchttpclient.netty.channel.ChannelManager - Adding key: http://localhost:64545 for channel [id: 0xe49dda18, L:/127.0.0.1:64552 - R:localhost/127.0.0.1:64545]
23:10:08.837 [AsyncHttpClient-1-9] DEBUG org.asynchttpclient.netty.channel.NettyConnectListener - Using new Channel '[id: 0x7b98f8a8, L:/127.0.0.1:64553 - R:localhost/127.0.0.1:64545]' for 'GET' to '/devtools/browser/043c7b11-9620-4c4b-bb94-86e025a077e9'
23:10:08.839 [AsyncHttpClient-1-9] DEBUG org.asynchttpclient.netty.handler.WebSocketHandler - 

Request DefaultFullHttpRequest(decodeResult: success, version: HTTP/1.1, content: EmptyByteBufBE)
GET /devtools/browser/043c7b11-9620-4c4b-bb94-86e025a077e9 HTTP/1.1
upgrade: websocket
connection: upgrade
sec-websocket-key: DUU7wULP5nKQUpEIJs7CSA==
sec-websocket-version: 13
origin: http://localhost:64545
host: localhost:64545
accept: */*
user-agent: AHC/2.1

Response DefaultHttpResponse(decodeResult: success, version: HTTP/1.1)
HTTP/1.1 101 WebSocket Protocol Handshake
Upgrade: WebSocket
Connection: Upgrade
Sec-WebSocket-Accept: Iijj+/L+/7iB7AEnthmFVgcIOlM=

23:10:08.851 [Forwarding get on session aeb5d1bb94c7bdf68d43380a3f3cd58a to remote] DEBUG org.asynchttpclient.netty.request.NettyRequestSender - Using pooled Channel '[id: 0x88d6b011, L:/127.0.0.1:64543 - R:localhost/127.0.0.1:56680]' for 'POST' to 'http://localhost:56680/session/aeb5d1bb94c7bdf68d43380a3f3cd58a/url'
23:10:08.851 [Forwarding get on session aeb5d1bb94c7bdf68d43380a3f3cd58a to remote] DEBUG org.asynchttpclient.netty.request.NettyRequestSender - Using open Channel [id: 0x88d6b011, L:/127.0.0.1:64543 - R:localhost/127.0.0.1:56680] for POST '/session/aeb5d1bb94c7bdf68d43380a3f3cd58a/url'
23:10:09.757 [AsyncHttpClient-1-1] DEBUG org.asynchttpclient.netty.channel.DefaultChannelPool - Entry count for : http://localhost:64545 : 1
23:10:10.857 [AsyncHttpClient-1-1] DEBUG org.asynchttpclient.netty.channel.DefaultChannelPool - Entry count for : http://localhost:64545 : 1
23:10:11.961 [AsyncHttpClient-1-1] DEBUG org.asynchttpclient.netty.channel.DefaultChannelPool - Entry count for : http://localhost:64545 : 1
23:10:13.067 [AsyncHttpClient-1-1] DEBUG org.asynchttpclient.netty.channel.DefaultChannelPool - Entry count for : http://localhost:64545 : 1
23:10:14.156 [AsyncHttpClient-1-1] DEBUG org.asynchttpclient.netty.channel.DefaultChannelPool - Entry count for : http://localhost:64545 : 1
23:10:15.258 [AsyncHttpClient-1-1] DEBUG org.asynchttpclient.netty.channel.DefaultChannelPool - Entry count for : http://localhost:64545 : 1
23:10:16.357 [AsyncHttpClient-1-1] DEBUG org.asynchttpclient.netty.channel.DefaultChannelPool - Entry count for : http://localhost:64545 : 1
23:10:17.466 [AsyncHttpClient-1-1] DEBUG org.asynchttpclient.netty.channel.DefaultChannelPool - Entry count for : http://localhost:64545 : 1
23:10:18.560 [AsyncHttpClient-1-1] DEBUG org.asynchttpclient.netty.channel.DefaultChannelPool - Entry count for : http://localhost:64545 : 1
23:10:19.657 [AsyncHttpClient-1-1] DEBUG org.asynchttpclient.netty.channel.DefaultChannelPool - Entry count for : http://localhost:64545 : 1
23:10:20.757 [AsyncHttpClient-1-1] DEBUG org.asynchttpclient.netty.channel.DefaultChannelPool - Entry count for : http://localhost:64545 : 1
23:10:21.859 [AsyncHttpClient-1-1] DEBUG org.asynchttpclient.netty.channel.DefaultChannelPool - Entry count for : http://localhost:64545 : 1
23:10:22.965 [AsyncHttpClient-1-1] DEBUG org.asynchttpclient.netty.channel.DefaultChannelPool - Entry count for : http://localhost:64545 : 1
23:10:24.057 [AsyncHttpClient-1-1] DEBUG org.asynchttpclient.netty.channel.DefaultChannelPool - Entry count for : http://localhost:64545 : 1
23:10:25.163 [AsyncHttpClient-1-1] DEBUG org.asynchttpclient.netty.channel.DefaultChannelPool - Entry count for : http://localhost:64545 : 1
23:10:26.257 [AsyncHttpClient-1-1] DEBUG org.asynchttpclient.netty.channel.DefaultChannelPool - Entry count for : http://localhost:64545 : 1
23:10:27.358 [AsyncHttpClient-1-1] DEBUG org.asynchttpclient.netty.channel.DefaultChannelPool - Entry count for : http://localhost:64545 : 1
23:10:28.458 [AsyncHttpClient-1-1] DEBUG org.asynchttpclient.netty.channel.DefaultChannelPool - Entry count for : http://localhost:64545 : 1
23:10:29.560 [AsyncHttpClient-1-1] DEBUG org.asynchttpclient.netty.channel.DefaultChannelPool - Entry count for : http://localhost:64545 : 1
23:10:30.656 [AsyncHttpClient-1-1] DEBUG org.asynchttpclient.netty.channel.DefaultChannelPool - Entry count for : http://localhost:64545 : 1
23:10:31.760 [AsyncHttpClient-1-1] DEBUG org.asynchttpclient.netty.channel.DefaultChannelPool - Entry count for : http://localhost:64545 : 1
23:10:32.856 [AsyncHttpClient-1-1] DEBUG org.asynchttpclient.netty.channel.DefaultChannelPool - Entry count for : http://localhost:64545 : 1
23:10:33.966 [AsyncHttpClient-1-1] DEBUG org.asynchttpclient.netty.channel.DefaultChannelPool - Entry count for : http://localhost:64545 : 1
23:10:35.058 [AsyncHttpClient-1-1] DEBUG org.asynchttpclient.netty.channel.DefaultChannelPool - Entry count for : http://localhost:64545 : 1
23:10:36.165 [AsyncHttpClient-1-1] DEBUG org.asynchttpclient.netty.channel.DefaultChannelPool - Entry count for : http://localhost:64545 : 1
23:10:37.259 [AsyncHttpClient-1-1] DEBUG org.asynchttpclient.netty.channel.DefaultChannelPool - Entry count for : http://localhost:64545 : 1
23:10:38.357 [AsyncHttpClient-1-1] DEBUG org.asynchttpclient.netty.channel.DefaultChannelPool - Entry count for : http://localhost:64545 : 1
23:10:39.456 [AsyncHttpClient-1-1] DEBUG org.asynchttpclient.netty.channel.DefaultChannelPool - Entry count for : http://localhost:64545 : 1
23:10:40.557 [AsyncHttpClient-1-1] DEBUG org.asynchttpclient.netty.channel.DefaultChannelPool - Entry count for : http://localhost:64545 : 1
23:10:41.661 [AsyncHttpClient-1-1] DEBUG org.asynchttpclient.netty.channel.DefaultChannelPool - Entry count for : http://localhost:64545 : 1
23:10:42.757 [AsyncHttpClient-1-1] DEBUG org.asynchttpclient.netty.channel.DefaultChannelPool - Entry count for : http://localhost:64545 : 1
23:10:43.858 [AsyncHttpClient-1-1] DEBUG org.asynchttpclient.netty.channel.DefaultChannelPool - Entry count for : http://localhost:64545 : 1
23:10:44.956 [AsyncHttpClient-1-1] DEBUG org.asynchttpclient.netty.channel.DefaultChannelPool - Entry count for : http://localhost:64545 : 1
23:10:46.058 [AsyncHttpClient-1-1] DEBUG org.asynchttpclient.netty.channel.DefaultChannelPool - Entry count for : http://localhost:64545 : 1
23:10:47.164 [AsyncHttpClient-1-1] DEBUG org.asynchttpclient.netty.channel.DefaultChannelPool - Entry count for : http://localhost:64545 : 1
23:10:48.257 [AsyncHttpClient-1-1] DEBUG org.asynchttpclient.netty.channel.DefaultChannelPool - Entry count for : http://localhost:64545 : 1
23:10:49.365 [AsyncHttpClient-1-1] DEBUG org.asynchttpclient.netty.channel.DefaultChannelPool - Entry count for : http://localhost:64545 : 1
23:10:50.459 [AsyncHttpClient-1-1] DEBUG org.asynchttpclient.netty.channel.DefaultChannelPool - Entry count for : http://localhost:64545 : 1
23:10:51.556 [AsyncHttpClient-1-1] DEBUG org.asynchttpclient.netty.channel.DefaultChannelPool - Entry count for : http://localhost:64545 : 1
23:10:52.674 [AsyncHttpClient-1-1] DEBUG org.asynchttpclient.netty.channel.DefaultChannelPool - Entry count for : http://localhost:64545 : 1
23:10:53.757 [AsyncHttpClient-1-1] DEBUG org.asynchttpclient.netty.channel.DefaultChannelPool - Entry count for : http://localhost:64545 : 1
23:10:54.858 [AsyncHttpClient-1-1] DEBUG org.asynchttpclient.netty.channel.DefaultChannelPool - Entry count for : http://localhost:64545 : 1
23:10:55.956 [AsyncHttpClient-1-1] DEBUG org.asynchttpclient.netty.channel.DefaultChannelPool - Entry count for : http://localhost:64545 : 1
23:10:57.057 [AsyncHttpClient-1-1] DEBUG org.asynchttpclient.netty.channel.DefaultChannelPool - Entry count for : http://localhost:64545 : 1
23:10:58.157 [AsyncHttpClient-1-1] DEBUG org.asynchttpclient.netty.channel.DefaultChannelPool - Entry count for : http://localhost:64545 : 1
23:10:59.266 [AsyncHttpClient-1-1] DEBUG org.asynchttpclient.netty.channel.DefaultChannelPool - Entry count for : http://localhost:64545 : 1
23:11:00.360 [AsyncHttpClient-1-1] DEBUG org.asynchttpclient.netty.channel.DefaultChannelPool - Entry count for : http://localhost:64545 : 1
23:11:01.457 [AsyncHttpClient-1-1] DEBUG org.asynchttpclient.netty.channel.DefaultChannelPool - Entry count for : http://localhost:64545 : 1
23:11:02.561 [AsyncHttpClient-1-1] DEBUG org.asynchttpclient.netty.channel.DefaultChannelPool - Entry count for : http://localhost:64545 : 1
23:11:03.657 [AsyncHttpClient-1-1] DEBUG org.asynchttpclient.netty.channel.DefaultChannelPool - Entry count for : http://localhost:64545 : 1
23:11:04.813 [AsyncHttpClient-1-1] DEBUG org.asynchttpclient.netty.channel.DefaultChannelPool - Entry count for : http://localhost:64545 : 1
23:11:05.859 [AsyncHttpClient-1-1] DEBUG org.asynchttpclient.netty.channel.DefaultChannelPool - Entry count for : http://localhost:64545 : 1
23:11:06.957 [AsyncHttpClient-1-1] DEBUG org.asynchttpclient.netty.channel.DefaultChannelPool - Entry count for : http://localhost:64545 : 1
23:11:08.058 [AsyncHttpClient-1-1] DEBUG org.asynchttpclient.netty.channel.DefaultChannelPool - Entry count for : http://localhost:64545 : 1
23:11:09.157 [AsyncHttpClient-1-1] DEBUG org.asynchttpclient.netty.channel.DefaultChannelPool - Entry count for : http://localhost:64545 : 1
23:11:09.157 [AsyncHttpClient-1-1] DEBUG org.asynchttpclient.netty.channel.DefaultChannelPool - Adding Candidate expired Channel [id: 0xe49dda18, L:/127.0.0.1:64552 - R:localhost/127.0.0.1:64545] isIdleTimeoutExpired=true isRemotelyClosed=false isTtlExpired=false
23:11:09.157 [AsyncHttpClient-1-1] DEBUG org.asynchttpclient.netty.channel.DefaultChannelPool - Closing Idle Channel [id: 0xe49dda18, L:/127.0.0.1:64552 - R:localhost/127.0.0.1:64545]
23:11:09.157 [AsyncHttpClient-1-1] DEBUG org.asynchttpclient.netty.channel.DefaultChannelPool - Closed 1 connections out of 1 in 0 ms
23:11:09.157 [AsyncHttpClient-1-8] DEBUG org.asynchttpclient.netty.handler.HttpHandler - Channel Closed: [id: 0xe49dda18, L:/127.0.0.1:64552 ! R:localhost/127.0.0.1:64545] with attribute DISCARD
23:13:08.858 [AsyncHttpClient-1-1] DEBUG org.asynchttpclient.netty.timeout.TimeoutTimerTask - Request timeout to localhost/127.0.0.1:56680 after 180000 ms for NettyResponseFuture{currentRetry=0,
	isDone=0,
	isCancelled=0,
	asyncHandler=org.asynchttpclient.AsyncCompletionHandlerBase@8b516e7,
	nettyRequest=org.asynchttpclient.netty.request.NettyRequest@30c2129b,
	future=java.util.concurrent.CompletableFuture@6e3e0c12[Not completed],
	uri=http://localhost:56680/session/aeb5d1bb94c7bdf68d43380a3f3cd58a/url,
	keepAlive=true,
	redirectCount=0,
	timeoutsHolder=org.asynchttpclient.netty.timeout.TimeoutsHolder@2486fbf9,
	inAuth=0,
	touch=1653063008853} after 180007 ms
23:13:08.858 [AsyncHttpClient-1-1] DEBUG org.asynchttpclient.netty.channel.ChannelManager - Closing Channel [id: 0x88d6b011, L:/127.0.0.1:64543 - R:localhost/127.0.0.1:56680] 
23:13:08.858 [AsyncHttpClient-1-1] DEBUG org.asynchttpclient.netty.request.NettyRequestSender - Aborting Future NettyResponseFuture{currentRetry=0,
	isDone=0,
	isCancelled=0,
	asyncHandler=org.asynchttpclient.AsyncCompletionHandlerBase@8b516e7,
	nettyRequest=org.asynchttpclient.netty.request.NettyRequest@30c2129b,
	future=java.util.concurrent.CompletableFuture@6e3e0c12[Not completed],
	uri=http://localhost:56680/session/aeb5d1bb94c7bdf68d43380a3f3cd58a/url,
	keepAlive=true,
	redirectCount=0,
	timeoutsHolder=org.asynchttpclient.netty.timeout.TimeoutsHolder@2486fbf9,
	inAuth=0,
	touch=1653063008853}

23:13:08.859 [AsyncHttpClient-1-7] DEBUG org.asynchttpclient.netty.handler.HttpHandler - Channel Closed: [id: 0x88d6b011, L:/127.0.0.1:64543 ! R:localhost/127.0.0.1:56680] with attribute DISCARD
23:13:08.859 [AsyncHttpClient-1-1] DEBUG org.asynchttpclient.netty.request.NettyRequestSender - Request timeout to localhost/127.0.0.1:56680 after 180000 ms
java.util.concurrent.TimeoutException: Request timeout to localhost/127.0.0.1:56680 after 180000 ms
	at org.asynchttpclient.netty.timeout.TimeoutTimerTask.expire(TimeoutTimerTask.java:43)
	at org.asynchttpclient.netty.timeout.RequestTimeoutTimerTask.run(RequestTimeoutTimerTask.java:50)
	at io.netty.util.HashedWheelTimer$HashedWheelTimeout.run(HashedWheelTimer.java:715)
	at io.netty.util.concurrent.ImmediateExecutor.execute(ImmediateExecutor.java:34)
	at io.netty.util.HashedWheelTimer$HashedWheelTimeout.expire(HashedWheelTimer.java:703)
	at io.netty.util.HashedWheelTimer$HashedWheelBucket.expireTimeouts(HashedWheelTimer.java:790)
	at io.netty.util.HashedWheelTimer$Worker.run(HashedWheelTimer.java:503)
	at io.netty.util.concurrent.FastThreadLocalRunnable.run(FastThreadLocalRunnable.java:30)
	at java.base/java.lang.Thread.run(Thread.java:834)
23:13:08.859 [AsyncHttpClient-1-1] DEBUG org.asynchttpclient.AsyncCompletionHandler - Request timeout to localhost/127.0.0.1:56680 after 180000 ms
java.util.concurrent.TimeoutException: Request timeout to localhost/127.0.0.1:56680 after 180000 ms
	at org.asynchttpclient.netty.timeout.TimeoutTimerTask.expire(TimeoutTimerTask.java:43)
	at org.asynchttpclient.netty.timeout.RequestTimeoutTimerTask.run(RequestTimeoutTimerTask.java:50)
	at io.netty.util.HashedWheelTimer$HashedWheelTimeout.run(HashedWheelTimer.java:715)
	at io.netty.util.concurrent.ImmediateExecutor.execute(ImmediateExecutor.java:34)
	at io.netty.util.HashedWheelTimer$HashedWheelTimeout.expire(HashedWheelTimer.java:703)
	at io.netty.util.HashedWheelTimer$HashedWheelBucket.expireTimeouts(HashedWheelTimer.java:790)
	at io.netty.util.HashedWheelTimer$Worker.run(HashedWheelTimer.java:503)
	at io.netty.util.concurrent.FastThreadLocalRunnable.run(FastThreadLocalRunnable.java:30)
	at java.base/java.lang.Thread.run(Thread.java:834)
23:13:09.877 [AsyncHttpClient-1-2] DEBUG org.asynchttpclient.netty.channel.NettyConnectListener - Using new Channel '[id: 0x7b33d370, L:/127.0.0.1:64705 - R:localhost/127.0.0.1:56680]' for 'POST' to '/session/aeb5d1bb94c7bdf68d43380a3f3cd58a/url'
23:15:48.316 [AsyncHttpClient-1-2] DEBUG org.asynchttpclient.netty.handler.HttpHandler - 

Request DefaultHttpRequest(decodeResult: success, version: HTTP/1.1)
POST /session/aeb5d1bb94c7bdf68d43380a3f3cd58a/url HTTP/1.1
User-Agent: selenium/4.1.2 (java windows)
Content-Length: 67
Content-Type: application/json; charset=utf-8
host: localhost:56680
accept: */*

Response DefaultHttpResponse(decodeResult: success, version: HTTP/1.1)
HTTP/1.1 200 OK
Content-Type: application/json; charset=utf-8
cache-control: no-cache
content-length: 14

23:15:48.317 [AsyncHttpClient-1-2] DEBUG org.asynchttpclient.netty.channel.ChannelManager - Adding key: http://localhost:56680 for channel [id: 0x7b33d370, L:/127.0.0.1:64705 - R:localhost/127.0.0.1:56680]
23:15:48.320 [Forwarding setTimeout on session aeb5d1bb94c7bdf68d43380a3f3cd58a to remote] DEBUG org.asynchttpclient.netty.request.NettyRequestSender - Using pooled Channel '[id: 0x7b33d370, L:/127.0.0.1:64705 - R:localhost/127.0.0.1:56680]' for 'POST' to 'http://localhost:56680/session/aeb5d1bb94c7bdf68d43380a3f3cd58a/timeouts'
23:15:48.320 [Forwarding setTimeout on session aeb5d1bb94c7bdf68d43380a3f3cd58a to remote] DEBUG org.asynchttpclient.netty.request.NettyRequestSender - Using open Channel [id: 0x7b33d370, L:/127.0.0.1:64705 - R:localhost/127.0.0.1:56680] for POST '/session/aeb5d1bb94c7bdf68d43380a3f3cd58a/timeouts'
23:15:48.346 [AsyncHttpClient-1-2] DEBUG org.asynchttpclient.netty.handler.HttpHandler - 

Request DefaultHttpRequest(decodeResult: success, version: HTTP/1.1)
POST /session/aeb5d1bb94c7bdf68d43380a3f3cd58a/timeouts HTTP/1.1
User-Agent: selenium/4.1.2 (java windows)
Content-Length: 22
Content-Type: application/json; charset=utf-8
host: localhost:56680
accept: */*

Response DefaultHttpResponse(decodeResult: success, version: HTTP/1.1)
HTTP/1.1 200 OK
Content-Type: application/json; charset=utf-8
cache-control: no-cache
content-length: 14

23:15:48.346 [AsyncHttpClient-1-2] DEBUG org.asynchttpclient.netty.channel.ChannelManager - Adding key: http://localhost:56680 for channel [id: 0x7b33d370, L:/127.0.0.1:64705 - R:localhost/127.0.0.1:56680]
23:15:48.356 [Forwarding getCurrentUrl on session aeb5d1bb94c7bdf68d43380a3f3cd58a to remote] DEBUG org.asynchttpclient.netty.request.NettyRequestSender - Using pooled Channel '[id: 0x7b33d370, L:/127.0.0.1:64705 - R:localhost/127.0.0.1:56680]' for 'GET' to 'http://localhost:56680/session/aeb5d1bb94c7bdf68d43380a3f3cd58a/url'
23:15:48.356 [Forwarding getCurrentUrl on session aeb5d1bb94c7bdf68d43380a3f3cd58a to remote] DEBUG org.asynchttpclient.netty.request.NettyRequestSender - Using open Channel [id: 0x7b33d370, L:/127.0.0.1:64705 - R:localhost/127.0.0.1:56680] for GET '/session/aeb5d1bb94c7bdf68d43380a3f3cd58a/url'
23:15:48.371 [AsyncHttpClient-1-2] DEBUG org.asynchttpclient.netty.handler.HttpHandler - 

Request DefaultFullHttpRequest(decodeResult: success, version: HTTP/1.1, content: EmptyByteBufBE)
GET /session/aeb5d1bb94c7bdf68d43380a3f3cd58a/url HTTP/1.1
User-Agent: selenium/4.1.2 (java windows)
Cache-Control: no-cache
Content-Type: application/json; charset=utf-8
host: localhost:56680
accept: */*

Response DefaultHttpResponse(decodeResult: success, version: HTTP/1.1)
HTTP/1.1 200 OK
Content-Type: application/json; charset=utf-8
cache-control: no-cache
content-length: 44

23:15:48.372 [AsyncHttpClient-1-2] DEBUG org.asynchttpclient.netty.channel.ChannelManager - Adding key: http://localhost:56680 for channel [id: 0x7b33d370, L:/127.0.0.1:64705 - R:localhost/127.0.0.1:56680]
23:15:48.399 [main] DEBUG net.serenitybdd.core.photography.Darkroom - Opening darkroom
23:15:48.400 [Darkroom Processing Line] DEBUG net.serenitybdd.core.photography.DarkroomProcessingLine - Darkroom processing line starting up
23:15:48.401 [Forwarding screenshot on session aeb5d1bb94c7bdf68d43380a3f3cd58a to remote] DEBUG org.asynchttpclient.netty.request.NettyRequestSender - Using pooled Channel '[id: 0x7b33d370, L:/127.0.0.1:64705 - R:localhost/127.0.0.1:56680]' for 'GET' to 'http://localhost:56680/session/aeb5d1bb94c7bdf68d43380a3f3cd58a/screenshot'
23:15:48.401 [Forwarding screenshot on session aeb5d1bb94c7bdf68d43380a3f3cd58a to remote] DEBUG org.asynchttpclient.netty.request.NettyRequestSender - Using open Channel [id: 0x7b33d370, L:/127.0.0.1:64705 - R:localhost/127.0.0.1:56680] for GET '/session/aeb5d1bb94c7bdf68d43380a3f3cd58a/screenshot'
23:15:48.974 [AsyncHttpClient-1-2] DEBUG org.asynchttpclient.netty.handler.HttpHandler - 

Request DefaultFullHttpRequest(decodeResult: success, version: HTTP/1.1, content: EmptyByteBufBE)
GET /session/aeb5d1bb94c7bdf68d43380a3f3cd58a/screenshot HTTP/1.1
User-Agent: selenium/4.1.2 (java windows)
Cache-Control: no-cache
Content-Type: application/json; charset=utf-8
host: localhost:56680
accept: */*

Response DefaultHttpResponse(decodeResult: success, version: HTTP/1.1)
HTTP/1.1 200 OK
Content-Type: application/json; charset=utf-8
cache-control: no-cache
content-length: 44716

23:15:48.977 [AsyncHttpClient-1-2] DEBUG org.asynchttpclient.netty.channel.ChannelManager - Adding key: http://localhost:56680 for channel [id: 0x7b33d370, L:/127.0.0.1:64705 - R:localhost/127.0.0.1:56680]
23:15:48.982 [main] DEBUG net.serenitybdd.core.photography.Darkroom - Send negative for processing for target\site\serenity\33ddfa6718aa2f09fc0e18bea197612047bccd0f362db96346f936c9007dfd9e.png
23:15:48.982 [main] DEBUG net.thucydides.core.steps.StepInterceptor - STEP DONE: onRegisterPage
  &amp#27;[32mGiven &amp#27;[0m&amp#27;[32m&amp#27;[0m&amp#27;[32m&amp#27;[1mI&amp#27;[0m&amp#27;[32m am at register page&amp#27;[0m                      &amp#27;[90m# stepdefinitions.RegisterStep.iAmAtRegisterPage(java.lang.String)&amp#27;[0m
23:15:48.983 [Darkroom Processing Line] DEBUG net.serenitybdd.core.photography.DarkroomProcessingLine - Processing screenshot image in /var/screenshots/screenshot-4606058286479660950
23:15:48.983 [Darkroom Processing Line] DEBUG net.serenitybdd.core.photography.DarkroomProcessingLine - Saving screenshot to target\site\serenity\33ddfa6718aa2f09fc0e18bea197612047bccd0f362db96346f936c9007dfd9e.png
23:15:49.016 [main] DEBUG net.thucydides.core.steps.StepInterceptor - STARTING STEP: RegisterStep.iTypeFullname - typeFullname
23:15:49.021 [Forwarding findElement on session aeb5d1bb94c7bdf68d43380a3f3cd58a to remote] DEBUG org.asynchttpclient.netty.request.NettyRequestSender - Using pooled Channel '[id: 0x7b33d370, L:/127.0.0.1:64705 - R:localhost/127.0.0.1:56680]' for 'POST' to 'http://localhost:56680/session/aeb5d1bb94c7bdf68d43380a3f3cd58a/element'
23:15:49.021 [Forwarding findElement on session aeb5d1bb94c7bdf68d43380a3f3cd58a to remote] DEBUG org.asynchttpclient.netty.request.NettyRequestSender - Using open Channel [id: 0x7b33d370, L:/127.0.0.1:64705 - R:localhost/127.0.0.1:56680] for POST '/session/aeb5d1bb94c7bdf68d43380a3f3cd58a/element'
23:15:49.044 [AsyncHttpClient-1-2] DEBUG org.asynchttpclient.netty.handler.HttpHandler - 

Request DefaultHttpRequest(decodeResult: success, version: HTTP/1.1)
POST /session/aeb5d1bb94c7bdf68d43380a3f3cd58a/element HTTP/1.1
User-Agent: selenium/4.1.2 (java windows)
Content-Length: 91
Content-Type: application/json; charset=utf-8
host: localhost:56680
accept: */*

Response DefaultHttpResponse(decodeResult: success, version: HTTP/1.1)
HTTP/1.1 200 OK
Content-Type: application/json; charset=utf-8
cache-control: no-cache
content-length: 88

23:15:49.045 [AsyncHttpClient-1-2] DEBUG org.asynchttpclient.netty.channel.ChannelManager - Adding key: http://localhost:56680 for channel [id: 0x7b33d370, L:/127.0.0.1:64705 - R:localhost/127.0.0.1:56680]
23:15:49.047 [Forwarding sendKeysToElement on session aeb5d1bb94c7bdf68d43380a3f3cd58a to remote] DEBUG org.asynchttpclient.netty.request.NettyRequestSender - Using pooled Channel '[id: 0x7b33d370, L:/127.0.0.1:64705 - R:localhost/127.0.0.1:56680]' for 'POST' to 'http://localhost:56680/session/aeb5d1bb94c7bdf68d43380a3f3cd58a/element/92f43ab6-4d02-4c08-886b-b34d49178eb5/value'
23:15:49.047 [Forwarding sendKeysToElement on session aeb5d1bb94c7bdf68d43380a3f3cd58a to remote] DEBUG org.asynchttpclient.netty.request.NettyRequestSender - Using open Channel [id: 0x7b33d370, L:/127.0.0.1:64705 - R:localhost/127.0.0.1:56680] for POST '/session/aeb5d1bb94c7bdf68d43380a3f3cd58a/element/92f43ab6-4d02-4c08-886b-b34d49178eb5/value'
23:15:49.423 [AsyncHttpClient-1-2] DEBUG org.asynchttpclient.netty.handler.HttpHandler - 

Request DefaultHttpRequest(decodeResult: success, version: HTTP/1.1)
POST /session/aeb5d1bb94c7bdf68d43380a3f3cd58a/element/92f43ab6-4d02-4c08-886b-b34d49178eb5/value HTTP/1.1
User-Agent: selenium/4.1.2 (java windows)
Content-Length: 211
Content-Type: application/json; charset=utf-8
host: localhost:56680
accept: */*

Response DefaultHttpResponse(decodeResult: success, version: HTTP/1.1)
HTTP/1.1 200 OK
Content-Type: application/json; charset=utf-8
cache-control: no-cache
content-length: 14

23:15:49.428 [AsyncHttpClient-1-2] DEBUG org.asynchttpclient.netty.channel.ChannelManager - Adding key: http://localhost:56680 for channel [id: 0x7b33d370, L:/127.0.0.1:64705 - R:localhost/127.0.0.1:56680]
23:15:49.463 [Forwarding screenshot on session aeb5d1bb94c7bdf68d43380a3f3cd58a to remote] DEBUG org.asynchttpclient.netty.request.NettyRequestSender - Using pooled Channel '[id: 0x7b33d370, L:/127.0.0.1:64705 - R:localhost/127.0.0.1:56680]' for 'GET' to 'http://localhost:56680/session/aeb5d1bb94c7bdf68d43380a3f3cd58a/screenshot'
23:15:49.467 [Forwarding screenshot on session aeb5d1bb94c7bdf68d43380a3f3cd58a to remote] DEBUG org.asynchttpclient.netty.request.NettyRequestSender - Using open Channel [id: 0x7b33d370, L:/127.0.0.1:64705 - R:localhost/127.0.0.1:56680] for GET '/session/aeb5d1bb94c7bdf68d43380a3f3cd58a/screenshot'
23:15:50.033 [AsyncHttpClient-1-2] DEBUG org.asynchttpclient.netty.handler.HttpHandler - 

Request DefaultFullHttpRequest(decodeResult: success, version: HTTP/1.1, content: EmptyByteBufBE)
GET /session/aeb5d1bb94c7bdf68d43380a3f3cd58a/screenshot HTTP/1.1
User-Agent: selenium/4.1.2 (java windows)
Cache-Control: no-cache
Content-Type: application/json; charset=utf-8
host: localhost:56680
accept: */*

Response DefaultHttpResponse(decodeResult: success, version: HTTP/1.1)
HTTP/1.1 200 OK
Content-Type: application/json; charset=utf-8
cache-control: no-cache
content-length: 46996

23:15:50.040 [AsyncHttpClient-1-2] DEBUG org.asynchttpclient.netty.channel.ChannelManager - Adding key: http://localhost:56680 for channel [id: 0x7b33d370, L:/127.0.0.1:64705 - R:localhost/127.0.0.1:56680]
23:15:50.054 [main] DEBUG net.serenitybdd.core.photography.Darkroom - Send negative for processing for target\site\serenity\470e5fa3a172f10b87ee049c626c733fb587bf6e63d6b8ac0c06ba7adf82ad10.png
23:15:50.054 [main] DEBUG net.thucydides.core.steps.StepInterceptor - STEP DONE: typeFullname
  &amp#27;[32mWhen &amp#27;[0m&amp#27;[32mI type fullname &amp#27;[0m&amp#27;[32m&amp#27;[1mMei Apriliani&amp#27;[0m               &amp#27;[90m# stepdefinitions.RegisterStep.iTypeFullname(java.lang.String)&amp#27;[0m
23:15:50.055 [Darkroom Processing Line] DEBUG net.serenitybdd.core.photography.DarkroomProcessingLine - Processing screenshot image in /var/screenshots/screenshot-4423790600469333435
23:15:50.055 [Darkroom Processing Line] DEBUG net.serenitybdd.core.photography.DarkroomProcessingLine - Saving screenshot to target\site\serenity\470e5fa3a172f10b87ee049c626c733fb587bf6e63d6b8ac0c06ba7adf82ad10.png
23:15:50.436 [AsyncHttpClient-1-1] DEBUG org.asynchttpclient.netty.channel.DefaultChannelPool - Entry count for : http://localhost:56680 : 1
23:15:51.513 [AsyncHttpClient-1-1] DEBUG org.asynchttpclient.netty.channel.DefaultChannelPool - Entry count for : http://localhost:56680 : 1
23:15:51.583 [Forwarding screenshot on session aeb5d1bb94c7bdf68d43380a3f3cd58a to remote] DEBUG org.asynchttpclient.netty.request.NettyRequestSender - Using pooled Channel '[id: 0x7b33d370, L:/127.0.0.1:64705 - R:localhost/127.0.0.1:56680]' for 'GET' to 'http://localhost:56680/session/aeb5d1bb94c7bdf68d43380a3f3cd58a/screenshot'
23:15:51.583 [Forwarding screenshot on session aeb5d1bb94c7bdf68d43380a3f3cd58a to remote] DEBUG org.asynchttpclient.netty.request.NettyRequestSender - Using open Channel [id: 0x7b33d370, L:/127.0.0.1:64705 - R:localhost/127.0.0.1:56680] for GET '/session/aeb5d1bb94c7bdf68d43380a3f3cd58a/screenshot'
23:15:51.894 [AsyncHttpClient-1-2] DEBUG org.asynchttpclient.netty.handler.HttpHandler - 

Request DefaultFullHttpRequest(decodeResult: success, version: HTTP/1.1, content: EmptyByteBufBE)
GET /session/aeb5d1bb94c7bdf68d43380a3f3cd58a/screenshot HTTP/1.1
User-Agent: selenium/4.1.2 (java windows)
Cache-Control: no-cache
Content-Type: application/json; charset=utf-8
host: localhost:56680
accept: */*

Response DefaultHttpResponse(decodeResult: success, version: HTTP/1.1)
HTTP/1.1 200 OK
Content-Type: application/json; charset=utf-8
cache-control: no-cache
content-length: 47168

23:15:51.895 [AsyncHttpClient-1-2] DEBUG org.asynchttpclient.netty.channel.ChannelManager - Adding key: http://localhost:56680 for channel [id: 0x7b33d370, L:/127.0.0.1:64705 - R:localhost/127.0.0.1:56680]
23:15:51.898 [main] DEBUG net.serenitybdd.core.photography.Darkroom - Send negative for processing for target\site\serenity\22190e229ad9db9f58047550347008f11bc5555b05bc7faf97df534ce19b22a1.png
23:15:51.899 [main] DEBUG net.thucydides.core.steps.StepInterceptor - STARTING STEP: RegisterStep.iTypeEmail - typeEmail
23:15:51.900 [Darkroom Processing Line] DEBUG net.serenitybdd.core.photography.DarkroomProcessingLine - Processing screenshot image in /var/screenshots/screenshot-5549914857642135416
23:15:51.900 [Darkroom Processing Line] DEBUG net.serenitybdd.core.photography.DarkroomProcessingLine - Saving screenshot to target\site\serenity\22190e229ad9db9f58047550347008f11bc5555b05bc7faf97df534ce19b22a1.png
23:15:51.906 [Forwarding findElement on session aeb5d1bb94c7bdf68d43380a3f3cd58a to remote] DEBUG org.asynchttpclient.netty.request.NettyRequestSender - Using pooled Channel '[id: 0x7b33d370, L:/127.0.0.1:64705 - R:localhost/127.0.0.1:56680]' for 'POST' to 'http://localhost:56680/session/aeb5d1bb94c7bdf68d43380a3f3cd58a/element'
23:15:51.906 [Forwarding findElement on session aeb5d1bb94c7bdf68d43380a3f3cd58a to remote] DEBUG org.asynchttpclient.netty.request.NettyRequestSender - Using open Channel [id: 0x7b33d370, L:/127.0.0.1:64705 - R:localhost/127.0.0.1:56680] for POST '/session/aeb5d1bb94c7bdf68d43380a3f3cd58a/element'
23:15:51.927 [AsyncHttpClient-1-2] DEBUG org.asynchttpclient.netty.handler.HttpHandler - 

Request DefaultHttpRequest(decodeResult: success, version: HTTP/1.1)
POST /session/aeb5d1bb94c7bdf68d43380a3f3cd58a/element HTTP/1.1
User-Agent: selenium/4.1.2 (java windows)
Content-Length: 84
Content-Type: application/json; charset=utf-8
host: localhost:56680
accept: */*

Response DefaultHttpResponse(decodeResult: success, version: HTTP/1.1)
HTTP/1.1 200 OK
Content-Type: application/json; charset=utf-8
cache-control: no-cache
content-length: 88

23:15:51.927 [AsyncHttpClient-1-2] DEBUG org.asynchttpclient.netty.channel.ChannelManager - Adding key: http://localhost:56680 for channel [id: 0x7b33d370, L:/127.0.0.1:64705 - R:localhost/127.0.0.1:56680]
23:15:51.931 [Forwarding sendKeysToElement on session aeb5d1bb94c7bdf68d43380a3f3cd58a to remote] DEBUG org.asynchttpclient.netty.request.NettyRequestSender - Using pooled Channel '[id: 0x7b33d370, L:/127.0.0.1:64705 - R:localhost/127.0.0.1:56680]' for 'POST' to 'http://localhost:56680/session/aeb5d1bb94c7bdf68d43380a3f3cd58a/element/1337e255-d5d2-42f2-890e-8867be08e5ca/value'
23:15:51.931 [Forwarding sendKeysToElement on session aeb5d1bb94c7bdf68d43380a3f3cd58a to remote] DEBUG org.asynchttpclient.netty.request.NettyRequestSender - Using open Channel [id: 0x7b33d370, L:/127.0.0.1:64705 - R:localhost/127.0.0.1:56680] for POST '/session/aeb5d1bb94c7bdf68d43380a3f3cd58a/element/1337e255-d5d2-42f2-890e-8867be08e5ca/value'
23:15:52.241 [AsyncHttpClient-1-2] DEBUG org.asynchttpclient.netty.handler.HttpHandler - 

Request DefaultHttpRequest(decodeResult: success, version: HTTP/1.1)
POST /session/aeb5d1bb94c7bdf68d43380a3f3cd58a/element/1337e255-d5d2-42f2-890e-8867be08e5ca/value HTTP/1.1
User-Agent: selenium/4.1.2 (java windows)
Content-Length: 311
Content-Type: application/json; charset=utf-8
host: localhost:56680
accept: */*

Response DefaultHttpResponse(decodeResult: success, version: HTTP/1.1)
HTTP/1.1 200 OK
Content-Type: application/json; charset=utf-8
cache-control: no-cache
content-length: 14

23:15:52.242 [AsyncHttpClient-1-2] DEBUG org.asynchttpclient.netty.channel.ChannelManager - Adding key: http://localhost:56680 for channel [id: 0x7b33d370, L:/127.0.0.1:64705 - R:localhost/127.0.0.1:56680]
23:15:52.253 [Forwarding screenshot on session aeb5d1bb94c7bdf68d43380a3f3cd58a to remote] DEBUG org.asynchttpclient.netty.request.NettyRequestSender - Using pooled Channel '[id: 0x7b33d370, L:/127.0.0.1:64705 - R:localhost/127.0.0.1:56680]' for 'GET' to 'http://localhost:56680/session/aeb5d1bb94c7bdf68d43380a3f3cd58a/screenshot'
23:15:52.253 [Forwarding screenshot on session aeb5d1bb94c7bdf68d43380a3f3cd58a to remote] DEBUG org.asynchttpclient.netty.request.NettyRequestSender - Using open Channel [id: 0x7b33d370, L:/127.0.0.1:64705 - R:localhost/127.0.0.1:56680] for GET '/session/aeb5d1bb94c7bdf68d43380a3f3cd58a/screenshot'
23:15:52.486 [AsyncHttpClient-1-2] DEBUG org.asynchttpclient.netty.handler.HttpHandler - 

Request DefaultFullHttpRequest(decodeResult: success, version: HTTP/1.1, content: EmptyByteBufBE)
GET /session/aeb5d1bb94c7bdf68d43380a3f3cd58a/screenshot HTTP/1.1
User-Agent: selenium/4.1.2 (java windows)
Cache-Control: no-cache
Content-Type: application/json; charset=utf-8
host: localhost:56680
accept: */*

Response DefaultHttpResponse(decodeResult: success, version: HTTP/1.1)
HTTP/1.1 200 OK
Content-Type: application/json; charset=utf-8
cache-control: no-cache
content-length: 54936

23:15:52.487 [AsyncHttpClient-1-2] DEBUG org.asynchttpclient.netty.channel.ChannelManager - Adding key: http://localhost:56680 for channel [id: 0x7b33d370, L:/127.0.0.1:64705 - R:localhost/127.0.0.1:56680]
23:15:52.489 [main] DEBUG net.serenitybdd.core.photography.Darkroom - Send negative for processing for target\site\serenity\3fe62c791b0c83f4d03c16c66715bce61672abb2d0efec1c658f9a0f46924307.png
23:15:52.490 [main] DEBUG net.thucydides.core.steps.StepInterceptor - STEP DONE: typeEmail
  &amp#27;[32mAnd &amp#27;[0m&amp#27;[32mI type email&amp#27;[0m                                 &amp#27;[90m# stepdefinitions.RegisterStep.iTypeEmail()&amp#27;[0m
23:15:52.490 [Darkroom Processing Line] DEBUG net.serenitybdd.core.photography.DarkroomProcessingLine - Processing screenshot image in /var/screenshots/screenshot-1506859616404871589
23:15:52.491 [Darkroom Processing Line] DEBUG net.serenitybdd.core.photography.DarkroomProcessingLine - Saving screenshot to target\site\serenity\3fe62c791b0c83f4d03c16c66715bce61672abb2d0efec1c658f9a0f46924307.png
23:15:52.523 [main] DEBUG net.thucydides.core.steps.StepInterceptor - STARTING STEP: RegisterStep.iTypePassword - typePassword
23:15:52.530 [Forwarding findElement on session aeb5d1bb94c7bdf68d43380a3f3cd58a to remote] DEBUG org.asynchttpclient.netty.request.NettyRequestSender - Using pooled Channel '[id: 0x7b33d370, L:/127.0.0.1:64705 - R:localhost/127.0.0.1:56680]' for 'POST' to 'http://localhost:56680/session/aeb5d1bb94c7bdf68d43380a3f3cd58a/element'
23:15:52.531 [Forwarding findElement on session aeb5d1bb94c7bdf68d43380a3f3cd58a to remote] DEBUG org.asynchttpclient.netty.request.NettyRequestSender - Using open Channel [id: 0x7b33d370, L:/127.0.0.1:64705 - R:localhost/127.0.0.1:56680] for POST '/session/aeb5d1bb94c7bdf68d43380a3f3cd58a/element'
23:15:52.554 [AsyncHttpClient-1-2] DEBUG org.asynchttpclient.netty.handler.HttpHandler - 

Request DefaultHttpRequest(decodeResult: success, version: HTTP/1.1)
POST /session/aeb5d1bb94c7bdf68d43380a3f3cd58a/element HTTP/1.1
User-Agent: selenium/4.1.2 (java windows)
Content-Length: 87
Content-Type: application/json; charset=utf-8
host: localhost:56680
accept: */*

Response DefaultHttpResponse(decodeResult: success, version: HTTP/1.1)
HTTP/1.1 200 OK
Content-Type: application/json; charset=utf-8
cache-control: no-cache
content-length: 88

23:15:52.554 [AsyncHttpClient-1-2] DEBUG org.asynchttpclient.netty.channel.ChannelManager - Adding key: http://localhost:56680 for channel [id: 0x7b33d370, L:/127.0.0.1:64705 - R:localhost/127.0.0.1:56680]
23:15:52.561 [Forwarding sendKeysToElement on session aeb5d1bb94c7bdf68d43380a3f3cd58a to remote] DEBUG org.asynchttpclient.netty.request.NettyRequestSender - Using pooled Channel '[id: 0x7b33d370, L:/127.0.0.1:64705 - R:localhost/127.0.0.1:56680]' for 'POST' to 'http://localhost:56680/session/aeb5d1bb94c7bdf68d43380a3f3cd58a/element/73bee64c-1761-479e-b0ed-7d72811f5829/value'
23:15:52.561 [Forwarding sendKeysToElement on session aeb5d1bb94c7bdf68d43380a3f3cd58a to remote] DEBUG org.asynchttpclient.netty.request.NettyRequestSender - Using open Channel [id: 0x7b33d370, L:/127.0.0.1:64705 - R:localhost/127.0.0.1:56680] for POST '/session/aeb5d1bb94c7bdf68d43380a3f3cd58a/element/73bee64c-1761-479e-b0ed-7d72811f5829/value'
23:15:53.167 [AsyncHttpClient-1-2] DEBUG org.asynchttpclient.netty.handler.HttpHandler - 

Request DefaultHttpRequest(decodeResult: success, version: HTTP/1.1)
POST /session/aeb5d1bb94c7bdf68d43380a3f3cd58a/element/73bee64c-1761-479e-b0ed-7d72811f5829/value HTTP/1.1
User-Agent: selenium/4.1.2 (java windows)
Content-Length: 131
Content-Type: application/json; charset=utf-8
host: localhost:56680
accept: */*

Response DefaultHttpResponse(decodeResult: success, version: HTTP/1.1)
HTTP/1.1 200 OK
Content-Type: application/json; charset=utf-8
cache-control: no-cache
content-length: 14

23:15:53.167 [AsyncHttpClient-1-2] DEBUG org.asynchttpclient.netty.channel.ChannelManager - Adding key: http://localhost:56680 for channel [id: 0x7b33d370, L:/127.0.0.1:64705 - R:localhost/127.0.0.1:56680]
23:15:53.214 [Forwarding screenshot on session aeb5d1bb94c7bdf68d43380a3f3cd58a to remote] DEBUG org.asynchttpclient.netty.request.NettyRequestSender - Using pooled Channel '[id: 0x7b33d370, L:/127.0.0.1:64705 - R:localhost/127.0.0.1:56680]' for 'GET' to 'http://localhost:56680/session/aeb5d1bb94c7bdf68d43380a3f3cd58a/screenshot'
23:15:53.214 [Forwarding screenshot on session aeb5d1bb94c7bdf68d43380a3f3cd58a to remote] DEBUG org.asynchttpclient.netty.request.NettyRequestSender - Using open Channel [id: 0x7b33d370, L:/127.0.0.1:64705 - R:localhost/127.0.0.1:56680] for GET '/session/aeb5d1bb94c7bdf68d43380a3f3cd58a/screenshot'
23:15:53.816 [AsyncHttpClient-1-2] DEBUG org.asynchttpclient.netty.handler.HttpHandler - 

Request DefaultFullHttpRequest(decodeResult: success, version: HTTP/1.1, content: EmptyByteBufBE)
GET /session/aeb5d1bb94c7bdf68d43380a3f3cd58a/screenshot HTTP/1.1
User-Agent: selenium/4.1.2 (java windows)
Cache-Control: no-cache
Content-Type: application/json; charset=utf-8
host: localhost:56680
accept: */*

Response DefaultHttpResponse(decodeResult: success, version: HTTP/1.1)
HTTP/1.1 200 OK
Content-Type: application/json; charset=utf-8
cache-control: no-cache
content-length: 55856

23:15:53.817 [AsyncHttpClient-1-2] DEBUG org.asynchttpclient.netty.channel.ChannelManager - Adding key: http://localhost:56680 for channel [id: 0x7b33d370, L:/127.0.0.1:64705 - R:localhost/127.0.0.1:56680]
23:15:53.821 [main] DEBUG net.serenitybdd.core.photography.Darkroom - Send negative for processing for target\site\serenity\f79cb039a40cc9423bfeed8e4fd0ac2dc84a6a49f7864ab56131784b55868b74.png
23:15:53.822 [main] DEBUG net.thucydides.core.steps.StepInterceptor - STEP DONE: typePassword
  &amp#27;[32mAnd &amp#27;[0m&amp#27;[32mI type password &amp#27;[0m&amp#27;[32m&amp#27;[1maiueo&amp#27;[0m                        &amp#27;[90m# stepdefinitions.RegisterStep.iTypePassword(java.lang.String)&amp#27;[0m
23:15:53.844 [Darkroom Processing Line] DEBUG net.serenitybdd.core.photography.DarkroomProcessingLine - Processing screenshot image in /var/screenshots/screenshot-14710889949681716542
23:15:53.844 [Darkroom Processing Line] DEBUG net.serenitybdd.core.photography.DarkroomProcessingLine - Saving screenshot to target\site\serenity\f79cb039a40cc9423bfeed8e4fd0ac2dc84a6a49f7864ab56131784b55868b74.png
23:15:53.886 [Forwarding screenshot on session aeb5d1bb94c7bdf68d43380a3f3cd58a to remote] DEBUG org.asynchttpclient.netty.request.NettyRequestSender - Using pooled Channel '[id: 0x7b33d370, L:/127.0.0.1:64705 - R:localhost/127.0.0.1:56680]' for 'GET' to 'http://localhost:56680/session/aeb5d1bb94c7bdf68d43380a3f3cd58a/screenshot'
23:15:53.886 [Forwarding screenshot on session aeb5d1bb94c7bdf68d43380a3f3cd58a to remote] DEBUG org.asynchttpclient.netty.request.NettyRequestSender - Using open Channel [id: 0x7b33d370, L:/127.0.0.1:64705 - R:localhost/127.0.0.1:56680] for GET '/session/aeb5d1bb94c7bdf68d43380a3f3cd58a/screenshot'
23:15:54.235 [AsyncHttpClient-1-2] DEBUG org.asynchttpclient.netty.handler.HttpHandler - 

Request DefaultFullHttpRequest(decodeResult: success, version: HTTP/1.1, content: EmptyByteBufBE)
GET /session/aeb5d1bb94c7bdf68d43380a3f3cd58a/screenshot HTTP/1.1
User-Agent: selenium/4.1.2 (java windows)
Cache-Control: no-cache
Content-Type: application/json; charset=utf-8
host: localhost:56680
accept: */*

Response DefaultHttpResponse(decodeResult: success, version: HTTP/1.1)
HTTP/1.1 200 OK
Content-Type: application/json; charset=utf-8
cache-control: no-cache
content-length: 55988

23:15:54.236 [AsyncHttpClient-1-2] DEBUG org.asynchttpclient.netty.channel.ChannelManager - Adding key: http://localhost:56680 for channel [id: 0x7b33d370, L:/127.0.0.1:64705 - R:localhost/127.0.0.1:56680]
23:15:54.251 [main] DEBUG net.serenitybdd.core.photography.Darkroom - Send negative for processing for target\site\serenity\a9ca8b25d8060bb8834bac9e9ceccfb553e03c81b5ce29ed2845f186e4c7617b.png
23:15:54.252 [main] DEBUG net.thucydides.core.steps.StepInterceptor - STARTING STEP: RegisterStep.iClickLoginButton - clickRegisterButton
23:15:54.272 [Darkroom Processing Line] DEBUG net.serenitybdd.core.photography.DarkroomProcessingLine - Processing screenshot image in /var/screenshots/screenshot-1216425263412929181
23:15:54.272 [Darkroom Processing Line] DEBUG net.serenitybdd.core.photography.DarkroomProcessingLine - Saving screenshot to target\site\serenity\a9ca8b25d8060bb8834bac9e9ceccfb553e03c81b5ce29ed2845f186e4c7617b.png
23:15:54.280 [Forwarding findElement on session aeb5d1bb94c7bdf68d43380a3f3cd58a to remote] DEBUG org.asynchttpclient.netty.request.NettyRequestSender - Using pooled Channel '[id: 0x7b33d370, L:/127.0.0.1:64705 - R:localhost/127.0.0.1:56680]' for 'POST' to 'http://localhost:56680/session/aeb5d1bb94c7bdf68d43380a3f3cd58a/element'
23:15:54.286 [Forwarding findElement on session aeb5d1bb94c7bdf68d43380a3f3cd58a to remote] DEBUG org.asynchttpclient.netty.request.NettyRequestSender - Using open Channel [id: 0x7b33d370, L:/127.0.0.1:64705 - R:localhost/127.0.0.1:56680] for POST '/session/aeb5d1bb94c7bdf68d43380a3f3cd58a/element'
23:15:54.353 [AsyncHttpClient-1-2] DEBUG org.asynchttpclient.netty.handler.HttpHandler - 

Request DefaultHttpRequest(decodeResult: success, version: HTTP/1.1)
POST /session/aeb5d1bb94c7bdf68d43380a3f3cd58a/element HTTP/1.1
User-Agent: selenium/4.1.2 (java windows)
Content-Length: 155
Content-Type: application/json; charset=utf-8
host: localhost:56680
accept: */*

Response DefaultHttpResponse(decodeResult: success, version: HTTP/1.1)
HTTP/1.1 200 OK
Content-Type: application/json; charset=utf-8
cache-control: no-cache
content-length: 88

23:15:54.354 [AsyncHttpClient-1-2] DEBUG org.asynchttpclient.netty.channel.ChannelManager - Adding key: http://localhost:56680 for channel [id: 0x7b33d370, L:/127.0.0.1:64705 - R:localhost/127.0.0.1:56680]
23:15:54.364 [Forwarding getElementTagName on session aeb5d1bb94c7bdf68d43380a3f3cd58a to remote] DEBUG org.asynchttpclient.netty.request.NettyRequestSender - Using pooled Channel '[id: 0x7b33d370, L:/127.0.0.1:64705 - R:localhost/127.0.0.1:56680]' for 'GET' to 'http://localhost:56680/session/aeb5d1bb94c7bdf68d43380a3f3cd58a/element/40f58b27-9dd2-4979-89a4-891d9478bb4b/name'
23:15:54.365 [Forwarding getElementTagName on session aeb5d1bb94c7bdf68d43380a3f3cd58a to remote] DEBUG org.asynchttpclient.netty.request.NettyRequestSender - Using open Channel [id: 0x7b33d370, L:/127.0.0.1:64705 - R:localhost/127.0.0.1:56680] for GET '/session/aeb5d1bb94c7bdf68d43380a3f3cd58a/element/40f58b27-9dd2-4979-89a4-891d9478bb4b/name'
23:15:54.381 [AsyncHttpClient-1-2] DEBUG org.asynchttpclient.netty.handler.HttpHandler - 

Request DefaultFullHttpRequest(decodeResult: success, version: HTTP/1.1, content: EmptyByteBufBE)
GET /session/aeb5d1bb94c7bdf68d43380a3f3cd58a/element/40f58b27-9dd2-4979-89a4-891d9478bb4b/name HTTP/1.1
User-Agent: selenium/4.1.2 (java windows)
Cache-Control: no-cache
Content-Type: application/json; charset=utf-8
host: localhost:56680
accept: */*

Response DefaultHttpResponse(decodeResult: success, version: HTTP/1.1)
HTTP/1.1 200 OK
Content-Type: application/json; charset=utf-8
cache-control: no-cache
content-length: 18

23:15:54.381 [AsyncHttpClient-1-2] DEBUG org.asynchttpclient.netty.channel.ChannelManager - Adding key: http://localhost:56680 for channel [id: 0x7b33d370, L:/127.0.0.1:64705 - R:localhost/127.0.0.1:56680]
23:15:54.387 [Forwarding getElementTagName on session aeb5d1bb94c7bdf68d43380a3f3cd58a to remote] DEBUG org.asynchttpclient.netty.request.NettyRequestSender - Using pooled Channel '[id: 0x7b33d370, L:/127.0.0.1:64705 - R:localhost/127.0.0.1:56680]' for 'GET' to 'http://localhost:56680/session/aeb5d1bb94c7bdf68d43380a3f3cd58a/element/40f58b27-9dd2-4979-89a4-891d9478bb4b/name'
23:15:54.387 [Forwarding getElementTagName on session aeb5d1bb94c7bdf68d43380a3f3cd58a to remote] DEBUG org.asynchttpclient.netty.request.NettyRequestSender - Using open Channel [id: 0x7b33d370, L:/127.0.0.1:64705 - R:localhost/127.0.0.1:56680] for GET '/session/aeb5d1bb94c7bdf68d43380a3f3cd58a/element/40f58b27-9dd2-4979-89a4-891d9478bb4b/name'
23:15:54.418 [AsyncHttpClient-1-2] DEBUG org.asynchttpclient.netty.handler.HttpHandler - 

Request DefaultFullHttpRequest(decodeResult: success, version: HTTP/1.1, content: EmptyByteBufBE)
GET /session/aeb5d1bb94c7bdf68d43380a3f3cd58a/element/40f58b27-9dd2-4979-89a4-891d9478bb4b/name HTTP/1.1
User-Agent: selenium/4.1.2 (java windows)
Cache-Control: no-cache
Content-Type: application/json; charset=utf-8
host: localhost:56680
accept: */*

Response DefaultHttpResponse(decodeResult: success, version: HTTP/1.1)
HTTP/1.1 200 OK
Content-Type: application/json; charset=utf-8
cache-control: no-cache
content-length: 18

23:15:54.419 [AsyncHttpClient-1-2] DEBUG org.asynchttpclient.netty.channel.ChannelManager - Adding key: http://localhost:56680 for channel [id: 0x7b33d370, L:/127.0.0.1:64705 - R:localhost/127.0.0.1:56680]
23:15:54.451 [Forwarding isElementEnabled on session aeb5d1bb94c7bdf68d43380a3f3cd58a to remote] DEBUG org.asynchttpclient.netty.request.NettyRequestSender - Using pooled Channel '[id: 0x7b33d370, L:/127.0.0.1:64705 - R:localhost/127.0.0.1:56680]' for 'GET' to 'http://localhost:56680/session/aeb5d1bb94c7bdf68d43380a3f3cd58a/element/40f58b27-9dd2-4979-89a4-891d9478bb4b/enabled'
23:15:54.451 [Forwarding isElementEnabled on session aeb5d1bb94c7bdf68d43380a3f3cd58a to remote] DEBUG org.asynchttpclient.netty.request.NettyRequestSender - Using open Channel [id: 0x7b33d370, L:/127.0.0.1:64705 - R:localhost/127.0.0.1:56680] for GET '/session/aeb5d1bb94c7bdf68d43380a3f3cd58a/element/40f58b27-9dd2-4979-89a4-891d9478bb4b/enabled'
23:15:54.476 [AsyncHttpClient-1-2] DEBUG org.asynchttpclient.netty.handler.HttpHandler - 

Request DefaultFullHttpRequest(decodeResult: success, version: HTTP/1.1, content: EmptyByteBufBE)
GET /session/aeb5d1bb94c7bdf68d43380a3f3cd58a/element/40f58b27-9dd2-4979-89a4-891d9478bb4b/enabled HTTP/1.1
User-Agent: selenium/4.1.2 (java windows)
Cache-Control: no-cache
Content-Type: application/json; charset=utf-8
host: localhost:56680
accept: */*

Response DefaultHttpResponse(decodeResult: success, version: HTTP/1.1)
HTTP/1.1 200 OK
Content-Type: application/json; charset=utf-8
cache-control: no-cache
content-length: 14

23:15:54.477 [AsyncHttpClient-1-2] DEBUG org.asynchttpclient.netty.channel.ChannelManager - Adding key: http://localhost:56680 for channel [id: 0x7b33d370, L:/127.0.0.1:64705 - R:localhost/127.0.0.1:56680]
23:15:54.485 [Forwarding isElementEnabled on session aeb5d1bb94c7bdf68d43380a3f3cd58a to remote] DEBUG org.asynchttpclient.netty.request.NettyRequestSender - Using pooled Channel '[id: 0x7b33d370, L:/127.0.0.1:64705 - R:localhost/127.0.0.1:56680]' for 'GET' to 'http://localhost:56680/session/aeb5d1bb94c7bdf68d43380a3f3cd58a/element/40f58b27-9dd2-4979-89a4-891d9478bb4b/enabled'
23:15:54.486 [Forwarding isElementEnabled on session aeb5d1bb94c7bdf68d43380a3f3cd58a to remote] DEBUG org.asynchttpclient.netty.request.NettyRequestSender - Using open Channel [id: 0x7b33d370, L:/127.0.0.1:64705 - R:localhost/127.0.0.1:56680] for GET '/session/aeb5d1bb94c7bdf68d43380a3f3cd58a/element/40f58b27-9dd2-4979-89a4-891d9478bb4b/enabled'
23:15:54.500 [AsyncHttpClient-1-2] DEBUG org.asynchttpclient.netty.handler.HttpHandler - 

Request DefaultFullHttpRequest(decodeResult: success, version: HTTP/1.1, content: EmptyByteBufBE)
GET /session/aeb5d1bb94c7bdf68d43380a3f3cd58a/element/40f58b27-9dd2-4979-89a4-891d9478bb4b/enabled HTTP/1.1
User-Agent: selenium/4.1.2 (java windows)
Cache-Control: no-cache
Content-Type: application/json; charset=utf-8
host: localhost:56680
accept: */*

Response DefaultHttpResponse(decodeResult: success, version: HTTP/1.1)
HTTP/1.1 200 OK
Content-Type: application/json; charset=utf-8
cache-control: no-cache
content-length: 14

23:15:54.500 [AsyncHttpClient-1-2] DEBUG org.asynchttpclient.netty.channel.ChannelManager - Adding key: http://localhost:56680 for channel [id: 0x7b33d370, L:/127.0.0.1:64705 - R:localhost/127.0.0.1:56680]
23:15:54.503 [Forwarding findElement on session aeb5d1bb94c7bdf68d43380a3f3cd58a to remote] DEBUG org.asynchttpclient.netty.request.NettyRequestSender - Using pooled Channel '[id: 0x7b33d370, L:/127.0.0.1:64705 - R:localhost/127.0.0.1:56680]' for 'POST' to 'http://localhost:56680/session/aeb5d1bb94c7bdf68d43380a3f3cd58a/element'
23:15:54.503 [Forwarding findElement on session aeb5d1bb94c7bdf68d43380a3f3cd58a to remote] DEBUG org.asynchttpclient.netty.request.NettyRequestSender - Using open Channel [id: 0x7b33d370, L:/127.0.0.1:64705 - R:localhost/127.0.0.1:56680] for POST '/session/aeb5d1bb94c7bdf68d43380a3f3cd58a/element'
23:15:54.522 [AsyncHttpClient-1-2] DEBUG org.asynchttpclient.netty.handler.HttpHandler - 

Request DefaultHttpRequest(decodeResult: success, version: HTTP/1.1)
POST /session/aeb5d1bb94c7bdf68d43380a3f3cd58a/element HTTP/1.1
User-Agent: selenium/4.1.2 (java windows)
Content-Length: 155
Content-Type: application/json; charset=utf-8
host: localhost:56680
accept: */*

Response DefaultHttpResponse(decodeResult: success, version: HTTP/1.1)
HTTP/1.1 200 OK
Content-Type: application/json; charset=utf-8
cache-control: no-cache
content-length: 88

23:15:54.522 [AsyncHttpClient-1-2] DEBUG org.asynchttpclient.netty.channel.ChannelManager - Adding key: http://localhost:56680 for channel [id: 0x7b33d370, L:/127.0.0.1:64705 - R:localhost/127.0.0.1:56680]
23:15:54.527 [Forwarding clickElement on session aeb5d1bb94c7bdf68d43380a3f3cd58a to remote] DEBUG org.asynchttpclient.netty.request.NettyRequestSender - Using pooled Channel '[id: 0x7b33d370, L:/127.0.0.1:64705 - R:localhost/127.0.0.1:56680]' for 'POST' to 'http://localhost:56680/session/aeb5d1bb94c7bdf68d43380a3f3cd58a/element/40f58b27-9dd2-4979-89a4-891d9478bb4b/click'
23:15:54.527 [Forwarding clickElement on session aeb5d1bb94c7bdf68d43380a3f3cd58a to remote] DEBUG org.asynchttpclient.netty.request.NettyRequestSender - Using open Channel [id: 0x7b33d370, L:/127.0.0.1:64705 - R:localhost/127.0.0.1:56680] for POST '/session/aeb5d1bb94c7bdf68d43380a3f3cd58a/element/40f58b27-9dd2-4979-89a4-891d9478bb4b/click'
23:15:54.936 [AsyncHttpClient-1-2] DEBUG org.asynchttpclient.netty.handler.HttpHandler - 

Request DefaultHttpRequest(decodeResult: success, version: HTTP/1.1)
POST /session/aeb5d1bb94c7bdf68d43380a3f3cd58a/element/40f58b27-9dd2-4979-89a4-891d9478bb4b/click HTTP/1.1
User-Agent: selenium/4.1.2 (java windows)
Content-Length: 50
Content-Type: application/json; charset=utf-8
host: localhost:56680
accept: */*

Response DefaultHttpResponse(decodeResult: success, version: HTTP/1.1)
HTTP/1.1 200 OK
Content-Type: application/json; charset=utf-8
cache-control: no-cache
content-length: 14

23:15:54.937 [AsyncHttpClient-1-2] DEBUG org.asynchttpclient.netty.channel.ChannelManager - Adding key: http://localhost:56680 for channel [id: 0x7b33d370, L:/127.0.0.1:64705 - R:localhost/127.0.0.1:56680]
23:15:54.951 [Forwarding screenshot on session aeb5d1bb94c7bdf68d43380a3f3cd58a to remote] DEBUG org.asynchttpclient.netty.request.NettyRequestSender - Using pooled Channel '[id: 0x7b33d370, L:/127.0.0.1:64705 - R:localhost/127.0.0.1:56680]' for 'GET' to 'http://localhost:56680/session/aeb5d1bb94c7bdf68d43380a3f3cd58a/screenshot'
23:15:54.951 [Forwarding screenshot on session aeb5d1bb94c7bdf68d43380a3f3cd58a to remote] DEBUG org.asynchttpclient.netty.request.NettyRequestSender - Using open Channel [id: 0x7b33d370, L:/127.0.0.1:64705 - R:localhost/127.0.0.1:56680] for GET '/session/aeb5d1bb94c7bdf68d43380a3f3cd58a/screenshot'
23:15:55.476 [AsyncHttpClient-1-2] DEBUG org.asynchttpclient.netty.handler.HttpHandler - 

Request DefaultFullHttpRequest(decodeResult: success, version: HTTP/1.1, content: EmptyByteBufBE)
GET /session/aeb5d1bb94c7bdf68d43380a3f3cd58a/screenshot HTTP/1.1
User-Agent: selenium/4.1.2 (java windows)
Cache-Control: no-cache
Content-Type: application/json; charset=utf-8
host: localhost:56680
accept: */*

Response DefaultHttpResponse(decodeResult: success, version: HTTP/1.1)
HTTP/1.1 200 OK
Content-Type: application/json; charset=utf-8
cache-control: no-cache
content-length: 54872

23:15:55.477 [AsyncHttpClient-1-2] DEBUG org.asynchttpclient.netty.channel.ChannelManager - Adding key: http://localhost:56680 for channel [id: 0x7b33d370, L:/127.0.0.1:64705 - R:localhost/127.0.0.1:56680]
23:15:55.481 [main] DEBUG net.serenitybdd.core.photography.Darkroom - Send negative for processing for target\site\serenity\fd29b1d193b3dcd1326b76fb25c40cb29409b4aa843849a657525308ff179a9a.png
23:15:55.482 [main] DEBUG net.thucydides.core.steps.StepInterceptor - STEP DONE: clickRegisterButton
  &amp#27;[32mAnd &amp#27;[0m&amp#27;[32mI click Register button&amp#27;[0m                      &amp#27;[90m# stepdefinitions.RegisterStep.iClickLoginButton()&amp#27;[0m
23:15:55.484 [Darkroom Processing Line] DEBUG net.serenitybdd.core.photography.DarkroomProcessingLine - Processing screenshot image in /var/screenshots/screenshot-169623385144747092
23:15:55.484 [Darkroom Processing Line] DEBUG net.serenitybdd.core.photography.DarkroomProcessingLine - Saving screenshot to target\site\serenity\fd29b1d193b3dcd1326b76fb25c40cb29409b4aa843849a657525308ff179a9a.png
23:15:55.542 [Forwarding screenshot on session aeb5d1bb94c7bdf68d43380a3f3cd58a to remote] DEBUG org.asynchttpclient.netty.request.NettyRequestSender - Using pooled Channel '[id: 0x7b33d370, L:/127.0.0.1:64705 - R:localhost/127.0.0.1:56680]' for 'GET' to 'http://localhost:56680/session/aeb5d1bb94c7bdf68d43380a3f3cd58a/screenshot'
23:15:55.542 [Forwarding screenshot on session aeb5d1bb94c7bdf68d43380a3f3cd58a to remote] DEBUG org.asynchttpclient.netty.request.NettyRequestSender - Using open Channel [id: 0x7b33d370, L:/127.0.0.1:64705 - R:localhost/127.0.0.1:56680] for GET '/session/aeb5d1bb94c7bdf68d43380a3f3cd58a/screenshot'
23:15:55.837 [AsyncHttpClient-1-2] DEBUG org.asynchttpclient.netty.handler.HttpHandler - 

Request DefaultFullHttpRequest(decodeResult: success, version: HTTP/1.1, content: EmptyByteBufBE)
GET /session/aeb5d1bb94c7bdf68d43380a3f3cd58a/screenshot HTTP/1.1
User-Agent: selenium/4.1.2 (java windows)
Cache-Control: no-cache
Content-Type: application/json; charset=utf-8
host: localhost:56680
accept: */*

Response DefaultHttpResponse(decodeResult: success, version: HTTP/1.1)
HTTP/1.1 200 OK
Content-Type: application/json; charset=utf-8
cache-control: no-cache
content-length: 54640

23:15:55.838 [AsyncHttpClient-1-2] DEBUG org.asynchttpclient.netty.channel.ChannelManager - Adding key: http://localhost:56680 for channel [id: 0x7b33d370, L:/127.0.0.1:64705 - R:localhost/127.0.0.1:56680]
23:15:55.841 [main] DEBUG net.serenitybdd.core.photography.Darkroom - Send negative for processing for target\site\serenity\e6423c1e329cb8f372230df6a3b3d91a3ec0810f57fdd2f7ad77c4dcfce9c9c2.png
23:15:55.855 [main] DEBUG net.thucydides.core.steps.StepInterceptor - STARTING STEP: RegisterStep.iOnLoginPage - validateOnLoginPage
23:15:55.855 [Darkroom Processing Line] DEBUG net.serenitybdd.core.photography.DarkroomProcessingLine - Processing screenshot image in /var/screenshots/screenshot-16166739876720436449
23:15:55.855 [Darkroom Processing Line] DEBUG net.serenitybdd.core.photography.DarkroomProcessingLine - Saving screenshot to target\site\serenity\e6423c1e329cb8f372230df6a3b3d91a3ec0810f57fdd2f7ad77c4dcfce9c9c2.png
23:15:55.863 [Forwarding findElement on session aeb5d1bb94c7bdf68d43380a3f3cd58a to remote] DEBUG org.asynchttpclient.netty.request.NettyRequestSender - Using pooled Channel '[id: 0x7b33d370, L:/127.0.0.1:64705 - R:localhost/127.0.0.1:56680]' for 'POST' to 'http://localhost:56680/session/aeb5d1bb94c7bdf68d43380a3f3cd58a/element'
23:15:55.863 [Forwarding findElement on session aeb5d1bb94c7bdf68d43380a3f3cd58a to remote] DEBUG org.asynchttpclient.netty.request.NettyRequestSender - Using open Channel [id: 0x7b33d370, L:/127.0.0.1:64705 - R:localhost/127.0.0.1:56680] for POST '/session/aeb5d1bb94c7bdf68d43380a3f3cd58a/element'
23:15:55.899 [AsyncHttpClient-1-2] DEBUG org.asynchttpclient.netty.handler.HttpHandler - 

Request DefaultHttpRequest(decodeResult: success, version: HTTP/1.1)
POST /session/aeb5d1bb94c7bdf68d43380a3f3cd58a/element HTTP/1.1
User-Agent: selenium/4.1.2 (java windows)
Content-Length: 76
Content-Type: application/json; charset=utf-8
host: localhost:56680
accept: */*

Response DefaultHttpResponse(decodeResult: success, version: HTTP/1.1)
HTTP/1.1 200 OK
Content-Type: application/json; charset=utf-8
cache-control: no-cache
content-length: 88

23:15:55.899 [AsyncHttpClient-1-2] DEBUG org.asynchttpclient.netty.channel.ChannelManager - Adding key: http://localhost:56680 for channel [id: 0x7b33d370, L:/127.0.0.1:64705 - R:localhost/127.0.0.1:56680]
23:15:55.916 [Forwarding isElementDisplayed on session aeb5d1bb94c7bdf68d43380a3f3cd58a to remote] DEBUG org.asynchttpclient.netty.request.NettyRequestSender - Using pooled Channel '[id: 0x7b33d370, L:/127.0.0.1:64705 - R:localhost/127.0.0.1:56680]' for 'POST' to 'http://localhost:56680/session/aeb5d1bb94c7bdf68d43380a3f3cd58a/execute/sync'
23:15:55.917 [Forwarding isElementDisplayed on session aeb5d1bb94c7bdf68d43380a3f3cd58a to remote] DEBUG org.asynchttpclient.netty.request.NettyRequestSender - Using open Channel [id: 0x7b33d370, L:/127.0.0.1:64705 - R:localhost/127.0.0.1:56680] for POST '/session/aeb5d1bb94c7bdf68d43380a3f3cd58a/execute/sync'
23:15:55.957 [AsyncHttpClient-1-2] DEBUG org.asynchttpclient.netty.handler.HttpHandler - 

Request DefaultHttpRequest(decodeResult: success, version: HTTP/1.1)
POST /session/aeb5d1bb94c7bdf68d43380a3f3cd58a/execute/sync HTTP/1.1
User-Agent: selenium/4.1.2 (java windows)
Content-Length: 48780
Content-Type: application/json; charset=utf-8
host: localhost:56680
accept: */*

Response DefaultHttpResponse(decodeResult: success, version: HTTP/1.1)
HTTP/1.1 200 OK
Content-Type: application/json; charset=utf-8
cache-control: no-cache
content-length: 14

23:15:55.957 [AsyncHttpClient-1-2] DEBUG org.asynchttpclient.netty.channel.ChannelManager - Adding key: http://localhost:56680 for channel [id: 0x7b33d370, L:/127.0.0.1:64705 - R:localhost/127.0.0.1:56680]
23:15:55.961 [AsyncHttpClient-1-1] DEBUG org.asynchttpclient.netty.channel.DefaultChannelPool - Entry count for : http://localhost:56680 : 1
23:15:55.971 [Forwarding screenshot on session aeb5d1bb94c7bdf68d43380a3f3cd58a to remote] DEBUG org.asynchttpclient.netty.request.NettyRequestSender - Using pooled Channel '[id: 0x7b33d370, L:/127.0.0.1:64705 - R:localhost/127.0.0.1:56680]' for 'GET' to 'http://localhost:56680/session/aeb5d1bb94c7bdf68d43380a3f3cd58a/screenshot'
23:15:55.971 [Forwarding screenshot on session aeb5d1bb94c7bdf68d43380a3f3cd58a to remote] DEBUG org.asynchttpclient.netty.request.NettyRequestSender - Using open Channel [id: 0x7b33d370, L:/127.0.0.1:64705 - R:localhost/127.0.0.1:56680] for GET '/session/aeb5d1bb94c7bdf68d43380a3f3cd58a/screenshot'
23:15:56.192 [AsyncHttpClient-1-2] DEBUG org.asynchttpclient.netty.handler.HttpHandler - 

Request DefaultFullHttpRequest(decodeResult: success, version: HTTP/1.1, content: EmptyByteBufBE)
GET /session/aeb5d1bb94c7bdf68d43380a3f3cd58a/screenshot HTTP/1.1
User-Agent: selenium/4.1.2 (java windows)
Cache-Control: no-cache
Content-Type: application/json; charset=utf-8
host: localhost:56680
accept: */*

Response DefaultHttpResponse(decodeResult: success, version: HTTP/1.1)
HTTP/1.1 200 OK
Content-Type: application/json; charset=utf-8
cache-control: no-cache
content-length: 54640

23:15:56.193 [AsyncHttpClient-1-2] DEBUG org.asynchttpclient.netty.channel.ChannelManager - Adding key: http://localhost:56680 for channel [id: 0x7b33d370, L:/127.0.0.1:64705 - R:localhost/127.0.0.1:56680]
23:15:56.196 [main] DEBUG net.serenitybdd.core.photography.Darkroom - Send negative for processing for target\site\serenity\e6423c1e329cb8f372230df6a3b3d91a3ec0810f57fdd2f7ad77c4dcfce9c9c2.png
23:15:56.196 [main] DEBUG net.thucydides.core.steps.StepInterceptor - STEP DONE: validateOnLoginPage
  &amp#27;[32mThen &amp#27;[0m&amp#27;[32mI on Login Page&amp#27;[0m                             &amp#27;[90m# stepdefinitions.RegisterStep.iOnLoginPage()&amp#27;[0m
23:15:56.208 [main] INFO  - 
  _____   ___   ___   _____     ___     _     ___   ___   ___   ___  
 |_   _| | __| / __| |_   _|   | _ \   /_\   / __| / __| | __| |   \ 
   | |   | _|  \__ \   | |     |  _/  / _ \  \__ \ \__ \ | _|  | |) |
   |_|   |___| |___/   |_|     |_|   /_/ \_\ |___/ |___/ |___| |___/ 

As a user, i have able to create account
----------------------------------------------------------------------
23:15:56.211 [AsyncHttpClient-1-9] DEBUG org.asynchttpclient.netty.handler.WebSocketHandler - Channel Closed: [id: 0x7b98f8a8, L:/127.0.0.1:64553 ! R:localhost/127.0.0.1:64545] with attribute NettyResponseFuture{currentRetry=5,
	isDone=1,
	isCancelled=0,
	asyncHandler=org.asynchttpclient.ws.WebSocketUpgradeHandler@2cc2da49,
	nettyRequest=org.asynchttpclient.netty.request.NettyRequest@592aa96a,
	future=java.util.concurrent.CompletableFuture@4feccdef[Completed normally],
	uri=ws://localhost:64545/devtools/browser/043c7b11-9620-4c4b-bb94-86e025a077e9,
	keepAlive=true,
	redirectCount=0,
	timeoutsHolder=null,
	inAuth=0,
	touch=1653063008840}
23:15:56.211 [AsyncHttpClient-1-9] DEBUG org.asynchttpclient.netty.channel.ChannelManager - Closing Channel [id: 0x7b98f8a8, L:/127.0.0.1:64553 ! R:localhost/127.0.0.1:64545] 
23:15:56.213 [Driver Command Executor] DEBUG org.asynchttpclient.netty.request.NettyRequestSender - Using pooled Channel '[id: 0x7b33d370, L:/127.0.0.1:64705 - R:localhost/127.0.0.1:56680]' for 'DELETE' to 'http://localhost:56680/session/aeb5d1bb94c7bdf68d43380a3f3cd58a'
23:15:56.213 [Driver Command Executor] DEBUG org.asynchttpclient.netty.request.NettyRequestSender - Using open Channel [id: 0x7b33d370, L:/127.0.0.1:64705 - R:localhost/127.0.0.1:56680] for DELETE '/session/aeb5d1bb94c7bdf68d43380a3f3cd58a'
23:15:56.754 [AsyncHttpClient-1-2] DEBUG org.asynchttpclient.netty.handler.HttpHandler - 

Request DefaultFullHttpRequest(decodeResult: success, version: HTTP/1.1, content: EmptyByteBufBE)
DELETE /session/aeb5d1bb94c7bdf68d43380a3f3cd58a HTTP/1.1
User-Agent: selenium/4.1.2 (java windows)
Content-Type: application/json; charset=utf-8
host: localhost:56680
accept: */*

Response DefaultHttpResponse(decodeResult: success, version: HTTP/1.1)
HTTP/1.1 200 OK
Content-Type: application/json; charset=utf-8
cache-control: no-cache
content-length: 14

23:15:56.755 [AsyncHttpClient-1-2] DEBUG org.asynchttpclient.netty.channel.ChannelManager - Adding key: http://localhost:56680 for channel [id: 0x7b33d370, L:/127.0.0.1:64705 - R:localhost/127.0.0.1:56680]
23:15:57.063 [AsyncHttpClient-1-1] DEBUG org.asynchttpclient.netty.channel.DefaultChannelPool - Entry count for : http://localhost:56680 : 1
23:15:57.147 [AsyncHttpClient-1-2] DEBUG org.asynchttpclient.netty.handler.HttpHandler - Channel Closed: [id: 0x7b33d370, L:/127.0.0.1:64705 ! R:localhost/127.0.0.1:56680] with attribute DISCARD
]]></system-out>
    <system-err><![CDATA[Starting ChromeDriver 101.0.4951.41 (93c720db8323b3ec10d056025ab95c23a31997c9-refs/branch-heads/4951@{#904}) on port 56680
Only local connections are allowed.
Please see https://chromedriver.chromium.org/security-considerations for suggestions on keeping ChromeDriver safe.
ChromeDriver was started successfully.
May 20, 2022 11:10:08 PM org.openqa.selenium.remote.ProtocolHandshake createSession
INFO: Detected dialect: W3C
May 20, 2022 11:10:08 PM org.openqa.selenium.devtools.CdpVersionFinder findNearestMatch
WARNING: Unable to find an exact match for CDP version 101, so returning the closest version found: 97
May 20, 2022 11:10:08 PM org.openqa.selenium.devtools.CdpVersionFinder findNearestMatch
INFO: Found CDP implementation for version 101 of 97
[1653063308.868][SEVERE]: Timed out receiving message from renderer: 295.839
[1653063308.870][SEVERE]: Timed out receiving message from renderer: 295.839
]]></system-err>
  </testcase>
  <testcase name="As a user, i have not able to create account" classname="Register #1" time="78.101">
    <error type="org.openqa.selenium.NoSuchElementException"><![CDATA[org.openqa.selenium.NoSuchElementException: 
no such element: Unable to locate element: {"method":"css selector","selector":".v\-alert__wrapper"}
  (Session info: chrome=101.0.4951.67)
For documentation on this error, please visit: https://selenium.dev/exceptions/#no_such_element
Build info: version: '4.1.2', revision: '9a5a329c5a'
System info: host: 'LAPTOP-9MG0RTAB', ip: '192.168.172.95', os.name: 'Windows 10', os.arch: 'amd64', os.version: '10.0', java.version: '11.0.14'
Driver info: org.openqa.selenium.chrome.ChromeDriver
Command: [a99d0d04d9de23a272a5b7a2fb9267cf, findElement {using=css selector, value=.v\-alert__wrapper}]
Capabilities {acceptInsecureCerts: false, browserName: chrome, browserVersion: 101.0.4951.67, chrome: {chromedriverVersion: 101.0.4951.41 (93c720db8323..., userDataDir: C:\Users\SITINU~1\AppData\L...}, goog:chromeOptions: {debuggerAddress: localhost:64834}, javascriptEnabled: true, networkConnectionEnabled: false, pageLoadStrategy: normal, platform: WINDOWS, platformName: WINDOWS, proxy: Proxy(), se:cdp: ws://localhost:64834/devtoo..., se:cdpVersion: 101.0.4951.67, setWindowRect: true, strictFileInteractability: false, timeouts: {implicit: 0, pageLoad: 300000, script: 30000}, unhandledPromptBehavior: dismiss and notify, webauthn:extension:credBlob: true, webauthn:extension:largeBlob: true, webauthn:virtualAuthenticators: true}
Session ID: a99d0d04d9de23a272a5b7a2fb9267cf
]]></error>
    <system-out><![CDATA[
Scenario: As a user, i have not able to create account &amp#27;[90m# src/test/resources/features/Register.feature:11&amp#27;[0m
23:15:57.762 [main] INFO io.cucumber.core.plugin.SerenityReporter - Running feature from file:///D:/Mini%20Project-QE%20Alta/Web%20Automation/FrontEnd-AltaShop/src/test/resources/features/Register.feature
23:15:57.768 [main] INFO  - 
  _____   ___   ___   _____     ___   _____     _     ___   _____   ___   ___  
 |_   _| | __| / __| |_   _|   / __| |_   _|   /_\   | _ \ |_   _| | __| |   \ 
   | |   | _|  \__ \   | |     \__ \   | |    / _ \  |   /   | |   | _|  | |) |
   |_|   |___| |___/   |_|     |___/   |_|   /_/ \_\ |_|_\   |_|   |___| |___/ 

As a user, i have not able to create account(register;as-a-user--i-have-not-able-to-create-account)
--------------------------------------------------------------------------------
23:15:58.250 [main] DEBUG net.thucydides.core.steps.StepInterceptor - STARTING STEP: RegisterStep.iAmOnRegisterPage - onRegisterPage
23:15:58.252 [main] INFO net.serenitybdd.core.webdriver.driverproviders.ChromeDriverProvider - Using automatically driver download
23:15:58.258 [AsyncHttpClient-1-1] DEBUG org.asynchttpclient.netty.channel.DefaultChannelPool - Entry count for : http://localhost:56680 : 1
23:15:58.258 [AsyncHttpClient-1-1] DEBUG org.asynchttpclient.netty.channel.DefaultChannelPool - Adding Candidate expired Channel [id: 0x7b33d370, L:/127.0.0.1:64705 ! R:localhost/127.0.0.1:56680] isIdleTimeoutExpired=false isRemotelyClosed=true isTtlExpired=false
23:15:58.258 [AsyncHttpClient-1-1] DEBUG org.asynchttpclient.netty.channel.DefaultChannelPool - Closing Idle Channel [id: 0x7b33d370, L:/127.0.0.1:64705 ! R:localhost/127.0.0.1:56680]
23:15:58.258 [AsyncHttpClient-1-1] DEBUG org.asynchttpclient.netty.channel.DefaultChannelPool - Closed 1 connections out of 1 in 0 ms
23:15:58.682 [main] DEBUG io.github.bonigarcia.wdm.cache.ResolutionCache - Resolution chrome=101 in cache (valid until 23:59:13 20/05/2022 ICT)
23:15:58.698 [main] DEBUG io.github.bonigarcia.wdm.cache.ResolutionCache - Resolution chrome101=101.0.4951.41 in cache (valid until 22:59:13 21/05/2022 ICT)
23:15:58.703 [main] INFO io.github.bonigarcia.wdm.WebDriverManager - Using chromedriver 101.0.4951.41 (resolved driver for Chrome 101)
23:15:58.733 [main] DEBUG io.github.bonigarcia.wdm.WebDriverManager - Driver chromedriver 101.0.4951.41 found in cache
23:15:58.735 [main] INFO io.github.bonigarcia.wdm.WebDriverManager - Exporting webdriver.chrome.driver as C:\Users\Siti Nurlatipah\.cache\selenium\chromedriver\win32\101.0.4951.41\chromedriver.exe
23:15:58.991 [main] DEBUG net.serenitybdd.core.webdriver.driverproviders.ProvideNewDriver - Instantiating driver
23:15:58.991 [main] DEBUG net.serenitybdd.core.webdriver.driverproviders.ProvideNewDriver - Driver capabilities: Capabilities {acceptInsecureCerts: false, base.url: https://qa.alta.id, browserName: chrome, chrome.driver: src/test/resources/webdrive..., driver: chrome, goog:chromeOptions: {args: [], extensions: []}}
23:16:00.178 [AsyncHttpClient-1-3] DEBUG org.asynchttpclient.netty.channel.NettyConnectListener - Using new Channel '[id: 0x6612a0bf, L:/127.0.0.1:64833 - R:localhost/127.0.0.1:54550]' for 'POST' to '/session'
23:16:01.999 [AsyncHttpClient-1-3] DEBUG org.asynchttpclient.netty.handler.HttpHandler - 

Request DefaultHttpRequest(decodeResult: success, version: HTTP/1.1)
POST /session HTTP/1.1
User-Agent: selenium/4.1.2 (java windows)
Content-Length: 595
Content-Type: application/json; charset=utf-8
host: localhost:54550
accept: */*

Response DefaultHttpResponse(decodeResult: success, version: HTTP/1.1)
HTTP/1.1 200 OK
Content-Type: application/json; charset=utf-8
cache-control: no-cache
content-length: 791

23:16:02.000 [AsyncHttpClient-1-3] DEBUG org.asynchttpclient.netty.channel.ChannelManager - Adding key: http://localhost:54550 for channel [id: 0x6612a0bf, L:/127.0.0.1:64833 - R:localhost/127.0.0.1:54550]
23:16:02.019 [AsyncHttpClient-1-4] DEBUG org.asynchttpclient.netty.channel.NettyConnectListener - Using new Channel '[id: 0x9df5e06f, L:/127.0.0.1:64841 - R:localhost/127.0.0.1:64834]' for 'GET' to '/json/version'
23:16:02.021 [AsyncHttpClient-1-4] DEBUG org.asynchttpclient.netty.handler.HttpHandler - 

Request DefaultFullHttpRequest(decodeResult: success, version: HTTP/1.1, content: EmptyByteBufBE)
GET /json/version HTTP/1.1
User-Agent: selenium/4.1.2 (java windows)
host: localhost:64834
accept: */*

Response DefaultHttpResponse(decodeResult: success, version: HTTP/1.1)
HTTP/1.1 200 OK
Content-Type: application/json; charset=UTF-8
content-length: 427

23:16:02.021 [AsyncHttpClient-1-4] DEBUG org.asynchttpclient.netty.channel.ChannelManager - Adding key: http://localhost:64834 for channel [id: 0x9df5e06f, L:/127.0.0.1:64841 - R:localhost/127.0.0.1:64834]
23:16:02.029 [AsyncHttpClient-1-5] DEBUG org.asynchttpclient.netty.channel.NettyConnectListener - Using new Channel '[id: 0xad869ca1, L:/127.0.0.1:64842 - R:localhost/127.0.0.1:64834]' for 'GET' to '/devtools/browser/15bbfa84-9d2c-4f5a-9907-6c3eaa9e0bee'
23:16:02.030 [AsyncHttpClient-1-5] DEBUG org.asynchttpclient.netty.handler.WebSocketHandler - 

Request DefaultFullHttpRequest(decodeResult: success, version: HTTP/1.1, content: EmptyByteBufBE)
GET /devtools/browser/15bbfa84-9d2c-4f5a-9907-6c3eaa9e0bee HTTP/1.1
upgrade: websocket
connection: upgrade
sec-websocket-key: atI+fQ4SoCLbzaktAzNIWw==
sec-websocket-version: 13
origin: http://localhost:64834
host: localhost:64834
accept: */*
user-agent: AHC/2.1

Response DefaultHttpResponse(decodeResult: success, version: HTTP/1.1)
HTTP/1.1 101 WebSocket Protocol Handshake
Upgrade: WebSocket
Connection: Upgrade
Sec-WebSocket-Accept: d+3WmxmKsiiwGEgN17xbEOPeid8=

23:16:02.038 [Forwarding get on session a99d0d04d9de23a272a5b7a2fb9267cf to remote] DEBUG org.asynchttpclient.netty.request.NettyRequestSender - Using pooled Channel '[id: 0x6612a0bf, L:/127.0.0.1:64833 - R:localhost/127.0.0.1:54550]' for 'POST' to 'http://localhost:54550/session/a99d0d04d9de23a272a5b7a2fb9267cf/url'
23:16:02.038 [Forwarding get on session a99d0d04d9de23a272a5b7a2fb9267cf to remote] DEBUG org.asynchttpclient.netty.request.NettyRequestSender - Using open Channel [id: 0x6612a0bf, L:/127.0.0.1:64833 - R:localhost/127.0.0.1:54550] for POST '/session/a99d0d04d9de23a272a5b7a2fb9267cf/url'
23:16:02.657 [AsyncHttpClient-1-1] DEBUG org.asynchttpclient.netty.channel.DefaultChannelPool - Entry count for : http://localhost:64834 : 1
23:16:03.757 [AsyncHttpClient-1-1] DEBUG org.asynchttpclient.netty.channel.DefaultChannelPool - Entry count for : http://localhost:64834 : 1
23:16:04.859 [AsyncHttpClient-1-1] DEBUG org.asynchttpclient.netty.channel.DefaultChannelPool - Entry count for : http://localhost:64834 : 1
23:16:05.957 [AsyncHttpClient-1-1] DEBUG org.asynchttpclient.netty.channel.DefaultChannelPool - Entry count for : http://localhost:64834 : 1
23:16:07.057 [AsyncHttpClient-1-1] DEBUG org.asynchttpclient.netty.channel.DefaultChannelPool - Entry count for : http://localhost:64834 : 1
23:16:08.164 [AsyncHttpClient-1-1] DEBUG org.asynchttpclient.netty.channel.DefaultChannelPool - Entry count for : http://localhost:64834 : 1
23:16:09.257 [AsyncHttpClient-1-1] DEBUG org.asynchttpclient.netty.channel.DefaultChannelPool - Entry count for : http://localhost:64834 : 1
23:16:10.360 [AsyncHttpClient-1-1] DEBUG org.asynchttpclient.netty.channel.DefaultChannelPool - Entry count for : http://localhost:64834 : 1
23:16:11.457 [AsyncHttpClient-1-1] DEBUG org.asynchttpclient.netty.channel.DefaultChannelPool - Entry count for : http://localhost:64834 : 1
23:16:12.562 [AsyncHttpClient-1-1] DEBUG org.asynchttpclient.netty.channel.DefaultChannelPool - Entry count for : http://localhost:64834 : 1
23:16:13.663 [AsyncHttpClient-1-1] DEBUG org.asynchttpclient.netty.channel.DefaultChannelPool - Entry count for : http://localhost:64834 : 1
23:16:14.756 [AsyncHttpClient-1-1] DEBUG org.asynchttpclient.netty.channel.DefaultChannelPool - Entry count for : http://localhost:64834 : 1
23:16:15.858 [AsyncHttpClient-1-1] DEBUG org.asynchttpclient.netty.channel.DefaultChannelPool - Entry count for : http://localhost:64834 : 1
23:16:16.965 [AsyncHttpClient-1-1] DEBUG org.asynchttpclient.netty.channel.DefaultChannelPool - Entry count for : http://localhost:64834 : 1
23:16:18.059 [AsyncHttpClient-1-1] DEBUG org.asynchttpclient.netty.channel.DefaultChannelPool - Entry count for : http://localhost:64834 : 1
23:16:19.167 [AsyncHttpClient-1-1] DEBUG org.asynchttpclient.netty.channel.DefaultChannelPool - Entry count for : http://localhost:64834 : 1
23:16:20.257 [AsyncHttpClient-1-1] DEBUG org.asynchttpclient.netty.channel.DefaultChannelPool - Entry count for : http://localhost:64834 : 1
23:16:21.363 [AsyncHttpClient-1-1] DEBUG org.asynchttpclient.netty.channel.DefaultChannelPool - Entry count for : http://localhost:64834 : 1
23:16:22.457 [AsyncHttpClient-1-1] DEBUG org.asynchttpclient.netty.channel.DefaultChannelPool - Entry count for : http://localhost:64834 : 1
23:16:23.558 [AsyncHttpClient-1-1] DEBUG org.asynchttpclient.netty.channel.DefaultChannelPool - Entry count for : http://localhost:64834 : 1
23:16:24.657 [AsyncHttpClient-1-1] DEBUG org.asynchttpclient.netty.channel.DefaultChannelPool - Entry count for : http://localhost:64834 : 1
23:16:25.764 [AsyncHttpClient-1-1] DEBUG org.asynchttpclient.netty.channel.DefaultChannelPool - Entry count for : http://localhost:64834 : 1
23:16:26.856 [AsyncHttpClient-1-1] DEBUG org.asynchttpclient.netty.channel.DefaultChannelPool - Entry count for : http://localhost:64834 : 1
23:16:27.966 [AsyncHttpClient-1-1] DEBUG org.asynchttpclient.netty.channel.DefaultChannelPool - Entry count for : http://localhost:64834 : 1
23:16:29.061 [AsyncHttpClient-1-1] DEBUG org.asynchttpclient.netty.channel.DefaultChannelPool - Entry count for : http://localhost:64834 : 1
23:16:30.158 [AsyncHttpClient-1-1] DEBUG org.asynchttpclient.netty.channel.DefaultChannelPool - Entry count for : http://localhost:64834 : 1
23:16:31.256 [AsyncHttpClient-1-1] DEBUG org.asynchttpclient.netty.channel.DefaultChannelPool - Entry count for : http://localhost:64834 : 1
23:16:32.357 [AsyncHttpClient-1-1] DEBUG org.asynchttpclient.netty.channel.DefaultChannelPool - Entry count for : http://localhost:64834 : 1
23:16:33.460 [AsyncHttpClient-1-1] DEBUG org.asynchttpclient.netty.channel.DefaultChannelPool - Entry count for : http://localhost:64834 : 1
23:16:34.557 [AsyncHttpClient-1-1] DEBUG org.asynchttpclient.netty.channel.DefaultChannelPool - Entry count for : http://localhost:64834 : 1
23:16:35.657 [AsyncHttpClient-1-1] DEBUG org.asynchttpclient.netty.channel.DefaultChannelPool - Entry count for : http://localhost:64834 : 1
23:16:36.764 [AsyncHttpClient-1-1] DEBUG org.asynchttpclient.netty.channel.DefaultChannelPool - Entry count for : http://localhost:64834 : 1
23:16:37.859 [AsyncHttpClient-1-1] DEBUG org.asynchttpclient.netty.channel.DefaultChannelPool - Entry count for : http://localhost:64834 : 1
23:16:38.956 [AsyncHttpClient-1-1] DEBUG org.asynchttpclient.netty.channel.DefaultChannelPool - Entry count for : http://localhost:64834 : 1
23:16:40.057 [AsyncHttpClient-1-1] DEBUG org.asynchttpclient.netty.channel.DefaultChannelPool - Entry count for : http://localhost:64834 : 1
23:16:41.156 [AsyncHttpClient-1-1] DEBUG org.asynchttpclient.netty.channel.DefaultChannelPool - Entry count for : http://localhost:64834 : 1
23:16:42.257 [AsyncHttpClient-1-1] DEBUG org.asynchttpclient.netty.channel.DefaultChannelPool - Entry count for : http://localhost:64834 : 1
23:16:43.358 [AsyncHttpClient-1-1] DEBUG org.asynchttpclient.netty.channel.DefaultChannelPool - Entry count for : http://localhost:64834 : 1
23:16:44.456 [AsyncHttpClient-1-1] DEBUG org.asynchttpclient.netty.channel.DefaultChannelPool - Entry count for : http://localhost:64834 : 1
23:16:45.560 [AsyncHttpClient-1-1] DEBUG org.asynchttpclient.netty.channel.DefaultChannelPool - Entry count for : http://localhost:64834 : 1
23:16:46.657 [AsyncHttpClient-1-1] DEBUG org.asynchttpclient.netty.channel.DefaultChannelPool - Entry count for : http://localhost:64834 : 1
23:16:47.757 [AsyncHttpClient-1-1] DEBUG org.asynchttpclient.netty.channel.DefaultChannelPool - Entry count for : http://localhost:64834 : 1
23:16:48.858 [AsyncHttpClient-1-1] DEBUG org.asynchttpclient.netty.channel.DefaultChannelPool - Entry count for : http://localhost:64834 : 1
23:16:49.961 [AsyncHttpClient-1-1] DEBUG org.asynchttpclient.netty.channel.DefaultChannelPool - Entry count for : http://localhost:64834 : 1
23:16:51.057 [AsyncHttpClient-1-1] DEBUG org.asynchttpclient.netty.channel.DefaultChannelPool - Entry count for : http://localhost:64834 : 1
23:16:52.163 [AsyncHttpClient-1-1] DEBUG org.asynchttpclient.netty.channel.DefaultChannelPool - Entry count for : http://localhost:64834 : 1
23:16:53.261 [AsyncHttpClient-1-1] DEBUG org.asynchttpclient.netty.channel.DefaultChannelPool - Entry count for : http://localhost:64834 : 1
23:16:54.359 [AsyncHttpClient-1-1] DEBUG org.asynchttpclient.netty.channel.DefaultChannelPool - Entry count for : http://localhost:64834 : 1
23:16:55.465 [AsyncHttpClient-1-1] DEBUG org.asynchttpclient.netty.channel.DefaultChannelPool - Entry count for : http://localhost:64834 : 1
23:16:56.561 [AsyncHttpClient-1-1] DEBUG org.asynchttpclient.netty.channel.DefaultChannelPool - Entry count for : http://localhost:64834 : 1
23:16:57.661 [AsyncHttpClient-1-1] DEBUG org.asynchttpclient.netty.channel.DefaultChannelPool - Entry count for : http://localhost:64834 : 1
23:16:58.757 [AsyncHttpClient-1-1] DEBUG org.asynchttpclient.netty.channel.DefaultChannelPool - Entry count for : http://localhost:64834 : 1
23:16:59.862 [AsyncHttpClient-1-1] DEBUG org.asynchttpclient.netty.channel.DefaultChannelPool - Entry count for : http://localhost:64834 : 1
23:17:00.957 [AsyncHttpClient-1-1] DEBUG org.asynchttpclient.netty.channel.DefaultChannelPool - Entry count for : http://localhost:64834 : 1
23:17:02.057 [AsyncHttpClient-1-1] DEBUG org.asynchttpclient.netty.channel.DefaultChannelPool - Entry count for : http://localhost:64834 : 1
23:17:02.057 [AsyncHttpClient-1-1] DEBUG org.asynchttpclient.netty.channel.DefaultChannelPool - Adding Candidate expired Channel [id: 0x9df5e06f, L:/127.0.0.1:64841 - R:localhost/127.0.0.1:64834] isIdleTimeoutExpired=true isRemotelyClosed=false isTtlExpired=false
23:17:02.057 [AsyncHttpClient-1-1] DEBUG org.asynchttpclient.netty.channel.DefaultChannelPool - Closing Idle Channel [id: 0x9df5e06f, L:/127.0.0.1:64841 - R:localhost/127.0.0.1:64834]
23:17:02.057 [AsyncHttpClient-1-1] DEBUG org.asynchttpclient.netty.channel.DefaultChannelPool - Closed 1 connections out of 1 in 0 ms
23:17:02.057 [AsyncHttpClient-1-4] DEBUG org.asynchttpclient.netty.handler.HttpHandler - Channel Closed: [id: 0x9df5e06f, L:/127.0.0.1:64841 ! R:localhost/127.0.0.1:64834] with attribute DISCARD
23:17:05.288 [AsyncHttpClient-1-3] DEBUG org.asynchttpclient.netty.handler.HttpHandler - 

Request DefaultHttpRequest(decodeResult: success, version: HTTP/1.1)
POST /session/a99d0d04d9de23a272a5b7a2fb9267cf/url HTTP/1.1
User-Agent: selenium/4.1.2 (java windows)
Content-Length: 67
Content-Type: application/json; charset=utf-8
host: localhost:54550
accept: */*

Response DefaultHttpResponse(decodeResult: success, version: HTTP/1.1)
HTTP/1.1 200 OK
Content-Type: application/json; charset=utf-8
cache-control: no-cache
content-length: 14

23:17:05.288 [AsyncHttpClient-1-3] DEBUG org.asynchttpclient.netty.channel.ChannelManager - Adding key: http://localhost:54550 for channel [id: 0x6612a0bf, L:/127.0.0.1:64833 - R:localhost/127.0.0.1:54550]
23:17:05.291 [Forwarding setTimeout on session a99d0d04d9de23a272a5b7a2fb9267cf to remote] DEBUG org.asynchttpclient.netty.request.NettyRequestSender - Using pooled Channel '[id: 0x6612a0bf, L:/127.0.0.1:64833 - R:localhost/127.0.0.1:54550]' for 'POST' to 'http://localhost:54550/session/a99d0d04d9de23a272a5b7a2fb9267cf/timeouts'
23:17:05.291 [Forwarding setTimeout on session a99d0d04d9de23a272a5b7a2fb9267cf to remote] DEBUG org.asynchttpclient.netty.request.NettyRequestSender - Using open Channel [id: 0x6612a0bf, L:/127.0.0.1:64833 - R:localhost/127.0.0.1:54550] for POST '/session/a99d0d04d9de23a272a5b7a2fb9267cf/timeouts'
23:17:05.300 [AsyncHttpClient-1-3] DEBUG org.asynchttpclient.netty.handler.HttpHandler - 

Request DefaultHttpRequest(decodeResult: success, version: HTTP/1.1)
POST /session/a99d0d04d9de23a272a5b7a2fb9267cf/timeouts HTTP/1.1
User-Agent: selenium/4.1.2 (java windows)
Content-Length: 22
Content-Type: application/json; charset=utf-8
host: localhost:54550
accept: */*

Response DefaultHttpResponse(decodeResult: success, version: HTTP/1.1)
HTTP/1.1 200 OK
Content-Type: application/json; charset=utf-8
cache-control: no-cache
content-length: 14

23:17:05.300 [AsyncHttpClient-1-3] DEBUG org.asynchttpclient.netty.channel.ChannelManager - Adding key: http://localhost:54550 for channel [id: 0x6612a0bf, L:/127.0.0.1:64833 - R:localhost/127.0.0.1:54550]
23:17:05.306 [Forwarding getCurrentUrl on session a99d0d04d9de23a272a5b7a2fb9267cf to remote] DEBUG org.asynchttpclient.netty.request.NettyRequestSender - Using pooled Channel '[id: 0x6612a0bf, L:/127.0.0.1:64833 - R:localhost/127.0.0.1:54550]' for 'GET' to 'http://localhost:54550/session/a99d0d04d9de23a272a5b7a2fb9267cf/url'
23:17:05.306 [Forwarding getCurrentUrl on session a99d0d04d9de23a272a5b7a2fb9267cf to remote] DEBUG org.asynchttpclient.netty.request.NettyRequestSender - Using open Channel [id: 0x6612a0bf, L:/127.0.0.1:64833 - R:localhost/127.0.0.1:54550] for GET '/session/a99d0d04d9de23a272a5b7a2fb9267cf/url'
23:17:05.317 [AsyncHttpClient-1-3] DEBUG org.asynchttpclient.netty.handler.HttpHandler - 

Request DefaultFullHttpRequest(decodeResult: success, version: HTTP/1.1, content: EmptyByteBufBE)
GET /session/a99d0d04d9de23a272a5b7a2fb9267cf/url HTTP/1.1
User-Agent: selenium/4.1.2 (java windows)
Cache-Control: no-cache
Content-Type: application/json; charset=utf-8
host: localhost:54550
accept: */*

Response DefaultHttpResponse(decodeResult: success, version: HTTP/1.1)
HTTP/1.1 200 OK
Content-Type: application/json; charset=utf-8
cache-control: no-cache
content-length: 44

23:17:05.318 [AsyncHttpClient-1-3] DEBUG org.asynchttpclient.netty.channel.ChannelManager - Adding key: http://localhost:54550 for channel [id: 0x6612a0bf, L:/127.0.0.1:64833 - R:localhost/127.0.0.1:54550]
23:17:05.328 [Forwarding screenshot on session a99d0d04d9de23a272a5b7a2fb9267cf to remote] DEBUG org.asynchttpclient.netty.request.NettyRequestSender - Using pooled Channel '[id: 0x6612a0bf, L:/127.0.0.1:64833 - R:localhost/127.0.0.1:54550]' for 'GET' to 'http://localhost:54550/session/a99d0d04d9de23a272a5b7a2fb9267cf/screenshot'
23:17:05.328 [Forwarding screenshot on session a99d0d04d9de23a272a5b7a2fb9267cf to remote] DEBUG org.asynchttpclient.netty.request.NettyRequestSender - Using open Channel [id: 0x6612a0bf, L:/127.0.0.1:64833 - R:localhost/127.0.0.1:54550] for GET '/session/a99d0d04d9de23a272a5b7a2fb9267cf/screenshot'
23:17:06.658 [AsyncHttpClient-1-3] DEBUG org.asynchttpclient.netty.handler.HttpHandler - 

Request DefaultFullHttpRequest(decodeResult: success, version: HTTP/1.1, content: EmptyByteBufBE)
GET /session/a99d0d04d9de23a272a5b7a2fb9267cf/screenshot HTTP/1.1
User-Agent: selenium/4.1.2 (java windows)
Cache-Control: no-cache
Content-Type: application/json; charset=utf-8
host: localhost:54550
accept: */*

Response DefaultHttpResponse(decodeResult: success, version: HTTP/1.1)
HTTP/1.1 200 OK
Content-Type: application/json; charset=utf-8
cache-control: no-cache
content-length: 44716

23:17:06.665 [AsyncHttpClient-1-3] DEBUG org.asynchttpclient.netty.channel.ChannelManager - Adding key: http://localhost:54550 for channel [id: 0x6612a0bf, L:/127.0.0.1:64833 - R:localhost/127.0.0.1:54550]
23:17:06.679 [main] DEBUG net.serenitybdd.core.photography.Darkroom - Send negative for processing for target\site\serenity\33ddfa6718aa2f09fc0e18bea197612047bccd0f362db96346f936c9007dfd9e.png
23:17:06.679 [main] DEBUG net.thucydides.core.steps.StepInterceptor - STEP DONE: onRegisterPage
  &amp#27;[32mGiven &amp#27;[0m&amp#27;[32m&amp#27;[0m&amp#27;[32m&amp#27;[1mI&amp#27;[0m&amp#27;[32m am on register page&amp#27;[0m                          &amp#27;[90m# stepdefinitions.RegisterStep.iAmOnRegisterPage(java.lang.String)&amp#27;[0m
23:17:06.888 [Forwarding screenshot on session a99d0d04d9de23a272a5b7a2fb9267cf to remote] DEBUG org.asynchttpclient.netty.request.NettyRequestSender - Using pooled Channel '[id: 0x6612a0bf, L:/127.0.0.1:64833 - R:localhost/127.0.0.1:54550]' for 'GET' to 'http://localhost:54550/session/a99d0d04d9de23a272a5b7a2fb9267cf/screenshot'
23:17:06.888 [Forwarding screenshot on session a99d0d04d9de23a272a5b7a2fb9267cf to remote] DEBUG org.asynchttpclient.netty.request.NettyRequestSender - Using open Channel [id: 0x6612a0bf, L:/127.0.0.1:64833 - R:localhost/127.0.0.1:54550] for GET '/session/a99d0d04d9de23a272a5b7a2fb9267cf/screenshot'
23:17:07.278 [AsyncHttpClient-1-3] DEBUG org.asynchttpclient.netty.handler.HttpHandler - 

Request DefaultFullHttpRequest(decodeResult: success, version: HTTP/1.1, content: EmptyByteBufBE)
GET /session/a99d0d04d9de23a272a5b7a2fb9267cf/screenshot HTTP/1.1
User-Agent: selenium/4.1.2 (java windows)
Cache-Control: no-cache
Content-Type: application/json; charset=utf-8
host: localhost:54550
accept: */*

Response DefaultHttpResponse(decodeResult: success, version: HTTP/1.1)
HTTP/1.1 200 OK
Content-Type: application/json; charset=utf-8
cache-control: no-cache
content-length: 44716

23:17:07.278 [AsyncHttpClient-1-3] DEBUG org.asynchttpclient.netty.channel.ChannelManager - Adding key: http://localhost:54550 for channel [id: 0x6612a0bf, L:/127.0.0.1:64833 - R:localhost/127.0.0.1:54550]
23:17:07.283 [main] DEBUG net.serenitybdd.core.photography.Darkroom - Send negative for processing for target\site\serenity\33ddfa6718aa2f09fc0e18bea197612047bccd0f362db96346f936c9007dfd9e.png
23:17:07.284 [main] DEBUG net.thucydides.core.steps.StepInterceptor - STARTING STEP: RegisterStep.iTypeMyFullname - typeFullname
23:17:07.288 [Forwarding findElement on session a99d0d04d9de23a272a5b7a2fb9267cf to remote] DEBUG org.asynchttpclient.netty.request.NettyRequestSender - Using pooled Channel '[id: 0x6612a0bf, L:/127.0.0.1:64833 - R:localhost/127.0.0.1:54550]' for 'POST' to 'http://localhost:54550/session/a99d0d04d9de23a272a5b7a2fb9267cf/element'
23:17:07.288 [Forwarding findElement on session a99d0d04d9de23a272a5b7a2fb9267cf to remote] DEBUG org.asynchttpclient.netty.request.NettyRequestSender - Using open Channel [id: 0x6612a0bf, L:/127.0.0.1:64833 - R:localhost/127.0.0.1:54550] for POST '/session/a99d0d04d9de23a272a5b7a2fb9267cf/element'
23:17:07.334 [AsyncHttpClient-1-3] DEBUG org.asynchttpclient.netty.handler.HttpHandler - 

Request DefaultHttpRequest(decodeResult: success, version: HTTP/1.1)
POST /session/a99d0d04d9de23a272a5b7a2fb9267cf/element HTTP/1.1
User-Agent: selenium/4.1.2 (java windows)
Content-Length: 91
Content-Type: application/json; charset=utf-8
host: localhost:54550
accept: */*

Response DefaultHttpResponse(decodeResult: success, version: HTTP/1.1)
HTTP/1.1 200 OK
Content-Type: application/json; charset=utf-8
cache-control: no-cache
content-length: 88

23:17:07.334 [AsyncHttpClient-1-3] DEBUG org.asynchttpclient.netty.channel.ChannelManager - Adding key: http://localhost:54550 for channel [id: 0x6612a0bf, L:/127.0.0.1:64833 - R:localhost/127.0.0.1:54550]
23:17:07.338 [Forwarding sendKeysToElement on session a99d0d04d9de23a272a5b7a2fb9267cf to remote] DEBUG org.asynchttpclient.netty.request.NettyRequestSender - Using pooled Channel '[id: 0x6612a0bf, L:/127.0.0.1:64833 - R:localhost/127.0.0.1:54550]' for 'POST' to 'http://localhost:54550/session/a99d0d04d9de23a272a5b7a2fb9267cf/element/56e8f433-ce4e-4e8d-bcf3-9da1c69f4743/value'
23:17:07.338 [Forwarding sendKeysToElement on session a99d0d04d9de23a272a5b7a2fb9267cf to remote] DEBUG org.asynchttpclient.netty.request.NettyRequestSender - Using open Channel [id: 0x6612a0bf, L:/127.0.0.1:64833 - R:localhost/127.0.0.1:54550] for POST '/session/a99d0d04d9de23a272a5b7a2fb9267cf/element/56e8f433-ce4e-4e8d-bcf3-9da1c69f4743/value'
23:17:08.386 [AsyncHttpClient-1-3] DEBUG org.asynchttpclient.netty.handler.HttpHandler - 

Request DefaultHttpRequest(decodeResult: success, version: HTTP/1.1)
POST /session/a99d0d04d9de23a272a5b7a2fb9267cf/element/56e8f433-ce4e-4e8d-bcf3-9da1c69f4743/value HTTP/1.1
User-Agent: selenium/4.1.2 (java windows)
Content-Length: 141
Content-Type: application/json; charset=utf-8
host: localhost:54550
accept: */*

Response DefaultHttpResponse(decodeResult: success, version: HTTP/1.1)
HTTP/1.1 200 OK
Content-Type: application/json; charset=utf-8
cache-control: no-cache
content-length: 14

23:17:08.386 [AsyncHttpClient-1-3] DEBUG org.asynchttpclient.netty.channel.ChannelManager - Adding key: http://localhost:54550 for channel [id: 0x6612a0bf, L:/127.0.0.1:64833 - R:localhost/127.0.0.1:54550]
23:17:08.396 [Forwarding screenshot on session a99d0d04d9de23a272a5b7a2fb9267cf to remote] DEBUG org.asynchttpclient.netty.request.NettyRequestSender - Using pooled Channel '[id: 0x6612a0bf, L:/127.0.0.1:64833 - R:localhost/127.0.0.1:54550]' for 'GET' to 'http://localhost:54550/session/a99d0d04d9de23a272a5b7a2fb9267cf/screenshot'
23:17:08.397 [Forwarding screenshot on session a99d0d04d9de23a272a5b7a2fb9267cf to remote] DEBUG org.asynchttpclient.netty.request.NettyRequestSender - Using open Channel [id: 0x6612a0bf, L:/127.0.0.1:64833 - R:localhost/127.0.0.1:54550] for GET '/session/a99d0d04d9de23a272a5b7a2fb9267cf/screenshot'
23:17:09.192 [AsyncHttpClient-1-3] DEBUG org.asynchttpclient.netty.handler.HttpHandler - 

Request DefaultFullHttpRequest(decodeResult: success, version: HTTP/1.1, content: EmptyByteBufBE)
GET /session/a99d0d04d9de23a272a5b7a2fb9267cf/screenshot HTTP/1.1
User-Agent: selenium/4.1.2 (java windows)
Cache-Control: no-cache
Content-Type: application/json; charset=utf-8
host: localhost:54550
accept: */*

Response DefaultHttpResponse(decodeResult: success, version: HTTP/1.1)
HTTP/1.1 200 OK
Content-Type: application/json; charset=utf-8
cache-control: no-cache
content-length: 46288

23:17:09.192 [AsyncHttpClient-1-3] DEBUG org.asynchttpclient.netty.channel.ChannelManager - Adding key: http://localhost:54550 for channel [id: 0x6612a0bf, L:/127.0.0.1:64833 - R:localhost/127.0.0.1:54550]
23:17:09.195 [main] DEBUG net.serenitybdd.core.photography.Darkroom - Send negative for processing for target\site\serenity\9fcaad4e6f73910b08486042e645fe55befc4d6c6708f68409011461ff63adb2.png
23:17:09.195 [main] DEBUG net.thucydides.core.steps.StepInterceptor - STEP DONE: typeFullname
  &amp#27;[32mWhen &amp#27;[0m&amp#27;[32mI type My fullname &amp#27;[0m&amp#27;[32m&amp#27;[1mAisyah&amp#27;[0m                       &amp#27;[90m# stepdefinitions.RegisterStep.iTypeMyFullname(java.lang.String)&amp#27;[0m
23:17:09.196 [Darkroom Processing Line] DEBUG net.serenitybdd.core.photography.DarkroomProcessingLine - Processing screenshot image in /var/screenshots/screenshot-16861602396452054390
23:17:09.196 [Darkroom Processing Line] DEBUG net.serenitybdd.core.photography.DarkroomProcessingLine - Saving screenshot to target\site\serenity\9fcaad4e6f73910b08486042e645fe55befc4d6c6708f68409011461ff63adb2.png
23:17:09.226 [main] DEBUG net.thucydides.core.steps.StepInterceptor - STARTING STEP: RegisterStep.iTypeMyPassword - typePassword
23:17:09.238 [Forwarding findElement on session a99d0d04d9de23a272a5b7a2fb9267cf to remote] DEBUG org.asynchttpclient.netty.request.NettyRequestSender - Using pooled Channel '[id: 0x6612a0bf, L:/127.0.0.1:64833 - R:localhost/127.0.0.1:54550]' for 'POST' to 'http://localhost:54550/session/a99d0d04d9de23a272a5b7a2fb9267cf/element'
23:17:09.238 [Forwarding findElement on session a99d0d04d9de23a272a5b7a2fb9267cf to remote] DEBUG org.asynchttpclient.netty.request.NettyRequestSender - Using open Channel [id: 0x6612a0bf, L:/127.0.0.1:64833 - R:localhost/127.0.0.1:54550] for POST '/session/a99d0d04d9de23a272a5b7a2fb9267cf/element'
23:17:09.265 [AsyncHttpClient-1-3] DEBUG org.asynchttpclient.netty.handler.HttpHandler - 

Request DefaultHttpRequest(decodeResult: success, version: HTTP/1.1)
POST /session/a99d0d04d9de23a272a5b7a2fb9267cf/element HTTP/1.1
User-Agent: selenium/4.1.2 (java windows)
Content-Length: 87
Content-Type: application/json; charset=utf-8
host: localhost:54550
accept: */*

Response DefaultHttpResponse(decodeResult: success, version: HTTP/1.1)
HTTP/1.1 200 OK
Content-Type: application/json; charset=utf-8
cache-control: no-cache
content-length: 88

23:17:09.266 [AsyncHttpClient-1-3] DEBUG org.asynchttpclient.netty.channel.ChannelManager - Adding key: http://localhost:54550 for channel [id: 0x6612a0bf, L:/127.0.0.1:64833 - R:localhost/127.0.0.1:54550]
23:17:09.271 [Forwarding sendKeysToElement on session a99d0d04d9de23a272a5b7a2fb9267cf to remote] DEBUG org.asynchttpclient.netty.request.NettyRequestSender - Using pooled Channel '[id: 0x6612a0bf, L:/127.0.0.1:64833 - R:localhost/127.0.0.1:54550]' for 'POST' to 'http://localhost:54550/session/a99d0d04d9de23a272a5b7a2fb9267cf/element/47166634-4f69-4382-83e9-405f5f8e4614/value'
23:17:09.271 [Forwarding sendKeysToElement on session a99d0d04d9de23a272a5b7a2fb9267cf to remote] DEBUG org.asynchttpclient.netty.request.NettyRequestSender - Using open Channel [id: 0x6612a0bf, L:/127.0.0.1:64833 - R:localhost/127.0.0.1:54550] for POST '/session/a99d0d04d9de23a272a5b7a2fb9267cf/element/47166634-4f69-4382-83e9-405f5f8e4614/value'
23:17:10.061 [AsyncHttpClient-1-3] DEBUG org.asynchttpclient.netty.handler.HttpHandler - 

Request DefaultHttpRequest(decodeResult: success, version: HTTP/1.1)
POST /session/a99d0d04d9de23a272a5b7a2fb9267cf/element/47166634-4f69-4382-83e9-405f5f8e4614/value HTTP/1.1
User-Agent: selenium/4.1.2 (java windows)
Content-Length: 151
Content-Type: application/json; charset=utf-8
host: localhost:54550
accept: */*

Response DefaultHttpResponse(decodeResult: success, version: HTTP/1.1)
HTTP/1.1 200 OK
Content-Type: application/json; charset=utf-8
cache-control: no-cache
content-length: 14

23:17:10.079 [AsyncHttpClient-1-3] DEBUG org.asynchttpclient.netty.channel.ChannelManager - Adding key: http://localhost:54550 for channel [id: 0x6612a0bf, L:/127.0.0.1:64833 - R:localhost/127.0.0.1:54550]
23:17:10.176 [Forwarding screenshot on session a99d0d04d9de23a272a5b7a2fb9267cf to remote] DEBUG org.asynchttpclient.netty.request.NettyRequestSender - Using pooled Channel '[id: 0x6612a0bf, L:/127.0.0.1:64833 - R:localhost/127.0.0.1:54550]' for 'GET' to 'http://localhost:54550/session/a99d0d04d9de23a272a5b7a2fb9267cf/screenshot'
23:17:10.177 [Forwarding screenshot on session a99d0d04d9de23a272a5b7a2fb9267cf to remote] DEBUG org.asynchttpclient.netty.request.NettyRequestSender - Using open Channel [id: 0x6612a0bf, L:/127.0.0.1:64833 - R:localhost/127.0.0.1:54550] for GET '/session/a99d0d04d9de23a272a5b7a2fb9267cf/screenshot'
23:17:10.597 [AsyncHttpClient-1-3] DEBUG org.asynchttpclient.netty.handler.HttpHandler - 

Request DefaultFullHttpRequest(decodeResult: success, version: HTTP/1.1, content: EmptyByteBufBE)
GET /session/a99d0d04d9de23a272a5b7a2fb9267cf/screenshot HTTP/1.1
User-Agent: selenium/4.1.2 (java windows)
Cache-Control: no-cache
Content-Type: application/json; charset=utf-8
host: localhost:54550
accept: */*

Response DefaultHttpResponse(decodeResult: success, version: HTTP/1.1)
HTTP/1.1 200 OK
Content-Type: application/json; charset=utf-8
cache-control: no-cache
content-length: 48832

23:17:10.603 [AsyncHttpClient-1-3] DEBUG org.asynchttpclient.netty.channel.ChannelManager - Adding key: http://localhost:54550 for channel [id: 0x6612a0bf, L:/127.0.0.1:64833 - R:localhost/127.0.0.1:54550]
23:17:10.610 [main] DEBUG net.serenitybdd.core.photography.Darkroom - Send negative for processing for target\site\serenity\508835bb3627b98a7eac38eac3141371420e7ad82b12d3c314881916d09aeb81.png
23:17:10.611 [main] DEBUG net.thucydides.core.steps.StepInterceptor - STEP DONE: typePassword
  &amp#27;[32mAnd &amp#27;[0m&amp#27;[32mI type My password &amp#27;[0m&amp#27;[32m&amp#27;[1m123qwer&amp#27;[0m                       &amp#27;[90m# stepdefinitions.RegisterStep.iTypeMyPassword(java.lang.String)&amp#27;[0m
23:17:10.615 [Darkroom Processing Line] DEBUG net.serenitybdd.core.photography.DarkroomProcessingLine - Processing screenshot image in /var/screenshots/screenshot-4789504686057965247
23:17:10.615 [Darkroom Processing Line] DEBUG net.serenitybdd.core.photography.DarkroomProcessingLine - Saving screenshot to target\site\serenity\508835bb3627b98a7eac38eac3141371420e7ad82b12d3c314881916d09aeb81.png
23:17:10.656 [main] DEBUG net.thucydides.core.steps.StepInterceptor - STARTING STEP: RegisterStep.iClickRegisterButton - clickRegisterButton
23:17:10.668 [Forwarding findElement on session a99d0d04d9de23a272a5b7a2fb9267cf to remote] DEBUG org.asynchttpclient.netty.request.NettyRequestSender - Using pooled Channel '[id: 0x6612a0bf, L:/127.0.0.1:64833 - R:localhost/127.0.0.1:54550]' for 'POST' to 'http://localhost:54550/session/a99d0d04d9de23a272a5b7a2fb9267cf/element'
23:17:10.668 [Forwarding findElement on session a99d0d04d9de23a272a5b7a2fb9267cf to remote] DEBUG org.asynchttpclient.netty.request.NettyRequestSender - Using open Channel [id: 0x6612a0bf, L:/127.0.0.1:64833 - R:localhost/127.0.0.1:54550] for POST '/session/a99d0d04d9de23a272a5b7a2fb9267cf/element'
23:17:10.716 [AsyncHttpClient-1-3] DEBUG org.asynchttpclient.netty.handler.HttpHandler - 

Request DefaultHttpRequest(decodeResult: success, version: HTTP/1.1)
POST /session/a99d0d04d9de23a272a5b7a2fb9267cf/element HTTP/1.1
User-Agent: selenium/4.1.2 (java windows)
Content-Length: 155
Content-Type: application/json; charset=utf-8
host: localhost:54550
accept: */*

Response DefaultHttpResponse(decodeResult: success, version: HTTP/1.1)
HTTP/1.1 200 OK
Content-Type: application/json; charset=utf-8
cache-control: no-cache
content-length: 88

23:17:10.716 [AsyncHttpClient-1-3] DEBUG org.asynchttpclient.netty.channel.ChannelManager - Adding key: http://localhost:54550 for channel [id: 0x6612a0bf, L:/127.0.0.1:64833 - R:localhost/127.0.0.1:54550]
23:17:10.719 [Forwarding getElementTagName on session a99d0d04d9de23a272a5b7a2fb9267cf to remote] DEBUG org.asynchttpclient.netty.request.NettyRequestSender - Using pooled Channel '[id: 0x6612a0bf, L:/127.0.0.1:64833 - R:localhost/127.0.0.1:54550]' for 'GET' to 'http://localhost:54550/session/a99d0d04d9de23a272a5b7a2fb9267cf/element/1d3079e6-b947-43bb-b498-a99fd9a742ec/name'
23:17:10.719 [Forwarding getElementTagName on session a99d0d04d9de23a272a5b7a2fb9267cf to remote] DEBUG org.asynchttpclient.netty.request.NettyRequestSender - Using open Channel [id: 0x6612a0bf, L:/127.0.0.1:64833 - R:localhost/127.0.0.1:54550] for GET '/session/a99d0d04d9de23a272a5b7a2fb9267cf/element/1d3079e6-b947-43bb-b498-a99fd9a742ec/name'
23:17:10.733 [AsyncHttpClient-1-3] DEBUG org.asynchttpclient.netty.handler.HttpHandler - 

Request DefaultFullHttpRequest(decodeResult: success, version: HTTP/1.1, content: EmptyByteBufBE)
GET /session/a99d0d04d9de23a272a5b7a2fb9267cf/element/1d3079e6-b947-43bb-b498-a99fd9a742ec/name HTTP/1.1
User-Agent: selenium/4.1.2 (java windows)
Cache-Control: no-cache
Content-Type: application/json; charset=utf-8
host: localhost:54550
accept: */*

Response DefaultHttpResponse(decodeResult: success, version: HTTP/1.1)
HTTP/1.1 200 OK
Content-Type: application/json; charset=utf-8
cache-control: no-cache
content-length: 18

23:17:10.733 [AsyncHttpClient-1-3] DEBUG org.asynchttpclient.netty.channel.ChannelManager - Adding key: http://localhost:54550 for channel [id: 0x6612a0bf, L:/127.0.0.1:64833 - R:localhost/127.0.0.1:54550]
23:17:10.737 [Forwarding getElementTagName on session a99d0d04d9de23a272a5b7a2fb9267cf to remote] DEBUG org.asynchttpclient.netty.request.NettyRequestSender - Using pooled Channel '[id: 0x6612a0bf, L:/127.0.0.1:64833 - R:localhost/127.0.0.1:54550]' for 'GET' to 'http://localhost:54550/session/a99d0d04d9de23a272a5b7a2fb9267cf/element/1d3079e6-b947-43bb-b498-a99fd9a742ec/name'
23:17:10.737 [Forwarding getElementTagName on session a99d0d04d9de23a272a5b7a2fb9267cf to remote] DEBUG org.asynchttpclient.netty.request.NettyRequestSender - Using open Channel [id: 0x6612a0bf, L:/127.0.0.1:64833 - R:localhost/127.0.0.1:54550] for GET '/session/a99d0d04d9de23a272a5b7a2fb9267cf/element/1d3079e6-b947-43bb-b498-a99fd9a742ec/name'
23:17:10.770 [AsyncHttpClient-1-3] DEBUG org.asynchttpclient.netty.handler.HttpHandler - 

Request DefaultFullHttpRequest(decodeResult: success, version: HTTP/1.1, content: EmptyByteBufBE)
GET /session/a99d0d04d9de23a272a5b7a2fb9267cf/element/1d3079e6-b947-43bb-b498-a99fd9a742ec/name HTTP/1.1
User-Agent: selenium/4.1.2 (java windows)
Cache-Control: no-cache
Content-Type: application/json; charset=utf-8
host: localhost:54550
accept: */*

Response DefaultHttpResponse(decodeResult: success, version: HTTP/1.1)
HTTP/1.1 200 OK
Content-Type: application/json; charset=utf-8
cache-control: no-cache
content-length: 18

23:17:10.770 [AsyncHttpClient-1-3] DEBUG org.asynchttpclient.netty.channel.ChannelManager - Adding key: http://localhost:54550 for channel [id: 0x6612a0bf, L:/127.0.0.1:64833 - R:localhost/127.0.0.1:54550]
23:17:10.838 [Forwarding isElementEnabled on session a99d0d04d9de23a272a5b7a2fb9267cf to remote] DEBUG org.asynchttpclient.netty.request.NettyRequestSender - Using pooled Channel '[id: 0x6612a0bf, L:/127.0.0.1:64833 - R:localhost/127.0.0.1:54550]' for 'GET' to 'http://localhost:54550/session/a99d0d04d9de23a272a5b7a2fb9267cf/element/1d3079e6-b947-43bb-b498-a99fd9a742ec/enabled'
23:17:10.838 [Forwarding isElementEnabled on session a99d0d04d9de23a272a5b7a2fb9267cf to remote] DEBUG org.asynchttpclient.netty.request.NettyRequestSender - Using open Channel [id: 0x6612a0bf, L:/127.0.0.1:64833 - R:localhost/127.0.0.1:54550] for GET '/session/a99d0d04d9de23a272a5b7a2fb9267cf/element/1d3079e6-b947-43bb-b498-a99fd9a742ec/enabled'
23:17:10.883 [AsyncHttpClient-1-3] DEBUG org.asynchttpclient.netty.handler.HttpHandler - 

Request DefaultFullHttpRequest(decodeResult: success, version: HTTP/1.1, content: EmptyByteBufBE)
GET /session/a99d0d04d9de23a272a5b7a2fb9267cf/element/1d3079e6-b947-43bb-b498-a99fd9a742ec/enabled HTTP/1.1
User-Agent: selenium/4.1.2 (java windows)
Cache-Control: no-cache
Content-Type: application/json; charset=utf-8
host: localhost:54550
accept: */*

Response DefaultHttpResponse(decodeResult: success, version: HTTP/1.1)
HTTP/1.1 200 OK
Content-Type: application/json; charset=utf-8
cache-control: no-cache
content-length: 14

23:17:10.883 [AsyncHttpClient-1-3] DEBUG org.asynchttpclient.netty.channel.ChannelManager - Adding key: http://localhost:54550 for channel [id: 0x6612a0bf, L:/127.0.0.1:64833 - R:localhost/127.0.0.1:54550]
23:17:10.899 [Forwarding isElementEnabled on session a99d0d04d9de23a272a5b7a2fb9267cf to remote] DEBUG org.asynchttpclient.netty.request.NettyRequestSender - Using pooled Channel '[id: 0x6612a0bf, L:/127.0.0.1:64833 - R:localhost/127.0.0.1:54550]' for 'GET' to 'http://localhost:54550/session/a99d0d04d9de23a272a5b7a2fb9267cf/element/1d3079e6-b947-43bb-b498-a99fd9a742ec/enabled'
23:17:10.906 [Forwarding isElementEnabled on session a99d0d04d9de23a272a5b7a2fb9267cf to remote] DEBUG org.asynchttpclient.netty.request.NettyRequestSender - Using open Channel [id: 0x6612a0bf, L:/127.0.0.1:64833 - R:localhost/127.0.0.1:54550] for GET '/session/a99d0d04d9de23a272a5b7a2fb9267cf/element/1d3079e6-b947-43bb-b498-a99fd9a742ec/enabled'
23:17:10.956 [AsyncHttpClient-1-3] DEBUG org.asynchttpclient.netty.handler.HttpHandler - 

Request DefaultFullHttpRequest(decodeResult: success, version: HTTP/1.1, content: EmptyByteBufBE)
GET /session/a99d0d04d9de23a272a5b7a2fb9267cf/element/1d3079e6-b947-43bb-b498-a99fd9a742ec/enabled HTTP/1.1
User-Agent: selenium/4.1.2 (java windows)
Cache-Control: no-cache
Content-Type: application/json; charset=utf-8
host: localhost:54550
accept: */*

Response DefaultHttpResponse(decodeResult: success, version: HTTP/1.1)
HTTP/1.1 200 OK
Content-Type: application/json; charset=utf-8
cache-control: no-cache
content-length: 14

23:17:10.957 [AsyncHttpClient-1-3] DEBUG org.asynchttpclient.netty.channel.ChannelManager - Adding key: http://localhost:54550 for channel [id: 0x6612a0bf, L:/127.0.0.1:64833 - R:localhost/127.0.0.1:54550]
23:17:10.961 [Forwarding findElement on session a99d0d04d9de23a272a5b7a2fb9267cf to remote] DEBUG org.asynchttpclient.netty.request.NettyRequestSender - Using pooled Channel '[id: 0x6612a0bf, L:/127.0.0.1:64833 - R:localhost/127.0.0.1:54550]' for 'POST' to 'http://localhost:54550/session/a99d0d04d9de23a272a5b7a2fb9267cf/element'
23:17:10.962 [Forwarding findElement on session a99d0d04d9de23a272a5b7a2fb9267cf to remote] DEBUG org.asynchttpclient.netty.request.NettyRequestSender - Using open Channel [id: 0x6612a0bf, L:/127.0.0.1:64833 - R:localhost/127.0.0.1:54550] for POST '/session/a99d0d04d9de23a272a5b7a2fb9267cf/element'
23:17:11.010 [AsyncHttpClient-1-3] DEBUG org.asynchttpclient.netty.handler.HttpHandler - 

Request DefaultHttpRequest(decodeResult: success, version: HTTP/1.1)
POST /session/a99d0d04d9de23a272a5b7a2fb9267cf/element HTTP/1.1
User-Agent: selenium/4.1.2 (java windows)
Content-Length: 155
Content-Type: application/json; charset=utf-8
host: localhost:54550
accept: */*

Response DefaultHttpResponse(decodeResult: success, version: HTTP/1.1)
HTTP/1.1 200 OK
Content-Type: application/json; charset=utf-8
cache-control: no-cache
content-length: 88

23:17:11.010 [AsyncHttpClient-1-3] DEBUG org.asynchttpclient.netty.channel.ChannelManager - Adding key: http://localhost:54550 for channel [id: 0x6612a0bf, L:/127.0.0.1:64833 - R:localhost/127.0.0.1:54550]
23:17:11.015 [Forwarding clickElement on session a99d0d04d9de23a272a5b7a2fb9267cf to remote] DEBUG org.asynchttpclient.netty.request.NettyRequestSender - Using pooled Channel '[id: 0x6612a0bf, L:/127.0.0.1:64833 - R:localhost/127.0.0.1:54550]' for 'POST' to 'http://localhost:54550/session/a99d0d04d9de23a272a5b7a2fb9267cf/element/1d3079e6-b947-43bb-b498-a99fd9a742ec/click'
23:17:11.015 [Forwarding clickElement on session a99d0d04d9de23a272a5b7a2fb9267cf to remote] DEBUG org.asynchttpclient.netty.request.NettyRequestSender - Using open Channel [id: 0x6612a0bf, L:/127.0.0.1:64833 - R:localhost/127.0.0.1:54550] for POST '/session/a99d0d04d9de23a272a5b7a2fb9267cf/element/1d3079e6-b947-43bb-b498-a99fd9a742ec/click'
23:17:11.143 [AsyncHttpClient-1-3] DEBUG org.asynchttpclient.netty.handler.HttpHandler - 

Request DefaultHttpRequest(decodeResult: success, version: HTTP/1.1)
POST /session/a99d0d04d9de23a272a5b7a2fb9267cf/element/1d3079e6-b947-43bb-b498-a99fd9a742ec/click HTTP/1.1
User-Agent: selenium/4.1.2 (java windows)
Content-Length: 50
Content-Type: application/json; charset=utf-8
host: localhost:54550
accept: */*

Response DefaultHttpResponse(decodeResult: success, version: HTTP/1.1)
HTTP/1.1 200 OK
Content-Type: application/json; charset=utf-8
cache-control: no-cache
content-length: 14

23:17:11.144 [AsyncHttpClient-1-3] DEBUG org.asynchttpclient.netty.channel.ChannelManager - Adding key: http://localhost:54550 for channel [id: 0x6612a0bf, L:/127.0.0.1:64833 - R:localhost/127.0.0.1:54550]
23:17:11.180 [Forwarding screenshot on session a99d0d04d9de23a272a5b7a2fb9267cf to remote] DEBUG org.asynchttpclient.netty.request.NettyRequestSender - Using pooled Channel '[id: 0x6612a0bf, L:/127.0.0.1:64833 - R:localhost/127.0.0.1:54550]' for 'GET' to 'http://localhost:54550/session/a99d0d04d9de23a272a5b7a2fb9267cf/screenshot'
23:17:11.180 [Forwarding screenshot on session a99d0d04d9de23a272a5b7a2fb9267cf to remote] DEBUG org.asynchttpclient.netty.request.NettyRequestSender - Using open Channel [id: 0x6612a0bf, L:/127.0.0.1:64833 - R:localhost/127.0.0.1:54550] for GET '/session/a99d0d04d9de23a272a5b7a2fb9267cf/screenshot'
23:17:11.787 [AsyncHttpClient-1-3] DEBUG org.asynchttpclient.netty.handler.HttpHandler - 

Request DefaultFullHttpRequest(decodeResult: success, version: HTTP/1.1, content: EmptyByteBufBE)
GET /session/a99d0d04d9de23a272a5b7a2fb9267cf/screenshot HTTP/1.1
User-Agent: selenium/4.1.2 (java windows)
Cache-Control: no-cache
Content-Type: application/json; charset=utf-8
host: localhost:54550
accept: */*

Response DefaultHttpResponse(decodeResult: success, version: HTTP/1.1)
HTTP/1.1 200 OK
Content-Type: application/json; charset=utf-8
cache-control: no-cache
content-length: 47600

23:17:11.788 [AsyncHttpClient-1-3] DEBUG org.asynchttpclient.netty.channel.ChannelManager - Adding key: http://localhost:54550 for channel [id: 0x6612a0bf, L:/127.0.0.1:64833 - R:localhost/127.0.0.1:54550]
23:17:11.792 [main] DEBUG net.serenitybdd.core.photography.Darkroom - Send negative for processing for target\site\serenity\9664d445cc4d981a1f9c9463d72a2c2407ec617d2f0c4cea176241104f483d15.png
23:17:11.793 [main] DEBUG net.thucydides.core.steps.StepInterceptor - STEP DONE: clickRegisterButton
23:17:11.793 [Darkroom Processing Line] DEBUG net.serenitybdd.core.photography.DarkroomProcessingLine - Processing screenshot image in /var/screenshots/screenshot-5981367394246936772
23:17:11.793 [Darkroom Processing Line] DEBUG net.serenitybdd.core.photography.DarkroomProcessingLine - Saving screenshot to target\site\serenity\9664d445cc4d981a1f9c9463d72a2c2407ec617d2f0c4cea176241104f483d15.png
  &amp#27;[32mAnd &amp#27;[0m&amp#27;[32mI click a Register button&amp#27;[0m                        &amp#27;[90m# stepdefinitions.RegisterStep.iClickRegisterButton()&amp#27;[0m
23:17:11.855 [Forwarding screenshot on session a99d0d04d9de23a272a5b7a2fb9267cf to remote] DEBUG org.asynchttpclient.netty.request.NettyRequestSender - Using pooled Channel '[id: 0x6612a0bf, L:/127.0.0.1:64833 - R:localhost/127.0.0.1:54550]' for 'GET' to 'http://localhost:54550/session/a99d0d04d9de23a272a5b7a2fb9267cf/screenshot'
23:17:11.868 [Forwarding screenshot on session a99d0d04d9de23a272a5b7a2fb9267cf to remote] DEBUG org.asynchttpclient.netty.request.NettyRequestSender - Using open Channel [id: 0x6612a0bf, L:/127.0.0.1:64833 - R:localhost/127.0.0.1:54550] for GET '/session/a99d0d04d9de23a272a5b7a2fb9267cf/screenshot'
23:17:12.162 [AsyncHttpClient-1-3] DEBUG org.asynchttpclient.netty.handler.HttpHandler - 

Request DefaultFullHttpRequest(decodeResult: success, version: HTTP/1.1, content: EmptyByteBufBE)
GET /session/a99d0d04d9de23a272a5b7a2fb9267cf/screenshot HTTP/1.1
User-Agent: selenium/4.1.2 (java windows)
Cache-Control: no-cache
Content-Type: application/json; charset=utf-8
host: localhost:54550
accept: */*

Response DefaultHttpResponse(decodeResult: success, version: HTTP/1.1)
HTTP/1.1 200 OK
Content-Type: application/json; charset=utf-8
cache-control: no-cache
content-length: 47564

23:17:12.163 [AsyncHttpClient-1-3] DEBUG org.asynchttpclient.netty.channel.ChannelManager - Adding key: http://localhost:54550 for channel [id: 0x6612a0bf, L:/127.0.0.1:64833 - R:localhost/127.0.0.1:54550]
23:17:12.167 [main] DEBUG net.serenitybdd.core.photography.Darkroom - Send negative for processing for target\site\serenity\c2da5f83e0aecff3b2eb63854b9844e07c32366f7a4df11108460cfa3757156e.png
23:17:12.168 [main] DEBUG net.thucydides.core.steps.StepInterceptor - STARTING STEP: RegisterStep.iGotErrorMassage - iGotErrorMassage
23:17:12.169 [Darkroom Processing Line] DEBUG net.serenitybdd.core.photography.DarkroomProcessingLine - Processing screenshot image in /var/screenshots/screenshot-7576758410830302937
23:17:12.169 [Darkroom Processing Line] DEBUG net.serenitybdd.core.photography.DarkroomProcessingLine - Saving screenshot to target\site\serenity\c2da5f83e0aecff3b2eb63854b9844e07c32366f7a4df11108460cfa3757156e.png
23:17:12.176 [Forwarding findElement on session a99d0d04d9de23a272a5b7a2fb9267cf to remote] DEBUG org.asynchttpclient.netty.request.NettyRequestSender - Using pooled Channel '[id: 0x6612a0bf, L:/127.0.0.1:64833 - R:localhost/127.0.0.1:54550]' for 'POST' to 'http://localhost:54550/session/a99d0d04d9de23a272a5b7a2fb9267cf/element'
23:17:12.176 [Forwarding findElement on session a99d0d04d9de23a272a5b7a2fb9267cf to remote] DEBUG org.asynchttpclient.netty.request.NettyRequestSender - Using open Channel [id: 0x6612a0bf, L:/127.0.0.1:64833 - R:localhost/127.0.0.1:54550] for POST '/session/a99d0d04d9de23a272a5b7a2fb9267cf/element'
23:17:12.186 [AsyncHttpClient-1-3] DEBUG org.asynchttpclient.netty.handler.HttpHandler - 

Request DefaultHttpRequest(decodeResult: success, version: HTTP/1.1)
POST /session/a99d0d04d9de23a272a5b7a2fb9267cf/element HTTP/1.1
User-Agent: selenium/4.1.2 (java windows)
Content-Length: 53
Content-Type: application/json; charset=utf-8
host: localhost:54550
accept: */*

Response DefaultHttpResponse(decodeResult: success, version: HTTP/1.1)
HTTP/1.1 400 Bad Request
Content-Type: application/json; charset=utf-8
cache-control: no-cache
content-length: 957

23:17:12.186 [AsyncHttpClient-1-3] DEBUG org.asynchttpclient.netty.channel.ChannelManager - Adding key: http://localhost:54550 for channel [id: 0x6612a0bf, L:/127.0.0.1:64833 - R:localhost/127.0.0.1:54550]
23:17:12.191 [Forwarding findElement on session a99d0d04d9de23a272a5b7a2fb9267cf to remote] DEBUG org.asynchttpclient.netty.request.NettyRequestSender - Using pooled Channel '[id: 0x6612a0bf, L:/127.0.0.1:64833 - R:localhost/127.0.0.1:54550]' for 'POST' to 'http://localhost:54550/session/a99d0d04d9de23a272a5b7a2fb9267cf/element'
23:17:12.191 [Forwarding findElement on session a99d0d04d9de23a272a5b7a2fb9267cf to remote] DEBUG org.asynchttpclient.netty.request.NettyRequestSender - Using open Channel [id: 0x6612a0bf, L:/127.0.0.1:64833 - R:localhost/127.0.0.1:54550] for POST '/session/a99d0d04d9de23a272a5b7a2fb9267cf/element'
23:17:14.212 [AsyncHttpClient-1-3] DEBUG org.asynchttpclient.netty.handler.HttpHandler - 

Request DefaultHttpRequest(decodeResult: success, version: HTTP/1.1)
POST /session/a99d0d04d9de23a272a5b7a2fb9267cf/element HTTP/1.1
User-Agent: selenium/4.1.2 (java windows)
Content-Length: 63
Content-Type: application/json; charset=utf-8
host: localhost:54550
accept: */*

Response DefaultHttpResponse(decodeResult: success, version: HTTP/1.1)
HTTP/1.1 404 Not Found
Content-Type: application/json; charset=utf-8
cache-control: no-cache
content-length: 1032

23:17:14.212 [AsyncHttpClient-1-3] DEBUG org.asynchttpclient.netty.channel.ChannelManager - Adding key: http://localhost:54550 for channel [id: 0x6612a0bf, L:/127.0.0.1:64833 - R:localhost/127.0.0.1:54550]
23:17:14.224 [Forwarding screenshot on session a99d0d04d9de23a272a5b7a2fb9267cf to remote] DEBUG org.asynchttpclient.netty.request.NettyRequestSender - Using pooled Channel '[id: 0x6612a0bf, L:/127.0.0.1:64833 - R:localhost/127.0.0.1:54550]' for 'GET' to 'http://localhost:54550/session/a99d0d04d9de23a272a5b7a2fb9267cf/screenshot'
23:17:14.224 [Forwarding screenshot on session a99d0d04d9de23a272a5b7a2fb9267cf to remote] DEBUG org.asynchttpclient.netty.request.NettyRequestSender - Using open Channel [id: 0x6612a0bf, L:/127.0.0.1:64833 - R:localhost/127.0.0.1:54550] for GET '/session/a99d0d04d9de23a272a5b7a2fb9267cf/screenshot'
23:17:14.378 [AsyncHttpClient-1-3] DEBUG org.asynchttpclient.netty.handler.HttpHandler - 

Request DefaultFullHttpRequest(decodeResult: success, version: HTTP/1.1, content: EmptyByteBufBE)
GET /session/a99d0d04d9de23a272a5b7a2fb9267cf/screenshot HTTP/1.1
User-Agent: selenium/4.1.2 (java windows)
Cache-Control: no-cache
Content-Type: application/json; charset=utf-8
host: localhost:54550
accept: */*

Response DefaultHttpResponse(decodeResult: success, version: HTTP/1.1)
HTTP/1.1 200 OK
Content-Type: application/json; charset=utf-8
cache-control: no-cache
content-length: 47564

23:17:14.378 [AsyncHttpClient-1-3] DEBUG org.asynchttpclient.netty.channel.ChannelManager - Adding key: http://localhost:54550 for channel [id: 0x6612a0bf, L:/127.0.0.1:64833 - R:localhost/127.0.0.1:54550]
23:17:14.385 [main] DEBUG net.serenitybdd.core.photography.Darkroom - Send negative for processing for target\site\serenity\c2da5f83e0aecff3b2eb63854b9844e07c32366f7a4df11108460cfa3757156e.png
23:17:14.388 [Forwarding getPageSource on session a99d0d04d9de23a272a5b7a2fb9267cf to remote] DEBUG org.asynchttpclient.netty.request.NettyRequestSender - Using pooled Channel '[id: 0x6612a0bf, L:/127.0.0.1:64833 - R:localhost/127.0.0.1:54550]' for 'POST' to 'http://localhost:54550/session/a99d0d04d9de23a272a5b7a2fb9267cf/execute/sync'
23:17:14.388 [Forwarding getPageSource on session a99d0d04d9de23a272a5b7a2fb9267cf to remote] DEBUG org.asynchttpclient.netty.request.NettyRequestSender - Using open Channel [id: 0x6612a0bf, L:/127.0.0.1:64833 - R:localhost/127.0.0.1:54550] for POST '/session/a99d0d04d9de23a272a5b7a2fb9267cf/execute/sync'
23:17:14.401 [AsyncHttpClient-1-3] DEBUG org.asynchttpclient.netty.handler.HttpHandler - 

Request DefaultHttpRequest(decodeResult: success, version: HTTP/1.1)
POST /session/a99d0d04d9de23a272a5b7a2fb9267cf/execute/sync HTTP/1.1
User-Agent: selenium/4.1.2 (java windows)
Content-Length: 176
Content-Type: application/json; charset=utf-8
host: localhost:54550
accept: */*

Response DefaultHttpResponse(decodeResult: success, version: HTTP/1.1)
HTTP/1.1 200 OK
Content-Type: application/json; charset=utf-8
cache-control: no-cache
content-length: 22363

23:17:14.401 [AsyncHttpClient-1-3] DEBUG org.asynchttpclient.netty.channel.ChannelManager - Adding key: http://localhost:54550 for channel [id: 0x6612a0bf, L:/127.0.0.1:64833 - R:localhost/127.0.0.1:54550]
23:17:14.409 [Forwarding getCurrentUrl on session a99d0d04d9de23a272a5b7a2fb9267cf to remote] DEBUG org.asynchttpclient.netty.request.NettyRequestSender - Using pooled Channel '[id: 0x6612a0bf, L:/127.0.0.1:64833 - R:localhost/127.0.0.1:54550]' for 'GET' to 'http://localhost:54550/session/a99d0d04d9de23a272a5b7a2fb9267cf/url'
23:17:14.409 [Forwarding getCurrentUrl on session a99d0d04d9de23a272a5b7a2fb9267cf to remote] DEBUG org.asynchttpclient.netty.request.NettyRequestSender - Using open Channel [id: 0x6612a0bf, L:/127.0.0.1:64833 - R:localhost/127.0.0.1:54550] for GET '/session/a99d0d04d9de23a272a5b7a2fb9267cf/url'
23:17:14.417 [AsyncHttpClient-1-3] DEBUG org.asynchttpclient.netty.handler.HttpHandler - 

Request DefaultFullHttpRequest(decodeResult: success, version: HTTP/1.1, content: EmptyByteBufBE)
GET /session/a99d0d04d9de23a272a5b7a2fb9267cf/url HTTP/1.1
User-Agent: selenium/4.1.2 (java windows)
Cache-Control: no-cache
Content-Type: application/json; charset=utf-8
host: localhost:54550
accept: */*

Response DefaultHttpResponse(decodeResult: success, version: HTTP/1.1)
HTTP/1.1 200 OK
Content-Type: application/json; charset=utf-8
cache-control: no-cache
content-length: 44

23:17:14.417 [AsyncHttpClient-1-3] DEBUG org.asynchttpclient.netty.channel.ChannelManager - Adding key: http://localhost:54550 for channel [id: 0x6612a0bf, L:/127.0.0.1:64833 - R:localhost/127.0.0.1:54550]
  &amp#27;[31mThen &amp#27;[0m&amp#27;[31mI got error massage&amp#27;[0m                             &amp#27;[90m# stepdefinitions.RegisterStep.iGotErrorMassage()&amp#27;[0m
      &amp#27;[31morg.openqa.selenium.NoSuchElementException: no such element: Unable to locate element: {"method":"css selector","selector":".v\-alert__wrapper"}
  (Session info: chrome=101.0.4951.67)
For documentation on this error, please visit: https://selenium.dev/exceptions/#no_such_element
Build info: version: '4.1.2', revision: '9a5a329c5a'
System info: host: 'LAPTOP-9MG0RTAB', ip: '192.168.172.95', os.name: 'Windows 10', os.arch: 'amd64', os.version: '10.0', java.version: '11.0.14'
Driver info: org.openqa.selenium.chrome.ChromeDriver
Command: [a99d0d04d9de23a272a5b7a2fb9267cf, findElement {using=css selector, value=.v\-alert__wrapper}]
Capabilities {acceptInsecureCerts: false, browserName: chrome, browserVersion: 101.0.4951.67, chrome: {chromedriverVersion: 101.0.4951.41 (93c720db8323..., userDataDir: C:\Users\SITINU~1\AppData\L...}, goog:chromeOptions: {debuggerAddress: localhost:64834}, javascriptEnabled: true, networkConnectionEnabled: false, pageLoadStrategy: normal, platform: WINDOWS, platformName: WINDOWS, proxy: Proxy(), se:cdp: ws://localhost:64834/devtoo..., se:cdpVersion: 101.0.4951.67, setWindowRect: true, strictFileInteractability: false, timeouts: {implicit: 0, pageLoad: 300000, script: 30000}, unhandledPromptBehavior: dismiss and notify, webauthn:extension:credBlob: true, webauthn:extension:largeBlob: true, webauthn:virtualAuthenticators: true}
Session ID: a99d0d04d9de23a272a5b7a2fb9267cf
	at java.base/jdk.internal.reflect.NativeConstructorAccessorImpl.newInstance0(Native Method)
	at java.base/jdk.internal.reflect.NativeConstructorAccessorImpl.newInstance(NativeConstructorAccessorImpl.java:62)
	at java.base/jdk.internal.reflect.DelegatingConstructorAccessorImpl.newInstance(DelegatingConstructorAccessorImpl.java:45)
	at java.base/java.lang.reflect.Constructor.newInstance(Constructor.java:490)
	at org.openqa.selenium.remote.codec.w3c.W3CHttpResponseCodec.createException(W3CHttpResponseCodec.java:200)
	at org.openqa.selenium.remote.codec.w3c.W3CHttpResponseCodec.decode(W3CHttpResponseCodec.java:133)
	at org.openqa.selenium.remote.codec.w3c.W3CHttpResponseCodec.decode(W3CHttpResponseCodec.java:53)
	at org.openqa.selenium.remote.HttpCommandExecutor.execute(HttpCommandExecutor.java:184)
	at org.openqa.selenium.remote.service.DriverCommandExecutor.invokeExecute(DriverCommandExecutor.java:167)
	at org.openqa.selenium.remote.service.DriverCommandExecutor.execute(DriverCommandExecutor.java:142)
	at org.openqa.selenium.remote.RemoteWebDriver.execute(RemoteWebDriver.java:558)
	at org.openqa.selenium.remote.ElementLocation$ElementFinder$2.findElement(ElementLocation.java:162)
	at org.openqa.selenium.remote.ElementLocation.findElement(ElementLocation.java:60)
	at org.openqa.selenium.remote.RemoteWebDriver.findElement(RemoteWebDriver.java:382)
	at org.openqa.selenium.remote.RemoteWebDriver.findElement(RemoteWebDriver.java:374)
	at org.openqa.selenium.By$PreW3CLocator.findElement(By.java:429)
	at org.openqa.selenium.By$ByClassName.findElement(By.java:298)
	at org.openqa.selenium.remote.ElementLocation$ElementFinder$1.findElement(ElementLocation.java:136)
	at org.openqa.selenium.remote.ElementLocation.findElement(ElementLocation.java:80)
	at org.openqa.selenium.remote.RemoteWebDriver.findElement(RemoteWebDriver.java:382)
	at org.openqa.selenium.remote.RemoteWebDriver.findElement(RemoteWebDriver.java:374)
	at net.thucydides.core.webdriver.WebDriverFacade.findElement(WebDriverFacade.java:224)
	at net.serenitybdd.core.pages.WebElementResolverByLocator.resolveForDriver(WebElementResolverByLocator.java:25)
	at net.serenitybdd.core.pages.WebElementFacadeImpl.getResolvedElement(WebElementFacadeImpl.java:191)
	at net.serenitybdd.core.pages.WebElementFacadeImpl.getElement(WebElementFacadeImpl.java:186)
	at net.serenitybdd.core.pages.WebElementFacadeImpl.isDisplayed(WebElementFacadeImpl.java:1289)
	at FrontEnd.AltaShop@1.0-SNAPSHOT/starter.Register.iGotErrorMassage(Register.java:26)
	at FrontEnd.AltaShop@1.0-SNAPSHOT/starter.Register$ByteBuddy$nRkGle9H.iGotErrorMassage$accessor$ewTgpa0G(Unknown Source)
	at java.base/jdk.internal.reflect.NativeMethodAccessorImpl.invoke0(Native Method)
	at java.base/jdk.internal.reflect.NativeMethodAccessorImpl.invoke(NativeMethodAccessorImpl.java:62)
	at java.base/jdk.internal.reflect.DelegatingMethodAccessorImpl.invoke(DelegatingMethodAccessorImpl.java:43)
	at java.base/java.lang.reflect.Method.invoke(Method.java:566)
	at net.thucydides.core.steps.StepInterceptor.invokeMethod(StepInterceptor.java:503)
	at net.thucydides.core.steps.StepInterceptor.executeTestStepMethod(StepInterceptor.java:483)
	at net.thucydides.core.steps.StepInterceptor.runTestStep(StepInterceptor.java:457)
	at net.thucydides.core.steps.StepInterceptor.runOrSkipMethod(StepInterceptor.java:209)
	at net.thucydides.core.steps.StepInterceptor.testStepResult(StepInterceptor.java:196)
	at net.thucydides.core.steps.StepInterceptor.intercept(StepInterceptor.java:84)
	at net.thucydides.core.steps.ProxyConfiguration$InterceptorDispatcher.intercept(ProxyConfiguration.java:51)
	at FrontEnd.AltaShop@1.0-SNAPSHOT/starter.Register$ByteBuddy$nRkGle9H.iGotErrorMassage(Unknown Source)
	at FrontEnd.AltaShop@1.0-SNAPSHOT/stepdefinitions.RegisterStep.iGotErrorMassage(RegisterStep.java:59)
	at âœ½.I got error massage(file:///D:/Mini%20Project-QE%20Alta/Web%20Automation/FrontEnd-AltaShop/src/test/resources/features/Register.feature:16)
&amp#27;[0m
23:17:14.443 [main] ERROR  - 
  _____   ___   ___   _____     ___   ___   ___    ___    ___ 
 |_   _| | __| / __| |_   _|   | __| | _ \ | _ \  / _ \  | _ \
   | |   | _|  \__ \   | |     | _|  |   / |   / | (_) | |   /
   |_|   |___| |___/   |_|     |___| |_|_\ |_|_\  \___/  |_|_\

As a user, i have not able to create account
---------------------------------------------------------------
23:17:14.443 [main] DEBUG  - RELATED ISSUES: 
23:17:14.443 [main] ERROR  -     Test failed at step: I got error massage
23:17:14.443 [main] ERROR  -     no such element: Unable to locate element: {"method":"css selector","selector":".v\-alert__wrapper"}
23:17:14.448 [AsyncHttpClient-1-5] DEBUG org.asynchttpclient.netty.handler.WebSocketHandler - Channel Closed: [id: 0xad869ca1, L:/127.0.0.1:64842 ! R:localhost/127.0.0.1:64834] with attribute NettyResponseFuture{currentRetry=5,
	isDone=1,
	isCancelled=0,
	asyncHandler=org.asynchttpclient.ws.WebSocketUpgradeHandler@712fd54e,
	nettyRequest=org.asynchttpclient.netty.request.NettyRequest@791819b3,
	future=java.util.concurrent.CompletableFuture@7d250252[Completed normally],
	uri=ws://localhost:64834/devtools/browser/15bbfa84-9d2c-4f5a-9907-6c3eaa9e0bee,
	keepAlive=true,
	redirectCount=0,
	timeoutsHolder=null,
	inAuth=0,
	touch=1653063362031}
23:17:14.448 [AsyncHttpClient-1-5] DEBUG org.asynchttpclient.netty.channel.ChannelManager - Closing Channel [id: 0xad869ca1, L:/127.0.0.1:64842 ! R:localhost/127.0.0.1:64834] 
23:17:14.450 [Driver Command Executor] DEBUG org.asynchttpclient.netty.request.NettyRequestSender - Using pooled Channel '[id: 0x6612a0bf, L:/127.0.0.1:64833 - R:localhost/127.0.0.1:54550]' for 'DELETE' to 'http://localhost:54550/session/a99d0d04d9de23a272a5b7a2fb9267cf'
23:17:14.450 [Driver Command Executor] DEBUG org.asynchttpclient.netty.request.NettyRequestSender - Using open Channel [id: 0x6612a0bf, L:/127.0.0.1:64833 - R:localhost/127.0.0.1:54550] for DELETE '/session/a99d0d04d9de23a272a5b7a2fb9267cf'
23:17:14.623 [AsyncHttpClient-1-3] DEBUG org.asynchttpclient.netty.handler.HttpHandler - 

Request DefaultFullHttpRequest(decodeResult: success, version: HTTP/1.1, content: EmptyByteBufBE)
DELETE /session/a99d0d04d9de23a272a5b7a2fb9267cf HTTP/1.1
User-Agent: selenium/4.1.2 (java windows)
Content-Type: application/json; charset=utf-8
host: localhost:54550
accept: */*

Response DefaultHttpResponse(decodeResult: success, version: HTTP/1.1)
HTTP/1.1 200 OK
Content-Type: application/json; charset=utf-8
cache-control: no-cache
content-length: 14

23:17:14.623 [AsyncHttpClient-1-3] DEBUG org.asynchttpclient.netty.channel.ChannelManager - Adding key: http://localhost:54550 for channel [id: 0x6612a0bf, L:/127.0.0.1:64833 - R:localhost/127.0.0.1:54550]
23:17:15.277 [AsyncHttpClient-1-3] DEBUG org.asynchttpclient.netty.handler.HttpHandler - Channel Closed: [id: 0x6612a0bf, L:/127.0.0.1:64833 ! R:localhost/127.0.0.1:54550] with attribute DISCARD
23:17:15.461 [AsyncHttpClient-1-1] DEBUG org.asynchttpclient.netty.channel.DefaultChannelPool - Entry count for : http://localhost:54550 : 1
23:17:15.461 [AsyncHttpClient-1-1] DEBUG org.asynchttpclient.netty.channel.DefaultChannelPool - Adding Candidate expired Channel [id: 0x6612a0bf, L:/127.0.0.1:64833 ! R:localhost/127.0.0.1:54550] isIdleTimeoutExpired=false isRemotelyClosed=true isTtlExpired=false
23:17:15.461 [AsyncHttpClient-1-1] DEBUG org.asynchttpclient.netty.channel.DefaultChannelPool - Closing Idle Channel [id: 0x6612a0bf, L:/127.0.0.1:64833 ! R:localhost/127.0.0.1:54550]
23:17:15.461 [AsyncHttpClient-1-1] DEBUG org.asynchttpclient.netty.channel.DefaultChannelPool - Closed 1 connections out of 1 in 0 ms
]]></system-out>
    <system-err><![CDATA[Starting ChromeDriver 101.0.4951.41 (93c720db8323b3ec10d056025ab95c23a31997c9-refs/branch-heads/4951@{#904}) on port 54550
Only local connections are allowed.
Please see https://chromedriver.chromium.org/security-considerations for suggestions on keeping ChromeDriver safe.
ChromeDriver was started successfully.
May 20, 2022 11:16:02 PM org.openqa.selenium.remote.ProtocolHandshake createSession
INFO: Detected dialect: W3C
May 20, 2022 11:16:02 PM org.openqa.selenium.devtools.CdpVersionFinder findNearestMatch
WARNING: Unable to find an exact match for CDP version 101, so returning the closest version found: 97
May 20, 2022 11:16:02 PM org.openqa.selenium.devtools.CdpVersionFinder findNearestMatch
INFO: Found CDP implementation for version 101 of 97
]]></system-err>
  </testcase>
  <testcase name="As a user, i can short the price of product" classname="Register #2" time="103.427">
    <system-out><![CDATA[23:17:15.813 [main] INFO io.cucumber.core.plugin.SerenityReporter - Running feature from file:///D:/Mini%20Project-QE%20Alta/Web%20Automation/FrontEnd-AltaShop/src/test/resources/features/Transaction.feature
23:17:15.819 [main] DEBUG net.thucydides.core.steps.StepEventBus - Test suite started for story net.thucydides.core.model.Story@557d0d83
23:17:15.820 [main] INFO  - Test Suite Started: Register

Scenario: As a user, i can short the price of product &amp#27;[90m# src/test/resources/features/Transaction.feature:3&amp#27;[0m
23:17:15.850 [main] INFO io.cucumber.core.plugin.SerenityReporter - Running feature from file:///D:/Mini%20Project-QE%20Alta/Web%20Automation/FrontEnd-AltaShop/src/test/resources/features/Transaction.feature
23:17:15.867 [main] INFO  - 
  _____   ___   ___   _____     ___   _____     _     ___   _____   ___   ___  
 |_   _| | __| / __| |_   _|   / __| |_   _|   /_\   | _ \ |_   _| | __| |   \ 
   | |   | _|  \__ \   | |     \__ \   | |    / _ \  |   /   | |   | _|  | |) |
   |_|   |___| |___/   |_|     |___/   |_|   /_/ \_\ |_|_\   |_|   |___| |___/ 

As a user, i can short the price of product(register;as-a-user--i-can-short-the-price-of-product)
--------------------------------------------------------------------------------
23:17:15.992 [main] DEBUG net.thucydides.core.steps.StepInterceptor - STARTING STEP: TransactionStep.iAmAtOrderPage - onTransactionPage
23:17:15.994 [main] INFO net.serenitybdd.core.webdriver.driverproviders.ChromeDriverProvider - Using automatically driver download
23:17:16.373 [main] DEBUG io.github.bonigarcia.wdm.cache.ResolutionCache - Resolution chrome=101 in cache (valid until 23:59:13 20/05/2022 ICT)
23:17:16.387 [main] DEBUG io.github.bonigarcia.wdm.cache.ResolutionCache - Resolution chrome101=101.0.4951.41 in cache (valid until 22:59:13 21/05/2022 ICT)
23:17:16.391 [main] INFO io.github.bonigarcia.wdm.WebDriverManager - Using chromedriver 101.0.4951.41 (resolved driver for Chrome 101)
23:17:16.436 [main] DEBUG io.github.bonigarcia.wdm.WebDriverManager - Driver chromedriver 101.0.4951.41 found in cache
23:17:16.437 [main] INFO io.github.bonigarcia.wdm.WebDriverManager - Exporting webdriver.chrome.driver as C:\Users\Siti Nurlatipah\.cache\selenium\chromedriver\win32\101.0.4951.41\chromedriver.exe
23:17:16.768 [main] DEBUG net.serenitybdd.core.webdriver.driverproviders.ProvideNewDriver - Instantiating driver
23:17:16.768 [main] DEBUG net.serenitybdd.core.webdriver.driverproviders.ProvideNewDriver - Driver capabilities: Capabilities {acceptInsecureCerts: false, base.url: https://qa.alta.id, browserName: chrome, chrome.driver: src/test/resources/webdrive..., driver: chrome, goog:chromeOptions: {args: [], extensions: []}}
23:17:18.012 [AsyncHttpClient-1-6] DEBUG org.asynchttpclient.netty.channel.NettyConnectListener - Using new Channel '[id: 0x5a0012f0, L:/127.0.0.1:64905 - R:localhost/127.0.0.1:52108]' for 'POST' to '/session'
23:17:20.420 [AsyncHttpClient-1-6] DEBUG org.asynchttpclient.netty.handler.HttpHandler - 

Request DefaultHttpRequest(decodeResult: success, version: HTTP/1.1)
POST /session HTTP/1.1
User-Agent: selenium/4.1.2 (java windows)
Content-Length: 595
Content-Type: application/json; charset=utf-8
host: localhost:52108
accept: */*

Response DefaultHttpResponse(decodeResult: success, version: HTTP/1.1)
HTTP/1.1 200 OK
Content-Type: application/json; charset=utf-8
cache-control: no-cache
content-length: 791

23:17:20.420 [AsyncHttpClient-1-6] DEBUG org.asynchttpclient.netty.channel.ChannelManager - Adding key: http://localhost:52108 for channel [id: 0x5a0012f0, L:/127.0.0.1:64905 - R:localhost/127.0.0.1:52108]
23:17:20.445 [AsyncHttpClient-1-7] DEBUG org.asynchttpclient.netty.channel.NettyConnectListener - Using new Channel '[id: 0x805518f9, L:/127.0.0.1:64913 - R:localhost/127.0.0.1:64907]' for 'GET' to '/json/version'
23:17:20.458 [AsyncHttpClient-1-7] DEBUG org.asynchttpclient.netty.handler.HttpHandler - 

Request DefaultFullHttpRequest(decodeResult: success, version: HTTP/1.1, content: EmptyByteBufBE)
GET /json/version HTTP/1.1
User-Agent: selenium/4.1.2 (java windows)
host: localhost:64907
accept: */*

Response DefaultHttpResponse(decodeResult: success, version: HTTP/1.1)
HTTP/1.1 200 OK
Content-Type: application/json; charset=UTF-8
content-length: 427

23:17:20.458 [AsyncHttpClient-1-7] DEBUG org.asynchttpclient.netty.channel.ChannelManager - Adding key: http://localhost:64907 for channel [id: 0x805518f9, L:/127.0.0.1:64913 - R:localhost/127.0.0.1:64907]
23:17:20.492 [AsyncHttpClient-1-8] DEBUG org.asynchttpclient.netty.channel.NettyConnectListener - Using new Channel '[id: 0xc519d9ab, L:/127.0.0.1:64915 - R:localhost/127.0.0.1:64907]' for 'GET' to '/devtools/browser/6fc7d77b-72fe-45cf-9b84-d46dd886b1d8'
23:17:20.495 [AsyncHttpClient-1-8] DEBUG org.asynchttpclient.netty.handler.WebSocketHandler - 

Request DefaultFullHttpRequest(decodeResult: success, version: HTTP/1.1, content: EmptyByteBufBE)
GET /devtools/browser/6fc7d77b-72fe-45cf-9b84-d46dd886b1d8 HTTP/1.1
upgrade: websocket
connection: upgrade
sec-websocket-key: IYcByFzrct1zBa3y4e0/NA==
sec-websocket-version: 13
origin: http://localhost:64907
host: localhost:64907
accept: */*
user-agent: AHC/2.1

Response DefaultHttpResponse(decodeResult: success, version: HTTP/1.1)
HTTP/1.1 101 WebSocket Protocol Handshake
Upgrade: WebSocket
Connection: Upgrade
Sec-WebSocket-Accept: MyF1BRg6zW67LhzhOCU6LBNVoNA=

23:17:20.508 [Forwarding get on session 8e0bdccfd158d950db4615833c28b4d6 to remote] DEBUG org.asynchttpclient.netty.request.NettyRequestSender - Using pooled Channel '[id: 0x5a0012f0, L:/127.0.0.1:64905 - R:localhost/127.0.0.1:52108]' for 'POST' to 'http://localhost:52108/session/8e0bdccfd158d950db4615833c28b4d6/url'
23:17:20.508 [Forwarding get on session 8e0bdccfd158d950db4615833c28b4d6 to remote] DEBUG org.asynchttpclient.netty.request.NettyRequestSender - Using open Channel [id: 0x5a0012f0, L:/127.0.0.1:64905 - R:localhost/127.0.0.1:52108] for POST '/session/8e0bdccfd158d950db4615833c28b4d6/url'
23:17:21.163 [AsyncHttpClient-1-1] DEBUG org.asynchttpclient.netty.channel.DefaultChannelPool - Entry count for : http://localhost:64907 : 1
23:17:22.261 [AsyncHttpClient-1-1] DEBUG org.asynchttpclient.netty.channel.DefaultChannelPool - Entry count for : http://localhost:64907 : 1
23:17:23.358 [AsyncHttpClient-1-1] DEBUG org.asynchttpclient.netty.channel.DefaultChannelPool - Entry count for : http://localhost:64907 : 1
23:17:24.457 [AsyncHttpClient-1-1] DEBUG org.asynchttpclient.netty.channel.DefaultChannelPool - Entry count for : http://localhost:64907 : 1
23:17:25.563 [AsyncHttpClient-1-1] DEBUG org.asynchttpclient.netty.channel.DefaultChannelPool - Entry count for : http://localhost:64907 : 1
23:17:26.657 [AsyncHttpClient-1-1] DEBUG org.asynchttpclient.netty.channel.DefaultChannelPool - Entry count for : http://localhost:64907 : 1
23:17:27.763 [AsyncHttpClient-1-1] DEBUG org.asynchttpclient.netty.channel.DefaultChannelPool - Entry count for : http://localhost:64907 : 1
23:17:28.856 [AsyncHttpClient-1-1] DEBUG org.asynchttpclient.netty.channel.DefaultChannelPool - Entry count for : http://localhost:64907 : 1
23:17:29.964 [AsyncHttpClient-1-1] DEBUG org.asynchttpclient.netty.channel.DefaultChannelPool - Entry count for : http://localhost:64907 : 1
23:17:31.063 [AsyncHttpClient-1-1] DEBUG org.asynchttpclient.netty.channel.DefaultChannelPool - Entry count for : http://localhost:64907 : 1
23:17:32.156 [AsyncHttpClient-1-1] DEBUG org.asynchttpclient.netty.channel.DefaultChannelPool - Entry count for : http://localhost:64907 : 1
23:17:33.265 [AsyncHttpClient-1-1] DEBUG org.asynchttpclient.netty.channel.DefaultChannelPool - Entry count for : http://localhost:64907 : 1
23:17:34.359 [AsyncHttpClient-1-1] DEBUG org.asynchttpclient.netty.channel.DefaultChannelPool - Entry count for : http://localhost:64907 : 1
23:17:35.457 [AsyncHttpClient-1-1] DEBUG org.asynchttpclient.netty.channel.DefaultChannelPool - Entry count for : http://localhost:64907 : 1
23:17:36.560 [AsyncHttpClient-1-1] DEBUG org.asynchttpclient.netty.channel.DefaultChannelPool - Entry count for : http://localhost:64907 : 1
23:17:37.665 [AsyncHttpClient-1-1] DEBUG org.asynchttpclient.netty.channel.DefaultChannelPool - Entry count for : http://localhost:64907 : 1
23:17:38.762 [AsyncHttpClient-1-1] DEBUG org.asynchttpclient.netty.channel.DefaultChannelPool - Entry count for : http://localhost:64907 : 1
23:17:39.856 [AsyncHttpClient-1-1] DEBUG org.asynchttpclient.netty.channel.DefaultChannelPool - Entry count for : http://localhost:64907 : 1
23:17:40.963 [AsyncHttpClient-1-1] DEBUG org.asynchttpclient.netty.channel.DefaultChannelPool - Entry count for : http://localhost:64907 : 1
23:17:42.057 [AsyncHttpClient-1-1] DEBUG org.asynchttpclient.netty.channel.DefaultChannelPool - Entry count for : http://localhost:64907 : 1
23:17:43.168 [AsyncHttpClient-1-1] DEBUG org.asynchttpclient.netty.channel.DefaultChannelPool - Entry count for : http://localhost:64907 : 1
23:17:44.257 [AsyncHttpClient-1-1] DEBUG org.asynchttpclient.netty.channel.DefaultChannelPool - Entry count for : http://localhost:64907 : 1
23:17:45.365 [AsyncHttpClient-1-1] DEBUG org.asynchttpclient.netty.channel.DefaultChannelPool - Entry count for : http://localhost:64907 : 1
23:17:46.457 [AsyncHttpClient-1-1] DEBUG org.asynchttpclient.netty.channel.DefaultChannelPool - Entry count for : http://localhost:64907 : 1
23:17:47.565 [AsyncHttpClient-1-1] DEBUG org.asynchttpclient.netty.channel.DefaultChannelPool - Entry count for : http://localhost:64907 : 1
23:17:48.657 [AsyncHttpClient-1-1] DEBUG org.asynchttpclient.netty.channel.DefaultChannelPool - Entry count for : http://localhost:64907 : 1
23:17:49.757 [AsyncHttpClient-1-1] DEBUG org.asynchttpclient.netty.channel.DefaultChannelPool - Entry count for : http://localhost:64907 : 1
23:17:50.857 [AsyncHttpClient-1-1] DEBUG org.asynchttpclient.netty.channel.DefaultChannelPool - Entry count for : http://localhost:64907 : 1
23:17:51.956 [AsyncHttpClient-1-1] DEBUG org.asynchttpclient.netty.channel.DefaultChannelPool - Entry count for : http://localhost:64907 : 1
23:17:53.058 [AsyncHttpClient-1-1] DEBUG org.asynchttpclient.netty.channel.DefaultChannelPool - Entry count for : http://localhost:64907 : 1
23:17:54.156 [AsyncHttpClient-1-1] DEBUG org.asynchttpclient.netty.channel.DefaultChannelPool - Entry count for : http://localhost:64907 : 1
23:17:55.258 [AsyncHttpClient-1-1] DEBUG org.asynchttpclient.netty.channel.DefaultChannelPool - Entry count for : http://localhost:64907 : 1
23:17:56.358 [AsyncHttpClient-1-1] DEBUG org.asynchttpclient.netty.channel.DefaultChannelPool - Entry count for : http://localhost:64907 : 1
23:17:57.464 [AsyncHttpClient-1-1] DEBUG org.asynchttpclient.netty.channel.DefaultChannelPool - Entry count for : http://localhost:64907 : 1
23:17:58.562 [AsyncHttpClient-1-1] DEBUG org.asynchttpclient.netty.channel.DefaultChannelPool - Entry count for : http://localhost:64907 : 1
23:17:59.658 [AsyncHttpClient-1-1] DEBUG org.asynchttpclient.netty.channel.DefaultChannelPool - Entry count for : http://localhost:64907 : 1
23:18:00.756 [AsyncHttpClient-1-1] DEBUG org.asynchttpclient.netty.channel.DefaultChannelPool - Entry count for : http://localhost:64907 : 1
23:18:01.858 [AsyncHttpClient-1-1] DEBUG org.asynchttpclient.netty.channel.DefaultChannelPool - Entry count for : http://localhost:64907 : 1
23:18:02.956 [AsyncHttpClient-1-1] DEBUG org.asynchttpclient.netty.channel.DefaultChannelPool - Entry count for : http://localhost:64907 : 1
23:18:04.061 [AsyncHttpClient-1-1] DEBUG org.asynchttpclient.netty.channel.DefaultChannelPool - Entry count for : http://localhost:64907 : 1
23:18:05.157 [AsyncHttpClient-1-1] DEBUG org.asynchttpclient.netty.channel.DefaultChannelPool - Entry count for : http://localhost:64907 : 1
23:18:06.260 [AsyncHttpClient-1-1] DEBUG org.asynchttpclient.netty.channel.DefaultChannelPool - Entry count for : http://localhost:64907 : 1
23:18:07.356 [AsyncHttpClient-1-1] DEBUG org.asynchttpclient.netty.channel.DefaultChannelPool - Entry count for : http://localhost:64907 : 1
23:18:08.459 [AsyncHttpClient-1-1] DEBUG org.asynchttpclient.netty.channel.DefaultChannelPool - Entry count for : http://localhost:64907 : 1
23:18:09.557 [AsyncHttpClient-1-1] DEBUG org.asynchttpclient.netty.channel.DefaultChannelPool - Entry count for : http://localhost:64907 : 1
23:18:10.657 [AsyncHttpClient-1-1] DEBUG org.asynchttpclient.netty.channel.DefaultChannelPool - Entry count for : http://localhost:64907 : 1
23:18:11.758 [AsyncHttpClient-1-1] DEBUG org.asynchttpclient.netty.channel.DefaultChannelPool - Entry count for : http://localhost:64907 : 1
23:18:12.864 [AsyncHttpClient-1-1] DEBUG org.asynchttpclient.netty.channel.DefaultChannelPool - Entry count for : http://localhost:64907 : 1
23:18:13.957 [AsyncHttpClient-1-1] DEBUG org.asynchttpclient.netty.channel.DefaultChannelPool - Entry count for : http://localhost:64907 : 1
23:18:15.057 [AsyncHttpClient-1-1] DEBUG org.asynchttpclient.netty.channel.DefaultChannelPool - Entry count for : http://localhost:64907 : 1
23:18:16.167 [AsyncHttpClient-1-1] DEBUG org.asynchttpclient.netty.channel.DefaultChannelPool - Entry count for : http://localhost:64907 : 1
23:18:17.260 [AsyncHttpClient-1-1] DEBUG org.asynchttpclient.netty.channel.DefaultChannelPool - Entry count for : http://localhost:64907 : 1
23:18:18.357 [AsyncHttpClient-1-1] DEBUG org.asynchttpclient.netty.channel.DefaultChannelPool - Entry count for : http://localhost:64907 : 1
23:18:19.462 [AsyncHttpClient-1-1] DEBUG org.asynchttpclient.netty.channel.DefaultChannelPool - Entry count for : http://localhost:64907 : 1
23:18:20.558 [AsyncHttpClient-1-1] DEBUG org.asynchttpclient.netty.channel.DefaultChannelPool - Entry count for : http://localhost:64907 : 1
23:18:20.558 [AsyncHttpClient-1-1] DEBUG org.asynchttpclient.netty.channel.DefaultChannelPool - Adding Candidate expired Channel [id: 0x805518f9, L:/127.0.0.1:64913 - R:localhost/127.0.0.1:64907] isIdleTimeoutExpired=true isRemotelyClosed=false isTtlExpired=false
23:18:20.558 [AsyncHttpClient-1-1] DEBUG org.asynchttpclient.netty.channel.DefaultChannelPool - Closing Idle Channel [id: 0x805518f9, L:/127.0.0.1:64913 - R:localhost/127.0.0.1:64907]
23:18:20.558 [AsyncHttpClient-1-1] DEBUG org.asynchttpclient.netty.channel.DefaultChannelPool - Closed 1 connections out of 1 in 0 ms
23:18:20.558 [AsyncHttpClient-1-7] DEBUG org.asynchttpclient.netty.handler.HttpHandler - Channel Closed: [id: 0x805518f9, L:/127.0.0.1:64913 ! R:localhost/127.0.0.1:64907] with attribute DISCARD
23:18:52.528 [AsyncHttpClient-1-6] DEBUG org.asynchttpclient.netty.handler.HttpHandler - 

Request DefaultHttpRequest(decodeResult: success, version: HTTP/1.1)
POST /session/8e0bdccfd158d950db4615833c28b4d6/url HTTP/1.1
User-Agent: selenium/4.1.2 (java windows)
Content-Length: 60
Content-Type: application/json; charset=utf-8
host: localhost:52108
accept: */*

Response DefaultHttpResponse(decodeResult: success, version: HTTP/1.1)
HTTP/1.1 200 OK
Content-Type: application/json; charset=utf-8
cache-control: no-cache
content-length: 14

23:18:52.529 [AsyncHttpClient-1-6] DEBUG org.asynchttpclient.netty.channel.ChannelManager - Adding key: http://localhost:52108 for channel [id: 0x5a0012f0, L:/127.0.0.1:64905 - R:localhost/127.0.0.1:52108]
23:18:52.533 [Forwarding setTimeout on session 8e0bdccfd158d950db4615833c28b4d6 to remote] DEBUG org.asynchttpclient.netty.request.NettyRequestSender - Using pooled Channel '[id: 0x5a0012f0, L:/127.0.0.1:64905 - R:localhost/127.0.0.1:52108]' for 'POST' to 'http://localhost:52108/session/8e0bdccfd158d950db4615833c28b4d6/timeouts'
23:18:52.533 [Forwarding setTimeout on session 8e0bdccfd158d950db4615833c28b4d6 to remote] DEBUG org.asynchttpclient.netty.request.NettyRequestSender - Using open Channel [id: 0x5a0012f0, L:/127.0.0.1:64905 - R:localhost/127.0.0.1:52108] for POST '/session/8e0bdccfd158d950db4615833c28b4d6/timeouts'
23:18:52.540 [AsyncHttpClient-1-6] DEBUG org.asynchttpclient.netty.handler.HttpHandler - 

Request DefaultHttpRequest(decodeResult: success, version: HTTP/1.1)
POST /session/8e0bdccfd158d950db4615833c28b4d6/timeouts HTTP/1.1
User-Agent: selenium/4.1.2 (java windows)
Content-Length: 22
Content-Type: application/json; charset=utf-8
host: localhost:52108
accept: */*

Response DefaultHttpResponse(decodeResult: success, version: HTTP/1.1)
HTTP/1.1 200 OK
Content-Type: application/json; charset=utf-8
cache-control: no-cache
content-length: 14

23:18:52.541 [AsyncHttpClient-1-6] DEBUG org.asynchttpclient.netty.channel.ChannelManager - Adding key: http://localhost:52108 for channel [id: 0x5a0012f0, L:/127.0.0.1:64905 - R:localhost/127.0.0.1:52108]
23:18:52.546 [Forwarding getCurrentUrl on session 8e0bdccfd158d950db4615833c28b4d6 to remote] DEBUG org.asynchttpclient.netty.request.NettyRequestSender - Using pooled Channel '[id: 0x5a0012f0, L:/127.0.0.1:64905 - R:localhost/127.0.0.1:52108]' for 'GET' to 'http://localhost:52108/session/8e0bdccfd158d950db4615833c28b4d6/url'
23:18:52.546 [Forwarding getCurrentUrl on session 8e0bdccfd158d950db4615833c28b4d6 to remote] DEBUG org.asynchttpclient.netty.request.NettyRequestSender - Using open Channel [id: 0x5a0012f0, L:/127.0.0.1:64905 - R:localhost/127.0.0.1:52108] for GET '/session/8e0bdccfd158d950db4615833c28b4d6/url'
23:18:52.558 [AsyncHttpClient-1-6] DEBUG org.asynchttpclient.netty.handler.HttpHandler - 

Request DefaultFullHttpRequest(decodeResult: success, version: HTTP/1.1, content: EmptyByteBufBE)
GET /session/8e0bdccfd158d950db4615833c28b4d6/url HTTP/1.1
User-Agent: selenium/4.1.2 (java windows)
Cache-Control: no-cache
Content-Type: application/json; charset=utf-8
host: localhost:52108
accept: */*

Response DefaultHttpResponse(decodeResult: success, version: HTTP/1.1)
HTTP/1.1 200 OK
Content-Type: application/json; charset=utf-8
cache-control: no-cache
content-length: 42

23:18:52.558 [AsyncHttpClient-1-6] DEBUG org.asynchttpclient.netty.channel.ChannelManager - Adding key: http://localhost:52108 for channel [id: 0x5a0012f0, L:/127.0.0.1:64905 - R:localhost/127.0.0.1:52108]
23:18:52.568 [main] DEBUG net.serenitybdd.core.photography.Darkroom - Opening darkroom
23:18:52.569 [Darkroom Processing Line] DEBUG net.serenitybdd.core.photography.DarkroomProcessingLine - Darkroom processing line starting up
23:18:52.570 [Forwarding screenshot on session 8e0bdccfd158d950db4615833c28b4d6 to remote] DEBUG org.asynchttpclient.netty.request.NettyRequestSender - Using pooled Channel '[id: 0x5a0012f0, L:/127.0.0.1:64905 - R:localhost/127.0.0.1:52108]' for 'GET' to 'http://localhost:52108/session/8e0bdccfd158d950db4615833c28b4d6/screenshot'
23:18:52.570 [Forwarding screenshot on session 8e0bdccfd158d950db4615833c28b4d6 to remote] DEBUG org.asynchttpclient.netty.request.NettyRequestSender - Using open Channel [id: 0x5a0012f0, L:/127.0.0.1:64905 - R:localhost/127.0.0.1:52108] for GET '/session/8e0bdccfd158d950db4615833c28b4d6/screenshot'
23:18:52.734 [AsyncHttpClient-1-6] DEBUG org.asynchttpclient.netty.handler.HttpHandler - 

Request DefaultFullHttpRequest(decodeResult: success, version: HTTP/1.1, content: EmptyByteBufBE)
GET /session/8e0bdccfd158d950db4615833c28b4d6/screenshot HTTP/1.1
User-Agent: selenium/4.1.2 (java windows)
Cache-Control: no-cache
Content-Type: application/json; charset=utf-8
host: localhost:52108
accept: */*

Response DefaultHttpResponse(decodeResult: success, version: HTTP/1.1)
HTTP/1.1 200 OK
Content-Type: application/json; charset=utf-8
cache-control: no-cache
content-length: 44696

23:18:52.739 [AsyncHttpClient-1-6] DEBUG org.asynchttpclient.netty.channel.ChannelManager - Adding key: http://localhost:52108 for channel [id: 0x5a0012f0, L:/127.0.0.1:64905 - R:localhost/127.0.0.1:52108]
23:18:52.749 [main] DEBUG net.serenitybdd.core.photography.Darkroom - Send negative for processing for target\site\serenity\b94df4f61f8de06725b5a25075a27f3d1cabfef1a1d6f1abc925838a9152be0a.png
23:18:52.749 [main] DEBUG net.thucydides.core.steps.StepInterceptor - STEP DONE: onTransactionPage
  &amp#27;[32mGiven &amp#27;[0m&amp#27;[32m&amp#27;[0m&amp#27;[32m&amp#27;[1mI&amp#27;[0m&amp#27;[32m am at transaction page&amp#27;[0m                      &amp#27;[90m# stepdefinitions.TransactionStep.iAmAtOrderPage(java.lang.String)&amp#27;[0m
23:18:52.750 [Darkroom Processing Line] DEBUG net.serenitybdd.core.photography.DarkroomProcessingLine - Processing screenshot image in /var/screenshots/screenshot-18289346277008860735
23:18:52.750 [Darkroom Processing Line] DEBUG net.serenitybdd.core.photography.DarkroomProcessingLine - Saving screenshot to target\site\serenity\b94df4f61f8de06725b5a25075a27f3d1cabfef1a1d6f1abc925838a9152be0a.png
23:18:52.781 [main] DEBUG net.thucydides.core.steps.StepInterceptor - STARTING STEP: TransactionStep.iClickBayarButton - toLoginPage
23:18:52.786 [Forwarding findElement on session 8e0bdccfd158d950db4615833c28b4d6 to remote] DEBUG org.asynchttpclient.netty.request.NettyRequestSender - Using pooled Channel '[id: 0x5a0012f0, L:/127.0.0.1:64905 - R:localhost/127.0.0.1:52108]' for 'POST' to 'http://localhost:52108/session/8e0bdccfd158d950db4615833c28b4d6/element'
23:18:52.786 [Forwarding findElement on session 8e0bdccfd158d950db4615833c28b4d6 to remote] DEBUG org.asynchttpclient.netty.request.NettyRequestSender - Using open Channel [id: 0x5a0012f0, L:/127.0.0.1:64905 - R:localhost/127.0.0.1:52108] for POST '/session/8e0bdccfd158d950db4615833c28b4d6/element'
23:18:52.803 [AsyncHttpClient-1-6] DEBUG org.asynchttpclient.netty.handler.HttpHandler - 

Request DefaultHttpRequest(decodeResult: success, version: HTTP/1.1)
POST /session/8e0bdccfd158d950db4615833c28b4d6/element HTTP/1.1
User-Agent: selenium/4.1.2 (java windows)
Content-Length: 125
Content-Type: application/json; charset=utf-8
host: localhost:52108
accept: */*

Response DefaultHttpResponse(decodeResult: success, version: HTTP/1.1)
HTTP/1.1 200 OK
Content-Type: application/json; charset=utf-8
cache-control: no-cache
content-length: 88

23:18:52.803 [AsyncHttpClient-1-6] DEBUG org.asynchttpclient.netty.channel.ChannelManager - Adding key: http://localhost:52108 for channel [id: 0x5a0012f0, L:/127.0.0.1:64905 - R:localhost/127.0.0.1:52108]
23:18:52.806 [Forwarding getElementTagName on session 8e0bdccfd158d950db4615833c28b4d6 to remote] DEBUG org.asynchttpclient.netty.request.NettyRequestSender - Using pooled Channel '[id: 0x5a0012f0, L:/127.0.0.1:64905 - R:localhost/127.0.0.1:52108]' for 'GET' to 'http://localhost:52108/session/8e0bdccfd158d950db4615833c28b4d6/element/04955720-4978-4141-962d-32ba802b8354/name'
23:18:52.806 [Forwarding getElementTagName on session 8e0bdccfd158d950db4615833c28b4d6 to remote] DEBUG org.asynchttpclient.netty.request.NettyRequestSender - Using open Channel [id: 0x5a0012f0, L:/127.0.0.1:64905 - R:localhost/127.0.0.1:52108] for GET '/session/8e0bdccfd158d950db4615833c28b4d6/element/04955720-4978-4141-962d-32ba802b8354/name'
23:18:52.815 [AsyncHttpClient-1-6] DEBUG org.asynchttpclient.netty.handler.HttpHandler - 

Request DefaultFullHttpRequest(decodeResult: success, version: HTTP/1.1, content: EmptyByteBufBE)
GET /session/8e0bdccfd158d950db4615833c28b4d6/element/04955720-4978-4141-962d-32ba802b8354/name HTTP/1.1
User-Agent: selenium/4.1.2 (java windows)
Cache-Control: no-cache
Content-Type: application/json; charset=utf-8
host: localhost:52108
accept: */*

Response DefaultHttpResponse(decodeResult: success, version: HTTP/1.1)
HTTP/1.1 200 OK
Content-Type: application/json; charset=utf-8
cache-control: no-cache
content-length: 13

23:18:52.815 [AsyncHttpClient-1-6] DEBUG org.asynchttpclient.netty.channel.ChannelManager - Adding key: http://localhost:52108 for channel [id: 0x5a0012f0, L:/127.0.0.1:64905 - R:localhost/127.0.0.1:52108]
23:18:52.818 [Forwarding getElementTagName on session 8e0bdccfd158d950db4615833c28b4d6 to remote] DEBUG org.asynchttpclient.netty.request.NettyRequestSender - Using pooled Channel '[id: 0x5a0012f0, L:/127.0.0.1:64905 - R:localhost/127.0.0.1:52108]' for 'GET' to 'http://localhost:52108/session/8e0bdccfd158d950db4615833c28b4d6/element/04955720-4978-4141-962d-32ba802b8354/name'
23:18:52.818 [Forwarding getElementTagName on session 8e0bdccfd158d950db4615833c28b4d6 to remote] DEBUG org.asynchttpclient.netty.request.NettyRequestSender - Using open Channel [id: 0x5a0012f0, L:/127.0.0.1:64905 - R:localhost/127.0.0.1:52108] for GET '/session/8e0bdccfd158d950db4615833c28b4d6/element/04955720-4978-4141-962d-32ba802b8354/name'
23:18:52.825 [AsyncHttpClient-1-6] DEBUG org.asynchttpclient.netty.handler.HttpHandler - 

Request DefaultFullHttpRequest(decodeResult: success, version: HTTP/1.1, content: EmptyByteBufBE)
GET /session/8e0bdccfd158d950db4615833c28b4d6/element/04955720-4978-4141-962d-32ba802b8354/name HTTP/1.1
User-Agent: selenium/4.1.2 (java windows)
Cache-Control: no-cache
Content-Type: application/json; charset=utf-8
host: localhost:52108
accept: */*

Response DefaultHttpResponse(decodeResult: success, version: HTTP/1.1)
HTTP/1.1 200 OK
Content-Type: application/json; charset=utf-8
cache-control: no-cache
content-length: 13

23:18:52.825 [AsyncHttpClient-1-6] DEBUG org.asynchttpclient.netty.channel.ChannelManager - Adding key: http://localhost:52108 for channel [id: 0x5a0012f0, L:/127.0.0.1:64905 - R:localhost/127.0.0.1:52108]
23:18:52.828 [Forwarding findElement on session 8e0bdccfd158d950db4615833c28b4d6 to remote] DEBUG org.asynchttpclient.netty.request.NettyRequestSender - Using pooled Channel '[id: 0x5a0012f0, L:/127.0.0.1:64905 - R:localhost/127.0.0.1:52108]' for 'POST' to 'http://localhost:52108/session/8e0bdccfd158d950db4615833c28b4d6/element'
23:18:52.829 [Forwarding findElement on session 8e0bdccfd158d950db4615833c28b4d6 to remote] DEBUG org.asynchttpclient.netty.request.NettyRequestSender - Using open Channel [id: 0x5a0012f0, L:/127.0.0.1:64905 - R:localhost/127.0.0.1:52108] for POST '/session/8e0bdccfd158d950db4615833c28b4d6/element'
23:18:52.845 [AsyncHttpClient-1-6] DEBUG org.asynchttpclient.netty.handler.HttpHandler - 

Request DefaultHttpRequest(decodeResult: success, version: HTTP/1.1)
POST /session/8e0bdccfd158d950db4615833c28b4d6/element HTTP/1.1
User-Agent: selenium/4.1.2 (java windows)
Content-Length: 125
Content-Type: application/json; charset=utf-8
host: localhost:52108
accept: */*

Response DefaultHttpResponse(decodeResult: success, version: HTTP/1.1)
HTTP/1.1 200 OK
Content-Type: application/json; charset=utf-8
cache-control: no-cache
content-length: 88

23:18:52.846 [AsyncHttpClient-1-6] DEBUG org.asynchttpclient.netty.channel.ChannelManager - Adding key: http://localhost:52108 for channel [id: 0x5a0012f0, L:/127.0.0.1:64905 - R:localhost/127.0.0.1:52108]
23:18:52.848 [Forwarding clickElement on session 8e0bdccfd158d950db4615833c28b4d6 to remote] DEBUG org.asynchttpclient.netty.request.NettyRequestSender - Using pooled Channel '[id: 0x5a0012f0, L:/127.0.0.1:64905 - R:localhost/127.0.0.1:52108]' for 'POST' to 'http://localhost:52108/session/8e0bdccfd158d950db4615833c28b4d6/element/04955720-4978-4141-962d-32ba802b8354/click'
23:18:52.848 [Forwarding clickElement on session 8e0bdccfd158d950db4615833c28b4d6 to remote] DEBUG org.asynchttpclient.netty.request.NettyRequestSender - Using open Channel [id: 0x5a0012f0, L:/127.0.0.1:64905 - R:localhost/127.0.0.1:52108] for POST '/session/8e0bdccfd158d950db4615833c28b4d6/element/04955720-4978-4141-962d-32ba802b8354/click'
23:18:52.931 [AsyncHttpClient-1-6] DEBUG org.asynchttpclient.netty.handler.HttpHandler - 

Request DefaultHttpRequest(decodeResult: success, version: HTTP/1.1)
POST /session/8e0bdccfd158d950db4615833c28b4d6/element/04955720-4978-4141-962d-32ba802b8354/click HTTP/1.1
User-Agent: selenium/4.1.2 (java windows)
Content-Length: 50
Content-Type: application/json; charset=utf-8
host: localhost:52108
accept: */*

Response DefaultHttpResponse(decodeResult: success, version: HTTP/1.1)
HTTP/1.1 200 OK
Content-Type: application/json; charset=utf-8
cache-control: no-cache
content-length: 14

23:18:52.932 [AsyncHttpClient-1-6] DEBUG org.asynchttpclient.netty.channel.ChannelManager - Adding key: http://localhost:52108 for channel [id: 0x5a0012f0, L:/127.0.0.1:64905 - R:localhost/127.0.0.1:52108]
23:18:52.945 [Forwarding screenshot on session 8e0bdccfd158d950db4615833c28b4d6 to remote] DEBUG org.asynchttpclient.netty.request.NettyRequestSender - Using pooled Channel '[id: 0x5a0012f0, L:/127.0.0.1:64905 - R:localhost/127.0.0.1:52108]' for 'GET' to 'http://localhost:52108/session/8e0bdccfd158d950db4615833c28b4d6/screenshot'
23:18:52.946 [Forwarding screenshot on session 8e0bdccfd158d950db4615833c28b4d6 to remote] DEBUG org.asynchttpclient.netty.request.NettyRequestSender - Using open Channel [id: 0x5a0012f0, L:/127.0.0.1:64905 - R:localhost/127.0.0.1:52108] for GET '/session/8e0bdccfd158d950db4615833c28b4d6/screenshot'
23:18:53.306 [AsyncHttpClient-1-6] DEBUG org.asynchttpclient.netty.handler.HttpHandler - 

Request DefaultFullHttpRequest(decodeResult: success, version: HTTP/1.1, content: EmptyByteBufBE)
GET /session/8e0bdccfd158d950db4615833c28b4d6/screenshot HTTP/1.1
User-Agent: selenium/4.1.2 (java windows)
Cache-Control: no-cache
Content-Type: application/json; charset=utf-8
host: localhost:52108
accept: */*

Response DefaultHttpResponse(decodeResult: success, version: HTTP/1.1)
HTTP/1.1 200 OK
Content-Type: application/json; charset=utf-8
cache-control: no-cache
content-length: 40984

23:18:53.307 [AsyncHttpClient-1-6] DEBUG org.asynchttpclient.netty.channel.ChannelManager - Adding key: http://localhost:52108 for channel [id: 0x5a0012f0, L:/127.0.0.1:64905 - R:localhost/127.0.0.1:52108]
23:18:53.310 [main] DEBUG net.serenitybdd.core.photography.Darkroom - Send negative for processing for target\site\serenity\76cf6b8832a69414570916f8d0b17b115c6c4cc584910c8ca2aff1b71d5d0ced.png
23:18:53.311 [main] DEBUG net.thucydides.core.steps.StepInterceptor - STEP DONE: toLoginPage
23:18:53.311 [Darkroom Processing Line] DEBUG net.serenitybdd.core.photography.DarkroomProcessingLine - Processing screenshot image in /var/screenshots/screenshot-8683642890716131548
23:18:53.311 [Darkroom Processing Line] DEBUG net.serenitybdd.core.photography.DarkroomProcessingLine - Saving screenshot to target\site\serenity\76cf6b8832a69414570916f8d0b17b115c6c4cc584910c8ca2aff1b71d5d0ced.png
  &amp#27;[32mWhen &amp#27;[0m&amp#27;[32mI click login-button&amp#27;[0m                           &amp#27;[90m# stepdefinitions.TransactionStep.iClickBayarButton()&amp#27;[0m
23:18:53.371 [Forwarding screenshot on session 8e0bdccfd158d950db4615833c28b4d6 to remote] DEBUG org.asynchttpclient.netty.request.NettyRequestSender - Using pooled Channel '[id: 0x5a0012f0, L:/127.0.0.1:64905 - R:localhost/127.0.0.1:52108]' for 'GET' to 'http://localhost:52108/session/8e0bdccfd158d950db4615833c28b4d6/screenshot'
23:18:53.371 [Forwarding screenshot on session 8e0bdccfd158d950db4615833c28b4d6 to remote] DEBUG org.asynchttpclient.netty.request.NettyRequestSender - Using open Channel [id: 0x5a0012f0, L:/127.0.0.1:64905 - R:localhost/127.0.0.1:52108] for GET '/session/8e0bdccfd158d950db4615833c28b4d6/screenshot'
23:18:53.591 [AsyncHttpClient-1-6] DEBUG org.asynchttpclient.netty.handler.HttpHandler - 

Request DefaultFullHttpRequest(decodeResult: success, version: HTTP/1.1, content: EmptyByteBufBE)
GET /session/8e0bdccfd158d950db4615833c28b4d6/screenshot HTTP/1.1
User-Agent: selenium/4.1.2 (java windows)
Cache-Control: no-cache
Content-Type: application/json; charset=utf-8
host: localhost:52108
accept: */*

Response DefaultHttpResponse(decodeResult: success, version: HTTP/1.1)
HTTP/1.1 200 OK
Content-Type: application/json; charset=utf-8
cache-control: no-cache
content-length: 39520

23:18:53.592 [AsyncHttpClient-1-6] DEBUG org.asynchttpclient.netty.channel.ChannelManager - Adding key: http://localhost:52108 for channel [id: 0x5a0012f0, L:/127.0.0.1:64905 - R:localhost/127.0.0.1:52108]
23:18:53.596 [main] DEBUG net.serenitybdd.core.photography.Darkroom - Send negative for processing for target\site\serenity\1288ad2728c710f67d550c819c438d21557d4755e33a862f2b4f8299bee42c2a.png
23:18:53.613 [main] DEBUG net.thucydides.core.steps.StepInterceptor - STARTING STEP: TransactionStep.inputEmail - typeMyEmail
23:18:53.620 [Forwarding findElement on session 8e0bdccfd158d950db4615833c28b4d6 to remote] DEBUG org.asynchttpclient.netty.request.NettyRequestSender - Using pooled Channel '[id: 0x5a0012f0, L:/127.0.0.1:64905 - R:localhost/127.0.0.1:52108]' for 'POST' to 'http://localhost:52108/session/8e0bdccfd158d950db4615833c28b4d6/element'
23:18:53.620 [Forwarding findElement on session 8e0bdccfd158d950db4615833c28b4d6 to remote] DEBUG org.asynchttpclient.netty.request.NettyRequestSender - Using open Channel [id: 0x5a0012f0, L:/127.0.0.1:64905 - R:localhost/127.0.0.1:52108] for POST '/session/8e0bdccfd158d950db4615833c28b4d6/element'
23:18:53.643 [AsyncHttpClient-1-6] DEBUG org.asynchttpclient.netty.handler.HttpHandler - 

Request DefaultHttpRequest(decodeResult: success, version: HTTP/1.1)
POST /session/8e0bdccfd158d950db4615833c28b4d6/element HTTP/1.1
User-Agent: selenium/4.1.2 (java windows)
Content-Length: 84
Content-Type: application/json; charset=utf-8
host: localhost:52108
accept: */*

Response DefaultHttpResponse(decodeResult: success, version: HTTP/1.1)
HTTP/1.1 200 OK
Content-Type: application/json; charset=utf-8
cache-control: no-cache
content-length: 88

23:18:53.643 [AsyncHttpClient-1-6] DEBUG org.asynchttpclient.netty.channel.ChannelManager - Adding key: http://localhost:52108 for channel [id: 0x5a0012f0, L:/127.0.0.1:64905 - R:localhost/127.0.0.1:52108]
23:18:53.646 [Forwarding sendKeysToElement on session 8e0bdccfd158d950db4615833c28b4d6 to remote] DEBUG org.asynchttpclient.netty.request.NettyRequestSender - Using pooled Channel '[id: 0x5a0012f0, L:/127.0.0.1:64905 - R:localhost/127.0.0.1:52108]' for 'POST' to 'http://localhost:52108/session/8e0bdccfd158d950db4615833c28b4d6/element/2e0c90cd-836d-43ac-a9de-1989627fb67a/value'
23:18:53.646 [Forwarding sendKeysToElement on session 8e0bdccfd158d950db4615833c28b4d6 to remote] DEBUG org.asynchttpclient.netty.request.NettyRequestSender - Using open Channel [id: 0x5a0012f0, L:/127.0.0.1:64905 - R:localhost/127.0.0.1:52108] for POST '/session/8e0bdccfd158d950db4615833c28b4d6/element/2e0c90cd-836d-43ac-a9de-1989627fb67a/value'
23:18:54.265 [AsyncHttpClient-1-6] DEBUG org.asynchttpclient.netty.handler.HttpHandler - 

Request DefaultHttpRequest(decodeResult: success, version: HTTP/1.1)
POST /session/8e0bdccfd158d950db4615833c28b4d6/element/2e0c90cd-836d-43ac-a9de-1989627fb67a/value HTTP/1.1
User-Agent: selenium/4.1.2 (java windows)
Content-Length: 361
Content-Type: application/json; charset=utf-8
host: localhost:52108
accept: */*

Response DefaultHttpResponse(decodeResult: success, version: HTTP/1.1)
HTTP/1.1 200 OK
Content-Type: application/json; charset=utf-8
cache-control: no-cache
content-length: 14

23:18:54.265 [AsyncHttpClient-1-6] DEBUG org.asynchttpclient.netty.channel.ChannelManager - Adding key: http://localhost:52108 for channel [id: 0x5a0012f0, L:/127.0.0.1:64905 - R:localhost/127.0.0.1:52108]
23:18:54.278 [Forwarding screenshot on session 8e0bdccfd158d950db4615833c28b4d6 to remote] DEBUG org.asynchttpclient.netty.request.NettyRequestSender - Using pooled Channel '[id: 0x5a0012f0, L:/127.0.0.1:64905 - R:localhost/127.0.0.1:52108]' for 'GET' to 'http://localhost:52108/session/8e0bdccfd158d950db4615833c28b4d6/screenshot'
23:18:54.279 [Forwarding screenshot on session 8e0bdccfd158d950db4615833c28b4d6 to remote] DEBUG org.asynchttpclient.netty.request.NettyRequestSender - Using open Channel [id: 0x5a0012f0, L:/127.0.0.1:64905 - R:localhost/127.0.0.1:52108] for GET '/session/8e0bdccfd158d950db4615833c28b4d6/screenshot'
23:18:54.627 [AsyncHttpClient-1-6] DEBUG org.asynchttpclient.netty.handler.HttpHandler - 

Request DefaultFullHttpRequest(decodeResult: success, version: HTTP/1.1, content: EmptyByteBufBE)
GET /session/8e0bdccfd158d950db4615833c28b4d6/screenshot HTTP/1.1
User-Agent: selenium/4.1.2 (java windows)
Cache-Control: no-cache
Content-Type: application/json; charset=utf-8
host: localhost:52108
accept: */*

Response DefaultHttpResponse(decodeResult: success, version: HTTP/1.1)
HTTP/1.1 200 OK
Content-Type: application/json; charset=utf-8
cache-control: no-cache
content-length: 48972

23:18:54.628 [AsyncHttpClient-1-6] DEBUG org.asynchttpclient.netty.channel.ChannelManager - Adding key: http://localhost:52108 for channel [id: 0x5a0012f0, L:/127.0.0.1:64905 - R:localhost/127.0.0.1:52108]
23:18:54.631 [main] DEBUG net.serenitybdd.core.photography.Darkroom - Send negative for processing for target\site\serenity\9c9a5e83e4bd81ecbf4ba81a038d4671ac4759786d4cde23b2d8fc08fbc41b74.png
23:18:54.632 [main] DEBUG net.thucydides.core.steps.StepInterceptor - STEP DONE: typeMyEmail
  &amp#27;[32mAnd &amp#27;[0m&amp#27;[32mI type the email &amp#27;[0m&amp#27;[32m&amp#27;[1mlandon.mcdermott@hotmail.com&amp#27;[0m   &amp#27;[90m# stepdefinitions.TransactionStep.inputEmail(java.lang.String)&amp#27;[0m
23:18:54.633 [Darkroom Processing Line] DEBUG net.serenitybdd.core.photography.DarkroomProcessingLine - Processing screenshot image in /var/screenshots/screenshot-3620525595795426804
23:18:54.633 [Darkroom Processing Line] DEBUG net.serenitybdd.core.photography.DarkroomProcessingLine - Saving screenshot to target\site\serenity\9c9a5e83e4bd81ecbf4ba81a038d4671ac4759786d4cde23b2d8fc08fbc41b74.png
23:18:54.666 [AsyncHttpClient-1-1] DEBUG org.asynchttpclient.netty.channel.DefaultChannelPool - Entry count for : http://localhost:52108 : 1
23:18:54.673 [main] DEBUG net.thucydides.core.steps.StepInterceptor - STARTING STEP: TransactionStep.inputPassword - typeMyPassword
23:18:54.684 [Forwarding findElement on session 8e0bdccfd158d950db4615833c28b4d6 to remote] DEBUG org.asynchttpclient.netty.request.NettyRequestSender - Using pooled Channel '[id: 0x5a0012f0, L:/127.0.0.1:64905 - R:localhost/127.0.0.1:52108]' for 'POST' to 'http://localhost:52108/session/8e0bdccfd158d950db4615833c28b4d6/element'
23:18:54.684 [Forwarding findElement on session 8e0bdccfd158d950db4615833c28b4d6 to remote] DEBUG org.asynchttpclient.netty.request.NettyRequestSender - Using open Channel [id: 0x5a0012f0, L:/127.0.0.1:64905 - R:localhost/127.0.0.1:52108] for POST '/session/8e0bdccfd158d950db4615833c28b4d6/element'
23:18:54.861 [AsyncHttpClient-1-6] DEBUG org.asynchttpclient.netty.handler.HttpHandler - 

Request DefaultHttpRequest(decodeResult: success, version: HTTP/1.1)
POST /session/8e0bdccfd158d950db4615833c28b4d6/element HTTP/1.1
User-Agent: selenium/4.1.2 (java windows)
Content-Length: 87
Content-Type: application/json; charset=utf-8
host: localhost:52108
accept: */*

Response DefaultHttpResponse(decodeResult: success, version: HTTP/1.1)
HTTP/1.1 200 OK
Content-Type: application/json; charset=utf-8
cache-control: no-cache
content-length: 88

23:18:54.862 [AsyncHttpClient-1-6] DEBUG org.asynchttpclient.netty.channel.ChannelManager - Adding key: http://localhost:52108 for channel [id: 0x5a0012f0, L:/127.0.0.1:64905 - R:localhost/127.0.0.1:52108]
23:18:54.865 [Forwarding sendKeysToElement on session 8e0bdccfd158d950db4615833c28b4d6 to remote] DEBUG org.asynchttpclient.netty.request.NettyRequestSender - Using pooled Channel '[id: 0x5a0012f0, L:/127.0.0.1:64905 - R:localhost/127.0.0.1:52108]' for 'POST' to 'http://localhost:52108/session/8e0bdccfd158d950db4615833c28b4d6/element/8f3797f2-94df-4727-8935-4bfbe6f5d985/value'
23:18:54.865 [Forwarding sendKeysToElement on session 8e0bdccfd158d950db4615833c28b4d6 to remote] DEBUG org.asynchttpclient.netty.request.NettyRequestSender - Using open Channel [id: 0x5a0012f0, L:/127.0.0.1:64905 - R:localhost/127.0.0.1:52108] for POST '/session/8e0bdccfd158d950db4615833c28b4d6/element/8f3797f2-94df-4727-8935-4bfbe6f5d985/value'
23:18:55.009 [AsyncHttpClient-1-6] DEBUG org.asynchttpclient.netty.handler.HttpHandler - 

Request DefaultHttpRequest(decodeResult: success, version: HTTP/1.1)
POST /session/8e0bdccfd158d950db4615833c28b4d6/element/8f3797f2-94df-4727-8935-4bfbe6f5d985/value HTTP/1.1
User-Agent: selenium/4.1.2 (java windows)
Content-Length: 131
Content-Type: application/json; charset=utf-8
host: localhost:52108
accept: */*

Response DefaultHttpResponse(decodeResult: success, version: HTTP/1.1)
HTTP/1.1 200 OK
Content-Type: application/json; charset=utf-8
cache-control: no-cache
content-length: 14

23:18:55.010 [AsyncHttpClient-1-6] DEBUG org.asynchttpclient.netty.channel.ChannelManager - Adding key: http://localhost:52108 for channel [id: 0x5a0012f0, L:/127.0.0.1:64905 - R:localhost/127.0.0.1:52108]
23:18:55.019 [Forwarding screenshot on session 8e0bdccfd158d950db4615833c28b4d6 to remote] DEBUG org.asynchttpclient.netty.request.NettyRequestSender - Using pooled Channel '[id: 0x5a0012f0, L:/127.0.0.1:64905 - R:localhost/127.0.0.1:52108]' for 'GET' to 'http://localhost:52108/session/8e0bdccfd158d950db4615833c28b4d6/screenshot'
23:18:55.019 [Forwarding screenshot on session 8e0bdccfd158d950db4615833c28b4d6 to remote] DEBUG org.asynchttpclient.netty.request.NettyRequestSender - Using open Channel [id: 0x5a0012f0, L:/127.0.0.1:64905 - R:localhost/127.0.0.1:52108] for GET '/session/8e0bdccfd158d950db4615833c28b4d6/screenshot'
23:18:55.240 [AsyncHttpClient-1-6] DEBUG org.asynchttpclient.netty.handler.HttpHandler - 

Request DefaultFullHttpRequest(decodeResult: success, version: HTTP/1.1, content: EmptyByteBufBE)
GET /session/8e0bdccfd158d950db4615833c28b4d6/screenshot HTTP/1.1
User-Agent: selenium/4.1.2 (java windows)
Cache-Control: no-cache
Content-Type: application/json; charset=utf-8
host: localhost:52108
accept: */*

Response DefaultHttpResponse(decodeResult: success, version: HTTP/1.1)
HTTP/1.1 200 OK
Content-Type: application/json; charset=utf-8
cache-control: no-cache
content-length: 50796

23:18:55.241 [AsyncHttpClient-1-6] DEBUG org.asynchttpclient.netty.channel.ChannelManager - Adding key: http://localhost:52108 for channel [id: 0x5a0012f0, L:/127.0.0.1:64905 - R:localhost/127.0.0.1:52108]
23:18:55.244 [main] DEBUG net.serenitybdd.core.photography.Darkroom - Send negative for processing for target\site\serenity\470b75022059480d3d0ed1b776ff61fbd66ab5a73e28fab732adc607a92ade94.png
23:18:55.244 [main] DEBUG net.thucydides.core.steps.StepInterceptor - STEP DONE: typeMyPassword
23:18:55.245 [Darkroom Processing Line] DEBUG net.serenitybdd.core.photography.DarkroomProcessingLine - Processing screenshot image in /var/screenshots/screenshot-15192278230669935691
23:18:55.245 [Darkroom Processing Line] DEBUG net.serenitybdd.core.photography.DarkroomProcessingLine - Saving screenshot to target\site\serenity\470b75022059480d3d0ed1b776ff61fbd66ab5a73e28fab732adc607a92ade94.png
23:18:55.257 [main] DEBUG net.thucydides.core.steps.StepInterceptor - STARTING STEP: TransactionStep.inputPassword - clickLoginButton
23:18:55.262 [Forwarding findElement on session 8e0bdccfd158d950db4615833c28b4d6 to remote] DEBUG org.asynchttpclient.netty.request.NettyRequestSender - Using pooled Channel '[id: 0x5a0012f0, L:/127.0.0.1:64905 - R:localhost/127.0.0.1:52108]' for 'POST' to 'http://localhost:52108/session/8e0bdccfd158d950db4615833c28b4d6/element'
23:18:55.262 [Forwarding findElement on session 8e0bdccfd158d950db4615833c28b4d6 to remote] DEBUG org.asynchttpclient.netty.request.NettyRequestSender - Using open Channel [id: 0x5a0012f0, L:/127.0.0.1:64905 - R:localhost/127.0.0.1:52108] for POST '/session/8e0bdccfd158d950db4615833c28b4d6/element'
23:18:55.312 [AsyncHttpClient-1-6] DEBUG org.asynchttpclient.netty.handler.HttpHandler - 

Request DefaultHttpRequest(decodeResult: success, version: HTTP/1.1)
POST /session/8e0bdccfd158d950db4615833c28b4d6/element HTTP/1.1
User-Agent: selenium/4.1.2 (java windows)
Content-Length: 155
Content-Type: application/json; charset=utf-8
host: localhost:52108
accept: */*

Response DefaultHttpResponse(decodeResult: success, version: HTTP/1.1)
HTTP/1.1 200 OK
Content-Type: application/json; charset=utf-8
cache-control: no-cache
content-length: 88

23:18:55.313 [AsyncHttpClient-1-6] DEBUG org.asynchttpclient.netty.channel.ChannelManager - Adding key: http://localhost:52108 for channel [id: 0x5a0012f0, L:/127.0.0.1:64905 - R:localhost/127.0.0.1:52108]
23:18:55.316 [Forwarding getElementTagName on session 8e0bdccfd158d950db4615833c28b4d6 to remote] DEBUG org.asynchttpclient.netty.request.NettyRequestSender - Using pooled Channel '[id: 0x5a0012f0, L:/127.0.0.1:64905 - R:localhost/127.0.0.1:52108]' for 'GET' to 'http://localhost:52108/session/8e0bdccfd158d950db4615833c28b4d6/element/f2231dd7-2ec2-4292-8135-397df9a69e7e/name'
23:18:55.316 [Forwarding getElementTagName on session 8e0bdccfd158d950db4615833c28b4d6 to remote] DEBUG org.asynchttpclient.netty.request.NettyRequestSender - Using open Channel [id: 0x5a0012f0, L:/127.0.0.1:64905 - R:localhost/127.0.0.1:52108] for GET '/session/8e0bdccfd158d950db4615833c28b4d6/element/f2231dd7-2ec2-4292-8135-397df9a69e7e/name'
23:18:55.329 [AsyncHttpClient-1-6] DEBUG org.asynchttpclient.netty.handler.HttpHandler - 

Request DefaultFullHttpRequest(decodeResult: success, version: HTTP/1.1, content: EmptyByteBufBE)
GET /session/8e0bdccfd158d950db4615833c28b4d6/element/f2231dd7-2ec2-4292-8135-397df9a69e7e/name HTTP/1.1
User-Agent: selenium/4.1.2 (java windows)
Cache-Control: no-cache
Content-Type: application/json; charset=utf-8
host: localhost:52108
accept: */*

Response DefaultHttpResponse(decodeResult: success, version: HTTP/1.1)
HTTP/1.1 200 OK
Content-Type: application/json; charset=utf-8
cache-control: no-cache
content-length: 18

23:18:55.330 [AsyncHttpClient-1-6] DEBUG org.asynchttpclient.netty.channel.ChannelManager - Adding key: http://localhost:52108 for channel [id: 0x5a0012f0, L:/127.0.0.1:64905 - R:localhost/127.0.0.1:52108]
23:18:55.332 [Forwarding getElementTagName on session 8e0bdccfd158d950db4615833c28b4d6 to remote] DEBUG org.asynchttpclient.netty.request.NettyRequestSender - Using pooled Channel '[id: 0x5a0012f0, L:/127.0.0.1:64905 - R:localhost/127.0.0.1:52108]' for 'GET' to 'http://localhost:52108/session/8e0bdccfd158d950db4615833c28b4d6/element/f2231dd7-2ec2-4292-8135-397df9a69e7e/name'
23:18:55.333 [Forwarding getElementTagName on session 8e0bdccfd158d950db4615833c28b4d6 to remote] DEBUG org.asynchttpclient.netty.request.NettyRequestSender - Using open Channel [id: 0x5a0012f0, L:/127.0.0.1:64905 - R:localhost/127.0.0.1:52108] for GET '/session/8e0bdccfd158d950db4615833c28b4d6/element/f2231dd7-2ec2-4292-8135-397df9a69e7e/name'
23:18:55.342 [AsyncHttpClient-1-6] DEBUG org.asynchttpclient.netty.handler.HttpHandler - 

Request DefaultFullHttpRequest(decodeResult: success, version: HTTP/1.1, content: EmptyByteBufBE)
GET /session/8e0bdccfd158d950db4615833c28b4d6/element/f2231dd7-2ec2-4292-8135-397df9a69e7e/name HTTP/1.1
User-Agent: selenium/4.1.2 (java windows)
Cache-Control: no-cache
Content-Type: application/json; charset=utf-8
host: localhost:52108
accept: */*

Response DefaultHttpResponse(decodeResult: success, version: HTTP/1.1)
HTTP/1.1 200 OK
Content-Type: application/json; charset=utf-8
cache-control: no-cache
content-length: 18

23:18:55.342 [AsyncHttpClient-1-6] DEBUG org.asynchttpclient.netty.channel.ChannelManager - Adding key: http://localhost:52108 for channel [id: 0x5a0012f0, L:/127.0.0.1:64905 - R:localhost/127.0.0.1:52108]
23:18:55.346 [Forwarding isElementEnabled on session 8e0bdccfd158d950db4615833c28b4d6 to remote] DEBUG org.asynchttpclient.netty.request.NettyRequestSender - Using pooled Channel '[id: 0x5a0012f0, L:/127.0.0.1:64905 - R:localhost/127.0.0.1:52108]' for 'GET' to 'http://localhost:52108/session/8e0bdccfd158d950db4615833c28b4d6/element/f2231dd7-2ec2-4292-8135-397df9a69e7e/enabled'
23:18:55.346 [Forwarding isElementEnabled on session 8e0bdccfd158d950db4615833c28b4d6 to remote] DEBUG org.asynchttpclient.netty.request.NettyRequestSender - Using open Channel [id: 0x5a0012f0, L:/127.0.0.1:64905 - R:localhost/127.0.0.1:52108] for GET '/session/8e0bdccfd158d950db4615833c28b4d6/element/f2231dd7-2ec2-4292-8135-397df9a69e7e/enabled'
23:18:55.378 [AsyncHttpClient-1-6] DEBUG org.asynchttpclient.netty.handler.HttpHandler - 

Request DefaultFullHttpRequest(decodeResult: success, version: HTTP/1.1, content: EmptyByteBufBE)
GET /session/8e0bdccfd158d950db4615833c28b4d6/element/f2231dd7-2ec2-4292-8135-397df9a69e7e/enabled HTTP/1.1
User-Agent: selenium/4.1.2 (java windows)
Cache-Control: no-cache
Content-Type: application/json; charset=utf-8
host: localhost:52108
accept: */*

Response DefaultHttpResponse(decodeResult: success, version: HTTP/1.1)
HTTP/1.1 200 OK
Content-Type: application/json; charset=utf-8
cache-control: no-cache
content-length: 14

23:18:55.378 [AsyncHttpClient-1-6] DEBUG org.asynchttpclient.netty.channel.ChannelManager - Adding key: http://localhost:52108 for channel [id: 0x5a0012f0, L:/127.0.0.1:64905 - R:localhost/127.0.0.1:52108]
23:18:55.386 [Forwarding isElementEnabled on session 8e0bdccfd158d950db4615833c28b4d6 to remote] DEBUG org.asynchttpclient.netty.request.NettyRequestSender - Using pooled Channel '[id: 0x5a0012f0, L:/127.0.0.1:64905 - R:localhost/127.0.0.1:52108]' for 'GET' to 'http://localhost:52108/session/8e0bdccfd158d950db4615833c28b4d6/element/f2231dd7-2ec2-4292-8135-397df9a69e7e/enabled'
23:18:55.386 [Forwarding isElementEnabled on session 8e0bdccfd158d950db4615833c28b4d6 to remote] DEBUG org.asynchttpclient.netty.request.NettyRequestSender - Using open Channel [id: 0x5a0012f0, L:/127.0.0.1:64905 - R:localhost/127.0.0.1:52108] for GET '/session/8e0bdccfd158d950db4615833c28b4d6/element/f2231dd7-2ec2-4292-8135-397df9a69e7e/enabled'
23:18:55.406 [AsyncHttpClient-1-6] DEBUG org.asynchttpclient.netty.handler.HttpHandler - 

Request DefaultFullHttpRequest(decodeResult: success, version: HTTP/1.1, content: EmptyByteBufBE)
GET /session/8e0bdccfd158d950db4615833c28b4d6/element/f2231dd7-2ec2-4292-8135-397df9a69e7e/enabled HTTP/1.1
User-Agent: selenium/4.1.2 (java windows)
Cache-Control: no-cache
Content-Type: application/json; charset=utf-8
host: localhost:52108
accept: */*

Response DefaultHttpResponse(decodeResult: success, version: HTTP/1.1)
HTTP/1.1 200 OK
Content-Type: application/json; charset=utf-8
cache-control: no-cache
content-length: 14

23:18:55.407 [AsyncHttpClient-1-6] DEBUG org.asynchttpclient.netty.channel.ChannelManager - Adding key: http://localhost:52108 for channel [id: 0x5a0012f0, L:/127.0.0.1:64905 - R:localhost/127.0.0.1:52108]
23:18:55.410 [Forwarding findElement on session 8e0bdccfd158d950db4615833c28b4d6 to remote] DEBUG org.asynchttpclient.netty.request.NettyRequestSender - Using pooled Channel '[id: 0x5a0012f0, L:/127.0.0.1:64905 - R:localhost/127.0.0.1:52108]' for 'POST' to 'http://localhost:52108/session/8e0bdccfd158d950db4615833c28b4d6/element'
23:18:55.410 [Forwarding findElement on session 8e0bdccfd158d950db4615833c28b4d6 to remote] DEBUG org.asynchttpclient.netty.request.NettyRequestSender - Using open Channel [id: 0x5a0012f0, L:/127.0.0.1:64905 - R:localhost/127.0.0.1:52108] for POST '/session/8e0bdccfd158d950db4615833c28b4d6/element'
23:18:55.443 [AsyncHttpClient-1-6] DEBUG org.asynchttpclient.netty.handler.HttpHandler - 

Request DefaultHttpRequest(decodeResult: success, version: HTTP/1.1)
POST /session/8e0bdccfd158d950db4615833c28b4d6/element HTTP/1.1
User-Agent: selenium/4.1.2 (java windows)
Content-Length: 155
Content-Type: application/json; charset=utf-8
host: localhost:52108
accept: */*

Response DefaultHttpResponse(decodeResult: success, version: HTTP/1.1)
HTTP/1.1 200 OK
Content-Type: application/json; charset=utf-8
cache-control: no-cache
content-length: 88

23:18:55.443 [AsyncHttpClient-1-6] DEBUG org.asynchttpclient.netty.channel.ChannelManager - Adding key: http://localhost:52108 for channel [id: 0x5a0012f0, L:/127.0.0.1:64905 - R:localhost/127.0.0.1:52108]
23:18:55.446 [Forwarding clickElement on session 8e0bdccfd158d950db4615833c28b4d6 to remote] DEBUG org.asynchttpclient.netty.request.NettyRequestSender - Using pooled Channel '[id: 0x5a0012f0, L:/127.0.0.1:64905 - R:localhost/127.0.0.1:52108]' for 'POST' to 'http://localhost:52108/session/8e0bdccfd158d950db4615833c28b4d6/element/f2231dd7-2ec2-4292-8135-397df9a69e7e/click'
23:18:55.446 [Forwarding clickElement on session 8e0bdccfd158d950db4615833c28b4d6 to remote] DEBUG org.asynchttpclient.netty.request.NettyRequestSender - Using open Channel [id: 0x5a0012f0, L:/127.0.0.1:64905 - R:localhost/127.0.0.1:52108] for POST '/session/8e0bdccfd158d950db4615833c28b4d6/element/f2231dd7-2ec2-4292-8135-397df9a69e7e/click'
23:18:55.585 [AsyncHttpClient-1-6] DEBUG org.asynchttpclient.netty.handler.HttpHandler - 

Request DefaultHttpRequest(decodeResult: success, version: HTTP/1.1)
POST /session/8e0bdccfd158d950db4615833c28b4d6/element/f2231dd7-2ec2-4292-8135-397df9a69e7e/click HTTP/1.1
User-Agent: selenium/4.1.2 (java windows)
Content-Length: 50
Content-Type: application/json; charset=utf-8
host: localhost:52108
accept: */*

Response DefaultHttpResponse(decodeResult: success, version: HTTP/1.1)
HTTP/1.1 200 OK
Content-Type: application/json; charset=utf-8
cache-control: no-cache
content-length: 14

23:18:55.585 [AsyncHttpClient-1-6] DEBUG org.asynchttpclient.netty.channel.ChannelManager - Adding key: http://localhost:52108 for channel [id: 0x5a0012f0, L:/127.0.0.1:64905 - R:localhost/127.0.0.1:52108]
23:18:55.605 [Forwarding screenshot on session 8e0bdccfd158d950db4615833c28b4d6 to remote] DEBUG org.asynchttpclient.netty.request.NettyRequestSender - Using pooled Channel '[id: 0x5a0012f0, L:/127.0.0.1:64905 - R:localhost/127.0.0.1:52108]' for 'GET' to 'http://localhost:52108/session/8e0bdccfd158d950db4615833c28b4d6/screenshot'
23:18:55.606 [Forwarding screenshot on session 8e0bdccfd158d950db4615833c28b4d6 to remote] DEBUG org.asynchttpclient.netty.request.NettyRequestSender - Using open Channel [id: 0x5a0012f0, L:/127.0.0.1:64905 - R:localhost/127.0.0.1:52108] for GET '/session/8e0bdccfd158d950db4615833c28b4d6/screenshot'
23:18:56.082 [AsyncHttpClient-1-6] DEBUG org.asynchttpclient.netty.handler.HttpHandler - 

Request DefaultFullHttpRequest(decodeResult: success, version: HTTP/1.1, content: EmptyByteBufBE)
GET /session/8e0bdccfd158d950db4615833c28b4d6/screenshot HTTP/1.1
User-Agent: selenium/4.1.2 (java windows)
Cache-Control: no-cache
Content-Type: application/json; charset=utf-8
host: localhost:52108
accept: */*

Response DefaultHttpResponse(decodeResult: success, version: HTTP/1.1)
HTTP/1.1 200 OK
Content-Type: application/json; charset=utf-8
cache-control: no-cache
content-length: 48800

23:18:56.083 [AsyncHttpClient-1-6] DEBUG org.asynchttpclient.netty.channel.ChannelManager - Adding key: http://localhost:52108 for channel [id: 0x5a0012f0, L:/127.0.0.1:64905 - R:localhost/127.0.0.1:52108]
23:18:56.092 [main] DEBUG net.serenitybdd.core.photography.Darkroom - Send negative for processing for target\site\serenity\00c24a69644e8e527eb3fa8f8cbaedef4940d920cfa35882ff6853d0878981b4.png
23:18:56.092 [main] DEBUG net.thucydides.core.steps.StepInterceptor - STEP DONE: clickLoginButton
  &amp#27;[32mAnd &amp#27;[0m&amp#27;[32mI type the password &amp#27;[0m&amp#27;[32m&amp#27;[1maiueo&amp#27;[0m                       &amp#27;[90m# stepdefinitions.TransactionStep.inputPassword(java.lang.String)&amp#27;[0m
23:18:56.093 [Darkroom Processing Line] DEBUG net.serenitybdd.core.photography.DarkroomProcessingLine - Processing screenshot image in /var/screenshots/screenshot-14106972878788944580
23:18:56.093 [Darkroom Processing Line] DEBUG net.serenitybdd.core.photography.DarkroomProcessingLine - Saving screenshot to target\site\serenity\00c24a69644e8e527eb3fa8f8cbaedef4940d920cfa35882ff6853d0878981b4.png
23:18:56.119 [main] DEBUG net.thucydides.core.steps.StepInterceptor - STARTING STEP: TransactionStep.goToTransactionPage - onTransactionPage
23:18:56.122 [Forwarding get on session 8e0bdccfd158d950db4615833c28b4d6 to remote] DEBUG org.asynchttpclient.netty.request.NettyRequestSender - Using pooled Channel '[id: 0x5a0012f0, L:/127.0.0.1:64905 - R:localhost/127.0.0.1:52108]' for 'POST' to 'http://localhost:52108/session/8e0bdccfd158d950db4615833c28b4d6/url'
23:18:56.122 [Forwarding get on session 8e0bdccfd158d950db4615833c28b4d6 to remote] DEBUG org.asynchttpclient.netty.request.NettyRequestSender - Using open Channel [id: 0x5a0012f0, L:/127.0.0.1:64905 - R:localhost/127.0.0.1:52108] for POST '/session/8e0bdccfd158d950db4615833c28b4d6/url'
23:18:56.533 [AsyncHttpClient-1-6] DEBUG org.asynchttpclient.netty.handler.HttpHandler - 

Request DefaultHttpRequest(decodeResult: success, version: HTTP/1.1)
POST /session/8e0bdccfd158d950db4615833c28b4d6/url HTTP/1.1
User-Agent: selenium/4.1.2 (java windows)
Content-Length: 60
Content-Type: application/json; charset=utf-8
host: localhost:52108
accept: */*

Response DefaultHttpResponse(decodeResult: success, version: HTTP/1.1)
HTTP/1.1 200 OK
Content-Type: application/json; charset=utf-8
cache-control: no-cache
content-length: 14

23:18:56.534 [AsyncHttpClient-1-6] DEBUG org.asynchttpclient.netty.channel.ChannelManager - Adding key: http://localhost:52108 for channel [id: 0x5a0012f0, L:/127.0.0.1:64905 - R:localhost/127.0.0.1:52108]
23:18:56.538 [Forwarding getCurrentUrl on session 8e0bdccfd158d950db4615833c28b4d6 to remote] DEBUG org.asynchttpclient.netty.request.NettyRequestSender - Using pooled Channel '[id: 0x5a0012f0, L:/127.0.0.1:64905 - R:localhost/127.0.0.1:52108]' for 'GET' to 'http://localhost:52108/session/8e0bdccfd158d950db4615833c28b4d6/url'
23:18:56.538 [Forwarding getCurrentUrl on session 8e0bdccfd158d950db4615833c28b4d6 to remote] DEBUG org.asynchttpclient.netty.request.NettyRequestSender - Using open Channel [id: 0x5a0012f0, L:/127.0.0.1:64905 - R:localhost/127.0.0.1:52108] for GET '/session/8e0bdccfd158d950db4615833c28b4d6/url'
23:18:56.544 [AsyncHttpClient-1-6] DEBUG org.asynchttpclient.netty.handler.HttpHandler - 

Request DefaultFullHttpRequest(decodeResult: success, version: HTTP/1.1, content: EmptyByteBufBE)
GET /session/8e0bdccfd158d950db4615833c28b4d6/url HTTP/1.1
User-Agent: selenium/4.1.2 (java windows)
Cache-Control: no-cache
Content-Type: application/json; charset=utf-8
host: localhost:52108
accept: */*

Response DefaultHttpResponse(decodeResult: success, version: HTTP/1.1)
HTTP/1.1 200 OK
Content-Type: application/json; charset=utf-8
cache-control: no-cache
content-length: 42

23:18:56.544 [AsyncHttpClient-1-6] DEBUG org.asynchttpclient.netty.channel.ChannelManager - Adding key: http://localhost:52108 for channel [id: 0x5a0012f0, L:/127.0.0.1:64905 - R:localhost/127.0.0.1:52108]
23:18:56.553 [Forwarding screenshot on session 8e0bdccfd158d950db4615833c28b4d6 to remote] DEBUG org.asynchttpclient.netty.request.NettyRequestSender - Using pooled Channel '[id: 0x5a0012f0, L:/127.0.0.1:64905 - R:localhost/127.0.0.1:52108]' for 'GET' to 'http://localhost:52108/session/8e0bdccfd158d950db4615833c28b4d6/screenshot'
23:18:56.553 [Forwarding screenshot on session 8e0bdccfd158d950db4615833c28b4d6 to remote] DEBUG org.asynchttpclient.netty.request.NettyRequestSender - Using open Channel [id: 0x5a0012f0, L:/127.0.0.1:64905 - R:localhost/127.0.0.1:52108] for GET '/session/8e0bdccfd158d950db4615833c28b4d6/screenshot'
23:18:56.739 [AsyncHttpClient-1-6] DEBUG org.asynchttpclient.netty.handler.HttpHandler - 

Request DefaultFullHttpRequest(decodeResult: success, version: HTTP/1.1, content: EmptyByteBufBE)
GET /session/8e0bdccfd158d950db4615833c28b4d6/screenshot HTTP/1.1
User-Agent: selenium/4.1.2 (java windows)
Cache-Control: no-cache
Content-Type: application/json; charset=utf-8
host: localhost:52108
accept: */*

Response DefaultHttpResponse(decodeResult: success, version: HTTP/1.1)
HTTP/1.1 200 OK
Content-Type: application/json; charset=utf-8
cache-control: no-cache
content-length: 44696

23:18:56.740 [AsyncHttpClient-1-6] DEBUG org.asynchttpclient.netty.channel.ChannelManager - Adding key: http://localhost:52108 for channel [id: 0x5a0012f0, L:/127.0.0.1:64905 - R:localhost/127.0.0.1:52108]
23:18:56.743 [main] DEBUG net.serenitybdd.core.photography.Darkroom - Send negative for processing for target\site\serenity\b94df4f61f8de06725b5a25075a27f3d1cabfef1a1d6f1abc925838a9152be0a.png
23:18:56.743 [main] DEBUG net.thucydides.core.steps.StepInterceptor - STEP DONE: onTransactionPage
  &amp#27;[32mAnd &amp#27;[0m&amp#27;[32mI go to transaction page&amp#27;[0m                        &amp#27;[90m# stepdefinitions.TransactionStep.goToTransactionPage()&amp#27;[0m
23:18:56.775 [main] DEBUG net.thucydides.core.steps.StepInterceptor - STARTING STEP: TransactionStep.clickPriceField - shortPrice
23:18:56.779 [Forwarding findElement on session 8e0bdccfd158d950db4615833c28b4d6 to remote] DEBUG org.asynchttpclient.netty.request.NettyRequestSender - Using pooled Channel '[id: 0x5a0012f0, L:/127.0.0.1:64905 - R:localhost/127.0.0.1:52108]' for 'POST' to 'http://localhost:52108/session/8e0bdccfd158d950db4615833c28b4d6/element'
23:18:56.780 [Forwarding findElement on session 8e0bdccfd158d950db4615833c28b4d6 to remote] DEBUG org.asynchttpclient.netty.request.NettyRequestSender - Using open Channel [id: 0x5a0012f0, L:/127.0.0.1:64905 - R:localhost/127.0.0.1:52108] for POST '/session/8e0bdccfd158d950db4615833c28b4d6/element'
23:18:56.786 [AsyncHttpClient-1-6] DEBUG org.asynchttpclient.netty.handler.HttpHandler - 

Request DefaultHttpRequest(decodeResult: success, version: HTTP/1.1)
POST /session/8e0bdccfd158d950db4615833c28b4d6/element HTTP/1.1
User-Agent: selenium/4.1.2 (java windows)
Content-Length: 56
Content-Type: application/json; charset=utf-8
host: localhost:52108
accept: */*

Response DefaultHttpResponse(decodeResult: success, version: HTTP/1.1)
HTTP/1.1 400 Bad Request
Content-Type: application/json; charset=utf-8
cache-control: no-cache
content-length: 957

23:18:56.786 [AsyncHttpClient-1-6] DEBUG org.asynchttpclient.netty.channel.ChannelManager - Adding key: http://localhost:52108 for channel [id: 0x5a0012f0, L:/127.0.0.1:64905 - R:localhost/127.0.0.1:52108]
23:18:56.789 [Forwarding findElement on session 8e0bdccfd158d950db4615833c28b4d6 to remote] DEBUG org.asynchttpclient.netty.request.NettyRequestSender - Using pooled Channel '[id: 0x5a0012f0, L:/127.0.0.1:64905 - R:localhost/127.0.0.1:52108]' for 'POST' to 'http://localhost:52108/session/8e0bdccfd158d950db4615833c28b4d6/element'
23:18:56.790 [Forwarding findElement on session 8e0bdccfd158d950db4615833c28b4d6 to remote] DEBUG org.asynchttpclient.netty.request.NettyRequestSender - Using open Channel [id: 0x5a0012f0, L:/127.0.0.1:64905 - R:localhost/127.0.0.1:52108] for POST '/session/8e0bdccfd158d950db4615833c28b4d6/element'
23:18:56.854 [AsyncHttpClient-1-6] DEBUG org.asynchttpclient.netty.handler.HttpHandler - 

Request DefaultHttpRequest(decodeResult: success, version: HTTP/1.1)
POST /session/8e0bdccfd158d950db4615833c28b4d6/element HTTP/1.1
User-Agent: selenium/4.1.2 (java windows)
Content-Length: 70
Content-Type: application/json; charset=utf-8
host: localhost:52108
accept: */*

Response DefaultHttpResponse(decodeResult: success, version: HTTP/1.1)
HTTP/1.1 200 OK
Content-Type: application/json; charset=utf-8
cache-control: no-cache
content-length: 88

23:18:56.854 [AsyncHttpClient-1-6] DEBUG org.asynchttpclient.netty.channel.ChannelManager - Adding key: http://localhost:52108 for channel [id: 0x5a0012f0, L:/127.0.0.1:64905 - R:localhost/127.0.0.1:52108]
23:18:56.857 [Forwarding getElementTagName on session 8e0bdccfd158d950db4615833c28b4d6 to remote] DEBUG org.asynchttpclient.netty.request.NettyRequestSender - Using pooled Channel '[id: 0x5a0012f0, L:/127.0.0.1:64905 - R:localhost/127.0.0.1:52108]' for 'GET' to 'http://localhost:52108/session/8e0bdccfd158d950db4615833c28b4d6/element/103451af-e208-4744-8972-dddc24dec4fe/name'
23:18:56.857 [Forwarding getElementTagName on session 8e0bdccfd158d950db4615833c28b4d6 to remote] DEBUG org.asynchttpclient.netty.request.NettyRequestSender - Using open Channel [id: 0x5a0012f0, L:/127.0.0.1:64905 - R:localhost/127.0.0.1:52108] for GET '/session/8e0bdccfd158d950db4615833c28b4d6/element/103451af-e208-4744-8972-dddc24dec4fe/name'
23:18:56.870 [AsyncHttpClient-1-6] DEBUG org.asynchttpclient.netty.handler.HttpHandler - 

Request DefaultFullHttpRequest(decodeResult: success, version: HTTP/1.1, content: EmptyByteBufBE)
GET /session/8e0bdccfd158d950db4615833c28b4d6/element/103451af-e208-4744-8972-dddc24dec4fe/name HTTP/1.1
User-Agent: selenium/4.1.2 (java windows)
Cache-Control: no-cache
Content-Type: application/json; charset=utf-8
host: localhost:52108
accept: */*

Response DefaultHttpResponse(decodeResult: success, version: HTTP/1.1)
HTTP/1.1 200 OK
Content-Type: application/json; charset=utf-8
cache-control: no-cache
content-length: 17

23:18:56.871 [AsyncHttpClient-1-6] DEBUG org.asynchttpclient.netty.channel.ChannelManager - Adding key: http://localhost:52108 for channel [id: 0x5a0012f0, L:/127.0.0.1:64905 - R:localhost/127.0.0.1:52108]
23:18:56.873 [Forwarding getElementTagName on session 8e0bdccfd158d950db4615833c28b4d6 to remote] DEBUG org.asynchttpclient.netty.request.NettyRequestSender - Using pooled Channel '[id: 0x5a0012f0, L:/127.0.0.1:64905 - R:localhost/127.0.0.1:52108]' for 'GET' to 'http://localhost:52108/session/8e0bdccfd158d950db4615833c28b4d6/element/103451af-e208-4744-8972-dddc24dec4fe/name'
23:18:56.874 [Forwarding getElementTagName on session 8e0bdccfd158d950db4615833c28b4d6 to remote] DEBUG org.asynchttpclient.netty.request.NettyRequestSender - Using open Channel [id: 0x5a0012f0, L:/127.0.0.1:64905 - R:localhost/127.0.0.1:52108] for GET '/session/8e0bdccfd158d950db4615833c28b4d6/element/103451af-e208-4744-8972-dddc24dec4fe/name'
23:18:56.890 [AsyncHttpClient-1-6] DEBUG org.asynchttpclient.netty.handler.HttpHandler - 

Request DefaultFullHttpRequest(decodeResult: success, version: HTTP/1.1, content: EmptyByteBufBE)
GET /session/8e0bdccfd158d950db4615833c28b4d6/element/103451af-e208-4744-8972-dddc24dec4fe/name HTTP/1.1
User-Agent: selenium/4.1.2 (java windows)
Cache-Control: no-cache
Content-Type: application/json; charset=utf-8
host: localhost:52108
accept: */*

Response DefaultHttpResponse(decodeResult: success, version: HTTP/1.1)
HTTP/1.1 200 OK
Content-Type: application/json; charset=utf-8
cache-control: no-cache
content-length: 17

23:18:56.890 [AsyncHttpClient-1-6] DEBUG org.asynchttpclient.netty.channel.ChannelManager - Adding key: http://localhost:52108 for channel [id: 0x5a0012f0, L:/127.0.0.1:64905 - R:localhost/127.0.0.1:52108]
23:18:56.893 [Forwarding findElement on session 8e0bdccfd158d950db4615833c28b4d6 to remote] DEBUG org.asynchttpclient.netty.request.NettyRequestSender - Using pooled Channel '[id: 0x5a0012f0, L:/127.0.0.1:64905 - R:localhost/127.0.0.1:52108]' for 'POST' to 'http://localhost:52108/session/8e0bdccfd158d950db4615833c28b4d6/element'
23:18:56.893 [Forwarding findElement on session 8e0bdccfd158d950db4615833c28b4d6 to remote] DEBUG org.asynchttpclient.netty.request.NettyRequestSender - Using open Channel [id: 0x5a0012f0, L:/127.0.0.1:64905 - R:localhost/127.0.0.1:52108] for POST '/session/8e0bdccfd158d950db4615833c28b4d6/element'
23:18:56.937 [AsyncHttpClient-1-6] DEBUG org.asynchttpclient.netty.handler.HttpHandler - 

Request DefaultHttpRequest(decodeResult: success, version: HTTP/1.1)
POST /session/8e0bdccfd158d950db4615833c28b4d6/element HTTP/1.1
User-Agent: selenium/4.1.2 (java windows)
Content-Length: 70
Content-Type: application/json; charset=utf-8
host: localhost:52108
accept: */*

Response DefaultHttpResponse(decodeResult: success, version: HTTP/1.1)
HTTP/1.1 200 OK
Content-Type: application/json; charset=utf-8
cache-control: no-cache
content-length: 88

23:18:56.938 [AsyncHttpClient-1-6] DEBUG org.asynchttpclient.netty.channel.ChannelManager - Adding key: http://localhost:52108 for channel [id: 0x5a0012f0, L:/127.0.0.1:64905 - R:localhost/127.0.0.1:52108]
23:18:56.940 [Forwarding clickElement on session 8e0bdccfd158d950db4615833c28b4d6 to remote] DEBUG org.asynchttpclient.netty.request.NettyRequestSender - Using pooled Channel '[id: 0x5a0012f0, L:/127.0.0.1:64905 - R:localhost/127.0.0.1:52108]' for 'POST' to 'http://localhost:52108/session/8e0bdccfd158d950db4615833c28b4d6/element/103451af-e208-4744-8972-dddc24dec4fe/click'
23:18:56.940 [Forwarding clickElement on session 8e0bdccfd158d950db4615833c28b4d6 to remote] DEBUG org.asynchttpclient.netty.request.NettyRequestSender - Using open Channel [id: 0x5a0012f0, L:/127.0.0.1:64905 - R:localhost/127.0.0.1:52108] for POST '/session/8e0bdccfd158d950db4615833c28b4d6/element/103451af-e208-4744-8972-dddc24dec4fe/click'
23:18:57.032 [AsyncHttpClient-1-6] DEBUG org.asynchttpclient.netty.handler.HttpHandler - 

Request DefaultHttpRequest(decodeResult: success, version: HTTP/1.1)
POST /session/8e0bdccfd158d950db4615833c28b4d6/element/103451af-e208-4744-8972-dddc24dec4fe/click HTTP/1.1
User-Agent: selenium/4.1.2 (java windows)
Content-Length: 50
Content-Type: application/json; charset=utf-8
host: localhost:52108
accept: */*

Response DefaultHttpResponse(decodeResult: success, version: HTTP/1.1)
HTTP/1.1 200 OK
Content-Type: application/json; charset=utf-8
cache-control: no-cache
content-length: 14

23:18:57.033 [AsyncHttpClient-1-6] DEBUG org.asynchttpclient.netty.channel.ChannelManager - Adding key: http://localhost:52108 for channel [id: 0x5a0012f0, L:/127.0.0.1:64905 - R:localhost/127.0.0.1:52108]
23:18:57.044 [Forwarding screenshot on session 8e0bdccfd158d950db4615833c28b4d6 to remote] DEBUG org.asynchttpclient.netty.request.NettyRequestSender - Using pooled Channel '[id: 0x5a0012f0, L:/127.0.0.1:64905 - R:localhost/127.0.0.1:52108]' for 'GET' to 'http://localhost:52108/session/8e0bdccfd158d950db4615833c28b4d6/screenshot'
23:18:57.044 [Forwarding screenshot on session 8e0bdccfd158d950db4615833c28b4d6 to remote] DEBUG org.asynchttpclient.netty.request.NettyRequestSender - Using open Channel [id: 0x5a0012f0, L:/127.0.0.1:64905 - R:localhost/127.0.0.1:52108] for GET '/session/8e0bdccfd158d950db4615833c28b4d6/screenshot'
23:18:57.338 [AsyncHttpClient-1-6] DEBUG org.asynchttpclient.netty.handler.HttpHandler - 

Request DefaultFullHttpRequest(decodeResult: success, version: HTTP/1.1, content: EmptyByteBufBE)
GET /session/8e0bdccfd158d950db4615833c28b4d6/screenshot HTTP/1.1
User-Agent: selenium/4.1.2 (java windows)
Cache-Control: no-cache
Content-Type: application/json; charset=utf-8
host: localhost:52108
accept: */*

Response DefaultHttpResponse(decodeResult: success, version: HTTP/1.1)
HTTP/1.1 200 OK
Content-Type: application/json; charset=utf-8
cache-control: no-cache
content-length: 45720

23:18:57.339 [AsyncHttpClient-1-6] DEBUG org.asynchttpclient.netty.channel.ChannelManager - Adding key: http://localhost:52108 for channel [id: 0x5a0012f0, L:/127.0.0.1:64905 - R:localhost/127.0.0.1:52108]
23:18:57.344 [main] DEBUG net.serenitybdd.core.photography.Darkroom - Send negative for processing for target\site\serenity\c5c3e2abdda4678d724683db6af34eb652c9340108d4152c012c1882a014b66f.png
23:18:57.345 [main] DEBUG net.thucydides.core.steps.StepInterceptor - STEP DONE: shortPrice
  &amp#27;[32mAnd &amp#27;[0m&amp#27;[32mI click price field&amp#27;[0m                             &amp#27;[90m# stepdefinitions.TransactionStep.clickPriceField()&amp#27;[0m
23:18:57.348 [Darkroom Processing Line] DEBUG net.serenitybdd.core.photography.DarkroomProcessingLine - Processing screenshot image in /var/screenshots/screenshot-16485055743203510622
23:18:57.348 [Darkroom Processing Line] DEBUG net.serenitybdd.core.photography.DarkroomProcessingLine - Saving screenshot to target\site\serenity\c5c3e2abdda4678d724683db6af34eb652c9340108d4152c012c1882a014b66f.png
23:18:57.388 [main] DEBUG net.thucydides.core.steps.StepInterceptor - STARTING STEP: TransactionStep.iOnTransactionPage - tableListShort
23:18:57.393 [Forwarding findElement on session 8e0bdccfd158d950db4615833c28b4d6 to remote] DEBUG org.asynchttpclient.netty.request.NettyRequestSender - Using pooled Channel '[id: 0x5a0012f0, L:/127.0.0.1:64905 - R:localhost/127.0.0.1:52108]' for 'POST' to 'http://localhost:52108/session/8e0bdccfd158d950db4615833c28b4d6/element'
23:18:57.393 [Forwarding findElement on session 8e0bdccfd158d950db4615833c28b4d6 to remote] DEBUG org.asynchttpclient.netty.request.NettyRequestSender - Using open Channel [id: 0x5a0012f0, L:/127.0.0.1:64905 - R:localhost/127.0.0.1:52108] for POST '/session/8e0bdccfd158d950db4615833c28b4d6/element'
23:18:57.419 [AsyncHttpClient-1-6] DEBUG org.asynchttpclient.netty.handler.HttpHandler - 

Request DefaultHttpRequest(decodeResult: success, version: HTTP/1.1)
POST /session/8e0bdccfd158d950db4615833c28b4d6/element HTTP/1.1
User-Agent: selenium/4.1.2 (java windows)
Content-Length: 152
Content-Type: application/json; charset=utf-8
host: localhost:52108
accept: */*

Response DefaultHttpResponse(decodeResult: success, version: HTTP/1.1)
HTTP/1.1 200 OK
Content-Type: application/json; charset=utf-8
cache-control: no-cache
content-length: 88

23:18:57.420 [AsyncHttpClient-1-6] DEBUG org.asynchttpclient.netty.channel.ChannelManager - Adding key: http://localhost:52108 for channel [id: 0x5a0012f0, L:/127.0.0.1:64905 - R:localhost/127.0.0.1:52108]
23:18:57.431 [Forwarding screenshot on session 8e0bdccfd158d950db4615833c28b4d6 to remote] DEBUG org.asynchttpclient.netty.request.NettyRequestSender - Using pooled Channel '[id: 0x5a0012f0, L:/127.0.0.1:64905 - R:localhost/127.0.0.1:52108]' for 'GET' to 'http://localhost:52108/session/8e0bdccfd158d950db4615833c28b4d6/screenshot'
23:18:57.431 [Forwarding screenshot on session 8e0bdccfd158d950db4615833c28b4d6 to remote] DEBUG org.asynchttpclient.netty.request.NettyRequestSender - Using open Channel [id: 0x5a0012f0, L:/127.0.0.1:64905 - R:localhost/127.0.0.1:52108] for GET '/session/8e0bdccfd158d950db4615833c28b4d6/screenshot'
23:18:57.601 [AsyncHttpClient-1-6] DEBUG org.asynchttpclient.netty.handler.HttpHandler - 

Request DefaultFullHttpRequest(decodeResult: success, version: HTTP/1.1, content: EmptyByteBufBE)
GET /session/8e0bdccfd158d950db4615833c28b4d6/screenshot HTTP/1.1
User-Agent: selenium/4.1.2 (java windows)
Cache-Control: no-cache
Content-Type: application/json; charset=utf-8
host: localhost:52108
accept: */*

Response DefaultHttpResponse(decodeResult: success, version: HTTP/1.1)
HTTP/1.1 200 OK
Content-Type: application/json; charset=utf-8
cache-control: no-cache
content-length: 45724

23:18:57.601 [AsyncHttpClient-1-6] DEBUG org.asynchttpclient.netty.channel.ChannelManager - Adding key: http://localhost:52108 for channel [id: 0x5a0012f0, L:/127.0.0.1:64905 - R:localhost/127.0.0.1:52108]
23:18:57.604 [main] DEBUG net.serenitybdd.core.photography.Darkroom - Send negative for processing for target\site\serenity\4a6025a92457a83609e16a246469795be399feaa9368400459ccbb75e52be749.png
23:18:57.605 [main] DEBUG net.thucydides.core.steps.StepInterceptor - STEP DONE: tableListShort
  &amp#27;[32mThen &amp#27;[0m&amp#27;[32mThe table start from lowlest price&amp#27;[0m             &amp#27;[90m# stepdefinitions.TransactionStep.iOnTransactionPage()&amp#27;[0m
23:18:57.605 [Darkroom Processing Line] DEBUG net.serenitybdd.core.photography.DarkroomProcessingLine - Processing screenshot image in /var/screenshots/screenshot-11035286226206589222
23:18:57.605 [Darkroom Processing Line] DEBUG net.serenitybdd.core.photography.DarkroomProcessingLine - Saving screenshot to target\site\serenity\4a6025a92457a83609e16a246469795be399feaa9368400459ccbb75e52be749.png
23:18:57.615 [main] INFO  - 
  _____   ___   ___   _____     ___     _     ___   ___   ___   ___  
 |_   _| | __| / __| |_   _|   | _ \   /_\   / __| / __| | __| |   \ 
   | |   | _|  \__ \   | |     |  _/  / _ \  \__ \ \__ \ | _|  | |) |
   |_|   |___| |___/   |_|     |_|   /_/ \_\ |___/ |___/ |___| |___/ 

As a user, i can short the price of product
----------------------------------------------------------------------
23:18:57.617 [AsyncHttpClient-1-8] DEBUG org.asynchttpclient.netty.handler.WebSocketHandler - Channel Closed: [id: 0xc519d9ab, L:/127.0.0.1:64915 ! R:localhost/127.0.0.1:64907] with attribute NettyResponseFuture{currentRetry=5,
	isDone=1,
	isCancelled=0,
	asyncHandler=org.asynchttpclient.ws.WebSocketUpgradeHandler@7bfb9bcb,
	nettyRequest=org.asynchttpclient.netty.request.NettyRequest@358038e7,
	future=java.util.concurrent.CompletableFuture@5cb7c607[Completed normally],
	uri=ws://localhost:64907/devtools/browser/6fc7d77b-72fe-45cf-9b84-d46dd886b1d8,
	keepAlive=true,
	redirectCount=0,
	timeoutsHolder=null,
	inAuth=0,
	touch=1653063440495}
23:18:57.618 [AsyncHttpClient-1-8] DEBUG org.asynchttpclient.netty.channel.ChannelManager - Closing Channel [id: 0xc519d9ab, L:/127.0.0.1:64915 ! R:localhost/127.0.0.1:64907] 
23:18:57.618 [Driver Command Executor] DEBUG org.asynchttpclient.netty.request.NettyRequestSender - Using pooled Channel '[id: 0x5a0012f0, L:/127.0.0.1:64905 - R:localhost/127.0.0.1:52108]' for 'DELETE' to 'http://localhost:52108/session/8e0bdccfd158d950db4615833c28b4d6'
23:18:57.618 [Driver Command Executor] DEBUG org.asynchttpclient.netty.request.NettyRequestSender - Using open Channel [id: 0x5a0012f0, L:/127.0.0.1:64905 - R:localhost/127.0.0.1:52108] for DELETE '/session/8e0bdccfd158d950db4615833c28b4d6'
23:18:57.838 [AsyncHttpClient-1-6] DEBUG org.asynchttpclient.netty.handler.HttpHandler - 

Request DefaultFullHttpRequest(decodeResult: success, version: HTTP/1.1, content: EmptyByteBufBE)
DELETE /session/8e0bdccfd158d950db4615833c28b4d6 HTTP/1.1
User-Agent: selenium/4.1.2 (java windows)
Content-Type: application/json; charset=utf-8
host: localhost:52108
accept: */*

Response DefaultHttpResponse(decodeResult: success, version: HTTP/1.1)
HTTP/1.1 200 OK
Content-Type: application/json; charset=utf-8
cache-control: no-cache
content-length: 14

23:18:57.839 [AsyncHttpClient-1-6] DEBUG org.asynchttpclient.netty.channel.ChannelManager - Adding key: http://localhost:52108 for channel [id: 0x5a0012f0, L:/127.0.0.1:64905 - R:localhost/127.0.0.1:52108]
23:18:57.959 [AsyncHttpClient-1-1] DEBUG org.asynchttpclient.netty.channel.DefaultChannelPool - Entry count for : http://localhost:52108 : 1
23:18:58.716 [AsyncHttpClient-1-6] DEBUG org.asynchttpclient.netty.handler.HttpHandler - Channel Closed: [id: 0x5a0012f0, L:/127.0.0.1:64905 ! R:localhost/127.0.0.1:52108] with attribute DISCARD
23:18:59.058 [AsyncHttpClient-1-1] DEBUG org.asynchttpclient.netty.channel.DefaultChannelPool - Entry count for : http://localhost:52108 : 1
23:18:59.058 [AsyncHttpClient-1-1] DEBUG org.asynchttpclient.netty.channel.DefaultChannelPool - Adding Candidate expired Channel [id: 0x5a0012f0, L:/127.0.0.1:64905 ! R:localhost/127.0.0.1:52108] isIdleTimeoutExpired=false isRemotelyClosed=true isTtlExpired=false
23:18:59.058 [AsyncHttpClient-1-1] DEBUG org.asynchttpclient.netty.channel.DefaultChannelPool - Closing Idle Channel [id: 0x5a0012f0, L:/127.0.0.1:64905 ! R:localhost/127.0.0.1:52108]
23:18:59.058 [AsyncHttpClient-1-1] DEBUG org.asynchttpclient.netty.channel.DefaultChannelPool - Closed 1 connections out of 1 in 0 ms
]]></system-out>
    <system-err><![CDATA[Starting ChromeDriver 101.0.4951.41 (93c720db8323b3ec10d056025ab95c23a31997c9-refs/branch-heads/4951@{#904}) on port 52108
Only local connections are allowed.
Please see https://chromedriver.chromium.org/security-considerations for suggestions on keeping ChromeDriver safe.
ChromeDriver was started successfully.
May 20, 2022 11:17:20 PM org.openqa.selenium.remote.ProtocolHandshake createSession
INFO: Detected dialect: W3C
May 20, 2022 11:17:20 PM org.openqa.selenium.devtools.CdpVersionFinder findNearestMatch
WARNING: Unable to find an exact match for CDP version 101, so returning the closest version found: 97
May 20, 2022 11:17:20 PM org.openqa.selenium.devtools.CdpVersionFinder findNearestMatch
INFO: Found CDP implementation for version 101 of 97
]]></system-err>
  </testcase>
</testsuite>